Job id: 4753377
Worker ip: 10.149.0.54
Master ip: 10.149.0.60
--
top - 13:12:43 up 105 days,  4:55,  0 users,  load average: 0.05, 0.59, 0.52
Tasks: 401 total,   1 running, 400 sleeping,   0 stopped,   0 zombie
%Cpu(s): 12.0 us,  6.9 sy,  0.0 ni, 80.8 id,  0.0 wa,  0.0 hi,  0.4 si,  0.0 st
KiB Mem : 65877712 total, 50155012 free,  1177108 used, 14545592 buff/cache
KiB Swap: 33554428 total, 32100144 free,  1454284 used. 63523664 avail Mem 
--
top - 13:12:48 up 105 days,  4:55,  0 users,  load average: 0.05, 0.58, 0.52
Tasks: 402 total,   1 running, 401 sleeping,   0 stopped,   0 zombie
%Cpu(s):  1.3 us,  0.2 sy,  0.0 ni, 98.5 id,  0.0 wa,  0.0 hi,  0.0 si,  0.0 st
KiB Mem : 65877712 total, 50145404 free,  1179968 used, 14552340 buff/cache
KiB Swap: 33554428 total, 32100144 free,  1454284 used. 63520696 avail Mem 
--
top - 13:12:53 up 105 days,  4:55,  0 users,  load average: 0.04, 0.57, 0.52
Tasks: 402 total,   1 running, 401 sleeping,   0 stopped,   0 zombie
%Cpu(s):  0.0 us,  0.0 sy,  0.0 ni,100.0 id,  0.0 wa,  0.0 hi,  0.0 si,  0.0 st
KiB Mem : 65877712 total, 50145884 free,  1179488 used, 14552340 buff/cache
KiB Swap: 33554428 total, 32100144 free,  1454284 used. 63521176 avail Mem 
--
top - 13:12:58 up 105 days,  4:55,  0 users,  load average: 0.04, 0.56, 0.51
Tasks: 402 total,   1 running, 401 sleeping,   0 stopped,   0 zombie
%Cpu(s):  0.0 us,  0.0 sy,  0.0 ni,100.0 id,  0.0 wa,  0.0 hi,  0.0 si,  0.0 st
KiB Mem : 65877712 total, 50146736 free,  1178636 used, 14552340 buff/cache
KiB Swap: 33554428 total, 32100144 free,  1454284 used. 63522028 avail Mem 
--
top - 13:13:03 up 105 days,  4:55,  0 users,  load average: 0.04, 0.56, 0.51
Tasks: 399 total,   1 running, 398 sleeping,   0 stopped,   0 zombie
%Cpu(s):  0.0 us,  0.0 sy,  0.0 ni,100.0 id,  0.0 wa,  0.0 hi,  0.0 si,  0.0 st
KiB Mem : 65877712 total, 50147552 free,  1177820 used, 14552340 buff/cache
KiB Swap: 33554428 total, 32100144 free,  1454284 used. 63522844 avail Mem 
--
top - 13:13:08 up 105 days,  4:55,  0 users,  load average: 0.03, 0.55, 0.51
Tasks: 398 total,   1 running, 397 sleeping,   0 stopped,   0 zombie
%Cpu(s):  0.0 us,  0.0 sy,  0.0 ni,100.0 id,  0.0 wa,  0.0 hi,  0.0 si,  0.0 st
KiB Mem : 65877712 total, 50148296 free,  1177076 used, 14552340 buff/cache
KiB Swap: 33554428 total, 32100144 free,  1454284 used. 63523588 avail Mem 
--
top - 13:13:13 up 105 days,  4:55,  0 users,  load average: 0.03, 0.54, 0.50
Tasks: 398 total,   1 running, 397 sleeping,   0 stopped,   0 zombie
%Cpu(s):  0.0 us,  0.0 sy,  0.0 ni, 99.9 id,  0.0 wa,  0.0 hi,  0.0 si,  0.0 st
KiB Mem : 65877712 total, 50147068 free,  1178304 used, 14552340 buff/cache
KiB Swap: 33554428 total, 32100144 free,  1454284 used. 63522360 avail Mem 
--
top - 13:13:18 up 105 days,  4:55,  0 users,  load average: 2.19, 0.98, 0.65
Tasks: 398 total,   1 running, 397 sleeping,   0 stopped,   0 zombie
%Cpu(s): 40.9 us,  0.4 sy,  0.0 ni, 58.7 id,  0.0 wa,  0.0 hi,  0.0 si,  0.0 st
KiB Mem : 65877712 total, 49832212 free,  1493160 used, 14552340 buff/cache
KiB Swap: 33554428 total, 32100144 free,  1454284 used. 63207504 avail Mem 
--
top - 13:13:23 up 105 days,  4:55,  0 users,  load average: 4.50, 1.47, 0.81
Tasks: 398 total,   1 running, 397 sleeping,   0 stopped,   0 zombie
%Cpu(s): 41.9 us,  0.3 sy,  0.0 ni, 57.9 id,  0.0 wa,  0.0 hi,  0.0 si,  0.0 st
KiB Mem : 65877712 total, 49760636 free,  1564736 used, 14552340 buff/cache
KiB Swap: 33554428 total, 32100144 free,  1454284 used. 63135928 avail Mem 
--
top - 13:13:28 up 105 days,  4:55,  0 users,  load average: 4.14, 1.45, 0.80
Tasks: 398 total,   2 running, 396 sleeping,   0 stopped,   0 zombie
%Cpu(s): 33.8 us,  0.3 sy,  0.0 ni, 65.8 id,  0.0 wa,  0.0 hi,  0.0 si,  0.0 st
KiB Mem : 65877712 total, 49671340 free,  1654032 used, 14552340 buff/cache
KiB Swap: 33554428 total, 32100144 free,  1454284 used. 63046632 avail Mem 
--
top - 13:13:33 up 105 days,  4:55,  0 users,  load average: 3.81, 1.43, 0.80
Tasks: 398 total,   2 running, 396 sleeping,   0 stopped,   0 zombie
%Cpu(s): 12.2 us,  0.2 sy,  0.0 ni, 87.6 id,  0.0 wa,  0.0 hi,  0.0 si,  0.0 st
KiB Mem : 65877712 total, 49646752 free,  1678620 used, 14552340 buff/cache
KiB Swap: 33554428 total, 32100144 free,  1454284 used. 63022044 avail Mem 
--
top - 13:13:38 up 105 days,  4:55,  0 users,  load average: 3.50, 1.40, 0.80
Tasks: 399 total,   1 running, 398 sleeping,   0 stopped,   0 zombie
%Cpu(s): 36.2 us,  0.1 sy,  0.0 ni, 63.6 id,  0.0 wa,  0.0 hi,  0.0 si,  0.0 st
KiB Mem : 65877712 total, 49611468 free,  1713900 used, 14552344 buff/cache
KiB Swap: 33554428 total, 32100144 free,  1454284 used. 62986764 avail Mem 
--
top - 13:13:43 up 105 days,  4:56,  0 users,  load average: 5.22, 1.79, 0.93
Tasks: 399 total,   1 running, 398 sleeping,   0 stopped,   0 zombie
%Cpu(s): 41.9 us,  0.5 sy,  0.0 ni, 57.6 id,  0.0 wa,  0.0 hi,  0.0 si,  0.0 st
KiB Mem : 65877712 total, 49543968 free,  1781816 used, 14551928 buff/cache
KiB Swap: 33554428 total, 32100144 free,  1454284 used. 62919056 avail Mem 
