10.149.0.60
2023/12/27 13:04:34 Master node address: http://10.149.0.56:8000
2023/12/27 13:04:34 Benchmarking worker...
2023/12/27 13:04:35 Worker registered (1857 MCUPS). Waiting for work...
2023/12/27 13:05:10 Got work. Start calculating alignments...
2023/12/27 13:05:10 Calculating 2001 queries
2023/12/27 13:05:13 Done calculating alignments.
2023/12/27 13:05:13 Waiting for work...
2023/12/27 13:05:20 Got work. Start calculating alignments...
2023/12/27 13:05:20 Calculating 2000 queries
2023/12/27 13:05:24 Done calculating alignments.
2023/12/27 13:05:24 Waiting for work...
2023/12/27 13:05:31 Got work. Start calculating alignments...
2023/12/27 13:05:31 Calculating 2001 queries
2023/12/27 13:05:34 Done calculating alignments.
2023/12/27 13:05:34 Waiting for work...
2023/12/27 13:05:41 Got work. Start calculating alignments...
2023/12/27 13:05:41 Calculating 2001 queries
2023/12/27 13:05:44 Done calculating alignments.
2023/12/27 13:05:44 Waiting for work...
2023/12/27 13:05:52 Got work. Start calculating alignments...
2023/12/27 13:05:52 Calculating 2001 queries
2023/12/27 13:05:55 Done calculating alignments.
2023/12/27 13:05:55 Waiting for work...
slurmstepd: error: *** JOB 4753324 ON node060 CANCELLED AT 2023-12-27T13:05:56 ***
