Job id: 4753348
Worker ip: 10.149.0.62
Master ip: 10.149.0.56
--
top - 13:08:18 up 105 days,  4:50,  0 users,  load average: 0.45, 1.08, 1.16
Tasks: 403 total,   2 running, 401 sleeping,   0 stopped,   0 zombie
%Cpu(s):  2.8 us,  3.9 sy,  0.0 ni, 93.3 id,  0.0 wa,  0.0 hi,  0.0 si,  0.0 st
KiB Mem : 65877712 total, 53143076 free,  1119816 used, 11614820 buff/cache
KiB Swap: 33554428 total, 32224868 free,  1329560 used. 63555704 avail Mem 
--
top - 13:08:23 up 105 days,  4:50,  0 users,  load average: 0.42, 1.07, 1.16
Tasks: 404 total,   1 running, 403 sleeping,   0 stopped,   0 zombie
%Cpu(s):  1.7 us,  0.4 sy,  0.0 ni, 97.8 id,  0.0 wa,  0.0 hi,  0.0 si,  0.0 st
KiB Mem : 65877712 total, 53123652 free,  1132540 used, 11621520 buff/cache
KiB Swap: 33554428 total, 32224868 free,  1329560 used. 63542896 avail Mem 
--
top - 13:08:28 up 105 days,  4:50,  0 users,  load average: 0.38, 1.05, 1.15
Tasks: 404 total,   1 running, 403 sleeping,   0 stopped,   0 zombie
%Cpu(s):  0.0 us,  0.0 sy,  0.0 ni,100.0 id,  0.0 wa,  0.0 hi,  0.0 si,  0.0 st
KiB Mem : 65877712 total, 53125448 free,  1130744 used, 11621520 buff/cache
KiB Swap: 33554428 total, 32224868 free,  1329560 used. 63544692 avail Mem 
--
top - 13:08:33 up 105 days,  4:50,  0 users,  load average: 0.35, 1.03, 1.15
Tasks: 404 total,   1 running, 403 sleeping,   0 stopped,   0 zombie
%Cpu(s):  0.0 us,  0.0 sy,  0.0 ni, 99.9 id,  0.0 wa,  0.0 hi,  0.0 si,  0.0 st
KiB Mem : 65877712 total, 53126056 free,  1130136 used, 11621520 buff/cache
KiB Swap: 33554428 total, 32224868 free,  1329560 used. 63545300 avail Mem 
--
top - 13:08:38 up 105 days,  4:50,  0 users,  load average: 0.33, 1.01, 1.14
Tasks: 404 total,   1 running, 403 sleeping,   0 stopped,   0 zombie
%Cpu(s):  0.0 us,  0.0 sy,  0.0 ni, 99.9 id,  0.0 wa,  0.0 hi,  0.0 si,  0.0 st
KiB Mem : 65877712 total, 53127216 free,  1128976 used, 11621520 buff/cache
KiB Swap: 33554428 total, 32224868 free,  1329560 used. 63546460 avail Mem 
--
top - 13:08:43 up 105 days,  4:51,  0 users,  load average: 0.30, 1.00, 1.13
Tasks: 404 total,   1 running, 403 sleeping,   0 stopped,   0 zombie
%Cpu(s):  0.0 us,  0.0 sy,  0.0 ni,100.0 id,  0.0 wa,  0.0 hi,  0.0 si,  0.0 st
KiB Mem : 65877712 total, 53127788 free,  1128404 used, 11621520 buff/cache
KiB Swap: 33554428 total, 32224868 free,  1329560 used. 63547032 avail Mem 
--
top - 13:08:48 up 105 days,  4:51,  0 users,  load average: 0.28, 0.98, 1.13
Tasks: 404 total,   1 running, 403 sleeping,   0 stopped,   0 zombie
%Cpu(s):  0.0 us,  0.0 sy,  0.0 ni,100.0 id,  0.0 wa,  0.0 hi,  0.0 si,  0.0 st
KiB Mem : 65877712 total, 53128556 free,  1127636 used, 11621520 buff/cache
KiB Swap: 33554428 total, 32224868 free,  1329560 used. 63547800 avail Mem 
--
top - 13:08:53 up 105 days,  4:51,  0 users,  load average: 0.25, 0.96, 1.12
Tasks: 404 total,   1 running, 403 sleeping,   0 stopped,   0 zombie
%Cpu(s):  0.0 us,  0.0 sy,  0.0 ni,100.0 id,  0.0 wa,  0.0 hi,  0.0 si,  0.0 st
KiB Mem : 65877712 total, 53129700 free,  1126492 used, 11621520 buff/cache
KiB Swap: 33554428 total, 32224868 free,  1329560 used. 63548944 avail Mem 
--
top - 13:08:58 up 105 days,  4:51,  0 users,  load average: 0.23, 0.95, 1.12
Tasks: 404 total,   1 running, 403 sleeping,   0 stopped,   0 zombie
%Cpu(s):  0.0 us,  0.0 sy,  0.0 ni, 99.9 id,  0.0 wa,  0.0 hi,  0.0 si,  0.0 st
KiB Mem : 65877712 total, 53119668 free,  1136524 used, 11621520 buff/cache
KiB Swap: 33554428 total, 32224868 free,  1329560 used. 63538912 avail Mem 
--
top - 13:09:03 up 105 days,  4:51,  0 users,  load average: 0.21, 0.93, 1.11
Tasks: 403 total,   1 running, 402 sleeping,   0 stopped,   0 zombie
%Cpu(s):  0.1 us,  0.0 sy,  0.0 ni, 99.9 id,  0.0 wa,  0.0 hi,  0.0 si,  0.0 st
KiB Mem : 65877712 total, 53105272 free,  1150920 used, 11621520 buff/cache
KiB Swap: 33554428 total, 32224868 free,  1329560 used. 63524516 avail Mem 
--
top - 13:09:08 up 105 days,  4:51,  0 users,  load average: 0.20, 0.92, 1.10
Tasks: 403 total,   2 running, 401 sleeping,   0 stopped,   0 zombie
%Cpu(s):  0.1 us,  0.1 sy,  0.0 ni, 99.9 id,  0.0 wa,  0.0 hi,  0.0 si,  0.0 st
KiB Mem : 65877712 total, 53084600 free,  1171592 used, 11621520 buff/cache
KiB Swap: 33554428 total, 32224868 free,  1329560 used. 63503844 avail Mem 
--
top - 13:09:13 up 105 days,  4:51,  0 users,  load average: 0.18, 0.90, 1.10
Tasks: 403 total,   1 running, 402 sleeping,   0 stopped,   0 zombie
%Cpu(s):  0.1 us,  0.0 sy,  0.0 ni, 99.9 id,  0.0 wa,  0.0 hi,  0.0 si,  0.0 st
KiB Mem : 65877712 total, 53074336 free,  1181852 used, 11621524 buff/cache
KiB Swap: 33554428 total, 32224868 free,  1329560 used. 63493584 avail Mem 
--
top - 13:09:18 up 105 days,  4:51,  0 users,  load average: 0.17, 0.89, 1.09
Tasks: 403 total,   1 running, 402 sleeping,   0 stopped,   0 zombie
%Cpu(s):  0.1 us,  0.0 sy,  0.0 ni, 99.9 id,  0.0 wa,  0.0 hi,  0.0 si,  0.0 st
KiB Mem : 65877712 total, 53055496 free,  1200692 used, 11621524 buff/cache
KiB Swap: 33554428 total, 32224868 free,  1329560 used. 63474744 avail Mem 
--
top - 13:09:23 up 105 days,  4:51,  0 users,  load average: 2.24, 1.30, 1.23
Tasks: 400 total,   2 running, 398 sleeping,   0 stopped,   0 zombie
%Cpu(s): 37.2 us,  0.4 sy,  0.0 ni, 62.4 id,  0.0 wa,  0.0 hi,  0.0 si,  0.0 st
KiB Mem : 65877712 total, 52739580 free,  1516640 used, 11621492 buff/cache
KiB Swap: 33554428 total, 32224868 free,  1329560 used. 63158812 avail Mem 
--
top - 13:09:28 up 105 days,  4:51,  0 users,  load average: 2.06, 1.28, 1.22
Tasks: 400 total,   2 running, 398 sleeping,   0 stopped,   0 zombie
%Cpu(s):  4.1 us,  0.0 sy,  0.0 ni, 95.8 id,  0.0 wa,  0.0 hi,  0.0 si,  0.0 st
KiB Mem : 65877712 total, 52802832 free,  1453388 used, 11621492 buff/cache
KiB Swap: 33554428 total, 32224868 free,  1329560 used. 63222064 avail Mem 
--
top - 13:09:33 up 105 days,  4:51,  0 users,  load average: 1.89, 1.26, 1.21
Tasks: 400 total,   1 running, 399 sleeping,   0 stopped,   0 zombie
%Cpu(s):  0.0 us,  0.0 sy,  0.0 ni, 99.9 id,  0.0 wa,  0.0 hi,  0.0 si,  0.0 st
KiB Mem : 65877712 total, 52804644 free,  1451576 used, 11621492 buff/cache
KiB Swap: 33554428 total, 32224868 free,  1329560 used. 63223876 avail Mem 
--
top - 13:09:39 up 105 days,  4:51,  0 users,  load average: 1.74, 1.24, 1.21
Tasks: 398 total,   1 running, 397 sleeping,   0 stopped,   0 zombie
%Cpu(s):  0.1 us,  0.0 sy,  0.0 ni, 99.9 id,  0.0 wa,  0.0 hi,  0.0 si,  0.0 st
KiB Mem : 65877712 total, 52794884 free,  1461336 used, 11621492 buff/cache
KiB Swap: 33554428 total, 32224868 free,  1329560 used. 63214116 avail Mem 
--
top - 13:09:44 up 105 days,  4:52,  0 users,  load average: 1.60, 1.22, 1.20
Tasks: 398 total,   1 running, 397 sleeping,   0 stopped,   0 zombie
%Cpu(s):  0.1 us,  0.1 sy,  0.0 ni, 99.9 id,  0.0 wa,  0.0 hi,  0.0 si,  0.0 st
KiB Mem : 65877712 total, 52781032 free,  1475188 used, 11621492 buff/cache
KiB Swap: 33554428 total, 32224868 free,  1329560 used. 63200264 avail Mem 
--
top - 13:09:49 up 105 days,  4:52,  0 users,  load average: 1.47, 1.20, 1.19
Tasks: 398 total,   1 running, 397 sleeping,   0 stopped,   0 zombie
%Cpu(s):  0.1 us,  0.1 sy,  0.0 ni, 99.8 id,  0.0 wa,  0.0 hi,  0.0 si,  0.0 st
KiB Mem : 65877712 total, 52764292 free,  1491928 used, 11621492 buff/cache
KiB Swap: 33554428 total, 32224868 free,  1329560 used. 63183524 avail Mem 
--
top - 13:09:54 up 105 days,  4:52,  0 users,  load average: 1.35, 1.18, 1.19
Tasks: 398 total,   1 running, 397 sleeping,   0 stopped,   0 zombie
%Cpu(s):  0.1 us,  0.0 sy,  0.0 ni, 99.9 id,  0.0 wa,  0.0 hi,  0.0 si,  0.0 st
KiB Mem : 65877712 total, 52748452 free,  1507768 used, 11621492 buff/cache
KiB Swap: 33554428 total, 32224868 free,  1329560 used. 63167684 avail Mem 
--
top - 13:09:59 up 105 days,  4:52,  0 users,  load average: 1.25, 1.16, 1.18
Tasks: 398 total,   1 running, 397 sleeping,   0 stopped,   0 zombie
%Cpu(s):  0.1 us,  0.1 sy,  0.0 ni, 99.9 id,  0.0 wa,  0.0 hi,  0.0 si,  0.0 st
KiB Mem : 65877712 total, 52733308 free,  1522912 used, 11621492 buff/cache
KiB Swap: 33554428 total, 32224868 free,  1329560 used. 63152540 avail Mem 
--
top - 13:10:04 up 105 days,  4:52,  0 users,  load average: 2.67, 1.46, 1.28
Tasks: 401 total,   2 running, 399 sleeping,   0 stopped,   0 zombie
%Cpu(s): 33.2 us,  0.4 sy,  0.0 ni, 66.1 id,  0.3 wa,  0.0 hi,  0.0 si,  0.0 st
KiB Mem : 65877712 total, 52665376 free,  1590836 used, 11621500 buff/cache
KiB Swap: 33554428 total, 32224868 free,  1329560 used. 63084616 avail Mem 
--
top - 13:10:09 up 105 days,  4:52,  0 users,  load average: 2.45, 1.43, 1.27
Tasks: 401 total,   1 running, 400 sleeping,   0 stopped,   0 zombie
%Cpu(s): 10.7 us,  0.2 sy,  0.0 ni, 89.1 id,  0.0 wa,  0.0 hi,  0.0 si,  0.0 st
KiB Mem : 65877712 total, 52690316 free,  1565892 used, 11621504 buff/cache
KiB Swap: 33554428 total, 32224868 free,  1329560 used. 63109560 avail Mem 
--
top - 13:10:14 up 105 days,  4:52,  0 users,  load average: 2.26, 1.41, 1.26
Tasks: 401 total,   1 running, 400 sleeping,   0 stopped,   0 zombie
%Cpu(s):  0.0 us,  0.0 sy,  0.0 ni, 99.9 id,  0.0 wa,  0.0 hi,  0.0 si,  0.0 st
KiB Mem : 65877712 total, 52734956 free,  1521252 used, 11621504 buff/cache
KiB Swap: 33554428 total, 32224868 free,  1329560 used. 63154200 avail Mem 
--
top - 13:10:19 up 105 days,  4:52,  0 users,  load average: 2.08, 1.38, 1.26
Tasks: 401 total,   1 running, 400 sleeping,   0 stopped,   0 zombie
%Cpu(s):  0.1 us,  0.0 sy,  0.0 ni, 99.9 id,  0.0 wa,  0.0 hi,  0.0 si,  0.0 st
KiB Mem : 65877712 total, 52725796 free,  1530412 used, 11621504 buff/cache
KiB Swap: 33554428 total, 32224868 free,  1329560 used. 63145040 avail Mem 
--
top - 13:10:24 up 105 days,  4:52,  0 users,  load average: 1.91, 1.36, 1.25
Tasks: 401 total,   1 running, 400 sleeping,   0 stopped,   0 zombie
%Cpu(s):  0.1 us,  0.0 sy,  0.0 ni, 99.9 id,  0.0 wa,  0.0 hi,  0.0 si,  0.0 st
KiB Mem : 65877712 total, 52711568 free,  1544640 used, 11621504 buff/cache
KiB Swap: 33554428 total, 32224868 free,  1329560 used. 63130812 avail Mem 
--
top - 13:10:29 up 105 days,  4:52,  0 users,  load average: 1.84, 1.36, 1.25
Tasks: 401 total,   1 running, 400 sleeping,   0 stopped,   0 zombie
%Cpu(s):  0.1 us,  0.1 sy,  0.0 ni, 99.9 id,  0.0 wa,  0.0 hi,  0.0 si,  0.0 st
KiB Mem : 65877712 total, 52695108 free,  1561100 used, 11621504 buff/cache
KiB Swap: 33554428 total, 32224868 free,  1329560 used. 63114352 avail Mem 
--
top - 13:10:34 up 105 days,  4:52,  0 users,  load average: 1.69, 1.33, 1.24
Tasks: 401 total,   1 running, 400 sleeping,   0 stopped,   0 zombie
%Cpu(s):  0.1 us,  0.1 sy,  0.0 ni, 99.9 id,  0.0 wa,  0.0 hi,  0.0 si,  0.0 st
KiB Mem : 65877712 total, 52683176 free,  1573032 used, 11621504 buff/cache
KiB Swap: 33554428 total, 32224868 free,  1329560 used. 63102420 avail Mem 
--
top - 13:10:39 up 105 days,  4:52,  0 users,  load average: 1.56, 1.31, 1.23
Tasks: 401 total,   1 running, 400 sleeping,   0 stopped,   0 zombie
%Cpu(s):  0.1 us,  0.1 sy,  0.0 ni, 99.9 id,  0.0 wa,  0.0 hi,  0.0 si,  0.0 st
KiB Mem : 65877712 total, 52670164 free,  1586044 used, 11621504 buff/cache
KiB Swap: 33554428 total, 32224868 free,  1329560 used. 63089408 avail Mem 
--
top - 13:10:44 up 105 days,  4:53,  0 users,  load average: 3.99, 1.82, 1.40
Tasks: 401 total,   2 running, 399 sleeping,   0 stopped,   0 zombie
%Cpu(s): 21.0 us,  0.2 sy,  0.0 ni, 78.7 id,  0.0 wa,  0.0 hi,  0.0 si,  0.0 st
KiB Mem : 65877712 total, 52617052 free,  1639156 used, 11621504 buff/cache
KiB Swap: 33554428 total, 32224868 free,  1329560 used. 63036296 avail Mem 
--
top - 13:10:49 up 105 days,  4:53,  0 users,  load average: 3.67, 1.79, 1.39
Tasks: 401 total,   1 running, 400 sleeping,   0 stopped,   0 zombie
%Cpu(s): 21.3 us,  0.2 sy,  0.0 ni, 78.5 id,  0.0 wa,  0.0 hi,  0.0 si,  0.0 st
KiB Mem : 65877712 total, 52583576 free,  1672632 used, 11621504 buff/cache
KiB Swap: 33554428 total, 32224868 free,  1329560 used. 63002820 avail Mem 
--
top - 13:10:54 up 105 days,  4:53,  0 users,  load average: 3.38, 1.76, 1.39
Tasks: 401 total,   1 running, 400 sleeping,   0 stopped,   0 zombie
%Cpu(s):  0.0 us,  0.0 sy,  0.0 ni,100.0 id,  0.0 wa,  0.0 hi,  0.0 si,  0.0 st
KiB Mem : 65877712 total, 52649716 free,  1606492 used, 11621504 buff/cache
KiB Swap: 33554428 total, 32224868 free,  1329560 used. 63068960 avail Mem 
--
top - 13:10:59 up 105 days,  4:53,  0 users,  load average: 3.11, 1.73, 1.38
Tasks: 401 total,   1 running, 400 sleeping,   0 stopped,   0 zombie
%Cpu(s):  0.1 us,  0.0 sy,  0.0 ni, 99.9 id,  0.0 wa,  0.0 hi,  0.0 si,  0.0 st
KiB Mem : 65877712 total, 52643372 free,  1612836 used, 11621504 buff/cache
KiB Swap: 33554428 total, 32224868 free,  1329560 used. 63062616 avail Mem 
--
top - 13:11:04 up 105 days,  4:53,  0 users,  load average: 2.86, 1.70, 1.37
Tasks: 398 total,   1 running, 397 sleeping,   0 stopped,   0 zombie
%Cpu(s):  0.1 us,  0.1 sy,  0.0 ni, 99.9 id,  0.0 wa,  0.0 hi,  0.0 si,  0.0 st
KiB Mem : 65877712 total, 52627736 free,  1628468 used, 11621508 buff/cache
KiB Swap: 33554428 total, 32224868 free,  1329560 used. 63046980 avail Mem 
--
top - 13:11:09 up 105 days,  4:53,  0 users,  load average: 2.63, 1.67, 1.36
Tasks: 398 total,   1 running, 397 sleeping,   0 stopped,   0 zombie
%Cpu(s):  0.1 us,  0.0 sy,  0.0 ni, 99.9 id,  0.0 wa,  0.0 hi,  0.0 si,  0.0 st
KiB Mem : 65877712 total, 52613896 free,  1642308 used, 11621508 buff/cache
KiB Swap: 33554428 total, 32224868 free,  1329560 used. 63033140 avail Mem 
--
top - 13:11:14 up 105 days,  4:53,  0 users,  load average: 2.42, 1.65, 1.36
Tasks: 398 total,   1 running, 397 sleeping,   0 stopped,   0 zombie
%Cpu(s):  0.1 us,  0.1 sy,  0.0 ni, 99.9 id,  0.0 wa,  0.0 hi,  0.0 si,  0.0 st
KiB Mem : 65877712 total, 52594292 free,  1661912 used, 11621508 buff/cache
KiB Swap: 33554428 total, 32224868 free,  1329560 used. 63013540 avail Mem 
--
top - 13:11:19 up 105 days,  4:53,  0 users,  load average: 2.23, 1.62, 1.35
Tasks: 397 total,   1 running, 396 sleeping,   0 stopped,   0 zombie
%Cpu(s):  0.1 us,  0.0 sy,  0.0 ni, 99.9 id,  0.0 wa,  0.0 hi,  0.0 si,  0.0 st
KiB Mem : 65877712 total, 52579476 free,  1676728 used, 11621508 buff/cache
KiB Swap: 33554428 total, 32224868 free,  1329560 used. 62998724 avail Mem 
--
top - 13:11:24 up 105 days,  4:53,  0 users,  load average: 4.37, 2.07, 1.50
Tasks: 397 total,   1 running, 396 sleeping,   0 stopped,   0 zombie
%Cpu(s): 44.1 us,  0.3 sy,  0.0 ni, 55.6 id,  0.0 wa,  0.0 hi,  0.0 si,  0.0 st
KiB Mem : 65877712 total, 52502924 free,  1753280 used, 11621508 buff/cache
KiB Swap: 33554428 total, 32224868 free,  1329560 used. 62922172 avail Mem 
--
top - 13:11:29 up 105 days,  4:53,  0 users,  load average: 4.02, 2.04, 1.49
Tasks: 397 total,   1 running, 396 sleeping,   0 stopped,   0 zombie
%Cpu(s):  0.0 us,  0.0 sy,  0.0 ni,100.0 id,  0.0 wa,  0.0 hi,  0.0 si,  0.0 st
KiB Mem : 65877712 total, 52501452 free,  1754752 used, 11621508 buff/cache
KiB Swap: 33554428 total, 32224868 free,  1329560 used. 62920700 avail Mem 
--
top - 13:11:34 up 105 days,  4:53,  0 users,  load average: 3.70, 2.01, 1.48
Tasks: 397 total,   1 running, 396 sleeping,   0 stopped,   0 zombie
%Cpu(s):  0.0 us,  0.0 sy,  0.0 ni, 99.9 id,  0.0 wa,  0.0 hi,  0.0 si,  0.0 st
KiB Mem : 65877712 total, 52585284 free,  1670920 used, 11621508 buff/cache
KiB Swap: 33554428 total, 32224868 free,  1329560 used. 63004532 avail Mem 
--
top - 13:11:39 up 105 days,  4:53,  0 users,  load average: 3.40, 1.97, 1.47
Tasks: 397 total,   1 running, 396 sleeping,   0 stopped,   0 zombie
%Cpu(s):  0.1 us,  0.1 sy,  0.0 ni, 99.9 id,  0.0 wa,  0.0 hi,  0.0 si,  0.0 st
KiB Mem : 65877712 total, 52574356 free,  1681848 used, 11621508 buff/cache
KiB Swap: 33554428 total, 32224868 free,  1329560 used. 62993604 avail Mem 
--
top - 13:11:44 up 105 days,  4:54,  0 users,  load average: 3.13, 1.94, 1.47
Tasks: 397 total,   1 running, 396 sleeping,   0 stopped,   0 zombie
%Cpu(s):  0.1 us,  0.0 sy,  0.0 ni, 99.9 id,  0.0 wa,  0.0 hi,  0.0 si,  0.0 st
KiB Mem : 65877712 total, 52560704 free,  1695500 used, 11621508 buff/cache
KiB Swap: 33554428 total, 32224868 free,  1329560 used. 62979952 avail Mem 
--
top - 13:11:49 up 105 days,  4:54,  0 users,  load average: 2.88, 1.91, 1.46
Tasks: 397 total,   1 running, 396 sleeping,   0 stopped,   0 zombie
%Cpu(s):  0.1 us,  0.1 sy,  0.0 ni, 99.9 id,  0.0 wa,  0.0 hi,  0.0 si,  0.0 st
KiB Mem : 65877712 total, 52545284 free,  1710920 used, 11621508 buff/cache
KiB Swap: 33554428 total, 32224868 free,  1329560 used. 62964532 avail Mem 
--
top - 13:11:54 up 105 days,  4:54,  0 users,  load average: 2.65, 1.88, 1.45
Tasks: 397 total,   1 running, 396 sleeping,   0 stopped,   0 zombie
%Cpu(s):  0.1 us,  0.0 sy,  0.0 ni, 99.9 id,  0.0 wa,  0.0 hi,  0.0 si,  0.0 st
KiB Mem : 65877712 total, 52534280 free,  1721920 used, 11621512 buff/cache
KiB Swap: 33554428 total, 32224868 free,  1329560 used. 62953528 avail Mem 
--
top - 13:11:59 up 105 days,  4:54,  0 users,  load average: 2.52, 1.86, 1.45
Tasks: 398 total,   1 running, 397 sleeping,   0 stopped,   0 zombie
%Cpu(s):  0.1 us,  0.0 sy,  0.0 ni, 98.9 id,  1.0 wa,  0.0 hi,  0.0 si,  0.0 st
KiB Mem : 65877712 total, 52521852 free,  1734348 used, 11621512 buff/cache
KiB Swap: 33554428 total, 32224868 free,  1329560 used. 62941104 avail Mem 
--
top - 13:12:04 up 105 days,  4:54,  0 users,  load average: 2.96, 1.96, 1.48
Tasks: 400 total,   2 running, 398 sleeping,   0 stopped,   0 zombie
%Cpu(s): 42.2 us,  0.6 sy,  0.0 ni, 51.1 id,  6.0 wa,  0.0 hi,  0.0 si,  0.0 st
KiB Mem : 65877712 total, 52523356 free,  1732844 used, 11621512 buff/cache
KiB Swap: 33554428 total, 32224868 free,  1329560 used. 62942608 avail Mem 
--
top - 13:12:09 up 105 days,  4:54,  0 users,  load average: 2.72, 1.93, 1.47
Tasks: 400 total,   1 running, 399 sleeping,   0 stopped,   0 zombie
%Cpu(s):  0.0 us,  0.0 sy,  0.0 ni, 93.5 id,  6.5 wa,  0.0 hi,  0.0 si,  0.0 st
KiB Mem : 65877712 total, 52528936 free,  1727264 used, 11621512 buff/cache
KiB Swap: 33554428 total, 32224868 free,  1329560 used. 62948188 avail Mem 
