Job id: 4753421
Worker ip: 10.149.0.41
Master ip: 10.149.0.54
--
top - 13:17:28 up 105 days,  5:00,  0 users,  load average: 0.17, 0.52, 0.61
Tasks: 404 total,   1 running, 403 sleeping,   0 stopped,   0 zombie
%Cpu(s):  0.7 us,  2.2 sy,  0.0 ni, 97.1 id,  0.0 wa,  0.0 hi,  0.0 si,  0.0 st
KiB Mem : 65877712 total, 61613076 free,  1050916 used,  3213720 buff/cache
KiB Swap: 33554428 total, 32479148 free,  1075280 used. 63647932 avail Mem 
--
top - 13:17:33 up 105 days,  5:00,  0 users,  load average: 0.16, 0.51, 0.61
Tasks: 405 total,   1 running, 404 sleeping,   0 stopped,   0 zombie
%Cpu(s):  1.7 us,  0.5 sy,  0.0 ni, 97.8 id,  0.0 wa,  0.0 hi,  0.0 si,  0.0 st
KiB Mem : 65877712 total, 61593220 free,  1064088 used,  3220404 buff/cache
KiB Swap: 33554428 total, 32479148 free,  1075280 used. 63634672 avail Mem 
--
top - 13:17:38 up 105 days,  5:00,  0 users,  load average: 0.15, 0.50, 0.60
Tasks: 406 total,   1 running, 405 sleeping,   0 stopped,   0 zombie
%Cpu(s):  0.0 us,  0.0 sy,  0.0 ni,100.0 id,  0.0 wa,  0.0 hi,  0.0 si,  0.0 st
KiB Mem : 65877712 total, 61593268 free,  1064040 used,  3220404 buff/cache
KiB Swap: 33554428 total, 32479148 free,  1075280 used. 63634740 avail Mem 
--
top - 13:17:43 up 105 days,  5:00,  0 users,  load average: 0.14, 0.50, 0.60
Tasks: 406 total,   1 running, 405 sleeping,   0 stopped,   0 zombie
%Cpu(s):  0.0 us,  0.0 sy,  0.0 ni,100.0 id,  0.0 wa,  0.0 hi,  0.0 si,  0.0 st
KiB Mem : 65877712 total, 61593268 free,  1064040 used,  3220404 buff/cache
KiB Swap: 33554428 total, 32479148 free,  1075280 used. 63634740 avail Mem 
--
top - 13:17:48 up 105 days,  5:00,  0 users,  load average: 0.12, 0.49, 0.60
Tasks: 407 total,   1 running, 406 sleeping,   0 stopped,   0 zombie
%Cpu(s):  0.0 us,  0.0 sy,  0.0 ni, 99.9 id,  0.0 wa,  0.0 hi,  0.0 si,  0.0 st
KiB Mem : 65877712 total, 61592072 free,  1065364 used,  3220276 buff/cache
KiB Swap: 33554428 total, 32479168 free,  1075260 used. 63633480 avail Mem 
--
top - 13:17:53 up 105 days,  5:00,  0 users,  load average: 0.12, 0.48, 0.59
Tasks: 407 total,   1 running, 406 sleeping,   0 stopped,   0 zombie
%Cpu(s):  0.0 us,  0.0 sy,  0.0 ni,100.0 id,  0.0 wa,  0.0 hi,  0.0 si,  0.0 st
KiB Mem : 65877712 total, 61592676 free,  1064760 used,  3220276 buff/cache
KiB Swap: 33554428 total, 32479168 free,  1075260 used. 63634084 avail Mem 
--
top - 13:17:58 up 105 days,  5:01,  0 users,  load average: 0.11, 0.47, 0.59
Tasks: 407 total,   1 running, 406 sleeping,   0 stopped,   0 zombie
%Cpu(s):  0.0 us,  0.0 sy,  0.0 ni,100.0 id,  0.0 wa,  0.0 hi,  0.0 si,  0.0 st
KiB Mem : 65877712 total, 61592676 free,  1064760 used,  3220276 buff/cache
KiB Swap: 33554428 total, 32479168 free,  1075260 used. 63634084 avail Mem 
--
top - 13:18:03 up 105 days,  5:01,  0 users,  load average: 0.10, 0.46, 0.59
Tasks: 408 total,   1 running, 407 sleeping,   0 stopped,   0 zombie
%Cpu(s):  0.4 us,  0.2 sy,  0.0 ni, 98.8 id,  0.6 wa,  0.0 hi,  0.0 si,  0.0 st
KiB Mem : 65877712 total, 61590488 free,  1066948 used,  3220276 buff/cache
KiB Swap: 33554428 total, 32479168 free,  1075260 used. 63631896 avail Mem 
--
top - 13:18:08 up 105 days,  5:01,  0 users,  load average: 0.09, 0.46, 0.58
Tasks: 408 total,   1 running, 407 sleeping,   0 stopped,   0 zombie
%Cpu(s):  0.0 us,  0.0 sy,  0.0 ni, 99.9 id,  0.0 wa,  0.0 hi,  0.0 si,  0.0 st
KiB Mem : 65877712 total, 61582580 free,  1074856 used,  3220276 buff/cache
KiB Swap: 33554428 total, 32479168 free,  1075260 used. 63623988 avail Mem 
--
top - 13:18:13 up 105 days,  5:01,  0 users,  load average: 0.16, 0.47, 0.59
Tasks: 408 total,   1 running, 407 sleeping,   0 stopped,   0 zombie
%Cpu(s):  0.1 us,  0.0 sy,  0.0 ni, 99.9 id,  0.0 wa,  0.0 hi,  0.0 si,  0.0 st
KiB Mem : 65877712 total, 61568028 free,  1089408 used,  3220276 buff/cache
KiB Swap: 33554428 total, 32479168 free,  1075260 used. 63609436 avail Mem 
--
top - 13:18:18 up 105 days,  5:01,  0 users,  load average: 0.15, 0.46, 0.58
Tasks: 408 total,   1 running, 407 sleeping,   0 stopped,   0 zombie
%Cpu(s):  0.1 us,  0.1 sy,  0.0 ni, 99.8 id,  0.0 wa,  0.0 hi,  0.0 si,  0.0 st
KiB Mem : 65877712 total, 61546948 free,  1110488 used,  3220276 buff/cache
KiB Swap: 33554428 total, 32479168 free,  1075260 used. 63588356 avail Mem 
--
top - 13:18:23 up 105 days,  5:01,  0 users,  load average: 0.14, 0.45, 0.58
Tasks: 408 total,   1 running, 407 sleeping,   0 stopped,   0 zombie
%Cpu(s):  0.1 us,  0.0 sy,  0.0 ni, 99.9 id,  0.0 wa,  0.0 hi,  0.0 si,  0.0 st
KiB Mem : 65877712 total, 61534172 free,  1123264 used,  3220276 buff/cache
KiB Swap: 33554428 total, 32479168 free,  1075260 used. 63575580 avail Mem 
--
top - 13:18:28 up 105 days,  5:01,  0 users,  load average: 0.13, 0.44, 0.58
Tasks: 408 total,   1 running, 407 sleeping,   0 stopped,   0 zombie
%Cpu(s):  0.1 us,  0.0 sy,  0.0 ni, 99.9 id,  0.0 wa,  0.0 hi,  0.0 si,  0.0 st
KiB Mem : 65877712 total, 61521512 free,  1135924 used,  3220276 buff/cache
KiB Swap: 33554428 total, 32479168 free,  1075260 used. 63562920 avail Mem 
--
top - 13:18:34 up 105 days,  5:01,  0 users,  load average: 2.52, 0.93, 0.74
Tasks: 408 total,   2 running, 406 sleeping,   0 stopped,   0 zombie
%Cpu(s): 20.1 us,  0.3 sy,  0.0 ni, 79.6 id,  0.0 wa,  0.0 hi,  0.0 si,  0.0 st
KiB Mem : 65877712 total, 61241264 free,  1416168 used,  3220280 buff/cache
KiB Swap: 33554428 total, 32479168 free,  1075260 used. 63282672 avail Mem 
--
top - 13:18:39 up 105 days,  5:01,  0 users,  load average: 2.32, 0.92, 0.73
Tasks: 408 total,   1 running, 407 sleeping,   0 stopped,   0 zombie
%Cpu(s): 21.8 us,  0.1 sy,  0.0 ni, 78.1 id,  0.0 wa,  0.0 hi,  0.0 si,  0.0 st
KiB Mem : 65877712 total, 61284184 free,  1373248 used,  3220280 buff/cache
KiB Swap: 33554428 total, 32479168 free,  1075260 used. 63325592 avail Mem 
--
top - 13:18:44 up 105 days,  5:01,  0 users,  load average: 2.13, 0.90, 0.73
Tasks: 408 total,   1 running, 407 sleeping,   0 stopped,   0 zombie
%Cpu(s):  0.0 us,  0.0 sy,  0.0 ni,100.0 id,  0.0 wa,  0.0 hi,  0.0 si,  0.0 st
KiB Mem : 65877712 total, 61282696 free,  1374736 used,  3220280 buff/cache
KiB Swap: 33554428 total, 32479168 free,  1075260 used. 63324104 avail Mem 
--
top - 13:18:49 up 105 days,  5:01,  0 users,  load average: 1.96, 0.89, 0.72
Tasks: 406 total,   1 running, 405 sleeping,   0 stopped,   0 zombie
%Cpu(s):  0.1 us,  0.1 sy,  0.0 ni, 99.9 id,  0.0 wa,  0.0 hi,  0.0 si,  0.0 st
KiB Mem : 65877712 total, 61268668 free,  1388764 used,  3220280 buff/cache
KiB Swap: 33554428 total, 32479168 free,  1075260 used. 63310080 avail Mem 
--
top - 13:18:54 up 105 days,  5:01,  0 users,  load average: 1.80, 0.87, 0.72
Tasks: 406 total,   1 running, 405 sleeping,   0 stopped,   0 zombie
%Cpu(s):  0.1 us,  0.1 sy,  0.0 ni, 99.8 id,  0.0 wa,  0.0 hi,  0.0 si,  0.0 st
KiB Mem : 65877712 total, 61249368 free,  1408064 used,  3220280 buff/cache
KiB Swap: 33554428 total, 32479168 free,  1075260 used. 63290780 avail Mem 
--
top - 13:18:59 up 105 days,  5:02,  0 users,  load average: 1.66, 0.86, 0.72
Tasks: 406 total,   1 running, 405 sleeping,   0 stopped,   0 zombie
%Cpu(s):  0.1 us,  0.0 sy,  0.0 ni, 99.9 id,  0.0 wa,  0.0 hi,  0.0 si,  0.0 st
KiB Mem : 65877712 total, 61233484 free,  1423948 used,  3220280 buff/cache
KiB Swap: 33554428 total, 32479168 free,  1075260 used. 63274896 avail Mem 
--
top - 13:19:04 up 105 days,  5:02,  0 users,  load average: 1.53, 0.84, 0.71
Tasks: 406 total,   1 running, 405 sleeping,   0 stopped,   0 zombie
%Cpu(s):  0.1 us,  0.1 sy,  0.0 ni, 99.9 id,  0.0 wa,  0.0 hi,  0.0 si,  0.0 st
KiB Mem : 65877712 total, 61221240 free,  1436192 used,  3220280 buff/cache
KiB Swap: 33554428 total, 32479168 free,  1075260 used. 63262652 avail Mem 
--
top - 13:19:09 up 105 days,  5:02,  0 users,  load average: 1.40, 0.83, 0.71
Tasks: 406 total,   1 running, 405 sleeping,   0 stopped,   0 zombie
%Cpu(s):  0.1 us,  0.0 sy,  0.0 ni, 99.9 id,  0.0 wa,  0.0 hi,  0.0 si,  0.0 st
KiB Mem : 65877712 total, 61206444 free,  1450988 used,  3220280 buff/cache
KiB Swap: 33554428 total, 32479168 free,  1075260 used. 63247856 avail Mem 
--
top - 13:19:14 up 105 days,  5:02,  0 users,  load average: 1.77, 0.92, 0.74
Tasks: 406 total,   1 running, 405 sleeping,   0 stopped,   0 zombie
%Cpu(s): 44.0 us,  0.4 sy,  0.0 ni, 55.6 id,  0.0 wa,  0.0 hi,  0.0 si,  0.0 st
KiB Mem : 65877712 total, 61084500 free,  1572932 used,  3220280 buff/cache
KiB Swap: 33554428 total, 32479168 free,  1075260 used. 63125912 avail Mem 
--
top - 13:19:19 up 105 days,  5:02,  0 users,  load average: 1.63, 0.90, 0.73
Tasks: 406 total,   1 running, 405 sleeping,   0 stopped,   0 zombie
%Cpu(s):  0.0 us,  0.0 sy,  0.0 ni, 99.9 id,  0.0 wa,  0.0 hi,  0.0 si,  0.0 st
KiB Mem : 65877712 total, 61167524 free,  1489904 used,  3220284 buff/cache
KiB Swap: 33554428 total, 32479168 free,  1075260 used. 63208936 avail Mem 
--
top - 13:19:24 up 105 days,  5:02,  0 users,  load average: 1.50, 0.89, 0.73
Tasks: 406 total,   1 running, 405 sleeping,   0 stopped,   0 zombie
%Cpu(s):  0.0 us,  0.0 sy,  0.0 ni,100.0 id,  0.0 wa,  0.0 hi,  0.0 si,  0.0 st
KiB Mem : 65877712 total, 61161704 free,  1495724 used,  3220284 buff/cache
KiB Swap: 33554428 total, 32479168 free,  1075260 used. 63203120 avail Mem 
--
top - 13:19:29 up 105 days,  5:02,  0 users,  load average: 1.38, 0.87, 0.73
Tasks: 406 total,   1 running, 405 sleeping,   0 stopped,   0 zombie
%Cpu(s):  0.1 us,  0.0 sy,  0.0 ni, 99.4 id,  0.4 wa,  0.0 hi,  0.0 si,  0.0 st
KiB Mem : 65877712 total, 61150264 free,  1507164 used,  3220284 buff/cache
KiB Swap: 33554428 total, 32479168 free,  1075260 used. 63191680 avail Mem 
--
top - 13:19:34 up 105 days,  5:02,  0 users,  load average: 1.27, 0.86, 0.72
Tasks: 406 total,   1 running, 405 sleeping,   0 stopped,   0 zombie
%Cpu(s):  0.1 us,  0.0 sy,  0.0 ni, 99.8 id,  0.1 wa,  0.0 hi,  0.0 si,  0.0 st
KiB Mem : 65877712 total, 61127340 free,  1530088 used,  3220284 buff/cache
KiB Swap: 33554428 total, 32479168 free,  1075260 used. 63168756 avail Mem 
--
top - 13:19:39 up 105 days,  5:02,  0 users,  load average: 1.17, 0.84, 0.72
Tasks: 406 total,   1 running, 405 sleeping,   0 stopped,   0 zombie
%Cpu(s):  0.1 us,  0.1 sy,  0.0 ni, 99.9 id,  0.0 wa,  0.0 hi,  0.0 si,  0.0 st
KiB Mem : 65877712 total, 61122092 free,  1535336 used,  3220284 buff/cache
KiB Swap: 33554428 total, 32479168 free,  1075260 used. 63163508 avail Mem 
--
top - 13:19:44 up 105 days,  5:02,  0 users,  load average: 1.07, 0.83, 0.71
Tasks: 406 total,   1 running, 405 sleeping,   0 stopped,   0 zombie
%Cpu(s):  0.1 us,  0.1 sy,  0.0 ni, 99.9 id,  0.0 wa,  0.0 hi,  0.0 si,  0.0 st
KiB Mem : 65877712 total, 61113276 free,  1544152 used,  3220284 buff/cache
KiB Swap: 33554428 total, 32479168 free,  1075260 used. 63154692 avail Mem 
--
top - 13:19:49 up 105 days,  5:02,  0 users,  load average: 3.39, 1.31, 0.87
Tasks: 408 total,   2 running, 406 sleeping,   0 stopped,   0 zombie
%Cpu(s): 13.5 us,  0.3 sy,  0.0 ni, 86.2 id,  0.0 wa,  0.0 hi,  0.0 si,  0.0 st
KiB Mem : 65877712 total, 61085472 free,  1571956 used,  3220284 buff/cache
KiB Swap: 33554428 total, 32479168 free,  1075260 used. 63126888 avail Mem 
--
top - 13:19:54 up 105 days,  5:02,  0 users,  load average: 3.12, 1.29, 0.87
Tasks: 408 total,   1 running, 407 sleeping,   0 stopped,   0 zombie
%Cpu(s): 28.3 us,  0.1 sy,  0.0 ni, 71.6 id,  0.0 wa,  0.0 hi,  0.0 si,  0.0 st
KiB Mem : 65877712 total, 61100092 free,  1557336 used,  3220284 buff/cache
KiB Swap: 33554428 total, 32479168 free,  1075260 used. 63141508 avail Mem 
--
top - 13:19:59 up 105 days,  5:03,  0 users,  load average: 2.87, 1.27, 0.86
Tasks: 408 total,   1 running, 407 sleeping,   0 stopped,   0 zombie
%Cpu(s):  0.0 us,  0.0 sy,  0.0 ni,100.0 id,  0.0 wa,  0.0 hi,  0.0 si,  0.0 st
KiB Mem : 65877712 total, 61100092 free,  1557336 used,  3220284 buff/cache
KiB Swap: 33554428 total, 32479168 free,  1075260 used. 63141508 avail Mem 
--
top - 13:20:04 up 105 days,  5:03,  0 users,  load average: 2.64, 1.25, 0.86
Tasks: 408 total,   1 running, 407 sleeping,   0 stopped,   0 zombie
%Cpu(s):  0.4 us,  0.2 sy,  0.0 ni, 98.6 id,  0.7 wa,  0.0 hi,  0.0 si,  0.0 st
KiB Mem : 65877712 total, 61082400 free,  1575028 used,  3220284 buff/cache
KiB Swap: 33554428 total, 32479168 free,  1075260 used. 63123816 avail Mem 
--
top - 13:20:09 up 105 days,  5:03,  0 users,  load average: 2.43, 1.23, 0.85
Tasks: 408 total,   1 running, 407 sleeping,   0 stopped,   0 zombie
%Cpu(s):  0.1 us,  0.0 sy,  0.0 ni, 99.9 id,  0.0 wa,  0.0 hi,  0.0 si,  0.0 st
KiB Mem : 65877712 total, 61068988 free,  1588440 used,  3220284 buff/cache
KiB Swap: 33554428 total, 32479168 free,  1075260 used. 63110404 avail Mem 
--
top - 13:20:14 up 105 days,  5:03,  0 users,  load average: 2.23, 1.21, 0.85
Tasks: 408 total,   1 running, 407 sleeping,   0 stopped,   0 zombie
%Cpu(s):  0.1 us,  0.1 sy,  0.0 ni, 99.9 id,  0.0 wa,  0.0 hi,  0.0 si,  0.0 st
KiB Mem : 65877712 total, 61054720 free,  1602708 used,  3220284 buff/cache
KiB Swap: 33554428 total, 32479168 free,  1075260 used. 63096136 avail Mem 
--
top - 13:20:19 up 105 days,  5:03,  0 users,  load average: 2.05, 1.19, 0.84
Tasks: 408 total,   1 running, 407 sleeping,   0 stopped,   0 zombie
%Cpu(s):  0.1 us,  0.1 sy,  0.0 ni, 99.8 id,  0.0 wa,  0.0 hi,  0.0 si,  0.0 st
KiB Mem : 65877712 total, 61039584 free,  1617832 used,  3220296 buff/cache
KiB Swap: 33554428 total, 32479168 free,  1075260 used. 63081008 avail Mem 
--
top - 13:20:24 up 105 days,  5:03,  0 users,  load average: 1.89, 1.17, 0.84
Tasks: 408 total,   1 running, 407 sleeping,   0 stopped,   0 zombie
%Cpu(s):  0.1 us,  0.1 sy,  0.0 ni, 99.9 id,  0.0 wa,  0.0 hi,  0.0 si,  0.0 st
KiB Mem : 65877712 total, 61027208 free,  1630208 used,  3220296 buff/cache
KiB Swap: 33554428 total, 32479168 free,  1075260 used. 63068632 avail Mem 
--
top - 13:20:29 up 105 days,  5:03,  0 users,  load average: 1.74, 1.15, 0.83
Tasks: 408 total,   1 running, 407 sleeping,   0 stopped,   0 zombie
%Cpu(s): 42.2 us,  0.2 sy,  0.0 ni, 57.6 id,  0.0 wa,  0.0 hi,  0.0 si,  0.0 st
KiB Mem : 65877712 total, 60929384 free,  1728032 used,  3220296 buff/cache
KiB Swap: 33554428 total, 32479168 free,  1075260 used. 62970812 avail Mem 
--
top - 13:20:34 up 105 days,  5:03,  0 users,  load average: 1.60, 1.13, 0.83
Tasks: 408 total,   1 running, 407 sleeping,   0 stopped,   0 zombie
%Cpu(s):  0.0 us,  0.0 sy,  0.0 ni, 99.9 id,  0.0 wa,  0.0 hi,  0.0 si,  0.0 st
KiB Mem : 65877712 total, 60997884 free,  1659532 used,  3220296 buff/cache
KiB Swap: 33554428 total, 32479168 free,  1075260 used. 63039312 avail Mem 
--
top - 13:20:39 up 105 days,  5:03,  0 users,  load average: 1.47, 1.11, 0.83
Tasks: 408 total,   1 running, 407 sleeping,   0 stopped,   0 zombie
%Cpu(s):  0.0 us,  0.0 sy,  0.0 ni,100.0 id,  0.0 wa,  0.0 hi,  0.0 si,  0.0 st
KiB Mem : 65877712 total, 61000728 free,  1656688 used,  3220296 buff/cache
KiB Swap: 33554428 total, 32479168 free,  1075260 used. 63042156 avail Mem 
--
top - 13:20:44 up 105 days,  5:03,  0 users,  load average: 1.35, 1.09, 0.82
Tasks: 408 total,   2 running, 406 sleeping,   0 stopped,   0 zombie
%Cpu(s):  0.0 us,  0.0 sy,  0.0 ni, 99.9 id,  0.0 wa,  0.0 hi,  0.0 si,  0.0 st
KiB Mem : 65877712 total, 60999048 free,  1658368 used,  3220296 buff/cache
KiB Swap: 33554428 total, 32479168 free,  1075260 used. 63040476 avail Mem 
--
top - 13:20:49 up 105 days,  5:03,  0 users,  load average: 1.33, 1.09, 0.82
Tasks: 408 total,   1 running, 407 sleeping,   0 stopped,   0 zombie
%Cpu(s):  0.1 us,  0.1 sy,  0.0 ni, 99.8 id,  0.0 wa,  0.0 hi,  0.0 si,  0.0 st
KiB Mem : 65877712 total, 60983736 free,  1673680 used,  3220296 buff/cache
KiB Swap: 33554428 total, 32479168 free,  1075260 used. 63025164 avail Mem 
--
top - 13:20:54 up 105 days,  5:03,  0 users,  load average: 1.22, 1.07, 0.82
Tasks: 408 total,   1 running, 407 sleeping,   0 stopped,   0 zombie
%Cpu(s):  0.1 us,  0.1 sy,  0.0 ni, 99.9 id,  0.0 wa,  0.0 hi,  0.0 si,  0.0 st
KiB Mem : 65877712 total, 60964932 free,  1692484 used,  3220296 buff/cache
KiB Swap: 33554428 total, 32479168 free,  1075260 used. 63006360 avail Mem 
--
top - 13:20:59 up 105 days,  5:04,  0 users,  load average: 1.12, 1.05, 0.81
Tasks: 408 total,   1 running, 407 sleeping,   0 stopped,   0 zombie
%Cpu(s):  0.1 us,  0.0 sy,  0.0 ni, 99.9 id,  0.0 wa,  0.0 hi,  0.0 si,  0.0 st
KiB Mem : 65877712 total, 60954204 free,  1703212 used,  3220296 buff/cache
KiB Swap: 33554428 total, 32479168 free,  1075260 used. 62995632 avail Mem 
--
top - 13:21:04 up 105 days,  5:04,  0 users,  load average: 1.03, 1.04, 0.81
Tasks: 408 total,   1 running, 407 sleeping,   0 stopped,   0 zombie
%Cpu(s):  0.1 us,  0.1 sy,  0.0 ni, 99.9 id,  0.0 wa,  0.0 hi,  0.0 si,  0.0 st
KiB Mem : 65877712 total, 60935800 free,  1721612 used,  3220300 buff/cache
KiB Swap: 33554428 total, 32479168 free,  1075260 used. 62977228 avail Mem 
--
top - 13:21:09 up 105 days,  5:04,  0 users,  load average: 0.95, 1.02, 0.81
Tasks: 408 total,   1 running, 407 sleeping,   0 stopped,   0 zombie
%Cpu(s):  0.1 us,  0.0 sy,  0.0 ni, 99.9 id,  0.0 wa,  0.0 hi,  0.0 si,  0.0 st
KiB Mem : 65877712 total, 60922768 free,  1734644 used,  3220300 buff/cache
KiB Swap: 33554428 total, 32479168 free,  1075260 used. 62964196 avail Mem 
--
top - 13:21:14 up 105 days,  5:04,  0 users,  load average: 3.36, 1.52, 0.97
Tasks: 408 total,   2 running, 406 sleeping,   0 stopped,   0 zombie
%Cpu(s): 35.0 us,  0.1 sy,  0.0 ni, 64.8 id,  0.0 wa,  0.0 hi,  0.0 si,  0.0 st
KiB Mem : 65877712 total, 60872668 free,  1784744 used,  3220300 buff/cache
KiB Swap: 33554428 total, 32479168 free,  1075260 used. 62914100 avail Mem 
--
top - 13:21:19 up 105 days,  5:04,  0 users,  load average: 3.09, 1.49, 0.96
Tasks: 407 total,   1 running, 406 sleeping,   0 stopped,   0 zombie
%Cpu(s):  6.4 us,  0.0 sy,  0.0 ni, 93.5 id,  0.0 wa,  0.0 hi,  0.0 si,  0.0 st
KiB Mem : 65877712 total, 60945592 free,  1711820 used,  3220300 buff/cache
KiB Swap: 33554428 total, 32479168 free,  1075260 used. 62987024 avail Mem 
