10.149.0.36
2023/12/27 13:08:20 Master node address: http://10.149.0.56:8000
2023/12/27 13:08:20 Benchmarking worker...
2023/12/27 13:08:21 Worker registered (1810 MCUPS). Waiting for work...
2023/12/27 13:09:20 Got work. Start calculating alignments...
2023/12/27 13:09:20 Calculating 1982 queries
2023/12/27 13:09:22 Done calculating alignments.
2023/12/27 13:09:22 Waiting for work...
2023/12/27 13:10:02 Got work. Start calculating alignments...
2023/12/27 13:10:02 Calculating 1982 queries
2023/12/27 13:10:08 Done calculating alignments.
2023/12/27 13:10:08 Waiting for work...
2023/12/27 13:10:43 Got work. Start calculating alignments...
2023/12/27 13:10:43 Calculating 1982 queries
2023/12/27 13:10:47 Done calculating alignments.
2023/12/27 13:10:47 Waiting for work...
2023/12/27 13:11:22 Got work. Start calculating alignments...
2023/12/27 13:11:22 Calculating 1982 queries
2023/12/27 13:11:29 Done calculating alignments.
2023/12/27 13:11:29 Waiting for work...
2023/12/27 13:12:01 Got work. Start calculating alignments...
2023/12/27 13:12:01 Calculating 1981 queries
2023/12/27 13:12:06 Done calculating alignments.
2023/12/27 13:12:06 Waiting for work...
slurmstepd: error: *** JOB 4753354 ON node036 CANCELLED AT 2023-12-27T13:12:11 ***
