Job id: 4753316
Worker ip: 10.149.0.55
Master ip: 10.149.0.54
--
top - 13:03:26 up 105 days,  4:45,  0 users,  load average: 0.07, 0.84, 1.29
Tasks: 399 total,   2 running, 397 sleeping,   0 stopped,   0 zombie
%Cpu(s):  2.8 us,  5.1 sy,  0.0 ni, 91.8 id,  0.0 wa,  0.0 hi,  0.2 si,  0.0 st
KiB Mem : 65877712 total, 51457716 free,  1132912 used, 13287084 buff/cache
KiB Swap: 33554428 total, 32309872 free,  1244556 used. 63580488 avail Mem 
--
top - 13:03:31 up 105 days,  4:45,  0 users,  load average: 0.07, 0.82, 1.29
Tasks: 402 total,   1 running, 401 sleeping,   0 stopped,   0 zombie
%Cpu(s):  1.7 us,  0.4 sy,  0.0 ni, 97.9 id,  0.0 wa,  0.0 hi,  0.0 si,  0.0 st
KiB Mem : 65877712 total, 51437372 free,  1146484 used, 13293856 buff/cache
KiB Swap: 33554428 total, 32309872 free,  1244556 used. 63566800 avail Mem 
--
top - 13:03:36 up 105 days,  4:45,  0 users,  load average: 0.06, 0.81, 1.28
Tasks: 402 total,   1 running, 401 sleeping,   0 stopped,   0 zombie
%Cpu(s):  0.0 us,  0.0 sy,  0.0 ni,100.0 id,  0.0 wa,  0.0 hi,  0.0 si,  0.0 st
KiB Mem : 65877712 total, 51438488 free,  1145368 used, 13293856 buff/cache
KiB Swap: 33554428 total, 32309872 free,  1244556 used. 63567916 avail Mem 
--
top - 13:03:41 up 105 days,  4:45,  0 users,  load average: 0.06, 0.80, 1.27
Tasks: 403 total,   1 running, 402 sleeping,   0 stopped,   0 zombie
%Cpu(s):  0.0 us,  0.0 sy,  0.0 ni,100.0 id,  0.0 wa,  0.0 hi,  0.0 si,  0.0 st
KiB Mem : 65877712 total, 51439124 free,  1144732 used, 13293856 buff/cache
KiB Swap: 33554428 total, 32309872 free,  1244556 used. 63568552 avail Mem 
--
top - 13:03:46 up 105 days,  4:46,  0 users,  load average: 0.05, 0.78, 1.27
Tasks: 403 total,   1 running, 402 sleeping,   0 stopped,   0 zombie
%Cpu(s):  0.0 us,  0.0 sy,  0.0 ni, 99.9 id,  0.1 wa,  0.0 hi,  0.0 si,  0.0 st
KiB Mem : 65877712 total, 51438724 free,  1145132 used, 13293856 buff/cache
KiB Swap: 33554428 total, 32309872 free,  1244556 used. 63568152 avail Mem 
--
top - 13:03:51 up 105 days,  4:46,  0 users,  load average: 0.05, 0.77, 1.26
Tasks: 403 total,   1 running, 402 sleeping,   0 stopped,   0 zombie
%Cpu(s):  0.0 us,  0.0 sy,  0.0 ni,100.0 id,  0.0 wa,  0.0 hi,  0.0 si,  0.0 st
KiB Mem : 65877712 total, 51439812 free,  1144004 used, 13293896 buff/cache
KiB Swap: 33554428 total, 32309872 free,  1244556 used. 63569260 avail Mem 
--
top - 13:03:56 up 105 days,  4:46,  0 users,  load average: 0.05, 0.76, 1.25
Tasks: 403 total,   1 running, 402 sleeping,   0 stopped,   0 zombie
%Cpu(s):  0.0 us,  0.0 sy,  0.0 ni,100.0 id,  0.0 wa,  0.0 hi,  0.0 si,  0.0 st
KiB Mem : 65877712 total, 51439956 free,  1143860 used, 13293896 buff/cache
KiB Swap: 33554428 total, 32309872 free,  1244556 used. 63569404 avail Mem 
--
top - 13:04:01 up 105 days,  4:46,  0 users,  load average: 0.04, 0.75, 1.25
Tasks: 403 total,   2 running, 401 sleeping,   0 stopped,   0 zombie
%Cpu(s):  0.5 us,  0.3 sy,  0.0 ni, 98.9 id,  0.3 wa,  0.0 hi,  0.0 si,  0.0 st
KiB Mem : 65877712 total, 51399112 free,  1184704 used, 13293896 buff/cache
KiB Swap: 33554428 total, 32309872 free,  1244556 used. 63528560 avail Mem 
--
top - 13:04:06 up 105 days,  4:46,  0 users,  load average: 0.04, 0.73, 1.24
Tasks: 403 total,   1 running, 402 sleeping,   0 stopped,   0 zombie
%Cpu(s): 41.7 us,  0.4 sy,  0.0 ni, 57.9 id,  0.0 wa,  0.0 hi,  0.0 si,  0.0 st
KiB Mem : 65877712 total, 51105732 free,  1478036 used, 13293944 buff/cache
KiB Swap: 33554428 total, 32309872 free,  1244556 used. 63235204 avail Mem 
--
top - 13:04:11 up 105 days,  4:46,  0 users,  load average: 2.12, 1.15, 1.37
Tasks: 403 total,   1 running, 402 sleeping,   0 stopped,   0 zombie
%Cpu(s): 46.4 us,  0.5 sy,  0.0 ni, 53.1 id,  0.0 wa,  0.0 hi,  0.0 si,  0.0 st
KiB Mem : 65877712 total, 51029160 free,  1554608 used, 13293944 buff/cache
KiB Swap: 33554428 total, 32309872 free,  1244556 used. 63158632 avail Mem 
--
top - 13:04:16 up 105 days,  4:46,  0 users,  load average: 4.43, 1.65, 1.53
Tasks: 403 total,   1 running, 402 sleeping,   0 stopped,   0 zombie
%Cpu(s): 44.0 us,  0.3 sy,  0.0 ni, 55.6 id,  0.0 wa,  0.0 hi,  0.0 si,  0.0 st
KiB Mem : 65877712 total, 50932876 free,  1650892 used, 13293944 buff/cache
KiB Swap: 33554428 total, 32309872 free,  1244556 used. 63062348 avail Mem 
--
top - 13:04:21 up 105 days,  4:46,  0 users,  load average: 4.16, 1.64, 1.53
Tasks: 403 total,   2 running, 401 sleeping,   0 stopped,   0 zombie
%Cpu(s): 22.8 us,  0.3 sy,  0.0 ni, 76.8 id,  0.0 wa,  0.0 hi,  0.0 si,  0.0 st
KiB Mem : 65877712 total, 50902652 free,  1681112 used, 13293948 buff/cache
KiB Swap: 33554428 total, 32309872 free,  1244556 used. 63032128 avail Mem 
--
top - 13:04:26 up 105 days,  4:46,  0 users,  load average: 3.82, 1.61, 1.52
Tasks: 403 total,   1 running, 402 sleeping,   0 stopped,   0 zombie
%Cpu(s): 22.1 us,  0.1 sy,  0.0 ni, 77.8 id,  0.0 wa,  0.0 hi,  0.0 si,  0.0 st
KiB Mem : 65877712 total, 50890028 free,  1693736 used, 13293948 buff/cache
KiB Swap: 33554428 total, 32309872 free,  1244556 used. 63019504 avail Mem 
