10.149.0.41
2023/12/27 13:08:19 Master node address: http://10.149.0.56:8000
2023/12/27 13:08:19 Benchmarking worker...
2023/12/27 13:08:21 Worker registered (1856 MCUPS). Waiting for work...
2023/12/27 13:09:22 Got work. Start calculating alignments...
2023/12/27 13:09:22 Calculating 2032 queries
2023/12/27 13:09:27 Done calculating alignments.
2023/12/27 13:09:27 Waiting for work...
2023/12/27 13:10:01 Got work. Start calculating alignments...
2023/12/27 13:10:01 Calculating 2032 queries
2023/12/27 13:10:04 Done calculating alignments.
2023/12/27 13:10:04 Waiting for work...
2023/12/27 13:10:43 Got work. Start calculating alignments...
2023/12/27 13:10:43 Calculating 2032 queries
2023/12/27 13:10:49 Done calculating alignments.
2023/12/27 13:10:49 Waiting for work...
2023/12/27 13:11:22 Got work. Start calculating alignments...
2023/12/27 13:11:22 Calculating 2032 queries
2023/12/27 13:11:29 Done calculating alignments.
2023/12/27 13:11:29 Waiting for work...
2023/12/27 13:12:01 Got work. Start calculating alignments...
2023/12/27 13:12:01 Calculating 2032 queries
2023/12/27 13:12:07 Done calculating alignments.
2023/12/27 13:12:07 Waiting for work...
slurmstepd: error: *** JOB 4753359 ON node041 CANCELLED AT 2023-12-27T13:12:11 ***
