Job id: 4753402
Worker ip: 10.149.0.32
Master ip: 10.149.0.55
--
top - 13:15:12 up 105 days,  4:58,  0 users,  load average: 0.05, 0.16, 0.36
Tasks: 402 total,   2 running, 400 sleeping,   0 stopped,   0 zombie
%Cpu(s):  1.1 us,  2.2 sy,  0.0 ni, 96.7 id,  0.0 wa,  0.0 hi,  0.0 si,  0.0 st
KiB Mem : 65877712 total, 57003940 free,  1174188 used,  7699584 buff/cache
KiB Swap: 33554428 total, 32283920 free,  1270508 used. 63546828 avail Mem 
--
top - 13:15:17 up 105 days,  4:58,  0 users,  load average: 0.05, 0.16, 0.36
Tasks: 403 total,   1 running, 402 sleeping,   0 stopped,   0 zombie
%Cpu(s):  1.7 us,  0.5 sy,  0.0 ni, 97.8 id,  0.0 wa,  0.0 hi,  0.0 si,  0.0 st
KiB Mem : 65877712 total, 56982544 free,  1188848 used,  7706320 buff/cache
KiB Swap: 33554428 total, 32283920 free,  1270508 used. 63532072 avail Mem 
--
top - 13:15:22 up 105 days,  4:58,  0 users,  load average: 0.05, 0.16, 0.36
Tasks: 403 total,   1 running, 402 sleeping,   0 stopped,   0 zombie
%Cpu(s):  0.0 us,  0.0 sy,  0.0 ni,100.0 id,  0.0 wa,  0.0 hi,  0.0 si,  0.0 st
KiB Mem : 65877712 total, 56983252 free,  1188140 used,  7706320 buff/cache
KiB Swap: 33554428 total, 32283920 free,  1270508 used. 63532780 avail Mem 
--
top - 13:15:27 up 105 days,  4:58,  0 users,  load average: 0.04, 0.15, 0.36
Tasks: 403 total,   1 running, 402 sleeping,   0 stopped,   0 zombie
%Cpu(s):  0.0 us,  0.0 sy,  0.0 ni,100.0 id,  0.0 wa,  0.0 hi,  0.0 si,  0.0 st
KiB Mem : 65877712 total, 56983732 free,  1187660 used,  7706320 buff/cache
KiB Swap: 33554428 total, 32283920 free,  1270508 used. 63533260 avail Mem 
--
top - 13:15:32 up 105 days,  4:58,  0 users,  load average: 0.04, 0.15, 0.36
Tasks: 403 total,   1 running, 402 sleeping,   0 stopped,   0 zombie
%Cpu(s):  0.0 us,  0.0 sy,  0.0 ni,100.0 id,  0.0 wa,  0.0 hi,  0.0 si,  0.0 st
KiB Mem : 65877712 total, 56984392 free,  1187000 used,  7706320 buff/cache
KiB Swap: 33554428 total, 32283920 free,  1270508 used. 63533920 avail Mem 
--
top - 13:15:37 up 105 days,  4:58,  0 users,  load average: 0.04, 0.15, 0.35
Tasks: 404 total,   1 running, 403 sleeping,   0 stopped,   0 zombie
%Cpu(s):  0.0 us,  0.0 sy,  0.0 ni,100.0 id,  0.0 wa,  0.0 hi,  0.0 si,  0.0 st
KiB Mem : 65877712 total, 56984824 free,  1186568 used,  7706320 buff/cache
KiB Swap: 33554428 total, 32283920 free,  1270508 used. 63534352 avail Mem 
--
top - 13:15:42 up 105 days,  4:59,  0 users,  load average: 0.03, 0.15, 0.35
Tasks: 405 total,   1 running, 404 sleeping,   0 stopped,   0 zombie
%Cpu(s):  0.0 us,  0.0 sy,  0.0 ni,100.0 id,  0.0 wa,  0.0 hi,  0.0 si,  0.0 st
KiB Mem : 65877712 total, 56985288 free,  1186104 used,  7706320 buff/cache
KiB Swap: 33554428 total, 32283920 free,  1270508 used. 63534816 avail Mem 
--
top - 13:15:47 up 105 days,  4:59,  0 users,  load average: 0.03, 0.14, 0.35
Tasks: 405 total,   1 running, 404 sleeping,   0 stopped,   0 zombie
%Cpu(s):  0.0 us,  0.0 sy,  0.0 ni, 99.9 id,  0.0 wa,  0.0 hi,  0.0 si,  0.0 st
KiB Mem : 65877712 total, 56985552 free,  1185840 used,  7706320 buff/cache
KiB Swap: 33554428 total, 32283920 free,  1270508 used. 63535080 avail Mem 
--
top - 13:15:53 up 105 days,  4:59,  0 users,  load average: 0.03, 0.14, 0.35
Tasks: 405 total,   1 running, 404 sleeping,   0 stopped,   0 zombie
%Cpu(s):  0.1 us,  0.1 sy,  0.0 ni, 99.8 id,  0.0 wa,  0.0 hi,  0.0 si,  0.0 st
KiB Mem : 65877712 total, 56956640 free,  1214752 used,  7706320 buff/cache
KiB Swap: 33554428 total, 32283920 free,  1270508 used. 63506168 avail Mem 
--
top - 13:15:58 up 105 days,  4:59,  0 users,  load average: 0.03, 0.14, 0.35
Tasks: 406 total,   2 running, 404 sleeping,   0 stopped,   0 zombie
%Cpu(s):  3.0 us,  0.3 sy,  0.0 ni, 96.7 id,  0.0 wa,  0.0 hi,  0.0 si,  0.0 st
KiB Mem : 65877712 total, 56777680 free,  1393712 used,  7706320 buff/cache
KiB Swap: 33554428 total, 32283920 free,  1270508 used. 63327208 avail Mem 
--
top - 13:16:03 up 105 days,  4:59,  0 users,  load average: 0.10, 0.15, 0.35
Tasks: 406 total,   1 running, 405 sleeping,   0 stopped,   0 zombie
%Cpu(s): 38.6 us,  0.4 sy,  0.0 ni, 60.4 id,  0.6 wa,  0.0 hi,  0.0 si,  0.0 st
KiB Mem : 65877712 total, 56648428 free,  1522972 used,  7706312 buff/cache
KiB Swap: 33554428 total, 32283920 free,  1270508 used. 63197952 avail Mem 
--
top - 13:16:08 up 105 days,  4:59,  0 users,  load average: 0.10, 0.15, 0.35
Tasks: 406 total,   1 running, 405 sleeping,   0 stopped,   0 zombie
%Cpu(s):  0.1 us,  0.0 sy,  0.0 ni, 99.9 id,  0.0 wa,  0.0 hi,  0.0 si,  0.0 st
KiB Mem : 65877712 total, 56642332 free,  1529064 used,  7706316 buff/cache
KiB Swap: 33554428 total, 32283920 free,  1270508 used. 63191860 avail Mem 
--
top - 13:16:13 up 105 days,  4:59,  0 users,  load average: 0.09, 0.15, 0.35
Tasks: 406 total,   1 running, 405 sleeping,   0 stopped,   0 zombie
%Cpu(s):  0.1 us,  0.1 sy,  0.0 ni, 99.8 id,  0.0 wa,  0.0 hi,  0.0 si,  0.0 st
KiB Mem : 65877712 total, 56611872 free,  1559524 used,  7706316 buff/cache
KiB Swap: 33554428 total, 32283920 free,  1270508 used. 63161400 avail Mem 
--
top - 13:16:18 up 105 days,  4:59,  0 users,  load average: 0.08, 0.14, 0.34
Tasks: 406 total,   1 running, 405 sleeping,   0 stopped,   0 zombie
%Cpu(s):  0.1 us,  0.1 sy,  0.0 ni, 99.8 id,  0.0 wa,  0.0 hi,  0.0 si,  0.0 st
KiB Mem : 65877712 total, 56587876 free,  1583520 used,  7706316 buff/cache
KiB Swap: 33554428 total, 32283920 free,  1270508 used. 63137404 avail Mem 
--
top - 13:16:23 up 105 days,  4:59,  0 users,  load average: 2.56, 0.66, 0.51
Tasks: 406 total,   1 running, 405 sleeping,   0 stopped,   0 zombie
%Cpu(s): 42.0 us,  0.3 sy,  0.0 ni, 57.7 id,  0.0 wa,  0.0 hi,  0.0 si,  0.0 st
KiB Mem : 65877712 total, 56495932 free,  1675464 used,  7706316 buff/cache
KiB Swap: 33554428 total, 32283920 free,  1270508 used. 63045460 avail Mem 
--
top - 13:16:28 up 105 days,  4:59,  0 users,  load average: 2.35, 0.65, 0.51
Tasks: 406 total,   1 running, 405 sleeping,   0 stopped,   0 zombie
%Cpu(s):  0.0 us,  0.0 sy,  0.0 ni, 99.9 id,  0.0 wa,  0.0 hi,  0.0 si,  0.0 st
KiB Mem : 65877712 total, 56572848 free,  1598548 used,  7706316 buff/cache
KiB Swap: 33554428 total, 32283920 free,  1270508 used. 63122376 avail Mem 
--
top - 13:16:33 up 105 days,  4:59,  0 users,  load average: 2.16, 0.64, 0.50
Tasks: 406 total,   1 running, 405 sleeping,   0 stopped,   0 zombie
%Cpu(s):  0.1 us,  0.1 sy,  0.0 ni, 99.8 id,  0.0 wa,  0.0 hi,  0.0 si,  0.0 st
KiB Mem : 65877712 total, 56546532 free,  1624864 used,  7706316 buff/cache
KiB Swap: 33554428 total, 32283920 free,  1270508 used. 63096056 avail Mem 
--
top - 13:16:38 up 105 days,  4:59,  0 users,  load average: 1.99, 0.62, 0.50
Tasks: 406 total,   1 running, 405 sleeping,   0 stopped,   0 zombie
%Cpu(s):  0.1 us,  0.1 sy,  0.0 ni, 99.8 id,  0.0 wa,  0.0 hi,  0.0 si,  0.0 st
KiB Mem : 65877712 total, 56515656 free,  1655740 used,  7706316 buff/cache
KiB Swap: 33554428 total, 32283920 free,  1270508 used. 63065180 avail Mem 
--
top - 13:16:43 up 105 days,  5:00,  0 users,  load average: 3.91, 1.05, 0.64
Tasks: 406 total,   1 running, 405 sleeping,   0 stopped,   0 zombie
%Cpu(s): 42.5 us,  0.4 sy,  0.0 ni, 57.1 id,  0.0 wa,  0.0 hi,  0.0 si,  0.0 st
KiB Mem : 65877712 total, 56424716 free,  1746680 used,  7706316 buff/cache
KiB Swap: 33554428 total, 32283920 free,  1270508 used. 62974244 avail Mem 
--
top - 13:16:48 up 105 days,  5:00,  0 users,  load average: 3.60, 1.03, 0.63
Tasks: 406 total,   1 running, 405 sleeping,   0 stopped,   0 zombie
%Cpu(s):  0.1 us,  0.0 sy,  0.0 ni, 99.9 id,  0.0 wa,  0.0 hi,  0.0 si,  0.0 st
KiB Mem : 65877712 total, 56498476 free,  1672920 used,  7706316 buff/cache
KiB Swap: 33554428 total, 32283920 free,  1270508 used. 63048004 avail Mem 
--
top - 13:16:53 up 105 days,  5:00,  0 users,  load average: 3.31, 1.01, 0.63
Tasks: 406 total,   1 running, 405 sleeping,   0 stopped,   0 zombie
%Cpu(s):  0.1 us,  0.1 sy,  0.0 ni, 99.8 id,  0.0 wa,  0.0 hi,  0.0 si,  0.0 st
KiB Mem : 65877712 total, 56471120 free,  1700276 used,  7706316 buff/cache
KiB Swap: 33554428 total, 32283920 free,  1270508 used. 63020648 avail Mem 
--
top - 13:16:58 up 105 days,  5:00,  0 users,  load average: 3.05, 1.00, 0.63
Tasks: 406 total,   2 running, 404 sleeping,   0 stopped,   0 zombie
%Cpu(s): 17.1 us,  0.3 sy,  0.0 ni, 82.6 id,  0.0 wa,  0.0 hi,  0.0 si,  0.0 st
KiB Mem : 65877712 total, 56421900 free,  1749496 used,  7706316 buff/cache
KiB Swap: 33554428 total, 32283920 free,  1270508 used. 62971428 avail Mem 
--
top - 13:17:03 up 105 days,  5:00,  0 users,  load average: 2.80, 0.98, 0.62
Tasks: 406 total,   1 running, 405 sleeping,   0 stopped,   0 zombie
%Cpu(s): 26.8 us,  0.3 sy,  0.0 ni, 72.9 id,  0.0 wa,  0.0 hi,  0.0 si,  0.0 st
KiB Mem : 65877712 total, 56436468 free,  1734924 used,  7706320 buff/cache
KiB Swap: 33554428 total, 32283920 free,  1270508 used. 62986000 avail Mem 
--
top - 13:17:08 up 105 days,  5:00,  0 users,  load average: 2.58, 0.96, 0.62
Tasks: 405 total,   1 running, 404 sleeping,   0 stopped,   0 zombie
%Cpu(s):  0.1 us,  0.1 sy,  0.0 ni, 99.8 id,  0.0 wa,  0.0 hi,  0.0 si,  0.0 st
KiB Mem : 65877712 total, 56426996 free,  1744396 used,  7706320 buff/cache
KiB Swap: 33554428 total, 32283920 free,  1270508 used. 62976528 avail Mem 
--
top - 13:17:13 up 105 days,  5:00,  0 users,  load average: 2.37, 0.95, 0.62
Tasks: 405 total,   1 running, 404 sleeping,   0 stopped,   0 zombie
%Cpu(s):  0.1 us,  0.1 sy,  0.0 ni, 99.8 id,  0.0 wa,  0.0 hi,  0.0 si,  0.0 st
KiB Mem : 65877712 total, 56397916 free,  1773476 used,  7706320 buff/cache
KiB Swap: 33554428 total, 32283920 free,  1270508 used. 62947448 avail Mem 
--
top - 13:17:18 up 105 days,  5:00,  0 users,  load average: 2.18, 0.93, 0.61
Tasks: 405 total,   1 running, 404 sleeping,   0 stopped,   0 zombie
%Cpu(s):  0.1 us,  0.1 sy,  0.0 ni, 99.7 id,  0.0 wa,  0.0 hi,  0.0 si,  0.0 st
KiB Mem : 65877712 total, 56367084 free,  1804308 used,  7706320 buff/cache
KiB Swap: 33554428 total, 32283920 free,  1270508 used. 62916616 avail Mem 
--
top - 13:17:23 up 105 days,  5:00,  0 users,  load average: 4.09, 1.35, 0.75
Tasks: 405 total,   2 running, 403 sleeping,   0 stopped,   0 zombie
%Cpu(s): 45.8 us,  0.5 sy,  0.0 ni, 53.7 id,  0.0 wa,  0.0 hi,  0.0 si,  0.0 st
KiB Mem : 65877712 total, 56291604 free,  1879788 used,  7706320 buff/cache
KiB Swap: 33554428 total, 32283920 free,  1270508 used. 62841136 avail Mem 
