10.149.0.60
2023/12/27 13:15:13 Master node address: http://10.149.0.55:8000
2023/12/27 13:15:13 Benchmarking worker...
2023/12/27 13:15:15 Worker registered (1803 MCUPS). Waiting for work...
2023/12/27 13:15:57 Got work. Start calculating alignments...
2023/12/27 13:15:57 Calculating 1973 queries
2023/12/27 13:16:02 Done calculating alignments.
2023/12/27 13:16:02 Waiting for work...
2023/12/27 13:16:18 Got work. Start calculating alignments...
2023/12/27 13:16:18 Calculating 1972 queries
2023/12/27 13:16:23 Done calculating alignments.
2023/12/27 13:16:23 Waiting for work...
2023/12/27 13:16:39 Got work. Start calculating alignments...
2023/12/27 13:16:39 Calculating 1973 queries
2023/12/27 13:16:43 Done calculating alignments.
2023/12/27 13:16:43 Waiting for work...
2023/12/27 13:16:57 Got work. Start calculating alignments...
2023/12/27 13:16:57 Calculating 1973 queries
2023/12/27 13:17:02 Done calculating alignments.
2023/12/27 13:17:02 Waiting for work...
2023/12/27 13:17:19 Got work. Start calculating alignments...
2023/12/27 13:17:19 Calculating 1973 queries
2023/12/27 13:17:23 Done calculating alignments.
2023/12/27 13:17:23 Waiting for work...
slurmstepd: error: *** JOB 4753395 ON node060 CANCELLED AT 2023-12-27T13:17:25 ***
