Job id: 4753339
Worker ip: 10.149.0.31
Master ip: 10.149.0.55
--
top - 13:05:59 up 105 days,  4:49,  0 users,  load average: 0.35, 0.77, 1.06
Tasks: 399 total,   1 running, 398 sleeping,   0 stopped,   0 zombie
%Cpu(s):  0.2 us,  0.4 sy,  0.0 ni, 99.5 id,  0.0 wa,  0.0 hi,  0.0 si,  0.0 st
KiB Mem : 65877712 total, 56834588 free,  1091288 used,  7951836 buff/cache
KiB Swap: 33554428 total, 32348644 free,  1205784 used. 63620848 avail Mem 
--
top - 13:06:04 up 105 days,  4:49,  0 users,  load average: 0.40, 0.77, 1.06
Tasks: 400 total,   1 running, 399 sleeping,   0 stopped,   0 zombie
%Cpu(s):  2.1 us,  0.7 sy,  0.0 ni, 96.5 id,  0.6 wa,  0.0 hi,  0.0 si,  0.0 st
KiB Mem : 65877712 total, 56797456 free,  1121816 used,  7958440 buff/cache
KiB Swap: 33554428 total, 32348644 free,  1205784 used. 63590288 avail Mem 
--
top - 13:06:09 up 105 days,  4:49,  0 users,  load average: 0.37, 0.76, 1.05
Tasks: 400 total,   1 running, 399 sleeping,   0 stopped,   0 zombie
%Cpu(s):  0.0 us,  0.0 sy,  0.0 ni, 99.9 id,  0.1 wa,  0.0 hi,  0.0 si,  0.0 st
KiB Mem : 65877712 total, 56798112 free,  1121160 used,  7958440 buff/cache
KiB Swap: 33554428 total, 32348644 free,  1205784 used. 63590944 avail Mem 
--
top - 13:06:14 up 105 days,  4:49,  0 users,  load average: 0.34, 0.74, 1.05
Tasks: 401 total,   1 running, 400 sleeping,   0 stopped,   0 zombie
%Cpu(s):  0.0 us,  0.0 sy,  0.0 ni,100.0 id,  0.0 wa,  0.0 hi,  0.0 si,  0.0 st
KiB Mem : 65877712 total, 56799296 free,  1119976 used,  7958440 buff/cache
KiB Swap: 33554428 total, 32348644 free,  1205784 used. 63592128 avail Mem 
--
top - 13:06:19 up 105 days,  4:49,  0 users,  load average: 0.31, 0.73, 1.04
Tasks: 402 total,   1 running, 401 sleeping,   0 stopped,   0 zombie
%Cpu(s):  0.0 us,  0.0 sy,  0.0 ni,100.0 id,  0.0 wa,  0.0 hi,  0.0 si,  0.0 st
KiB Mem : 65877712 total, 56799700 free,  1119572 used,  7958440 buff/cache
KiB Swap: 33554428 total, 32348644 free,  1205784 used. 63592532 avail Mem 
--
top - 13:06:24 up 105 days,  4:49,  0 users,  load average: 0.29, 0.72, 1.03
Tasks: 402 total,   1 running, 401 sleeping,   0 stopped,   0 zombie
%Cpu(s):  0.0 us,  0.0 sy,  0.0 ni,100.0 id,  0.0 wa,  0.0 hi,  0.0 si,  0.0 st
KiB Mem : 65877712 total, 56800708 free,  1118564 used,  7958440 buff/cache
KiB Swap: 33554428 total, 32348644 free,  1205784 used. 63593540 avail Mem 
--
top - 13:06:29 up 105 days,  4:49,  0 users,  load average: 0.26, 0.71, 1.03
Tasks: 402 total,   1 running, 401 sleeping,   0 stopped,   0 zombie
%Cpu(s):  0.0 us,  0.0 sy,  0.0 ni, 99.9 id,  0.0 wa,  0.0 hi,  0.0 si,  0.0 st
KiB Mem : 65877712 total, 56801436 free,  1117836 used,  7958440 buff/cache
KiB Swap: 33554428 total, 32348644 free,  1205784 used. 63594268 avail Mem 
--
top - 13:06:34 up 105 days,  4:49,  0 users,  load average: 0.24, 0.70, 1.02
Tasks: 402 total,   1 running, 401 sleeping,   0 stopped,   0 zombie
%Cpu(s):  0.1 us,  0.1 sy,  0.0 ni, 99.8 id,  0.0 wa,  0.0 hi,  0.0 si,  0.0 st
KiB Mem : 65877712 total, 56779036 free,  1140236 used,  7958440 buff/cache
KiB Swap: 33554428 total, 32348644 free,  1205784 used. 63571868 avail Mem 
--
top - 13:06:39 up 105 days,  4:50,  0 users,  load average: 0.22, 0.68, 1.02
Tasks: 402 total,   1 running, 401 sleeping,   0 stopped,   0 zombie
%Cpu(s):  0.1 us,  0.1 sy,  0.0 ni, 99.8 id,  0.0 wa,  0.0 hi,  0.0 si,  0.0 st
KiB Mem : 65877712 total, 56745444 free,  1173828 used,  7958440 buff/cache
KiB Swap: 33554428 total, 32348644 free,  1205784 used. 63538276 avail Mem 
--
top - 13:06:44 up 105 days,  4:50,  0 users,  load average: 0.20, 0.67, 1.01
Tasks: 402 total,   2 running, 400 sleeping,   0 stopped,   0 zombie
%Cpu(s): 18.4 us,  0.4 sy,  0.0 ni, 81.2 id,  0.0 wa,  0.0 hi,  0.0 si,  0.0 st
KiB Mem : 65877712 total, 56445048 free,  1474224 used,  7958440 buff/cache
KiB Swap: 33554428 total, 32348644 free,  1205784 used. 63237880 avail Mem 
--
top - 13:06:49 up 105 days,  4:50,  0 users,  load average: 0.19, 0.66, 1.01
Tasks: 402 total,   1 running, 401 sleeping,   0 stopped,   0 zombie
%Cpu(s): 22.6 us,  0.1 sy,  0.0 ni, 77.3 id,  0.0 wa,  0.0 hi,  0.0 si,  0.0 st
KiB Mem : 65877712 total, 56478212 free,  1441060 used,  7958440 buff/cache
KiB Swap: 33554428 total, 32348644 free,  1205784 used. 63271040 avail Mem 
--
top - 13:06:54 up 105 days,  4:50,  0 users,  load average: 0.17, 0.65, 1.00
Tasks: 402 total,   1 running, 401 sleeping,   0 stopped,   0 zombie
%Cpu(s):  0.1 us,  0.0 sy,  0.0 ni, 99.9 id,  0.0 wa,  0.0 hi,  0.0 si,  0.0 st
KiB Mem : 65877712 total, 56466440 free,  1452828 used,  7958444 buff/cache
KiB Swap: 33554428 total, 32348644 free,  1205784 used. 63259276 avail Mem 
--
top - 13:06:59 up 105 days,  4:50,  0 users,  load average: 0.16, 0.64, 1.00
Tasks: 402 total,   1 running, 401 sleeping,   0 stopped,   0 zombie
%Cpu(s):  0.1 us,  0.1 sy,  0.0 ni, 99.8 id,  0.0 wa,  0.0 hi,  0.0 si,  0.0 st
KiB Mem : 65877712 total, 56436752 free,  1482516 used,  7958444 buff/cache
KiB Swap: 33554428 total, 32348644 free,  1205784 used. 63229588 avail Mem 
--
top - 13:07:04 up 105 days,  4:50,  0 users,  load average: 0.31, 0.66, 1.00
Tasks: 402 total,   1 running, 401 sleeping,   0 stopped,   0 zombie
%Cpu(s):  0.1 us,  0.1 sy,  0.0 ni, 99.8 id,  0.0 wa,  0.0 hi,  0.0 si,  0.0 st
KiB Mem : 65877712 total, 56412204 free,  1507064 used,  7958444 buff/cache
KiB Swap: 33554428 total, 32348644 free,  1205784 used. 63205040 avail Mem 
--
top - 13:07:09 up 105 days,  4:50,  0 users,  load average: 2.68, 1.15, 1.16
Tasks: 402 total,   1 running, 401 sleeping,   0 stopped,   0 zombie
%Cpu(s): 41.3 us,  0.2 sy,  0.0 ni, 58.4 id,  0.0 wa,  0.0 hi,  0.0 si,  0.0 st
KiB Mem : 65877712 total, 56320964 free,  1598304 used,  7958444 buff/cache
KiB Swap: 33554428 total, 32348644 free,  1205784 used. 63113800 avail Mem 
--
top - 13:07:14 up 105 days,  4:50,  0 users,  load average: 2.47, 1.13, 1.15
Tasks: 402 total,   1 running, 401 sleeping,   0 stopped,   0 zombie
%Cpu(s):  0.0 us,  0.0 sy,  0.0 ni, 99.9 id,  0.0 wa,  0.0 hi,  0.0 si,  0.0 st
KiB Mem : 65877712 total, 56398016 free,  1521252 used,  7958444 buff/cache
KiB Swap: 33554428 total, 32348644 free,  1205784 used. 63190852 avail Mem 
--
top - 13:07:19 up 105 days,  4:50,  0 users,  load average: 2.27, 1.11, 1.15
Tasks: 402 total,   1 running, 401 sleeping,   0 stopped,   0 zombie
%Cpu(s):  0.1 us,  0.1 sy,  0.0 ni, 99.7 id,  0.0 wa,  0.0 hi,  0.0 si,  0.0 st
KiB Mem : 65877712 total, 56370852 free,  1548416 used,  7958444 buff/cache
KiB Swap: 33554428 total, 32348644 free,  1205784 used. 63163688 avail Mem 
--
top - 13:07:24 up 105 days,  4:50,  0 users,  load average: 2.09, 1.09, 1.14
Tasks: 402 total,   1 running, 401 sleeping,   0 stopped,   0 zombie
%Cpu(s):  0.1 us,  0.1 sy,  0.0 ni, 99.8 id,  0.0 wa,  0.0 hi,  0.0 si,  0.0 st
KiB Mem : 65877712 total, 56343084 free,  1576184 used,  7958444 buff/cache
KiB Swap: 33554428 total, 32348644 free,  1205784 used. 63135920 avail Mem 
--
top - 13:07:29 up 105 days,  4:50,  0 users,  load average: 1.92, 1.08, 1.13
Tasks: 402 total,   2 running, 400 sleeping,   0 stopped,   0 zombie
%Cpu(s): 30.6 us,  0.2 sy,  0.0 ni, 69.2 id,  0.0 wa,  0.0 hi,  0.0 si,  0.0 st
KiB Mem : 65877712 total, 56273128 free,  1646140 used,  7958444 buff/cache
KiB Swap: 33554428 total, 32348644 free,  1205784 used. 63065964 avail Mem 
--
top - 13:07:34 up 105 days,  4:50,  0 users,  load average: 1.77, 1.06, 1.13
Tasks: 402 total,   1 running, 401 sleeping,   0 stopped,   0 zombie
%Cpu(s): 12.1 us,  0.0 sy,  0.0 ni, 87.9 id,  0.0 wa,  0.0 hi,  0.0 si,  0.0 st
KiB Mem : 65877712 total, 56335576 free,  1583692 used,  7958444 buff/cache
KiB Swap: 33554428 total, 32348644 free,  1205784 used. 63128412 avail Mem 
--
top - 13:07:39 up 105 days,  4:51,  0 users,  load average: 1.63, 1.04, 1.12
Tasks: 402 total,   1 running, 401 sleeping,   0 stopped,   0 zombie
%Cpu(s):  0.1 us,  0.0 sy,  0.0 ni, 99.9 id,  0.0 wa,  0.0 hi,  0.0 si,  0.0 st
KiB Mem : 65877712 total, 56320428 free,  1598840 used,  7958444 buff/cache
KiB Swap: 33554428 total, 32348644 free,  1205784 used. 63113264 avail Mem 
--
top - 13:07:44 up 105 days,  4:51,  0 users,  load average: 1.50, 1.02, 1.12
Tasks: 402 total,   2 running, 400 sleeping,   0 stopped,   0 zombie
%Cpu(s):  0.1 us,  0.1 sy,  0.0 ni, 99.8 id,  0.0 wa,  0.0 hi,  0.0 si,  0.0 st
KiB Mem : 65877712 total, 56292836 free,  1626432 used,  7958444 buff/cache
KiB Swap: 33554428 total, 32348644 free,  1205784 used. 63085672 avail Mem 
--
top - 13:07:49 up 105 days,  4:51,  0 users,  load average: 1.38, 1.01, 1.11
Tasks: 401 total,   1 running, 400 sleeping,   0 stopped,   0 zombie
%Cpu(s):  0.1 us,  0.1 sy,  0.0 ni, 99.8 id,  0.0 wa,  0.0 hi,  0.0 si,  0.0 st
KiB Mem : 65877712 total, 56261848 free,  1657416 used,  7958448 buff/cache
KiB Swap: 33554428 total, 32348644 free,  1205784 used. 63054684 avail Mem 
--
top - 13:07:54 up 105 days,  4:51,  0 users,  load average: 3.75, 1.50, 1.27
Tasks: 401 total,   1 running, 400 sleeping,   0 stopped,   0 zombie
%Cpu(s): 47.3 us,  0.4 sy,  0.0 ni, 52.3 id,  0.0 wa,  0.0 hi,  0.0 si,  0.0 st
KiB Mem : 65877712 total, 56181472 free,  1737792 used,  7958448 buff/cache
KiB Swap: 33554428 total, 32348644 free,  1205784 used. 62974312 avail Mem 
--
top - 13:07:59 up 105 days,  4:51,  0 users,  load average: 3.45, 1.48, 1.26
Tasks: 401 total,   1 running, 400 sleeping,   0 stopped,   0 zombie
%Cpu(s):  0.1 us,  0.1 sy,  0.0 ni, 99.8 id,  0.0 wa,  0.0 hi,  0.0 si,  0.0 st
KiB Mem : 65877712 total, 56258520 free,  1660744 used,  7958448 buff/cache
KiB Swap: 33554428 total, 32348644 free,  1205784 used. 63051360 avail Mem 
--
top - 13:08:04 up 105 days,  4:51,  0 users,  load average: 3.17, 1.45, 1.26
Tasks: 401 total,   1 running, 400 sleeping,   0 stopped,   0 zombie
%Cpu(s):  0.5 us,  0.3 sy,  0.0 ni, 98.5 id,  0.6 wa,  0.0 hi,  0.0 si,  0.0 st
KiB Mem : 65877712 total, 56221268 free,  1697992 used,  7958452 buff/cache
KiB Swap: 33554428 total, 32348644 free,  1205784 used. 63014112 avail Mem 
--
top - 13:08:09 up 105 days,  4:51,  0 users,  load average: 2.92, 1.43, 1.25
Tasks: 401 total,   1 running, 400 sleeping,   0 stopped,   0 zombie
%Cpu(s):  0.1 us,  0.1 sy,  0.0 ni, 99.8 id,  0.0 wa,  0.0 hi,  0.0 si,  0.0 st
KiB Mem : 65877712 total, 56189244 free,  1730016 used,  7958452 buff/cache
KiB Swap: 33554428 total, 32348644 free,  1205784 used. 62982088 avail Mem 
--
top - 13:08:14 up 105 days,  4:51,  0 users,  load average: 4.53, 1.79, 1.37
Tasks: 402 total,   1 running, 401 sleeping,   0 stopped,   0 zombie
%Cpu(s): 42.9 us,  0.6 sy,  0.0 ni, 56.5 id,  0.0 wa,  0.0 hi,  0.0 si,  0.0 st
KiB Mem : 65877712 total, 56120680 free,  1798580 used,  7958452 buff/cache
KiB Swap: 33554428 total, 32348644 free,  1205784 used. 62913524 avail Mem 
