10.149.0.63
2023/12/27 13:08:19 Master node address: http://10.149.0.56:8000
2023/12/27 13:08:19 Benchmarking worker...
2023/12/27 13:08:21 Worker registered (1773 MCUPS). Waiting for work...
2023/12/27 13:09:22 Got work. Start calculating alignments...
2023/12/27 13:09:22 Calculating 1942 queries
2023/12/27 13:09:28 Done calculating alignments.
2023/12/27 13:09:28 Waiting for work...
2023/12/27 13:10:02 Got work. Start calculating alignments...
2023/12/27 13:10:02 Calculating 1942 queries
2023/12/27 13:10:07 Done calculating alignments.
2023/12/27 13:10:07 Waiting for work...
2023/12/27 13:10:43 Got work. Start calculating alignments...
2023/12/27 13:10:43 Calculating 1942 queries
2023/12/27 13:10:49 Done calculating alignments.
2023/12/27 13:10:49 Waiting for work...
2023/12/27 13:11:21 Got work. Start calculating alignments...
2023/12/27 13:11:21 Calculating 1942 queries
2023/12/27 13:11:29 Done calculating alignments.
2023/12/27 13:11:29 Waiting for work...
2023/12/27 13:12:01 Got work. Start calculating alignments...
2023/12/27 13:12:01 Calculating 1942 queries
2023/12/27 13:12:06 Done calculating alignments.
2023/12/27 13:12:06 Waiting for work...
slurmstepd: error: *** JOB 4753349 ON node063 CANCELLED AT 2023-12-27T13:12:11 ***
