Job id: 4753315
Worker ip: 10.149.0.59
Master ip: 10.149.0.54
--
top - 13:03:26 up 105 days,  4:47,  0 users,  load average: 0.12, 0.61, 1.16
Tasks: 396 total,   1 running, 395 sleeping,   0 stopped,   0 zombie
%Cpu(s):  3.6 us,  4.5 sy,  0.0 ni, 91.7 id,  0.0 wa,  0.0 hi,  0.2 si,  0.0 st
KiB Mem : 65877692 total, 49401636 free,  1198876 used, 15277180 buff/cache
KiB Swap: 33554428 total, 32369648 free,  1184780 used. 63458692 avail Mem 
--
top - 13:03:31 up 105 days,  4:47,  0 users,  load average: 0.11, 0.60, 1.16
Tasks: 398 total,   1 running, 397 sleeping,   0 stopped,   0 zombie
%Cpu(s):  1.6 us,  0.3 sy,  0.0 ni, 98.0 id,  0.0 wa,  0.0 hi,  0.0 si,  0.0 st
KiB Mem : 65877692 total, 49383984 free,  1209888 used, 15283820 buff/cache
KiB Swap: 33554428 total, 32369648 free,  1184780 used. 63447628 avail Mem 
--
top - 13:03:36 up 105 days,  4:47,  0 users,  load average: 0.10, 0.59, 1.15
Tasks: 398 total,   1 running, 397 sleeping,   0 stopped,   0 zombie
%Cpu(s):  0.0 us,  0.0 sy,  0.0 ni,100.0 id,  0.0 wa,  0.0 hi,  0.0 si,  0.0 st
KiB Mem : 65877692 total, 49385164 free,  1208708 used, 15283820 buff/cache
KiB Swap: 33554428 total, 32369648 free,  1184780 used. 63448808 avail Mem 
--
top - 13:03:41 up 105 days,  4:47,  0 users,  load average: 0.09, 0.58, 1.15
Tasks: 398 total,   1 running, 397 sleeping,   0 stopped,   0 zombie
%Cpu(s):  0.0 us,  0.0 sy,  0.0 ni,100.0 id,  0.0 wa,  0.0 hi,  0.0 si,  0.0 st
KiB Mem : 65877692 total, 49385776 free,  1208096 used, 15283820 buff/cache
KiB Swap: 33554428 total, 32369648 free,  1184780 used. 63449420 avail Mem 
--
top - 13:03:46 up 105 days,  4:47,  0 users,  load average: 0.08, 0.57, 1.14
Tasks: 398 total,   1 running, 397 sleeping,   0 stopped,   0 zombie
%Cpu(s):  0.0 us,  0.0 sy,  0.0 ni,100.0 id,  0.0 wa,  0.0 hi,  0.0 si,  0.0 st
KiB Mem : 65877692 total, 49386504 free,  1207368 used, 15283820 buff/cache
KiB Swap: 33554428 total, 32369648 free,  1184780 used. 63450148 avail Mem 
--
top - 13:03:51 up 105 days,  4:47,  0 users,  load average: 0.08, 0.56, 1.13
Tasks: 398 total,   1 running, 397 sleeping,   0 stopped,   0 zombie
%Cpu(s):  0.0 us,  0.0 sy,  0.0 ni,100.0 id,  0.0 wa,  0.0 hi,  0.0 si,  0.0 st
KiB Mem : 65877692 total, 49387248 free,  1206624 used, 15283820 buff/cache
KiB Swap: 33554428 total, 32369648 free,  1184780 used. 63450892 avail Mem 
--
top - 13:03:56 up 105 days,  4:47,  0 users,  load average: 0.07, 0.55, 1.13
Tasks: 398 total,   1 running, 397 sleeping,   0 stopped,   0 zombie
%Cpu(s):  0.0 us,  0.0 sy,  0.0 ni,100.0 id,  0.0 wa,  0.0 hi,  0.0 si,  0.0 st
KiB Mem : 65877692 total, 49387804 free,  1206068 used, 15283820 buff/cache
KiB Swap: 33554428 total, 32369648 free,  1184780 used. 63451448 avail Mem 
--
top - 13:04:01 up 105 days,  4:47,  0 users,  load average: 0.06, 0.54, 1.12
Tasks: 398 total,   1 running, 397 sleeping,   0 stopped,   0 zombie
%Cpu(s):  0.5 us,  0.3 sy,  0.0 ni, 98.8 id,  0.3 wa,  0.0 hi,  0.0 si,  0.0 st
KiB Mem : 65877692 total, 49346592 free,  1247280 used, 15283820 buff/cache
KiB Swap: 33554428 total, 32369648 free,  1184780 used. 63410236 avail Mem 
--
top - 13:04:06 up 105 days,  4:47,  0 users,  load average: 0.06, 0.54, 1.12
Tasks: 401 total,   2 running, 399 sleeping,   0 stopped,   0 zombie
%Cpu(s): 42.5 us,  0.4 sy,  0.0 ni, 57.0 id,  0.0 wa,  0.0 hi,  0.0 si,  0.0 st
KiB Mem : 65877692 total, 49053520 free,  1540352 used, 15283820 buff/cache
KiB Swap: 33554428 total, 32369648 free,  1184780 used. 63117164 avail Mem 
--
top - 13:04:11 up 105 days,  4:48,  0 users,  load average: 1.74, 0.87, 1.22
Tasks: 401 total,   1 running, 400 sleeping,   0 stopped,   0 zombie
%Cpu(s): 45.4 us,  0.3 sy,  0.0 ni, 54.3 id,  0.0 wa,  0.0 hi,  0.0 si,  0.0 st
KiB Mem : 65877692 total, 48976004 free,  1617868 used, 15283820 buff/cache
KiB Swap: 33554428 total, 32369648 free,  1184780 used. 63039648 avail Mem 
--
top - 13:04:16 up 105 days,  4:48,  0 users,  load average: 4.16, 1.39, 1.39
Tasks: 401 total,   1 running, 400 sleeping,   0 stopped,   0 zombie
%Cpu(s): 44.4 us,  0.2 sy,  0.0 ni, 55.3 id,  0.0 wa,  0.0 hi,  0.0 si,  0.0 st
KiB Mem : 65877692 total, 48871472 free,  1722400 used, 15283820 buff/cache
KiB Swap: 33554428 total, 32369648 free,  1184780 used. 62935116 avail Mem 
--
top - 13:04:21 up 105 days,  4:48,  0 users,  load average: 3.83, 1.37, 1.38
Tasks: 401 total,   2 running, 399 sleeping,   0 stopped,   0 zombie
%Cpu(s): 21.9 us,  0.3 sy,  0.0 ni, 77.8 id,  0.0 wa,  0.0 hi,  0.0 si,  0.0 st
KiB Mem : 65877692 total, 48851688 free,  1742180 used, 15283824 buff/cache
KiB Swap: 33554428 total, 32369648 free,  1184780 used. 62915336 avail Mem 
--
top - 13:04:26 up 105 days,  4:48,  0 users,  load average: 3.52, 1.35, 1.37
Tasks: 401 total,   1 running, 400 sleeping,   0 stopped,   0 zombie
%Cpu(s): 25.0 us,  0.1 sy,  0.0 ni, 74.8 id,  0.0 wa,  0.0 hi,  0.0 si,  0.0 st
KiB Mem : 65877692 total, 48833912 free,  1759956 used, 15283824 buff/cache
KiB Swap: 33554428 total, 32369648 free,  1184780 used. 62897560 avail Mem 
