10.149.0.35
2023/12/27 13:08:19 Master node address: http://10.149.0.56:8000
2023/12/27 13:08:19 Benchmarking worker...
2023/12/27 13:08:21 Worker registered (1796 MCUPS). Waiting for work...
2023/12/27 13:09:22 Got work. Start calculating alignments...
2023/12/27 13:09:22 Calculating 1968 queries
2023/12/27 13:09:28 Done calculating alignments.
2023/12/27 13:09:28 Waiting for work...
2023/12/27 13:10:02 Got work. Start calculating alignments...
2023/12/27 13:10:02 Calculating 1967 queries
2023/12/27 13:10:08 Done calculating alignments.
2023/12/27 13:10:08 Waiting for work...
2023/12/27 13:10:42 Got work. Start calculating alignments...
2023/12/27 13:10:42 Calculating 1968 queries
2023/12/27 13:10:47 Done calculating alignments.
2023/12/27 13:10:47 Waiting for work...
2023/12/27 13:11:21 Got work. Start calculating alignments...
2023/12/27 13:11:21 Calculating 1966 queries
2023/12/27 13:11:26 Done calculating alignments.
2023/12/27 13:11:26 Waiting for work...
2023/12/27 13:12:01 Got work. Start calculating alignments...
2023/12/27 13:12:01 Calculating 1967 queries
2023/12/27 13:12:07 Done calculating alignments.
2023/12/27 13:12:07 Waiting for work...
slurmstepd: error: *** JOB 4753353 ON node035 CANCELLED AT 2023-12-27T13:12:11 ***
