Job id: 4753408
Master ip: 10.149.0.54
--
top - 13:17:26 up 105 days,  4:59,  0 users,  load average: 0.90, 1.94, 1.22
Tasks: 410 total,   1 running, 409 sleeping,   0 stopped,   0 zombie
%Cpu(s):  2.3 us,  0.7 sy,  0.0 ni, 96.9 id,  0.0 wa,  0.0 hi,  0.0 si,  0.0 st
KiB Mem : 65877712 total, 50059384 free,  1165132 used, 14653196 buff/cache
KiB Swap: 33554428 total, 32100164 free,  1454264 used. 63535508 avail Mem 
--
top - 13:17:31 up 105 days,  4:59,  0 users,  load average: 0.83, 1.91, 1.22
Tasks: 410 total,   1 running, 409 sleeping,   0 stopped,   0 zombie
%Cpu(s):  0.8 us,  0.1 sy,  0.0 ni, 99.1 id,  0.0 wa,  0.0 hi,  0.0 si,  0.0 st
KiB Mem : 65877712 total, 50034188 free,  1190172 used, 14653352 buff/cache
KiB Swap: 33554428 total, 32100164 free,  1454264 used. 63510420 avail Mem 
--
top - 13:17:36 up 105 days,  4:59,  0 users,  load average: 0.76, 1.88, 1.21
Tasks: 410 total,   1 running, 409 sleeping,   0 stopped,   0 zombie
%Cpu(s):  0.2 us,  0.0 sy,  0.0 ni, 99.7 id,  0.0 wa,  0.0 hi,  0.0 si,  0.0 st
KiB Mem : 65877712 total, 50034244 free,  1190116 used, 14653352 buff/cache
KiB Swap: 33554428 total, 32100164 free,  1454264 used. 63510476 avail Mem 
--
top - 13:17:41 up 105 days,  5:00,  0 users,  load average: 0.78, 1.86, 1.21
Tasks: 410 total,   1 running, 409 sleeping,   0 stopped,   0 zombie
%Cpu(s):  0.3 us,  0.1 sy,  0.0 ni, 99.7 id,  0.0 wa,  0.0 hi,  0.0 si,  0.0 st
KiB Mem : 65877712 total, 50033284 free,  1191076 used, 14653352 buff/cache
KiB Swap: 33554428 total, 32100164 free,  1454264 used. 63509516 avail Mem 
--
top - 13:17:46 up 105 days,  5:00,  0 users,  load average: 0.72, 1.83, 1.20
Tasks: 410 total,   1 running, 409 sleeping,   0 stopped,   0 zombie
%Cpu(s):  0.3 us,  0.0 sy,  0.0 ni, 99.7 id,  0.0 wa,  0.0 hi,  0.0 si,  0.0 st
KiB Mem : 65877712 total, 50033504 free,  1190856 used, 14653352 buff/cache
KiB Swap: 33554428 total, 32100164 free,  1454264 used. 63509736 avail Mem 
--
top - 13:17:51 up 105 days,  5:00,  0 users,  load average: 0.66, 1.80, 1.20
Tasks: 410 total,   1 running, 409 sleeping,   0 stopped,   0 zombie
%Cpu(s):  0.3 us,  0.0 sy,  0.0 ni, 99.7 id,  0.0 wa,  0.0 hi,  0.0 si,  0.0 st
KiB Mem : 65877712 total, 50033592 free,  1190768 used, 14653352 buff/cache
KiB Swap: 33554428 total, 32100164 free,  1454264 used. 63509824 avail Mem 
--
top - 13:17:56 up 105 days,  5:00,  0 users,  load average: 0.61, 1.77, 1.19
Tasks: 410 total,   1 running, 409 sleeping,   0 stopped,   0 zombie
%Cpu(s):  0.3 us,  0.0 sy,  0.0 ni, 99.7 id,  0.0 wa,  0.0 hi,  0.0 si,  0.0 st
KiB Mem : 65877712 total, 50034400 free,  1189960 used, 14653352 buff/cache
KiB Swap: 33554428 total, 32100164 free,  1454264 used. 63510632 avail Mem 
--
top - 13:18:01 up 105 days,  5:00,  0 users,  load average: 0.56, 1.74, 1.18
Tasks: 410 total,   1 running, 409 sleeping,   0 stopped,   0 zombie
%Cpu(s):  0.6 us,  0.2 sy,  0.0 ni, 98.8 id,  0.3 wa,  0.0 hi,  0.0 si,  0.0 st
KiB Mem : 65877712 total, 50028960 free,  1195352 used, 14653400 buff/cache
KiB Swap: 33554428 total, 32100164 free,  1454264 used. 63505200 avail Mem 
--
top - 13:18:06 up 105 days,  5:00,  0 users,  load average: 0.59, 1.73, 1.18
Tasks: 411 total,   2 running, 409 sleeping,   0 stopped,   0 zombie
%Cpu(s):  2.3 us,  0.2 sy,  0.0 ni, 97.5 id,  0.0 wa,  0.0 hi,  0.0 si,  0.0 st
KiB Mem : 65877712 total, 49581572 free,  1642788 used, 14653352 buff/cache
KiB Swap: 33554428 total, 32100164 free,  1454264 used. 63057812 avail Mem 
--
top - 13:18:11 up 105 days,  5:00,  0 users,  load average: 0.63, 1.72, 1.18
Tasks: 411 total,   2 running, 409 sleeping,   0 stopped,   0 zombie
%Cpu(s):  3.0 us,  0.1 sy,  0.0 ni, 96.8 id,  0.0 wa,  0.0 hi,  0.0 si,  0.0 st
KiB Mem : 65877712 total, 49583588 free,  1640768 used, 14653356 buff/cache
KiB Swap: 33554428 total, 32100164 free,  1454264 used. 63059828 avail Mem 
--
top - 13:18:16 up 105 days,  5:00,  0 users,  load average: 0.66, 1.70, 1.18
Tasks: 411 total,   2 running, 409 sleeping,   0 stopped,   0 zombie
%Cpu(s):  3.0 us,  0.1 sy,  0.0 ni, 96.8 id,  0.0 wa,  0.0 hi,  0.1 si,  0.0 st
KiB Mem : 65877712 total, 49583936 free,  1640420 used, 14653356 buff/cache
KiB Swap: 33554428 total, 32100164 free,  1454264 used. 63060176 avail Mem 
--
top - 13:18:21 up 105 days,  5:00,  0 users,  load average: 0.68, 1.69, 1.18
Tasks: 411 total,   2 running, 409 sleeping,   0 stopped,   0 zombie
%Cpu(s):  3.0 us,  0.1 sy,  0.0 ni, 96.9 id,  0.0 wa,  0.0 hi,  0.1 si,  0.0 st
KiB Mem : 65877712 total, 49584292 free,  1640060 used, 14653360 buff/cache
KiB Swap: 33554428 total, 32100164 free,  1454264 used. 63060532 avail Mem 
--
top - 13:18:26 up 105 days,  5:00,  0 users,  load average: 0.71, 1.68, 1.18
Tasks: 411 total,   2 running, 409 sleeping,   0 stopped,   0 zombie
%Cpu(s):  3.0 us,  0.1 sy,  0.0 ni, 96.8 id,  0.0 wa,  0.0 hi,  0.1 si,  0.0 st
KiB Mem : 65877712 total, 49584784 free,  1639568 used, 14653360 buff/cache
KiB Swap: 33554428 total, 32100164 free,  1454264 used. 63061024 avail Mem 
--
top - 13:18:31 up 105 days,  5:00,  0 users,  load average: 0.73, 1.67, 1.18
Tasks: 411 total,   2 running, 409 sleeping,   0 stopped,   0 zombie
%Cpu(s):  3.0 us,  0.1 sy,  0.0 ni, 96.9 id,  0.0 wa,  0.0 hi,  0.1 si,  0.0 st
KiB Mem : 65877712 total, 49585224 free,  1639128 used, 14653360 buff/cache
KiB Swap: 33554428 total, 32100164 free,  1454264 used. 63061464 avail Mem 
--
top - 13:18:36 up 105 days,  5:00,  0 users,  load average: 0.75, 1.66, 1.18
Tasks: 411 total,   2 running, 409 sleeping,   0 stopped,   0 zombie
%Cpu(s):  2.9 us,  0.0 sy,  0.0 ni, 97.0 id,  0.0 wa,  0.0 hi,  0.0 si,  0.0 st
KiB Mem : 65877712 total, 49564924 free,  1659372 used, 14653416 buff/cache
KiB Swap: 33554428 total, 32100164 free,  1454264 used. 63041196 avail Mem 
--
top - 13:18:41 up 105 days,  5:01,  0 users,  load average: 0.69, 1.63, 1.17
Tasks: 409 total,   2 running, 407 sleeping,   0 stopped,   0 zombie
%Cpu(s):  1.6 us,  0.1 sy,  0.0 ni, 98.3 id,  0.0 wa,  0.0 hi,  0.0 si,  0.0 st
KiB Mem : 65877712 total, 49480460 free,  1743836 used, 14653416 buff/cache
KiB Swap: 33554428 total, 32100164 free,  1454264 used. 62956732 avail Mem 
--
top - 13:18:46 up 105 days,  5:01,  0 users,  load average: 0.64, 1.60, 1.17
Tasks: 409 total,   2 running, 407 sleeping,   0 stopped,   0 zombie
%Cpu(s):  3.0 us,  0.1 sy,  0.0 ni, 96.9 id,  0.0 wa,  0.0 hi,  0.0 si,  0.0 st
KiB Mem : 65877712 total, 49249336 free,  1974956 used, 14653420 buff/cache
KiB Swap: 33554428 total, 32100164 free,  1454264 used. 62725608 avail Mem 
--
top - 13:18:51 up 105 days,  5:01,  0 users,  load average: 0.67, 1.59, 1.16
Tasks: 409 total,   2 running, 407 sleeping,   0 stopped,   0 zombie
%Cpu(s):  3.0 us,  0.1 sy,  0.0 ni, 96.9 id,  0.0 wa,  0.0 hi,  0.0 si,  0.0 st
KiB Mem : 65877712 total, 49250716 free,  1973576 used, 14653420 buff/cache
KiB Swap: 33554428 total, 32100164 free,  1454264 used. 62726988 avail Mem 
--
top - 13:18:56 up 105 days,  5:01,  0 users,  load average: 0.69, 1.58, 1.16
Tasks: 409 total,   2 running, 407 sleeping,   0 stopped,   0 zombie
%Cpu(s):  3.0 us,  0.1 sy,  0.0 ni, 96.8 id,  0.0 wa,  0.0 hi,  0.1 si,  0.0 st
KiB Mem : 65877712 total, 49250756 free,  1973504 used, 14653452 buff/cache
KiB Swap: 33554428 total, 32100164 free,  1454264 used. 62727028 avail Mem 
--
top - 13:19:01 up 105 days,  5:01,  0 users,  load average: 0.72, 1.57, 1.16
Tasks: 405 total,   2 running, 403 sleeping,   0 stopped,   0 zombie
%Cpu(s):  3.0 us,  0.1 sy,  0.0 ni, 96.8 id,  0.0 wa,  0.0 hi,  0.1 si,  0.0 st
KiB Mem : 65877712 total, 49250956 free,  1973304 used, 14653452 buff/cache
KiB Swap: 33554428 total, 32100164 free,  1454264 used. 62727228 avail Mem 
--
top - 13:19:06 up 105 days,  5:01,  0 users,  load average: 0.74, 1.56, 1.16
Tasks: 405 total,   2 running, 403 sleeping,   0 stopped,   0 zombie
%Cpu(s):  3.0 us,  0.1 sy,  0.0 ni, 96.9 id,  0.0 wa,  0.0 hi,  0.0 si,  0.0 st
KiB Mem : 65877712 total, 49251320 free,  1972940 used, 14653452 buff/cache
KiB Swap: 33554428 total, 32100164 free,  1454264 used. 62727592 avail Mem 
--
top - 13:19:11 up 105 days,  5:01,  0 users,  load average: 0.68, 1.54, 1.16
Tasks: 404 total,   1 running, 403 sleeping,   0 stopped,   0 zombie
%Cpu(s):  2.7 us,  0.1 sy,  0.0 ni, 97.2 id,  0.0 wa,  0.0 hi,  0.0 si,  0.0 st
KiB Mem : 65877712 total, 49251560 free,  1972700 used, 14653452 buff/cache
KiB Swap: 33554428 total, 32100164 free,  1454264 used. 62727832 avail Mem 
--
top - 13:19:16 up 105 days,  5:01,  0 users,  load average: 0.71, 1.53, 1.15
Tasks: 404 total,   2 running, 402 sleeping,   0 stopped,   0 zombie
%Cpu(s):  2.9 us,  0.0 sy,  0.0 ni, 97.0 id,  0.0 wa,  0.0 hi,  0.0 si,  0.0 st
KiB Mem : 65877712 total, 49219396 free,  2004820 used, 14653496 buff/cache
KiB Swap: 33554428 total, 32100164 free,  1454264 used. 62695692 avail Mem 
--
top - 13:19:21 up 105 days,  5:01,  0 users,  load average: 0.65, 1.50, 1.15
Tasks: 404 total,   2 running, 402 sleeping,   0 stopped,   0 zombie
%Cpu(s):  1.5 us,  0.1 sy,  0.0 ni, 98.4 id,  0.0 wa,  0.0 hi,  0.0 si,  0.0 st
KiB Mem : 65877712 total, 49221212 free,  2002972 used, 14653528 buff/cache
KiB Swap: 33554428 total, 32100164 free,  1454264 used. 62697572 avail Mem 
--
top - 13:19:26 up 105 days,  5:01,  0 users,  load average: 1.24, 1.61, 1.18
Tasks: 406 total,   2 running, 404 sleeping,   0 stopped,   0 zombie
%Cpu(s):  3.0 us,  0.1 sy,  0.0 ni, 92.7 id,  4.2 wa,  0.0 hi,  0.1 si,  0.0 st
KiB Mem : 65877712 total, 48952648 free,  2271532 used, 14653532 buff/cache
KiB Swap: 33554428 total, 32100164 free,  1454264 used. 62429012 avail Mem 
--
top - 13:19:31 up 105 days,  5:01,  0 users,  load average: 1.78, 1.72, 1.22
Tasks: 406 total,   2 running, 404 sleeping,   0 stopped,   0 zombie
%Cpu(s):  3.0 us,  0.1 sy,  0.0 ni, 90.6 id,  6.2 wa,  0.0 hi,  0.1 si,  0.0 st
KiB Mem : 65877712 total, 48952976 free,  2271204 used, 14653532 buff/cache
KiB Swap: 33554428 total, 32100164 free,  1454264 used. 62429340 avail Mem 
--
top - 13:19:36 up 105 days,  5:01,  0 users,  load average: 1.72, 1.71, 1.22
Tasks: 406 total,   2 running, 404 sleeping,   0 stopped,   0 zombie
%Cpu(s):  3.0 us,  0.1 sy,  0.0 ni, 94.8 id,  2.0 wa,  0.0 hi,  0.1 si,  0.0 st
KiB Mem : 65877712 total, 48953780 free,  2270400 used, 14653532 buff/cache
KiB Swap: 33554428 total, 32100164 free,  1454264 used. 62430144 avail Mem 
--
top - 13:19:41 up 105 days,  5:02,  0 users,  load average: 1.66, 1.70, 1.22
Tasks: 406 total,   2 running, 404 sleeping,   0 stopped,   0 zombie
%Cpu(s):  3.0 us,  0.1 sy,  0.0 ni, 96.8 id,  0.0 wa,  0.0 hi,  0.1 si,  0.0 st
KiB Mem : 65877712 total, 48953676 free,  2270504 used, 14653532 buff/cache
KiB Swap: 33554428 total, 32100164 free,  1454264 used. 62430040 avail Mem 
--
top - 13:19:47 up 105 days,  5:02,  0 users,  load average: 2.17, 1.80, 1.26
Tasks: 406 total,   2 running, 404 sleeping,   0 stopped,   0 zombie
%Cpu(s):  3.0 us,  0.1 sy,  0.0 ni, 90.6 id,  6.2 wa,  0.0 hi,  0.1 si,  0.0 st
KiB Mem : 65877712 total, 48953780 free,  2270400 used, 14653532 buff/cache
KiB Swap: 33554428 total, 32100164 free,  1454264 used. 62430144 avail Mem 
--
top - 13:19:52 up 105 days,  5:02,  0 users,  load average: 2.63, 1.90, 1.29
Tasks: 407 total,   2 running, 405 sleeping,   0 stopped,   0 zombie
%Cpu(s):  3.0 us,  0.1 sy,  0.0 ni, 90.6 id,  6.2 wa,  0.0 hi,  0.0 si,  0.0 st
KiB Mem : 65877712 total, 48953812 free,  2270336 used, 14653564 buff/cache
KiB Swap: 33554428 total, 32100164 free,  1454264 used. 62430176 avail Mem 
--
top - 13:19:57 up 105 days,  5:02,  0 users,  load average: 2.50, 1.89, 1.29
Tasks: 407 total,   2 running, 405 sleeping,   0 stopped,   0 zombie
%Cpu(s):  2.7 us,  0.0 sy,  0.0 ni, 97.0 id,  0.3 wa,  0.0 hi,  0.0 si,  0.0 st
KiB Mem : 65877712 total, 48938208 free,  2285924 used, 14653580 buff/cache
KiB Swap: 33554428 total, 32100164 free,  1454264 used. 62414580 avail Mem 
--
top - 13:20:02 up 105 days,  5:02,  0 users,  load average: 2.30, 1.86, 1.28
Tasks: 407 total,   2 running, 405 sleeping,   0 stopped,   0 zombie
%Cpu(s):  2.0 us,  0.3 sy,  0.0 ni, 97.2 id,  0.4 wa,  0.0 hi,  0.0 si,  0.0 st
KiB Mem : 65877712 total, 48931596 free,  2292536 used, 14653580 buff/cache
KiB Swap: 33554428 total, 32100164 free,  1454264 used. 62408008 avail Mem 
--
top - 13:20:07 up 105 days,  5:02,  0 users,  load average: 2.20, 1.84, 1.28
Tasks: 407 total,   2 running, 405 sleeping,   0 stopped,   0 zombie
%Cpu(s):  2.9 us,  0.1 sy,  0.0 ni, 96.9 id,  0.0 wa,  0.0 hi,  0.1 si,  0.0 st
KiB Mem : 65877712 total, 48675412 free,  2548692 used, 14653608 buff/cache
KiB Swap: 33554428 total, 32100164 free,  1454264 used. 62151844 avail Mem 
--
top - 13:20:12 up 105 days,  5:02,  0 users,  load average: 2.10, 1.83, 1.28
Tasks: 407 total,   2 running, 405 sleeping,   0 stopped,   0 zombie
%Cpu(s):  3.0 us,  0.1 sy,  0.0 ni, 96.8 id,  0.0 wa,  0.0 hi,  0.1 si,  0.0 st
KiB Mem : 65877712 total, 48675820 free,  2548280 used, 14653612 buff/cache
KiB Swap: 33554428 total, 32100164 free,  1454264 used. 62152252 avail Mem 
--
top - 13:20:17 up 105 days,  5:02,  0 users,  load average: 2.01, 1.81, 1.28
Tasks: 407 total,   2 running, 405 sleeping,   0 stopped,   0 zombie
%Cpu(s):  3.0 us,  0.1 sy,  0.0 ni, 96.9 id,  0.0 wa,  0.0 hi,  0.1 si,  0.0 st
KiB Mem : 65877712 total, 48676884 free,  2547216 used, 14653612 buff/cache
KiB Swap: 33554428 total, 32100164 free,  1454264 used. 62153316 avail Mem 
--
top - 13:20:22 up 105 days,  5:02,  0 users,  load average: 1.93, 1.80, 1.28
Tasks: 407 total,   2 running, 405 sleeping,   0 stopped,   0 zombie
%Cpu(s):  3.0 us,  0.1 sy,  0.0 ni, 96.9 id,  0.0 wa,  0.0 hi,  0.1 si,  0.0 st
KiB Mem : 65877712 total, 48677060 free,  2547040 used, 14653612 buff/cache
KiB Swap: 33554428 total, 32100164 free,  1454264 used. 62153492 avail Mem 
--
top - 13:20:27 up 105 days,  5:02,  0 users,  load average: 1.86, 1.79, 1.28
Tasks: 407 total,   2 running, 405 sleeping,   0 stopped,   0 zombie
%Cpu(s):  3.0 us,  0.1 sy,  0.0 ni, 96.8 id,  0.0 wa,  0.0 hi,  0.1 si,  0.0 st
KiB Mem : 65877712 total, 48678012 free,  2546088 used, 14653612 buff/cache
KiB Swap: 33554428 total, 32100164 free,  1454264 used. 62154444 avail Mem 
--
top - 13:20:32 up 105 days,  5:02,  0 users,  load average: 1.71, 1.76, 1.27
Tasks: 407 total,   2 running, 405 sleeping,   0 stopped,   0 zombie
%Cpu(s):  3.1 us,  0.0 sy,  0.0 ni, 96.8 id,  0.0 wa,  0.0 hi,  0.0 si,  0.0 st
KiB Mem : 65877712 total, 48666880 free,  2557164 used, 14653668 buff/cache
KiB Swap: 33554428 total, 32100164 free,  1454264 used. 62143356 avail Mem 
--
top - 13:20:37 up 105 days,  5:02,  0 users,  load average: 1.57, 1.73, 1.26
Tasks: 407 total,   2 running, 405 sleeping,   0 stopped,   0 zombie
%Cpu(s):  2.5 us,  0.0 sy,  0.0 ni, 97.5 id,  0.0 wa,  0.0 hi,  0.0 si,  0.0 st
KiB Mem : 65877712 total, 48650212 free,  2573792 used, 14653708 buff/cache
KiB Swap: 33554428 total, 32100164 free,  1454264 used. 62126700 avail Mem 
--
top - 13:20:42 up 105 days,  5:03,  0 users,  load average: 1.53, 1.72, 1.26
Tasks: 407 total,   2 running, 405 sleeping,   0 stopped,   0 zombie
%Cpu(s):  1.7 us,  0.1 sy,  0.0 ni, 98.1 id,  0.0 wa,  0.0 hi,  0.0 si,  0.0 st
KiB Mem : 65877712 total, 48605116 free,  2618888 used, 14653708 buff/cache
KiB Swap: 33554428 total, 32100164 free,  1454264 used. 62081628 avail Mem 
--
top - 13:20:47 up 105 days,  5:03,  0 users,  load average: 1.48, 1.70, 1.26
Tasks: 405 total,   2 running, 403 sleeping,   0 stopped,   0 zombie
%Cpu(s):  3.0 us,  0.1 sy,  0.0 ni, 96.9 id,  0.0 wa,  0.0 hi,  0.0 si,  0.0 st
KiB Mem : 65877712 total, 48397916 free,  2826084 used, 14653712 buff/cache
KiB Swap: 33554428 total, 32100164 free,  1454264 used. 61874428 avail Mem 
--
top - 13:20:52 up 105 days,  5:03,  0 users,  load average: 1.45, 1.69, 1.26
Tasks: 401 total,   2 running, 399 sleeping,   0 stopped,   0 zombie
%Cpu(s):  3.0 us,  0.1 sy,  0.0 ni, 96.9 id,  0.0 wa,  0.0 hi,  0.0 si,  0.0 st
KiB Mem : 65877712 total, 48399180 free,  2824820 used, 14653712 buff/cache
KiB Swap: 33554428 total, 32100164 free,  1454264 used. 61875692 avail Mem 
--
top - 13:20:57 up 105 days,  5:03,  0 users,  load average: 1.41, 1.68, 1.26
Tasks: 400 total,   2 running, 398 sleeping,   0 stopped,   0 zombie
%Cpu(s):  3.0 us,  0.1 sy,  0.0 ni, 96.8 id,  0.0 wa,  0.0 hi,  0.1 si,  0.0 st
KiB Mem : 65877712 total, 48399380 free,  2824620 used, 14653712 buff/cache
KiB Swap: 33554428 total, 32100164 free,  1454264 used. 61875892 avail Mem 
--
top - 13:21:02 up 105 days,  5:03,  0 users,  load average: 1.38, 1.67, 1.26
Tasks: 397 total,   2 running, 395 sleeping,   0 stopped,   0 zombie
%Cpu(s):  3.0 us,  0.1 sy,  0.0 ni, 96.8 id,  0.0 wa,  0.0 hi,  0.1 si,  0.0 st
KiB Mem : 65877712 total, 48400288 free,  2823708 used, 14653716 buff/cache
KiB Swap: 33554428 total, 32100164 free,  1454264 used. 61876808 avail Mem 
--
top - 13:21:07 up 105 days,  5:03,  0 users,  load average: 1.35, 1.66, 1.25
Tasks: 397 total,   2 running, 395 sleeping,   0 stopped,   0 zombie
%Cpu(s):  3.0 us,  0.1 sy,  0.0 ni, 96.9 id,  0.0 wa,  0.0 hi,  0.1 si,  0.0 st
KiB Mem : 65877712 total, 48400404 free,  2823592 used, 14653716 buff/cache
KiB Swap: 33554428 total, 32100164 free,  1454264 used. 61876924 avail Mem 
--
top - 13:21:12 up 105 days,  5:03,  0 users,  load average: 1.32, 1.65, 1.25
Tasks: 397 total,   2 running, 395 sleeping,   0 stopped,   0 zombie
%Cpu(s):  3.0 us,  0.1 sy,  0.0 ni, 96.8 id,  0.0 wa,  0.0 hi,  0.1 si,  0.0 st
KiB Mem : 65877712 total, 48399356 free,  2824640 used, 14653716 buff/cache
KiB Swap: 33554428 total, 32100164 free,  1454264 used. 61875876 avail Mem 
--
top - 13:21:17 up 105 days,  5:03,  0 users,  load average: 1.21, 1.62, 1.25
Tasks: 397 total,   2 running, 395 sleeping,   0 stopped,   0 zombie
%Cpu(s):  2.4 us,  0.0 sy,  0.0 ni, 97.6 id,  0.0 wa,  0.0 hi,  0.0 si,  0.0 st
KiB Mem : 65877712 total, 48362060 free,  2861736 used, 14653916 buff/cache
KiB Swap: 33554428 total, 32100164 free,  1454264 used. 61838680 avail Mem 
