Job id: 4753423
Worker ip: 10.149.0.43
Master ip: 10.149.0.54
--
top - 13:17:28 up 105 days,  5:00,  0 users,  load average: 1.09, 0.84, 0.74
Tasks: 400 total,   1 running, 399 sleeping,   0 stopped,   0 zombie
%Cpu(s):  0.4 us,  0.9 sy,  0.0 ni, 98.5 id,  0.2 wa,  0.0 hi,  0.0 si,  0.0 st
KiB Mem : 65877712 total, 61879496 free,  1103936 used,  2894280 buff/cache
KiB Swap: 33554428 total, 32414144 free,  1140284 used. 63593788 avail Mem 
--
top - 13:17:33 up 105 days,  5:00,  0 users,  load average: 1.01, 0.82, 0.74
Tasks: 402 total,   2 running, 400 sleeping,   0 stopped,   0 zombie
%Cpu(s):  1.8 us,  0.5 sy,  0.0 ni, 97.7 id,  0.0 wa,  0.0 hi,  0.0 si,  0.0 st
KiB Mem : 65877712 total, 61850572 free,  1126168 used,  2900972 buff/cache
KiB Swap: 33554428 total, 32414144 free,  1140284 used. 63571476 avail Mem 
--
top - 13:17:38 up 105 days,  5:00,  0 users,  load average: 0.93, 0.81, 0.73
Tasks: 402 total,   1 running, 401 sleeping,   0 stopped,   0 zombie
%Cpu(s):  0.0 us,  0.0 sy,  0.0 ni,100.0 id,  0.0 wa,  0.0 hi,  0.0 si,  0.0 st
KiB Mem : 65877712 total, 61851168 free,  1125564 used,  2900980 buff/cache
KiB Swap: 33554428 total, 32414144 free,  1140284 used. 63572076 avail Mem 
--
top - 13:17:43 up 105 days,  5:00,  0 users,  load average: 0.85, 0.80, 0.73
Tasks: 402 total,   1 running, 401 sleeping,   0 stopped,   0 zombie
%Cpu(s):  0.0 us,  0.0 sy,  0.0 ni,100.0 id,  0.0 wa,  0.0 hi,  0.0 si,  0.0 st
KiB Mem : 65877712 total, 61852108 free,  1124624 used,  2900980 buff/cache
KiB Swap: 33554428 total, 32414144 free,  1140284 used. 63573016 avail Mem 
--
top - 13:17:48 up 105 days,  5:00,  0 users,  load average: 0.78, 0.78, 0.72
Tasks: 402 total,   1 running, 401 sleeping,   0 stopped,   0 zombie
%Cpu(s):  0.0 us,  0.0 sy,  0.0 ni,100.0 id,  0.0 wa,  0.0 hi,  0.0 si,  0.0 st
KiB Mem : 65877712 total, 61852696 free,  1124036 used,  2900980 buff/cache
KiB Swap: 33554428 total, 32414144 free,  1140284 used. 63573604 avail Mem 
--
top - 13:17:53 up 105 days,  5:01,  0 users,  load average: 0.72, 0.77, 0.72
Tasks: 402 total,   1 running, 401 sleeping,   0 stopped,   0 zombie
%Cpu(s):  0.0 us,  0.0 sy,  0.0 ni, 99.9 id,  0.0 wa,  0.0 hi,  0.0 si,  0.0 st
KiB Mem : 65877712 total, 61852400 free,  1124332 used,  2900980 buff/cache
KiB Swap: 33554428 total, 32414144 free,  1140284 used. 63573308 avail Mem 
--
top - 13:17:58 up 105 days,  5:01,  0 users,  load average: 0.66, 0.76, 0.72
Tasks: 403 total,   1 running, 402 sleeping,   0 stopped,   0 zombie
%Cpu(s):  0.0 us,  0.0 sy,  0.0 ni, 99.9 id,  0.1 wa,  0.0 hi,  0.0 si,  0.0 st
KiB Mem : 65877712 total, 61853136 free,  1123596 used,  2900980 buff/cache
KiB Swap: 33554428 total, 32414144 free,  1140284 used. 63574044 avail Mem 
--
top - 13:18:03 up 105 days,  5:01,  0 users,  load average: 0.61, 0.74, 0.71
Tasks: 403 total,   1 running, 402 sleeping,   0 stopped,   0 zombie
%Cpu(s):  0.4 us,  0.2 sy,  0.0 ni, 98.7 id,  0.6 wa,  0.0 hi,  0.0 si,  0.0 st
KiB Mem : 65877712 total, 61848148 free,  1128576 used,  2900988 buff/cache
KiB Swap: 33554428 total, 32414144 free,  1140284 used. 63569060 avail Mem 
--
top - 13:18:08 up 105 days,  5:01,  0 users,  load average: 0.56, 0.73, 0.71
Tasks: 403 total,   1 running, 402 sleeping,   0 stopped,   0 zombie
%Cpu(s):  0.0 us,  0.0 sy,  0.0 ni, 99.9 id,  0.0 wa,  0.0 hi,  0.0 si,  0.0 st
KiB Mem : 65877712 total, 61838624 free,  1138100 used,  2900988 buff/cache
KiB Swap: 33554428 total, 32414144 free,  1140284 used. 63559536 avail Mem 
--
top - 13:18:13 up 105 days,  5:01,  0 users,  load average: 0.52, 0.72, 0.70
Tasks: 403 total,   1 running, 402 sleeping,   0 stopped,   0 zombie
%Cpu(s):  0.1 us,  0.0 sy,  0.0 ni, 99.9 id,  0.0 wa,  0.0 hi,  0.0 si,  0.0 st
KiB Mem : 65877712 total, 61825032 free,  1151692 used,  2900988 buff/cache
KiB Swap: 33554428 total, 32414144 free,  1140284 used. 63545944 avail Mem 
--
top - 13:18:19 up 105 days,  5:01,  0 users,  load average: 0.47, 0.71, 0.70
Tasks: 403 total,   1 running, 402 sleeping,   0 stopped,   0 zombie
%Cpu(s):  0.1 us,  0.0 sy,  0.0 ni, 99.9 id,  0.0 wa,  0.0 hi,  0.0 si,  0.0 st
KiB Mem : 65877712 total, 61804384 free,  1172340 used,  2900988 buff/cache
KiB Swap: 33554428 total, 32414144 free,  1140284 used. 63525296 avail Mem 
--
top - 13:18:24 up 105 days,  5:01,  0 users,  load average: 0.44, 0.70, 0.70
Tasks: 403 total,   1 running, 402 sleeping,   0 stopped,   0 zombie
%Cpu(s):  0.1 us,  0.0 sy,  0.0 ni, 99.9 id,  0.0 wa,  0.0 hi,  0.0 si,  0.0 st
KiB Mem : 65877712 total, 61792452 free,  1184268 used,  2900992 buff/cache
KiB Swap: 33554428 total, 32414144 free,  1140284 used. 63513364 avail Mem 
--
top - 13:18:29 up 105 days,  5:01,  0 users,  load average: 0.40, 0.68, 0.69
Tasks: 403 total,   1 running, 402 sleeping,   0 stopped,   0 zombie
%Cpu(s):  0.1 us,  0.0 sy,  0.0 ni, 99.9 id,  0.0 wa,  0.0 hi,  0.0 si,  0.0 st
KiB Mem : 65877712 total, 61778532 free,  1198188 used,  2900992 buff/cache
KiB Swap: 33554428 total, 32414144 free,  1140284 used. 63499444 avail Mem 
--
top - 13:18:34 up 105 days,  5:01,  0 users,  load average: 2.45, 1.10, 0.83
Tasks: 403 total,   2 running, 401 sleeping,   0 stopped,   0 zombie
%Cpu(s): 27.9 us,  0.4 sy,  0.0 ni, 71.7 id,  0.0 wa,  0.0 hi,  0.0 si,  0.0 st
KiB Mem : 65877712 total, 61474796 free,  1501924 used,  2900992 buff/cache
KiB Swap: 33554428 total, 32414144 free,  1140284 used. 63195712 avail Mem 
--
top - 13:18:39 up 105 days,  5:01,  0 users,  load average: 2.25, 1.09, 0.82
Tasks: 403 total,   1 running, 402 sleeping,   0 stopped,   0 zombie
%Cpu(s): 12.9 us,  0.0 sy,  0.0 ni, 87.0 id,  0.0 wa,  0.0 hi,  0.0 si,  0.0 st
KiB Mem : 65877712 total, 61525548 free,  1451172 used,  2900992 buff/cache
KiB Swap: 33554428 total, 32414144 free,  1140284 used. 63246452 avail Mem 
--
top - 13:18:44 up 105 days,  5:01,  0 users,  load average: 2.07, 1.07, 0.82
Tasks: 402 total,   1 running, 401 sleeping,   0 stopped,   0 zombie
%Cpu(s):  0.0 us,  0.0 sy,  0.0 ni,100.0 id,  0.0 wa,  0.0 hi,  0.0 si,  0.0 st
KiB Mem : 65877712 total, 61528116 free,  1448604 used,  2900992 buff/cache
KiB Swap: 33554428 total, 32414144 free,  1140284 used. 63249020 avail Mem 
--
top - 13:18:49 up 105 days,  5:01,  0 users,  load average: 1.91, 1.05, 0.82
Tasks: 402 total,   1 running, 401 sleeping,   0 stopped,   0 zombie
%Cpu(s):  0.1 us,  0.0 sy,  0.0 ni, 99.9 id,  0.0 wa,  0.0 hi,  0.0 si,  0.0 st
KiB Mem : 65877712 total, 61515528 free,  1461192 used,  2900992 buff/cache
KiB Swap: 33554428 total, 32414144 free,  1140284 used. 63236444 avail Mem 
--
top - 13:18:54 up 105 days,  5:02,  0 users,  load average: 1.92, 1.07, 0.82
Tasks: 402 total,   1 running, 401 sleeping,   0 stopped,   0 zombie
%Cpu(s):  0.1 us,  0.1 sy,  0.0 ni, 99.8 id,  0.0 wa,  0.0 hi,  0.0 si,  0.0 st
KiB Mem : 65877712 total, 61498624 free,  1478096 used,  2900992 buff/cache
KiB Swap: 33554428 total, 32414144 free,  1140284 used. 63219540 avail Mem 
--
top - 13:18:59 up 105 days,  5:02,  0 users,  load average: 1.76, 1.05, 0.82
Tasks: 402 total,   1 running, 401 sleeping,   0 stopped,   0 zombie
%Cpu(s):  0.1 us,  0.0 sy,  0.0 ni, 99.9 id,  0.0 wa,  0.0 hi,  0.0 si,  0.0 st
KiB Mem : 65877712 total, 61485636 free,  1491084 used,  2900992 buff/cache
KiB Swap: 33554428 total, 32414144 free,  1140284 used. 63206552 avail Mem 
--
top - 13:19:04 up 105 days,  5:02,  0 users,  load average: 1.62, 1.03, 0.81
Tasks: 402 total,   1 running, 401 sleeping,   0 stopped,   0 zombie
%Cpu(s):  0.1 us,  0.1 sy,  0.0 ni, 99.9 id,  0.0 wa,  0.0 hi,  0.0 si,  0.0 st
KiB Mem : 65877712 total, 61464456 free,  1512264 used,  2900992 buff/cache
KiB Swap: 33554428 total, 32414144 free,  1140284 used. 63185372 avail Mem 
--
top - 13:19:09 up 105 days,  5:02,  0 users,  load average: 1.49, 1.01, 0.81
Tasks: 402 total,   1 running, 401 sleeping,   0 stopped,   0 zombie
%Cpu(s):  0.1 us,  0.1 sy,  0.0 ni, 99.8 id,  0.0 wa,  0.0 hi,  0.0 si,  0.0 st
KiB Mem : 65877712 total, 61446284 free,  1530436 used,  2900992 buff/cache
KiB Swap: 33554428 total, 32414144 free,  1140284 used. 63167200 avail Mem 
--
top - 13:19:14 up 105 days,  5:02,  0 users,  load average: 1.37, 1.00, 0.80
Tasks: 403 total,   1 running, 402 sleeping,   0 stopped,   0 zombie
%Cpu(s): 40.5 us,  0.2 sy,  0.0 ni, 59.3 id,  0.0 wa,  0.0 hi,  0.0 si,  0.0 st
KiB Mem : 65877712 total, 61351816 free,  1624904 used,  2900992 buff/cache
KiB Swap: 33554428 total, 32414144 free,  1140284 used. 63072732 avail Mem 
--
top - 13:19:19 up 105 days,  5:02,  0 users,  load average: 1.26, 0.98, 0.80
Tasks: 403 total,   1 running, 402 sleeping,   0 stopped,   0 zombie
%Cpu(s):  0.0 us,  0.0 sy,  0.0 ni, 99.9 id,  0.0 wa,  0.0 hi,  0.0 si,  0.0 st
KiB Mem : 65877712 total, 61422716 free,  1554000 used,  2900996 buff/cache
KiB Swap: 33554428 total, 32414144 free,  1140284 used. 63143760 avail Mem 
--
top - 13:19:24 up 105 days,  5:02,  0 users,  load average: 1.16, 0.96, 0.80
Tasks: 403 total,   1 running, 402 sleeping,   0 stopped,   0 zombie
%Cpu(s):  0.0 us,  0.0 sy,  0.0 ni, 99.4 id,  0.6 wa,  0.0 hi,  0.0 si,  0.0 st
KiB Mem : 65877712 total, 61424932 free,  1551784 used,  2900996 buff/cache
KiB Swap: 33554428 total, 32414144 free,  1140284 used. 63145852 avail Mem 
--
top - 13:19:29 up 105 days,  5:02,  0 users,  load average: 1.07, 0.95, 0.79
Tasks: 403 total,   1 running, 402 sleeping,   0 stopped,   0 zombie
%Cpu(s):  0.1 us,  0.1 sy,  0.0 ni, 99.8 id,  0.1 wa,  0.0 hi,  0.0 si,  0.0 st
KiB Mem : 65877712 total, 61412672 free,  1564044 used,  2900996 buff/cache
KiB Swap: 33554428 total, 32414144 free,  1140284 used. 63133592 avail Mem 
--
top - 13:19:34 up 105 days,  5:02,  0 users,  load average: 0.98, 0.93, 0.79
Tasks: 403 total,   1 running, 402 sleeping,   0 stopped,   0 zombie
%Cpu(s):  0.1 us,  0.1 sy,  0.0 ni, 99.9 id,  0.0 wa,  0.0 hi,  0.0 si,  0.0 st
KiB Mem : 65877712 total, 61400592 free,  1576124 used,  2900996 buff/cache
KiB Swap: 33554428 total, 32414144 free,  1140284 used. 63121512 avail Mem 
--
top - 13:19:39 up 105 days,  5:02,  0 users,  load average: 0.90, 0.92, 0.78
Tasks: 403 total,   1 running, 402 sleeping,   0 stopped,   0 zombie
%Cpu(s):  0.0 us,  0.1 sy,  0.0 ni, 99.9 id,  0.0 wa,  0.0 hi,  0.0 si,  0.0 st
KiB Mem : 65877712 total, 61384916 free,  1591800 used,  2900996 buff/cache
KiB Swap: 33554428 total, 32414144 free,  1140284 used. 63105836 avail Mem 
--
top - 13:19:44 up 105 days,  5:02,  0 users,  load average: 0.83, 0.90, 0.78
Tasks: 403 total,   2 running, 401 sleeping,   0 stopped,   0 zombie
%Cpu(s):  0.1 us,  0.0 sy,  0.0 ni, 99.9 id,  0.0 wa,  0.0 hi,  0.0 si,  0.0 st
KiB Mem : 65877712 total, 61374704 free,  1602012 used,  2900996 buff/cache
KiB Swap: 33554428 total, 32414144 free,  1140284 used. 63095624 avail Mem 
--
top - 13:19:49 up 105 days,  5:02,  0 users,  load average: 0.77, 0.89, 0.77
Tasks: 403 total,   1 running, 402 sleeping,   0 stopped,   0 zombie
%Cpu(s):  0.1 us,  0.1 sy,  0.0 ni, 99.8 id,  0.0 wa,  0.0 hi,  0.0 si,  0.0 st
KiB Mem : 65877712 total, 61357364 free,  1619352 used,  2900996 buff/cache
KiB Swap: 33554428 total, 32414144 free,  1140284 used. 63078284 avail Mem 
--
top - 13:19:54 up 105 days,  5:03,  0 users,  load average: 0.70, 0.87, 0.77
Tasks: 403 total,   1 running, 402 sleeping,   0 stopped,   0 zombie
%Cpu(s): 40.5 us,  0.2 sy,  0.0 ni, 59.3 id,  0.0 wa,  0.0 hi,  0.0 si,  0.0 st
KiB Mem : 65877712 total, 61362976 free,  1613740 used,  2900996 buff/cache
KiB Swap: 33554428 total, 32414144 free,  1140284 used. 63083896 avail Mem 
--
top - 13:19:59 up 105 days,  5:03,  0 users,  load average: 0.65, 0.86, 0.77
Tasks: 403 total,   1 running, 402 sleeping,   0 stopped,   0 zombie
%Cpu(s):  0.0 us,  0.0 sy,  0.0 ni,100.0 id,  0.0 wa,  0.0 hi,  0.0 si,  0.0 st
KiB Mem : 65877712 total, 61348316 free,  1628400 used,  2900996 buff/cache
KiB Swap: 33554428 total, 32414144 free,  1140284 used. 63069236 avail Mem 
--
top - 13:20:04 up 105 days,  5:03,  0 users,  load average: 0.60, 0.84, 0.76
Tasks: 403 total,   1 running, 402 sleeping,   0 stopped,   0 zombie
%Cpu(s):  0.4 us,  0.2 sy,  0.0 ni, 98.7 id,  0.6 wa,  0.0 hi,  0.0 si,  0.0 st
KiB Mem : 65877712 total, 61337632 free,  1639076 used,  2901004 buff/cache
KiB Swap: 33554428 total, 32414144 free,  1140284 used. 63058560 avail Mem 
--
top - 13:20:09 up 105 days,  5:03,  0 users,  load average: 0.55, 0.83, 0.76
Tasks: 403 total,   1 running, 402 sleeping,   0 stopped,   0 zombie
%Cpu(s):  0.1 us,  0.1 sy,  0.0 ni, 99.9 id,  0.0 wa,  0.0 hi,  0.0 si,  0.0 st
KiB Mem : 65877712 total, 61312440 free,  1664268 used,  2901004 buff/cache
KiB Swap: 33554428 total, 32414144 free,  1140284 used. 63033368 avail Mem 
--
top - 13:20:14 up 105 days,  5:03,  0 users,  load average: 0.50, 0.82, 0.75
Tasks: 403 total,   1 running, 402 sleeping,   0 stopped,   0 zombie
%Cpu(s):  0.1 us,  0.0 sy,  0.0 ni, 99.9 id,  0.0 wa,  0.0 hi,  0.0 si,  0.0 st
KiB Mem : 65877712 total, 61297120 free,  1679584 used,  2901008 buff/cache
KiB Swap: 33554428 total, 32414144 free,  1140284 used. 63018048 avail Mem 
--
top - 13:20:19 up 105 days,  5:03,  0 users,  load average: 0.46, 0.80, 0.75
Tasks: 403 total,   1 running, 402 sleeping,   0 stopped,   0 zombie
%Cpu(s):  0.0 us,  0.0 sy,  0.0 ni, 99.9 id,  0.0 wa,  0.0 hi,  0.0 si,  0.0 st
KiB Mem : 65877712 total, 61278336 free,  1698368 used,  2901008 buff/cache
KiB Swap: 33554428 total, 32414144 free,  1140284 used. 62999264 avail Mem 
--
top - 13:20:24 up 105 days,  5:03,  0 users,  load average: 0.43, 0.79, 0.75
Tasks: 403 total,   1 running, 402 sleeping,   0 stopped,   0 zombie
%Cpu(s):  0.1 us,  0.0 sy,  0.0 ni, 99.9 id,  0.0 wa,  0.0 hi,  0.0 si,  0.0 st
KiB Mem : 65877712 total, 61271592 free,  1705112 used,  2901008 buff/cache
KiB Swap: 33554428 total, 32414144 free,  1140284 used. 62992520 avail Mem 
--
top - 13:20:29 up 105 days,  5:03,  0 users,  load average: 0.63, 0.83, 0.76
Tasks: 403 total,   1 running, 402 sleeping,   0 stopped,   0 zombie
%Cpu(s): 42.0 us,  0.2 sy,  0.0 ni, 57.8 id,  0.0 wa,  0.0 hi,  0.0 si,  0.0 st
KiB Mem : 65877712 total, 61208836 free,  1767868 used,  2901008 buff/cache
KiB Swap: 33554428 total, 32414144 free,  1140284 used. 62929768 avail Mem 
--
top - 13:20:34 up 105 days,  5:03,  0 users,  load average: 0.58, 0.81, 0.75
Tasks: 403 total,   1 running, 402 sleeping,   0 stopped,   0 zombie
%Cpu(s):  0.0 us,  0.0 sy,  0.0 ni, 99.9 id,  0.0 wa,  0.0 hi,  0.0 si,  0.0 st
KiB Mem : 65877712 total, 61280056 free,  1696648 used,  2901008 buff/cache
KiB Swap: 33554428 total, 32414144 free,  1140284 used. 63000988 avail Mem 
--
top - 13:20:39 up 105 days,  5:03,  0 users,  load average: 0.54, 0.80, 0.75
Tasks: 403 total,   1 running, 402 sleeping,   0 stopped,   0 zombie
%Cpu(s):  0.0 us,  0.0 sy,  0.0 ni,100.0 id,  0.0 wa,  0.0 hi,  0.0 si,  0.0 st
KiB Mem : 65877712 total, 61280216 free,  1696488 used,  2901008 buff/cache
KiB Swap: 33554428 total, 32414144 free,  1140284 used. 63001148 avail Mem 
--
top - 13:20:44 up 105 days,  5:03,  0 users,  load average: 0.49, 0.79, 0.75
Tasks: 402 total,   1 running, 401 sleeping,   0 stopped,   0 zombie
%Cpu(s):  0.0 us,  0.0 sy,  0.0 ni,100.0 id,  0.0 wa,  0.0 hi,  0.0 si,  0.0 st
KiB Mem : 65877712 total, 61278124 free,  1698580 used,  2901008 buff/cache
KiB Swap: 33554428 total, 32414144 free,  1140284 used. 62999056 avail Mem 
--
top - 13:20:49 up 105 days,  5:03,  0 users,  load average: 0.45, 0.77, 0.74
Tasks: 402 total,   1 running, 401 sleeping,   0 stopped,   0 zombie
%Cpu(s):  0.1 us,  0.1 sy,  0.0 ni, 99.9 id,  0.0 wa,  0.0 hi,  0.0 si,  0.0 st
KiB Mem : 65877712 total, 61265496 free,  1711208 used,  2901008 buff/cache
KiB Swap: 33554428 total, 32414144 free,  1140284 used. 62986428 avail Mem 
--
top - 13:20:54 up 105 days,  5:04,  0 users,  load average: 0.42, 0.76, 0.74
Tasks: 402 total,   1 running, 401 sleeping,   0 stopped,   0 zombie
%Cpu(s):  0.1 us,  0.1 sy,  0.0 ni, 99.9 id,  0.0 wa,  0.0 hi,  0.0 si,  0.0 st
KiB Mem : 65877712 total, 61248664 free,  1728040 used,  2901008 buff/cache
KiB Swap: 33554428 total, 32414144 free,  1140284 used. 62969596 avail Mem 
--
top - 13:20:59 up 105 days,  5:04,  0 users,  load average: 0.38, 0.75, 0.73
Tasks: 402 total,   1 running, 401 sleeping,   0 stopped,   0 zombie
%Cpu(s):  0.1 us,  0.1 sy,  0.0 ni, 99.9 id,  0.0 wa,  0.0 hi,  0.0 si,  0.0 st
KiB Mem : 65877712 total, 61234392 free,  1742312 used,  2901008 buff/cache
KiB Swap: 33554428 total, 32414144 free,  1140284 used. 62955324 avail Mem 
--
top - 13:21:04 up 105 days,  5:04,  0 users,  load average: 0.35, 0.73, 0.73
Tasks: 402 total,   1 running, 401 sleeping,   0 stopped,   0 zombie
%Cpu(s):  0.1 us,  0.0 sy,  0.0 ni, 99.9 id,  0.0 wa,  0.0 hi,  0.0 si,  0.0 st
KiB Mem : 65877712 total, 61222376 free,  1754324 used,  2901012 buff/cache
KiB Swap: 33554428 total, 32414144 free,  1140284 used. 62943312 avail Mem 
--
top - 13:21:09 up 105 days,  5:04,  0 users,  load average: 0.32, 0.72, 0.73
Tasks: 402 total,   1 running, 401 sleeping,   0 stopped,   0 zombie
%Cpu(s):  0.1 us,  0.1 sy,  0.0 ni, 99.8 id,  0.0 wa,  0.0 hi,  0.0 si,  0.0 st
KiB Mem : 65877712 total, 61206612 free,  1770088 used,  2901012 buff/cache
KiB Swap: 33554428 total, 32414144 free,  1140284 used. 62927548 avail Mem 
--
top - 13:21:14 up 105 days,  5:04,  0 users,  load average: 2.54, 1.17, 0.87
Tasks: 402 total,   2 running, 400 sleeping,   0 stopped,   0 zombie
%Cpu(s): 39.5 us,  0.1 sy,  0.0 ni, 60.3 id,  0.0 wa,  0.0 hi,  0.0 si,  0.0 st
KiB Mem : 65877712 total, 61155960 free,  1820740 used,  2901012 buff/cache
KiB Swap: 33554428 total, 32414144 free,  1140284 used. 62876896 avail Mem 
--
top - 13:21:19 up 105 days,  5:04,  0 users,  load average: 2.34, 1.16, 0.87
Tasks: 402 total,   1 running, 401 sleeping,   0 stopped,   0 zombie
%Cpu(s):  2.7 us,  0.0 sy,  0.0 ni, 97.2 id,  0.0 wa,  0.0 hi,  0.0 si,  0.0 st
KiB Mem : 65877712 total, 61235880 free,  1740820 used,  2901012 buff/cache
KiB Swap: 33554428 total, 32414144 free,  1140284 used. 62956816 avail Mem 
