10.149.0.66
2023/12/27 13:06:00 Master node address: http://10.149.0.55:8000
2023/12/27 13:06:00 Benchmarking worker...
2023/12/27 13:06:01 Worker registered (1774 MCUPS). Waiting for work...
2023/12/27 13:06:43 Got work. Start calculating alignments...
2023/12/27 13:06:43 Calculating 1942 queries
2023/12/27 13:06:47 Done calculating alignments.
2023/12/27 13:06:47 Waiting for work...
2023/12/27 13:07:05 Got work. Start calculating alignments...
2023/12/27 13:07:05 Calculating 1942 queries
2023/12/27 13:07:08 Done calculating alignments.
2023/12/27 13:07:08 Waiting for work...
2023/12/27 13:07:27 Got work. Start calculating alignments...
2023/12/27 13:07:27 Calculating 1942 queries
2023/12/27 13:07:31 Done calculating alignments.
2023/12/27 13:07:31 Waiting for work...
2023/12/27 13:07:50 Got work. Start calculating alignments...
2023/12/27 13:07:50 Calculating 1942 queries
2023/12/27 13:07:55 Done calculating alignments.
2023/12/27 13:07:55 Waiting for work...
2023/12/27 13:08:10 Got work. Start calculating alignments...
2023/12/27 13:08:10 Calculating 1941 queries
2023/12/27 13:08:14 Done calculating alignments.
2023/12/27 13:08:14 Waiting for work...
slurmstepd: error: *** JOB 4753337 ON node066 CANCELLED AT 2023-12-27T13:08:15 ***
