10.149.0.54
2023/12/27 13:12:44 Master node address: http://10.149.0.60:8000
2023/12/27 13:12:44 Benchmarking worker...
2023/12/27 13:12:45 Worker registered (1757 MCUPS). Waiting for work...
2023/12/27 13:13:14 Got work. Start calculating alignments...
2023/12/27 13:13:14 Calculating 1957 queries
2023/12/27 13:13:17 Done calculating alignments.
2023/12/27 13:13:17 Waiting for work...
2023/12/27 13:13:20 Got work. Start calculating alignments...
2023/12/27 13:13:20 Calculating 1957 queries
2023/12/27 13:13:22 Done calculating alignments.
2023/12/27 13:13:22 Waiting for work...
2023/12/27 13:13:26 Got work. Start calculating alignments...
2023/12/27 13:13:26 Calculating 1958 queries
2023/12/27 13:13:29 Done calculating alignments.
2023/12/27 13:13:29 Waiting for work...
2023/12/27 13:13:33 Got work. Start calculating alignments...
2023/12/27 13:13:33 Calculating 1958 queries
2023/12/27 13:13:36 Done calculating alignments.
2023/12/27 13:13:36 Waiting for work...
2023/12/27 13:13:40 Got work. Start calculating alignments...
2023/12/27 13:13:40 Calculating 1957 queries
2023/12/27 13:13:42 Done calculating alignments.
2023/12/27 13:13:42 Waiting for work...
slurmstepd: error: *** JOB 4753377 ON node054 CANCELLED AT 2023-12-27T13:13:43 ***
