Job id: 4753386
Worker ip: 10.149.0.59
Master ip: 10.149.0.56
--
top - 13:13:46 up 105 days,  4:57,  0 users,  load average: 0.03, 0.62, 1.11
Tasks: 406 total,   1 running, 405 sleeping,   0 stopped,   0 zombie
%Cpu(s):  2.1 us,  5.3 sy,  0.0 ni, 92.4 id,  0.0 wa,  0.0 hi,  0.2 si,  0.0 st
KiB Mem : 65877692 total, 49176624 free,  1192368 used, 15508700 buff/cache
KiB Swap: 33554428 total, 32369648 free,  1184780 used. 63464680 avail Mem 
--
top - 13:13:51 up 105 days,  4:57,  0 users,  load average: 0.03, 0.61, 1.11
Tasks: 407 total,   1 running, 406 sleeping,   0 stopped,   0 zombie
%Cpu(s):  1.6 us,  0.4 sy,  0.0 ni, 98.0 id,  0.0 wa,  0.0 hi,  0.0 si,  0.0 st
KiB Mem : 65877692 total, 49153592 free,  1208532 used, 15515568 buff/cache
KiB Swap: 33554428 total, 32369648 free,  1184780 used. 63448352 avail Mem 
--
top - 13:13:56 up 105 days,  4:57,  0 users,  load average: 0.03, 0.60, 1.10
Tasks: 400 total,   1 running, 399 sleeping,   0 stopped,   0 zombie
%Cpu(s):  0.0 us,  0.0 sy,  0.0 ni,100.0 id,  0.0 wa,  0.0 hi,  0.0 si,  0.0 st
KiB Mem : 65877692 total, 49155444 free,  1206680 used, 15515568 buff/cache
KiB Swap: 33554428 total, 32369648 free,  1184780 used. 63450204 avail Mem 
--
top - 13:14:01 up 105 days,  4:57,  0 users,  load average: 0.03, 0.59, 1.09
Tasks: 400 total,   1 running, 399 sleeping,   0 stopped,   0 zombie
%Cpu(s):  0.4 us,  0.2 sy,  0.0 ni, 99.0 id,  0.3 wa,  0.0 hi,  0.0 si,  0.0 st
KiB Mem : 65877692 total, 49149248 free,  1212868 used, 15515576 buff/cache
KiB Swap: 33554428 total, 32369648 free,  1184780 used. 63444012 avail Mem 
--
top - 13:14:06 up 105 days,  4:57,  0 users,  load average: 0.02, 0.58, 1.09
Tasks: 404 total,   1 running, 403 sleeping,   0 stopped,   0 zombie
%Cpu(s):  0.0 us,  0.0 sy,  0.0 ni,100.0 id,  0.0 wa,  0.0 hi,  0.0 si,  0.0 st
KiB Mem : 65877692 total, 49150540 free,  1211576 used, 15515576 buff/cache
KiB Swap: 33554428 total, 32369648 free,  1184780 used. 63445304 avail Mem 
--
top - 13:14:11 up 105 days,  4:58,  0 users,  load average: 0.02, 0.57, 1.08
Tasks: 404 total,   1 running, 403 sleeping,   0 stopped,   0 zombie
%Cpu(s):  0.0 us,  0.0 sy,  0.0 ni,100.0 id,  0.0 wa,  0.0 hi,  0.0 si,  0.0 st
KiB Mem : 65877692 total, 49151168 free,  1210948 used, 15515576 buff/cache
KiB Swap: 33554428 total, 32369648 free,  1184780 used. 63445932 avail Mem 
--
top - 13:14:16 up 105 days,  4:58,  0 users,  load average: 0.02, 0.56, 1.08
Tasks: 404 total,   1 running, 403 sleeping,   0 stopped,   0 zombie
%Cpu(s):  0.0 us,  0.0 sy,  0.0 ni,100.0 id,  0.0 wa,  0.0 hi,  0.0 si,  0.0 st
KiB Mem : 65877692 total, 49151664 free,  1210452 used, 15515576 buff/cache
KiB Swap: 33554428 total, 32369648 free,  1184780 used. 63446428 avail Mem 
--
top - 13:14:21 up 105 days,  4:58,  0 users,  load average: 0.02, 0.55, 1.07
Tasks: 405 total,   1 running, 404 sleeping,   0 stopped,   0 zombie
%Cpu(s):  0.1 us,  0.1 sy,  0.0 ni, 99.8 id,  0.0 wa,  0.0 hi,  0.0 si,  0.0 st
KiB Mem : 65877692 total, 49129568 free,  1232548 used, 15515576 buff/cache
KiB Swap: 33554428 total, 32369648 free,  1184780 used. 63424332 avail Mem 
--
top - 13:14:26 up 105 days,  4:58,  0 users,  load average: 2.18, 0.99, 1.21
Tasks: 405 total,   1 running, 404 sleeping,   0 stopped,   0 zombie
%Cpu(s): 43.2 us,  0.4 sy,  0.0 ni, 56.4 id,  0.0 wa,  0.0 hi,  0.0 si,  0.0 st
KiB Mem : 65877692 total, 48827640 free,  1534476 used, 15515576 buff/cache
KiB Swap: 33554428 total, 32369648 free,  1184780 used. 63122404 avail Mem 
--
top - 13:14:31 up 105 days,  4:58,  0 users,  load average: 2.01, 0.97, 1.20
Tasks: 405 total,   1 running, 404 sleeping,   0 stopped,   0 zombie
%Cpu(s):  0.2 us,  0.1 sy,  0.0 ni, 99.7 id,  0.0 wa,  0.0 hi,  0.0 si,  0.0 st
KiB Mem : 65877692 total, 48811024 free,  1551092 used, 15515576 buff/cache
KiB Swap: 33554428 total, 32369648 free,  1184780 used. 63105788 avail Mem 
--
top - 13:14:36 up 105 days,  4:58,  0 users,  load average: 3.61, 1.32, 1.32
Tasks: 405 total,   1 running, 404 sleeping,   0 stopped,   0 zombie
%Cpu(s): 43.9 us,  0.2 sy,  0.0 ni, 55.8 id,  0.0 wa,  0.0 hi,  0.0 si,  0.0 st
KiB Mem : 65877692 total, 48670848 free,  1691268 used, 15515576 buff/cache
KiB Swap: 33554428 total, 32369648 free,  1184780 used. 62965612 avail Mem 
--
top - 13:14:41 up 105 days,  4:58,  0 users,  load average: 3.32, 1.30, 1.31
Tasks: 405 total,   1 running, 404 sleeping,   0 stopped,   0 zombie
%Cpu(s):  0.1 us,  0.1 sy,  0.0 ni, 99.8 id,  0.0 wa,  0.0 hi,  0.0 si,  0.0 st
KiB Mem : 65877692 total, 48717064 free,  1645048 used, 15515580 buff/cache
KiB Swap: 33554428 total, 32369648 free,  1184780 used. 63011832 avail Mem 
--
top - 13:14:46 up 105 days,  4:58,  0 users,  load average: 3.05, 1.28, 1.30
Tasks: 405 total,   2 running, 403 sleeping,   0 stopped,   0 zombie
%Cpu(s): 36.8 us,  0.3 sy,  0.0 ni, 62.8 id,  0.0 wa,  0.0 hi,  0.0 si,  0.0 st
KiB Mem : 65877692 total, 48620500 free,  1741612 used, 15515580 buff/cache
KiB Swap: 33554428 total, 32369648 free,  1184780 used. 62915268 avail Mem 
--
top - 13:14:51 up 105 days,  4:58,  0 users,  load average: 2.81, 1.26, 1.29
Tasks: 405 total,   1 running, 404 sleeping,   0 stopped,   0 zombie
%Cpu(s):  7.7 us,  0.1 sy,  0.0 ni, 92.2 id,  0.0 wa,  0.0 hi,  0.0 si,  0.0 st
KiB Mem : 65877692 total, 48645664 free,  1716448 used, 15515580 buff/cache
KiB Swap: 33554428 total, 32369648 free,  1184780 used. 62940432 avail Mem 
--
top - 13:14:56 up 105 days,  4:58,  0 users,  load average: 2.58, 1.23, 1.29
Tasks: 405 total,   1 running, 404 sleeping,   0 stopped,   0 zombie
%Cpu(s): 21.7 us,  0.6 sy,  0.0 ni, 77.7 id,  0.0 wa,  0.0 hi,  0.0 si,  0.0 st
KiB Mem : 65877692 total, 48561768 free,  1800344 used, 15515580 buff/cache
KiB Swap: 33554428 total, 32369648 free,  1184780 used. 62856536 avail Mem 
--
top - 13:15:01 up 105 days,  4:58,  0 users,  load average: 2.38, 1.21, 1.28
Tasks: 404 total,   1 running, 403 sleeping,   0 stopped,   0 zombie
%Cpu(s): 22.4 us,  0.2 sy,  0.0 ni, 77.5 id,  0.0 wa,  0.0 hi,  0.0 si,  0.0 st
KiB Mem : 65877692 total, 48578440 free,  1783672 used, 15515580 buff/cache
KiB Swap: 33554428 total, 32369648 free,  1184780 used. 62873208 avail Mem 
--
top - 13:15:06 up 105 days,  4:58,  0 users,  load average: 2.19, 1.19, 1.27
Tasks: 403 total,   2 running, 401 sleeping,   0 stopped,   0 zombie
%Cpu(s): 15.5 us,  0.3 sy,  0.0 ni, 84.2 id,  0.0 wa,  0.0 hi,  0.0 si,  0.0 st
KiB Mem : 65877692 total, 48507856 free,  1854256 used, 15515580 buff/cache
KiB Swap: 33554428 total, 32369648 free,  1184780 used. 62802624 avail Mem 
