Job id: 4753307
Master ip: 10.149.0.59
--
top - 13:02:48 up 105 days,  4:46,  0 users,  load average: 0.01, 0.66, 1.20
Tasks: 396 total,   2 running, 394 sleeping,   0 stopped,   0 zombie
%Cpu(s):  2.0 us,  0.7 sy,  0.0 ni, 97.3 id,  0.0 wa,  0.0 hi,  0.0 si,  0.0 st
KiB Mem : 65877692 total, 49406692 free,  1193864 used, 15277136 buff/cache
KiB Swap: 33554428 total, 32369648 free,  1184780 used. 63463720 avail Mem 
--
top - 13:02:53 up 105 days,  4:46,  0 users,  load average: 0.09, 0.67, 1.20
Tasks: 396 total,   1 running, 395 sleeping,   0 stopped,   0 zombie
%Cpu(s):  0.8 us,  0.1 sy,  0.0 ni, 99.1 id,  0.0 wa,  0.0 hi,  0.0 si,  0.0 st
KiB Mem : 65877692 total, 49382832 free,  1217676 used, 15277184 buff/cache
KiB Swap: 33554428 total, 32369648 free,  1184780 used. 63439892 avail Mem 
--
top - 13:02:58 up 105 days,  4:46,  0 users,  load average: 0.08, 0.66, 1.20
Tasks: 397 total,   1 running, 396 sleeping,   0 stopped,   0 zombie
%Cpu(s):  0.0 us,  0.0 sy,  0.0 ni, 99.9 id,  0.0 wa,  0.0 hi,  0.0 si,  0.0 st
KiB Mem : 65877692 total, 49381340 free,  1219168 used, 15277184 buff/cache
KiB Swap: 33554428 total, 32369648 free,  1184780 used. 63438400 avail Mem 
--
top - 13:03:03 up 105 days,  4:46,  0 users,  load average: 0.07, 0.65, 1.19
Tasks: 397 total,   1 running, 396 sleeping,   0 stopped,   0 zombie
%Cpu(s):  0.7 us,  0.1 sy,  0.0 ni, 99.2 id,  0.0 wa,  0.0 hi,  0.0 si,  0.0 st
KiB Mem : 65877692 total, 49349276 free,  1251232 used, 15277184 buff/cache
KiB Swap: 33554428 total, 32369648 free,  1184780 used. 63406336 avail Mem 
--
top - 13:03:08 up 105 days,  4:47,  0 users,  load average: 0.07, 0.64, 1.18
Tasks: 397 total,   1 running, 396 sleeping,   0 stopped,   0 zombie
%Cpu(s):  0.9 us,  0.0 sy,  0.0 ni, 99.1 id,  0.0 wa,  0.0 hi,  0.0 si,  0.0 st
KiB Mem : 65877692 total, 49331272 free,  1269236 used, 15277184 buff/cache
KiB Swap: 33554428 total, 32369648 free,  1184780 used. 63388332 avail Mem 
--
top - 13:03:13 up 105 days,  4:47,  0 users,  load average: 0.06, 0.63, 1.18
Tasks: 397 total,   1 running, 396 sleeping,   0 stopped,   0 zombie
%Cpu(s):  0.7 us,  0.0 sy,  0.0 ni, 99.2 id,  0.0 wa,  0.0 hi,  0.0 si,  0.0 st
KiB Mem : 65877692 total, 49313160 free,  1287348 used, 15277184 buff/cache
KiB Swap: 33554428 total, 32369648 free,  1184780 used. 63370220 avail Mem 
--
top - 13:03:18 up 105 days,  4:47,  0 users,  load average: 0.14, 0.63, 1.18
Tasks: 398 total,   1 running, 397 sleeping,   0 stopped,   0 zombie
%Cpu(s):  0.8 us,  0.0 sy,  0.0 ni, 99.2 id,  0.0 wa,  0.0 hi,  0.0 si,  0.0 st
KiB Mem : 65877692 total, 49298168 free,  1302340 used, 15277184 buff/cache
KiB Swap: 33554428 total, 32369648 free,  1184780 used. 63355228 avail Mem 
--
top - 13:03:23 up 105 days,  4:47,  0 users,  load average: 0.13, 0.62, 1.17
Tasks: 398 total,   1 running, 397 sleeping,   0 stopped,   0 zombie
%Cpu(s):  0.9 us,  0.0 sy,  0.0 ni, 99.0 id,  0.0 wa,  0.0 hi,  0.0 si,  0.0 st
KiB Mem : 65877692 total, 49277840 free,  1322668 used, 15277184 buff/cache
KiB Swap: 33554428 total, 32369648 free,  1184780 used. 63334900 avail Mem 
