10.149.0.30
2023/12/27 13:08:19 Master node address: http://10.149.0.56:8000
2023/12/27 13:08:19 Benchmarking worker...
2023/12/27 13:08:21 Worker registered (1872 MCUPS). Waiting for work...
2023/12/27 13:09:22 Got work. Start calculating alignments...
2023/12/27 13:09:22 Calculating 2050 queries
2023/12/27 13:09:28 Done calculating alignments.
2023/12/27 13:09:28 Waiting for work...
2023/12/27 13:10:02 Got work. Start calculating alignments...
2023/12/27 13:10:02 Calculating 2049 queries
2023/12/27 13:10:08 Done calculating alignments.
2023/12/27 13:10:08 Waiting for work...
2023/12/27 13:10:44 Got work. Start calculating alignments...
2023/12/27 13:10:44 Calculating 2049 queries
2023/12/27 13:10:49 Done calculating alignments.
2023/12/27 13:10:49 Waiting for work...
2023/12/27 13:11:22 Got work. Start calculating alignments...
2023/12/27 13:11:22 Calculating 2050 queries
2023/12/27 13:11:29 Done calculating alignments.
2023/12/27 13:11:29 Waiting for work...
2023/12/27 13:12:01 Got work. Start calculating alignments...
2023/12/27 13:12:01 Calculating 2049 queries
2023/12/27 13:12:07 Done calculating alignments.
2023/12/27 13:12:07 Waiting for work...
slurmstepd: error: *** JOB 4753350 ON node030 CANCELLED AT 2023-12-27T13:12:11 ***
