Job id: 4753420
Worker ip: 10.149.0.40
Master ip: 10.149.0.54
--
top - 13:17:28 up 105 days,  5:00,  0 users,  load average: 0.01, 0.43, 0.59
Tasks: 399 total,   1 running, 398 sleeping,   0 stopped,   0 zombie
%Cpu(s):  0.9 us,  2.5 sy,  0.0 ni, 96.4 id,  0.0 wa,  0.0 hi,  0.2 si,  0.0 st
KiB Mem : 65877712 total, 61403612 free,  1041672 used,  3432428 buff/cache
KiB Swap: 33554428 total, 32457468 free,  1096960 used. 63646496 avail Mem 
--
top - 13:17:33 up 105 days,  5:00,  0 users,  load average: 0.01, 0.42, 0.58
Tasks: 402 total,   1 running, 401 sleeping,   0 stopped,   0 zombie
%Cpu(s):  1.7 us,  0.4 sy,  0.0 ni, 97.8 id,  0.0 wa,  0.0 hi,  0.0 si,  0.0 st
KiB Mem : 65877712 total, 61385468 free,  1053132 used,  3439112 buff/cache
KiB Swap: 33554428 total, 32457468 free,  1096960 used. 63634956 avail Mem 
--
top - 13:17:38 up 105 days,  5:00,  0 users,  load average: 0.01, 0.42, 0.58
Tasks: 402 total,   1 running, 401 sleeping,   0 stopped,   0 zombie
%Cpu(s):  0.0 us,  0.0 sy,  0.0 ni,100.0 id,  0.0 wa,  0.0 hi,  0.0 si,  0.0 st
KiB Mem : 65877712 total, 61386460 free,  1052140 used,  3439112 buff/cache
KiB Swap: 33554428 total, 32457468 free,  1096960 used. 63635948 avail Mem 
--
top - 13:17:43 up 105 days,  5:00,  0 users,  load average: 0.01, 0.41, 0.58
Tasks: 402 total,   1 running, 401 sleeping,   0 stopped,   0 zombie
%Cpu(s):  0.0 us,  0.0 sy,  0.0 ni,100.0 id,  0.0 wa,  0.0 hi,  0.0 si,  0.0 st
KiB Mem : 65877712 total, 61386736 free,  1051864 used,  3439112 buff/cache
KiB Swap: 33554428 total, 32457468 free,  1096960 used. 63636224 avail Mem 
--
top - 13:17:48 up 105 days,  5:01,  0 users,  load average: 0.01, 0.40, 0.58
Tasks: 402 total,   1 running, 401 sleeping,   0 stopped,   0 zombie
%Cpu(s):  0.0 us,  0.0 sy,  0.0 ni, 99.9 id,  0.0 wa,  0.0 hi,  0.0 si,  0.0 st
KiB Mem : 65877712 total, 61387744 free,  1050856 used,  3439112 buff/cache
KiB Swap: 33554428 total, 32457468 free,  1096960 used. 63637232 avail Mem 
--
top - 13:17:53 up 105 days,  5:01,  0 users,  load average: 0.01, 0.40, 0.57
Tasks: 402 total,   1 running, 401 sleeping,   0 stopped,   0 zombie
%Cpu(s):  0.0 us,  0.0 sy,  0.0 ni,100.0 id,  0.0 wa,  0.0 hi,  0.0 si,  0.0 st
KiB Mem : 65877712 total, 61388952 free,  1049648 used,  3439112 buff/cache
KiB Swap: 33554428 total, 32457468 free,  1096960 used. 63638440 avail Mem 
--
top - 13:17:58 up 105 days,  5:01,  0 users,  load average: 0.01, 0.39, 0.57
Tasks: 402 total,   1 running, 401 sleeping,   0 stopped,   0 zombie
%Cpu(s):  0.0 us,  0.0 sy,  0.0 ni,100.0 id,  0.0 wa,  0.0 hi,  0.0 si,  0.0 st
KiB Mem : 65877712 total, 61389588 free,  1049012 used,  3439112 buff/cache
KiB Swap: 33554428 total, 32457468 free,  1096960 used. 63639076 avail Mem 
--
top - 13:18:03 up 105 days,  5:01,  0 users,  load average: 0.01, 0.38, 0.57
Tasks: 403 total,   1 running, 402 sleeping,   0 stopped,   0 zombie
%Cpu(s):  0.4 us,  0.2 sy,  0.0 ni, 98.7 id,  0.6 wa,  0.0 hi,  0.0 si,  0.0 st
KiB Mem : 65877712 total, 61382668 free,  1055932 used,  3439112 buff/cache
KiB Swap: 33554428 total, 32457468 free,  1096960 used. 63632156 avail Mem 
--
top - 13:18:08 up 105 days,  5:01,  0 users,  load average: 0.01, 0.38, 0.56
Tasks: 402 total,   1 running, 401 sleeping,   0 stopped,   0 zombie
%Cpu(s):  0.1 us,  0.0 sy,  0.0 ni, 99.9 id,  0.0 wa,  0.0 hi,  0.0 si,  0.0 st
KiB Mem : 65877712 total, 61374308 free,  1064292 used,  3439112 buff/cache
KiB Swap: 33554428 total, 32457468 free,  1096960 used. 63623796 avail Mem 
--
top - 13:18:13 up 105 days,  5:01,  0 users,  load average: 0.01, 0.37, 0.56
Tasks: 402 total,   1 running, 401 sleeping,   0 stopped,   0 zombie
%Cpu(s):  0.1 us,  0.0 sy,  0.0 ni, 99.9 id,  0.0 wa,  0.0 hi,  0.0 si,  0.0 st
KiB Mem : 65877712 total, 61360428 free,  1078172 used,  3439112 buff/cache
KiB Swap: 33554428 total, 32457468 free,  1096960 used. 63609916 avail Mem 
--
top - 13:18:18 up 105 days,  5:01,  0 users,  load average: 0.00, 0.37, 0.56
Tasks: 402 total,   1 running, 401 sleeping,   0 stopped,   0 zombie
%Cpu(s):  0.1 us,  0.0 sy,  0.0 ni, 99.9 id,  0.0 wa,  0.0 hi,  0.0 si,  0.0 st
KiB Mem : 65877712 total, 61341112 free,  1097488 used,  3439112 buff/cache
KiB Swap: 33554428 total, 32457468 free,  1096960 used. 63590600 avail Mem 
--
top - 13:18:23 up 105 days,  5:01,  0 users,  load average: 0.00, 0.36, 0.56
Tasks: 402 total,   1 running, 401 sleeping,   0 stopped,   0 zombie
%Cpu(s):  0.1 us,  0.0 sy,  0.0 ni, 99.9 id,  0.0 wa,  0.0 hi,  0.0 si,  0.0 st
KiB Mem : 65877712 total, 61329372 free,  1109224 used,  3439116 buff/cache
KiB Swap: 33554428 total, 32457468 free,  1096960 used. 63578860 avail Mem 
--
top - 13:18:28 up 105 days,  5:01,  0 users,  load average: 0.00, 0.35, 0.55
Tasks: 402 total,   1 running, 401 sleeping,   0 stopped,   0 zombie
%Cpu(s):  0.1 us,  0.0 sy,  0.0 ni, 99.9 id,  0.0 wa,  0.0 hi,  0.0 si,  0.0 st
KiB Mem : 65877712 total, 61312244 free,  1126352 used,  3439116 buff/cache
KiB Swap: 33554428 total, 32457468 free,  1096960 used. 63561732 avail Mem 
--
top - 13:18:34 up 105 days,  5:01,  0 users,  load average: 0.00, 0.35, 0.55
Tasks: 402 total,   2 running, 400 sleeping,   0 stopped,   0 zombie
%Cpu(s): 18.5 us,  0.4 sy,  0.0 ni, 81.1 id,  0.0 wa,  0.0 hi,  0.0 si,  0.0 st
KiB Mem : 65877712 total, 61033952 free,  1404644 used,  3439116 buff/cache
KiB Swap: 33554428 total, 32457468 free,  1096960 used. 63283440 avail Mem 
--
top - 13:18:39 up 105 days,  5:01,  0 users,  load average: 0.00, 0.34, 0.55
Tasks: 402 total,   1 running, 401 sleeping,   0 stopped,   0 zombie
%Cpu(s): 22.5 us,  0.1 sy,  0.0 ni, 77.4 id,  0.0 wa,  0.0 hi,  0.0 si,  0.0 st
KiB Mem : 65877712 total, 61074104 free,  1364492 used,  3439116 buff/cache
KiB Swap: 33554428 total, 32457468 free,  1096960 used. 63323596 avail Mem 
--
top - 13:18:44 up 105 days,  5:01,  0 users,  load average: 0.00, 0.34, 0.54
Tasks: 402 total,   1 running, 401 sleeping,   0 stopped,   0 zombie
%Cpu(s):  0.0 us,  0.0 sy,  0.0 ni,100.0 id,  0.0 wa,  0.0 hi,  0.0 si,  0.0 st
KiB Mem : 65877712 total, 61076584 free,  1362012 used,  3439116 buff/cache
KiB Swap: 33554428 total, 32457468 free,  1096960 used. 63326076 avail Mem 
--
top - 13:18:49 up 105 days,  5:02,  0 users,  load average: 0.00, 0.33, 0.54
Tasks: 402 total,   1 running, 401 sleeping,   0 stopped,   0 zombie
%Cpu(s):  0.1 us,  0.0 sy,  0.0 ni, 99.9 id,  0.0 wa,  0.0 hi,  0.0 si,  0.0 st
KiB Mem : 65877712 total, 61065124 free,  1373472 used,  3439116 buff/cache
KiB Swap: 33554428 total, 32457468 free,  1096960 used. 63314616 avail Mem 
--
top - 13:18:54 up 105 days,  5:02,  0 users,  load average: 0.00, 0.33, 0.54
Tasks: 402 total,   1 running, 401 sleeping,   0 stopped,   0 zombie
%Cpu(s):  0.1 us,  0.1 sy,  0.0 ni, 99.9 id,  0.0 wa,  0.0 hi,  0.0 si,  0.0 st
KiB Mem : 65877712 total, 61047836 free,  1390760 used,  3439116 buff/cache
KiB Swap: 33554428 total, 32457468 free,  1096960 used. 63297328 avail Mem 
--
top - 13:18:59 up 105 days,  5:02,  0 users,  load average: 0.00, 0.32, 0.53
Tasks: 402 total,   1 running, 401 sleeping,   0 stopped,   0 zombie
%Cpu(s):  0.1 us,  0.1 sy,  0.0 ni, 99.9 id,  0.0 wa,  0.0 hi,  0.0 si,  0.0 st
KiB Mem : 65877712 total, 61025896 free,  1412700 used,  3439116 buff/cache
KiB Swap: 33554428 total, 32457468 free,  1096960 used. 63275388 avail Mem 
--
top - 13:19:04 up 105 days,  5:02,  0 users,  load average: 0.00, 0.31, 0.53
Tasks: 402 total,   1 running, 401 sleeping,   0 stopped,   0 zombie
%Cpu(s):  0.1 us,  0.0 sy,  0.0 ni, 99.9 id,  0.0 wa,  0.0 hi,  0.0 si,  0.0 st
KiB Mem : 65877712 total, 61014964 free,  1423632 used,  3439116 buff/cache
KiB Swap: 33554428 total, 32457468 free,  1096960 used. 63264456 avail Mem 
--
top - 13:19:09 up 105 days,  5:02,  0 users,  load average: 0.00, 0.31, 0.53
Tasks: 402 total,   1 running, 401 sleeping,   0 stopped,   0 zombie
%Cpu(s):  0.0 us,  0.1 sy,  0.0 ni, 99.9 id,  0.0 wa,  0.0 hi,  0.0 si,  0.0 st
KiB Mem : 65877712 total, 60998184 free,  1440412 used,  3439116 buff/cache
KiB Swap: 33554428 total, 32457468 free,  1096960 used. 63247676 avail Mem 
--
top - 13:19:14 up 105 days,  5:02,  0 users,  load average: 2.49, 0.82, 0.69
Tasks: 402 total,   1 running, 401 sleeping,   0 stopped,   0 zombie
%Cpu(s): 44.7 us,  0.5 sy,  0.0 ni, 54.7 id,  0.0 wa,  0.0 hi,  0.0 si,  0.0 st
KiB Mem : 65877712 total, 60892948 free,  1545648 used,  3439116 buff/cache
KiB Swap: 33554428 total, 32457468 free,  1096960 used. 63142440 avail Mem 
--
top - 13:19:19 up 105 days,  5:02,  0 users,  load average: 2.29, 0.80, 0.69
Tasks: 402 total,   1 running, 401 sleeping,   0 stopped,   0 zombie
%Cpu(s):  0.0 us,  0.0 sy,  0.0 ni, 99.8 id,  0.2 wa,  0.0 hi,  0.0 si,  0.0 st
KiB Mem : 65877712 total, 60976212 free,  1462380 used,  3439120 buff/cache
KiB Swap: 33554428 total, 32457468 free,  1096960 used. 63225704 avail Mem 
--
top - 13:19:24 up 105 days,  5:02,  0 users,  load average: 2.10, 0.79, 0.68
Tasks: 402 total,   1 running, 401 sleeping,   0 stopped,   0 zombie
%Cpu(s):  0.0 us,  0.0 sy,  0.0 ni, 99.7 id,  0.3 wa,  0.0 hi,  0.0 si,  0.0 st
KiB Mem : 65877712 total, 60978988 free,  1459604 used,  3439120 buff/cache
KiB Swap: 33554428 total, 32457468 free,  1096960 used. 63228484 avail Mem 
--
top - 13:19:29 up 105 days,  5:02,  0 users,  load average: 1.93, 0.78, 0.68
Tasks: 402 total,   1 running, 401 sleeping,   0 stopped,   0 zombie
%Cpu(s):  0.1 us,  0.1 sy,  0.0 ni, 99.9 id,  0.0 wa,  0.0 hi,  0.0 si,  0.0 st
KiB Mem : 65877712 total, 60962388 free,  1476204 used,  3439120 buff/cache
KiB Swap: 33554428 total, 32457468 free,  1096960 used. 63211884 avail Mem 
--
top - 13:19:34 up 105 days,  5:02,  0 users,  load average: 1.78, 0.77, 0.68
Tasks: 402 total,   1 running, 401 sleeping,   0 stopped,   0 zombie
%Cpu(s):  0.1 us,  0.1 sy,  0.0 ni, 99.9 id,  0.0 wa,  0.0 hi,  0.0 si,  0.0 st
KiB Mem : 65877712 total, 60950384 free,  1488208 used,  3439120 buff/cache
KiB Swap: 33554428 total, 32457468 free,  1096960 used. 63199880 avail Mem 
--
top - 13:19:39 up 105 days,  5:02,  0 users,  load average: 1.64, 0.75, 0.67
Tasks: 402 total,   1 running, 401 sleeping,   0 stopped,   0 zombie
%Cpu(s):  0.0 us,  0.0 sy,  0.0 ni, 99.9 id,  0.0 wa,  0.0 hi,  0.0 si,  0.0 st
KiB Mem : 65877712 total, 60938300 free,  1500292 used,  3439120 buff/cache
KiB Swap: 33554428 total, 32457468 free,  1096960 used. 63187796 avail Mem 
--
top - 13:19:44 up 105 days,  5:02,  0 users,  load average: 1.51, 0.74, 0.67
Tasks: 402 total,   2 running, 400 sleeping,   0 stopped,   0 zombie
%Cpu(s):  0.1 us,  0.0 sy,  0.0 ni, 99.9 id,  0.0 wa,  0.0 hi,  0.0 si,  0.0 st
KiB Mem : 65877712 total, 60929032 free,  1509560 used,  3439120 buff/cache
KiB Swap: 33554428 total, 32457468 free,  1096960 used. 63178528 avail Mem 
--
top - 13:19:49 up 105 days,  5:03,  0 users,  load average: 1.39, 0.73, 0.67
Tasks: 402 total,   1 running, 401 sleeping,   0 stopped,   0 zombie
%Cpu(s):  0.1 us,  0.1 sy,  0.0 ni, 99.8 id,  0.0 wa,  0.0 hi,  0.0 si,  0.0 st
KiB Mem : 65877712 total, 60907184 free,  1531408 used,  3439120 buff/cache
KiB Swap: 33554428 total, 32457468 free,  1096960 used. 63156680 avail Mem 
--
top - 13:19:54 up 105 days,  5:03,  0 users,  load average: 3.44, 1.16, 0.81
Tasks: 402 total,   1 running, 401 sleeping,   0 stopped,   0 zombie
%Cpu(s): 42.3 us,  0.2 sy,  0.0 ni, 57.6 id,  0.0 wa,  0.0 hi,  0.0 si,  0.0 st
KiB Mem : 65877712 total, 60830544 free,  1608048 used,  3439120 buff/cache
KiB Swap: 33554428 total, 32457468 free,  1096960 used. 63080040 avail Mem 
--
top - 13:19:59 up 105 days,  5:03,  0 users,  load average: 3.16, 1.14, 0.80
Tasks: 402 total,   1 running, 401 sleeping,   0 stopped,   0 zombie
%Cpu(s):  0.0 us,  0.0 sy,  0.0 ni, 99.9 id,  0.0 wa,  0.0 hi,  0.0 si,  0.0 st
KiB Mem : 65877712 total, 60902840 free,  1535752 used,  3439120 buff/cache
KiB Swap: 33554428 total, 32457468 free,  1096960 used. 63152336 avail Mem 
--
top - 13:20:04 up 105 days,  5:03,  0 users,  load average: 2.91, 1.13, 0.80
Tasks: 402 total,   1 running, 401 sleeping,   0 stopped,   0 zombie
%Cpu(s):  0.4 us,  0.2 sy,  0.0 ni, 98.7 id,  0.6 wa,  0.0 hi,  0.0 si,  0.0 st
KiB Mem : 65877712 total, 60894956 free,  1543632 used,  3439124 buff/cache
KiB Swap: 33554428 total, 32457468 free,  1096960 used. 63144456 avail Mem 
--
top - 13:20:09 up 105 days,  5:03,  0 users,  load average: 2.68, 1.11, 0.80
Tasks: 402 total,   1 running, 401 sleeping,   0 stopped,   0 zombie
%Cpu(s):  0.1 us,  0.1 sy,  0.0 ni, 99.8 id,  0.0 wa,  0.0 hi,  0.0 si,  0.0 st
KiB Mem : 65877712 total, 60876604 free,  1561976 used,  3439132 buff/cache
KiB Swap: 33554428 total, 32457468 free,  1096960 used. 63126112 avail Mem 
--
top - 13:20:14 up 105 days,  5:03,  0 users,  load average: 2.46, 1.09, 0.79
Tasks: 402 total,   1 running, 401 sleeping,   0 stopped,   0 zombie
%Cpu(s):  0.1 us,  0.0 sy,  0.0 ni, 99.9 id,  0.0 wa,  0.0 hi,  0.0 si,  0.0 st
KiB Mem : 65877712 total, 60860664 free,  1577912 used,  3439136 buff/cache
KiB Swap: 33554428 total, 32457468 free,  1096960 used. 63110172 avail Mem 
--
top - 13:20:19 up 105 days,  5:03,  0 users,  load average: 2.26, 1.07, 0.79
Tasks: 402 total,   1 running, 401 sleeping,   0 stopped,   0 zombie
%Cpu(s):  0.1 us,  0.0 sy,  0.0 ni, 99.9 id,  0.0 wa,  0.0 hi,  0.0 si,  0.0 st
KiB Mem : 65877712 total, 60846948 free,  1591628 used,  3439136 buff/cache
KiB Swap: 33554428 total, 32457468 free,  1096960 used. 63096456 avail Mem 
--
top - 13:20:24 up 105 days,  5:03,  0 users,  load average: 2.08, 1.05, 0.78
Tasks: 402 total,   1 running, 401 sleeping,   0 stopped,   0 zombie
%Cpu(s):  0.1 us,  0.1 sy,  0.0 ni, 99.8 id,  0.0 wa,  0.0 hi,  0.0 si,  0.0 st
KiB Mem : 65877712 total, 60829868 free,  1608708 used,  3439136 buff/cache
KiB Swap: 33554428 total, 32457468 free,  1096960 used. 63079376 avail Mem 
--
top - 13:20:29 up 105 days,  5:03,  0 users,  load average: 1.92, 1.04, 0.78
Tasks: 402 total,   1 running, 401 sleeping,   0 stopped,   0 zombie
%Cpu(s):  0.1 us,  0.1 sy,  0.0 ni, 99.9 id,  0.0 wa,  0.0 hi,  0.0 si,  0.0 st
KiB Mem : 65877712 total, 60815528 free,  1623048 used,  3439136 buff/cache
KiB Swap: 33554428 total, 32457468 free,  1096960 used. 63065036 avail Mem 
--
top - 13:20:34 up 105 days,  5:03,  0 users,  load average: 3.76, 1.43, 0.91
Tasks: 402 total,   1 running, 401 sleeping,   0 stopped,   0 zombie
%Cpu(s): 41.1 us,  0.2 sy,  0.0 ni, 58.6 id,  0.0 wa,  0.0 hi,  0.0 si,  0.0 st
KiB Mem : 65877712 total, 60749932 free,  1688644 used,  3439136 buff/cache
KiB Swap: 33554428 total, 32457468 free,  1096960 used. 62999444 avail Mem 
--
top - 13:20:39 up 105 days,  5:03,  0 users,  load average: 3.46, 1.41, 0.90
Tasks: 402 total,   1 running, 401 sleeping,   0 stopped,   0 zombie
%Cpu(s):  0.7 us,  0.0 sy,  0.0 ni, 99.3 id,  0.0 wa,  0.0 hi,  0.0 si,  0.0 st
KiB Mem : 65877712 total, 60833856 free,  1604720 used,  3439136 buff/cache
KiB Swap: 33554428 total, 32457468 free,  1096960 used. 63083368 avail Mem 
--
top - 13:20:44 up 105 days,  5:03,  0 users,  load average: 3.19, 1.39, 0.90
Tasks: 402 total,   1 running, 401 sleeping,   0 stopped,   0 zombie
%Cpu(s):  0.0 us,  0.0 sy,  0.0 ni, 99.9 id,  0.0 wa,  0.0 hi,  0.0 si,  0.0 st
KiB Mem : 65877712 total, 60831048 free,  1607528 used,  3439136 buff/cache
KiB Swap: 33554428 total, 32457468 free,  1096960 used. 63080560 avail Mem 
--
top - 13:20:49 up 105 days,  5:04,  0 users,  load average: 2.93, 1.36, 0.89
Tasks: 402 total,   1 running, 401 sleeping,   0 stopped,   0 zombie
%Cpu(s):  0.1 us,  0.0 sy,  0.0 ni, 99.9 id,  0.0 wa,  0.0 hi,  0.0 si,  0.0 st
KiB Mem : 65877712 total, 60819184 free,  1619392 used,  3439136 buff/cache
KiB Swap: 33554428 total, 32457468 free,  1096960 used. 63068696 avail Mem 
--
top - 13:20:54 up 105 days,  5:04,  0 users,  load average: 2.70, 1.34, 0.89
Tasks: 402 total,   1 running, 401 sleeping,   0 stopped,   0 zombie
%Cpu(s):  0.1 us,  0.1 sy,  0.0 ni, 99.8 id,  0.0 wa,  0.0 hi,  0.0 si,  0.0 st
KiB Mem : 65877712 total, 60801936 free,  1636640 used,  3439136 buff/cache
KiB Swap: 33554428 total, 32457468 free,  1096960 used. 63051448 avail Mem 
--
top - 13:20:59 up 105 days,  5:04,  0 users,  load average: 2.48, 1.32, 0.88
Tasks: 402 total,   1 running, 401 sleeping,   0 stopped,   0 zombie
%Cpu(s):  0.1 us,  0.0 sy,  0.0 ni, 99.9 id,  0.0 wa,  0.0 hi,  0.0 si,  0.0 st
KiB Mem : 65877712 total, 60790616 free,  1647960 used,  3439136 buff/cache
KiB Swap: 33554428 total, 32457468 free,  1096960 used. 63040128 avail Mem 
--
top - 13:21:04 up 105 days,  5:04,  0 users,  load average: 2.28, 1.30, 0.88
Tasks: 402 total,   1 running, 401 sleeping,   0 stopped,   0 zombie
%Cpu(s):  0.1 us,  0.1 sy,  0.0 ni, 99.9 id,  0.0 wa,  0.0 hi,  0.0 si,  0.0 st
KiB Mem : 65877712 total, 60775776 free,  1662796 used,  3439140 buff/cache
KiB Swap: 33554428 total, 32457468 free,  1096960 used. 63025292 avail Mem 
--
top - 13:21:09 up 105 days,  5:04,  0 users,  load average: 2.10, 1.27, 0.87
Tasks: 402 total,   2 running, 400 sleeping,   0 stopped,   0 zombie
%Cpu(s): 27.1 us,  0.4 sy,  0.0 ni, 72.4 id,  0.0 wa,  0.0 hi,  0.0 si,  0.0 st
KiB Mem : 65877712 total, 60724972 free,  1713600 used,  3439140 buff/cache
KiB Swap: 33554428 total, 32457468 free,  1096960 used. 62974488 avail Mem 
--
top - 13:21:14 up 105 days,  5:04,  0 users,  load average: 1.93, 1.25, 0.87
Tasks: 402 total,   1 running, 401 sleeping,   0 stopped,   0 zombie
%Cpu(s): 16.6 us,  0.1 sy,  0.0 ni, 83.2 id,  0.0 wa,  0.0 hi,  0.0 si,  0.0 st
KiB Mem : 65877712 total, 60767900 free,  1670672 used,  3439140 buff/cache
KiB Swap: 33554428 total, 32457468 free,  1096960 used. 63017416 avail Mem 
--
top - 13:21:19 up 105 days,  5:04,  0 users,  load average: 1.78, 1.23, 0.86
Tasks: 402 total,   1 running, 401 sleeping,   0 stopped,   0 zombie
%Cpu(s):  0.0 us,  0.0 sy,  0.0 ni,100.0 id,  0.0 wa,  0.0 hi,  0.0 si,  0.0 st
KiB Mem : 65877712 total, 60769168 free,  1669404 used,  3439140 buff/cache
KiB Swap: 33554428 total, 32457468 free,  1096960 used. 63018684 avail Mem 
