Job id: 4753347
Worker ip: 10.149.0.60
Master ip: 10.149.0.56
--
top - 13:08:18 up 105 days,  4:52,  0 users,  load average: 0.40, 0.81, 1.14
Tasks: 404 total,   1 running, 403 sleeping,   0 stopped,   0 zombie
%Cpu(s):  2.3 us,  3.2 sy,  0.0 ni, 94.4 id,  0.0 wa,  0.0 hi,  0.2 si,  0.0 st
KiB Mem : 65877692 total, 52804204 free,  1268768 used, 11804720 buff/cache
KiB Swap: 33554428 total, 31907156 free,  1647272 used. 63421052 avail Mem 
--
top - 13:08:23 up 105 days,  4:52,  0 users,  load average: 0.45, 0.81, 1.14
Tasks: 405 total,   1 running, 404 sleeping,   0 stopped,   0 zombie
%Cpu(s):  1.7 us,  0.4 sy,  0.0 ni, 97.9 id,  0.0 wa,  0.0 hi,  0.0 si,  0.0 st
KiB Mem : 65877692 total, 52785404 free,  1280868 used, 11811420 buff/cache
KiB Swap: 33554428 total, 31907156 free,  1647272 used. 63408868 avail Mem 
--
top - 13:08:28 up 105 days,  4:52,  0 users,  load average: 0.41, 0.80, 1.13
Tasks: 405 total,   1 running, 404 sleeping,   0 stopped,   0 zombie
%Cpu(s):  0.0 us,  0.0 sy,  0.0 ni,100.0 id,  0.0 wa,  0.0 hi,  0.0 si,  0.0 st
KiB Mem : 65877692 total, 52786276 free,  1279996 used, 11811420 buff/cache
KiB Swap: 33554428 total, 31907156 free,  1647272 used. 63409740 avail Mem 
--
top - 13:08:33 up 105 days,  4:52,  0 users,  load average: 0.38, 0.79, 1.13
Tasks: 405 total,   1 running, 404 sleeping,   0 stopped,   0 zombie
%Cpu(s):  0.0 us,  0.0 sy,  0.0 ni,100.0 id,  0.0 wa,  0.0 hi,  0.0 si,  0.0 st
KiB Mem : 65877692 total, 52786276 free,  1279996 used, 11811420 buff/cache
KiB Swap: 33554428 total, 31907156 free,  1647272 used. 63409740 avail Mem 
--
top - 13:08:38 up 105 days,  4:52,  0 users,  load average: 0.35, 0.77, 1.12
Tasks: 405 total,   1 running, 404 sleeping,   0 stopped,   0 zombie
%Cpu(s):  0.0 us,  0.0 sy,  0.0 ni,100.0 id,  0.0 wa,  0.0 hi,  0.0 si,  0.0 st
KiB Mem : 65877692 total, 52787128 free,  1279144 used, 11811420 buff/cache
KiB Swap: 33554428 total, 31907156 free,  1647272 used. 63410592 avail Mem 
--
top - 13:08:43 up 105 days,  4:52,  0 users,  load average: 0.32, 0.76, 1.12
Tasks: 405 total,   1 running, 404 sleeping,   0 stopped,   0 zombie
%Cpu(s):  0.0 us,  0.0 sy,  0.0 ni,100.0 id,  0.0 wa,  0.0 hi,  0.0 si,  0.0 st
KiB Mem : 65877692 total, 52787064 free,  1279208 used, 11811420 buff/cache
KiB Swap: 33554428 total, 31907156 free,  1647272 used. 63410528 avail Mem 
--
top - 13:08:48 up 105 days,  4:52,  0 users,  load average: 0.29, 0.75, 1.11
Tasks: 405 total,   1 running, 404 sleeping,   0 stopped,   0 zombie
%Cpu(s):  0.0 us,  0.0 sy,  0.0 ni,100.0 id,  0.0 wa,  0.0 hi,  0.0 si,  0.0 st
KiB Mem : 65877692 total, 52787064 free,  1279208 used, 11811420 buff/cache
KiB Swap: 33554428 total, 31907156 free,  1647272 used. 63410528 avail Mem 
--
top - 13:08:53 up 105 days,  4:52,  0 users,  load average: 0.27, 0.73, 1.11
Tasks: 405 total,   1 running, 404 sleeping,   0 stopped,   0 zombie
%Cpu(s):  0.0 us,  0.0 sy,  0.0 ni, 94.1 id,  5.8 wa,  0.0 hi,  0.0 si,  0.0 st
KiB Mem : 65877692 total, 52786476 free,  1279796 used, 11811420 buff/cache
KiB Swap: 33554428 total, 31907156 free,  1647272 used. 63409940 avail Mem 
--
top - 13:08:58 up 105 days,  4:52,  0 users,  load average: 0.81, 0.84, 1.14
Tasks: 406 total,   1 running, 405 sleeping,   0 stopped,   0 zombie
%Cpu(s):  0.0 us,  0.0 sy,  0.0 ni, 90.6 id,  9.3 wa,  0.0 hi,  0.0 si,  0.0 st
KiB Mem : 65877692 total, 52779552 free,  1286720 used, 11811420 buff/cache
KiB Swap: 33554428 total, 31907156 free,  1647272 used. 63403016 avail Mem 
--
top - 13:09:03 up 105 days,  4:52,  0 users,  load average: 1.31, 0.94, 1.17
Tasks: 403 total,   1 running, 402 sleeping,   0 stopped,   0 zombie
%Cpu(s):  0.1 us,  0.0 sy,  0.0 ni, 97.6 id,  2.3 wa,  0.0 hi,  0.0 si,  0.0 st
KiB Mem : 65877692 total, 52760280 free,  1305992 used, 11811420 buff/cache
KiB Swap: 33554428 total, 31907156 free,  1647272 used. 63383744 avail Mem 
--
top - 13:09:08 up 105 days,  4:53,  0 users,  load average: 1.20, 0.93, 1.16
Tasks: 401 total,   1 running, 400 sleeping,   0 stopped,   0 zombie
%Cpu(s):  0.1 us,  0.0 sy,  0.0 ni, 99.9 id,  0.0 wa,  0.0 hi,  0.0 si,  0.0 st
KiB Mem : 65877692 total, 52741764 free,  1324508 used, 11811420 buff/cache
KiB Swap: 33554428 total, 31907156 free,  1647272 used. 63365228 avail Mem 
--
top - 13:09:13 up 105 days,  4:53,  0 users,  load average: 1.10, 0.91, 1.16
Tasks: 400 total,   1 running, 399 sleeping,   0 stopped,   0 zombie
%Cpu(s):  0.1 us,  0.0 sy,  0.0 ni, 99.9 id,  0.0 wa,  0.0 hi,  0.0 si,  0.0 st
KiB Mem : 65877692 total, 52729568 free,  1336704 used, 11811420 buff/cache
KiB Swap: 33554428 total, 31907156 free,  1647272 used. 63353032 avail Mem 
--
top - 13:09:18 up 105 days,  4:53,  0 users,  load average: 1.02, 0.89, 1.15
Tasks: 400 total,   1 running, 399 sleeping,   0 stopped,   0 zombie
%Cpu(s):  0.1 us,  0.0 sy,  0.0 ni, 99.9 id,  0.0 wa,  0.0 hi,  0.0 si,  0.0 st
KiB Mem : 65877692 total, 52710484 free,  1355788 used, 11811420 buff/cache
KiB Swap: 33554428 total, 31907156 free,  1647272 used. 63333948 avail Mem 
--
top - 13:09:23 up 105 days,  4:53,  0 users,  load average: 0.93, 0.88, 1.14
Tasks: 399 total,   2 running, 397 sleeping,   0 stopped,   0 zombie
%Cpu(s): 29.4 us,  0.4 sy,  0.0 ni, 70.2 id,  0.0 wa,  0.0 hi,  0.0 si,  0.0 st
KiB Mem : 65877692 total, 52417804 free,  1648464 used, 11811424 buff/cache
KiB Swap: 33554428 total, 31907156 free,  1647272 used. 63041272 avail Mem 
--
top - 13:09:28 up 105 days,  4:53,  0 users,  load average: 0.86, 0.87, 1.14
Tasks: 399 total,   1 running, 398 sleeping,   0 stopped,   0 zombie
%Cpu(s): 13.5 us,  0.1 sy,  0.0 ni, 86.4 id,  0.0 wa,  0.0 hi,  0.0 si,  0.0 st
KiB Mem : 65877692 total, 52473476 free,  1592792 used, 11811424 buff/cache
KiB Swap: 33554428 total, 31907156 free,  1647272 used. 63096944 avail Mem 
--
top - 13:09:33 up 105 days,  4:53,  0 users,  load average: 0.79, 0.85, 1.13
Tasks: 399 total,   1 running, 398 sleeping,   0 stopped,   0 zombie
%Cpu(s):  0.0 us,  0.0 sy,  0.0 ni,100.0 id,  0.0 wa,  0.0 hi,  0.0 si,  0.0 st
KiB Mem : 65877692 total, 52476508 free,  1589760 used, 11811424 buff/cache
KiB Swap: 33554428 total, 31907156 free,  1647272 used. 63099976 avail Mem 
--
top - 13:09:39 up 105 days,  4:53,  0 users,  load average: 0.73, 0.84, 1.12
Tasks: 399 total,   1 running, 398 sleeping,   0 stopped,   0 zombie
%Cpu(s):  0.1 us,  0.0 sy,  0.0 ni, 99.9 id,  0.0 wa,  0.0 hi,  0.0 si,  0.0 st
KiB Mem : 65877692 total, 52465656 free,  1600612 used, 11811424 buff/cache
KiB Swap: 33554428 total, 31907156 free,  1647272 used. 63089124 avail Mem 
--
top - 13:09:44 up 105 days,  4:53,  0 users,  load average: 0.67, 0.82, 1.12
Tasks: 399 total,   1 running, 398 sleeping,   0 stopped,   0 zombie
%Cpu(s):  0.1 us,  0.1 sy,  0.0 ni, 99.8 id,  0.0 wa,  0.0 hi,  0.0 si,  0.0 st
KiB Mem : 65877692 total, 52451272 free,  1614996 used, 11811424 buff/cache
KiB Swap: 33554428 total, 31907156 free,  1647272 used. 63074740 avail Mem 
--
top - 13:09:49 up 105 days,  4:53,  0 users,  load average: 0.62, 0.81, 1.11
Tasks: 398 total,   1 running, 397 sleeping,   0 stopped,   0 zombie
%Cpu(s):  0.1 us,  0.1 sy,  0.0 ni, 99.8 id,  0.0 wa,  0.0 hi,  0.0 si,  0.0 st
KiB Mem : 65877692 total, 52435400 free,  1630868 used, 11811424 buff/cache
KiB Swap: 33554428 total, 31907156 free,  1647272 used. 63058868 avail Mem 
--
top - 13:09:54 up 105 days,  4:53,  0 users,  load average: 0.65, 0.81, 1.11
Tasks: 398 total,   1 running, 397 sleeping,   0 stopped,   0 zombie
%Cpu(s):  0.1 us,  0.0 sy,  0.0 ni, 99.9 id,  0.0 wa,  0.0 hi,  0.0 si,  0.0 st
KiB Mem : 65877692 total, 52422720 free,  1643548 used, 11811424 buff/cache
KiB Swap: 33554428 total, 31907156 free,  1647272 used. 63046188 avail Mem 
--
top - 13:09:59 up 105 days,  4:53,  0 users,  load average: 0.60, 0.80, 1.11
Tasks: 398 total,   1 running, 397 sleeping,   0 stopped,   0 zombie
%Cpu(s):  0.1 us,  0.0 sy,  0.0 ni, 99.9 id,  0.0 wa,  0.0 hi,  0.0 si,  0.0 st
KiB Mem : 65877692 total, 52404800 free,  1661468 used, 11811424 buff/cache
KiB Swap: 33554428 total, 31907156 free,  1647272 used. 63028268 avail Mem 
--
top - 13:10:04 up 105 days,  4:53,  0 users,  load average: 0.55, 0.79, 1.10
Tasks: 398 total,   2 running, 396 sleeping,   0 stopped,   0 zombie
%Cpu(s): 30.8 us,  0.5 sy,  0.0 ni, 68.4 id,  0.3 wa,  0.0 hi,  0.0 si,  0.0 st
KiB Mem : 65877692 total, 52323396 free,  1742832 used, 11811464 buff/cache
KiB Swap: 33554428 total, 31907156 free,  1647272 used. 62946892 avail Mem 
--
top - 13:10:09 up 105 days,  4:54,  0 users,  load average: 0.58, 0.79, 1.10
Tasks: 398 total,   1 running, 397 sleeping,   0 stopped,   0 zombie
%Cpu(s): 13.7 us,  0.1 sy,  0.0 ni, 86.2 id,  0.0 wa,  0.0 hi,  0.0 si,  0.0 st
KiB Mem : 65877692 total, 52299172 free,  1767052 used, 11811468 buff/cache
KiB Swap: 33554428 total, 31907156 free,  1647272 used. 62922672 avail Mem 
--
top - 13:10:14 up 105 days,  4:54,  0 users,  load average: 0.54, 0.78, 1.09
Tasks: 398 total,   1 running, 397 sleeping,   0 stopped,   0 zombie
%Cpu(s):  0.0 us,  0.0 sy,  0.0 ni,100.0 id,  0.0 wa,  0.0 hi,  0.0 si,  0.0 st
KiB Mem : 65877692 total, 52386244 free,  1679980 used, 11811468 buff/cache
KiB Swap: 33554428 total, 31907156 free,  1647272 used. 63009744 avail Mem 
--
top - 13:10:19 up 105 days,  4:54,  0 users,  load average: 0.49, 0.76, 1.09
Tasks: 398 total,   1 running, 397 sleeping,   0 stopped,   0 zombie
%Cpu(s):  0.1 us,  0.0 sy,  0.0 ni, 99.9 id,  0.0 wa,  0.0 hi,  0.0 si,  0.0 st
KiB Mem : 65877692 total, 52375332 free,  1690892 used, 11811468 buff/cache
KiB Swap: 33554428 total, 31907156 free,  1647272 used. 62998832 avail Mem 
--
top - 13:10:24 up 105 days,  4:54,  0 users,  load average: 0.45, 0.75, 1.08
Tasks: 398 total,   2 running, 396 sleeping,   0 stopped,   0 zombie
%Cpu(s):  0.1 us,  0.0 sy,  0.0 ni, 99.9 id,  0.0 wa,  0.0 hi,  0.0 si,  0.0 st
KiB Mem : 65877692 total, 52359492 free,  1706732 used, 11811468 buff/cache
KiB Swap: 33554428 total, 31907156 free,  1647272 used. 62982992 avail Mem 
--
top - 13:10:29 up 105 days,  4:54,  0 users,  load average: 0.42, 0.74, 1.08
Tasks: 398 total,   1 running, 397 sleeping,   0 stopped,   0 zombie
%Cpu(s):  0.1 us,  0.1 sy,  0.0 ni, 99.8 id,  0.0 wa,  0.0 hi,  0.0 si,  0.0 st
KiB Mem : 65877692 total, 52343388 free,  1722836 used, 11811468 buff/cache
KiB Swap: 33554428 total, 31907156 free,  1647272 used. 62966888 avail Mem 
--
top - 13:10:34 up 105 days,  4:54,  0 users,  load average: 0.38, 0.73, 1.07
Tasks: 398 total,   1 running, 397 sleeping,   0 stopped,   0 zombie
%Cpu(s):  0.1 us,  0.0 sy,  0.0 ni, 99.9 id,  0.0 wa,  0.0 hi,  0.0 si,  0.0 st
KiB Mem : 65877692 total, 52328892 free,  1737332 used, 11811468 buff/cache
KiB Swap: 33554428 total, 31907156 free,  1647272 used. 62952392 avail Mem 
--
top - 13:10:39 up 105 days,  4:54,  0 users,  load average: 0.35, 0.71, 1.06
Tasks: 398 total,   1 running, 397 sleeping,   0 stopped,   0 zombie
%Cpu(s):  0.1 us,  0.0 sy,  0.0 ni, 99.9 id,  0.0 wa,  0.0 hi,  0.0 si,  0.0 st
KiB Mem : 65877692 total, 52314016 free,  1752208 used, 11811468 buff/cache
KiB Swap: 33554428 total, 31907156 free,  1647272 used. 62937516 avail Mem 
--
top - 13:10:44 up 105 days,  4:54,  0 users,  load average: 0.33, 0.70, 1.06
Tasks: 398 total,   2 running, 396 sleeping,   0 stopped,   0 zombie
%Cpu(s): 12.0 us,  0.1 sy,  0.0 ni, 87.9 id,  0.0 wa,  0.0 hi,  0.0 si,  0.0 st
KiB Mem : 65877692 total, 52279996 free,  1786228 used, 11811468 buff/cache
KiB Swap: 33554428 total, 31907156 free,  1647272 used. 62903496 avail Mem 
--
top - 13:10:49 up 105 days,  4:54,  0 users,  load average: 2.54, 1.16, 1.20
Tasks: 398 total,   1 running, 397 sleeping,   0 stopped,   0 zombie
%Cpu(s): 31.8 us,  0.1 sy,  0.0 ni, 68.0 id,  0.0 wa,  0.0 hi,  0.0 si,  0.0 st
KiB Mem : 65877692 total, 52223084 free,  1843140 used, 11811468 buff/cache
KiB Swap: 33554428 total, 31907156 free,  1647272 used. 62846584 avail Mem 
--
top - 13:10:54 up 105 days,  4:54,  0 users,  load average: 2.34, 1.14, 1.20
Tasks: 398 total,   1 running, 397 sleeping,   0 stopped,   0 zombie
%Cpu(s):  0.1 us,  0.0 sy,  0.0 ni, 99.9 id,  0.0 wa,  0.0 hi,  0.0 si,  0.0 st
KiB Mem : 65877692 total, 52310496 free,  1755728 used, 11811468 buff/cache
KiB Swap: 33554428 total, 31907156 free,  1647272 used. 62933996 avail Mem 
--
top - 13:10:59 up 105 days,  4:54,  0 users,  load average: 2.15, 1.12, 1.19
Tasks: 398 total,   1 running, 397 sleeping,   0 stopped,   0 zombie
%Cpu(s):  0.0 us,  0.0 sy,  0.0 ni, 99.9 id,  0.0 wa,  0.0 hi,  0.0 si,  0.0 st
KiB Mem : 65877692 total, 52305044 free,  1761180 used, 11811468 buff/cache
KiB Swap: 33554428 total, 31907156 free,  1647272 used. 62928544 avail Mem 
--
top - 13:11:04 up 105 days,  4:54,  0 users,  load average: 1.98, 1.10, 1.18
Tasks: 398 total,   1 running, 397 sleeping,   0 stopped,   0 zombie
%Cpu(s):  0.1 us,  0.0 sy,  0.0 ni, 99.9 id,  0.0 wa,  0.0 hi,  0.0 si,  0.0 st
KiB Mem : 65877692 total, 52289388 free,  1776836 used, 11811468 buff/cache
KiB Swap: 33554428 total, 31907156 free,  1647272 used. 62912888 avail Mem 
--
top - 13:11:09 up 105 days,  4:55,  0 users,  load average: 1.82, 1.08, 1.18
Tasks: 395 total,   1 running, 394 sleeping,   0 stopped,   0 zombie
%Cpu(s):  0.1 us,  0.0 sy,  0.0 ni, 99.9 id,  0.0 wa,  0.0 hi,  0.0 si,  0.0 st
KiB Mem : 65877692 total, 52276312 free,  1789908 used, 11811472 buff/cache
KiB Swap: 33554428 total, 31907156 free,  1647272 used. 62899816 avail Mem 
--
top - 13:11:14 up 105 days,  4:55,  0 users,  load average: 1.67, 1.06, 1.17
Tasks: 394 total,   1 running, 393 sleeping,   0 stopped,   0 zombie
%Cpu(s):  0.1 us,  0.1 sy,  0.0 ni, 99.8 id,  0.0 wa,  0.0 hi,  0.0 si,  0.0 st
KiB Mem : 65877692 total, 52256132 free,  1810088 used, 11811472 buff/cache
KiB Swap: 33554428 total, 31907156 free,  1647272 used. 62879636 avail Mem 
--
top - 13:11:19 up 105 days,  4:55,  0 users,  load average: 1.54, 1.04, 1.17
Tasks: 394 total,   1 running, 393 sleeping,   0 stopped,   0 zombie
%Cpu(s):  0.0 us,  0.0 sy,  0.0 ni, 99.9 id,  0.0 wa,  0.0 hi,  0.0 si,  0.0 st
KiB Mem : 65877692 total, 52241684 free,  1824536 used, 11811472 buff/cache
KiB Swap: 33554428 total, 31907156 free,  1647272 used. 62865188 avail Mem 
--
top - 13:11:24 up 105 days,  4:55,  0 users,  load average: 1.42, 1.03, 1.16
Tasks: 394 total,   2 running, 392 sleeping,   0 stopped,   0 zombie
%Cpu(s): 38.0 us,  0.3 sy,  0.0 ni, 61.7 id,  0.0 wa,  0.0 hi,  0.0 si,  0.0 st
KiB Mem : 65877692 total, 52172000 free,  1894220 used, 11811472 buff/cache
KiB Swap: 33554428 total, 31907156 free,  1647272 used. 62795504 avail Mem 
--
top - 13:11:29 up 105 days,  4:55,  0 users,  load average: 1.30, 1.01, 1.15
Tasks: 394 total,   1 running, 393 sleeping,   0 stopped,   0 zombie
%Cpu(s):  6.5 us,  0.1 sy,  0.0 ni, 93.5 id,  0.0 wa,  0.0 hi,  0.0 si,  0.0 st
KiB Mem : 65877692 total, 52159088 free,  1907132 used, 11811472 buff/cache
KiB Swap: 33554428 total, 31907156 free,  1647272 used. 62782592 avail Mem 
--
top - 13:11:34 up 105 days,  4:55,  0 users,  load average: 1.20, 0.99, 1.15
Tasks: 394 total,   1 running, 393 sleeping,   0 stopped,   0 zombie
%Cpu(s):  0.0 us,  0.0 sy,  0.0 ni,100.0 id,  0.0 wa,  0.0 hi,  0.0 si,  0.0 st
KiB Mem : 65877692 total, 52247140 free,  1819080 used, 11811472 buff/cache
KiB Swap: 33554428 total, 31907156 free,  1647272 used. 62870644 avail Mem 
--
top - 13:11:39 up 105 days,  4:55,  0 users,  load average: 1.10, 0.98, 1.14
Tasks: 394 total,   1 running, 393 sleeping,   0 stopped,   0 zombie
%Cpu(s):  0.1 us,  0.0 sy,  0.0 ni, 99.9 id,  0.0 wa,  0.0 hi,  0.0 si,  0.0 st
KiB Mem : 65877692 total, 52235256 free,  1830964 used, 11811472 buff/cache
KiB Swap: 33554428 total, 31907156 free,  1647272 used. 62858760 avail Mem 
--
top - 13:11:44 up 105 days,  4:55,  0 users,  load average: 1.01, 0.96, 1.13
Tasks: 394 total,   1 running, 393 sleeping,   0 stopped,   0 zombie
%Cpu(s):  0.1 us,  0.1 sy,  0.0 ni, 99.8 id,  0.0 wa,  0.0 hi,  0.0 si,  0.0 st
KiB Mem : 65877692 total, 52222360 free,  1843860 used, 11811472 buff/cache
KiB Swap: 33554428 total, 31907156 free,  1647272 used. 62845864 avail Mem 
--
top - 13:11:49 up 105 days,  4:55,  0 users,  load average: 0.93, 0.94, 1.13
Tasks: 394 total,   1 running, 393 sleeping,   0 stopped,   0 zombie
%Cpu(s):  0.1 us,  0.1 sy,  0.0 ni, 99.9 id,  0.0 wa,  0.0 hi,  0.0 si,  0.0 st
KiB Mem : 65877692 total, 52207632 free,  1858588 used, 11811472 buff/cache
KiB Swap: 33554428 total, 31907156 free,  1647272 used. 62831136 avail Mem 
--
top - 13:11:54 up 105 days,  4:55,  0 users,  load average: 0.86, 0.93, 1.12
Tasks: 394 total,   1 running, 393 sleeping,   0 stopped,   0 zombie
%Cpu(s):  0.1 us,  0.0 sy,  0.0 ni, 99.9 id,  0.0 wa,  0.0 hi,  0.0 si,  0.0 st
KiB Mem : 65877692 total, 52193436 free,  1872784 used, 11811472 buff/cache
KiB Swap: 33554428 total, 31907156 free,  1647272 used. 62816940 avail Mem 
--
top - 13:11:59 up 105 days,  4:55,  0 users,  load average: 0.79, 0.91, 1.12
Tasks: 394 total,   1 running, 393 sleeping,   0 stopped,   0 zombie
%Cpu(s):  0.1 us,  0.0 sy,  0.0 ni, 99.9 id,  0.0 wa,  0.0 hi,  0.0 si,  0.0 st
KiB Mem : 65877692 total, 52175944 free,  1890276 used, 11811472 buff/cache
KiB Swap: 33554428 total, 31907156 free,  1647272 used. 62799448 avail Mem 
--
top - 13:12:04 up 105 days,  4:55,  0 users,  load average: 1.21, 1.00, 1.14
Tasks: 397 total,   2 running, 395 sleeping,   0 stopped,   0 zombie
%Cpu(s): 48.2 us,  0.6 sy,  0.0 ni, 50.8 id,  0.3 wa,  0.0 hi,  0.0 si,  0.0 st
KiB Mem : 65877692 total, 52096236 free,  1969956 used, 11811500 buff/cache
KiB Swap: 33554428 total, 31907156 free,  1647272 used. 62719756 avail Mem 
--
top - 13:12:09 up 105 days,  4:56,  0 users,  load average: 1.11, 0.98, 1.14
Tasks: 398 total,   1 running, 397 sleeping,   0 stopped,   0 zombie
%Cpu(s):  0.6 us,  0.0 sy,  0.0 ni, 99.4 id,  0.0 wa,  0.0 hi,  0.0 si,  0.0 st
KiB Mem : 65877692 total, 52171608 free,  1894584 used, 11811500 buff/cache
KiB Swap: 33554428 total, 31907156 free,  1647272 used. 62795128 avail Mem 
