10.149.0.59
2023/12/27 13:17:29 Master node address: http://10.149.0.54:8000
2023/12/27 13:17:29 Benchmarking worker...
2023/12/27 13:17:31 Worker registered (1829 MCUPS). Waiting for work...
2023/12/27 13:18:31 Got work. Start calculating alignments...
2023/12/27 13:18:31 Calculating 1992 queries
2023/12/27 13:18:33 Done calculating alignments.
2023/12/27 13:18:33 Waiting for work...
2023/12/27 13:19:10 Got work. Start calculating alignments...
2023/12/27 13:19:10 Calculating 1992 queries
2023/12/27 13:19:16 Done calculating alignments.
2023/12/27 13:19:16 Waiting for work...
2023/12/27 13:19:51 Got work. Start calculating alignments...
2023/12/27 13:19:51 Calculating 1992 queries
2023/12/27 13:19:56 Done calculating alignments.
2023/12/27 13:19:56 Waiting for work...
2023/12/27 13:20:27 Got work. Start calculating alignments...
2023/12/27 13:20:27 Calculating 1991 queries
2023/12/27 13:20:31 Done calculating alignments.
2023/12/27 13:20:31 Waiting for work...
2023/12/27 13:21:12 Got work. Start calculating alignments...
2023/12/27 13:21:12 Calculating 1992 queries
2023/12/27 13:21:17 Done calculating alignments.
2023/12/27 13:21:17 Waiting for work...
slurmstepd: error: *** JOB 4753410 ON node059 CANCELLED AT 2023-12-27T13:21:20 ***
