Job id: 4753361
Worker ip: 10.149.0.43
Master ip: 10.149.0.56
--
top - 13:08:18 up 105 days,  4:51,  0 users,  load average: 0.19, 0.44, 0.45
Tasks: 404 total,   1 running, 403 sleeping,   0 stopped,   0 zombie
%Cpu(s):  0.5 us,  1.1 sy,  0.0 ni, 98.2 id,  0.0 wa,  0.0 hi,  0.2 si,  0.0 st
KiB Mem : 65877712 total, 61884444 free,  1105740 used,  2887528 buff/cache
KiB Swap: 33554428 total, 32414124 free,  1140304 used. 63592072 avail Mem 
--
top - 13:08:23 up 105 days,  4:51,  0 users,  load average: 0.18, 0.43, 0.45
Tasks: 406 total,   1 running, 405 sleeping,   0 stopped,   0 zombie
%Cpu(s):  1.8 us,  0.6 sy,  0.0 ni, 97.7 id,  0.0 wa,  0.0 hi,  0.0 si,  0.0 st
KiB Mem : 65877712 total, 61858740 free,  1124696 used,  2894276 buff/cache
KiB Swap: 33554428 total, 32414124 free,  1140304 used. 63573012 avail Mem 
--
top - 13:08:28 up 105 days,  4:51,  0 users,  load average: 0.16, 0.42, 0.45
Tasks: 407 total,   1 running, 406 sleeping,   0 stopped,   0 zombie
%Cpu(s):  0.0 us,  0.0 sy,  0.0 ni, 99.9 id,  0.0 wa,  0.0 hi,  0.0 si,  0.0 st
KiB Mem : 65877712 total, 61859540 free,  1123896 used,  2894276 buff/cache
KiB Swap: 33554428 total, 32414124 free,  1140304 used. 63573812 avail Mem 
--
top - 13:08:33 up 105 days,  4:51,  0 users,  load average: 0.15, 0.42, 0.45
Tasks: 407 total,   1 running, 406 sleeping,   0 stopped,   0 zombie
%Cpu(s):  0.0 us,  0.0 sy,  0.0 ni,100.0 id,  0.0 wa,  0.0 hi,  0.0 si,  0.0 st
KiB Mem : 65877712 total, 61859720 free,  1123716 used,  2894276 buff/cache
KiB Swap: 33554428 total, 32414124 free,  1140304 used. 63573992 avail Mem 
--
top - 13:08:38 up 105 days,  4:51,  0 users,  load average: 0.14, 0.41, 0.44
Tasks: 408 total,   1 running, 407 sleeping,   0 stopped,   0 zombie
%Cpu(s):  0.0 us,  0.0 sy,  0.0 ni,100.0 id,  0.0 wa,  0.0 hi,  0.0 si,  0.0 st
KiB Mem : 65877712 total, 61860088 free,  1123348 used,  2894276 buff/cache
KiB Swap: 33554428 total, 32414124 free,  1140304 used. 63574360 avail Mem 
--
top - 13:08:43 up 105 days,  4:51,  0 users,  load average: 0.13, 0.40, 0.44
Tasks: 408 total,   1 running, 407 sleeping,   0 stopped,   0 zombie
%Cpu(s):  0.0 us,  0.0 sy,  0.0 ni,100.0 id,  0.0 wa,  0.0 hi,  0.0 si,  0.0 st
KiB Mem : 65877712 total, 61860584 free,  1122852 used,  2894276 buff/cache
KiB Swap: 33554428 total, 32414124 free,  1140304 used. 63574856 avail Mem 
--
top - 13:08:48 up 105 days,  4:51,  0 users,  load average: 0.12, 0.40, 0.44
Tasks: 408 total,   1 running, 407 sleeping,   0 stopped,   0 zombie
%Cpu(s):  0.0 us,  0.0 sy,  0.0 ni,100.0 id,  0.0 wa,  0.0 hi,  0.0 si,  0.0 st
KiB Mem : 65877712 total, 61861464 free,  1121972 used,  2894276 buff/cache
KiB Swap: 33554428 total, 32414124 free,  1140304 used. 63575736 avail Mem 
--
top - 13:08:53 up 105 days,  4:52,  0 users,  load average: 0.11, 0.39, 0.44
Tasks: 408 total,   1 running, 407 sleeping,   0 stopped,   0 zombie
%Cpu(s):  0.0 us,  0.0 sy,  0.0 ni,100.0 id,  0.0 wa,  0.0 hi,  0.0 si,  0.0 st
KiB Mem : 65877712 total, 61860004 free,  1123432 used,  2894276 buff/cache
KiB Swap: 33554428 total, 32414124 free,  1140304 used. 63574276 avail Mem 
--
top - 13:08:59 up 105 days,  4:52,  0 users,  load average: 0.10, 0.38, 0.43
Tasks: 408 total,   1 running, 407 sleeping,   0 stopped,   0 zombie
%Cpu(s):  0.0 us,  0.0 sy,  0.0 ni, 99.9 id,  0.0 wa,  0.0 hi,  0.0 si,  0.0 st
KiB Mem : 65877712 total, 61851856 free,  1131580 used,  2894276 buff/cache
KiB Swap: 33554428 total, 32414124 free,  1140304 used. 63566128 avail Mem 
--
top - 13:09:04 up 105 days,  4:52,  0 users,  load average: 0.09, 0.38, 0.43
Tasks: 408 total,   1 running, 407 sleeping,   0 stopped,   0 zombie
%Cpu(s):  0.1 us,  0.1 sy,  0.0 ni, 99.9 id,  0.0 wa,  0.0 hi,  0.0 si,  0.0 st
KiB Mem : 65877712 total, 61835720 free,  1147716 used,  2894276 buff/cache
KiB Swap: 33554428 total, 32414124 free,  1140304 used. 63549992 avail Mem 
--
top - 13:09:09 up 105 days,  4:52,  0 users,  load average: 0.08, 0.37, 0.43
Tasks: 408 total,   1 running, 407 sleeping,   0 stopped,   0 zombie
%Cpu(s):  0.1 us,  0.0 sy,  0.0 ni, 99.9 id,  0.0 wa,  0.0 hi,  0.0 si,  0.0 st
KiB Mem : 65877712 total, 61821160 free,  1162276 used,  2894276 buff/cache
KiB Swap: 33554428 total, 32414124 free,  1140304 used. 63535432 avail Mem 
--
top - 13:09:14 up 105 days,  4:52,  0 users,  load average: 0.08, 0.36, 0.43
Tasks: 408 total,   1 running, 407 sleeping,   0 stopped,   0 zombie
%Cpu(s):  0.1 us,  0.0 sy,  0.0 ni, 99.9 id,  0.0 wa,  0.0 hi,  0.0 si,  0.0 st
KiB Mem : 65877712 total, 61800404 free,  1183028 used,  2894280 buff/cache
KiB Swap: 33554428 total, 32414124 free,  1140304 used. 63514676 avail Mem 
--
top - 13:09:19 up 105 days,  4:52,  0 users,  load average: 0.07, 0.36, 0.42
Tasks: 408 total,   1 running, 407 sleeping,   0 stopped,   0 zombie
%Cpu(s):  0.1 us,  0.1 sy,  0.0 ni, 99.9 id,  0.0 wa,  0.0 hi,  0.0 si,  0.0 st
KiB Mem : 65877712 total, 61779580 free,  1203852 used,  2894280 buff/cache
KiB Swap: 33554428 total, 32414124 free,  1140304 used. 63493852 avail Mem 
--
top - 13:09:24 up 105 days,  4:52,  0 users,  load average: 2.23, 0.80, 0.57
Tasks: 408 total,   2 running, 406 sleeping,   0 stopped,   0 zombie
%Cpu(s): 33.9 us,  0.4 sy,  0.0 ni, 65.8 id,  0.0 wa,  0.0 hi,  0.0 si,  0.0 st
KiB Mem : 65877712 total, 61461804 free,  1521628 used,  2894280 buff/cache
KiB Swap: 33554428 total, 32414124 free,  1140304 used. 63176080 avail Mem 
--
top - 13:09:29 up 105 days,  4:52,  0 users,  load average: 2.05, 0.79, 0.56
Tasks: 408 total,   1 running, 407 sleeping,   0 stopped,   0 zombie
%Cpu(s):  8.7 us,  0.1 sy,  0.0 ni, 91.2 id,  0.0 wa,  0.0 hi,  0.0 si,  0.0 st
KiB Mem : 65877712 total, 61530900 free,  1452532 used,  2894280 buff/cache
KiB Swap: 33554428 total, 32414124 free,  1140304 used. 63245176 avail Mem 
--
top - 13:09:34 up 105 days,  4:52,  0 users,  load average: 1.88, 0.77, 0.56
Tasks: 408 total,   1 running, 407 sleeping,   0 stopped,   0 zombie
%Cpu(s):  0.0 us,  0.0 sy,  0.0 ni,100.0 id,  0.0 wa,  0.0 hi,  0.0 si,  0.0 st
KiB Mem : 65877712 total, 61532828 free,  1450604 used,  2894280 buff/cache
KiB Swap: 33554428 total, 32414124 free,  1140304 used. 63247104 avail Mem 
--
top - 13:09:39 up 105 days,  4:52,  0 users,  load average: 1.73, 0.76, 0.56
Tasks: 408 total,   1 running, 407 sleeping,   0 stopped,   0 zombie
%Cpu(s):  0.1 us,  0.0 sy,  0.0 ni, 99.9 id,  0.0 wa,  0.0 hi,  0.0 si,  0.0 st
KiB Mem : 65877712 total, 61523900 free,  1459532 used,  2894280 buff/cache
KiB Swap: 33554428 total, 32414124 free,  1140304 used. 63238176 avail Mem 
--
top - 13:09:44 up 105 days,  4:52,  0 users,  load average: 1.60, 0.75, 0.56
Tasks: 409 total,   1 running, 408 sleeping,   0 stopped,   0 zombie
%Cpu(s):  0.1 us,  0.0 sy,  0.0 ni, 99.9 id,  0.0 wa,  0.0 hi,  0.0 si,  0.0 st
KiB Mem : 65877712 total, 61509004 free,  1474428 used,  2894280 buff/cache
KiB Swap: 33554428 total, 32414124 free,  1140304 used. 63223280 avail Mem 
--
top - 13:09:49 up 105 days,  4:52,  0 users,  load average: 1.47, 0.74, 0.55
Tasks: 409 total,   1 running, 408 sleeping,   0 stopped,   0 zombie
%Cpu(s):  0.1 us,  0.0 sy,  0.0 ni, 99.9 id,  0.0 wa,  0.0 hi,  0.0 si,  0.0 st
KiB Mem : 65877712 total, 61494116 free,  1489316 used,  2894280 buff/cache
KiB Swap: 33554428 total, 32414124 free,  1140304 used. 63208392 avail Mem 
--
top - 13:09:54 up 105 days,  4:53,  0 users,  load average: 1.35, 0.72, 0.55
Tasks: 409 total,   1 running, 408 sleeping,   0 stopped,   0 zombie
%Cpu(s):  0.1 us,  0.1 sy,  0.0 ni, 99.9 id,  0.0 wa,  0.0 hi,  0.0 si,  0.0 st
KiB Mem : 65877712 total, 61479648 free,  1503784 used,  2894280 buff/cache
KiB Swap: 33554428 total, 32414124 free,  1140304 used. 63193924 avail Mem 
--
top - 13:09:59 up 105 days,  4:53,  0 users,  load average: 1.24, 0.71, 0.55
Tasks: 409 total,   1 running, 408 sleeping,   0 stopped,   0 zombie
%Cpu(s):  0.1 us,  0.0 sy,  0.0 ni, 99.9 id,  0.0 wa,  0.0 hi,  0.0 si,  0.0 st
KiB Mem : 65877712 total, 61462948 free,  1520484 used,  2894280 buff/cache
KiB Swap: 33554428 total, 32414124 free,  1140304 used. 63177224 avail Mem 
--
top - 13:10:04 up 105 days,  4:53,  0 users,  load average: 2.74, 1.03, 0.65
Tasks: 409 total,   1 running, 408 sleeping,   0 stopped,   0 zombie
%Cpu(s): 43.3 us,  0.5 sy,  0.0 ni, 55.5 id,  0.6 wa,  0.0 hi,  0.0 si,  0.0 st
KiB Mem : 65877712 total, 61385308 free,  1598116 used,  2894288 buff/cache
KiB Swap: 33554428 total, 32414124 free,  1140304 used. 63099592 avail Mem 
--
top - 13:10:09 up 105 days,  4:53,  0 users,  load average: 2.52, 1.02, 0.65
Tasks: 409 total,   1 running, 408 sleeping,   0 stopped,   0 zombie
%Cpu(s):  0.4 us,  0.0 sy,  0.0 ni, 99.6 id,  0.0 wa,  0.0 hi,  0.0 si,  0.0 st
KiB Mem : 65877712 total, 61393392 free,  1590028 used,  2894292 buff/cache
KiB Swap: 33554428 total, 32414124 free,  1140304 used. 63107676 avail Mem 
--
top - 13:10:14 up 105 days,  4:53,  0 users,  load average: 2.32, 1.00, 0.64
Tasks: 409 total,   1 running, 408 sleeping,   0 stopped,   0 zombie
%Cpu(s):  0.0 us,  0.0 sy,  0.0 ni,100.0 id,  0.0 wa,  0.0 hi,  0.0 si,  0.0 st
KiB Mem : 65877712 total, 61463220 free,  1520200 used,  2894292 buff/cache
KiB Swap: 33554428 total, 32414124 free,  1140304 used. 63177508 avail Mem 
--
top - 13:10:19 up 105 days,  4:53,  0 users,  load average: 2.14, 0.98, 0.64
Tasks: 409 total,   1 running, 408 sleeping,   0 stopped,   0 zombie
%Cpu(s):  0.1 us,  0.0 sy,  0.0 ni, 99.9 id,  0.0 wa,  0.0 hi,  0.0 si,  0.0 st
KiB Mem : 65877712 total, 61453876 free,  1529544 used,  2894292 buff/cache
KiB Swap: 33554428 total, 32414124 free,  1140304 used. 63168164 avail Mem 
--
top - 13:10:24 up 105 days,  4:53,  0 users,  load average: 1.96, 0.97, 0.64
Tasks: 409 total,   1 running, 408 sleeping,   0 stopped,   0 zombie
%Cpu(s):  0.1 us,  0.1 sy,  0.0 ni, 99.9 id,  0.0 wa,  0.0 hi,  0.0 si,  0.0 st
KiB Mem : 65877712 total, 61438408 free,  1545012 used,  2894292 buff/cache
KiB Swap: 33554428 total, 32414124 free,  1140304 used. 63152696 avail Mem 
--
top - 13:10:29 up 105 days,  4:53,  0 users,  load average: 1.81, 0.95, 0.63
Tasks: 409 total,   1 running, 408 sleeping,   0 stopped,   0 zombie
%Cpu(s):  0.1 us,  0.1 sy,  0.0 ni, 99.9 id,  0.0 wa,  0.0 hi,  0.0 si,  0.0 st
KiB Mem : 65877712 total, 61423908 free,  1559512 used,  2894292 buff/cache
KiB Swap: 33554428 total, 32414124 free,  1140304 used. 63138196 avail Mem 
--
top - 13:10:34 up 105 days,  4:53,  0 users,  load average: 1.66, 0.93, 0.63
Tasks: 409 total,   1 running, 408 sleeping,   0 stopped,   0 zombie
%Cpu(s):  0.1 us,  0.0 sy,  0.0 ni, 99.9 id,  0.0 wa,  0.0 hi,  0.0 si,  0.0 st
KiB Mem : 65877712 total, 61412400 free,  1571020 used,  2894292 buff/cache
KiB Swap: 33554428 total, 32414124 free,  1140304 used. 63126688 avail Mem 
--
top - 13:10:39 up 105 days,  4:53,  0 users,  load average: 1.53, 0.92, 0.63
Tasks: 409 total,   1 running, 408 sleeping,   0 stopped,   0 zombie
%Cpu(s):  0.1 us,  0.0 sy,  0.0 ni, 99.9 id,  0.0 wa,  0.0 hi,  0.0 si,  0.0 st
KiB Mem : 65877712 total, 61398660 free,  1584760 used,  2894292 buff/cache
KiB Swap: 33554428 total, 32414124 free,  1140304 used. 63112948 avail Mem 
--
top - 13:10:44 up 105 days,  4:53,  0 users,  load average: 3.33, 1.30, 0.75
Tasks: 409 total,   2 running, 407 sleeping,   0 stopped,   0 zombie
%Cpu(s): 22.6 us,  0.4 sy,  0.0 ni, 77.1 id,  0.0 wa,  0.0 hi,  0.0 si,  0.0 st
KiB Mem : 65877712 total, 61348876 free,  1634544 used,  2894292 buff/cache
KiB Swap: 33554428 total, 32414124 free,  1140304 used. 63063164 avail Mem 
--
top - 13:10:49 up 105 days,  4:53,  0 users,  load average: 3.06, 1.28, 0.75
Tasks: 409 total,   1 running, 408 sleeping,   0 stopped,   0 zombie
%Cpu(s): 20.7 us,  0.1 sy,  0.0 ni, 79.2 id,  0.0 wa,  0.0 hi,  0.0 si,  0.0 st
KiB Mem : 65877712 total, 61320756 free,  1662664 used,  2894292 buff/cache
KiB Swap: 33554428 total, 32414124 free,  1140304 used. 63035044 avail Mem 
--
top - 13:10:54 up 105 days,  4:54,  0 users,  load average: 2.82, 1.26, 0.74
Tasks: 408 total,   1 running, 407 sleeping,   0 stopped,   0 zombie
%Cpu(s):  0.0 us,  0.0 sy,  0.0 ni, 99.9 id,  0.0 wa,  0.0 hi,  0.0 si,  0.0 st
KiB Mem : 65877712 total, 61397644 free,  1585776 used,  2894292 buff/cache
KiB Swap: 33554428 total, 32414124 free,  1140304 used. 63111932 avail Mem 
--
top - 13:10:59 up 105 days,  4:54,  0 users,  load average: 2.59, 1.24, 0.74
Tasks: 407 total,   1 running, 406 sleeping,   0 stopped,   0 zombie
%Cpu(s):  0.0 us,  0.0 sy,  0.0 ni, 99.8 id,  0.1 wa,  0.0 hi,  0.0 si,  0.0 st
KiB Mem : 65877712 total, 61388556 free,  1594864 used,  2894292 buff/cache
KiB Swap: 33554428 total, 32414124 free,  1140304 used. 63102844 avail Mem 
--
top - 13:11:04 up 105 days,  4:54,  0 users,  load average: 2.38, 1.22, 0.74
Tasks: 406 total,   1 running, 405 sleeping,   0 stopped,   0 zombie
%Cpu(s):  0.1 us,  0.1 sy,  0.0 ni, 99.9 id,  0.0 wa,  0.0 hi,  0.0 si,  0.0 st
KiB Mem : 65877712 total, 61372340 free,  1611076 used,  2894296 buff/cache
KiB Swap: 33554428 total, 32414124 free,  1140304 used. 63086292 avail Mem 
--
top - 13:11:09 up 105 days,  4:54,  0 users,  load average: 2.19, 1.20, 0.73
Tasks: 406 total,   1 running, 405 sleeping,   0 stopped,   0 zombie
%Cpu(s):  0.1 us,  0.0 sy,  0.0 ni, 99.9 id,  0.0 wa,  0.0 hi,  0.0 si,  0.0 st
KiB Mem : 65877712 total, 61356624 free,  1626792 used,  2894296 buff/cache
KiB Swap: 33554428 total, 32414124 free,  1140304 used. 63070916 avail Mem 
--
top - 13:11:14 up 105 days,  4:54,  0 users,  load average: 2.02, 1.18, 0.73
Tasks: 405 total,   1 running, 404 sleeping,   0 stopped,   0 zombie
%Cpu(s):  0.1 us,  0.0 sy,  0.0 ni, 99.9 id,  0.0 wa,  0.0 hi,  0.0 si,  0.0 st
KiB Mem : 65877712 total, 61344660 free,  1638756 used,  2894296 buff/cache
KiB Swap: 33554428 total, 32414124 free,  1140304 used. 63058952 avail Mem 
--
top - 13:11:19 up 105 days,  4:54,  0 users,  load average: 1.86, 1.16, 0.72
Tasks: 405 total,   1 running, 404 sleeping,   0 stopped,   0 zombie
%Cpu(s):  0.1 us,  0.0 sy,  0.0 ni, 99.9 id,  0.0 wa,  0.0 hi,  0.0 si,  0.0 st
KiB Mem : 65877712 total, 61331624 free,  1651792 used,  2894296 buff/cache
KiB Swap: 33554428 total, 32414124 free,  1140304 used. 63045916 avail Mem 
--
top - 13:11:24 up 105 days,  4:54,  0 users,  load average: 3.31, 1.47, 0.83
Tasks: 405 total,   1 running, 404 sleeping,   0 stopped,   0 zombie
%Cpu(s): 44.0 us,  0.3 sy,  0.0 ni, 55.7 id,  0.0 wa,  0.0 hi,  0.0 si,  0.0 st
KiB Mem : 65877712 total, 61255524 free,  1727892 used,  2894296 buff/cache
KiB Swap: 33554428 total, 32414124 free,  1140304 used. 62969816 avail Mem 
--
top - 13:11:29 up 105 days,  4:54,  0 users,  load average: 3.04, 1.45, 0.82
Tasks: 405 total,   1 running, 404 sleeping,   0 stopped,   0 zombie
%Cpu(s):  0.0 us,  0.0 sy,  0.0 ni,100.0 id,  0.0 wa,  0.0 hi,  0.0 si,  0.0 st
KiB Mem : 65877712 total, 61292044 free,  1691372 used,  2894296 buff/cache
KiB Swap: 33554428 total, 32414124 free,  1140304 used. 63006336 avail Mem 
--
top - 13:11:34 up 105 days,  4:54,  0 users,  load average: 2.80, 1.42, 0.82
Tasks: 405 total,   1 running, 404 sleeping,   0 stopped,   0 zombie
%Cpu(s):  0.0 us,  0.0 sy,  0.0 ni, 99.9 id,  0.0 wa,  0.0 hi,  0.0 si,  0.0 st
KiB Mem : 65877712 total, 61339760 free,  1643656 used,  2894296 buff/cache
KiB Swap: 33554428 total, 32414124 free,  1140304 used. 63054052 avail Mem 
--
top - 13:11:39 up 105 days,  4:54,  0 users,  load average: 2.58, 1.40, 0.82
Tasks: 405 total,   1 running, 404 sleeping,   0 stopped,   0 zombie
%Cpu(s):  0.1 us,  0.0 sy,  0.0 ni, 99.9 id,  0.0 wa,  0.0 hi,  0.0 si,  0.0 st
KiB Mem : 65877712 total, 61327912 free,  1655504 used,  2894296 buff/cache
KiB Swap: 33554428 total, 32414124 free,  1140304 used. 63042204 avail Mem 
--
top - 13:11:44 up 105 days,  4:54,  0 users,  load average: 2.37, 1.38, 0.81
Tasks: 405 total,   1 running, 404 sleeping,   0 stopped,   0 zombie
%Cpu(s):  0.1 us,  0.0 sy,  0.0 ni, 99.9 id,  0.0 wa,  0.0 hi,  0.0 si,  0.0 st
KiB Mem : 65877712 total, 61314016 free,  1669400 used,  2894296 buff/cache
KiB Swap: 33554428 total, 32414124 free,  1140304 used. 63028308 avail Mem 
--
top - 13:11:49 up 105 days,  4:54,  0 users,  load average: 2.18, 1.35, 0.81
Tasks: 405 total,   1 running, 404 sleeping,   0 stopped,   0 zombie
%Cpu(s):  0.1 us,  0.1 sy,  0.0 ni, 99.8 id,  0.0 wa,  0.0 hi,  0.0 si,  0.0 st
KiB Mem : 65877712 total, 61298420 free,  1684996 used,  2894296 buff/cache
KiB Swap: 33554428 total, 32414124 free,  1140304 used. 63012712 avail Mem 
--
top - 13:11:54 up 105 days,  4:55,  0 users,  load average: 2.01, 1.33, 0.80
Tasks: 405 total,   1 running, 404 sleeping,   0 stopped,   0 zombie
%Cpu(s):  0.1 us,  0.1 sy,  0.0 ni, 99.9 id,  0.0 wa,  0.0 hi,  0.0 si,  0.0 st
KiB Mem : 65877712 total, 61286008 free,  1697404 used,  2894300 buff/cache
KiB Swap: 33554428 total, 32414124 free,  1140304 used. 63000304 avail Mem 
--
top - 13:11:59 up 105 days,  4:55,  0 users,  load average: 1.84, 1.31, 0.80
Tasks: 405 total,   1 running, 404 sleeping,   0 stopped,   0 zombie
%Cpu(s):  0.1 us,  0.0 sy,  0.0 ni, 99.9 id,  0.0 wa,  0.0 hi,  0.0 si,  0.0 st
KiB Mem : 65877712 total, 61271464 free,  1711948 used,  2894300 buff/cache
KiB Swap: 33554428 total, 32414124 free,  1140304 used. 62985760 avail Mem 
--
top - 13:12:04 up 105 days,  4:55,  0 users,  load average: 3.62, 1.68, 0.92
Tasks: 405 total,   1 running, 404 sleeping,   0 stopped,   0 zombie
%Cpu(s): 44.7 us,  0.6 sy,  0.0 ni, 54.1 id,  0.6 wa,  0.0 hi,  0.0 si,  0.0 st
KiB Mem : 65877712 total, 61168936 free,  1814476 used,  2894300 buff/cache
KiB Swap: 33554428 total, 32414124 free,  1140304 used. 62883232 avail Mem 
--
top - 13:12:09 up 105 days,  4:55,  0 users,  load average: 3.33, 1.66, 0.92
Tasks: 405 total,   1 running, 404 sleeping,   0 stopped,   0 zombie
%Cpu(s):  0.0 us,  0.0 sy,  0.0 ni,100.0 id,  0.0 wa,  0.0 hi,  0.0 si,  0.0 st
KiB Mem : 65877712 total, 61250416 free,  1732996 used,  2894300 buff/cache
KiB Swap: 33554428 total, 32414124 free,  1140304 used. 62964712 avail Mem 
