10.149.0.43
2023/12/27 13:17:29 Master node address: http://10.149.0.54:8000
2023/12/27 13:17:29 Benchmarking worker...
2023/12/27 13:17:31 Worker registered (1804 MCUPS). Waiting for work...
2023/12/27 13:18:32 Got work. Start calculating alignments...
2023/12/27 13:18:32 Calculating 1963 queries
2023/12/27 13:18:36 Done calculating alignments.
2023/12/27 13:18:36 Waiting for work...
2023/12/27 13:19:10 Got work. Start calculating alignments...
2023/12/27 13:19:10 Calculating 1965 queries
2023/12/27 13:19:16 Done calculating alignments.
2023/12/27 13:19:16 Waiting for work...
2023/12/27 13:19:50 Got work. Start calculating alignments...
2023/12/27 13:19:50 Calculating 1965 queries
2023/12/27 13:19:53 Done calculating alignments.
2023/12/27 13:19:53 Waiting for work...
2023/12/27 13:20:26 Got work. Start calculating alignments...
2023/12/27 13:20:26 Calculating 1965 queries
2023/12/27 13:20:31 Done calculating alignments.
2023/12/27 13:20:31 Waiting for work...
2023/12/27 13:21:12 Got work. Start calculating alignments...
2023/12/27 13:21:12 Calculating 1965 queries
2023/12/27 13:21:17 Done calculating alignments.
2023/12/27 13:21:17 Waiting for work...
slurmstepd: error: *** JOB 4753423 ON node043 CANCELLED AT 2023-12-27T13:21:20 ***
