Job id: 4753337
Worker ip: 10.149.0.66
Master ip: 10.149.0.55
--
top - 13:05:58 up 105 days,  4:48,  0 users,  load average: 0.01, 0.26, 0.60
Tasks: 396 total,   1 running, 395 sleeping,   0 stopped,   0 zombie
%Cpu(s):  0.2 us,  0.2 sy,  0.0 ni, 99.6 id,  0.0 wa,  0.0 hi,  0.0 si,  0.0 st
KiB Mem : 65877692 total, 50486532 free,  1194596 used, 14196564 buff/cache
KiB Swap: 33554428 total, 32394388 free,  1160040 used. 63384892 avail Mem 
--
top - 13:06:03 up 105 days,  4:48,  0 users,  load average: 0.25, 0.30, 0.62
Tasks: 403 total,   1 running, 402 sleeping,   0 stopped,   0 zombie
%Cpu(s):  2.1 us,  0.8 sy,  0.0 ni, 96.8 id,  0.3 wa,  0.0 hi,  0.0 si,  0.0 st
KiB Mem : 65877692 total, 50450700 free,  1223680 used, 14203312 buff/cache
KiB Swap: 33554428 total, 32394388 free,  1160040 used. 63355704 avail Mem 
--
top - 13:06:09 up 105 days,  4:48,  0 users,  load average: 0.23, 0.30, 0.61
Tasks: 404 total,   1 running, 403 sleeping,   0 stopped,   0 zombie
%Cpu(s):  0.0 us,  0.0 sy,  0.0 ni,100.0 id,  0.0 wa,  0.0 hi,  0.0 si,  0.0 st
KiB Mem : 65877692 total, 50451832 free,  1222548 used, 14203312 buff/cache
KiB Swap: 33554428 total, 32394388 free,  1160040 used. 63356836 avail Mem 
--
top - 13:06:14 up 105 days,  4:48,  0 users,  load average: 0.21, 0.29, 0.61
Tasks: 405 total,   1 running, 404 sleeping,   0 stopped,   0 zombie
%Cpu(s):  0.0 us,  0.0 sy,  0.0 ni,100.0 id,  0.0 wa,  0.0 hi,  0.0 si,  0.0 st
KiB Mem : 65877692 total, 50453420 free,  1220960 used, 14203312 buff/cache
KiB Swap: 33554428 total, 32394388 free,  1160040 used. 63358424 avail Mem 
--
top - 13:06:19 up 105 days,  4:48,  0 users,  load average: 0.20, 0.29, 0.61
Tasks: 405 total,   1 running, 404 sleeping,   0 stopped,   0 zombie
%Cpu(s):  0.0 us,  0.0 sy,  0.0 ni,100.0 id,  0.0 wa,  0.0 hi,  0.0 si,  0.0 st
KiB Mem : 65877692 total, 50454164 free,  1220216 used, 14203312 buff/cache
KiB Swap: 33554428 total, 32394388 free,  1160040 used. 63359168 avail Mem 
--
top - 13:06:24 up 105 days,  4:48,  0 users,  load average: 0.34, 0.31, 0.61
Tasks: 405 total,   1 running, 404 sleeping,   0 stopped,   0 zombie
%Cpu(s):  0.0 us,  0.0 sy,  0.0 ni,100.0 id,  0.0 wa,  0.0 hi,  0.0 si,  0.0 st
KiB Mem : 65877692 total, 50454832 free,  1219548 used, 14203312 buff/cache
KiB Swap: 33554428 total, 32394388 free,  1160040 used. 63359836 avail Mem 
--
top - 13:06:29 up 105 days,  4:48,  0 users,  load average: 0.31, 0.31, 0.61
Tasks: 405 total,   1 running, 404 sleeping,   0 stopped,   0 zombie
%Cpu(s):  0.0 us,  0.0 sy,  0.0 ni, 99.9 id,  0.0 wa,  0.0 hi,  0.0 si,  0.0 st
KiB Mem : 65877692 total, 50455032 free,  1219348 used, 14203312 buff/cache
KiB Swap: 33554428 total, 32394388 free,  1160040 used. 63360036 avail Mem 
--
top - 13:06:34 up 105 days,  4:48,  0 users,  load average: 0.29, 0.30, 0.61
Tasks: 405 total,   1 running, 404 sleeping,   0 stopped,   0 zombie
%Cpu(s):  0.1 us,  0.1 sy,  0.0 ni, 99.8 id,  0.0 wa,  0.0 hi,  0.0 si,  0.0 st
KiB Mem : 65877692 total, 50433056 free,  1241324 used, 14203312 buff/cache
KiB Swap: 33554428 total, 32394388 free,  1160040 used. 63338060 avail Mem 
--
top - 13:06:39 up 105 days,  4:48,  0 users,  load average: 0.27, 0.30, 0.60
Tasks: 405 total,   1 running, 404 sleeping,   0 stopped,   0 zombie
%Cpu(s):  0.1 us,  0.1 sy,  0.0 ni, 99.8 id,  0.0 wa,  0.0 hi,  0.0 si,  0.0 st
KiB Mem : 65877692 total, 50397556 free,  1276824 used, 14203312 buff/cache
KiB Swap: 33554428 total, 32394388 free,  1160040 used. 63302560 avail Mem 
--
top - 13:06:44 up 105 days,  4:48,  0 users,  load average: 0.24, 0.29, 0.60
Tasks: 405 total,   2 running, 403 sleeping,   0 stopped,   0 zombie
%Cpu(s): 18.2 us,  0.4 sy,  0.0 ni, 81.4 id,  0.0 wa,  0.0 hi,  0.0 si,  0.0 st
KiB Mem : 65877692 total, 50071680 free,  1602700 used, 14203312 buff/cache
KiB Swap: 33554428 total, 32394388 free,  1160040 used. 62976684 avail Mem 
--
top - 13:06:49 up 105 days,  4:48,  0 users,  load average: 2.39, 0.74, 0.74
Tasks: 406 total,   1 running, 405 sleeping,   0 stopped,   0 zombie
%Cpu(s): 24.1 us,  0.1 sy,  0.0 ni, 70.1 id,  5.7 wa,  0.0 hi,  0.0 si,  0.0 st
KiB Mem : 65877692 total, 50111964 free,  1562416 used, 14203312 buff/cache
KiB Swap: 33554428 total, 32394388 free,  1160040 used. 63016968 avail Mem 
--
top - 13:06:54 up 105 days,  4:48,  0 users,  load average: 2.76, 0.84, 0.78
Tasks: 406 total,   1 running, 405 sleeping,   0 stopped,   0 zombie
%Cpu(s):  0.1 us,  0.1 sy,  0.0 ni, 90.5 id,  9.3 wa,  0.0 hi,  0.0 si,  0.0 st
KiB Mem : 65877692 total, 50099996 free,  1574380 used, 14203316 buff/cache
KiB Swap: 33554428 total, 32394388 free,  1160040 used. 63005004 avail Mem 
--
top - 13:06:59 up 105 days,  4:49,  0 users,  load average: 2.54, 0.83, 0.77
Tasks: 406 total,   1 running, 405 sleeping,   0 stopped,   0 zombie
%Cpu(s):  0.1 us,  0.1 sy,  0.0 ni, 98.4 id,  1.4 wa,  0.0 hi,  0.0 si,  0.0 st
KiB Mem : 65877692 total, 50074048 free,  1600328 used, 14203316 buff/cache
KiB Swap: 33554428 total, 32394388 free,  1160040 used. 62979056 avail Mem 
--
top - 13:07:04 up 105 days,  4:49,  0 users,  load average: 2.33, 0.81, 0.77
Tasks: 406 total,   1 running, 405 sleeping,   0 stopped,   0 zombie
%Cpu(s):  0.1 us,  0.1 sy,  0.0 ni, 99.8 id,  0.0 wa,  0.0 hi,  0.0 si,  0.0 st
KiB Mem : 65877692 total, 50039956 free,  1634420 used, 14203316 buff/cache
KiB Swap: 33554428 total, 32394388 free,  1160040 used. 62944964 avail Mem 
--
top - 13:07:09 up 105 days,  4:49,  0 users,  load average: 2.15, 0.80, 0.76
Tasks: 403 total,   1 running, 402 sleeping,   0 stopped,   0 zombie
%Cpu(s): 40.5 us,  0.2 sy,  0.0 ni, 59.3 id,  0.0 wa,  0.0 hi,  0.0 si,  0.0 st
KiB Mem : 65877692 total, 49958352 free,  1716024 used, 14203316 buff/cache
KiB Swap: 33554428 total, 32394388 free,  1160040 used. 62863360 avail Mem 
--
top - 13:07:14 up 105 days,  4:49,  0 users,  load average: 1.97, 0.79, 0.76
Tasks: 403 total,   1 running, 402 sleeping,   0 stopped,   0 zombie
%Cpu(s):  0.0 us,  0.0 sy,  0.0 ni, 99.9 id,  0.0 wa,  0.0 hi,  0.0 si,  0.0 st
KiB Mem : 65877692 total, 50035136 free,  1639240 used, 14203316 buff/cache
KiB Swap: 33554428 total, 32394388 free,  1160040 used. 62940144 avail Mem 
--
top - 13:07:19 up 105 days,  4:49,  0 users,  load average: 1.82, 0.77, 0.76
Tasks: 403 total,   1 running, 402 sleeping,   0 stopped,   0 zombie
%Cpu(s):  0.1 us,  0.1 sy,  0.0 ni, 99.8 id,  0.0 wa,  0.0 hi,  0.0 si,  0.0 st
KiB Mem : 65877692 total, 50008364 free,  1666012 used, 14203316 buff/cache
KiB Swap: 33554428 total, 32394388 free,  1160040 used. 62913372 avail Mem 
--
top - 13:07:24 up 105 days,  4:49,  0 users,  load average: 1.67, 0.76, 0.75
Tasks: 403 total,   1 running, 402 sleeping,   0 stopped,   0 zombie
%Cpu(s):  0.1 us,  0.1 sy,  0.0 ni, 99.8 id,  0.0 wa,  0.0 hi,  0.0 si,  0.0 st
KiB Mem : 65877692 total, 49978084 free,  1696292 used, 14203316 buff/cache
KiB Swap: 33554428 total, 32394388 free,  1160040 used. 62883092 avail Mem 
--
top - 13:07:29 up 105 days,  4:49,  0 users,  load average: 1.54, 0.75, 0.75
Tasks: 403 total,   2 running, 401 sleeping,   0 stopped,   0 zombie
%Cpu(s): 33.0 us,  0.4 sy,  0.0 ni, 66.5 id,  0.0 wa,  0.0 hi,  0.0 si,  0.0 st
KiB Mem : 65877692 total, 49901192 free,  1773184 used, 14203316 buff/cache
KiB Swap: 33554428 total, 32394388 free,  1160040 used. 62806200 avail Mem 
--
top - 13:07:34 up 105 days,  4:49,  0 users,  load average: 1.41, 0.74, 0.74
Tasks: 403 total,   1 running, 402 sleeping,   0 stopped,   0 zombie
%Cpu(s):  8.5 us,  0.0 sy,  0.0 ni, 91.4 id,  0.0 wa,  0.0 hi,  0.0 si,  0.0 st
KiB Mem : 65877692 total, 49960848 free,  1713528 used, 14203316 buff/cache
KiB Swap: 33554428 total, 32394388 free,  1160040 used. 62865856 avail Mem 
--
top - 13:07:39 up 105 days,  4:49,  0 users,  load average: 1.30, 0.72, 0.74
Tasks: 403 total,   1 running, 402 sleeping,   0 stopped,   0 zombie
%Cpu(s):  0.1 us,  0.1 sy,  0.0 ni, 99.9 id,  0.0 wa,  0.0 hi,  0.0 si,  0.0 st
KiB Mem : 65877692 total, 49947448 free,  1726928 used, 14203316 buff/cache
KiB Swap: 33554428 total, 32394388 free,  1160040 used. 62852456 avail Mem 
--
top - 13:07:44 up 105 days,  4:49,  0 users,  load average: 1.20, 0.71, 0.74
Tasks: 403 total,   1 running, 402 sleeping,   0 stopped,   0 zombie
%Cpu(s):  0.1 us,  0.1 sy,  0.0 ni, 99.7 id,  0.0 wa,  0.0 hi,  0.0 si,  0.0 st
KiB Mem : 65877692 total, 49914436 free,  1759940 used, 14203316 buff/cache
KiB Swap: 33554428 total, 32394388 free,  1160040 used. 62819444 avail Mem 
--
top - 13:07:49 up 105 days,  4:49,  0 users,  load average: 1.10, 0.70, 0.73
Tasks: 403 total,   1 running, 402 sleeping,   0 stopped,   0 zombie
%Cpu(s):  0.1 us,  0.1 sy,  0.0 ni, 99.8 id,  0.0 wa,  0.0 hi,  0.0 si,  0.0 st
KiB Mem : 65877692 total, 49886000 free,  1788372 used, 14203320 buff/cache
KiB Swap: 33554428 total, 32394388 free,  1160040 used. 62791012 avail Mem 
--
top - 13:07:54 up 105 days,  4:49,  0 users,  load average: 1.09, 0.70, 0.73
Tasks: 403 total,   1 running, 402 sleeping,   0 stopped,   0 zombie
%Cpu(s): 43.0 us,  0.4 sy,  0.0 ni, 56.6 id,  0.0 wa,  0.0 hi,  0.0 si,  0.0 st
KiB Mem : 65877692 total, 49815324 free,  1859048 used, 14203320 buff/cache
KiB Swap: 33554428 total, 32394388 free,  1160040 used. 62720336 avail Mem 
--
top - 13:07:59 up 105 days,  4:50,  0 users,  load average: 1.00, 0.69, 0.73
Tasks: 403 total,   1 running, 402 sleeping,   0 stopped,   0 zombie
%Cpu(s):  0.1 us,  0.1 sy,  0.0 ni, 99.9 id,  0.0 wa,  0.0 hi,  0.0 si,  0.0 st
KiB Mem : 65877692 total, 49899372 free,  1775000 used, 14203320 buff/cache
KiB Swap: 33554428 total, 32394388 free,  1160040 used. 62804384 avail Mem 
--
top - 13:08:04 up 105 days,  4:50,  0 users,  load average: 1.00, 0.70, 0.73
Tasks: 404 total,   2 running, 402 sleeping,   0 stopped,   0 zombie
%Cpu(s):  0.5 us,  0.3 sy,  0.0 ni, 98.8 id,  0.4 wa,  0.0 hi,  0.0 si,  0.0 st
KiB Mem : 65877692 total, 49860212 free,  1814160 used, 14203320 buff/cache
KiB Swap: 33554428 total, 32394388 free,  1160040 used. 62765224 avail Mem 
--
top - 13:08:09 up 105 days,  4:50,  0 users,  load average: 0.92, 0.69, 0.73
Tasks: 403 total,   1 running, 402 sleeping,   0 stopped,   0 zombie
%Cpu(s):  0.1 us,  0.1 sy,  0.0 ni, 99.8 id,  0.0 wa,  0.0 hi,  0.0 si,  0.0 st
KiB Mem : 65877692 total, 49829756 free,  1844608 used, 14203328 buff/cache
KiB Swap: 33554428 total, 32394388 free,  1160040 used. 62734772 avail Mem 
--
top - 13:08:14 up 105 days,  4:50,  0 users,  load average: 0.85, 0.68, 0.72
Tasks: 404 total,   1 running, 403 sleeping,   0 stopped,   0 zombie
%Cpu(s): 42.3 us,  0.5 sy,  0.0 ni, 55.0 id,  2.2 wa,  0.0 hi,  0.0 si,  0.0 st
KiB Mem : 65877692 total, 49767384 free,  1906980 used, 14203328 buff/cache
KiB Swap: 33554428 total, 32394388 free,  1160040 used. 62672400 avail Mem 
