Job id: 4753354
Worker ip: 10.149.0.36
Master ip: 10.149.0.56
--
top - 13:08:18 up 105 days,  4:53,  0 users,  load average: 0.01, 0.29, 0.48
Tasks: 397 total,   1 running, 396 sleeping,   0 stopped,   0 zombie
%Cpu(s):  0.4 us,  0.9 sy,  0.0 ni, 98.7 id,  0.0 wa,  0.0 hi,  0.0 si,  0.0 st
KiB Mem : 65877712 total, 54105268 free,  1029012 used, 10743432 buff/cache
KiB Swap: 33554428 total, 32450748 free,  1103680 used. 63627416 avail Mem 
--
top - 13:08:23 up 105 days,  4:53,  0 users,  load average: 0.01, 0.29, 0.47
Tasks: 398 total,   2 running, 396 sleeping,   0 stopped,   0 zombie
%Cpu(s):  1.8 us,  0.6 sy,  0.0 ni, 97.6 id,  0.0 wa,  0.0 hi,  0.0 si,  0.0 st
KiB Mem : 65877712 total, 54070296 free,  1057280 used, 10750136 buff/cache
KiB Swap: 33554428 total, 32450748 free,  1103680 used. 63599068 avail Mem 
--
top - 13:08:28 up 105 days,  4:53,  0 users,  load average: 0.01, 0.28, 0.47
Tasks: 398 total,   1 running, 397 sleeping,   0 stopped,   0 zombie
%Cpu(s):  0.0 us,  0.0 sy,  0.0 ni,100.0 id,  0.0 wa,  0.0 hi,  0.0 si,  0.0 st
KiB Mem : 65877712 total, 54071236 free,  1056340 used, 10750136 buff/cache
KiB Swap: 33554428 total, 32450748 free,  1103680 used. 63600008 avail Mem 
--
top - 13:08:33 up 105 days,  4:53,  0 users,  load average: 0.00, 0.28, 0.47
Tasks: 398 total,   1 running, 397 sleeping,   0 stopped,   0 zombie
%Cpu(s):  0.0 us,  0.0 sy,  0.0 ni, 99.9 id,  0.0 wa,  0.0 hi,  0.0 si,  0.0 st
KiB Mem : 65877712 total, 54071668 free,  1055932 used, 10750112 buff/cache
KiB Swap: 33554428 total, 32450748 free,  1103680 used. 63600428 avail Mem 
--
top - 13:08:38 up 105 days,  4:53,  0 users,  load average: 0.00, 0.27, 0.47
Tasks: 399 total,   1 running, 398 sleeping,   0 stopped,   0 zombie
%Cpu(s):  0.0 us,  0.0 sy,  0.0 ni,100.0 id,  0.0 wa,  0.0 hi,  0.0 si,  0.0 st
KiB Mem : 65877712 total, 54071900 free,  1055700 used, 10750112 buff/cache
KiB Swap: 33554428 total, 32450748 free,  1103680 used. 63600660 avail Mem 
--
top - 13:08:43 up 105 days,  4:53,  0 users,  load average: 0.00, 0.27, 0.46
Tasks: 400 total,   1 running, 399 sleeping,   0 stopped,   0 zombie
%Cpu(s):  0.0 us,  0.0 sy,  0.0 ni,100.0 id,  0.0 wa,  0.0 hi,  0.0 si,  0.0 st
KiB Mem : 65877712 total, 54072388 free,  1055212 used, 10750112 buff/cache
KiB Swap: 33554428 total, 32450748 free,  1103680 used. 63601148 avail Mem 
--
top - 13:08:48 up 105 days,  4:53,  0 users,  load average: 0.00, 0.26, 0.46
Tasks: 400 total,   1 running, 399 sleeping,   0 stopped,   0 zombie
%Cpu(s):  0.0 us,  0.0 sy,  0.0 ni,100.0 id,  0.0 wa,  0.0 hi,  0.0 si,  0.0 st
KiB Mem : 65877712 total, 54073496 free,  1054104 used, 10750112 buff/cache
KiB Swap: 33554428 total, 32450748 free,  1103680 used. 63602256 avail Mem 
--
top - 13:08:53 up 105 days,  4:53,  0 users,  load average: 0.00, 0.26, 0.46
Tasks: 400 total,   1 running, 399 sleeping,   0 stopped,   0 zombie
%Cpu(s):  0.0 us,  0.0 sy,  0.0 ni,100.0 id,  0.0 wa,  0.0 hi,  0.0 si,  0.0 st
KiB Mem : 65877712 total, 54074044 free,  1053556 used, 10750112 buff/cache
KiB Swap: 33554428 total, 32450748 free,  1103680 used. 63602804 avail Mem 
--
top - 13:08:58 up 105 days,  4:53,  0 users,  load average: 0.00, 0.25, 0.46
Tasks: 400 total,   1 running, 399 sleeping,   0 stopped,   0 zombie
%Cpu(s):  0.0 us,  0.0 sy,  0.0 ni, 99.9 id,  0.0 wa,  0.0 hi,  0.0 si,  0.0 st
KiB Mem : 65877712 total, 54066144 free,  1061456 used, 10750112 buff/cache
KiB Swap: 33554428 total, 32450748 free,  1103680 used. 63594904 avail Mem 
--
top - 13:09:03 up 105 days,  4:53,  0 users,  load average: 0.00, 0.25, 0.45
Tasks: 400 total,   2 running, 398 sleeping,   0 stopped,   0 zombie
%Cpu(s):  0.1 us,  0.1 sy,  0.0 ni, 99.9 id,  0.0 wa,  0.0 hi,  0.0 si,  0.0 st
KiB Mem : 65877712 total, 54049576 free,  1078024 used, 10750112 buff/cache
KiB Swap: 33554428 total, 32450748 free,  1103680 used. 63578336 avail Mem 
--
top - 13:09:08 up 105 days,  4:54,  0 users,  load average: 0.00, 0.25, 0.45
Tasks: 400 total,   1 running, 399 sleeping,   0 stopped,   0 zombie
%Cpu(s):  0.1 us,  0.1 sy,  0.0 ni, 99.8 id,  0.0 wa,  0.0 hi,  0.0 si,  0.0 st
KiB Mem : 65877712 total, 54031728 free,  1095872 used, 10750112 buff/cache
KiB Swap: 33554428 total, 32450748 free,  1103680 used. 63560488 avail Mem 
--
top - 13:09:13 up 105 days,  4:54,  0 users,  load average: 0.00, 0.24, 0.45
Tasks: 400 total,   1 running, 399 sleeping,   0 stopped,   0 zombie
%Cpu(s):  0.1 us,  0.0 sy,  0.0 ni, 99.9 id,  0.0 wa,  0.0 hi,  0.0 si,  0.0 st
KiB Mem : 65877712 total, 54017136 free,  1110460 used, 10750116 buff/cache
KiB Swap: 33554428 total, 32450748 free,  1103680 used. 63545900 avail Mem 
--
top - 13:09:18 up 105 days,  4:54,  0 users,  load average: 0.00, 0.24, 0.45
Tasks: 400 total,   1 running, 399 sleeping,   0 stopped,   0 zombie
%Cpu(s):  0.1 us,  0.1 sy,  0.0 ni, 99.9 id,  0.0 wa,  0.0 hi,  0.0 si,  0.0 st
KiB Mem : 65877712 total, 54002944 free,  1124652 used, 10750116 buff/cache
KiB Swap: 33554428 total, 32450748 free,  1103680 used. 63531708 avail Mem 
--
top - 13:09:23 up 105 days,  4:54,  0 users,  load average: 1.68, 0.58, 0.56
Tasks: 400 total,   1 running, 399 sleeping,   0 stopped,   0 zombie
%Cpu(s): 40.3 us,  0.4 sy,  0.0 ni, 59.3 id,  0.0 wa,  0.0 hi,  0.0 si,  0.0 st
KiB Mem : 65877712 total, 53751296 free,  1376300 used, 10750116 buff/cache
KiB Swap: 33554428 total, 32450748 free,  1103680 used. 63280060 avail Mem 
--
top - 13:09:28 up 105 days,  4:54,  0 users,  load average: 1.55, 0.57, 0.56
Tasks: 400 total,   1 running, 399 sleeping,   0 stopped,   0 zombie
%Cpu(s):  0.0 us,  0.0 sy,  0.0 ni,100.0 id,  0.0 wa,  0.0 hi,  0.0 si,  0.0 st
KiB Mem : 65877712 total, 53753492 free,  1374104 used, 10750116 buff/cache
KiB Swap: 33554428 total, 32450748 free,  1103680 used. 63282256 avail Mem 
--
top - 13:09:34 up 105 days,  4:54,  0 users,  load average: 1.43, 0.56, 0.55
Tasks: 400 total,   2 running, 398 sleeping,   0 stopped,   0 zombie
%Cpu(s):  0.0 us,  0.0 sy,  0.0 ni, 99.9 id,  0.0 wa,  0.0 hi,  0.0 si,  0.0 st
KiB Mem : 65877712 total, 53751832 free,  1375764 used, 10750116 buff/cache
KiB Swap: 33554428 total, 32450748 free,  1103680 used. 63280596 avail Mem 
--
top - 13:09:39 up 105 days,  4:54,  0 users,  load average: 1.31, 0.55, 0.55
Tasks: 400 total,   1 running, 399 sleeping,   0 stopped,   0 zombie
%Cpu(s):  0.1 us,  0.1 sy,  0.0 ni, 99.9 id,  0.0 wa,  0.0 hi,  0.0 si,  0.0 st
KiB Mem : 65877712 total, 53744032 free,  1383564 used, 10750116 buff/cache
KiB Swap: 33554428 total, 32450748 free,  1103680 used. 63272796 avail Mem 
--
top - 13:09:44 up 105 days,  4:54,  0 users,  load average: 1.21, 0.54, 0.55
Tasks: 400 total,   2 running, 398 sleeping,   0 stopped,   0 zombie
%Cpu(s):  0.1 us,  0.0 sy,  0.0 ni, 99.9 id,  0.0 wa,  0.0 hi,  0.0 si,  0.0 st
KiB Mem : 65877712 total, 53730020 free,  1397576 used, 10750116 buff/cache
KiB Swap: 33554428 total, 32450748 free,  1103680 used. 63258784 avail Mem 
--
top - 13:09:49 up 105 days,  4:54,  0 users,  load average: 1.11, 0.54, 0.54
Tasks: 400 total,   1 running, 399 sleeping,   0 stopped,   0 zombie
%Cpu(s):  0.1 us,  0.1 sy,  0.0 ni, 99.8 id,  0.0 wa,  0.0 hi,  0.0 si,  0.0 st
KiB Mem : 65877712 total, 53712008 free,  1415588 used, 10750116 buff/cache
KiB Swap: 33554428 total, 32450748 free,  1103680 used. 63240772 avail Mem 
--
top - 13:09:54 up 105 days,  4:54,  0 users,  load average: 1.02, 0.53, 0.54
Tasks: 400 total,   1 running, 399 sleeping,   0 stopped,   0 zombie
%Cpu(s):  0.1 us,  0.0 sy,  0.0 ni, 99.9 id,  0.0 wa,  0.0 hi,  0.0 si,  0.0 st
KiB Mem : 65877712 total, 53700060 free,  1427536 used, 10750116 buff/cache
KiB Swap: 33554428 total, 32450748 free,  1103680 used. 63228824 avail Mem 
--
top - 13:09:59 up 105 days,  4:54,  0 users,  load average: 0.94, 0.52, 0.54
Tasks: 400 total,   1 running, 399 sleeping,   0 stopped,   0 zombie
%Cpu(s):  0.1 us,  0.1 sy,  0.0 ni, 99.9 id,  0.0 wa,  0.0 hi,  0.0 si,  0.0 st
KiB Mem : 65877712 total, 53685244 free,  1442352 used, 10750116 buff/cache
KiB Swap: 33554428 total, 32450748 free,  1103680 used. 63214008 avail Mem 
--
top - 13:10:04 up 105 days,  4:54,  0 users,  load average: 3.27, 1.01, 0.70
Tasks: 400 total,   2 running, 398 sleeping,   0 stopped,   0 zombie
%Cpu(s): 34.8 us,  0.5 sy,  0.0 ni, 64.0 id,  0.6 wa,  0.0 hi,  0.0 si,  0.0 st
KiB Mem : 65877712 total, 53584352 free,  1543236 used, 10750124 buff/cache
KiB Swap: 33554428 total, 32450748 free,  1103680 used. 63113124 avail Mem 
--
top - 13:10:09 up 105 days,  4:55,  0 users,  load average: 3.00, 0.99, 0.69
Tasks: 400 total,   1 running, 399 sleeping,   0 stopped,   0 zombie
%Cpu(s):  7.8 us,  0.1 sy,  0.0 ni, 92.0 id,  0.1 wa,  0.0 hi,  0.0 si,  0.0 st
KiB Mem : 65877712 total, 53600556 free,  1527028 used, 10750128 buff/cache
KiB Swap: 33554428 total, 32450748 free,  1103680 used. 63129332 avail Mem 
--
top - 13:10:14 up 105 days,  4:55,  0 users,  load average: 2.76, 0.97, 0.69
Tasks: 400 total,   1 running, 399 sleeping,   0 stopped,   0 zombie
%Cpu(s):  0.0 us,  0.0 sy,  0.0 ni,100.0 id,  0.0 wa,  0.0 hi,  0.0 si,  0.0 st
KiB Mem : 65877712 total, 53656032 free,  1471552 used, 10750128 buff/cache
KiB Swap: 33554428 total, 32450748 free,  1103680 used. 63184808 avail Mem 
--
top - 13:10:19 up 105 days,  4:55,  0 users,  load average: 2.54, 0.96, 0.68
Tasks: 400 total,   1 running, 399 sleeping,   0 stopped,   0 zombie
%Cpu(s):  0.1 us,  0.0 sy,  0.0 ni, 99.9 id,  0.0 wa,  0.0 hi,  0.0 si,  0.0 st
KiB Mem : 65877712 total, 53646196 free,  1481388 used, 10750128 buff/cache
KiB Swap: 33554428 total, 32450748 free,  1103680 used. 63174972 avail Mem 
--
top - 13:10:24 up 105 days,  4:55,  0 users,  load average: 2.34, 0.94, 0.68
Tasks: 400 total,   1 running, 399 sleeping,   0 stopped,   0 zombie
%Cpu(s):  0.1 us,  0.1 sy,  0.0 ni, 99.9 id,  0.0 wa,  0.0 hi,  0.0 si,  0.0 st
KiB Mem : 65877712 total, 53632532 free,  1495052 used, 10750128 buff/cache
KiB Swap: 33554428 total, 32450748 free,  1103680 used. 63161308 avail Mem 
--
top - 13:10:29 up 105 days,  4:55,  0 users,  load average: 2.15, 0.93, 0.68
Tasks: 400 total,   1 running, 399 sleeping,   0 stopped,   0 zombie
%Cpu(s):  0.1 us,  0.0 sy,  0.0 ni, 99.9 id,  0.0 wa,  0.0 hi,  0.0 si,  0.0 st
KiB Mem : 65877712 total, 53615420 free,  1512164 used, 10750128 buff/cache
KiB Swap: 33554428 total, 32450748 free,  1103680 used. 63144196 avail Mem 
--
top - 13:10:34 up 105 days,  4:55,  0 users,  load average: 1.98, 0.91, 0.67
Tasks: 400 total,   1 running, 399 sleeping,   0 stopped,   0 zombie
%Cpu(s):  0.1 us,  0.1 sy,  0.0 ni, 99.8 id,  0.0 wa,  0.0 hi,  0.0 si,  0.0 st
KiB Mem : 65877712 total, 53599388 free,  1528196 used, 10750128 buff/cache
KiB Swap: 33554428 total, 32450748 free,  1103680 used. 63128164 avail Mem 
--
top - 13:10:39 up 105 days,  4:55,  0 users,  load average: 1.82, 0.90, 0.67
Tasks: 400 total,   1 running, 399 sleeping,   0 stopped,   0 zombie
%Cpu(s):  0.1 us,  0.1 sy,  0.0 ni, 99.9 id,  0.0 wa,  0.0 hi,  0.0 si,  0.0 st
KiB Mem : 65877712 total, 53584364 free,  1543220 used, 10750128 buff/cache
KiB Swap: 33554428 total, 32450748 free,  1103680 used. 63113140 avail Mem 
--
top - 13:10:44 up 105 days,  4:55,  0 users,  load average: 1.67, 0.88, 0.67
Tasks: 400 total,   2 running, 398 sleeping,   0 stopped,   0 zombie
%Cpu(s): 21.6 us,  0.4 sy,  0.0 ni, 78.0 id,  0.0 wa,  0.0 hi,  0.0 si,  0.0 st
KiB Mem : 65877712 total, 53545988 free,  1581596 used, 10750128 buff/cache
KiB Swap: 33554428 total, 32450748 free,  1103680 used. 63074764 avail Mem 
--
top - 13:10:49 up 105 days,  4:55,  0 users,  load average: 1.54, 0.87, 0.66
Tasks: 400 total,   1 running, 399 sleeping,   0 stopped,   0 zombie
%Cpu(s): 20.7 us,  0.1 sy,  0.0 ni, 79.2 id,  0.0 wa,  0.0 hi,  0.0 si,  0.0 st
KiB Mem : 65877712 total, 53580016 free,  1547568 used, 10750128 buff/cache
KiB Swap: 33554428 total, 32450748 free,  1103680 used. 63108792 avail Mem 
--
top - 13:10:54 up 105 days,  4:55,  0 users,  load average: 1.42, 0.85, 0.66
Tasks: 400 total,   1 running, 399 sleeping,   0 stopped,   0 zombie
%Cpu(s):  0.0 us,  0.0 sy,  0.0 ni, 99.9 id,  0.0 wa,  0.0 hi,  0.0 si,  0.0 st
KiB Mem : 65877712 total, 53595304 free,  1532280 used, 10750128 buff/cache
KiB Swap: 33554428 total, 32450748 free,  1103680 used. 63124080 avail Mem 
--
top - 13:10:59 up 105 days,  4:55,  0 users,  load average: 1.30, 0.84, 0.66
Tasks: 400 total,   1 running, 399 sleeping,   0 stopped,   0 zombie
%Cpu(s):  0.0 us,  0.0 sy,  0.0 ni, 99.9 id,  0.0 wa,  0.0 hi,  0.0 si,  0.0 st
KiB Mem : 65877712 total, 53587940 free,  1539644 used, 10750128 buff/cache
KiB Swap: 33554428 total, 32450748 free,  1103680 used. 63116716 avail Mem 
--
top - 13:11:04 up 105 days,  4:55,  0 users,  load average: 1.20, 0.82, 0.65
Tasks: 400 total,   1 running, 399 sleeping,   0 stopped,   0 zombie
%Cpu(s):  0.1 us,  0.1 sy,  0.0 ni, 99.8 id,  0.0 wa,  0.0 hi,  0.0 si,  0.0 st
KiB Mem : 65877712 total, 53572708 free,  1554872 used, 10750132 buff/cache
KiB Swap: 33554428 total, 32450748 free,  1103680 used. 63101488 avail Mem 
--
top - 13:11:09 up 105 days,  4:56,  0 users,  load average: 1.10, 0.81, 0.65
Tasks: 400 total,   1 running, 399 sleeping,   0 stopped,   0 zombie
%Cpu(s):  0.1 us,  0.0 sy,  0.0 ni, 99.9 id,  0.0 wa,  0.0 hi,  0.0 si,  0.0 st
KiB Mem : 65877712 total, 53559492 free,  1568088 used, 10750132 buff/cache
KiB Swap: 33554428 total, 32450748 free,  1103680 used. 63088272 avail Mem 
--
top - 13:11:14 up 105 days,  4:56,  0 users,  load average: 1.01, 0.80, 0.65
Tasks: 400 total,   1 running, 399 sleeping,   0 stopped,   0 zombie
%Cpu(s):  0.1 us,  0.1 sy,  0.0 ni, 99.8 id,  0.0 wa,  0.0 hi,  0.0 si,  0.0 st
KiB Mem : 65877712 total, 53540012 free,  1587568 used, 10750132 buff/cache
KiB Swap: 33554428 total, 32450748 free,  1103680 used. 63068792 avail Mem 
--
top - 13:11:19 up 105 days,  4:56,  0 users,  load average: 0.93, 0.78, 0.64
Tasks: 400 total,   1 running, 399 sleeping,   0 stopped,   0 zombie
%Cpu(s):  0.1 us,  0.0 sy,  0.0 ni, 99.9 id,  0.0 wa,  0.0 hi,  0.0 si,  0.0 st
KiB Mem : 65877712 total, 53525096 free,  1602484 used, 10750132 buff/cache
KiB Swap: 33554428 total, 32450748 free,  1103680 used. 63053876 avail Mem 
--
top - 13:11:24 up 105 days,  4:56,  0 users,  load average: 2.86, 1.19, 0.77
Tasks: 400 total,   1 running, 399 sleeping,   0 stopped,   0 zombie
%Cpu(s): 41.7 us,  0.2 sy,  0.0 ni, 58.1 id,  0.0 wa,  0.0 hi,  0.0 si,  0.0 st
KiB Mem : 65877712 total, 53437444 free,  1690136 used, 10750132 buff/cache
KiB Swap: 33554428 total, 32450748 free,  1103680 used. 62966224 avail Mem 
--
top - 13:11:29 up 105 days,  4:56,  0 users,  load average: 2.63, 1.17, 0.77
Tasks: 400 total,   1 running, 399 sleeping,   0 stopped,   0 zombie
%Cpu(s):  0.7 us,  0.0 sy,  0.0 ni, 99.3 id,  0.0 wa,  0.0 hi,  0.0 si,  0.0 st
KiB Mem : 65877712 total, 53508184 free,  1619396 used, 10750132 buff/cache
KiB Swap: 33554428 total, 32450748 free,  1103680 used. 63037400 avail Mem 
--
top - 13:11:34 up 105 days,  4:56,  0 users,  load average: 2.42, 1.15, 0.77
Tasks: 400 total,   1 running, 399 sleeping,   0 stopped,   0 zombie
%Cpu(s):  0.0 us,  0.0 sy,  0.0 ni, 99.9 id,  0.0 wa,  0.0 hi,  0.0 si,  0.0 st
KiB Mem : 65877712 total, 53519736 free,  1607844 used, 10750132 buff/cache
KiB Swap: 33554428 total, 32450748 free,  1103680 used. 63048516 avail Mem 
--
top - 13:11:39 up 105 days,  4:56,  0 users,  load average: 2.23, 1.13, 0.76
Tasks: 400 total,   1 running, 399 sleeping,   0 stopped,   0 zombie
%Cpu(s):  0.1 us,  0.0 sy,  0.0 ni, 99.9 id,  0.0 wa,  0.0 hi,  0.0 si,  0.0 st
KiB Mem : 65877712 total, 53509176 free,  1618404 used, 10750132 buff/cache
KiB Swap: 33554428 total, 32450748 free,  1103680 used. 63037956 avail Mem 
--
top - 13:11:44 up 105 days,  4:56,  0 users,  load average: 2.05, 1.11, 0.76
Tasks: 400 total,   1 running, 399 sleeping,   0 stopped,   0 zombie
%Cpu(s):  0.1 us,  0.0 sy,  0.0 ni, 99.9 id,  0.0 wa,  0.0 hi,  0.0 si,  0.0 st
KiB Mem : 65877712 total, 53494824 free,  1632756 used, 10750132 buff/cache
KiB Swap: 33554428 total, 32450748 free,  1103680 used. 63023604 avail Mem 
--
top - 13:11:49 up 105 days,  4:56,  0 users,  load average: 1.96, 1.11, 0.76
Tasks: 400 total,   1 running, 399 sleeping,   0 stopped,   0 zombie
%Cpu(s):  0.1 us,  0.1 sy,  0.0 ni, 99.9 id,  0.0 wa,  0.0 hi,  0.0 si,  0.0 st
KiB Mem : 65877712 total, 53478448 free,  1649132 used, 10750132 buff/cache
KiB Swap: 33554428 total, 32450748 free,  1103680 used. 63007228 avail Mem 
--
top - 13:11:54 up 105 days,  4:56,  0 users,  load average: 1.81, 1.09, 0.75
Tasks: 400 total,   1 running, 399 sleeping,   0 stopped,   0 zombie
%Cpu(s):  0.1 us,  0.0 sy,  0.0 ni, 99.9 id,  0.0 wa,  0.0 hi,  0.0 si,  0.0 st
KiB Mem : 65877712 total, 53466796 free,  1660780 used, 10750136 buff/cache
KiB Swap: 33554428 total, 32450748 free,  1103680 used. 62995580 avail Mem 
--
top - 13:11:59 up 105 days,  4:56,  0 users,  load average: 1.66, 1.07, 0.75
Tasks: 399 total,   1 running, 398 sleeping,   0 stopped,   0 zombie
%Cpu(s):  0.1 us,  0.0 sy,  0.0 ni, 99.9 id,  0.0 wa,  0.0 hi,  0.0 si,  0.0 st
KiB Mem : 65877712 total, 53453316 free,  1674260 used, 10750136 buff/cache
KiB Swap: 33554428 total, 32450748 free,  1103680 used. 62982100 avail Mem 
--
top - 13:12:04 up 105 days,  4:56,  0 users,  load average: 3.69, 1.50, 0.89
Tasks: 399 total,   1 running, 398 sleeping,   0 stopped,   0 zombie
%Cpu(s): 42.1 us,  0.6 sy,  0.0 ni, 56.7 id,  0.6 wa,  0.0 hi,  0.0 si,  0.0 st
KiB Mem : 65877712 total, 53354064 free,  1773512 used, 10750136 buff/cache
KiB Swap: 33554428 total, 32450748 free,  1103680 used. 62882848 avail Mem 
--
top - 13:12:09 up 105 days,  4:57,  0 users,  load average: 3.40, 1.48, 0.89
Tasks: 399 total,   1 running, 398 sleeping,   0 stopped,   0 zombie
%Cpu(s):  0.0 us,  0.0 sy,  0.0 ni,100.0 id,  0.0 wa,  0.0 hi,  0.0 si,  0.0 st
KiB Mem : 65877712 total, 53437544 free,  1690032 used, 10750136 buff/cache
KiB Swap: 33554428 total, 32450748 free,  1103680 used. 62966328 avail Mem 
