Job id: 4753336
Worker ip: 10.149.0.65
Master ip: 10.149.0.55
--
top - 13:05:59 up 105 days,  4:49,  0 users,  load average: 0.36, 0.35, 0.40
Tasks: 394 total,   1 running, 393 sleeping,   0 stopped,   0 zombie
%Cpu(s):  0.4 us,  0.2 sy,  0.0 ni, 99.5 id,  0.0 wa,  0.0 hi,  0.0 si,  0.0 st
KiB Mem : 65877692 total, 58333280 free,  1139544 used,  6404868 buff/cache
KiB Swap: 33554428 total, 32377256 free,  1177172 used. 63526032 avail Mem 
--
top - 13:06:04 up 105 days,  4:49,  0 users,  load average: 0.41, 0.36, 0.40
Tasks: 401 total,   1 running, 400 sleeping,   0 stopped,   0 zombie
%Cpu(s):  2.2 us,  0.7 sy,  0.0 ni, 96.7 id,  0.3 wa,  0.0 hi,  0.0 si,  0.0 st
KiB Mem : 65877692 total, 58294184 free,  1171936 used,  6411572 buff/cache
KiB Swap: 33554428 total, 32377256 free,  1177172 used. 63493560 avail Mem 
--
top - 13:06:09 up 105 days,  4:50,  0 users,  load average: 0.38, 0.35, 0.40
Tasks: 400 total,   1 running, 399 sleeping,   0 stopped,   0 zombie
%Cpu(s):  0.0 us,  0.0 sy,  0.0 ni,100.0 id,  0.0 wa,  0.0 hi,  0.0 si,  0.0 st
KiB Mem : 65877692 total, 58295328 free,  1170792 used,  6411572 buff/cache
KiB Swap: 33554428 total, 32377256 free,  1177172 used. 63494704 avail Mem 
--
top - 13:06:14 up 105 days,  4:50,  0 users,  load average: 0.35, 0.35, 0.40
Tasks: 400 total,   1 running, 399 sleeping,   0 stopped,   0 zombie
%Cpu(s):  0.0 us,  0.0 sy,  0.0 ni,100.0 id,  0.0 wa,  0.0 hi,  0.0 si,  0.0 st
KiB Mem : 65877692 total, 58296212 free,  1169908 used,  6411572 buff/cache
KiB Swap: 33554428 total, 32377256 free,  1177172 used. 63495588 avail Mem 
--
top - 13:06:19 up 105 days,  4:50,  0 users,  load average: 0.32, 0.34, 0.39
Tasks: 401 total,   1 running, 400 sleeping,   0 stopped,   0 zombie
%Cpu(s):  0.0 us,  0.0 sy,  0.0 ni,100.0 id,  0.0 wa,  0.0 hi,  0.0 si,  0.0 st
KiB Mem : 65877692 total, 58297096 free,  1169024 used,  6411572 buff/cache
KiB Swap: 33554428 total, 32377256 free,  1177172 used. 63496472 avail Mem 
--
top - 13:06:24 up 105 days,  4:50,  0 users,  load average: 0.30, 0.33, 0.39
Tasks: 401 total,   1 running, 400 sleeping,   0 stopped,   0 zombie
%Cpu(s):  0.0 us,  0.0 sy,  0.0 ni,100.0 id,  0.0 wa,  0.0 hi,  0.0 si,  0.0 st
KiB Mem : 65877692 total, 58296908 free,  1169212 used,  6411572 buff/cache
KiB Swap: 33554428 total, 32377256 free,  1177172 used. 63496284 avail Mem 
--
top - 13:06:29 up 105 days,  4:50,  0 users,  load average: 0.27, 0.33, 0.39
Tasks: 401 total,   1 running, 400 sleeping,   0 stopped,   0 zombie
%Cpu(s):  0.0 us,  0.0 sy,  0.0 ni,100.0 id,  0.0 wa,  0.0 hi,  0.0 si,  0.0 st
KiB Mem : 65877692 total, 58298288 free,  1167832 used,  6411572 buff/cache
KiB Swap: 33554428 total, 32377256 free,  1177172 used. 63497664 avail Mem 
--
top - 13:06:34 up 105 days,  4:50,  0 users,  load average: 0.25, 0.32, 0.39
Tasks: 401 total,   1 running, 400 sleeping,   0 stopped,   0 zombie
%Cpu(s):  0.1 us,  0.1 sy,  0.0 ni, 99.8 id,  0.0 wa,  0.0 hi,  0.0 si,  0.0 st
KiB Mem : 65877692 total, 58276820 free,  1189300 used,  6411572 buff/cache
KiB Swap: 33554428 total, 32377256 free,  1177172 used. 63476196 avail Mem 
--
top - 13:06:39 up 105 days,  4:50,  0 users,  load average: 0.23, 0.32, 0.39
Tasks: 401 total,   1 running, 400 sleeping,   0 stopped,   0 zombie
%Cpu(s):  0.1 us,  0.1 sy,  0.0 ni, 99.8 id,  0.0 wa,  0.0 hi,  0.0 si,  0.0 st
KiB Mem : 65877692 total, 58241456 free,  1224664 used,  6411572 buff/cache
KiB Swap: 33554428 total, 32377256 free,  1177172 used. 63440832 avail Mem 
--
top - 13:06:44 up 105 days,  4:50,  0 users,  load average: 0.21, 0.31, 0.39
Tasks: 401 total,   2 running, 399 sleeping,   0 stopped,   0 zombie
%Cpu(s): 15.3 us,  0.4 sy,  0.0 ni, 84.3 id,  0.0 wa,  0.0 hi,  0.0 si,  0.0 st
KiB Mem : 65877692 total, 57957808 free,  1508312 used,  6411572 buff/cache
KiB Swap: 33554428 total, 32377256 free,  1177172 used. 63157184 avail Mem 
--
top - 13:06:49 up 105 days,  4:50,  0 users,  load average: 0.19, 0.31, 0.38
Tasks: 401 total,   1 running, 400 sleeping,   0 stopped,   0 zombie
%Cpu(s): 28.1 us,  0.1 sy,  0.0 ni, 71.8 id,  0.0 wa,  0.0 hi,  0.0 si,  0.0 st
KiB Mem : 65877692 total, 57991108 free,  1475012 used,  6411572 buff/cache
KiB Swap: 33554428 total, 32377256 free,  1177172 used. 63190484 avail Mem 
--
top - 13:06:54 up 105 days,  4:50,  0 users,  load average: 0.18, 0.30, 0.38
Tasks: 401 total,   1 running, 400 sleeping,   0 stopped,   0 zombie
%Cpu(s):  0.1 us,  0.1 sy,  0.0 ni, 99.8 id,  0.0 wa,  0.0 hi,  0.0 si,  0.0 st
KiB Mem : 65877692 total, 57978232 free,  1487884 used,  6411576 buff/cache
KiB Swap: 33554428 total, 32377256 free,  1177172 used. 63177612 avail Mem 
--
top - 13:06:59 up 105 days,  4:50,  0 users,  load average: 0.16, 0.30, 0.38
Tasks: 400 total,   2 running, 398 sleeping,   0 stopped,   0 zombie
%Cpu(s):  0.1 us,  0.1 sy,  0.0 ni, 99.8 id,  0.0 wa,  0.0 hi,  0.0 si,  0.0 st
KiB Mem : 65877692 total, 57950000 free,  1516116 used,  6411576 buff/cache
KiB Swap: 33554428 total, 32377256 free,  1177172 used. 63149380 avail Mem 
--
top - 13:07:04 up 105 days,  4:50,  0 users,  load average: 0.31, 0.33, 0.39
Tasks: 400 total,   1 running, 399 sleeping,   0 stopped,   0 zombie
%Cpu(s):  0.1 us,  0.1 sy,  0.0 ni, 99.8 id,  0.0 wa,  0.0 hi,  0.0 si,  0.0 st
KiB Mem : 65877692 total, 57915316 free,  1550800 used,  6411576 buff/cache
KiB Swap: 33554428 total, 32377256 free,  1177172 used. 63114696 avail Mem 
--
top - 13:07:09 up 105 days,  4:51,  0 users,  load average: 2.29, 0.74, 0.52
Tasks: 396 total,   1 running, 395 sleeping,   0 stopped,   0 zombie
%Cpu(s): 44.9 us,  0.2 sy,  0.0 ni, 54.9 id,  0.0 wa,  0.0 hi,  0.0 si,  0.0 st
KiB Mem : 65877692 total, 57806944 free,  1659172 used,  6411576 buff/cache
KiB Swap: 33554428 total, 32377256 free,  1177172 used. 63006324 avail Mem 
--
top - 13:07:14 up 105 days,  4:51,  0 users,  load average: 2.11, 0.72, 0.52
Tasks: 396 total,   1 running, 395 sleeping,   0 stopped,   0 zombie
%Cpu(s):  0.0 us,  0.0 sy,  0.0 ni, 99.9 id,  0.0 wa,  0.0 hi,  0.0 si,  0.0 st
KiB Mem : 65877692 total, 57892528 free,  1573588 used,  6411576 buff/cache
KiB Swap: 33554428 total, 32377256 free,  1177172 used. 63091908 avail Mem 
--
top - 13:07:19 up 105 days,  4:51,  0 users,  load average: 1.94, 0.71, 0.51
Tasks: 396 total,   1 running, 395 sleeping,   0 stopped,   0 zombie
%Cpu(s):  0.1 us,  0.1 sy,  0.0 ni, 99.8 id,  0.0 wa,  0.0 hi,  0.0 si,  0.0 st
KiB Mem : 65877692 total, 57864936 free,  1601180 used,  6411576 buff/cache
KiB Swap: 33554428 total, 32377256 free,  1177172 used. 63064316 avail Mem 
--
top - 13:07:24 up 105 days,  4:51,  0 users,  load average: 1.78, 0.70, 0.51
Tasks: 396 total,   1 running, 395 sleeping,   0 stopped,   0 zombie
%Cpu(s):  0.1 us,  0.1 sy,  0.0 ni, 99.8 id,  0.0 wa,  0.0 hi,  0.0 si,  0.0 st
KiB Mem : 65877692 total, 57838020 free,  1628096 used,  6411576 buff/cache
KiB Swap: 33554428 total, 32377256 free,  1177172 used. 63037400 avail Mem 
--
top - 13:07:29 up 105 days,  4:51,  0 users,  load average: 1.64, 0.69, 0.51
Tasks: 396 total,   2 running, 394 sleeping,   0 stopped,   0 zombie
%Cpu(s): 28.4 us,  0.2 sy,  0.0 ni, 71.4 id,  0.0 wa,  0.0 hi,  0.0 si,  0.0 st
KiB Mem : 65877692 total, 57762376 free,  1703740 used,  6411576 buff/cache
KiB Swap: 33554428 total, 32377256 free,  1177172 used. 62961756 avail Mem 
--
top - 13:07:34 up 105 days,  4:51,  0 users,  load average: 1.51, 0.68, 0.51
Tasks: 396 total,   1 running, 395 sleeping,   0 stopped,   0 zombie
%Cpu(s): 17.0 us,  0.1 sy,  0.0 ni, 82.9 id,  0.0 wa,  0.0 hi,  0.0 si,  0.0 st
KiB Mem : 65877692 total, 57817540 free,  1648576 used,  6411576 buff/cache
KiB Swap: 33554428 total, 32377256 free,  1177172 used. 63016920 avail Mem 
--
top - 13:07:39 up 105 days,  4:51,  0 users,  load average: 1.39, 0.66, 0.50
Tasks: 396 total,   1 running, 395 sleeping,   0 stopped,   0 zombie
%Cpu(s):  0.1 us,  0.1 sy,  0.0 ni, 99.8 id,  0.0 wa,  0.0 hi,  0.0 si,  0.0 st
KiB Mem : 65877692 total, 57801680 free,  1664436 used,  6411576 buff/cache
KiB Swap: 33554428 total, 32377256 free,  1177172 used. 63001060 avail Mem 
--
top - 13:07:44 up 105 days,  4:51,  0 users,  load average: 1.28, 0.65, 0.50
Tasks: 396 total,   1 running, 395 sleeping,   0 stopped,   0 zombie
%Cpu(s):  0.1 us,  0.1 sy,  0.0 ni, 99.8 id,  0.0 wa,  0.0 hi,  0.0 si,  0.0 st
KiB Mem : 65877692 total, 57773392 free,  1692724 used,  6411576 buff/cache
KiB Swap: 33554428 total, 32377256 free,  1177172 used. 62972772 avail Mem 
--
top - 13:07:49 up 105 days,  4:51,  0 users,  load average: 1.17, 0.64, 0.50
Tasks: 396 total,   1 running, 395 sleeping,   0 stopped,   0 zombie
%Cpu(s):  0.1 us,  0.1 sy,  0.0 ni, 99.7 id,  0.1 wa,  0.0 hi,  0.0 si,  0.0 st
KiB Mem : 65877692 total, 57748012 free,  1718100 used,  6411580 buff/cache
KiB Swap: 33554428 total, 32377256 free,  1177172 used. 62947392 avail Mem 
--
top - 13:07:54 up 105 days,  4:51,  0 users,  load average: 3.56, 1.15, 0.66
Tasks: 396 total,   1 running, 395 sleeping,   0 stopped,   0 zombie
%Cpu(s): 45.4 us,  0.6 sy,  0.0 ni, 54.0 id,  0.0 wa,  0.0 hi,  0.0 si,  0.0 st
KiB Mem : 65877692 total, 57666680 free,  1799432 used,  6411580 buff/cache
KiB Swap: 33554428 total, 32377256 free,  1177172 used. 62866064 avail Mem 
--
top - 13:07:59 up 105 days,  4:51,  0 users,  load average: 3.28, 1.13, 0.66
Tasks: 397 total,   1 running, 396 sleeping,   0 stopped,   0 zombie
%Cpu(s):  0.0 us,  0.0 sy,  0.0 ni, 99.9 id,  0.0 wa,  0.0 hi,  0.0 si,  0.0 st
KiB Mem : 65877692 total, 57751232 free,  1714880 used,  6411580 buff/cache
KiB Swap: 33554428 total, 32377256 free,  1177172 used. 62950616 avail Mem 
--
top - 13:08:04 up 105 days,  4:52,  0 users,  load average: 3.01, 1.11, 0.65
Tasks: 401 total,   1 running, 400 sleeping,   0 stopped,   0 zombie
%Cpu(s):  0.5 us,  0.3 sy,  0.0 ni, 98.9 id,  0.3 wa,  0.0 hi,  0.0 si,  0.0 st
KiB Mem : 65877692 total, 57715828 free,  1750284 used,  6411580 buff/cache
KiB Swap: 33554428 total, 32377256 free,  1177172 used. 62915212 avail Mem 
--
top - 13:08:09 up 105 days,  4:52,  0 users,  load average: 2.77, 1.09, 0.65
Tasks: 401 total,   1 running, 400 sleeping,   0 stopped,   0 zombie
%Cpu(s):  0.1 us,  0.1 sy,  0.0 ni, 99.8 id,  0.0 wa,  0.0 hi,  0.0 si,  0.0 st
KiB Mem : 65877692 total, 57686928 free,  1779184 used,  6411580 buff/cache
KiB Swap: 33554428 total, 32377256 free,  1177172 used. 62886312 avail Mem 
--
top - 13:08:14 up 105 days,  4:52,  0 users,  load average: 4.31, 1.44, 0.77
Tasks: 401 total,   1 running, 400 sleeping,   0 stopped,   0 zombie
%Cpu(s): 43.8 us,  0.4 sy,  0.0 ni, 55.8 id,  0.0 wa,  0.0 hi,  0.0 si,  0.0 st
KiB Mem : 65877692 total, 57607312 free,  1858800 used,  6411580 buff/cache
KiB Swap: 33554428 total, 32377256 free,  1177172 used. 62806696 avail Mem 
