10.149.0.41
2023/12/27 13:17:29 Master node address: http://10.149.0.54:8000
2023/12/27 13:17:29 Benchmarking worker...
2023/12/27 13:17:31 Worker registered (1829 MCUPS). Waiting for work...
2023/12/27 13:18:32 Got work. Start calculating alignments...
2023/12/27 13:18:32 Calculating 1992 queries
2023/12/27 13:18:38 Done calculating alignments.
2023/12/27 13:18:38 Waiting for work...
2023/12/27 13:19:11 Got work. Start calculating alignments...
2023/12/27 13:19:11 Calculating 1991 queries
2023/12/27 13:19:17 Done calculating alignments.
2023/12/27 13:19:17 Waiting for work...
2023/12/27 13:19:48 Got work. Start calculating alignments...
2023/12/27 13:19:48 Calculating 1991 queries
2023/12/27 13:19:51 Done calculating alignments.
2023/12/27 13:19:51 Waiting for work...
2023/12/27 13:20:26 Got work. Start calculating alignments...
2023/12/27 13:20:26 Calculating 1992 queries
2023/12/27 13:20:31 Done calculating alignments.
2023/12/27 13:20:31 Waiting for work...
2023/12/27 13:21:12 Got work. Start calculating alignments...
2023/12/27 13:21:12 Calculating 1990 queries
2023/12/27 13:21:17 Done calculating alignments.
2023/12/27 13:21:17 Waiting for work...
slurmstepd: error: *** JOB 4753421 ON node041 CANCELLED AT 2023-12-27T13:21:20 ***
