Job id: 4754532
Worker ip: 10.149.0.62
Master ip: 10.149.0.54
--
top - 09:44:00 up 111 days,  1:26,  0 users,  load average: 0.47, 0.28, 0.25
Tasks: 406 total,   2 running, 404 sleeping,   0 stopped,   0 zombie
%Cpu(s): 12.9 us,  6.5 sy,  0.0 ni, 78.3 id,  2.0 wa,  0.0 hi,  0.4 si,  0.0 st
KiB Mem : 65877712 total, 52825160 free,  1164972 used, 11887580 buff/cache
KiB Swap: 33554428 total, 32232376 free,  1322052 used. 63440524 avail Mem 
--
top - 09:44:05 up 111 days,  1:26,  0 users,  load average: 0.43, 0.28, 0.25
Tasks: 405 total,   1 running, 404 sleeping,   0 stopped,   0 zombie
%Cpu(s):  1.3 us,  0.2 sy,  0.0 ni, 98.3 id,  0.1 wa,  0.0 hi,  0.0 si,  0.0 st
KiB Mem : 65877712 total, 52818896 free,  1164536 used, 11894280 buff/cache
KiB Swap: 33554428 total, 32232376 free,  1322052 used. 63440876 avail Mem 
--
top - 09:44:10 up 111 days,  1:26,  0 users,  load average: 0.40, 0.27, 0.24
Tasks: 405 total,   1 running, 404 sleeping,   0 stopped,   0 zombie
%Cpu(s):  0.0 us,  0.0 sy,  0.0 ni,100.0 id,  0.0 wa,  0.0 hi,  0.0 si,  0.0 st
KiB Mem : 65877712 total, 52820444 free,  1162988 used, 11894280 buff/cache
KiB Swap: 33554428 total, 32232376 free,  1322052 used. 63442424 avail Mem 
--
top - 09:44:15 up 111 days,  1:26,  0 users,  load average: 0.36, 0.27, 0.24
Tasks: 405 total,   1 running, 404 sleeping,   0 stopped,   0 zombie
%Cpu(s):  0.0 us,  0.0 sy,  0.0 ni,100.0 id,  0.0 wa,  0.0 hi,  0.0 si,  0.0 st
KiB Mem : 65877712 total, 52821064 free,  1162368 used, 11894280 buff/cache
KiB Swap: 33554428 total, 32232376 free,  1322052 used. 63443048 avail Mem 
--
top - 09:44:20 up 111 days,  1:26,  0 users,  load average: 0.33, 0.26, 0.24
Tasks: 405 total,   1 running, 404 sleeping,   0 stopped,   0 zombie
%Cpu(s):  0.0 us,  0.0 sy,  0.0 ni,100.0 id,  0.0 wa,  0.0 hi,  0.0 si,  0.0 st
KiB Mem : 65877712 total, 52821700 free,  1161732 used, 11894280 buff/cache
KiB Swap: 33554428 total, 32232376 free,  1322052 used. 63443684 avail Mem 
--
top - 09:44:25 up 111 days,  1:26,  0 users,  load average: 0.31, 0.26, 0.24
Tasks: 405 total,   2 running, 403 sleeping,   0 stopped,   0 zombie
%Cpu(s):  0.0 us,  0.0 sy,  0.0 ni,100.0 id,  0.0 wa,  0.0 hi,  0.0 si,  0.0 st
KiB Mem : 65877712 total, 52822352 free,  1161080 used, 11894280 buff/cache
KiB Swap: 33554428 total, 32232376 free,  1322052 used. 63444336 avail Mem 
--
top - 09:44:30 up 111 days,  1:26,  0 users,  load average: 0.76, 0.35, 0.27
Tasks: 405 total,   2 running, 403 sleeping,   0 stopped,   0 zombie
%Cpu(s):  5.3 us,  0.3 sy,  0.0 ni, 94.3 id,  0.0 wa,  0.0 hi,  0.0 si,  0.0 st
KiB Mem : 65877712 total, 51811604 free,  2171828 used, 11894280 buff/cache
KiB Swap: 33554428 total, 32232376 free,  1322052 used. 62433584 avail Mem 
--
top - 09:44:35 up 111 days,  1:26,  0 users,  load average: 0.70, 0.35, 0.27
Tasks: 406 total,   1 running, 405 sleeping,   0 stopped,   0 zombie
%Cpu(s):  0.8 us,  0.1 sy,  0.0 ni, 99.2 id,  0.0 wa,  0.0 hi,  0.0 si,  0.0 st
KiB Mem : 65877712 total, 52710780 free,  1272652 used, 11894280 buff/cache
KiB Swap: 33554428 total, 32232376 free,  1322052 used. 63332764 avail Mem 
