Job id: 4754556
Worker ip: 10.149.0.35
Master ip: 10.149.0.65
--
top - 09:44:40 up 111 days,  1:29,  0 users,  load average: 0.01, 0.10, 0.14
Tasks: 397 total,   1 running, 396 sleeping,   0 stopped,   0 zombie
%Cpu(s):  2.4 us,  4.1 sy,  0.0 ni, 91.9 id,  1.7 wa,  0.0 hi,  0.0 si,  0.0 st
KiB Mem : 65877712 total, 52362240 free,  1060960 used, 12454512 buff/cache
KiB Swap: 33554428 total, 32449936 free,  1104492 used. 63509624 avail Mem 
--
top - 09:44:45 up 111 days,  1:29,  0 users,  load average: 0.01, 0.10, 0.13
Tasks: 407 total,   1 running, 406 sleeping,   0 stopped,   0 zombie
%Cpu(s):  1.7 us,  0.5 sy,  0.0 ni, 97.6 id,  0.1 wa,  0.0 hi,  0.0 si,  0.0 st
KiB Mem : 65877712 total, 52336784 free,  1076360 used, 12464568 buff/cache
KiB Swap: 33554428 total, 32449936 free,  1104492 used. 63497480 avail Mem 
--
top - 09:44:50 up 111 days,  1:29,  0 users,  load average: 0.00, 0.10, 0.13
Tasks: 407 total,   1 running, 406 sleeping,   0 stopped,   0 zombie
%Cpu(s):  0.0 us,  0.0 sy,  0.0 ni,100.0 id,  0.0 wa,  0.0 hi,  0.0 si,  0.0 st
KiB Mem : 65877712 total, 52336180 free,  1077620 used, 12463912 buff/cache
KiB Swap: 33554428 total, 32449936 free,  1104492 used. 63495984 avail Mem 
--
top - 09:44:55 up 111 days,  1:29,  0 users,  load average: 0.00, 0.10, 0.13
Tasks: 407 total,   1 running, 406 sleeping,   0 stopped,   0 zombie
%Cpu(s):  0.0 us,  0.0 sy,  0.0 ni, 99.9 id,  0.0 wa,  0.0 hi,  0.0 si,  0.0 st
KiB Mem : 65877712 total, 52334668 free,  1079132 used, 12463912 buff/cache
KiB Swap: 33554428 total, 32449936 free,  1104492 used. 63494472 avail Mem 
--
top - 09:45:00 up 111 days,  1:29,  0 users,  load average: 0.00, 0.10, 0.13
Tasks: 408 total,   1 running, 407 sleeping,   0 stopped,   0 zombie
%Cpu(s):  0.0 us,  0.0 sy,  0.0 ni,100.0 id,  0.0 wa,  0.0 hi,  0.0 si,  0.0 st
KiB Mem : 65877712 total, 52335104 free,  1078696 used, 12463912 buff/cache
KiB Swap: 33554428 total, 32449936 free,  1104492 used. 63494908 avail Mem 
--
top - 09:45:05 up 111 days,  1:30,  0 users,  load average: 0.00, 0.10, 0.13
Tasks: 409 total,   1 running, 408 sleeping,   0 stopped,   0 zombie
%Cpu(s):  0.0 us,  0.0 sy,  0.0 ni,100.0 id,  0.0 wa,  0.0 hi,  0.0 si,  0.0 st
KiB Mem : 65877712 total, 52341092 free,  1075424 used, 12461196 buff/cache
KiB Swap: 33554428 total, 32449936 free,  1104492 used. 63494964 avail Mem 
--
top - 09:45:10 up 111 days,  1:30,  0 users,  load average: 0.00, 0.10, 0.13
Tasks: 409 total,   1 running, 408 sleeping,   0 stopped,   0 zombie
%Cpu(s):  0.0 us,  0.0 sy,  0.0 ni, 99.9 id,  0.0 wa,  0.0 hi,  0.0 si,  0.0 st
KiB Mem : 65877712 total, 52341864 free,  1074612 used, 12461236 buff/cache
KiB Swap: 33554428 total, 32449936 free,  1104492 used. 63495764 avail Mem 
--
top - 09:45:15 up 111 days,  1:30,  0 users,  load average: 0.00, 0.09, 0.13
Tasks: 409 total,   1 running, 408 sleeping,   0 stopped,   0 zombie
%Cpu(s):  0.0 us,  0.0 sy,  0.0 ni,100.0 id,  0.0 wa,  0.0 hi,  0.0 si,  0.0 st
KiB Mem : 65877712 total, 52342568 free,  1073908 used, 12461236 buff/cache
KiB Swap: 33554428 total, 32449936 free,  1104492 used. 63496472 avail Mem 
