Job id: 4754579
Worker ip: 10.149.0.55
Master ip: 10.149.0.54
--
top - 09:46:36 up 111 days,  1:28,  0 users,  load average: 0.73, 0.38, 0.25
Tasks: 408 total,   1 running, 407 sleeping,   0 stopped,   0 zombie
%Cpu(s):  3.0 us,  5.4 sy,  0.0 ni, 91.3 id,  0.0 wa,  0.0 hi,  0.4 si,  0.0 st
KiB Mem : 65877712 total, 51077788 free,  1139932 used, 13659992 buff/cache
KiB Swap: 33554428 total, 32320468 free,  1233960 used. 63514980 avail Mem 
--
top - 09:46:41 up 111 days,  1:28,  0 users,  load average: 0.67, 0.38, 0.25
Tasks: 409 total,   1 running, 408 sleeping,   0 stopped,   0 zombie
%Cpu(s):  1.6 us,  0.4 sy,  0.0 ni, 98.1 id,  0.0 wa,  0.0 hi,  0.0 si,  0.0 st
KiB Mem : 65877712 total, 51061968 free,  1149464 used, 13666280 buff/cache
KiB Swap: 33554428 total, 32320468 free,  1233960 used. 63505604 avail Mem 
--
top - 09:46:46 up 111 days,  1:29,  0 users,  load average: 0.62, 0.37, 0.25
Tasks: 409 total,   1 running, 408 sleeping,   0 stopped,   0 zombie
%Cpu(s):  0.0 us,  0.0 sy,  0.0 ni,100.0 id,  0.0 wa,  0.0 hi,  0.0 si,  0.0 st
KiB Mem : 65877712 total, 51063936 free,  1147120 used, 13666656 buff/cache
KiB Swap: 33554428 total, 32320468 free,  1233960 used. 63507728 avail Mem 
--
top - 09:46:51 up 111 days,  1:29,  0 users,  load average: 0.57, 0.36, 0.25
Tasks: 409 total,   1 running, 408 sleeping,   0 stopped,   0 zombie
%Cpu(s):  0.0 us,  0.0 sy,  0.0 ni,100.0 id,  0.0 wa,  0.0 hi,  0.0 si,  0.0 st
KiB Mem : 65877712 total, 51064928 free,  1146128 used, 13666656 buff/cache
KiB Swap: 33554428 total, 32320468 free,  1233960 used. 63508720 avail Mem 
--
top - 09:46:56 up 111 days,  1:29,  0 users,  load average: 0.76, 0.41, 0.26
Tasks: 409 total,   1 running, 408 sleeping,   0 stopped,   0 zombie
%Cpu(s):  6.1 us,  0.3 sy,  0.0 ni, 93.5 id,  0.0 wa,  0.0 hi,  0.0 si,  0.0 st
KiB Mem : 65877712 total, 50806424 free,  1404632 used, 13666656 buff/cache
KiB Swap: 33554428 total, 32320468 free,  1233960 used. 63250216 avail Mem 
--
top - 09:47:01 up 111 days,  1:29,  0 users,  load average: 1.26, 0.52, 0.30
Tasks: 406 total,   1 running, 405 sleeping,   0 stopped,   0 zombie
%Cpu(s):  0.0 us,  0.0 sy,  0.0 ni, 92.9 id,  7.0 wa,  0.0 hi,  0.0 si,  0.0 st
KiB Mem : 65877712 total, 50947564 free,  1263492 used, 13666656 buff/cache
KiB Swap: 33554428 total, 32320468 free,  1233960 used. 63391356 avail Mem 
--
top - 09:47:06 up 111 days,  1:29,  0 users,  load average: 1.72, 0.62, 0.34
Tasks: 406 total,   1 running, 405 sleeping,   0 stopped,   0 zombie
%Cpu(s):  0.0 us,  0.0 sy,  0.0 ni, 90.6 id,  9.3 wa,  0.0 hi,  0.0 si,  0.0 st
KiB Mem : 65877712 total, 50946728 free,  1264328 used, 13666656 buff/cache
KiB Swap: 33554428 total, 32320468 free,  1233960 used. 63390520 avail Mem 
--
top - 09:47:11 up 111 days,  1:29,  0 users,  load average: 1.59, 0.61, 0.33
Tasks: 406 total,   1 running, 405 sleeping,   0 stopped,   0 zombie
%Cpu(s):  0.0 us,  0.0 sy,  0.0 ni, 98.9 id,  1.1 wa,  0.0 hi,  0.0 si,  0.0 st
KiB Mem : 65877712 total, 50948784 free,  1262272 used, 13666656 buff/cache
KiB Swap: 33554428 total, 32320468 free,  1233960 used. 63392576 avail Mem 
