Job id: 4754588
Worker ip: 10.149.0.60
Master ip: 10.149.0.59
--
top - 09:47:16 up 111 days,  1:31,  0 users,  load average: 0.47, 0.30, 0.24
Tasks: 402 total,   1 running, 401 sleeping,   0 stopped,   0 zombie
%Cpu(s):  6.2 us,  6.8 sy,  0.0 ni, 86.8 id,  0.0 wa,  0.0 hi,  0.2 si,  0.0 st
KiB Mem : 65877692 total, 52372060 free,  1277616 used, 12228016 buff/cache
KiB Swap: 33554428 total, 31912124 free,  1642304 used. 63342768 avail Mem 
--
top - 09:47:21 up 111 days,  1:31,  0 users,  load average: 0.43, 0.30, 0.23
Tasks: 403 total,   1 running, 402 sleeping,   0 stopped,   0 zombie
%Cpu(s):  1.5 us,  0.3 sy,  0.0 ni, 98.1 id,  0.0 wa,  0.0 hi,  0.0 si,  0.0 st
KiB Mem : 65877692 total, 52353428 free,  1289572 used, 12234692 buff/cache
KiB Swap: 33554428 total, 31912124 free,  1642304 used. 63330728 avail Mem 
--
top - 09:47:26 up 111 days,  1:31,  0 users,  load average: 0.40, 0.29, 0.23
Tasks: 403 total,   1 running, 402 sleeping,   0 stopped,   0 zombie
%Cpu(s):  0.0 us,  0.0 sy,  0.0 ni,100.0 id,  0.0 wa,  0.0 hi,  0.0 si,  0.0 st
KiB Mem : 65877692 total, 52353428 free,  1289572 used, 12234692 buff/cache
KiB Swap: 33554428 total, 31912124 free,  1642304 used. 63330728 avail Mem 
--
top - 09:47:31 up 111 days,  1:31,  0 users,  load average: 0.36, 0.29, 0.23
Tasks: 403 total,   1 running, 402 sleeping,   0 stopped,   0 zombie
%Cpu(s):  0.0 us,  0.0 sy,  0.0 ni,100.0 id,  0.0 wa,  0.0 hi,  0.0 si,  0.0 st
KiB Mem : 65877692 total, 52353428 free,  1289572 used, 12234692 buff/cache
KiB Swap: 33554428 total, 31912124 free,  1642304 used. 63330728 avail Mem 
--
top - 09:47:36 up 111 days,  1:31,  0 users,  load average: 0.33, 0.28, 0.23
Tasks: 403 total,   1 running, 402 sleeping,   0 stopped,   0 zombie
%Cpu(s):  0.0 us,  0.0 sy,  0.0 ni,100.0 id,  0.0 wa,  0.0 hi,  0.0 si,  0.0 st
KiB Mem : 65877692 total, 52353428 free,  1289572 used, 12234692 buff/cache
KiB Swap: 33554428 total, 31912124 free,  1642304 used. 63330728 avail Mem 
--
top - 09:47:41 up 111 days,  1:31,  0 users,  load average: 0.31, 0.28, 0.23
Tasks: 403 total,   1 running, 402 sleeping,   0 stopped,   0 zombie
%Cpu(s):  0.0 us,  0.0 sy,  0.0 ni,100.0 id,  0.0 wa,  0.0 hi,  0.0 si,  0.0 st
KiB Mem : 65877692 total, 52352984 free,  1290016 used, 12234692 buff/cache
KiB Swap: 33554428 total, 31912124 free,  1642304 used. 63330284 avail Mem 
--
top - 09:47:46 up 111 days,  1:31,  0 users,  load average: 0.28, 0.27, 0.23
Tasks: 402 total,   1 running, 401 sleeping,   0 stopped,   0 zombie
%Cpu(s):  0.0 us,  0.0 sy,  0.0 ni,100.0 id,  0.0 wa,  0.0 hi,  0.0 si,  0.0 st
KiB Mem : 65877692 total, 52353108 free,  1289892 used, 12234692 buff/cache
KiB Swap: 33554428 total, 31912124 free,  1642304 used. 63330408 avail Mem 
--
top - 09:47:51 up 111 days,  1:31,  0 users,  load average: 0.26, 0.27, 0.23
Tasks: 402 total,   1 running, 401 sleeping,   0 stopped,   0 zombie
%Cpu(s):  0.0 us,  0.0 sy,  0.0 ni, 99.9 id,  0.0 wa,  0.0 hi,  0.0 si,  0.0 st
KiB Mem : 65877692 total, 52352972 free,  1290028 used, 12234692 buff/cache
KiB Swap: 33554428 total, 31912124 free,  1642304 used. 63330272 avail Mem 
