Job id: 4754570
Worker ip: 10.149.0.59
Master ip: 10.149.0.68
--
top - 09:45:57 up 111 days,  1:29,  0 users,  load average: 0.03, 0.16, 0.16
Tasks: 397 total,   3 running, 394 sleeping,   0 stopped,   0 zombie
%Cpu(s):  2.7 us,  4.6 sy,  0.0 ni, 92.6 id,  0.0 wa,  0.0 hi,  0.2 si,  0.0 st
KiB Mem : 65877692 total, 48948320 free,  1197808 used, 15731564 buff/cache
KiB Swap: 33554428 total, 32377032 free,  1177396 used. 63378020 avail Mem 
--
top - 09:46:02 up 111 days,  1:29,  0 users,  load average: 0.03, 0.16, 0.16
Tasks: 402 total,   1 running, 401 sleeping,   0 stopped,   0 zombie
%Cpu(s):  2.0 us,  0.6 sy,  0.0 ni, 97.0 id,  0.5 wa,  0.0 hi,  0.0 si,  0.0 st
KiB Mem : 65877692 total, 48927444 free,  1212068 used, 15738180 buff/cache
KiB Swap: 33554428 total, 32377032 free,  1177396 used. 63363716 avail Mem 
--
top - 09:46:07 up 111 days,  1:30,  0 users,  load average: 0.03, 0.16, 0.16
Tasks: 402 total,   1 running, 401 sleeping,   0 stopped,   0 zombie
%Cpu(s):  0.0 us,  0.0 sy,  0.0 ni,100.0 id,  0.0 wa,  0.0 hi,  0.0 si,  0.0 st
KiB Mem : 65877692 total, 48928588 free,  1210924 used, 15738180 buff/cache
KiB Swap: 33554428 total, 32377032 free,  1177396 used. 63364860 avail Mem 
--
top - 09:46:12 up 111 days,  1:30,  0 users,  load average: 0.03, 0.15, 0.16
Tasks: 402 total,   1 running, 401 sleeping,   0 stopped,   0 zombie
%Cpu(s):  4.8 us,  0.3 sy,  0.0 ni, 94.8 id,  0.0 wa,  0.0 hi,  0.0 si,  0.0 st
KiB Mem : 65877692 total, 47838084 free,  2301428 used, 15738180 buff/cache
KiB Swap: 33554428 total, 32377032 free,  1177396 used. 62274356 avail Mem 
--
top - 09:46:17 up 111 days,  1:30,  0 users,  load average: 0.02, 0.15, 0.15
Tasks: 402 total,   2 running, 400 sleeping,   0 stopped,   0 zombie
%Cpu(s):  1.6 us,  0.4 sy,  0.0 ni, 98.0 id,  0.0 wa,  0.0 hi,  0.0 si,  0.0 st
KiB Mem : 65877692 total, 48359604 free,  1779908 used, 15738180 buff/cache
KiB Swap: 33554428 total, 32377032 free,  1177396 used. 62795876 avail Mem 
--
top - 09:46:23 up 111 days,  1:30,  0 users,  load average: 0.10, 0.17, 0.16
Tasks: 402 total,   1 running, 401 sleeping,   0 stopped,   0 zombie
%Cpu(s):  5.7 us,  0.2 sy,  0.0 ni, 94.1 id,  0.0 wa,  0.0 hi,  0.0 si,  0.0 st
KiB Mem : 65877692 total, 48486644 free,  1652868 used, 15738180 buff/cache
KiB Swap: 33554428 total, 32377032 free,  1177396 used. 62922916 avail Mem 
--
top - 09:46:28 up 111 days,  1:30,  0 users,  load average: 0.09, 0.16, 0.16
Tasks: 402 total,   1 running, 401 sleeping,   0 stopped,   0 zombie
%Cpu(s):  0.0 us,  0.0 sy,  0.0 ni,100.0 id,  0.0 wa,  0.0 hi,  0.0 si,  0.0 st
KiB Mem : 65877692 total, 48487004 free,  1652508 used, 15738180 buff/cache
KiB Swap: 33554428 total, 32377032 free,  1177396 used. 62923276 avail Mem 
--
top - 09:46:33 up 111 days,  1:30,  0 users,  load average: 0.09, 0.16, 0.16
Tasks: 402 total,   1 running, 401 sleeping,   0 stopped,   0 zombie
%Cpu(s):  0.0 us,  0.0 sy,  0.0 ni,100.0 id,  0.0 wa,  0.0 hi,  0.0 si,  0.0 st
KiB Mem : 65877692 total, 48488520 free,  1650992 used, 15738180 buff/cache
KiB Swap: 33554428 total, 32377032 free,  1177396 used. 62924792 avail Mem 
