Job id: 4754551
Worker ip: 10.149.0.30
Master ip: 10.149.0.65
--
top - 09:44:40 up 111 days,  1:28,  0 users,  load average: 0.01, 0.11, 0.12
Tasks: 402 total,   2 running, 400 sleeping,   0 stopped,   0 zombie
%Cpu(s):  2.8 us,  5.4 sy,  0.0 ni, 88.9 id,  2.8 wa,  0.0 hi,  0.2 si,  0.0 st
KiB Mem : 65877712 total, 56435736 free,  1100700 used,  8341276 buff/cache
KiB Swap: 33554428 total, 32344108 free,  1210320 used. 63530756 avail Mem 
--
top - 09:44:45 up 111 days,  1:28,  0 users,  load average: 0.01, 0.11, 0.12
Tasks: 409 total,   1 running, 408 sleeping,   0 stopped,   0 zombie
%Cpu(s):  1.6 us,  0.5 sy,  0.0 ni, 97.8 id,  0.1 wa,  0.0 hi,  0.0 si,  0.0 st
KiB Mem : 65877712 total, 56410920 free,  1117168 used,  8349624 buff/cache
KiB Swap: 33554428 total, 32344108 free,  1210320 used. 63515704 avail Mem 
--
top - 09:44:50 up 111 days,  1:28,  0 users,  load average: 0.01, 0.11, 0.12
Tasks: 409 total,   1 running, 408 sleeping,   0 stopped,   0 zombie
%Cpu(s):  0.0 us,  0.0 sy,  0.0 ni,100.0 id,  0.0 wa,  0.0 hi,  0.0 si,  0.0 st
KiB Mem : 65877712 total, 56411164 free,  1117468 used,  8349080 buff/cache
KiB Swap: 33554428 total, 32344108 free,  1210320 used. 63515604 avail Mem 
--
top - 09:44:55 up 111 days,  1:28,  0 users,  load average: 0.01, 0.10, 0.12
Tasks: 409 total,   1 running, 408 sleeping,   0 stopped,   0 zombie
%Cpu(s):  0.0 us,  0.0 sy,  0.0 ni,100.0 id,  0.0 wa,  0.0 hi,  0.0 si,  0.0 st
KiB Mem : 65877712 total, 56411164 free,  1117468 used,  8349080 buff/cache
KiB Swap: 33554428 total, 32344108 free,  1210320 used. 63515604 avail Mem 
--
top - 09:45:00 up 111 days,  1:28,  0 users,  load average: 0.01, 0.10, 0.12
Tasks: 409 total,   1 running, 408 sleeping,   0 stopped,   0 zombie
%Cpu(s):  0.0 us,  0.0 sy,  0.0 ni,100.0 id,  0.0 wa,  0.0 hi,  0.0 si,  0.0 st
KiB Mem : 65877712 total, 56410712 free,  1118392 used,  8348608 buff/cache
KiB Swap: 33554428 total, 32344108 free,  1210320 used. 63514880 avail Mem 
--
top - 09:45:05 up 111 days,  1:28,  0 users,  load average: 0.01, 0.10, 0.12
Tasks: 407 total,   1 running, 406 sleeping,   0 stopped,   0 zombie
%Cpu(s):  0.0 us,  0.0 sy,  0.0 ni,100.0 id,  0.0 wa,  0.0 hi,  0.0 si,  0.0 st
KiB Mem : 65877712 total, 56413168 free,  1116516 used,  8348028 buff/cache
KiB Swap: 33554428 total, 32344108 free,  1210320 used. 63514992 avail Mem 
--
top - 09:45:10 up 111 days,  1:28,  0 users,  load average: 0.01, 0.10, 0.12
Tasks: 406 total,   1 running, 405 sleeping,   0 stopped,   0 zombie
%Cpu(s):  0.0 us,  0.0 sy,  0.0 ni,100.0 id,  0.0 wa,  0.0 hi,  0.0 si,  0.0 st
KiB Mem : 65877712 total, 56414800 free,  1115040 used,  8347872 buff/cache
KiB Swap: 33554428 total, 32344108 free,  1210320 used. 63516332 avail Mem 
--
top - 09:45:15 up 111 days,  1:28,  0 users,  load average: 0.01, 0.10, 0.12
Tasks: 406 total,   1 running, 405 sleeping,   0 stopped,   0 zombie
%Cpu(s):  0.0 us,  0.0 sy,  0.0 ni,100.0 id,  0.0 wa,  0.0 hi,  0.0 si,  0.0 st
KiB Mem : 65877712 total, 56414856 free,  1114984 used,  8347872 buff/cache
KiB Swap: 33554428 total, 32344108 free,  1210320 used. 63516388 avail Mem 
