Job id: 4754517
Worker ip: 10.149.0.68
Master ip: 10.149.0.59
--
top - 09:43:19 up 111 days,  1:25,  0 users,  load average: 1.46, 0.48, 0.27
Tasks: 406 total,   1 running, 405 sleeping,   0 stopped,   0 zombie
%Cpu(s): 12.3 us,  7.8 sy,  0.0 ni, 79.7 id,  0.0 wa,  0.0 hi,  0.2 si,  0.0 st
KiB Mem : 65877692 total, 50982592 free,  1195508 used, 13699592 buff/cache
KiB Swap: 33554428 total, 32275396 free,  1279032 used. 63417900 avail Mem 
--
top - 09:43:24 up 111 days,  1:25,  0 users,  load average: 1.34, 0.48, 0.27
Tasks: 407 total,   1 running, 406 sleeping,   0 stopped,   0 zombie
%Cpu(s):  1.2 us,  0.2 sy,  0.0 ni, 98.6 id,  0.0 wa,  0.0 hi,  0.0 si,  0.0 st
KiB Mem : 65877692 total, 50973956 free,  1197552 used, 13706184 buff/cache
KiB Swap: 33554428 total, 32275396 free,  1279032 used. 63415832 avail Mem 
--
top - 09:43:30 up 111 days,  1:25,  0 users,  load average: 1.24, 0.47, 0.27
Tasks: 407 total,   1 running, 406 sleeping,   0 stopped,   0 zombie
%Cpu(s):  0.0 us,  0.0 sy,  0.0 ni,100.0 id,  0.0 wa,  0.0 hi,  0.0 si,  0.0 st
KiB Mem : 65877692 total, 50974500 free,  1197008 used, 13706184 buff/cache
KiB Swap: 33554428 total, 32275396 free,  1279032 used. 63416376 avail Mem 
--
top - 09:43:35 up 111 days,  1:25,  0 users,  load average: 1.14, 0.46, 0.27
Tasks: 407 total,   1 running, 406 sleeping,   0 stopped,   0 zombie
%Cpu(s):  0.0 us,  0.0 sy,  0.0 ni,100.0 id,  0.0 wa,  0.0 hi,  0.0 si,  0.0 st
KiB Mem : 65877692 total, 50975492 free,  1196016 used, 13706184 buff/cache
KiB Swap: 33554428 total, 32275396 free,  1279032 used. 63417368 avail Mem 
--
top - 09:43:40 up 111 days,  1:25,  0 users,  load average: 1.05, 0.45, 0.26
Tasks: 407 total,   1 running, 406 sleeping,   0 stopped,   0 zombie
%Cpu(s):  0.0 us,  0.0 sy,  0.0 ni,100.0 id,  0.0 wa,  0.0 hi,  0.0 si,  0.0 st
KiB Mem : 65877692 total, 50976204 free,  1195304 used, 13706184 buff/cache
KiB Swap: 33554428 total, 32275396 free,  1279032 used. 63418080 avail Mem 
--
top - 09:43:45 up 111 days,  1:25,  0 users,  load average: 0.96, 0.45, 0.26
Tasks: 407 total,   1 running, 406 sleeping,   0 stopped,   0 zombie
%Cpu(s):  0.0 us,  0.0 sy,  0.0 ni, 99.9 id,  0.0 wa,  0.0 hi,  0.0 si,  0.0 st
KiB Mem : 65877692 total, 50976520 free,  1194988 used, 13706184 buff/cache
KiB Swap: 33554428 total, 32275396 free,  1279032 used. 63418396 avail Mem 
--
top - 09:43:50 up 111 days,  1:25,  0 users,  load average: 0.88, 0.44, 0.26
Tasks: 407 total,   1 running, 406 sleeping,   0 stopped,   0 zombie
%Cpu(s):  5.7 us,  0.3 sy,  0.0 ni, 94.0 id,  0.0 wa,  0.0 hi,  0.0 si,  0.0 st
KiB Mem : 65877692 total, 50243632 free,  1927876 used, 13706184 buff/cache
KiB Swap: 33554428 total, 32275396 free,  1279032 used. 62685504 avail Mem 
--
top - 09:43:55 up 111 days,  1:26,  0 users,  load average: 0.89, 0.45, 0.27
Tasks: 407 total,   1 running, 406 sleeping,   0 stopped,   0 zombie
%Cpu(s):  3.8 us,  0.4 sy,  0.0 ni, 95.7 id,  0.0 wa,  0.0 hi,  0.0 si,  0.0 st
KiB Mem : 65877692 total, 49715416 free,  2456092 used, 13706184 buff/cache
KiB Swap: 33554428 total, 32275396 free,  1279032 used. 62157292 avail Mem 
