Job id: 4754617
Worker ip: 10.149.0.37
Master ip: 10.149.0.55
--
top - 09:47:59 up 111 days,  1:32,  0 users,  load average: 0.00, 0.11, 0.22
Tasks: 398 total,   1 running, 397 sleeping,   0 stopped,   0 zombie
%Cpu(s):  0.2 us,  0.7 sy,  0.0 ni, 99.1 id,  0.0 wa,  0.0 hi,  0.0 si,  0.0 st
KiB Mem : 65877712 total, 55798732 free,  1040220 used,  9038760 buff/cache
KiB Swap: 33554428 total, 32476464 free,  1077964 used. 63557188 avail Mem 
--
top - 09:48:04 up 111 days,  1:32,  0 users,  load average: 1.52, 0.42, 0.32
Tasks: 409 total,   1 running, 408 sleeping,   0 stopped,   0 zombie
%Cpu(s):  2.0 us,  0.8 sy,  0.0 ni, 96.3 id,  0.8 wa,  0.0 hi,  0.1 si,  0.0 st
KiB Mem : 65877712 total, 55767860 free,  1064364 used,  9045488 buff/cache
KiB Swap: 33554428 total, 32476464 free,  1077964 used. 63532944 avail Mem 
--
top - 09:48:09 up 111 days,  1:32,  0 users,  load average: 1.40, 0.42, 0.32
Tasks: 409 total,   1 running, 408 sleeping,   0 stopped,   0 zombie
%Cpu(s):  0.0 us,  0.0 sy,  0.0 ni,100.0 id,  0.0 wa,  0.0 hi,  0.0 si,  0.0 st
KiB Mem : 65877712 total, 55768752 free,  1063464 used,  9045496 buff/cache
KiB Swap: 33554428 total, 32476464 free,  1077964 used. 63533840 avail Mem 
--
top - 09:48:14 up 111 days,  1:33,  0 users,  load average: 1.29, 0.41, 0.31
Tasks: 409 total,   1 running, 408 sleeping,   0 stopped,   0 zombie
%Cpu(s):  0.0 us,  0.0 sy,  0.0 ni,100.0 id,  0.0 wa,  0.0 hi,  0.0 si,  0.0 st
KiB Mem : 65877712 total, 55769752 free,  1062464 used,  9045496 buff/cache
KiB Swap: 33554428 total, 32476464 free,  1077964 used. 63534844 avail Mem 
--
top - 09:48:19 up 111 days,  1:33,  0 users,  load average: 1.19, 0.40, 0.31
Tasks: 410 total,   1 running, 409 sleeping,   0 stopped,   0 zombie
%Cpu(s):  0.0 us,  0.0 sy,  0.0 ni, 99.9 id,  0.0 wa,  0.0 hi,  0.0 si,  0.0 st
KiB Mem : 65877712 total, 55770196 free,  1062020 used,  9045496 buff/cache
KiB Swap: 33554428 total, 32476464 free,  1077964 used. 63535288 avail Mem 
--
top - 09:48:24 up 111 days,  1:33,  0 users,  load average: 1.09, 0.40, 0.31
Tasks: 410 total,   1 running, 409 sleeping,   0 stopped,   0 zombie
%Cpu(s):  0.0 us,  0.0 sy,  0.0 ni,100.0 id,  0.0 wa,  0.0 hi,  0.0 si,  0.0 st
KiB Mem : 65877712 total, 55771328 free,  1060888 used,  9045496 buff/cache
KiB Swap: 33554428 total, 32476464 free,  1077964 used. 63536420 avail Mem 
--
top - 09:48:29 up 111 days,  1:33,  0 users,  load average: 1.00, 0.39, 0.31
Tasks: 410 total,   1 running, 409 sleeping,   0 stopped,   0 zombie
%Cpu(s):  0.0 us,  0.0 sy,  0.0 ni,100.0 id,  0.0 wa,  0.0 hi,  0.0 si,  0.0 st
KiB Mem : 65877712 total, 55772196 free,  1060020 used,  9045496 buff/cache
KiB Swap: 33554428 total, 32476464 free,  1077964 used. 63537288 avail Mem 
--
top - 09:48:34 up 111 days,  1:33,  0 users,  load average: 0.92, 0.38, 0.31
Tasks: 410 total,   1 running, 409 sleeping,   0 stopped,   0 zombie
%Cpu(s):  0.0 us,  0.0 sy,  0.0 ni,100.0 id,  0.0 wa,  0.0 hi,  0.0 si,  0.0 st
KiB Mem : 65877712 total, 55772716 free,  1059500 used,  9045496 buff/cache
KiB Swap: 33554428 total, 32476464 free,  1077964 used. 63537808 avail Mem 
