Job id: 4754527
Worker ip: 10.149.0.68
Master ip: 10.149.0.54
--
top - 09:44:00 up 111 days,  1:26,  0 users,  load average: 0.82, 0.44, 0.26
Tasks: 409 total,   1 running, 408 sleeping,   0 stopped,   0 zombie
%Cpu(s):  3.6 us,  3.9 sy,  0.0 ni, 89.5 id,  2.8 wa,  0.0 hi,  0.2 si,  0.0 st
KiB Mem : 65877692 total, 50973400 free,  1198120 used, 13706172 buff/cache
KiB Swap: 33554428 total, 32275396 free,  1279032 used. 63415268 avail Mem 
--
top - 09:44:05 up 111 days,  1:26,  0 users,  load average: 0.76, 0.43, 0.26
Tasks: 411 total,   1 running, 410 sleeping,   0 stopped,   0 zombie
%Cpu(s):  1.6 us,  0.4 sy,  0.0 ni, 97.8 id,  0.2 wa,  0.0 hi,  0.0 si,  0.0 st
KiB Mem : 65877692 total, 50963136 free,  1201728 used, 13712828 buff/cache
KiB Swap: 33554428 total, 32275396 free,  1279032 used. 63411604 avail Mem 
--
top - 09:44:10 up 111 days,  1:26,  0 users,  load average: 0.70, 0.43, 0.26
Tasks: 411 total,   1 running, 410 sleeping,   0 stopped,   0 zombie
%Cpu(s):  0.0 us,  0.0 sy,  0.0 ni,100.0 id,  0.0 wa,  0.0 hi,  0.0 si,  0.0 st
KiB Mem : 65877692 total, 50964168 free,  1200696 used, 13712828 buff/cache
KiB Swap: 33554428 total, 32275396 free,  1279032 used. 63412636 avail Mem 
--
top - 09:44:15 up 111 days,  1:26,  0 users,  load average: 0.64, 0.42, 0.26
Tasks: 411 total,   1 running, 410 sleeping,   0 stopped,   0 zombie
%Cpu(s):  0.0 us,  0.0 sy,  0.0 ni, 99.9 id,  0.0 wa,  0.0 hi,  0.0 si,  0.0 st
KiB Mem : 65877692 total, 50965004 free,  1199860 used, 13712828 buff/cache
KiB Swap: 33554428 total, 32275396 free,  1279032 used. 63413472 avail Mem 
--
top - 09:44:20 up 111 days,  1:26,  0 users,  load average: 0.59, 0.41, 0.26
Tasks: 411 total,   1 running, 410 sleeping,   0 stopped,   0 zombie
%Cpu(s):  0.0 us,  0.0 sy,  0.0 ni,100.0 id,  0.0 wa,  0.0 hi,  0.0 si,  0.0 st
KiB Mem : 65877692 total, 50966096 free,  1198768 used, 13712828 buff/cache
KiB Swap: 33554428 total, 32275396 free,  1279032 used. 63414564 avail Mem 
--
top - 09:44:25 up 111 days,  1:26,  0 users,  load average: 0.54, 0.41, 0.26
Tasks: 411 total,   1 running, 410 sleeping,   0 stopped,   0 zombie
%Cpu(s):  0.0 us,  0.0 sy,  0.0 ni,100.0 id,  0.0 wa,  0.0 hi,  0.0 si,  0.0 st
KiB Mem : 65877692 total, 50967280 free,  1197584 used, 13712828 buff/cache
KiB Swap: 33554428 total, 32275396 free,  1279032 used. 63415748 avail Mem 
--
top - 09:44:30 up 111 days,  1:26,  0 users,  load average: 0.50, 0.40, 0.26
Tasks: 411 total,   1 running, 410 sleeping,   0 stopped,   0 zombie
%Cpu(s):  0.0 us,  0.0 sy,  0.0 ni,100.0 id,  0.0 wa,  0.0 hi,  0.0 si,  0.0 st
KiB Mem : 65877692 total, 50968412 free,  1196452 used, 13712828 buff/cache
KiB Swap: 33554428 total, 32275396 free,  1279032 used. 63416880 avail Mem 
--
top - 09:44:35 up 111 days,  1:26,  0 users,  load average: 0.46, 0.39, 0.25
Tasks: 411 total,   1 running, 410 sleeping,   0 stopped,   0 zombie
%Cpu(s):  0.0 us,  0.0 sy,  0.0 ni,100.0 id,  0.0 wa,  0.0 hi,  0.0 si,  0.0 st
KiB Mem : 65877692 total, 50968984 free,  1195880 used, 13712828 buff/cache
KiB Swap: 33554428 total, 32275396 free,  1279032 used. 63417452 avail Mem 
