Job id: 4754531
Worker ip: 10.149.0.60
Master ip: 10.149.0.54
--
top - 09:44:00 up 111 days,  1:27,  0 users,  load average: 0.10, 0.14, 0.18
Tasks: 399 total,   2 running, 397 sleeping,   0 stopped,   0 zombie
%Cpu(s):  4.3 us,  5.5 sy,  0.0 ni, 85.0 id,  4.7 wa,  0.0 hi,  0.5 si,  0.0 st
KiB Mem : 65877692 total, 52394756 free,  1281400 used, 12201536 buff/cache
KiB Swap: 33554428 total, 31912124 free,  1642304 used. 63339144 avail Mem 
--
top - 09:44:05 up 111 days,  1:27,  0 users,  load average: 0.41, 0.21, 0.20
Tasks: 404 total,   1 running, 403 sleeping,   0 stopped,   0 zombie
%Cpu(s):  1.7 us,  0.5 sy,  0.0 ni, 97.6 id,  0.2 wa,  0.0 hi,  0.0 si,  0.0 st
KiB Mem : 65877692 total, 52378304 free,  1291324 used, 12208064 buff/cache
KiB Swap: 33554428 total, 31912124 free,  1642304 used. 63329112 avail Mem 
--
top - 09:44:10 up 111 days,  1:28,  0 users,  load average: 0.38, 0.20, 0.20
Tasks: 405 total,   1 running, 404 sleeping,   0 stopped,   0 zombie
%Cpu(s):  0.0 us,  0.0 sy,  0.0 ni,100.0 id,  0.0 wa,  0.0 hi,  0.0 si,  0.0 st
KiB Mem : 65877692 total, 52379356 free,  1290272 used, 12208064 buff/cache
KiB Swap: 33554428 total, 31912124 free,  1642304 used. 63330168 avail Mem 
--
top - 09:44:15 up 111 days,  1:28,  0 users,  load average: 0.35, 0.20, 0.20
Tasks: 405 total,   1 running, 404 sleeping,   0 stopped,   0 zombie
%Cpu(s):  6.1 us,  0.4 sy,  0.0 ni, 93.5 id,  0.0 wa,  0.0 hi,  0.0 si,  0.0 st
KiB Mem : 65877692 total, 52261228 free,  1408400 used, 12208064 buff/cache
KiB Swap: 33554428 total, 31912124 free,  1642304 used. 63212052 avail Mem 
--
top - 09:44:20 up 111 days,  1:28,  0 users,  load average: 0.32, 0.20, 0.20
Tasks: 405 total,   1 running, 404 sleeping,   0 stopped,   0 zombie
%Cpu(s):  6.1 us,  0.4 sy,  0.0 ni, 93.4 id,  0.0 wa,  0.0 hi,  0.0 si,  0.0 st
KiB Mem : 65877692 total, 51880088 free,  1789540 used, 12208064 buff/cache
KiB Swap: 33554428 total, 31912124 free,  1642304 used. 62830964 avail Mem 
--
top - 09:44:25 up 111 days,  1:28,  0 users,  load average: 0.29, 0.19, 0.20
Tasks: 405 total,   1 running, 404 sleeping,   0 stopped,   0 zombie
%Cpu(s):  0.0 us,  0.0 sy,  0.0 ni, 99.9 id,  0.0 wa,  0.0 hi,  0.0 si,  0.0 st
KiB Mem : 65877692 total, 51965904 free,  1703724 used, 12208064 buff/cache
KiB Swap: 33554428 total, 31912124 free,  1642304 used. 62916780 avail Mem 
--
top - 09:44:30 up 111 days,  1:28,  0 users,  load average: 0.27, 0.19, 0.20
Tasks: 405 total,   1 running, 404 sleeping,   0 stopped,   0 zombie
%Cpu(s):  0.0 us,  0.0 sy,  0.0 ni, 99.9 id,  0.1 wa,  0.0 hi,  0.0 si,  0.0 st
KiB Mem : 65877692 total, 51965904 free,  1703724 used, 12208064 buff/cache
KiB Swap: 33554428 total, 31912124 free,  1642304 used. 62916780 avail Mem 
--
top - 09:44:35 up 111 days,  1:28,  0 users,  load average: 0.25, 0.19, 0.20
Tasks: 405 total,   1 running, 404 sleeping,   0 stopped,   0 zombie
%Cpu(s):  0.0 us,  0.0 sy,  0.0 ni,100.0 id,  0.0 wa,  0.0 hi,  0.0 si,  0.0 st
KiB Mem : 65877692 total, 51965904 free,  1703724 used, 12208064 buff/cache
KiB Swap: 33554428 total, 31912124 free,  1642304 used. 62916780 avail Mem 
