Job id: 4754533
Worker ip: 10.149.0.63
Master ip: 10.149.0.54
--
top - 09:44:00 up 111 days,  1:27,  0 users,  load average: 0.02, 0.12, 0.16
Tasks: 392 total,   2 running, 390 sleeping,   0 stopped,   0 zombie
%Cpu(s):  3.7 us,  6.2 sy,  0.0 ni, 84.6 id,  4.9 wa,  0.0 hi,  0.6 si,  0.0 st
KiB Mem : 65877712 total, 53108412 free,  1118772 used, 11650528 buff/cache
KiB Swap: 33554428 total, 32368256 free,  1186172 used. 63487048 avail Mem 
--
top - 09:44:05 up 111 days,  1:28,  0 users,  load average: 0.02, 0.12, 0.16
Tasks: 407 total,   1 running, 406 sleeping,   0 stopped,   0 zombie
%Cpu(s):  1.6 us,  0.5 sy,  0.0 ni, 97.8 id,  0.1 wa,  0.0 hi,  0.0 si,  0.0 st
KiB Mem : 65877712 total, 53095108 free,  1125516 used, 11657088 buff/cache
KiB Swap: 33554428 total, 32368256 free,  1186172 used. 63480184 avail Mem 
--
top - 09:44:10 up 111 days,  1:28,  0 users,  load average: 0.02, 0.11, 0.16
Tasks: 407 total,   1 running, 406 sleeping,   0 stopped,   0 zombie
%Cpu(s):  0.0 us,  0.0 sy,  0.0 ni,100.0 id,  0.0 wa,  0.0 hi,  0.0 si,  0.0 st
KiB Mem : 65877712 total, 53095108 free,  1125516 used, 11657088 buff/cache
KiB Swap: 33554428 total, 32368256 free,  1186172 used. 63480184 avail Mem 
--
top - 09:44:15 up 111 days,  1:28,  0 users,  load average: 0.01, 0.11, 0.16
Tasks: 407 total,   2 running, 405 sleeping,   0 stopped,   0 zombie
%Cpu(s):  0.0 us,  0.0 sy,  0.0 ni,100.0 id,  0.0 wa,  0.0 hi,  0.0 si,  0.0 st
KiB Mem : 65877712 total, 53094592 free,  1126032 used, 11657088 buff/cache
KiB Swap: 33554428 total, 32368256 free,  1186172 used. 63479668 avail Mem 
--
top - 09:44:20 up 111 days,  1:28,  0 users,  load average: 0.01, 0.11, 0.16
Tasks: 407 total,   2 running, 405 sleeping,   0 stopped,   0 zombie
%Cpu(s):  0.0 us,  0.0 sy,  0.0 ni,100.0 id,  0.0 wa,  0.0 hi,  0.0 si,  0.0 st
KiB Mem : 65877712 total, 53094592 free,  1126032 used, 11657088 buff/cache
KiB Swap: 33554428 total, 32368256 free,  1186172 used. 63479668 avail Mem 
--
top - 09:44:25 up 111 days,  1:28,  0 users,  load average: 0.01, 0.11, 0.15
Tasks: 408 total,   1 running, 407 sleeping,   0 stopped,   0 zombie
%Cpu(s):  0.0 us,  0.0 sy,  0.0 ni,100.0 id,  0.0 wa,  0.0 hi,  0.0 si,  0.0 st
KiB Mem : 65877712 total, 53095028 free,  1125596 used, 11657088 buff/cache
KiB Swap: 33554428 total, 32368256 free,  1186172 used. 63480104 avail Mem 
--
top - 09:44:30 up 111 days,  1:28,  0 users,  load average: 0.01, 0.11, 0.15
Tasks: 408 total,   1 running, 407 sleeping,   0 stopped,   0 zombie
%Cpu(s):  0.0 us,  0.0 sy,  0.0 ni, 99.9 id,  0.0 wa,  0.0 hi,  0.0 si,  0.0 st
KiB Mem : 65877712 total, 53093896 free,  1126728 used, 11657088 buff/cache
KiB Swap: 33554428 total, 32368256 free,  1186172 used. 63478972 avail Mem 
--
top - 09:44:35 up 111 days,  1:28,  0 users,  load average: 0.01, 0.10, 0.15
Tasks: 408 total,   1 running, 407 sleeping,   0 stopped,   0 zombie
%Cpu(s):  0.0 us,  0.0 sy,  0.0 ni,100.0 id,  0.0 wa,  0.0 hi,  0.0 si,  0.0 st
KiB Mem : 65877712 total, 53093452 free,  1127172 used, 11657088 buff/cache
KiB Swap: 33554428 total, 32368256 free,  1186172 used. 63478528 avail Mem 
