Job id: 4754542
Worker ip: 10.149.0.56
Master ip: 10.149.0.65
--
top - 09:44:39 up 111 days,  1:26,  0 users,  load average: 0.04, 0.24, 0.23
Tasks: 407 total,   2 running, 405 sleeping,   0 stopped,   0 zombie
%Cpu(s):  5.8 us,  6.2 sy,  0.0 ni, 87.6 id,  0.0 wa,  0.0 hi,  0.4 si,  0.0 st
KiB Mem : 65877712 total, 52706644 free,  1130600 used, 12040468 buff/cache
KiB Swap: 33554428 total, 32294264 free,  1260164 used. 63436708 avail Mem 
--
top - 09:44:44 up 111 days,  1:26,  0 users,  load average: 0.04, 0.23, 0.23
Tasks: 408 total,   1 running, 407 sleeping,   0 stopped,   0 zombie
%Cpu(s):  1.5 us,  0.3 sy,  0.0 ni, 98.2 id,  0.0 wa,  0.0 hi,  0.0 si,  0.0 st
KiB Mem : 65877712 total, 52684264 free,  1146432 used, 12047016 buff/cache
KiB Swap: 33554428 total, 32294264 free,  1260164 used. 63421160 avail Mem 
--
top - 09:44:49 up 111 days,  1:26,  0 users,  load average: 0.03, 0.23, 0.22
Tasks: 408 total,   1 running, 407 sleeping,   0 stopped,   0 zombie
%Cpu(s):  0.0 us,  0.0 sy,  0.0 ni,100.0 id,  0.0 wa,  0.0 hi,  0.0 si,  0.0 st
KiB Mem : 65877712 total, 52684204 free,  1146488 used, 12047020 buff/cache
KiB Swap: 33554428 total, 32294264 free,  1260164 used. 63421100 avail Mem 
--
top - 09:44:54 up 111 days,  1:27,  0 users,  load average: 0.03, 0.23, 0.22
Tasks: 408 total,   1 running, 407 sleeping,   0 stopped,   0 zombie
%Cpu(s):  0.0 us,  0.0 sy,  0.0 ni,100.0 id,  0.0 wa,  0.0 hi,  0.0 si,  0.0 st
KiB Mem : 65877712 total, 52680908 free,  1149784 used, 12047020 buff/cache
KiB Swap: 33554428 total, 32294264 free,  1260164 used. 63417804 avail Mem 
--
top - 09:44:59 up 111 days,  1:27,  0 users,  load average: 0.03, 0.22, 0.22
Tasks: 408 total,   1 running, 407 sleeping,   0 stopped,   0 zombie
%Cpu(s):  0.0 us,  0.0 sy,  0.0 ni,100.0 id,  0.0 wa,  0.0 hi,  0.0 si,  0.0 st
KiB Mem : 65877712 total, 52681812 free,  1148880 used, 12047020 buff/cache
KiB Swap: 33554428 total, 32294264 free,  1260164 used. 63418708 avail Mem 
--
top - 09:45:04 up 111 days,  1:27,  0 users,  load average: 0.03, 0.22, 0.22
Tasks: 408 total,   1 running, 407 sleeping,   0 stopped,   0 zombie
%Cpu(s):  0.0 us,  0.0 sy,  0.0 ni, 99.9 id,  0.0 wa,  0.0 hi,  0.0 si,  0.0 st
KiB Mem : 65877712 total, 52683712 free,  1147344 used, 12046656 buff/cache
KiB Swap: 33554428 total, 32294264 free,  1260164 used. 63420004 avail Mem 
--
top - 09:45:09 up 111 days,  1:27,  0 users,  load average: 0.02, 0.22, 0.22
Tasks: 408 total,   1 running, 407 sleeping,   0 stopped,   0 zombie
%Cpu(s):  0.0 us,  0.0 sy,  0.0 ni,100.0 id,  0.0 wa,  0.0 hi,  0.0 si,  0.0 st
KiB Mem : 65877712 total, 52684720 free,  1145924 used, 12047068 buff/cache
KiB Swap: 33554428 total, 32294264 free,  1260164 used. 63421348 avail Mem 
--
top - 09:45:14 up 111 days,  1:27,  0 users,  load average: 0.02, 0.21, 0.22
Tasks: 405 total,   1 running, 404 sleeping,   0 stopped,   0 zombie
%Cpu(s):  0.0 us,  0.0 sy,  0.0 ni,100.0 id,  0.0 wa,  0.0 hi,  0.0 si,  0.0 st
KiB Mem : 65877712 total, 52684720 free,  1145924 used, 12047068 buff/cache
KiB Swap: 33554428 total, 32294264 free,  1260164 used. 63421348 avail Mem 
