Job id: 4754608
Worker ip: 10.149.0.62
Master ip: 10.149.0.55
--
top - 09:47:58 up 111 days,  1:30,  0 users,  load average: 0.03, 0.18, 0.22
Tasks: 401 total,   1 running, 400 sleeping,   0 stopped,   0 zombie
%Cpu(s):  3.6 us,  4.9 sy,  0.0 ni, 91.3 id,  0.0 wa,  0.0 hi,  0.2 si,  0.0 st
KiB Mem : 65877712 total, 52821600 free,  1141712 used, 11914400 buff/cache
KiB Swap: 33554428 total, 32232376 free,  1322052 used. 63463448 avail Mem 
--
top - 09:48:03 up 111 days,  1:30,  0 users,  load average: 0.10, 0.19, 0.22
Tasks: 406 total,   1 running, 405 sleeping,   0 stopped,   0 zombie
%Cpu(s):  2.0 us,  0.6 sy,  0.0 ni, 97.0 id,  0.3 wa,  0.0 hi,  0.0 si,  0.0 st
KiB Mem : 65877712 total, 52797792 free,  1158852 used, 11921068 buff/cache
KiB Swap: 33554428 total, 32232376 free,  1322052 used. 63446244 avail Mem 
--
top - 09:48:08 up 111 days,  1:30,  0 users,  load average: 0.10, 0.19, 0.22
Tasks: 406 total,   1 running, 405 sleeping,   0 stopped,   0 zombie
%Cpu(s):  0.0 us,  0.0 sy,  0.0 ni, 99.9 id,  0.0 wa,  0.0 hi,  0.0 si,  0.0 st
KiB Mem : 65877712 total, 52797636 free,  1159008 used, 11921068 buff/cache
KiB Swap: 33554428 total, 32232376 free,  1322052 used. 63446088 avail Mem 
--
top - 09:48:13 up 111 days,  1:30,  0 users,  load average: 0.09, 0.19, 0.22
Tasks: 406 total,   1 running, 405 sleeping,   0 stopped,   0 zombie
%Cpu(s):  6.1 us,  0.4 sy,  0.0 ni, 93.5 id,  0.0 wa,  0.0 hi,  0.0 si,  0.0 st
KiB Mem : 65877712 total, 52673576 free,  1283068 used, 11921068 buff/cache
KiB Swap: 33554428 total, 32232376 free,  1322052 used. 63322028 avail Mem 
--
top - 09:48:18 up 111 days,  1:30,  0 users,  load average: 0.08, 0.18, 0.22
Tasks: 406 total,   2 running, 404 sleeping,   0 stopped,   0 zombie
%Cpu(s):  5.9 us,  0.3 sy,  0.0 ni, 93.7 id,  0.0 wa,  0.0 hi,  0.0 si,  0.0 st
KiB Mem : 65877712 total, 51799900 free,  2156744 used, 11921068 buff/cache
KiB Swap: 33554428 total, 32232376 free,  1322052 used. 62448352 avail Mem 
--
top - 09:48:23 up 111 days,  1:30,  0 users,  load average: 0.07, 0.18, 0.22
Tasks: 403 total,   1 running, 402 sleeping,   0 stopped,   0 zombie
%Cpu(s):  0.3 us,  0.0 sy,  0.0 ni, 99.7 id,  0.0 wa,  0.0 hi,  0.0 si,  0.0 st
KiB Mem : 65877712 total, 52379172 free,  1577472 used, 11921068 buff/cache
KiB Swap: 33554428 total, 32232376 free,  1322052 used. 63027624 avail Mem 
--
top - 09:48:28 up 111 days,  1:30,  0 users,  load average: 0.07, 0.18, 0.22
Tasks: 403 total,   1 running, 402 sleeping,   0 stopped,   0 zombie
%Cpu(s):  0.0 us,  0.0 sy,  0.0 ni,100.0 id,  0.0 wa,  0.0 hi,  0.0 si,  0.0 st
KiB Mem : 65877712 total, 52379900 free,  1576744 used, 11921068 buff/cache
KiB Swap: 33554428 total, 32232376 free,  1322052 used. 63028352 avail Mem 
--
top - 09:48:33 up 111 days,  1:30,  0 users,  load average: 0.06, 0.17, 0.21
Tasks: 403 total,   1 running, 402 sleeping,   0 stopped,   0 zombie
%Cpu(s):  0.0 us,  0.0 sy,  0.0 ni,100.0 id,  0.0 wa,  0.0 hi,  0.0 si,  0.0 st
KiB Mem : 65877712 total, 52381024 free,  1575620 used, 11921068 buff/cache
KiB Swap: 33554428 total, 32232376 free,  1322052 used. 63029476 avail Mem 
