Job id: 4754528
Worker ip: 10.149.0.55
Master ip: 10.149.0.54
--
top - 09:44:00 up 111 days,  1:26,  0 users,  load average: 0.44, 0.21, 0.19
Tasks: 409 total,   1 running, 408 sleeping,   0 stopped,   0 zombie
%Cpu(s): 10.1 us,  6.0 sy,  0.0 ni, 81.3 id,  2.6 wa,  0.0 hi,  0.0 si,  0.0 st
KiB Mem : 65877712 total, 51070952 free,  1160056 used, 13646704 buff/cache
KiB Swap: 33554428 total, 32320468 free,  1233960 used. 63494948 avail Mem 
--
top - 09:44:05 up 111 days,  1:26,  0 users,  load average: 0.64, 0.25, 0.20
Tasks: 408 total,   1 running, 407 sleeping,   0 stopped,   0 zombie
%Cpu(s):  1.4 us,  0.2 sy,  0.0 ni, 98.2 id,  0.2 wa,  0.0 hi,  0.0 si,  0.0 st
KiB Mem : 65877712 total, 51068968 free,  1155380 used, 13653364 buff/cache
KiB Swap: 33554428 total, 32320468 free,  1233960 used. 63499572 avail Mem 
--
top - 09:44:10 up 111 days,  1:26,  0 users,  load average: 0.59, 0.25, 0.20
Tasks: 408 total,   1 running, 407 sleeping,   0 stopped,   0 zombie
%Cpu(s):  0.0 us,  0.0 sy,  0.0 ni,100.0 id,  0.0 wa,  0.0 hi,  0.0 si,  0.0 st
KiB Mem : 65877712 total, 51070108 free,  1154240 used, 13653364 buff/cache
KiB Swap: 33554428 total, 32320468 free,  1233960 used. 63500712 avail Mem 
--
top - 09:44:15 up 111 days,  1:26,  0 users,  load average: 0.54, 0.24, 0.20
Tasks: 408 total,   1 running, 407 sleeping,   0 stopped,   0 zombie
%Cpu(s):  0.0 us,  0.0 sy,  0.0 ni, 99.9 id,  0.0 wa,  0.0 hi,  0.0 si,  0.0 st
KiB Mem : 65877712 total, 51071948 free,  1152400 used, 13653364 buff/cache
KiB Swap: 33554428 total, 32320468 free,  1233960 used. 63502552 avail Mem 
--
top - 09:44:20 up 111 days,  1:26,  0 users,  load average: 0.50, 0.24, 0.20
Tasks: 408 total,   1 running, 407 sleeping,   0 stopped,   0 zombie
%Cpu(s):  0.0 us,  0.0 sy,  0.0 ni, 99.9 id,  0.0 wa,  0.0 hi,  0.0 si,  0.0 st
KiB Mem : 65877712 total, 51071312 free,  1153028 used, 13653372 buff/cache
KiB Swap: 33554428 total, 32320468 free,  1233960 used. 63501920 avail Mem 
--
top - 09:44:25 up 111 days,  1:26,  0 users,  load average: 0.46, 0.24, 0.20
Tasks: 408 total,   1 running, 407 sleeping,   0 stopped,   0 zombie
%Cpu(s):  0.0 us,  0.0 sy,  0.0 ni, 99.9 id,  0.0 wa,  0.0 hi,  0.0 si,  0.0 st
KiB Mem : 65877712 total, 51072368 free,  1151972 used, 13653372 buff/cache
KiB Swap: 33554428 total, 32320468 free,  1233960 used. 63502976 avail Mem 
--
top - 09:44:30 up 111 days,  1:26,  0 users,  load average: 0.42, 0.23, 0.20
Tasks: 408 total,   1 running, 407 sleeping,   0 stopped,   0 zombie
%Cpu(s):  0.0 us,  0.0 sy,  0.0 ni,100.0 id,  0.0 wa,  0.0 hi,  0.0 si,  0.0 st
KiB Mem : 65877712 total, 51073112 free,  1151228 used, 13653372 buff/cache
KiB Swap: 33554428 total, 32320468 free,  1233960 used. 63503720 avail Mem 
--
top - 09:44:35 up 111 days,  1:26,  0 users,  load average: 0.39, 0.23, 0.20
Tasks: 408 total,   2 running, 406 sleeping,   0 stopped,   0 zombie
%Cpu(s):  0.0 us,  0.0 sy,  0.0 ni,100.0 id,  0.0 wa,  0.0 hi,  0.0 si,  0.0 st
KiB Mem : 65877712 total, 51073984 free,  1150356 used, 13653372 buff/cache
KiB Swap: 33554428 total, 32320468 free,  1233960 used. 63504592 avail Mem 
