Job id: 4754592
Worker ip: 10.149.0.63
Master ip: 10.149.0.59
--
top - 09:47:17 up 111 days,  1:31,  0 users,  load average: 0.00, 0.06, 0.13
Tasks: 404 total,   1 running, 403 sleeping,   0 stopped,   0 zombie
%Cpu(s):  2.8 us,  5.4 sy,  0.0 ni, 91.2 id,  0.0 wa,  0.0 hi,  0.6 si,  0.0 st
KiB Mem : 65877712 total, 53101756 free,  1112112 used, 11663844 buff/cache
KiB Swap: 33554428 total, 32368256 free,  1186172 used. 63493588 avail Mem 
--
top - 09:47:22 up 111 days,  1:31,  0 users,  load average: 0.00, 0.06, 0.13
Tasks: 405 total,   1 running, 404 sleeping,   0 stopped,   0 zombie
%Cpu(s):  1.5 us,  0.4 sy,  0.0 ni, 98.1 id,  0.0 wa,  0.0 hi,  0.0 si,  0.0 st
KiB Mem : 65877712 total, 53083068 free,  1124048 used, 11670596 buff/cache
KiB Swap: 33554428 total, 32368256 free,  1186172 used. 63481900 avail Mem 
--
top - 09:47:27 up 111 days,  1:31,  0 users,  load average: 0.00, 0.06, 0.13
Tasks: 405 total,   1 running, 404 sleeping,   0 stopped,   0 zombie
%Cpu(s):  0.0 us,  0.0 sy,  0.0 ni,100.0 id,  0.0 wa,  0.0 hi,  0.0 si,  0.0 st
KiB Mem : 65877712 total, 53082992 free,  1124096 used, 11670624 buff/cache
KiB Swap: 33554428 total, 32368256 free,  1186172 used. 63481824 avail Mem 
--
top - 09:47:32 up 111 days,  1:31,  0 users,  load average: 0.00, 0.06, 0.13
Tasks: 405 total,   1 running, 404 sleeping,   0 stopped,   0 zombie
%Cpu(s):  0.0 us,  0.0 sy,  0.0 ni,100.0 id,  0.0 wa,  0.0 hi,  0.0 si,  0.0 st
KiB Mem : 65877712 total, 53082596 free,  1124492 used, 11670624 buff/cache
KiB Swap: 33554428 total, 32368256 free,  1186172 used. 63481428 avail Mem 
--
top - 09:47:37 up 111 days,  1:31,  0 users,  load average: 0.00, 0.06, 0.13
Tasks: 405 total,   1 running, 404 sleeping,   0 stopped,   0 zombie
%Cpu(s):  0.0 us,  0.0 sy,  0.0 ni,100.0 id,  0.0 wa,  0.0 hi,  0.0 si,  0.0 st
KiB Mem : 65877712 total, 53082596 free,  1124492 used, 11670624 buff/cache
KiB Swap: 33554428 total, 32368256 free,  1186172 used. 63481428 avail Mem 
--
top - 09:47:42 up 111 days,  1:31,  0 users,  load average: 0.00, 0.06, 0.13
Tasks: 405 total,   1 running, 404 sleeping,   0 stopped,   0 zombie
%Cpu(s):  0.0 us,  0.0 sy,  0.0 ni,100.0 id,  0.0 wa,  0.0 hi,  0.0 si,  0.0 st
KiB Mem : 65877712 total, 53082596 free,  1124492 used, 11670624 buff/cache
KiB Swap: 33554428 total, 32368256 free,  1186172 used. 63481428 avail Mem 
--
top - 09:47:47 up 111 days,  1:31,  0 users,  load average: 0.00, 0.06, 0.13
Tasks: 405 total,   1 running, 404 sleeping,   0 stopped,   0 zombie
%Cpu(s):  0.0 us,  0.0 sy,  0.0 ni,100.0 id,  0.0 wa,  0.0 hi,  0.0 si,  0.0 st
KiB Mem : 65877712 total, 53082168 free,  1124912 used, 11670632 buff/cache
KiB Swap: 33554428 total, 32368256 free,  1186172 used. 63481000 avail Mem 
--
top - 09:47:52 up 111 days,  1:31,  0 users,  load average: 0.00, 0.06, 0.12
Tasks: 405 total,   1 running, 404 sleeping,   0 stopped,   0 zombie
%Cpu(s):  0.0 us,  0.0 sy,  0.0 ni, 99.9 id,  0.0 wa,  0.0 hi,  0.0 si,  0.0 st
KiB Mem : 65877712 total, 53081728 free,  1125352 used, 11670632 buff/cache
KiB Swap: 33554428 total, 32368256 free,  1186172 used. 63480560 avail Mem 
