Job id: 4754610
Worker ip: 10.149.0.30
Master ip: 10.149.0.55
--
top - 09:47:58 up 111 days,  1:31,  0 users,  load average: 0.05, 0.15, 0.14
Tasks: 406 total,   1 running, 405 sleeping,   0 stopped,   0 zombie
%Cpu(s):  2.1 us,  5.3 sy,  0.0 ni, 92.2 id,  0.0 wa,  0.0 hi,  0.4 si,  0.0 st
KiB Mem : 65877712 total, 56421932 free,  1107896 used,  8347884 buff/cache
KiB Swap: 33554428 total, 32344112 free,  1210316 used. 63523552 avail Mem 
--
top - 09:48:03 up 111 days,  1:31,  0 users,  load average: 0.05, 0.14, 0.13
Tasks: 407 total,   1 running, 406 sleeping,   0 stopped,   0 zombie
%Cpu(s):  2.0 us,  0.5 sy,  0.0 ni, 96.8 id,  0.6 wa,  0.0 hi,  0.0 si,  0.0 st
KiB Mem : 65877712 total, 56404148 free,  1118920 used,  8354644 buff/cache
KiB Swap: 33554428 total, 32344112 free,  1210316 used. 63512396 avail Mem 
--
top - 09:48:08 up 111 days,  1:31,  0 users,  load average: 0.05, 0.14, 0.13
Tasks: 407 total,   1 running, 406 sleeping,   0 stopped,   0 zombie
%Cpu(s):  0.0 us,  0.0 sy,  0.0 ni,100.0 id,  0.0 wa,  0.0 hi,  0.0 si,  0.0 st
KiB Mem : 65877712 total, 56404768 free,  1118348 used,  8354596 buff/cache
KiB Swap: 33554428 total, 32344112 free,  1210316 used. 63513016 avail Mem 
--
top - 09:48:13 up 111 days,  1:31,  0 users,  load average: 0.04, 0.14, 0.13
Tasks: 407 total,   1 running, 406 sleeping,   0 stopped,   0 zombie
%Cpu(s):  0.0 us,  0.0 sy,  0.0 ni, 99.9 id,  0.0 wa,  0.0 hi,  0.0 si,  0.0 st
KiB Mem : 65877712 total, 56404012 free,  1119104 used,  8354596 buff/cache
KiB Swap: 33554428 total, 32344112 free,  1210316 used. 63512260 avail Mem 
--
top - 09:48:18 up 111 days,  1:31,  0 users,  load average: 0.04, 0.14, 0.13
Tasks: 407 total,   1 running, 406 sleeping,   0 stopped,   0 zombie
%Cpu(s):  0.0 us,  0.0 sy,  0.0 ni,100.0 id,  0.0 wa,  0.0 hi,  0.0 si,  0.0 st
KiB Mem : 65877712 total, 56404020 free,  1119096 used,  8354596 buff/cache
KiB Swap: 33554428 total, 32344112 free,  1210316 used. 63512268 avail Mem 
--
top - 09:48:23 up 111 days,  1:31,  0 users,  load average: 0.04, 0.13, 0.13
Tasks: 407 total,   1 running, 406 sleeping,   0 stopped,   0 zombie
%Cpu(s):  0.0 us,  0.0 sy,  0.0 ni,100.0 id,  0.0 wa,  0.0 hi,  0.0 si,  0.0 st
KiB Mem : 65877712 total, 56404020 free,  1119096 used,  8354596 buff/cache
KiB Swap: 33554428 total, 32344112 free,  1210316 used. 63512268 avail Mem 
--
top - 09:48:28 up 111 days,  1:31,  0 users,  load average: 0.03, 0.13, 0.13
Tasks: 408 total,   1 running, 407 sleeping,   0 stopped,   0 zombie
%Cpu(s):  0.0 us,  0.0 sy,  0.0 ni,100.0 id,  0.0 wa,  0.0 hi,  0.0 si,  0.0 st
KiB Mem : 65877712 total, 56404020 free,  1119096 used,  8354596 buff/cache
KiB Swap: 33554428 total, 32344112 free,  1210316 used. 63512268 avail Mem 
--
top - 09:48:33 up 111 days,  1:31,  0 users,  load average: 0.03, 0.13, 0.13
Tasks: 408 total,   1 running, 407 sleeping,   0 stopped,   0 zombie
%Cpu(s):  0.0 us,  0.0 sy,  0.0 ni,100.0 id,  0.0 wa,  0.0 hi,  0.0 si,  0.0 st
KiB Mem : 65877712 total, 56404020 free,  1119096 used,  8354596 buff/cache
KiB Swap: 33554428 total, 32344112 free,  1210316 used. 63512268 avail Mem 
