Job id: 4754577
Master ip: 10.149.0.54
--
top - 09:46:33 up 111 days,  1:28,  0 users,  load average: 1.28, 0.44, 0.24
Tasks: 406 total,   2 running, 404 sleeping,   0 stopped,   0 zombie
%Cpu(s):  2.2 us,  0.7 sy,  0.0 ni, 97.1 id,  0.0 wa,  0.0 hi,  0.0 si,  0.0 st
KiB Mem : 65877712 total, 50130388 free,  1204268 used, 14543056 buff/cache
KiB Swap: 33554428 total, 32105460 free,  1448968 used. 63420604 avail Mem 
--
top - 09:46:38 up 111 days,  1:29,  0 users,  load average: 1.18, 0.43, 0.24
Tasks: 406 total,   1 running, 405 sleeping,   0 stopped,   0 zombie
%Cpu(s):  0.8 us,  0.1 sy,  0.0 ni, 99.1 id,  0.0 wa,  0.0 hi,  0.0 si,  0.0 st
KiB Mem : 65877712 total, 50105444 free,  1229132 used, 14543136 buff/cache
KiB Swap: 33554428 total, 32105460 free,  1448968 used. 63395708 avail Mem 
--
top - 09:46:44 up 111 days,  1:29,  0 users,  load average: 1.08, 0.43, 0.24
Tasks: 406 total,   2 running, 404 sleeping,   0 stopped,   0 zombie
%Cpu(s):  0.1 us,  0.0 sy,  0.0 ni, 99.9 id,  0.0 wa,  0.0 hi,  0.0 si,  0.0 st
KiB Mem : 65877712 total, 50105880 free,  1228696 used, 14543136 buff/cache
KiB Swap: 33554428 total, 32105460 free,  1448968 used. 63396144 avail Mem 
--
top - 09:46:49 up 111 days,  1:29,  0 users,  load average: 1.00, 0.42, 0.24
Tasks: 406 total,   1 running, 405 sleeping,   0 stopped,   0 zombie
%Cpu(s):  1.4 us,  0.2 sy,  0.0 ni, 98.4 id,  0.0 wa,  0.0 hi,  0.0 si,  0.0 st
KiB Mem : 65877712 total, 49957904 free,  1376580 used, 14543228 buff/cache
KiB Swap: 33554428 total, 32105460 free,  1448968 used. 63248216 avail Mem 
--
top - 09:46:54 up 111 days,  1:29,  0 users,  load average: 1.00, 0.43, 0.24
Tasks: 406 total,   1 running, 405 sleeping,   0 stopped,   0 zombie
%Cpu(s):  1.4 us,  0.2 sy,  0.0 ni, 98.4 id,  0.0 wa,  0.0 hi,  0.0 si,  0.0 st
KiB Mem : 65877712 total, 49856080 free,  1478260 used, 14543372 buff/cache
KiB Swap: 33554428 total, 32105460 free,  1448968 used. 63146356 avail Mem 
--
top - 09:46:59 up 111 days,  1:29,  0 users,  load average: 1.00, 0.44, 0.24
Tasks: 406 total,   2 running, 404 sleeping,   0 stopped,   0 zombie
%Cpu(s):  0.7 us,  0.2 sy,  0.0 ni, 99.1 id,  0.0 wa,  0.0 hi,  0.0 si,  0.0 st
KiB Mem : 65877712 total, 49751532 free,  1582900 used, 14543280 buff/cache
KiB Swap: 33554428 total, 32105460 free,  1448968 used. 63041904 avail Mem 
--
top - 09:47:04 up 111 days,  1:29,  0 users,  load average: 0.92, 0.43, 0.24
Tasks: 405 total,   2 running, 403 sleeping,   0 stopped,   0 zombie
%Cpu(s):  0.7 us,  0.1 sy,  0.0 ni, 99.2 id,  0.0 wa,  0.0 hi,  0.0 si,  0.0 st
KiB Mem : 65877712 total, 49674760 free,  1608156 used, 14594796 buff/cache
KiB Swap: 33554428 total, 32105460 free,  1448968 used. 63015776 avail Mem 
--
top - 09:47:09 up 111 days,  1:29,  0 users,  load average: 0.84, 0.42, 0.24
Tasks: 404 total,   1 running, 403 sleeping,   0 stopped,   0 zombie
%Cpu(s):  0.8 us,  0.1 sy,  0.0 ni, 99.0 id,  0.0 wa,  0.0 hi,  0.0 si,  0.0 st
KiB Mem : 65877712 total, 49623840 free,  1710580 used, 14543292 buff/cache
KiB Swap: 33554428 total, 32105460 free,  1448968 used. 62914184 avail Mem 
--
top - 09:47:14 up 111 days,  1:29,  0 users,  load average: 0.86, 0.43, 0.24
Tasks: 404 total,   2 running, 402 sleeping,   0 stopped,   0 zombie
%Cpu(s):  1.5 us,  0.2 sy,  0.0 ni, 98.3 id,  0.0 wa,  0.0 hi,  0.0 si,  0.0 st
KiB Mem : 65877712 total, 49517772 free,  1816988 used, 14542952 buff/cache
KiB Swap: 33554428 total, 32105460 free,  1448968 used. 62807744 avail Mem 
