Job id: 4753201
Worker ip: 10.149.0.59
Master ip: 10.149.0.56
--
top - 12:40:38 up 105 days,  4:24,  0 users,  load average: 4.45, 1.23, 0.55
Tasks: 408 total,   1 running, 407 sleeping,   0 stopped,   0 zombie
%Cpu(s): 12.5 us,  6.6 sy,  0.0 ni, 80.3 id,  0.0 wa,  0.0 hi,  0.6 si,  0.0 st
KiB Mem : 65877692 total, 49863356 free,  1213436 used, 14800900 buff/cache
KiB Swap: 33554428 total, 32369604 free,  1184824 used. 63444924 avail Mem 
--
top - 12:40:43 up 105 days,  4:24,  0 users,  load average: 4.17, 1.22, 0.55
Tasks: 409 total,   1 running, 408 sleeping,   0 stopped,   0 zombie
%Cpu(s):  1.3 us,  0.2 sy,  0.0 ni, 98.5 id,  0.0 wa,  0.0 hi,  0.0 si,  0.0 st
KiB Mem : 65877692 total, 49856068 free,  1214012 used, 14807612 buff/cache
KiB Swap: 33554428 total, 32369604 free,  1184824 used. 63444264 avail Mem 
--
top - 12:40:48 up 105 days,  4:24,  0 users,  load average: 3.84, 1.20, 0.55
Tasks: 409 total,   1 running, 408 sleeping,   0 stopped,   0 zombie
%Cpu(s):  0.0 us,  0.0 sy,  0.0 ni, 99.9 id,  0.0 wa,  0.0 hi,  0.0 si,  0.0 st
KiB Mem : 65877692 total, 49853748 free,  1216332 used, 14807612 buff/cache
KiB Swap: 33554428 total, 32369604 free,  1184824 used. 63441944 avail Mem 
--
top - 12:40:53 up 105 days,  4:24,  0 users,  load average: 3.53, 1.18, 0.55
Tasks: 409 total,   2 running, 407 sleeping,   0 stopped,   0 zombie
%Cpu(s): 10.8 us,  0.4 sy,  0.0 ni, 88.8 id,  0.0 wa,  0.0 hi,  0.0 si,  0.0 st
KiB Mem : 65877692 total, 49506836 free,  1563244 used, 14807612 buff/cache
KiB Swap: 33554428 total, 32369604 free,  1184824 used. 63095032 avail Mem 
--
top - 12:40:58 up 105 days,  4:24,  0 users,  load average: 5.41, 1.61, 0.69
Tasks: 409 total,   1 running, 408 sleeping,   0 stopped,   0 zombie
%Cpu(s): 52.4 us,  0.3 sy,  0.0 ni, 47.3 id,  0.0 wa,  0.0 hi,  0.0 si,  0.0 st
KiB Mem : 65877692 total, 49491852 free,  1578228 used, 14807612 buff/cache
KiB Swap: 33554428 total, 32369604 free,  1184824 used. 63080048 avail Mem 
--
top - 12:41:03 up 105 days,  4:24,  0 users,  load average: 4.98, 1.58, 0.69
Tasks: 406 total,   1 running, 405 sleeping,   0 stopped,   0 zombie
%Cpu(s):  0.2 us,  0.1 sy,  0.0 ni, 99.7 id,  0.0 wa,  0.0 hi,  0.0 si,  0.0 st
KiB Mem : 65877692 total, 49435380 free,  1634700 used, 14807612 buff/cache
KiB Swap: 33554428 total, 32369604 free,  1184824 used. 63023576 avail Mem 
--
top - 12:41:08 up 105 days,  4:25,  0 users,  load average: 4.58, 1.56, 0.68
Tasks: 405 total,   2 running, 403 sleeping,   0 stopped,   0 zombie
%Cpu(s): 42.4 us,  0.3 sy,  0.0 ni, 57.3 id,  0.0 wa,  0.0 hi,  0.0 si,  0.0 st
KiB Mem : 65877692 total, 49298912 free,  1771168 used, 14807612 buff/cache
KiB Swap: 33554428 total, 32369604 free,  1184824 used. 62887104 avail Mem 
--
top - 12:41:13 up 105 days,  4:25,  0 users,  load average: 6.05, 1.91, 0.80
Tasks: 405 total,   1 running, 404 sleeping,   0 stopped,   0 zombie
%Cpu(s): 21.8 us,  0.1 sy,  0.0 ni, 78.1 id,  0.0 wa,  0.0 hi,  0.0 si,  0.0 st
KiB Mem : 65877692 total, 49356244 free,  1713836 used, 14807612 buff/cache
KiB Swap: 33554428 total, 32369604 free,  1184824 used. 62944440 avail Mem 
--
top - 12:41:18 up 105 days,  4:25,  0 users,  load average: 5.57, 1.88, 0.80
Tasks: 405 total,   1 running, 404 sleeping,   0 stopped,   0 zombie
%Cpu(s):  0.2 us,  0.2 sy,  0.0 ni, 99.6 id,  0.0 wa,  0.0 hi,  0.0 si,  0.0 st
KiB Mem : 65877692 total, 49267400 free,  1802680 used, 14807612 buff/cache
KiB Swap: 33554428 total, 32369604 free,  1184824 used. 62855596 avail Mem 
--
top - 12:41:23 up 105 days,  4:25,  0 users,  load average: 5.12, 1.85, 0.79
Tasks: 405 total,   1 running, 404 sleeping,   0 stopped,   0 zombie
%Cpu(s): 61.4 us,  0.4 sy,  0.0 ni, 38.1 id,  0.0 wa,  0.0 hi,  0.0 si,  0.0 st
KiB Mem : 65877692 total, 49150488 free,  1919592 used, 14807612 buff/cache
KiB Swap: 33554428 total, 32369604 free,  1184824 used. 62738684 avail Mem 
--
top - 12:41:28 up 105 days,  4:25,  0 users,  load average: 4.71, 1.82, 0.79
Tasks: 405 total,   1 running, 404 sleeping,   0 stopped,   0 zombie
%Cpu(s):  0.1 us,  0.1 sy,  0.0 ni, 99.8 id,  0.0 wa,  0.0 hi,  0.0 si,  0.0 st
KiB Mem : 65877692 total, 49219208 free,  1850872 used, 14807612 buff/cache
KiB Swap: 33554428 total, 32369604 free,  1184824 used. 62807404 avail Mem 
--
top - 12:41:33 up 105 days,  4:25,  0 users,  load average: 4.34, 1.79, 0.78
Tasks: 405 total,   2 running, 403 sleeping,   0 stopped,   0 zombie
%Cpu(s): 24.9 us,  0.4 sy,  0.0 ni, 74.7 id,  0.0 wa,  0.0 hi,  0.0 si,  0.0 st
KiB Mem : 65877692 total, 49098824 free,  1971252 used, 14807616 buff/cache
KiB Swap: 33554428 total, 32369604 free,  1184824 used. 62687020 avail Mem 
--
top - 12:41:38 up 105 days,  4:25,  0 users,  load average: 6.39, 2.26, 0.94
Tasks: 405 total,   1 running, 404 sleeping,   0 stopped,   0 zombie
%Cpu(s): 39.1 us,  0.3 sy,  0.0 ni, 60.6 id,  0.0 wa,  0.0 hi,  0.0 si,  0.0 st
KiB Mem : 65877692 total, 49116108 free,  1953968 used, 14807616 buff/cache
KiB Swap: 33554428 total, 32369604 free,  1184824 used. 62704308 avail Mem 
--
top - 12:41:43 up 105 days,  4:25,  0 users,  load average: 5.88, 2.22, 0.94
Tasks: 405 total,   1 running, 404 sleeping,   0 stopped,   0 zombie
%Cpu(s):  0.2 us,  0.1 sy,  0.0 ni, 99.6 id,  0.0 wa,  0.0 hi,  0.0 si,  0.0 st
KiB Mem : 65877692 total, 49045648 free,  2024428 used, 14807616 buff/cache
KiB Swap: 33554428 total, 32369604 free,  1184824 used. 62633848 avail Mem 
--
top - 12:41:48 up 105 days,  4:25,  0 users,  load average: 6.85, 2.48, 1.03
Tasks: 405 total,   1 running, 404 sleeping,   0 stopped,   0 zombie
%Cpu(s): 63.0 us,  0.4 sy,  0.0 ni, 36.6 id,  0.0 wa,  0.0 hi,  0.0 si,  0.0 st
KiB Mem : 65877692 total, 48918772 free,  2151304 used, 14807616 buff/cache
KiB Swap: 33554428 total, 32369604 free,  1184824 used. 62506972 avail Mem 
