Job id: 4753290
Worker ip: 10.149.0.33
Master ip: 10.149.0.54
--
top - 12:54:13 up 105 days,  4:37,  0 users,  load average: 0.01, 0.50, 0.53
Tasks: 399 total,   3 running, 396 sleeping,   0 stopped,   0 zombie
%Cpu(s):  2.8 us,  4.7 sy,  0.0 ni, 92.1 id,  0.2 wa,  0.0 hi,  0.2 si,  0.0 st
KiB Mem : 65877712 total, 55415888 free,  1096988 used,  9364836 buff/cache
KiB Swap: 33554428 total, 32341192 free,  1213236 used. 63630556 avail Mem 
--
top - 12:54:18 up 105 days,  4:37,  0 users,  load average: 0.01, 0.49, 0.52
Tasks: 400 total,   1 running, 399 sleeping,   0 stopped,   0 zombie
%Cpu(s):  1.7 us,  0.4 sy,  0.0 ni, 97.8 id,  0.0 wa,  0.0 hi,  0.0 si,  0.0 st
KiB Mem : 65877712 total, 55397108 free,  1108976 used,  9371628 buff/cache
KiB Swap: 33554428 total, 32341192 free,  1213236 used. 63618444 avail Mem 
--
top - 12:54:23 up 105 days,  4:37,  0 users,  load average: 0.01, 0.49, 0.52
Tasks: 400 total,   1 running, 399 sleeping,   0 stopped,   0 zombie
%Cpu(s):  0.0 us,  0.0 sy,  0.0 ni,100.0 id,  0.0 wa,  0.0 hi,  0.0 si,  0.0 st
KiB Mem : 65877712 total, 55397976 free,  1108108 used,  9371628 buff/cache
KiB Swap: 33554428 total, 32341192 free,  1213236 used. 63619312 avail Mem 
--
top - 12:54:28 up 105 days,  4:37,  0 users,  load average: 0.01, 0.48, 0.52
Tasks: 400 total,   1 running, 399 sleeping,   0 stopped,   0 zombie
%Cpu(s):  0.0 us,  0.0 sy,  0.0 ni,100.0 id,  0.0 wa,  0.0 hi,  0.0 si,  0.0 st
KiB Mem : 65877712 total, 55398724 free,  1107360 used,  9371628 buff/cache
KiB Swap: 33554428 total, 32341192 free,  1213236 used. 63620060 avail Mem 
--
top - 12:54:33 up 105 days,  4:37,  0 users,  load average: 0.01, 0.47, 0.52
Tasks: 401 total,   1 running, 400 sleeping,   0 stopped,   0 zombie
%Cpu(s):  0.0 us,  0.0 sy,  0.0 ni,100.0 id,  0.0 wa,  0.0 hi,  0.0 si,  0.0 st
KiB Mem : 65877712 total, 55399740 free,  1106344 used,  9371628 buff/cache
KiB Swap: 33554428 total, 32341192 free,  1213236 used. 63621076 avail Mem 
--
top - 12:54:38 up 105 days,  4:37,  0 users,  load average: 0.01, 0.46, 0.51
Tasks: 401 total,   1 running, 400 sleeping,   0 stopped,   0 zombie
%Cpu(s):  0.0 us,  0.0 sy,  0.0 ni,100.0 id,  0.0 wa,  0.0 hi,  0.0 si,  0.0 st
KiB Mem : 65877712 total, 55399840 free,  1106244 used,  9371628 buff/cache
KiB Swap: 33554428 total, 32341192 free,  1213236 used. 63621176 avail Mem 
--
top - 12:54:43 up 105 days,  4:37,  0 users,  load average: 0.01, 0.45, 0.51
Tasks: 401 total,   1 running, 400 sleeping,   0 stopped,   0 zombie
%Cpu(s):  0.0 us,  0.0 sy,  0.0 ni, 99.9 id,  0.0 wa,  0.0 hi,  0.0 si,  0.0 st
KiB Mem : 65877712 total, 55398512 free,  1107572 used,  9371628 buff/cache
KiB Swap: 33554428 total, 32341192 free,  1213236 used. 63619848 avail Mem 
--
top - 12:54:48 up 105 days,  4:38,  0 users,  load average: 0.00, 0.45, 0.51
Tasks: 401 total,   1 running, 400 sleeping,   0 stopped,   0 zombie
%Cpu(s):  0.0 us,  0.0 sy,  0.0 ni,100.0 id,  0.0 wa,  0.0 hi,  0.0 si,  0.0 st
KiB Mem : 65877712 total, 55399484 free,  1106592 used,  9371636 buff/cache
KiB Swap: 33554428 total, 32341192 free,  1213236 used. 63620824 avail Mem 
--
top - 12:54:53 up 105 days,  4:38,  0 users,  load average: 0.00, 0.44, 0.50
Tasks: 401 total,   1 running, 400 sleeping,   0 stopped,   0 zombie
%Cpu(s):  0.0 us,  0.0 sy,  0.0 ni,100.0 id,  0.0 wa,  0.0 hi,  0.0 si,  0.0 st
KiB Mem : 65877712 total, 55398520 free,  1107556 used,  9371636 buff/cache
KiB Swap: 33554428 total, 32341192 free,  1213236 used. 63619860 avail Mem 
--
top - 12:54:58 up 105 days,  4:38,  0 users,  load average: 0.08, 0.45, 0.51
Tasks: 401 total,   1 running, 400 sleeping,   0 stopped,   0 zombie
%Cpu(s):  0.1 us,  0.1 sy,  0.0 ni, 99.9 id,  0.0 wa,  0.0 hi,  0.0 si,  0.0 st
KiB Mem : 65877712 total, 55370552 free,  1135524 used,  9371636 buff/cache
KiB Swap: 33554428 total, 32341192 free,  1213236 used. 63591892 avail Mem 
--
top - 12:55:03 up 105 days,  4:38,  0 users,  load average: 0.08, 0.44, 0.50
Tasks: 400 total,   1 running, 399 sleeping,   0 stopped,   0 zombie
%Cpu(s):  0.1 us,  0.0 sy,  0.0 ni, 99.9 id,  0.0 wa,  0.0 hi,  0.0 si,  0.0 st
KiB Mem : 65877712 total, 55349428 free,  1156648 used,  9371636 buff/cache
KiB Swap: 33554428 total, 32341192 free,  1213236 used. 63570768 avail Mem 
--
top - 12:55:08 up 105 days,  4:38,  0 users,  load average: 0.15, 0.45, 0.51
Tasks: 400 total,   1 running, 399 sleeping,   0 stopped,   0 zombie
%Cpu(s):  0.1 us,  0.1 sy,  0.0 ni, 99.9 id,  0.0 wa,  0.0 hi,  0.0 si,  0.0 st
KiB Mem : 65877712 total, 55321456 free,  1184616 used,  9371640 buff/cache
KiB Swap: 33554428 total, 32341192 free,  1213236 used. 63542796 avail Mem 
--
top - 12:55:13 up 105 days,  4:38,  0 users,  load average: 0.14, 0.44, 0.50
Tasks: 400 total,   1 running, 399 sleeping,   0 stopped,   0 zombie
%Cpu(s):  0.1 us,  0.0 sy,  0.0 ni, 99.9 id,  0.0 wa,  0.0 hi,  0.0 si,  0.0 st
KiB Mem : 65877712 total, 55300312 free,  1205760 used,  9371640 buff/cache
KiB Swap: 33554428 total, 32341192 free,  1213236 used. 63521656 avail Mem 
--
top - 12:55:18 up 105 days,  4:38,  0 users,  load average: 0.13, 0.44, 0.50
Tasks: 401 total,   1 running, 400 sleeping,   0 stopped,   0 zombie
%Cpu(s):  0.1 us,  0.0 sy,  0.0 ni, 99.9 id,  0.0 wa,  0.0 hi,  0.0 si,  0.0 st
KiB Mem : 65877712 total, 55275996 free,  1230076 used,  9371640 buff/cache
KiB Swap: 33554428 total, 32341192 free,  1213236 used. 63497340 avail Mem 
--
top - 12:55:23 up 105 days,  4:38,  0 users,  load average: 0.12, 0.43, 0.50
Tasks: 401 total,   2 running, 399 sleeping,   0 stopped,   0 zombie
%Cpu(s):  1.8 us,  0.2 sy,  0.0 ni, 97.9 id,  0.0 wa,  0.0 hi,  0.0 si,  0.0 st
KiB Mem : 65877712 total, 55115228 free,  1390844 used,  9371640 buff/cache
KiB Swap: 33554428 total, 32341192 free,  1213236 used. 63336572 avail Mem 
--
top - 12:55:28 up 105 days,  4:38,  0 users,  load average: 1.47, 0.70, 0.59
Tasks: 401 total,   1 running, 400 sleeping,   0 stopped,   0 zombie
%Cpu(s): 55.5 us,  0.3 sy,  0.0 ni, 44.2 id,  0.0 wa,  0.0 hi,  0.0 si,  0.0 st
KiB Mem : 65877712 total, 54866360 free,  1639712 used,  9371640 buff/cache
KiB Swap: 33554428 total, 32341192 free,  1213236 used. 63087704 avail Mem 
--
top - 12:55:33 up 105 days,  4:38,  0 users,  load average: 1.35, 0.69, 0.58
Tasks: 402 total,   1 running, 401 sleeping,   0 stopped,   0 zombie
%Cpu(s):  0.0 us,  0.0 sy,  0.0 ni, 99.9 id,  0.0 wa,  0.0 hi,  0.0 si,  0.0 st
KiB Mem : 65877712 total, 55028276 free,  1477796 used,  9371640 buff/cache
KiB Swap: 33554428 total, 32341192 free,  1213236 used. 63249620 avail Mem 
--
top - 12:55:38 up 105 days,  4:38,  0 users,  load average: 1.24, 0.68, 0.58
Tasks: 402 total,   1 running, 401 sleeping,   0 stopped,   0 zombie
%Cpu(s):  0.0 us,  0.0 sy,  0.0 ni, 99.9 id,  0.0 wa,  0.0 hi,  0.0 si,  0.0 st
KiB Mem : 65877712 total, 55019932 free,  1486140 used,  9371640 buff/cache
KiB Swap: 33554428 total, 32341192 free,  1213236 used. 63241276 avail Mem 
--
top - 12:55:43 up 105 days,  4:38,  0 users,  load average: 1.14, 0.67, 0.58
Tasks: 402 total,   1 running, 401 sleeping,   0 stopped,   0 zombie
%Cpu(s):  0.1 us,  0.1 sy,  0.0 ni, 99.8 id,  0.0 wa,  0.0 hi,  0.0 si,  0.0 st
KiB Mem : 65877712 total, 54992672 free,  1513400 used,  9371640 buff/cache
KiB Swap: 33554428 total, 32341192 free,  1213236 used. 63214016 avail Mem 
--
top - 12:55:48 up 105 days,  4:39,  0 users,  load average: 1.05, 0.66, 0.57
Tasks: 402 total,   1 running, 401 sleeping,   0 stopped,   0 zombie
%Cpu(s):  0.1 us,  0.0 sy,  0.0 ni, 99.9 id,  0.0 wa,  0.0 hi,  0.0 si,  0.0 st
KiB Mem : 65877712 total, 54969016 free,  1537056 used,  9371640 buff/cache
KiB Swap: 33554428 total, 32341192 free,  1213236 used. 63190360 avail Mem 
--
top - 12:55:53 up 105 days,  4:39,  0 users,  load average: 0.97, 0.65, 0.57
Tasks: 402 total,   1 running, 401 sleeping,   0 stopped,   0 zombie
%Cpu(s):  0.1 us,  0.0 sy,  0.0 ni, 99.9 id,  0.0 wa,  0.0 hi,  0.0 si,  0.0 st
KiB Mem : 65877712 total, 54946560 free,  1559512 used,  9371640 buff/cache
KiB Swap: 33554428 total, 32341192 free,  1213236 used. 63167904 avail Mem 
--
top - 12:55:58 up 105 days,  4:39,  0 users,  load average: 0.89, 0.64, 0.57
Tasks: 402 total,   1 running, 401 sleeping,   0 stopped,   0 zombie
%Cpu(s):  0.1 us,  0.0 sy,  0.0 ni, 99.9 id,  0.0 wa,  0.0 hi,  0.0 si,  0.0 st
KiB Mem : 65877712 total, 54925684 free,  1580388 used,  9371640 buff/cache
KiB Swap: 33554428 total, 32341192 free,  1213236 used. 63147028 avail Mem 
--
top - 12:56:03 up 105 days,  4:39,  0 users,  load average: 0.82, 0.62, 0.57
Tasks: 402 total,   2 running, 400 sleeping,   0 stopped,   0 zombie
%Cpu(s):  0.5 us,  0.3 sy,  0.0 ni, 98.6 id,  0.6 wa,  0.0 hi,  0.0 si,  0.0 st
KiB Mem : 65877712 total, 54890908 free,  1615160 used,  9371644 buff/cache
KiB Swap: 33554428 total, 32341192 free,  1213236 used. 63112256 avail Mem 
--
top - 12:56:08 up 105 days,  4:39,  0 users,  load average: 3.16, 1.11, 0.72
Tasks: 402 total,   1 running, 401 sleeping,   0 stopped,   0 zombie
%Cpu(s): 55.6 us,  0.6 sy,  0.0 ni, 43.8 id,  0.0 wa,  0.0 hi,  0.0 si,  0.0 st
KiB Mem : 65877712 total, 54748304 free,  1757764 used,  9371644 buff/cache
KiB Swap: 33554428 total, 32341192 free,  1213236 used. 62969652 avail Mem 
--
top - 12:56:13 up 105 days,  4:39,  0 users,  load average: 2.90, 1.09, 0.72
Tasks: 402 total,   1 running, 401 sleeping,   0 stopped,   0 zombie
%Cpu(s):  0.0 us,  0.0 sy,  0.0 ni, 99.9 id,  0.0 wa,  0.0 hi,  0.0 si,  0.0 st
KiB Mem : 65877712 total, 54892628 free,  1613440 used,  9371644 buff/cache
KiB Swap: 33554428 total, 32341192 free,  1213236 used. 63113976 avail Mem 
--
top - 12:56:18 up 105 days,  4:39,  0 users,  load average: 2.67, 1.08, 0.72
Tasks: 402 total,   1 running, 401 sleeping,   0 stopped,   0 zombie
%Cpu(s):  0.0 us,  0.0 sy,  0.0 ni,100.0 id,  0.0 wa,  0.0 hi,  0.0 si,  0.0 st
KiB Mem : 65877712 total, 54890472 free,  1615596 used,  9371644 buff/cache
KiB Swap: 33554428 total, 32341192 free,  1213236 used. 63111820 avail Mem 
--
top - 12:56:23 up 105 days,  4:39,  0 users,  load average: 2.46, 1.06, 0.71
Tasks: 402 total,   1 running, 401 sleeping,   0 stopped,   0 zombie
%Cpu(s):  0.0 us,  0.0 sy,  0.0 ni, 99.9 id,  0.0 wa,  0.0 hi,  0.0 si,  0.0 st
KiB Mem : 65877712 total, 54880132 free,  1625936 used,  9371644 buff/cache
KiB Swap: 33554428 total, 32341192 free,  1213236 used. 63101480 avail Mem 
--
top - 12:56:28 up 105 days,  4:39,  0 users,  load average: 2.26, 1.04, 0.71
Tasks: 400 total,   1 running, 399 sleeping,   0 stopped,   0 zombie
%Cpu(s):  0.1 us,  0.1 sy,  0.0 ni, 99.9 id,  0.0 wa,  0.0 hi,  0.0 si,  0.0 st
KiB Mem : 65877712 total, 54843616 free,  1662452 used,  9371644 buff/cache
KiB Swap: 33554428 total, 32341192 free,  1213236 used. 63064964 avail Mem 
--
top - 12:56:33 up 105 days,  4:39,  0 users,  load average: 2.08, 1.02, 0.70
Tasks: 400 total,   1 running, 399 sleeping,   0 stopped,   0 zombie
%Cpu(s):  0.1 us,  0.1 sy,  0.0 ni, 99.9 id,  0.0 wa,  0.0 hi,  0.0 si,  0.0 st
KiB Mem : 65877712 total, 54820348 free,  1685720 used,  9371644 buff/cache
KiB Swap: 33554428 total, 32341192 free,  1213236 used. 63041696 avail Mem 
--
top - 12:56:38 up 105 days,  4:39,  0 users,  load average: 1.91, 1.01, 0.70
Tasks: 400 total,   1 running, 399 sleeping,   0 stopped,   0 zombie
%Cpu(s):  0.1 us,  0.1 sy,  0.0 ni, 99.9 id,  0.0 wa,  0.0 hi,  0.0 si,  0.0 st
KiB Mem : 65877712 total, 54787488 free,  1718580 used,  9371644 buff/cache
KiB Swap: 33554428 total, 32341192 free,  1213236 used. 63008836 avail Mem 
--
top - 12:56:43 up 105 days,  4:39,  0 users,  load average: 1.76, 0.99, 0.70
Tasks: 400 total,   1 running, 399 sleeping,   0 stopped,   0 zombie
%Cpu(s):  0.1 us,  0.1 sy,  0.0 ni, 99.8 id,  0.0 wa,  0.0 hi,  0.0 si,  0.0 st
KiB Mem : 65877712 total, 54764512 free,  1741556 used,  9371644 buff/cache
KiB Swap: 33554428 total, 32341192 free,  1213236 used. 62985860 avail Mem 
--
top - 12:56:48 up 105 days,  4:40,  0 users,  load average: 1.62, 0.97, 0.69
Tasks: 400 total,   1 running, 399 sleeping,   0 stopped,   0 zombie
%Cpu(s):  0.1 us,  0.1 sy,  0.0 ni, 99.9 id,  0.0 wa,  0.0 hi,  0.0 si,  0.0 st
KiB Mem : 65877712 total, 54737496 free,  1768572 used,  9371644 buff/cache
KiB Swap: 33554428 total, 32341192 free,  1213236 used. 62958844 avail Mem 
--
top - 12:56:53 up 105 days,  4:40,  0 users,  load average: 1.49, 0.96, 0.69
Tasks: 400 total,   2 running, 398 sleeping,   0 stopped,   0 zombie
%Cpu(s): 27.3 us,  0.3 sy,  0.0 ni, 72.4 id,  0.0 wa,  0.0 hi,  0.0 si,  0.0 st
KiB Mem : 65877712 total, 54686568 free,  1819500 used,  9371644 buff/cache
KiB Swap: 33554428 total, 32341192 free,  1213236 used. 62907916 avail Mem 
--
top - 12:56:58 up 105 days,  4:40,  0 users,  load average: 1.37, 0.94, 0.68
Tasks: 400 total,   1 running, 399 sleeping,   0 stopped,   0 zombie
%Cpu(s): 29.8 us,  0.1 sy,  0.0 ni, 70.1 id,  0.0 wa,  0.0 hi,  0.0 si,  0.0 st
KiB Mem : 65877712 total, 54781432 free,  1724632 used,  9371648 buff/cache
KiB Swap: 33554428 total, 32341192 free,  1213236 used. 63002784 avail Mem 
--
top - 12:57:03 up 105 days,  4:40,  0 users,  load average: 1.26, 0.93, 0.68
Tasks: 400 total,   1 running, 399 sleeping,   0 stopped,   0 zombie
%Cpu(s):  0.0 us,  0.0 sy,  0.0 ni, 99.9 id,  0.0 wa,  0.0 hi,  0.0 si,  0.0 st
KiB Mem : 65877712 total, 54783412 free,  1722652 used,  9371648 buff/cache
KiB Swap: 33554428 total, 32341192 free,  1213236 used. 63004764 avail Mem 
--
top - 12:57:09 up 105 days,  4:40,  0 users,  load average: 1.16, 0.91, 0.68
Tasks: 400 total,   1 running, 399 sleeping,   0 stopped,   0 zombie
%Cpu(s):  0.1 us,  0.0 sy,  0.0 ni, 99.9 id,  0.0 wa,  0.0 hi,  0.0 si,  0.0 st
KiB Mem : 65877712 total, 54772652 free,  1733412 used,  9371648 buff/cache
KiB Swap: 33554428 total, 32341192 free,  1213236 used. 62994004 avail Mem 
--
top - 12:57:14 up 105 days,  4:40,  0 users,  load average: 1.07, 0.89, 0.67
Tasks: 400 total,   1 running, 399 sleeping,   0 stopped,   0 zombie
%Cpu(s):  0.1 us,  0.1 sy,  0.0 ni, 99.9 id,  0.0 wa,  0.0 hi,  0.0 si,  0.0 st
KiB Mem : 65877712 total, 54747292 free,  1758772 used,  9371648 buff/cache
KiB Swap: 33554428 total, 32341192 free,  1213236 used. 62968644 avail Mem 
--
top - 12:57:19 up 105 days,  4:40,  0 users,  load average: 0.98, 0.88, 0.67
Tasks: 400 total,   1 running, 399 sleeping,   0 stopped,   0 zombie
%Cpu(s):  0.1 us,  0.1 sy,  0.0 ni, 99.8 id,  0.0 wa,  0.0 hi,  0.0 si,  0.0 st
KiB Mem : 65877712 total, 54728024 free,  1778040 used,  9371648 buff/cache
KiB Swap: 33554428 total, 32341192 free,  1213236 used. 62949376 avail Mem 
--
top - 12:57:24 up 105 days,  4:40,  0 users,  load average: 0.90, 0.87, 0.67
Tasks: 400 total,   1 running, 399 sleeping,   0 stopped,   0 zombie
%Cpu(s):  0.1 us,  0.0 sy,  0.0 ni, 99.9 id,  0.0 wa,  0.0 hi,  0.0 si,  0.0 st
KiB Mem : 65877712 total, 54699296 free,  1806768 used,  9371648 buff/cache
KiB Swap: 33554428 total, 32341192 free,  1213236 used. 62920648 avail Mem 
--
top - 12:57:29 up 105 days,  4:40,  0 users,  load average: 0.91, 0.87, 0.67
Tasks: 400 total,   1 running, 399 sleeping,   0 stopped,   0 zombie
%Cpu(s):  0.1 us,  0.1 sy,  0.0 ni, 99.9 id,  0.0 wa,  0.0 hi,  0.0 si,  0.0 st
KiB Mem : 65877712 total, 54674220 free,  1831844 used,  9371648 buff/cache
KiB Swap: 33554428 total, 32341192 free,  1213236 used. 62895572 avail Mem 
--
top - 12:57:34 up 105 days,  4:40,  0 users,  load average: 0.84, 0.85, 0.67
Tasks: 400 total,   1 running, 399 sleeping,   0 stopped,   0 zombie
%Cpu(s):  0.1 us,  0.0 sy,  0.0 ni, 99.9 id,  0.0 wa,  0.0 hi,  0.0 si,  0.0 st
KiB Mem : 65877712 total, 54651836 free,  1854228 used,  9371648 buff/cache
KiB Swap: 33554428 total, 32341192 free,  1213236 used. 62873188 avail Mem 
--
top - 12:57:39 up 105 days,  4:40,  0 users,  load average: 0.77, 0.84, 0.66
Tasks: 400 total,   2 running, 398 sleeping,   0 stopped,   0 zombie
%Cpu(s): 25.7 us,  0.4 sy,  0.0 ni, 73.9 id,  0.0 wa,  0.0 hi,  0.0 si,  0.0 st
KiB Mem : 65877712 total, 54597748 free,  1908316 used,  9371648 buff/cache
KiB Swap: 33554428 total, 32341192 free,  1213236 used. 62819100 avail Mem 
--
top - 12:57:44 up 105 days,  4:41,  0 users,  load average: 0.71, 0.83, 0.66
Tasks: 400 total,   1 running, 399 sleeping,   0 stopped,   0 zombie
%Cpu(s): 31.7 us,  0.3 sy,  0.0 ni, 68.1 id,  0.0 wa,  0.0 hi,  0.0 si,  0.0 st
KiB Mem : 65877712 total, 54529824 free,  1976240 used,  9371648 buff/cache
KiB Swap: 33554428 total, 32341192 free,  1213236 used. 62751176 avail Mem 
--
top - 12:57:49 up 105 days,  4:41,  0 users,  load average: 0.65, 0.81, 0.66
Tasks: 400 total,   1 running, 399 sleeping,   0 stopped,   0 zombie
%Cpu(s):  0.0 us,  0.0 sy,  0.0 ni, 99.9 id,  0.0 wa,  0.0 hi,  0.0 si,  0.0 st
KiB Mem : 65877712 total, 54672648 free,  1833412 used,  9371652 buff/cache
KiB Swap: 33554428 total, 32341192 free,  1213236 used. 62894000 avail Mem 
--
top - 12:57:54 up 105 days,  4:41,  0 users,  load average: 0.60, 0.80, 0.65
Tasks: 400 total,   1 running, 399 sleeping,   0 stopped,   0 zombie
%Cpu(s):  0.0 us,  0.0 sy,  0.0 ni, 99.9 id,  0.0 wa,  0.0 hi,  0.0 si,  0.0 st
KiB Mem : 65877712 total, 54665564 free,  1840496 used,  9371652 buff/cache
KiB Swap: 33554428 total, 32341192 free,  1213236 used. 62886920 avail Mem 
--
top - 12:57:59 up 105 days,  4:41,  0 users,  load average: 0.55, 0.78, 0.65
Tasks: 400 total,   1 running, 399 sleeping,   0 stopped,   0 zombie
%Cpu(s):  0.1 us,  0.1 sy,  0.0 ni, 99.9 id,  0.0 wa,  0.0 hi,  0.0 si,  0.0 st
KiB Mem : 65877712 total, 54646344 free,  1859716 used,  9371652 buff/cache
KiB Swap: 33554428 total, 32341192 free,  1213236 used. 62867700 avail Mem 
--
top - 12:58:04 up 105 days,  4:41,  0 users,  load average: 0.51, 0.77, 0.65
Tasks: 401 total,   1 running, 400 sleeping,   0 stopped,   0 zombie
%Cpu(s):  0.5 us,  0.3 sy,  0.0 ni, 98.6 id,  0.7 wa,  0.0 hi,  0.0 si,  0.0 st
KiB Mem : 65877712 total, 54607224 free,  1898836 used,  9371652 buff/cache
KiB Swap: 33554428 total, 32341192 free,  1213236 used. 62828580 avail Mem 
--
top - 12:58:09 up 105 days,  4:41,  0 users,  load average: 0.47, 0.76, 0.64
Tasks: 401 total,   1 running, 400 sleeping,   0 stopped,   0 zombie
%Cpu(s):  0.1 us,  0.1 sy,  0.0 ni, 99.7 id,  0.2 wa,  0.0 hi,  0.0 si,  0.0 st
KiB Mem : 65877712 total, 54593044 free,  1913016 used,  9371652 buff/cache
KiB Swap: 33554428 total, 32341192 free,  1213236 used. 62814400 avail Mem 
--
top - 12:58:14 up 105 days,  4:41,  0 users,  load average: 0.43, 0.75, 0.64
Tasks: 401 total,   1 running, 400 sleeping,   0 stopped,   0 zombie
%Cpu(s):  0.1 us,  0.1 sy,  0.0 ni, 99.9 id,  0.0 wa,  0.0 hi,  0.0 si,  0.0 st
KiB Mem : 65877712 total, 54562004 free,  1944056 used,  9371652 buff/cache
KiB Swap: 33554428 total, 32341192 free,  1213236 used. 62783360 avail Mem 
--
top - 12:58:19 up 105 days,  4:41,  0 users,  load average: 0.40, 0.73, 0.64
Tasks: 401 total,   1 running, 400 sleeping,   0 stopped,   0 zombie
%Cpu(s):  0.1 us,  0.1 sy,  0.0 ni, 99.9 id,  0.0 wa,  0.0 hi,  0.0 si,  0.0 st
KiB Mem : 65877712 total, 54536740 free,  1969320 used,  9371652 buff/cache
KiB Swap: 33554428 total, 32341192 free,  1213236 used. 62758096 avail Mem 
--
top - 12:58:24 up 105 days,  4:41,  0 users,  load average: 0.36, 0.72, 0.63
Tasks: 401 total,   1 running, 400 sleeping,   0 stopped,   0 zombie
%Cpu(s):  0.1 us,  0.0 sy,  0.0 ni, 99.9 id,  0.0 wa,  0.0 hi,  0.0 si,  0.0 st
KiB Mem : 65877712 total, 54526060 free,  1980000 used,  9371652 buff/cache
KiB Swap: 33554428 total, 32341192 free,  1213236 used. 62747416 avail Mem 
--
top - 12:58:29 up 105 days,  4:41,  0 users,  load average: 2.10, 1.07, 0.75
Tasks: 401 total,   1 running, 400 sleeping,   0 stopped,   0 zombie
%Cpu(s): 57.9 us,  0.4 sy,  0.0 ni, 41.7 id,  0.0 wa,  0.0 hi,  0.0 si,  0.0 st
KiB Mem : 65877712 total, 54393100 free,  2112960 used,  9371652 buff/cache
KiB Swap: 33554428 total, 32341192 free,  1213236 used. 62614456 avail Mem 
--
top - 12:58:34 up 105 days,  4:41,  0 users,  load average: 1.93, 1.06, 0.74
Tasks: 401 total,   1 running, 400 sleeping,   0 stopped,   0 zombie
%Cpu(s):  0.2 us,  0.0 sy,  0.0 ni, 99.7 id,  0.0 wa,  0.0 hi,  0.0 si,  0.0 st
KiB Mem : 65877712 total, 54561620 free,  1944440 used,  9371652 buff/cache
KiB Swap: 33554428 total, 32341192 free,  1213236 used. 62782976 avail Mem 
