10.149.0.35
2023/12/27 12:44:23 Master node address: http://10.149.0.56:8000
2023/12/27 12:44:23 Benchmarking worker...
2023/12/27 12:44:24 Worker registered (1739 MCUPS). Waiting for work...
2023/12/27 12:45:08 Got work. Start calculating alignments...
2023/12/27 12:45:08 Calculating 1906 queries
2023/12/27 12:45:12 Done calculating alignments.
2023/12/27 12:45:12 Waiting for work...
2023/12/27 12:45:51 Got work. Start calculating alignments...
2023/12/27 12:45:51 Calculating 1906 queries
2023/12/27 12:45:55 Done calculating alignments.
2023/12/27 12:45:55 Waiting for work...
2023/12/27 12:46:38 Got work. Start calculating alignments...
2023/12/27 12:46:38 Calculating 1906 queries
2023/12/27 12:46:42 Done calculating alignments.
2023/12/27 12:46:42 Waiting for work...
2023/12/27 12:47:20 Got work. Start calculating alignments...
2023/12/27 12:47:20 Calculating 1906 queries
2023/12/27 12:47:27 Done calculating alignments.
2023/12/27 12:47:27 Waiting for work...
2023/12/27 12:48:03 Got work. Start calculating alignments...
2023/12/27 12:48:03 Calculating 1906 queries
2023/12/27 12:48:10 Done calculating alignments.
2023/12/27 12:48:10 Waiting for work...
slurmstepd: error: *** JOB 4753231 ON node035 CANCELLED AT 2023-12-27T12:48:12 ***
