Job id: 4753295
Worker ip: 10.149.0.38
Master ip: 10.149.0.54
--
top - 12:54:13 up 105 days,  4:37,  0 users,  load average: 0.18, 0.49, 0.49
Tasks: 399 total,   1 running, 398 sleeping,   0 stopped,   0 zombie
%Cpu(s):  1.1 us,  2.4 sy,  0.0 ni, 96.4 id,  0.0 wa,  0.0 hi,  0.0 si,  0.0 st
KiB Mem : 65877712 total, 60718544 free,  1168236 used,  3990932 buff/cache
KiB Swap: 33554428 total, 32286364 free,  1268064 used. 63592632 avail Mem 
--
top - 12:54:18 up 105 days,  4:37,  0 users,  load average: 0.17, 0.48, 0.49
Tasks: 401 total,   1 running, 400 sleeping,   0 stopped,   0 zombie
%Cpu(s):  1.7 us,  0.5 sy,  0.0 ni, 97.8 id,  0.0 wa,  0.0 hi,  0.0 si,  0.0 st
KiB Mem : 65877712 total, 60699168 free,  1180868 used,  3997676 buff/cache
KiB Swap: 33554428 total, 32286364 free,  1268064 used. 63579896 avail Mem 
--
top - 12:54:23 up 105 days,  4:37,  0 users,  load average: 0.15, 0.47, 0.49
Tasks: 401 total,   1 running, 400 sleeping,   0 stopped,   0 zombie
%Cpu(s):  0.0 us,  0.0 sy,  0.0 ni,100.0 id,  0.0 wa,  0.0 hi,  0.0 si,  0.0 st
KiB Mem : 65877712 total, 60700024 free,  1180012 used,  3997676 buff/cache
KiB Swap: 33554428 total, 32286364 free,  1268064 used. 63580752 avail Mem 
--
top - 12:54:28 up 105 days,  4:37,  0 users,  load average: 0.14, 0.46, 0.48
Tasks: 401 total,   1 running, 400 sleeping,   0 stopped,   0 zombie
%Cpu(s):  0.0 us,  0.0 sy,  0.0 ni,100.0 id,  0.0 wa,  0.0 hi,  0.0 si,  0.0 st
KiB Mem : 65877712 total, 60700104 free,  1179932 used,  3997676 buff/cache
KiB Swap: 33554428 total, 32286364 free,  1268064 used. 63580832 avail Mem 
--
top - 12:54:33 up 105 days,  4:37,  0 users,  load average: 0.13, 0.45, 0.48
Tasks: 401 total,   1 running, 400 sleeping,   0 stopped,   0 zombie
%Cpu(s):  0.0 us,  0.0 sy,  0.0 ni,100.0 id,  0.0 wa,  0.0 hi,  0.0 si,  0.0 st
KiB Mem : 65877712 total, 60700104 free,  1179932 used,  3997676 buff/cache
KiB Swap: 33554428 total, 32286364 free,  1268064 used. 63580832 avail Mem 
--
top - 12:54:38 up 105 days,  4:37,  0 users,  load average: 0.12, 0.45, 0.48
Tasks: 401 total,   1 running, 400 sleeping,   0 stopped,   0 zombie
%Cpu(s):  0.0 us,  0.0 sy,  0.0 ni,100.0 id,  0.0 wa,  0.0 hi,  0.0 si,  0.0 st
KiB Mem : 65877712 total, 60699524 free,  1180512 used,  3997676 buff/cache
KiB Swap: 33554428 total, 32286364 free,  1268064 used. 63580252 avail Mem 
--
top - 12:54:43 up 105 days,  4:38,  0 users,  load average: 0.11, 0.44, 0.48
Tasks: 401 total,   1 running, 400 sleeping,   0 stopped,   0 zombie
%Cpu(s):  0.0 us,  0.0 sy,  0.0 ni,100.0 id,  0.0 wa,  0.0 hi,  0.0 si,  0.0 st
KiB Mem : 65877712 total, 60699524 free,  1180512 used,  3997676 buff/cache
KiB Swap: 33554428 total, 32286364 free,  1268064 used. 63580252 avail Mem 
--
top - 12:54:48 up 105 days,  4:38,  0 users,  load average: 0.10, 0.43, 0.47
Tasks: 401 total,   1 running, 400 sleeping,   0 stopped,   0 zombie
%Cpu(s):  0.0 us,  0.0 sy,  0.0 ni,100.0 id,  0.0 wa,  0.0 hi,  0.0 si,  0.0 st
KiB Mem : 65877712 total, 60699524 free,  1180512 used,  3997676 buff/cache
KiB Swap: 33554428 total, 32286364 free,  1268064 used. 63580252 avail Mem 
--
top - 12:54:53 up 105 days,  4:38,  0 users,  load average: 0.09, 0.42, 0.47
Tasks: 401 total,   1 running, 400 sleeping,   0 stopped,   0 zombie
%Cpu(s):  0.0 us,  0.0 sy,  0.0 ni,100.0 id,  0.0 wa,  0.0 hi,  0.0 si,  0.0 st
KiB Mem : 65877712 total, 60698036 free,  1182000 used,  3997676 buff/cache
KiB Swap: 33554428 total, 32286364 free,  1268064 used. 63578764 avail Mem 
--
top - 12:54:58 up 105 days,  4:38,  0 users,  load average: 0.09, 0.42, 0.47
Tasks: 401 total,   1 running, 400 sleeping,   0 stopped,   0 zombie
%Cpu(s):  0.1 us,  0.0 sy,  0.0 ni, 99.9 id,  0.0 wa,  0.0 hi,  0.0 si,  0.0 st
KiB Mem : 65877712 total, 60668156 free,  1211880 used,  3997676 buff/cache
KiB Swap: 33554428 total, 32286364 free,  1268064 used. 63548884 avail Mem 
--
top - 12:55:03 up 105 days,  4:38,  0 users,  load average: 0.08, 0.41, 0.47
Tasks: 401 total,   1 running, 400 sleeping,   0 stopped,   0 zombie
%Cpu(s):  0.1 us,  0.0 sy,  0.0 ni, 99.9 id,  0.0 wa,  0.0 hi,  0.0 si,  0.0 st
KiB Mem : 65877712 total, 60646884 free,  1233152 used,  3997676 buff/cache
KiB Swap: 33554428 total, 32286364 free,  1268064 used. 63527612 avail Mem 
--
top - 12:55:08 up 105 days,  4:38,  0 users,  load average: 0.07, 0.40, 0.46
Tasks: 401 total,   1 running, 400 sleeping,   0 stopped,   0 zombie
%Cpu(s):  0.1 us,  0.1 sy,  0.0 ni, 99.9 id,  0.0 wa,  0.0 hi,  0.0 si,  0.0 st
KiB Mem : 65877712 total, 60619576 free,  1260460 used,  3997676 buff/cache
KiB Swap: 33554428 total, 32286364 free,  1268064 used. 63500304 avail Mem 
--
top - 12:55:13 up 105 days,  4:38,  0 users,  load average: 0.07, 0.40, 0.46
Tasks: 400 total,   1 running, 399 sleeping,   0 stopped,   0 zombie
%Cpu(s):  0.1 us,  0.1 sy,  0.0 ni, 99.8 id,  0.0 wa,  0.0 hi,  0.0 si,  0.0 st
KiB Mem : 65877712 total, 60589852 free,  1290180 used,  3997680 buff/cache
KiB Swap: 33554428 total, 32286364 free,  1268064 used. 63470584 avail Mem 
--
top - 12:55:18 up 105 days,  4:38,  0 users,  load average: 0.06, 0.39, 0.46
Tasks: 400 total,   1 running, 399 sleeping,   0 stopped,   0 zombie
%Cpu(s):  0.1 us,  0.0 sy,  0.0 ni, 99.9 id,  0.0 wa,  0.0 hi,  0.0 si,  0.0 st
KiB Mem : 65877712 total, 60566416 free,  1313616 used,  3997680 buff/cache
KiB Swap: 33554428 total, 32286364 free,  1268064 used. 63447148 avail Mem 
--
top - 12:55:23 up 105 days,  4:38,  0 users,  load average: 2.30, 0.85, 0.61
Tasks: 400 total,   2 running, 398 sleeping,   0 stopped,   0 zombie
%Cpu(s): 33.8 us,  0.4 sy,  0.0 ni, 65.8 id,  0.0 wa,  0.0 hi,  0.0 si,  0.0 st
KiB Mem : 65877712 total, 60235724 free,  1644308 used,  3997680 buff/cache
KiB Swap: 33554428 total, 32286364 free,  1268064 used. 63116456 avail Mem 
--
top - 12:55:28 up 105 days,  4:38,  0 users,  load average: 2.12, 0.83, 0.60
Tasks: 400 total,   2 running, 398 sleeping,   0 stopped,   0 zombie
%Cpu(s): 22.3 us,  0.1 sy,  0.0 ni, 77.6 id,  0.0 wa,  0.0 hi,  0.0 si,  0.0 st
KiB Mem : 65877712 total, 60323968 free,  1556064 used,  3997680 buff/cache
KiB Swap: 33554428 total, 32286364 free,  1268064 used. 63204700 avail Mem 
--
top - 12:55:33 up 105 days,  4:38,  0 users,  load average: 1.95, 0.82, 0.60
Tasks: 400 total,   1 running, 399 sleeping,   0 stopped,   0 zombie
%Cpu(s):  0.0 us,  0.0 sy,  0.0 ni,100.0 id,  0.0 wa,  0.0 hi,  0.0 si,  0.0 st
KiB Mem : 65877712 total, 60322164 free,  1557868 used,  3997680 buff/cache
KiB Swap: 33554428 total, 32286364 free,  1268064 used. 63202896 avail Mem 
--
top - 12:55:38 up 105 days,  4:38,  0 users,  load average: 1.79, 0.81, 0.60
Tasks: 400 total,   1 running, 399 sleeping,   0 stopped,   0 zombie
%Cpu(s):  0.0 us,  0.0 sy,  0.0 ni, 99.9 id,  0.0 wa,  0.0 hi,  0.0 si,  0.0 st
KiB Mem : 65877712 total, 60317720 free,  1562312 used,  3997680 buff/cache
KiB Swap: 33554428 total, 32286364 free,  1268064 used. 63198452 avail Mem 
--
top - 12:55:43 up 105 days,  4:39,  0 users,  load average: 1.65, 0.79, 0.59
Tasks: 400 total,   1 running, 399 sleeping,   0 stopped,   0 zombie
%Cpu(s):  0.1 us,  0.0 sy,  0.0 ni, 99.9 id,  0.0 wa,  0.0 hi,  0.0 si,  0.0 st
KiB Mem : 65877712 total, 60294512 free,  1585520 used,  3997680 buff/cache
KiB Swap: 33554428 total, 32286364 free,  1268064 used. 63175244 avail Mem 
--
top - 12:55:48 up 105 days,  4:39,  0 users,  load average: 1.51, 0.78, 0.59
Tasks: 400 total,   1 running, 399 sleeping,   0 stopped,   0 zombie
%Cpu(s):  0.1 us,  0.1 sy,  0.0 ni, 99.9 id,  0.0 wa,  0.0 hi,  0.0 si,  0.0 st
KiB Mem : 65877712 total, 60267400 free,  1612632 used,  3997680 buff/cache
KiB Swap: 33554428 total, 32286364 free,  1268064 used. 63148132 avail Mem 
--
top - 12:55:53 up 105 days,  4:39,  0 users,  load average: 1.39, 0.77, 0.59
Tasks: 400 total,   1 running, 399 sleeping,   0 stopped,   0 zombie
%Cpu(s):  0.1 us,  0.0 sy,  0.0 ni, 99.9 id,  0.0 wa,  0.0 hi,  0.0 si,  0.0 st
KiB Mem : 65877712 total, 60248672 free,  1631360 used,  3997680 buff/cache
KiB Swap: 33554428 total, 32286364 free,  1268064 used. 63129404 avail Mem 
--
top - 12:55:58 up 105 days,  4:39,  0 users,  load average: 1.28, 0.76, 0.58
Tasks: 400 total,   1 running, 399 sleeping,   0 stopped,   0 zombie
%Cpu(s):  0.1 us,  0.1 sy,  0.0 ni, 99.9 id,  0.0 wa,  0.0 hi,  0.0 si,  0.0 st
KiB Mem : 65877712 total, 60215836 free,  1664196 used,  3997680 buff/cache
KiB Swap: 33554428 total, 32286364 free,  1268064 used. 63096568 avail Mem 
--
top - 12:56:03 up 105 days,  4:39,  0 users,  load average: 1.18, 0.74, 0.58
Tasks: 400 total,   1 running, 399 sleeping,   0 stopped,   0 zombie
%Cpu(s):  0.5 us,  0.3 sy,  0.0 ni, 98.6 id,  0.7 wa,  0.0 hi,  0.0 si,  0.0 st
KiB Mem : 65877712 total, 60180764 free,  1699240 used,  3997708 buff/cache
KiB Swap: 33554428 total, 32286364 free,  1268064 used. 63061512 avail Mem 
--
top - 12:56:08 up 105 days,  4:39,  0 users,  load average: 2.29, 0.98, 0.66
Tasks: 400 total,   1 running, 399 sleeping,   0 stopped,   0 zombie
%Cpu(s): 65.2 us,  1.0 sy,  0.0 ni, 33.8 id,  0.0 wa,  0.0 hi,  0.0 si,  0.0 st
KiB Mem : 65877712 total, 60057580 free,  1822516 used,  3997616 buff/cache
KiB Swap: 33554428 total, 32286364 free,  1268064 used. 62938284 avail Mem 
--
top - 12:56:13 up 105 days,  4:39,  0 users,  load average: 2.10, 0.96, 0.66
Tasks: 400 total,   1 running, 399 sleeping,   0 stopped,   0 zombie
%Cpu(s):  0.0 us,  0.1 sy,  0.0 ni, 99.9 id,  0.0 wa,  0.0 hi,  0.0 si,  0.0 st
KiB Mem : 65877712 total, 60195984 free,  1684112 used,  3997616 buff/cache
KiB Swap: 33554428 total, 32286364 free,  1268064 used. 63076688 avail Mem 
--
top - 12:56:18 up 105 days,  4:39,  0 users,  load average: 1.93, 0.95, 0.65
Tasks: 400 total,   1 running, 399 sleeping,   0 stopped,   0 zombie
%Cpu(s):  0.0 us,  0.0 sy,  0.0 ni, 99.9 id,  0.0 wa,  0.0 hi,  0.0 si,  0.0 st
KiB Mem : 65877712 total, 60198436 free,  1681660 used,  3997616 buff/cache
KiB Swap: 33554428 total, 32286364 free,  1268064 used. 63079140 avail Mem 
--
top - 12:56:23 up 105 days,  4:39,  0 users,  load average: 1.78, 0.93, 0.65
Tasks: 400 total,   1 running, 399 sleeping,   0 stopped,   0 zombie
%Cpu(s):  0.1 us,  0.0 sy,  0.0 ni, 99.9 id,  0.0 wa,  0.0 hi,  0.0 si,  0.0 st
KiB Mem : 65877712 total, 60175296 free,  1704800 used,  3997616 buff/cache
KiB Swap: 33554428 total, 32286364 free,  1268064 used. 63056000 avail Mem 
--
top - 12:56:28 up 105 days,  4:39,  0 users,  load average: 1.64, 0.92, 0.65
Tasks: 400 total,   2 running, 398 sleeping,   0 stopped,   0 zombie
%Cpu(s):  0.1 us,  0.1 sy,  0.0 ni, 99.9 id,  0.0 wa,  0.0 hi,  0.0 si,  0.0 st
KiB Mem : 65877712 total, 60149996 free,  1730100 used,  3997616 buff/cache
KiB Swap: 33554428 total, 32286364 free,  1268064 used. 63030700 avail Mem 
--
top - 12:56:33 up 105 days,  4:39,  0 users,  load average: 1.51, 0.90, 0.64
Tasks: 400 total,   1 running, 399 sleeping,   0 stopped,   0 zombie
%Cpu(s):  0.1 us,  0.1 sy,  0.0 ni, 99.9 id,  0.0 wa,  0.0 hi,  0.0 si,  0.0 st
KiB Mem : 65877712 total, 60116568 free,  1763528 used,  3997616 buff/cache
KiB Swap: 33554428 total, 32286364 free,  1268064 used. 62997272 avail Mem 
--
top - 12:56:38 up 105 days,  4:39,  0 users,  load average: 1.39, 0.89, 0.64
Tasks: 400 total,   1 running, 399 sleeping,   0 stopped,   0 zombie
%Cpu(s):  0.1 us,  0.1 sy,  0.0 ni, 99.8 id,  0.0 wa,  0.0 hi,  0.0 si,  0.0 st
KiB Mem : 65877712 total, 60086072 free,  1794024 used,  3997616 buff/cache
KiB Swap: 33554428 total, 32286364 free,  1268064 used. 62966776 avail Mem 
--
top - 12:56:43 up 105 days,  4:40,  0 users,  load average: 1.27, 0.87, 0.64
Tasks: 400 total,   1 running, 399 sleeping,   0 stopped,   0 zombie
%Cpu(s):  0.1 us,  0.0 sy,  0.0 ni, 99.9 id,  0.0 wa,  0.0 hi,  0.0 si,  0.0 st
KiB Mem : 65877712 total, 60079568 free,  1800528 used,  3997616 buff/cache
KiB Swap: 33554428 total, 32286364 free,  1268064 used. 62960272 avail Mem 
--
top - 12:56:49 up 105 days,  4:40,  0 users,  load average: 3.01, 1.24, 0.76
Tasks: 400 total,   1 running, 399 sleeping,   0 stopped,   0 zombie
%Cpu(s): 51.3 us,  0.4 sy,  0.0 ni, 48.3 id,  0.0 wa,  0.0 hi,  0.0 si,  0.0 st
KiB Mem : 65877712 total, 59990852 free,  1889244 used,  3997616 buff/cache
KiB Swap: 33554428 total, 32286364 free,  1268064 used. 62871556 avail Mem 
--
top - 12:56:54 up 105 days,  4:40,  0 users,  load average: 2.77, 1.22, 0.75
Tasks: 400 total,   1 running, 399 sleeping,   0 stopped,   0 zombie
%Cpu(s):  4.7 us,  0.0 sy,  0.0 ni, 95.2 id,  0.0 wa,  0.0 hi,  0.0 si,  0.0 st
KiB Mem : 65877712 total, 60088796 free,  1791300 used,  3997616 buff/cache
KiB Swap: 33554428 total, 32286364 free,  1268064 used. 62969500 avail Mem 
--
top - 12:56:59 up 105 days,  4:40,  0 users,  load average: 2.55, 1.20, 0.75
Tasks: 400 total,   1 running, 399 sleeping,   0 stopped,   0 zombie
%Cpu(s):  0.0 us,  0.0 sy,  0.0 ni,100.0 id,  0.0 wa,  0.0 hi,  0.0 si,  0.0 st
KiB Mem : 65877712 total, 60089864 free,  1790228 used,  3997620 buff/cache
KiB Swap: 33554428 total, 32286364 free,  1268064 used. 62970568 avail Mem 
--
top - 12:57:04 up 105 days,  4:40,  0 users,  load average: 2.35, 1.18, 0.74
Tasks: 400 total,   1 running, 399 sleeping,   0 stopped,   0 zombie
%Cpu(s):  0.0 us,  0.0 sy,  0.0 ni, 99.9 id,  0.0 wa,  0.0 hi,  0.0 si,  0.0 st
KiB Mem : 65877712 total, 60090100 free,  1789992 used,  3997620 buff/cache
KiB Swap: 33554428 total, 32286364 free,  1268064 used. 62970804 avail Mem 
--
top - 12:57:09 up 105 days,  4:40,  0 users,  load average: 2.16, 1.16, 0.74
Tasks: 400 total,   1 running, 399 sleeping,   0 stopped,   0 zombie
%Cpu(s):  0.1 us,  0.0 sy,  0.0 ni, 99.9 id,  0.0 wa,  0.0 hi,  0.0 si,  0.0 st
KiB Mem : 65877712 total, 60075320 free,  1804772 used,  3997620 buff/cache
KiB Swap: 33554428 total, 32286364 free,  1268064 used. 62956024 avail Mem 
--
top - 12:57:14 up 105 days,  4:40,  0 users,  load average: 1.99, 1.14, 0.74
Tasks: 400 total,   2 running, 398 sleeping,   0 stopped,   0 zombie
%Cpu(s):  0.1 us,  0.1 sy,  0.0 ni, 99.8 id,  0.0 wa,  0.0 hi,  0.0 si,  0.0 st
KiB Mem : 65877712 total, 60054288 free,  1825804 used,  3997620 buff/cache
KiB Swap: 33554428 total, 32286364 free,  1268064 used. 62934996 avail Mem 
--
top - 12:57:19 up 105 days,  4:40,  0 users,  load average: 1.83, 1.12, 0.73
Tasks: 400 total,   1 running, 399 sleeping,   0 stopped,   0 zombie
%Cpu(s):  0.1 us,  0.0 sy,  0.0 ni, 99.9 id,  0.0 wa,  0.0 hi,  0.0 si,  0.0 st
KiB Mem : 65877712 total, 60027752 free,  1852340 used,  3997620 buff/cache
KiB Swap: 33554428 total, 32286364 free,  1268064 used. 62908460 avail Mem 
--
top - 12:57:24 up 105 days,  4:40,  0 users,  load average: 1.68, 1.10, 0.73
Tasks: 400 total,   1 running, 399 sleeping,   0 stopped,   0 zombie
%Cpu(s):  0.1 us,  0.0 sy,  0.0 ni, 99.9 id,  0.0 wa,  0.0 hi,  0.0 si,  0.0 st
KiB Mem : 65877712 total, 60003128 free,  1876964 used,  3997620 buff/cache
KiB Swap: 33554428 total, 32286364 free,  1268064 used. 62883836 avail Mem 
--
top - 12:57:29 up 105 days,  4:40,  0 users,  load average: 1.55, 1.08, 0.72
Tasks: 400 total,   1 running, 399 sleeping,   0 stopped,   0 zombie
%Cpu(s):  0.1 us,  0.0 sy,  0.0 ni, 99.9 id,  0.0 wa,  0.0 hi,  0.0 si,  0.0 st
KiB Mem : 65877712 total, 59982172 free,  1897920 used,  3997620 buff/cache
KiB Swap: 33554428 total, 32286364 free,  1268064 used. 62862880 avail Mem 
--
top - 12:57:34 up 105 days,  4:40,  0 users,  load average: 1.42, 1.07, 0.72
Tasks: 400 total,   1 running, 399 sleeping,   0 stopped,   0 zombie
%Cpu(s):  0.1 us,  0.1 sy,  0.0 ni, 99.9 id,  0.0 wa,  0.0 hi,  0.0 si,  0.0 st
KiB Mem : 65877712 total, 59954996 free,  1925096 used,  3997620 buff/cache
KiB Swap: 33554428 total, 32286364 free,  1268064 used. 62835704 avail Mem 
--
top - 12:57:39 up 105 days,  4:40,  0 users,  load average: 1.31, 1.05, 0.72
Tasks: 400 total,   1 running, 399 sleeping,   0 stopped,   0 zombie
%Cpu(s): 56.6 us,  0.6 sy,  0.0 ni, 42.8 id,  0.0 wa,  0.0 hi,  0.0 si,  0.0 st
KiB Mem : 65877712 total, 59984420 free,  1895672 used,  3997620 buff/cache
KiB Swap: 33554428 total, 32286364 free,  1268064 used. 62865128 avail Mem 
--
top - 12:57:44 up 105 days,  4:41,  0 users,  load average: 1.20, 1.03, 0.71
Tasks: 400 total,   1 running, 399 sleeping,   0 stopped,   0 zombie
%Cpu(s):  0.0 us,  0.0 sy,  0.0 ni,100.0 id,  0.0 wa,  0.0 hi,  0.0 si,  0.0 st
KiB Mem : 65877712 total, 59982440 free,  1897652 used,  3997620 buff/cache
KiB Swap: 33554428 total, 32286364 free,  1268064 used. 62863148 avail Mem 
--
top - 12:57:49 up 105 days,  4:41,  0 users,  load average: 1.11, 1.01, 0.71
Tasks: 400 total,   1 running, 399 sleeping,   0 stopped,   0 zombie
%Cpu(s):  0.0 us,  0.0 sy,  0.0 ni,100.0 id,  0.0 wa,  0.0 hi,  0.0 si,  0.0 st
KiB Mem : 65877712 total, 59982440 free,  1897652 used,  3997620 buff/cache
KiB Swap: 33554428 total, 32286364 free,  1268064 used. 62863148 avail Mem 
--
top - 12:57:54 up 105 days,  4:41,  0 users,  load average: 1.02, 1.00, 0.70
Tasks: 400 total,   2 running, 398 sleeping,   0 stopped,   0 zombie
%Cpu(s):  0.0 us,  0.0 sy,  0.0 ni, 99.9 id,  0.0 wa,  0.0 hi,  0.0 si,  0.0 st
KiB Mem : 65877712 total, 59973696 free,  1906396 used,  3997620 buff/cache
KiB Swap: 33554428 total, 32286364 free,  1268064 used. 62854404 avail Mem 
--
top - 12:57:59 up 105 days,  4:41,  0 users,  load average: 0.94, 0.98, 0.70
Tasks: 400 total,   1 running, 399 sleeping,   0 stopped,   0 zombie
%Cpu(s):  0.1 us,  0.1 sy,  0.0 ni, 99.9 id,  0.0 wa,  0.0 hi,  0.0 si,  0.0 st
KiB Mem : 65877712 total, 59950176 free,  1929912 used,  3997624 buff/cache
KiB Swap: 33554428 total, 32286364 free,  1268064 used. 62830888 avail Mem 
--
top - 12:58:04 up 105 days,  4:41,  0 users,  load average: 0.86, 0.96, 0.70
Tasks: 400 total,   1 running, 399 sleeping,   0 stopped,   0 zombie
%Cpu(s):  0.5 us,  0.3 sy,  0.0 ni, 98.7 id,  0.6 wa,  0.0 hi,  0.0 si,  0.0 st
KiB Mem : 65877712 total, 59910296 free,  1969792 used,  3997624 buff/cache
KiB Swap: 33554428 total, 32286364 free,  1268064 used. 62791008 avail Mem 
--
top - 12:58:09 up 105 days,  4:41,  0 users,  load average: 0.79, 0.95, 0.69
Tasks: 400 total,   1 running, 399 sleeping,   0 stopped,   0 zombie
%Cpu(s):  0.1 us,  0.1 sy,  0.0 ni, 99.9 id,  0.0 wa,  0.0 hi,  0.0 si,  0.0 st
KiB Mem : 65877712 total, 59894800 free,  1985288 used,  3997624 buff/cache
KiB Swap: 33554428 total, 32286364 free,  1268064 used. 62775512 avail Mem 
--
top - 12:58:14 up 105 days,  4:41,  0 users,  load average: 0.73, 0.93, 0.69
Tasks: 400 total,   1 running, 399 sleeping,   0 stopped,   0 zombie
%Cpu(s):  0.1 us,  0.1 sy,  0.0 ni, 99.9 id,  0.0 wa,  0.0 hi,  0.0 si,  0.0 st
KiB Mem : 65877712 total, 59867440 free,  2012640 used,  3997632 buff/cache
KiB Swap: 33554428 total, 32286364 free,  1268064 used. 62748156 avail Mem 
--
top - 12:58:19 up 105 days,  4:41,  0 users,  load average: 0.67, 0.92, 0.68
Tasks: 400 total,   1 running, 399 sleeping,   0 stopped,   0 zombie
%Cpu(s):  0.1 us,  0.1 sy,  0.0 ni, 99.9 id,  0.0 wa,  0.0 hi,  0.0 si,  0.0 st
KiB Mem : 65877712 total, 59844744 free,  2035336 used,  3997632 buff/cache
KiB Swap: 33554428 total, 32286364 free,  1268064 used. 62725460 avail Mem 
--
top - 12:58:24 up 105 days,  4:41,  0 users,  load average: 0.62, 0.90, 0.68
Tasks: 400 total,   1 running, 399 sleeping,   0 stopped,   0 zombie
%Cpu(s):  0.1 us,  0.1 sy,  0.0 ni, 99.9 id,  0.0 wa,  0.0 hi,  0.0 si,  0.0 st
KiB Mem : 65877712 total, 59826548 free,  2053532 used,  3997632 buff/cache
KiB Swap: 33554428 total, 32286364 free,  1268064 used. 62707264 avail Mem 
--
top - 12:58:29 up 105 days,  4:41,  0 users,  load average: 0.57, 0.89, 0.68
Tasks: 400 total,   1 running, 399 sleeping,   0 stopped,   0 zombie
%Cpu(s): 57.9 us,  0.4 sy,  0.0 ni, 41.7 id,  0.0 wa,  0.0 hi,  0.0 si,  0.0 st
KiB Mem : 65877712 total, 59866628 free,  2013452 used,  3997632 buff/cache
KiB Swap: 33554428 total, 32286364 free,  1268064 used. 62747344 avail Mem 
--
top - 12:58:34 up 105 days,  4:41,  0 users,  load average: 0.52, 0.87, 0.67
Tasks: 400 total,   1 running, 399 sleeping,   0 stopped,   0 zombie
%Cpu(s):  0.0 us,  0.0 sy,  0.0 ni,100.0 id,  0.0 wa,  0.0 hi,  0.0 si,  0.0 st
KiB Mem : 65877712 total, 59865308 free,  2014772 used,  3997632 buff/cache
KiB Swap: 33554428 total, 32286364 free,  1268064 used. 62746024 avail Mem 
