10.149.0.66
2023/12/27 12:41:53 Master node address: http://10.149.0.54:8000
2023/12/27 12:41:53 Benchmarking worker...
2023/12/27 12:41:54 Worker registered (1750 MCUPS). Waiting for work...
2023/12/27 12:42:39 Got work. Start calculating alignments...
2023/12/27 12:42:39 Calculating 1914 queries
2023/12/27 12:42:44 Done calculating alignments.
2023/12/27 12:42:44 Waiting for work...
2023/12/27 12:43:01 Got work. Start calculating alignments...
2023/12/27 12:43:01 Calculating 1914 queries
2023/12/27 12:43:06 Done calculating alignments.
2023/12/27 12:43:06 Waiting for work...
2023/12/27 12:43:27 Got work. Start calculating alignments...
2023/12/27 12:43:27 Calculating 1913 queries
2023/12/27 12:43:32 Done calculating alignments.
2023/12/27 12:43:32 Waiting for work...
2023/12/27 12:43:49 Got work. Start calculating alignments...
2023/12/27 12:43:49 Calculating 1914 queries
2023/12/27 12:43:55 Done calculating alignments.
2023/12/27 12:43:55 Waiting for work...
2023/12/27 12:44:12 Got work. Start calculating alignments...
2023/12/27 12:44:12 Calculating 1914 queries
2023/12/27 12:44:17 Done calculating alignments.
2023/12/27 12:44:17 Waiting for work...
slurmstepd: error: *** JOB 4753215 ON node066 CANCELLED AT 2023-12-27T12:44:18 ***
