Job id: 4753263
Worker ip: 10.149.0.60
Master ip: 10.149.0.54
--
top - 12:50:33 up 105 days,  4:34,  0 users,  load average: 0.26, 1.29, 1.21
Tasks: 397 total,   1 running, 396 sleeping,   0 stopped,   0 zombie
%Cpu(s):  3.2 us,  5.6 sy,  0.0 ni, 91.1 id,  0.0 wa,  0.0 hi,  0.2 si,  0.0 st
KiB Mem : 65877692 total, 53118320 free,  1269416 used, 11489956 buff/cache
KiB Swap: 33554428 total, 31907144 free,  1647284 used. 63421152 avail Mem 
--
top - 12:50:38 up 105 days,  4:34,  0 users,  load average: 0.32, 1.28, 1.21
Tasks: 399 total,   1 running, 398 sleeping,   0 stopped,   0 zombie
%Cpu(s):  1.6 us,  0.4 sy,  0.0 ni, 98.0 id,  0.0 wa,  0.0 hi,  0.0 si,  0.0 st
KiB Mem : 65877692 total, 53100656 free,  1280320 used, 11496716 buff/cache
KiB Swap: 33554428 total, 31907144 free,  1647284 used. 63410136 avail Mem 
--
top - 12:50:43 up 105 days,  4:34,  0 users,  load average: 0.29, 1.26, 1.20
Tasks: 399 total,   1 running, 398 sleeping,   0 stopped,   0 zombie
%Cpu(s):  0.0 us,  0.0 sy,  0.0 ni, 99.9 id,  0.1 wa,  0.0 hi,  0.0 si,  0.0 st
KiB Mem : 65877692 total, 53101132 free,  1279844 used, 11496716 buff/cache
KiB Swap: 33554428 total, 31907144 free,  1647284 used. 63410612 avail Mem 
--
top - 12:50:48 up 105 days,  4:34,  0 users,  load average: 0.27, 1.24, 1.20
Tasks: 399 total,   1 running, 398 sleeping,   0 stopped,   0 zombie
%Cpu(s):  0.0 us,  0.0 sy,  0.0 ni,100.0 id,  0.0 wa,  0.0 hi,  0.0 si,  0.0 st
KiB Mem : 65877692 total, 53101132 free,  1279844 used, 11496716 buff/cache
KiB Swap: 33554428 total, 31907144 free,  1647284 used. 63410612 avail Mem 
--
top - 12:50:53 up 105 days,  4:34,  0 users,  load average: 0.25, 1.22, 1.19
Tasks: 399 total,   1 running, 398 sleeping,   0 stopped,   0 zombie
%Cpu(s):  0.0 us,  0.0 sy,  0.0 ni,100.0 id,  0.0 wa,  0.0 hi,  0.0 si,  0.0 st
KiB Mem : 65877692 total, 53100056 free,  1280920 used, 11496716 buff/cache
KiB Swap: 33554428 total, 31907144 free,  1647284 used. 63409536 avail Mem 
--
top - 12:50:58 up 105 days,  4:34,  0 users,  load average: 0.23, 1.20, 1.19
Tasks: 399 total,   1 running, 398 sleeping,   0 stopped,   0 zombie
%Cpu(s):  0.0 us,  0.0 sy,  0.0 ni,100.0 id,  0.0 wa,  0.0 hi,  0.0 si,  0.0 st
KiB Mem : 65877692 total, 53100056 free,  1280920 used, 11496716 buff/cache
KiB Swap: 33554428 total, 31907144 free,  1647284 used. 63409536 avail Mem 
--
top - 12:51:03 up 105 days,  4:34,  0 users,  load average: 0.21, 1.18, 1.18
Tasks: 396 total,   1 running, 395 sleeping,   0 stopped,   0 zombie
%Cpu(s):  0.0 us,  0.0 sy,  0.0 ni,100.0 id,  0.0 wa,  0.0 hi,  0.0 si,  0.0 st
KiB Mem : 65877692 total, 53100056 free,  1280920 used, 11496716 buff/cache
KiB Swap: 33554428 total, 31907144 free,  1647284 used. 63409536 avail Mem 
--
top - 12:51:08 up 105 days,  4:35,  0 users,  load average: 0.19, 1.16, 1.17
Tasks: 395 total,   1 running, 394 sleeping,   0 stopped,   0 zombie
%Cpu(s):  0.0 us,  0.0 sy,  0.0 ni, 99.8 id,  0.1 wa,  0.0 hi,  0.0 si,  0.0 st
KiB Mem : 65877692 total, 53095432 free,  1285544 used, 11496716 buff/cache
KiB Swap: 33554428 total, 31907144 free,  1647284 used. 63404912 avail Mem 
--
top - 12:51:13 up 105 days,  4:35,  0 users,  load average: 0.66, 1.24, 1.20
Tasks: 399 total,   1 running, 398 sleeping,   0 stopped,   0 zombie
%Cpu(s):  1.2 us,  0.3 sy,  0.0 ni, 88.4 id, 10.1 wa,  0.0 hi,  0.0 si,  0.0 st
KiB Mem : 65877692 total, 52845276 free,  1535700 used, 11496716 buff/cache
KiB Swap: 33554428 total, 31907144 free,  1647284 used. 63152336 avail Mem 
--
top - 12:51:18 up 105 days,  4:35,  0 users,  load average: 3.65, 1.85, 1.40
Tasks: 399 total,   1 running, 398 sleeping,   0 stopped,   0 zombie
%Cpu(s): 60.5 us,  0.4 sy,  0.0 ni, 32.2 id,  6.8 wa,  0.0 hi,  0.0 si,  0.0 st
KiB Mem : 65877692 total, 52724052 free,  1656924 used, 11496716 buff/cache
KiB Swap: 33554428 total, 31907144 free,  1647284 used. 63033532 avail Mem 
--
top - 12:51:23 up 105 days,  4:35,  0 users,  load average: 3.36, 1.82, 1.39
Tasks: 399 total,   1 running, 398 sleeping,   0 stopped,   0 zombie
%Cpu(s):  0.2 us,  0.1 sy,  0.0 ni, 99.7 id,  0.0 wa,  0.0 hi,  0.0 si,  0.0 st
KiB Mem : 65877692 total, 52653800 free,  1727176 used, 11496716 buff/cache
KiB Swap: 33554428 total, 31907144 free,  1647284 used. 62963280 avail Mem 
--
top - 12:51:28 up 105 days,  4:35,  0 users,  load average: 3.17, 1.81, 1.39
Tasks: 399 total,   2 running, 397 sleeping,   0 stopped,   0 zombie
%Cpu(s): 62.6 us,  0.6 sy,  0.0 ni, 36.8 id,  0.0 wa,  0.0 hi,  0.0 si,  0.0 st
KiB Mem : 65877692 total, 52496060 free,  1884912 used, 11496720 buff/cache
KiB Swap: 33554428 total, 31907144 free,  1647284 used. 62805544 avail Mem 
--
top - 12:51:33 up 105 days,  4:35,  0 users,  load average: 2.91, 1.78, 1.38
Tasks: 399 total,   1 running, 398 sleeping,   0 stopped,   0 zombie
%Cpu(s):  0.2 us,  0.1 sy,  0.0 ni, 99.6 id,  0.0 wa,  0.0 hi,  0.0 si,  0.0 st
KiB Mem : 65877692 total, 52556652 free,  1824320 used, 11496720 buff/cache
KiB Swap: 33554428 total, 31907144 free,  1647284 used. 62866136 avail Mem 
--
top - 12:51:38 up 105 days,  4:35,  0 users,  load average: 2.68, 1.75, 1.37
Tasks: 399 total,   2 running, 397 sleeping,   0 stopped,   0 zombie
%Cpu(s): 40.3 us,  0.3 sy,  0.0 ni, 59.4 id,  0.0 wa,  0.0 hi,  0.0 si,  0.0 st
KiB Mem : 65877692 total, 52421484 free,  1959488 used, 11496720 buff/cache
KiB Swap: 33554428 total, 31907144 free,  1647284 used. 62730968 avail Mem 
--
top - 12:51:43 up 105 days,  4:35,  0 users,  load average: 4.55, 2.15, 1.50
Tasks: 399 total,   1 running, 398 sleeping,   0 stopped,   0 zombie
%Cpu(s): 22.0 us,  0.2 sy,  0.0 ni, 77.8 id,  0.0 wa,  0.0 hi,  0.0 si,  0.0 st
KiB Mem : 65877692 total, 52482528 free,  1898444 used, 11496720 buff/cache
KiB Swap: 33554428 total, 31907144 free,  1647284 used. 62792012 avail Mem 
--
top - 12:51:49 up 105 days,  4:35,  0 users,  load average: 4.18, 2.12, 1.50
Tasks: 399 total,   2 running, 397 sleeping,   0 stopped,   0 zombie
%Cpu(s): 27.9 us,  0.4 sy,  0.0 ni, 71.7 id,  0.0 wa,  0.0 hi,  0.0 si,  0.0 st
KiB Mem : 65877692 total, 52366268 free,  2014704 used, 11496720 buff/cache
KiB Swap: 33554428 total, 31907144 free,  1647284 used. 62675752 avail Mem 
--
top - 12:51:54 up 105 days,  4:35,  0 users,  load average: 5.93, 2.51, 1.63
Tasks: 399 total,   1 running, 398 sleeping,   0 stopped,   0 zombie
%Cpu(s): 35.6 us,  0.3 sy,  0.0 ni, 64.1 id,  0.0 wa,  0.0 hi,  0.0 si,  0.0 st
KiB Mem : 65877692 total, 52364668 free,  2016304 used, 11496720 buff/cache
KiB Swap: 33554428 total, 31907144 free,  1647284 used. 62674152 avail Mem 
--
top - 12:51:59 up 105 days,  4:35,  0 users,  load average: 5.45, 2.47, 1.62
Tasks: 399 total,   1 running, 398 sleeping,   0 stopped,   0 zombie
%Cpu(s):  0.2 us,  0.1 sy,  0.0 ni, 99.7 id,  0.0 wa,  0.0 hi,  0.0 si,  0.0 st
KiB Mem : 65877692 total, 52288412 free,  2092560 used, 11496720 buff/cache
KiB Swap: 33554428 total, 31907144 free,  1647284 used. 62597896 avail Mem 
--
top - 12:52:04 up 105 days,  4:35,  0 users,  load average: 5.02, 2.43, 1.61
Tasks: 403 total,   1 running, 402 sleeping,   0 stopped,   0 zombie
%Cpu(s): 62.5 us,  0.8 sy,  0.0 ni, 36.6 id,  0.2 wa,  0.0 hi,  0.0 si,  0.0 st
KiB Mem : 65877692 total, 52145440 free,  2235532 used, 11496720 buff/cache
KiB Swap: 33554428 total, 31907144 free,  1647284 used. 62454924 avail Mem 
