10.149.0.31
2023/12/27 12:54:14 Master node address: http://10.149.0.54:8000
2023/12/27 12:54:14 Benchmarking worker...
2023/12/27 12:54:16 Worker registered (1890 MCUPS). Waiting for work...
2023/12/27 12:55:23 Got work. Start calculating alignments...
2023/12/27 12:55:23 Calculating 2071 queries
2023/12/27 12:55:29 Done calculating alignments.
2023/12/27 12:55:29 Waiting for work...
2023/12/27 12:56:05 Got work. Start calculating alignments...
2023/12/27 12:56:05 Calculating 2071 queries
2023/12/27 12:56:11 Done calculating alignments.
2023/12/27 12:56:11 Waiting for work...
2023/12/27 12:56:53 Got work. Start calculating alignments...
2023/12/27 12:56:53 Calculating 2070 queries
2023/12/27 12:56:58 Done calculating alignments.
2023/12/27 12:56:58 Waiting for work...
2023/12/27 12:57:38 Got work. Start calculating alignments...
2023/12/27 12:57:38 Calculating 2071 queries
2023/12/27 12:57:44 Done calculating alignments.
2023/12/27 12:57:44 Waiting for work...
2023/12/27 12:58:26 Got work. Start calculating alignments...
2023/12/27 12:58:26 Calculating 2072 queries
2023/12/27 12:58:33 Done calculating alignments.
2023/12/27 12:58:33 Waiting for work...
slurmstepd: error: *** JOB 4753289 ON node031 CANCELLED AT 2023-12-27T12:58:34 ***
