Job id: 4753277
Worker ip: 10.149.0.30
Master ip: 10.149.0.56
--
top - 12:52:07 up 105 days,  4:35,  0 users,  load average: 0.00, 0.20, 0.27
Tasks: 397 total,   1 running, 396 sleeping,   0 stopped,   0 zombie
%Cpu(s):  3.4 us,  4.7 sy,  0.0 ni, 91.7 id,  0.0 wa,  0.0 hi,  0.2 si,  0.0 st
KiB Mem : 65877712 total, 58172324 free,  1120940 used,  6584448 buff/cache
KiB Swap: 33554428 total, 32340172 free,  1214256 used. 63589992 avail Mem 
--
top - 12:52:12 up 105 days,  4:35,  0 users,  load average: 0.00, 0.20, 0.27
Tasks: 398 total,   1 running, 397 sleeping,   0 stopped,   0 zombie
%Cpu(s):  1.5 us,  0.4 sy,  0.0 ni, 98.1 id,  0.0 wa,  0.0 hi,  0.0 si,  0.0 st
KiB Mem : 65877712 total, 58154272 free,  1132224 used,  6591216 buff/cache
KiB Swap: 33554428 total, 32340172 free,  1214256 used. 63578588 avail Mem 
--
top - 12:52:17 up 105 days,  4:35,  0 users,  load average: 0.00, 0.19, 0.27
Tasks: 399 total,   1 running, 398 sleeping,   0 stopped,   0 zombie
%Cpu(s):  0.0 us,  0.0 sy,  0.0 ni,100.0 id,  0.0 wa,  0.0 hi,  0.0 si,  0.0 st
KiB Mem : 65877712 total, 58155360 free,  1131136 used,  6591216 buff/cache
KiB Swap: 33554428 total, 32340172 free,  1214256 used. 63579676 avail Mem 
--
top - 12:52:22 up 105 days,  4:35,  0 users,  load average: 0.16, 0.22, 0.28
Tasks: 399 total,   1 running, 398 sleeping,   0 stopped,   0 zombie
%Cpu(s):  0.1 us,  0.1 sy,  0.0 ni, 99.8 id,  0.0 wa,  0.0 hi,  0.0 si,  0.0 st
KiB Mem : 65877712 total, 58114240 free,  1172256 used,  6591216 buff/cache
KiB Swap: 33554428 total, 32340172 free,  1214256 used. 63538556 avail Mem 
--
top - 12:52:27 up 105 days,  4:35,  0 users,  load average: 0.15, 0.22, 0.27
Tasks: 400 total,   1 running, 399 sleeping,   0 stopped,   0 zombie
%Cpu(s):  0.1 us,  0.1 sy,  0.0 ni, 99.8 id,  0.0 wa,  0.0 hi,  0.0 si,  0.0 st
KiB Mem : 65877712 total, 58061704 free,  1224792 used,  6591216 buff/cache
KiB Swap: 33554428 total, 32340172 free,  1214256 used. 63486020 avail Mem 
--
top - 12:52:32 up 105 days,  4:35,  0 users,  load average: 0.14, 0.21, 0.27
Tasks: 400 total,   1 running, 399 sleeping,   0 stopped,   0 zombie
%Cpu(s):  0.1 us,  0.1 sy,  0.0 ni, 99.8 id,  0.0 wa,  0.0 hi,  0.0 si,  0.0 st
KiB Mem : 65877712 total, 58012576 free,  1273920 used,  6591216 buff/cache
KiB Swap: 33554428 total, 32340172 free,  1214256 used. 63436892 avail Mem 
--
top - 12:52:37 up 105 days,  4:35,  0 users,  load average: 2.29, 0.66, 0.42
Tasks: 400 total,   1 running, 399 sleeping,   0 stopped,   0 zombie
%Cpu(s): 58.8 us,  0.5 sy,  0.0 ni, 40.7 id,  0.0 wa,  0.0 hi,  0.0 si,  0.0 st
KiB Mem : 65877712 total, 57646812 free,  1639684 used,  6591216 buff/cache
KiB Swap: 33554428 total, 32340172 free,  1214256 used. 63071128 avail Mem 
--
top - 12:52:42 up 105 days,  4:36,  0 users,  load average: 2.11, 0.65, 0.41
Tasks: 400 total,   1 running, 399 sleeping,   0 stopped,   0 zombie
%Cpu(s):  0.0 us,  0.0 sy,  0.0 ni, 99.9 id,  0.0 wa,  0.0 hi,  0.0 si,  0.0 st
KiB Mem : 65877712 total, 57792132 free,  1494364 used,  6591216 buff/cache
KiB Swap: 33554428 total, 32340172 free,  1214256 used. 63216448 avail Mem 
--
top - 12:52:47 up 105 days,  4:36,  0 users,  load average: 1.94, 0.64, 0.41
Tasks: 400 total,   1 running, 399 sleeping,   0 stopped,   0 zombie
%Cpu(s):  0.1 us,  0.1 sy,  0.0 ni, 99.8 id,  0.0 wa,  0.0 hi,  0.0 si,  0.0 st
KiB Mem : 65877712 total, 57758404 free,  1528092 used,  6591216 buff/cache
KiB Swap: 33554428 total, 32340172 free,  1214256 used. 63182720 avail Mem 
--
top - 12:52:52 up 105 days,  4:36,  0 users,  load average: 1.78, 0.63, 0.41
Tasks: 400 total,   1 running, 399 sleeping,   0 stopped,   0 zombie
%Cpu(s):  0.1 us,  0.1 sy,  0.0 ni, 99.8 id,  0.0 wa,  0.0 hi,  0.0 si,  0.0 st
KiB Mem : 65877712 total, 57712060 free,  1574436 used,  6591216 buff/cache
KiB Swap: 33554428 total, 32340172 free,  1214256 used. 63136376 avail Mem 
--
top - 12:52:57 up 105 days,  4:36,  0 users,  load average: 1.64, 0.62, 0.41
Tasks: 400 total,   2 running, 398 sleeping,   0 stopped,   0 zombie
%Cpu(s): 12.9 us,  0.3 sy,  0.0 ni, 86.8 id,  0.0 wa,  0.0 hi,  0.0 si,  0.0 st
KiB Mem : 65877712 total, 57630704 free,  1655792 used,  6591216 buff/cache
KiB Swap: 33554428 total, 32340172 free,  1214256 used. 63055020 avail Mem 
--
top - 12:53:02 up 105 days,  4:36,  0 users,  load average: 1.51, 0.61, 0.40
Tasks: 400 total,   1 running, 399 sleeping,   0 stopped,   0 zombie
%Cpu(s): 46.5 us,  0.4 sy,  0.0 ni, 53.1 id,  0.0 wa,  0.0 hi,  0.0 si,  0.0 st
KiB Mem : 65877712 total, 57514808 free,  1771684 used,  6591220 buff/cache
KiB Swap: 33554428 total, 32340172 free,  1214256 used. 62939128 avail Mem 
--
top - 12:53:07 up 105 days,  4:36,  0 users,  load average: 1.39, 0.60, 0.40
Tasks: 400 total,   1 running, 399 sleeping,   0 stopped,   0 zombie
%Cpu(s):  0.1 us,  0.1 sy,  0.0 ni, 99.9 id,  0.0 wa,  0.0 hi,  0.0 si,  0.0 st
KiB Mem : 65877712 total, 57642832 free,  1643660 used,  6591220 buff/cache
KiB Swap: 33554428 total, 32340172 free,  1214256 used. 63067152 avail Mem 
--
top - 12:53:12 up 105 days,  4:36,  0 users,  load average: 1.28, 0.59, 0.40
Tasks: 400 total,   1 running, 399 sleeping,   0 stopped,   0 zombie
%Cpu(s):  0.1 us,  0.1 sy,  0.0 ni, 99.8 id,  0.0 wa,  0.0 hi,  0.0 si,  0.0 st
KiB Mem : 65877712 total, 57593576 free,  1692916 used,  6591220 buff/cache
KiB Swap: 33554428 total, 32340172 free,  1214256 used. 63017896 avail Mem 
--
top - 12:53:18 up 105 days,  4:36,  0 users,  load average: 1.17, 0.58, 0.40
Tasks: 400 total,   1 running, 399 sleeping,   0 stopped,   0 zombie
%Cpu(s):  0.1 us,  0.1 sy,  0.0 ni, 99.7 id,  0.1 wa,  0.0 hi,  0.0 si,  0.0 st
KiB Mem : 65877712 total, 57552160 free,  1734332 used,  6591220 buff/cache
KiB Swap: 33554428 total, 32340172 free,  1214256 used. 62976480 avail Mem 
--
top - 12:53:23 up 105 days,  4:36,  0 users,  load average: 1.08, 0.57, 0.40
Tasks: 400 total,   2 running, 398 sleeping,   0 stopped,   0 zombie
%Cpu(s): 18.9 us,  0.4 sy,  0.0 ni, 80.7 id,  0.0 wa,  0.0 hi,  0.0 si,  0.0 st
KiB Mem : 65877712 total, 57472488 free,  1814004 used,  6591220 buff/cache
KiB Swap: 33554428 total, 32340172 free,  1214256 used. 62896808 avail Mem 
--
top - 12:53:28 up 105 days,  4:36,  0 users,  load average: 0.99, 0.56, 0.39
Tasks: 400 total,   1 running, 399 sleeping,   0 stopped,   0 zombie
%Cpu(s): 42.4 us,  0.3 sy,  0.0 ni, 57.2 id,  0.0 wa,  0.0 hi,  0.0 si,  0.0 st
KiB Mem : 65877712 total, 57532360 free,  1754132 used,  6591220 buff/cache
KiB Swap: 33554428 total, 32340172 free,  1214256 used. 62956680 avail Mem 
--
top - 12:53:33 up 105 days,  4:36,  0 users,  load average: 0.91, 0.55, 0.39
Tasks: 400 total,   1 running, 399 sleeping,   0 stopped,   0 zombie
%Cpu(s):  0.0 us,  0.0 sy,  0.0 ni, 99.9 id,  0.0 wa,  0.0 hi,  0.0 si,  0.0 st
KiB Mem : 65877712 total, 57525312 free,  1761180 used,  6591220 buff/cache
KiB Swap: 33554428 total, 32340172 free,  1214256 used. 62949632 avail Mem 
--
top - 12:53:38 up 105 days,  4:36,  0 users,  load average: 0.84, 0.54, 0.39
Tasks: 400 total,   1 running, 399 sleeping,   0 stopped,   0 zombie
%Cpu(s):  0.1 us,  0.1 sy,  0.0 ni, 99.7 id,  0.0 wa,  0.0 hi,  0.0 si,  0.0 st
KiB Mem : 65877712 total, 57479804 free,  1806688 used,  6591220 buff/cache
KiB Swap: 33554428 total, 32340172 free,  1214256 used. 62904124 avail Mem 
--
top - 12:53:43 up 105 days,  4:37,  0 users,  load average: 0.77, 0.53, 0.39
Tasks: 400 total,   1 running, 399 sleeping,   0 stopped,   0 zombie
%Cpu(s):  0.1 us,  0.1 sy,  0.0 ni, 99.8 id,  0.0 wa,  0.0 hi,  0.0 si,  0.0 st
KiB Mem : 65877712 total, 57430632 free,  1855860 used,  6591220 buff/cache
KiB Swap: 33554428 total, 32340172 free,  1214256 used. 62854952 avail Mem 
--
top - 12:53:48 up 105 days,  4:37,  0 users,  load average: 2.79, 0.95, 0.53
Tasks: 401 total,   2 running, 399 sleeping,   0 stopped,   0 zombie
%Cpu(s): 45.6 us,  0.3 sy,  0.0 ni, 54.1 id,  0.0 wa,  0.0 hi,  0.0 si,  0.0 st
KiB Mem : 65877712 total, 57316820 free,  1969672 used,  6591220 buff/cache
KiB Swap: 33554428 total, 32340172 free,  1214256 used. 62741140 avail Mem 
--
top - 12:53:53 up 105 days,  4:37,  0 users,  load average: 2.57, 0.94, 0.52
Tasks: 401 total,   1 running, 400 sleeping,   0 stopped,   0 zombie
%Cpu(s): 16.2 us,  0.1 sy,  0.0 ni, 83.7 id,  0.0 wa,  0.0 hi,  0.0 si,  0.0 st
KiB Mem : 65877712 total, 57422560 free,  1863932 used,  6591220 buff/cache
KiB Swap: 33554428 total, 32340172 free,  1214256 used. 62846880 avail Mem 
--
top - 12:53:58 up 105 days,  4:37,  0 users,  load average: 2.36, 0.92, 0.52
Tasks: 401 total,   1 running, 400 sleeping,   0 stopped,   0 zombie
%Cpu(s):  0.1 us,  0.1 sy,  0.0 ni, 99.8 id,  0.0 wa,  0.0 hi,  0.0 si,  0.0 st
KiB Mem : 65877712 total, 57393600 free,  1892892 used,  6591220 buff/cache
KiB Swap: 33554428 total, 32340172 free,  1214256 used. 62817920 avail Mem 
--
top - 12:54:03 up 105 days,  4:37,  0 users,  load average: 2.17, 0.91, 0.52
Tasks: 401 total,   1 running, 400 sleeping,   0 stopped,   0 zombie
%Cpu(s):  0.5 us,  0.3 sy,  0.0 ni, 98.6 id,  0.6 wa,  0.0 hi,  0.0 si,  0.0 st
KiB Mem : 65877712 total, 57334932 free,  1951540 used,  6591240 buff/cache
KiB Swap: 33554428 total, 32340172 free,  1214256 used. 62759260 avail Mem 
--
top - 12:54:08 up 105 days,  4:37,  0 users,  load average: 3.68, 1.24, 0.63
Tasks: 401 total,   1 running, 400 sleeping,   0 stopped,   0 zombie
%Cpu(s): 62.7 us,  0.5 sy,  0.0 ni, 36.8 id,  0.0 wa,  0.0 hi,  0.0 si,  0.0 st
KiB Mem : 65877712 total, 57199492 free,  2086980 used,  6591240 buff/cache
KiB Swap: 33554428 total, 32340172 free,  1214256 used. 62623824 avail Mem 
