Job id: 4753225
Worker ip: 10.149.0.62
Master ip: 10.149.0.56
--
top - 12:44:21 up 105 days,  4:26,  0 users,  load average: 0.54, 1.16, 0.70
Tasks: 411 total,   2 running, 409 sleeping,   0 stopped,   0 zombie
%Cpu(s):  2.8 us,  4.8 sy,  0.0 ni, 92.2 id,  0.0 wa,  0.0 hi,  0.2 si,  0.0 st
KiB Mem : 65877712 total, 53168464 free,  1121240 used, 11588008 buff/cache
KiB Swap: 33554428 total, 32224824 free,  1329604 used. 63554576 avail Mem 
--
top - 12:44:26 up 105 days,  4:26,  0 users,  load average: 0.57, 1.16, 0.70
Tasks: 413 total,   1 running, 412 sleeping,   0 stopped,   0 zombie
%Cpu(s):  1.7 us,  0.4 sy,  0.0 ni, 97.8 id,  0.0 wa,  0.0 hi,  0.0 si,  0.0 st
KiB Mem : 65877712 total, 53150228 free,  1132692 used, 11594792 buff/cache
KiB Swap: 33554428 total, 32224824 free,  1329604 used. 63543000 avail Mem 
--
top - 12:44:31 up 105 days,  4:26,  0 users,  load average: 0.53, 1.14, 0.70
Tasks: 413 total,   1 running, 412 sleeping,   0 stopped,   0 zombie
%Cpu(s):  0.0 us,  0.0 sy,  0.0 ni, 99.9 id,  0.0 wa,  0.0 hi,  0.0 si,  0.0 st
KiB Mem : 65877712 total, 53150744 free,  1132192 used, 11594776 buff/cache
KiB Swap: 33554428 total, 32224824 free,  1329604 used. 63543508 avail Mem 
--
top - 12:44:36 up 105 days,  4:26,  0 users,  load average: 0.49, 1.12, 0.70
Tasks: 413 total,   1 running, 412 sleeping,   0 stopped,   0 zombie
%Cpu(s):  0.0 us,  0.0 sy,  0.0 ni, 99.9 id,  0.0 wa,  0.0 hi,  0.0 si,  0.0 st
KiB Mem : 65877712 total, 53148172 free,  1134764 used, 11594776 buff/cache
KiB Swap: 33554428 total, 32224824 free,  1329604 used. 63540936 avail Mem 
--
top - 12:44:41 up 105 days,  4:27,  0 users,  load average: 0.45, 1.10, 0.69
Tasks: 413 total,   1 running, 412 sleeping,   0 stopped,   0 zombie
%Cpu(s):  0.1 us,  0.0 sy,  0.0 ni, 99.9 id,  0.0 wa,  0.0 hi,  0.0 si,  0.0 st
KiB Mem : 65877712 total, 53121012 free,  1161924 used, 11594776 buff/cache
KiB Swap: 33554428 total, 32224824 free,  1329604 used. 63513776 avail Mem 
--
top - 12:44:46 up 105 days,  4:27,  0 users,  load average: 0.41, 1.08, 0.69
Tasks: 413 total,   1 running, 412 sleeping,   0 stopped,   0 zombie
%Cpu(s):  0.1 us,  0.0 sy,  0.0 ni, 99.9 id,  0.0 wa,  0.0 hi,  0.0 si,  0.0 st
KiB Mem : 65877712 total, 53101060 free,  1181876 used, 11594776 buff/cache
KiB Swap: 33554428 total, 32224824 free,  1329604 used. 63493824 avail Mem 
--
top - 12:44:51 up 105 days,  4:27,  0 users,  load average: 0.38, 1.07, 0.68
Tasks: 413 total,   1 running, 412 sleeping,   0 stopped,   0 zombie
%Cpu(s):  0.1 us,  0.0 sy,  0.0 ni, 99.9 id,  0.0 wa,  0.0 hi,  0.0 si,  0.0 st
KiB Mem : 65877712 total, 53077912 free,  1205024 used, 11594776 buff/cache
KiB Swap: 33554428 total, 32224824 free,  1329604 used. 63470676 avail Mem 
--
top - 12:44:56 up 105 days,  4:27,  0 users,  load average: 0.35, 1.05, 0.68
Tasks: 413 total,   1 running, 412 sleeping,   0 stopped,   0 zombie
%Cpu(s):  0.1 us,  0.0 sy,  0.0 ni, 99.8 id,  0.0 wa,  0.0 hi,  0.0 si,  0.0 st
KiB Mem : 65877712 total, 53059908 free,  1223028 used, 11594776 buff/cache
KiB Swap: 33554428 total, 32224824 free,  1329604 used. 63452672 avail Mem 
--
top - 12:45:01 up 105 days,  4:27,  0 users,  load average: 0.32, 1.03, 0.68
Tasks: 409 total,   1 running, 408 sleeping,   0 stopped,   0 zombie
%Cpu(s):  0.1 us,  0.0 sy,  0.0 ni, 99.9 id,  0.0 wa,  0.0 hi,  0.0 si,  0.0 st
KiB Mem : 65877712 total, 53037460 free,  1245476 used, 11594776 buff/cache
KiB Swap: 33554428 total, 32224868 free,  1329560 used. 63430224 avail Mem 
--
top - 12:45:06 up 105 days,  4:27,  0 users,  load average: 0.29, 1.01, 0.67
Tasks: 409 total,   1 running, 408 sleeping,   0 stopped,   0 zombie
%Cpu(s):  0.1 us,  0.0 sy,  0.0 ni, 99.9 id,  0.0 wa,  0.0 hi,  0.0 si,  0.0 st
KiB Mem : 65877712 total, 53010276 free,  1272660 used, 11594776 buff/cache
KiB Swap: 33554428 total, 32224868 free,  1329560 used. 63403040 avail Mem 
--
top - 12:45:11 up 105 days,  4:27,  0 users,  load average: 2.75, 1.51, 0.84
Tasks: 409 total,   1 running, 408 sleeping,   0 stopped,   0 zombie
%Cpu(s): 56.0 us,  0.5 sy,  0.0 ni, 43.5 id,  0.0 wa,  0.0 hi,  0.0 si,  0.0 st
KiB Mem : 65877712 total, 52788140 free,  1494796 used, 11594776 buff/cache
KiB Swap: 33554428 total, 32224868 free,  1329560 used. 63180904 avail Mem 
--
top - 12:45:16 up 105 days,  4:27,  0 users,  load average: 2.53, 1.49, 0.83
Tasks: 409 total,   1 running, 408 sleeping,   0 stopped,   0 zombie
%Cpu(s):  0.0 us,  0.0 sy,  0.0 ni,100.0 id,  0.0 wa,  0.0 hi,  0.0 si,  0.0 st
KiB Mem : 65877712 total, 52790388 free,  1492544 used, 11594780 buff/cache
KiB Swap: 33554428 total, 32224868 free,  1329560 used. 63183156 avail Mem 
--
top - 12:45:21 up 105 days,  4:27,  0 users,  load average: 2.33, 1.46, 0.83
Tasks: 409 total,   1 running, 408 sleeping,   0 stopped,   0 zombie
%Cpu(s):  0.0 us,  0.0 sy,  0.0 ni,100.0 id,  0.0 wa,  0.0 hi,  0.0 si,  0.0 st
KiB Mem : 65877712 total, 52791808 free,  1491124 used, 11594780 buff/cache
KiB Swap: 33554428 total, 32224868 free,  1329560 used. 63184576 avail Mem 
--
top - 12:45:26 up 105 days,  4:27,  0 users,  load average: 2.14, 1.44, 0.82
Tasks: 409 total,   1 running, 408 sleeping,   0 stopped,   0 zombie
%Cpu(s):  0.0 us,  0.0 sy,  0.0 ni, 99.9 id,  0.0 wa,  0.0 hi,  0.0 si,  0.0 st
KiB Mem : 65877712 total, 52784600 free,  1498332 used, 11594780 buff/cache
KiB Swap: 33554428 total, 32224868 free,  1329560 used. 63177368 avail Mem 
--
top - 12:45:31 up 105 days,  4:27,  0 users,  load average: 1.97, 1.41, 0.82
Tasks: 409 total,   1 running, 408 sleeping,   0 stopped,   0 zombie
%Cpu(s):  0.1 us,  0.1 sy,  0.0 ni, 99.9 id,  0.0 wa,  0.0 hi,  0.0 si,  0.0 st
KiB Mem : 65877712 total, 52759736 free,  1523196 used, 11594780 buff/cache
KiB Swap: 33554428 total, 32224868 free,  1329560 used. 63152504 avail Mem 
--
top - 12:45:36 up 105 days,  4:27,  0 users,  load average: 1.81, 1.39, 0.82
Tasks: 409 total,   1 running, 408 sleeping,   0 stopped,   0 zombie
%Cpu(s):  0.1 us,  0.1 sy,  0.0 ni, 99.9 id,  0.0 wa,  0.0 hi,  0.0 si,  0.0 st
KiB Mem : 65877712 total, 52737048 free,  1545884 used, 11594780 buff/cache
KiB Swap: 33554428 total, 32224868 free,  1329560 used. 63129816 avail Mem 
--
top - 12:45:42 up 105 days,  4:28,  0 users,  load average: 1.67, 1.37, 0.81
Tasks: 403 total,   1 running, 402 sleeping,   0 stopped,   0 zombie
%Cpu(s):  0.1 us,  0.0 sy,  0.0 ni, 99.9 id,  0.0 wa,  0.0 hi,  0.0 si,  0.0 st
KiB Mem : 65877712 total, 52714508 free,  1568432 used, 11594772 buff/cache
KiB Swap: 33554428 total, 32224868 free,  1329560 used. 63107272 avail Mem 
--
top - 12:45:47 up 105 days,  4:28,  0 users,  load average: 1.54, 1.34, 0.81
Tasks: 402 total,   1 running, 401 sleeping,   0 stopped,   0 zombie
%Cpu(s):  0.1 us,  0.1 sy,  0.0 ni, 99.9 id,  0.0 wa,  0.0 hi,  0.0 si,  0.0 st
KiB Mem : 65877712 total, 52695008 free,  1587932 used, 11594772 buff/cache
KiB Swap: 33554428 total, 32224868 free,  1329560 used. 63087772 avail Mem 
--
top - 12:45:52 up 105 days,  4:28,  0 users,  load average: 1.41, 1.32, 0.80
Tasks: 402 total,   1 running, 401 sleeping,   0 stopped,   0 zombie
%Cpu(s):  0.1 us,  0.1 sy,  0.0 ni, 99.9 id,  0.0 wa,  0.0 hi,  0.0 si,  0.0 st
KiB Mem : 65877712 total, 52670840 free,  1612100 used, 11594772 buff/cache
KiB Swap: 33554428 total, 32224868 free,  1329560 used. 63063604 avail Mem 
--
top - 12:45:57 up 105 days,  4:28,  0 users,  load average: 1.30, 1.30, 0.80
Tasks: 402 total,   1 running, 401 sleeping,   0 stopped,   0 zombie
%Cpu(s): 56.1 us,  0.5 sy,  0.0 ni, 43.4 id,  0.0 wa,  0.0 hi,  0.0 si,  0.0 st
KiB Mem : 65877712 total, 52521628 free,  1761312 used, 11594772 buff/cache
KiB Swap: 33554428 total, 32224868 free,  1329560 used. 62914392 avail Mem 
--
top - 12:46:02 up 105 days,  4:28,  0 users,  load average: 1.19, 1.28, 0.79
Tasks: 406 total,   1 running, 405 sleeping,   0 stopped,   0 zombie
%Cpu(s):  0.4 us,  0.2 sy,  0.0 ni, 99.0 id,  0.3 wa,  0.0 hi,  0.0 si,  0.0 st
KiB Mem : 65877712 total, 52653156 free,  1629776 used, 11594780 buff/cache
KiB Swap: 33554428 total, 32224868 free,  1329560 used. 63045920 avail Mem 
--
top - 12:46:07 up 105 days,  4:28,  0 users,  load average: 1.10, 1.26, 0.79
Tasks: 406 total,   1 running, 405 sleeping,   0 stopped,   0 zombie
%Cpu(s):  0.0 us,  0.0 sy,  0.0 ni, 99.9 id,  0.0 wa,  0.0 hi,  0.0 si,  0.0 st
KiB Mem : 65877712 total, 52653772 free,  1629168 used, 11594772 buff/cache
KiB Swap: 33554428 total, 32224868 free,  1329560 used. 63046536 avail Mem 
--
top - 12:46:12 up 105 days,  4:28,  0 users,  load average: 1.01, 1.24, 0.78
Tasks: 406 total,   1 running, 405 sleeping,   0 stopped,   0 zombie
%Cpu(s):  0.1 us,  0.0 sy,  0.0 ni, 99.9 id,  0.0 wa,  0.0 hi,  0.0 si,  0.0 st
KiB Mem : 65877712 total, 52636528 free,  1646408 used, 11594776 buff/cache
KiB Swap: 33554428 total, 32224868 free,  1329560 used. 63029296 avail Mem 
--
top - 12:46:17 up 105 days,  4:28,  0 users,  load average: 0.93, 1.22, 0.78
Tasks: 406 total,   1 running, 405 sleeping,   0 stopped,   0 zombie
%Cpu(s):  0.0 us,  0.1 sy,  0.0 ni, 99.9 id,  0.0 wa,  0.0 hi,  0.0 si,  0.0 st
KiB Mem : 65877712 total, 52615460 free,  1667476 used, 11594776 buff/cache
KiB Swap: 33554428 total, 32224868 free,  1329560 used. 63008228 avail Mem 
--
top - 12:46:22 up 105 days,  4:28,  0 users,  load average: 0.86, 1.20, 0.78
Tasks: 406 total,   1 running, 405 sleeping,   0 stopped,   0 zombie
%Cpu(s):  0.1 us,  0.1 sy,  0.0 ni, 99.8 id,  0.0 wa,  0.0 hi,  0.0 si,  0.0 st
KiB Mem : 65877712 total, 52592116 free,  1690820 used, 11594776 buff/cache
KiB Swap: 33554428 total, 32224868 free,  1329560 used. 62984884 avail Mem 
--
top - 12:46:27 up 105 days,  4:28,  0 users,  load average: 0.79, 1.18, 0.77
Tasks: 406 total,   1 running, 405 sleeping,   0 stopped,   0 zombie
%Cpu(s):  0.1 us,  0.1 sy,  0.0 ni, 99.9 id,  0.0 wa,  0.0 hi,  0.0 si,  0.0 st
KiB Mem : 65877712 total, 52565384 free,  1717552 used, 11594776 buff/cache
KiB Swap: 33554428 total, 32224868 free,  1329560 used. 62958152 avail Mem 
--
top - 12:46:32 up 105 days,  4:28,  0 users,  load average: 0.72, 1.16, 0.77
Tasks: 406 total,   1 running, 405 sleeping,   0 stopped,   0 zombie
%Cpu(s):  0.1 us,  0.1 sy,  0.0 ni, 99.9 id,  0.0 wa,  0.0 hi,  0.0 si,  0.0 st
KiB Mem : 65877712 total, 52541812 free,  1741124 used, 11594776 buff/cache
KiB Swap: 33554428 total, 32224868 free,  1329560 used. 62934580 avail Mem 
--
top - 12:46:37 up 105 days,  4:28,  0 users,  load average: 0.67, 1.14, 0.76
Tasks: 406 total,   1 running, 405 sleeping,   0 stopped,   0 zombie
%Cpu(s):  0.1 us,  0.1 sy,  0.0 ni, 99.9 id,  0.0 wa,  0.0 hi,  0.0 si,  0.0 st
KiB Mem : 65877712 total, 52513616 free,  1769320 used, 11594776 buff/cache
KiB Swap: 33554428 total, 32224868 free,  1329560 used. 62906384 avail Mem 
--
top - 12:46:42 up 105 days,  4:29,  0 users,  load average: 3.10, 1.63, 0.93
Tasks: 406 total,   1 running, 405 sleeping,   0 stopped,   0 zombie
%Cpu(s): 57.0 us,  0.5 sy,  0.0 ni, 42.5 id,  0.0 wa,  0.0 hi,  0.0 si,  0.0 st
KiB Mem : 65877712 total, 52399280 free,  1883656 used, 11594776 buff/cache
KiB Swap: 33554428 total, 32224868 free,  1329560 used. 62792048 avail Mem 
--
top - 12:46:47 up 105 days,  4:29,  0 users,  load average: 2.85, 1.61, 0.92
Tasks: 406 total,   1 running, 405 sleeping,   0 stopped,   0 zombie
%Cpu(s):  0.0 us,  0.0 sy,  0.0 ni, 99.9 id,  0.0 wa,  0.0 hi,  0.0 si,  0.0 st
KiB Mem : 65877712 total, 52539948 free,  1742988 used, 11594776 buff/cache
KiB Swap: 33554428 total, 32224868 free,  1329560 used. 62932716 avail Mem 
--
top - 12:46:52 up 105 days,  4:29,  0 users,  load average: 2.62, 1.58, 0.92
Tasks: 404 total,   1 running, 403 sleeping,   0 stopped,   0 zombie
%Cpu(s):  0.0 us,  0.0 sy,  0.0 ni,100.0 id,  0.0 wa,  0.0 hi,  0.0 si,  0.0 st
KiB Mem : 65877712 total, 52541120 free,  1741816 used, 11594776 buff/cache
KiB Swap: 33554428 total, 32224868 free,  1329560 used. 62933888 avail Mem 
--
top - 12:46:57 up 105 days,  4:29,  0 users,  load average: 2.41, 1.55, 0.91
Tasks: 403 total,   1 running, 402 sleeping,   0 stopped,   0 zombie
%Cpu(s):  0.0 us,  0.0 sy,  0.0 ni, 99.9 id,  0.0 wa,  0.0 hi,  0.0 si,  0.0 st
KiB Mem : 65877712 total, 52530796 free,  1752140 used, 11594776 buff/cache
KiB Swap: 33554428 total, 32224868 free,  1329560 used. 62923564 avail Mem 
--
top - 12:47:02 up 105 days,  4:29,  0 users,  load average: 2.22, 1.53, 0.91
Tasks: 403 total,   1 running, 402 sleeping,   0 stopped,   0 zombie
%Cpu(s):  0.1 us,  0.0 sy,  0.0 ni, 99.9 id,  0.0 wa,  0.0 hi,  0.0 si,  0.0 st
KiB Mem : 65877712 total, 52507560 free,  1775376 used, 11594776 buff/cache
KiB Swap: 33554428 total, 32224868 free,  1329560 used. 62900328 avail Mem 
--
top - 12:47:07 up 105 days,  4:29,  0 users,  load average: 2.12, 1.52, 0.91
Tasks: 403 total,   1 running, 402 sleeping,   0 stopped,   0 zombie
%Cpu(s):  0.1 us,  0.1 sy,  0.0 ni, 99.9 id,  0.0 wa,  0.0 hi,  0.0 si,  0.0 st
KiB Mem : 65877712 total, 52488092 free,  1794840 used, 11594780 buff/cache
KiB Swap: 33554428 total, 32224868 free,  1329560 used. 62880864 avail Mem 
--
top - 12:47:12 up 105 days,  4:29,  0 users,  load average: 1.95, 1.49, 0.90
Tasks: 403 total,   1 running, 402 sleeping,   0 stopped,   0 zombie
%Cpu(s):  0.1 us,  0.1 sy,  0.0 ni, 99.9 id,  0.0 wa,  0.0 hi,  0.0 si,  0.0 st
KiB Mem : 65877712 total, 52457408 free,  1825524 used, 11594780 buff/cache
KiB Swap: 33554428 total, 32224868 free,  1329560 used. 62850180 avail Mem 
--
top - 12:47:17 up 105 days,  4:29,  0 users,  load average: 1.79, 1.47, 0.90
Tasks: 403 total,   1 running, 402 sleeping,   0 stopped,   0 zombie
%Cpu(s):  0.1 us,  0.1 sy,  0.0 ni, 99.9 id,  0.0 wa,  0.0 hi,  0.0 si,  0.0 st
KiB Mem : 65877712 total, 52435680 free,  1847252 used, 11594780 buff/cache
KiB Swap: 33554428 total, 32224868 free,  1329560 used. 62828452 avail Mem 
--
top - 12:47:22 up 105 days,  4:29,  0 users,  load average: 1.65, 1.44, 0.89
Tasks: 398 total,   2 running, 396 sleeping,   0 stopped,   0 zombie
%Cpu(s): 18.0 us,  0.2 sy,  0.0 ni, 81.8 id,  0.0 wa,  0.0 hi,  0.0 si,  0.0 st
KiB Mem : 65877712 total, 52373820 free,  1909112 used, 11594780 buff/cache
KiB Swap: 33554428 total, 32224868 free,  1329560 used. 62766592 avail Mem 
--
top - 12:47:27 up 105 days,  4:29,  0 users,  load average: 4.00, 1.93, 1.05
Tasks: 398 total,   1 running, 397 sleeping,   0 stopped,   0 zombie
%Cpu(s): 41.5 us,  0.3 sy,  0.0 ni, 58.2 id,  0.0 wa,  0.0 hi,  0.0 si,  0.0 st
KiB Mem : 65877712 total, 52294092 free,  1988840 used, 11594780 buff/cache
KiB Swap: 33554428 total, 32224868 free,  1329560 used. 62686864 avail Mem 
--
top - 12:47:32 up 105 days,  4:29,  0 users,  load average: 3.68, 1.90, 1.05
Tasks: 398 total,   1 running, 397 sleeping,   0 stopped,   0 zombie
%Cpu(s):  0.0 us,  0.0 sy,  0.0 ni, 99.9 id,  0.0 wa,  0.0 hi,  0.0 si,  0.0 st
KiB Mem : 65877712 total, 52423776 free,  1859156 used, 11594780 buff/cache
KiB Swap: 33554428 total, 32224868 free,  1329560 used. 62816548 avail Mem 
--
top - 12:47:37 up 105 days,  4:29,  0 users,  load average: 3.38, 1.87, 1.04
Tasks: 398 total,   1 running, 397 sleeping,   0 stopped,   0 zombie
%Cpu(s):  0.0 us,  0.0 sy,  0.0 ni, 99.9 id,  0.0 wa,  0.0 hi,  0.0 si,  0.0 st
KiB Mem : 65877712 total, 52424768 free,  1858164 used, 11594780 buff/cache
KiB Swap: 33554428 total, 32224868 free,  1329560 used. 62817540 avail Mem 
--
top - 12:47:42 up 105 days,  4:30,  0 users,  load average: 3.11, 1.84, 1.04
Tasks: 398 total,   1 running, 397 sleeping,   0 stopped,   0 zombie
%Cpu(s):  0.1 us,  0.1 sy,  0.0 ni, 99.8 id,  0.0 wa,  0.0 hi,  0.0 si,  0.0 st
KiB Mem : 65877712 total, 52402812 free,  1880120 used, 11594780 buff/cache
KiB Swap: 33554428 total, 32224868 free,  1329560 used. 62795584 avail Mem 
--
top - 12:47:47 up 105 days,  4:30,  0 users,  load average: 2.86, 1.81, 1.03
Tasks: 398 total,   1 running, 397 sleeping,   0 stopped,   0 zombie
%Cpu(s):  0.1 us,  0.1 sy,  0.0 ni, 99.9 id,  0.0 wa,  0.0 hi,  0.0 si,  0.0 st
KiB Mem : 65877712 total, 52379996 free,  1902936 used, 11594780 buff/cache
KiB Swap: 33554428 total, 32224868 free,  1329560 used. 62772768 avail Mem 
--
top - 12:47:52 up 105 days,  4:30,  0 users,  load average: 2.63, 1.78, 1.03
Tasks: 394 total,   1 running, 393 sleeping,   0 stopped,   0 zombie
%Cpu(s):  0.1 us,  0.1 sy,  0.0 ni, 99.9 id,  0.0 wa,  0.0 hi,  0.0 si,  0.0 st
KiB Mem : 65877712 total, 52351400 free,  1931532 used, 11594780 buff/cache
KiB Swap: 33554428 total, 32224868 free,  1329560 used. 62744172 avail Mem 
--
top - 12:47:57 up 105 days,  4:30,  0 users,  load average: 2.42, 1.75, 1.02
Tasks: 394 total,   1 running, 393 sleeping,   0 stopped,   0 zombie
%Cpu(s):  0.1 us,  0.1 sy,  0.0 ni, 99.9 id,  0.0 wa,  0.0 hi,  0.0 si,  0.0 st
KiB Mem : 65877712 total, 52332604 free,  1950324 used, 11594784 buff/cache
KiB Swap: 33554428 total, 32224868 free,  1329560 used. 62725380 avail Mem 
--
top - 12:48:02 up 105 days,  4:30,  0 users,  load average: 2.31, 1.74, 1.02
Tasks: 397 total,   2 running, 395 sleeping,   0 stopped,   0 zombie
%Cpu(s): 17.8 us,  0.5 sy,  0.0 ni, 81.3 id,  0.3 wa,  0.0 hi,  0.0 si,  0.0 st
KiB Mem : 65877712 total, 52269904 free,  2013020 used, 11594788 buff/cache
KiB Swap: 33554428 total, 32224868 free,  1329560 used. 62662684 avail Mem 
--
top - 12:48:07 up 105 days,  4:30,  0 users,  load average: 4.21, 2.14, 1.16
Tasks: 398 total,   1 running, 397 sleeping,   0 stopped,   0 zombie
%Cpu(s): 41.4 us,  0.2 sy,  0.0 ni, 58.3 id,  0.0 wa,  0.0 hi,  0.0 si,  0.0 st
KiB Mem : 65877712 total, 52309868 free,  1973056 used, 11594788 buff/cache
KiB Swap: 33554428 total, 32224868 free,  1329560 used. 62702648 avail Mem 
