Job id: 4753292
Worker ip: 10.149.0.35
Master ip: 10.149.0.54
--
top - 12:54:13 up 105 days,  4:39,  0 users,  load average: 0.02, 0.42, 0.39
Tasks: 397 total,   1 running, 396 sleeping,   0 stopped,   0 zombie
%Cpu(s):  1.8 us,  2.9 sy,  0.0 ni, 95.1 id,  0.0 wa,  0.0 hi,  0.2 si,  0.0 st
KiB Mem : 65877712 total, 52380248 free,  1053832 used, 12443632 buff/cache
KiB Swap: 33554428 total, 32448476 free,  1105952 used. 63584700 avail Mem 
--
top - 12:54:18 up 105 days,  4:39,  0 users,  load average: 1.38, 0.70, 0.48
Tasks: 399 total,   1 running, 398 sleeping,   0 stopped,   0 zombie
%Cpu(s):  1.8 us,  0.5 sy,  0.0 ni, 97.7 id,  0.0 wa,  0.0 hi,  0.0 si,  0.0 st
KiB Mem : 65877712 total, 52358664 free,  1068680 used, 12450368 buff/cache
KiB Swap: 33554428 total, 32448476 free,  1105952 used. 63569752 avail Mem 
--
top - 12:54:23 up 105 days,  4:39,  0 users,  load average: 1.27, 0.69, 0.47
Tasks: 399 total,   1 running, 398 sleeping,   0 stopped,   0 zombie
%Cpu(s):  0.0 us,  0.0 sy,  0.0 ni,100.0 id,  0.0 wa,  0.0 hi,  0.0 si,  0.0 st
KiB Mem : 65877712 total, 52358380 free,  1068964 used, 12450368 buff/cache
KiB Swap: 33554428 total, 32448476 free,  1105952 used. 63569468 avail Mem 
--
top - 12:54:28 up 105 days,  4:39,  0 users,  load average: 1.07, 0.67, 0.47
Tasks: 399 total,   1 running, 398 sleeping,   0 stopped,   0 zombie
%Cpu(s):  0.0 us,  0.0 sy,  0.0 ni,100.0 id,  0.0 wa,  0.0 hi,  0.0 si,  0.0 st
KiB Mem : 65877712 total, 52358900 free,  1068444 used, 12450368 buff/cache
KiB Swap: 33554428 total, 32448476 free,  1105952 used. 63569988 avail Mem 
--
top - 12:54:33 up 105 days,  4:39,  0 users,  load average: 0.99, 0.65, 0.47
Tasks: 400 total,   1 running, 399 sleeping,   0 stopped,   0 zombie
%Cpu(s):  0.0 us,  0.0 sy,  0.0 ni,100.0 id,  0.0 wa,  0.0 hi,  0.0 si,  0.0 st
KiB Mem : 65877712 total, 52359020 free,  1068324 used, 12450368 buff/cache
KiB Swap: 33554428 total, 32448476 free,  1105952 used. 63570108 avail Mem 
--
top - 12:54:38 up 105 days,  4:39,  0 users,  load average: 0.91, 0.64, 0.46
Tasks: 399 total,   2 running, 397 sleeping,   0 stopped,   0 zombie
%Cpu(s):  0.0 us,  0.0 sy,  0.0 ni, 99.9 id,  0.0 wa,  0.0 hi,  0.0 si,  0.0 st
KiB Mem : 65877712 total, 52359080 free,  1068264 used, 12450368 buff/cache
KiB Swap: 33554428 total, 32448476 free,  1105952 used. 63570168 avail Mem 
--
top - 12:54:43 up 105 days,  4:39,  0 users,  load average: 0.83, 0.63, 0.46
Tasks: 399 total,   1 running, 398 sleeping,   0 stopped,   0 zombie
%Cpu(s):  0.0 us,  0.0 sy,  0.0 ni,100.0 id,  0.0 wa,  0.0 hi,  0.0 si,  0.0 st
KiB Mem : 65877712 total, 52359896 free,  1067448 used, 12450368 buff/cache
KiB Swap: 33554428 total, 32448476 free,  1105952 used. 63570984 avail Mem 
--
top - 12:54:48 up 105 days,  4:39,  0 users,  load average: 0.77, 0.62, 0.46
Tasks: 399 total,   1 running, 398 sleeping,   0 stopped,   0 zombie
%Cpu(s):  0.0 us,  0.0 sy,  0.0 ni, 99.9 id,  0.0 wa,  0.0 hi,  0.0 si,  0.0 st
KiB Mem : 65877712 total, 52361004 free,  1066340 used, 12450368 buff/cache
KiB Swap: 33554428 total, 32448476 free,  1105952 used. 63572092 avail Mem 
--
top - 12:54:53 up 105 days,  4:39,  0 users,  load average: 0.70, 0.61, 0.46
Tasks: 399 total,   1 running, 398 sleeping,   0 stopped,   0 zombie
%Cpu(s):  0.0 us,  0.0 sy,  0.0 ni, 99.9 id,  0.0 wa,  0.0 hi,  0.0 si,  0.0 st
KiB Mem : 65877712 total, 52360124 free,  1067220 used, 12450368 buff/cache
KiB Swap: 33554428 total, 32448476 free,  1105952 used. 63571212 avail Mem 
--
top - 12:54:58 up 105 days,  4:39,  0 users,  load average: 0.65, 0.60, 0.45
Tasks: 399 total,   1 running, 398 sleeping,   0 stopped,   0 zombie
%Cpu(s):  0.1 us,  0.0 sy,  0.0 ni, 99.9 id,  0.0 wa,  0.0 hi,  0.0 si,  0.0 st
KiB Mem : 65877712 total, 52330628 free,  1096716 used, 12450368 buff/cache
KiB Swap: 33554428 total, 32448476 free,  1105952 used. 63541716 avail Mem 
--
top - 12:55:03 up 105 days,  4:40,  0 users,  load average: 0.68, 0.61, 0.46
Tasks: 399 total,   1 running, 398 sleeping,   0 stopped,   0 zombie
%Cpu(s):  0.1 us,  0.0 sy,  0.0 ni, 99.9 id,  0.0 wa,  0.0 hi,  0.0 si,  0.0 st
KiB Mem : 65877712 total, 52312436 free,  1114908 used, 12450368 buff/cache
KiB Swap: 33554428 total, 32448476 free,  1105952 used. 63523524 avail Mem 
--
top - 12:55:08 up 105 days,  4:40,  0 users,  load average: 0.62, 0.60, 0.45
Tasks: 399 total,   1 running, 398 sleeping,   0 stopped,   0 zombie
%Cpu(s):  0.1 us,  0.0 sy,  0.0 ni, 99.9 id,  0.0 wa,  0.0 hi,  0.0 si,  0.0 st
KiB Mem : 65877712 total, 52284936 free,  1142408 used, 12450368 buff/cache
KiB Swap: 33554428 total, 32448476 free,  1105952 used. 63496024 avail Mem 
--
top - 12:55:13 up 105 days,  4:40,  0 users,  load average: 0.57, 0.59, 0.45
Tasks: 399 total,   1 running, 398 sleeping,   0 stopped,   0 zombie
%Cpu(s):  0.1 us,  0.0 sy,  0.0 ni, 99.9 id,  0.0 wa,  0.0 hi,  0.0 si,  0.0 st
KiB Mem : 65877712 total, 52262832 free,  1164508 used, 12450372 buff/cache
KiB Swap: 33554428 total, 32448476 free,  1105952 used. 63473920 avail Mem 
--
top - 12:55:18 up 105 days,  4:40,  0 users,  load average: 0.53, 0.58, 0.45
Tasks: 399 total,   2 running, 397 sleeping,   0 stopped,   0 zombie
%Cpu(s):  0.1 us,  0.0 sy,  0.0 ni, 99.9 id,  0.0 wa,  0.0 hi,  0.0 si,  0.0 st
KiB Mem : 65877712 total, 52240212 free,  1187128 used, 12450372 buff/cache
KiB Swap: 33554428 total, 32448476 free,  1105952 used. 63451300 avail Mem 
--
top - 12:55:23 up 105 days,  4:40,  0 users,  load average: 2.25, 0.93, 0.57
Tasks: 399 total,   1 running, 398 sleeping,   0 stopped,   0 zombie
%Cpu(s): 24.0 us,  0.4 sy,  0.0 ni, 75.6 id,  0.0 wa,  0.0 hi,  0.0 si,  0.0 st
KiB Mem : 65877712 total, 51922384 free,  1504956 used, 12450372 buff/cache
KiB Swap: 33554428 total, 32448476 free,  1105952 used. 63133472 avail Mem 
--
top - 12:55:28 up 105 days,  4:40,  0 users,  load average: 2.07, 0.92, 0.56
Tasks: 399 total,   1 running, 398 sleeping,   0 stopped,   0 zombie
%Cpu(s): 32.0 us,  0.1 sy,  0.0 ni, 67.8 id,  0.0 wa,  0.0 hi,  0.0 si,  0.0 st
KiB Mem : 65877712 total, 51871032 free,  1556308 used, 12450372 buff/cache
KiB Swap: 33554428 total, 32448476 free,  1105952 used. 63082124 avail Mem 
--
top - 12:55:33 up 105 days,  4:40,  0 users,  load average: 1.90, 0.90, 0.56
Tasks: 400 total,   1 running, 399 sleeping,   0 stopped,   0 zombie
%Cpu(s):  0.0 us,  0.0 sy,  0.0 ni,100.0 id,  0.0 wa,  0.0 hi,  0.0 si,  0.0 st
KiB Mem : 65877712 total, 51992800 free,  1434540 used, 12450372 buff/cache
KiB Swap: 33554428 total, 32448476 free,  1105952 used. 63203892 avail Mem 
--
top - 12:55:38 up 105 days,  4:40,  0 users,  load average: 1.75, 0.89, 0.56
Tasks: 400 total,   1 running, 399 sleeping,   0 stopped,   0 zombie
%Cpu(s):  0.0 us,  0.0 sy,  0.0 ni, 99.9 id,  0.0 wa,  0.0 hi,  0.0 si,  0.0 st
KiB Mem : 65877712 total, 51985700 free,  1441640 used, 12450372 buff/cache
KiB Swap: 33554428 total, 32448476 free,  1105952 used. 63196792 avail Mem 
--
top - 12:55:43 up 105 days,  4:40,  0 users,  load average: 1.61, 0.87, 0.55
Tasks: 400 total,   1 running, 399 sleeping,   0 stopped,   0 zombie
%Cpu(s):  0.1 us,  0.1 sy,  0.0 ni, 99.9 id,  0.0 wa,  0.0 hi,  0.0 si,  0.0 st
KiB Mem : 65877712 total, 51961524 free,  1465816 used, 12450372 buff/cache
KiB Swap: 33554428 total, 32448476 free,  1105952 used. 63172616 avail Mem 
--
top - 12:55:48 up 105 days,  4:40,  0 users,  load average: 1.48, 0.86, 0.55
Tasks: 400 total,   1 running, 399 sleeping,   0 stopped,   0 zombie
%Cpu(s):  0.1 us,  0.1 sy,  0.0 ni, 99.9 id,  0.0 wa,  0.0 hi,  0.0 si,  0.0 st
KiB Mem : 65877712 total, 51937596 free,  1489744 used, 12450372 buff/cache
KiB Swap: 33554428 total, 32448476 free,  1105952 used. 63148688 avail Mem 
--
top - 12:55:53 up 105 days,  4:40,  0 users,  load average: 1.36, 0.84, 0.55
Tasks: 400 total,   1 running, 399 sleeping,   0 stopped,   0 zombie
%Cpu(s):  0.1 us,  0.1 sy,  0.0 ni, 99.8 id,  0.0 wa,  0.0 hi,  0.0 si,  0.0 st
KiB Mem : 65877712 total, 51915892 free,  1511448 used, 12450372 buff/cache
KiB Swap: 33554428 total, 32448476 free,  1105952 used. 63126984 avail Mem 
--
top - 12:55:58 up 105 days,  4:40,  0 users,  load average: 1.57, 0.90, 0.57
Tasks: 400 total,   1 running, 399 sleeping,   0 stopped,   0 zombie
%Cpu(s):  0.1 us,  0.0 sy,  0.0 ni, 97.7 id,  2.2 wa,  0.0 hi,  0.0 si,  0.0 st
KiB Mem : 65877712 total, 51891496 free,  1535844 used, 12450372 buff/cache
KiB Swap: 33554428 total, 32448476 free,  1105952 used. 63102588 avail Mem 
--
top - 12:56:03 up 105 days,  4:41,  0 users,  load average: 2.09, 1.02, 0.61
Tasks: 403 total,   2 running, 401 sleeping,   0 stopped,   0 zombie
%Cpu(s):  3.2 us,  0.3 sy,  0.0 ni, 87.1 id,  9.3 wa,  0.0 hi,  0.0 si,  0.0 st
KiB Mem : 65877712 total, 51851304 free,  1576032 used, 12450376 buff/cache
KiB Swap: 33554428 total, 32448476 free,  1105952 used. 63062400 avail Mem 
--
top - 12:56:08 up 105 days,  4:41,  0 users,  load average: 1.92, 1.00, 0.60
Tasks: 403 total,   1 running, 402 sleeping,   0 stopped,   0 zombie
%Cpu(s): 55.8 us,  0.4 sy,  0.0 ni, 43.3 id,  0.6 wa,  0.0 hi,  0.0 si,  0.0 st
KiB Mem : 65877712 total, 51868092 free,  1559244 used, 12450376 buff/cache
KiB Swap: 33554428 total, 32448476 free,  1105952 used. 63079188 avail Mem 
--
top - 12:56:13 up 105 days,  4:41,  0 users,  load average: 1.77, 0.98, 0.60
Tasks: 407 total,   1 running, 406 sleeping,   0 stopped,   0 zombie
%Cpu(s):  0.0 us,  0.0 sy,  0.0 ni,100.0 id,  0.0 wa,  0.0 hi,  0.0 si,  0.0 st
KiB Mem : 65877712 total, 51870524 free,  1556812 used, 12450376 buff/cache
KiB Swap: 33554428 total, 32448476 free,  1105952 used. 63081620 avail Mem 
--
top - 12:56:18 up 105 days,  4:41,  0 users,  load average: 1.62, 0.97, 0.60
Tasks: 407 total,   1 running, 406 sleeping,   0 stopped,   0 zombie
%Cpu(s):  0.0 us,  0.0 sy,  0.0 ni, 99.9 id,  0.0 wa,  0.0 hi,  0.0 si,  0.0 st
KiB Mem : 65877712 total, 51871544 free,  1555792 used, 12450376 buff/cache
KiB Swap: 33554428 total, 32448476 free,  1105952 used. 63082640 avail Mem 
--
top - 12:56:23 up 105 days,  4:41,  0 users,  load average: 1.50, 0.95, 0.59
Tasks: 407 total,   1 running, 406 sleeping,   0 stopped,   0 zombie
%Cpu(s):  0.1 us,  0.0 sy,  0.0 ni, 99.9 id,  0.0 wa,  0.0 hi,  0.0 si,  0.0 st
KiB Mem : 65877712 total, 51858788 free,  1568548 used, 12450376 buff/cache
KiB Swap: 33554428 total, 32448476 free,  1105952 used. 63069884 avail Mem 
--
top - 12:56:28 up 105 days,  4:41,  0 users,  load average: 1.38, 0.93, 0.59
Tasks: 407 total,   1 running, 406 sleeping,   0 stopped,   0 zombie
%Cpu(s):  0.1 us,  0.1 sy,  0.0 ni, 99.9 id,  0.0 wa,  0.0 hi,  0.0 si,  0.0 st
KiB Mem : 65877712 total, 51834220 free,  1593116 used, 12450376 buff/cache
KiB Swap: 33554428 total, 32448476 free,  1105952 used. 63045316 avail Mem 
--
top - 12:56:33 up 105 days,  4:41,  0 users,  load average: 1.27, 0.92, 0.59
Tasks: 407 total,   1 running, 406 sleeping,   0 stopped,   0 zombie
%Cpu(s):  0.1 us,  0.0 sy,  0.0 ni, 99.9 id,  0.0 wa,  0.0 hi,  0.0 si,  0.0 st
KiB Mem : 65877712 total, 51806816 free,  1620520 used, 12450376 buff/cache
KiB Swap: 33554428 total, 32448476 free,  1105952 used. 63017912 avail Mem 
--
top - 12:56:38 up 105 days,  4:41,  0 users,  load average: 1.16, 0.90, 0.58
Tasks: 407 total,   1 running, 406 sleeping,   0 stopped,   0 zombie
%Cpu(s):  0.1 us,  0.1 sy,  0.0 ni, 99.8 id,  0.0 wa,  0.0 hi,  0.0 si,  0.0 st
KiB Mem : 65877712 total, 51785044 free,  1642292 used, 12450376 buff/cache
KiB Swap: 33554428 total, 32448476 free,  1105952 used. 62996140 avail Mem 
--
top - 12:56:43 up 105 days,  4:41,  0 users,  load average: 1.07, 0.89, 0.58
Tasks: 407 total,   1 running, 406 sleeping,   0 stopped,   0 zombie
%Cpu(s):  0.1 us,  0.0 sy,  0.0 ni, 99.9 id,  0.0 wa,  0.0 hi,  0.0 si,  0.0 st
KiB Mem : 65877712 total, 51766440 free,  1660896 used, 12450376 buff/cache
KiB Swap: 33554428 total, 32448476 free,  1105952 used. 62977536 avail Mem 
--
top - 12:56:48 up 105 days,  4:41,  0 users,  load average: 0.98, 0.87, 0.58
Tasks: 407 total,   1 running, 406 sleeping,   0 stopped,   0 zombie
%Cpu(s):  0.1 us,  0.1 sy,  0.0 ni, 99.8 id,  0.0 wa,  0.0 hi,  0.0 si,  0.0 st
KiB Mem : 65877712 total, 51736644 free,  1690692 used, 12450376 buff/cache
KiB Swap: 33554428 total, 32448476 free,  1105952 used. 62947740 avail Mem 
--
top - 12:56:53 up 105 days,  4:41,  0 users,  load average: 0.91, 0.86, 0.57
Tasks: 407 total,   1 running, 406 sleeping,   0 stopped,   0 zombie
%Cpu(s): 57.1 us,  0.4 sy,  0.0 ni, 42.5 id,  0.0 wa,  0.0 hi,  0.0 si,  0.0 st
KiB Mem : 65877712 total, 51751740 free,  1675596 used, 12450376 buff/cache
KiB Swap: 33554428 total, 32448476 free,  1105952 used. 62962836 avail Mem 
--
top - 12:56:59 up 105 days,  4:41,  0 users,  load average: 0.83, 0.84, 0.57
Tasks: 407 total,   1 running, 406 sleeping,   0 stopped,   0 zombie
%Cpu(s):  0.0 us,  0.0 sy,  0.0 ni,100.0 id,  0.0 wa,  0.0 hi,  0.0 si,  0.0 st
KiB Mem : 65877712 total, 51750152 free,  1677180 used, 12450380 buff/cache
KiB Swap: 33554428 total, 32448476 free,  1105952 used. 62961248 avail Mem 
--
top - 12:57:04 up 105 days,  4:42,  0 users,  load average: 0.77, 0.83, 0.57
Tasks: 407 total,   1 running, 406 sleeping,   0 stopped,   0 zombie
%Cpu(s):  0.0 us,  0.0 sy,  0.0 ni,100.0 id,  0.0 wa,  0.0 hi,  0.0 si,  0.0 st
KiB Mem : 65877712 total, 51750880 free,  1676452 used, 12450380 buff/cache
KiB Swap: 33554428 total, 32448476 free,  1105952 used. 62961976 avail Mem 
--
top - 12:57:09 up 105 days,  4:42,  0 users,  load average: 0.70, 0.82, 0.57
Tasks: 407 total,   1 running, 406 sleeping,   0 stopped,   0 zombie
%Cpu(s):  0.0 us,  0.0 sy,  0.0 ni, 99.9 id,  0.0 wa,  0.0 hi,  0.0 si,  0.0 st
KiB Mem : 65877712 total, 51740644 free,  1686688 used, 12450380 buff/cache
KiB Swap: 33554428 total, 32448476 free,  1105952 used. 62951740 avail Mem 
--
top - 12:57:14 up 105 days,  4:42,  0 users,  load average: 0.65, 0.80, 0.56
Tasks: 407 total,   1 running, 406 sleeping,   0 stopped,   0 zombie
%Cpu(s):  0.1 us,  0.0 sy,  0.0 ni, 99.9 id,  0.0 wa,  0.0 hi,  0.0 si,  0.0 st
KiB Mem : 65877712 total, 51722472 free,  1704860 used, 12450380 buff/cache
KiB Swap: 33554428 total, 32448476 free,  1105952 used. 62933568 avail Mem 
--
top - 12:57:19 up 105 days,  4:42,  0 users,  load average: 0.60, 0.79, 0.56
Tasks: 407 total,   1 running, 406 sleeping,   0 stopped,   0 zombie
%Cpu(s):  0.1 us,  0.1 sy,  0.0 ni, 99.8 id,  0.0 wa,  0.0 hi,  0.0 si,  0.0 st
KiB Mem : 65877712 total, 51701492 free,  1725840 used, 12450380 buff/cache
KiB Swap: 33554428 total, 32448476 free,  1105952 used. 62912588 avail Mem 
--
top - 12:57:24 up 105 days,  4:42,  0 users,  load average: 0.55, 0.78, 0.56
Tasks: 407 total,   1 running, 406 sleeping,   0 stopped,   0 zombie
%Cpu(s):  0.1 us,  0.1 sy,  0.0 ni, 99.9 id,  0.0 wa,  0.0 hi,  0.0 si,  0.0 st
KiB Mem : 65877712 total, 51669968 free,  1757364 used, 12450380 buff/cache
KiB Swap: 33554428 total, 32448476 free,  1105952 used. 62881064 avail Mem 
--
top - 12:57:29 up 105 days,  4:42,  0 users,  load average: 0.50, 0.76, 0.55
Tasks: 407 total,   1 running, 406 sleeping,   0 stopped,   0 zombie
%Cpu(s):  0.1 us,  0.0 sy,  0.0 ni, 99.9 id,  0.0 wa,  0.0 hi,  0.0 si,  0.0 st
KiB Mem : 65877712 total, 51648112 free,  1779220 used, 12450380 buff/cache
KiB Swap: 33554428 total, 32448476 free,  1105952 used. 62859208 avail Mem 
--
top - 12:57:34 up 105 days,  4:42,  0 users,  load average: 0.54, 0.77, 0.56
Tasks: 407 total,   1 running, 406 sleeping,   0 stopped,   0 zombie
%Cpu(s):  0.1 us,  0.1 sy,  0.0 ni, 99.8 id,  0.0 wa,  0.0 hi,  0.0 si,  0.0 st
KiB Mem : 65877712 total, 51619684 free,  1807648 used, 12450380 buff/cache
KiB Swap: 33554428 total, 32448476 free,  1105952 used. 62830780 avail Mem 
--
top - 12:57:39 up 105 days,  4:42,  0 users,  load average: 2.74, 1.22, 0.70
Tasks: 407 total,   2 running, 405 sleeping,   0 stopped,   0 zombie
%Cpu(s): 29.2 us,  0.3 sy,  0.0 ni, 70.5 id,  0.0 wa,  0.0 hi,  0.0 si,  0.0 st
KiB Mem : 65877712 total, 51568640 free,  1858692 used, 12450380 buff/cache
KiB Swap: 33554428 total, 32448476 free,  1105952 used. 62779740 avail Mem 
--
top - 12:57:44 up 105 days,  4:42,  0 users,  load average: 2.52, 1.20, 0.70
Tasks: 407 total,   1 running, 406 sleeping,   0 stopped,   0 zombie
%Cpu(s): 27.6 us,  0.1 sy,  0.0 ni, 72.2 id,  0.0 wa,  0.0 hi,  0.0 si,  0.0 st
KiB Mem : 65877712 total, 51503412 free,  1923920 used, 12450380 buff/cache
KiB Swap: 33554428 total, 32448476 free,  1105952 used. 62714512 avail Mem 
--
top - 12:57:49 up 105 days,  4:42,  0 users,  load average: 2.32, 1.18, 0.70
Tasks: 407 total,   1 running, 406 sleeping,   0 stopped,   0 zombie
%Cpu(s):  0.0 us,  0.0 sy,  0.0 ni, 99.9 id,  0.0 wa,  0.0 hi,  0.0 si,  0.0 st
KiB Mem : 65877712 total, 51640360 free,  1786968 used, 12450384 buff/cache
KiB Swap: 33554428 total, 32448476 free,  1105952 used. 62851460 avail Mem 
--
top - 12:57:54 up 105 days,  4:42,  0 users,  load average: 2.13, 1.16, 0.69
Tasks: 407 total,   1 running, 406 sleeping,   0 stopped,   0 zombie
%Cpu(s):  0.0 us,  0.0 sy,  0.0 ni, 99.9 id,  0.0 wa,  0.0 hi,  0.0 si,  0.0 st
KiB Mem : 65877712 total, 51632120 free,  1795208 used, 12450384 buff/cache
KiB Swap: 33554428 total, 32448476 free,  1105952 used. 62843220 avail Mem 
--
top - 12:57:59 up 105 days,  4:42,  0 users,  load average: 1.96, 1.14, 0.69
Tasks: 407 total,   1 running, 406 sleeping,   0 stopped,   0 zombie
%Cpu(s):  0.1 us,  0.0 sy,  0.0 ni, 99.9 id,  0.0 wa,  0.0 hi,  0.0 si,  0.0 st
KiB Mem : 65877712 total, 51600192 free,  1827136 used, 12450384 buff/cache
KiB Swap: 33554428 total, 32448476 free,  1105952 used. 62811292 avail Mem 
--
top - 12:58:04 up 105 days,  4:43,  0 users,  load average: 1.81, 1.12, 0.68
Tasks: 407 total,   1 running, 406 sleeping,   0 stopped,   0 zombie
%Cpu(s):  0.4 us,  0.2 sy,  0.0 ni, 98.6 id,  0.7 wa,  0.0 hi,  0.0 si,  0.0 st
KiB Mem : 65877712 total, 51557376 free,  1869948 used, 12450388 buff/cache
KiB Swap: 33554428 total, 32448476 free,  1105952 used. 62768484 avail Mem 
--
top - 12:58:09 up 105 days,  4:43,  0 users,  load average: 1.66, 1.10, 0.68
Tasks: 407 total,   1 running, 406 sleeping,   0 stopped,   0 zombie
%Cpu(s):  0.1 us,  0.0 sy,  0.0 ni, 99.9 id,  0.0 wa,  0.0 hi,  0.0 si,  0.0 st
KiB Mem : 65877712 total, 51532404 free,  1894920 used, 12450388 buff/cache
KiB Swap: 33554428 total, 32448476 free,  1105952 used. 62743512 avail Mem 
--
top - 12:58:14 up 105 days,  4:43,  0 users,  load average: 1.53, 1.08, 0.68
Tasks: 407 total,   1 running, 406 sleeping,   0 stopped,   0 zombie
%Cpu(s):  0.1 us,  0.0 sy,  0.0 ni, 99.9 id,  0.0 wa,  0.0 hi,  0.0 si,  0.0 st
KiB Mem : 65877712 total, 51520384 free,  1906940 used, 12450388 buff/cache
KiB Swap: 33554428 total, 32448476 free,  1105952 used. 62731492 avail Mem 
--
top - 12:58:19 up 105 days,  4:43,  0 users,  load average: 1.41, 1.07, 0.67
Tasks: 407 total,   1 running, 406 sleeping,   0 stopped,   0 zombie
%Cpu(s):  0.1 us,  0.1 sy,  0.0 ni, 99.9 id,  0.0 wa,  0.0 hi,  0.0 si,  0.0 st
KiB Mem : 65877712 total, 51496668 free,  1930656 used, 12450388 buff/cache
KiB Swap: 33554428 total, 32448476 free,  1105952 used. 62707776 avail Mem 
--
top - 12:58:24 up 105 days,  4:43,  0 users,  load average: 1.29, 1.05, 0.67
Tasks: 407 total,   1 running, 406 sleeping,   0 stopped,   0 zombie
%Cpu(s):  0.1 us,  0.0 sy,  0.0 ni, 99.9 id,  0.0 wa,  0.0 hi,  0.0 si,  0.0 st
KiB Mem : 65877712 total, 51496492 free,  1930832 used, 12450388 buff/cache
KiB Swap: 33554428 total, 32448476 free,  1105952 used. 62707600 avail Mem 
--
top - 12:58:29 up 105 days,  4:43,  0 users,  load average: 2.95, 1.40, 0.79
Tasks: 407 total,   1 running, 406 sleeping,   0 stopped,   0 zombie
%Cpu(s): 56.7 us,  0.7 sy,  0.0 ni, 42.6 id,  0.0 wa,  0.0 hi,  0.0 si,  0.0 st
KiB Mem : 65877712 total, 51344912 free,  2082412 used, 12450388 buff/cache
KiB Swap: 33554428 total, 32448476 free,  1105952 used. 62556020 avail Mem 
--
top - 12:58:34 up 105 days,  4:43,  0 users,  load average: 2.72, 1.37, 0.78
Tasks: 407 total,   2 running, 405 sleeping,   0 stopped,   0 zombie
%Cpu(s):  0.3 us,  0.1 sy,  0.0 ni, 99.7 id,  0.0 wa,  0.0 hi,  0.0 si,  0.0 st
KiB Mem : 65877712 total, 51515848 free,  1911476 used, 12450388 buff/cache
KiB Swap: 33554428 total, 32448476 free,  1105952 used. 62726956 avail Mem 
