Job id: 4753261
Master ip: 10.149.0.54
--
top - 12:50:31 up 105 days,  4:32,  0 users,  load average: 0.12, 0.18, 0.19
Tasks: 403 total,   2 running, 401 sleeping,   0 stopped,   0 zombie
%Cpu(s):  2.2 us,  0.9 sy,  0.0 ni, 96.7 id,  0.0 wa,  0.0 hi,  0.2 si,  0.0 st
KiB Mem : 65877712 total, 50595140 free,  1167104 used, 14115468 buff/cache
KiB Swap: 33554428 total, 32100108 free,  1454320 used. 63534512 avail Mem 
--
top - 12:50:36 up 105 days,  4:32,  0 users,  load average: 0.12, 0.18, 0.19
Tasks: 403 total,   1 running, 402 sleeping,   0 stopped,   0 zombie
%Cpu(s):  0.7 us,  0.1 sy,  0.0 ni, 99.2 id,  0.0 wa,  0.0 hi,  0.0 si,  0.0 st
KiB Mem : 65877712 total, 50571536 free,  1190704 used, 14115472 buff/cache
KiB Swap: 33554428 total, 32100108 free,  1454320 used. 63510912 avail Mem 
--
top - 12:50:41 up 105 days,  4:33,  0 users,  load average: 0.11, 0.17, 0.19
Tasks: 403 total,   1 running, 402 sleeping,   0 stopped,   0 zombie
%Cpu(s):  0.1 us,  0.0 sy,  0.0 ni, 99.9 id,  0.0 wa,  0.0 hi,  0.0 si,  0.0 st
KiB Mem : 65877712 total, 50571808 free,  1190432 used, 14115472 buff/cache
KiB Swap: 33554428 total, 32100108 free,  1454320 used. 63511184 avail Mem 
--
top - 12:50:46 up 105 days,  4:33,  0 users,  load average: 0.10, 0.17, 0.18
Tasks: 403 total,   1 running, 402 sleeping,   0 stopped,   0 zombie
%Cpu(s):  0.1 us,  0.0 sy,  0.0 ni, 99.9 id,  0.0 wa,  0.0 hi,  0.0 si,  0.0 st
KiB Mem : 65877712 total, 50572104 free,  1190136 used, 14115472 buff/cache
KiB Swap: 33554428 total, 32100108 free,  1454320 used. 63511480 avail Mem 
--
top - 12:50:51 up 105 days,  4:33,  0 users,  load average: 0.09, 0.17, 0.18
Tasks: 403 total,   1 running, 402 sleeping,   0 stopped,   0 zombie
%Cpu(s):  0.1 us,  0.0 sy,  0.0 ni, 99.9 id,  0.0 wa,  0.0 hi,  0.0 si,  0.0 st
KiB Mem : 65877712 total, 50572500 free,  1189740 used, 14115472 buff/cache
KiB Swap: 33554428 total, 32100108 free,  1454320 used. 63511876 avail Mem 
--
top - 12:50:56 up 105 days,  4:33,  0 users,  load average: 0.08, 0.16, 0.18
Tasks: 403 total,   1 running, 402 sleeping,   0 stopped,   0 zombie
%Cpu(s):  0.1 us,  0.0 sy,  0.0 ni, 99.9 id,  0.0 wa,  0.0 hi,  0.0 si,  0.0 st
KiB Mem : 65877712 total, 50572500 free,  1189740 used, 14115472 buff/cache
KiB Swap: 33554428 total, 32100108 free,  1454320 used. 63511876 avail Mem 
--
top - 12:51:01 up 105 days,  4:33,  0 users,  load average: 0.08, 0.16, 0.18
Tasks: 403 total,   1 running, 402 sleeping,   0 stopped,   0 zombie
%Cpu(s):  0.1 us,  0.0 sy,  0.0 ni, 99.9 id,  0.0 wa,  0.0 hi,  0.0 si,  0.0 st
KiB Mem : 65877712 total, 50571940 free,  1190300 used, 14115472 buff/cache
KiB Swap: 33554428 total, 32100108 free,  1454320 used. 63511316 avail Mem 
--
top - 12:51:06 up 105 days,  4:33,  0 users,  load average: 0.07, 0.16, 0.18
Tasks: 403 total,   1 running, 402 sleeping,   0 stopped,   0 zombie
%Cpu(s):  0.1 us,  0.0 sy,  0.0 ni, 99.9 id,  0.0 wa,  0.0 hi,  0.0 si,  0.0 st
KiB Mem : 65877712 total, 50572368 free,  1189872 used, 14115472 buff/cache
KiB Swap: 33554428 total, 32100108 free,  1454320 used. 63511744 avail Mem 
--
top - 12:51:11 up 105 days,  4:33,  0 users,  load average: 0.06, 0.16, 0.18
Tasks: 402 total,   2 running, 400 sleeping,   0 stopped,   0 zombie
%Cpu(s):  2.6 us,  0.2 sy,  0.0 ni, 97.2 id,  0.0 wa,  0.0 hi,  0.1 si,  0.0 st
KiB Mem : 65877712 total, 50377476 free,  1384764 used, 14115472 buff/cache
KiB Swap: 33554428 total, 32100108 free,  1454320 used. 63316852 avail Mem 
--
top - 12:51:16 up 105 days,  4:33,  0 users,  load average: 0.06, 0.15, 0.18
Tasks: 399 total,   2 running, 397 sleeping,   0 stopped,   0 zombie
%Cpu(s):  1.4 us,  0.0 sy,  0.0 ni, 98.5 id,  0.0 wa,  0.0 hi,  0.0 si,  0.0 st
KiB Mem : 65877712 total, 50376532 free,  1385708 used, 14115472 buff/cache
KiB Swap: 33554428 total, 32100108 free,  1454320 used. 63315908 avail Mem 
--
top - 12:51:21 up 105 days,  4:33,  0 users,  load average: 0.05, 0.15, 0.18
Tasks: 399 total,   2 running, 397 sleeping,   0 stopped,   0 zombie
%Cpu(s):  2.0 us,  0.1 sy,  0.0 ni, 97.7 id,  0.1 wa,  0.0 hi,  0.0 si,  0.0 st
KiB Mem : 65877712 total, 50258664 free,  1503576 used, 14115472 buff/cache
KiB Swap: 33554428 total, 32100108 free,  1454320 used. 63198040 avail Mem 
--
top - 12:51:26 up 105 days,  4:33,  0 users,  load average: 0.05, 0.15, 0.18
Tasks: 399 total,   1 running, 398 sleeping,   0 stopped,   0 zombie
%Cpu(s):  2.0 us,  0.1 sy,  0.0 ni, 97.9 id,  0.0 wa,  0.0 hi,  0.0 si,  0.0 st
KiB Mem : 65877712 total, 50259312 free,  1502924 used, 14115476 buff/cache
KiB Swap: 33554428 total, 32100108 free,  1454320 used. 63198688 avail Mem 
--
top - 12:51:31 up 105 days,  4:33,  0 users,  load average: 0.05, 0.15, 0.18
Tasks: 399 total,   2 running, 397 sleeping,   0 stopped,   0 zombie
%Cpu(s):  1.5 us,  0.1 sy,  0.0 ni, 98.4 id,  0.0 wa,  0.0 hi,  0.0 si,  0.0 st
KiB Mem : 65877712 total, 50148012 free,  1614216 used, 14115484 buff/cache
KiB Swap: 33554428 total, 32100108 free,  1454320 used. 63087392 avail Mem 
--
top - 12:51:36 up 105 days,  4:33,  0 users,  load average: 0.12, 0.16, 0.18
Tasks: 399 total,   1 running, 398 sleeping,   0 stopped,   0 zombie
%Cpu(s):  3.0 us,  0.1 sy,  0.0 ni, 96.9 id,  0.0 wa,  0.0 hi,  0.1 si,  0.0 st
KiB Mem : 65877712 total, 50148636 free,  1613588 used, 14115488 buff/cache
KiB Swap: 33554428 total, 32100108 free,  1454320 used. 63088016 avail Mem 
--
top - 12:51:41 up 105 days,  4:34,  0 users,  load average: 0.11, 0.16, 0.18
Tasks: 399 total,   1 running, 398 sleeping,   0 stopped,   0 zombie
%Cpu(s):  1.2 us,  0.1 sy,  0.0 ni, 98.7 id,  0.0 wa,  0.0 hi,  0.0 si,  0.0 st
KiB Mem : 65877712 total, 50142168 free,  1620056 used, 14115488 buff/cache
KiB Swap: 33554428 total, 32100108 free,  1454320 used. 63081552 avail Mem 
--
top - 12:51:46 up 105 days,  4:34,  0 users,  load average: 0.10, 0.16, 0.18
Tasks: 399 total,   2 running, 397 sleeping,   0 stopped,   0 zombie
%Cpu(s):  2.4 us,  0.1 sy,  0.0 ni, 97.4 id,  0.0 wa,  0.0 hi,  0.1 si,  0.0 st
KiB Mem : 65877712 total, 50031620 free,  1730604 used, 14115488 buff/cache
KiB Swap: 33554428 total, 32100108 free,  1454320 used. 62971004 avail Mem 
--
top - 12:51:51 up 105 days,  4:34,  0 users,  load average: 0.18, 0.17, 0.18
Tasks: 399 total,   2 running, 397 sleeping,   0 stopped,   0 zombie
%Cpu(s):  1.6 us,  0.0 sy,  0.0 ni, 98.3 id,  0.0 wa,  0.0 hi,  0.0 si,  0.0 st
KiB Mem : 65877712 total, 50031332 free,  1730892 used, 14115488 buff/cache
KiB Swap: 33554428 total, 32100108 free,  1454320 used. 62970716 avail Mem 
--
top - 12:51:56 up 105 days,  4:34,  0 users,  load average: 0.24, 0.18, 0.19
Tasks: 399 total,   2 running, 397 sleeping,   0 stopped,   0 zombie
%Cpu(s):  2.0 us,  0.1 sy,  0.0 ni, 97.9 id,  0.0 wa,  0.0 hi,  0.0 si,  0.0 st
KiB Mem : 65877712 total, 49917980 free,  1844244 used, 14115488 buff/cache
KiB Swap: 33554428 total, 32100108 free,  1454320 used. 62857364 avail Mem 
--
top - 12:52:01 up 105 days,  4:34,  0 users,  load average: 0.22, 0.18, 0.19
Tasks: 399 total,   1 running, 398 sleeping,   0 stopped,   0 zombie
%Cpu(s):  2.4 us,  0.3 sy,  0.0 ni, 96.9 id,  0.3 wa,  0.0 hi,  0.0 si,  0.0 st
KiB Mem : 65877712 total, 49913036 free,  1849180 used, 14115496 buff/cache
KiB Swap: 33554428 total, 32100108 free,  1454320 used. 62852424 avail Mem 
