10.149.0.39
2023/12/27 12:54:14 Master node address: http://10.149.0.54:8000
2023/12/27 12:54:14 Benchmarking worker...
2023/12/27 12:54:16 Worker registered (1729 MCUPS). Waiting for work...
2023/12/27 12:55:21 Got work. Start calculating alignments...
2023/12/27 12:55:21 Calculating 1894 queries
2023/12/27 12:55:24 Done calculating alignments.
2023/12/27 12:55:24 Waiting for work...
2023/12/27 12:56:02 Got work. Start calculating alignments...
2023/12/27 12:56:02 Calculating 1896 queries
2023/12/27 12:56:06 Done calculating alignments.
2023/12/27 12:56:06 Waiting for work...
2023/12/27 12:56:48 Got work. Start calculating alignments...
2023/12/27 12:56:48 Calculating 1896 queries
2023/12/27 12:56:51 Done calculating alignments.
2023/12/27 12:56:51 Waiting for work...
2023/12/27 12:57:36 Got work. Start calculating alignments...
2023/12/27 12:57:36 Calculating 1896 queries
2023/12/27 12:57:40 Done calculating alignments.
2023/12/27 12:57:40 Waiting for work...
2023/12/27 12:58:24 Got work. Start calculating alignments...
2023/12/27 12:58:24 Calculating 1895 queries
2023/12/27 12:58:28 Done calculating alignments.
2023/12/27 12:58:28 Waiting for work...
slurmstepd: error: *** JOB 4753296 ON node039 CANCELLED AT 2023-12-27T12:58:34 ***
