Job id: 4753230
Worker ip: 10.149.0.34
Master ip: 10.149.0.56
--
top - 12:44:21 up 105 days,  4:27,  0 users,  load average: 0.03, 0.24, 0.27
Tasks: 400 total,   2 running, 398 sleeping,   0 stopped,   0 zombie
%Cpu(s):  2.5 us,  4.0 sy,  0.0 ni, 91.7 id,  1.6 wa,  0.0 hi,  0.2 si,  0.0 st
KiB Mem : 65877712 total, 58161436 free,  1122584 used,  6593692 buff/cache
KiB Swap: 33554428 total, 32343316 free,  1211112 used. 63607024 avail Mem 
--
top - 12:44:26 up 105 days,  4:27,  0 users,  load average: 0.02, 0.24, 0.26
Tasks: 406 total,   1 running, 405 sleeping,   0 stopped,   0 zombie
%Cpu(s):  1.8 us,  0.6 sy,  0.0 ni, 97.4 id,  0.2 wa,  0.0 hi,  0.0 si,  0.0 st
KiB Mem : 65877712 total, 58136932 free,  1140068 used,  6600712 buff/cache
KiB Swap: 33554428 total, 32343316 free,  1211112 used. 63589468 avail Mem 
--
top - 12:44:31 up 105 days,  4:27,  0 users,  load average: 0.02, 0.23, 0.26
Tasks: 406 total,   1 running, 405 sleeping,   0 stopped,   0 zombie
%Cpu(s):  0.0 us,  0.0 sy,  0.0 ni,100.0 id,  0.0 wa,  0.0 hi,  0.0 si,  0.0 st
KiB Mem : 65877712 total, 58136928 free,  1140052 used,  6600732 buff/cache
KiB Swap: 33554428 total, 32343316 free,  1211112 used. 63589464 avail Mem 
--
top - 12:44:36 up 105 days,  4:27,  0 users,  load average: 0.02, 0.23, 0.26
Tasks: 407 total,   1 running, 406 sleeping,   0 stopped,   0 zombie
%Cpu(s):  0.0 us,  0.0 sy,  0.0 ni, 99.9 id,  0.0 wa,  0.0 hi,  0.0 si,  0.0 st
KiB Mem : 65877712 total, 58133256 free,  1144088 used,  6600368 buff/cache
KiB Swap: 33554428 total, 32343316 free,  1211112 used. 63585292 avail Mem 
--
top - 12:44:41 up 105 days,  4:27,  0 users,  load average: 0.02, 0.23, 0.26
Tasks: 407 total,   1 running, 406 sleeping,   0 stopped,   0 zombie
%Cpu(s):  0.1 us,  0.0 sy,  0.0 ni, 99.9 id,  0.0 wa,  0.0 hi,  0.0 si,  0.0 st
KiB Mem : 65877712 total, 58106404 free,  1170848 used,  6600460 buff/cache
KiB Swap: 33554428 total, 32343316 free,  1211112 used. 63558568 avail Mem 
--
top - 12:44:46 up 105 days,  4:27,  0 users,  load average: 0.02, 0.22, 0.26
Tasks: 407 total,   1 running, 406 sleeping,   0 stopped,   0 zombie
%Cpu(s):  0.1 us,  0.1 sy,  0.0 ni, 99.8 id,  0.0 wa,  0.0 hi,  0.0 si,  0.0 st
KiB Mem : 65877712 total, 58081164 free,  1196088 used,  6600460 buff/cache
KiB Swap: 33554428 total, 32343480 free,  1210948 used. 63533376 avail Mem 
--
top - 12:44:51 up 105 days,  4:28,  0 users,  load average: 0.02, 0.22, 0.26
Tasks: 407 total,   1 running, 406 sleeping,   0 stopped,   0 zombie
%Cpu(s):  0.1 us,  0.1 sy,  0.0 ni, 99.9 id,  0.0 wa,  0.0 hi,  0.0 si,  0.0 st
KiB Mem : 65877712 total, 58050436 free,  1226816 used,  6600460 buff/cache
KiB Swap: 33554428 total, 32343480 free,  1210948 used. 63502648 avail Mem 
--
top - 12:44:56 up 105 days,  4:28,  0 users,  load average: 0.01, 0.22, 0.25
Tasks: 407 total,   1 running, 406 sleeping,   0 stopped,   0 zombie
%Cpu(s):  0.1 us,  0.1 sy,  0.0 ni, 99.8 id,  0.0 wa,  0.0 hi,  0.0 si,  0.0 st
KiB Mem : 65877712 total, 58031648 free,  1245604 used,  6600460 buff/cache
KiB Swap: 33554428 total, 32343480 free,  1210948 used. 63483860 avail Mem 
--
top - 12:45:01 up 105 days,  4:28,  0 users,  load average: 0.01, 0.21, 0.25
Tasks: 407 total,   1 running, 406 sleeping,   0 stopped,   0 zombie
%Cpu(s):  0.1 us,  0.0 sy,  0.0 ni, 99.9 id,  0.0 wa,  0.0 hi,  0.0 si,  0.0 st
KiB Mem : 65877712 total, 58004556 free,  1272696 used,  6600460 buff/cache
KiB Swap: 33554428 total, 32343480 free,  1210948 used. 63456780 avail Mem 
--
top - 12:45:06 up 105 days,  4:28,  0 users,  load average: 0.01, 0.21, 0.25
Tasks: 407 total,   1 running, 406 sleeping,   0 stopped,   0 zombie
%Cpu(s):  0.1 us,  0.0 sy,  0.0 ni, 99.9 id,  0.0 wa,  0.0 hi,  0.0 si,  0.0 st
KiB Mem : 65877712 total, 57984712 free,  1292540 used,  6600460 buff/cache
KiB Swap: 33554428 total, 32343480 free,  1210948 used. 63436940 avail Mem 
--
top - 12:45:11 up 105 days,  4:28,  0 users,  load average: 0.01, 0.21, 0.25
Tasks: 407 total,   1 running, 406 sleeping,   0 stopped,   0 zombie
%Cpu(s): 49.9 us,  0.4 sy,  0.0 ni, 49.7 id,  0.0 wa,  0.0 hi,  0.0 si,  0.0 st
KiB Mem : 65877712 total, 57639040 free,  1638212 used,  6600460 buff/cache
KiB Swap: 33554428 total, 32343480 free,  1210948 used. 63091280 avail Mem 
--
top - 12:45:16 up 105 days,  4:28,  0 users,  load average: 0.01, 0.20, 0.25
Tasks: 407 total,   1 running, 406 sleeping,   0 stopped,   0 zombie
%Cpu(s):  8.0 us,  0.0 sy,  0.0 ni, 92.0 id,  0.0 wa,  0.0 hi,  0.0 si,  0.0 st
KiB Mem : 65877712 total, 57634680 free,  1642568 used,  6600464 buff/cache
KiB Swap: 33554428 total, 32343480 free,  1210948 used. 63086920 avail Mem 
--
top - 12:45:21 up 105 days,  4:28,  0 users,  load average: 0.01, 0.20, 0.25
Tasks: 407 total,   1 running, 406 sleeping,   0 stopped,   0 zombie
%Cpu(s):  0.0 us,  0.0 sy,  0.0 ni, 99.9 id,  0.0 wa,  0.0 hi,  0.0 si,  0.0 st
KiB Mem : 65877712 total, 57775472 free,  1501776 used,  6600464 buff/cache
KiB Swap: 33554428 total, 32343480 free,  1210948 used. 63227712 avail Mem 
--
top - 12:45:26 up 105 days,  4:28,  0 users,  load average: 0.01, 0.20, 0.25
Tasks: 407 total,   1 running, 406 sleeping,   0 stopped,   0 zombie
%Cpu(s):  0.0 us,  0.0 sy,  0.0 ni, 99.9 id,  0.0 wa,  0.0 hi,  0.0 si,  0.0 st
KiB Mem : 65877712 total, 57763528 free,  1513720 used,  6600464 buff/cache
KiB Swap: 33554428 total, 32343480 free,  1210948 used. 63215768 avail Mem 
--
top - 12:45:31 up 105 days,  4:28,  0 users,  load average: 0.01, 0.19, 0.24
Tasks: 407 total,   1 running, 406 sleeping,   0 stopped,   0 zombie
%Cpu(s):  0.0 us,  0.0 sy,  0.0 ni, 99.9 id,  0.0 wa,  0.0 hi,  0.0 si,  0.0 st
KiB Mem : 65877712 total, 57740364 free,  1536884 used,  6600464 buff/cache
KiB Swap: 33554428 total, 32343480 free,  1210948 used. 63192604 avail Mem 
--
top - 12:45:36 up 105 days,  4:28,  0 users,  load average: 0.17, 0.22, 0.25
Tasks: 407 total,   1 running, 406 sleeping,   0 stopped,   0 zombie
%Cpu(s):  0.1 us,  0.1 sy,  0.0 ni, 99.9 id,  0.0 wa,  0.0 hi,  0.0 si,  0.0 st
KiB Mem : 65877712 total, 57715340 free,  1561908 used,  6600464 buff/cache
KiB Swap: 33554428 total, 32343480 free,  1210948 used. 63167580 avail Mem 
--
top - 12:45:42 up 105 days,  4:28,  0 users,  load average: 0.15, 0.22, 0.25
Tasks: 407 total,   1 running, 406 sleeping,   0 stopped,   0 zombie
%Cpu(s):  0.1 us,  0.0 sy,  0.0 ni, 99.9 id,  0.0 wa,  0.0 hi,  0.0 si,  0.0 st
KiB Mem : 65877712 total, 57692548 free,  1584700 used,  6600464 buff/cache
KiB Swap: 33554428 total, 32343480 free,  1210948 used. 63144792 avail Mem 
--
top - 12:45:47 up 105 days,  4:28,  0 users,  load average: 0.14, 0.21, 0.25
Tasks: 407 total,   1 running, 406 sleeping,   0 stopped,   0 zombie
%Cpu(s):  0.1 us,  0.1 sy,  0.0 ni, 99.8 id,  0.0 wa,  0.0 hi,  0.0 si,  0.0 st
KiB Mem : 65877712 total, 57665140 free,  1612108 used,  6600464 buff/cache
KiB Swap: 33554428 total, 32343480 free,  1210948 used. 63117384 avail Mem 
--
top - 12:45:52 up 105 days,  4:29,  0 users,  load average: 0.13, 0.21, 0.25
Tasks: 407 total,   1 running, 406 sleeping,   0 stopped,   0 zombie
%Cpu(s):  0.1 us,  0.1 sy,  0.0 ni, 99.9 id,  0.0 wa,  0.0 hi,  0.0 si,  0.0 st
KiB Mem : 65877712 total, 57638720 free,  1638528 used,  6600464 buff/cache
KiB Swap: 33554428 total, 32343480 free,  1210948 used. 63090964 avail Mem 
--
top - 12:45:57 up 105 days,  4:29,  0 users,  load average: 0.12, 0.21, 0.25
Tasks: 407 total,   1 running, 406 sleeping,   0 stopped,   0 zombie
%Cpu(s): 58.3 us,  0.5 sy,  0.0 ni, 41.2 id,  0.0 wa,  0.0 hi,  0.0 si,  0.0 st
KiB Mem : 65877712 total, 57513520 free,  1763728 used,  6600464 buff/cache
KiB Swap: 33554428 total, 32343480 free,  1210948 used. 62965764 avail Mem 
--
top - 12:46:02 up 105 days,  4:29,  0 users,  load average: 0.11, 0.20, 0.25
Tasks: 407 total,   1 running, 406 sleeping,   0 stopped,   0 zombie
%Cpu(s):  2.4 us,  0.2 sy,  0.0 ni, 96.8 id,  0.6 wa,  0.0 hi,  0.0 si,  0.0 st
KiB Mem : 65877712 total, 57631736 free,  1645512 used,  6600464 buff/cache
KiB Swap: 33554428 total, 32343480 free,  1210948 used. 63083980 avail Mem 
--
top - 12:46:07 up 105 days,  4:29,  0 users,  load average: 0.10, 0.20, 0.25
Tasks: 407 total,   1 running, 406 sleeping,   0 stopped,   0 zombie
%Cpu(s):  0.0 us,  0.0 sy,  0.0 ni, 99.9 id,  0.0 wa,  0.0 hi,  0.0 si,  0.0 st
KiB Mem : 65877712 total, 57634796 free,  1642476 used,  6600440 buff/cache
KiB Swap: 33554428 total, 32343480 free,  1210948 used. 63087028 avail Mem 
--
top - 12:46:12 up 105 days,  4:29,  0 users,  load average: 0.09, 0.20, 0.24
Tasks: 407 total,   1 running, 406 sleeping,   0 stopped,   0 zombie
%Cpu(s):  0.1 us,  0.0 sy,  0.0 ni, 99.9 id,  0.0 wa,  0.0 hi,  0.0 si,  0.0 st
KiB Mem : 65877712 total, 57618868 free,  1658400 used,  6600444 buff/cache
KiB Swap: 33554428 total, 32343480 free,  1210948 used. 63071104 avail Mem 
--
top - 12:46:17 up 105 days,  4:29,  0 users,  load average: 0.09, 0.19, 0.24
Tasks: 407 total,   1 running, 406 sleeping,   0 stopped,   0 zombie
%Cpu(s):  0.1 us,  0.0 sy,  0.0 ni, 99.9 id,  0.0 wa,  0.0 hi,  0.0 si,  0.0 st
KiB Mem : 65877712 total, 57598588 free,  1678680 used,  6600444 buff/cache
KiB Swap: 33554428 total, 32343480 free,  1210948 used. 63050824 avail Mem 
--
top - 12:46:22 up 105 days,  4:29,  0 users,  load average: 0.08, 0.19, 0.24
Tasks: 407 total,   1 running, 406 sleeping,   0 stopped,   0 zombie
%Cpu(s):  0.1 us,  0.1 sy,  0.0 ni, 99.8 id,  0.0 wa,  0.0 hi,  0.0 si,  0.0 st
KiB Mem : 65877712 total, 57573912 free,  1703356 used,  6600444 buff/cache
KiB Swap: 33554428 total, 32343480 free,  1210948 used. 63026148 avail Mem 
--
top - 12:46:27 up 105 days,  4:29,  0 users,  load average: 0.07, 0.19, 0.24
Tasks: 407 total,   1 running, 406 sleeping,   0 stopped,   0 zombie
%Cpu(s):  0.1 us,  0.1 sy,  0.0 ni, 99.8 id,  0.0 wa,  0.0 hi,  0.0 si,  0.0 st
KiB Mem : 65877712 total, 57548308 free,  1728960 used,  6600444 buff/cache
KiB Swap: 33554428 total, 32343480 free,  1210948 used. 63000544 avail Mem 
--
top - 12:46:32 up 105 days,  4:29,  0 users,  load average: 0.07, 0.18, 0.24
Tasks: 407 total,   1 running, 406 sleeping,   0 stopped,   0 zombie
%Cpu(s):  0.1 us,  0.1 sy,  0.0 ni, 99.9 id,  0.0 wa,  0.0 hi,  0.0 si,  0.0 st
KiB Mem : 65877712 total, 57524804 free,  1752464 used,  6600444 buff/cache
KiB Swap: 33554428 total, 32343480 free,  1210948 used. 62977040 avail Mem 
--
top - 12:46:37 up 105 days,  4:29,  0 users,  load average: 0.06, 0.18, 0.24
Tasks: 407 total,   1 running, 406 sleeping,   0 stopped,   0 zombie
%Cpu(s):  0.1 us,  0.1 sy,  0.0 ni, 99.9 id,  0.0 wa,  0.0 hi,  0.0 si,  0.0 st
KiB Mem : 65877712 total, 57496884 free,  1780384 used,  6600444 buff/cache
KiB Swap: 33554428 total, 32343480 free,  1210948 used. 62949120 avail Mem 
--
top - 12:46:42 up 105 days,  4:29,  0 users,  load average: 0.06, 0.18, 0.23
Tasks: 407 total,   1 running, 406 sleeping,   0 stopped,   0 zombie
%Cpu(s): 55.1 us,  0.7 sy,  0.0 ni, 44.1 id,  0.1 wa,  0.0 hi,  0.0 si,  0.0 st
KiB Mem : 65877712 total, 57381704 free,  1895564 used,  6600444 buff/cache
KiB Swap: 33554428 total, 32343480 free,  1210948 used. 62833940 avail Mem 
--
top - 12:46:47 up 105 days,  4:29,  0 users,  load average: 0.05, 0.18, 0.23
Tasks: 407 total,   1 running, 406 sleeping,   0 stopped,   0 zombie
%Cpu(s):  2.4 us,  0.1 sy,  0.0 ni, 97.5 id,  0.0 wa,  0.0 hi,  0.0 si,  0.0 st
KiB Mem : 65877712 total, 57522328 free,  1754940 used,  6600444 buff/cache
KiB Swap: 33554428 total, 32343480 free,  1210948 used. 62974564 avail Mem 
--
top - 12:46:52 up 105 days,  4:30,  0 users,  load average: 0.05, 0.17, 0.23
Tasks: 407 total,   1 running, 406 sleeping,   0 stopped,   0 zombie
%Cpu(s):  0.0 us,  0.0 sy,  0.0 ni, 99.9 id,  0.0 wa,  0.0 hi,  0.0 si,  0.0 st
KiB Mem : 65877712 total, 57514080 free,  1763188 used,  6600444 buff/cache
KiB Swap: 33554428 total, 32343480 free,  1210948 used. 62966316 avail Mem 
--
top - 12:46:57 up 105 days,  4:30,  0 users,  load average: 0.04, 0.17, 0.23
Tasks: 407 total,   1 running, 406 sleeping,   0 stopped,   0 zombie
%Cpu(s):  0.0 us,  0.0 sy,  0.0 ni, 99.9 id,  0.0 wa,  0.0 hi,  0.0 si,  0.0 st
KiB Mem : 65877712 total, 57504864 free,  1772404 used,  6600444 buff/cache
KiB Swap: 33554428 total, 32343480 free,  1210948 used. 62957100 avail Mem 
--
top - 12:47:02 up 105 days,  4:30,  0 users,  load average: 0.04, 0.17, 0.23
Tasks: 407 total,   1 running, 406 sleeping,   0 stopped,   0 zombie
%Cpu(s):  0.1 us,  0.1 sy,  0.0 ni, 99.9 id,  0.0 wa,  0.0 hi,  0.0 si,  0.0 st
KiB Mem : 65877712 total, 57472672 free,  1804596 used,  6600444 buff/cache
KiB Swap: 33554428 total, 32343480 free,  1210948 used. 62924908 avail Mem 
--
top - 12:47:07 up 105 days,  4:30,  0 users,  load average: 0.04, 0.16, 0.23
Tasks: 405 total,   1 running, 404 sleeping,   0 stopped,   0 zombie
%Cpu(s):  0.1 us,  0.0 sy,  0.0 ni, 99.9 id,  0.0 wa,  0.0 hi,  0.0 si,  0.0 st
KiB Mem : 65877712 total, 57445848 free,  1831416 used,  6600448 buff/cache
KiB Swap: 33554428 total, 32343480 free,  1210948 used. 62898088 avail Mem 
--
top - 12:47:12 up 105 days,  4:30,  0 users,  load average: 0.03, 0.16, 0.23
Tasks: 405 total,   1 running, 404 sleeping,   0 stopped,   0 zombie
%Cpu(s):  0.1 us,  0.0 sy,  0.0 ni, 99.9 id,  0.0 wa,  0.0 hi,  0.0 si,  0.0 st
KiB Mem : 65877712 total, 57414396 free,  1862868 used,  6600448 buff/cache
KiB Swap: 33554428 total, 32343480 free,  1210948 used. 62866636 avail Mem 
--
top - 12:47:17 up 105 days,  4:30,  0 users,  load average: 0.03, 0.16, 0.22
Tasks: 406 total,   1 running, 405 sleeping,   0 stopped,   0 zombie
%Cpu(s):  0.0 us,  0.0 sy,  0.0 ni, 99.9 id,  0.0 wa,  0.0 hi,  0.0 si,  0.0 st
KiB Mem : 65877712 total, 57393596 free,  1883668 used,  6600448 buff/cache
KiB Swap: 33554428 total, 32343480 free,  1210948 used. 62845836 avail Mem 
--
top - 12:47:22 up 105 days,  4:30,  0 users,  load average: 0.03, 0.16, 0.22
Tasks: 406 total,   2 running, 404 sleeping,   0 stopped,   0 zombie
%Cpu(s): 17.1 us,  0.3 sy,  0.0 ni, 82.6 id,  0.0 wa,  0.0 hi,  0.0 si,  0.0 st
KiB Mem : 65877712 total, 57346632 free,  1930632 used,  6600448 buff/cache
KiB Swap: 33554428 total, 32343480 free,  1210948 used. 62798872 avail Mem 
--
top - 12:47:27 up 105 days,  4:30,  0 users,  load average: 2.11, 0.59, 0.36
Tasks: 406 total,   1 running, 405 sleeping,   0 stopped,   0 zombie
%Cpu(s): 41.1 us,  0.3 sy,  0.0 ni, 58.6 id,  0.0 wa,  0.0 hi,  0.0 si,  0.0 st
KiB Mem : 65877712 total, 57257532 free,  2019732 used,  6600448 buff/cache
KiB Swap: 33554428 total, 32343480 free,  1210948 used. 62709768 avail Mem 
--
top - 12:47:32 up 105 days,  4:30,  0 users,  load average: 1.94, 0.58, 0.36
Tasks: 406 total,   1 running, 405 sleeping,   0 stopped,   0 zombie
%Cpu(s):  0.0 us,  0.0 sy,  0.0 ni, 99.9 id,  0.0 wa,  0.0 hi,  0.0 si,  0.0 st
KiB Mem : 65877712 total, 57386840 free,  1890424 used,  6600448 buff/cache
KiB Swap: 33554428 total, 32343480 free,  1210948 used. 62839076 avail Mem 
--
top - 12:47:37 up 105 days,  4:30,  0 users,  load average: 1.78, 0.57, 0.36
Tasks: 406 total,   1 running, 405 sleeping,   0 stopped,   0 zombie
%Cpu(s):  0.0 us,  0.0 sy,  0.0 ni,100.0 id,  0.0 wa,  0.0 hi,  0.0 si,  0.0 st
KiB Mem : 65877712 total, 57388972 free,  1888292 used,  6600448 buff/cache
KiB Swap: 33554428 total, 32343480 free,  1210948 used. 62841212 avail Mem 
--
top - 12:47:42 up 105 days,  4:30,  0 users,  load average: 1.64, 0.56, 0.36
Tasks: 406 total,   1 running, 405 sleeping,   0 stopped,   0 zombie
%Cpu(s):  0.1 us,  0.1 sy,  0.0 ni, 99.8 id,  0.0 wa,  0.0 hi,  0.0 si,  0.0 st
KiB Mem : 65877712 total, 57364956 free,  1912308 used,  6600448 buff/cache
KiB Swap: 33554428 total, 32343480 free,  1210948 used. 62817196 avail Mem 
--
top - 12:47:47 up 105 days,  4:30,  0 users,  load average: 1.51, 0.55, 0.35
Tasks: 406 total,   2 running, 404 sleeping,   0 stopped,   0 zombie
%Cpu(s):  0.1 us,  0.1 sy,  0.0 ni, 99.9 id,  0.0 wa,  0.0 hi,  0.0 si,  0.0 st
KiB Mem : 65877712 total, 57342496 free,  1934768 used,  6600448 buff/cache
KiB Swap: 33554428 total, 32343480 free,  1210948 used. 62794736 avail Mem 
--
top - 12:47:52 up 105 days,  4:31,  0 users,  load average: 1.39, 0.54, 0.35
Tasks: 406 total,   2 running, 404 sleeping,   0 stopped,   0 zombie
%Cpu(s):  0.1 us,  0.1 sy,  0.0 ni, 99.8 id,  0.0 wa,  0.0 hi,  0.0 si,  0.0 st
KiB Mem : 65877712 total, 57316132 free,  1961132 used,  6600448 buff/cache
KiB Swap: 33554428 total, 32343480 free,  1210948 used. 62768372 avail Mem 
--
top - 12:47:57 up 105 days,  4:31,  0 users,  load average: 1.28, 0.53, 0.35
Tasks: 406 total,   1 running, 405 sleeping,   0 stopped,   0 zombie
%Cpu(s):  0.1 us,  0.1 sy,  0.0 ni, 99.9 id,  0.0 wa,  0.0 hi,  0.0 si,  0.0 st
KiB Mem : 65877712 total, 57289564 free,  1987696 used,  6600452 buff/cache
KiB Swap: 33554428 total, 32343480 free,  1210948 used. 62741808 avail Mem 
--
top - 12:48:02 up 105 days,  4:31,  0 users,  load average: 1.18, 0.52, 0.35
Tasks: 406 total,   1 running, 405 sleeping,   0 stopped,   0 zombie
%Cpu(s):  0.5 us,  0.2 sy,  0.0 ni, 98.7 id,  0.6 wa,  0.0 hi,  0.0 si,  0.0 st
KiB Mem : 65877712 total, 57249004 free,  2028256 used,  6600452 buff/cache
KiB Swap: 33554428 total, 32343480 free,  1210948 used. 62701248 avail Mem 
--
top - 12:48:07 up 105 days,  4:31,  0 users,  load average: 1.08, 0.51, 0.35
Tasks: 406 total,   1 running, 405 sleeping,   0 stopped,   0 zombie
%Cpu(s): 60.2 us,  0.6 sy,  0.0 ni, 39.2 id,  0.0 wa,  0.0 hi,  0.0 si,  0.0 st
KiB Mem : 65877712 total, 57137532 free,  2139724 used,  6600456 buff/cache
KiB Swap: 33554428 total, 32343480 free,  1210948 used. 62589780 avail Mem 
