Job id: 4753301
Worker ip: 10.149.0.44
Master ip: 10.149.0.54
--
top - 12:54:13 up 105 days,  4:37,  0 users,  load average: 0.40, 0.56, 0.45
Tasks: 400 total,   1 running, 399 sleeping,   0 stopped,   0 zombie
%Cpu(s):  0.5 us,  1.1 sy,  0.0 ni, 98.4 id,  0.0 wa,  0.0 hi,  0.0 si,  0.0 st
KiB Mem : 65877712 total, 58491824 free,  1063224 used,  6322664 buff/cache
KiB Swap: 33554428 total, 32473608 free,  1080820 used. 63617104 avail Mem 
--
top - 12:54:18 up 105 days,  4:37,  0 users,  load average: 0.37, 0.56, 0.44
Tasks: 402 total,   1 running, 401 sleeping,   0 stopped,   0 zombie
%Cpu(s):  1.7 us,  0.5 sy,  0.0 ni, 97.7 id,  0.0 wa,  0.0 hi,  0.0 si,  0.0 st
KiB Mem : 65877712 total, 58463576 free,  1084848 used,  6329288 buff/cache
KiB Swap: 33554428 total, 32473608 free,  1080820 used. 63595432 avail Mem 
--
top - 12:54:23 up 105 days,  4:37,  0 users,  load average: 0.34, 0.55, 0.44
Tasks: 403 total,   1 running, 402 sleeping,   0 stopped,   0 zombie
%Cpu(s):  0.0 us,  0.0 sy,  0.0 ni,100.0 id,  0.0 wa,  0.0 hi,  0.0 si,  0.0 st
KiB Mem : 65877712 total, 58464392 free,  1084032 used,  6329288 buff/cache
KiB Swap: 33554428 total, 32473608 free,  1080820 used. 63596268 avail Mem 
--
top - 12:54:28 up 105 days,  4:37,  0 users,  load average: 0.31, 0.54, 0.44
Tasks: 403 total,   2 running, 401 sleeping,   0 stopped,   0 zombie
%Cpu(s):  0.0 us,  0.0 sy,  0.0 ni,100.0 id,  0.0 wa,  0.0 hi,  0.0 si,  0.0 st
KiB Mem : 65877712 total, 58465144 free,  1083280 used,  6329288 buff/cache
KiB Swap: 33554428 total, 32473608 free,  1080820 used. 63597020 avail Mem 
--
top - 12:54:33 up 105 days,  4:37,  0 users,  load average: 0.29, 0.53, 0.44
Tasks: 403 total,   1 running, 402 sleeping,   0 stopped,   0 zombie
%Cpu(s):  0.0 us,  0.0 sy,  0.0 ni,100.0 id,  0.0 wa,  0.0 hi,  0.0 si,  0.0 st
KiB Mem : 65877712 total, 58466012 free,  1082412 used,  6329288 buff/cache
KiB Swap: 33554428 total, 32473608 free,  1080820 used. 63597888 avail Mem 
--
top - 12:54:38 up 105 days,  4:37,  0 users,  load average: 0.27, 0.52, 0.43
Tasks: 403 total,   1 running, 402 sleeping,   0 stopped,   0 zombie
%Cpu(s):  0.0 us,  0.0 sy,  0.0 ni,100.0 id,  0.0 wa,  0.0 hi,  0.0 si,  0.0 st
KiB Mem : 65877712 total, 58466616 free,  1081808 used,  6329288 buff/cache
KiB Swap: 33554428 total, 32473608 free,  1080820 used. 63598492 avail Mem 
--
top - 12:54:43 up 105 days,  4:37,  0 users,  load average: 0.24, 0.51, 0.43
Tasks: 403 total,   1 running, 402 sleeping,   0 stopped,   0 zombie
%Cpu(s):  0.0 us,  0.0 sy,  0.0 ni,100.0 id,  0.0 wa,  0.0 hi,  0.0 si,  0.0 st
KiB Mem : 65877712 total, 58467644 free,  1080780 used,  6329288 buff/cache
KiB Swap: 33554428 total, 32473608 free,  1080820 used. 63599520 avail Mem 
--
top - 12:54:48 up 105 days,  4:37,  0 users,  load average: 0.22, 0.50, 0.43
Tasks: 403 total,   1 running, 402 sleeping,   0 stopped,   0 zombie
%Cpu(s):  0.0 us,  0.0 sy,  0.0 ni,100.0 id,  0.0 wa,  0.0 hi,  0.0 si,  0.0 st
KiB Mem : 65877712 total, 58467980 free,  1080444 used,  6329288 buff/cache
KiB Swap: 33554428 total, 32473608 free,  1080820 used. 63599856 avail Mem 
--
top - 12:54:53 up 105 days,  4:37,  0 users,  load average: 0.21, 0.49, 0.43
Tasks: 403 total,   1 running, 402 sleeping,   0 stopped,   0 zombie
%Cpu(s):  0.0 us,  0.0 sy,  0.0 ni, 99.9 id,  0.0 wa,  0.0 hi,  0.0 si,  0.0 st
KiB Mem : 65877712 total, 58464172 free,  1084252 used,  6329288 buff/cache
KiB Swap: 33554428 total, 32473608 free,  1080820 used. 63596048 avail Mem 
--
top - 12:54:58 up 105 days,  4:38,  0 users,  load average: 0.19, 0.49, 0.43
Tasks: 403 total,   1 running, 402 sleeping,   0 stopped,   0 zombie
%Cpu(s):  0.1 us,  0.0 sy,  0.0 ni, 99.9 id,  0.0 wa,  0.0 hi,  0.0 si,  0.0 st
KiB Mem : 65877712 total, 58436388 free,  1112036 used,  6329288 buff/cache
KiB Swap: 33554428 total, 32473608 free,  1080820 used. 63568264 avail Mem 
--
top - 12:55:03 up 105 days,  4:38,  0 users,  load average: 0.17, 0.48, 0.42
Tasks: 403 total,   2 running, 401 sleeping,   0 stopped,   0 zombie
%Cpu(s):  0.1 us,  0.0 sy,  0.0 ni, 99.9 id,  0.0 wa,  0.0 hi,  0.0 si,  0.0 st
KiB Mem : 65877712 total, 58412108 free,  1136316 used,  6329288 buff/cache
KiB Swap: 33554428 total, 32473608 free,  1080820 used. 63543984 avail Mem 
--
top - 12:55:08 up 105 days,  4:38,  0 users,  load average: 0.24, 0.49, 0.43
Tasks: 403 total,   1 running, 402 sleeping,   0 stopped,   0 zombie
%Cpu(s):  0.1 us,  0.0 sy,  0.0 ni, 99.9 id,  0.0 wa,  0.0 hi,  0.0 si,  0.0 st
KiB Mem : 65877712 total, 58380920 free,  1167500 used,  6329292 buff/cache
KiB Swap: 33554428 total, 32473608 free,  1080820 used. 63512796 avail Mem 
--
top - 12:55:13 up 105 days,  4:38,  0 users,  load average: 0.22, 0.48, 0.42
Tasks: 403 total,   1 running, 402 sleeping,   0 stopped,   0 zombie
%Cpu(s):  0.1 us,  0.0 sy,  0.0 ni, 99.9 id,  0.0 wa,  0.0 hi,  0.0 si,  0.0 st
KiB Mem : 65877712 total, 58359980 free,  1188440 used,  6329292 buff/cache
KiB Swap: 33554428 total, 32473608 free,  1080820 used. 63491856 avail Mem 
--
top - 12:55:18 up 105 days,  4:38,  0 users,  load average: 0.20, 0.47, 0.42
Tasks: 403 total,   1 running, 402 sleeping,   0 stopped,   0 zombie
%Cpu(s):  0.1 us,  0.0 sy,  0.0 ni, 99.9 id,  0.0 wa,  0.0 hi,  0.0 si,  0.0 st
KiB Mem : 65877712 total, 58333116 free,  1215304 used,  6329292 buff/cache
KiB Swap: 33554428 total, 32473608 free,  1080820 used. 63464992 avail Mem 
--
top - 12:55:23 up 105 days,  4:38,  0 users,  load average: 0.19, 0.46, 0.42
Tasks: 403 total,   2 running, 401 sleeping,   0 stopped,   0 zombie
%Cpu(s): 19.8 us,  0.4 sy,  0.0 ni, 79.8 id,  0.0 wa,  0.0 hi,  0.0 si,  0.0 st
KiB Mem : 65877712 total, 58020948 free,  1527472 used,  6329292 buff/cache
KiB Swap: 33554428 total, 32473608 free,  1080820 used. 63152828 avail Mem 
--
top - 12:55:28 up 105 days,  4:38,  0 users,  load average: 0.17, 0.45, 0.42
Tasks: 403 total,   1 running, 402 sleeping,   0 stopped,   0 zombie
%Cpu(s): 38.5 us,  0.1 sy,  0.0 ni, 61.3 id,  0.0 wa,  0.0 hi,  0.0 si,  0.0 st
KiB Mem : 65877712 total, 57986632 free,  1561788 used,  6329292 buff/cache
KiB Swap: 33554428 total, 32473608 free,  1080820 used. 63118512 avail Mem 
--
top - 12:55:33 up 105 days,  4:38,  0 users,  load average: 0.16, 0.45, 0.41
Tasks: 403 total,   1 running, 402 sleeping,   0 stopped,   0 zombie
%Cpu(s):  0.0 us,  0.0 sy,  0.0 ni,100.0 id,  0.0 wa,  0.0 hi,  0.0 si,  0.0 st
KiB Mem : 65877712 total, 58091176 free,  1457244 used,  6329292 buff/cache
KiB Swap: 33554428 total, 32473608 free,  1080820 used. 63223056 avail Mem 
--
top - 12:55:38 up 105 days,  4:38,  0 users,  load average: 0.15, 0.44, 0.41
Tasks: 403 total,   1 running, 402 sleeping,   0 stopped,   0 zombie
%Cpu(s):  0.0 us,  0.0 sy,  0.0 ni, 99.9 id,  0.0 wa,  0.0 hi,  0.0 si,  0.0 st
KiB Mem : 65877712 total, 58078544 free,  1469876 used,  6329292 buff/cache
KiB Swap: 33554428 total, 32473608 free,  1080820 used. 63210424 avail Mem 
--
top - 12:55:43 up 105 days,  4:38,  0 users,  load average: 0.13, 0.43, 0.41
Tasks: 403 total,   1 running, 402 sleeping,   0 stopped,   0 zombie
%Cpu(s):  0.1 us,  0.1 sy,  0.0 ni, 99.9 id,  0.0 wa,  0.0 hi,  0.0 si,  0.0 st
KiB Mem : 65877712 total, 58053280 free,  1495140 used,  6329292 buff/cache
KiB Swap: 33554428 total, 32473608 free,  1080820 used. 63185160 avail Mem 
--
top - 12:55:48 up 105 days,  4:38,  0 users,  load average: 0.12, 0.43, 0.41
Tasks: 403 total,   1 running, 402 sleeping,   0 stopped,   0 zombie
%Cpu(s):  0.1 us,  0.1 sy,  0.0 ni, 99.8 id,  0.0 wa,  0.0 hi,  0.0 si,  0.0 st
KiB Mem : 65877712 total, 58020380 free,  1528040 used,  6329292 buff/cache
KiB Swap: 33554428 total, 32473608 free,  1080820 used. 63152260 avail Mem 
--
top - 12:55:53 up 105 days,  4:38,  0 users,  load average: 0.11, 0.42, 0.40
Tasks: 403 total,   1 running, 402 sleeping,   0 stopped,   0 zombie
%Cpu(s):  0.1 us,  0.1 sy,  0.0 ni, 99.8 id,  0.0 wa,  0.0 hi,  0.0 si,  0.0 st
KiB Mem : 65877712 total, 58008328 free,  1540092 used,  6329292 buff/cache
KiB Swap: 33554428 total, 32473608 free,  1080820 used. 63140208 avail Mem 
--
top - 12:55:58 up 105 days,  4:39,  0 users,  load average: 0.10, 0.41, 0.40
Tasks: 403 total,   1 running, 402 sleeping,   0 stopped,   0 zombie
%Cpu(s):  0.1 us,  0.1 sy,  0.0 ni, 99.9 id,  0.0 wa,  0.0 hi,  0.0 si,  0.0 st
KiB Mem : 65877712 total, 57986508 free,  1561912 used,  6329292 buff/cache
KiB Swap: 33554428 total, 32473608 free,  1080820 used. 63118388 avail Mem 
--
top - 12:56:03 up 105 days,  4:39,  0 users,  load average: 0.10, 0.40, 0.40
Tasks: 403 total,   1 running, 402 sleeping,   0 stopped,   0 zombie
%Cpu(s):  0.5 us,  0.2 sy,  0.0 ni, 98.7 id,  0.6 wa,  0.0 hi,  0.0 si,  0.0 st
KiB Mem : 65877712 total, 57951468 free,  1596948 used,  6329296 buff/cache
KiB Swap: 33554428 total, 32473608 free,  1080820 used. 63083352 avail Mem 
--
top - 12:56:08 up 105 days,  4:39,  0 users,  load average: 2.33, 0.86, 0.55
Tasks: 403 total,   1 running, 402 sleeping,   0 stopped,   0 zombie
%Cpu(s): 57.5 us,  0.4 sy,  0.0 ni, 42.1 id,  0.0 wa,  0.0 hi,  0.0 si,  0.0 st
KiB Mem : 65877712 total, 57825016 free,  1723400 used,  6329296 buff/cache
KiB Swap: 33554428 total, 32473608 free,  1080820 used. 62956900 avail Mem 
--
top - 12:56:13 up 105 days,  4:39,  0 users,  load average: 2.14, 0.85, 0.55
Tasks: 403 total,   1 running, 402 sleeping,   0 stopped,   0 zombie
%Cpu(s):  0.0 us,  0.0 sy,  0.0 ni, 99.9 id,  0.0 wa,  0.0 hi,  0.0 si,  0.0 st
KiB Mem : 65877712 total, 57964508 free,  1583908 used,  6329296 buff/cache
KiB Swap: 33554428 total, 32473608 free,  1080820 used. 63096392 avail Mem 
--
top - 12:56:19 up 105 days,  4:39,  0 users,  load average: 1.97, 0.83, 0.54
Tasks: 403 total,   1 running, 402 sleeping,   0 stopped,   0 zombie
%Cpu(s):  0.0 us,  0.0 sy,  0.0 ni, 99.9 id,  0.0 wa,  0.0 hi,  0.0 si,  0.0 st
KiB Mem : 65877712 total, 57960720 free,  1587696 used,  6329296 buff/cache
KiB Swap: 33554428 total, 32473608 free,  1080820 used. 63092604 avail Mem 
--
top - 12:56:24 up 105 days,  4:39,  0 users,  load average: 1.81, 0.82, 0.54
Tasks: 403 total,   1 running, 402 sleeping,   0 stopped,   0 zombie
%Cpu(s):  0.1 us,  0.1 sy,  0.0 ni, 99.8 id,  0.1 wa,  0.0 hi,  0.0 si,  0.0 st
KiB Mem : 65877712 total, 57948700 free,  1599716 used,  6329296 buff/cache
KiB Swap: 33554428 total, 32473608 free,  1080820 used. 63080584 avail Mem 
--
top - 12:56:29 up 105 days,  4:39,  0 users,  load average: 1.67, 0.81, 0.54
Tasks: 403 total,   1 running, 402 sleeping,   0 stopped,   0 zombie
%Cpu(s):  0.1 us,  0.1 sy,  0.0 ni, 99.9 id,  0.0 wa,  0.0 hi,  0.0 si,  0.0 st
KiB Mem : 65877712 total, 57921008 free,  1627408 used,  6329296 buff/cache
KiB Swap: 33554428 total, 32473608 free,  1080820 used. 63052892 avail Mem 
--
top - 12:56:34 up 105 days,  4:39,  0 users,  load average: 1.54, 0.79, 0.53
Tasks: 403 total,   1 running, 402 sleeping,   0 stopped,   0 zombie
%Cpu(s):  0.1 us,  0.1 sy,  0.0 ni, 99.9 id,  0.0 wa,  0.0 hi,  0.0 si,  0.0 st
KiB Mem : 65877712 total, 57892296 free,  1656120 used,  6329296 buff/cache
KiB Swap: 33554428 total, 32473608 free,  1080820 used. 63024180 avail Mem 
--
top - 12:56:39 up 105 days,  4:39,  0 users,  load average: 1.41, 0.78, 0.53
Tasks: 403 total,   1 running, 402 sleeping,   0 stopped,   0 zombie
%Cpu(s):  0.1 us,  0.1 sy,  0.0 ni, 99.9 id,  0.0 wa,  0.0 hi,  0.0 si,  0.0 st
KiB Mem : 65877712 total, 57859376 free,  1689040 used,  6329296 buff/cache
KiB Swap: 33554428 total, 32473608 free,  1080820 used. 62991260 avail Mem 
--
top - 12:56:44 up 105 days,  4:39,  0 users,  load average: 1.30, 0.77, 0.53
Tasks: 403 total,   1 running, 402 sleeping,   0 stopped,   0 zombie
%Cpu(s):  0.1 us,  0.0 sy,  0.0 ni, 99.9 id,  0.0 wa,  0.0 hi,  0.0 si,  0.0 st
KiB Mem : 65877712 total, 57841624 free,  1706792 used,  6329296 buff/cache
KiB Swap: 33554428 total, 32473608 free,  1080820 used. 62973508 avail Mem 
--
top - 12:56:49 up 105 days,  4:39,  0 users,  load average: 1.19, 0.75, 0.53
Tasks: 403 total,   1 running, 402 sleeping,   0 stopped,   0 zombie
%Cpu(s):  0.1 us,  0.1 sy,  0.0 ni, 99.9 id,  0.0 wa,  0.0 hi,  0.0 si,  0.0 st
KiB Mem : 65877712 total, 57815300 free,  1733116 used,  6329296 buff/cache
KiB Swap: 33554428 total, 32473608 free,  1080820 used. 62947184 avail Mem 
--
top - 12:56:54 up 105 days,  4:39,  0 users,  load average: 1.10, 0.74, 0.52
Tasks: 403 total,   2 running, 401 sleeping,   0 stopped,   0 zombie
%Cpu(s): 17.4 us,  0.5 sy,  0.0 ni, 82.0 id,  0.0 wa,  0.0 hi,  0.0 si,  0.0 st
KiB Mem : 65877712 total, 57769048 free,  1779368 used,  6329296 buff/cache
KiB Swap: 33554428 total, 32473608 free,  1080820 used. 62900932 avail Mem 
--
top - 12:56:59 up 105 days,  4:40,  0 users,  load average: 1.01, 0.73, 0.52
Tasks: 403 total,   1 running, 402 sleeping,   0 stopped,   0 zombie
%Cpu(s): 42.5 us,  0.3 sy,  0.0 ni, 57.2 id,  0.0 wa,  0.0 hi,  0.0 si,  0.0 st
KiB Mem : 65877712 total, 57838044 free,  1710368 used,  6329300 buff/cache
KiB Swap: 33554428 total, 32473608 free,  1080820 used. 62969932 avail Mem 
--
top - 12:57:04 up 105 days,  4:40,  0 users,  load average: 0.93, 0.72, 0.52
Tasks: 402 total,   1 running, 401 sleeping,   0 stopped,   0 zombie
%Cpu(s):  0.0 us,  0.0 sy,  0.0 ni,100.0 id,  0.0 wa,  0.0 hi,  0.0 si,  0.0 st
KiB Mem : 65877712 total, 57842320 free,  1706092 used,  6329300 buff/cache
KiB Swap: 33554428 total, 32473608 free,  1080820 used. 62974208 avail Mem 
--
top - 12:57:09 up 105 days,  4:40,  0 users,  load average: 0.86, 0.71, 0.51
Tasks: 402 total,   1 running, 401 sleeping,   0 stopped,   0 zombie
%Cpu(s):  0.1 us,  0.0 sy,  0.0 ni, 99.9 id,  0.0 wa,  0.0 hi,  0.0 si,  0.0 st
KiB Mem : 65877712 total, 57828156 free,  1720256 used,  6329300 buff/cache
KiB Swap: 33554428 total, 32473608 free,  1080820 used. 62960044 avail Mem 
--
top - 12:57:14 up 105 days,  4:40,  0 users,  load average: 0.79, 0.69, 0.51
Tasks: 402 total,   1 running, 401 sleeping,   0 stopped,   0 zombie
%Cpu(s):  0.1 us,  0.0 sy,  0.0 ni, 99.9 id,  0.0 wa,  0.0 hi,  0.0 si,  0.0 st
KiB Mem : 65877712 total, 57806700 free,  1741712 used,  6329300 buff/cache
KiB Swap: 33554428 total, 32473608 free,  1080820 used. 62938588 avail Mem 
--
top - 12:57:19 up 105 days,  4:40,  0 users,  load average: 0.72, 0.68, 0.51
Tasks: 402 total,   1 running, 401 sleeping,   0 stopped,   0 zombie
%Cpu(s):  0.1 us,  0.1 sy,  0.0 ni, 99.9 id,  0.0 wa,  0.0 hi,  0.0 si,  0.0 st
KiB Mem : 65877712 total, 57783588 free,  1764824 used,  6329300 buff/cache
KiB Swap: 33554428 total, 32473608 free,  1080820 used. 62915476 avail Mem 
--
top - 12:57:24 up 105 days,  4:40,  0 users,  load average: 0.67, 0.67, 0.51
Tasks: 402 total,   2 running, 400 sleeping,   0 stopped,   0 zombie
%Cpu(s):  0.1 us,  0.1 sy,  0.0 ni, 99.9 id,  0.0 wa,  0.0 hi,  0.0 si,  0.0 st
KiB Mem : 65877712 total, 57761624 free,  1786788 used,  6329300 buff/cache
KiB Swap: 33554428 total, 32473608 free,  1080820 used. 62893512 avail Mem 
--
top - 12:57:29 up 105 days,  4:40,  0 users,  load average: 0.61, 0.66, 0.50
Tasks: 402 total,   1 running, 401 sleeping,   0 stopped,   0 zombie
%Cpu(s):  0.1 us,  0.1 sy,  0.0 ni, 99.9 id,  0.0 wa,  0.0 hi,  0.0 si,  0.0 st
KiB Mem : 65877712 total, 57735600 free,  1812812 used,  6329300 buff/cache
KiB Swap: 33554428 total, 32473608 free,  1080820 used. 62867488 avail Mem 
--
top - 12:57:34 up 105 days,  4:40,  0 users,  load average: 0.56, 0.65, 0.50
Tasks: 402 total,   2 running, 400 sleeping,   0 stopped,   0 zombie
%Cpu(s):  0.1 us,  0.0 sy,  0.0 ni, 99.9 id,  0.0 wa,  0.0 hi,  0.0 si,  0.0 st
KiB Mem : 65877712 total, 57715736 free,  1832676 used,  6329300 buff/cache
KiB Swap: 33554428 total, 32473608 free,  1080820 used. 62847624 avail Mem 
--
top - 12:57:39 up 105 days,  4:40,  0 users,  load average: 2.76, 1.10, 0.65
Tasks: 403 total,   1 running, 402 sleeping,   0 stopped,   0 zombie
%Cpu(s): 58.4 us,  0.5 sy,  0.0 ni, 41.1 id,  0.0 wa,  0.0 hi,  0.0 si,  0.0 st
KiB Mem : 65877712 total, 57711192 free,  1837220 used,  6329300 buff/cache
KiB Swap: 33554428 total, 32473608 free,  1080820 used. 62843080 avail Mem 
--
top - 12:57:44 up 105 days,  4:40,  0 users,  load average: 2.54, 1.08, 0.64
Tasks: 403 total,   1 running, 402 sleeping,   0 stopped,   0 zombie
%Cpu(s):  0.0 us,  0.0 sy,  0.0 ni,100.0 id,  0.0 wa,  0.0 hi,  0.0 si,  0.0 st
KiB Mem : 65877712 total, 57715384 free,  1833028 used,  6329300 buff/cache
KiB Swap: 33554428 total, 32473608 free,  1080820 used. 62847272 avail Mem 
--
top - 12:57:49 up 105 days,  4:40,  0 users,  load average: 2.34, 1.07, 0.64
Tasks: 403 total,   1 running, 402 sleeping,   0 stopped,   0 zombie
%Cpu(s):  0.0 us,  0.0 sy,  0.0 ni, 99.9 id,  0.0 wa,  0.0 hi,  0.0 si,  0.0 st
KiB Mem : 65877712 total, 57715680 free,  1832728 used,  6329304 buff/cache
KiB Swap: 33554428 total, 32473608 free,  1080820 used. 62847572 avail Mem 
--
top - 12:57:54 up 105 days,  4:40,  0 users,  load average: 2.15, 1.05, 0.64
Tasks: 403 total,   1 running, 402 sleeping,   0 stopped,   0 zombie
%Cpu(s):  0.1 us,  0.0 sy,  0.0 ni, 99.9 id,  0.0 wa,  0.0 hi,  0.0 si,  0.0 st
KiB Mem : 65877712 total, 57706016 free,  1842392 used,  6329304 buff/cache
KiB Swap: 33554428 total, 32473608 free,  1080820 used. 62837908 avail Mem 
--
top - 12:57:59 up 105 days,  4:41,  0 users,  load average: 1.98, 1.03, 0.63
Tasks: 403 total,   1 running, 402 sleeping,   0 stopped,   0 zombie
%Cpu(s):  0.1 us,  0.1 sy,  0.0 ni, 99.9 id,  0.0 wa,  0.0 hi,  0.0 si,  0.0 st
KiB Mem : 65877712 total, 57685512 free,  1862896 used,  6329304 buff/cache
KiB Swap: 33554428 total, 32473608 free,  1080820 used. 62817404 avail Mem 
--
top - 12:58:04 up 105 days,  4:41,  0 users,  load average: 1.82, 1.01, 0.63
Tasks: 403 total,   1 running, 402 sleeping,   0 stopped,   0 zombie
%Cpu(s):  0.4 us,  0.2 sy,  0.0 ni, 98.7 id,  0.6 wa,  0.0 hi,  0.0 si,  0.0 st
KiB Mem : 65877712 total, 57654164 free,  1894244 used,  6329304 buff/cache
KiB Swap: 33554428 total, 32473608 free,  1080820 used. 62786056 avail Mem 
--
top - 12:58:09 up 105 days,  4:41,  0 users,  load average: 1.67, 1.00, 0.63
Tasks: 403 total,   1 running, 402 sleeping,   0 stopped,   0 zombie
%Cpu(s):  0.1 us,  0.0 sy,  0.0 ni, 99.9 id,  0.0 wa,  0.0 hi,  0.0 si,  0.0 st
KiB Mem : 65877712 total, 57632440 free,  1915968 used,  6329304 buff/cache
KiB Swap: 33554428 total, 32473608 free,  1080820 used. 62764332 avail Mem 
--
top - 12:58:14 up 105 days,  4:41,  0 users,  load average: 1.54, 0.98, 0.62
Tasks: 403 total,   1 running, 402 sleeping,   0 stopped,   0 zombie
%Cpu(s):  0.1 us,  0.0 sy,  0.0 ni, 99.9 id,  0.0 wa,  0.0 hi,  0.0 si,  0.0 st
KiB Mem : 65877712 total, 57613932 free,  1934476 used,  6329304 buff/cache
KiB Swap: 33554428 total, 32473608 free,  1080820 used. 62745824 avail Mem 
--
top - 12:58:19 up 105 days,  4:41,  0 users,  load average: 1.42, 0.97, 0.62
Tasks: 401 total,   1 running, 400 sleeping,   0 stopped,   0 zombie
%Cpu(s):  0.1 us,  0.1 sy,  0.0 ni, 99.9 id,  0.0 wa,  0.0 hi,  0.0 si,  0.0 st
KiB Mem : 65877712 total, 57589988 free,  1958420 used,  6329304 buff/cache
KiB Swap: 33554428 total, 32473608 free,  1080820 used. 62721880 avail Mem 
--
top - 12:58:24 up 105 days,  4:41,  0 users,  load average: 1.30, 0.95, 0.62
Tasks: 401 total,   1 running, 400 sleeping,   0 stopped,   0 zombie
%Cpu(s):  0.1 us,  0.1 sy,  0.0 ni, 99.9 id,  0.0 wa,  0.0 hi,  0.0 si,  0.0 st
KiB Mem : 65877712 total, 57561068 free,  1987340 used,  6329304 buff/cache
KiB Swap: 33554428 total, 32473608 free,  1080820 used. 62692960 avail Mem 
--
top - 12:58:29 up 105 days,  4:41,  0 users,  load average: 3.04, 1.32, 0.74
Tasks: 401 total,   1 running, 400 sleeping,   0 stopped,   0 zombie
%Cpu(s): 57.2 us,  0.5 sy,  0.0 ni, 42.3 id,  0.0 wa,  0.0 hi,  0.0 si,  0.0 st
KiB Mem : 65877712 total, 57448972 free,  2099436 used,  6329304 buff/cache
KiB Swap: 33554428 total, 32473608 free,  1080820 used. 62580864 avail Mem 
