Job id: 4753247
Worker ip: 10.149.0.55
Master ip: 10.149.0.54
--
top - 12:48:14 up 105 days,  4:30,  0 users,  load average: 0.11, 0.99, 0.75
Tasks: 408 total,   1 running, 407 sleeping,   0 stopped,   0 zombie
%Cpu(s):  1.3 us,  3.1 sy,  0.0 ni, 95.4 id,  0.0 wa,  0.0 hi,  0.2 si,  0.0 st
KiB Mem : 65877712 total, 51501996 free,  1127288 used, 13248428 buff/cache
KiB Swap: 33554428 total, 32309852 free,  1244576 used. 63586552 avail Mem 
--
top - 12:48:19 up 105 days,  4:30,  0 users,  load average: 0.10, 0.98, 0.75
Tasks: 409 total,   1 running, 408 sleeping,   0 stopped,   0 zombie
%Cpu(s):  1.7 us,  0.4 sy,  0.0 ni, 97.9 id,  0.0 wa,  0.0 hi,  0.0 si,  0.0 st
KiB Mem : 65877712 total, 51479504 free,  1142996 used, 13255212 buff/cache
KiB Swap: 33554428 total, 32309852 free,  1244576 used. 63570724 avail Mem 
--
top - 12:48:24 up 105 days,  4:30,  0 users,  load average: 0.09, 0.96, 0.75
Tasks: 409 total,   1 running, 408 sleeping,   0 stopped,   0 zombie
%Cpu(s):  0.0 us,  0.0 sy,  0.0 ni, 99.9 id,  0.0 wa,  0.0 hi,  0.0 si,  0.0 st
KiB Mem : 65877712 total, 51480008 free,  1142492 used, 13255212 buff/cache
KiB Swap: 33554428 total, 32309852 free,  1244576 used. 63571228 avail Mem 
--
top - 12:48:29 up 105 days,  4:30,  0 users,  load average: 0.08, 0.94, 0.74
Tasks: 409 total,   1 running, 408 sleeping,   0 stopped,   0 zombie
%Cpu(s):  0.0 us,  0.0 sy,  0.0 ni,100.0 id,  0.0 wa,  0.0 hi,  0.0 si,  0.0 st
KiB Mem : 65877712 total, 51480752 free,  1141748 used, 13255212 buff/cache
KiB Swap: 33554428 total, 32309852 free,  1244576 used. 63571972 avail Mem 
--
top - 12:48:34 up 105 days,  4:30,  0 users,  load average: 0.08, 0.93, 0.74
Tasks: 408 total,   1 running, 407 sleeping,   0 stopped,   0 zombie
%Cpu(s):  0.0 us,  0.0 sy,  0.0 ni,100.0 id,  0.0 wa,  0.0 hi,  0.0 si,  0.0 st
KiB Mem : 65877712 total, 51481600 free,  1140900 used, 13255212 buff/cache
KiB Swap: 33554428 total, 32309852 free,  1244576 used. 63572820 avail Mem 
--
top - 12:48:39 up 105 days,  4:30,  0 users,  load average: 0.07, 0.91, 0.73
Tasks: 408 total,   1 running, 407 sleeping,   0 stopped,   0 zombie
%Cpu(s):  0.0 us,  0.0 sy,  0.0 ni,100.0 id,  0.0 wa,  0.0 hi,  0.0 si,  0.0 st
KiB Mem : 65877712 total, 51482168 free,  1140332 used, 13255212 buff/cache
KiB Swap: 33554428 total, 32309852 free,  1244576 used. 63573388 avail Mem 
--
top - 12:48:44 up 105 days,  4:31,  0 users,  load average: 0.06, 0.90, 0.73
Tasks: 408 total,   1 running, 407 sleeping,   0 stopped,   0 zombie
%Cpu(s):  0.0 us,  0.0 sy,  0.0 ni, 99.9 id,  0.0 wa,  0.0 hi,  0.0 si,  0.0 st
KiB Mem : 65877712 total, 51482772 free,  1139728 used, 13255212 buff/cache
KiB Swap: 33554428 total, 32309852 free,  1244576 used. 63573992 avail Mem 
--
top - 12:48:49 up 105 days,  4:31,  0 users,  load average: 0.06, 0.88, 0.73
Tasks: 408 total,   2 running, 406 sleeping,   0 stopped,   0 zombie
%Cpu(s): 11.4 us,  0.4 sy,  0.0 ni, 88.2 id,  0.0 wa,  0.0 hi,  0.0 si,  0.0 st
KiB Mem : 65877712 total, 51181668 free,  1440832 used, 13255212 buff/cache
KiB Swap: 33554428 total, 32309852 free,  1244576 used. 63272888 avail Mem 
--
top - 12:48:54 up 105 days,  4:31,  0 users,  load average: 0.05, 0.87, 0.72
Tasks: 408 total,   1 running, 407 sleeping,   0 stopped,   0 zombie
%Cpu(s): 45.3 us,  0.2 sy,  0.0 ni, 54.5 id,  0.0 wa,  0.0 hi,  0.0 si,  0.0 st
KiB Mem : 65877712 total, 51087128 free,  1535372 used, 13255212 buff/cache
KiB Swap: 33554428 total, 32309852 free,  1244576 used. 63178348 avail Mem 
--
top - 12:48:59 up 105 days,  4:31,  0 users,  load average: 0.05, 0.85, 0.72
Tasks: 406 total,   1 running, 405 sleeping,   0 stopped,   0 zombie
%Cpu(s): 58.2 us,  0.4 sy,  0.0 ni, 41.4 id,  0.0 wa,  0.0 hi,  0.0 si,  0.0 st
KiB Mem : 65877712 total, 50975140 free,  1647360 used, 13255212 buff/cache
KiB Swap: 33554428 total, 32309852 free,  1244576 used. 63066360 avail Mem 
--
top - 12:49:04 up 105 days,  4:31,  0 users,  load average: 0.93, 1.02, 0.77
Tasks: 407 total,   1 running, 406 sleeping,   0 stopped,   0 zombie
%Cpu(s): 57.2 us,  0.4 sy,  0.0 ni, 42.3 id,  0.0 wa,  0.0 hi,  0.0 si,  0.0 st
KiB Mem : 65877712 total, 50816888 free,  1805612 used, 13255212 buff/cache
KiB Swap: 33554428 total, 32309852 free,  1244576 used. 62908108 avail Mem 
--
top - 12:49:09 up 105 days,  4:31,  0 users,  load average: 2.93, 1.44, 0.91
Tasks: 407 total,   2 running, 405 sleeping,   0 stopped,   0 zombie
%Cpu(s): 56.1 us,  0.4 sy,  0.0 ni, 43.5 id,  0.0 wa,  0.0 hi,  0.0 si,  0.0 st
KiB Mem : 65877712 total, 50715432 free,  1907064 used, 13255216 buff/cache
KiB Swap: 33554428 total, 32309852 free,  1244576 used. 62806780 avail Mem 
--
top - 12:49:14 up 105 days,  4:31,  0 users,  load average: 5.10, 1.91, 1.06
Tasks: 407 total,   2 running, 405 sleeping,   0 stopped,   0 zombie
%Cpu(s): 39.4 us,  0.2 sy,  0.0 ni, 60.4 id,  0.0 wa,  0.0 hi,  0.0 si,  0.0 st
KiB Mem : 65877712 total, 50637464 free,  1985032 used, 13255216 buff/cache
KiB Swap: 33554428 total, 32309852 free,  1244576 used. 62728688 avail Mem 
