Job id: 4753214
Worker ip: 10.149.0.65
Master ip: 10.149.0.54
--
top - 12:41:52 up 105 days,  4:25,  0 users,  load average: 0.00, 0.07, 0.15
Tasks: 399 total,   1 running, 398 sleeping,   0 stopped,   0 zombie
%Cpu(s):  3.9 us,  5.2 sy,  0.0 ni, 87.6 id,  3.0 wa,  0.0 hi,  0.4 si,  0.0 st
KiB Mem : 65877692 total, 58330356 free,  1155840 used,  6391496 buff/cache
KiB Swap: 33554428 total, 32377256 free,  1177172 used. 63509864 avail Mem 
--
top - 12:41:57 up 105 days,  4:25,  0 users,  load average: 0.00, 0.07, 0.15
Tasks: 404 total,   1 running, 403 sleeping,   0 stopped,   0 zombie
%Cpu(s):  1.6 us,  0.4 sy,  0.0 ni, 97.8 id,  0.1 wa,  0.0 hi,  0.0 si,  0.0 st
KiB Mem : 65877692 total, 58309356 free,  1170236 used,  6398100 buff/cache
KiB Swap: 33554428 total, 32377256 free,  1177172 used. 63495328 avail Mem 
--
top - 12:42:02 up 105 days,  4:25,  0 users,  load average: 0.00, 0.07, 0.15
Tasks: 405 total,   1 running, 404 sleeping,   0 stopped,   0 zombie
%Cpu(s):  0.4 us,  0.2 sy,  0.0 ni, 99.0 id,  0.3 wa,  0.0 hi,  0.0 si,  0.0 st
KiB Mem : 65877692 total, 58305040 free,  1174552 used,  6398100 buff/cache
KiB Swap: 33554428 total, 32377256 free,  1177172 used. 63491116 avail Mem 
--
top - 12:42:07 up 105 days,  4:26,  0 users,  load average: 0.00, 0.07, 0.15
Tasks: 405 total,   1 running, 404 sleeping,   0 stopped,   0 zombie
%Cpu(s):  0.0 us,  0.0 sy,  0.0 ni,100.0 id,  0.0 wa,  0.0 hi,  0.0 si,  0.0 st
KiB Mem : 65877692 total, 58309408 free,  1170184 used,  6398100 buff/cache
KiB Swap: 33554428 total, 32377256 free,  1177172 used. 63495488 avail Mem 
--
top - 12:42:12 up 105 days,  4:26,  0 users,  load average: 0.00, 0.07, 0.15
Tasks: 405 total,   1 running, 404 sleeping,   0 stopped,   0 zombie
%Cpu(s):  0.0 us,  0.0 sy,  0.0 ni,100.0 id,  0.0 wa,  0.0 hi,  0.0 si,  0.0 st
KiB Mem : 65877692 total, 58309920 free,  1169672 used,  6398100 buff/cache
KiB Swap: 33554428 total, 32377256 free,  1177172 used. 63496000 avail Mem 
--
top - 12:42:17 up 105 days,  4:26,  0 users,  load average: 0.00, 0.06, 0.14
Tasks: 406 total,   1 running, 405 sleeping,   0 stopped,   0 zombie
%Cpu(s):  0.0 us,  0.0 sy,  0.0 ni,100.0 id,  0.0 wa,  0.0 hi,  0.0 si,  0.0 st
KiB Mem : 65877692 total, 58311004 free,  1168588 used,  6398100 buff/cache
KiB Swap: 33554428 total, 32377256 free,  1177172 used. 63497084 avail Mem 
--
top - 12:42:22 up 105 days,  4:26,  0 users,  load average: 0.00, 0.06, 0.14
Tasks: 406 total,   1 running, 405 sleeping,   0 stopped,   0 zombie
%Cpu(s):  0.0 us,  0.0 sy,  0.0 ni, 99.9 id,  0.0 wa,  0.0 hi,  0.0 si,  0.0 st
KiB Mem : 65877692 total, 58311868 free,  1167724 used,  6398100 buff/cache
KiB Swap: 33554428 total, 32377256 free,  1177172 used. 63497948 avail Mem 
--
top - 12:42:27 up 105 days,  4:26,  0 users,  load average: 0.00, 0.06, 0.14
Tasks: 406 total,   1 running, 405 sleeping,   0 stopped,   0 zombie
%Cpu(s):  0.0 us,  0.0 sy,  0.0 ni,100.0 id,  0.0 wa,  0.0 hi,  0.0 si,  0.0 st
KiB Mem : 65877692 total, 58312968 free,  1166624 used,  6398100 buff/cache
KiB Swap: 33554428 total, 32377256 free,  1177172 used. 63499048 avail Mem 
--
top - 12:42:32 up 105 days,  4:26,  0 users,  load average: 0.00, 0.06, 0.14
Tasks: 406 total,   1 running, 405 sleeping,   0 stopped,   0 zombie
%Cpu(s):  0.1 us,  0.1 sy,  0.0 ni, 99.8 id,  0.0 wa,  0.0 hi,  0.0 si,  0.0 st
KiB Mem : 65877692 total, 58269744 free,  1209848 used,  6398100 buff/cache
KiB Swap: 33554428 total, 32377256 free,  1177172 used. 63455824 avail Mem 
--
top - 12:42:37 up 105 days,  4:26,  0 users,  load average: 0.00, 0.06, 0.14
Tasks: 406 total,   1 running, 405 sleeping,   0 stopped,   0 zombie
%Cpu(s):  0.1 us,  0.1 sy,  0.0 ni, 99.8 id,  0.0 wa,  0.0 hi,  0.0 si,  0.0 st
KiB Mem : 65877692 total, 58223928 free,  1255664 used,  6398100 buff/cache
KiB Swap: 33554428 total, 32377256 free,  1177172 used. 63410008 avail Mem 
--
top - 12:42:42 up 105 days,  4:26,  0 users,  load average: 2.33, 0.54, 0.30
Tasks: 406 total,   2 running, 404 sleeping,   0 stopped,   0 zombie
%Cpu(s): 34.2 us,  0.4 sy,  0.0 ni, 65.3 id,  0.0 wa,  0.0 hi,  0.0 si,  0.0 st
KiB Mem : 65877692 total, 57890248 free,  1589344 used,  6398100 buff/cache
KiB Swap: 33554428 total, 32377256 free,  1177172 used. 63076328 avail Mem 
--
top - 12:42:47 up 105 days,  4:26,  0 users,  load average: 2.14, 0.53, 0.29
Tasks: 406 total,   1 running, 405 sleeping,   0 stopped,   0 zombie
%Cpu(s): 28.5 us,  0.1 sy,  0.0 ni, 71.4 id,  0.0 wa,  0.0 hi,  0.0 si,  0.0 st
KiB Mem : 65877692 total, 57950032 free,  1529556 used,  6398104 buff/cache
KiB Swap: 33554428 total, 32377256 free,  1177172 used. 63136116 avail Mem 
--
top - 12:42:52 up 105 days,  4:26,  0 users,  load average: 1.97, 0.52, 0.29
Tasks: 405 total,   1 running, 404 sleeping,   0 stopped,   0 zombie
%Cpu(s):  0.1 us,  0.1 sy,  0.0 ni, 99.8 id,  0.0 wa,  0.0 hi,  0.0 si,  0.0 st
KiB Mem : 65877692 total, 57930956 free,  1548632 used,  6398104 buff/cache
KiB Swap: 33554428 total, 32377256 free,  1177172 used. 63117040 avail Mem 
--
top - 12:42:57 up 105 days,  4:26,  0 users,  load average: 1.81, 0.51, 0.29
Tasks: 406 total,   1 running, 405 sleeping,   0 stopped,   0 zombie
%Cpu(s):  0.1 us,  0.1 sy,  0.0 ni, 99.8 id,  0.0 wa,  0.0 hi,  0.0 si,  0.0 st
KiB Mem : 65877692 total, 57889648 free,  1589940 used,  6398104 buff/cache
KiB Swap: 33554428 total, 32377256 free,  1177172 used. 63075732 avail Mem 
--
top - 12:43:02 up 105 days,  4:26,  0 users,  load average: 1.66, 0.51, 0.29
Tasks: 403 total,   1 running, 402 sleeping,   0 stopped,   0 zombie
%Cpu(s):  0.1 us,  0.1 sy,  0.0 ni, 99.7 id,  0.0 wa,  0.0 hi,  0.0 si,  0.0 st
KiB Mem : 65877692 total, 57830064 free,  1649524 used,  6398104 buff/cache
KiB Swap: 33554428 total, 32377256 free,  1177172 used. 63016148 avail Mem 
--
top - 12:43:07 up 105 days,  4:27,  0 users,  load average: 1.53, 0.50, 0.29
Tasks: 403 total,   1 running, 402 sleeping,   0 stopped,   0 zombie
%Cpu(s): 64.8 us,  0.5 sy,  0.0 ni, 34.6 id,  0.0 wa,  0.0 hi,  0.0 si,  0.0 st
KiB Mem : 65877692 total, 57694976 free,  1784612 used,  6398104 buff/cache
KiB Swap: 33554428 total, 32377256 free,  1177172 used. 62881060 avail Mem 
--
top - 12:43:12 up 105 days,  4:27,  0 users,  load average: 1.41, 0.49, 0.29
Tasks: 403 total,   1 running, 402 sleeping,   0 stopped,   0 zombie
%Cpu(s):  0.0 us,  0.0 sy,  0.0 ni, 99.9 id,  0.0 wa,  0.0 hi,  0.0 si,  0.0 st
KiB Mem : 65877692 total, 57806528 free,  1673060 used,  6398104 buff/cache
KiB Swap: 33554428 total, 32377256 free,  1177172 used. 62992612 avail Mem 
--
top - 12:43:17 up 105 days,  4:27,  0 users,  load average: 1.30, 0.48, 0.29
Tasks: 403 total,   1 running, 402 sleeping,   0 stopped,   0 zombie
%Cpu(s):  0.1 us,  0.1 sy,  0.0 ni, 99.8 id,  0.0 wa,  0.0 hi,  0.0 si,  0.0 st
KiB Mem : 65877692 total, 57758628 free,  1720960 used,  6398104 buff/cache
KiB Swap: 33554428 total, 32377256 free,  1177172 used. 62944712 avail Mem 
--
top - 12:43:22 up 105 days,  4:27,  0 users,  load average: 1.19, 0.47, 0.28
Tasks: 403 total,   1 running, 402 sleeping,   0 stopped,   0 zombie
%Cpu(s):  0.1 us,  0.1 sy,  0.0 ni, 99.7 id,  0.0 wa,  0.0 hi,  0.0 si,  0.0 st
KiB Mem : 65877692 total, 57717728 free,  1761860 used,  6398104 buff/cache
KiB Swap: 33554428 total, 32377256 free,  1177172 used. 62903812 avail Mem 
--
top - 12:43:27 up 105 days,  4:27,  0 users,  load average: 1.10, 0.47, 0.28
Tasks: 403 total,   1 running, 402 sleeping,   0 stopped,   0 zombie
%Cpu(s):  0.1 us,  0.1 sy,  0.0 ni, 99.8 id,  0.0 wa,  0.0 hi,  0.0 si,  0.0 st
KiB Mem : 65877692 total, 57667948 free,  1811640 used,  6398104 buff/cache
KiB Swap: 33554428 total, 32377256 free,  1177172 used. 62854032 avail Mem 
--
top - 12:43:32 up 105 days,  4:27,  0 users,  load average: 1.01, 0.46, 0.28
Tasks: 403 total,   1 running, 402 sleeping,   0 stopped,   0 zombie
%Cpu(s): 62.5 us,  0.5 sy,  0.0 ni, 37.0 id,  0.0 wa,  0.0 hi,  0.0 si,  0.0 st
KiB Mem : 65877692 total, 57533880 free,  1945708 used,  6398104 buff/cache
KiB Swap: 33554428 total, 32377256 free,  1177172 used. 62719964 avail Mem 
--
top - 12:43:37 up 105 days,  4:27,  0 users,  load average: 0.93, 0.45, 0.28
Tasks: 403 total,   1 running, 402 sleeping,   0 stopped,   0 zombie
%Cpu(s):  0.0 us,  0.0 sy,  0.0 ni, 99.9 id,  0.0 wa,  0.0 hi,  0.0 si,  0.0 st
KiB Mem : 65877692 total, 57688184 free,  1791404 used,  6398104 buff/cache
KiB Swap: 33554428 total, 32377256 free,  1177172 used. 62874268 avail Mem 
--
top - 12:43:42 up 105 days,  4:27,  0 users,  load average: 0.85, 0.44, 0.28
Tasks: 403 total,   1 running, 402 sleeping,   0 stopped,   0 zombie
%Cpu(s):  0.1 us,  0.1 sy,  0.0 ni, 99.8 id,  0.0 wa,  0.0 hi,  0.0 si,  0.0 st
KiB Mem : 65877692 total, 57627324 free,  1852260 used,  6398108 buff/cache
KiB Swap: 33554428 total, 32377256 free,  1177172 used. 62813412 avail Mem 
--
top - 12:43:47 up 105 days,  4:27,  0 users,  load average: 0.79, 0.44, 0.28
Tasks: 403 total,   1 running, 402 sleeping,   0 stopped,   0 zombie
%Cpu(s):  0.1 us,  0.1 sy,  0.0 ni, 99.7 id,  0.0 wa,  0.0 hi,  0.0 si,  0.0 st
KiB Mem : 65877692 total, 57589740 free,  1889844 used,  6398108 buff/cache
KiB Swap: 33554428 total, 32377256 free,  1177172 used. 62775828 avail Mem 
--
top - 12:43:52 up 105 days,  4:27,  0 users,  load average: 2.40, 0.78, 0.39
Tasks: 403 total,   2 running, 401 sleeping,   0 stopped,   0 zombie
%Cpu(s): 38.6 us,  0.5 sy,  0.0 ni, 60.9 id,  0.0 wa,  0.0 hi,  0.0 si,  0.0 st
KiB Mem : 65877692 total, 57463908 free,  2015676 used,  6398108 buff/cache
KiB Swap: 33554428 total, 32377256 free,  1177172 used. 62649996 avail Mem 
--
top - 12:43:57 up 105 days,  4:27,  0 users,  load average: 2.21, 0.76, 0.39
Tasks: 403 total,   1 running, 402 sleeping,   0 stopped,   0 zombie
%Cpu(s): 23.7 us,  0.1 sy,  0.0 ni, 76.2 id,  0.0 wa,  0.0 hi,  0.0 si,  0.0 st
KiB Mem : 65877692 total, 57554904 free,  1924680 used,  6398108 buff/cache
KiB Swap: 33554428 total, 32377256 free,  1177172 used. 62740992 avail Mem 
--
top - 12:44:02 up 105 days,  4:27,  0 users,  load average: 2.03, 0.75, 0.38
Tasks: 403 total,   1 running, 402 sleeping,   0 stopped,   0 zombie
%Cpu(s):  0.5 us,  0.2 sy,  0.0 ni, 99.0 id,  0.3 wa,  0.0 hi,  0.0 si,  0.0 st
KiB Mem : 65877692 total, 57528112 free,  1951472 used,  6398108 buff/cache
KiB Swap: 33554428 total, 32377256 free,  1177172 used. 62714200 avail Mem 
--
top - 12:44:07 up 105 days,  4:28,  0 users,  load average: 1.87, 0.74, 0.38
Tasks: 403 total,   1 running, 402 sleeping,   0 stopped,   0 zombie
%Cpu(s):  0.1 us,  0.1 sy,  0.0 ni, 99.8 id,  0.0 wa,  0.0 hi,  0.0 si,  0.0 st
KiB Mem : 65877692 total, 57481416 free,  1998164 used,  6398112 buff/cache
KiB Swap: 33554428 total, 32377256 free,  1177172 used. 62667508 avail Mem 
--
top - 12:44:12 up 105 days,  4:28,  0 users,  load average: 1.72, 0.73, 0.38
Tasks: 403 total,   1 running, 402 sleeping,   0 stopped,   0 zombie
%Cpu(s):  0.1 us,  0.1 sy,  0.0 ni, 99.8 id,  0.0 wa,  0.0 hi,  0.0 si,  0.0 st
KiB Mem : 65877692 total, 57437152 free,  2042428 used,  6398112 buff/cache
KiB Swap: 33554428 total, 32377256 free,  1177172 used. 62623244 avail Mem 
--
top - 12:44:17 up 105 days,  4:28,  0 users,  load average: 2.14, 0.83, 0.42
Tasks: 403 total,   1 running, 402 sleeping,   0 stopped,   0 zombie
%Cpu(s): 62.2 us,  0.3 sy,  0.0 ni, 37.5 id,  0.0 wa,  0.0 hi,  0.0 si,  0.0 st
KiB Mem : 65877692 total, 57318704 free,  2160876 used,  6398112 buff/cache
KiB Swap: 33554428 total, 32377256 free,  1177172 used. 62504792 avail Mem 
