10.149.0.34
2023/12/27 12:54:14 Master node address: http://10.149.0.54:8000
2023/12/27 12:54:14 Benchmarking worker...
2023/12/27 12:54:15 Worker registered (1888 MCUPS). Waiting for work...
2023/12/27 12:55:23 Got work. Start calculating alignments...
2023/12/27 12:55:23 Calculating 2070 queries
2023/12/27 12:55:28 Done calculating alignments.
2023/12/27 12:55:28 Waiting for work...
2023/12/27 12:56:05 Got work. Start calculating alignments...
2023/12/27 12:56:05 Calculating 2069 queries
2023/12/27 12:56:11 Done calculating alignments.
2023/12/27 12:56:11 Waiting for work...
2023/12/27 12:56:51 Got work. Start calculating alignments...
2023/12/27 12:56:51 Calculating 2070 queries
2023/12/27 12:56:54 Done calculating alignments.
2023/12/27 12:56:54 Waiting for work...
2023/12/27 12:57:36 Got work. Start calculating alignments...
2023/12/27 12:57:36 Calculating 2069 queries
2023/12/27 12:57:40 Done calculating alignments.
2023/12/27 12:57:40 Waiting for work...
2023/12/27 12:58:26 Got work. Start calculating alignments...
2023/12/27 12:58:26 Calculating 2069 queries
2023/12/27 12:58:33 Done calculating alignments.
2023/12/27 12:58:33 Waiting for work...
slurmstepd: error: *** JOB 4753291 ON node034 CANCELLED AT 2023-12-27T12:58:34 ***
