Job id: 4753235
Worker ip: 10.149.0.39
Master ip: 10.149.0.56
--
top - 12:44:21 up 105 days,  4:27,  0 users,  load average: 0.17, 0.23, 0.23
Tasks: 399 total,   3 running, 396 sleeping,   0 stopped,   0 zombie
%Cpu(s):  0.9 us,  2.2 sy,  0.0 ni, 95.9 id,  0.9 wa,  0.0 hi,  0.0 si,  0.0 st
KiB Mem : 65877712 total, 61057376 free,  1092964 used,  3727372 buff/cache
KiB Swap: 33554428 total, 32373088 free,  1181340 used. 63661492 avail Mem 
--
top - 12:44:26 up 105 days,  4:27,  0 users,  load average: 0.16, 0.23, 0.23
Tasks: 407 total,   1 running, 406 sleeping,   0 stopped,   0 zombie
%Cpu(s):  1.8 us,  0.6 sy,  0.0 ni, 97.4 id,  0.2 wa,  0.0 hi,  0.0 si,  0.0 st
KiB Mem : 65877712 total, 61037120 free,  1106508 used,  3734084 buff/cache
KiB Swap: 33554428 total, 32373088 free,  1181340 used. 63647832 avail Mem 
--
top - 12:44:31 up 105 days,  4:27,  0 users,  load average: 0.15, 0.22, 0.23
Tasks: 407 total,   1 running, 406 sleeping,   0 stopped,   0 zombie
%Cpu(s):  0.0 us,  0.0 sy,  0.0 ni,100.0 id,  0.0 wa,  0.0 hi,  0.0 si,  0.0 st
KiB Mem : 65877712 total, 61037004 free,  1106624 used,  3734084 buff/cache
KiB Swap: 33554428 total, 32373088 free,  1181340 used. 63647716 avail Mem 
--
top - 12:44:36 up 105 days,  4:27,  0 users,  load average: 0.13, 0.22, 0.22
Tasks: 408 total,   1 running, 407 sleeping,   0 stopped,   0 zombie
%Cpu(s):  0.0 us,  0.0 sy,  0.0 ni, 99.9 id,  0.0 wa,  0.0 hi,  0.0 si,  0.0 st
KiB Mem : 65877712 total, 61027532 free,  1116096 used,  3734084 buff/cache
KiB Swap: 33554428 total, 32373088 free,  1181340 used. 63638244 avail Mem 
--
top - 12:44:41 up 105 days,  4:28,  0 users,  load average: 0.12, 0.22, 0.22
Tasks: 408 total,   1 running, 407 sleeping,   0 stopped,   0 zombie
%Cpu(s):  0.1 us,  0.0 sy,  0.0 ni, 99.9 id,  0.0 wa,  0.0 hi,  0.0 si,  0.0 st
KiB Mem : 65877712 total, 61002272 free,  1141356 used,  3734084 buff/cache
KiB Swap: 33554428 total, 32373088 free,  1181340 used. 63612984 avail Mem 
--
top - 12:44:46 up 105 days,  4:28,  0 users,  load average: 0.11, 0.21, 0.22
Tasks: 409 total,   1 running, 408 sleeping,   0 stopped,   0 zombie
%Cpu(s):  0.1 us,  0.0 sy,  0.0 ni, 99.9 id,  0.0 wa,  0.0 hi,  0.0 si,  0.0 st
KiB Mem : 65877712 total, 60981244 free,  1162384 used,  3734084 buff/cache
KiB Swap: 33554428 total, 32373088 free,  1181340 used. 63591956 avail Mem 
--
top - 12:44:51 up 105 days,  4:28,  0 users,  load average: 0.10, 0.21, 0.22
Tasks: 409 total,   1 running, 408 sleeping,   0 stopped,   0 zombie
%Cpu(s):  0.1 us,  0.0 sy,  0.0 ni, 99.9 id,  0.0 wa,  0.0 hi,  0.0 si,  0.0 st
KiB Mem : 65877712 total, 60957972 free,  1185656 used,  3734084 buff/cache
KiB Swap: 33554428 total, 32373088 free,  1181340 used. 63568684 avail Mem 
--
top - 12:44:56 up 105 days,  4:28,  0 users,  load average: 0.10, 0.21, 0.22
Tasks: 409 total,   1 running, 408 sleeping,   0 stopped,   0 zombie
%Cpu(s):  0.1 us,  0.1 sy,  0.0 ni, 99.9 id,  0.0 wa,  0.0 hi,  0.0 si,  0.0 st
KiB Mem : 65877712 total, 60936996 free,  1206632 used,  3734084 buff/cache
KiB Swap: 33554428 total, 32373088 free,  1181340 used. 63547708 avail Mem 
--
top - 12:45:01 up 105 days,  4:28,  0 users,  load average: 0.09, 0.20, 0.22
Tasks: 409 total,   1 running, 408 sleeping,   0 stopped,   0 zombie
%Cpu(s):  0.1 us,  0.0 sy,  0.0 ni, 98.4 id,  1.5 wa,  0.0 hi,  0.0 si,  0.0 st
KiB Mem : 65877712 total, 60912132 free,  1231292 used,  3734288 buff/cache
KiB Swap: 33554428 total, 32373980 free,  1180448 used. 63522844 avail Mem 
--
top - 12:45:06 up 105 days,  4:28,  0 users,  load average: 0.64, 0.31, 0.26
Tasks: 409 total,   1 running, 408 sleeping,   0 stopped,   0 zombie
%Cpu(s):  0.1 us,  0.1 sy,  0.0 ni, 90.5 id,  9.3 wa,  0.0 hi,  0.0 si,  0.0 st
KiB Mem : 65877712 total, 60880948 free,  1262476 used,  3734288 buff/cache
KiB Swap: 33554428 total, 32373980 free,  1180448 used. 63491660 avail Mem 
--
top - 12:45:11 up 105 days,  4:28,  0 users,  load average: 1.15, 0.43, 0.29
Tasks: 410 total,   2 running, 408 sleeping,   0 stopped,   0 zombie
%Cpu(s): 53.5 us,  0.4 sy,  0.0 ni, 41.1 id,  5.0 wa,  0.0 hi,  0.0 si,  0.0 st
KiB Mem : 65877712 total, 60513652 free,  1629936 used,  3734124 buff/cache
KiB Swap: 33554428 total, 32373980 free,  1180448 used. 63124488 avail Mem 
--
top - 12:45:17 up 105 days,  4:28,  0 users,  load average: 1.06, 0.42, 0.29
Tasks: 409 total,   1 running, 408 sleeping,   0 stopped,   0 zombie
%Cpu(s):  4.0 us,  0.0 sy,  0.0 ni, 95.9 id,  0.0 wa,  0.0 hi,  0.0 si,  0.0 st
KiB Mem : 65877712 total, 60492232 free,  1651352 used,  3734128 buff/cache
KiB Swap: 33554428 total, 32373980 free,  1180448 used. 63103072 avail Mem 
--
top - 12:45:22 up 105 days,  4:28,  0 users,  load average: 0.97, 0.41, 0.29
Tasks: 409 total,   1 running, 408 sleeping,   0 stopped,   0 zombie
%Cpu(s):  0.0 us,  0.0 sy,  0.0 ni, 99.9 id,  0.0 wa,  0.0 hi,  0.0 si,  0.0 st
KiB Mem : 65877712 total, 60664112 free,  1479472 used,  3734128 buff/cache
KiB Swap: 33554428 total, 32373980 free,  1180448 used. 63274952 avail Mem 
--
top - 12:45:27 up 105 days,  4:28,  0 users,  load average: 0.90, 0.41, 0.29
Tasks: 409 total,   1 running, 408 sleeping,   0 stopped,   0 zombie
%Cpu(s):  0.0 us,  0.0 sy,  0.0 ni, 99.9 id,  0.0 wa,  0.0 hi,  0.0 si,  0.0 st
KiB Mem : 65877712 total, 60654688 free,  1488896 used,  3734128 buff/cache
KiB Swap: 33554428 total, 32373980 free,  1180448 used. 63265528 avail Mem 
--
top - 12:45:32 up 105 days,  4:28,  0 users,  load average: 0.82, 0.40, 0.29
Tasks: 409 total,   1 running, 408 sleeping,   0 stopped,   0 zombie
%Cpu(s):  0.1 us,  0.0 sy,  0.0 ni, 99.9 id,  0.0 wa,  0.0 hi,  0.0 si,  0.0 st
KiB Mem : 65877712 total, 60632368 free,  1511216 used,  3734128 buff/cache
KiB Swap: 33554428 total, 32373980 free,  1180448 used. 63243208 avail Mem 
--
top - 12:45:37 up 105 days,  4:28,  0 users,  load average: 0.76, 0.39, 0.29
Tasks: 409 total,   1 running, 408 sleeping,   0 stopped,   0 zombie
%Cpu(s):  0.1 us,  0.1 sy,  0.0 ni, 99.9 id,  0.0 wa,  0.0 hi,  0.0 si,  0.0 st
KiB Mem : 65877712 total, 60602640 free,  1540944 used,  3734128 buff/cache
KiB Swap: 33554428 total, 32373980 free,  1180448 used. 63213480 avail Mem 
--
top - 12:45:42 up 105 days,  4:29,  0 users,  load average: 0.70, 0.39, 0.28
Tasks: 409 total,   1 running, 408 sleeping,   0 stopped,   0 zombie
%Cpu(s):  0.1 us,  0.0 sy,  0.0 ni, 99.9 id,  0.0 wa,  0.0 hi,  0.0 si,  0.0 st
KiB Mem : 65877712 total, 60581776 free,  1561808 used,  3734128 buff/cache
KiB Swap: 33554428 total, 32373980 free,  1180448 used. 63192616 avail Mem 
--
top - 12:45:47 up 105 days,  4:29,  0 users,  load average: 0.64, 0.38, 0.28
Tasks: 409 total,   1 running, 408 sleeping,   0 stopped,   0 zombie
%Cpu(s):  0.1 us,  0.1 sy,  0.0 ni, 99.9 id,  0.0 wa,  0.0 hi,  0.0 si,  0.0 st
KiB Mem : 65877712 total, 60555132 free,  1588452 used,  3734128 buff/cache
KiB Swap: 33554428 total, 32373980 free,  1180448 used. 63165972 avail Mem 
--
top - 12:45:52 up 105 days,  4:29,  0 users,  load average: 0.59, 0.37, 0.28
Tasks: 409 total,   1 running, 408 sleeping,   0 stopped,   0 zombie
%Cpu(s):  0.1 us,  0.1 sy,  0.0 ni, 99.8 id,  0.0 wa,  0.0 hi,  0.0 si,  0.0 st
KiB Mem : 65877712 total, 60532812 free,  1610772 used,  3734128 buff/cache
KiB Swap: 33554428 total, 32373980 free,  1180448 used. 63143652 avail Mem 
--
top - 12:45:57 up 105 days,  4:29,  0 users,  load average: 2.62, 0.80, 0.42
Tasks: 409 total,   1 running, 408 sleeping,   0 stopped,   0 zombie
%Cpu(s): 55.9 us,  0.5 sy,  0.0 ni, 43.5 id,  0.0 wa,  0.0 hi,  0.0 si,  0.0 st
KiB Mem : 65877712 total, 60382008 free,  1761576 used,  3734128 buff/cache
KiB Swap: 33554428 total, 32373980 free,  1180448 used. 62992848 avail Mem 
--
top - 12:46:02 up 105 days,  4:29,  0 users,  load average: 2.41, 0.78, 0.42
Tasks: 409 total,   1 running, 408 sleeping,   0 stopped,   0 zombie
%Cpu(s):  0.4 us,  0.2 sy,  0.0 ni, 96.7 id,  2.6 wa,  0.0 hi,  0.0 si,  0.0 st
KiB Mem : 65877712 total, 60507440 free,  1636144 used,  3734128 buff/cache
KiB Swap: 33554428 total, 32373980 free,  1180448 used. 63118280 avail Mem 
--
top - 12:46:07 up 105 days,  4:29,  0 users,  load average: 2.78, 0.89, 0.45
Tasks: 409 total,   1 running, 408 sleeping,   0 stopped,   0 zombie
%Cpu(s):  0.0 us,  0.0 sy,  0.0 ni, 90.6 id,  9.3 wa,  0.0 hi,  0.0 si,  0.0 st
KiB Mem : 65877712 total, 60508232 free,  1635352 used,  3734128 buff/cache
KiB Swap: 33554428 total, 32373980 free,  1180448 used. 63119072 avail Mem 
--
top - 12:46:12 up 105 days,  4:29,  0 users,  load average: 3.12, 0.99, 0.49
Tasks: 409 total,   1 running, 408 sleeping,   0 stopped,   0 zombie
%Cpu(s):  0.1 us,  0.0 sy,  0.0 ni, 94.3 id,  5.6 wa,  0.0 hi,  0.0 si,  0.0 st
KiB Mem : 65877712 total, 60489904 free,  1653680 used,  3734128 buff/cache
KiB Swap: 33554428 total, 32373980 free,  1180448 used. 63100744 avail Mem 
--
top - 12:46:17 up 105 days,  4:29,  0 users,  load average: 2.87, 0.97, 0.48
Tasks: 409 total,   1 running, 408 sleeping,   0 stopped,   0 zombie
%Cpu(s):  0.1 us,  0.0 sy,  0.0 ni, 99.9 id,  0.0 wa,  0.0 hi,  0.0 si,  0.0 st
KiB Mem : 65877712 total, 60465328 free,  1678256 used,  3734128 buff/cache
KiB Swap: 33554428 total, 32373980 free,  1180448 used. 63076168 avail Mem 
--
top - 12:46:22 up 105 days,  4:29,  0 users,  load average: 2.64, 0.96, 0.48
Tasks: 409 total,   1 running, 408 sleeping,   0 stopped,   0 zombie
%Cpu(s):  0.1 us,  0.1 sy,  0.0 ni, 99.9 id,  0.0 wa,  0.0 hi,  0.0 si,  0.0 st
KiB Mem : 65877712 total, 60443256 free,  1700328 used,  3734128 buff/cache
KiB Swap: 33554428 total, 32373980 free,  1180448 used. 63054096 avail Mem 
--
top - 12:46:27 up 105 days,  4:29,  0 users,  load average: 2.43, 0.94, 0.48
Tasks: 409 total,   1 running, 408 sleeping,   0 stopped,   0 zombie
%Cpu(s):  0.1 us,  0.1 sy,  0.0 ni, 99.9 id,  0.0 wa,  0.0 hi,  0.0 si,  0.0 st
KiB Mem : 65877712 total, 60414576 free,  1729008 used,  3734128 buff/cache
KiB Swap: 33554428 total, 32373980 free,  1180448 used. 63025416 avail Mem 
--
top - 12:46:32 up 105 days,  4:29,  0 users,  load average: 2.23, 0.92, 0.48
Tasks: 409 total,   1 running, 408 sleeping,   0 stopped,   0 zombie
%Cpu(s):  0.1 us,  0.1 sy,  0.0 ni, 99.9 id,  0.0 wa,  0.0 hi,  0.0 si,  0.0 st
KiB Mem : 65877712 total, 60390864 free,  1752720 used,  3734128 buff/cache
KiB Swap: 33554428 total, 32373980 free,  1180448 used. 63001704 avail Mem 
--
top - 12:46:37 up 105 days,  4:29,  0 users,  load average: 2.06, 0.91, 0.47
Tasks: 409 total,   2 running, 407 sleeping,   0 stopped,   0 zombie
%Cpu(s):  0.1 us,  0.1 sy,  0.0 ni, 99.8 id,  0.0 wa,  0.0 hi,  0.0 si,  0.0 st
KiB Mem : 65877712 total, 60362760 free,  1780824 used,  3734128 buff/cache
KiB Swap: 33554428 total, 32373980 free,  1180448 used. 62973600 avail Mem 
--
top - 12:46:42 up 105 days,  4:30,  0 users,  load average: 4.37, 1.41, 0.64
Tasks: 409 total,   1 running, 408 sleeping,   0 stopped,   0 zombie
%Cpu(s): 58.0 us,  0.4 sy,  0.0 ni, 41.5 id,  0.0 wa,  0.0 hi,  0.0 si,  0.0 st
KiB Mem : 65877712 total, 60308976 free,  1834588 used,  3734148 buff/cache
KiB Swap: 33554428 total, 32373980 free,  1180448 used. 62919828 avail Mem 
--
top - 12:46:47 up 105 days,  4:30,  0 users,  load average: 4.02, 1.39, 0.64
Tasks: 409 total,   1 running, 408 sleeping,   0 stopped,   0 zombie
%Cpu(s):  0.0 us,  0.0 sy,  0.0 ni,100.0 id,  0.0 wa,  0.0 hi,  0.0 si,  0.0 st
KiB Mem : 65877712 total, 60408380 free,  1735184 used,  3734148 buff/cache
KiB Swap: 33554428 total, 32373980 free,  1180448 used. 63019232 avail Mem 
--
top - 12:46:52 up 105 days,  4:30,  0 users,  load average: 3.70, 1.36, 0.63
Tasks: 409 total,   1 running, 408 sleeping,   0 stopped,   0 zombie
%Cpu(s):  0.0 us,  0.0 sy,  0.0 ni,100.0 id,  0.0 wa,  0.0 hi,  0.0 si,  0.0 st
KiB Mem : 65877712 total, 60408748 free,  1734816 used,  3734148 buff/cache
KiB Swap: 33554428 total, 32373980 free,  1180448 used. 63019600 avail Mem 
--
top - 12:46:57 up 105 days,  4:30,  0 users,  load average: 3.40, 1.34, 0.63
Tasks: 409 total,   1 running, 408 sleeping,   0 stopped,   0 zombie
%Cpu(s):  0.1 us,  0.0 sy,  0.0 ni, 99.9 id,  0.0 wa,  0.0 hi,  0.0 si,  0.0 st
KiB Mem : 65877712 total, 60400852 free,  1742712 used,  3734148 buff/cache
KiB Swap: 33554428 total, 32373980 free,  1180448 used. 63011704 avail Mem 
--
top - 12:47:02 up 105 days,  4:30,  0 users,  load average: 3.13, 1.32, 0.62
Tasks: 409 total,   1 running, 408 sleeping,   0 stopped,   0 zombie
%Cpu(s):  0.1 us,  0.0 sy,  0.0 ni, 99.9 id,  0.0 wa,  0.0 hi,  0.0 si,  0.0 st
KiB Mem : 65877712 total, 60376564 free,  1767000 used,  3734148 buff/cache
KiB Swap: 33554428 total, 32373980 free,  1180448 used. 62987416 avail Mem 
--
top - 12:47:07 up 105 days,  4:30,  0 users,  load average: 2.88, 1.30, 0.62
Tasks: 409 total,   1 running, 408 sleeping,   0 stopped,   0 zombie
%Cpu(s):  0.1 us,  0.1 sy,  0.0 ni, 99.9 id,  0.0 wa,  0.0 hi,  0.0 si,  0.0 st
KiB Mem : 65877712 total, 60351920 free,  1791644 used,  3734148 buff/cache
KiB Swap: 33554428 total, 32373980 free,  1180448 used. 62962772 avail Mem 
--
top - 12:47:12 up 105 days,  4:30,  0 users,  load average: 2.65, 1.27, 0.62
Tasks: 409 total,   1 running, 408 sleeping,   0 stopped,   0 zombie
%Cpu(s):  0.1 us,  0.1 sy,  0.0 ni, 99.9 id,  0.0 wa,  0.0 hi,  0.0 si,  0.0 st
KiB Mem : 65877712 total, 60330808 free,  1812756 used,  3734148 buff/cache
KiB Swap: 33554428 total, 32373980 free,  1180448 used. 62941660 avail Mem 
--
top - 12:47:17 up 105 days,  4:30,  0 users,  load average: 2.44, 1.25, 0.61
Tasks: 409 total,   1 running, 408 sleeping,   0 stopped,   0 zombie
%Cpu(s):  0.0 us,  0.0 sy,  0.0 ni, 99.9 id,  0.0 wa,  0.0 hi,  0.0 si,  0.0 st
KiB Mem : 65877712 total, 60306256 free,  1837308 used,  3734148 buff/cache
KiB Swap: 33554428 total, 32373980 free,  1180448 used. 62917108 avail Mem 
--
top - 12:47:22 up 105 days,  4:30,  0 users,  load average: 2.24, 1.23, 0.61
Tasks: 409 total,   2 running, 407 sleeping,   0 stopped,   0 zombie
%Cpu(s): 50.7 us,  0.3 sy,  0.0 ni, 49.0 id,  0.1 wa,  0.0 hi,  0.0 si,  0.0 st
KiB Mem : 65877712 total, 60206848 free,  1936712 used,  3734152 buff/cache
KiB Swap: 33554428 total, 32373980 free,  1180448 used. 62817704 avail Mem 
--
top - 12:47:27 up 105 days,  4:30,  0 users,  load average: 2.78, 1.36, 0.66
Tasks: 409 total,   1 running, 408 sleeping,   0 stopped,   0 zombie
%Cpu(s):  8.9 us,  0.1 sy,  0.0 ni, 83.2 id,  7.8 wa,  0.0 hi,  0.0 si,  0.0 st
KiB Mem : 65877712 total, 60307708 free,  1835852 used,  3734152 buff/cache
KiB Swap: 33554428 total, 32373980 free,  1180448 used. 62918564 avail Mem 
--
top - 12:47:32 up 105 days,  4:30,  0 users,  load average: 3.12, 1.45, 0.69
Tasks: 410 total,   1 running, 409 sleeping,   0 stopped,   0 zombie
%Cpu(s):  0.0 us,  0.0 sy,  0.0 ni, 91.4 id,  8.5 wa,  0.0 hi,  0.0 si,  0.0 st
KiB Mem : 65877712 total, 60307460 free,  1836100 used,  3734152 buff/cache
KiB Swap: 33554428 total, 32373980 free,  1180448 used. 62918316 avail Mem 
--
top - 12:47:37 up 105 days,  4:30,  0 users,  load average: 2.87, 1.43, 0.69
Tasks: 410 total,   1 running, 409 sleeping,   0 stopped,   0 zombie
%Cpu(s):  0.0 us,  0.0 sy,  0.0 ni, 99.9 id,  0.0 wa,  0.0 hi,  0.0 si,  0.0 st
KiB Mem : 65877712 total, 60300752 free,  1842808 used,  3734152 buff/cache
KiB Swap: 33554428 total, 32373980 free,  1180448 used. 62911608 avail Mem 
--
top - 12:47:42 up 105 days,  4:31,  0 users,  load average: 2.64, 1.41, 0.68
Tasks: 410 total,   1 running, 409 sleeping,   0 stopped,   0 zombie
%Cpu(s):  0.1 us,  0.1 sy,  0.0 ni, 99.9 id,  0.0 wa,  0.0 hi,  0.0 si,  0.0 st
KiB Mem : 65877712 total, 60280036 free,  1863524 used,  3734152 buff/cache
KiB Swap: 33554428 total, 32373980 free,  1180448 used. 62890892 avail Mem 
--
top - 12:47:47 up 105 days,  4:31,  0 users,  load average: 2.43, 1.38, 0.68
Tasks: 410 total,   1 running, 409 sleeping,   0 stopped,   0 zombie
%Cpu(s):  0.1 us,  0.0 sy,  0.0 ni, 99.9 id,  0.0 wa,  0.0 hi,  0.0 si,  0.0 st
KiB Mem : 65877712 total, 60256696 free,  1886864 used,  3734152 buff/cache
KiB Swap: 33554428 total, 32373980 free,  1180448 used. 62867552 avail Mem 
--
top - 12:47:52 up 105 days,  4:31,  0 users,  load average: 2.24, 1.36, 0.68
Tasks: 410 total,   1 running, 409 sleeping,   0 stopped,   0 zombie
%Cpu(s):  0.1 us,  0.1 sy,  0.0 ni, 99.9 id,  0.0 wa,  0.0 hi,  0.0 si,  0.0 st
KiB Mem : 65877712 total, 60229044 free,  1914516 used,  3734152 buff/cache
KiB Swap: 33554428 total, 32373980 free,  1180448 used. 62839900 avail Mem 
--
top - 12:47:57 up 105 days,  4:31,  0 users,  load average: 2.06, 1.34, 0.67
Tasks: 410 total,   1 running, 409 sleeping,   0 stopped,   0 zombie
%Cpu(s):  0.1 us,  0.1 sy,  0.0 ni, 99.9 id,  0.0 wa,  0.0 hi,  0.0 si,  0.0 st
KiB Mem : 65877712 total, 60208848 free,  1934708 used,  3734156 buff/cache
KiB Swap: 33554428 total, 32373980 free,  1180448 used. 62819704 avail Mem 
--
top - 12:48:02 up 105 days,  4:31,  0 users,  load average: 1.89, 1.32, 0.67
Tasks: 410 total,   1 running, 409 sleeping,   0 stopped,   0 zombie
%Cpu(s):  0.5 us,  0.2 sy,  0.0 ni, 98.7 id,  0.6 wa,  0.0 hi,  0.0 si,  0.0 st
KiB Mem : 65877712 total, 60173376 free,  1970200 used,  3734136 buff/cache
KiB Swap: 33554428 total, 32373980 free,  1180448 used. 62784236 avail Mem 
--
top - 12:48:07 up 105 days,  4:31,  0 users,  load average: 3.82, 1.73, 0.80
Tasks: 410 total,   1 running, 409 sleeping,   0 stopped,   0 zombie
%Cpu(s): 56.0 us,  0.5 sy,  0.0 ni, 43.5 id,  0.0 wa,  0.0 hi,  0.0 si,  0.0 st
KiB Mem : 65877712 total, 60077380 free,  2066176 used,  3734156 buff/cache
KiB Swap: 33554428 total, 32373980 free,  1180448 used. 62688240 avail Mem 
