Job id: 4753226
Worker ip: 10.149.0.59
Master ip: 10.149.0.56
--
top - 12:44:21 up 105 days,  4:28,  0 users,  load average: 0.52, 1.49, 0.87
Tasks: 410 total,   1 running, 409 sleeping,   0 stopped,   0 zombie
%Cpu(s):  2.6 us,  5.6 sy,  0.0 ni, 91.7 id,  0.0 wa,  0.0 hi,  0.2 si,  0.0 st
KiB Mem : 65877692 total, 49869972 free,  1200108 used, 14807612 buff/cache
KiB Swap: 33554428 total, 32369604 free,  1184824 used. 63458168 avail Mem 
--
top - 12:44:26 up 105 days,  4:28,  0 users,  load average: 0.56, 1.48, 0.87
Tasks: 411 total,   1 running, 410 sleeping,   0 stopped,   0 zombie
%Cpu(s):  1.7 us,  0.4 sy,  0.0 ni, 97.9 id,  0.0 wa,  0.0 hi,  0.0 si,  0.0 st
KiB Mem : 65877692 total, 49850376 free,  1212944 used, 14814372 buff/cache
KiB Swap: 33554428 total, 32369604 free,  1184824 used. 63445200 avail Mem 
--
top - 12:44:31 up 105 days,  4:28,  0 users,  load average: 0.52, 1.45, 0.87
Tasks: 411 total,   1 running, 410 sleeping,   0 stopped,   0 zombie
%Cpu(s):  0.0 us,  0.0 sy,  0.0 ni, 99.9 id,  0.0 wa,  0.0 hi,  0.0 si,  0.0 st
KiB Mem : 65877692 total, 49851028 free,  1212292 used, 14814372 buff/cache
KiB Swap: 33554428 total, 32369604 free,  1184824 used. 63445872 avail Mem 
--
top - 12:44:36 up 105 days,  4:28,  0 users,  load average: 0.47, 1.43, 0.87
Tasks: 411 total,   1 running, 410 sleeping,   0 stopped,   0 zombie
%Cpu(s):  0.0 us,  0.0 sy,  0.0 ni, 99.9 id,  0.0 wa,  0.0 hi,  0.0 si,  0.0 st
KiB Mem : 65877692 total, 49848480 free,  1214840 used, 14814372 buff/cache
KiB Swap: 33554428 total, 32369604 free,  1184824 used. 63443324 avail Mem 
--
top - 12:44:41 up 105 days,  4:28,  0 users,  load average: 0.44, 1.41, 0.86
Tasks: 411 total,   1 running, 410 sleeping,   0 stopped,   0 zombie
%Cpu(s):  0.1 us,  0.0 sy,  0.0 ni, 99.9 id,  0.0 wa,  0.0 hi,  0.0 si,  0.0 st
KiB Mem : 65877692 total, 49824036 free,  1239284 used, 14814372 buff/cache
KiB Swap: 33554428 total, 32369604 free,  1184824 used. 63418880 avail Mem 
--
top - 12:44:46 up 105 days,  4:28,  0 users,  load average: 0.40, 1.38, 0.86
Tasks: 411 total,   1 running, 410 sleeping,   0 stopped,   0 zombie
%Cpu(s):  0.1 us,  0.0 sy,  0.0 ni, 99.9 id,  0.0 wa,  0.0 hi,  0.0 si,  0.0 st
KiB Mem : 65877692 total, 49799296 free,  1264024 used, 14814372 buff/cache
KiB Swap: 33554428 total, 32369604 free,  1184824 used. 63394140 avail Mem 
--
top - 12:44:51 up 105 days,  4:28,  0 users,  load average: 0.37, 1.36, 0.85
Tasks: 407 total,   2 running, 405 sleeping,   0 stopped,   0 zombie
%Cpu(s):  0.1 us,  0.0 sy,  0.0 ni, 99.9 id,  0.0 wa,  0.0 hi,  0.0 si,  0.0 st
KiB Mem : 65877692 total, 49780828 free,  1282524 used, 14814340 buff/cache
KiB Swap: 33554428 total, 32369604 free,  1184824 used. 63375656 avail Mem 
--
top - 12:44:56 up 105 days,  4:28,  0 users,  load average: 0.42, 1.35, 0.85
Tasks: 407 total,   1 running, 406 sleeping,   0 stopped,   0 zombie
%Cpu(s):  0.1 us,  0.1 sy,  0.0 ni, 99.8 id,  0.0 wa,  0.0 hi,  0.0 si,  0.0 st
KiB Mem : 65877692 total, 49749592 free,  1313760 used, 14814340 buff/cache
KiB Swap: 33554428 total, 32369604 free,  1184824 used. 63344420 avail Mem 
--
top - 12:45:01 up 105 days,  4:28,  0 users,  load average: 0.39, 1.33, 0.85
Tasks: 404 total,   1 running, 403 sleeping,   0 stopped,   0 zombie
%Cpu(s):  0.1 us,  0.1 sy,  0.0 ni, 99.8 id,  0.0 wa,  0.0 hi,  0.0 si,  0.0 st
KiB Mem : 65877692 total, 49726488 free,  1336864 used, 14814340 buff/cache
KiB Swap: 33554428 total, 32369604 free,  1184824 used. 63321316 avail Mem 
--
top - 12:45:06 up 105 days,  4:28,  0 users,  load average: 0.35, 1.31, 0.84
Tasks: 403 total,   1 running, 402 sleeping,   0 stopped,   0 zombie
%Cpu(s):  0.1 us,  0.0 sy,  0.0 ni, 99.9 id,  0.0 wa,  0.0 hi,  0.0 si,  0.0 st
KiB Mem : 65877692 total, 49709592 free,  1353760 used, 14814340 buff/cache
KiB Swap: 33554428 total, 32369604 free,  1184824 used. 63304420 avail Mem 
--
top - 12:45:11 up 105 days,  4:29,  0 users,  load average: 2.57, 1.75, 0.99
Tasks: 403 total,   1 running, 402 sleeping,   0 stopped,   0 zombie
%Cpu(s): 64.5 us,  0.5 sy,  0.0 ni, 34.9 id,  0.0 wa,  0.0 hi,  0.0 si,  0.0 st
KiB Mem : 65877692 total, 49316512 free,  1746840 used, 14814340 buff/cache
KiB Swap: 33554428 total, 32369604 free,  1184824 used. 62911340 avail Mem 
--
top - 12:45:16 up 105 days,  4:29,  0 users,  load average: 2.36, 1.72, 0.98
Tasks: 403 total,   1 running, 402 sleeping,   0 stopped,   0 zombie
%Cpu(s):  0.2 us,  0.0 sy,  0.0 ni, 99.8 id,  0.0 wa,  0.0 hi,  0.0 si,  0.0 st
KiB Mem : 65877692 total, 49477668 free,  1585680 used, 14814344 buff/cache
KiB Swap: 33554428 total, 32369604 free,  1184824 used. 63072496 avail Mem 
--
top - 12:45:21 up 105 days,  4:29,  0 users,  load average: 2.17, 1.69, 0.98
Tasks: 403 total,   1 running, 402 sleeping,   0 stopped,   0 zombie
%Cpu(s):  0.0 us,  0.0 sy,  0.0 ni,100.0 id,  0.0 wa,  0.0 hi,  0.0 si,  0.0 st
KiB Mem : 65877692 total, 49475604 free,  1587744 used, 14814344 buff/cache
KiB Swap: 33554428 total, 32369604 free,  1184824 used. 63070436 avail Mem 
--
top - 12:45:26 up 105 days,  4:29,  0 users,  load average: 2.00, 1.67, 0.97
Tasks: 403 total,   1 running, 402 sleeping,   0 stopped,   0 zombie
%Cpu(s):  0.1 us,  0.0 sy,  0.0 ni, 99.9 id,  0.0 wa,  0.0 hi,  0.0 si,  0.0 st
KiB Mem : 65877692 total, 49468264 free,  1595084 used, 14814344 buff/cache
KiB Swap: 33554428 total, 32369604 free,  1184824 used. 63063096 avail Mem 
--
top - 12:45:31 up 105 days,  4:29,  0 users,  load average: 1.84, 1.64, 0.97
Tasks: 403 total,   1 running, 402 sleeping,   0 stopped,   0 zombie
%Cpu(s):  0.1 us,  0.0 sy,  0.0 ni, 99.9 id,  0.0 wa,  0.0 hi,  0.0 si,  0.0 st
KiB Mem : 65877692 total, 49444296 free,  1619052 used, 14814344 buff/cache
KiB Swap: 33554428 total, 32369604 free,  1184824 used. 63039128 avail Mem 
--
top - 12:45:36 up 105 days,  4:29,  0 users,  load average: 1.77, 1.63, 0.97
Tasks: 403 total,   1 running, 402 sleeping,   0 stopped,   0 zombie
%Cpu(s):  0.1 us,  0.0 sy,  0.0 ni, 99.9 id,  0.0 wa,  0.0 hi,  0.0 si,  0.0 st
KiB Mem : 65877692 total, 49422784 free,  1640564 used, 14814344 buff/cache
KiB Swap: 33554428 total, 32369604 free,  1184824 used. 63017616 avail Mem 
--
top - 12:45:42 up 105 days,  4:29,  0 users,  load average: 1.63, 1.60, 0.96
Tasks: 403 total,   1 running, 402 sleeping,   0 stopped,   0 zombie
%Cpu(s):  0.1 us,  0.0 sy,  0.0 ni, 99.9 id,  0.0 wa,  0.0 hi,  0.0 si,  0.0 st
KiB Mem : 65877692 total, 49395712 free,  1667636 used, 14814344 buff/cache
KiB Swap: 33554428 total, 32369604 free,  1184824 used. 62990544 avail Mem 
--
top - 12:45:47 up 105 days,  4:29,  0 users,  load average: 1.50, 1.57, 0.96
Tasks: 403 total,   1 running, 402 sleeping,   0 stopped,   0 zombie
%Cpu(s):  0.1 us,  0.0 sy,  0.0 ni, 99.9 id,  0.0 wa,  0.0 hi,  0.0 si,  0.0 st
KiB Mem : 65877692 total, 49375692 free,  1687656 used, 14814344 buff/cache
KiB Swap: 33554428 total, 32369604 free,  1184824 used. 62970524 avail Mem 
--
top - 12:45:52 up 105 days,  4:29,  0 users,  load average: 1.38, 1.55, 0.95
Tasks: 403 total,   1 running, 402 sleeping,   0 stopped,   0 zombie
%Cpu(s):  0.1 us,  0.1 sy,  0.0 ni, 99.9 id,  0.0 wa,  0.0 hi,  0.0 si,  0.0 st
KiB Mem : 65877692 total, 49348856 free,  1714492 used, 14814344 buff/cache
KiB Swap: 33554428 total, 32369604 free,  1184824 used. 62943688 avail Mem 
--
top - 12:45:57 up 105 days,  4:29,  0 users,  load average: 3.83, 2.05, 1.12
Tasks: 404 total,   2 running, 402 sleeping,   0 stopped,   0 zombie
%Cpu(s): 57.5 us,  0.5 sy,  0.0 ni, 42.0 id,  0.0 wa,  0.0 hi,  0.0 si,  0.0 st
KiB Mem : 65877692 total, 49230080 free,  1833268 used, 14814344 buff/cache
KiB Swap: 33554428 total, 32369604 free,  1184824 used. 62824912 avail Mem 
--
top - 12:46:02 up 105 days,  4:29,  0 users,  load average: 3.52, 2.02, 1.11
Tasks: 404 total,   1 running, 403 sleeping,   0 stopped,   0 zombie
%Cpu(s):  7.0 us,  0.3 sy,  0.0 ni, 92.4 id,  0.3 wa,  0.0 hi,  0.0 si,  0.0 st
KiB Mem : 65877692 total, 49348204 free,  1715140 used, 14814348 buff/cache
KiB Swap: 33554428 total, 32369604 free,  1184824 used. 62943040 avail Mem 
--
top - 12:46:07 up 105 days,  4:29,  0 users,  load average: 3.24, 1.99, 1.11
Tasks: 408 total,   1 running, 407 sleeping,   0 stopped,   0 zombie
%Cpu(s):  0.0 us,  0.0 sy,  0.0 ni,100.0 id,  0.0 wa,  0.0 hi,  0.0 si,  0.0 st
KiB Mem : 65877692 total, 49351072 free,  1712272 used, 14814348 buff/cache
KiB Swap: 33554428 total, 32369604 free,  1184824 used. 62945908 avail Mem 
--
top - 12:46:12 up 105 days,  4:30,  0 users,  load average: 2.98, 1.95, 1.10
Tasks: 408 total,   1 running, 407 sleeping,   0 stopped,   0 zombie
%Cpu(s):  0.1 us,  0.0 sy,  0.0 ni, 99.9 id,  0.0 wa,  0.0 hi,  0.0 si,  0.0 st
KiB Mem : 65877692 total, 49332032 free,  1731308 used, 14814352 buff/cache
KiB Swap: 33554428 total, 32369604 free,  1184824 used. 62926872 avail Mem 
--
top - 12:46:17 up 105 days,  4:30,  0 users,  load average: 2.74, 1.92, 1.10
Tasks: 408 total,   1 running, 407 sleeping,   0 stopped,   0 zombie
%Cpu(s):  0.1 us,  0.0 sy,  0.0 ni, 99.9 id,  0.0 wa,  0.0 hi,  0.0 si,  0.0 st
KiB Mem : 65877692 total, 49307596 free,  1755744 used, 14814352 buff/cache
KiB Swap: 33554428 total, 32369604 free,  1184824 used. 62902436 avail Mem 
--
top - 12:46:22 up 105 days,  4:30,  0 users,  load average: 2.52, 1.89, 1.09
Tasks: 408 total,   1 running, 407 sleeping,   0 stopped,   0 zombie
%Cpu(s):  0.1 us,  0.1 sy,  0.0 ni, 99.9 id,  0.0 wa,  0.0 hi,  0.0 si,  0.0 st
KiB Mem : 65877692 total, 49284036 free,  1779304 used, 14814352 buff/cache
KiB Swap: 33554428 total, 32369604 free,  1184824 used. 62878876 avail Mem 
--
top - 12:46:27 up 105 days,  4:30,  0 users,  load average: 2.32, 1.86, 1.08
Tasks: 409 total,   1 running, 408 sleeping,   0 stopped,   0 zombie
%Cpu(s):  0.1 us,  0.1 sy,  0.0 ni, 98.3 id,  1.5 wa,  0.0 hi,  0.0 si,  0.0 st
KiB Mem : 65877692 total, 49262696 free,  1800644 used, 14814352 buff/cache
KiB Swap: 33554428 total, 32369604 free,  1184824 used. 62857536 avail Mem 
--
top - 12:46:32 up 105 days,  4:30,  0 users,  load average: 2.70, 1.94, 1.12
Tasks: 409 total,   1 running, 408 sleeping,   0 stopped,   0 zombie
%Cpu(s):  0.1 us,  0.0 sy,  0.0 ni, 90.6 id,  9.3 wa,  0.0 hi,  0.0 si,  0.0 st
KiB Mem : 65877692 total, 49240300 free,  1823040 used, 14814352 buff/cache
KiB Swap: 33554428 total, 32369604 free,  1184824 used. 62835140 avail Mem 
--
top - 12:46:37 up 105 days,  4:30,  0 users,  load average: 3.12, 2.04, 1.15
Tasks: 409 total,   1 running, 408 sleeping,   0 stopped,   0 zombie
%Cpu(s):  0.1 us,  0.0 sy,  0.0 ni, 94.2 id,  5.7 wa,  0.0 hi,  0.0 si,  0.0 st
KiB Mem : 65877692 total, 49211532 free,  1851808 used, 14814352 buff/cache
KiB Swap: 33554428 total, 32369604 free,  1184824 used. 62806372 avail Mem 
--
top - 12:46:42 up 105 days,  4:30,  0 users,  load average: 5.27, 2.51, 1.31
Tasks: 409 total,   1 running, 408 sleeping,   0 stopped,   0 zombie
%Cpu(s): 63.8 us,  0.6 sy,  0.0 ni, 35.6 id,  0.0 wa,  0.0 hi,  0.0 si,  0.0 st
KiB Mem : 65877692 total, 49091068 free,  1972272 used, 14814352 buff/cache
KiB Swap: 33554428 total, 32369604 free,  1184824 used. 62685908 avail Mem 
--
top - 12:46:47 up 105 days,  4:30,  0 users,  load average: 4.85, 2.47, 1.30
Tasks: 409 total,   1 running, 408 sleeping,   0 stopped,   0 zombie
%Cpu(s):  0.0 us,  0.0 sy,  0.0 ni, 99.9 id,  0.0 wa,  0.0 hi,  0.0 si,  0.0 st
KiB Mem : 65877692 total, 49233952 free,  1829388 used, 14814352 buff/cache
KiB Swap: 33554428 total, 32369604 free,  1184824 used. 62828792 avail Mem 
--
top - 12:46:52 up 105 days,  4:30,  0 users,  load average: 4.46, 2.43, 1.29
Tasks: 409 total,   1 running, 408 sleeping,   0 stopped,   0 zombie
%Cpu(s):  0.0 us,  0.0 sy,  0.0 ni, 99.9 id,  0.0 wa,  0.0 hi,  0.0 si,  0.0 st
KiB Mem : 65877692 total, 49224096 free,  1839244 used, 14814352 buff/cache
KiB Swap: 33554428 total, 32369604 free,  1184824 used. 62818936 avail Mem 
--
top - 12:46:57 up 105 days,  4:30,  0 users,  load average: 4.11, 2.39, 1.29
Tasks: 407 total,   1 running, 406 sleeping,   0 stopped,   0 zombie
%Cpu(s):  0.1 us,  0.0 sy,  0.0 ni, 99.9 id,  0.0 wa,  0.0 hi,  0.0 si,  0.0 st
KiB Mem : 65877692 total, 49213224 free,  1850116 used, 14814352 buff/cache
KiB Swap: 33554428 total, 32369604 free,  1184824 used. 62808064 avail Mem 
--
top - 12:47:02 up 105 days,  4:30,  0 users,  load average: 3.78, 2.35, 1.28
Tasks: 405 total,   1 running, 404 sleeping,   0 stopped,   0 zombie
%Cpu(s):  0.1 us,  0.0 sy,  0.0 ni, 99.9 id,  0.0 wa,  0.0 hi,  0.0 si,  0.0 st
KiB Mem : 65877692 total, 49176604 free,  1886736 used, 14814352 buff/cache
KiB Swap: 33554428 total, 32369604 free,  1184824 used. 62771444 avail Mem 
--
top - 12:47:07 up 105 days,  4:31,  0 users,  load average: 3.47, 2.31, 1.27
Tasks: 405 total,   2 running, 403 sleeping,   0 stopped,   0 zombie
%Cpu(s):  0.1 us,  0.1 sy,  0.0 ni, 99.9 id,  0.0 wa,  0.0 hi,  0.0 si,  0.0 st
KiB Mem : 65877692 total, 49150248 free,  1913088 used, 14814356 buff/cache
KiB Swap: 33554428 total, 32369604 free,  1184824 used. 62745088 avail Mem 
--
top - 12:47:12 up 105 days,  4:31,  0 users,  load average: 3.20, 2.27, 1.27
Tasks: 405 total,   1 running, 404 sleeping,   0 stopped,   0 zombie
%Cpu(s):  0.1 us,  0.1 sy,  0.0 ni, 99.9 id,  0.0 wa,  0.0 hi,  0.0 si,  0.0 st
KiB Mem : 65877692 total, 49125852 free,  1937484 used, 14814356 buff/cache
KiB Swap: 33554428 total, 32369604 free,  1184824 used. 62720692 avail Mem 
--
top - 12:47:17 up 105 days,  4:31,  0 users,  load average: 2.94, 2.23, 1.26
Tasks: 401 total,   1 running, 400 sleeping,   0 stopped,   0 zombie
%Cpu(s):  0.1 us,  0.1 sy,  0.0 ni, 99.9 id,  0.0 wa,  0.0 hi,  0.0 si,  0.0 st
KiB Mem : 65877692 total, 49105756 free,  1957580 used, 14814356 buff/cache
KiB Swap: 33554428 total, 32369604 free,  1184824 used. 62700596 avail Mem 
--
top - 12:47:22 up 105 days,  4:31,  0 users,  load average: 2.70, 2.19, 1.25
Tasks: 401 total,   2 running, 399 sleeping,   0 stopped,   0 zombie
%Cpu(s): 18.8 us,  0.1 sy,  0.0 ni, 81.0 id,  0.0 wa,  0.0 hi,  0.0 si,  0.0 st
KiB Mem : 65877692 total, 49050404 free,  2012932 used, 14814356 buff/cache
KiB Swap: 33554428 total, 32369604 free,  1184824 used. 62645244 avail Mem 
--
top - 12:47:27 up 105 days,  4:31,  0 users,  load average: 4.33, 2.54, 1.37
Tasks: 401 total,   1 running, 400 sleeping,   0 stopped,   0 zombie
%Cpu(s): 42.2 us,  0.1 sy,  0.0 ni, 53.6 id,  4.0 wa,  0.0 hi,  0.0 si,  0.0 st
KiB Mem : 65877692 total, 48956644 free,  2106692 used, 14814356 buff/cache
KiB Swap: 33554428 total, 32369604 free,  1184824 used. 62551488 avail Mem 
--
top - 12:47:32 up 105 days,  4:31,  0 users,  load average: 4.54, 2.61, 1.40
Tasks: 401 total,   1 running, 400 sleeping,   0 stopped,   0 zombie
%Cpu(s):  0.0 us,  0.0 sy,  0.0 ni, 90.6 id,  9.3 wa,  0.0 hi,  0.0 si,  0.0 st
KiB Mem : 65877692 total, 49080580 free,  1982756 used, 14814356 buff/cache
KiB Swap: 33554428 total, 32369604 free,  1184824 used. 62675424 avail Mem 
--
top - 12:47:37 up 105 days,  4:31,  0 users,  load average: 4.74, 2.69, 1.43
Tasks: 401 total,   1 running, 400 sleeping,   0 stopped,   0 zombie
%Cpu(s):  0.0 us,  0.0 sy,  0.0 ni, 95.9 id,  4.1 wa,  0.0 hi,  0.0 si,  0.0 st
KiB Mem : 65877692 total, 49080936 free,  1982400 used, 14814356 buff/cache
KiB Swap: 33554428 total, 32369604 free,  1184824 used. 62675780 avail Mem 
--
top - 12:47:42 up 105 days,  4:31,  0 users,  load average: 4.36, 2.64, 1.42
Tasks: 401 total,   1 running, 400 sleeping,   0 stopped,   0 zombie
%Cpu(s):  0.1 us,  0.1 sy,  0.0 ni, 99.8 id,  0.0 wa,  0.0 hi,  0.0 si,  0.0 st
KiB Mem : 65877692 total, 49056736 free,  2006600 used, 14814356 buff/cache
KiB Swap: 33554428 total, 32369604 free,  1184824 used. 62651580 avail Mem 
--
top - 12:47:47 up 105 days,  4:31,  0 users,  load average: 4.01, 2.60, 1.41
Tasks: 401 total,   1 running, 400 sleeping,   0 stopped,   0 zombie
%Cpu(s):  0.1 us,  0.0 sy,  0.0 ni, 95.3 id,  4.5 wa,  0.0 hi,  0.0 si,  0.0 st
KiB Mem : 65877692 total, 49033328 free,  2030008 used, 14814356 buff/cache
KiB Swap: 33554428 total, 32369604 free,  1184824 used. 62628172 avail Mem 
--
top - 12:47:52 up 105 days,  4:31,  0 users,  load average: 4.25, 2.67, 1.44
Tasks: 401 total,   1 running, 400 sleeping,   0 stopped,   0 zombie
%Cpu(s):  0.1 us,  0.1 sy,  0.0 ni, 90.5 id,  9.3 wa,  0.0 hi,  0.0 si,  0.0 st
KiB Mem : 65877692 total, 49005228 free,  2058108 used, 14814356 buff/cache
KiB Swap: 33554428 total, 32369604 free,  1184824 used. 62600072 avail Mem 
--
top - 12:47:57 up 105 days,  4:31,  0 users,  load average: 4.47, 2.74, 1.47
Tasks: 401 total,   1 running, 400 sleeping,   0 stopped,   0 zombie
%Cpu(s):  0.1 us,  0.1 sy,  0.0 ni, 95.0 id,  4.8 wa,  0.0 hi,  0.0 si,  0.0 st
KiB Mem : 65877692 total, 48982956 free,  2080376 used, 14814360 buff/cache
KiB Swap: 33554428 total, 32369604 free,  1184824 used. 62577800 avail Mem 
--
top - 12:48:02 up 105 days,  4:31,  0 users,  load average: 4.11, 2.70, 1.47
Tasks: 403 total,   1 running, 402 sleeping,   0 stopped,   0 zombie
%Cpu(s):  0.4 us,  0.3 sy,  0.0 ni, 98.9 id,  0.4 wa,  0.0 hi,  0.0 si,  0.0 st
KiB Mem : 65877692 total, 48948400 free,  2114932 used, 14814360 buff/cache
KiB Swap: 33554428 total, 32369604 free,  1184824 used. 62543244 avail Mem 
--
top - 12:48:07 up 105 days,  4:32,  0 users,  load average: 4.50, 2.80, 1.51
Tasks: 403 total,   2 running, 401 sleeping,   0 stopped,   0 zombie
%Cpu(s): 62.4 us,  0.4 sy,  0.0 ni, 37.3 id,  0.0 wa,  0.0 hi,  0.0 si,  0.0 st
KiB Mem : 65877692 total, 48828128 free,  2235204 used, 14814360 buff/cache
KiB Swap: 33554428 total, 32369604 free,  1184824 used. 62422976 avail Mem 
