10.149.0.62
2023/12/27 12:54:14 Master node address: http://10.149.0.54:8000
2023/12/27 12:54:14 Benchmarking worker...
2023/12/27 12:54:15 Worker registered (1857 MCUPS). Waiting for work...
2023/12/27 12:55:23 Got work. Start calculating alignments...
2023/12/27 12:55:23 Calculating 2036 queries
2023/12/27 12:55:28 Done calculating alignments.
2023/12/27 12:55:28 Waiting for work...
2023/12/27 12:56:05 Got work. Start calculating alignments...
2023/12/27 12:56:05 Calculating 2036 queries
2023/12/27 12:56:11 Done calculating alignments.
2023/12/27 12:56:11 Waiting for work...
2023/12/27 12:56:47 Got work. Start calculating alignments...
2023/12/27 12:56:47 Calculating 2036 queries
2023/12/27 12:56:50 Done calculating alignments.
2023/12/27 12:56:50 Waiting for work...
2023/12/27 12:57:38 Got work. Start calculating alignments...
2023/12/27 12:57:38 Calculating 2036 queries
2023/12/27 12:57:44 Done calculating alignments.
2023/12/27 12:57:44 Waiting for work...
2023/12/27 12:58:26 Got work. Start calculating alignments...
2023/12/27 12:58:26 Calculating 2036 queries
2023/12/27 12:58:33 Done calculating alignments.
2023/12/27 12:58:33 Waiting for work...
slurmstepd: error: *** JOB 4753287 ON node062 CANCELLED AT 2023-12-27T12:58:34 ***
