10.149.0.33
2023/12/27 12:54:14 Master node address: http://10.149.0.54:8000
2023/12/27 12:54:14 Benchmarking worker...
2023/12/27 12:54:16 Worker registered (1799 MCUPS). Waiting for work...
2023/12/27 12:55:23 Got work. Start calculating alignments...
2023/12/27 12:55:23 Calculating 1972 queries
2023/12/27 12:55:29 Done calculating alignments.
2023/12/27 12:55:29 Waiting for work...
2023/12/27 12:56:05 Got work. Start calculating alignments...
2023/12/27 12:56:05 Calculating 1971 queries
2023/12/27 12:56:09 Done calculating alignments.
2023/12/27 12:56:09 Waiting for work...
2023/12/27 12:56:52 Got work. Start calculating alignments...
2023/12/27 12:56:52 Calculating 1971 queries
2023/12/27 12:56:56 Done calculating alignments.
2023/12/27 12:56:56 Waiting for work...
2023/12/27 12:57:37 Got work. Start calculating alignments...
2023/12/27 12:57:37 Calculating 1972 queries
2023/12/27 12:57:42 Done calculating alignments.
2023/12/27 12:57:42 Waiting for work...
2023/12/27 12:58:25 Got work. Start calculating alignments...
2023/12/27 12:58:25 Calculating 1970 queries
2023/12/27 12:58:31 Done calculating alignments.
2023/12/27 12:58:31 Waiting for work...
slurmstepd: error: *** JOB 4753290 ON node033 CANCELLED AT 2023-12-27T12:58:34 ***
