Job id: 4753210
Master ip: 10.149.0.54
--
top - 12:41:49 up 105 days,  4:24,  0 users,  load average: 0.12, 0.08, 0.12
Tasks: 407 total,   2 running, 405 sleeping,   0 stopped,   0 zombie
%Cpu(s):  2.0 us,  0.9 sy,  0.0 ni, 97.1 id,  0.0 wa,  0.0 hi,  0.0 si,  0.0 st
KiB Mem : 65877712 total, 50983320 free,  1164104 used, 13730288 buff/cache
KiB Swap: 33554428 total, 32099584 free,  1454844 used. 63537960 avail Mem 
--
top - 12:41:54 up 105 days,  4:24,  0 users,  load average: 0.19, 0.10, 0.13
Tasks: 407 total,   1 running, 406 sleeping,   0 stopped,   0 zombie
%Cpu(s):  0.8 us,  0.1 sy,  0.0 ni, 99.1 id,  0.0 wa,  0.0 hi,  0.0 si,  0.0 st
KiB Mem : 65877712 total, 50959568 free,  1187812 used, 13730332 buff/cache
KiB Swap: 33554428 total, 32099584 free,  1454844 used. 63514276 avail Mem 
--
top - 12:41:59 up 105 days,  4:24,  0 users,  load average: 0.17, 0.10, 0.13
Tasks: 407 total,   1 running, 406 sleeping,   0 stopped,   0 zombie
%Cpu(s):  0.1 us,  0.0 sy,  0.0 ni, 99.9 id,  0.0 wa,  0.0 hi,  0.0 si,  0.0 st
KiB Mem : 65877712 total, 50959544 free,  1187836 used, 13730332 buff/cache
KiB Swap: 33554428 total, 32099584 free,  1454844 used. 63514252 avail Mem 
--
top - 12:42:04 up 105 days,  4:24,  0 users,  load average: 0.16, 0.10, 0.13
Tasks: 411 total,   1 running, 410 sleeping,   0 stopped,   0 zombie
%Cpu(s):  0.5 us,  0.2 sy,  0.0 ni, 98.9 id,  0.3 wa,  0.0 hi,  0.0 si,  0.0 st
KiB Mem : 65877712 total, 50956372 free,  1191008 used, 13730332 buff/cache
KiB Swap: 33554428 total, 32099584 free,  1454844 used. 63511080 avail Mem 
--
top - 12:42:09 up 105 days,  4:24,  0 users,  load average: 0.15, 0.09, 0.13
Tasks: 411 total,   1 running, 410 sleeping,   0 stopped,   0 zombie
%Cpu(s):  0.1 us,  0.0 sy,  0.0 ni, 99.8 id,  0.0 wa,  0.0 hi,  0.0 si,  0.0 st
KiB Mem : 65877712 total, 50956940 free,  1190440 used, 13730332 buff/cache
KiB Swap: 33554428 total, 32099584 free,  1454844 used. 63511648 avail Mem 
--
top - 12:42:14 up 105 days,  4:24,  0 users,  load average: 0.13, 0.09, 0.12
Tasks: 411 total,   1 running, 410 sleeping,   0 stopped,   0 zombie
%Cpu(s):  0.1 us,  0.0 sy,  0.0 ni, 99.8 id,  0.0 wa,  0.0 hi,  0.0 si,  0.0 st
KiB Mem : 65877712 total, 50957352 free,  1190028 used, 13730332 buff/cache
KiB Swap: 33554428 total, 32099584 free,  1454844 used. 63512060 avail Mem 
--
top - 12:42:19 up 105 days,  4:24,  0 users,  load average: 0.12, 0.09, 0.12
Tasks: 411 total,   1 running, 410 sleeping,   0 stopped,   0 zombie
%Cpu(s):  0.1 us,  0.0 sy,  0.0 ni, 99.8 id,  0.0 wa,  0.0 hi,  0.0 si,  0.0 st
KiB Mem : 65877712 total, 50957792 free,  1189588 used, 13730332 buff/cache
KiB Swap: 33554428 total, 32099584 free,  1454844 used. 63512500 avail Mem 
--
top - 12:42:25 up 105 days,  4:24,  0 users,  load average: 0.11, 0.09, 0.12
Tasks: 411 total,   1 running, 410 sleeping,   0 stopped,   0 zombie
%Cpu(s):  0.1 us,  0.0 sy,  0.0 ni, 99.9 id,  0.0 wa,  0.0 hi,  0.0 si,  0.0 st
KiB Mem : 65877712 total, 50958128 free,  1189252 used, 13730332 buff/cache
KiB Swap: 33554428 total, 32099584 free,  1454844 used. 63512836 avail Mem 
--
top - 12:42:30 up 105 days,  4:24,  0 users,  load average: 0.10, 0.09, 0.12
Tasks: 411 total,   2 running, 409 sleeping,   0 stopped,   0 zombie
%Cpu(s):  2.2 us,  0.2 sy,  0.0 ni, 97.5 id,  0.0 wa,  0.0 hi,  0.0 si,  0.0 st
KiB Mem : 65877712 total, 50581572 free,  1565808 used, 13730332 buff/cache
KiB Swap: 33554428 total, 32099584 free,  1454844 used. 63136280 avail Mem 
--
top - 12:42:35 up 105 days,  4:24,  0 users,  load average: 0.18, 0.10, 0.13
Tasks: 411 total,   2 running, 409 sleeping,   0 stopped,   0 zombie
%Cpu(s):  3.0 us,  0.1 sy,  0.0 ni, 96.9 id,  0.0 wa,  0.0 hi,  0.1 si,  0.0 st
KiB Mem : 65877712 total, 50582232 free,  1565148 used, 13730332 buff/cache
KiB Swap: 33554428 total, 32099584 free,  1454844 used. 63136940 avail Mem 
--
top - 12:42:40 up 105 days,  4:25,  0 users,  load average: 0.24, 0.12, 0.13
Tasks: 411 total,   2 running, 409 sleeping,   0 stopped,   0 zombie
%Cpu(s):  3.0 us,  0.1 sy,  0.0 ni, 96.8 id,  0.0 wa,  0.0 hi,  0.1 si,  0.0 st
KiB Mem : 65877712 total, 50581824 free,  1565556 used, 13730332 buff/cache
KiB Swap: 33554428 total, 32099584 free,  1454844 used. 63136532 avail Mem 
--
top - 12:42:45 up 105 days,  4:25,  0 users,  load average: 0.22, 0.12, 0.13
Tasks: 411 total,   2 running, 409 sleeping,   0 stopped,   0 zombie
%Cpu(s):  1.6 us,  0.0 sy,  0.0 ni, 98.4 id,  0.0 wa,  0.0 hi,  0.0 si,  0.0 st
KiB Mem : 65877712 total, 50565304 free,  1582072 used, 13730336 buff/cache
KiB Swap: 33554428 total, 32099584 free,  1454844 used. 63120012 avail Mem 
--
top - 12:42:50 up 105 days,  4:25,  0 users,  load average: 0.20, 0.11, 0.13
Tasks: 411 total,   2 running, 409 sleeping,   0 stopped,   0 zombie
%Cpu(s):  1.5 us,  0.1 sy,  0.0 ni, 98.4 id,  0.0 wa,  0.0 hi,  0.0 si,  0.0 st
KiB Mem : 65877712 total, 50414100 free,  1733272 used, 13730340 buff/cache
KiB Swap: 33554428 total, 32099584 free,  1454844 used. 62968812 avail Mem 
--
top - 12:42:55 up 105 days,  4:25,  0 users,  load average: 0.35, 0.15, 0.14
Tasks: 411 total,   2 running, 409 sleeping,   0 stopped,   0 zombie
%Cpu(s):  3.0 us,  0.1 sy,  0.0 ni, 96.8 id,  0.0 wa,  0.0 hi,  0.0 si,  0.0 st
KiB Mem : 65877712 total, 50343156 free,  1804216 used, 13730340 buff/cache
KiB Swap: 33554428 total, 32099584 free,  1454844 used. 62897868 avail Mem 
--
top - 12:43:00 up 105 days,  4:25,  0 users,  load average: 0.40, 0.16, 0.15
Tasks: 411 total,   2 running, 409 sleeping,   0 stopped,   0 zombie
%Cpu(s):  3.0 us,  0.1 sy,  0.0 ni, 96.9 id,  0.0 wa,  0.0 hi,  0.1 si,  0.0 st
KiB Mem : 65877712 total, 50343248 free,  1804124 used, 13730340 buff/cache
KiB Swap: 33554428 total, 32099584 free,  1454844 used. 62897960 avail Mem 
--
top - 12:43:05 up 105 days,  4:25,  0 users,  load average: 0.45, 0.17, 0.15
Tasks: 412 total,   2 running, 410 sleeping,   0 stopped,   0 zombie
%Cpu(s):  1.6 us,  0.1 sy,  0.0 ni, 98.3 id,  0.0 wa,  0.0 hi,  0.0 si,  0.0 st
KiB Mem : 65877712 total, 50336228 free,  1811144 used, 13730340 buff/cache
KiB Swap: 33554428 total, 32099584 free,  1454844 used. 62890944 avail Mem 
--
top - 12:43:10 up 105 days,  4:25,  0 users,  load average: 0.49, 0.19, 0.16
Tasks: 408 total,   1 running, 407 sleeping,   0 stopped,   0 zombie
%Cpu(s):  1.8 us,  0.0 sy,  0.0 ni, 98.1 id,  0.0 wa,  0.0 hi,  0.0 si,  0.0 st
KiB Mem : 65877712 total, 50330344 free,  1816948 used, 13730420 buff/cache
KiB Swap: 33554428 total, 32099584 free,  1454844 used. 62885100 avail Mem 
--
top - 12:43:15 up 105 days,  4:25,  0 users,  load average: 0.53, 0.20, 0.16
Tasks: 408 total,   2 running, 406 sleeping,   0 stopped,   0 zombie
%Cpu(s):  2.9 us,  0.1 sy,  0.0 ni, 96.9 id,  0.0 wa,  0.0 hi,  0.1 si,  0.0 st
KiB Mem : 65877712 total, 50122992 free,  2024300 used, 13730420 buff/cache
KiB Swap: 33554428 total, 32099584 free,  1454844 used. 62677748 avail Mem 
--
top - 12:43:20 up 105 days,  4:25,  0 users,  load average: 0.57, 0.21, 0.16
Tasks: 408 total,   2 running, 406 sleeping,   0 stopped,   0 zombie
%Cpu(s):  3.0 us,  0.1 sy,  0.0 ni, 96.9 id,  0.0 wa,  0.0 hi,  0.1 si,  0.0 st
KiB Mem : 65877712 total, 50123180 free,  2024080 used, 13730452 buff/cache
KiB Swap: 33554428 total, 32099584 free,  1454844 used. 62677936 avail Mem 
--
top - 12:43:25 up 105 days,  4:25,  0 users,  load average: 0.60, 0.23, 0.17
Tasks: 408 total,   2 running, 406 sleeping,   0 stopped,   0 zombie
%Cpu(s):  3.0 us,  0.1 sy,  0.0 ni, 96.8 id,  0.0 wa,  0.0 hi,  0.1 si,  0.0 st
KiB Mem : 65877712 total, 50123224 free,  2024036 used, 13730452 buff/cache
KiB Swap: 33554428 total, 32099584 free,  1454844 used. 62677980 avail Mem 
--
top - 12:43:30 up 105 days,  4:25,  0 users,  load average: 0.64, 0.24, 0.17
Tasks: 408 total,   2 running, 406 sleeping,   0 stopped,   0 zombie
%Cpu(s):  1.5 us,  0.0 sy,  0.0 ni, 98.4 id,  0.0 wa,  0.0 hi,  0.0 si,  0.0 st
KiB Mem : 65877712 total, 50121444 free,  2025816 used, 13730452 buff/cache
KiB Swap: 33554428 total, 32099584 free,  1454844 used. 62676232 avail Mem 
--
top - 12:43:35 up 105 days,  4:25,  0 users,  load average: 0.67, 0.25, 0.18
Tasks: 408 total,   2 running, 406 sleeping,   0 stopped,   0 zombie
%Cpu(s):  2.0 us,  0.1 sy,  0.0 ni, 97.9 id,  0.0 wa,  0.0 hi,  0.0 si,  0.0 st
KiB Mem : 65877712 total, 50104492 free,  2042708 used, 13730512 buff/cache
KiB Swap: 33554428 total, 32099584 free,  1454844 used. 62659312 avail Mem 
--
top - 12:43:40 up 105 days,  4:26,  0 users,  load average: 0.69, 0.27, 0.18
Tasks: 408 total,   2 running, 406 sleeping,   0 stopped,   0 zombie
%Cpu(s):  3.0 us,  0.1 sy,  0.0 ni, 96.8 id,  0.0 wa,  0.0 hi,  0.1 si,  0.0 st
KiB Mem : 65877712 total, 49900560 free,  2246636 used, 13730516 buff/cache
KiB Swap: 33554428 total, 32099584 free,  1454844 used. 62455380 avail Mem 
--
top - 12:43:45 up 105 days,  4:26,  0 users,  load average: 0.72, 0.28, 0.19
Tasks: 408 total,   2 running, 406 sleeping,   0 stopped,   0 zombie
%Cpu(s):  3.0 us,  0.1 sy,  0.0 ni, 96.8 id,  0.0 wa,  0.0 hi,  0.1 si,  0.0 st
KiB Mem : 65877712 total, 49900988 free,  2246208 used, 13730516 buff/cache
KiB Swap: 33554428 total, 32099584 free,  1454844 used. 62455808 avail Mem 
--
top - 12:43:50 up 105 days,  4:26,  0 users,  load average: 0.74, 0.29, 0.19
Tasks: 408 total,   2 running, 406 sleeping,   0 stopped,   0 zombie
%Cpu(s):  3.0 us,  0.1 sy,  0.0 ni, 96.8 id,  0.0 wa,  0.0 hi,  0.1 si,  0.0 st
KiB Mem : 65877712 total, 49900988 free,  2246208 used, 13730516 buff/cache
KiB Swap: 33554428 total, 32099584 free,  1454844 used. 62455808 avail Mem 
--
top - 12:43:55 up 105 days,  4:26,  0 users,  load average: 0.68, 0.28, 0.19
Tasks: 408 total,   2 running, 406 sleeping,   0 stopped,   0 zombie
%Cpu(s):  1.6 us,  0.0 sy,  0.0 ni, 98.3 id,  0.0 wa,  0.0 hi,  0.0 si,  0.0 st
KiB Mem : 65877712 total, 49886556 free,  2260640 used, 13730516 buff/cache
KiB Swap: 33554428 total, 32099584 free,  1454844 used. 62441376 avail Mem 
--
top - 12:44:00 up 105 days,  4:26,  0 users,  load average: 0.63, 0.28, 0.19
Tasks: 414 total,   4 running, 410 sleeping,   0 stopped,   0 zombie
%Cpu(s):  1.9 us,  0.3 sy,  0.0 ni, 97.6 id,  0.2 wa,  0.0 hi,  0.0 si,  0.0 st
KiB Mem : 65877712 total, 49664524 free,  2482640 used, 13730548 buff/cache
KiB Swap: 33554428 total, 32099584 free,  1454844 used. 62219376 avail Mem 
--
top - 12:44:05 up 105 days,  4:26,  0 users,  load average: 0.58, 0.27, 0.19
Tasks: 411 total,   2 running, 409 sleeping,   0 stopped,   0 zombie
%Cpu(s):  3.0 us,  0.1 sy,  0.0 ni, 96.6 id,  0.2 wa,  0.0 hi,  0.1 si,  0.0 st
KiB Mem : 65877712 total, 49676472 free,  2470660 used, 13730580 buff/cache
KiB Swap: 33554428 total, 32099584 free,  1454844 used. 62231344 avail Mem 
--
top - 12:44:10 up 105 days,  4:26,  0 users,  load average: 0.61, 0.29, 0.19
Tasks: 411 total,   2 running, 409 sleeping,   0 stopped,   0 zombie
%Cpu(s):  3.0 us,  0.1 sy,  0.0 ni, 96.8 id,  0.0 wa,  0.0 hi,  0.1 si,  0.0 st
KiB Mem : 65877712 total, 49676436 free,  2470696 used, 13730580 buff/cache
KiB Swap: 33554428 total, 32099584 free,  1454844 used. 62231308 avail Mem 
--
top - 12:44:15 up 105 days,  4:26,  0 users,  load average: 0.64, 0.30, 0.20
Tasks: 408 total,   1 running, 407 sleeping,   0 stopped,   0 zombie
%Cpu(s):  1.6 us,  0.1 sy,  0.0 ni, 98.3 id,  0.0 wa,  0.0 hi,  0.0 si,  0.0 st
KiB Mem : 65877712 total, 49676852 free,  2470280 used, 13730580 buff/cache
KiB Swap: 33554428 total, 32099584 free,  1454844 used. 62231724 avail Mem 
