Job id: 4753262
Worker ip: 10.149.0.55
Master ip: 10.149.0.54
--
top - 12:50:33 up 105 days,  4:32,  0 users,  load average: 7.14, 2.86, 1.44
Tasks: 396 total,   1 running, 395 sleeping,   0 stopped,   0 zombie
%Cpu(s):  1.5 us,  4.0 sy,  0.0 ni, 94.3 id,  0.0 wa,  0.0 hi,  0.2 si,  0.0 st
KiB Mem : 65877712 total, 51488344 free,  1127424 used, 13261944 buff/cache
KiB Swap: 33554428 total, 32309852 free,  1244576 used. 63586204 avail Mem 
--
top - 12:50:38 up 105 days,  4:32,  0 users,  load average: 6.73, 2.84, 1.44
Tasks: 398 total,   1 running, 397 sleeping,   0 stopped,   0 zombie
%Cpu(s):  1.7 us,  0.4 sy,  0.0 ni, 97.8 id,  0.0 wa,  0.0 hi,  0.0 si,  0.0 st
KiB Mem : 65877712 total, 51464720 free,  1144456 used, 13268536 buff/cache
KiB Swap: 33554428 total, 32309852 free,  1244576 used. 63569144 avail Mem 
--
top - 12:50:43 up 105 days,  4:33,  0 users,  load average: 6.19, 2.79, 1.43
Tasks: 399 total,   1 running, 398 sleeping,   0 stopped,   0 zombie
%Cpu(s):  0.0 us,  0.0 sy,  0.0 ni,100.0 id,  0.0 wa,  0.0 hi,  0.0 si,  0.0 st
KiB Mem : 65877712 total, 51465324 free,  1143852 used, 13268536 buff/cache
KiB Swap: 33554428 total, 32309852 free,  1244576 used. 63569748 avail Mem 
--
top - 12:50:48 up 105 days,  4:33,  0 users,  load average: 5.69, 2.75, 1.43
Tasks: 399 total,   1 running, 398 sleeping,   0 stopped,   0 zombie
%Cpu(s):  0.0 us,  0.0 sy,  0.0 ni,100.0 id,  0.0 wa,  0.0 hi,  0.0 si,  0.0 st
KiB Mem : 65877712 total, 51466036 free,  1143140 used, 13268536 buff/cache
KiB Swap: 33554428 total, 32309852 free,  1244576 used. 63570460 avail Mem 
--
top - 12:50:53 up 105 days,  4:33,  0 users,  load average: 5.24, 2.70, 1.42
Tasks: 399 total,   1 running, 398 sleeping,   0 stopped,   0 zombie
%Cpu(s):  0.0 us,  0.0 sy,  0.0 ni, 99.9 id,  0.0 wa,  0.0 hi,  0.0 si,  0.0 st
KiB Mem : 65877712 total, 51467140 free,  1142036 used, 13268536 buff/cache
KiB Swap: 33554428 total, 32309852 free,  1244576 used. 63571564 avail Mem 
--
top - 12:50:58 up 105 days,  4:33,  0 users,  load average: 4.82, 2.66, 1.41
Tasks: 399 total,   1 running, 398 sleeping,   0 stopped,   0 zombie
%Cpu(s):  0.0 us,  0.0 sy,  0.0 ni,100.0 id,  0.0 wa,  0.0 hi,  0.0 si,  0.0 st
KiB Mem : 65877712 total, 51467752 free,  1141424 used, 13268536 buff/cache
KiB Swap: 33554428 total, 32309852 free,  1244576 used. 63572176 avail Mem 
--
top - 12:51:03 up 105 days,  4:33,  0 users,  load average: 4.43, 2.61, 1.40
Tasks: 399 total,   1 running, 398 sleeping,   0 stopped,   0 zombie
%Cpu(s):  0.0 us,  0.0 sy,  0.0 ni,100.0 id,  0.0 wa,  0.0 hi,  0.0 si,  0.0 st
KiB Mem : 65877712 total, 51468700 free,  1140476 used, 13268536 buff/cache
KiB Swap: 33554428 total, 32309852 free,  1244576 used. 63573124 avail Mem 
--
top - 12:51:08 up 105 days,  4:33,  0 users,  load average: 4.08, 2.57, 1.39
Tasks: 399 total,   1 running, 398 sleeping,   0 stopped,   0 zombie
%Cpu(s):  0.0 us,  0.0 sy,  0.0 ni, 99.9 id,  0.0 wa,  0.0 hi,  0.0 si,  0.0 st
KiB Mem : 65877712 total, 51463672 free,  1145504 used, 13268536 buff/cache
KiB Swap: 33554428 total, 32309852 free,  1244576 used. 63568096 avail Mem 
--
top - 12:51:13 up 105 days,  4:33,  0 users,  load average: 3.75, 2.53, 1.39
Tasks: 398 total,   1 running, 397 sleeping,   0 stopped,   0 zombie
%Cpu(s):  6.0 us,  0.4 sy,  0.0 ni, 93.5 id,  0.0 wa,  0.0 hi,  0.0 si,  0.0 st
KiB Mem : 65877712 total, 51133444 free,  1475732 used, 13268536 buff/cache
KiB Swap: 33554428 total, 32309852 free,  1244576 used. 63237868 avail Mem 
--
top - 12:51:18 up 105 days,  4:33,  0 users,  load average: 5.69, 2.95, 1.53
Tasks: 398 total,   1 running, 397 sleeping,   0 stopped,   0 zombie
%Cpu(s): 52.4 us,  0.3 sy,  0.0 ni, 47.3 id,  0.0 wa,  0.0 hi,  0.0 si,  0.0 st
KiB Mem : 65877712 total, 51092544 free,  1516632 used, 13268536 buff/cache
KiB Swap: 33554428 total, 32309852 free,  1244576 used. 63196968 avail Mem 
--
top - 12:51:23 up 105 days,  4:33,  0 users,  load average: 5.24, 2.90, 1.52
Tasks: 398 total,   1 running, 397 sleeping,   0 stopped,   0 zombie
%Cpu(s):  0.2 us,  0.1 sy,  0.0 ni, 99.6 id,  0.0 wa,  0.0 hi,  0.0 si,  0.0 st
KiB Mem : 65877712 total, 51030148 free,  1579028 used, 13268536 buff/cache
KiB Swap: 33554428 total, 32309852 free,  1244576 used. 63134572 avail Mem 
--
top - 12:51:28 up 105 days,  4:33,  0 users,  load average: 4.82, 2.85, 1.51
Tasks: 398 total,   1 running, 397 sleeping,   0 stopped,   0 zombie
%Cpu(s): 57.2 us,  0.4 sy,  0.0 ni, 42.4 id,  0.0 wa,  0.0 hi,  0.0 si,  0.0 st
KiB Mem : 65877712 total, 50935348 free,  1673824 used, 13268540 buff/cache
KiB Swap: 33554428 total, 32309852 free,  1244576 used. 63039776 avail Mem 
--
top - 12:51:33 up 105 days,  4:33,  0 users,  load average: 4.43, 2.81, 1.51
Tasks: 398 total,   1 running, 397 sleeping,   0 stopped,   0 zombie
%Cpu(s):  0.1 us,  0.1 sy,  0.0 ni, 99.8 id,  0.0 wa,  0.0 hi,  0.0 si,  0.0 st
KiB Mem : 65877712 total, 50924300 free,  1684872 used, 13268540 buff/cache
KiB Swap: 33554428 total, 32309852 free,  1244576 used. 63028728 avail Mem 
--
top - 12:51:38 up 105 days,  4:33,  0 users,  load average: 4.08, 2.76, 1.50
Tasks: 398 total,   2 running, 396 sleeping,   0 stopped,   0 zombie
%Cpu(s): 47.9 us,  0.3 sy,  0.0 ni, 51.9 id,  0.0 wa,  0.0 hi,  0.0 si,  0.0 st
KiB Mem : 65877712 total, 50772240 free,  1836932 used, 13268540 buff/cache
KiB Swap: 33554428 total, 32309852 free,  1244576 used. 62876668 avail Mem 
--
top - 12:51:43 up 105 days,  4:34,  0 users,  load average: 5.91, 3.16, 1.63
Tasks: 398 total,   1 running, 397 sleeping,   0 stopped,   0 zombie
%Cpu(s): 10.4 us,  0.1 sy,  0.0 ni, 89.5 id,  0.0 wa,  0.0 hi,  0.0 si,  0.0 st
KiB Mem : 65877712 total, 50837540 free,  1771632 used, 13268540 buff/cache
KiB Swap: 33554428 total, 32309852 free,  1244576 used. 62941968 avail Mem 
--
top - 12:51:48 up 105 days,  4:34,  0 users,  load average: 5.44, 3.11, 1.63
Tasks: 398 total,   2 running, 396 sleeping,   0 stopped,   0 zombie
%Cpu(s): 12.2 us,  0.6 sy,  0.0 ni, 87.2 id,  0.0 wa,  0.0 hi,  0.0 si,  0.0 st
KiB Mem : 65877712 total, 50727080 free,  1882092 used, 13268540 buff/cache
KiB Swap: 33554428 total, 32309872 free,  1244556 used. 62831508 avail Mem 
--
top - 12:51:53 up 105 days,  4:34,  0 users,  load average: 7.49, 3.57, 1.78
Tasks: 398 total,   1 running, 397 sleeping,   0 stopped,   0 zombie
%Cpu(s): 45.9 us,  0.3 sy,  0.0 ni, 53.8 id,  0.0 wa,  0.0 hi,  0.0 si,  0.0 st
KiB Mem : 65877712 total, 50728488 free,  1880684 used, 13268540 buff/cache
KiB Swap: 33554428 total, 32309872 free,  1244556 used. 62832916 avail Mem 
--
top - 12:51:58 up 105 days,  4:34,  0 users,  load average: 6.89, 3.51, 1.77
Tasks: 398 total,   1 running, 397 sleeping,   0 stopped,   0 zombie
%Cpu(s):  0.2 us,  0.1 sy,  0.0 ni, 99.6 id,  0.0 wa,  0.0 hi,  0.0 si,  0.0 st
KiB Mem : 65877712 total, 50656188 free,  1952984 used, 13268540 buff/cache
KiB Swap: 33554428 total, 32309872 free,  1244556 used. 62760616 avail Mem 
--
top - 12:52:03 up 105 days,  4:34,  0 users,  load average: 6.34, 3.45, 1.76
Tasks: 401 total,   1 running, 400 sleeping,   0 stopped,   0 zombie
%Cpu(s): 60.6 us,  0.6 sy,  0.0 ni, 38.7 id,  0.0 wa,  0.0 hi,  0.0 si,  0.0 st
KiB Mem : 65877712 total, 50518908 free,  2090244 used, 13268560 buff/cache
KiB Swap: 33554428 total, 32309872 free,  1244556 used. 62623348 avail Mem 
