Job id: 4753232
Worker ip: 10.149.0.36
Master ip: 10.149.0.56
--
top - 12:44:21 up 105 days,  4:29,  0 users,  load average: 0.19, 0.19, 0.12
Tasks: 398 total,   1 running, 397 sleeping,   0 stopped,   0 zombie
%Cpu(s):  0.9 us,  2.8 sy,  0.0 ni, 95.0 id,  1.1 wa,  0.0 hi,  0.2 si,  0.0 st
KiB Mem : 65877712 total, 54106748 free,  1040904 used, 10730060 buff/cache
KiB Swap: 33554428 total, 32450748 free,  1103680 used. 63615656 avail Mem 
--
top - 12:44:26 up 105 days,  4:29,  0 users,  load average: 0.26, 0.20, 0.12
Tasks: 404 total,   1 running, 403 sleeping,   0 stopped,   0 zombie
%Cpu(s):  1.7 us,  0.6 sy,  0.0 ni, 97.4 id,  0.2 wa,  0.0 hi,  0.0 si,  0.0 st
KiB Mem : 65877712 total, 54083496 free,  1057452 used, 10736764 buff/cache
KiB Swap: 33554428 total, 32450748 free,  1103680 used. 63598920 avail Mem 
--
top - 12:44:31 up 105 days,  4:29,  0 users,  load average: 0.24, 0.20, 0.12
Tasks: 404 total,   1 running, 403 sleeping,   0 stopped,   0 zombie
%Cpu(s):  0.0 us,  0.0 sy,  0.0 ni,100.0 id,  0.0 wa,  0.0 hi,  0.0 si,  0.0 st
KiB Mem : 65877712 total, 54084976 free,  1055972 used, 10736764 buff/cache
KiB Swap: 33554428 total, 32450748 free,  1103680 used. 63600436 avail Mem 
--
top - 12:44:36 up 105 days,  4:29,  0 users,  load average: 0.22, 0.20, 0.12
Tasks: 406 total,   1 running, 405 sleeping,   0 stopped,   0 zombie
%Cpu(s):  0.0 us,  0.0 sy,  0.0 ni, 99.9 id,  0.0 wa,  0.0 hi,  0.0 si,  0.0 st
KiB Mem : 65877712 total, 54079404 free,  1061544 used, 10736764 buff/cache
KiB Swap: 33554428 total, 32450748 free,  1103680 used. 63594868 avail Mem 
--
top - 12:44:41 up 105 days,  4:29,  0 users,  load average: 0.20, 0.19, 0.12
Tasks: 406 total,   1 running, 405 sleeping,   0 stopped,   0 zombie
%Cpu(s):  0.1 us,  0.0 sy,  0.0 ni, 99.9 id,  0.0 wa,  0.0 hi,  0.0 si,  0.0 st
KiB Mem : 65877712 total, 54059088 free,  1081860 used, 10736764 buff/cache
KiB Swap: 33554428 total, 32450748 free,  1103680 used. 63574552 avail Mem 
--
top - 12:44:46 up 105 days,  4:29,  0 users,  load average: 0.18, 0.19, 0.12
Tasks: 406 total,   1 running, 405 sleeping,   0 stopped,   0 zombie
%Cpu(s):  0.1 us,  0.0 sy,  0.0 ni, 99.9 id,  0.0 wa,  0.0 hi,  0.0 si,  0.0 st
KiB Mem : 65877712 total, 54035256 free,  1105692 used, 10736764 buff/cache
KiB Swap: 33554428 total, 32450748 free,  1103680 used. 63550720 avail Mem 
--
top - 12:44:51 up 105 days,  4:29,  0 users,  load average: 0.17, 0.19, 0.12
Tasks: 406 total,   1 running, 405 sleeping,   0 stopped,   0 zombie
%Cpu(s):  0.1 us,  0.0 sy,  0.0 ni, 99.9 id,  0.0 wa,  0.0 hi,  0.0 si,  0.0 st
KiB Mem : 65877712 total, 54003904 free,  1137044 used, 10736764 buff/cache
KiB Swap: 33554428 total, 32450748 free,  1103680 used. 63519384 avail Mem 
--
top - 12:44:56 up 105 days,  4:29,  0 users,  load average: 0.16, 0.18, 0.12
Tasks: 406 total,   1 running, 405 sleeping,   0 stopped,   0 zombie
%Cpu(s):  0.1 us,  0.1 sy,  0.0 ni, 99.8 id,  0.0 wa,  0.0 hi,  0.0 si,  0.0 st
KiB Mem : 65877712 total, 53983332 free,  1157616 used, 10736764 buff/cache
KiB Swap: 33554428 total, 32450748 free,  1103680 used. 63498820 avail Mem 
--
top - 12:45:01 up 105 days,  4:29,  0 users,  load average: 0.14, 0.18, 0.12
Tasks: 406 total,   1 running, 405 sleeping,   0 stopped,   0 zombie
%Cpu(s):  0.1 us,  0.0 sy,  0.0 ni, 99.9 id,  0.0 wa,  0.0 hi,  0.0 si,  0.0 st
KiB Mem : 65877712 total, 53958884 free,  1182064 used, 10736764 buff/cache
KiB Swap: 33554428 total, 32450748 free,  1103680 used. 63474384 avail Mem 
--
top - 12:45:06 up 105 days,  4:30,  0 users,  load average: 0.13, 0.18, 0.12
Tasks: 406 total,   1 running, 405 sleeping,   0 stopped,   0 zombie
%Cpu(s):  0.1 us,  0.0 sy,  0.0 ni, 99.9 id,  0.0 wa,  0.0 hi,  0.0 si,  0.0 st
KiB Mem : 65877712 total, 53927048 free,  1213900 used, 10736764 buff/cache
KiB Swap: 33554428 total, 32450748 free,  1103680 used. 63442552 avail Mem 
--
top - 12:45:11 up 105 days,  4:30,  0 users,  load average: 0.12, 0.18, 0.12
Tasks: 406 total,   2 running, 404 sleeping,   0 stopped,   0 zombie
%Cpu(s): 51.2 us,  0.5 sy,  0.0 ni, 48.3 id,  0.0 wa,  0.0 hi,  0.0 si,  0.0 st
KiB Mem : 65877712 total, 53598740 free,  1542208 used, 10736764 buff/cache
KiB Swap: 33554428 total, 32450748 free,  1103680 used. 63114260 avail Mem 
--
top - 12:45:16 up 105 days,  4:30,  0 users,  load average: 0.99, 0.36, 0.18
Tasks: 406 total,   1 running, 405 sleeping,   0 stopped,   0 zombie
%Cpu(s):  7.2 us,  0.1 sy,  0.0 ni, 92.7 id,  0.0 wa,  0.0 hi,  0.0 si,  0.0 st
KiB Mem : 65877712 total, 53732144 free,  1408800 used, 10736768 buff/cache
KiB Swap: 33554428 total, 32450748 free,  1103680 used. 63247668 avail Mem 
--
top - 12:45:21 up 105 days,  4:30,  0 users,  load average: 0.91, 0.35, 0.18
Tasks: 406 total,   1 running, 405 sleeping,   0 stopped,   0 zombie
%Cpu(s):  0.0 us,  0.0 sy,  0.0 ni,100.0 id,  0.0 wa,  0.0 hi,  0.0 si,  0.0 st
KiB Mem : 65877712 total, 53733596 free,  1407348 used, 10736768 buff/cache
KiB Swap: 33554428 total, 32450748 free,  1103680 used. 63249120 avail Mem 
--
top - 12:45:26 up 105 days,  4:30,  0 users,  load average: 0.84, 0.34, 0.18
Tasks: 406 total,   1 running, 405 sleeping,   0 stopped,   0 zombie
%Cpu(s):  0.0 us,  0.0 sy,  0.0 ni, 99.9 id,  0.0 wa,  0.0 hi,  0.0 si,  0.0 st
KiB Mem : 65877712 total, 53722972 free,  1417972 used, 10736768 buff/cache
KiB Swap: 33554428 total, 32450748 free,  1103680 used. 63238496 avail Mem 
--
top - 12:45:31 up 105 days,  4:30,  0 users,  load average: 0.77, 0.34, 0.18
Tasks: 406 total,   1 running, 405 sleeping,   0 stopped,   0 zombie
%Cpu(s):  0.1 us,  0.1 sy,  0.0 ni, 99.8 id,  0.0 wa,  0.0 hi,  0.0 si,  0.0 st
KiB Mem : 65877712 total, 53699264 free,  1441680 used, 10736768 buff/cache
KiB Swap: 33554428 total, 32450748 free,  1103680 used. 63214788 avail Mem 
--
top - 12:45:37 up 105 days,  4:30,  0 users,  load average: 0.71, 0.33, 0.17
Tasks: 406 total,   1 running, 405 sleeping,   0 stopped,   0 zombie
%Cpu(s):  0.1 us,  0.1 sy,  0.0 ni, 99.9 id,  0.0 wa,  0.0 hi,  0.0 si,  0.0 st
KiB Mem : 65877712 total, 53672292 free,  1468652 used, 10736768 buff/cache
KiB Swap: 33554428 total, 32450748 free,  1103680 used. 63187816 avail Mem 
--
top - 12:45:42 up 105 days,  4:30,  0 users,  load average: 0.65, 0.33, 0.17
Tasks: 406 total,   1 running, 405 sleeping,   0 stopped,   0 zombie
%Cpu(s):  0.1 us,  0.0 sy,  0.0 ni, 99.9 id,  0.0 wa,  0.0 hi,  0.0 si,  0.0 st
KiB Mem : 65877712 total, 53654560 free,  1486384 used, 10736768 buff/cache
KiB Swap: 33554428 total, 32450748 free,  1103680 used. 63170084 avail Mem 
--
top - 12:45:47 up 105 days,  4:30,  0 users,  load average: 0.60, 0.32, 0.17
Tasks: 406 total,   1 running, 405 sleeping,   0 stopped,   0 zombie
%Cpu(s):  0.1 us,  0.0 sy,  0.0 ni, 99.9 id,  0.0 wa,  0.0 hi,  0.0 si,  0.0 st
KiB Mem : 65877712 total, 53624456 free,  1516488 used, 10736768 buff/cache
KiB Swap: 33554428 total, 32450748 free,  1103680 used. 63139980 avail Mem 
--
top - 12:45:52 up 105 days,  4:30,  0 users,  load average: 0.55, 0.32, 0.17
Tasks: 406 total,   1 running, 405 sleeping,   0 stopped,   0 zombie
%Cpu(s):  0.1 us,  0.1 sy,  0.0 ni, 99.9 id,  0.0 wa,  0.0 hi,  0.0 si,  0.0 st
KiB Mem : 65877712 total, 53605064 free,  1535880 used, 10736768 buff/cache
KiB Swap: 33554428 total, 32450748 free,  1103680 used. 63120588 avail Mem 
--
top - 12:45:57 up 105 days,  4:30,  0 users,  load average: 0.51, 0.31, 0.17
Tasks: 405 total,   1 running, 404 sleeping,   0 stopped,   0 zombie
%Cpu(s): 58.0 us,  0.6 sy,  0.0 ni, 41.5 id,  0.0 wa,  0.0 hi,  0.0 si,  0.0 st
KiB Mem : 65877712 total, 53460712 free,  1680232 used, 10736768 buff/cache
KiB Swap: 33554428 total, 32450748 free,  1103680 used. 62976236 avail Mem 
--
top - 12:46:02 up 105 days,  4:30,  0 users,  load average: 0.47, 0.31, 0.17
Tasks: 405 total,   1 running, 404 sleeping,   0 stopped,   0 zombie
%Cpu(s):  0.6 us,  0.2 sy,  0.0 ni, 98.5 id,  0.6 wa,  0.0 hi,  0.0 si,  0.0 st
KiB Mem : 65877712 total, 53591396 free,  1549512 used, 10736804 buff/cache
KiB Swap: 33554428 total, 32450748 free,  1103680 used. 63106936 avail Mem 
--
top - 12:46:07 up 105 days,  4:31,  0 users,  load average: 0.43, 0.30, 0.17
Tasks: 405 total,   1 running, 404 sleeping,   0 stopped,   0 zombie
%Cpu(s):  0.0 us,  0.0 sy,  0.0 ni, 99.9 id,  0.0 wa,  0.0 hi,  0.0 si,  0.0 st
KiB Mem : 65877712 total, 53595052 free,  1545856 used, 10736804 buff/cache
KiB Swap: 33554428 total, 32450748 free,  1103680 used. 63110596 avail Mem 
--
top - 12:46:12 up 105 days,  4:31,  0 users,  load average: 0.40, 0.30, 0.17
Tasks: 405 total,   1 running, 404 sleeping,   0 stopped,   0 zombie
%Cpu(s):  0.1 us,  0.0 sy,  0.0 ni, 99.9 id,  0.0 wa,  0.0 hi,  0.0 si,  0.0 st
KiB Mem : 65877712 total, 53576888 free,  1564016 used, 10736808 buff/cache
KiB Swap: 33554428 total, 32450748 free,  1103680 used. 63092436 avail Mem 
--
top - 12:46:17 up 105 days,  4:31,  0 users,  load average: 0.36, 0.29, 0.17
Tasks: 405 total,   1 running, 404 sleeping,   0 stopped,   0 zombie
%Cpu(s):  0.1 us,  0.1 sy,  0.0 ni, 99.9 id,  0.0 wa,  0.0 hi,  0.0 si,  0.0 st
KiB Mem : 65877712 total, 53557420 free,  1583484 used, 10736808 buff/cache
KiB Swap: 33554428 total, 32450748 free,  1103680 used. 63072968 avail Mem 
--
top - 12:46:22 up 105 days,  4:31,  0 users,  load average: 0.33, 0.29, 0.17
Tasks: 405 total,   1 running, 404 sleeping,   0 stopped,   0 zombie
%Cpu(s):  0.1 us,  0.0 sy,  0.0 ni, 99.9 id,  0.0 wa,  0.0 hi,  0.0 si,  0.0 st
KiB Mem : 65877712 total, 53536700 free,  1604204 used, 10736808 buff/cache
KiB Swap: 33554428 total, 32450748 free,  1103680 used. 63052248 avail Mem 
--
top - 12:46:27 up 105 days,  4:31,  0 users,  load average: 0.31, 0.28, 0.16
Tasks: 406 total,   1 running, 405 sleeping,   0 stopped,   0 zombie
%Cpu(s):  0.1 us,  0.1 sy,  0.0 ni, 99.8 id,  0.0 wa,  0.0 hi,  0.0 si,  0.0 st
KiB Mem : 65877712 total, 53502488 free,  1638416 used, 10736808 buff/cache
KiB Swap: 33554428 total, 32450748 free,  1103680 used. 63018036 avail Mem 
--
top - 12:46:32 up 105 days,  4:31,  0 users,  load average: 0.28, 0.28, 0.16
Tasks: 406 total,   1 running, 405 sleeping,   0 stopped,   0 zombie
%Cpu(s):  0.1 us,  0.1 sy,  0.0 ni, 99.9 id,  0.0 wa,  0.0 hi,  0.0 si,  0.0 st
KiB Mem : 65877712 total, 53476156 free,  1664748 used, 10736808 buff/cache
KiB Swap: 33554428 total, 32450748 free,  1103680 used. 62991704 avail Mem 
--
top - 12:46:37 up 105 days,  4:31,  0 users,  load average: 0.26, 0.27, 0.16
Tasks: 406 total,   1 running, 405 sleeping,   0 stopped,   0 zombie
%Cpu(s):  0.1 us,  0.1 sy,  0.0 ni, 99.9 id,  0.0 wa,  0.0 hi,  0.0 si,  0.0 st
KiB Mem : 65877712 total, 53451888 free,  1689016 used, 10736808 buff/cache
KiB Swap: 33554428 total, 32450748 free,  1103680 used. 62967436 avail Mem 
--
top - 12:46:42 up 105 days,  4:31,  0 users,  load average: 0.24, 0.27, 0.16
Tasks: 406 total,   1 running, 405 sleeping,   0 stopped,   0 zombie
%Cpu(s): 58.4 us,  0.5 sy,  0.0 ni, 41.0 id,  0.1 wa,  0.0 hi,  0.0 si,  0.0 st
KiB Mem : 65877712 total, 53337992 free,  1802912 used, 10736808 buff/cache
KiB Swap: 33554428 total, 32450748 free,  1103680 used. 62853540 avail Mem 
--
top - 12:46:47 up 105 days,  4:31,  0 users,  load average: 0.38, 0.30, 0.17
Tasks: 406 total,   1 running, 405 sleeping,   0 stopped,   0 zombie
%Cpu(s):  0.2 us,  0.0 sy,  0.0 ni, 99.8 id,  0.0 wa,  0.0 hi,  0.0 si,  0.0 st
KiB Mem : 65877712 total, 53360216 free,  1780688 used, 10736808 buff/cache
KiB Swap: 33554428 total, 32450748 free,  1103680 used. 62875764 avail Mem 
--
top - 12:46:52 up 105 days,  4:31,  0 users,  load average: 0.35, 0.29, 0.17
Tasks: 406 total,   1 running, 405 sleeping,   0 stopped,   0 zombie
%Cpu(s):  0.0 us,  0.0 sy,  0.0 ni, 99.9 id,  0.0 wa,  0.0 hi,  0.0 si,  0.0 st
KiB Mem : 65877712 total, 53486912 free,  1653992 used, 10736808 buff/cache
KiB Swap: 33554428 total, 32450748 free,  1103680 used. 63002460 avail Mem 
--
top - 12:46:57 up 105 days,  4:31,  0 users,  load average: 0.32, 0.29, 0.17
Tasks: 406 total,   1 running, 405 sleeping,   0 stopped,   0 zombie
%Cpu(s):  0.1 us,  0.0 sy,  0.0 ni, 99.9 id,  0.0 wa,  0.0 hi,  0.0 si,  0.0 st
KiB Mem : 65877712 total, 53477732 free,  1663172 used, 10736808 buff/cache
KiB Swap: 33554428 total, 32450748 free,  1103680 used. 62993280 avail Mem 
--
top - 12:47:02 up 105 days,  4:31,  0 users,  load average: 0.35, 0.29, 0.17
Tasks: 406 total,   1 running, 405 sleeping,   0 stopped,   0 zombie
%Cpu(s):  0.1 us,  0.1 sy,  0.0 ni, 99.9 id,  0.0 wa,  0.0 hi,  0.0 si,  0.0 st
KiB Mem : 65877712 total, 53452120 free,  1688784 used, 10736808 buff/cache
KiB Swap: 33554428 total, 32450748 free,  1103680 used. 62967668 avail Mem 
--
top - 12:47:07 up 105 days,  4:32,  0 users,  load average: 0.32, 0.29, 0.17
Tasks: 406 total,   1 running, 405 sleeping,   0 stopped,   0 zombie
%Cpu(s):  0.1 us,  0.1 sy,  0.0 ni, 99.9 id,  0.0 wa,  0.0 hi,  0.0 si,  0.0 st
KiB Mem : 65877712 total, 53425080 free,  1715820 used, 10736812 buff/cache
KiB Swap: 33554428 total, 32450748 free,  1103680 used. 62940632 avail Mem 
--
top - 12:47:12 up 105 days,  4:32,  0 users,  load average: 0.29, 0.28, 0.17
Tasks: 406 total,   1 running, 405 sleeping,   0 stopped,   0 zombie
%Cpu(s):  0.1 us,  0.1 sy,  0.0 ni, 99.9 id,  0.0 wa,  0.0 hi,  0.0 si,  0.0 st
KiB Mem : 65877712 total, 53404824 free,  1736076 used, 10736812 buff/cache
KiB Swap: 33554428 total, 32450748 free,  1103680 used. 62920376 avail Mem 
--
top - 12:47:17 up 105 days,  4:32,  0 users,  load average: 0.27, 0.28, 0.17
Tasks: 406 total,   1 running, 405 sleeping,   0 stopped,   0 zombie
%Cpu(s):  0.1 us,  0.1 sy,  0.0 ni, 99.9 id,  0.0 wa,  0.0 hi,  0.0 si,  0.0 st
KiB Mem : 65877712 total, 53379468 free,  1761432 used, 10736812 buff/cache
KiB Swap: 33554428 total, 32450748 free,  1103680 used. 62895020 avail Mem 
--
top - 12:47:22 up 105 days,  4:32,  0 users,  load average: 2.57, 0.76, 0.33
Tasks: 406 total,   2 running, 404 sleeping,   0 stopped,   0 zombie
%Cpu(s): 21.1 us,  0.3 sy,  0.0 ni, 78.2 id,  0.4 wa,  0.0 hi,  0.0 si,  0.0 st
KiB Mem : 65877712 total, 53318120 free,  1822780 used, 10736812 buff/cache
KiB Swap: 33554428 total, 32450748 free,  1103680 used. 62833672 avail Mem 
--
top - 12:47:27 up 105 days,  4:32,  0 users,  load average: 2.36, 0.74, 0.32
Tasks: 406 total,   1 running, 405 sleeping,   0 stopped,   0 zombie
%Cpu(s): 34.0 us,  0.2 sy,  0.0 ni, 65.8 id,  0.0 wa,  0.0 hi,  0.0 si,  0.0 st
KiB Mem : 65877712 total, 53231132 free,  1909768 used, 10736812 buff/cache
KiB Swap: 33554428 total, 32450748 free,  1103680 used. 62746684 avail Mem 
--
top - 12:47:32 up 105 days,  4:32,  0 users,  load average: 2.18, 0.73, 0.32
Tasks: 404 total,   1 running, 403 sleeping,   0 stopped,   0 zombie
%Cpu(s):  0.0 us,  0.0 sy,  0.0 ni, 99.9 id,  0.0 wa,  0.0 hi,  0.0 si,  0.0 st
KiB Mem : 65877712 total, 53360224 free,  1780676 used, 10736812 buff/cache
KiB Swap: 33554428 total, 32450748 free,  1103680 used. 62875776 avail Mem 
--
top - 12:47:37 up 105 days,  4:32,  0 users,  load average: 2.00, 0.72, 0.32
Tasks: 404 total,   1 running, 403 sleeping,   0 stopped,   0 zombie
%Cpu(s):  0.0 us,  0.0 sy,  0.0 ni, 99.9 id,  0.0 wa,  0.0 hi,  0.0 si,  0.0 st
KiB Mem : 65877712 total, 53356308 free,  1784592 used, 10736812 buff/cache
KiB Swap: 33554428 total, 32450748 free,  1103680 used. 62871860 avail Mem 
--
top - 12:47:42 up 105 days,  4:32,  0 users,  load average: 1.84, 0.71, 0.32
Tasks: 404 total,   1 running, 403 sleeping,   0 stopped,   0 zombie
%Cpu(s):  0.1 us,  0.0 sy,  0.0 ni, 99.8 id,  0.0 wa,  0.0 hi,  0.0 si,  0.0 st
KiB Mem : 65877712 total, 53336916 free,  1803984 used, 10736812 buff/cache
KiB Swap: 33554428 total, 32450748 free,  1103680 used. 62852468 avail Mem 
--
top - 12:47:47 up 105 days,  4:32,  0 users,  load average: 1.69, 0.70, 0.32
Tasks: 404 total,   1 running, 403 sleeping,   0 stopped,   0 zombie
%Cpu(s):  0.1 us,  0.1 sy,  0.0 ni, 99.9 id,  0.0 wa,  0.0 hi,  0.0 si,  0.0 st
KiB Mem : 65877712 total, 53317068 free,  1823832 used, 10736812 buff/cache
KiB Swap: 33554428 total, 32450748 free,  1103680 used. 62832620 avail Mem 
--
top - 12:47:52 up 105 days,  4:32,  0 users,  load average: 1.56, 0.68, 0.31
Tasks: 404 total,   1 running, 403 sleeping,   0 stopped,   0 zombie
%Cpu(s):  0.1 us,  0.1 sy,  0.0 ni, 99.8 id,  0.0 wa,  0.0 hi,  0.0 si,  0.0 st
KiB Mem : 65877712 total, 53290968 free,  1849932 used, 10736812 buff/cache
KiB Swap: 33554428 total, 32450748 free,  1103680 used. 62806520 avail Mem 
--
top - 12:47:57 up 105 days,  4:32,  0 users,  load average: 1.43, 0.67, 0.31
Tasks: 404 total,   1 running, 403 sleeping,   0 stopped,   0 zombie
%Cpu(s):  0.1 us,  0.0 sy,  0.0 ni, 99.9 id,  0.0 wa,  0.0 hi,  0.0 si,  0.0 st
KiB Mem : 65877712 total, 53272748 free,  1868148 used, 10736816 buff/cache
KiB Swap: 33554428 total, 32450748 free,  1103680 used. 62788300 avail Mem 
--
top - 12:48:02 up 105 days,  4:32,  0 users,  load average: 3.48, 1.11, 0.46
Tasks: 404 total,   2 running, 402 sleeping,   0 stopped,   0 zombie
%Cpu(s): 24.6 us,  0.4 sy,  0.0 ni, 74.3 id,  0.6 wa,  0.0 hi,  0.0 si,  0.0 st
KiB Mem : 65877712 total, 53193356 free,  1947540 used, 10736816 buff/cache
KiB Swap: 33554428 total, 32450748 free,  1103680 used. 62708912 avail Mem 
--
top - 12:48:07 up 105 days,  4:33,  0 users,  load average: 3.20, 1.09, 0.45
Tasks: 404 total,   1 running, 403 sleeping,   0 stopped,   0 zombie
%Cpu(s): 38.6 us,  0.2 sy,  0.0 ni, 61.2 id,  0.0 wa,  0.0 hi,  0.0 si,  0.0 st
KiB Mem : 65877712 total, 53232776 free,  1908120 used, 10736816 buff/cache
KiB Swap: 33554428 total, 32450748 free,  1103680 used. 62748332 avail Mem 
