Job id: 4753273
Worker ip: 10.149.0.59
Master ip: 10.149.0.56
--
top - 12:52:07 up 105 days,  4:36,  0 users,  load average: 1.17, 2.18, 1.55
Tasks: 411 total,   1 running, 410 sleeping,   0 stopped,   0 zombie
%Cpu(s):  2.5 us,  5.0 sy,  0.0 ni, 92.2 id,  0.0 wa,  0.0 hi,  0.4 si,  0.0 st
KiB Mem : 65877692 total, 49751960 free,  1196808 used, 14928924 buff/cache
KiB Swap: 33554428 total, 32369628 free,  1184800 used. 63461240 avail Mem 
--
top - 12:52:12 up 105 days,  4:36,  0 users,  load average: 1.08, 2.14, 1.54
Tasks: 412 total,   1 running, 411 sleeping,   0 stopped,   0 zombie
%Cpu(s):  1.7 us,  0.4 sy,  0.0 ni, 98.0 id,  0.0 wa,  0.0 hi,  0.0 si,  0.0 st
KiB Mem : 65877692 total, 49733600 free,  1208452 used, 14935640 buff/cache
KiB Swap: 33554428 total, 32369628 free,  1184800 used. 63449508 avail Mem 
--
top - 12:52:17 up 105 days,  4:36,  0 users,  load average: 0.99, 2.11, 1.53
Tasks: 412 total,   1 running, 411 sleeping,   0 stopped,   0 zombie
%Cpu(s):  0.0 us,  0.0 sy,  0.0 ni,100.0 id,  0.0 wa,  0.0 hi,  0.0 si,  0.0 st
KiB Mem : 65877692 total, 49735076 free,  1206976 used, 14935640 buff/cache
KiB Swap: 33554428 total, 32369628 free,  1184800 used. 63450984 avail Mem 
--
top - 12:52:22 up 105 days,  4:36,  0 users,  load average: 0.91, 2.07, 1.52
Tasks: 412 total,   2 running, 410 sleeping,   0 stopped,   0 zombie
%Cpu(s):  0.1 us,  0.1 sy,  0.0 ni, 99.8 id,  0.0 wa,  0.0 hi,  0.0 si,  0.0 st
KiB Mem : 65877692 total, 49698540 free,  1243512 used, 14935640 buff/cache
KiB Swap: 33554428 total, 32369628 free,  1184800 used. 63414448 avail Mem 
--
top - 12:52:27 up 105 days,  4:36,  0 users,  load average: 0.84, 2.04, 1.51
Tasks: 412 total,   2 running, 410 sleeping,   0 stopped,   0 zombie
%Cpu(s):  0.1 us,  0.1 sy,  0.0 ni, 99.7 id,  0.0 wa,  0.0 hi,  0.0 si,  0.0 st
KiB Mem : 65877692 total, 49646928 free,  1295124 used, 14935640 buff/cache
KiB Swap: 33554428 total, 32369628 free,  1184800 used. 63362836 avail Mem 
--
top - 12:52:32 up 105 days,  4:36,  0 users,  load average: 0.85, 2.02, 1.51
Tasks: 412 total,   1 running, 411 sleeping,   0 stopped,   0 zombie
%Cpu(s):  0.1 us,  0.1 sy,  0.0 ni, 99.4 id,  0.4 wa,  0.0 hi,  0.0 si,  0.0 st
KiB Mem : 65877692 total, 49597260 free,  1344792 used, 14935640 buff/cache
KiB Swap: 33554428 total, 32369628 free,  1184800 used. 63313168 avail Mem 
--
top - 12:52:37 up 105 days,  4:36,  0 users,  load average: 3.03, 2.45, 1.65
Tasks: 412 total,   1 running, 411 sleeping,   0 stopped,   0 zombie
%Cpu(s): 60.1 us,  0.5 sy,  0.0 ni, 39.3 id,  0.0 wa,  0.0 hi,  0.0 si,  0.0 st
KiB Mem : 65877692 total, 49217900 free,  1724152 used, 14935640 buff/cache
KiB Swap: 33554428 total, 32369628 free,  1184800 used. 62933808 avail Mem 
--
top - 12:52:42 up 105 days,  4:36,  0 users,  load average: 2.86, 2.43, 1.65
Tasks: 412 total,   1 running, 411 sleeping,   0 stopped,   0 zombie
%Cpu(s):  0.0 us,  0.0 sy,  0.0 ni, 99.9 id,  0.0 wa,  0.0 hi,  0.0 si,  0.0 st
KiB Mem : 65877692 total, 49368396 free,  1573656 used, 14935640 buff/cache
KiB Swap: 33554428 total, 32369628 free,  1184800 used. 63084304 avail Mem 
--
top - 12:52:47 up 105 days,  4:36,  0 users,  load average: 2.63, 2.39, 1.64
Tasks: 412 total,   1 running, 411 sleeping,   0 stopped,   0 zombie
%Cpu(s):  0.1 us,  0.1 sy,  0.0 ni, 99.8 id,  0.0 wa,  0.0 hi,  0.0 si,  0.0 st
KiB Mem : 65877692 total, 49333360 free,  1608692 used, 14935640 buff/cache
KiB Swap: 33554428 total, 32369628 free,  1184800 used. 63049268 avail Mem 
--
top - 12:52:52 up 105 days,  4:36,  0 users,  load average: 2.42, 2.35, 1.63
Tasks: 412 total,   1 running, 411 sleeping,   0 stopped,   0 zombie
%Cpu(s):  0.1 us,  0.1 sy,  0.0 ni, 99.8 id,  0.0 wa,  0.0 hi,  0.0 si,  0.0 st
KiB Mem : 65877692 total, 49283884 free,  1658168 used, 14935640 buff/cache
KiB Swap: 33554428 total, 32369628 free,  1184800 used. 62999792 avail Mem 
--
top - 12:52:57 up 105 days,  4:36,  0 users,  load average: 2.23, 2.31, 1.62
Tasks: 411 total,   2 running, 409 sleeping,   0 stopped,   0 zombie
%Cpu(s): 15.7 us,  0.4 sy,  0.0 ni, 83.9 id,  0.0 wa,  0.0 hi,  0.0 si,  0.0 st
KiB Mem : 65877692 total, 49214900 free,  1727152 used, 14935640 buff/cache
KiB Swap: 33554428 total, 32369628 free,  1184800 used. 62930808 avail Mem 
--
top - 12:53:02 up 105 days,  4:36,  0 users,  load average: 4.37, 2.75, 1.77
Tasks: 407 total,   1 running, 406 sleeping,   0 stopped,   0 zombie
%Cpu(s): 45.3 us,  0.2 sy,  0.0 ni, 54.4 id,  0.1 wa,  0.0 hi,  0.0 si,  0.0 st
KiB Mem : 65877692 total, 49110628 free,  1831420 used, 14935644 buff/cache
KiB Swap: 33554428 total, 32369628 free,  1184800 used. 62826540 avail Mem 
--
top - 12:53:07 up 105 days,  4:37,  0 users,  load average: 4.02, 2.71, 1.76
Tasks: 407 total,   1 running, 406 sleeping,   0 stopped,   0 zombie
%Cpu(s):  0.1 us,  0.1 sy,  0.0 ni, 99.8 id,  0.0 wa,  0.0 hi,  0.0 si,  0.0 st
KiB Mem : 65877692 total, 49226888 free,  1715160 used, 14935644 buff/cache
KiB Swap: 33554428 total, 32369628 free,  1184800 used. 62942800 avail Mem 
--
top - 12:53:12 up 105 days,  4:37,  0 users,  load average: 3.70, 2.66, 1.75
Tasks: 407 total,   1 running, 406 sleeping,   0 stopped,   0 zombie
%Cpu(s):  0.1 us,  0.1 sy,  0.0 ni, 99.8 id,  0.0 wa,  0.0 hi,  0.0 si,  0.0 st
KiB Mem : 65877692 total, 49183000 free,  1759048 used, 14935644 buff/cache
KiB Swap: 33554428 total, 32369628 free,  1184800 used. 62898912 avail Mem 
--
top - 12:53:17 up 105 days,  4:37,  0 users,  load average: 3.40, 2.62, 1.74
Tasks: 407 total,   1 running, 406 sleeping,   0 stopped,   0 zombie
%Cpu(s):  0.1 us,  0.1 sy,  0.0 ni, 99.8 id,  0.0 wa,  0.0 hi,  0.0 si,  0.0 st
KiB Mem : 65877692 total, 49136328 free,  1805720 used, 14935644 buff/cache
KiB Swap: 33554428 total, 32369628 free,  1184800 used. 62852240 avail Mem 
--
top - 12:53:22 up 105 days,  4:37,  0 users,  load average: 3.13, 2.57, 1.73
Tasks: 407 total,   2 running, 405 sleeping,   0 stopped,   0 zombie
%Cpu(s): 22.5 us,  0.3 sy,  0.0 ni, 77.2 id,  0.0 wa,  0.0 hi,  0.0 si,  0.0 st
KiB Mem : 65877692 total, 49042012 free,  1900036 used, 14935644 buff/cache
KiB Swap: 33554428 total, 32369628 free,  1184800 used. 62757924 avail Mem 
--
top - 12:53:28 up 105 days,  4:37,  0 users,  load average: 5.36, 3.05, 1.89
Tasks: 407 total,   1 running, 406 sleeping,   0 stopped,   0 zombie
%Cpu(s): 38.5 us,  0.2 sy,  0.0 ni, 61.3 id,  0.0 wa,  0.0 hi,  0.0 si,  0.0 st
KiB Mem : 65877692 total, 49010636 free,  1931412 used, 14935644 buff/cache
KiB Swap: 33554428 total, 32369628 free,  1184800 used. 62726548 avail Mem 
--
top - 12:53:33 up 105 days,  4:37,  0 users,  load average: 4.93, 3.00, 1.88
Tasks: 407 total,   1 running, 406 sleeping,   0 stopped,   0 zombie
%Cpu(s):  0.1 us,  0.1 sy,  0.0 ni, 99.9 id,  0.0 wa,  0.0 hi,  0.0 si,  0.0 st
KiB Mem : 65877692 total, 49111032 free,  1831016 used, 14935644 buff/cache
KiB Swap: 33554428 total, 32369628 free,  1184800 used. 62826944 avail Mem 
--
top - 12:53:38 up 105 days,  4:37,  0 users,  load average: 4.54, 2.95, 1.87
Tasks: 407 total,   1 running, 406 sleeping,   0 stopped,   0 zombie
%Cpu(s):  0.1 us,  0.1 sy,  0.0 ni, 99.8 id,  0.0 wa,  0.0 hi,  0.0 si,  0.0 st
KiB Mem : 65877692 total, 49063716 free,  1878332 used, 14935644 buff/cache
KiB Swap: 33554428 total, 32369628 free,  1184800 used. 62779628 avail Mem 
--
top - 12:53:43 up 105 days,  4:37,  0 users,  load average: 4.18, 2.90, 1.86
Tasks: 407 total,   1 running, 406 sleeping,   0 stopped,   0 zombie
%Cpu(s):  0.1 us,  0.1 sy,  0.0 ni, 99.8 id,  0.0 wa,  0.0 hi,  0.0 si,  0.0 st
KiB Mem : 65877692 total, 49021020 free,  1921028 used, 14935644 buff/cache
KiB Swap: 33554428 total, 32369628 free,  1184800 used. 62736932 avail Mem 
--
top - 12:53:48 up 105 days,  4:37,  0 users,  load average: 3.84, 2.85, 1.85
Tasks: 407 total,   2 running, 405 sleeping,   0 stopped,   0 zombie
%Cpu(s): 47.7 us,  0.6 sy,  0.0 ni, 51.7 id,  0.0 wa,  0.0 hi,  0.0 si,  0.0 st
KiB Mem : 65877692 total, 48917676 free,  2024372 used, 14935644 buff/cache
KiB Swap: 33554428 total, 32369628 free,  1184800 used. 62633588 avail Mem 
--
top - 12:53:53 up 105 days,  4:37,  0 users,  load average: 3.53, 2.80, 1.84
Tasks: 407 total,   1 running, 406 sleeping,   0 stopped,   0 zombie
%Cpu(s): 12.7 us,  0.1 sy,  0.0 ni, 87.3 id,  0.0 wa,  0.0 hi,  0.0 si,  0.0 st
KiB Mem : 65877692 total, 49018740 free,  1923308 used, 14935644 buff/cache
KiB Swap: 33554428 total, 32369628 free,  1184800 used. 62734652 avail Mem 
--
top - 12:53:58 up 105 days,  4:37,  0 users,  load average: 3.25, 2.76, 1.83
Tasks: 402 total,   1 running, 401 sleeping,   0 stopped,   0 zombie
%Cpu(s):  0.1 us,  0.1 sy,  0.0 ni, 99.8 id,  0.0 wa,  0.0 hi,  0.0 si,  0.0 st
KiB Mem : 65877692 total, 48990088 free,  1951956 used, 14935648 buff/cache
KiB Swap: 33554428 total, 32369628 free,  1184800 used. 62706004 avail Mem 
--
top - 12:54:03 up 105 days,  4:37,  0 users,  load average: 2.99, 2.71, 1.82
Tasks: 406 total,   1 running, 405 sleeping,   0 stopped,   0 zombie
%Cpu(s):  0.5 us,  0.3 sy,  0.0 ni, 98.9 id,  0.4 wa,  0.0 hi,  0.0 si,  0.0 st
KiB Mem : 65877692 total, 48933212 free,  2008832 used, 14935648 buff/cache
KiB Swap: 33554428 total, 32369628 free,  1184800 used. 62649128 avail Mem 
--
top - 12:54:08 up 105 days,  4:38,  0 users,  load average: 4.99, 3.13, 1.96
Tasks: 406 total,   1 running, 405 sleeping,   0 stopped,   0 zombie
%Cpu(s): 61.0 us,  0.7 sy,  0.0 ni, 38.3 id,  0.0 wa,  0.0 hi,  0.0 si,  0.0 st
KiB Mem : 65877692 total, 48816968 free,  2125076 used, 14935648 buff/cache
KiB Swap: 33554428 total, 32369628 free,  1184800 used. 62532884 avail Mem 
