Job id: 4753298
Worker ip: 10.149.0.41
Master ip: 10.149.0.54
--
top - 12:54:13 up 105 days,  4:37,  0 users,  load average: 2.17, 0.91, 0.58
Tasks: 400 total,   1 running, 399 sleeping,   0 stopped,   0 zombie
%Cpu(s):  1.3 us,  3.3 sy,  0.0 ni, 95.3 id,  0.2 wa,  0.0 hi,  0.0 si,  0.0 st
KiB Mem : 65877712 total, 61623924 free,  1053392 used,  3200396 buff/cache
KiB Swap: 33554428 total, 32479112 free,  1075316 used. 63645556 avail Mem 
--
top - 12:54:18 up 105 days,  4:37,  0 users,  load average: 2.00, 0.89, 0.58
Tasks: 402 total,   1 running, 401 sleeping,   0 stopped,   0 zombie
%Cpu(s):  1.7 us,  0.4 sy,  0.0 ni, 97.9 id,  0.0 wa,  0.0 hi,  0.0 si,  0.0 st
KiB Mem : 65877712 total, 61597252 free,  1074756 used,  3205704 buff/cache
KiB Swap: 33554428 total, 32479112 free,  1075316 used. 63625076 avail Mem 
--
top - 12:54:23 up 105 days,  4:37,  0 users,  load average: 1.84, 0.88, 0.58
Tasks: 402 total,   1 running, 401 sleeping,   0 stopped,   0 zombie
%Cpu(s):  0.0 us,  0.0 sy,  0.0 ni,100.0 id,  0.0 wa,  0.0 hi,  0.0 si,  0.0 st
KiB Mem : 65877712 total, 61597284 free,  1074716 used,  3205712 buff/cache
KiB Swap: 33554428 total, 32479112 free,  1075316 used. 63625108 avail Mem 
--
top - 12:54:28 up 105 days,  4:37,  0 users,  load average: 1.69, 0.87, 0.57
Tasks: 402 total,   1 running, 401 sleeping,   0 stopped,   0 zombie
%Cpu(s):  0.0 us,  0.0 sy,  0.0 ni,100.0 id,  0.0 wa,  0.0 hi,  0.0 si,  0.0 st
KiB Mem : 65877712 total, 61597284 free,  1074716 used,  3205712 buff/cache
KiB Swap: 33554428 total, 32479112 free,  1075316 used. 63625108 avail Mem 
--
top - 12:54:33 up 105 days,  4:37,  0 users,  load average: 1.55, 0.85, 0.57
Tasks: 402 total,   1 running, 401 sleeping,   0 stopped,   0 zombie
%Cpu(s):  0.0 us,  0.0 sy,  0.0 ni,100.0 id,  0.0 wa,  0.0 hi,  0.0 si,  0.0 st
KiB Mem : 65877712 total, 61597284 free,  1074716 used,  3205712 buff/cache
KiB Swap: 33554428 total, 32479112 free,  1075316 used. 63625108 avail Mem 
--
top - 12:54:38 up 105 days,  4:37,  0 users,  load average: 1.43, 0.84, 0.57
Tasks: 403 total,   1 running, 402 sleeping,   0 stopped,   0 zombie
%Cpu(s):  0.0 us,  0.0 sy,  0.0 ni,100.0 id,  0.0 wa,  0.0 hi,  0.0 si,  0.0 st
KiB Mem : 65877712 total, 61597284 free,  1074716 used,  3205712 buff/cache
KiB Swap: 33554428 total, 32479112 free,  1075316 used. 63625108 avail Mem 
--
top - 12:54:43 up 105 days,  4:37,  0 users,  load average: 1.32, 0.82, 0.56
Tasks: 402 total,   1 running, 401 sleeping,   0 stopped,   0 zombie
%Cpu(s):  0.0 us,  0.0 sy,  0.0 ni,100.0 id,  0.0 wa,  0.0 hi,  0.0 si,  0.0 st
KiB Mem : 65877712 total, 61600200 free,  1070828 used,  3206684 buff/cache
KiB Swap: 33554428 total, 32479112 free,  1075316 used. 63628108 avail Mem 
--
top - 12:54:48 up 105 days,  4:37,  0 users,  load average: 1.21, 0.81, 0.56
Tasks: 401 total,   1 running, 400 sleeping,   0 stopped,   0 zombie
%Cpu(s):  0.0 us,  0.0 sy,  0.0 ni, 99.9 id,  0.0 wa,  0.0 hi,  0.0 si,  0.0 st
KiB Mem : 65877712 total, 61601236 free,  1069484 used,  3206992 buff/cache
KiB Swap: 33554428 total, 32479112 free,  1075316 used. 63629436 avail Mem 
--
top - 12:54:53 up 105 days,  4:37,  0 users,  load average: 1.11, 0.80, 0.56
Tasks: 401 total,   1 running, 400 sleeping,   0 stopped,   0 zombie
%Cpu(s):  0.0 us,  0.0 sy,  0.0 ni, 99.9 id,  0.0 wa,  0.0 hi,  0.0 si,  0.0 st
KiB Mem : 65877712 total, 61597304 free,  1073416 used,  3206992 buff/cache
KiB Swap: 33554428 total, 32479112 free,  1075316 used. 63625504 avail Mem 
--
top - 12:54:58 up 105 days,  4:38,  0 users,  load average: 1.02, 0.78, 0.56
Tasks: 401 total,   1 running, 400 sleeping,   0 stopped,   0 zombie
%Cpu(s):  0.1 us,  0.0 sy,  0.0 ni, 99.9 id,  0.0 wa,  0.0 hi,  0.0 si,  0.0 st
KiB Mem : 65877712 total, 61570028 free,  1100692 used,  3206992 buff/cache
KiB Swap: 33554428 total, 32479112 free,  1075316 used. 63598228 avail Mem 
--
top - 12:55:03 up 105 days,  4:38,  0 users,  load average: 0.94, 0.77, 0.55
Tasks: 401 total,   1 running, 400 sleeping,   0 stopped,   0 zombie
%Cpu(s):  0.1 us,  0.0 sy,  0.0 ni, 99.9 id,  0.0 wa,  0.0 hi,  0.0 si,  0.0 st
KiB Mem : 65877712 total, 61540100 free,  1130620 used,  3206992 buff/cache
KiB Swap: 33554428 total, 32479112 free,  1075316 used. 63568300 avail Mem 
--
top - 12:55:08 up 105 days,  4:38,  0 users,  load average: 0.87, 0.76, 0.55
Tasks: 401 total,   1 running, 400 sleeping,   0 stopped,   0 zombie
%Cpu(s):  0.1 us,  0.0 sy,  0.0 ni, 99.9 id,  0.0 wa,  0.0 hi,  0.0 si,  0.0 st
KiB Mem : 65877712 total, 61511016 free,  1159704 used,  3206992 buff/cache
KiB Swap: 33554428 total, 32479112 free,  1075316 used. 63539216 avail Mem 
--
top - 12:55:13 up 105 days,  4:38,  0 users,  load average: 0.80, 0.74, 0.55
Tasks: 401 total,   1 running, 400 sleeping,   0 stopped,   0 zombie
%Cpu(s):  0.1 us,  0.1 sy,  0.0 ni, 99.9 id,  0.0 wa,  0.0 hi,  0.0 si,  0.0 st
KiB Mem : 65877712 total, 61484276 free,  1186440 used,  3206996 buff/cache
KiB Swap: 33554428 total, 32479112 free,  1075316 used. 63512476 avail Mem 
--
top - 12:55:18 up 105 days,  4:38,  0 users,  load average: 0.73, 0.73, 0.54
Tasks: 401 total,   1 running, 400 sleeping,   0 stopped,   0 zombie
%Cpu(s):  0.1 us,  0.1 sy,  0.0 ni, 99.9 id,  0.0 wa,  0.0 hi,  0.0 si,  0.0 st
KiB Mem : 65877712 total, 61457784 free,  1212932 used,  3206996 buff/cache
KiB Swap: 33554428 total, 32479112 free,  1075316 used. 63485988 avail Mem 
--
top - 12:55:23 up 105 days,  4:38,  0 users,  load average: 0.67, 0.72, 0.54
Tasks: 401 total,   2 running, 399 sleeping,   0 stopped,   0 zombie
%Cpu(s):  4.5 us,  0.3 sy,  0.0 ni, 95.2 id,  0.0 wa,  0.0 hi,  0.0 si,  0.0 st
KiB Mem : 65877712 total, 61206396 free,  1464320 used,  3206996 buff/cache
KiB Swap: 33554428 total, 32479112 free,  1075316 used. 63234600 avail Mem 
--
top - 12:55:28 up 105 days,  4:38,  0 users,  load average: 0.62, 0.71, 0.54
Tasks: 401 total,   1 running, 400 sleeping,   0 stopped,   0 zombie
%Cpu(s): 55.2 us,  0.2 sy,  0.0 ni, 44.6 id,  0.0 wa,  0.0 hi,  0.0 si,  0.0 st
KiB Mem : 65877712 total, 61064696 free,  1606020 used,  3206996 buff/cache
KiB Swap: 33554428 total, 32479112 free,  1075316 used. 63092900 avail Mem 
--
top - 12:55:33 up 105 days,  4:38,  0 users,  load average: 0.57, 0.70, 0.54
Tasks: 401 total,   1 running, 400 sleeping,   0 stopped,   0 zombie
%Cpu(s):  0.0 us,  0.0 sy,  0.0 ni, 99.9 id,  0.0 wa,  0.0 hi,  0.0 si,  0.0 st
KiB Mem : 65877712 total, 61230508 free,  1440208 used,  3206996 buff/cache
KiB Swap: 33554428 total, 32479112 free,  1075316 used. 63258712 avail Mem 
--
top - 12:55:38 up 105 days,  4:38,  0 users,  load average: 0.52, 0.68, 0.53
Tasks: 401 total,   1 running, 400 sleeping,   0 stopped,   0 zombie
%Cpu(s):  0.0 us,  0.0 sy,  0.0 ni, 99.9 id,  0.0 wa,  0.0 hi,  0.0 si,  0.0 st
KiB Mem : 65877712 total, 61226936 free,  1443780 used,  3206996 buff/cache
KiB Swap: 33554428 total, 32479112 free,  1075316 used. 63255140 avail Mem 
--
top - 12:55:43 up 105 days,  4:38,  0 users,  load average: 0.48, 0.67, 0.53
Tasks: 401 total,   1 running, 400 sleeping,   0 stopped,   0 zombie
%Cpu(s):  0.1 us,  0.1 sy,  0.0 ni, 99.9 id,  0.0 wa,  0.0 hi,  0.0 si,  0.0 st
KiB Mem : 65877712 total, 61188608 free,  1482108 used,  3206996 buff/cache
KiB Swap: 33554428 total, 32479112 free,  1075316 used. 63216812 avail Mem 
--
top - 12:55:48 up 105 days,  4:38,  0 users,  load average: 0.44, 0.66, 0.53
Tasks: 401 total,   1 running, 400 sleeping,   0 stopped,   0 zombie
%Cpu(s):  0.1 us,  0.1 sy,  0.0 ni, 99.8 id,  0.0 wa,  0.0 hi,  0.0 si,  0.0 st
KiB Mem : 65877712 total, 61167116 free,  1503600 used,  3206996 buff/cache
KiB Swap: 33554428 total, 32479112 free,  1075316 used. 63195320 avail Mem 
--
top - 12:55:53 up 105 days,  4:38,  0 users,  load average: 0.41, 0.65, 0.52
Tasks: 401 total,   1 running, 400 sleeping,   0 stopped,   0 zombie
%Cpu(s):  0.1 us,  0.1 sy,  0.0 ni, 99.9 id,  0.0 wa,  0.0 hi,  0.0 si,  0.0 st
KiB Mem : 65877712 total, 61142676 free,  1528040 used,  3206996 buff/cache
KiB Swap: 33554428 total, 32479112 free,  1075316 used. 63170880 avail Mem 
--
top - 12:55:58 up 105 days,  4:39,  0 users,  load average: 0.38, 0.64, 0.52
Tasks: 401 total,   1 running, 400 sleeping,   0 stopped,   0 zombie
%Cpu(s):  0.1 us,  0.0 sy,  0.0 ni, 99.9 id,  0.0 wa,  0.0 hi,  0.0 si,  0.0 st
KiB Mem : 65877712 total, 61129536 free,  1541180 used,  3206996 buff/cache
KiB Swap: 33554428 total, 32479112 free,  1075316 used. 63157740 avail Mem 
--
top - 12:56:03 up 105 days,  4:39,  0 users,  load average: 0.35, 0.63, 0.52
Tasks: 401 total,   1 running, 400 sleeping,   0 stopped,   0 zombie
%Cpu(s):  0.4 us,  0.3 sy,  0.0 ni, 98.7 id,  0.6 wa,  0.0 hi,  0.0 si,  0.0 st
KiB Mem : 65877712 total, 61093852 free,  1576916 used,  3206944 buff/cache
KiB Swap: 33554428 total, 32479112 free,  1075316 used. 63122056 avail Mem 
--
top - 12:56:08 up 105 days,  4:39,  0 users,  load average: 2.48, 1.07, 0.66
Tasks: 401 total,   2 running, 399 sleeping,   0 stopped,   0 zombie
%Cpu(s): 55.3 us,  0.4 sy,  0.0 ni, 44.3 id,  0.0 wa,  0.0 hi,  0.0 si,  0.0 st
KiB Mem : 65877712 total, 60957444 free,  1713276 used,  3206992 buff/cache
KiB Swap: 33554428 total, 32479112 free,  1075316 used. 62985644 avail Mem 
--
top - 12:56:13 up 105 days,  4:39,  0 users,  load average: 2.28, 1.05, 0.66
Tasks: 400 total,   1 running, 399 sleeping,   0 stopped,   0 zombie
%Cpu(s):  5.6 us,  0.1 sy,  0.0 ni, 94.2 id,  0.0 wa,  0.0 hi,  0.0 si,  0.0 st
KiB Mem : 65877712 total, 61087864 free,  1582856 used,  3206992 buff/cache
KiB Swap: 33554428 total, 32479112 free,  1075316 used. 63116068 avail Mem 
--
top - 12:56:18 up 105 days,  4:39,  0 users,  load average: 2.10, 1.03, 0.65
Tasks: 401 total,   1 running, 400 sleeping,   0 stopped,   0 zombie
%Cpu(s):  0.0 us,  0.0 sy,  0.0 ni, 99.9 id,  0.0 wa,  0.0 hi,  0.0 si,  0.0 st
KiB Mem : 65877712 total, 61090464 free,  1580256 used,  3206992 buff/cache
KiB Swap: 33554428 total, 32479112 free,  1075316 used. 63118668 avail Mem 
--
top - 12:56:23 up 105 days,  4:39,  0 users,  load average: 1.93, 1.02, 0.65
Tasks: 401 total,   1 running, 400 sleeping,   0 stopped,   0 zombie
%Cpu(s):  0.0 us,  0.0 sy,  0.0 ni, 99.9 id,  0.0 wa,  0.0 hi,  0.0 si,  0.0 st
KiB Mem : 65877712 total, 61076908 free,  1593812 used,  3206992 buff/cache
KiB Swap: 33554428 total, 32479112 free,  1075316 used. 63105112 avail Mem 
--
top - 12:56:29 up 105 days,  4:39,  0 users,  load average: 1.78, 1.00, 0.65
Tasks: 401 total,   1 running, 400 sleeping,   0 stopped,   0 zombie
%Cpu(s):  0.1 us,  0.1 sy,  0.0 ni, 99.9 id,  0.0 wa,  0.0 hi,  0.0 si,  0.0 st
KiB Mem : 65877712 total, 61054588 free,  1616132 used,  3206992 buff/cache
KiB Swap: 33554428 total, 32479112 free,  1075316 used. 63082792 avail Mem 
--
top - 12:56:34 up 105 days,  4:39,  0 users,  load average: 1.63, 0.98, 0.64
Tasks: 401 total,   1 running, 400 sleeping,   0 stopped,   0 zombie
%Cpu(s):  0.1 us,  0.1 sy,  0.0 ni, 99.9 id,  0.0 wa,  0.0 hi,  0.0 si,  0.0 st
KiB Mem : 65877712 total, 61019656 free,  1651064 used,  3206992 buff/cache
KiB Swap: 33554428 total, 32479112 free,  1075316 used. 63047860 avail Mem 
--
top - 12:56:39 up 105 days,  4:39,  0 users,  load average: 1.50, 0.97, 0.64
Tasks: 401 total,   1 running, 400 sleeping,   0 stopped,   0 zombie
%Cpu(s):  0.1 us,  0.1 sy,  0.0 ni, 99.9 id,  0.0 wa,  0.0 hi,  0.0 si,  0.0 st
KiB Mem : 65877712 total, 60994524 free,  1676196 used,  3206992 buff/cache
KiB Swap: 33554428 total, 32479112 free,  1075316 used. 63022728 avail Mem 
--
top - 12:56:44 up 105 days,  4:39,  0 users,  load average: 1.38, 0.95, 0.64
Tasks: 401 total,   1 running, 400 sleeping,   0 stopped,   0 zombie
%Cpu(s):  0.1 us,  0.1 sy,  0.0 ni, 99.9 id,  0.0 wa,  0.0 hi,  0.0 si,  0.0 st
KiB Mem : 65877712 total, 60968140 free,  1702580 used,  3206992 buff/cache
KiB Swap: 33554428 total, 32479112 free,  1075316 used. 62996344 avail Mem 
--
top - 12:56:49 up 105 days,  4:39,  0 users,  load average: 1.27, 0.93, 0.63
Tasks: 401 total,   1 running, 400 sleeping,   0 stopped,   0 zombie
%Cpu(s):  0.1 us,  0.1 sy,  0.0 ni, 99.8 id,  0.0 wa,  0.0 hi,  0.0 si,  0.0 st
KiB Mem : 65877712 total, 60940568 free,  1730152 used,  3206992 buff/cache
KiB Swap: 33554428 total, 32479112 free,  1075316 used. 62968772 avail Mem 
--
top - 12:56:54 up 105 days,  4:39,  0 users,  load average: 1.57, 1.00, 0.66
Tasks: 401 total,   1 running, 400 sleeping,   0 stopped,   0 zombie
%Cpu(s): 64.5 us,  0.3 sy,  0.0 ni, 35.2 id,  0.0 wa,  0.0 hi,  0.0 si,  0.0 st
KiB Mem : 65877712 total, 60823192 free,  1847528 used,  3206992 buff/cache
KiB Swap: 33554428 total, 32479112 free,  1075316 used. 62851396 avail Mem 
--
top - 12:56:59 up 105 days,  4:40,  0 users,  load average: 1.44, 0.98, 0.65
Tasks: 401 total,   1 running, 400 sleeping,   0 stopped,   0 zombie
%Cpu(s):  0.0 us,  0.0 sy,  0.0 ni, 99.9 id,  0.0 wa,  0.0 hi,  0.0 si,  0.0 st
KiB Mem : 65877712 total, 60964188 free,  1706528 used,  3206996 buff/cache
KiB Swap: 33554428 total, 32479112 free,  1075316 used. 62992396 avail Mem 
--
top - 12:57:04 up 105 days,  4:40,  0 users,  load average: 1.33, 0.97, 0.65
Tasks: 401 total,   1 running, 400 sleeping,   0 stopped,   0 zombie
%Cpu(s):  0.0 us,  0.0 sy,  0.0 ni,100.0 id,  0.0 wa,  0.0 hi,  0.0 si,  0.0 st
KiB Mem : 65877712 total, 60963732 free,  1706984 used,  3206996 buff/cache
KiB Swap: 33554428 total, 32479112 free,  1075316 used. 62991940 avail Mem 
--
top - 12:57:09 up 105 days,  4:40,  0 users,  load average: 1.22, 0.95, 0.65
Tasks: 401 total,   1 running, 400 sleeping,   0 stopped,   0 zombie
%Cpu(s):  0.1 us,  0.0 sy,  0.0 ni, 99.9 id,  0.0 wa,  0.0 hi,  0.0 si,  0.0 st
KiB Mem : 65877712 total, 60951392 free,  1719324 used,  3206996 buff/cache
KiB Swap: 33554428 total, 32479112 free,  1075316 used. 62979600 avail Mem 
--
top - 12:57:14 up 105 days,  4:40,  0 users,  load average: 1.12, 0.94, 0.64
Tasks: 401 total,   1 running, 400 sleeping,   0 stopped,   0 zombie
%Cpu(s):  0.1 us,  0.1 sy,  0.0 ni, 99.9 id,  0.0 wa,  0.0 hi,  0.0 si,  0.0 st
KiB Mem : 65877712 total, 60930500 free,  1740216 used,  3206996 buff/cache
KiB Swap: 33554428 total, 32479112 free,  1075316 used. 62958708 avail Mem 
--
top - 12:57:19 up 105 days,  4:40,  0 users,  load average: 1.03, 0.92, 0.64
Tasks: 401 total,   1 running, 400 sleeping,   0 stopped,   0 zombie
%Cpu(s):  0.1 us,  0.1 sy,  0.0 ni, 99.8 id,  0.0 wa,  0.0 hi,  0.0 si,  0.0 st
KiB Mem : 65877712 total, 60900004 free,  1770712 used,  3206996 buff/cache
KiB Swap: 33554428 total, 32479112 free,  1075316 used. 62928212 avail Mem 
--
top - 12:57:24 up 105 days,  4:40,  0 users,  load average: 0.95, 0.91, 0.64
Tasks: 401 total,   1 running, 400 sleeping,   0 stopped,   0 zombie
%Cpu(s):  0.1 us,  0.1 sy,  0.0 ni, 99.8 id,  0.0 wa,  0.0 hi,  0.0 si,  0.0 st
KiB Mem : 65877712 total, 60883016 free,  1787700 used,  3206996 buff/cache
KiB Swap: 33554428 total, 32479112 free,  1075316 used. 62911224 avail Mem 
--
top - 12:57:29 up 105 days,  4:40,  0 users,  load average: 0.88, 0.89, 0.63
Tasks: 401 total,   1 running, 400 sleeping,   0 stopped,   0 zombie
%Cpu(s):  0.1 us,  0.0 sy,  0.0 ni, 99.9 id,  0.0 wa,  0.0 hi,  0.0 si,  0.0 st
KiB Mem : 65877712 total, 60862184 free,  1808532 used,  3206996 buff/cache
KiB Swap: 33554428 total, 32479112 free,  1075316 used. 62890392 avail Mem 
--
top - 12:57:34 up 105 days,  4:40,  0 users,  load average: 0.81, 0.88, 0.63
Tasks: 401 total,   1 running, 400 sleeping,   0 stopped,   0 zombie
%Cpu(s):  0.1 us,  0.1 sy,  0.0 ni, 99.9 id,  0.0 wa,  0.0 hi,  0.0 si,  0.0 st
KiB Mem : 65877712 total, 60836024 free,  1834692 used,  3206996 buff/cache
KiB Swap: 33554428 total, 32479112 free,  1075316 used. 62864232 avail Mem 
--
top - 12:57:39 up 105 days,  4:40,  0 users,  load average: 0.74, 0.86, 0.62
Tasks: 401 total,   2 running, 399 sleeping,   0 stopped,   0 zombie
%Cpu(s): 14.5 us,  0.3 sy,  0.0 ni, 85.2 id,  0.0 wa,  0.0 hi,  0.0 si,  0.0 st
KiB Mem : 65877712 total, 60785308 free,  1885408 used,  3206996 buff/cache
KiB Swap: 33554428 total, 32479112 free,  1075316 used. 62813516 avail Mem 
--
top - 12:57:44 up 105 days,  4:40,  0 users,  load average: 0.68, 0.85, 0.62
Tasks: 401 total,   1 running, 400 sleeping,   0 stopped,   0 zombie
%Cpu(s): 47.0 us,  0.3 sy,  0.0 ni, 52.7 id,  0.0 wa,  0.0 hi,  0.0 si,  0.0 st
KiB Mem : 65877712 total, 60699544 free,  1971172 used,  3206996 buff/cache
KiB Swap: 33554428 total, 32479112 free,  1075316 used. 62727752 avail Mem 
--
top - 12:57:49 up 105 days,  4:40,  0 users,  load average: 0.63, 0.83, 0.62
Tasks: 401 total,   1 running, 400 sleeping,   0 stopped,   0 zombie
%Cpu(s):  0.1 us,  0.1 sy,  0.0 ni, 99.9 id,  0.0 wa,  0.0 hi,  0.0 si,  0.0 st
KiB Mem : 65877712 total, 60852828 free,  1817884 used,  3207000 buff/cache
KiB Swap: 33554428 total, 32479112 free,  1075316 used. 62881036 avail Mem 
--
top - 12:57:54 up 105 days,  4:40,  0 users,  load average: 0.58, 0.82, 0.61
Tasks: 401 total,   2 running, 399 sleeping,   0 stopped,   0 zombie
%Cpu(s):  0.1 us,  0.0 sy,  0.0 ni, 99.9 id,  0.0 wa,  0.0 hi,  0.0 si,  0.0 st
KiB Mem : 65877712 total, 60845948 free,  1824764 used,  3207000 buff/cache
KiB Swap: 33554428 total, 32479112 free,  1075316 used. 62874160 avail Mem 
--
top - 12:57:59 up 105 days,  4:41,  0 users,  load average: 0.53, 0.81, 0.61
Tasks: 401 total,   1 running, 400 sleeping,   0 stopped,   0 zombie
%Cpu(s):  0.1 us,  0.0 sy,  0.0 ni, 99.8 id,  0.0 wa,  0.0 hi,  0.0 si,  0.0 st
KiB Mem : 65877712 total, 60824096 free,  1846616 used,  3207000 buff/cache
KiB Swap: 33554428 total, 32479112 free,  1075316 used. 62852308 avail Mem 
--
top - 12:58:04 up 105 days,  4:41,  0 users,  load average: 0.49, 0.79, 0.61
Tasks: 401 total,   1 running, 400 sleeping,   0 stopped,   0 zombie
%Cpu(s):  0.4 us,  0.3 sy,  0.0 ni, 98.7 id,  0.6 wa,  0.0 hi,  0.0 si,  0.0 st
KiB Mem : 65877712 total, 60788116 free,  1882596 used,  3207000 buff/cache
KiB Swap: 33554428 total, 32479112 free,  1075316 used. 62816328 avail Mem 
--
top - 12:58:09 up 105 days,  4:41,  0 users,  load average: 0.45, 0.78, 0.60
Tasks: 401 total,   1 running, 400 sleeping,   0 stopped,   0 zombie
%Cpu(s):  0.1 us,  0.0 sy,  0.0 ni, 99.9 id,  0.0 wa,  0.0 hi,  0.0 si,  0.0 st
KiB Mem : 65877712 total, 60772608 free,  1898104 used,  3207000 buff/cache
KiB Swap: 33554428 total, 32479112 free,  1075316 used. 62800820 avail Mem 
--
top - 12:58:14 up 105 days,  4:41,  0 users,  load average: 0.41, 0.77, 0.60
Tasks: 401 total,   1 running, 400 sleeping,   0 stopped,   0 zombie
%Cpu(s):  0.1 us,  0.1 sy,  0.0 ni, 99.9 id,  0.0 wa,  0.0 hi,  0.0 si,  0.0 st
KiB Mem : 65877712 total, 60748516 free,  1922196 used,  3207000 buff/cache
KiB Swap: 33554428 total, 32479112 free,  1075316 used. 62776728 avail Mem 
--
top - 12:58:19 up 105 days,  4:41,  0 users,  load average: 0.38, 0.75, 0.60
Tasks: 401 total,   1 running, 400 sleeping,   0 stopped,   0 zombie
%Cpu(s):  0.1 us,  0.1 sy,  0.0 ni, 99.8 id,  0.0 wa,  0.0 hi,  0.0 si,  0.0 st
KiB Mem : 65877712 total, 60730724 free,  1939988 used,  3207000 buff/cache
KiB Swap: 33554428 total, 32479112 free,  1075316 used. 62758936 avail Mem 
--
top - 12:58:24 up 105 days,  4:41,  0 users,  load average: 0.35, 0.74, 0.59
Tasks: 401 total,   1 running, 400 sleeping,   0 stopped,   0 zombie
%Cpu(s):  0.1 us,  0.1 sy,  0.0 ni, 99.9 id,  0.0 wa,  0.0 hi,  0.0 si,  0.0 st
KiB Mem : 65877712 total, 60702076 free,  1968636 used,  3207000 buff/cache
KiB Swap: 33554428 total, 32479112 free,  1075316 used. 62730288 avail Mem 
--
top - 12:58:29 up 105 days,  4:41,  0 users,  load average: 2.64, 1.21, 0.75
Tasks: 401 total,   2 running, 399 sleeping,   0 stopped,   0 zombie
%Cpu(s): 54.6 us,  0.4 sy,  0.0 ni, 45.1 id,  0.0 wa,  0.0 hi,  0.0 si,  0.0 st
KiB Mem : 65877712 total, 60584144 free,  2086568 used,  3207000 buff/cache
KiB Swap: 33554428 total, 32479112 free,  1075316 used. 62612356 avail Mem 
