Job id: 4753213
Worker ip: 10.149.0.64
Master ip: 10.149.0.54
--
top - 12:41:51 up 105 days,  4:24,  0 users,  load average: 2.54, 0.76, 0.39
Tasks: 399 total,   1 running, 398 sleeping,   0 stopped,   0 zombie
%Cpu(s):  2.5 us,  5.2 sy,  0.0 ni, 89.2 id,  2.7 wa,  0.0 hi,  0.4 si,  0.0 st
KiB Mem : 65877712 total, 58190864 free,  1137564 used,  6549284 buff/cache
KiB Swap: 33554428 total, 32355784 free,  1198644 used. 63545724 avail Mem 
--
top - 12:41:56 up 105 days,  4:24,  0 users,  load average: 2.65, 0.82, 0.41
Tasks: 409 total,   1 running, 408 sleeping,   0 stopped,   0 zombie
%Cpu(s):  1.7 us,  0.5 sy,  0.0 ni, 96.9 id,  0.9 wa,  0.0 hi,  0.0 si,  0.0 st
KiB Mem : 65877712 total, 58168212 free,  1153548 used,  6555952 buff/cache
KiB Swap: 33554428 total, 32355784 free,  1198644 used. 63529540 avail Mem 
--
top - 12:42:02 up 105 days,  4:24,  0 users,  load average: 3.08, 0.94, 0.45
Tasks: 410 total,   1 running, 409 sleeping,   0 stopped,   0 zombie
%Cpu(s):  0.4 us,  0.2 sy,  0.0 ni, 93.3 id,  6.1 wa,  0.0 hi,  0.0 si,  0.0 st
KiB Mem : 65877712 total, 58159576 free,  1162184 used,  6555952 buff/cache
KiB Swap: 33554428 total, 32355784 free,  1198644 used. 63520932 avail Mem 
--
top - 12:42:07 up 105 days,  4:24,  0 users,  load average: 2.84, 0.92, 0.45
Tasks: 410 total,   1 running, 409 sleeping,   0 stopped,   0 zombie
%Cpu(s):  0.0 us,  0.0 sy,  0.0 ni, 95.3 id,  4.6 wa,  0.0 hi,  0.0 si,  0.0 st
KiB Mem : 65877712 total, 58166412 free,  1155348 used,  6555952 buff/cache
KiB Swap: 33554428 total, 32355784 free,  1198644 used. 63527852 avail Mem 
--
top - 12:42:12 up 105 days,  4:24,  0 users,  load average: 2.61, 0.91, 0.45
Tasks: 414 total,   1 running, 413 sleeping,   0 stopped,   0 zombie
%Cpu(s):  0.0 us,  0.0 sy,  0.0 ni,100.0 id,  0.0 wa,  0.0 hi,  0.0 si,  0.0 st
KiB Mem : 65877712 total, 58166612 free,  1155148 used,  6555952 buff/cache
KiB Swap: 33554428 total, 32355784 free,  1198644 used. 63528052 avail Mem 
--
top - 12:42:17 up 105 days,  4:24,  0 users,  load average: 2.40, 0.89, 0.45
Tasks: 414 total,   1 running, 413 sleeping,   0 stopped,   0 zombie
%Cpu(s):  0.0 us,  0.0 sy,  0.0 ni,100.0 id,  0.0 wa,  0.0 hi,  0.0 si,  0.0 st
KiB Mem : 65877712 total, 58166760 free,  1155000 used,  6555952 buff/cache
KiB Swap: 33554428 total, 32355784 free,  1198644 used. 63528200 avail Mem 
--
top - 12:42:22 up 105 days,  4:24,  0 users,  load average: 2.21, 0.88, 0.44
Tasks: 415 total,   1 running, 414 sleeping,   0 stopped,   0 zombie
%Cpu(s):  0.0 us,  0.0 sy,  0.0 ni, 99.9 id,  0.0 wa,  0.0 hi,  0.0 si,  0.0 st
KiB Mem : 65877712 total, 58168280 free,  1153480 used,  6555952 buff/cache
KiB Swap: 33554428 total, 32355784 free,  1198644 used. 63529720 avail Mem 
--
top - 12:42:27 up 105 days,  4:24,  0 users,  load average: 2.03, 0.86, 0.44
Tasks: 415 total,   1 running, 414 sleeping,   0 stopped,   0 zombie
%Cpu(s):  0.0 us,  0.0 sy,  0.0 ni,100.0 id,  0.0 wa,  0.0 hi,  0.0 si,  0.0 st
KiB Mem : 65877712 total, 58168684 free,  1153076 used,  6555952 buff/cache
KiB Swap: 33554428 total, 32355784 free,  1198644 used. 63530124 avail Mem 
--
top - 12:42:32 up 105 days,  4:24,  0 users,  load average: 1.87, 0.85, 0.44
Tasks: 415 total,   1 running, 414 sleeping,   0 stopped,   0 zombie
%Cpu(s):  0.1 us,  0.1 sy,  0.0 ni, 99.8 id,  0.0 wa,  0.0 hi,  0.0 si,  0.0 st
KiB Mem : 65877712 total, 58133564 free,  1188196 used,  6555952 buff/cache
KiB Swap: 33554428 total, 32355784 free,  1198644 used. 63495004 avail Mem 
--
top - 12:42:37 up 105 days,  4:24,  0 users,  load average: 1.72, 0.83, 0.44
Tasks: 415 total,   1 running, 414 sleeping,   0 stopped,   0 zombie
%Cpu(s):  0.1 us,  0.1 sy,  0.0 ni, 99.8 id,  0.0 wa,  0.0 hi,  0.0 si,  0.0 st
KiB Mem : 65877712 total, 58081736 free,  1240024 used,  6555952 buff/cache
KiB Swap: 33554428 total, 32355784 free,  1198644 used. 63443176 avail Mem 
--
top - 12:42:42 up 105 days,  4:24,  0 users,  load average: 3.74, 1.27, 0.58
Tasks: 415 total,   2 running, 413 sleeping,   0 stopped,   0 zombie
%Cpu(s): 36.7 us,  0.5 sy,  0.0 ni, 62.9 id,  0.0 wa,  0.0 hi,  0.0 si,  0.0 st
KiB Mem : 65877712 total, 57724792 free,  1596968 used,  6555952 buff/cache
KiB Swap: 33554428 total, 32355784 free,  1198644 used. 63086256 avail Mem 
--
top - 12:42:47 up 105 days,  4:25,  0 users,  load average: 3.44, 1.25, 0.58
Tasks: 415 total,   1 running, 414 sleeping,   0 stopped,   0 zombie
%Cpu(s): 21.9 us,  0.1 sy,  0.0 ni, 78.0 id,  0.0 wa,  0.0 hi,  0.0 si,  0.0 st
KiB Mem : 65877712 total, 57794608 free,  1527148 used,  6555956 buff/cache
KiB Swap: 33554428 total, 32355784 free,  1198644 used. 63156076 avail Mem 
--
top - 12:42:52 up 105 days,  4:25,  0 users,  load average: 3.17, 1.23, 0.57
Tasks: 415 total,   1 running, 414 sleeping,   0 stopped,   0 zombie
%Cpu(s):  0.1 us,  0.1 sy,  0.0 ni, 99.9 id,  0.0 wa,  0.0 hi,  0.0 si,  0.0 st
KiB Mem : 65877712 total, 57780588 free,  1541168 used,  6555956 buff/cache
KiB Swap: 33554428 total, 32355784 free,  1198644 used. 63142056 avail Mem 
--
top - 12:42:57 up 105 days,  4:25,  0 users,  load average: 2.91, 1.20, 0.57
Tasks: 415 total,   1 running, 414 sleeping,   0 stopped,   0 zombie
%Cpu(s):  0.1 us,  0.1 sy,  0.0 ni, 99.8 id,  0.0 wa,  0.0 hi,  0.0 si,  0.0 st
KiB Mem : 65877712 total, 57732224 free,  1589532 used,  6555956 buff/cache
KiB Swap: 33554428 total, 32355784 free,  1198644 used. 63093692 avail Mem 
--
top - 12:43:02 up 105 days,  4:25,  0 users,  load average: 2.68, 1.18, 0.57
Tasks: 413 total,   3 running, 410 sleeping,   0 stopped,   0 zombie
%Cpu(s):  0.3 us,  0.1 sy,  0.0 ni, 99.6 id,  0.0 wa,  0.0 hi,  0.0 si,  0.0 st
KiB Mem : 65877712 total, 57685352 free,  1636404 used,  6555956 buff/cache
KiB Swap: 33554428 total, 32355784 free,  1198644 used. 63046820 avail Mem 
--
top - 12:43:07 up 105 days,  4:25,  0 users,  load average: 2.47, 1.17, 0.56
Tasks: 411 total,   1 running, 410 sleeping,   0 stopped,   0 zombie
%Cpu(s): 59.4 us,  0.5 sy,  0.0 ni, 40.1 id,  0.0 wa,  0.0 hi,  0.0 si,  0.0 st
KiB Mem : 65877712 total, 57562224 free,  1759532 used,  6555956 buff/cache
KiB Swap: 33554428 total, 32355784 free,  1198644 used. 62923692 avail Mem 
--
top - 12:43:12 up 105 days,  4:25,  0 users,  load average: 2.27, 1.15, 0.56
Tasks: 411 total,   1 running, 410 sleeping,   0 stopped,   0 zombie
%Cpu(s):  0.0 us,  0.0 sy,  0.0 ni, 99.9 id,  0.0 wa,  0.0 hi,  0.0 si,  0.0 st
KiB Mem : 65877712 total, 57673156 free,  1648600 used,  6555956 buff/cache
KiB Swap: 33554428 total, 32355784 free,  1198644 used. 63034624 avail Mem 
--
top - 12:43:17 up 105 days,  4:25,  0 users,  load average: 2.09, 1.13, 0.56
Tasks: 411 total,   1 running, 410 sleeping,   0 stopped,   0 zombie
%Cpu(s):  0.1 us,  0.1 sy,  0.0 ni, 99.8 id,  0.0 wa,  0.0 hi,  0.0 si,  0.0 st
KiB Mem : 65877712 total, 57628764 free,  1692992 used,  6555956 buff/cache
KiB Swap: 33554428 total, 32355784 free,  1198644 used. 62990232 avail Mem 
--
top - 12:43:22 up 105 days,  4:25,  0 users,  load average: 1.92, 1.11, 0.56
Tasks: 411 total,   1 running, 410 sleeping,   0 stopped,   0 zombie
%Cpu(s):  0.1 us,  0.1 sy,  0.0 ni, 99.7 id,  0.0 wa,  0.0 hi,  0.0 si,  0.0 st
KiB Mem : 65877712 total, 57585212 free,  1736544 used,  6555956 buff/cache
KiB Swap: 33554428 total, 32355784 free,  1198644 used. 62946680 avail Mem 
--
top - 12:43:27 up 105 days,  4:25,  0 users,  load average: 1.77, 1.09, 0.55
Tasks: 411 total,   1 running, 410 sleeping,   0 stopped,   0 zombie
%Cpu(s):  0.1 us,  0.1 sy,  0.0 ni, 99.8 id,  0.0 wa,  0.0 hi,  0.0 si,  0.0 st
KiB Mem : 65877712 total, 57538300 free,  1783456 used,  6555956 buff/cache
KiB Swap: 33554428 total, 32355784 free,  1198644 used. 62899768 avail Mem 
--
top - 12:43:32 up 105 days,  4:25,  0 users,  load average: 1.62, 1.07, 0.55
Tasks: 411 total,   1 running, 410 sleeping,   0 stopped,   0 zombie
%Cpu(s): 58.4 us,  0.7 sy,  0.0 ni, 40.8 id,  0.0 wa,  0.0 hi,  0.0 si,  0.0 st
KiB Mem : 65877712 total, 57413332 free,  1908424 used,  6555956 buff/cache
KiB Swap: 33554428 total, 32355784 free,  1198644 used. 62774800 avail Mem 
--
top - 12:43:37 up 105 days,  4:25,  0 users,  load average: 1.49, 1.05, 0.55
Tasks: 411 total,   1 running, 410 sleeping,   0 stopped,   0 zombie
%Cpu(s):  0.0 us,  0.0 sy,  0.0 ni, 99.9 id,  0.0 wa,  0.0 hi,  0.0 si,  0.0 st
KiB Mem : 65877712 total, 57550112 free,  1771644 used,  6555956 buff/cache
KiB Swap: 33554428 total, 32355784 free,  1198644 used. 62911580 avail Mem 
--
top - 12:43:42 up 105 days,  4:25,  0 users,  load average: 1.37, 1.04, 0.54
Tasks: 411 total,   1 running, 410 sleeping,   0 stopped,   0 zombie
%Cpu(s):  0.1 us,  0.1 sy,  0.0 ni, 99.8 id,  0.0 wa,  0.0 hi,  0.0 si,  0.0 st
KiB Mem : 65877712 total, 57503160 free,  1818592 used,  6555960 buff/cache
KiB Swap: 33554428 total, 32355784 free,  1198644 used. 62864632 avail Mem 
--
top - 12:43:47 up 105 days,  4:26,  0 users,  load average: 1.27, 1.02, 0.54
Tasks: 411 total,   1 running, 410 sleeping,   0 stopped,   0 zombie
%Cpu(s):  0.1 us,  0.1 sy,  0.0 ni, 99.7 id,  0.0 wa,  0.0 hi,  0.0 si,  0.0 st
KiB Mem : 65877712 total, 57458740 free,  1863012 used,  6555960 buff/cache
KiB Swap: 33554428 total, 32355804 free,  1198624 used. 62820212 avail Mem 
--
top - 12:43:52 up 105 days,  4:26,  0 users,  load average: 2.93, 1.37, 0.66
Tasks: 411 total,   3 running, 408 sleeping,   0 stopped,   0 zombie
%Cpu(s): 41.5 us,  0.6 sy,  0.0 ni, 57.9 id,  0.0 wa,  0.0 hi,  0.0 si,  0.0 st
KiB Mem : 65877712 total, 57366420 free,  1955332 used,  6555960 buff/cache
KiB Swap: 33554428 total, 32355804 free,  1198624 used. 62727892 avail Mem 
--
top - 12:43:57 up 105 days,  4:26,  0 users,  load average: 2.69, 1.34, 0.65
Tasks: 411 total,   1 running, 410 sleeping,   0 stopped,   0 zombie
%Cpu(s): 16.8 us,  0.1 sy,  0.0 ni, 83.1 id,  0.0 wa,  0.0 hi,  0.0 si,  0.0 st
KiB Mem : 65877712 total, 57448624 free,  1873128 used,  6555960 buff/cache
KiB Swap: 33554428 total, 32355804 free,  1198624 used. 62810096 avail Mem 
--
top - 12:44:02 up 105 days,  4:26,  0 users,  load average: 2.48, 1.32, 0.65
Tasks: 414 total,   1 running, 413 sleeping,   0 stopped,   0 zombie
%Cpu(s):  0.5 us,  0.3 sy,  0.0 ni, 98.9 id,  0.3 wa,  0.0 hi,  0.0 si,  0.0 st
KiB Mem : 65877712 total, 57422168 free,  1899584 used,  6555960 buff/cache
KiB Swap: 33554428 total, 32355804 free,  1198624 used. 62783640 avail Mem 
--
top - 12:44:07 up 105 days,  4:26,  0 users,  load average: 2.28, 1.30, 0.65
Tasks: 414 total,   1 running, 413 sleeping,   0 stopped,   0 zombie
%Cpu(s):  0.1 us,  0.1 sy,  0.0 ni, 99.7 id,  0.0 wa,  0.0 hi,  0.0 si,  0.0 st
KiB Mem : 65877712 total, 57381380 free,  1940372 used,  6555960 buff/cache
KiB Swap: 33554428 total, 32355804 free,  1198624 used. 62742852 avail Mem 
--
top - 12:44:12 up 105 days,  4:26,  0 users,  load average: 2.10, 1.28, 0.64
Tasks: 414 total,   1 running, 413 sleeping,   0 stopped,   0 zombie
%Cpu(s):  0.1 us,  0.1 sy,  0.0 ni, 99.8 id,  0.0 wa,  0.0 hi,  0.0 si,  0.0 st
KiB Mem : 65877712 total, 57326556 free,  1995196 used,  6555960 buff/cache
KiB Swap: 33554428 total, 32355804 free,  1198624 used. 62688028 avail Mem 
--
top - 12:44:17 up 105 days,  4:26,  0 users,  load average: 1.93, 1.26, 0.64
Tasks: 414 total,   1 running, 413 sleeping,   0 stopped,   0 zombie
%Cpu(s): 59.4 us,  1.0 sy,  0.0 ni, 39.6 id,  0.0 wa,  0.0 hi,  0.0 si,  0.0 st
KiB Mem : 65877712 total, 57203676 free,  2118076 used,  6555960 buff/cache
KiB Swap: 33554428 total, 32355804 free,  1198624 used. 62565148 avail Mem 
