Job id: 4753204
Worker ip: 10.149.0.63
Master ip: 10.149.0.56
--
top - 12:40:38 up 105 days,  4:24,  0 users,  load average: 0.00, 0.01, 0.11
Tasks: 400 total,   2 running, 398 sleeping,   0 stopped,   0 zombie
%Cpu(s):  3.6 us,  5.2 sy,  0.0 ni, 88.3 id,  2.5 wa,  0.0 hi,  0.4 si,  0.0 st
KiB Mem : 65877712 total, 54915344 free,  1090588 used,  9871780 buff/cache
KiB Swap: 33554428 total, 32365920 free,  1188508 used. 63585180 avail Mem 
--
top - 12:40:43 up 105 days,  4:24,  0 users,  load average: 0.00, 0.01, 0.11
Tasks: 406 total,   1 running, 405 sleeping,   0 stopped,   0 zombie
%Cpu(s):  1.6 us,  0.5 sy,  0.0 ni, 97.8 id,  0.1 wa,  0.0 hi,  0.0 si,  0.0 st
KiB Mem : 65877712 total, 54887680 free,  1109032 used,  9881000 buff/cache
KiB Swap: 33554428 total, 32365920 free,  1188508 used. 63569968 avail Mem 
--
top - 12:40:48 up 105 days,  4:24,  0 users,  load average: 0.00, 0.01, 0.11
Tasks: 406 total,   1 running, 405 sleeping,   0 stopped,   0 zombie
%Cpu(s):  0.0 us,  0.0 sy,  0.0 ni, 99.9 id,  0.0 wa,  0.0 hi,  0.0 si,  0.0 st
KiB Mem : 65877712 total, 54884992 free,  1114320 used,  9878400 buff/cache
KiB Swap: 33554428 total, 32365920 free,  1188508 used. 63561316 avail Mem 
--
top - 12:40:53 up 105 days,  4:24,  0 users,  load average: 2.49, 0.53, 0.28
Tasks: 406 total,   2 running, 404 sleeping,   0 stopped,   0 zombie
%Cpu(s): 12.9 us,  0.4 sy,  0.0 ni, 86.7 id,  0.0 wa,  0.0 hi,  0.0 si,  0.0 st
KiB Mem : 65877712 total, 54532636 free,  1466676 used,  9878400 buff/cache
KiB Swap: 33554428 total, 32365920 free,  1188508 used. 63208984 avail Mem 
--
top - 12:40:58 up 105 days,  4:24,  0 users,  load average: 2.29, 0.52, 0.28
Tasks: 406 total,   1 running, 405 sleeping,   0 stopped,   0 zombie
%Cpu(s): 44.5 us,  0.2 sy,  0.0 ni, 55.3 id,  0.0 wa,  0.0 hi,  0.0 si,  0.0 st
KiB Mem : 65877712 total, 54525140 free,  1474172 used,  9878400 buff/cache
KiB Swap: 33554428 total, 32365920 free,  1188508 used. 63201548 avail Mem 
--
top - 12:41:03 up 105 days,  4:25,  0 users,  load average: 2.10, 0.51, 0.27
Tasks: 403 total,   1 running, 402 sleeping,   0 stopped,   0 zombie
%Cpu(s):  0.2 us,  0.1 sy,  0.0 ni, 99.7 id,  0.0 wa,  0.0 hi,  0.0 si,  0.0 st
KiB Mem : 65877712 total, 54466496 free,  1532816 used,  9878400 buff/cache
KiB Swap: 33554428 total, 32365920 free,  1188508 used. 63142904 avail Mem 
--
top - 12:41:08 up 105 days,  4:25,  0 users,  load average: 4.34, 1.00, 0.43
Tasks: 403 total,   2 running, 401 sleeping,   0 stopped,   0 zombie
%Cpu(s): 45.5 us,  0.4 sy,  0.0 ni, 54.1 id,  0.0 wa,  0.0 hi,  0.0 si,  0.0 st
KiB Mem : 65877712 total, 54334308 free,  1665004 used,  9878400 buff/cache
KiB Swap: 33554428 total, 32365920 free,  1188508 used. 63010716 avail Mem 
--
top - 12:41:13 up 105 days,  4:25,  0 users,  load average: 3.99, 0.98, 0.43
Tasks: 403 total,   1 running, 402 sleeping,   0 stopped,   0 zombie
%Cpu(s): 17.5 us,  0.1 sy,  0.0 ni, 82.4 id,  0.0 wa,  0.0 hi,  0.0 si,  0.0 st
KiB Mem : 65877712 total, 54404520 free,  1594792 used,  9878400 buff/cache
KiB Swap: 33554428 total, 32365920 free,  1188508 used. 63080920 avail Mem 
--
top - 12:41:18 up 105 days,  4:25,  0 users,  load average: 3.67, 0.97, 0.43
Tasks: 403 total,   1 running, 402 sleeping,   0 stopped,   0 zombie
%Cpu(s):  0.2 us,  0.2 sy,  0.0 ni, 99.6 id,  0.0 wa,  0.0 hi,  0.0 si,  0.0 st
KiB Mem : 65877712 total, 54315904 free,  1683408 used,  9878400 buff/cache
KiB Swap: 33554428 total, 32365920 free,  1188508 used. 62992312 avail Mem 
--
top - 12:41:23 up 105 days,  4:25,  0 users,  load average: 3.38, 0.95, 0.43
Tasks: 403 total,   1 running, 402 sleeping,   0 stopped,   0 zombie
%Cpu(s): 59.0 us,  0.6 sy,  0.0 ni, 40.4 id,  0.0 wa,  0.0 hi,  0.0 si,  0.0 st
KiB Mem : 65877712 total, 54209748 free,  1789564 used,  9878400 buff/cache
KiB Swap: 33554428 total, 32365920 free,  1188508 used. 62886156 avail Mem 
--
top - 12:41:28 up 105 days,  4:25,  0 users,  load average: 3.11, 0.94, 0.42
Tasks: 403 total,   1 running, 402 sleeping,   0 stopped,   0 zombie
%Cpu(s):  0.1 us,  0.1 sy,  0.0 ni, 99.8 id,  0.0 wa,  0.0 hi,  0.0 si,  0.0 st
KiB Mem : 65877712 total, 54260796 free,  1738516 used,  9878400 buff/cache
KiB Swap: 33554428 total, 32365920 free,  1188508 used. 62937204 avail Mem 
--
top - 12:41:33 up 105 days,  4:25,  0 users,  load average: 5.18, 1.40, 0.58
Tasks: 403 total,   1 running, 402 sleeping,   0 stopped,   0 zombie
%Cpu(s): 31.4 us,  0.6 sy,  0.0 ni, 68.0 id,  0.0 wa,  0.0 hi,  0.0 si,  0.0 st
KiB Mem : 65877712 total, 54132176 free,  1867132 used,  9878404 buff/cache
KiB Swap: 33554428 total, 32365920 free,  1188508 used. 62808588 avail Mem 
--
top - 12:41:38 up 105 days,  4:25,  0 users,  load average: 4.77, 1.38, 0.58
Tasks: 403 total,   2 running, 401 sleeping,   0 stopped,   0 zombie
%Cpu(s): 27.8 us,  0.2 sy,  0.0 ni, 72.1 id,  0.0 wa,  0.0 hi,  0.0 si,  0.0 st
KiB Mem : 65877712 total, 54153004 free,  1846304 used,  9878404 buff/cache
KiB Swap: 33554428 total, 32365920 free,  1188508 used. 62829416 avail Mem 
--
top - 12:41:43 up 105 days,  4:25,  0 users,  load average: 4.38, 1.36, 0.57
Tasks: 403 total,   1 running, 402 sleeping,   0 stopped,   0 zombie
%Cpu(s):  0.2 us,  0.1 sy,  0.0 ni, 99.6 id,  0.0 wa,  0.0 hi,  0.0 si,  0.0 st
KiB Mem : 65877712 total, 54080048 free,  1919260 used,  9878404 buff/cache
KiB Swap: 33554428 total, 32365920 free,  1188508 used. 62756460 avail Mem 
--
top - 12:41:48 up 105 days,  4:25,  0 users,  load average: 4.75, 1.48, 0.62
Tasks: 403 total,   1 running, 402 sleeping,   0 stopped,   0 zombie
%Cpu(s): 62.1 us,  0.5 sy,  0.0 ni, 37.4 id,  0.0 wa,  0.0 hi,  0.0 si,  0.0 st
KiB Mem : 65877712 total, 53924620 free,  2074688 used,  9878404 buff/cache
KiB Swap: 33554428 total, 32365940 free,  1188488 used. 62601904 avail Mem 
