Job id: 4753296
Worker ip: 10.149.0.39
Master ip: 10.149.0.54
--
top - 12:54:13 up 105 days,  4:37,  0 users,  load average: 0.34, 0.69, 0.62
Tasks: 400 total,   1 running, 399 sleeping,   0 stopped,   0 zombie
%Cpu(s):  1.1 us,  2.5 sy,  0.0 ni, 96.2 id,  0.0 wa,  0.0 hi,  0.2 si,  0.0 st
KiB Mem : 65877712 total, 61049656 free,  1093884 used,  3734172 buff/cache
KiB Swap: 33554428 total, 32373980 free,  1180448 used. 63660532 avail Mem 
--
top - 12:54:18 up 105 days,  4:37,  0 users,  load average: 0.31, 0.68, 0.61
Tasks: 401 total,   1 running, 400 sleeping,   0 stopped,   0 zombie
%Cpu(s):  1.8 us,  0.5 sy,  0.0 ni, 97.7 id,  0.0 wa,  0.0 hi,  0.0 si,  0.0 st
KiB Mem : 65877712 total, 61031344 free,  1105892 used,  3740476 buff/cache
KiB Swap: 33554428 total, 32373980 free,  1180448 used. 63648524 avail Mem 
--
top - 12:54:23 up 105 days,  4:37,  0 users,  load average: 0.29, 0.67, 0.61
Tasks: 401 total,   1 running, 400 sleeping,   0 stopped,   0 zombie
%Cpu(s):  0.0 us,  0.0 sy,  0.0 ni,100.0 id,  0.0 wa,  0.0 hi,  0.0 si,  0.0 st
KiB Mem : 65877712 total, 61031320 free,  1105580 used,  3740812 buff/cache
KiB Swap: 33554428 total, 32373980 free,  1180448 used. 63648820 avail Mem 
--
top - 12:54:28 up 105 days,  4:37,  0 users,  load average: 0.26, 0.66, 0.61
Tasks: 401 total,   1 running, 400 sleeping,   0 stopped,   0 zombie
%Cpu(s):  0.0 us,  0.0 sy,  0.0 ni,100.0 id,  0.0 wa,  0.0 hi,  0.0 si,  0.0 st
KiB Mem : 65877712 total, 61030824 free,  1106076 used,  3740812 buff/cache
KiB Swap: 33554428 total, 32373980 free,  1180448 used. 63648324 avail Mem 
--
top - 12:54:33 up 105 days,  4:37,  0 users,  load average: 0.24, 0.65, 0.60
Tasks: 401 total,   1 running, 400 sleeping,   0 stopped,   0 zombie
%Cpu(s):  0.0 us,  0.0 sy,  0.0 ni,100.0 id,  0.0 wa,  0.0 hi,  0.0 si,  0.0 st
KiB Mem : 65877712 total, 61030824 free,  1106076 used,  3740812 buff/cache
KiB Swap: 33554428 total, 32373980 free,  1180448 used. 63648324 avail Mem 
--
top - 12:54:38 up 105 days,  4:37,  0 users,  load average: 0.22, 0.64, 0.60
Tasks: 402 total,   1 running, 401 sleeping,   0 stopped,   0 zombie
%Cpu(s):  0.0 us,  0.0 sy,  0.0 ni, 99.9 id,  0.0 wa,  0.0 hi,  0.0 si,  0.0 st
KiB Mem : 65877712 total, 61028280 free,  1108620 used,  3740812 buff/cache
KiB Swap: 33554428 total, 32373980 free,  1180448 used. 63645780 avail Mem 
--
top - 12:54:43 up 105 days,  4:38,  0 users,  load average: 0.20, 0.63, 0.60
Tasks: 402 total,   1 running, 401 sleeping,   0 stopped,   0 zombie
%Cpu(s):  0.0 us,  0.0 sy,  0.0 ni,100.0 id,  0.0 wa,  0.0 hi,  0.0 si,  0.0 st
KiB Mem : 65877712 total, 61028716 free,  1108184 used,  3740812 buff/cache
KiB Swap: 33554428 total, 32373980 free,  1180448 used. 63646216 avail Mem 
--
top - 12:54:48 up 105 days,  4:38,  0 users,  load average: 0.19, 0.62, 0.59
Tasks: 402 total,   1 running, 401 sleeping,   0 stopped,   0 zombie
%Cpu(s):  0.0 us,  0.0 sy,  0.0 ni,100.0 id,  0.0 wa,  0.0 hi,  0.0 si,  0.0 st
KiB Mem : 65877712 total, 61027168 free,  1109732 used,  3740812 buff/cache
KiB Swap: 33554428 total, 32373980 free,  1180448 used. 63644668 avail Mem 
--
top - 12:54:53 up 105 days,  4:38,  0 users,  load average: 0.17, 0.61, 0.59
Tasks: 402 total,   1 running, 401 sleeping,   0 stopped,   0 zombie
%Cpu(s):  0.0 us,  0.0 sy,  0.0 ni, 99.9 id,  0.0 wa,  0.0 hi,  0.0 si,  0.0 st
KiB Mem : 65877712 total, 61023880 free,  1113020 used,  3740812 buff/cache
KiB Swap: 33554428 total, 32373980 free,  1180448 used. 63641380 avail Mem 
--
top - 12:54:58 up 105 days,  4:38,  0 users,  load average: 0.16, 0.60, 0.59
Tasks: 402 total,   1 running, 401 sleeping,   0 stopped,   0 zombie
%Cpu(s):  0.1 us,  0.1 sy,  0.0 ni, 99.9 id,  0.0 wa,  0.0 hi,  0.0 si,  0.0 st
KiB Mem : 65877712 total, 60994408 free,  1142492 used,  3740812 buff/cache
KiB Swap: 33554428 total, 32373980 free,  1180448 used. 63611908 avail Mem 
--
top - 12:55:03 up 105 days,  4:38,  0 users,  load average: 0.15, 0.59, 0.58
Tasks: 402 total,   1 running, 401 sleeping,   0 stopped,   0 zombie
%Cpu(s):  0.1 us,  0.0 sy,  0.0 ni, 99.9 id,  0.0 wa,  0.0 hi,  0.0 si,  0.0 st
KiB Mem : 65877712 total, 60967948 free,  1168952 used,  3740812 buff/cache
KiB Swap: 33554428 total, 32373980 free,  1180448 used. 63585448 avail Mem 
--
top - 12:55:08 up 105 days,  4:38,  0 users,  load average: 0.14, 0.58, 0.58
Tasks: 401 total,   1 running, 400 sleeping,   0 stopped,   0 zombie
%Cpu(s):  0.1 us,  0.0 sy,  0.0 ni, 99.9 id,  0.0 wa,  0.0 hi,  0.0 si,  0.0 st
KiB Mem : 65877712 total, 60950808 free,  1186092 used,  3740812 buff/cache
KiB Swap: 33554428 total, 32373980 free,  1180448 used. 63568308 avail Mem 
--
top - 12:55:13 up 105 days,  4:38,  0 users,  load average: 0.12, 0.57, 0.58
Tasks: 401 total,   1 running, 400 sleeping,   0 stopped,   0 zombie
%Cpu(s):  0.1 us,  0.0 sy,  0.0 ni, 99.9 id,  0.0 wa,  0.0 hi,  0.0 si,  0.0 st
KiB Mem : 65877712 total, 60917504 free,  1219396 used,  3740812 buff/cache
KiB Swap: 33554428 total, 32373980 free,  1180448 used. 63535004 avail Mem 
--
top - 12:55:18 up 105 days,  4:38,  0 users,  load average: 0.11, 0.56, 0.58
Tasks: 401 total,   1 running, 400 sleeping,   0 stopped,   0 zombie
%Cpu(s):  0.1 us,  0.0 sy,  0.0 ni, 99.9 id,  0.0 wa,  0.0 hi,  0.0 si,  0.0 st
KiB Mem : 65877712 total, 60894264 free,  1242636 used,  3740812 buff/cache
KiB Swap: 33554428 total, 32373980 free,  1180448 used. 63511764 avail Mem 
--
top - 12:55:23 up 105 days,  4:38,  0 users,  load average: 2.35, 1.01, 0.72
Tasks: 402 total,   2 running, 400 sleeping,   0 stopped,   0 zombie
%Cpu(s): 42.7 us,  0.4 sy,  0.0 ni, 56.9 id,  0.0 wa,  0.0 hi,  0.0 si,  0.0 st
KiB Mem : 65877712 total, 60560852 free,  1575952 used,  3740908 buff/cache
KiB Swap: 33554428 total, 32373980 free,  1180448 used. 63178360 avail Mem 
--
top - 12:55:28 up 105 days,  4:38,  0 users,  load average: 2.16, 1.00, 0.72
Tasks: 402 total,   1 running, 401 sleeping,   0 stopped,   0 zombie
%Cpu(s): 11.2 us,  0.1 sy,  0.0 ni, 88.7 id,  0.0 wa,  0.0 hi,  0.0 si,  0.0 st
KiB Mem : 65877712 total, 60675464 free,  1461340 used,  3740908 buff/cache
KiB Swap: 33554428 total, 32373980 free,  1180448 used. 63292972 avail Mem 
--
top - 12:55:33 up 105 days,  4:38,  0 users,  load average: 1.99, 0.98, 0.72
Tasks: 402 total,   1 running, 401 sleeping,   0 stopped,   0 zombie
%Cpu(s):  0.0 us,  0.0 sy,  0.0 ni,100.0 id,  0.0 wa,  0.0 hi,  0.0 si,  0.0 st
KiB Mem : 65877712 total, 60675740 free,  1461064 used,  3740908 buff/cache
KiB Swap: 33554428 total, 32373980 free,  1180448 used. 63293248 avail Mem 
--
top - 12:55:38 up 105 days,  4:38,  0 users,  load average: 1.83, 0.96, 0.71
Tasks: 402 total,   1 running, 401 sleeping,   0 stopped,   0 zombie
%Cpu(s):  0.1 us,  0.0 sy,  0.0 ni, 99.9 id,  0.0 wa,  0.0 hi,  0.0 si,  0.0 st
KiB Mem : 65877712 total, 60666348 free,  1470456 used,  3740908 buff/cache
KiB Swap: 33554428 total, 32373980 free,  1180448 used. 63283856 avail Mem 
--
top - 12:55:43 up 105 days,  4:39,  0 users,  load average: 1.68, 0.95, 0.71
Tasks: 402 total,   1 running, 401 sleeping,   0 stopped,   0 zombie
%Cpu(s):  0.1 us,  0.1 sy,  0.0 ni, 99.9 id,  0.0 wa,  0.0 hi,  0.0 si,  0.0 st
KiB Mem : 65877712 total, 60640464 free,  1496340 used,  3740908 buff/cache
KiB Swap: 33554428 total, 32373980 free,  1180448 used. 63257972 avail Mem 
--
top - 12:55:48 up 105 days,  4:39,  0 users,  load average: 1.55, 0.93, 0.70
Tasks: 403 total,   1 running, 402 sleeping,   0 stopped,   0 zombie
%Cpu(s):  0.1 us,  0.1 sy,  0.0 ni, 99.9 id,  0.0 wa,  0.0 hi,  0.0 si,  0.0 st
KiB Mem : 65877712 total, 60602676 free,  1534128 used,  3740908 buff/cache
KiB Swap: 33554428 total, 32373980 free,  1180448 used. 63220184 avail Mem 
--
top - 12:55:53 up 105 days,  4:39,  0 users,  load average: 1.42, 0.92, 0.70
Tasks: 403 total,   1 running, 402 sleeping,   0 stopped,   0 zombie
%Cpu(s):  0.1 us,  0.0 sy,  0.0 ni, 99.9 id,  0.0 wa,  0.0 hi,  0.0 si,  0.0 st
KiB Mem : 65877712 total, 60588484 free,  1548320 used,  3740908 buff/cache
KiB Swap: 33554428 total, 32373980 free,  1180448 used. 63205992 avail Mem 
--
top - 12:55:58 up 105 days,  4:39,  0 users,  load average: 1.31, 0.90, 0.70
Tasks: 403 total,   1 running, 402 sleeping,   0 stopped,   0 zombie
%Cpu(s):  0.1 us,  0.0 sy,  0.0 ni, 99.9 id,  0.0 wa,  0.0 hi,  0.0 si,  0.0 st
KiB Mem : 65877712 total, 60570728 free,  1566076 used,  3740908 buff/cache
KiB Swap: 33554428 total, 32373980 free,  1180448 used. 63188236 avail Mem 
--
top - 12:56:03 up 105 days,  4:39,  0 users,  load average: 2.56, 1.17, 0.78
Tasks: 403 total,   2 running, 401 sleeping,   0 stopped,   0 zombie
%Cpu(s): 24.5 us,  0.4 sy,  0.0 ni, 74.5 id,  0.6 wa,  0.0 hi,  0.0 si,  0.0 st
KiB Mem : 65877712 total, 60497356 free,  1639444 used,  3740912 buff/cache
KiB Swap: 33554428 total, 32373980 free,  1180448 used. 63114868 avail Mem 
--
top - 12:56:08 up 105 days,  4:39,  0 users,  load average: 2.36, 1.15, 0.78
Tasks: 403 total,   1 running, 402 sleeping,   0 stopped,   0 zombie
%Cpu(s): 32.3 us,  0.3 sy,  0.0 ni, 67.5 id,  0.0 wa,  0.0 hi,  0.0 si,  0.0 st
KiB Mem : 65877712 total, 60553556 free,  1583244 used,  3740912 buff/cache
KiB Swap: 33554428 total, 32373980 free,  1180448 used. 63171068 avail Mem 
--
top - 12:56:13 up 105 days,  4:39,  0 users,  load average: 2.17, 1.13, 0.77
Tasks: 403 total,   1 running, 402 sleeping,   0 stopped,   0 zombie
%Cpu(s):  0.0 us,  0.0 sy,  0.0 ni,100.0 id,  0.0 wa,  0.0 hi,  0.0 si,  0.0 st
KiB Mem : 65877712 total, 60553556 free,  1583244 used,  3740912 buff/cache
KiB Swap: 33554428 total, 32373980 free,  1180448 used. 63171068 avail Mem 
--
top - 12:56:18 up 105 days,  4:39,  0 users,  load average: 2.00, 1.11, 0.77
Tasks: 403 total,   1 running, 402 sleeping,   0 stopped,   0 zombie
%Cpu(s):  0.0 us,  0.0 sy,  0.0 ni,100.0 id,  0.0 wa,  0.0 hi,  0.0 si,  0.0 st
KiB Mem : 65877712 total, 60549684 free,  1587116 used,  3740912 buff/cache
KiB Swap: 33554428 total, 32373980 free,  1180448 used. 63167196 avail Mem 
--
top - 12:56:23 up 105 days,  4:39,  0 users,  load average: 1.84, 1.09, 0.77
Tasks: 403 total,   1 running, 402 sleeping,   0 stopped,   0 zombie
%Cpu(s):  0.0 us,  0.0 sy,  0.0 ni, 99.9 id,  0.0 wa,  0.0 hi,  0.0 si,  0.0 st
KiB Mem : 65877712 total, 60538584 free,  1598216 used,  3740912 buff/cache
KiB Swap: 33554428 total, 32373980 free,  1180448 used. 63156096 avail Mem 
--
top - 12:56:28 up 105 days,  4:39,  0 users,  load average: 1.69, 1.07, 0.76
Tasks: 403 total,   1 running, 402 sleeping,   0 stopped,   0 zombie
%Cpu(s):  0.1 us,  0.1 sy,  0.0 ni, 99.9 id,  0.0 wa,  0.0 hi,  0.0 si,  0.0 st
KiB Mem : 65877712 total, 60506020 free,  1630780 used,  3740912 buff/cache
KiB Swap: 33554428 total, 32373980 free,  1180448 used. 63123532 avail Mem 
--
top - 12:56:33 up 105 days,  4:39,  0 users,  load average: 1.55, 1.06, 0.76
Tasks: 403 total,   1 running, 402 sleeping,   0 stopped,   0 zombie
%Cpu(s):  0.1 us,  0.0 sy,  0.0 ni, 99.9 id,  0.0 wa,  0.0 hi,  0.0 si,  0.0 st
KiB Mem : 65877712 total, 60481788 free,  1655012 used,  3740912 buff/cache
KiB Swap: 33554428 total, 32373980 free,  1180448 used. 63099300 avail Mem 
--
top - 12:56:39 up 105 days,  4:39,  0 users,  load average: 1.43, 1.04, 0.75
Tasks: 403 total,   1 running, 402 sleeping,   0 stopped,   0 zombie
%Cpu(s):  0.1 us,  0.1 sy,  0.0 ni, 99.8 id,  0.0 wa,  0.0 hi,  0.0 si,  0.0 st
KiB Mem : 65877712 total, 60451268 free,  1685532 used,  3740912 buff/cache
KiB Swap: 33554428 total, 32373980 free,  1180448 used. 63068780 avail Mem 
--
top - 12:56:44 up 105 days,  4:40,  0 users,  load average: 1.32, 1.02, 0.75
Tasks: 403 total,   1 running, 402 sleeping,   0 stopped,   0 zombie
%Cpu(s):  0.1 us,  0.1 sy,  0.0 ni, 99.9 id,  0.0 wa,  0.0 hi,  0.0 si,  0.0 st
KiB Mem : 65877712 total, 60430644 free,  1706156 used,  3740912 buff/cache
KiB Swap: 33554428 total, 32373980 free,  1180448 used. 63048156 avail Mem 
--
top - 12:56:49 up 105 days,  4:40,  0 users,  load average: 3.45, 1.47, 0.90
Tasks: 403 total,   2 running, 401 sleeping,   0 stopped,   0 zombie
%Cpu(s): 14.9 us,  0.1 sy,  0.0 ni, 84.9 id,  0.0 wa,  0.0 hi,  0.0 si,  0.0 st
KiB Mem : 65877712 total, 60384208 free,  1752592 used,  3740912 buff/cache
KiB Swap: 33554428 total, 32373980 free,  1180448 used. 63001720 avail Mem 
--
top - 12:56:54 up 105 days,  4:40,  0 users,  load average: 3.18, 1.44, 0.89
Tasks: 403 total,   1 running, 402 sleeping,   0 stopped,   0 zombie
%Cpu(s): 39.6 us,  0.2 sy,  0.0 ni, 60.1 id,  0.0 wa,  0.0 hi,  0.0 si,  0.0 st
KiB Mem : 65877712 total, 60428264 free,  1708536 used,  3740912 buff/cache
KiB Swap: 33554428 total, 32373980 free,  1180448 used. 63045776 avail Mem 
--
top - 12:56:59 up 105 days,  4:40,  0 users,  load average: 2.92, 1.42, 0.89
Tasks: 403 total,   1 running, 402 sleeping,   0 stopped,   0 zombie
%Cpu(s):  0.0 us,  0.0 sy,  0.0 ni,100.0 id,  0.0 wa,  0.0 hi,  0.0 si,  0.0 st
KiB Mem : 65877712 total, 60427592 free,  1709208 used,  3740912 buff/cache
KiB Swap: 33554428 total, 32373980 free,  1180448 used. 63045104 avail Mem 
--
top - 12:57:04 up 105 days,  4:40,  0 users,  load average: 2.69, 1.40, 0.88
Tasks: 402 total,   1 running, 401 sleeping,   0 stopped,   0 zombie
%Cpu(s):  0.0 us,  0.0 sy,  0.0 ni,100.0 id,  0.0 wa,  0.0 hi,  0.0 si,  0.0 st
KiB Mem : 65877712 total, 60427864 free,  1708936 used,  3740912 buff/cache
KiB Swap: 33554428 total, 32373980 free,  1180448 used. 63045376 avail Mem 
--
top - 12:57:09 up 105 days,  4:40,  0 users,  load average: 2.47, 1.37, 0.88
Tasks: 402 total,   1 running, 401 sleeping,   0 stopped,   0 zombie
%Cpu(s):  0.1 us,  0.0 sy,  0.0 ni, 99.9 id,  0.0 wa,  0.0 hi,  0.0 si,  0.0 st
KiB Mem : 65877712 total, 60413980 free,  1722820 used,  3740912 buff/cache
KiB Swap: 33554428 total, 32373980 free,  1180448 used. 63031492 avail Mem 
--
top - 12:57:14 up 105 days,  4:40,  0 users,  load average: 2.27, 1.35, 0.87
Tasks: 402 total,   1 running, 401 sleeping,   0 stopped,   0 zombie
%Cpu(s):  0.1 us,  0.0 sy,  0.0 ni, 99.9 id,  0.0 wa,  0.0 hi,  0.0 si,  0.0 st
KiB Mem : 65877712 total, 60392568 free,  1744232 used,  3740912 buff/cache
KiB Swap: 33554428 total, 32373980 free,  1180448 used. 63010080 avail Mem 
--
top - 12:57:19 up 105 days,  4:40,  0 users,  load average: 2.09, 1.33, 0.87
Tasks: 400 total,   1 running, 399 sleeping,   0 stopped,   0 zombie
%Cpu(s):  0.1 us,  0.1 sy,  0.0 ni, 99.8 id,  0.0 wa,  0.0 hi,  0.0 si,  0.0 st
KiB Mem : 65877712 total, 60364980 free,  1771820 used,  3740912 buff/cache
KiB Swap: 33554428 total, 32373980 free,  1180448 used. 62982492 avail Mem 
--
top - 12:57:24 up 105 days,  4:40,  0 users,  load average: 1.92, 1.31, 0.86
Tasks: 400 total,   1 running, 399 sleeping,   0 stopped,   0 zombie
%Cpu(s):  0.1 us,  0.0 sy,  0.0 ni, 99.9 id,  0.0 wa,  0.0 hi,  0.0 si,  0.0 st
KiB Mem : 65877712 total, 60349804 free,  1786996 used,  3740912 buff/cache
KiB Swap: 33554428 total, 32373980 free,  1180448 used. 62967316 avail Mem 
--
top - 12:57:29 up 105 days,  4:40,  0 users,  load average: 1.77, 1.29, 0.86
Tasks: 400 total,   1 running, 399 sleeping,   0 stopped,   0 zombie
%Cpu(s):  0.1 us,  0.1 sy,  0.0 ni, 99.9 id,  0.0 wa,  0.0 hi,  0.0 si,  0.0 st
KiB Mem : 65877712 total, 60324164 free,  1812636 used,  3740912 buff/cache
KiB Swap: 33554428 total, 32373980 free,  1180448 used. 62941676 avail Mem 
--
top - 12:57:34 up 105 days,  4:40,  0 users,  load average: 1.63, 1.26, 0.85
Tasks: 400 total,   1 running, 399 sleeping,   0 stopped,   0 zombie
%Cpu(s):  0.1 us,  0.1 sy,  0.0 ni, 99.9 id,  0.0 wa,  0.0 hi,  0.0 si,  0.0 st
KiB Mem : 65877712 total, 60301096 free,  1835704 used,  3740912 buff/cache
KiB Swap: 33554428 total, 32373980 free,  1180448 used. 62918608 avail Mem 
--
top - 12:57:39 up 105 days,  4:40,  0 users,  load average: 3.50, 1.66, 0.98
Tasks: 400 total,   2 running, 398 sleeping,   0 stopped,   0 zombie
%Cpu(s): 45.3 us,  0.3 sy,  0.0 ni, 54.4 id,  0.0 wa,  0.0 hi,  0.0 si,  0.0 st
KiB Mem : 65877712 total, 60176532 free,  1960264 used,  3740916 buff/cache
KiB Swap: 33554428 total, 32373980 free,  1180448 used. 62794048 avail Mem 
--
top - 12:57:44 up 105 days,  4:41,  0 users,  load average: 3.30, 1.65, 0.98
Tasks: 400 total,   1 running, 399 sleeping,   0 stopped,   0 zombie
%Cpu(s):  8.7 us,  0.1 sy,  0.0 ni, 91.2 id,  0.0 wa,  0.0 hi,  0.0 si,  0.0 st
KiB Mem : 65877712 total, 60310424 free,  1826372 used,  3740916 buff/cache
KiB Swap: 33554428 total, 32373980 free,  1180448 used. 62927940 avail Mem 
--
top - 12:57:49 up 105 days,  4:41,  0 users,  load average: 3.04, 1.62, 0.98
Tasks: 400 total,   1 running, 399 sleeping,   0 stopped,   0 zombie
%Cpu(s):  0.0 us,  0.0 sy,  0.0 ni, 99.9 id,  0.0 wa,  0.0 hi,  0.0 si,  0.0 st
KiB Mem : 65877712 total, 60309824 free,  1826972 used,  3740916 buff/cache
KiB Swap: 33554428 total, 32373980 free,  1180448 used. 62927340 avail Mem 
--
top - 12:57:54 up 105 days,  4:41,  0 users,  load average: 2.79, 1.59, 0.97
Tasks: 400 total,   1 running, 399 sleeping,   0 stopped,   0 zombie
%Cpu(s):  0.0 us,  0.0 sy,  0.0 ni, 99.9 id,  0.0 wa,  0.0 hi,  0.0 si,  0.0 st
KiB Mem : 65877712 total, 60301784 free,  1835012 used,  3740916 buff/cache
KiB Swap: 33554428 total, 32373980 free,  1180448 used. 62919300 avail Mem 
--
top - 12:57:59 up 105 days,  4:41,  0 users,  load average: 2.57, 1.57, 0.97
Tasks: 400 total,   1 running, 399 sleeping,   0 stopped,   0 zombie
%Cpu(s):  0.1 us,  0.0 sy,  0.0 ni, 99.9 id,  0.0 wa,  0.0 hi,  0.0 si,  0.0 st
KiB Mem : 65877712 total, 60279600 free,  1857192 used,  3740920 buff/cache
KiB Swap: 33554428 total, 32373980 free,  1180448 used. 62897120 avail Mem 
--
top - 12:58:04 up 105 days,  4:41,  0 users,  load average: 2.36, 1.54, 0.96
Tasks: 400 total,   1 running, 399 sleeping,   0 stopped,   0 zombie
%Cpu(s):  0.5 us,  0.3 sy,  0.0 ni, 98.6 id,  0.6 wa,  0.0 hi,  0.0 si,  0.0 st
KiB Mem : 65877712 total, 60245660 free,  1891132 used,  3740920 buff/cache
KiB Swap: 33554428 total, 32373980 free,  1180448 used. 62863180 avail Mem 
--
top - 12:58:09 up 105 days,  4:41,  0 users,  load average: 2.17, 1.52, 0.96
Tasks: 400 total,   1 running, 399 sleeping,   0 stopped,   0 zombie
%Cpu(s):  0.1 us,  0.1 sy,  0.0 ni, 99.9 id,  0.0 wa,  0.0 hi,  0.0 si,  0.0 st
KiB Mem : 65877712 total, 60221156 free,  1915636 used,  3740920 buff/cache
KiB Swap: 33554428 total, 32373980 free,  1180448 used. 62838676 avail Mem 
--
top - 12:58:14 up 105 days,  4:41,  0 users,  load average: 2.00, 1.49, 0.95
Tasks: 400 total,   1 running, 399 sleeping,   0 stopped,   0 zombie
%Cpu(s):  0.0 us,  0.1 sy,  0.0 ni, 99.9 id,  0.0 wa,  0.0 hi,  0.0 si,  0.0 st
KiB Mem : 65877712 total, 60200672 free,  1936120 used,  3740920 buff/cache
KiB Swap: 33554428 total, 32373980 free,  1180448 used. 62818192 avail Mem 
--
top - 12:58:19 up 105 days,  4:41,  0 users,  load average: 1.84, 1.46, 0.95
Tasks: 400 total,   1 running, 399 sleeping,   0 stopped,   0 zombie
%Cpu(s):  0.1 us,  0.1 sy,  0.0 ni, 99.8 id,  0.0 wa,  0.0 hi,  0.0 si,  0.0 st
KiB Mem : 65877712 total, 60175636 free,  1961156 used,  3740920 buff/cache
KiB Swap: 33554428 total, 32373980 free,  1180448 used. 62793156 avail Mem 
--
top - 12:58:24 up 105 days,  4:41,  0 users,  load average: 1.69, 1.44, 0.94
Tasks: 400 total,   1 running, 399 sleeping,   0 stopped,   0 zombie
%Cpu(s):  0.0 us,  0.0 sy,  0.0 ni, 99.8 id,  0.1 wa,  0.0 hi,  0.0 si,  0.0 st
KiB Mem : 65877712 total, 60145648 free,  1991144 used,  3740920 buff/cache
KiB Swap: 33554428 total, 32373980 free,  1180448 used. 62763168 avail Mem 
--
top - 12:58:29 up 105 days,  4:41,  0 users,  load average: 1.56, 1.42, 0.94
Tasks: 400 total,   1 running, 399 sleeping,   0 stopped,   0 zombie
%Cpu(s): 56.2 us,  0.3 sy,  0.0 ni, 43.5 id,  0.0 wa,  0.0 hi,  0.0 si,  0.0 st
KiB Mem : 65877712 total, 60099344 free,  2037448 used,  3740920 buff/cache
KiB Swap: 33554428 total, 32373980 free,  1180448 used. 62716864 avail Mem 
--
top - 12:58:34 up 105 days,  4:41,  0 users,  load average: 1.43, 1.39, 0.93
Tasks: 400 total,   1 running, 399 sleeping,   0 stopped,   0 zombie
%Cpu(s):  0.0 us,  0.0 sy,  0.0 ni,100.0 id,  0.0 wa,  0.0 hi,  0.0 si,  0.0 st
KiB Mem : 65877712 total, 60207024 free,  1929768 used,  3740920 buff/cache
KiB Swap: 33554428 total, 32373980 free,  1180448 used. 62824544 avail Mem 
