10.149.0.31
2023/12/27 12:52:08 Master node address: http://10.149.0.56:8000
2023/12/27 12:52:08 Benchmarking worker...
2023/12/27 12:52:10 Worker registered (1865 MCUPS). Waiting for work...
2023/12/27 12:52:34 Got work. Start calculating alignments...
2023/12/27 12:52:34 Calculating 2047 queries
2023/12/27 12:52:38 Done calculating alignments.
2023/12/27 12:52:38 Waiting for work...
2023/12/27 12:52:57 Got work. Start calculating alignments...
2023/12/27 12:52:57 Calculating 2047 queries
2023/12/27 12:53:02 Done calculating alignments.
2023/12/27 12:53:02 Waiting for work...
2023/12/27 12:53:21 Got work. Start calculating alignments...
2023/12/27 12:53:21 Calculating 2047 queries
2023/12/27 12:53:26 Done calculating alignments.
2023/12/27 12:53:26 Waiting for work...
2023/12/27 12:53:45 Got work. Start calculating alignments...
2023/12/27 12:53:45 Calculating 2047 queries
2023/12/27 12:53:50 Done calculating alignments.
2023/12/27 12:53:50 Waiting for work...
2023/12/27 12:54:04 Got work. Start calculating alignments...
2023/12/27 12:54:04 Calculating 2047 queries
2023/12/27 12:54:09 Done calculating alignments.
2023/12/27 12:54:09 Waiting for work...
slurmstepd: error: *** JOB 4753278 ON node031 CANCELLED AT 2023-12-27T12:54:10 ***
