Job id: 4753236
Worker ip: 10.149.0.40
Master ip: 10.149.0.56
--
top - 12:44:21 up 105 days,  4:27,  0 users,  load average: 0.11, 0.24, 0.24
Tasks: 400 total,   1 running, 399 sleeping,   0 stopped,   0 zombie
%Cpu(s):  1.1 us,  2.2 sy,  0.0 ni, 95.5 id,  1.1 wa,  0.0 hi,  0.2 si,  0.0 st
KiB Mem : 65877712 total, 61423568 free,  1041648 used,  3412496 buff/cache
KiB Swap: 33554428 total, 32457460 free,  1096968 used. 63646628 avail Mem 
--
top - 12:44:26 up 105 days,  4:27,  0 users,  load average: 0.34, 0.29, 0.25
Tasks: 410 total,   1 running, 409 sleeping,   0 stopped,   0 zombie
%Cpu(s):  1.8 us,  0.6 sy,  0.0 ni, 97.3 id,  0.2 wa,  0.0 hi,  0.0 si,  0.0 st
KiB Mem : 65877712 total, 61396152 free,  1062396 used,  3419164 buff/cache
KiB Swap: 33554428 total, 32457460 free,  1096968 used. 63625708 avail Mem 
--
top - 12:44:31 up 105 days,  4:27,  0 users,  load average: 0.32, 0.28, 0.25
Tasks: 410 total,   1 running, 409 sleeping,   0 stopped,   0 zombie
%Cpu(s):  0.0 us,  0.0 sy,  0.0 ni,100.0 id,  0.0 wa,  0.0 hi,  0.0 si,  0.0 st
KiB Mem : 65877712 total, 61396904 free,  1061644 used,  3419164 buff/cache
KiB Swap: 33554428 total, 32457460 free,  1096968 used. 63626472 avail Mem 
--
top - 12:44:36 up 105 days,  4:27,  0 users,  load average: 0.29, 0.28, 0.25
Tasks: 410 total,   1 running, 409 sleeping,   0 stopped,   0 zombie
%Cpu(s):  0.0 us,  0.0 sy,  0.0 ni, 99.9 id,  0.0 wa,  0.0 hi,  0.0 si,  0.0 st
KiB Mem : 65877712 total, 61394752 free,  1063796 used,  3419164 buff/cache
KiB Swap: 33554428 total, 32457460 free,  1096968 used. 63624328 avail Mem 
--
top - 12:44:41 up 105 days,  4:27,  0 users,  load average: 0.27, 0.27, 0.25
Tasks: 410 total,   1 running, 409 sleeping,   0 stopped,   0 zombie
%Cpu(s):  0.1 us,  0.0 sy,  0.0 ni, 99.9 id,  0.0 wa,  0.0 hi,  0.0 si,  0.0 st
KiB Mem : 65877712 total, 61367540 free,  1091008 used,  3419164 buff/cache
KiB Swap: 33554428 total, 32457460 free,  1096968 used. 63597116 avail Mem 
--
top - 12:44:46 up 105 days,  4:28,  0 users,  load average: 0.25, 0.27, 0.25
Tasks: 410 total,   1 running, 409 sleeping,   0 stopped,   0 zombie
%Cpu(s):  0.1 us,  0.0 sy,  0.0 ni, 99.9 id,  0.0 wa,  0.0 hi,  0.0 si,  0.0 st
KiB Mem : 65877712 total, 61345640 free,  1112908 used,  3419164 buff/cache
KiB Swap: 33554428 total, 32457460 free,  1096968 used. 63575220 avail Mem 
--
top - 12:44:51 up 105 days,  4:28,  0 users,  load average: 0.23, 0.26, 0.24
Tasks: 410 total,   1 running, 409 sleeping,   0 stopped,   0 zombie
%Cpu(s):  0.1 us,  0.0 sy,  0.0 ni, 99.9 id,  0.0 wa,  0.0 hi,  0.0 si,  0.0 st
KiB Mem : 65877712 total, 61325428 free,  1133120 used,  3419164 buff/cache
KiB Swap: 33554428 total, 32457460 free,  1096968 used. 63555008 avail Mem 
--
top - 12:44:56 up 105 days,  4:28,  0 users,  load average: 0.21, 0.26, 0.24
Tasks: 410 total,   1 running, 409 sleeping,   0 stopped,   0 zombie
%Cpu(s):  0.1 us,  0.0 sy,  0.0 ni, 99.8 id,  0.0 wa,  0.0 hi,  0.0 si,  0.0 st
KiB Mem : 65877712 total, 61299464 free,  1159084 used,  3419164 buff/cache
KiB Swap: 33554428 total, 32457468 free,  1096960 used. 63529048 avail Mem 
--
top - 12:45:01 up 105 days,  4:28,  0 users,  load average: 0.19, 0.25, 0.24
Tasks: 410 total,   1 running, 409 sleeping,   0 stopped,   0 zombie
%Cpu(s):  0.1 us,  0.0 sy,  0.0 ni, 99.9 id,  0.0 wa,  0.0 hi,  0.0 si,  0.0 st
KiB Mem : 65877712 total, 61279180 free,  1179368 used,  3419164 buff/cache
KiB Swap: 33554428 total, 32457468 free,  1096960 used. 63508792 avail Mem 
--
top - 12:45:06 up 105 days,  4:28,  0 users,  load average: 0.18, 0.25, 0.24
Tasks: 410 total,   1 running, 409 sleeping,   0 stopped,   0 zombie
%Cpu(s):  0.1 us,  0.0 sy,  0.0 ni, 99.9 id,  0.0 wa,  0.0 hi,  0.0 si,  0.0 st
KiB Mem : 65877712 total, 61256972 free,  1201576 used,  3419164 buff/cache
KiB Swap: 33554428 total, 32457468 free,  1096960 used. 63486608 avail Mem 
--
top - 12:45:12 up 105 days,  4:28,  0 users,  load average: 0.16, 0.25, 0.24
Tasks: 410 total,   1 running, 409 sleeping,   0 stopped,   0 zombie
%Cpu(s): 56.9 us,  0.4 sy,  0.0 ni, 42.6 id,  0.0 wa,  0.0 hi,  0.0 si,  0.0 st
KiB Mem : 65877712 total, 60879664 free,  1578884 used,  3419164 buff/cache
KiB Swap: 33554428 total, 32457468 free,  1096960 used. 63109328 avail Mem 
--
top - 12:45:17 up 105 days,  4:28,  0 users,  load average: 0.15, 0.24, 0.24
Tasks: 409 total,   1 running, 408 sleeping,   0 stopped,   0 zombie
%Cpu(s):  0.0 us,  0.0 sy,  0.0 ni,100.0 id,  0.0 wa,  0.0 hi,  0.0 si,  0.0 st
KiB Mem : 65877712 total, 61032912 free,  1425632 used,  3419168 buff/cache
KiB Swap: 33554428 total, 32457468 free,  1096960 used. 63262576 avail Mem 
--
top - 12:45:22 up 105 days,  4:28,  0 users,  load average: 0.14, 0.24, 0.24
Tasks: 409 total,   1 running, 408 sleeping,   0 stopped,   0 zombie
%Cpu(s):  0.0 us,  0.0 sy,  0.0 ni, 99.9 id,  0.0 wa,  0.0 hi,  0.0 si,  0.0 st
KiB Mem : 65877712 total, 61035452 free,  1423092 used,  3419168 buff/cache
KiB Swap: 33554428 total, 32457468 free,  1096960 used. 63265116 avail Mem 
--
top - 12:45:27 up 105 days,  4:28,  0 users,  load average: 0.13, 0.23, 0.23
Tasks: 409 total,   1 running, 408 sleeping,   0 stopped,   0 zombie
%Cpu(s):  0.1 us,  0.0 sy,  0.0 ni, 97.2 id,  2.7 wa,  0.0 hi,  0.0 si,  0.0 st
KiB Mem : 65877712 total, 61026608 free,  1431936 used,  3419168 buff/cache
KiB Swap: 33554428 total, 32457468 free,  1096960 used. 63256272 avail Mem 
--
top - 12:45:32 up 105 days,  4:28,  0 users,  load average: 0.68, 0.35, 0.27
Tasks: 411 total,   1 running, 410 sleeping,   0 stopped,   0 zombie
%Cpu(s):  0.0 us,  0.0 sy,  0.0 ni, 90.6 id,  9.3 wa,  0.0 hi,  0.0 si,  0.0 st
KiB Mem : 65877712 total, 61003488 free,  1455056 used,  3419168 buff/cache
KiB Swap: 33554428 total, 32457468 free,  1096960 used. 63233152 avail Mem 
--
top - 12:45:37 up 105 days,  4:28,  0 users,  load average: 1.18, 0.46, 0.31
Tasks: 411 total,   1 running, 410 sleeping,   0 stopped,   0 zombie
%Cpu(s):  0.1 us,  0.1 sy,  0.0 ni, 93.8 id,  6.0 wa,  0.0 hi,  0.0 si,  0.0 st
KiB Mem : 65877712 total, 60978384 free,  1480160 used,  3419168 buff/cache
KiB Swap: 33554428 total, 32457468 free,  1096960 used. 63208048 avail Mem 
--
top - 12:45:42 up 105 days,  4:28,  0 users,  load average: 1.09, 0.45, 0.31
Tasks: 411 total,   1 running, 410 sleeping,   0 stopped,   0 zombie
%Cpu(s):  0.1 us,  0.0 sy,  0.0 ni, 99.9 id,  0.0 wa,  0.0 hi,  0.0 si,  0.0 st
KiB Mem : 65877712 total, 60955752 free,  1502792 used,  3419168 buff/cache
KiB Swap: 33554428 total, 32457468 free,  1096960 used. 63185420 avail Mem 
--
top - 12:45:47 up 105 days,  4:29,  0 users,  load average: 1.00, 0.44, 0.30
Tasks: 411 total,   1 running, 410 sleeping,   0 stopped,   0 zombie
%Cpu(s):  0.1 us,  0.0 sy,  0.0 ni, 99.9 id,  0.0 wa,  0.0 hi,  0.0 si,  0.0 st
KiB Mem : 65877712 total, 60929696 free,  1528848 used,  3419168 buff/cache
KiB Swap: 33554428 total, 32457468 free,  1096960 used. 63159364 avail Mem 
--
top - 12:45:52 up 105 days,  4:29,  0 users,  load average: 0.92, 0.43, 0.30
Tasks: 411 total,   2 running, 409 sleeping,   0 stopped,   0 zombie
%Cpu(s):  0.1 us,  0.1 sy,  0.0 ni, 99.8 id,  0.0 wa,  0.0 hi,  0.0 si,  0.0 st
KiB Mem : 65877712 total, 60909092 free,  1549452 used,  3419168 buff/cache
KiB Swap: 33554428 total, 32457468 free,  1096960 used. 63138760 avail Mem 
--
top - 12:45:57 up 105 days,  4:29,  0 users,  load average: 0.85, 0.43, 0.30
Tasks: 411 total,   1 running, 410 sleeping,   0 stopped,   0 zombie
%Cpu(s): 58.3 us,  0.5 sy,  0.0 ni, 41.2 id,  0.0 wa,  0.0 hi,  0.0 si,  0.0 st
KiB Mem : 65877712 total, 60766792 free,  1691752 used,  3419168 buff/cache
KiB Swap: 33554428 total, 32457468 free,  1096960 used. 62996460 avail Mem 
--
top - 12:46:02 up 105 days,  4:29,  0 users,  load average: 0.78, 0.42, 0.30
Tasks: 411 total,   1 running, 410 sleeping,   0 stopped,   0 zombie
%Cpu(s):  0.4 us,  0.2 sy,  0.0 ni, 98.8 id,  0.6 wa,  0.0 hi,  0.0 si,  0.0 st
KiB Mem : 65877712 total, 60892020 free,  1566676 used,  3419016 buff/cache
KiB Swap: 33554428 total, 32457468 free,  1096960 used. 63121612 avail Mem 
--
top - 12:46:07 up 105 days,  4:29,  0 users,  load average: 0.72, 0.41, 0.30
Tasks: 411 total,   1 running, 410 sleeping,   0 stopped,   0 zombie
%Cpu(s):  0.0 us,  0.0 sy,  0.0 ni,100.0 id,  0.0 wa,  0.0 hi,  0.0 si,  0.0 st
KiB Mem : 65877712 total, 60894068 free,  1564628 used,  3419016 buff/cache
KiB Swap: 33554428 total, 32457468 free,  1096960 used. 63123660 avail Mem 
--
top - 12:46:12 up 105 days,  4:29,  0 users,  load average: 0.66, 0.41, 0.30
Tasks: 411 total,   1 running, 410 sleeping,   0 stopped,   0 zombie
%Cpu(s):  0.1 us,  0.1 sy,  0.0 ni, 99.9 id,  0.0 wa,  0.0 hi,  0.0 si,  0.0 st
KiB Mem : 65877712 total, 60875072 free,  1583620 used,  3419020 buff/cache
KiB Swap: 33554428 total, 32457468 free,  1096960 used. 63104664 avail Mem 
--
top - 12:46:17 up 105 days,  4:29,  0 users,  load average: 0.56, 0.39, 0.29
Tasks: 411 total,   1 running, 410 sleeping,   0 stopped,   0 zombie
%Cpu(s):  0.1 us,  0.1 sy,  0.0 ni, 99.8 id,  0.0 wa,  0.0 hi,  0.0 si,  0.0 st
KiB Mem : 65877712 total, 60849260 free,  1609432 used,  3419020 buff/cache
KiB Swap: 33554428 total, 32457468 free,  1096960 used. 63078852 avail Mem 
--
top - 12:46:22 up 105 days,  4:29,  0 users,  load average: 0.51, 0.39, 0.29
Tasks: 411 total,   1 running, 410 sleeping,   0 stopped,   0 zombie
%Cpu(s):  0.1 us,  0.1 sy,  0.0 ni, 99.9 id,  0.0 wa,  0.0 hi,  0.0 si,  0.0 st
KiB Mem : 65877712 total, 60826280 free,  1632412 used,  3419020 buff/cache
KiB Swap: 33554428 total, 32457468 free,  1096960 used. 63055872 avail Mem 
--
top - 12:46:27 up 105 days,  4:29,  0 users,  load average: 0.47, 0.38, 0.29
Tasks: 411 total,   1 running, 410 sleeping,   0 stopped,   0 zombie
%Cpu(s):  0.1 us,  0.0 sy,  0.0 ni, 99.9 id,  0.0 wa,  0.0 hi,  0.0 si,  0.0 st
KiB Mem : 65877712 total, 60804836 free,  1653856 used,  3419020 buff/cache
KiB Swap: 33554428 total, 32457468 free,  1096960 used. 63034428 avail Mem 
--
top - 12:46:32 up 105 days,  4:29,  0 users,  load average: 0.43, 0.37, 0.29
Tasks: 411 total,   1 running, 410 sleeping,   0 stopped,   0 zombie
%Cpu(s):  0.1 us,  0.1 sy,  0.0 ni, 99.9 id,  0.0 wa,  0.0 hi,  0.0 si,  0.0 st
KiB Mem : 65877712 total, 60782936 free,  1675756 used,  3419020 buff/cache
KiB Swap: 33554428 total, 32457468 free,  1096960 used. 63012528 avail Mem 
--
top - 12:46:37 up 105 days,  4:29,  0 users,  load average: 0.40, 0.37, 0.29
Tasks: 411 total,   1 running, 410 sleeping,   0 stopped,   0 zombie
%Cpu(s):  0.1 us,  0.1 sy,  0.0 ni, 99.9 id,  0.0 wa,  0.0 hi,  0.0 si,  0.0 st
KiB Mem : 65877712 total, 60754084 free,  1704608 used,  3419020 buff/cache
KiB Swap: 33554428 total, 32457468 free,  1096960 used. 62983676 avail Mem 
--
top - 12:46:42 up 105 days,  4:29,  0 users,  load average: 2.45, 0.79, 0.43
Tasks: 411 total,   1 running, 410 sleeping,   0 stopped,   0 zombie
%Cpu(s): 52.0 us,  0.6 sy,  0.0 ni, 47.4 id,  0.0 wa,  0.0 hi,  0.0 si,  0.0 st
KiB Mem : 65877712 total, 60650144 free,  1808548 used,  3419020 buff/cache
KiB Swap: 33554428 total, 32457468 free,  1096960 used. 62879740 avail Mem 
--
top - 12:46:47 up 105 days,  4:30,  0 users,  load average: 2.25, 0.78, 0.42
Tasks: 411 total,   1 running, 410 sleeping,   0 stopped,   0 zombie
%Cpu(s):  5.7 us,  0.1 sy,  0.0 ni, 94.3 id,  0.0 wa,  0.0 hi,  0.0 si,  0.0 st
KiB Mem : 65877712 total, 60792124 free,  1666568 used,  3419020 buff/cache
KiB Swap: 33554428 total, 32457468 free,  1096960 used. 63021720 avail Mem 
--
top - 12:46:52 up 105 days,  4:30,  0 users,  load average: 2.07, 0.77, 0.42
Tasks: 411 total,   1 running, 410 sleeping,   0 stopped,   0 zombie
%Cpu(s):  0.0 us,  0.0 sy,  0.0 ni, 99.9 id,  0.0 wa,  0.0 hi,  0.0 si,  0.0 st
KiB Mem : 65877712 total, 60796344 free,  1662348 used,  3419020 buff/cache
KiB Swap: 33554428 total, 32457468 free,  1096960 used. 63025940 avail Mem 
--
top - 12:46:57 up 105 days,  4:30,  0 users,  load average: 1.91, 0.75, 0.42
Tasks: 411 total,   1 running, 410 sleeping,   0 stopped,   0 zombie
%Cpu(s):  0.0 us,  0.0 sy,  0.0 ni, 99.9 id,  0.0 wa,  0.0 hi,  0.0 si,  0.0 st
KiB Mem : 65877712 total, 60785232 free,  1673460 used,  3419020 buff/cache
KiB Swap: 33554428 total, 32457468 free,  1096960 used. 63014828 avail Mem 
--
top - 12:47:02 up 105 days,  4:30,  0 users,  load average: 1.75, 0.74, 0.42
Tasks: 408 total,   1 running, 407 sleeping,   0 stopped,   0 zombie
%Cpu(s):  0.1 us,  0.1 sy,  0.0 ni, 99.8 id,  0.1 wa,  0.0 hi,  0.0 si,  0.0 st
KiB Mem : 65877712 total, 60758280 free,  1700444 used,  3418988 buff/cache
KiB Swap: 33554428 total, 32457468 free,  1096960 used. 62987860 avail Mem 
--
top - 12:47:07 up 105 days,  4:30,  0 users,  load average: 1.61, 0.73, 0.41
Tasks: 408 total,   1 running, 407 sleeping,   0 stopped,   0 zombie
%Cpu(s):  0.1 us,  0.1 sy,  0.0 ni, 99.9 id,  0.0 wa,  0.0 hi,  0.0 si,  0.0 st
KiB Mem : 65877712 total, 60735848 free,  1722872 used,  3418992 buff/cache
KiB Swap: 33554428 total, 32457468 free,  1096960 used. 62965432 avail Mem 
--
top - 12:47:12 up 105 days,  4:30,  0 users,  load average: 1.48, 0.72, 0.41
Tasks: 408 total,   1 running, 407 sleeping,   0 stopped,   0 zombie
%Cpu(s):  0.1 us,  0.0 sy,  0.0 ni, 99.9 id,  0.0 wa,  0.0 hi,  0.0 si,  0.0 st
KiB Mem : 65877712 total, 60712420 free,  1746300 used,  3418992 buff/cache
KiB Swap: 33554428 total, 32457468 free,  1096960 used. 62942004 avail Mem 
--
top - 12:47:17 up 105 days,  4:30,  0 users,  load average: 1.37, 0.70, 0.41
Tasks: 408 total,   1 running, 407 sleeping,   0 stopped,   0 zombie
%Cpu(s):  0.1 us,  0.1 sy,  0.0 ni, 99.9 id,  0.0 wa,  0.0 hi,  0.0 si,  0.0 st
KiB Mem : 65877712 total, 60692200 free,  1766520 used,  3418992 buff/cache
KiB Swap: 33554428 total, 32457468 free,  1096960 used. 62921784 avail Mem 
--
top - 12:47:22 up 105 days,  4:30,  0 users,  load average: 3.50, 1.16, 0.56
Tasks: 408 total,   2 running, 406 sleeping,   0 stopped,   0 zombie
%Cpu(s): 20.7 us,  0.3 sy,  0.0 ni, 79.0 id,  0.0 wa,  0.0 hi,  0.0 si,  0.0 st
KiB Mem : 65877712 total, 60620172 free,  1838548 used,  3418992 buff/cache
KiB Swap: 33554428 total, 32457468 free,  1096960 used. 62849756 avail Mem 
--
top - 12:47:27 up 105 days,  4:30,  0 users,  load average: 3.22, 1.14, 0.55
Tasks: 408 total,   1 running, 407 sleeping,   0 stopped,   0 zombie
%Cpu(s): 36.6 us,  0.2 sy,  0.0 ni, 63.2 id,  0.0 wa,  0.0 hi,  0.0 si,  0.0 st
KiB Mem : 65877712 total, 60539768 free,  1918952 used,  3418992 buff/cache
KiB Swap: 33554428 total, 32457468 free,  1096960 used. 62769352 avail Mem 
--
top - 12:47:32 up 105 days,  4:30,  0 users,  load average: 2.96, 1.12, 0.55
Tasks: 408 total,   1 running, 407 sleeping,   0 stopped,   0 zombie
%Cpu(s):  0.0 us,  0.0 sy,  0.0 ni, 99.9 id,  0.0 wa,  0.0 hi,  0.0 si,  0.0 st
KiB Mem : 65877712 total, 60668852 free,  1789868 used,  3418992 buff/cache
KiB Swap: 33554428 total, 32457468 free,  1096960 used. 62898436 avail Mem 
--
top - 12:47:37 up 105 days,  4:30,  0 users,  load average: 2.72, 1.10, 0.55
Tasks: 408 total,   1 running, 407 sleeping,   0 stopped,   0 zombie
%Cpu(s):  0.0 us,  0.0 sy,  0.0 ni,100.0 id,  0.0 wa,  0.0 hi,  0.0 si,  0.0 st
KiB Mem : 65877712 total, 60669920 free,  1788800 used,  3418992 buff/cache
KiB Swap: 33554428 total, 32457468 free,  1096960 used. 62899504 avail Mem 
--
top - 12:47:42 up 105 days,  4:30,  0 users,  load average: 2.50, 1.08, 0.55
Tasks: 408 total,   1 running, 407 sleeping,   0 stopped,   0 zombie
%Cpu(s):  0.1 us,  0.1 sy,  0.0 ni, 99.9 id,  0.0 wa,  0.0 hi,  0.0 si,  0.0 st
KiB Mem : 65877712 total, 60646688 free,  1812032 used,  3418992 buff/cache
KiB Swap: 33554428 total, 32457468 free,  1096960 used. 62876272 avail Mem 
--
top - 12:47:47 up 105 days,  4:31,  0 users,  load average: 2.30, 1.07, 0.54
Tasks: 408 total,   1 running, 407 sleeping,   0 stopped,   0 zombie
%Cpu(s):  0.1 us,  0.1 sy,  0.0 ni, 99.8 id,  0.0 wa,  0.0 hi,  0.0 si,  0.0 st
KiB Mem : 65877712 total, 60621152 free,  1837568 used,  3418992 buff/cache
KiB Swap: 33554428 total, 32457468 free,  1096960 used. 62850736 avail Mem 
--
top - 12:47:52 up 105 days,  4:31,  0 users,  load average: 2.20, 1.06, 0.54
Tasks: 408 total,   1 running, 407 sleeping,   0 stopped,   0 zombie
%Cpu(s):  0.1 us,  0.1 sy,  0.0 ni, 99.8 id,  0.0 wa,  0.0 hi,  0.0 si,  0.0 st
KiB Mem : 65877712 total, 60595360 free,  1863360 used,  3418992 buff/cache
KiB Swap: 33554428 total, 32457468 free,  1096960 used. 62824944 avail Mem 
--
top - 12:47:57 up 105 days,  4:31,  0 users,  load average: 2.02, 1.05, 0.54
Tasks: 408 total,   2 running, 406 sleeping,   0 stopped,   0 zombie
%Cpu(s):  0.1 us,  0.1 sy,  0.0 ni, 99.9 id,  0.0 wa,  0.0 hi,  0.0 si,  0.0 st
KiB Mem : 65877712 total, 60572968 free,  1885748 used,  3418996 buff/cache
KiB Swap: 33554428 total, 32457468 free,  1096960 used. 62802552 avail Mem 
--
top - 12:48:02 up 105 days,  4:31,  0 users,  load average: 1.86, 1.03, 0.54
Tasks: 408 total,   1 running, 407 sleeping,   0 stopped,   0 zombie
%Cpu(s):  0.5 us,  0.2 sy,  0.0 ni, 98.7 id,  0.6 wa,  0.0 hi,  0.0 si,  0.0 st
KiB Mem : 65877712 total, 60536104 free,  1922612 used,  3418996 buff/cache
KiB Swap: 33554428 total, 32457468 free,  1096960 used. 62765692 avail Mem 
--
top - 12:48:07 up 105 days,  4:31,  0 users,  load average: 1.71, 1.01, 0.54
Tasks: 408 total,   1 running, 407 sleeping,   0 stopped,   0 zombie
%Cpu(s): 56.9 us,  0.3 sy,  0.0 ni, 42.7 id,  0.0 wa,  0.0 hi,  0.0 si,  0.0 st
KiB Mem : 65877712 total, 60442600 free,  2016116 used,  3418996 buff/cache
KiB Swap: 33554428 total, 32457468 free,  1096960 used. 62672188 avail Mem 
