Job id: 4753233
Worker ip: 10.149.0.37
Master ip: 10.149.0.56
--
top - 12:44:21 up 105 days,  4:29,  0 users,  load average: 0.00, 0.07, 0.12
Tasks: 399 total,   2 running, 397 sleeping,   0 stopped,   0 zombie
%Cpu(s):  1.1 us,  2.0 sy,  0.0 ni, 96.2 id,  0.7 wa,  0.0 hi,  0.0 si,  0.0 st
KiB Mem : 65877712 total, 55799364 free,  1057524 used,  9020824 buff/cache
KiB Swap: 33554428 total, 32470608 free,  1083820 used. 63608064 avail Mem 
--
top - 12:44:26 up 105 days,  4:29,  0 users,  load average: 0.08, 0.08, 0.13
Tasks: 406 total,   1 running, 405 sleeping,   0 stopped,   0 zombie
%Cpu(s):  1.7 us,  0.6 sy,  0.0 ni, 97.4 id,  0.2 wa,  0.0 hi,  0.0 si,  0.0 st
KiB Mem : 65877712 total, 55775100 free,  1075056 used,  9027556 buff/cache
KiB Swap: 33554428 total, 32470608 free,  1083820 used. 63590372 avail Mem 
--
top - 12:44:31 up 105 days,  4:29,  0 users,  load average: 0.08, 0.08, 0.13
Tasks: 406 total,   1 running, 405 sleeping,   0 stopped,   0 zombie
%Cpu(s):  0.0 us,  0.0 sy,  0.0 ni,100.0 id,  0.0 wa,  0.0 hi,  0.0 si,  0.0 st
KiB Mem : 65877712 total, 55776076 free,  1074080 used,  9027556 buff/cache
KiB Swap: 33554428 total, 32470608 free,  1083820 used. 63591364 avail Mem 
--
top - 12:44:36 up 105 days,  4:29,  0 users,  load average: 0.07, 0.08, 0.13
Tasks: 406 total,   1 running, 405 sleeping,   0 stopped,   0 zombie
%Cpu(s):  0.0 us,  0.0 sy,  0.0 ni, 99.9 id,  0.0 wa,  0.0 hi,  0.0 si,  0.0 st
KiB Mem : 65877712 total, 55770980 free,  1079176 used,  9027556 buff/cache
KiB Swap: 33554428 total, 32470608 free,  1083820 used. 63586276 avail Mem 
--
top - 12:44:41 up 105 days,  4:29,  0 users,  load average: 0.06, 0.08, 0.13
Tasks: 406 total,   1 running, 405 sleeping,   0 stopped,   0 zombie
%Cpu(s):  0.1 us,  0.0 sy,  0.0 ni, 99.9 id,  0.0 wa,  0.0 hi,  0.0 si,  0.0 st
KiB Mem : 65877712 total, 55746324 free,  1103832 used,  9027556 buff/cache
KiB Swap: 33554428 total, 32470608 free,  1083820 used. 63561620 avail Mem 
--
top - 12:44:46 up 105 days,  4:29,  0 users,  load average: 0.06, 0.08, 0.13
Tasks: 408 total,   1 running, 407 sleeping,   0 stopped,   0 zombie
%Cpu(s):  0.1 us,  0.0 sy,  0.0 ni, 99.8 id,  0.0 wa,  0.0 hi,  0.0 si,  0.0 st
KiB Mem : 65877712 total, 55718900 free,  1131256 used,  9027556 buff/cache
KiB Swap: 33554428 total, 32470608 free,  1083820 used. 63534196 avail Mem 
--
top - 12:44:51 up 105 days,  4:29,  0 users,  load average: 0.05, 0.07, 0.13
Tasks: 408 total,   1 running, 407 sleeping,   0 stopped,   0 zombie
%Cpu(s):  0.1 us,  0.0 sy,  0.0 ni, 99.9 id,  0.0 wa,  0.0 hi,  0.0 si,  0.0 st
KiB Mem : 65877712 total, 55696428 free,  1153728 used,  9027556 buff/cache
KiB Swap: 33554428 total, 32470608 free,  1083820 used. 63511724 avail Mem 
--
top - 12:44:56 up 105 days,  4:29,  0 users,  load average: 0.05, 0.07, 0.13
Tasks: 408 total,   1 running, 407 sleeping,   0 stopped,   0 zombie
%Cpu(s):  0.1 us,  0.1 sy,  0.0 ni, 99.9 id,  0.0 wa,  0.0 hi,  0.0 si,  0.0 st
KiB Mem : 65877712 total, 55665560 free,  1184596 used,  9027556 buff/cache
KiB Swap: 33554428 total, 32470608 free,  1083820 used. 63480856 avail Mem 
--
top - 12:45:01 up 105 days,  4:29,  0 users,  load average: 0.05, 0.07, 0.12
Tasks: 408 total,   1 running, 407 sleeping,   0 stopped,   0 zombie
%Cpu(s):  0.1 us,  0.0 sy,  0.0 ni, 99.9 id,  0.0 wa,  0.0 hi,  0.0 si,  0.0 st
KiB Mem : 65877712 total, 55639072 free,  1211084 used,  9027556 buff/cache
KiB Swap: 33554428 total, 32470624 free,  1083804 used. 63454376 avail Mem 
--
top - 12:45:06 up 105 days,  4:29,  0 users,  load average: 0.04, 0.07, 0.12
Tasks: 408 total,   1 running, 407 sleeping,   0 stopped,   0 zombie
%Cpu(s):  0.1 us,  0.0 sy,  0.0 ni, 99.9 id,  0.0 wa,  0.0 hi,  0.0 si,  0.0 st
KiB Mem : 65877712 total, 55626936 free,  1223220 used,  9027556 buff/cache
KiB Swap: 33554428 total, 32470624 free,  1083804 used. 63442240 avail Mem 
--
top - 12:45:11 up 105 days,  4:30,  0 users,  load average: 0.04, 0.07, 0.12
Tasks: 408 total,   1 running, 407 sleeping,   0 stopped,   0 zombie
%Cpu(s): 51.1 us,  0.4 sy,  0.0 ni, 48.5 id,  0.0 wa,  0.0 hi,  0.0 si,  0.0 st
KiB Mem : 65877712 total, 55249504 free,  1600652 used,  9027556 buff/cache
KiB Swap: 33554428 total, 32470624 free,  1083804 used. 63064840 avail Mem 
--
top - 12:45:16 up 105 days,  4:30,  0 users,  load average: 0.04, 0.07, 0.12
Tasks: 408 total,   1 running, 407 sleeping,   0 stopped,   0 zombie
%Cpu(s):  6.8 us,  0.0 sy,  0.0 ni, 93.1 id,  0.0 wa,  0.0 hi,  0.0 si,  0.0 st
KiB Mem : 65877712 total, 55261984 free,  1588168 used,  9027560 buff/cache
KiB Swap: 33554428 total, 32470624 free,  1083804 used. 63077324 avail Mem 
--
top - 12:45:21 up 105 days,  4:30,  0 users,  load average: 0.03, 0.07, 0.12
Tasks: 407 total,   1 running, 406 sleeping,   0 stopped,   0 zombie
%Cpu(s):  0.0 us,  0.0 sy,  0.0 ni, 99.9 id,  0.0 wa,  0.0 hi,  0.0 si,  0.0 st
KiB Mem : 65877712 total, 55383724 free,  1466428 used,  9027560 buff/cache
KiB Swap: 33554428 total, 32470624 free,  1083804 used. 63199064 avail Mem 
--
top - 12:45:27 up 105 days,  4:30,  0 users,  load average: 0.03, 0.07, 0.12
Tasks: 407 total,   1 running, 406 sleeping,   0 stopped,   0 zombie
%Cpu(s):  0.0 us,  0.0 sy,  0.0 ni, 99.9 id,  0.0 wa,  0.0 hi,  0.0 si,  0.0 st
KiB Mem : 65877712 total, 55373940 free,  1476212 used,  9027560 buff/cache
KiB Swap: 33554428 total, 32470624 free,  1083804 used. 63189280 avail Mem 
--
top - 12:45:32 up 105 days,  4:30,  0 users,  load average: 0.03, 0.07, 0.12
Tasks: 407 total,   1 running, 406 sleeping,   0 stopped,   0 zombie
%Cpu(s):  0.0 us,  0.0 sy,  0.0 ni, 99.9 id,  0.0 wa,  0.0 hi,  0.0 si,  0.0 st
KiB Mem : 65877712 total, 55349496 free,  1500656 used,  9027560 buff/cache
KiB Swap: 33554428 total, 32470624 free,  1083804 used. 63164836 avail Mem 
--
top - 12:45:37 up 105 days,  4:30,  0 users,  load average: 0.03, 0.07, 0.12
Tasks: 407 total,   1 running, 406 sleeping,   0 stopped,   0 zombie
%Cpu(s):  0.1 us,  0.0 sy,  0.0 ni, 99.9 id,  0.0 wa,  0.0 hi,  0.0 si,  0.0 st
KiB Mem : 65877712 total, 55328284 free,  1521868 used,  9027560 buff/cache
KiB Swap: 33554428 total, 32470624 free,  1083804 used. 63143624 avail Mem 
--
top - 12:45:42 up 105 days,  4:30,  0 users,  load average: 0.02, 0.06, 0.12
Tasks: 407 total,   1 running, 406 sleeping,   0 stopped,   0 zombie
%Cpu(s):  0.1 us,  0.1 sy,  0.0 ni, 99.9 id,  0.0 wa,  0.0 hi,  0.0 si,  0.0 st
KiB Mem : 65877712 total, 55300992 free,  1549160 used,  9027560 buff/cache
KiB Swap: 33554428 total, 32470624 free,  1083804 used. 63116332 avail Mem 
--
top - 12:45:47 up 105 days,  4:30,  0 users,  load average: 0.02, 0.06, 0.12
Tasks: 407 total,   1 running, 406 sleeping,   0 stopped,   0 zombie
%Cpu(s):  0.1 us,  0.0 sy,  0.0 ni, 99.9 id,  0.0 wa,  0.0 hi,  0.0 si,  0.0 st
KiB Mem : 65877712 total, 55273600 free,  1576552 used,  9027560 buff/cache
KiB Swap: 33554428 total, 32470624 free,  1083804 used. 63088940 avail Mem 
--
top - 12:45:52 up 105 days,  4:30,  0 users,  load average: 0.02, 0.06, 0.12
Tasks: 408 total,   1 running, 407 sleeping,   0 stopped,   0 zombie
%Cpu(s):  0.1 us,  0.1 sy,  0.0 ni, 99.9 id,  0.0 wa,  0.0 hi,  0.0 si,  0.0 st
KiB Mem : 65877712 total, 55248260 free,  1601892 used,  9027560 buff/cache
KiB Swap: 33554428 total, 32470624 free,  1083804 used. 63063600 avail Mem 
--
top - 12:45:57 up 105 days,  4:30,  0 users,  load average: 0.02, 0.06, 0.12
Tasks: 408 total,   1 running, 407 sleeping,   0 stopped,   0 zombie
%Cpu(s): 57.8 us,  0.5 sy,  0.0 ni, 41.7 id,  0.0 wa,  0.0 hi,  0.0 si,  0.0 st
KiB Mem : 65877712 total, 55135988 free,  1714164 used,  9027560 buff/cache
KiB Swap: 33554428 total, 32470624 free,  1083804 used. 62951328 avail Mem 
--
top - 12:46:02 up 105 days,  4:30,  0 users,  load average: 0.02, 0.06, 0.12
Tasks: 408 total,   1 running, 407 sleeping,   0 stopped,   0 zombie
%Cpu(s):  0.4 us,  0.2 sy,  0.0 ni, 98.7 id,  0.6 wa,  0.0 hi,  0.0 si,  0.0 st
KiB Mem : 65877712 total, 55262160 free,  1587992 used,  9027560 buff/cache
KiB Swap: 33554428 total, 32470624 free,  1083804 used. 63077500 avail Mem 
--
top - 12:46:07 up 105 days,  4:30,  0 users,  load average: 0.02, 0.06, 0.12
Tasks: 408 total,   1 running, 407 sleeping,   0 stopped,   0 zombie
%Cpu(s):  0.0 us,  0.0 sy,  0.0 ni,100.0 id,  0.0 wa,  0.0 hi,  0.0 si,  0.0 st
KiB Mem : 65877712 total, 55262920 free,  1587232 used,  9027560 buff/cache
KiB Swap: 33554428 total, 32470624 free,  1083804 used. 63078260 avail Mem 
--
top - 12:46:12 up 105 days,  4:31,  0 users,  load average: 0.01, 0.06, 0.12
Tasks: 408 total,   1 running, 407 sleeping,   0 stopped,   0 zombie
%Cpu(s):  0.1 us,  0.0 sy,  0.0 ni, 99.9 id,  0.0 wa,  0.0 hi,  0.0 si,  0.0 st
KiB Mem : 65877712 total, 55246480 free,  1603668 used,  9027564 buff/cache
KiB Swap: 33554428 total, 32470624 free,  1083804 used. 63061820 avail Mem 
--
top - 12:46:17 up 105 days,  4:31,  0 users,  load average: 0.01, 0.06, 0.12
Tasks: 408 total,   1 running, 407 sleeping,   0 stopped,   0 zombie
%Cpu(s):  0.1 us,  0.1 sy,  0.0 ni, 99.9 id,  0.0 wa,  0.0 hi,  0.0 si,  0.0 st
KiB Mem : 65877712 total, 55220832 free,  1629316 used,  9027564 buff/cache
KiB Swap: 33554428 total, 32470624 free,  1083804 used. 63036176 avail Mem 
--
top - 12:46:22 up 105 days,  4:31,  0 users,  load average: 0.01, 0.06, 0.12
Tasks: 408 total,   1 running, 407 sleeping,   0 stopped,   0 zombie
%Cpu(s):  0.1 us,  0.1 sy,  0.0 ni, 99.8 id,  0.0 wa,  0.0 hi,  0.0 si,  0.0 st
KiB Mem : 65877712 total, 55196368 free,  1653780 used,  9027564 buff/cache
KiB Swap: 33554428 total, 32470624 free,  1083804 used. 63011712 avail Mem 
--
top - 12:46:27 up 105 days,  4:31,  0 users,  load average: 0.01, 0.06, 0.12
Tasks: 408 total,   1 running, 407 sleeping,   0 stopped,   0 zombie
%Cpu(s):  0.1 us,  0.0 sy,  0.0 ni, 99.9 id,  0.0 wa,  0.0 hi,  0.0 si,  0.0 st
KiB Mem : 65877712 total, 55175676 free,  1674472 used,  9027564 buff/cache
KiB Swap: 33554428 total, 32470624 free,  1083804 used. 62991020 avail Mem 
--
top - 12:46:32 up 105 days,  4:31,  0 users,  load average: 0.01, 0.05, 0.12
Tasks: 408 total,   1 running, 407 sleeping,   0 stopped,   0 zombie
%Cpu(s):  0.1 us,  0.0 sy,  0.0 ni, 99.9 id,  0.0 wa,  0.0 hi,  0.0 si,  0.0 st
KiB Mem : 65877712 total, 55153776 free,  1696372 used,  9027564 buff/cache
KiB Swap: 33554428 total, 32470624 free,  1083804 used. 62969120 avail Mem 
--
top - 12:46:37 up 105 days,  4:31,  0 users,  load average: 0.01, 0.05, 0.12
Tasks: 407 total,   1 running, 406 sleeping,   0 stopped,   0 zombie
%Cpu(s):  0.1 us,  0.0 sy,  0.0 ni, 99.9 id,  0.0 wa,  0.0 hi,  0.0 si,  0.0 st
KiB Mem : 65877712 total, 55126388 free,  1723760 used,  9027564 buff/cache
KiB Swap: 33554428 total, 32470624 free,  1083804 used. 62941732 avail Mem 
--
top - 12:46:42 up 105 days,  4:31,  0 users,  load average: 0.01, 0.05, 0.12
Tasks: 407 total,   2 running, 405 sleeping,   0 stopped,   0 zombie
%Cpu(s): 50.5 us,  0.5 sy,  0.0 ni, 48.9 id,  0.0 wa,  0.0 hi,  0.0 si,  0.0 st
KiB Mem : 65877712 total, 55019528 free,  1830620 used,  9027564 buff/cache
KiB Swap: 33554428 total, 32470624 free,  1083804 used. 62834872 avail Mem 
--
top - 12:46:47 up 105 days,  4:31,  0 users,  load average: 0.89, 0.23, 0.17
Tasks: 407 total,   1 running, 406 sleeping,   0 stopped,   0 zombie
%Cpu(s):  9.6 us,  0.1 sy,  0.0 ni, 90.3 id,  0.0 wa,  0.0 hi,  0.0 si,  0.0 st
KiB Mem : 65877712 total, 55156376 free,  1693772 used,  9027564 buff/cache
KiB Swap: 33554428 total, 32470624 free,  1083804 used. 62971720 avail Mem 
--
top - 12:46:52 up 105 days,  4:31,  0 users,  load average: 0.82, 0.23, 0.17
Tasks: 407 total,   1 running, 406 sleeping,   0 stopped,   0 zombie
%Cpu(s):  0.0 us,  0.0 sy,  0.0 ni,100.0 id,  0.0 wa,  0.0 hi,  0.0 si,  0.0 st
KiB Mem : 65877712 total, 55158856 free,  1691292 used,  9027564 buff/cache
KiB Swap: 33554428 total, 32470624 free,  1083804 used. 62974200 avail Mem 
--
top - 12:46:57 up 105 days,  4:31,  0 users,  load average: 0.75, 0.23, 0.17
Tasks: 407 total,   1 running, 406 sleeping,   0 stopped,   0 zombie
%Cpu(s):  0.1 us,  0.0 sy,  0.0 ni, 99.9 id,  0.0 wa,  0.0 hi,  0.0 si,  0.0 st
KiB Mem : 65877712 total, 55149648 free,  1700500 used,  9027564 buff/cache
KiB Swap: 33554428 total, 32470624 free,  1083804 used. 62964992 avail Mem 
--
top - 12:47:02 up 105 days,  4:31,  0 users,  load average: 0.69, 0.22, 0.17
Tasks: 407 total,   1 running, 406 sleeping,   0 stopped,   0 zombie
%Cpu(s):  0.1 us,  0.0 sy,  0.0 ni, 99.9 id,  0.0 wa,  0.0 hi,  0.0 si,  0.0 st
KiB Mem : 65877712 total, 55124436 free,  1725712 used,  9027564 buff/cache
KiB Swap: 33554428 total, 32470624 free,  1083804 used. 62939780 avail Mem 
--
top - 12:47:07 up 105 days,  4:31,  0 users,  load average: 0.64, 0.22, 0.17
Tasks: 407 total,   1 running, 406 sleeping,   0 stopped,   0 zombie
%Cpu(s):  0.1 us,  0.0 sy,  0.0 ni, 99.9 id,  0.0 wa,  0.0 hi,  0.0 si,  0.0 st
KiB Mem : 65877712 total, 55100188 free,  1749956 used,  9027568 buff/cache
KiB Swap: 33554428 total, 32470624 free,  1083804 used. 62915536 avail Mem 
--
top - 12:47:12 up 105 days,  4:32,  0 users,  load average: 0.59, 0.22, 0.17
Tasks: 407 total,   1 running, 406 sleeping,   0 stopped,   0 zombie
%Cpu(s):  0.1 us,  0.1 sy,  0.0 ni, 99.9 id,  0.0 wa,  0.0 hi,  0.0 si,  0.0 st
KiB Mem : 65877712 total, 55079864 free,  1770280 used,  9027568 buff/cache
KiB Swap: 33554428 total, 32470624 free,  1083804 used. 62895212 avail Mem 
--
top - 12:47:17 up 105 days,  4:32,  0 users,  load average: 0.54, 0.21, 0.17
Tasks: 407 total,   1 running, 406 sleeping,   0 stopped,   0 zombie
%Cpu(s):  0.1 us,  0.1 sy,  0.0 ni, 99.8 id,  0.1 wa,  0.0 hi,  0.0 si,  0.0 st
KiB Mem : 65877712 total, 55056964 free,  1793180 used,  9027568 buff/cache
KiB Swap: 33554428 total, 32470624 free,  1083804 used. 62872312 avail Mem 
--
top - 12:47:22 up 105 days,  4:32,  0 users,  load average: 0.50, 0.21, 0.17
Tasks: 407 total,   2 running, 405 sleeping,   0 stopped,   0 zombie
%Cpu(s): 19.3 us,  0.2 sy,  0.0 ni, 80.5 id,  0.0 wa,  0.0 hi,  0.0 si,  0.0 st
KiB Mem : 65877712 total, 55008440 free,  1841704 used,  9027568 buff/cache
KiB Swap: 33554428 total, 32470624 free,  1083804 used. 62823788 avail Mem 
--
top - 12:47:27 up 105 days,  4:32,  0 users,  load average: 1.98, 0.52, 0.27
Tasks: 407 total,   1 running, 406 sleeping,   0 stopped,   0 zombie
%Cpu(s): 45.8 us,  0.3 sy,  0.0 ni, 53.9 id,  0.0 wa,  0.0 hi,  0.0 si,  0.0 st
KiB Mem : 65877712 total, 54912788 free,  1937356 used,  9027568 buff/cache
KiB Swap: 33554428 total, 32470624 free,  1083804 used. 62728136 avail Mem 
--
top - 12:47:32 up 105 days,  4:32,  0 users,  load average: 1.82, 0.51, 0.27
Tasks: 407 total,   1 running, 406 sleeping,   0 stopped,   0 zombie
%Cpu(s):  0.0 us,  0.0 sy,  0.0 ni, 99.4 id,  0.5 wa,  0.0 hi,  0.0 si,  0.0 st
KiB Mem : 65877712 total, 55044924 free,  1805220 used,  9027568 buff/cache
KiB Swap: 33554428 total, 32470624 free,  1083804 used. 62860272 avail Mem 
--
top - 12:47:37 up 105 days,  4:32,  0 users,  load average: 1.67, 0.50, 0.27
Tasks: 407 total,   1 running, 406 sleeping,   0 stopped,   0 zombie
%Cpu(s):  0.0 us,  0.0 sy,  0.0 ni,100.0 id,  0.0 wa,  0.0 hi,  0.0 si,  0.0 st
KiB Mem : 65877712 total, 55045444 free,  1804700 used,  9027568 buff/cache
KiB Swap: 33554428 total, 32470624 free,  1083804 used. 62860792 avail Mem 
--
top - 12:47:42 up 105 days,  4:32,  0 users,  load average: 1.54, 0.50, 0.26
Tasks: 407 total,   1 running, 406 sleeping,   0 stopped,   0 zombie
%Cpu(s):  0.1 us,  0.1 sy,  0.0 ni, 99.9 id,  0.0 wa,  0.0 hi,  0.0 si,  0.0 st
KiB Mem : 65877712 total, 55020024 free,  1830120 used,  9027568 buff/cache
KiB Swap: 33554428 total, 32470624 free,  1083804 used. 62835372 avail Mem 
--
top - 12:47:47 up 105 days,  4:32,  0 users,  load average: 1.42, 0.49, 0.26
Tasks: 407 total,   1 running, 406 sleeping,   0 stopped,   0 zombie
%Cpu(s):  0.1 us,  0.1 sy,  0.0 ni, 99.8 id,  0.0 wa,  0.0 hi,  0.0 si,  0.0 st
KiB Mem : 65877712 total, 55001464 free,  1848680 used,  9027568 buff/cache
KiB Swap: 33554428 total, 32470624 free,  1083804 used. 62816812 avail Mem 
--
top - 12:47:52 up 105 days,  4:32,  0 users,  load average: 1.30, 0.48, 0.26
Tasks: 407 total,   1 running, 406 sleeping,   0 stopped,   0 zombie
%Cpu(s):  0.1 us,  0.0 sy,  0.0 ni, 99.9 id,  0.0 wa,  0.0 hi,  0.0 si,  0.0 st
KiB Mem : 65877712 total, 54978504 free,  1871640 used,  9027568 buff/cache
KiB Swap: 33554428 total, 32470624 free,  1083804 used. 62793852 avail Mem 
--
top - 12:47:57 up 105 days,  4:32,  0 users,  load average: 1.20, 0.47, 0.26
Tasks: 407 total,   1 running, 406 sleeping,   0 stopped,   0 zombie
%Cpu(s):  0.1 us,  0.1 sy,  0.0 ni, 99.9 id,  0.0 wa,  0.0 hi,  0.0 si,  0.0 st
KiB Mem : 65877712 total, 54951348 free,  1898792 used,  9027572 buff/cache
KiB Swap: 33554428 total, 32470624 free,  1083804 used. 62766696 avail Mem 
--
top - 12:48:02 up 105 days,  4:32,  0 users,  load average: 1.10, 0.46, 0.26
Tasks: 407 total,   1 running, 406 sleeping,   0 stopped,   0 zombie
%Cpu(s):  0.4 us,  0.3 sy,  0.0 ni, 98.7 id,  0.6 wa,  0.0 hi,  0.0 si,  0.0 st
KiB Mem : 65877712 total, 54909460 free,  1940680 used,  9027572 buff/cache
KiB Swap: 33554428 total, 32470624 free,  1083804 used. 62724812 avail Mem 
--
top - 12:48:07 up 105 days,  4:32,  0 users,  load average: 1.01, 0.45, 0.26
Tasks: 407 total,   1 running, 406 sleeping,   0 stopped,   0 zombie
%Cpu(s): 64.5 us,  0.9 sy,  0.0 ni, 34.6 id,  0.0 wa,  0.0 hi,  0.0 si,  0.0 st
KiB Mem : 65877712 total, 54793120 free,  2057020 used,  9027572 buff/cache
KiB Swap: 33554428 total, 32470624 free,  1083804 used. 62608472 avail Mem 
