Job id: 4753234
Worker ip: 10.149.0.38
Master ip: 10.149.0.56
--
top - 12:44:21 up 105 days,  4:27,  0 users,  load average: 0.01, 0.18, 0.25
Tasks: 399 total,   1 running, 398 sleeping,   0 stopped,   0 zombie
%Cpu(s):  1.1 us,  2.4 sy,  0.0 ni, 95.6 id,  0.7 wa,  0.0 hi,  0.2 si,  0.0 st
KiB Mem : 65877712 total, 60726500 free,  1166904 used,  3984308 buff/cache
KiB Swap: 33554428 total, 32286340 free,  1268088 used. 63593944 avail Mem 
--
top - 12:44:26 up 105 days,  4:27,  0 users,  load average: 0.01, 0.18, 0.25
Tasks: 408 total,   1 running, 407 sleeping,   0 stopped,   0 zombie
%Cpu(s):  1.8 us,  0.6 sy,  0.0 ni, 97.4 id,  0.2 wa,  0.0 hi,  0.0 si,  0.0 st
KiB Mem : 65877712 total, 60704740 free,  1184008 used,  3988964 buff/cache
KiB Swap: 33554428 total, 32286340 free,  1268088 used. 63578044 avail Mem 
--
top - 12:44:31 up 105 days,  4:27,  0 users,  load average: 0.01, 0.18, 0.24
Tasks: 407 total,   1 running, 406 sleeping,   0 stopped,   0 zombie
%Cpu(s):  0.0 us,  0.0 sy,  0.0 ni,100.0 id,  0.0 wa,  0.0 hi,  0.0 si,  0.0 st
KiB Mem : 65877712 total, 60704476 free,  1182328 used,  3990908 buff/cache
KiB Swap: 33554428 total, 32286340 free,  1268088 used. 63578504 avail Mem 
--
top - 12:44:36 up 105 days,  4:27,  0 users,  load average: 0.01, 0.17, 0.24
Tasks: 407 total,   1 running, 406 sleeping,   0 stopped,   0 zombie
%Cpu(s):  0.0 us,  0.0 sy,  0.0 ni, 99.9 id,  0.0 wa,  0.0 hi,  0.0 si,  0.0 st
KiB Mem : 65877712 total, 60698420 free,  1188384 used,  3990908 buff/cache
KiB Swap: 33554428 total, 32286340 free,  1268088 used. 63572448 avail Mem 
--
top - 12:44:41 up 105 days,  4:28,  0 users,  load average: 0.01, 0.17, 0.24
Tasks: 407 total,   2 running, 405 sleeping,   0 stopped,   0 zombie
%Cpu(s):  0.1 us,  0.0 sy,  0.0 ni, 99.9 id,  0.0 wa,  0.0 hi,  0.0 si,  0.0 st
KiB Mem : 65877712 total, 60673024 free,  1213780 used,  3990908 buff/cache
KiB Swap: 33554428 total, 32286340 free,  1268088 used. 63547052 avail Mem 
--
top - 12:44:46 up 105 days,  4:28,  0 users,  load average: 0.01, 0.17, 0.24
Tasks: 408 total,   1 running, 407 sleeping,   0 stopped,   0 zombie
%Cpu(s):  0.1 us,  0.0 sy,  0.0 ni, 99.9 id,  0.0 wa,  0.0 hi,  0.0 si,  0.0 st
KiB Mem : 65877712 total, 60649688 free,  1237116 used,  3990908 buff/cache
KiB Swap: 33554428 total, 32286340 free,  1268088 used. 63523716 avail Mem 
--
top - 12:44:51 up 105 days,  4:28,  0 users,  load average: 0.01, 0.16, 0.24
Tasks: 408 total,   1 running, 407 sleeping,   0 stopped,   0 zombie
%Cpu(s):  0.1 us,  0.0 sy,  0.0 ni, 99.9 id,  0.0 wa,  0.0 hi,  0.0 si,  0.0 st
KiB Mem : 65877712 total, 60626288 free,  1260516 used,  3990908 buff/cache
KiB Swap: 33554428 total, 32286340 free,  1268088 used. 63500316 avail Mem 
--
top - 12:44:56 up 105 days,  4:28,  0 users,  load average: 0.01, 0.16, 0.24
Tasks: 408 total,   1 running, 407 sleeping,   0 stopped,   0 zombie
%Cpu(s):  0.1 us,  0.0 sy,  0.0 ni, 99.9 id,  0.0 wa,  0.0 hi,  0.0 si,  0.0 st
KiB Mem : 65877712 total, 60606192 free,  1280612 used,  3990908 buff/cache
KiB Swap: 33554428 total, 32286340 free,  1268088 used. 63480224 avail Mem 
--
top - 12:45:01 up 105 days,  4:28,  0 users,  load average: 0.00, 0.16, 0.23
Tasks: 407 total,   1 running, 406 sleeping,   0 stopped,   0 zombie
%Cpu(s):  0.1 us,  0.0 sy,  0.0 ni, 99.9 id,  0.0 wa,  0.0 hi,  0.0 si,  0.0 st
KiB Mem : 65877712 total, 60581924 free,  1304856 used,  3990932 buff/cache
KiB Swap: 33554428 total, 32286364 free,  1268064 used. 63455956 avail Mem 
--
top - 12:45:06 up 105 days,  4:28,  0 users,  load average: 0.00, 0.16, 0.23
Tasks: 407 total,   1 running, 406 sleeping,   0 stopped,   0 zombie
%Cpu(s):  0.1 us,  0.1 sy,  0.0 ni, 99.9 id,  0.0 wa,  0.0 hi,  0.0 si,  0.0 st
KiB Mem : 65877712 total, 60550296 free,  1336484 used,  3990932 buff/cache
KiB Swap: 33554428 total, 32286364 free,  1268064 used. 63424328 avail Mem 
--
top - 12:45:11 up 105 days,  4:28,  0 users,  load average: 0.00, 0.15, 0.23
Tasks: 407 total,   2 running, 405 sleeping,   0 stopped,   0 zombie
%Cpu(s): 52.9 us,  0.5 sy,  0.0 ni, 46.6 id,  0.0 wa,  0.0 hi,  0.0 si,  0.0 st
KiB Mem : 65877712 total, 60192864 free,  1693940 used,  3990908 buff/cache
KiB Swap: 33554428 total, 32286364 free,  1268064 used. 63066928 avail Mem 
--
top - 12:45:17 up 105 days,  4:28,  0 users,  load average: 0.00, 0.15, 0.23
Tasks: 407 total,   1 running, 406 sleeping,   0 stopped,   0 zombie
%Cpu(s):  4.7 us,  0.0 sy,  0.0 ni, 95.3 id,  0.0 wa,  0.0 hi,  0.0 si,  0.0 st
KiB Mem : 65877712 total, 60168256 free,  1718544 used,  3990912 buff/cache
KiB Swap: 33554428 total, 32286364 free,  1268064 used. 63042324 avail Mem 
--
top - 12:45:22 up 105 days,  4:28,  0 users,  load average: 0.00, 0.15, 0.23
Tasks: 407 total,   1 running, 406 sleeping,   0 stopped,   0 zombie
%Cpu(s):  0.0 us,  0.0 sy,  0.0 ni, 99.9 id,  0.0 wa,  0.0 hi,  0.0 si,  0.0 st
KiB Mem : 65877712 total, 60335948 free,  1550852 used,  3990912 buff/cache
KiB Swap: 33554428 total, 32286364 free,  1268064 used. 63210016 avail Mem 
--
top - 12:45:27 up 105 days,  4:28,  0 users,  load average: 0.00, 0.15, 0.23
Tasks: 407 total,   1 running, 406 sleeping,   0 stopped,   0 zombie
%Cpu(s):  0.1 us,  0.0 sy,  0.0 ni, 99.9 id,  0.0 wa,  0.0 hi,  0.0 si,  0.0 st
KiB Mem : 65877712 total, 60326508 free,  1560292 used,  3990912 buff/cache
KiB Swap: 33554428 total, 32286364 free,  1268064 used. 63200576 avail Mem 
--
top - 12:45:32 up 105 days,  4:28,  0 users,  load average: 0.00, 0.14, 0.23
Tasks: 407 total,   1 running, 406 sleeping,   0 stopped,   0 zombie
%Cpu(s):  0.1 us,  0.1 sy,  0.0 ni, 99.9 id,  0.0 wa,  0.0 hi,  0.0 si,  0.0 st
KiB Mem : 65877712 total, 60301112 free,  1585688 used,  3990912 buff/cache
KiB Swap: 33554428 total, 32286364 free,  1268064 used. 63175180 avail Mem 
--
top - 12:45:37 up 105 days,  4:28,  0 users,  load average: 0.00, 0.14, 0.22
Tasks: 407 total,   1 running, 406 sleeping,   0 stopped,   0 zombie
%Cpu(s):  0.1 us,  0.1 sy,  0.0 ni, 99.8 id,  0.0 wa,  0.0 hi,  0.0 si,  0.0 st
KiB Mem : 65877712 total, 60280592 free,  1606208 used,  3990912 buff/cache
KiB Swap: 33554428 total, 32286364 free,  1268064 used. 63154660 avail Mem 
--
top - 12:45:42 up 105 days,  4:29,  0 users,  load average: 0.00, 0.14, 0.22
Tasks: 407 total,   1 running, 406 sleeping,   0 stopped,   0 zombie
%Cpu(s):  0.1 us,  0.1 sy,  0.0 ni, 99.9 id,  0.0 wa,  0.0 hi,  0.0 si,  0.0 st
KiB Mem : 65877712 total, 60252508 free,  1634292 used,  3990912 buff/cache
KiB Swap: 33554428 total, 32286364 free,  1268064 used. 63126576 avail Mem 
--
top - 12:45:47 up 105 days,  4:29,  0 users,  load average: 0.00, 0.14, 0.22
Tasks: 407 total,   1 running, 406 sleeping,   0 stopped,   0 zombie
%Cpu(s):  0.1 us,  0.0 sy,  0.0 ni, 99.9 id,  0.0 wa,  0.0 hi,  0.0 si,  0.0 st
KiB Mem : 65877712 total, 60230716 free,  1656084 used,  3990912 buff/cache
KiB Swap: 33554428 total, 32286364 free,  1268064 used. 63104784 avail Mem 
--
top - 12:45:52 up 105 days,  4:29,  0 users,  load average: 0.00, 0.13, 0.22
Tasks: 407 total,   1 running, 406 sleeping,   0 stopped,   0 zombie
%Cpu(s):  0.1 us,  0.1 sy,  0.0 ni, 99.8 id,  0.0 wa,  0.0 hi,  0.0 si,  0.0 st
KiB Mem : 65877712 total, 60206128 free,  1680672 used,  3990912 buff/cache
KiB Swap: 33554428 total, 32286364 free,  1268064 used. 63080196 avail Mem 
--
top - 12:45:57 up 105 days,  4:29,  0 users,  load average: 2.25, 0.60, 0.37
Tasks: 407 total,   1 running, 406 sleeping,   0 stopped,   0 zombie
%Cpu(s): 56.0 us,  0.3 sy,  0.0 ni, 43.6 id,  0.0 wa,  0.0 hi,  0.0 si,  0.0 st
KiB Mem : 65877712 total, 60090036 free,  1796764 used,  3990912 buff/cache
KiB Swap: 33554428 total, 32286364 free,  1268064 used. 62964104 avail Mem 
--
top - 12:46:02 up 105 days,  4:29,  0 users,  load average: 2.07, 0.59, 0.37
Tasks: 407 total,   1 running, 406 sleeping,   0 stopped,   0 zombie
%Cpu(s):  0.4 us,  0.2 sy,  0.0 ni, 98.7 id,  0.6 wa,  0.0 hi,  0.0 si,  0.0 st
KiB Mem : 65877712 total, 60206504 free,  1680292 used,  3990916 buff/cache
KiB Swap: 33554428 total, 32286364 free,  1268064 used. 63080576 avail Mem 
--
top - 12:46:07 up 105 days,  4:29,  0 users,  load average: 1.90, 0.58, 0.37
Tasks: 407 total,   1 running, 406 sleeping,   0 stopped,   0 zombie
%Cpu(s):  0.0 us,  0.0 sy,  0.0 ni,100.0 id,  0.0 wa,  0.0 hi,  0.0 si,  0.0 st
KiB Mem : 65877712 total, 60207068 free,  1679728 used,  3990916 buff/cache
KiB Swap: 33554428 total, 32286364 free,  1268064 used. 63081140 avail Mem 
--
top - 12:46:12 up 105 days,  4:29,  0 users,  load average: 1.75, 0.57, 0.37
Tasks: 408 total,   1 running, 407 sleeping,   0 stopped,   0 zombie
%Cpu(s):  0.1 us,  0.1 sy,  0.0 ni, 99.9 id,  0.0 wa,  0.0 hi,  0.0 si,  0.0 st
KiB Mem : 65877712 total, 60185624 free,  1701172 used,  3990916 buff/cache
KiB Swap: 33554428 total, 32286364 free,  1268064 used. 63059696 avail Mem 
--
top - 12:46:17 up 105 days,  4:29,  0 users,  load average: 1.61, 0.56, 0.36
Tasks: 408 total,   1 running, 407 sleeping,   0 stopped,   0 zombie
%Cpu(s):  0.1 us,  0.1 sy,  0.0 ni, 99.9 id,  0.0 wa,  0.0 hi,  0.0 si,  0.0 st
KiB Mem : 65877712 total, 60162244 free,  1724548 used,  3990920 buff/cache
KiB Swap: 33554428 total, 32286364 free,  1268064 used. 63036320 avail Mem 
--
top - 12:46:22 up 105 days,  4:29,  0 users,  load average: 1.48, 0.55, 0.36
Tasks: 408 total,   1 running, 407 sleeping,   0 stopped,   0 zombie
%Cpu(s):  0.1 us,  0.0 sy,  0.0 ni, 99.9 id,  0.0 wa,  0.0 hi,  0.0 si,  0.0 st
KiB Mem : 65877712 total, 60136816 free,  1749976 used,  3990920 buff/cache
KiB Swap: 33554428 total, 32286364 free,  1268064 used. 63010892 avail Mem 
--
top - 12:46:27 up 105 days,  4:29,  0 users,  load average: 1.36, 0.54, 0.36
Tasks: 408 total,   1 running, 407 sleeping,   0 stopped,   0 zombie
%Cpu(s):  0.1 us,  0.0 sy,  0.0 ni, 99.9 id,  0.0 wa,  0.0 hi,  0.0 si,  0.0 st
KiB Mem : 65877712 total, 60121628 free,  1765164 used,  3990920 buff/cache
KiB Swap: 33554428 total, 32286364 free,  1268064 used. 62995704 avail Mem 
--
top - 12:46:32 up 105 days,  4:29,  0 users,  load average: 1.25, 0.53, 0.36
Tasks: 408 total,   1 running, 407 sleeping,   0 stopped,   0 zombie
%Cpu(s):  0.1 us,  0.1 sy,  0.0 ni, 99.9 id,  0.0 wa,  0.0 hi,  0.0 si,  0.0 st
KiB Mem : 65877712 total, 60098664 free,  1788128 used,  3990920 buff/cache
KiB Swap: 33554428 total, 32286364 free,  1268064 used. 62972740 avail Mem 
--
top - 12:46:37 up 105 days,  4:29,  0 users,  load average: 1.15, 0.52, 0.36
Tasks: 408 total,   1 running, 407 sleeping,   0 stopped,   0 zombie
%Cpu(s):  0.1 us,  0.1 sy,  0.0 ni, 99.9 id,  0.0 wa,  0.0 hi,  0.0 si,  0.0 st
KiB Mem : 65877712 total, 60070500 free,  1816292 used,  3990920 buff/cache
KiB Swap: 33554428 total, 32286364 free,  1268064 used. 62944576 avail Mem 
--
top - 12:46:42 up 105 days,  4:30,  0 users,  load average: 3.46, 1.01, 0.52
Tasks: 408 total,   1 running, 407 sleeping,   0 stopped,   0 zombie
%Cpu(s): 58.4 us,  0.6 sy,  0.0 ni, 41.0 id,  0.0 wa,  0.0 hi,  0.0 si,  0.0 st
KiB Mem : 65877712 total, 59940808 free,  1945984 used,  3990920 buff/cache
KiB Swap: 33554428 total, 32286364 free,  1268064 used. 62814884 avail Mem 
--
top - 12:46:47 up 105 days,  4:30,  0 users,  load average: 3.18, 1.00, 0.51
Tasks: 408 total,   1 running, 407 sleeping,   0 stopped,   0 zombie
%Cpu(s):  0.0 us,  0.0 sy,  0.0 ni,100.0 id,  0.0 wa,  0.0 hi,  0.0 si,  0.0 st
KiB Mem : 65877712 total, 60083928 free,  1802864 used,  3990920 buff/cache
KiB Swap: 33554428 total, 32286364 free,  1268064 used. 62958004 avail Mem 
--
top - 12:46:52 up 105 days,  4:30,  0 users,  load average: 2.93, 0.98, 0.51
Tasks: 408 total,   1 running, 407 sleeping,   0 stopped,   0 zombie
%Cpu(s):  0.0 us,  0.0 sy,  0.0 ni, 99.9 id,  0.0 wa,  0.0 hi,  0.0 si,  0.0 st
KiB Mem : 65877712 total, 60071888 free,  1814904 used,  3990920 buff/cache
KiB Swap: 33554428 total, 32286364 free,  1268064 used. 62945964 avail Mem 
--
top - 12:46:57 up 105 days,  4:30,  0 users,  load average: 2.69, 0.96, 0.51
Tasks: 408 total,   1 running, 407 sleeping,   0 stopped,   0 zombie
%Cpu(s):  0.0 us,  0.0 sy,  0.0 ni, 99.9 id,  0.0 wa,  0.0 hi,  0.0 si,  0.0 st
KiB Mem : 65877712 total, 60061188 free,  1825604 used,  3990920 buff/cache
KiB Swap: 33554428 total, 32286364 free,  1268064 used. 62935264 avail Mem 
--
top - 12:47:02 up 105 days,  4:30,  0 users,  load average: 2.48, 0.95, 0.50
Tasks: 408 total,   1 running, 407 sleeping,   0 stopped,   0 zombie
%Cpu(s):  0.1 us,  0.0 sy,  0.0 ni, 99.9 id,  0.0 wa,  0.0 hi,  0.0 si,  0.0 st
KiB Mem : 65877712 total, 60025104 free,  1861688 used,  3990920 buff/cache
KiB Swap: 33554428 total, 32286364 free,  1268064 used. 62899180 avail Mem 
--
top - 12:47:07 up 105 days,  4:30,  0 users,  load average: 2.28, 0.93, 0.50
Tasks: 408 total,   1 running, 407 sleeping,   0 stopped,   0 zombie
%Cpu(s):  0.1 us,  0.1 sy,  0.0 ni, 99.9 id,  0.0 wa,  0.0 hi,  0.0 si,  0.0 st
KiB Mem : 65877712 total, 60004452 free,  1882340 used,  3990920 buff/cache
KiB Swap: 33554428 total, 32286364 free,  1268064 used. 62878528 avail Mem 
--
top - 12:47:12 up 105 days,  4:30,  0 users,  load average: 2.10, 0.91, 0.50
Tasks: 408 total,   1 running, 407 sleeping,   0 stopped,   0 zombie
%Cpu(s):  0.1 us,  0.1 sy,  0.0 ni, 99.9 id,  0.0 wa,  0.0 hi,  0.0 si,  0.0 st
KiB Mem : 65877712 total, 59968948 free,  1917840 used,  3990924 buff/cache
KiB Swap: 33554428 total, 32286364 free,  1268064 used. 62843028 avail Mem 
--
top - 12:47:17 up 105 days,  4:30,  0 users,  load average: 1.93, 0.90, 0.50
Tasks: 408 total,   1 running, 407 sleeping,   0 stopped,   0 zombie
%Cpu(s):  0.1 us,  0.1 sy,  0.0 ni, 99.8 id,  0.0 wa,  0.0 hi,  0.0 si,  0.0 st
KiB Mem : 65877712 total, 59947268 free,  1939520 used,  3990924 buff/cache
KiB Swap: 33554428 total, 32286364 free,  1268064 used. 62821348 avail Mem 
--
top - 12:47:22 up 105 days,  4:30,  0 users,  load average: 1.78, 0.88, 0.49
Tasks: 408 total,   2 running, 406 sleeping,   0 stopped,   0 zombie
%Cpu(s): 24.6 us,  0.4 sy,  0.0 ni, 75.1 id,  0.0 wa,  0.0 hi,  0.0 si,  0.0 st
KiB Mem : 65877712 total, 59872116 free,  2014672 used,  3990924 buff/cache
KiB Swap: 33554428 total, 32286364 free,  1268064 used. 62746196 avail Mem 
--
top - 12:47:27 up 105 days,  4:30,  0 users,  load average: 4.12, 1.38, 0.66
Tasks: 408 total,   1 running, 407 sleeping,   0 stopped,   0 zombie
%Cpu(s): 32.5 us,  0.3 sy,  0.0 ni, 67.2 id,  0.0 wa,  0.0 hi,  0.0 si,  0.0 st
KiB Mem : 65877712 total, 59796592 free,  2090196 used,  3990924 buff/cache
KiB Swap: 33554428 total, 32286364 free,  1268064 used. 62670672 avail Mem 
--
top - 12:47:32 up 105 days,  4:30,  0 users,  load average: 3.79, 1.36, 0.65
Tasks: 408 total,   1 running, 407 sleeping,   0 stopped,   0 zombie
%Cpu(s):  0.0 us,  0.0 sy,  0.0 ni, 99.9 id,  0.0 wa,  0.0 hi,  0.0 si,  0.0 st
KiB Mem : 65877712 total, 59922320 free,  1964468 used,  3990924 buff/cache
KiB Swap: 33554428 total, 32286364 free,  1268064 used. 62796400 avail Mem 
--
top - 12:47:37 up 105 days,  4:30,  0 users,  load average: 3.48, 1.34, 0.65
Tasks: 408 total,   1 running, 407 sleeping,   0 stopped,   0 zombie
%Cpu(s):  0.0 us,  0.0 sy,  0.0 ni, 99.9 id,  0.0 wa,  0.0 hi,  0.0 si,  0.0 st
KiB Mem : 65877712 total, 59922168 free,  1964620 used,  3990924 buff/cache
KiB Swap: 33554428 total, 32286364 free,  1268064 used. 62796248 avail Mem 
--
top - 12:47:42 up 105 days,  4:31,  0 users,  load average: 3.20, 1.32, 0.65
Tasks: 408 total,   1 running, 407 sleeping,   0 stopped,   0 zombie
%Cpu(s):  0.1 us,  0.1 sy,  0.0 ni, 99.9 id,  0.0 wa,  0.0 hi,  0.0 si,  0.0 st
KiB Mem : 65877712 total, 59899504 free,  1987284 used,  3990924 buff/cache
KiB Swap: 33554428 total, 32286364 free,  1268064 used. 62773584 avail Mem 
--
top - 12:47:47 up 105 days,  4:31,  0 users,  load average: 2.95, 1.29, 0.64
Tasks: 408 total,   1 running, 407 sleeping,   0 stopped,   0 zombie
%Cpu(s):  0.1 us,  0.1 sy,  0.0 ni, 99.9 id,  0.0 wa,  0.0 hi,  0.0 si,  0.0 st
KiB Mem : 65877712 total, 59879672 free,  2007116 used,  3990924 buff/cache
KiB Swap: 33554428 total, 32286364 free,  1268064 used. 62753752 avail Mem 
--
top - 12:47:52 up 105 days,  4:31,  0 users,  load average: 2.71, 1.27, 0.64
Tasks: 408 total,   1 running, 407 sleeping,   0 stopped,   0 zombie
%Cpu(s):  0.1 us,  0.1 sy,  0.0 ni, 99.9 id,  0.0 wa,  0.0 hi,  0.0 si,  0.0 st
KiB Mem : 65877712 total, 59855016 free,  2031772 used,  3990924 buff/cache
KiB Swap: 33554428 total, 32286364 free,  1268064 used. 62729096 avail Mem 
--
top - 12:47:57 up 105 days,  4:31,  0 users,  load average: 2.49, 1.25, 0.64
Tasks: 408 total,   1 running, 407 sleeping,   0 stopped,   0 zombie
%Cpu(s):  0.1 us,  0.0 sy,  0.0 ni, 99.9 id,  0.0 wa,  0.0 hi,  0.0 si,  0.0 st
KiB Mem : 65877712 total, 59826224 free,  2060560 used,  3990928 buff/cache
KiB Swap: 33554428 total, 32286364 free,  1268064 used. 62700304 avail Mem 
--
top - 12:48:02 up 105 days,  4:31,  0 users,  load average: 2.29, 1.23, 0.63
Tasks: 408 total,   1 running, 407 sleeping,   0 stopped,   0 zombie
%Cpu(s):  0.4 us,  0.3 sy,  0.0 ni, 98.7 id,  0.6 wa,  0.0 hi,  0.0 si,  0.0 st
KiB Mem : 65877712 total, 59787408 free,  2099376 used,  3990928 buff/cache
KiB Swap: 33554428 total, 32286364 free,  1268064 used. 62661492 avail Mem 
--
top - 12:48:07 up 105 days,  4:31,  0 users,  load average: 2.11, 1.21, 0.63
Tasks: 408 total,   1 running, 407 sleeping,   0 stopped,   0 zombie
%Cpu(s): 57.2 us,  0.6 sy,  0.0 ni, 42.2 id,  0.0 wa,  0.0 hi,  0.0 si,  0.0 st
KiB Mem : 65877712 total, 59686940 free,  2199844 used,  3990928 buff/cache
KiB Swap: 33554428 total, 32286364 free,  1268064 used. 62561024 avail Mem 
