Job id: 4753253
Master ip: 10.149.0.56
--
top - 12:49:17 up 105 days,  4:31,  0 users,  load average: 0.41, 0.65, 0.34
Tasks: 401 total,   1 running, 400 sleeping,   0 stopped,   0 zombie
%Cpu(s):  2.3 us,  0.9 sy,  0.0 ni, 96.8 id,  0.0 wa,  0.0 hi,  0.0 si,  0.0 st
KiB Mem : 65877712 total, 53557364 free,  1128980 used, 11191368 buff/cache
KiB Swap: 33554428 total, 32291284 free,  1263144 used. 63505792 avail Mem 
--
top - 12:49:22 up 105 days,  4:31,  0 users,  load average: 0.37, 0.64, 0.33
Tasks: 402 total,   1 running, 401 sleeping,   0 stopped,   0 zombie
%Cpu(s):  0.7 us,  0.1 sy,  0.0 ni, 99.2 id,  0.0 wa,  0.0 hi,  0.0 si,  0.0 st
KiB Mem : 65877712 total, 53534448 free,  1151896 used, 11191368 buff/cache
KiB Swap: 33554428 total, 32291284 free,  1263144 used. 63482876 avail Mem 
--
top - 12:49:27 up 105 days,  4:31,  0 users,  load average: 0.34, 0.63, 0.33
Tasks: 403 total,   2 running, 401 sleeping,   0 stopped,   0 zombie
%Cpu(s):  0.0 us,  0.0 sy,  0.0 ni,100.0 id,  0.0 wa,  0.0 hi,  0.0 si,  0.0 st
KiB Mem : 65877712 total, 53534448 free,  1151896 used, 11191368 buff/cache
KiB Swap: 33554428 total, 32291284 free,  1263144 used. 63482876 avail Mem 
--
top - 12:49:32 up 105 days,  4:31,  0 users,  load average: 0.32, 0.62, 0.33
Tasks: 403 total,   1 running, 402 sleeping,   0 stopped,   0 zombie
%Cpu(s):  0.1 us,  0.0 sy,  0.0 ni, 99.9 id,  0.0 wa,  0.0 hi,  0.0 si,  0.0 st
KiB Mem : 65877712 total, 53533388 free,  1152956 used, 11191368 buff/cache
KiB Swap: 33554428 total, 32291284 free,  1263144 used. 63481816 avail Mem 
--
top - 12:49:37 up 105 days,  4:31,  0 users,  load average: 0.29, 0.61, 0.33
Tasks: 403 total,   1 running, 402 sleeping,   0 stopped,   0 zombie
%Cpu(s):  0.0 us,  0.0 sy,  0.0 ni, 99.9 id,  0.0 wa,  0.0 hi,  0.0 si,  0.0 st
KiB Mem : 65877712 total, 53533828 free,  1152516 used, 11191368 buff/cache
KiB Swap: 33554428 total, 32291284 free,  1263144 used. 63482256 avail Mem 
--
top - 12:49:42 up 105 days,  4:31,  0 users,  load average: 0.27, 0.60, 0.33
Tasks: 403 total,   1 running, 402 sleeping,   0 stopped,   0 zombie
%Cpu(s):  0.1 us,  0.0 sy,  0.0 ni, 99.9 id,  0.0 wa,  0.0 hi,  0.0 si,  0.0 st
KiB Mem : 65877712 total, 53534560 free,  1151784 used, 11191368 buff/cache
KiB Swap: 33554428 total, 32291284 free,  1263144 used. 63482988 avail Mem 
--
top - 12:49:47 up 105 days,  4:31,  0 users,  load average: 0.25, 0.59, 0.32
Tasks: 403 total,   1 running, 402 sleeping,   0 stopped,   0 zombie
%Cpu(s):  0.1 us,  0.0 sy,  0.0 ni, 99.9 id,  0.0 wa,  0.0 hi,  0.0 si,  0.0 st
KiB Mem : 65877712 total, 53534564 free,  1151780 used, 11191368 buff/cache
KiB Swap: 33554428 total, 32291284 free,  1263144 used. 63482992 avail Mem 
--
top - 12:49:52 up 105 days,  4:32,  0 users,  load average: 0.23, 0.58, 0.32
Tasks: 403 total,   1 running, 402 sleeping,   0 stopped,   0 zombie
%Cpu(s):  0.0 us,  0.0 sy,  0.0 ni,100.0 id,  0.0 wa,  0.0 hi,  0.0 si,  0.0 st
KiB Mem : 65877712 total, 53534564 free,  1151780 used, 11191368 buff/cache
KiB Swap: 33554428 total, 32291284 free,  1263144 used. 63482992 avail Mem 
--
top - 12:49:57 up 105 days,  4:32,  0 users,  load average: 0.21, 0.57, 0.32
Tasks: 403 total,   1 running, 402 sleeping,   0 stopped,   0 zombie
%Cpu(s):  1.4 us,  0.1 sy,  0.0 ni, 98.4 id,  0.0 wa,  0.0 hi,  0.0 si,  0.0 st
KiB Mem : 65877712 total, 53435368 free,  1250976 used, 11191368 buff/cache
KiB Swap: 33554428 total, 32291284 free,  1263144 used. 63383796 avail Mem 
--
top - 12:50:02 up 105 days,  4:32,  0 users,  load average: 0.75, 0.67, 0.36
Tasks: 401 total,   2 running, 399 sleeping,   0 stopped,   0 zombie
%Cpu(s):  2.1 us,  0.3 sy,  0.0 ni, 97.3 id,  0.4 wa,  0.0 hi,  0.0 si,  0.0 st
KiB Mem : 65877712 total, 53375856 free,  1310360 used, 11191496 buff/cache
KiB Swap: 33554428 total, 32291284 free,  1263144 used. 63324396 avail Mem 
--
top - 12:50:07 up 105 days,  4:32,  0 users,  load average: 0.69, 0.66, 0.35
Tasks: 401 total,   1 running, 400 sleeping,   0 stopped,   0 zombie
%Cpu(s):  0.7 us,  0.0 sy,  0.0 ni, 99.0 id,  0.3 wa,  0.0 hi,  0.0 si,  0.0 st
KiB Mem : 65877712 total, 53373060 free,  1313156 used, 11191496 buff/cache
KiB Swap: 33554428 total, 32291284 free,  1263144 used. 63321600 avail Mem 
--
top - 12:50:12 up 105 days,  4:32,  0 users,  load average: 0.64, 0.65, 0.35
Tasks: 401 total,   1 running, 400 sleeping,   0 stopped,   0 zombie
%Cpu(s):  1.5 us,  0.1 sy,  0.0 ni, 98.4 id,  0.0 wa,  0.0 hi,  0.0 si,  0.0 st
KiB Mem : 65877712 total, 53320244 free,  1365972 used, 11191496 buff/cache
KiB Swap: 33554428 total, 32291284 free,  1263144 used. 63268784 avail Mem 
--
top - 12:50:17 up 105 days,  4:32,  0 users,  load average: 0.59, 0.64, 0.35
Tasks: 402 total,   2 running, 400 sleeping,   0 stopped,   0 zombie
%Cpu(s):  1.8 us,  0.1 sy,  0.0 ni, 98.1 id,  0.0 wa,  0.0 hi,  0.0 si,  0.0 st
KiB Mem : 65877712 total, 53263860 free,  1422356 used, 11191496 buff/cache
KiB Swap: 33554428 total, 32291284 free,  1263144 used. 63212400 avail Mem 
--
top - 12:50:22 up 105 days,  4:32,  0 users,  load average: 0.54, 0.63, 0.35
Tasks: 402 total,   1 running, 401 sleeping,   0 stopped,   0 zombie
%Cpu(s):  0.9 us,  0.0 sy,  0.0 ni, 99.1 id,  0.0 wa,  0.0 hi,  0.0 si,  0.0 st
KiB Mem : 65877712 total, 53260096 free,  1426120 used, 11191496 buff/cache
KiB Swap: 33554428 total, 32291284 free,  1263144 used. 63208636 avail Mem 
--
top - 12:50:27 up 105 days,  4:32,  0 users,  load average: 0.58, 0.64, 0.35
Tasks: 402 total,   1 running, 401 sleeping,   0 stopped,   0 zombie
%Cpu(s):  1.4 us,  0.1 sy,  0.0 ni, 98.5 id,  0.0 wa,  0.0 hi,  0.0 si,  0.0 st
KiB Mem : 65877712 total, 53206984 free,  1479232 used, 11191496 buff/cache
KiB Swap: 33554428 total, 32291284 free,  1263144 used. 63155524 avail Mem 
