Job id: 4753274
Worker ip: 10.149.0.64
Master ip: 10.149.0.56
--
top - 12:52:07 up 105 days,  4:34,  0 users,  load average: 0.66, 0.57, 0.54
Tasks: 400 total,   2 running, 398 sleeping,   0 stopped,   0 zombie
%Cpu(s):  2.4 us,  5.1 sy,  0.0 ni, 86.9 id,  5.4 wa,  0.0 hi,  0.2 si,  0.0 st
KiB Mem : 65877712 total, 58177684 free,  1144176 used,  6555852 buff/cache
KiB Swap: 33554428 total, 32356272 free,  1198156 used. 63539112 avail Mem 
--
top - 12:52:12 up 105 days,  4:34,  0 users,  load average: 0.60, 0.56, 0.54
Tasks: 402 total,   1 running, 401 sleeping,   0 stopped,   0 zombie
%Cpu(s):  1.6 us,  0.4 sy,  0.0 ni, 94.5 id,  3.5 wa,  0.0 hi,  0.0 si,  0.0 st
KiB Mem : 65877712 total, 58158044 free,  1157164 used,  6562504 buff/cache
KiB Swap: 33554428 total, 32356272 free,  1198156 used. 63526064 avail Mem 
--
top - 12:52:17 up 105 days,  4:34,  0 users,  load average: 0.56, 0.55, 0.53
Tasks: 402 total,   1 running, 401 sleeping,   0 stopped,   0 zombie
%Cpu(s):  0.0 us,  0.0 sy,  0.0 ni,100.0 id,  0.0 wa,  0.0 hi,  0.0 si,  0.0 st
KiB Mem : 65877712 total, 58159336 free,  1155872 used,  6562504 buff/cache
KiB Swap: 33554428 total, 32356272 free,  1198156 used. 63527356 avail Mem 
--
top - 12:52:22 up 105 days,  4:34,  0 users,  load average: 0.51, 0.54, 0.53
Tasks: 403 total,   1 running, 402 sleeping,   0 stopped,   0 zombie
%Cpu(s):  0.1 us,  0.1 sy,  0.0 ni, 99.8 id,  0.0 wa,  0.0 hi,  0.0 si,  0.0 st
KiB Mem : 65877712 total, 58121260 free,  1193948 used,  6562504 buff/cache
KiB Swap: 33554428 total, 32356272 free,  1198156 used. 63489280 avail Mem 
--
top - 12:52:27 up 105 days,  4:34,  0 users,  load average: 0.55, 0.55, 0.53
Tasks: 403 total,   1 running, 402 sleeping,   0 stopped,   0 zombie
%Cpu(s):  0.1 us,  0.1 sy,  0.0 ni, 99.8 id,  0.0 wa,  0.0 hi,  0.0 si,  0.0 st
KiB Mem : 65877712 total, 58066908 free,  1248300 used,  6562504 buff/cache
KiB Swap: 33554428 total, 32356272 free,  1198156 used. 63434928 avail Mem 
--
top - 12:52:32 up 105 days,  4:34,  0 users,  load average: 0.51, 0.54, 0.53
Tasks: 403 total,   1 running, 402 sleeping,   0 stopped,   0 zombie
%Cpu(s):  0.1 us,  0.1 sy,  0.0 ni, 99.8 id,  0.0 wa,  0.0 hi,  0.0 si,  0.0 st
KiB Mem : 65877712 total, 58012800 free,  1302408 used,  6562504 buff/cache
KiB Swap: 33554428 total, 32356272 free,  1198156 used. 63380820 avail Mem 
--
top - 12:52:37 up 105 days,  4:34,  0 users,  load average: 0.95, 0.63, 0.56
Tasks: 404 total,   1 running, 403 sleeping,   0 stopped,   0 zombie
%Cpu(s): 57.7 us,  0.5 sy,  0.0 ni, 41.8 id,  0.0 wa,  0.0 hi,  0.0 si,  0.0 st
KiB Mem : 65877712 total, 57658224 free,  1656984 used,  6562504 buff/cache
KiB Swap: 33554428 total, 32356272 free,  1198156 used. 63026244 avail Mem 
--
top - 12:52:42 up 105 days,  4:34,  0 users,  load average: 0.87, 0.62, 0.56
Tasks: 404 total,   1 running, 403 sleeping,   0 stopped,   0 zombie
%Cpu(s):  0.0 us,  0.0 sy,  0.0 ni,100.0 id,  0.0 wa,  0.0 hi,  0.0 si,  0.0 st
KiB Mem : 65877712 total, 57800468 free,  1514740 used,  6562504 buff/cache
KiB Swap: 33554428 total, 32356272 free,  1198156 used. 63168488 avail Mem 
--
top - 12:52:47 up 105 days,  4:35,  0 users,  load average: 0.80, 0.61, 0.55
Tasks: 404 total,   1 running, 403 sleeping,   0 stopped,   0 zombie
%Cpu(s):  0.1 us,  0.1 sy,  0.0 ni, 99.8 id,  0.0 wa,  0.0 hi,  0.0 si,  0.0 st
KiB Mem : 65877712 total, 57766452 free,  1548756 used,  6562504 buff/cache
KiB Swap: 33554428 total, 32356272 free,  1198156 used. 63134472 avail Mem 
--
top - 12:52:52 up 105 days,  4:35,  0 users,  load average: 0.74, 0.60, 0.55
Tasks: 404 total,   1 running, 403 sleeping,   0 stopped,   0 zombie
%Cpu(s):  0.1 us,  0.1 sy,  0.0 ni, 99.7 id,  0.0 wa,  0.0 hi,  0.0 si,  0.0 st
KiB Mem : 65877712 total, 57716560 free,  1598648 used,  6562504 buff/cache
KiB Swap: 33554428 total, 32356272 free,  1198156 used. 63084580 avail Mem 
--
top - 12:52:57 up 105 days,  4:35,  0 users,  load average: 0.68, 0.59, 0.55
Tasks: 404 total,   2 running, 402 sleeping,   0 stopped,   0 zombie
%Cpu(s): 12.7 us,  0.3 sy,  0.0 ni, 87.1 id,  0.0 wa,  0.0 hi,  0.0 si,  0.0 st
KiB Mem : 65877712 total, 57636192 free,  1679016 used,  6562504 buff/cache
KiB Swap: 33554428 total, 32356272 free,  1198156 used. 63004212 avail Mem 
--
top - 12:53:02 up 105 days,  4:35,  0 users,  load average: 0.62, 0.58, 0.55
Tasks: 403 total,   1 running, 402 sleeping,   0 stopped,   0 zombie
%Cpu(s): 46.8 us,  0.4 sy,  0.0 ni, 52.8 id,  0.0 wa,  0.0 hi,  0.0 si,  0.0 st
KiB Mem : 65877712 total, 57598992 free,  1716212 used,  6562508 buff/cache
KiB Swap: 33554428 total, 32356272 free,  1198156 used. 62967016 avail Mem 
--
top - 12:53:07 up 105 days,  4:35,  0 users,  load average: 0.57, 0.57, 0.54
Tasks: 399 total,   1 running, 398 sleeping,   0 stopped,   0 zombie
%Cpu(s):  0.1 us,  0.1 sy,  0.0 ni, 99.9 id,  0.0 wa,  0.0 hi,  0.0 si,  0.0 st
KiB Mem : 65877712 total, 57663064 free,  1652140 used,  6562508 buff/cache
KiB Swap: 33554428 total, 32356272 free,  1198156 used. 63031088 avail Mem 
--
top - 12:53:12 up 105 days,  4:35,  0 users,  load average: 0.53, 0.56, 0.54
Tasks: 399 total,   1 running, 398 sleeping,   0 stopped,   0 zombie
%Cpu(s):  0.1 us,  0.1 sy,  0.0 ni, 99.8 id,  0.0 wa,  0.0 hi,  0.0 si,  0.0 st
KiB Mem : 65877712 total, 57615912 free,  1699292 used,  6562508 buff/cache
KiB Swap: 33554428 total, 32356272 free,  1198156 used. 62983936 avail Mem 
--
top - 12:53:17 up 105 days,  4:35,  0 users,  load average: 0.57, 0.57, 0.54
Tasks: 397 total,   1 running, 396 sleeping,   0 stopped,   0 zombie
%Cpu(s):  0.1 us,  0.1 sy,  0.0 ni, 99.8 id,  0.0 wa,  0.0 hi,  0.0 si,  0.0 st
KiB Mem : 65877712 total, 57573944 free,  1741260 used,  6562508 buff/cache
KiB Swap: 33554428 total, 32356272 free,  1198156 used. 62941968 avail Mem 
--
top - 12:53:22 up 105 days,  4:35,  0 users,  load average: 2.84, 1.04, 0.70
Tasks: 397 total,   2 running, 395 sleeping,   0 stopped,   0 zombie
%Cpu(s): 20.2 us,  0.4 sy,  0.0 ni, 79.5 id,  0.0 wa,  0.0 hi,  0.0 si,  0.0 st
KiB Mem : 65877712 total, 57490604 free,  1824600 used,  6562508 buff/cache
KiB Swap: 33554428 total, 32356272 free,  1198156 used. 62858628 avail Mem 
--
top - 12:53:27 up 105 days,  4:35,  0 users,  load average: 2.61, 1.02, 0.69
Tasks: 397 total,   1 running, 396 sleeping,   0 stopped,   0 zombie
%Cpu(s): 37.4 us,  0.4 sy,  0.0 ni, 62.1 id,  0.0 wa,  0.0 hi,  0.0 si,  0.0 st
KiB Mem : 65877712 total, 57559112 free,  1756092 used,  6562508 buff/cache
KiB Swap: 33554428 total, 32356272 free,  1198156 used. 62927136 avail Mem 
--
top - 12:53:33 up 105 days,  4:35,  0 users,  load average: 2.41, 1.01, 0.69
Tasks: 397 total,   1 running, 396 sleeping,   0 stopped,   0 zombie
%Cpu(s):  0.1 us,  0.0 sy,  0.0 ni, 99.9 id,  0.0 wa,  0.0 hi,  0.0 si,  0.0 st
KiB Mem : 65877712 total, 57549660 free,  1765544 used,  6562508 buff/cache
KiB Swap: 33554428 total, 32356272 free,  1198156 used. 62917684 avail Mem 
--
top - 12:53:38 up 105 days,  4:35,  0 users,  load average: 2.21, 0.99, 0.68
Tasks: 397 total,   1 running, 396 sleeping,   0 stopped,   0 zombie
%Cpu(s):  0.1 us,  0.1 sy,  0.0 ni, 99.8 id,  0.0 wa,  0.0 hi,  0.0 si,  0.0 st
KiB Mem : 65877712 total, 57500160 free,  1815044 used,  6562508 buff/cache
KiB Swap: 33554428 total, 32356272 free,  1198156 used. 62868184 avail Mem 
--
top - 12:53:43 up 105 days,  4:35,  0 users,  load average: 2.04, 0.97, 0.68
Tasks: 397 total,   1 running, 396 sleeping,   0 stopped,   0 zombie
%Cpu(s):  0.1 us,  0.1 sy,  0.0 ni, 99.8 id,  0.0 wa,  0.0 hi,  0.0 si,  0.0 st
KiB Mem : 65877712 total, 57463368 free,  1851836 used,  6562508 buff/cache
KiB Swap: 33554428 total, 32356272 free,  1198156 used. 62831392 avail Mem 
--
top - 12:53:48 up 105 days,  4:36,  0 users,  load average: 4.27, 1.45, 0.84
Tasks: 398 total,   2 running, 396 sleeping,   0 stopped,   0 zombie
%Cpu(s): 47.9 us,  0.4 sy,  0.0 ni, 51.6 id,  0.0 wa,  0.0 hi,  0.0 si,  0.0 st
KiB Mem : 65877712 total, 57350040 free,  1965164 used,  6562508 buff/cache
KiB Swap: 33554428 total, 32356272 free,  1198156 used. 62718064 avail Mem 
--
top - 12:53:53 up 105 days,  4:36,  0 users,  load average: 3.93, 1.43, 0.83
Tasks: 398 total,   1 running, 397 sleeping,   0 stopped,   0 zombie
%Cpu(s): 10.1 us,  0.1 sy,  0.0 ni, 89.7 id,  0.0 wa,  0.0 hi,  0.0 si,  0.0 st
KiB Mem : 65877712 total, 57440692 free,  1874512 used,  6562508 buff/cache
KiB Swap: 33554428 total, 32356272 free,  1198156 used. 62808700 avail Mem 
--
top - 12:53:58 up 105 days,  4:36,  0 users,  load average: 3.62, 1.41, 0.83
Tasks: 398 total,   1 running, 397 sleeping,   0 stopped,   0 zombie
%Cpu(s):  0.1 us,  0.1 sy,  0.0 ni, 99.8 id,  0.0 wa,  0.0 hi,  0.0 si,  0.0 st
KiB Mem : 65877712 total, 57411500 free,  1903700 used,  6562512 buff/cache
KiB Swap: 33554428 total, 32356272 free,  1198156 used. 62779528 avail Mem 
--
top - 12:54:03 up 105 days,  4:36,  0 users,  load average: 3.33, 1.38, 0.82
Tasks: 399 total,   1 running, 398 sleeping,   0 stopped,   0 zombie
%Cpu(s):  0.5 us,  0.3 sy,  0.0 ni, 98.8 id,  0.3 wa,  0.0 hi,  0.0 si,  0.0 st
KiB Mem : 65877712 total, 57353128 free,  1962104 used,  6562480 buff/cache
KiB Swap: 33554428 total, 32356272 free,  1198156 used. 62721140 avail Mem 
--
top - 12:54:08 up 105 days,  4:36,  0 users,  load average: 3.86, 1.53, 0.87
Tasks: 399 total,   1 running, 398 sleeping,   0 stopped,   0 zombie
%Cpu(s): 55.8 us,  0.6 sy,  0.0 ni, 43.6 id,  0.0 wa,  0.0 hi,  0.0 si,  0.0 st
KiB Mem : 65877712 total, 57236588 free,  2078644 used,  6562480 buff/cache
KiB Swap: 33554428 total, 32356272 free,  1198156 used. 62604600 avail Mem 
