10.149.0.63
2023/12/27 12:41:52 Master node address: http://10.149.0.54:8000
2023/12/27 12:41:52 Benchmarking worker...
2023/12/27 12:41:54 Worker registered (1797 MCUPS). Waiting for work...
2023/12/27 12:42:40 Got work. Start calculating alignments...
2023/12/27 12:42:40 Calculating 1965 queries
2023/12/27 12:42:45 Done calculating alignments.
2023/12/27 12:42:45 Waiting for work...
2023/12/27 12:43:02 Got work. Start calculating alignments...
2023/12/27 12:43:02 Calculating 1965 queries
2023/12/27 12:43:06 Done calculating alignments.
2023/12/27 12:43:06 Waiting for work...
2023/12/27 12:43:27 Got work. Start calculating alignments...
2023/12/27 12:43:27 Calculating 1965 queries
2023/12/27 12:43:32 Done calculating alignments.
2023/12/27 12:43:32 Waiting for work...
2023/12/27 12:43:50 Got work. Start calculating alignments...
2023/12/27 12:43:50 Calculating 1966 queries
2023/12/27 12:43:55 Done calculating alignments.
2023/12/27 12:43:55 Waiting for work...
2023/12/27 12:44:12 Got work. Start calculating alignments...
2023/12/27 12:44:12 Calculating 1966 queries
2023/12/27 12:44:17 Done calculating alignments.
2023/12/27 12:44:17 Waiting for work...
slurmstepd: error: *** JOB 4753212 ON node063 CANCELLED AT 2023-12-27T12:44:18 ***
