10.149.0.39
2023/12/27 12:44:23 Master node address: http://10.149.0.56:8000
2023/12/27 12:44:23 Benchmarking worker...
2023/12/27 12:44:24 Worker registered (1807 MCUPS). Waiting for work...
2023/12/27 12:45:09 Got work. Start calculating alignments...
2023/12/27 12:45:09 Calculating 1981 queries
2023/12/27 12:45:15 Done calculating alignments.
2023/12/27 12:45:15 Waiting for work...
2023/12/27 12:45:52 Got work. Start calculating alignments...
2023/12/27 12:45:52 Calculating 1981 queries
2023/12/27 12:45:57 Done calculating alignments.
2023/12/27 12:45:57 Waiting for work...
2023/12/27 12:46:37 Got work. Start calculating alignments...
2023/12/27 12:46:37 Calculating 1981 queries
2023/12/27 12:46:42 Done calculating alignments.
2023/12/27 12:46:42 Waiting for work...
2023/12/27 12:47:19 Got work. Start calculating alignments...
2023/12/27 12:47:19 Calculating 1981 queries
2023/12/27 12:47:23 Done calculating alignments.
2023/12/27 12:47:23 Waiting for work...
2023/12/27 12:48:03 Got work. Start calculating alignments...
2023/12/27 12:48:03 Calculating 1980 queries
2023/12/27 12:48:06 Done calculating alignments.
2023/12/27 12:48:06 Waiting for work...
slurmstepd: error: *** JOB 4753235 ON node039 CANCELLED AT 2023-12-27T12:48:12 ***
