10.149.0.35
2023/12/27 12:54:14 Master node address: http://10.149.0.54:8000
2023/12/27 12:54:14 Benchmarking worker...
2023/12/27 12:54:16 Worker registered (1791 MCUPS). Waiting for work...
2023/12/27 12:55:22 Got work. Start calculating alignments...
2023/12/27 12:55:22 Calculating 1962 queries
2023/12/27 12:55:25 Done calculating alignments.
2023/12/27 12:55:25 Waiting for work...
2023/12/27 12:56:03 Got work. Start calculating alignments...
2023/12/27 12:56:03 Calculating 1963 queries
2023/12/27 12:56:07 Done calculating alignments.
2023/12/27 12:56:07 Waiting for work...
2023/12/27 12:56:49 Got work. Start calculating alignments...
2023/12/27 12:56:49 Calculating 1963 queries
2023/12/27 12:56:52 Done calculating alignments.
2023/12/27 12:56:52 Waiting for work...
2023/12/27 12:57:37 Got work. Start calculating alignments...
2023/12/27 12:57:37 Calculating 1963 queries
2023/12/27 12:57:43 Done calculating alignments.
2023/12/27 12:57:43 Waiting for work...
2023/12/27 12:58:26 Got work. Start calculating alignments...
2023/12/27 12:58:26 Calculating 1963 queries
2023/12/27 12:58:31 Done calculating alignments.
2023/12/27 12:58:31 Waiting for work...
slurmstepd: error: *** JOB 4753292 ON node035 CANCELLED AT 2023-12-27T12:58:34 ***
