Job id: 4753227
Worker ip: 10.149.0.60
Master ip: 10.149.0.56
--
top - 12:44:21 up 105 days,  4:28,  0 users,  load average: 0.61, 1.97, 1.22
Tasks: 403 total,   2 running, 401 sleeping,   0 stopped,   0 zombie
%Cpu(s):  2.7 us,  4.6 sy,  0.0 ni, 92.4 id,  0.0 wa,  0.0 hi,  0.3 si,  0.0 st
KiB Mem : 65877692 total, 53125204 free,  1269436 used, 11483052 buff/cache
KiB Swap: 33554428 total, 31906672 free,  1647756 used. 63421256 avail Mem 
--
top - 12:44:26 up 105 days,  4:28,  0 users,  load average: 0.56, 1.93, 1.21
Tasks: 404 total,   1 running, 403 sleeping,   0 stopped,   0 zombie
%Cpu(s):  1.7 us,  0.4 sy,  0.0 ni, 97.8 id,  0.0 wa,  0.0 hi,  0.0 si,  0.0 st
KiB Mem : 65877692 total, 53105540 free,  1282304 used, 11489848 buff/cache
KiB Swap: 33554428 total, 31906672 free,  1647756 used. 63408264 avail Mem 
--
top - 12:44:31 up 105 days,  4:28,  0 users,  load average: 0.51, 1.90, 1.21
Tasks: 404 total,   1 running, 403 sleeping,   0 stopped,   0 zombie
%Cpu(s):  0.0 us,  0.0 sy,  0.0 ni,100.0 id,  0.0 wa,  0.0 hi,  0.0 si,  0.0 st
KiB Mem : 65877692 total, 53105740 free,  1282104 used, 11489848 buff/cache
KiB Swap: 33554428 total, 31906672 free,  1647756 used. 63408464 avail Mem 
--
top - 12:44:36 up 105 days,  4:28,  0 users,  load average: 0.47, 1.87, 1.20
Tasks: 404 total,   1 running, 403 sleeping,   0 stopped,   0 zombie
%Cpu(s):  0.0 us,  0.0 sy,  0.0 ni,100.0 id,  0.0 wa,  0.0 hi,  0.0 si,  0.0 st
KiB Mem : 65877692 total, 53102016 free,  1285828 used, 11489848 buff/cache
KiB Swap: 33554428 total, 31906672 free,  1647756 used. 63404740 avail Mem 
--
top - 12:44:41 up 105 days,  4:28,  0 users,  load average: 0.44, 1.84, 1.19
Tasks: 405 total,   1 running, 404 sleeping,   0 stopped,   0 zombie
%Cpu(s):  0.1 us,  0.0 sy,  0.0 ni, 99.9 id,  0.0 wa,  0.0 hi,  0.0 si,  0.0 st
KiB Mem : 65877692 total, 53076164 free,  1311680 used, 11489848 buff/cache
KiB Swap: 33554428 total, 31906672 free,  1647756 used. 63378888 avail Mem 
--
top - 12:44:46 up 105 days,  4:28,  0 users,  load average: 0.40, 1.81, 1.19
Tasks: 405 total,   1 running, 404 sleeping,   0 stopped,   0 zombie
%Cpu(s):  0.1 us,  0.0 sy,  0.0 ni, 99.8 id,  0.0 wa,  0.0 hi,  0.0 si,  0.0 st
KiB Mem : 65877692 total, 53052908 free,  1334548 used, 11490236 buff/cache
KiB Swap: 33554428 total, 31907124 free,  1647304 used. 63355632 avail Mem 
--
top - 12:44:51 up 105 days,  4:28,  0 users,  load average: 0.37, 1.78, 1.18
Tasks: 406 total,   1 running, 405 sleeping,   0 stopped,   0 zombie
%Cpu(s):  0.1 us,  0.1 sy,  0.0 ni, 99.9 id,  0.0 wa,  0.0 hi,  0.0 si,  0.0 st
KiB Mem : 65877692 total, 53029568 free,  1357888 used, 11490236 buff/cache
KiB Swap: 33554428 total, 31907124 free,  1647304 used. 63332292 avail Mem 
--
top - 12:44:56 up 105 days,  4:28,  0 users,  load average: 0.34, 1.75, 1.17
Tasks: 406 total,   1 running, 405 sleeping,   0 stopped,   0 zombie
%Cpu(s):  0.1 us,  0.1 sy,  0.0 ni, 99.9 id,  0.0 wa,  0.0 hi,  0.0 si,  0.0 st
KiB Mem : 65877692 total, 53008344 free,  1379112 used, 11490236 buff/cache
KiB Swap: 33554428 total, 31907124 free,  1647304 used. 63311068 avail Mem 
--
top - 12:45:01 up 105 days,  4:28,  0 users,  load average: 0.31, 1.72, 1.17
Tasks: 406 total,   1 running, 405 sleeping,   0 stopped,   0 zombie
%Cpu(s):  0.1 us,  0.0 sy,  0.0 ni, 99.9 id,  0.0 wa,  0.0 hi,  0.0 si,  0.0 st
KiB Mem : 65877692 total, 52986844 free,  1401000 used, 11489848 buff/cache
KiB Swap: 33554428 total, 31907124 free,  1647304 used. 63289568 avail Mem 
--
top - 12:45:06 up 105 days,  4:28,  0 users,  load average: 0.29, 1.69, 1.16
Tasks: 399 total,   1 running, 398 sleeping,   0 stopped,   0 zombie
%Cpu(s):  0.1 us,  0.0 sy,  0.0 ni, 99.9 id,  0.0 wa,  0.0 hi,  0.0 si,  0.0 st
KiB Mem : 65877692 total, 52959836 free,  1428008 used, 11489848 buff/cache
KiB Swap: 33554428 total, 31907124 free,  1647304 used. 63262560 avail Mem 
--
top - 12:45:11 up 105 days,  4:29,  0 users,  load average: 2.59, 2.14, 1.31
Tasks: 399 total,   1 running, 398 sleeping,   0 stopped,   0 zombie
%Cpu(s): 61.0 us,  0.5 sy,  0.0 ni, 38.4 id,  0.1 wa,  0.0 hi,  0.0 si,  0.0 st
KiB Mem : 65877692 total, 52595260 free,  1792584 used, 11489848 buff/cache
KiB Swap: 33554428 total, 31907124 free,  1647304 used. 62897984 avail Mem 
--
top - 12:45:16 up 105 days,  4:29,  0 users,  load average: 2.38, 2.11, 1.30
Tasks: 399 total,   1 running, 398 sleeping,   0 stopped,   0 zombie
%Cpu(s):  0.0 us,  0.0 sy,  0.0 ni, 99.9 id,  0.0 wa,  0.0 hi,  0.0 si,  0.0 st
KiB Mem : 65877692 total, 52746504 free,  1641340 used, 11489848 buff/cache
KiB Swap: 33554428 total, 31907124 free,  1647304 used. 63049228 avail Mem 
--
top - 12:45:21 up 105 days,  4:29,  0 users,  load average: 2.19, 2.07, 1.30
Tasks: 399 total,   1 running, 398 sleeping,   0 stopped,   0 zombie
%Cpu(s):  0.0 us,  0.0 sy,  0.0 ni, 99.9 id,  0.0 wa,  0.0 hi,  0.0 si,  0.0 st
KiB Mem : 65877692 total, 52747924 free,  1639916 used, 11489852 buff/cache
KiB Swap: 33554428 total, 31907124 free,  1647304 used. 63050652 avail Mem 
--
top - 12:45:26 up 105 days,  4:29,  0 users,  load average: 2.01, 2.04, 1.29
Tasks: 399 total,   1 running, 398 sleeping,   0 stopped,   0 zombie
%Cpu(s):  0.0 us,  0.0 sy,  0.0 ni, 99.9 id,  0.0 wa,  0.0 hi,  0.0 si,  0.0 st
KiB Mem : 65877692 total, 52736732 free,  1651108 used, 11489852 buff/cache
KiB Swap: 33554428 total, 31907124 free,  1647304 used. 63039460 avail Mem 
--
top - 12:45:31 up 105 days,  4:29,  0 users,  load average: 1.85, 2.01, 1.28
Tasks: 399 total,   1 running, 398 sleeping,   0 stopped,   0 zombie
%Cpu(s):  0.1 us,  0.0 sy,  0.0 ni, 99.9 id,  0.0 wa,  0.0 hi,  0.0 si,  0.0 st
KiB Mem : 65877692 total, 52712956 free,  1674884 used, 11489852 buff/cache
KiB Swap: 33554428 total, 31907124 free,  1647304 used. 63015684 avail Mem 
--
top - 12:45:36 up 105 days,  4:29,  0 users,  load average: 1.70, 1.97, 1.28
Tasks: 399 total,   2 running, 397 sleeping,   0 stopped,   0 zombie
%Cpu(s):  0.1 us,  0.1 sy,  0.0 ni, 99.9 id,  0.0 wa,  0.0 hi,  0.0 si,  0.0 st
KiB Mem : 65877692 total, 52690884 free,  1696956 used, 11489852 buff/cache
KiB Swap: 33554428 total, 31907124 free,  1647304 used. 62993612 avail Mem 
--
top - 12:45:42 up 105 days,  4:29,  0 users,  load average: 1.57, 1.94, 1.27
Tasks: 397 total,   2 running, 395 sleeping,   0 stopped,   0 zombie
%Cpu(s):  0.1 us,  0.1 sy,  0.0 ni, 99.9 id,  0.0 wa,  0.0 hi,  0.0 si,  0.0 st
KiB Mem : 65877692 total, 52667680 free,  1720160 used, 11489852 buff/cache
KiB Swap: 33554428 total, 31907124 free,  1647304 used. 62970408 avail Mem 
--
top - 12:45:47 up 105 days,  4:29,  0 users,  load average: 1.44, 1.91, 1.26
Tasks: 397 total,   1 running, 396 sleeping,   0 stopped,   0 zombie
%Cpu(s):  0.1 us,  0.0 sy,  0.0 ni, 99.9 id,  0.0 wa,  0.0 hi,  0.0 si,  0.0 st
KiB Mem : 65877692 total, 52637476 free,  1750344 used, 11489872 buff/cache
KiB Swap: 33554428 total, 31907144 free,  1647284 used. 62940204 avail Mem 
--
top - 12:45:52 up 105 days,  4:29,  0 users,  load average: 1.33, 1.88, 1.26
Tasks: 397 total,   1 running, 396 sleeping,   0 stopped,   0 zombie
%Cpu(s):  0.1 us,  0.1 sy,  0.0 ni, 99.9 id,  0.0 wa,  0.0 hi,  0.0 si,  0.0 st
KiB Mem : 65877692 total, 52611552 free,  1776268 used, 11489872 buff/cache
KiB Swap: 33554428 total, 31907144 free,  1647284 used. 62914280 avail Mem 
--
top - 12:45:57 up 105 days,  4:29,  0 users,  load average: 3.62, 2.34, 1.41
Tasks: 397 total,   1 running, 396 sleeping,   0 stopped,   0 zombie
%Cpu(s): 62.1 us,  0.5 sy,  0.0 ni, 37.4 id,  0.0 wa,  0.0 hi,  0.0 si,  0.0 st
KiB Mem : 65877692 total, 52475940 free,  1911900 used, 11489852 buff/cache
KiB Swap: 33554428 total, 31907144 free,  1647284 used. 62778668 avail Mem 
--
top - 12:46:02 up 105 days,  4:29,  0 users,  load average: 3.33, 2.30, 1.40
Tasks: 397 total,   1 running, 396 sleeping,   0 stopped,   0 zombie
%Cpu(s):  0.4 us,  0.2 sy,  0.0 ni, 99.0 id,  0.4 wa,  0.0 hi,  0.0 si,  0.0 st
KiB Mem : 65877692 total, 52601856 free,  1785984 used, 11489852 buff/cache
KiB Swap: 33554428 total, 31907144 free,  1647284 used. 62904584 avail Mem 
--
top - 12:46:07 up 105 days,  4:29,  0 users,  load average: 3.07, 2.27, 1.39
Tasks: 398 total,   1 running, 397 sleeping,   0 stopped,   0 zombie
%Cpu(s):  0.0 us,  0.0 sy,  0.0 ni,100.0 id,  0.0 wa,  0.0 hi,  0.0 si,  0.0 st
KiB Mem : 65877692 total, 52602868 free,  1784972 used, 11489852 buff/cache
KiB Swap: 33554428 total, 31907144 free,  1647284 used. 62905596 avail Mem 
--
top - 12:46:12 up 105 days,  4:30,  0 users,  load average: 2.82, 2.23, 1.39
Tasks: 398 total,   1 running, 397 sleeping,   0 stopped,   0 zombie
%Cpu(s):  0.1 us,  0.0 sy,  0.0 ni, 99.9 id,  0.0 wa,  0.0 hi,  0.0 si,  0.0 st
KiB Mem : 65877692 total, 52586288 free,  1801548 used, 11489856 buff/cache
KiB Swap: 33554428 total, 31907144 free,  1647284 used. 62889020 avail Mem 
--
top - 12:46:17 up 105 days,  4:30,  0 users,  load average: 2.59, 2.19, 1.38
Tasks: 398 total,   1 running, 397 sleeping,   0 stopped,   0 zombie
%Cpu(s):  0.1 us,  0.1 sy,  0.0 ni, 99.9 id,  0.0 wa,  0.0 hi,  0.0 si,  0.0 st
KiB Mem : 65877692 total, 52566044 free,  1821792 used, 11489856 buff/cache
KiB Swap: 33554428 total, 31907144 free,  1647284 used. 62868776 avail Mem 
--
top - 12:46:22 up 105 days,  4:30,  0 users,  load average: 2.39, 2.15, 1.37
Tasks: 398 total,   1 running, 397 sleeping,   0 stopped,   0 zombie
%Cpu(s):  0.1 us,  0.1 sy,  0.0 ni, 99.9 id,  0.0 wa,  0.0 hi,  0.0 si,  0.0 st
KiB Mem : 65877692 total, 52544036 free,  1843800 used, 11489856 buff/cache
KiB Swap: 33554428 total, 31907144 free,  1647284 used. 62846768 avail Mem 
--
top - 12:46:27 up 105 days,  4:30,  0 users,  load average: 2.20, 2.12, 1.37
Tasks: 398 total,   1 running, 397 sleeping,   0 stopped,   0 zombie
%Cpu(s):  0.1 us,  0.0 sy,  0.0 ni, 99.9 id,  0.0 wa,  0.0 hi,  0.0 si,  0.0 st
KiB Mem : 65877692 total, 52513284 free,  1874552 used, 11489856 buff/cache
KiB Swap: 33554428 total, 31907144 free,  1647284 used. 62816016 avail Mem 
--
top - 12:46:32 up 105 days,  4:30,  0 users,  load average: 2.02, 2.08, 1.36
Tasks: 398 total,   1 running, 397 sleeping,   0 stopped,   0 zombie
%Cpu(s):  0.1 us,  0.0 sy,  0.0 ni, 99.9 id,  0.0 wa,  0.0 hi,  0.0 si,  0.0 st
KiB Mem : 65877692 total, 52487836 free,  1900000 used, 11489856 buff/cache
KiB Swap: 33554428 total, 31907144 free,  1647284 used. 62790568 avail Mem 
--
top - 12:46:37 up 105 days,  4:30,  0 users,  load average: 1.86, 2.05, 1.35
Tasks: 398 total,   1 running, 397 sleeping,   0 stopped,   0 zombie
%Cpu(s):  0.1 us,  0.0 sy,  0.0 ni, 99.9 id,  0.0 wa,  0.0 hi,  0.0 si,  0.0 st
KiB Mem : 65877692 total, 52467996 free,  1919840 used, 11489856 buff/cache
KiB Swap: 33554428 total, 31907144 free,  1647284 used. 62770728 avail Mem 
--
top - 12:46:42 up 105 days,  4:30,  0 users,  load average: 1.71, 2.01, 1.34
Tasks: 398 total,   2 running, 396 sleeping,   0 stopped,   0 zombie
%Cpu(s): 48.5 us,  0.6 sy,  0.0 ni, 50.9 id,  0.0 wa,  0.0 hi,  0.0 si,  0.0 st
KiB Mem : 65877692 total, 52380232 free,  2007604 used, 11489856 buff/cache
KiB Swap: 33554428 total, 31907144 free,  1647284 used. 62682964 avail Mem 
--
top - 12:46:47 up 105 days,  4:30,  0 users,  load average: 1.57, 1.98, 1.34
Tasks: 398 total,   2 running, 396 sleeping,   0 stopped,   0 zombie
%Cpu(s): 13.1 us,  0.1 sy,  0.0 ni, 86.8 id,  0.0 wa,  0.0 hi,  0.0 si,  0.0 st
KiB Mem : 65877692 total, 52503348 free,  1884488 used, 11489856 buff/cache
KiB Swap: 33554428 total, 31907144 free,  1647284 used. 62806080 avail Mem 
--
top - 12:46:52 up 105 days,  4:30,  0 users,  load average: 1.45, 1.95, 1.33
Tasks: 398 total,   1 running, 397 sleeping,   0 stopped,   0 zombie
%Cpu(s):  0.0 us,  0.0 sy,  0.0 ni, 99.9 id,  0.0 wa,  0.0 hi,  0.0 si,  0.0 st
KiB Mem : 65877692 total, 52503244 free,  1884592 used, 11489856 buff/cache
KiB Swap: 33554428 total, 31907144 free,  1647284 used. 62805976 avail Mem 
--
top - 12:46:57 up 105 days,  4:30,  0 users,  load average: 1.33, 1.92, 1.32
Tasks: 398 total,   1 running, 397 sleeping,   0 stopped,   0 zombie
%Cpu(s):  0.1 us,  0.0 sy,  0.0 ni, 99.9 id,  0.0 wa,  0.0 hi,  0.0 si,  0.0 st
KiB Mem : 65877692 total, 52493944 free,  1893892 used, 11489856 buff/cache
KiB Swap: 33554428 total, 31907144 free,  1647284 used. 62796676 avail Mem 
--
top - 12:47:02 up 105 days,  4:30,  0 users,  load average: 1.30, 1.90, 1.32
Tasks: 398 total,   1 running, 397 sleeping,   0 stopped,   0 zombie
%Cpu(s):  0.1 us,  0.1 sy,  0.0 ni, 99.9 id,  0.0 wa,  0.0 hi,  0.0 si,  0.0 st
KiB Mem : 65877692 total, 52468616 free,  1919220 used, 11489856 buff/cache
KiB Swap: 33554428 total, 31907144 free,  1647284 used. 62771348 avail Mem 
--
top - 12:47:07 up 105 days,  4:30,  0 users,  load average: 1.20, 1.87, 1.31
Tasks: 398 total,   1 running, 397 sleeping,   0 stopped,   0 zombie
%Cpu(s):  0.1 us,  0.0 sy,  0.0 ni, 99.9 id,  0.0 wa,  0.0 hi,  0.0 si,  0.0 st
KiB Mem : 65877692 total, 52444112 free,  1943724 used, 11489856 buff/cache
KiB Swap: 33554428 total, 31907144 free,  1647284 used. 62746844 avail Mem 
--
top - 12:47:12 up 105 days,  4:31,  0 users,  load average: 1.10, 1.84, 1.31
Tasks: 398 total,   1 running, 397 sleeping,   0 stopped,   0 zombie
%Cpu(s):  0.1 us,  0.1 sy,  0.0 ni, 99.9 id,  0.0 wa,  0.0 hi,  0.0 si,  0.0 st
KiB Mem : 65877692 total, 52425188 free,  1962648 used, 11489856 buff/cache
KiB Swap: 33554428 total, 31907144 free,  1647284 used. 62727920 avail Mem 
--
top - 12:47:17 up 105 days,  4:31,  0 users,  load average: 1.02, 1.81, 1.30
Tasks: 398 total,   1 running, 397 sleeping,   0 stopped,   0 zombie
%Cpu(s):  0.1 us,  0.0 sy,  0.0 ni, 99.9 id,  0.0 wa,  0.0 hi,  0.0 si,  0.0 st
KiB Mem : 65877692 total, 52403332 free,  1984504 used, 11489856 buff/cache
KiB Swap: 33554428 total, 31907144 free,  1647284 used. 62706064 avail Mem 
--
top - 12:47:22 up 105 days,  4:31,  0 users,  load average: 0.93, 1.78, 1.29
Tasks: 396 total,   2 running, 394 sleeping,   0 stopped,   0 zombie
%Cpu(s): 21.4 us,  0.2 sy,  0.0 ni, 78.3 id,  0.0 wa,  0.0 hi,  0.0 si,  0.0 st
KiB Mem : 65877692 total, 52347696 free,  2040136 used, 11489860 buff/cache
KiB Swap: 33554428 total, 31907144 free,  1647284 used. 62650428 avail Mem 
--
top - 12:47:27 up 105 days,  4:31,  0 users,  load average: 1.58, 1.90, 1.33
Tasks: 396 total,   1 running, 395 sleeping,   0 stopped,   0 zombie
%Cpu(s): 41.9 us,  0.1 sy,  0.0 ni, 57.9 id,  0.0 wa,  0.0 hi,  0.0 si,  0.0 st
KiB Mem : 65877692 total, 52268028 free,  2119804 used, 11489860 buff/cache
KiB Swap: 33554428 total, 31907144 free,  1647284 used. 62570764 avail Mem 
--
top - 12:47:32 up 105 days,  4:31,  0 users,  load average: 1.45, 1.87, 1.33
Tasks: 396 total,   1 running, 395 sleeping,   0 stopped,   0 zombie
%Cpu(s):  0.0 us,  0.0 sy,  0.0 ni, 99.9 id,  0.0 wa,  0.0 hi,  0.0 si,  0.0 st
KiB Mem : 65877692 total, 52391760 free,  1996072 used, 11489860 buff/cache
KiB Swap: 33554428 total, 31907144 free,  1647284 used. 62694496 avail Mem 
--
top - 12:47:37 up 105 days,  4:31,  0 users,  load average: 1.34, 1.84, 1.32
Tasks: 396 total,   1 running, 395 sleeping,   0 stopped,   0 zombie
%Cpu(s):  0.0 us,  0.0 sy,  0.0 ni,100.0 id,  0.0 wa,  0.0 hi,  0.0 si,  0.0 st
KiB Mem : 65877692 total, 52391760 free,  1996072 used, 11489860 buff/cache
KiB Swap: 33554428 total, 31907144 free,  1647284 used. 62694496 avail Mem 
--
top - 12:47:42 up 105 days,  4:31,  0 users,  load average: 1.23, 1.81, 1.31
Tasks: 396 total,   1 running, 395 sleeping,   0 stopped,   0 zombie
%Cpu(s):  0.1 us,  0.1 sy,  0.0 ni, 99.8 id,  0.0 wa,  0.0 hi,  0.0 si,  0.0 st
KiB Mem : 65877692 total, 52367704 free,  2020128 used, 11489860 buff/cache
KiB Swap: 33554428 total, 31907144 free,  1647284 used. 62670440 avail Mem 
--
top - 12:47:47 up 105 days,  4:31,  0 users,  load average: 1.13, 1.78, 1.30
Tasks: 396 total,   1 running, 395 sleeping,   0 stopped,   0 zombie
%Cpu(s):  0.1 us,  0.1 sy,  0.0 ni, 99.9 id,  0.0 wa,  0.0 hi,  0.0 si,  0.0 st
KiB Mem : 65877692 total, 52344576 free,  2043256 used, 11489860 buff/cache
KiB Swap: 33554428 total, 31907144 free,  1647284 used. 62647312 avail Mem 
--
top - 12:47:52 up 105 days,  4:31,  0 users,  load average: 1.04, 1.75, 1.30
Tasks: 397 total,   1 running, 396 sleeping,   0 stopped,   0 zombie
%Cpu(s):  0.1 us,  0.1 sy,  0.0 ni, 99.8 id,  0.0 wa,  0.0 hi,  0.0 si,  0.0 st
KiB Mem : 65877692 total, 52317828 free,  2070004 used, 11489860 buff/cache
KiB Swap: 33554428 total, 31907144 free,  1647284 used. 62620564 avail Mem 
--
top - 12:47:57 up 105 days,  4:31,  0 users,  load average: 0.96, 1.72, 1.29
Tasks: 397 total,   1 running, 396 sleeping,   0 stopped,   0 zombie
%Cpu(s):  0.1 us,  0.0 sy,  0.0 ni, 99.9 id,  0.0 wa,  0.0 hi,  0.0 si,  0.0 st
KiB Mem : 65877692 total, 52298020 free,  2089812 used, 11489860 buff/cache
KiB Swap: 33554428 total, 31907144 free,  1647284 used. 62600756 avail Mem 
--
top - 12:48:02 up 105 days,  4:31,  0 users,  load average: 0.88, 1.69, 1.28
Tasks: 400 total,   1 running, 399 sleeping,   0 stopped,   0 zombie
%Cpu(s):  0.5 us,  0.2 sy,  0.0 ni, 98.9 id,  0.3 wa,  0.0 hi,  0.0 si,  0.0 st
KiB Mem : 65877692 total, 52262356 free,  2125472 used, 11489864 buff/cache
KiB Swap: 33554428 total, 31907144 free,  1647284 used. 62565096 avail Mem 
--
top - 12:48:07 up 105 days,  4:32,  0 users,  load average: 2.89, 2.09, 1.42
Tasks: 400 total,   1 running, 399 sleeping,   0 stopped,   0 zombie
%Cpu(s): 62.5 us,  0.4 sy,  0.0 ni, 37.1 id,  0.0 wa,  0.0 hi,  0.0 si,  0.0 st
KiB Mem : 65877692 total, 52143264 free,  2244564 used, 11489864 buff/cache
KiB Swap: 33554428 total, 31907144 free,  1647284 used. 62446004 avail Mem 
