Job id: 4753202
Worker ip: 10.149.0.60
Master ip: 10.149.0.56
--
top - 12:40:38 up 105 days,  4:24,  0 users,  load average: 3.11, 1.74, 0.85
Tasks: 404 total,   2 running, 402 sleeping,   0 stopped,   0 zombie
%Cpu(s):  2.7 us,  5.0 sy,  0.0 ni, 91.8 id,  0.0 wa,  0.0 hi,  0.5 si,  0.0 st
KiB Mem : 65877692 total, 53134440 free,  1266944 used, 11476308 buff/cache
KiB Swap: 33554428 total, 31906656 free,  1647772 used. 63423844 avail Mem 
--
top - 12:40:43 up 105 days,  4:24,  0 users,  load average: 2.86, 1.71, 0.84
Tasks: 405 total,   1 running, 404 sleeping,   0 stopped,   0 zombie
%Cpu(s):  1.6 us,  0.3 sy,  0.0 ni, 98.1 id,  0.0 wa,  0.0 hi,  0.0 si,  0.0 st
KiB Mem : 65877692 total, 53114580 free,  1280060 used, 11483052 buff/cache
KiB Swap: 33554428 total, 31906656 free,  1647772 used. 63410632 avail Mem 
--
top - 12:40:48 up 105 days,  4:24,  0 users,  load average: 2.63, 1.68, 0.84
Tasks: 405 total,   1 running, 404 sleeping,   0 stopped,   0 zombie
%Cpu(s):  0.0 us,  0.0 sy,  0.0 ni,100.0 id,  0.0 wa,  0.0 hi,  0.0 si,  0.0 st
KiB Mem : 65877692 total, 53114576 free,  1280064 used, 11483052 buff/cache
KiB Swap: 33554428 total, 31906656 free,  1647772 used. 63410628 avail Mem 
--
top - 12:40:53 up 105 days,  4:24,  0 users,  load average: 2.42, 1.66, 0.83
Tasks: 405 total,   1 running, 404 sleeping,   0 stopped,   0 zombie
%Cpu(s): 10.0 us,  0.4 sy,  0.0 ni, 89.6 id,  0.0 wa,  0.0 hi,  0.0 si,  0.0 st
KiB Mem : 65877692 total, 52765256 free,  1629384 used, 11483052 buff/cache
KiB Swap: 33554428 total, 31906656 free,  1647772 used. 63061308 avail Mem 
--
top - 12:40:58 up 105 days,  4:24,  0 users,  load average: 4.63, 2.13, 0.99
Tasks: 405 total,   1 running, 404 sleeping,   0 stopped,   0 zombie
%Cpu(s): 52.8 us,  0.2 sy,  0.0 ni, 47.0 id,  0.0 wa,  0.0 hi,  0.0 si,  0.0 st
KiB Mem : 65877692 total, 52749260 free,  1645380 used, 11483052 buff/cache
KiB Swap: 33554428 total, 31906656 free,  1647772 used. 63045312 avail Mem 
--
top - 12:41:03 up 105 days,  4:24,  0 users,  load average: 4.26, 2.09, 0.98
Tasks: 401 total,   1 running, 400 sleeping,   0 stopped,   0 zombie
%Cpu(s):  0.1 us,  0.1 sy,  0.0 ni, 99.7 id,  0.0 wa,  0.0 hi,  0.0 si,  0.0 st
KiB Mem : 65877692 total, 52687788 free,  1706852 used, 11483052 buff/cache
KiB Swap: 33554428 total, 31906656 free,  1647772 used. 62983840 avail Mem 
--
top - 12:41:08 up 105 days,  4:25,  0 users,  load average: 3.92, 2.06, 0.98
Tasks: 401 total,   1 running, 400 sleeping,   0 stopped,   0 zombie
%Cpu(s): 43.9 us,  0.3 sy,  0.0 ni, 55.7 id,  0.0 wa,  0.0 hi,  0.0 si,  0.0 st
KiB Mem : 65877692 total, 52544084 free,  1850556 used, 11483052 buff/cache
KiB Swap: 33554428 total, 31906656 free,  1647772 used. 62840136 avail Mem 
--
top - 12:41:13 up 105 days,  4:25,  0 users,  load average: 4.33, 2.17, 1.02
Tasks: 401 total,   1 running, 400 sleeping,   0 stopped,   0 zombie
%Cpu(s): 18.0 us,  0.2 sy,  0.0 ni, 81.8 id,  0.0 wa,  0.0 hi,  0.0 si,  0.0 st
KiB Mem : 65877692 total, 52620264 free,  1774376 used, 11483052 buff/cache
KiB Swap: 33554428 total, 31906656 free,  1647772 used. 62916316 avail Mem 
--
top - 12:41:18 up 105 days,  4:25,  0 users,  load average: 3.98, 2.14, 1.02
Tasks: 401 total,   1 running, 400 sleeping,   0 stopped,   0 zombie
%Cpu(s):  0.3 us,  0.2 sy,  0.0 ni, 99.6 id,  0.0 wa,  0.0 hi,  0.0 si,  0.0 st
KiB Mem : 65877692 total, 52524408 free,  1870232 used, 11483052 buff/cache
KiB Swap: 33554428 total, 31906656 free,  1647772 used. 62820460 avail Mem 
--
top - 12:41:23 up 105 days,  4:25,  0 users,  load average: 6.06, 2.60, 1.17
Tasks: 401 total,   1 running, 400 sleeping,   0 stopped,   0 zombie
%Cpu(s): 68.8 us,  0.5 sy,  0.0 ni, 30.6 id,  0.0 wa,  0.0 hi,  0.0 si,  0.0 st
KiB Mem : 65877692 total, 52379408 free,  2015232 used, 11483052 buff/cache
KiB Swap: 33554428 total, 31906656 free,  1647772 used. 62675460 avail Mem 
--
top - 12:41:28 up 105 days,  4:25,  0 users,  load average: 5.58, 2.56, 1.17
Tasks: 401 total,   1 running, 400 sleeping,   0 stopped,   0 zombie
%Cpu(s):  1.0 us,  0.1 sy,  0.0 ni, 99.0 id,  0.0 wa,  0.0 hi,  0.0 si,  0.0 st
KiB Mem : 65877692 total, 52466336 free,  1928304 used, 11483052 buff/cache
KiB Swap: 33554428 total, 31906656 free,  1647772 used. 62762388 avail Mem 
--
top - 12:41:33 up 105 days,  4:25,  0 users,  load average: 5.13, 2.51, 1.16
Tasks: 401 total,   2 running, 399 sleeping,   0 stopped,   0 zombie
%Cpu(s): 25.4 us,  0.3 sy,  0.0 ni, 74.2 id,  0.0 wa,  0.0 hi,  0.0 si,  0.0 st
KiB Mem : 65877692 total, 52343360 free,  2051276 used, 11483056 buff/cache
KiB Swap: 33554428 total, 31906656 free,  1647772 used. 62639412 avail Mem 
--
top - 12:41:38 up 105 days,  4:25,  0 users,  load average: 7.20, 2.99, 1.32
Tasks: 401 total,   1 running, 400 sleeping,   0 stopped,   0 zombie
%Cpu(s): 38.4 us,  0.2 sy,  0.0 ni, 61.3 id,  0.0 wa,  0.0 hi,  0.0 si,  0.0 st
KiB Mem : 65877692 total, 52379756 free,  2014880 used, 11483056 buff/cache
KiB Swap: 33554428 total, 31906656 free,  1647772 used. 62675812 avail Mem 
--
top - 12:41:43 up 105 days,  4:25,  0 users,  load average: 6.63, 2.94, 1.31
Tasks: 401 total,   2 running, 399 sleeping,   0 stopped,   0 zombie
%Cpu(s):  0.2 us,  0.2 sy,  0.0 ni, 99.5 id,  0.0 wa,  0.0 hi,  0.0 si,  0.0 st
KiB Mem : 65877692 total, 52307804 free,  2086832 used, 11483056 buff/cache
KiB Swap: 33554428 total, 31906656 free,  1647772 used. 62603860 avail Mem 
--
top - 12:41:48 up 105 days,  4:25,  0 users,  load average: 8.10, 3.30, 1.44
Tasks: 401 total,   1 running, 400 sleeping,   0 stopped,   0 zombie
%Cpu(s): 61.6 us,  0.5 sy,  0.0 ni, 37.9 id,  0.0 wa,  0.0 hi,  0.0 si,  0.0 st
KiB Mem : 65877692 total, 52273248 free,  2121388 used, 11483056 buff/cache
KiB Swap: 33554428 total, 31906656 free,  1647772 used. 62569304 avail Mem 
