Job id: 4753279
Worker ip: 10.149.0.32
Master ip: 10.149.0.56
--
top - 12:52:07 up 105 days,  4:35,  0 users,  load average: 0.09, 0.35, 0.42
Tasks: 396 total,   2 running, 394 sleeping,   0 stopped,   0 zombie
%Cpu(s):  3.1 us,  4.4 sy,  0.0 ni, 92.1 id,  0.0 wa,  0.0 hi,  0.4 si,  0.0 st
KiB Mem : 65877712 total, 57011372 free,  1180228 used,  7686112 buff/cache
KiB Swap: 33554428 total, 32283920 free,  1270508 used. 63540964 avail Mem 
--
top - 12:52:12 up 105 days,  4:35,  0 users,  load average: 0.08, 0.34, 0.42
Tasks: 398 total,   1 running, 397 sleeping,   0 stopped,   0 zombie
%Cpu(s):  1.6 us,  0.4 sy,  0.0 ni, 98.0 id,  0.0 wa,  0.0 hi,  0.0 si,  0.0 st
KiB Mem : 65877712 total, 56997384 free,  1187596 used,  7692732 buff/cache
KiB Swap: 33554428 total, 32283920 free,  1270508 used. 63533556 avail Mem 
--
top - 12:52:17 up 105 days,  4:35,  0 users,  load average: 0.07, 0.34, 0.42
Tasks: 398 total,   1 running, 397 sleeping,   0 stopped,   0 zombie
%Cpu(s):  0.0 us,  0.0 sy,  0.0 ni,100.0 id,  0.0 wa,  0.0 hi,  0.0 si,  0.0 st
KiB Mem : 65877712 total, 56998484 free,  1186496 used,  7692732 buff/cache
KiB Swap: 33554428 total, 32283920 free,  1270508 used. 63534656 avail Mem 
--
top - 12:52:22 up 105 days,  4:35,  0 users,  load average: 0.07, 0.33, 0.42
Tasks: 398 total,   1 running, 397 sleeping,   0 stopped,   0 zombie
%Cpu(s):  0.1 us,  0.1 sy,  0.0 ni, 99.8 id,  0.0 wa,  0.0 hi,  0.0 si,  0.0 st
KiB Mem : 65877712 total, 56964168 free,  1220812 used,  7692732 buff/cache
KiB Swap: 33554428 total, 32283920 free,  1270508 used. 63500340 avail Mem 
--
top - 12:52:27 up 105 days,  4:35,  0 users,  load average: 0.06, 0.33, 0.41
Tasks: 398 total,   2 running, 396 sleeping,   0 stopped,   0 zombie
%Cpu(s):  0.1 us,  0.1 sy,  0.0 ni, 99.8 id,  0.0 wa,  0.0 hi,  0.0 si,  0.0 st
KiB Mem : 65877712 total, 56910140 free,  1274840 used,  7692732 buff/cache
KiB Swap: 33554428 total, 32283920 free,  1270508 used. 63446312 avail Mem 
--
top - 12:52:32 up 105 days,  4:35,  0 users,  load average: 0.14, 0.34, 0.42
Tasks: 398 total,   1 running, 397 sleeping,   0 stopped,   0 zombie
%Cpu(s):  0.1 us,  0.1 sy,  0.0 ni, 99.8 id,  0.0 wa,  0.0 hi,  0.0 si,  0.0 st
KiB Mem : 65877712 total, 56854720 free,  1330260 used,  7692732 buff/cache
KiB Swap: 33554428 total, 32283920 free,  1270508 used. 63390892 avail Mem 
--
top - 12:52:37 up 105 days,  4:35,  0 users,  load average: 2.45, 0.81, 0.57
Tasks: 401 total,   1 running, 400 sleeping,   0 stopped,   0 zombie
%Cpu(s): 59.6 us,  0.5 sy,  0.0 ni, 39.9 id,  0.0 wa,  0.0 hi,  0.0 si,  0.0 st
KiB Mem : 65877712 total, 56490420 free,  1694560 used,  7692732 buff/cache
KiB Swap: 33554428 total, 32283920 free,  1270508 used. 63026592 avail Mem 
--
top - 12:52:42 up 105 days,  4:35,  0 users,  load average: 2.25, 0.80, 0.57
Tasks: 401 total,   1 running, 400 sleeping,   0 stopped,   0 zombie
%Cpu(s):  0.0 us,  0.0 sy,  0.0 ni, 99.9 id,  0.0 wa,  0.0 hi,  0.0 si,  0.0 st
KiB Mem : 65877712 total, 56635288 free,  1549692 used,  7692732 buff/cache
KiB Swap: 33554428 total, 32283920 free,  1270508 used. 63171460 avail Mem 
--
top - 12:52:47 up 105 days,  4:36,  0 users,  load average: 2.07, 0.79, 0.56
Tasks: 401 total,   1 running, 400 sleeping,   0 stopped,   0 zombie
%Cpu(s):  0.1 us,  0.1 sy,  0.0 ni, 99.8 id,  0.0 wa,  0.0 hi,  0.0 si,  0.0 st
KiB Mem : 65877712 total, 56600440 free,  1584540 used,  7692732 buff/cache
KiB Swap: 33554428 total, 32283920 free,  1270508 used. 63136612 avail Mem 
--
top - 12:52:52 up 105 days,  4:36,  0 users,  load average: 1.91, 0.77, 0.56
Tasks: 401 total,   1 running, 400 sleeping,   0 stopped,   0 zombie
%Cpu(s):  0.1 us,  0.1 sy,  0.0 ni, 99.8 id,  0.0 wa,  0.0 hi,  0.0 si,  0.0 st
KiB Mem : 65877712 total, 56551456 free,  1633524 used,  7692732 buff/cache
KiB Swap: 33554428 total, 32283920 free,  1270508 used. 63087628 avail Mem 
--
top - 12:52:57 up 105 days,  4:36,  0 users,  load average: 1.75, 0.76, 0.56
Tasks: 401 total,   2 running, 399 sleeping,   0 stopped,   0 zombie
%Cpu(s): 16.2 us,  0.2 sy,  0.0 ni, 83.6 id,  0.0 wa,  0.0 hi,  0.0 si,  0.0 st
KiB Mem : 65877712 total, 56467468 free,  1717512 used,  7692732 buff/cache
KiB Swap: 33554428 total, 32283920 free,  1270508 used. 63003636 avail Mem 
--
top - 12:53:03 up 105 days,  4:36,  0 users,  load average: 1.85, 0.80, 0.57
Tasks: 401 total,   1 running, 400 sleeping,   0 stopped,   0 zombie
%Cpu(s): 41.1 us,  0.3 sy,  0.0 ni, 58.6 id,  0.0 wa,  0.0 hi,  0.0 si,  0.0 st
KiB Mem : 65877712 total, 56475276 free,  1709700 used,  7692736 buff/cache
KiB Swap: 33554428 total, 32283920 free,  1270508 used. 63011452 avail Mem 
--
top - 12:53:08 up 105 days,  4:36,  0 users,  load average: 1.70, 0.79, 0.57
Tasks: 401 total,   1 running, 400 sleeping,   0 stopped,   0 zombie
%Cpu(s):  0.1 us,  0.0 sy,  0.0 ni, 99.9 id,  0.0 wa,  0.0 hi,  0.0 si,  0.0 st
KiB Mem : 65877712 total, 56489372 free,  1695604 used,  7692736 buff/cache
KiB Swap: 33554428 total, 32283920 free,  1270508 used. 63025548 avail Mem 
--
top - 12:53:13 up 105 days,  4:36,  0 users,  load average: 1.57, 0.77, 0.57
Tasks: 401 total,   1 running, 400 sleeping,   0 stopped,   0 zombie
%Cpu(s):  0.1 us,  0.1 sy,  0.0 ni, 99.8 id,  0.0 wa,  0.0 hi,  0.0 si,  0.0 st
KiB Mem : 65877712 total, 56438504 free,  1746472 used,  7692736 buff/cache
KiB Swap: 33554428 total, 32283920 free,  1270508 used. 62974680 avail Mem 
--
top - 12:53:18 up 105 days,  4:36,  0 users,  load average: 1.44, 0.76, 0.56
Tasks: 401 total,   1 running, 400 sleeping,   0 stopped,   0 zombie
%Cpu(s):  0.1 us,  0.1 sy,  0.0 ni, 99.8 id,  0.0 wa,  0.0 hi,  0.0 si,  0.0 st
KiB Mem : 65877712 total, 56394300 free,  1790676 used,  7692736 buff/cache
KiB Swap: 33554428 total, 32283920 free,  1270508 used. 62930476 avail Mem 
--
top - 12:53:23 up 105 days,  4:36,  0 users,  load average: 1.33, 0.75, 0.56
Tasks: 401 total,   2 running, 399 sleeping,   0 stopped,   0 zombie
%Cpu(s): 20.7 us,  0.2 sy,  0.0 ni, 79.1 id,  0.0 wa,  0.0 hi,  0.0 si,  0.0 st
KiB Mem : 65877712 total, 56312972 free,  1872004 used,  7692736 buff/cache
KiB Swap: 33554428 total, 32283920 free,  1270508 used. 62849148 avail Mem 
--
top - 12:53:28 up 105 days,  4:36,  0 users,  load average: 1.22, 0.73, 0.56
Tasks: 401 total,   1 running, 400 sleeping,   0 stopped,   0 zombie
%Cpu(s): 37.9 us,  0.2 sy,  0.0 ni, 61.9 id,  0.0 wa,  0.0 hi,  0.0 si,  0.0 st
KiB Mem : 65877712 total, 56378576 free,  1806400 used,  7692736 buff/cache
KiB Swap: 33554428 total, 32283920 free,  1270508 used. 62914752 avail Mem 
--
top - 12:53:33 up 105 days,  4:36,  0 users,  load average: 1.12, 0.72, 0.55
Tasks: 401 total,   1 running, 400 sleeping,   0 stopped,   0 zombie
%Cpu(s):  0.1 us,  0.1 sy,  0.0 ni, 99.9 id,  0.0 wa,  0.0 hi,  0.0 si,  0.0 st
KiB Mem : 65877712 total, 56368448 free,  1816528 used,  7692736 buff/cache
KiB Swap: 33554428 total, 32283920 free,  1270508 used. 62904624 avail Mem 
--
top - 12:53:38 up 105 days,  4:36,  0 users,  load average: 1.03, 0.71, 0.55
Tasks: 401 total,   1 running, 400 sleeping,   0 stopped,   0 zombie
%Cpu(s):  0.1 us,  0.1 sy,  0.0 ni, 99.8 id,  0.0 wa,  0.0 hi,  0.0 si,  0.0 st
KiB Mem : 65877712 total, 56317840 free,  1867136 used,  7692736 buff/cache
KiB Swap: 33554428 total, 32283920 free,  1270508 used. 62854016 avail Mem 
--
top - 12:53:43 up 105 days,  4:37,  0 users,  load average: 0.95, 0.70, 0.55
Tasks: 401 total,   1 running, 400 sleeping,   0 stopped,   0 zombie
%Cpu(s):  0.1 us,  0.1 sy,  0.0 ni, 99.8 id,  0.0 wa,  0.0 hi,  0.0 si,  0.0 st
KiB Mem : 65877712 total, 56274448 free,  1910528 used,  7692736 buff/cache
KiB Swap: 33554428 total, 32283920 free,  1270508 used. 62810624 avail Mem 
--
top - 12:53:48 up 105 days,  4:37,  0 users,  load average: 0.87, 0.69, 0.54
Tasks: 401 total,   2 running, 399 sleeping,   0 stopped,   0 zombie
%Cpu(s): 47.0 us,  0.7 sy,  0.0 ni, 52.3 id,  0.0 wa,  0.0 hi,  0.0 si,  0.0 st
KiB Mem : 65877712 total, 56161976 free,  2023000 used,  7692736 buff/cache
KiB Swap: 33554428 total, 32283920 free,  1270508 used. 62698152 avail Mem 
--
top - 12:53:53 up 105 days,  4:37,  0 users,  load average: 0.80, 0.68, 0.54
Tasks: 401 total,   2 running, 399 sleeping,   0 stopped,   0 zombie
%Cpu(s): 12.3 us,  0.1 sy,  0.0 ni, 87.6 id,  0.0 wa,  0.0 hi,  0.0 si,  0.0 st
KiB Mem : 65877712 total, 56262320 free,  1922656 used,  7692736 buff/cache
KiB Swap: 33554428 total, 32283920 free,  1270508 used. 62798496 avail Mem 
--
top - 12:53:58 up 105 days,  4:37,  0 users,  load average: 0.74, 0.66, 0.54
Tasks: 401 total,   1 running, 400 sleeping,   0 stopped,   0 zombie
%Cpu(s):  0.1 us,  0.1 sy,  0.0 ni, 99.8 id,  0.0 wa,  0.0 hi,  0.0 si,  0.0 st
KiB Mem : 65877712 total, 56232908 free,  1952064 used,  7692740 buff/cache
KiB Swap: 33554428 total, 32283920 free,  1270508 used. 62769088 avail Mem 
--
top - 12:54:03 up 105 days,  4:37,  0 users,  load average: 0.76, 0.67, 0.54
Tasks: 401 total,   2 running, 399 sleeping,   0 stopped,   0 zombie
%Cpu(s):  0.5 us,  0.3 sy,  0.0 ni, 98.6 id,  0.6 wa,  0.0 hi,  0.0 si,  0.0 st
KiB Mem : 65877712 total, 56177324 free,  2007636 used,  7692752 buff/cache
KiB Swap: 33554428 total, 32283920 free,  1270508 used. 62713508 avail Mem 
--
top - 12:54:08 up 105 days,  4:37,  0 users,  load average: 2.94, 1.12, 0.69
Tasks: 401 total,   1 running, 400 sleeping,   0 stopped,   0 zombie
%Cpu(s): 61.9 us,  0.4 sy,  0.0 ni, 37.7 id,  0.0 wa,  0.0 hi,  0.0 si,  0.0 st
KiB Mem : 65877712 total, 56066516 free,  2118444 used,  7692752 buff/cache
KiB Swap: 33554428 total, 32283920 free,  1270508 used. 62602704 avail Mem 
