Job id: 4753217
Worker ip: 10.149.0.31
Master ip: 10.149.0.54
--
top - 12:41:52 up 105 days,  4:25,  0 users,  load average: 0.77, 0.26, 0.22
Tasks: 401 total,   2 running, 399 sleeping,   0 stopped,   0 zombie
%Cpu(s):  0.9 us,  3.1 sy,  0.0 ni, 94.6 id,  1.1 wa,  0.0 hi,  0.2 si,  0.0 st
KiB Mem : 65877712 total, 56852204 free,  1100404 used,  7925104 buff/cache
KiB Swap: 33554428 total, 32348628 free,  1205800 used. 63611988 avail Mem 
--
top - 12:41:57 up 105 days,  4:25,  0 users,  load average: 0.71, 0.26, 0.22
Tasks: 414 total,   1 running, 413 sleeping,   0 stopped,   0 zombie
%Cpu(s):  1.8 us,  0.6 sy,  0.0 ni, 97.4 id,  0.2 wa,  0.0 hi,  0.0 si,  0.0 st
KiB Mem : 65877712 total, 56827000 free,  1118920 used,  7931792 buff/cache
KiB Swap: 33554428 total, 32348628 free,  1205800 used. 63593300 avail Mem 
--
top - 12:42:02 up 105 days,  4:25,  0 users,  load average: 0.65, 0.25, 0.22
Tasks: 414 total,   1 running, 413 sleeping,   0 stopped,   0 zombie
%Cpu(s):  0.4 us,  0.2 sy,  0.0 ni, 98.7 id,  0.6 wa,  0.0 hi,  0.0 si,  0.0 st
KiB Mem : 65877712 total, 56823704 free,  1122216 used,  7931792 buff/cache
KiB Swap: 33554428 total, 32348628 free,  1205800 used. 63590084 avail Mem 
--
top - 12:42:07 up 105 days,  4:25,  0 users,  load average: 0.60, 0.25, 0.22
Tasks: 419 total,   1 running, 418 sleeping,   0 stopped,   0 zombie
%Cpu(s):  0.0 us,  0.0 sy,  0.0 ni,100.0 id,  0.0 wa,  0.0 hi,  0.0 si,  0.0 st
KiB Mem : 65877712 total, 56825476 free,  1120444 used,  7931792 buff/cache
KiB Swap: 33554428 total, 32348628 free,  1205800 used. 63591856 avail Mem 
--
top - 12:42:12 up 105 days,  4:25,  0 users,  load average: 0.55, 0.25, 0.22
Tasks: 419 total,   1 running, 418 sleeping,   0 stopped,   0 zombie
%Cpu(s):  0.0 us,  0.0 sy,  0.0 ni,100.0 id,  0.0 wa,  0.0 hi,  0.0 si,  0.0 st
KiB Mem : 65877712 total, 56826156 free,  1119764 used,  7931792 buff/cache
KiB Swap: 33554428 total, 32348628 free,  1205800 used. 63592536 avail Mem 
--
top - 12:42:17 up 105 days,  4:25,  0 users,  load average: 0.51, 0.24, 0.21
Tasks: 420 total,   1 running, 419 sleeping,   0 stopped,   0 zombie
%Cpu(s):  0.0 us,  0.0 sy,  0.0 ni,100.0 id,  0.0 wa,  0.0 hi,  0.0 si,  0.0 st
KiB Mem : 65877712 total, 56827328 free,  1118592 used,  7931792 buff/cache
KiB Swap: 33554428 total, 32348628 free,  1205800 used. 63593708 avail Mem 
--
top - 12:42:22 up 105 days,  4:25,  0 users,  load average: 0.47, 0.24, 0.21
Tasks: 420 total,   1 running, 419 sleeping,   0 stopped,   0 zombie
%Cpu(s):  0.0 us,  0.0 sy,  0.0 ni,100.0 id,  0.0 wa,  0.0 hi,  0.0 si,  0.0 st
KiB Mem : 65877712 total, 56826652 free,  1119268 used,  7931792 buff/cache
KiB Swap: 33554428 total, 32348628 free,  1205800 used. 63593032 avail Mem 
--
top - 12:42:27 up 105 days,  4:25,  0 users,  load average: 0.43, 0.23, 0.21
Tasks: 420 total,   1 running, 419 sleeping,   0 stopped,   0 zombie
%Cpu(s):  0.0 us,  0.0 sy,  0.0 ni, 99.9 id,  0.0 wa,  0.0 hi,  0.0 si,  0.0 st
KiB Mem : 65877712 total, 56827564 free,  1118356 used,  7931792 buff/cache
KiB Swap: 33554428 total, 32348628 free,  1205800 used. 63593944 avail Mem 
--
top - 12:42:32 up 105 days,  4:25,  0 users,  load average: 0.40, 0.23, 0.21
Tasks: 420 total,   1 running, 419 sleeping,   0 stopped,   0 zombie
%Cpu(s):  0.1 us,  0.1 sy,  0.0 ni, 99.8 id,  0.0 wa,  0.0 hi,  0.0 si,  0.0 st
KiB Mem : 65877712 total, 56788676 free,  1157244 used,  7931792 buff/cache
KiB Swap: 33554428 total, 32348628 free,  1205800 used. 63555056 avail Mem 
--
top - 12:42:37 up 105 days,  4:25,  0 users,  load average: 0.36, 0.23, 0.21
Tasks: 420 total,   1 running, 419 sleeping,   0 stopped,   0 zombie
%Cpu(s):  0.1 us,  0.1 sy,  0.0 ni, 99.7 id,  0.0 wa,  0.0 hi,  0.0 si,  0.0 st
KiB Mem : 65877712 total, 56730388 free,  1215532 used,  7931792 buff/cache
KiB Swap: 33554428 total, 32348628 free,  1205800 used. 63496768 avail Mem 
--
top - 12:42:42 up 105 days,  4:26,  0 users,  load average: 2.26, 0.62, 0.34
Tasks: 420 total,   2 running, 418 sleeping,   0 stopped,   0 zombie
%Cpu(s): 38.4 us,  0.4 sy,  0.0 ni, 61.1 id,  0.0 wa,  0.0 hi,  0.0 si,  0.0 st
KiB Mem : 65877712 total, 56379992 free,  1565928 used,  7931792 buff/cache
KiB Swap: 33554428 total, 32348628 free,  1205800 used. 63146392 avail Mem 
--
top - 12:42:47 up 105 days,  4:26,  0 users,  load average: 2.08, 0.61, 0.34
Tasks: 420 total,   1 running, 419 sleeping,   0 stopped,   0 zombie
%Cpu(s): 17.2 us,  0.1 sy,  0.0 ni, 82.7 id,  0.0 wa,  0.0 hi,  0.0 si,  0.0 st
KiB Mem : 65877712 total, 56457952 free,  1487964 used,  7931796 buff/cache
KiB Swap: 33554428 total, 32348628 free,  1205800 used. 63224356 avail Mem 
--
top - 12:42:52 up 105 days,  4:26,  0 users,  load average: 1.91, 0.60, 0.33
Tasks: 420 total,   1 running, 419 sleeping,   0 stopped,   0 zombie
%Cpu(s):  0.1 us,  0.0 sy,  0.0 ni, 99.9 id,  0.0 wa,  0.0 hi,  0.0 si,  0.0 st
KiB Mem : 65877712 total, 56442108 free,  1503808 used,  7931796 buff/cache
KiB Swap: 33554428 total, 32348628 free,  1205800 used. 63208512 avail Mem 
--
top - 12:42:57 up 105 days,  4:26,  0 users,  load average: 1.76, 0.59, 0.33
Tasks: 420 total,   1 running, 419 sleeping,   0 stopped,   0 zombie
%Cpu(s):  0.1 us,  0.1 sy,  0.0 ni, 99.7 id,  0.0 wa,  0.0 hi,  0.0 si,  0.0 st
KiB Mem : 65877712 total, 56390516 free,  1555400 used,  7931796 buff/cache
KiB Swap: 33554428 total, 32348628 free,  1205800 used. 63156920 avail Mem 
--
top - 12:43:02 up 105 days,  4:26,  0 users,  load average: 1.62, 0.58, 0.33
Tasks: 419 total,   1 running, 418 sleeping,   0 stopped,   0 zombie
%Cpu(s):  7.9 us,  0.2 sy,  0.0 ni, 91.9 id,  0.0 wa,  0.0 hi,  0.0 si,  0.0 st
KiB Mem : 65877712 total, 56340236 free,  1605680 used,  7931796 buff/cache
KiB Swap: 33554428 total, 32348628 free,  1205800 used. 63106640 avail Mem 
--
top - 12:43:07 up 105 days,  4:26,  0 users,  load average: 1.49, 0.57, 0.33
Tasks: 419 total,   1 running, 418 sleeping,   0 stopped,   0 zombie
%Cpu(s): 50.1 us,  0.3 sy,  0.0 ni, 49.6 id,  0.0 wa,  0.0 hi,  0.0 si,  0.0 st
KiB Mem : 65877712 total, 56238240 free,  1707676 used,  7931796 buff/cache
KiB Swap: 33554428 total, 32348628 free,  1205800 used. 63004644 avail Mem 
--
top - 12:43:12 up 105 days,  4:26,  0 users,  load average: 1.37, 0.56, 0.33
Tasks: 419 total,   1 running, 418 sleeping,   0 stopped,   0 zombie
%Cpu(s):  0.0 us,  0.0 sy,  0.0 ni,100.0 id,  0.0 wa,  0.0 hi,  0.0 si,  0.0 st
KiB Mem : 65877712 total, 56341884 free,  1604032 used,  7931796 buff/cache
KiB Swap: 33554428 total, 32348628 free,  1205800 used. 63108288 avail Mem 
--
top - 12:43:17 up 105 days,  4:26,  0 users,  load average: 1.26, 0.55, 0.32
Tasks: 419 total,   1 running, 418 sleeping,   0 stopped,   0 zombie
%Cpu(s):  0.1 us,  0.1 sy,  0.0 ni, 99.7 id,  0.0 wa,  0.0 hi,  0.0 si,  0.0 st
KiB Mem : 65877712 total, 56293984 free,  1651932 used,  7931796 buff/cache
KiB Swap: 33554428 total, 32348628 free,  1205800 used. 63060388 avail Mem 
--
top - 12:43:22 up 105 days,  4:26,  0 users,  load average: 1.16, 0.54, 0.32
Tasks: 419 total,   1 running, 418 sleeping,   0 stopped,   0 zombie
%Cpu(s):  0.1 us,  0.1 sy,  0.0 ni, 99.8 id,  0.0 wa,  0.0 hi,  0.0 si,  0.0 st
KiB Mem : 65877712 total, 56242380 free,  1703536 used,  7931796 buff/cache
KiB Swap: 33554428 total, 32348628 free,  1205800 used. 63008784 avail Mem 
--
top - 12:43:27 up 105 days,  4:26,  0 users,  load average: 1.06, 0.53, 0.32
Tasks: 419 total,   2 running, 417 sleeping,   0 stopped,   0 zombie
%Cpu(s):  2.3 us,  0.3 sy,  0.0 ni, 97.4 id,  0.0 wa,  0.0 hi,  0.0 si,  0.0 st
KiB Mem : 65877712 total, 56184268 free,  1761648 used,  7931796 buff/cache
KiB Swap: 33554428 total, 32348628 free,  1205800 used. 62950672 avail Mem 
--
top - 12:43:32 up 105 days,  4:26,  0 users,  load average: 0.98, 0.52, 0.32
Tasks: 419 total,   1 running, 418 sleeping,   0 stopped,   0 zombie
%Cpu(s): 55.9 us,  0.4 sy,  0.0 ni, 43.7 id,  0.0 wa,  0.0 hi,  0.0 si,  0.0 st
KiB Mem : 65877712 total, 56080272 free,  1865644 used,  7931796 buff/cache
KiB Swap: 33554428 total, 32348628 free,  1205800 used. 62846676 avail Mem 
--
top - 12:43:37 up 105 days,  4:26,  0 users,  load average: 0.90, 0.52, 0.32
Tasks: 419 total,   1 running, 418 sleeping,   0 stopped,   0 zombie
%Cpu(s):  0.0 us,  0.0 sy,  0.0 ni, 99.9 id,  0.0 wa,  0.0 hi,  0.0 si,  0.0 st
KiB Mem : 65877712 total, 56225984 free,  1719932 used,  7931796 buff/cache
KiB Swap: 33554428 total, 32348628 free,  1205800 used. 62992388 avail Mem 
--
top - 12:43:42 up 105 days,  4:27,  0 users,  load average: 0.83, 0.51, 0.32
Tasks: 419 total,   1 running, 418 sleeping,   0 stopped,   0 zombie
%Cpu(s):  0.1 us,  0.1 sy,  0.0 ni, 99.7 id,  0.0 wa,  0.0 hi,  0.0 si,  0.0 st
KiB Mem : 65877712 total, 56177756 free,  1768156 used,  7931800 buff/cache
KiB Swap: 33554428 total, 32348628 free,  1205800 used. 62944160 avail Mem 
--
top - 12:43:47 up 105 days,  4:27,  0 users,  load average: 0.92, 0.53, 0.32
Tasks: 419 total,   1 running, 418 sleeping,   0 stopped,   0 zombie
%Cpu(s):  0.1 us,  0.1 sy,  0.0 ni, 99.8 id,  0.0 wa,  0.0 hi,  0.0 si,  0.0 st
KiB Mem : 65877712 total, 56131128 free,  1814784 used,  7931800 buff/cache
KiB Swap: 33554428 total, 32348644 free,  1205784 used. 62897532 avail Mem 
--
top - 12:43:52 up 105 days,  4:27,  0 users,  load average: 2.69, 0.91, 0.45
Tasks: 419 total,   2 running, 417 sleeping,   0 stopped,   0 zombie
%Cpu(s): 46.5 us,  0.4 sy,  0.0 ni, 53.1 id,  0.0 wa,  0.0 hi,  0.0 si,  0.0 st
KiB Mem : 65877712 total, 56011444 free,  1934468 used,  7931800 buff/cache
KiB Swap: 33554428 total, 32348644 free,  1205784 used. 62777852 avail Mem 
--
top - 12:43:57 up 105 days,  4:27,  0 users,  load average: 2.47, 0.89, 0.44
Tasks: 419 total,   1 running, 418 sleeping,   0 stopped,   0 zombie
%Cpu(s): 11.7 us,  0.1 sy,  0.0 ni, 88.2 id,  0.0 wa,  0.0 hi,  0.0 si,  0.0 st
KiB Mem : 65877712 total, 56112708 free,  1833204 used,  7931800 buff/cache
KiB Swap: 33554428 total, 32348644 free,  1205784 used. 62879116 avail Mem 
--
top - 12:44:02 up 105 days,  4:27,  0 users,  load average: 2.28, 0.88, 0.44
Tasks: 419 total,   2 running, 417 sleeping,   0 stopped,   0 zombie
%Cpu(s):  0.5 us,  0.3 sy,  0.0 ni, 98.7 id,  0.6 wa,  0.0 hi,  0.0 si,  0.0 st
KiB Mem : 65877712 total, 56082904 free,  1863008 used,  7931800 buff/cache
KiB Swap: 33554428 total, 32348644 free,  1205784 used. 62849312 avail Mem 
--
top - 12:44:07 up 105 days,  4:27,  0 users,  load average: 2.09, 0.86, 0.44
Tasks: 419 total,   1 running, 418 sleeping,   0 stopped,   0 zombie
%Cpu(s):  0.1 us,  0.1 sy,  0.0 ni, 99.8 id,  0.0 wa,  0.0 hi,  0.0 si,  0.0 st
KiB Mem : 65877712 total, 56044768 free,  1901136 used,  7931808 buff/cache
KiB Swap: 33554428 total, 32348644 free,  1205784 used. 62811180 avail Mem 
--
top - 12:44:12 up 105 days,  4:27,  0 users,  load average: 1.93, 0.85, 0.44
Tasks: 419 total,   1 running, 418 sleeping,   0 stopped,   0 zombie
%Cpu(s):  0.1 us,  0.1 sy,  0.0 ni, 99.8 id,  0.0 wa,  0.0 hi,  0.0 si,  0.0 st
KiB Mem : 65877712 total, 55997592 free,  1948312 used,  7931808 buff/cache
KiB Swap: 33554428 total, 32348644 free,  1205784 used. 62764004 avail Mem 
--
top - 12:44:17 up 105 days,  4:27,  0 users,  load average: 1.93, 0.87, 0.44
Tasks: 419 total,   1 running, 418 sleeping,   0 stopped,   0 zombie
%Cpu(s): 57.4 us,  0.6 sy,  0.0 ni, 42.1 id,  0.0 wa,  0.0 hi,  0.0 si,  0.0 st
KiB Mem : 65877712 total, 55874416 free,  2071488 used,  7931808 buff/cache
KiB Swap: 33554428 total, 32348644 free,  1205784 used. 62640512 avail Mem 
