10.149.0.54
2024/01/03 14:46:40 Master node address: http://10.149.0.60:8000
2024/01/03 14:46:40 Benchmarking worker...
2024/01/03 14:46:41 Worker registered (1891 MCUPS). Waiting for work...
2024/01/03 14:46:47 Got work. Start calculating alignments...
2024/01/03 14:46:47 Calculating 52 queries
2024/01/03 14:46:47 Done calculating alignments.
2024/01/03 14:46:47 Waiting for work...
2024/01/03 14:46:49 Got work. Start calculating alignments...
2024/01/03 14:46:49 Calculating 51 queries
2024/01/03 14:46:49 Done calculating alignments.
2024/01/03 14:46:49 Waiting for work...
2024/01/03 14:46:50 Got work. Start calculating alignments...
2024/01/03 14:46:50 Calculating 52 queries
2024/01/03 14:46:50 Done calculating alignments.
2024/01/03 14:46:50 Waiting for work...
2024/01/03 14:46:51 Got work. Start calculating alignments...
2024/01/03 14:46:51 Calculating 52 queries
2024/01/03 14:46:51 Done calculating alignments.
2024/01/03 14:46:51 Waiting for work...
2024/01/03 14:46:53 Got work. Start calculating alignments...
2024/01/03 14:46:53 Calculating 51 queries
2024/01/03 14:46:53 Done calculating alignments.
2024/01/03 14:46:53 Waiting for work...
slurmstepd: error: *** JOB 4755603 ON node054 CANCELLED AT 2024-01-03T14:46:53 ***
