10.149.0.68
2024/01/03 14:46:55 Master node address: http://10.149.0.59:8000
2024/01/03 14:46:55 Benchmarking worker...
2024/01/03 14:46:57 Worker registered (1797 MCUPS). Waiting for work...
2024/01/03 14:47:00 Got work. Start calculating alignments...
2024/01/03 14:47:00 Calculating 25 queries
2024/01/03 14:47:00 Done calculating alignments.
2024/01/03 14:47:00 Waiting for work...
2024/01/03 14:47:02 Got work. Start calculating alignments...
2024/01/03 14:47:02 Calculating 24 queries
2024/01/03 14:47:02 Done calculating alignments.
2024/01/03 14:47:02 Waiting for work...
2024/01/03 14:47:03 Got work. Start calculating alignments...
2024/01/03 14:47:03 Calculating 26 queries
2024/01/03 14:47:03 Done calculating alignments.
2024/01/03 14:47:03 Waiting for work...
2024/01/03 14:47:04 Got work. Start calculating alignments...
2024/01/03 14:47:04 Calculating 10 queries
2024/01/03 14:47:04 Done calculating alignments.
2024/01/03 14:47:04 Waiting for work...
2024/01/03 14:47:06 Got work. Start calculating alignments...
2024/01/03 14:47:06 Calculating 26 queries
2024/01/03 14:47:06 Done calculating alignments.
2024/01/03 14:47:06 Waiting for work...
slurmstepd: error: *** JOB 4755610 ON node068 CANCELLED AT 2024-01-03T14:47:06 ***
