Job id: 4755555
Master ip: 10.149.0.68
--
top - 14:45:18 up 112 days,  6:27,  0 users,  load average: 0.22, 0.18, 0.13
Tasks: 393 total,   1 running, 392 sleeping,   0 stopped,   0 zombie
%Cpu(s):  2.0 us,  0.9 sy,  0.0 ni, 96.9 id,  0.2 wa,  0.0 hi,  0.0 si,  0.0 st
KiB Mem : 65877692 total, 50744236 free,  1156028 used, 13977428 buff/cache
KiB Swap: 33554428 total, 32275836 free,  1278592 used. 63443584 avail Mem 
--
top - 14:45:23 up 112 days,  6:27,  0 users,  load average: 0.20, 0.18, 0.13
Tasks: 393 total,   1 running, 392 sleeping,   0 stopped,   0 zombie
%Cpu(s):  0.7 us,  0.1 sy,  0.0 ni, 99.1 id,  0.0 wa,  0.0 hi,  0.0 si,  0.0 st
KiB Mem : 65877692 total, 50719148 free,  1181104 used, 13977440 buff/cache
KiB Swap: 33554428 total, 32275836 free,  1278592 used. 63418508 avail Mem 
--
top - 14:45:28 up 112 days,  6:27,  0 users,  load average: 0.19, 0.17, 0.13
Tasks: 394 total,   1 running, 393 sleeping,   0 stopped,   0 zombie
%Cpu(s):  0.0 us,  0.0 sy,  0.0 ni,100.0 id,  0.0 wa,  0.0 hi,  0.0 si,  0.0 st
KiB Mem : 65877692 total, 50719164 free,  1181088 used, 13977440 buff/cache
KiB Swap: 33554428 total, 32275836 free,  1278592 used. 63418524 avail Mem 
--
top - 14:45:33 up 112 days,  6:27,  0 users,  load average: 0.17, 0.17, 0.13
Tasks: 394 total,   2 running, 392 sleeping,   0 stopped,   0 zombie
%Cpu(s):  0.6 us,  0.0 sy,  0.0 ni, 99.3 id,  0.0 wa,  0.0 hi,  0.0 si,  0.0 st
KiB Mem : 65877692 total, 50698320 free,  1201932 used, 13977440 buff/cache
KiB Swap: 33554428 total, 32275836 free,  1278592 used. 63397680 avail Mem 
