Job id: 4755609
Master ip: 10.149.0.59
--
top - 14:46:54 up 112 days,  6:30,  0 users,  load average: 0.12, 0.13, 0.16
Tasks: 401 total,   2 running, 399 sleeping,   0 stopped,   0 zombie
%Cpu(s):  2.0 us,  0.9 sy,  0.0 ni, 97.1 id,  0.0 wa,  0.0 hi,  0.0 si,  0.0 st
KiB Mem : 65877692 total, 48542532 free,  1199060 used, 16136100 buff/cache
KiB Swap: 33554428 total, 32379704 free,  1174724 used. 63352084 avail Mem 
--
top - 14:46:59 up 112 days,  6:30,  0 users,  load average: 0.11, 0.13, 0.16
Tasks: 401 total,   1 running, 400 sleeping,   0 stopped,   0 zombie
%Cpu(s):  0.8 us,  0.1 sy,  0.0 ni, 99.1 id,  0.0 wa,  0.0 hi,  0.0 si,  0.0 st
KiB Mem : 65877692 total, 48517424 free,  1224168 used, 16136100 buff/cache
KiB Swap: 33554428 total, 32379704 free,  1174724 used. 63326976 avail Mem 
--
top - 14:47:04 up 112 days,  6:30,  0 users,  load average: 0.10, 0.13, 0.16
Tasks: 398 total,   1 running, 397 sleeping,   0 stopped,   0 zombie
%Cpu(s):  0.9 us,  0.0 sy,  0.0 ni, 99.0 id,  0.0 wa,  0.0 hi,  0.0 si,  0.0 st
KiB Mem : 65877692 total, 48494988 free,  1246600 used, 16136104 buff/cache
KiB Swap: 33554428 total, 32379704 free,  1174724 used. 63304544 avail Mem 
