10.149.0.64
2024/01/03 14:47:09 Master node address: http://10.149.0.54:8000
2024/01/03 14:47:09 Benchmarking worker...
2024/01/03 14:47:10 Worker registered (1799 MCUPS). Waiting for work...
2024/01/03 14:47:41 Got work. Start calculating alignments...
2024/01/03 14:47:41 Calculating 20 queries
2024/01/03 14:47:41 Done calculating alignments.
2024/01/03 14:47:41 Waiting for work...
2024/01/03 14:47:43 Got work. Start calculating alignments...
2024/01/03 14:47:43 Calculating 20 queries
2024/01/03 14:47:43 Done calculating alignments.
2024/01/03 14:47:43 Waiting for work...
2024/01/03 14:47:44 Got work. Start calculating alignments...
2024/01/03 14:47:44 Calculating 20 queries
2024/01/03 14:47:44 Done calculating alignments.
2024/01/03 14:47:44 Waiting for work...
2024/01/03 14:47:45 Got work. Start calculating alignments...
2024/01/03 14:47:45 Calculating 3 queries
2024/01/03 14:47:45 Done calculating alignments.
2024/01/03 14:47:45 Waiting for work...
slurmstepd: error: *** JOB 4755626 ON node064 CANCELLED AT 2024-01-03T14:47:48 ***
