Job id: 4755610
Worker ip: 10.149.0.68
Master ip: 10.149.0.59
--
top - 14:46:55 up 112 days,  6:29,  0 users,  load average: 0.05, 0.13, 0.12
Tasks: 399 total,   1 running, 398 sleeping,   0 stopped,   0 zombie
%Cpu(s): 14.4 us,  7.0 sy,  0.0 ni, 78.4 id,  0.0 wa,  0.0 hi,  0.2 si,  0.0 st
KiB Mem : 65877692 total, 50712404 free,  1174300 used, 13990988 buff/cache
KiB Swap: 33554428 total, 32275836 free,  1278592 used. 63425108 avail Mem 
--
top - 14:47:00 up 112 days,  6:29,  0 users,  load average: 0.04, 0.13, 0.12
Tasks: 400 total,   1 running, 399 sleeping,   0 stopped,   0 zombie
%Cpu(s):  1.3 us,  0.2 sy,  0.0 ni, 98.6 id,  0.0 wa,  0.0 hi,  0.0 si,  0.0 st
KiB Mem : 65877692 total, 50706592 free,  1173400 used, 13997700 buff/cache
KiB Swap: 33554428 total, 32275836 free,  1278592 used. 63425928 avail Mem 
--
top - 14:47:05 up 112 days,  6:29,  0 users,  load average: 0.04, 0.13, 0.12
Tasks: 397 total,   1 running, 396 sleeping,   0 stopped,   0 zombie
%Cpu(s):  1.2 us,  0.1 sy,  0.0 ni, 98.7 id,  0.0 wa,  0.0 hi,  0.0 si,  0.0 st
KiB Mem : 65877692 total, 50648040 free,  1231952 used, 13997700 buff/cache
KiB Swap: 33554428 total, 32275836 free,  1278592 used. 63367376 avail Mem 
