Job id: 4755570
Master ip: 10.149.0.59
--
top - 14:45:54 up 112 days,  6:29,  0 users,  load average: 0.07, 0.13, 0.16
Tasks: 398 total,   2 running, 396 sleeping,   0 stopped,   0 zombie
%Cpu(s):  2.4 us,  0.7 sy,  0.0 ni, 96.9 id,  0.0 wa,  0.0 hi,  0.0 si,  0.0 st
KiB Mem : 65877692 total, 48544136 free,  1197548 used, 16136008 buff/cache
KiB Swap: 33554428 total, 32379704 free,  1174724 used. 63353612 avail Mem 
--
top - 14:45:59 up 112 days,  6:29,  0 users,  load average: 0.06, 0.13, 0.16
Tasks: 399 total,   1 running, 398 sleeping,   0 stopped,   0 zombie
%Cpu(s):  0.8 us,  0.1 sy,  0.0 ni, 99.0 id,  0.0 wa,  0.0 hi,  0.0 si,  0.0 st
KiB Mem : 65877692 total, 48518484 free,  1223156 used, 16136052 buff/cache
KiB Swap: 33554428 total, 32379704 free,  1174724 used. 63327988 avail Mem 
--
top - 14:46:04 up 112 days,  6:29,  0 users,  load average: 0.06, 0.12, 0.16
Tasks: 402 total,   2 running, 400 sleeping,   0 stopped,   0 zombie
%Cpu(s):  1.3 us,  0.2 sy,  0.0 ni, 98.0 id,  0.4 wa,  0.0 hi,  0.0 si,  0.0 st
KiB Mem : 65877692 total, 48488436 free,  1253232 used, 16136024 buff/cache
KiB Swap: 33554428 total, 32379704 free,  1174724 used. 63297928 avail Mem 
