10.149.0.64
2024/01/03 14:46:27 Master node address: http://10.149.0.59:8000
2024/01/03 14:46:27 Benchmarking worker...
2024/01/03 14:46:28 Worker registered (1815 MCUPS). Waiting for work...
2024/01/03 14:46:31 Got work. Start calculating alignments...
2024/01/03 14:46:31 Calculating 103 queries
2024/01/03 14:46:31 Done calculating alignments.
2024/01/03 14:46:31 Waiting for work...
2024/01/03 14:46:32 Got work. Start calculating alignments...
2024/01/03 14:46:32 Calculating 103 queries
2024/01/03 14:46:32 Done calculating alignments.
2024/01/03 14:46:32 Waiting for work...
2024/01/03 14:46:33 Got work. Start calculating alignments...
2024/01/03 14:46:33 Calculating 103 queries
2024/01/03 14:46:33 Done calculating alignments.
2024/01/03 14:46:33 Waiting for work...
2024/01/03 14:46:35 Got work. Start calculating alignments...
2024/01/03 14:46:35 Calculating 103 queries
2024/01/03 14:46:35 Done calculating alignments.
2024/01/03 14:46:35 Waiting for work...
2024/01/03 14:46:36 Got work. Start calculating alignments...
2024/01/03 14:46:36 Calculating 103 queries
2024/01/03 14:46:36 Done calculating alignments.
2024/01/03 14:46:36 Waiting for work...
slurmstepd: error: *** JOB 4755595 ON node064 CANCELLED AT 2024-01-03T14:46:36 ***
