Job id: 4755603
Worker ip: 10.149.0.54
Master ip: 10.149.0.60
--
top - 14:46:39 up 112 days,  6:29,  0 users,  load average: 0.46, 0.16, 0.14
Tasks: 399 total,   2 running, 397 sleeping,   0 stopped,   0 zombie
%Cpu(s):  4.5 us,  4.7 sy,  0.0 ni, 90.4 id,  0.0 wa,  0.0 hi,  0.4 si,  0.0 st
KiB Mem : 65877712 total, 49921320 free,  1207820 used, 14748572 buff/cache
KiB Swap: 33554428 total, 32105564 free,  1448864 used. 63404776 avail Mem 
--
top - 14:46:44 up 112 days,  6:29,  0 users,  load average: 0.42, 0.16, 0.14
Tasks: 400 total,   2 running, 398 sleeping,   0 stopped,   0 zombie
%Cpu(s):  1.5 us,  0.3 sy,  0.0 ni, 98.2 id,  0.0 wa,  0.0 hi,  0.0 si,  0.0 st
KiB Mem : 65877712 total, 49902316 free,  1220092 used, 14755304 buff/cache
KiB Swap: 33554428 total, 32105564 free,  1448864 used. 63392416 avail Mem 
--
top - 14:46:49 up 112 days,  6:29,  0 users,  load average: 0.39, 0.16, 0.14
Tasks: 400 total,   1 running, 399 sleeping,   0 stopped,   0 zombie
%Cpu(s):  1.3 us,  0.2 sy,  0.0 ni, 98.5 id,  0.0 wa,  0.0 hi,  0.0 si,  0.0 st
KiB Mem : 65877712 total, 49848224 free,  1274184 used, 14755304 buff/cache
KiB Swap: 33554428 total, 32105564 free,  1448864 used. 63338324 avail Mem 
