Job id: 4755625
Worker ip: 10.149.0.63
Master ip: 10.149.0.54
--
top - 14:47:08 up 112 days,  6:31,  0 users,  load average: 0.00, 0.07, 0.18
Tasks: 395 total,   1 running, 394 sleeping,   0 stopped,   0 zombie
%Cpu(s): 12.7 us,  8.1 sy,  0.0 ni, 79.0 id,  0.0 wa,  0.0 hi,  0.2 si,  0.0 st
KiB Mem : 65877712 total, 52940500 free,  1129944 used, 11807268 buff/cache
KiB Swap: 33554428 total, 32368328 free,  1186100 used. 63465160 avail Mem 
--
top - 14:47:13 up 112 days,  6:31,  0 users,  load average: 0.00, 0.07, 0.18
Tasks: 396 total,   1 running, 395 sleeping,   0 stopped,   0 zombie
%Cpu(s):  1.3 us,  0.2 sy,  0.0 ni, 98.5 id,  0.0 wa,  0.0 hi,  0.0 si,  0.0 st
KiB Mem : 65877712 total, 52930056 free,  1133788 used, 11813868 buff/cache
KiB Swap: 33554428 total, 32368328 free,  1186100 used. 63461296 avail Mem 
--
top - 14:47:18 up 112 days,  6:31,  0 users,  load average: 0.00, 0.07, 0.18
Tasks: 396 total,   1 running, 395 sleeping,   0 stopped,   0 zombie
%Cpu(s):  0.0 us,  0.0 sy,  0.0 ni,100.0 id,  0.0 wa,  0.0 hi,  0.0 si,  0.0 st
KiB Mem : 65877712 total, 52929996 free,  1133856 used, 11813860 buff/cache
KiB Swap: 33554428 total, 32368328 free,  1186100 used. 63461228 avail Mem 
--
top - 14:47:23 up 112 days,  6:31,  0 users,  load average: 0.00, 0.07, 0.18
Tasks: 396 total,   1 running, 395 sleeping,   0 stopped,   0 zombie
%Cpu(s):  0.0 us,  0.0 sy,  0.0 ni, 99.9 id,  0.0 wa,  0.0 hi,  0.0 si,  0.0 st
KiB Mem : 65877712 total, 52930200 free,  1133652 used, 11813860 buff/cache
KiB Swap: 33554428 total, 32368328 free,  1186100 used. 63461432 avail Mem 
--
top - 14:47:28 up 112 days,  6:31,  0 users,  load average: 0.00, 0.07, 0.18
Tasks: 396 total,   1 running, 395 sleeping,   0 stopped,   0 zombie
%Cpu(s):  0.0 us,  0.0 sy,  0.0 ni,100.0 id,  0.0 wa,  0.0 hi,  0.0 si,  0.0 st
KiB Mem : 65877712 total, 52930200 free,  1133652 used, 11813860 buff/cache
KiB Swap: 33554428 total, 32368328 free,  1186100 used. 63461432 avail Mem 
--
top - 14:47:33 up 112 days,  6:31,  0 users,  load average: 0.00, 0.07, 0.18
Tasks: 396 total,   1 running, 395 sleeping,   0 stopped,   0 zombie
%Cpu(s):  0.0 us,  0.0 sy,  0.0 ni, 99.9 id,  0.0 wa,  0.0 hi,  0.0 si,  0.0 st
KiB Mem : 65877712 total, 52930560 free,  1133292 used, 11813860 buff/cache
KiB Swap: 33554428 total, 32368328 free,  1186100 used. 63461792 avail Mem 
--
top - 14:47:38 up 112 days,  6:31,  0 users,  load average: 0.00, 0.07, 0.17
Tasks: 396 total,   1 running, 395 sleeping,   0 stopped,   0 zombie
%Cpu(s):  0.0 us,  0.0 sy,  0.0 ni,100.0 id,  0.0 wa,  0.0 hi,  0.0 si,  0.0 st
KiB Mem : 65877712 total, 52930560 free,  1133292 used, 11813860 buff/cache
KiB Swap: 33554428 total, 32368328 free,  1186100 used. 63461792 avail Mem 
--
top - 14:47:43 up 112 days,  6:31,  0 users,  load average: 0.00, 0.06, 0.17
Tasks: 396 total,   1 running, 395 sleeping,   0 stopped,   0 zombie
%Cpu(s):  0.5 us,  0.1 sy,  0.0 ni, 99.4 id,  0.0 wa,  0.0 hi,  0.0 si,  0.0 st
KiB Mem : 65877712 total, 52886652 free,  1177076 used, 11813984 buff/cache
KiB Swap: 33554428 total, 32368328 free,  1186100 used. 63417940 avail Mem 
