Job id: 4755586
Worker ip: 10.149.0.63
Master ip: 10.149.0.68
--
top - 14:46:09 up 112 days,  6:30,  0 users,  load average: 0.00, 0.09, 0.19
Tasks: 395 total,   1 running, 394 sleeping,   0 stopped,   0 zombie
%Cpu(s):  3.4 us,  4.9 sy,  0.0 ni, 91.4 id,  0.0 wa,  0.0 hi,  0.4 si,  0.0 st
KiB Mem : 65877712 total, 52955792 free,  1121324 used, 11800596 buff/cache
KiB Swap: 33554428 total, 32368328 free,  1186100 used. 63473844 avail Mem 
--
top - 14:46:14 up 112 days,  6:30,  0 users,  load average: 0.00, 0.09, 0.19
Tasks: 398 total,   1 running, 397 sleeping,   0 stopped,   0 zombie
%Cpu(s):  1.6 us,  0.4 sy,  0.0 ni, 98.0 id,  0.0 wa,  0.0 hi,  0.0 si,  0.0 st
KiB Mem : 65877712 total, 52936984 free,  1134056 used, 11806672 buff/cache
KiB Swap: 33554428 total, 32368328 free,  1186100 used. 63461332 avail Mem 
--
top - 14:46:19 up 112 days,  6:30,  0 users,  load average: 0.00, 0.08, 0.19
Tasks: 398 total,   1 running, 397 sleeping,   0 stopped,   0 zombie
%Cpu(s):  0.2 us,  0.1 sy,  0.0 ni, 99.7 id,  0.0 wa,  0.0 hi,  0.0 si,  0.0 st
KiB Mem : 65877712 total, 52914392 free,  1156064 used, 11807256 buff/cache
KiB Swap: 33554428 total, 32368328 free,  1186100 used. 63439044 avail Mem 
--
top - 14:46:24 up 112 days,  6:30,  0 users,  load average: 0.00, 0.08, 0.19
Tasks: 398 total,   1 running, 397 sleeping,   0 stopped,   0 zombie
%Cpu(s):  0.7 us,  0.1 sy,  0.0 ni, 99.2 id,  0.0 wa,  0.0 hi,  0.0 si,  0.0 st
KiB Mem : 65877712 total, 52895092 free,  1175360 used, 11807260 buff/cache
KiB Swap: 33554428 total, 32368328 free,  1186100 used. 63419744 avail Mem 
