10.149.0.68
2024/01/03 14:45:39 Master node address: http://10.149.0.60:8000
2024/01/03 14:45:39 Benchmarking worker...
2024/01/03 14:45:41 Worker registered (1817 MCUPS). Waiting for work...
2024/01/03 14:45:47 Got work. Start calculating alignments...
2024/01/03 14:45:47 Calculating 50 queries
2024/01/03 14:45:47 Done calculating alignments.
2024/01/03 14:45:47 Waiting for work...
2024/01/03 14:45:49 Got work. Start calculating alignments...
2024/01/03 14:45:49 Calculating 50 queries
2024/01/03 14:45:49 Done calculating alignments.
2024/01/03 14:45:49 Waiting for work...
2024/01/03 14:45:50 Got work. Start calculating alignments...
2024/01/03 14:45:50 Calculating 51 queries
2024/01/03 14:45:50 Done calculating alignments.
2024/01/03 14:45:50 Waiting for work...
2024/01/03 14:45:51 Got work. Start calculating alignments...
2024/01/03 14:45:51 Calculating 51 queries
2024/01/03 14:45:52 Done calculating alignments.
2024/01/03 14:45:52 Waiting for work...
2024/01/03 14:45:53 Got work. Start calculating alignments...
2024/01/03 14:45:53 Calculating 50 queries
2024/01/03 14:45:53 Done calculating alignments.
2024/01/03 14:45:53 Waiting for work...
slurmstepd: error: *** JOB 4755563 ON node068 CANCELLED AT 2024-01-03T14:45:53 ***
