Job id: 4755573
Worker ip: 10.149.0.56
Master ip: 10.149.0.59
--
top - 14:45:55 up 112 days,  6:28,  0 users,  load average: 0.00, 0.07, 0.12
Tasks: 390 total,   1 running, 389 sleeping,   0 stopped,   0 zombie
%Cpu(s):  1.6 us,  3.6 sy,  0.0 ni, 94.5 id,  0.0 wa,  0.0 hi,  0.4 si,  0.0 st
KiB Mem : 65877712 total, 52555544 free,  1128640 used, 12193528 buff/cache
KiB Swap: 33554428 total, 32294856 free,  1259572 used. 63418720 avail Mem 
--
top - 14:46:00 up 112 days,  6:28,  0 users,  load average: 0.00, 0.07, 0.12
Tasks: 401 total,   1 running, 400 sleeping,   0 stopped,   0 zombie
%Cpu(s):  2.0 us,  0.6 sy,  0.0 ni, 97.3 id,  0.1 wa,  0.0 hi,  0.0 si,  0.0 st
KiB Mem : 65877712 total, 52527088 free,  1150424 used, 12200200 buff/cache
KiB Swap: 33554428 total, 32294856 free,  1259572 used. 63396868 avail Mem 
--
top - 14:46:05 up 112 days,  6:28,  0 users,  load average: 0.00, 0.07, 0.12
Tasks: 397 total,   1 running, 396 sleeping,   0 stopped,   0 zombie
%Cpu(s):  1.1 us,  0.2 sy,  0.0 ni, 98.4 id,  0.2 wa,  0.0 hi,  0.0 si,  0.0 st
KiB Mem : 65877712 total, 52486404 free,  1191108 used, 12200200 buff/cache
KiB Swap: 33554428 total, 32294856 free,  1259572 used. 63356184 avail Mem 
