10.149.0.54
2024/01/03 14:45:55 Master node address: http://10.149.0.59:8000
2024/01/03 14:45:55 Benchmarking worker...
2024/01/03 14:45:57 Worker registered (1729 MCUPS). Waiting for work...
2024/01/03 14:46:00 Got work. Start calculating alignments...
2024/01/03 14:46:00 Calculating 26 queries
2024/01/03 14:46:00 Done calculating alignments.
2024/01/03 14:46:00 Waiting for work...
2024/01/03 14:46:00 Got work. Start calculating alignments...
2024/01/03 14:46:00 Calculating 5 queries
2024/01/03 14:46:01 Done calculating alignments.
2024/01/03 14:46:01 Waiting for work...
2024/01/03 14:46:02 Got work. Start calculating alignments...
2024/01/03 14:46:02 Calculating 4 queries
2024/01/03 14:46:02 Done calculating alignments.
2024/01/03 14:46:02 Waiting for work...
2024/01/03 14:46:03 Got work. Start calculating alignments...
2024/01/03 14:46:03 Calculating 24 queries
2024/01/03 14:46:03 Done calculating alignments.
2024/01/03 14:46:03 Waiting for work...
2024/01/03 14:46:05 Got work. Start calculating alignments...
2024/01/03 14:46:05 Calculating 24 queries
2024/01/03 14:46:05 Done calculating alignments.
2024/01/03 14:46:05 Waiting for work...
2024/01/03 14:46:06 Got work. Start calculating alignments...
2024/01/03 14:46:06 Calculating 25 queries
2024/01/03 14:46:06 Done calculating alignments.
2024/01/03 14:46:06 Waiting for work...
slurmstepd: error: *** JOB 4755571 ON node054 CANCELLED AT 2024-01-03T14:46:07 ***
