Job id: 4755583
Worker ip: 10.149.0.54
Master ip: 10.149.0.68
--
top - 14:46:09 up 112 days,  6:28,  0 users,  load average: 0.00, 0.04, 0.10
Tasks: 399 total,   1 running, 398 sleeping,   0 stopped,   0 zombie
%Cpu(s): 13.8 us,  6.9 sy,  0.0 ni, 79.1 id,  0.0 wa,  0.0 hi,  0.2 si,  0.0 st
KiB Mem : 65877712 total, 49912968 free,  1222872 used, 14741872 buff/cache
KiB Swap: 33554428 total, 32105564 free,  1448864 used. 63389800 avail Mem 
--
top - 14:46:14 up 112 days,  6:28,  0 users,  load average: 0.00, 0.04, 0.10
Tasks: 400 total,   1 running, 399 sleeping,   0 stopped,   0 zombie
%Cpu(s):  1.3 us,  0.2 sy,  0.0 ni, 98.6 id,  0.0 wa,  0.0 hi,  0.0 si,  0.0 st
KiB Mem : 65877712 total, 49907172 free,  1221960 used, 14748580 buff/cache
KiB Swap: 33554428 total, 32105564 free,  1448864 used. 63390636 avail Mem 
--
top - 14:46:19 up 112 days,  6:28,  0 users,  load average: 0.64, 0.17, 0.14
Tasks: 400 total,   1 running, 399 sleeping,   0 stopped,   0 zombie
%Cpu(s):  0.3 us,  0.1 sy,  0.0 ni, 99.6 id,  0.0 wa,  0.0 hi,  0.0 si,  0.0 st
KiB Mem : 65877712 total, 49881444 free,  1247688 used, 14748580 buff/cache
KiB Swap: 33554428 total, 32105564 free,  1448864 used. 63364908 avail Mem 
--
top - 14:46:24 up 112 days,  6:28,  0 users,  load average: 0.59, 0.17, 0.14
Tasks: 400 total,   1 running, 399 sleeping,   0 stopped,   0 zombie
%Cpu(s):  0.7 us,  0.1 sy,  0.0 ni, 99.2 id,  0.0 wa,  0.0 hi,  0.0 si,  0.0 st
KiB Mem : 65877712 total, 49850248 free,  1278884 used, 14748580 buff/cache
KiB Swap: 33554428 total, 32105564 free,  1448864 used. 63333712 avail Mem 
