10.149.0.63
2024/01/03 14:46:10 Master node address: http://10.149.0.68:8000
2024/01/03 14:46:10 Benchmarking worker...
2024/01/03 14:46:12 Worker registered (1777 MCUPS). Waiting for work...
2024/01/03 14:46:18 Got work. Start calculating alignments...
2024/01/03 14:46:18 Calculating 20 queries
2024/01/03 14:46:18 Done calculating alignments.
2024/01/03 14:46:18 Waiting for work...
2024/01/03 14:46:21 Got work. Start calculating alignments...
2024/01/03 14:46:21 Calculating 20 queries
2024/01/03 14:46:21 Done calculating alignments.
2024/01/03 14:46:21 Waiting for work...
2024/01/03 14:46:22 Got work. Start calculating alignments...
2024/01/03 14:46:22 Calculating 3 queries
2024/01/03 14:46:22 Done calculating alignments.
2024/01/03 14:46:22 Waiting for work...
2024/01/03 14:46:24 Got work. Start calculating alignments...
2024/01/03 14:46:24 Calculating 20 queries
2024/01/03 14:46:24 Done calculating alignments.
2024/01/03 14:46:24 Waiting for work...
slurmstepd: error: *** JOB 4755586 ON node063 CANCELLED AT 2024-01-03T14:46:24 ***
