Job id: 4755588
Worker ip: 10.149.0.65
Master ip: 10.149.0.68
--
top - 14:46:09 up 112 days,  6:30,  0 users,  load average: 0.47, 0.23, 0.17
Tasks: 400 total,   2 running, 398 sleeping,   0 stopped,   0 zombie
%Cpu(s):  3.1 us,  4.8 sy,  0.0 ni, 91.9 id,  0.0 wa,  0.0 hi,  0.2 si,  0.0 st
KiB Mem : 65877692 total, 58166260 free,  1149076 used,  6562356 buff/cache
KiB Swap: 33554428 total, 32385964 free,  1168464 used. 63429736 avail Mem 
--
top - 14:46:14 up 112 days,  6:30,  0 users,  load average: 0.43, 0.23, 0.17
Tasks: 402 total,   1 running, 401 sleeping,   0 stopped,   0 zombie
%Cpu(s):  1.6 us,  0.4 sy,  0.0 ni, 98.0 id,  0.0 wa,  0.0 hi,  0.0 si,  0.0 st
KiB Mem : 65877692 total, 58146372 free,  1162276 used,  6569044 buff/cache
KiB Swap: 33554428 total, 32385964 free,  1168464 used. 63416468 avail Mem 
--
top - 14:46:19 up 112 days,  6:30,  0 users,  load average: 0.40, 0.22, 0.17
Tasks: 402 total,   1 running, 401 sleeping,   0 stopped,   0 zombie
%Cpu(s):  0.6 us,  0.1 sy,  0.0 ni, 99.3 id,  0.0 wa,  0.0 hi,  0.0 si,  0.0 st
KiB Mem : 65877692 total, 58102304 free,  1206344 used,  6569044 buff/cache
KiB Swap: 33554428 total, 32385964 free,  1168464 used. 63372400 avail Mem 
--
top - 14:46:24 up 112 days,  6:30,  0 users,  load average: 0.36, 0.22, 0.17
Tasks: 403 total,   1 running, 402 sleeping,   0 stopped,   0 zombie
%Cpu(s):  0.7 us,  0.1 sy,  0.0 ni, 99.2 id,  0.0 wa,  0.0 hi,  0.0 si,  0.0 st
KiB Mem : 65877692 total, 58081788 free,  1226860 used,  6569044 buff/cache
KiB Swap: 33554428 total, 32385964 free,  1168464 used. 63351884 avail Mem 
