Job id: 4755619
Master ip: 10.149.0.54
--
top - 14:47:07 up 112 days,  6:29,  0 users,  load average: 0.30, 0.15, 0.13
Tasks: 398 total,   1 running, 397 sleeping,   0 stopped,   0 zombie
%Cpu(s):  2.2 us,  0.9 sy,  0.0 ni, 96.9 id,  0.0 wa,  0.0 hi,  0.0 si,  0.0 st
KiB Mem : 65877712 total, 49922176 free,  1200220 used, 14755316 buff/cache
KiB Swap: 33554428 total, 32105564 free,  1448864 used. 63412288 avail Mem 
--
top - 14:47:12 up 112 days,  6:29,  0 users,  load average: 0.36, 0.16, 0.14
Tasks: 399 total,   2 running, 397 sleeping,   0 stopped,   0 zombie
%Cpu(s):  0.9 us,  0.2 sy,  0.0 ni, 98.9 id,  0.0 wa,  0.0 hi,  0.0 si,  0.0 st
KiB Mem : 65877712 total, 49894428 free,  1227692 used, 14755592 buff/cache
KiB Swap: 33554428 total, 32105564 free,  1448864 used. 63384764 avail Mem 
--
top - 14:47:17 up 112 days,  6:29,  0 users,  load average: 0.33, 0.16, 0.14
Tasks: 399 total,   1 running, 398 sleeping,   0 stopped,   0 zombie
%Cpu(s):  0.2 us,  0.0 sy,  0.0 ni, 99.7 id,  0.0 wa,  0.0 hi,  0.0 si,  0.0 st
KiB Mem : 65877712 total, 49894328 free,  1227792 used, 14755592 buff/cache
KiB Swap: 33554428 total, 32105564 free,  1448864 used. 63384664 avail Mem 
--
top - 14:47:22 up 112 days,  6:29,  0 users,  load average: 0.30, 0.16, 0.14
Tasks: 399 total,   1 running, 398 sleeping,   0 stopped,   0 zombie
%Cpu(s):  0.2 us,  0.0 sy,  0.0 ni, 99.7 id,  0.0 wa,  0.0 hi,  0.0 si,  0.0 st
KiB Mem : 65877712 total, 49894576 free,  1227544 used, 14755592 buff/cache
KiB Swap: 33554428 total, 32105564 free,  1448864 used. 63384912 avail Mem 
--
top - 14:47:27 up 112 days,  6:29,  0 users,  load average: 0.28, 0.15, 0.14
Tasks: 399 total,   1 running, 398 sleeping,   0 stopped,   0 zombie
%Cpu(s):  0.3 us,  0.0 sy,  0.0 ni, 99.7 id,  0.0 wa,  0.0 hi,  0.0 si,  0.0 st
KiB Mem : 65877712 total, 49894800 free,  1227320 used, 14755592 buff/cache
KiB Swap: 33554428 total, 32105564 free,  1448864 used. 63385136 avail Mem 
--
top - 14:47:32 up 112 days,  6:29,  0 users,  load average: 0.26, 0.15, 0.14
Tasks: 399 total,   1 running, 398 sleeping,   0 stopped,   0 zombie
%Cpu(s):  0.2 us,  0.0 sy,  0.0 ni, 99.7 id,  0.0 wa,  0.0 hi,  0.0 si,  0.0 st
KiB Mem : 65877712 total, 49895008 free,  1227112 used, 14755592 buff/cache
KiB Swap: 33554428 total, 32105564 free,  1448864 used. 63385344 avail Mem 
--
top - 14:47:37 up 112 days,  6:29,  0 users,  load average: 0.24, 0.15, 0.14
Tasks: 399 total,   1 running, 398 sleeping,   0 stopped,   0 zombie
%Cpu(s):  0.3 us,  0.0 sy,  0.0 ni, 99.7 id,  0.0 wa,  0.0 hi,  0.0 si,  0.0 st
KiB Mem : 65877712 total, 49894992 free,  1227128 used, 14755592 buff/cache
KiB Swap: 33554428 total, 32105564 free,  1448864 used. 63385328 avail Mem 
--
top - 14:47:42 up 112 days,  6:30,  0 users,  load average: 0.22, 0.15, 0.13
Tasks: 399 total,   1 running, 398 sleeping,   0 stopped,   0 zombie
%Cpu(s):  0.5 us,  0.0 sy,  0.0 ni, 99.4 id,  0.0 wa,  0.0 hi,  0.0 si,  0.0 st
KiB Mem : 65877712 total, 49880428 free,  1241692 used, 14755592 buff/cache
KiB Swap: 33554428 total, 32105564 free,  1448864 used. 63370764 avail Mem 
--
top - 14:47:47 up 112 days,  6:30,  0 users,  load average: 0.20, 0.14, 0.13
Tasks: 399 total,   1 running, 398 sleeping,   0 stopped,   0 zombie
%Cpu(s):  1.1 us,  0.1 sy,  0.0 ni, 98.7 id,  0.0 wa,  0.0 hi,  0.0 si,  0.0 st
KiB Mem : 65877712 total, 49861588 free,  1260524 used, 14755600 buff/cache
KiB Swap: 33554428 total, 32105564 free,  1448864 used. 63351436 avail Mem 
