10.149.0.59
2024/01/03 14:45:22 Master node address: http://10.149.0.68:8000
2024/01/03 14:45:22 Benchmarking worker...
2024/01/03 14:45:23 Worker registered (1760 MCUPS). Waiting for work...
2024/01/03 14:45:30 Got work. Start calculating alignments...
2024/01/03 14:45:30 Calculating 103 queries
2024/01/03 14:45:30 Done calculating alignments.
2024/01/03 14:45:30 Waiting for work...
2024/01/03 14:45:31 Got work. Start calculating alignments...
2024/01/03 14:45:31 Calculating 103 queries
2024/01/03 14:45:31 Done calculating alignments.
2024/01/03 14:45:31 Waiting for work...
2024/01/03 14:45:33 Got work. Start calculating alignments...
2024/01/03 14:45:33 Calculating 103 queries
2024/01/03 14:45:33 Done calculating alignments.
2024/01/03 14:45:33 Waiting for work...
2024/01/03 14:45:34 Got work. Start calculating alignments...
2024/01/03 14:45:34 Calculating 103 queries
2024/01/03 14:45:34 Done calculating alignments.
2024/01/03 14:45:34 Waiting for work...
2024/01/03 14:45:36 Got work. Start calculating alignments...
2024/01/03 14:45:36 Calculating 103 queries
2024/01/03 14:45:36 Done calculating alignments.
2024/01/03 14:45:36 Waiting for work...
slurmstepd: error: *** JOB 4755556 ON node059 CANCELLED AT 2024-01-03T14:45:36 ***
