Job id: 4755621
Worker ip: 10.149.0.60
Master ip: 10.149.0.54
--
top - 14:47:08 up 112 days,  6:31,  0 users,  load average: 0.10, 0.10, 0.22
Tasks: 398 total,   2 running, 396 sleeping,   0 stopped,   0 zombie
%Cpu(s):  4.9 us,  7.2 sy,  0.0 ni, 87.6 id,  0.0 wa,  0.0 hi,  0.4 si,  0.0 st
KiB Mem : 65877692 total, 52174624 free,  1277156 used, 12425912 buff/cache
KiB Swap: 33554428 total, 31913416 free,  1641012 used. 63323440 avail Mem 
--
top - 14:47:13 up 112 days,  6:31,  0 users,  load average: 0.09, 0.10, 0.22
Tasks: 399 total,   2 running, 397 sleeping,   0 stopped,   0 zombie
%Cpu(s):  1.5 us,  0.3 sy,  0.0 ni, 98.2 id,  0.0 wa,  0.0 hi,  0.0 si,  0.0 st
KiB Mem : 65877692 total, 52147620 free,  1298036 used, 12432036 buff/cache
KiB Swap: 33554428 total, 31913416 free,  1641012 used. 63302368 avail Mem 
--
top - 14:47:18 up 112 days,  6:31,  0 users,  load average: 0.08, 0.10, 0.22
Tasks: 399 total,   1 running, 398 sleeping,   0 stopped,   0 zombie
%Cpu(s):  0.0 us,  0.0 sy,  0.0 ni,100.0 id,  0.0 wa,  0.0 hi,  0.0 si,  0.0 st
KiB Mem : 65877692 total, 52151716 free,  1293376 used, 12432600 buff/cache
KiB Swap: 33554428 total, 31913416 free,  1641012 used. 63307152 avail Mem 
--
top - 14:47:23 up 112 days,  6:31,  0 users,  load average: 0.07, 0.10, 0.22
Tasks: 399 total,   1 running, 398 sleeping,   0 stopped,   0 zombie
%Cpu(s):  0.0 us,  0.0 sy,  0.0 ni, 99.9 id,  0.0 wa,  0.0 hi,  0.0 si,  0.0 st
KiB Mem : 65877692 total, 52152216 free,  1292876 used, 12432600 buff/cache
KiB Swap: 33554428 total, 31913416 free,  1641012 used. 63307652 avail Mem 
--
top - 14:47:28 up 112 days,  6:31,  0 users,  load average: 0.07, 0.10, 0.22
Tasks: 399 total,   1 running, 398 sleeping,   0 stopped,   0 zombie
%Cpu(s):  0.0 us,  0.0 sy,  0.0 ni,100.0 id,  0.0 wa,  0.0 hi,  0.0 si,  0.0 st
KiB Mem : 65877692 total, 52152340 free,  1292752 used, 12432600 buff/cache
KiB Swap: 33554428 total, 31913416 free,  1641012 used. 63307776 avail Mem 
--
top - 14:47:33 up 112 days,  6:31,  0 users,  load average: 0.06, 0.10, 0.22
Tasks: 399 total,   1 running, 398 sleeping,   0 stopped,   0 zombie
%Cpu(s):  0.0 us,  0.0 sy,  0.0 ni,100.0 id,  0.0 wa,  0.0 hi,  0.0 si,  0.0 st
KiB Mem : 65877692 total, 52152340 free,  1292752 used, 12432600 buff/cache
KiB Swap: 33554428 total, 31913416 free,  1641012 used. 63307776 avail Mem 
--
top - 14:47:38 up 112 days,  6:31,  0 users,  load average: 0.06, 0.10, 0.22
Tasks: 399 total,   1 running, 398 sleeping,   0 stopped,   0 zombie
%Cpu(s):  0.0 us,  0.0 sy,  0.0 ni, 99.9 id,  0.1 wa,  0.0 hi,  0.0 si,  0.0 st
KiB Mem : 65877692 total, 52151844 free,  1293248 used, 12432600 buff/cache
KiB Swap: 33554428 total, 31913416 free,  1641012 used. 63307280 avail Mem 
--
top - 14:47:43 up 112 days,  6:31,  0 users,  load average: 0.05, 0.09, 0.21
Tasks: 399 total,   1 running, 398 sleeping,   0 stopped,   0 zombie
%Cpu(s):  0.0 us,  0.0 sy,  0.0 ni,100.0 id,  0.0 wa,  0.0 hi,  0.0 si,  0.0 st
KiB Mem : 65877692 total, 52151596 free,  1293496 used, 12432600 buff/cache
KiB Swap: 33554428 total, 31913416 free,  1641012 used. 63307032 avail Mem 
