10.149.0.63
2024/01/03 16:08:50 Master node address: http://10.149.0.54:8000
2024/01/03 16:08:50 Benchmarking worker...
2024/01/03 16:08:52 Worker registered (1786 MCUPS). Waiting for work...
2024/01/03 16:10:49 Got work. Start calculating alignments...
2024/01/03 16:10:49 Calculating 87 queries
2024/01/03 16:11:21 Done calculating alignments.
2024/01/03 16:11:21 Waiting for work...
2024/01/03 16:12:48 Got work. Start calculating alignments...
2024/01/03 16:12:48 Calculating 87 queries
2024/01/03 16:13:05 Done calculating alignments.
2024/01/03 16:13:05 Waiting for work...
2024/01/03 16:14:40 Got work. Start calculating alignments...
2024/01/03 16:14:40 Calculating 87 queries
2024/01/03 16:14:55 Done calculating alignments.
2024/01/03 16:14:55 Waiting for work...
2024/01/03 16:16:33 Got work. Start calculating alignments...
2024/01/03 16:16:33 Calculating 87 queries
2024/01/03 16:16:53 Done calculating alignments.
2024/01/03 16:16:53 Waiting for work...
2024/01/03 16:18:07 Got work. Start calculating alignments...
2024/01/03 16:18:07 Calculating 85 queries
2024/01/03 16:18:18 Done calculating alignments.
2024/01/03 16:18:18 Waiting for work...
slurmstepd: error: *** JOB 4755778 ON node063 CANCELLED AT 2024-01-03T16:18:37 ***
