10.149.0.55
2024/01/03 16:08:50 Master node address: http://10.149.0.54:8000
2024/01/03 16:08:50 Benchmarking worker...
2024/01/03 16:08:52 Worker registered (1752 MCUPS). Waiting for work...
2024/01/03 16:10:47 Got work. Start calculating alignments...
2024/01/03 16:10:47 Calculating 85 queries
2024/01/03 16:10:59 Done calculating alignments.
2024/01/03 16:10:59 Waiting for work...
2024/01/03 16:12:45 Got work. Start calculating alignments...
2024/01/03 16:12:45 Calculating 86 queries
2024/01/03 16:12:54 Done calculating alignments.
2024/01/03 16:12:54 Waiting for work...
2024/01/03 16:14:41 Got work. Start calculating alignments...
2024/01/03 16:14:41 Calculating 85 queries
2024/01/03 16:14:56 Done calculating alignments.
2024/01/03 16:14:56 Waiting for work...
2024/01/03 16:16:32 Got work. Start calculating alignments...
2024/01/03 16:16:32 Calculating 86 queries
2024/01/03 16:16:48 Done calculating alignments.
2024/01/03 16:16:48 Waiting for work...
2024/01/03 16:18:07 Got work. Start calculating alignments...
2024/01/03 16:18:07 Calculating 85 queries
2024/01/03 16:18:18 Done calculating alignments.
2024/01/03 16:18:18 Waiting for work...
slurmstepd: error: *** JOB 4755776 ON node055 CANCELLED AT 2024-01-03T16:18:37 ***
