10.149.0.59
2024/01/03 15:26:30 Master node address: http://10.149.0.54:8000
2024/01/03 15:26:30 Benchmarking worker...
2024/01/03 15:26:31 Worker registered (1830 MCUPS). Waiting for work...
2024/01/03 15:28:23 Got work. Start calculating alignments...
2024/01/03 15:28:23 Calculating 88 queries
2024/01/03 15:28:55 Done calculating alignments.
2024/01/03 15:28:55 Waiting for work...
2024/01/03 15:30:14 Got work. Start calculating alignments...
2024/01/03 15:30:14 Calculating 88 queries
2024/01/03 15:30:34 Done calculating alignments.
2024/01/03 15:30:34 Waiting for work...
2024/01/03 15:32:06 Got work. Start calculating alignments...
2024/01/03 15:32:06 Calculating 88 queries
2024/01/03 15:32:26 Done calculating alignments.
2024/01/03 15:32:26 Waiting for work...
2024/01/03 15:33:58 Got work. Start calculating alignments...
2024/01/03 15:33:58 Calculating 88 queries
2024/01/03 15:34:15 Done calculating alignments.
2024/01/03 15:34:15 Waiting for work...
2024/01/03 15:35:48 Got work. Start calculating alignments...
2024/01/03 15:35:48 Calculating 87 queries
2024/01/03 15:36:04 Done calculating alignments.
2024/01/03 15:36:04 Waiting for work...
slurmstepd: error: *** JOB 4755737 ON node059 CANCELLED AT 2024-01-03T15:36:09 ***
