Job id: 4755750
Master ip: 10.149.0.62
--
top - 15:36:10 up 112 days,  7:18,  0 users,  load average: 0.09, 0.26, 0.37
Tasks: 398 total,   2 running, 396 sleeping,   0 stopped,   0 zombie
%Cpu(s):  1.8 us,  0.9 sy,  0.0 ni, 97.3 id,  0.0 wa,  0.0 hi,  0.0 si,  0.0 st
KiB Mem : 65877712 total, 52609992 free,  1148620 used, 12119100 buff/cache
KiB Swap: 33554428 total, 32232984 free,  1321444 used. 63436404 avail Mem 
--
top - 15:36:15 up 112 days,  7:18,  0 users,  load average: 0.16, 0.27, 0.38
Tasks: 399 total,   2 running, 397 sleeping,   0 stopped,   0 zombie
%Cpu(s):  0.8 us,  0.1 sy,  0.0 ni, 99.1 id,  0.0 wa,  0.0 hi,  0.0 si,  0.0 st
KiB Mem : 65877712 total, 52586544 free,  1171840 used, 12119328 buff/cache
KiB Swap: 33554428 total, 32232984 free,  1321444 used. 63413152 avail Mem 
--
top - 15:36:20 up 112 days,  7:18,  0 users,  load average: 0.15, 0.27, 0.38
Tasks: 399 total,   1 running, 398 sleeping,   0 stopped,   0 zombie
%Cpu(s):  0.0 us,  0.0 sy,  0.0 ni, 99.9 id,  0.0 wa,  0.0 hi,  0.0 si,  0.0 st
KiB Mem : 65877712 total, 52586404 free,  1171980 used, 12119328 buff/cache
KiB Swap: 33554428 total, 32232984 free,  1321444 used. 63413012 avail Mem 
--
top - 15:36:25 up 112 days,  7:18,  0 users,  load average: 0.14, 0.26, 0.37
Tasks: 399 total,   1 running, 398 sleeping,   0 stopped,   0 zombie
%Cpu(s):  0.0 us,  0.0 sy,  0.0 ni, 99.9 id,  0.1 wa,  0.0 hi,  0.0 si,  0.0 st
KiB Mem : 65877712 total, 52586676 free,  1171708 used, 12119328 buff/cache
KiB Swap: 33554428 total, 32232984 free,  1321444 used. 63413284 avail Mem 
--
top - 15:36:30 up 112 days,  7:18,  0 users,  load average: 0.12, 0.26, 0.37
Tasks: 400 total,   1 running, 399 sleeping,   0 stopped,   0 zombie
%Cpu(s):  0.0 us,  0.0 sy,  0.0 ni,100.0 id,  0.0 wa,  0.0 hi,  0.0 si,  0.0 st
KiB Mem : 65877712 total, 52586792 free,  1171592 used, 12119328 buff/cache
KiB Swap: 33554428 total, 32232984 free,  1321444 used. 63413400 avail Mem 
--
top - 15:36:35 up 112 days,  7:18,  0 users,  load average: 0.11, 0.25, 0.37
Tasks: 400 total,   1 running, 399 sleeping,   0 stopped,   0 zombie
%Cpu(s):  0.0 us,  0.0 sy,  0.0 ni, 99.9 id,  0.0 wa,  0.0 hi,  0.0 si,  0.0 st
KiB Mem : 65877712 total, 52586844 free,  1171540 used, 12119328 buff/cache
KiB Swap: 33554428 total, 32232984 free,  1321444 used. 63413452 avail Mem 
--
top - 15:36:40 up 112 days,  7:18,  0 users,  load average: 0.11, 0.25, 0.37
Tasks: 400 total,   1 running, 399 sleeping,   0 stopped,   0 zombie
%Cpu(s):  0.0 us,  0.0 sy,  0.0 ni, 99.9 id,  0.0 wa,  0.0 hi,  0.0 si,  0.0 st
KiB Mem : 65877712 total, 52587204 free,  1171180 used, 12119328 buff/cache
KiB Swap: 33554428 total, 32232984 free,  1321444 used. 63413812 avail Mem 
--
top - 15:36:45 up 112 days,  7:19,  0 users,  load average: 0.10, 0.24, 0.37
Tasks: 400 total,   1 running, 399 sleeping,   0 stopped,   0 zombie
%Cpu(s):  0.0 us,  0.0 sy,  0.0 ni, 99.9 id,  0.0 wa,  0.0 hi,  0.0 si,  0.0 st
KiB Mem : 65877712 total, 52587444 free,  1170940 used, 12119328 buff/cache
KiB Swap: 33554428 total, 32232984 free,  1321444 used. 63414052 avail Mem 
--
top - 15:36:50 up 112 days,  7:19,  0 users,  load average: 0.09, 0.24, 0.36
Tasks: 400 total,   1 running, 399 sleeping,   0 stopped,   0 zombie
%Cpu(s):  0.0 us,  0.0 sy,  0.0 ni,100.0 id,  0.0 wa,  0.0 hi,  0.0 si,  0.0 st
KiB Mem : 65877712 total, 52587464 free,  1170920 used, 12119328 buff/cache
KiB Swap: 33554428 total, 32232984 free,  1321444 used. 63414072 avail Mem 
--
top - 15:36:55 up 112 days,  7:19,  0 users,  load average: 0.08, 0.24, 0.36
Tasks: 400 total,   1 running, 399 sleeping,   0 stopped,   0 zombie
%Cpu(s):  0.0 us,  0.0 sy,  0.0 ni, 99.9 id,  0.0 wa,  0.0 hi,  0.0 si,  0.0 st
KiB Mem : 65877712 total, 52587496 free,  1170888 used, 12119328 buff/cache
KiB Swap: 33554428 total, 32232984 free,  1321444 used. 63414104 avail Mem 
--
top - 15:37:00 up 112 days,  7:19,  0 users,  load average: 0.08, 0.23, 0.36
Tasks: 400 total,   1 running, 399 sleeping,   0 stopped,   0 zombie
%Cpu(s):  0.0 us,  0.0 sy,  0.0 ni, 99.9 id,  0.0 wa,  0.0 hi,  0.0 si,  0.0 st
KiB Mem : 65877712 total, 52587496 free,  1170888 used, 12119328 buff/cache
KiB Swap: 33554428 total, 32232984 free,  1321444 used. 63414104 avail Mem 
--
top - 15:37:05 up 112 days,  7:19,  0 users,  load average: 0.07, 0.23, 0.36
Tasks: 400 total,   2 running, 398 sleeping,   0 stopped,   0 zombie
%Cpu(s):  1.2 us,  0.3 sy,  0.0 ni, 98.5 id,  0.0 wa,  0.0 hi,  0.1 si,  0.0 st
KiB Mem : 65877712 total, 52356516 free,  1179940 used, 12341256 buff/cache
KiB Swap: 33554428 total, 32232984 free,  1321444 used. 63401128 avail Mem 
--
top - 15:37:10 up 112 days,  7:19,  0 users,  load average: 0.14, 0.24, 0.36
Tasks: 399 total,   2 running, 397 sleeping,   0 stopped,   0 zombie
%Cpu(s):  2.5 us,  0.6 sy,  0.0 ni, 96.6 id,  0.2 wa,  0.0 hi,  0.1 si,  0.0 st
KiB Mem : 65877712 total, 51839632 free,  1181748 used, 12856332 buff/cache
KiB Swap: 33554428 total, 32232984 free,  1321444 used. 63393444 avail Mem 
--
top - 15:37:15 up 112 days,  7:19,  0 users,  load average: 0.13, 0.24, 0.36
Tasks: 400 total,   2 running, 398 sleeping,   0 stopped,   0 zombie
%Cpu(s):  2.5 us,  0.6 sy,  0.0 ni, 95.9 id,  0.9 wa,  0.0 hi,  0.1 si,  0.0 st
KiB Mem : 65877712 total, 51335048 free,  1182052 used, 13360612 buff/cache
KiB Swap: 33554428 total, 32232984 free,  1321444 used. 63385496 avail Mem 
--
top - 15:37:20 up 112 days,  7:19,  0 users,  load average: 0.28, 0.27, 0.37
Tasks: 399 total,   2 running, 397 sleeping,   0 stopped,   0 zombie
%Cpu(s):  2.5 us,  0.6 sy,  0.0 ni, 96.6 id,  0.2 wa,  0.0 hi,  0.1 si,  0.0 st
KiB Mem : 65877712 total, 50830300 free,  1181628 used, 13865784 buff/cache
KiB Swap: 33554428 total, 32232984 free,  1321444 used. 63379752 avail Mem 
--
top - 15:37:25 up 112 days,  7:19,  0 users,  load average: 0.34, 0.28, 0.37
Tasks: 399 total,   2 running, 397 sleeping,   0 stopped,   0 zombie
%Cpu(s):  2.5 us,  0.5 sy,  0.0 ni, 96.9 id,  0.0 wa,  0.0 hi,  0.1 si,  0.0 st
KiB Mem : 65877712 total, 50350164 free,  1181344 used, 14346204 buff/cache
KiB Swap: 33554428 total, 32232984 free,  1321444 used. 63373040 avail Mem 
--
top - 15:37:30 up 112 days,  7:19,  0 users,  load average: 0.39, 0.29, 0.37
Tasks: 399 total,   2 running, 397 sleeping,   0 stopped,   0 zombie
%Cpu(s):  2.5 us,  0.6 sy,  0.0 ni, 92.3 id,  4.6 wa,  0.0 hi,  0.1 si,  0.0 st
KiB Mem : 65877712 total, 49804328 free,  1184256 used, 14889128 buff/cache
KiB Swap: 33554428 total, 32232984 free,  1321444 used. 63362188 avail Mem 
--
top - 15:37:35 up 112 days,  7:19,  0 users,  load average: 1.00, 0.42, 0.42
Tasks: 399 total,   2 running, 397 sleeping,   0 stopped,   0 zombie
%Cpu(s):  2.4 us,  0.7 sy,  0.0 ni, 90.7 id,  6.2 wa,  0.0 hi,  0.1 si,  0.0 st
KiB Mem : 65877712 total, 48591952 free,  1980740 used, 15305020 buff/cache
KiB Swap: 33554428 total, 32232984 free,  1321444 used. 62560568 avail Mem 
--
top - 15:37:40 up 112 days,  7:20,  0 users,  load average: 1.56, 0.54, 0.46
Tasks: 399 total,   2 running, 397 sleeping,   0 stopped,   0 zombie
%Cpu(s):  1.5 us,  1.8 sy,  0.0 ni, 96.4 id,  0.4 wa,  0.0 hi,  0.0 si,  0.0 st
KiB Mem : 65877712 total, 49194096 free,  4562840 used, 12120776 buff/cache
KiB Swap: 33554428 total, 32232984 free,  1321444 used. 60021788 avail Mem 
--
top - 15:37:45 up 112 days,  7:20,  0 users,  load average: 1.52, 0.55, 0.46
Tasks: 399 total,   2 running, 397 sleeping,   0 stopped,   0 zombie
%Cpu(s):  2.2 us,  0.4 sy,  0.0 ni, 97.3 id,  0.0 wa,  0.0 hi,  0.0 si,  0.0 st
KiB Mem : 65877712 total, 49164444 free,  4593348 used, 12119920 buff/cache
KiB Swap: 33554428 total, 32232984 free,  1321444 used. 59991392 avail Mem 
--
top - 15:37:50 up 112 days,  7:20,  0 users,  load average: 1.48, 0.56, 0.46
Tasks: 400 total,   2 running, 398 sleeping,   0 stopped,   0 zombie
%Cpu(s):  2.1 us,  0.5 sy,  0.0 ni, 97.4 id,  0.0 wa,  0.0 hi,  0.0 si,  0.0 st
KiB Mem : 65877712 total, 48851832 free,  4905960 used, 12119920 buff/cache
KiB Swap: 33554428 total, 32232984 free,  1321444 used. 59678332 avail Mem 
--
top - 15:37:55 up 112 days,  7:20,  0 users,  load average: 1.44, 0.57, 0.47
Tasks: 400 total,   2 running, 398 sleeping,   0 stopped,   0 zombie
%Cpu(s):  2.2 us,  0.4 sy,  0.0 ni, 97.4 id,  0.0 wa,  0.0 hi,  0.0 si,  0.0 st
KiB Mem : 65877712 total, 49185624 free,  4572168 used, 12119920 buff/cache
KiB Swap: 33554428 total, 32232984 free,  1321444 used. 60012572 avail Mem 
--
top - 15:38:00 up 112 days,  7:20,  0 users,  load average: 1.40, 0.57, 0.47
Tasks: 400 total,   2 running, 398 sleeping,   0 stopped,   0 zombie
%Cpu(s):  2.6 us,  0.7 sy,  0.0 ni, 96.4 id,  0.4 wa,  0.0 hi,  0.0 si,  0.0 st
KiB Mem : 65877712 total, 49152672 free,  4605116 used, 12119924 buff/cache
KiB Swap: 33554428 total, 32232984 free,  1321444 used. 59979584 avail Mem 
--
top - 15:38:05 up 112 days,  7:20,  0 users,  load average: 1.37, 0.58, 0.47
Tasks: 404 total,   2 running, 402 sleeping,   0 stopped,   0 zombie
%Cpu(s):  2.3 us,  0.4 sy,  0.0 ni, 97.3 id,  0.0 wa,  0.0 hi,  0.0 si,  0.0 st
KiB Mem : 65877712 total, 49157904 free,  4599884 used, 12119924 buff/cache
KiB Swap: 33554428 total, 32232984 free,  1321444 used. 59984816 avail Mem 
--
top - 15:38:10 up 112 days,  7:20,  0 users,  load average: 1.34, 0.59, 0.47
Tasks: 404 total,   1 running, 403 sleeping,   0 stopped,   0 zombie
%Cpu(s):  1.1 us,  0.2 sy,  0.0 ni, 98.7 id,  0.0 wa,  0.0 hi,  0.0 si,  0.0 st
KiB Mem : 65877712 total, 49183380 free,  4574408 used, 12119924 buff/cache
KiB Swap: 33554428 total, 32232984 free,  1321444 used. 60010292 avail Mem 
--
top - 15:38:16 up 112 days,  7:20,  0 users,  load average: 1.13, 0.57, 0.47
Tasks: 404 total,   1 running, 403 sleeping,   0 stopped,   0 zombie
%Cpu(s):  0.0 us,  0.0 sy,  0.0 ni, 99.9 id,  0.0 wa,  0.0 hi,  0.0 si,  0.0 st
KiB Mem : 65877712 total, 49183884 free,  4573904 used, 12119924 buff/cache
KiB Swap: 33554428 total, 32232984 free,  1321444 used. 60010796 avail Mem 
--
top - 15:38:21 up 112 days,  7:20,  0 users,  load average: 1.04, 0.56, 0.47
Tasks: 404 total,   1 running, 403 sleeping,   0 stopped,   0 zombie
%Cpu(s):  0.1 us,  0.0 sy,  0.0 ni, 99.9 id,  0.0 wa,  0.0 hi,  0.0 si,  0.0 st
KiB Mem : 65877712 total, 49184148 free,  4573640 used, 12119924 buff/cache
KiB Swap: 33554428 total, 32232984 free,  1321444 used. 60011060 avail Mem 
--
top - 15:38:26 up 112 days,  7:20,  0 users,  load average: 0.96, 0.55, 0.46
Tasks: 404 total,   1 running, 403 sleeping,   0 stopped,   0 zombie
%Cpu(s):  0.1 us,  0.0 sy,  0.0 ni, 99.9 id,  0.0 wa,  0.0 hi,  0.0 si,  0.0 st
KiB Mem : 65877712 total, 49184536 free,  4573252 used, 12119924 buff/cache
KiB Swap: 33554428 total, 32232984 free,  1321444 used. 60011448 avail Mem 
--
top - 15:38:31 up 112 days,  7:20,  0 users,  load average: 0.88, 0.54, 0.46
Tasks: 404 total,   2 running, 402 sleeping,   0 stopped,   0 zombie
%Cpu(s):  0.1 us,  0.0 sy,  0.0 ni, 99.9 id,  0.0 wa,  0.0 hi,  0.0 si,  0.0 st
KiB Mem : 65877712 total, 49184768 free,  4573020 used, 12119924 buff/cache
KiB Swap: 33554428 total, 32232984 free,  1321444 used. 60011680 avail Mem 
--
top - 15:38:36 up 112 days,  7:20,  0 users,  load average: 0.81, 0.53, 0.46
Tasks: 404 total,   1 running, 403 sleeping,   0 stopped,   0 zombie
%Cpu(s):  0.0 us,  0.0 sy,  0.0 ni, 99.9 id,  0.0 wa,  0.0 hi,  0.0 si,  0.0 st
KiB Mem : 65877712 total, 49185128 free,  4572660 used, 12119924 buff/cache
KiB Swap: 33554428 total, 32232984 free,  1321444 used. 60012040 avail Mem 
--
top - 15:38:41 up 112 days,  7:21,  0 users,  load average: 0.75, 0.52, 0.46
Tasks: 404 total,   1 running, 403 sleeping,   0 stopped,   0 zombie
%Cpu(s):  0.1 us,  0.0 sy,  0.0 ni, 99.9 id,  0.0 wa,  0.0 hi,  0.0 si,  0.0 st
KiB Mem : 65877712 total, 49186128 free,  4571660 used, 12119924 buff/cache
KiB Swap: 33554428 total, 32232984 free,  1321444 used. 60013040 avail Mem 
--
top - 15:38:46 up 112 days,  7:21,  0 users,  load average: 0.69, 0.51, 0.45
Tasks: 404 total,   1 running, 403 sleeping,   0 stopped,   0 zombie
%Cpu(s):  0.0 us,  0.0 sy,  0.0 ni, 99.9 id,  0.0 wa,  0.0 hi,  0.0 si,  0.0 st
KiB Mem : 65877712 total, 49186164 free,  4571624 used, 12119924 buff/cache
KiB Swap: 33554428 total, 32232984 free,  1321444 used. 60013076 avail Mem 
--
top - 15:38:51 up 112 days,  7:21,  0 users,  load average: 0.63, 0.51, 0.45
Tasks: 404 total,   1 running, 403 sleeping,   0 stopped,   0 zombie
%Cpu(s):  0.1 us,  0.0 sy,  0.0 ni, 99.9 id,  0.0 wa,  0.0 hi,  0.0 si,  0.0 st
KiB Mem : 65877712 total, 49186180 free,  4571608 used, 12119924 buff/cache
KiB Swap: 33554428 total, 32232984 free,  1321444 used. 60013092 avail Mem 
--
top - 15:38:56 up 112 days,  7:21,  0 users,  load average: 0.58, 0.50, 0.45
Tasks: 404 total,   1 running, 403 sleeping,   0 stopped,   0 zombie
%Cpu(s):  0.0 us,  0.0 sy,  0.0 ni, 99.9 id,  0.0 wa,  0.0 hi,  0.0 si,  0.0 st
KiB Mem : 65877712 total, 49186024 free,  4571760 used, 12119928 buff/cache
KiB Swap: 33554428 total, 32232984 free,  1321444 used. 60012940 avail Mem 
--
top - 15:39:01 up 112 days,  7:21,  0 users,  load average: 0.54, 0.49, 0.45
Tasks: 404 total,   1 running, 403 sleeping,   0 stopped,   0 zombie
%Cpu(s):  0.0 us,  0.0 sy,  0.0 ni,100.0 id,  0.0 wa,  0.0 hi,  0.0 si,  0.0 st
KiB Mem : 65877712 total, 49186024 free,  4571760 used, 12119928 buff/cache
KiB Swap: 33554428 total, 32232984 free,  1321444 used. 60012940 avail Mem 
--
top - 15:39:06 up 112 days,  7:21,  0 users,  load average: 0.49, 0.48, 0.44
Tasks: 403 total,   1 running, 402 sleeping,   0 stopped,   0 zombie
%Cpu(s):  0.0 us,  0.0 sy,  0.0 ni, 99.9 id,  0.0 wa,  0.0 hi,  0.0 si,  0.0 st
KiB Mem : 65877712 total, 49186136 free,  4571648 used, 12119928 buff/cache
KiB Swap: 33554428 total, 32232984 free,  1321444 used. 60013052 avail Mem 
--
top - 15:39:11 up 112 days,  7:21,  0 users,  load average: 0.45, 0.47, 0.44
Tasks: 401 total,   2 running, 399 sleeping,   0 stopped,   0 zombie
%Cpu(s):  1.7 us,  0.5 sy,  0.0 ni, 97.7 id,  0.0 wa,  0.0 hi,  0.1 si,  0.0 st
KiB Mem : 65877712 total, 48777492 free,  4576308 used, 12523912 buff/cache
KiB Swap: 33554428 total, 32232984 free,  1321444 used. 60002680 avail Mem 
--
top - 15:39:16 up 112 days,  7:21,  0 users,  load average: 0.50, 0.48, 0.45
Tasks: 401 total,   2 running, 399 sleeping,   0 stopped,   0 zombie
%Cpu(s):  2.4 us,  0.6 sy,  0.0 ni, 96.6 id,  0.2 wa,  0.0 hi,  0.1 si,  0.0 st
KiB Mem : 65877712 total, 48208088 free,  4575364 used, 13094260 buff/cache
KiB Swap: 33554428 total, 32232984 free,  1321444 used. 59996500 avail Mem 
--
top - 15:39:21 up 112 days,  7:21,  0 users,  load average: 0.46, 0.47, 0.44
Tasks: 401 total,   2 running, 399 sleeping,   0 stopped,   0 zombie
%Cpu(s):  2.4 us,  0.8 sy,  0.0 ni, 95.5 id,  1.2 wa,  0.0 hi,  0.1 si,  0.0 st
KiB Mem : 65877712 total, 47630600 free,  4574812 used, 13672300 buff/cache
KiB Swap: 33554428 total, 32232984 free,  1321444 used. 59988456 avail Mem 
--
top - 15:39:26 up 112 days,  7:21,  0 users,  load average: 0.42, 0.47, 0.44
Tasks: 401 total,   2 running, 399 sleeping,   0 stopped,   0 zombie
%Cpu(s):  2.4 us,  0.7 sy,  0.0 ni, 96.8 id,  0.0 wa,  0.0 hi,  0.1 si,  0.0 st
KiB Mem : 65877712 total, 47047552 free,  4574588 used, 14255572 buff/cache
KiB Swap: 33554428 total, 32232984 free,  1321444 used. 59980688 avail Mem 
--
top - 15:39:31 up 112 days,  7:21,  0 users,  load average: 0.47, 0.47, 0.44
Tasks: 401 total,   2 running, 399 sleeping,   0 stopped,   0 zombie
%Cpu(s):  2.4 us,  0.7 sy,  0.0 ni, 96.8 id,  0.0 wa,  0.0 hi,  0.1 si,  0.0 st
KiB Mem : 65877712 total, 46473220 free,  4574496 used, 14829996 buff/cache
KiB Swap: 33554428 total, 32232984 free,  1321444 used. 59973376 avail Mem 
--
top - 15:39:36 up 112 days,  7:21,  0 users,  load average: 0.51, 0.48, 0.45
Tasks: 401 total,   2 running, 399 sleeping,   0 stopped,   0 zombie
%Cpu(s):  2.4 us,  0.7 sy,  0.0 ni, 96.8 id,  0.0 wa,  0.0 hi,  0.1 si,  0.0 st
KiB Mem : 65877712 total, 45745140 free,  4827188 used, 15305384 buff/cache
KiB Swap: 33554428 total, 32232984 free,  1321444 used. 59714344 avail Mem 
--
top - 15:39:41 up 112 days,  7:22,  0 users,  load average: 0.47, 0.48, 0.44
Tasks: 401 total,   2 running, 399 sleeping,   0 stopped,   0 zombie
%Cpu(s):  1.3 us,  1.8 sy,  0.0 ni, 96.9 id,  0.0 wa,  0.0 hi,  0.0 si,  0.0 st
KiB Mem : 65877712 total, 45959976 free,  7796280 used, 12121456 buff/cache
KiB Swap: 33554428 total, 32232984 free,  1321444 used. 56787672 avail Mem 
--
top - 15:39:46 up 112 days,  7:22,  0 users,  load average: 0.51, 0.48, 0.45
Tasks: 401 total,   2 running, 399 sleeping,   0 stopped,   0 zombie
%Cpu(s):  2.3 us,  0.3 sy,  0.0 ni, 97.4 id,  0.0 wa,  0.0 hi,  0.0 si,  0.0 st
KiB Mem : 65877712 total, 45726652 free,  8030960 used, 12120100 buff/cache
KiB Swap: 33554428 total, 32232984 free,  1321444 used. 56553652 avail Mem 
--
top - 15:39:51 up 112 days,  7:22,  0 users,  load average: 0.47, 0.48, 0.44
Tasks: 401 total,   2 running, 399 sleeping,   0 stopped,   0 zombie
%Cpu(s):  1.9 us,  0.4 sy,  0.0 ni, 97.7 id,  0.0 wa,  0.0 hi,  0.0 si,  0.0 st
KiB Mem : 65877712 total, 45957188 free,  7800424 used, 12120100 buff/cache
KiB Swap: 33554428 total, 32232984 free,  1321444 used. 56784192 avail Mem 
--
top - 15:39:56 up 112 days,  7:22,  0 users,  load average: 0.51, 0.49, 0.45
Tasks: 401 total,   2 running, 399 sleeping,   0 stopped,   0 zombie
%Cpu(s):  2.2 us,  0.4 sy,  0.0 ni, 97.4 id,  0.0 wa,  0.0 hi,  0.0 si,  0.0 st
KiB Mem : 65877712 total, 45795152 free,  7962460 used, 12120100 buff/cache
KiB Swap: 33554428 total, 32232984 free,  1321444 used. 56622156 avail Mem 
--
top - 15:40:01 up 112 days,  7:22,  0 users,  load average: 0.47, 0.48, 0.44
Tasks: 401 total,   5 running, 396 sleeping,   0 stopped,   0 zombie
%Cpu(s):  2.5 us,  0.6 sy,  0.0 ni, 96.5 id,  0.4 wa,  0.0 hi,  0.0 si,  0.0 st
KiB Mem : 65877712 total, 45978880 free,  7778664 used, 12120168 buff/cache
KiB Swap: 33554428 total, 32232984 free,  1321444 used. 56805888 avail Mem 
--
top - 15:40:06 up 112 days,  7:22,  0 users,  load average: 0.43, 0.47, 0.44
Tasks: 403 total,   2 running, 401 sleeping,   0 stopped,   0 zombie
%Cpu(s):  2.1 us,  0.4 sy,  0.0 ni, 97.5 id,  0.0 wa,  0.0 hi,  0.0 si,  0.0 st
KiB Mem : 65877712 total, 45919088 free,  7838504 used, 12120120 buff/cache
KiB Swap: 33554428 total, 32232984 free,  1321444 used. 56746108 avail Mem 
--
top - 15:40:11 up 112 days,  7:22,  0 users,  load average: 0.40, 0.46, 0.44
Tasks: 403 total,   2 running, 401 sleeping,   0 stopped,   0 zombie
%Cpu(s):  2.0 us,  0.5 sy,  0.0 ni, 97.4 id,  0.0 wa,  0.0 hi,  0.0 si,  0.0 st
KiB Mem : 65877712 total, 45946012 free,  7811580 used, 12120120 buff/cache
KiB Swap: 33554428 total, 32232984 free,  1321444 used. 56773032 avail Mem 
--
top - 15:40:16 up 112 days,  7:22,  0 users,  load average: 0.37, 0.45, 0.44
Tasks: 403 total,   1 running, 402 sleeping,   0 stopped,   0 zombie
%Cpu(s):  0.7 us,  0.1 sy,  0.0 ni, 99.2 id,  0.0 wa,  0.0 hi,  0.0 si,  0.0 st
KiB Mem : 65877712 total, 45946624 free,  7810968 used, 12120120 buff/cache
KiB Swap: 33554428 total, 32232984 free,  1321444 used. 56773644 avail Mem 
--
top - 15:40:21 up 112 days,  7:22,  0 users,  load average: 0.34, 0.45, 0.43
Tasks: 403 total,   1 running, 402 sleeping,   0 stopped,   0 zombie
%Cpu(s):  0.1 us,  0.0 sy,  0.0 ni, 99.9 id,  0.0 wa,  0.0 hi,  0.0 si,  0.0 st
KiB Mem : 65877712 total, 45946716 free,  7810876 used, 12120120 buff/cache
KiB Swap: 33554428 total, 32232984 free,  1321444 used. 56773736 avail Mem 
--
top - 15:40:26 up 112 days,  7:22,  0 users,  load average: 0.31, 0.44, 0.43
Tasks: 403 total,   1 running, 402 sleeping,   0 stopped,   0 zombie
%Cpu(s):  0.1 us,  0.0 sy,  0.0 ni, 99.9 id,  0.0 wa,  0.0 hi,  0.0 si,  0.0 st
KiB Mem : 65877712 total, 45947276 free,  7810316 used, 12120120 buff/cache
KiB Swap: 33554428 total, 32232984 free,  1321444 used. 56774296 avail Mem 
--
top - 15:40:31 up 112 days,  7:22,  0 users,  load average: 0.29, 0.43, 0.43
Tasks: 403 total,   1 running, 402 sleeping,   0 stopped,   0 zombie
%Cpu(s):  0.1 us,  0.0 sy,  0.0 ni, 99.9 id,  0.0 wa,  0.0 hi,  0.0 si,  0.0 st
KiB Mem : 65877712 total, 45947312 free,  7810280 used, 12120120 buff/cache
KiB Swap: 33554428 total, 32232984 free,  1321444 used. 56774332 avail Mem 
--
top - 15:40:36 up 112 days,  7:22,  0 users,  load average: 0.26, 0.42, 0.43
Tasks: 403 total,   1 running, 402 sleeping,   0 stopped,   0 zombie
%Cpu(s):  0.1 us,  0.0 sy,  0.0 ni, 99.9 id,  0.0 wa,  0.0 hi,  0.0 si,  0.0 st
KiB Mem : 65877712 total, 45947576 free,  7810016 used, 12120120 buff/cache
KiB Swap: 33554428 total, 32232984 free,  1321444 used. 56774596 avail Mem 
--
top - 15:40:41 up 112 days,  7:23,  0 users,  load average: 0.24, 0.42, 0.43
Tasks: 403 total,   1 running, 402 sleeping,   0 stopped,   0 zombie
%Cpu(s):  0.1 us,  0.0 sy,  0.0 ni, 99.9 id,  0.0 wa,  0.0 hi,  0.0 si,  0.0 st
KiB Mem : 65877712 total, 45948112 free,  7809476 used, 12120124 buff/cache
KiB Swap: 33554428 total, 32232984 free,  1321444 used. 56775136 avail Mem 
--
top - 15:40:46 up 112 days,  7:23,  0 users,  load average: 0.22, 0.41, 0.42
Tasks: 403 total,   1 running, 402 sleeping,   0 stopped,   0 zombie
%Cpu(s):  0.0 us,  0.0 sy,  0.0 ni,100.0 id,  0.0 wa,  0.0 hi,  0.0 si,  0.0 st
KiB Mem : 65877712 total, 45947656 free,  7809932 used, 12120124 buff/cache
KiB Swap: 33554428 total, 32232984 free,  1321444 used. 56774680 avail Mem 
--
top - 15:40:51 up 112 days,  7:23,  0 users,  load average: 0.20, 0.40, 0.42
Tasks: 403 total,   1 running, 402 sleeping,   0 stopped,   0 zombie
%Cpu(s):  0.0 us,  0.0 sy,  0.0 ni, 99.9 id,  0.0 wa,  0.0 hi,  0.0 si,  0.0 st
KiB Mem : 65877712 total, 45947656 free,  7809932 used, 12120124 buff/cache
KiB Swap: 33554428 total, 32232984 free,  1321444 used. 56774680 avail Mem 
--
top - 15:40:56 up 112 days,  7:23,  0 users,  load average: 0.19, 0.40, 0.42
Tasks: 402 total,   1 running, 401 sleeping,   0 stopped,   0 zombie
%Cpu(s):  0.1 us,  0.0 sy,  0.0 ni, 99.9 id,  0.0 wa,  0.0 hi,  0.0 si,  0.0 st
KiB Mem : 65877712 total, 45947904 free,  7809684 used, 12120124 buff/cache
KiB Swap: 33554428 total, 32232984 free,  1321444 used. 56774928 avail Mem 
--
top - 15:41:01 up 112 days,  7:23,  0 users,  load average: 0.17, 0.39, 0.42
Tasks: 402 total,   1 running, 401 sleeping,   0 stopped,   0 zombie
%Cpu(s):  0.1 us,  0.0 sy,  0.0 ni, 99.9 id,  0.0 wa,  0.0 hi,  0.0 si,  0.0 st
KiB Mem : 65877712 total, 45947516 free,  7810072 used, 12120124 buff/cache
KiB Swap: 33554428 total, 32232984 free,  1321444 used. 56774540 avail Mem 
--
top - 15:41:06 up 112 days,  7:23,  0 users,  load average: 0.16, 0.38, 0.41
Tasks: 402 total,   1 running, 401 sleeping,   0 stopped,   0 zombie
%Cpu(s):  0.1 us,  0.0 sy,  0.0 ni, 99.9 id,  0.0 wa,  0.0 hi,  0.0 si,  0.0 st
KiB Mem : 65877712 total, 45946964 free,  7810624 used, 12120124 buff/cache
KiB Swap: 33554428 total, 32232984 free,  1321444 used. 56773988 avail Mem 
--
top - 15:41:11 up 112 days,  7:23,  0 users,  load average: 0.15, 0.38, 0.41
Tasks: 402 total,   1 running, 401 sleeping,   0 stopped,   0 zombie
%Cpu(s):  0.1 us,  0.0 sy,  0.0 ni, 99.9 id,  0.0 wa,  0.0 hi,  0.0 si,  0.0 st
KiB Mem : 65877712 total, 45947124 free,  7810464 used, 12120124 buff/cache
KiB Swap: 33554428 total, 32232984 free,  1321444 used. 56774148 avail Mem 
--
top - 15:41:16 up 112 days,  7:23,  0 users,  load average: 0.13, 0.37, 0.41
Tasks: 401 total,   1 running, 400 sleeping,   0 stopped,   0 zombie
%Cpu(s):  0.0 us,  0.0 sy,  0.0 ni, 99.9 id,  0.0 wa,  0.0 hi,  0.0 si,  0.0 st
KiB Mem : 65877712 total, 45947248 free,  7810340 used, 12120124 buff/cache
KiB Swap: 33554428 total, 32232984 free,  1321444 used. 56774272 avail Mem 
--
top - 15:41:21 up 112 days,  7:23,  0 users,  load average: 0.20, 0.38, 0.41
Tasks: 402 total,   2 running, 400 sleeping,   0 stopped,   0 zombie
%Cpu(s):  2.5 us,  0.3 sy,  0.0 ni, 97.2 id,  0.0 wa,  0.0 hi,  0.1 si,  0.0 st
KiB Mem : 65877712 total, 45631268 free,  7814408 used, 12432036 buff/cache
KiB Swap: 33554428 total, 32232984 free,  1321444 used. 56765656 avail Mem 
--
top - 15:41:26 up 112 days,  7:23,  0 users,  load average: 0.27, 0.39, 0.41
Tasks: 402 total,   2 running, 400 sleeping,   0 stopped,   0 zombie
%Cpu(s):  2.8 us,  0.4 sy,  0.0 ni, 96.5 id,  0.3 wa,  0.0 hi,  0.1 si,  0.0 st
KiB Mem : 65877712 total, 45280324 free,  7815008 used, 12782380 buff/cache
KiB Swap: 33554428 total, 32232984 free,  1321444 used. 56760536 avail Mem 
--
top - 15:41:31 up 112 days,  7:23,  0 users,  load average: 0.33, 0.40, 0.42
Tasks: 401 total,   2 running, 399 sleeping,   0 stopped,   0 zombie
%Cpu(s):  2.8 us,  0.4 sy,  0.0 ni, 96.2 id,  0.6 wa,  0.0 hi,  0.1 si,  0.0 st
KiB Mem : 65877712 total, 44940660 free,  7814680 used, 13122372 buff/cache
KiB Swap: 33554428 total, 32232984 free,  1321444 used. 56756516 avail Mem 
--
top - 15:41:36 up 112 days,  7:23,  0 users,  load average: 0.38, 0.41, 0.42
Tasks: 401 total,   2 running, 399 sleeping,   0 stopped,   0 zombie
%Cpu(s):  2.7 us,  0.3 sy,  0.0 ni, 96.8 id,  0.0 wa,  0.0 hi,  0.1 si,  0.0 st
KiB Mem : 65877712 total, 44596128 free,  7814060 used, 13467524 buff/cache
KiB Swap: 33554428 total, 32232984 free,  1321444 used. 56752012 avail Mem 
--
top - 15:41:41 up 112 days,  7:24,  0 users,  load average: 0.43, 0.42, 0.42
Tasks: 401 total,   2 running, 399 sleeping,   0 stopped,   0 zombie
%Cpu(s):  2.8 us,  0.3 sy,  0.0 ni, 96.8 id,  0.0 wa,  0.0 hi,  0.1 si,  0.0 st
KiB Mem : 65877712 total, 44243316 free,  7813244 used, 13821152 buff/cache
KiB Swap: 33554428 total, 32232984 free,  1321444 used. 56747924 avail Mem 
--
top - 15:41:46 up 112 days,  7:24,  0 users,  load average: 0.48, 0.43, 0.43
Tasks: 401 total,   2 running, 399 sleeping,   0 stopped,   0 zombie
%Cpu(s):  2.8 us,  0.3 sy,  0.0 ni, 96.8 id,  0.0 wa,  0.0 hi,  0.0 si,  0.0 st
KiB Mem : 65877712 total, 43898440 free,  7812788 used, 14166484 buff/cache
KiB Swap: 33554428 total, 32232984 free,  1321444 used. 56744736 avail Mem 
--
top - 15:41:51 up 112 days,  7:24,  0 users,  load average: 0.52, 0.44, 0.43
Tasks: 401 total,   2 running, 399 sleeping,   0 stopped,   0 zombie
%Cpu(s):  2.7 us,  0.4 sy,  0.0 ni, 96.9 id,  0.0 wa,  0.0 hi,  0.1 si,  0.0 st
KiB Mem : 65877712 total, 43536168 free,  7812636 used, 14528908 buff/cache
KiB Swap: 33554428 total, 32232984 free,  1321444 used. 56739760 avail Mem 
--
top - 15:41:56 up 112 days,  7:24,  0 users,  load average: 0.56, 0.45, 0.43
Tasks: 401 total,   2 running, 399 sleeping,   0 stopped,   0 zombie
%Cpu(s):  2.8 us,  0.3 sy,  0.0 ni, 96.9 id,  0.0 wa,  0.0 hi,  0.1 si,  0.0 st
KiB Mem : 65877712 total, 43193952 free,  7811412 used, 14872348 buff/cache
KiB Swap: 33554428 total, 32232984 free,  1321444 used. 56735932 avail Mem 
--
top - 15:42:01 up 112 days,  7:24,  0 users,  load average: 0.75, 0.49, 0.45
Tasks: 404 total,   4 running, 400 sleeping,   0 stopped,   0 zombie
%Cpu(s):  3.1 us,  0.6 sy,  0.0 ni, 94.0 id,  2.2 wa,  0.0 hi,  0.1 si,  0.0 st
KiB Mem : 65877712 total, 42836880 free,  7818084 used, 15222748 buff/cache
KiB Swap: 33554428 total, 32232984 free,  1321444 used. 56724196 avail Mem 
--
top - 15:42:06 up 112 days,  7:24,  0 users,  load average: 0.77, 0.50, 0.45
Tasks: 403 total,   2 running, 401 sleeping,   0 stopped,   0 zombie
%Cpu(s):  1.7 us,  1.5 sy,  0.0 ni, 96.3 id,  0.4 wa,  0.0 hi,  0.0 si,  0.0 st
KiB Mem : 65877712 total, 40385600 free, 11068760 used, 14423352 buff/cache
KiB Swap: 33554428 total, 32232984 free,  1321444 used. 53485072 avail Mem 
--
top - 15:42:11 up 112 days,  7:24,  0 users,  load average: 0.71, 0.49, 0.45
Tasks: 403 total,   2 running, 401 sleeping,   0 stopped,   0 zombie
%Cpu(s):  2.0 us,  0.8 sy,  0.0 ni, 96.1 id,  1.1 wa,  0.0 hi,  0.0 si,  0.0 st
KiB Mem : 65877712 total, 42287344 free, 11470212 used, 12120156 buff/cache
KiB Swap: 33554428 total, 32232984 free,  1321444 used. 53114384 avail Mem 
--
top - 15:42:17 up 112 days,  7:24,  0 users,  load average: 0.65, 0.48, 0.44
Tasks: 402 total,   2 running, 400 sleeping,   0 stopped,   0 zombie
%Cpu(s):  2.0 us,  0.4 sy,  0.0 ni, 97.5 id,  0.0 wa,  0.0 hi,  0.0 si,  0.0 st
KiB Mem : 65877712 total, 42608872 free, 11148684 used, 12120156 buff/cache
KiB Swap: 33554428 total, 32232984 free,  1321444 used. 53435912 avail Mem 
--
top - 15:42:22 up 112 days,  7:24,  0 users,  load average: 0.60, 0.48, 0.44
Tasks: 402 total,   2 running, 400 sleeping,   0 stopped,   0 zombie
%Cpu(s):  1.9 us,  0.4 sy,  0.0 ni, 97.7 id,  0.0 wa,  0.0 hi,  0.0 si,  0.0 st
KiB Mem : 65877712 total, 42735852 free, 11021704 used, 12120156 buff/cache
KiB Swap: 33554428 total, 32232984 free,  1321444 used. 53562892 avail Mem 
--
top - 15:42:27 up 112 days,  7:24,  0 users,  load average: 0.63, 0.49, 0.44
Tasks: 402 total,   2 running, 400 sleeping,   0 stopped,   0 zombie
%Cpu(s):  2.2 us,  0.4 sy,  0.0 ni, 97.4 id,  0.0 wa,  0.0 hi,  0.0 si,  0.0 st
KiB Mem : 65877712 total, 42693540 free, 11064016 used, 12120156 buff/cache
KiB Swap: 33554428 total, 32232984 free,  1321444 used. 53520580 avail Mem 
--
top - 15:42:32 up 112 days,  7:24,  0 users,  load average: 0.66, 0.49, 0.45
Tasks: 402 total,   2 running, 400 sleeping,   0 stopped,   0 zombie
%Cpu(s):  2.0 us,  0.4 sy,  0.0 ni, 97.5 id,  0.0 wa,  0.0 hi,  0.0 si,  0.0 st
KiB Mem : 65877712 total, 42730736 free, 11026816 used, 12120160 buff/cache
KiB Swap: 33554428 total, 32232984 free,  1321444 used. 53557776 avail Mem 
--
top - 15:42:37 up 112 days,  7:24,  0 users,  load average: 0.69, 0.50, 0.45
Tasks: 402 total,   2 running, 400 sleeping,   0 stopped,   0 zombie
%Cpu(s):  2.0 us,  0.4 sy,  0.0 ni, 97.6 id,  0.0 wa,  0.0 hi,  0.0 si,  0.0 st
KiB Mem : 65877712 total, 42536416 free, 11221136 used, 12120160 buff/cache
KiB Swap: 33554428 total, 32232984 free,  1321444 used. 53363460 avail Mem 
--
top - 15:42:42 up 112 days,  7:25,  0 users,  load average: 0.63, 0.49, 0.45
Tasks: 402 total,   2 running, 400 sleeping,   0 stopped,   0 zombie
%Cpu(s):  0.9 us,  0.2 sy,  0.0 ni, 98.7 id,  0.2 wa,  0.0 hi,  0.0 si,  0.0 st
KiB Mem : 65877712 total, 42698816 free, 11058736 used, 12120160 buff/cache
KiB Swap: 33554428 total, 32232984 free,  1321444 used. 53525860 avail Mem 
--
top - 15:42:47 up 112 days,  7:25,  0 users,  load average: 0.58, 0.49, 0.45
Tasks: 401 total,   1 running, 400 sleeping,   0 stopped,   0 zombie
%Cpu(s):  0.1 us,  0.0 sy,  0.0 ni, 99.9 id,  0.0 wa,  0.0 hi,  0.0 si,  0.0 st
KiB Mem : 65877712 total, 42699004 free, 11058548 used, 12120160 buff/cache
KiB Swap: 33554428 total, 32232984 free,  1321444 used. 53526048 avail Mem 
--
top - 15:42:52 up 112 days,  7:25,  0 users,  load average: 0.54, 0.48, 0.44
Tasks: 401 total,   1 running, 400 sleeping,   0 stopped,   0 zombie
%Cpu(s):  0.1 us,  0.0 sy,  0.0 ni, 99.9 id,  0.0 wa,  0.0 hi,  0.0 si,  0.0 st
KiB Mem : 65877712 total, 42698880 free, 11058672 used, 12120160 buff/cache
KiB Swap: 33554428 total, 32232984 free,  1321444 used. 53525924 avail Mem 
--
top - 15:42:57 up 112 days,  7:25,  0 users,  load average: 0.49, 0.47, 0.44
Tasks: 401 total,   1 running, 400 sleeping,   0 stopped,   0 zombie
%Cpu(s):  0.1 us,  0.0 sy,  0.0 ni, 99.9 id,  0.0 wa,  0.0 hi,  0.0 si,  0.0 st
KiB Mem : 65877712 total, 42698868 free, 11058684 used, 12120160 buff/cache
KiB Swap: 33554428 total, 32232984 free,  1321444 used. 53525912 avail Mem 
--
top - 15:43:02 up 112 days,  7:25,  0 users,  load average: 0.45, 0.46, 0.44
Tasks: 397 total,   1 running, 396 sleeping,   0 stopped,   0 zombie
%Cpu(s):  0.1 us,  0.0 sy,  0.0 ni, 99.9 id,  0.0 wa,  0.0 hi,  0.0 si,  0.0 st
KiB Mem : 65877712 total, 42699012 free, 11058540 used, 12120160 buff/cache
KiB Swap: 33554428 total, 32232984 free,  1321444 used. 53526056 avail Mem 
--
top - 15:43:07 up 112 days,  7:25,  0 users,  load average: 0.42, 0.45, 0.44
Tasks: 396 total,   1 running, 395 sleeping,   0 stopped,   0 zombie
%Cpu(s):  0.1 us,  0.0 sy,  0.0 ni, 99.9 id,  0.0 wa,  0.0 hi,  0.0 si,  0.0 st
KiB Mem : 65877712 total, 42698992 free, 11058560 used, 12120160 buff/cache
KiB Swap: 33554428 total, 32232984 free,  1321444 used. 53526036 avail Mem 
--
top - 15:43:12 up 112 days,  7:25,  0 users,  load average: 0.38, 0.45, 0.43
Tasks: 396 total,   1 running, 395 sleeping,   0 stopped,   0 zombie
%Cpu(s):  0.0 us,  0.0 sy,  0.0 ni, 99.9 id,  0.0 wa,  0.0 hi,  0.0 si,  0.0 st
KiB Mem : 65877712 total, 42699372 free, 11058180 used, 12120160 buff/cache
KiB Swap: 33554428 total, 32232984 free,  1321444 used. 53526416 avail Mem 
--
top - 15:43:17 up 112 days,  7:25,  0 users,  load average: 0.35, 0.44, 0.43
Tasks: 396 total,   1 running, 395 sleeping,   0 stopped,   0 zombie
%Cpu(s):  0.1 us,  0.0 sy,  0.0 ni, 99.9 id,  0.0 wa,  0.0 hi,  0.0 si,  0.0 st
KiB Mem : 65877712 total, 42699788 free, 11057764 used, 12120160 buff/cache
KiB Swap: 33554428 total, 32232984 free,  1321444 used. 53526832 avail Mem 
--
top - 15:43:22 up 112 days,  7:25,  0 users,  load average: 0.33, 0.43, 0.43
Tasks: 396 total,   1 running, 395 sleeping,   0 stopped,   0 zombie
%Cpu(s):  0.0 us,  0.0 sy,  0.0 ni,100.0 id,  0.0 wa,  0.0 hi,  0.0 si,  0.0 st
KiB Mem : 65877712 total, 42699788 free, 11057760 used, 12120164 buff/cache
KiB Swap: 33554428 total, 32232984 free,  1321444 used. 53526836 avail Mem 
--
top - 15:43:27 up 112 days,  7:25,  0 users,  load average: 0.30, 0.42, 0.43
Tasks: 396 total,   1 running, 395 sleeping,   0 stopped,   0 zombie
%Cpu(s):  0.0 us,  0.0 sy,  0.0 ni, 99.9 id,  0.0 wa,  0.0 hi,  0.0 si,  0.0 st
KiB Mem : 65877712 total, 42699904 free, 11057644 used, 12120164 buff/cache
KiB Swap: 33554428 total, 32232984 free,  1321444 used. 53526952 avail Mem 
--
top - 15:43:32 up 112 days,  7:25,  0 users,  load average: 0.28, 0.42, 0.42
Tasks: 396 total,   1 running, 395 sleeping,   0 stopped,   0 zombie
%Cpu(s):  0.0 us,  0.0 sy,  0.0 ni,100.0 id,  0.0 wa,  0.0 hi,  0.0 si,  0.0 st
KiB Mem : 65877712 total, 42699904 free, 11057644 used, 12120164 buff/cache
KiB Swap: 33554428 total, 32232984 free,  1321444 used. 53526952 avail Mem 
--
top - 15:43:37 up 112 days,  7:25,  0 users,  load average: 0.33, 0.43, 0.43
Tasks: 396 total,   2 running, 394 sleeping,   0 stopped,   0 zombie
%Cpu(s):  1.4 us,  0.2 sy,  0.0 ni, 98.4 id,  0.0 wa,  0.0 hi,  0.0 si,  0.0 st
KiB Mem : 65877712 total, 42527988 free, 11063400 used, 12286324 buff/cache
KiB Swap: 33554428 total, 32232984 free,  1321444 used. 53519092 avail Mem 
--
top - 15:43:42 up 112 days,  7:26,  0 users,  load average: 0.39, 0.44, 0.43
Tasks: 397 total,   2 running, 395 sleeping,   0 stopped,   0 zombie
%Cpu(s):  2.7 us,  0.4 sy,  0.0 ni, 96.4 id,  0.4 wa,  0.0 hi,  0.1 si,  0.0 st
KiB Mem : 65877712 total, 42177408 free, 11063208 used, 12637096 buff/cache
KiB Swap: 33554428 total, 32232984 free,  1321444 used. 53514716 avail Mem 
--
top - 15:43:47 up 112 days,  7:26,  0 users,  load average: 0.52, 0.46, 0.44
Tasks: 397 total,   1 running, 396 sleeping,   0 stopped,   0 zombie
%Cpu(s):  2.7 us,  0.4 sy,  0.0 ni, 96.4 id,  0.3 wa,  0.0 hi,  0.1 si,  0.0 st
KiB Mem : 65877712 total, 41830948 free, 11061448 used, 12985316 buff/cache
KiB Swap: 33554428 total, 32232984 free,  1321444 used. 53511444 avail Mem 
--
top - 15:43:52 up 112 days,  7:26,  0 users,  load average: 0.55, 0.47, 0.44
Tasks: 397 total,   2 running, 395 sleeping,   0 stopped,   0 zombie
%Cpu(s):  2.7 us,  0.4 sy,  0.0 ni, 96.8 id,  0.0 wa,  0.0 hi,  0.0 si,  0.0 st
KiB Mem : 65877712 total, 41391864 free, 11061200 used, 13424648 buff/cache
KiB Swap: 33554428 total, 32232984 free,  1321444 used. 53505848 avail Mem 
--
top - 15:43:57 up 112 days,  7:26,  0 users,  load average: 0.59, 0.48, 0.44
Tasks: 397 total,   2 running, 395 sleeping,   0 stopped,   0 zombie
%Cpu(s):  2.7 us,  0.4 sy,  0.0 ni, 96.9 id,  0.0 wa,  0.0 hi,  0.1 si,  0.0 st
KiB Mem : 65877712 total, 40933728 free, 11061236 used, 13882748 buff/cache
KiB Swap: 33554428 total, 32232984 free,  1321444 used. 53499724 avail Mem 
--
top - 15:44:02 up 112 days,  7:26,  0 users,  load average: 0.62, 0.49, 0.45
Tasks: 400 total,   2 running, 398 sleeping,   0 stopped,   0 zombie
%Cpu(s):  3.1 us,  0.6 sy,  0.0 ni, 95.9 id,  0.3 wa,  0.0 hi,  0.1 si,  0.0 st
KiB Mem : 65877712 total, 40466744 free, 11065516 used, 14345452 buff/cache
KiB Swap: 33554428 total, 32232984 free,  1321444 used. 53488544 avail Mem 
--
top - 15:44:07 up 112 days,  7:26,  0 users,  load average: 0.65, 0.50, 0.45
Tasks: 400 total,   2 running, 398 sleeping,   0 stopped,   0 zombie
%Cpu(s):  2.7 us,  0.4 sy,  0.0 ni, 96.8 id,  0.0 wa,  0.0 hi,  0.1 si,  0.0 st
KiB Mem : 65877712 total, 40010172 free, 11064412 used, 14803128 buff/cache
KiB Swap: 33554428 total, 32232984 free,  1321444 used. 53484280 avail Mem 
--
top - 15:44:12 up 112 days,  7:26,  0 users,  load average: 0.68, 0.51, 0.45
Tasks: 399 total,   2 running, 397 sleeping,   0 stopped,   0 zombie
%Cpu(s):  2.7 us,  0.4 sy,  0.0 ni, 96.8 id,  0.0 wa,  0.0 hi,  0.0 si,  0.0 st
KiB Mem : 65877712 total, 39582728 free, 11064636 used, 15230348 buff/cache
KiB Swap: 33554428 total, 32232984 free,  1321444 used. 53478116 avail Mem 
--
top - 15:44:17 up 112 days,  7:26,  0 users,  load average: 0.71, 0.51, 0.45
Tasks: 399 total,   2 running, 397 sleeping,   0 stopped,   0 zombie
%Cpu(s):  1.5 us,  1.7 sy,  0.0 ni, 96.4 id,  0.4 wa,  0.0 hi,  0.0 si,  0.0 st
KiB Mem : 65877712 total, 36818784 free, 14244344 used, 14814584 buff/cache
KiB Swap: 33554428 total, 32232984 free,  1321444 used. 50303396 avail Mem 
--
top - 15:44:22 up 112 days,  7:26,  0 users,  load average: 0.73, 0.52, 0.46
Tasks: 399 total,   2 running, 397 sleeping,   0 stopped,   0 zombie
%Cpu(s):  1.8 us,  1.0 sy,  0.0 ni, 95.8 id,  1.3 wa,  0.0 hi,  0.0 si,  0.0 st
KiB Mem : 65877712 total, 39480672 free, 14276804 used, 12120236 buff/cache
KiB Swap: 33554428 total, 32232984 free,  1321444 used. 50307760 avail Mem 
--
top - 15:44:27 up 112 days,  7:26,  0 users,  load average: 0.75, 0.53, 0.46
Tasks: 399 total,   2 running, 397 sleeping,   0 stopped,   0 zombie
%Cpu(s):  1.9 us,  0.6 sy,  0.0 ni, 97.5 id,  0.0 wa,  0.0 hi,  0.0 si,  0.0 st
KiB Mem : 65877712 total, 39412760 free, 14344716 used, 12120236 buff/cache
KiB Swap: 33554428 total, 32232984 free,  1321444 used. 50239848 avail Mem 
--
top - 15:44:32 up 112 days,  7:26,  0 users,  load average: 0.69, 0.52, 0.46
Tasks: 399 total,   2 running, 397 sleeping,   0 stopped,   0 zombie
%Cpu(s):  1.9 us,  0.6 sy,  0.0 ni, 97.4 id,  0.0 wa,  0.0 hi,  0.0 si,  0.0 st
KiB Mem : 65877712 total, 39374564 free, 14382912 used, 12120236 buff/cache
KiB Swap: 33554428 total, 32232984 free,  1321444 used. 50201156 avail Mem 
--
top - 15:44:37 up 112 days,  7:26,  0 users,  load average: 0.64, 0.51, 0.46
Tasks: 400 total,   2 running, 398 sleeping,   0 stopped,   0 zombie
%Cpu(s):  1.8 us,  0.7 sy,  0.0 ni, 97.5 id,  0.0 wa,  0.0 hi,  0.0 si,  0.0 st
KiB Mem : 65877712 total, 39484236 free, 14273240 used, 12120236 buff/cache
KiB Swap: 33554428 total, 32232984 free,  1321444 used. 50311324 avail Mem 
--
top - 15:44:42 up 112 days,  7:27,  0 users,  load average: 0.67, 0.52, 0.46
Tasks: 400 total,   1 running, 399 sleeping,   0 stopped,   0 zombie
%Cpu(s):  1.9 us,  0.7 sy,  0.0 ni, 97.4 id,  0.0 wa,  0.0 hi,  0.0 si,  0.0 st
KiB Mem : 65877712 total, 39242228 free, 14515248 used, 12120236 buff/cache
KiB Swap: 33554428 total, 32232984 free,  1321444 used. 50068868 avail Mem 
--
top - 15:44:47 up 112 days,  7:27,  0 users,  load average: 0.69, 0.53, 0.46
Tasks: 400 total,   1 running, 399 sleeping,   0 stopped,   0 zombie
%Cpu(s):  1.9 us,  0.7 sy,  0.0 ni, 97.3 id,  0.0 wa,  0.0 hi,  0.0 si,  0.0 st
KiB Mem : 65877712 total, 39129792 free, 14627684 used, 12120236 buff/cache
KiB Swap: 33554428 total, 32232984 free,  1321444 used. 49956880 avail Mem 
--
top - 15:44:52 up 112 days,  7:27,  0 users,  load average: 0.72, 0.54, 0.46
Tasks: 400 total,   2 running, 398 sleeping,   0 stopped,   0 zombie
%Cpu(s):  1.9 us,  0.6 sy,  0.0 ni, 97.4 id,  0.0 wa,  0.0 hi,  0.0 si,  0.0 st
KiB Mem : 65877712 total, 39431108 free, 14326368 used, 12120236 buff/cache
KiB Swap: 33554428 total, 32232984 free,  1321444 used. 50258196 avail Mem 
--
top - 15:44:57 up 112 days,  7:27,  0 users,  load average: 0.66, 0.53, 0.46
Tasks: 399 total,   1 running, 398 sleeping,   0 stopped,   0 zombie
%Cpu(s):  0.5 us,  0.2 sy,  0.0 ni, 99.3 id,  0.0 wa,  0.0 hi,  0.0 si,  0.0 st
KiB Mem : 65877712 total, 39472228 free, 14285248 used, 12120236 buff/cache
KiB Swap: 33554428 total, 32232984 free,  1321444 used. 50299316 avail Mem 
--
top - 15:45:02 up 112 days,  7:27,  0 users,  load average: 0.61, 0.52, 0.46
Tasks: 396 total,   1 running, 395 sleeping,   0 stopped,   0 zombie
%Cpu(s):  0.0 us,  0.0 sy,  0.0 ni, 99.9 id,  0.0 wa,  0.0 hi,  0.0 si,  0.0 st
KiB Mem : 65877712 total, 39472656 free, 14284820 used, 12120236 buff/cache
KiB Swap: 33554428 total, 32232984 free,  1321444 used. 50299744 avail Mem 
--
top - 15:45:07 up 112 days,  7:27,  0 users,  load average: 0.56, 0.51, 0.46
Tasks: 395 total,   2 running, 393 sleeping,   0 stopped,   0 zombie
%Cpu(s):  0.1 us,  0.0 sy,  0.0 ni, 99.9 id,  0.0 wa,  0.0 hi,  0.0 si,  0.0 st
KiB Mem : 65877712 total, 39472176 free, 14285300 used, 12120236 buff/cache
KiB Swap: 33554428 total, 32232984 free,  1321444 used. 50299264 avail Mem 
--
top - 15:45:12 up 112 days,  7:27,  0 users,  load average: 0.51, 0.50, 0.45
Tasks: 395 total,   1 running, 394 sleeping,   0 stopped,   0 zombie
%Cpu(s):  0.1 us,  0.0 sy,  0.0 ni, 99.9 id,  0.0 wa,  0.0 hi,  0.0 si,  0.0 st
KiB Mem : 65877712 total, 39472656 free, 14284816 used, 12120240 buff/cache
KiB Swap: 33554428 total, 32232984 free,  1321444 used. 50299748 avail Mem 
--
top - 15:45:17 up 112 days,  7:27,  0 users,  load average: 0.47, 0.49, 0.45
Tasks: 395 total,   1 running, 394 sleeping,   0 stopped,   0 zombie
%Cpu(s):  0.0 us,  0.0 sy,  0.0 ni, 99.9 id,  0.0 wa,  0.0 hi,  0.0 si,  0.0 st
KiB Mem : 65877712 total, 39472912 free, 14284560 used, 12120240 buff/cache
KiB Swap: 33554428 total, 32232984 free,  1321444 used. 50300004 avail Mem 
--
top - 15:45:22 up 112 days,  7:27,  0 users,  load average: 0.43, 0.48, 0.45
Tasks: 395 total,   1 running, 394 sleeping,   0 stopped,   0 zombie
%Cpu(s):  0.1 us,  0.0 sy,  0.0 ni, 99.9 id,  0.0 wa,  0.0 hi,  0.0 si,  0.0 st
KiB Mem : 65877712 total, 39473044 free, 14284428 used, 12120240 buff/cache
KiB Swap: 33554428 total, 32232984 free,  1321444 used. 50300136 avail Mem 
--
top - 15:45:27 up 112 days,  7:27,  0 users,  load average: 0.40, 0.48, 0.45
Tasks: 396 total,   1 running, 395 sleeping,   0 stopped,   0 zombie
%Cpu(s):  0.1 us,  0.0 sy,  0.0 ni, 99.9 id,  0.0 wa,  0.0 hi,  0.0 si,  0.0 st
KiB Mem : 65877712 total, 39473040 free, 14284432 used, 12120240 buff/cache
KiB Swap: 33554428 total, 32232984 free,  1321444 used. 50300132 avail Mem 
--
top - 15:45:32 up 112 days,  7:27,  0 users,  load average: 0.37, 0.47, 0.45
Tasks: 396 total,   1 running, 395 sleeping,   0 stopped,   0 zombie
%Cpu(s):  0.0 us,  0.0 sy,  0.0 ni, 99.9 id,  0.0 wa,  0.0 hi,  0.0 si,  0.0 st
KiB Mem : 65877712 total, 39473040 free, 14284432 used, 12120240 buff/cache
KiB Swap: 33554428 total, 32232984 free,  1321444 used. 50300132 avail Mem 
--
top - 15:45:37 up 112 days,  7:27,  0 users,  load average: 0.34, 0.46, 0.44
Tasks: 396 total,   1 running, 395 sleeping,   0 stopped,   0 zombie
%Cpu(s):  0.1 us,  0.0 sy,  0.0 ni, 99.9 id,  0.0 wa,  0.0 hi,  0.0 si,  0.0 st
KiB Mem : 65877712 total, 39472288 free, 14285184 used, 12120240 buff/cache
KiB Swap: 33554428 total, 32232984 free,  1321444 used. 50299380 avail Mem 
--
top - 15:45:42 up 112 days,  7:28,  0 users,  load average: 0.31, 0.45, 0.44
Tasks: 396 total,   1 running, 395 sleeping,   0 stopped,   0 zombie
%Cpu(s):  0.0 us,  0.0 sy,  0.0 ni, 99.9 id,  0.0 wa,  0.0 hi,  0.0 si,  0.0 st
KiB Mem : 65877712 total, 39472776 free, 14284696 used, 12120240 buff/cache
KiB Swap: 33554428 total, 32232984 free,  1321444 used. 50299868 avail Mem 
--
top - 15:45:47 up 112 days,  7:28,  0 users,  load average: 0.29, 0.45, 0.44
Tasks: 396 total,   1 running, 395 sleeping,   0 stopped,   0 zombie
%Cpu(s):  0.1 us,  0.0 sy,  0.0 ni, 99.9 id,  0.0 wa,  0.0 hi,  0.0 si,  0.0 st
KiB Mem : 65877712 total, 39472892 free, 14284580 used, 12120240 buff/cache
KiB Swap: 33554428 total, 32232984 free,  1321444 used. 50299984 avail Mem 
--
top - 15:45:52 up 112 days,  7:28,  0 users,  load average: 0.26, 0.44, 0.44
Tasks: 396 total,   1 running, 395 sleeping,   0 stopped,   0 zombie
%Cpu(s):  0.0 us,  0.0 sy,  0.0 ni,100.0 id,  0.0 wa,  0.0 hi,  0.0 si,  0.0 st
KiB Mem : 65877712 total, 39472908 free, 14284564 used, 12120240 buff/cache
KiB Swap: 33554428 total, 32232984 free,  1321444 used. 50300000 avail Mem 
--
top - 15:45:57 up 112 days,  7:28,  0 users,  load average: 0.24, 0.43, 0.43
Tasks: 396 total,   2 running, 394 sleeping,   0 stopped,   0 zombie
%Cpu(s):  1.6 us,  0.2 sy,  0.0 ni, 98.2 id,  0.0 wa,  0.0 hi,  0.0 si,  0.0 st
KiB Mem : 65877712 total, 39274348 free, 14289180 used, 12314184 buff/cache
KiB Swap: 33554428 total, 32232984 free,  1321444 used. 50292660 avail Mem 
--
top - 15:46:02 up 112 days,  7:28,  0 users,  load average: 0.38, 0.46, 0.44
Tasks: 399 total,   2 running, 397 sleeping,   0 stopped,   0 zombie
%Cpu(s):  3.1 us,  0.6 sy,  0.0 ni, 95.5 id,  0.7 wa,  0.0 hi,  0.1 si,  0.0 st
KiB Mem : 65877712 total, 38858756 free, 14294920 used, 12724036 buff/cache
KiB Swap: 33554428 total, 32232984 free,  1321444 used. 50281588 avail Mem 
--
top - 15:46:07 up 112 days,  7:28,  0 users,  load average: 0.51, 0.48, 0.45
Tasks: 399 total,   2 running, 397 sleeping,   0 stopped,   0 zombie
%Cpu(s):  2.7 us,  0.5 sy,  0.0 ni, 96.2 id,  0.6 wa,  0.0 hi,  0.0 si,  0.0 st
KiB Mem : 65877712 total, 38410832 free, 14294300 used, 13172580 buff/cache
KiB Swap: 33554428 total, 32232984 free,  1321444 used. 50276608 avail Mem 
--
top - 15:46:12 up 112 days,  7:28,  0 users,  load average: 0.55, 0.49, 0.45
Tasks: 399 total,   2 running, 397 sleeping,   0 stopped,   0 zombie
%Cpu(s):  2.7 us,  0.4 sy,  0.0 ni, 96.8 id,  0.0 wa,  0.0 hi,  0.1 si,  0.0 st
KiB Mem : 65877712 total, 37963156 free, 14293572 used, 13620984 buff/cache
KiB Swap: 33554428 total, 32232984 free,  1321444 used. 50270848 avail Mem 
--
top - 15:46:18 up 112 days,  7:28,  0 users,  load average: 0.59, 0.50, 0.46
Tasks: 399 total,   2 running, 397 sleeping,   0 stopped,   0 zombie
%Cpu(s):  2.7 us,  0.4 sy,  0.0 ni, 96.9 id,  0.0 wa,  0.0 hi,  0.1 si,  0.0 st
KiB Mem : 65877712 total, 37503840 free, 14294136 used, 14079736 buff/cache
KiB Swap: 33554428 total, 32232984 free,  1321444 used. 50264392 avail Mem 
--
top - 15:46:23 up 112 days,  7:28,  0 users,  load average: 0.62, 0.51, 0.46
Tasks: 398 total,   2 running, 396 sleeping,   0 stopped,   0 zombie
%Cpu(s):  2.7 us,  0.4 sy,  0.0 ni, 96.9 id,  0.0 wa,  0.0 hi,  0.1 si,  0.0 st
KiB Mem : 65877712 total, 37034040 free, 14293612 used, 14550060 buff/cache
KiB Swap: 33554428 total, 32232984 free,  1321444 used. 50258316 avail Mem 
--
top - 15:46:28 up 112 days,  7:28,  0 users,  load average: 0.65, 0.52, 0.46
Tasks: 398 total,   1 running, 397 sleeping,   0 stopped,   0 zombie
%Cpu(s):  2.7 us,  0.4 sy,  0.0 ni, 96.8 id,  0.0 wa,  0.0 hi,  0.1 si,  0.0 st
KiB Mem : 65877712 total, 36582448 free, 14292564 used, 15002700 buff/cache
KiB Swap: 33554428 total, 32232984 free,  1321444 used. 50253044 avail Mem 
--
top - 15:46:33 up 112 days,  7:28,  0 users,  load average: 0.68, 0.52, 0.46
Tasks: 398 total,   2 running, 396 sleeping,   0 stopped,   0 zombie
%Cpu(s):  2.5 us,  0.6 sy,  0.0 ni, 96.5 id,  0.3 wa,  0.0 hi,  0.1 si,  0.0 st
KiB Mem : 65877712 total, 35785220 free, 14787092 used, 15305400 buff/cache
KiB Swap: 33554428 total, 32232984 free,  1321444 used. 49753828 avail Mem 
--
top - 15:46:38 up 112 days,  7:28,  0 users,  load average: 0.70, 0.53, 0.47
Tasks: 397 total,   2 running, 395 sleeping,   0 stopped,   0 zombie
%Cpu(s):  1.0 us,  2.2 sy,  0.0 ni, 96.7 id,  0.0 wa,  0.0 hi,  0.0 si,  0.0 st
KiB Mem : 65877712 total, 36184688 free, 17571504 used, 12121520 buff/cache
KiB Swap: 33554428 total, 32232984 free,  1321444 used. 47012852 avail Mem 
--
top - 15:46:43 up 112 days,  7:29,  0 users,  load average: 0.65, 0.52, 0.46
Tasks: 397 total,   2 running, 395 sleeping,   0 stopped,   0 zombie
%Cpu(s):  1.8 us,  0.7 sy,  0.0 ni, 97.4 id,  0.0 wa,  0.0 hi,  0.0 si,  0.0 st
KiB Mem : 65877712 total, 35839640 free, 17917788 used, 12120284 buff/cache
KiB Swap: 33554428 total, 32232984 free,  1321444 used. 46666756 avail Mem 
--
top - 15:46:48 up 112 days,  7:29,  0 users,  load average: 0.60, 0.51, 0.46
Tasks: 397 total,   2 running, 395 sleeping,   0 stopped,   0 zombie
%Cpu(s):  1.7 us,  0.5 sy,  0.0 ni, 97.8 id,  0.0 wa,  0.0 hi,  0.0 si,  0.0 st
KiB Mem : 65877712 total, 36196100 free, 17561328 used, 12120284 buff/cache
KiB Swap: 33554428 total, 32232984 free,  1321444 used. 47023216 avail Mem 
--
top - 15:46:53 up 112 days,  7:29,  0 users,  load average: 0.63, 0.52, 0.47
Tasks: 397 total,   1 running, 396 sleeping,   0 stopped,   0 zombie
%Cpu(s):  1.7 us,  0.8 sy,  0.0 ni, 97.5 id,  0.0 wa,  0.0 hi,  0.0 si,  0.0 st
KiB Mem : 65877712 total, 36284484 free, 17472944 used, 12120284 buff/cache
KiB Swap: 33554428 total, 32232984 free,  1321444 used. 47111600 avail Mem 
--
top - 15:46:58 up 112 days,  7:29,  0 users,  load average: 0.66, 0.53, 0.47
Tasks: 397 total,   1 running, 396 sleeping,   0 stopped,   0 zombie
%Cpu(s):  2.0 us,  0.6 sy,  0.0 ni, 97.4 id,  0.0 wa,  0.0 hi,  0.0 si,  0.0 st
KiB Mem : 65877712 total, 36050860 free, 17706564 used, 12120288 buff/cache
KiB Swap: 33554428 total, 32232984 free,  1321444 used. 46877976 avail Mem 
--
top - 15:47:03 up 112 days,  7:29,  0 users,  load average: 0.69, 0.54, 0.47
Tasks: 394 total,   1 running, 393 sleeping,   0 stopped,   0 zombie
%Cpu(s):  1.8 us,  0.7 sy,  0.0 ni, 97.5 id,  0.0 wa,  0.0 hi,  0.0 si,  0.0 st
KiB Mem : 65877712 total, 36231332 free, 17526092 used, 12120288 buff/cache
KiB Swap: 33554428 total, 32232984 free,  1321444 used. 47058452 avail Mem 
--
top - 15:47:08 up 112 days,  7:29,  0 users,  load average: 0.71, 0.55, 0.47
Tasks: 394 total,   2 running, 392 sleeping,   0 stopped,   0 zombie
%Cpu(s):  2.1 us,  0.6 sy,  0.0 ni, 97.3 id,  0.0 wa,  0.0 hi,  0.0 si,  0.0 st
KiB Mem : 65877712 total, 36230872 free, 17526552 used, 12120288 buff/cache
KiB Swap: 33554428 total, 32232984 free,  1321444 used. 47057992 avail Mem 
--
top - 15:47:13 up 112 days,  7:29,  0 users,  load average: 0.73, 0.55, 0.48
Tasks: 394 total,   2 running, 392 sleeping,   0 stopped,   0 zombie
%Cpu(s):  2.0 us,  0.6 sy,  0.0 ni, 97.4 id,  0.0 wa,  0.0 hi,  0.0 si,  0.0 st
KiB Mem : 65877712 total, 36052268 free, 17705156 used, 12120288 buff/cache
KiB Swap: 33554428 total, 32232984 free,  1321444 used. 46879388 avail Mem 
--
top - 15:47:18 up 112 days,  7:29,  0 users,  load average: 0.68, 0.54, 0.47
Tasks: 394 total,   1 running, 393 sleeping,   0 stopped,   0 zombie
%Cpu(s):  0.3 us,  0.1 sy,  0.0 ni, 99.6 id,  0.0 wa,  0.0 hi,  0.0 si,  0.0 st
KiB Mem : 65877712 total, 36258356 free, 17499068 used, 12120288 buff/cache
KiB Swap: 33554428 total, 32232984 free,  1321444 used. 47085476 avail Mem 
--
top - 15:47:23 up 112 days,  7:29,  0 users,  load average: 0.62, 0.54, 0.47
Tasks: 394 total,   1 running, 393 sleeping,   0 stopped,   0 zombie
%Cpu(s):  0.1 us,  0.0 sy,  0.0 ni, 99.9 id,  0.0 wa,  0.0 hi,  0.0 si,  0.0 st
KiB Mem : 65877712 total, 36258448 free, 17498976 used, 12120288 buff/cache
KiB Swap: 33554428 total, 32232984 free,  1321444 used. 47085568 avail Mem 
--
top - 15:47:28 up 112 days,  7:29,  0 users,  load average: 0.57, 0.53, 0.47
Tasks: 394 total,   1 running, 393 sleeping,   0 stopped,   0 zombie
%Cpu(s):  0.0 us,  0.0 sy,  0.0 ni, 99.9 id,  0.0 wa,  0.0 hi,  0.0 si,  0.0 st
KiB Mem : 65877712 total, 36258492 free, 17498932 used, 12120288 buff/cache
KiB Swap: 33554428 total, 32232984 free,  1321444 used. 47085612 avail Mem 
--
top - 15:47:33 up 112 days,  7:29,  0 users,  load average: 0.53, 0.52, 0.47
Tasks: 394 total,   1 running, 393 sleeping,   0 stopped,   0 zombie
%Cpu(s):  0.1 us,  0.0 sy,  0.0 ni, 99.9 id,  0.0 wa,  0.0 hi,  0.0 si,  0.0 st
KiB Mem : 65877712 total, 36258616 free, 17498808 used, 12120288 buff/cache
KiB Swap: 33554428 total, 32232984 free,  1321444 used. 47085736 avail Mem 
--
top - 15:47:38 up 112 days,  7:29,  0 users,  load average: 0.48, 0.51, 0.46
Tasks: 395 total,   1 running, 394 sleeping,   0 stopped,   0 zombie
%Cpu(s):  0.0 us,  0.0 sy,  0.0 ni, 99.9 id,  0.0 wa,  0.0 hi,  0.0 si,  0.0 st
KiB Mem : 65877712 total, 36257996 free, 17499428 used, 12120288 buff/cache
KiB Swap: 33554428 total, 32232984 free,  1321444 used. 47085116 avail Mem 
--
top - 15:47:43 up 112 days,  7:30,  0 users,  load average: 0.44, 0.50, 0.46
Tasks: 395 total,   1 running, 394 sleeping,   0 stopped,   0 zombie
%Cpu(s):  0.1 us,  0.0 sy,  0.0 ni, 99.9 id,  0.0 wa,  0.0 hi,  0.0 si,  0.0 st
KiB Mem : 65877712 total, 36257896 free, 17499528 used, 12120288 buff/cache
KiB Swap: 33554428 total, 32232984 free,  1321444 used. 47085016 avail Mem 
--
top - 15:47:48 up 112 days,  7:30,  0 users,  load average: 0.41, 0.49, 0.46
Tasks: 395 total,   1 running, 394 sleeping,   0 stopped,   0 zombie
%Cpu(s):  0.1 us,  0.0 sy,  0.0 ni, 99.9 id,  0.0 wa,  0.0 hi,  0.0 si,  0.0 st
KiB Mem : 65877712 total, 36258472 free, 17498952 used, 12120288 buff/cache
KiB Swap: 33554428 total, 32232984 free,  1321444 used. 47085592 avail Mem 
--
top - 15:47:53 up 112 days,  7:30,  0 users,  load average: 0.38, 0.48, 0.46
Tasks: 395 total,   1 running, 394 sleeping,   0 stopped,   0 zombie
%Cpu(s):  0.0 us,  0.0 sy,  0.0 ni, 99.9 id,  0.0 wa,  0.0 hi,  0.0 si,  0.0 st
KiB Mem : 65877712 total, 36258472 free, 17498948 used, 12120292 buff/cache
KiB Swap: 33554428 total, 32232984 free,  1321444 used. 47085596 avail Mem 
--
top - 15:47:58 up 112 days,  7:30,  0 users,  load average: 0.35, 0.48, 0.45
Tasks: 395 total,   1 running, 394 sleeping,   0 stopped,   0 zombie
%Cpu(s):  0.0 us,  0.0 sy,  0.0 ni, 99.9 id,  0.0 wa,  0.0 hi,  0.0 si,  0.0 st
KiB Mem : 65877712 total, 36258556 free, 17498864 used, 12120292 buff/cache
KiB Swap: 33554428 total, 32232984 free,  1321444 used. 47085680 avail Mem 
--
top - 15:48:03 up 112 days,  7:30,  0 users,  load average: 0.32, 0.47, 0.45
Tasks: 399 total,   1 running, 398 sleeping,   0 stopped,   0 zombie
%Cpu(s):  0.5 us,  0.2 sy,  0.0 ni, 99.0 id,  0.3 wa,  0.0 hi,  0.0 si,  0.0 st
KiB Mem : 65877712 total, 36253660 free, 17503760 used, 12120292 buff/cache
KiB Swap: 33554428 total, 32232984 free,  1321444 used. 47080784 avail Mem 
