10.149.0.30
2024/01/03 15:26:30 Master node address: http://10.149.0.54:8000
2024/01/03 15:26:30 Benchmarking worker...
2024/01/03 15:26:31 Worker registered (1827 MCUPS). Waiting for work...
2024/01/03 15:28:21 Got work. Start calculating alignments...
2024/01/03 15:28:21 Calculating 88 queries
2024/01/03 15:28:37 Done calculating alignments.
2024/01/03 15:28:37 Waiting for work...
2024/01/03 15:30:11 Got work. Start calculating alignments...
2024/01/03 15:30:11 Calculating 88 queries
2024/01/03 15:30:24 Done calculating alignments.
2024/01/03 15:30:24 Waiting for work...
2024/01/03 15:32:02 Got work. Start calculating alignments...
2024/01/03 15:32:02 Calculating 88 queries
2024/01/03 15:32:09 Done calculating alignments.
2024/01/03 15:32:09 Waiting for work...
2024/01/03 15:33:55 Got work. Start calculating alignments...
2024/01/03 15:33:55 Calculating 88 queries
2024/01/03 15:34:09 Done calculating alignments.
2024/01/03 15:34:09 Waiting for work...
2024/01/03 15:35:47 Got work. Start calculating alignments...
2024/01/03 15:35:47 Calculating 88 queries
2024/01/03 15:36:03 Done calculating alignments.
2024/01/03 15:36:03 Waiting for work...
slurmstepd: error: *** JOB 4755743 ON node030 CANCELLED AT 2024-01-03T15:36:09 ***
