10.149.0.60
2024/01/03 15:48:07 Master node address: http://10.149.0.59:8000
2024/01/03 15:48:07 Benchmarking worker...
2024/01/03 15:48:09 Worker registered (1767 MCUPS). Waiting for work...
2024/01/03 15:50:13 Got work. Start calculating alignments...
2024/01/03 15:50:13 Calculating 349 queries
2024/01/03 15:50:40 Done calculating alignments.
2024/01/03 15:50:40 Waiting for work...
2024/01/03 15:52:01 Got work. Start calculating alignments...
2024/01/03 15:52:01 Calculating 348 queries
2024/01/03 15:52:24 Done calculating alignments.
2024/01/03 15:52:24 Waiting for work...
2024/01/03 15:54:18 Got work. Start calculating alignments...
2024/01/03 15:54:18 Calculating 349 queries
2024/01/03 15:54:54 Done calculating alignments.
2024/01/03 15:54:54 Waiting for work...
2024/01/03 15:56:26 Got work. Start calculating alignments...
2024/01/03 15:56:26 Calculating 348 queries
2024/01/03 15:56:49 Done calculating alignments.
2024/01/03 15:56:49 Waiting for work...
2024/01/03 15:58:22 Got work. Start calculating alignments...
2024/01/03 15:58:22 Calculating 348 queries
2024/01/03 15:58:53 Done calculating alignments.
2024/01/03 15:58:53 Waiting for work...
slurmstepd: error: *** JOB 4755758 ON node060 CANCELLED AT 2024-01-03T15:58:55 ***
