Job id: 4755738
Worker ip: 10.149.0.60
Master ip: 10.149.0.54
--
top - 15:26:29 up 112 days,  7:10,  0 users,  load average: 0.08, 0.25, 0.28
Tasks: 391 total,   1 running, 390 sleeping,   0 stopped,   0 zombie
%Cpu(s):  2.3 us,  4.8 sy,  0.0 ni, 89.2 id,  3.0 wa,  0.0 hi,  0.7 si,  0.0 st
KiB Mem : 65877692 total, 52152008 free,  1284736 used, 12440948 buff/cache
KiB Swap: 33554428 total, 31913456 free,  1640972 used. 63315000 avail Mem 
--
top - 15:26:34 up 112 days,  7:10,  0 users,  load average: 0.08, 0.25, 0.28
Tasks: 399 total,   1 running, 398 sleeping,   0 stopped,   0 zombie
%Cpu(s):  1.7 us,  0.5 sy,  0.0 ni, 97.6 id,  0.1 wa,  0.0 hi,  0.0 si,  0.0 st
KiB Mem : 65877692 total, 52134712 free,  1295744 used, 12447236 buff/cache
KiB Swap: 33554428 total, 31913456 free,  1640972 used. 63304024 avail Mem 
--
top - 15:26:39 up 112 days,  7:10,  0 users,  load average: 0.07, 0.24, 0.28
Tasks: 400 total,   1 running, 399 sleeping,   0 stopped,   0 zombie
%Cpu(s):  0.0 us,  0.0 sy,  0.0 ni,100.0 id,  0.0 wa,  0.0 hi,  0.0 si,  0.0 st
KiB Mem : 65877692 total, 52136416 free,  1294040 used, 12447236 buff/cache
KiB Swap: 33554428 total, 31913456 free,  1640972 used. 63305728 avail Mem 
--
top - 15:26:44 up 112 days,  7:10,  0 users,  load average: 0.06, 0.24, 0.27
Tasks: 400 total,   1 running, 399 sleeping,   0 stopped,   0 zombie
%Cpu(s):  0.0 us,  0.0 sy,  0.0 ni,100.0 id,  0.0 wa,  0.0 hi,  0.0 si,  0.0 st
KiB Mem : 65877692 total, 52136540 free,  1293916 used, 12447236 buff/cache
KiB Swap: 33554428 total, 31913456 free,  1640972 used. 63305852 avail Mem 
--
top - 15:26:49 up 112 days,  7:10,  0 users,  load average: 0.06, 0.23, 0.27
Tasks: 400 total,   1 running, 399 sleeping,   0 stopped,   0 zombie
%Cpu(s):  0.0 us,  0.0 sy,  0.0 ni,100.0 id,  0.0 wa,  0.0 hi,  0.0 si,  0.0 st
KiB Mem : 65877692 total, 52136540 free,  1293916 used, 12447236 buff/cache
KiB Swap: 33554428 total, 31913456 free,  1640972 used. 63305852 avail Mem 
--
top - 15:26:54 up 112 days,  7:10,  0 users,  load average: 0.05, 0.23, 0.27
Tasks: 400 total,   1 running, 399 sleeping,   0 stopped,   0 zombie
%Cpu(s):  0.0 us,  0.0 sy,  0.0 ni, 99.9 id,  0.0 wa,  0.0 hi,  0.0 si,  0.0 st
KiB Mem : 65877692 total, 52135712 free,  1294744 used, 12447236 buff/cache
KiB Swap: 33554428 total, 31913456 free,  1640972 used. 63305024 avail Mem 
--
top - 15:26:59 up 112 days,  7:10,  0 users,  load average: 0.05, 0.23, 0.27
Tasks: 400 total,   1 running, 399 sleeping,   0 stopped,   0 zombie
%Cpu(s):  0.0 us,  0.0 sy,  0.0 ni, 99.9 id,  0.0 wa,  0.0 hi,  0.0 si,  0.0 st
KiB Mem : 65877692 total, 52135956 free,  1294500 used, 12447236 buff/cache
KiB Swap: 33554428 total, 31913456 free,  1640972 used. 63305268 avail Mem 
--
top - 15:27:04 up 112 days,  7:10,  0 users,  load average: 0.05, 0.22, 0.27
Tasks: 400 total,   1 running, 399 sleeping,   0 stopped,   0 zombie
%Cpu(s):  0.0 us,  0.0 sy,  0.0 ni,100.0 id,  0.0 wa,  0.0 hi,  0.0 si,  0.0 st
KiB Mem : 65877692 total, 52135956 free,  1294500 used, 12447236 buff/cache
KiB Swap: 33554428 total, 31913456 free,  1640972 used. 63305268 avail Mem 
--
top - 15:27:09 up 112 days,  7:11,  0 users,  load average: 0.04, 0.22, 0.27
Tasks: 400 total,   1 running, 399 sleeping,   0 stopped,   0 zombie
%Cpu(s):  0.0 us,  0.0 sy,  0.0 ni,100.0 id,  0.0 wa,  0.0 hi,  0.0 si,  0.0 st
KiB Mem : 65877692 total, 52136340 free,  1294116 used, 12447236 buff/cache
KiB Swap: 33554428 total, 31913456 free,  1640972 used. 63305652 avail Mem 
--
top - 15:27:14 up 112 days,  7:11,  0 users,  load average: 0.04, 0.21, 0.27
Tasks: 400 total,   1 running, 399 sleeping,   0 stopped,   0 zombie
%Cpu(s):  0.0 us,  0.0 sy,  0.0 ni, 99.9 id,  0.0 wa,  0.0 hi,  0.0 si,  0.0 st
KiB Mem : 65877692 total, 52135896 free,  1294560 used, 12447236 buff/cache
KiB Swap: 33554428 total, 31913456 free,  1640972 used. 63305208 avail Mem 
--
top - 15:27:19 up 112 days,  7:11,  0 users,  load average: 0.04, 0.21, 0.26
Tasks: 400 total,   1 running, 399 sleeping,   0 stopped,   0 zombie
%Cpu(s):  0.0 us,  0.0 sy,  0.0 ni,100.0 id,  0.0 wa,  0.0 hi,  0.0 si,  0.0 st
KiB Mem : 65877692 total, 52135400 free,  1295056 used, 12447236 buff/cache
KiB Swap: 33554428 total, 31913456 free,  1640972 used. 63304712 avail Mem 
--
top - 15:27:24 up 112 days,  7:11,  0 users,  load average: 0.03, 0.21, 0.26
Tasks: 400 total,   1 running, 399 sleeping,   0 stopped,   0 zombie
%Cpu(s):  0.1 us,  0.0 sy,  0.0 ni, 99.9 id,  0.0 wa,  0.0 hi,  0.0 si,  0.0 st
KiB Mem : 65877692 total, 52135776 free,  1294680 used, 12447236 buff/cache
KiB Swap: 33554428 total, 31913456 free,  1640972 used. 63305088 avail Mem 
--
top - 15:27:29 up 112 days,  7:11,  0 users,  load average: 0.03, 0.20, 0.26
Tasks: 399 total,   1 running, 398 sleeping,   0 stopped,   0 zombie
%Cpu(s):  0.0 us,  0.0 sy,  0.0 ni,100.0 id,  0.0 wa,  0.0 hi,  0.0 si,  0.0 st
KiB Mem : 65877692 total, 52136212 free,  1294244 used, 12447236 buff/cache
KiB Swap: 33554428 total, 31913456 free,  1640972 used. 63305524 avail Mem 
--
top - 15:27:34 up 112 days,  7:11,  0 users,  load average: 0.03, 0.20, 0.26
Tasks: 399 total,   1 running, 398 sleeping,   0 stopped,   0 zombie
%Cpu(s):  0.0 us,  0.0 sy,  0.0 ni,100.0 id,  0.0 wa,  0.0 hi,  0.0 si,  0.0 st
KiB Mem : 65877692 total, 52136212 free,  1294244 used, 12447236 buff/cache
KiB Swap: 33554428 total, 31913456 free,  1640972 used. 63305524 avail Mem 
--
top - 15:27:39 up 112 days,  7:11,  0 users,  load average: 0.03, 0.20, 0.26
Tasks: 399 total,   1 running, 398 sleeping,   0 stopped,   0 zombie
%Cpu(s):  0.0 us,  0.0 sy,  0.0 ni, 99.9 id,  0.1 wa,  0.0 hi,  0.0 si,  0.0 st
KiB Mem : 65877692 total, 52136152 free,  1294304 used, 12447236 buff/cache
KiB Swap: 33554428 total, 31913456 free,  1640972 used. 63305464 avail Mem 
--
top - 15:27:44 up 112 days,  7:11,  0 users,  load average: 0.02, 0.19, 0.26
Tasks: 399 total,   1 running, 398 sleeping,   0 stopped,   0 zombie
%Cpu(s):  0.0 us,  0.0 sy,  0.0 ni, 99.9 id,  0.0 wa,  0.0 hi,  0.0 si,  0.0 st
KiB Mem : 65877692 total, 52136600 free,  1293856 used, 12447236 buff/cache
KiB Swap: 33554428 total, 31913456 free,  1640972 used. 63305912 avail Mem 
--
top - 15:27:49 up 112 days,  7:11,  0 users,  load average: 0.02, 0.19, 0.25
Tasks: 399 total,   1 running, 398 sleeping,   0 stopped,   0 zombie
%Cpu(s):  0.0 us,  0.0 sy,  0.0 ni, 99.9 id,  0.0 wa,  0.0 hi,  0.0 si,  0.0 st
KiB Mem : 65877692 total, 52136152 free,  1294304 used, 12447236 buff/cache
KiB Swap: 33554428 total, 31913456 free,  1640972 used. 63305464 avail Mem 
--
top - 15:27:54 up 112 days,  7:11,  0 users,  load average: 0.02, 0.19, 0.25
Tasks: 399 total,   1 running, 398 sleeping,   0 stopped,   0 zombie
%Cpu(s):  0.0 us,  0.0 sy,  0.0 ni, 99.9 id,  0.0 wa,  0.0 hi,  0.0 si,  0.0 st
KiB Mem : 65877692 total, 52135596 free,  1294860 used, 12447236 buff/cache
KiB Swap: 33554428 total, 31913456 free,  1640972 used. 63304908 avail Mem 
--
top - 15:27:59 up 112 days,  7:11,  0 users,  load average: 0.02, 0.18, 0.25
Tasks: 399 total,   1 running, 398 sleeping,   0 stopped,   0 zombie
%Cpu(s):  0.0 us,  0.0 sy,  0.0 ni, 99.9 id,  0.0 wa,  0.0 hi,  0.0 si,  0.0 st
KiB Mem : 65877692 total, 52135100 free,  1295356 used, 12447236 buff/cache
KiB Swap: 33554428 total, 31913456 free,  1640972 used. 63304412 avail Mem 
--
top - 15:28:04 up 112 days,  7:11,  0 users,  load average: 0.02, 0.18, 0.25
Tasks: 403 total,   3 running, 400 sleeping,   0 stopped,   0 zombie
%Cpu(s):  0.4 us,  0.2 sy,  0.0 ni, 99.0 id,  0.3 wa,  0.0 hi,  0.0 si,  0.0 st
KiB Mem : 65877692 total, 52109576 free,  1320876 used, 12447240 buff/cache
KiB Swap: 33554428 total, 31913456 free,  1640972 used. 63278992 avail Mem 
--
top - 15:28:09 up 112 days,  7:12,  0 users,  load average: 0.02, 0.18, 0.25
Tasks: 403 total,   1 running, 402 sleeping,   0 stopped,   0 zombie
%Cpu(s):  0.2 us,  0.1 sy,  0.0 ni, 99.7 id,  0.0 wa,  0.0 hi,  0.0 si,  0.0 st
KiB Mem : 65877692 total, 51741552 free,  1688900 used, 12447240 buff/cache
KiB Swap: 33554428 total, 31913456 free,  1640972 used. 62910968 avail Mem 
--
top - 15:28:14 up 112 days,  7:12,  0 users,  load average: 0.01, 0.18, 0.25
Tasks: 403 total,   1 running, 402 sleeping,   0 stopped,   0 zombie
%Cpu(s):  0.2 us,  0.2 sy,  0.0 ni, 99.5 id,  0.0 wa,  0.0 hi,  0.0 si,  0.0 st
KiB Mem : 65877692 total, 51214884 free,  2215568 used, 12447240 buff/cache
KiB Swap: 33554428 total, 31913456 free,  1640972 used. 62384300 avail Mem 
--
top - 15:28:19 up 112 days,  7:12,  0 users,  load average: 0.01, 0.17, 0.25
Tasks: 403 total,   1 running, 402 sleeping,   0 stopped,   0 zombie
%Cpu(s):  0.1 us,  0.1 sy,  0.0 ni, 99.8 id,  0.0 wa,  0.0 hi,  0.0 si,  0.0 st
KiB Mem : 65877692 total, 51078048 free,  2352404 used, 12447240 buff/cache
KiB Swap: 33554428 total, 31913456 free,  1640972 used. 62247464 avail Mem 
--
top - 15:28:24 up 112 days,  7:12,  0 users,  load average: 0.49, 0.27, 0.28
Tasks: 404 total,   1 running, 403 sleeping,   0 stopped,   0 zombie
%Cpu(s):  9.0 us,  1.2 sy,  0.0 ni, 89.7 id,  0.0 wa,  0.0 hi,  0.0 si,  0.0 st
KiB Mem : 65877692 total, 44958160 free,  8472288 used, 12447244 buff/cache
KiB Swap: 33554428 total, 31913456 free,  1640972 used. 56127580 avail Mem 
--
top - 15:28:29 up 112 days,  7:12,  0 users,  load average: 0.77, 0.33, 0.30
Tasks: 404 total,   1 running, 403 sleeping,   0 stopped,   0 zombie
%Cpu(s): 13.4 us,  0.0 sy,  0.0 ni, 86.6 id,  0.0 wa,  0.0 hi,  0.0 si,  0.0 st
KiB Mem : 65877692 total, 45973964 free,  7456484 used, 12447244 buff/cache
KiB Swap: 33554428 total, 31913456 free,  1640972 used. 57143384 avail Mem 
--
top - 15:28:34 up 112 days,  7:12,  0 users,  load average: 0.95, 0.38, 0.31
Tasks: 404 total,   1 running, 403 sleeping,   0 stopped,   0 zombie
%Cpu(s):  8.8 us,  0.0 sy,  0.0 ni, 91.1 id,  0.0 wa,  0.0 hi,  0.0 si,  0.0 st
KiB Mem : 65877692 total, 47019200 free,  6411248 used, 12447244 buff/cache
KiB Swap: 33554428 total, 31913456 free,  1640972 used. 58188620 avail Mem 
--
top - 15:28:39 up 112 days,  7:12,  0 users,  load average: 1.04, 0.40, 0.32
Tasks: 404 total,   1 running, 403 sleeping,   0 stopped,   0 zombie
%Cpu(s):  4.9 us,  0.0 sy,  0.0 ni, 95.1 id,  0.0 wa,  0.0 hi,  0.0 si,  0.0 st
KiB Mem : 65877692 total, 50060912 free,  3369536 used, 12447244 buff/cache
KiB Swap: 33554428 total, 31913456 free,  1640972 used. 61230332 avail Mem 
--
top - 15:28:44 up 112 days,  7:12,  0 users,  load average: 0.95, 0.40, 0.32
Tasks: 403 total,   1 running, 402 sleeping,   0 stopped,   0 zombie
%Cpu(s):  0.1 us,  0.2 sy,  0.0 ni, 99.7 id,  0.0 wa,  0.0 hi,  0.0 si,  0.0 st
KiB Mem : 65877692 total, 51343048 free,  2087400 used, 12447244 buff/cache
KiB Swap: 33554428 total, 31913456 free,  1640972 used. 62512468 avail Mem 
--
top - 15:28:49 up 112 days,  7:12,  0 users,  load average: 0.88, 0.39, 0.32
Tasks: 403 total,   1 running, 402 sleeping,   0 stopped,   0 zombie
%Cpu(s):  0.0 us,  0.0 sy,  0.0 ni, 99.9 id,  0.0 wa,  0.0 hi,  0.0 si,  0.0 st
KiB Mem : 65877692 total, 51343048 free,  2087400 used, 12447244 buff/cache
KiB Swap: 33554428 total, 31913456 free,  1640972 used. 62512468 avail Mem 
--
top - 15:28:54 up 112 days,  7:12,  0 users,  load average: 0.81, 0.38, 0.32
Tasks: 403 total,   1 running, 402 sleeping,   0 stopped,   0 zombie
%Cpu(s):  0.0 us,  0.0 sy,  0.0 ni, 99.9 id,  0.0 wa,  0.0 hi,  0.0 si,  0.0 st
KiB Mem : 65877692 total, 51342524 free,  2087924 used, 12447244 buff/cache
KiB Swap: 33554428 total, 31913456 free,  1640972 used. 62511944 avail Mem 
--
top - 15:28:59 up 112 days,  7:12,  0 users,  load average: 0.74, 0.38, 0.31
Tasks: 400 total,   1 running, 399 sleeping,   0 stopped,   0 zombie
%Cpu(s):  0.0 us,  0.0 sy,  0.0 ni, 99.9 id,  0.0 wa,  0.0 hi,  0.0 si,  0.0 st
KiB Mem : 65877692 total, 51342568 free,  2087880 used, 12447244 buff/cache
KiB Swap: 33554428 total, 31913456 free,  1640972 used. 62511988 avail Mem 
--
top - 15:29:04 up 112 days,  7:12,  0 users,  load average: 0.68, 0.37, 0.31
Tasks: 400 total,   1 running, 399 sleeping,   0 stopped,   0 zombie
%Cpu(s):  0.0 us,  0.0 sy,  0.0 ni,100.0 id,  0.0 wa,  0.0 hi,  0.0 si,  0.0 st
KiB Mem : 65877692 total, 51343004 free,  2087444 used, 12447244 buff/cache
KiB Swap: 33554428 total, 31913456 free,  1640972 used. 62512424 avail Mem 
--
top - 15:29:09 up 112 days,  7:13,  0 users,  load average: 0.63, 0.36, 0.31
Tasks: 400 total,   1 running, 399 sleeping,   0 stopped,   0 zombie
%Cpu(s):  0.0 us,  0.0 sy,  0.0 ni, 99.9 id,  0.0 wa,  0.0 hi,  0.0 si,  0.0 st
KiB Mem : 65877692 total, 51343004 free,  2087444 used, 12447244 buff/cache
KiB Swap: 33554428 total, 31913456 free,  1640972 used. 62512424 avail Mem 
--
top - 15:29:14 up 112 days,  7:13,  0 users,  load average: 0.58, 0.36, 0.31
Tasks: 400 total,   1 running, 399 sleeping,   0 stopped,   0 zombie
%Cpu(s):  0.0 us,  0.0 sy,  0.0 ni,100.0 id,  0.0 wa,  0.0 hi,  0.0 si,  0.0 st
KiB Mem : 65877692 total, 51343004 free,  2087444 used, 12447244 buff/cache
KiB Swap: 33554428 total, 31913456 free,  1640972 used. 62512424 avail Mem 
--
top - 15:29:19 up 112 days,  7:13,  0 users,  load average: 0.53, 0.35, 0.31
Tasks: 400 total,   1 running, 399 sleeping,   0 stopped,   0 zombie
%Cpu(s):  0.0 us,  0.0 sy,  0.0 ni, 99.9 id,  0.0 wa,  0.0 hi,  0.0 si,  0.0 st
KiB Mem : 65877692 total, 51343004 free,  2087444 used, 12447244 buff/cache
KiB Swap: 33554428 total, 31913456 free,  1640972 used. 62512424 avail Mem 
--
top - 15:29:24 up 112 days,  7:13,  0 users,  load average: 0.49, 0.35, 0.31
Tasks: 400 total,   1 running, 399 sleeping,   0 stopped,   0 zombie
%Cpu(s):  0.0 us,  0.0 sy,  0.0 ni, 99.9 id,  0.0 wa,  0.0 hi,  0.0 si,  0.0 st
KiB Mem : 65877692 total, 51343112 free,  2087336 used, 12447244 buff/cache
KiB Swap: 33554428 total, 31913456 free,  1640972 used. 62512532 avail Mem 
--
top - 15:29:29 up 112 days,  7:13,  0 users,  load average: 0.45, 0.34, 0.31
Tasks: 400 total,   1 running, 399 sleeping,   0 stopped,   0 zombie
%Cpu(s):  0.0 us,  0.0 sy,  0.0 ni, 99.9 id,  0.0 wa,  0.0 hi,  0.0 si,  0.0 st
KiB Mem : 65877692 total, 51343112 free,  2087336 used, 12447244 buff/cache
KiB Swap: 33554428 total, 31913456 free,  1640972 used. 62512532 avail Mem 
--
top - 15:29:34 up 112 days,  7:13,  0 users,  load average: 0.41, 0.34, 0.30
Tasks: 400 total,   1 running, 399 sleeping,   0 stopped,   0 zombie
%Cpu(s):  0.0 us,  0.0 sy,  0.0 ni, 99.9 id,  0.0 wa,  0.0 hi,  0.0 si,  0.0 st
KiB Mem : 65877692 total, 51343504 free,  2086944 used, 12447244 buff/cache
KiB Swap: 33554428 total, 31913456 free,  1640972 used. 62512924 avail Mem 
--
top - 15:29:39 up 112 days,  7:13,  0 users,  load average: 0.38, 0.33, 0.30
Tasks: 400 total,   1 running, 399 sleeping,   0 stopped,   0 zombie
%Cpu(s):  0.0 us,  0.0 sy,  0.0 ni, 99.9 id,  0.0 wa,  0.0 hi,  0.0 si,  0.0 st
KiB Mem : 65877692 total, 51343008 free,  2087440 used, 12447244 buff/cache
KiB Swap: 33554428 total, 31913456 free,  1640972 used. 62512428 avail Mem 
--
top - 15:29:44 up 112 days,  7:13,  0 users,  load average: 0.35, 0.32, 0.30
Tasks: 400 total,   1 running, 399 sleeping,   0 stopped,   0 zombie
%Cpu(s):  0.0 us,  0.0 sy,  0.0 ni, 99.9 id,  0.0 wa,  0.0 hi,  0.0 si,  0.0 st
KiB Mem : 65877692 total, 51342512 free,  2087936 used, 12447244 buff/cache
KiB Swap: 33554428 total, 31913456 free,  1640972 used. 62511932 avail Mem 
--
top - 15:29:50 up 112 days,  7:13,  0 users,  load average: 0.32, 0.32, 0.30
Tasks: 400 total,   1 running, 399 sleeping,   0 stopped,   0 zombie
%Cpu(s):  0.0 us,  0.0 sy,  0.0 ni, 99.9 id,  0.0 wa,  0.0 hi,  0.0 si,  0.0 st
KiB Mem : 65877692 total, 51342504 free,  2087944 used, 12447244 buff/cache
KiB Swap: 33554428 total, 31913456 free,  1640972 used. 62511924 avail Mem 
--
top - 15:29:55 up 112 days,  7:13,  0 users,  load average: 0.30, 0.31, 0.30
Tasks: 400 total,   1 running, 399 sleeping,   0 stopped,   0 zombie
%Cpu(s):  0.1 us,  0.1 sy,  0.0 ni, 99.8 id,  0.0 wa,  0.0 hi,  0.0 si,  0.0 st
KiB Mem : 65877692 total, 51301704 free,  2128744 used, 12447244 buff/cache
KiB Swap: 33554428 total, 31913456 free,  1640972 used. 62471124 avail Mem 
--
top - 15:30:00 up 112 days,  7:13,  0 users,  load average: 0.27, 0.31, 0.30
Tasks: 410 total,   5 running, 405 sleeping,   0 stopped,   0 zombie
%Cpu(s):  0.3 us,  0.2 sy,  0.0 ni, 99.5 id,  0.0 wa,  0.0 hi,  0.0 si,  0.0 st
KiB Mem : 65877692 total, 51146708 free,  2283736 used, 12447248 buff/cache
KiB Swap: 33554428 total, 31913456 free,  1640972 used. 62316132 avail Mem 
--
top - 15:30:05 up 112 days,  7:13,  0 users,  load average: 0.25, 0.30, 0.29
Tasks: 403 total,   1 running, 402 sleeping,   0 stopped,   0 zombie
%Cpu(s):  0.4 us,  0.3 sy,  0.0 ni, 98.9 id,  0.3 wa,  0.0 hi,  0.0 si,  0.0 st
KiB Mem : 65877692 total, 50941992 free,  2488452 used, 12447248 buff/cache
KiB Swap: 33554428 total, 31913456 free,  1640972 used. 62111420 avail Mem 
--
top - 15:30:10 up 112 days,  7:14,  0 users,  load average: 0.23, 0.30, 0.29
Tasks: 403 total,   1 running, 402 sleeping,   0 stopped,   0 zombie
%Cpu(s):  0.4 us,  0.4 sy,  0.0 ni, 99.1 id,  0.0 wa,  0.0 hi,  0.0 si,  0.0 st
KiB Mem : 65877692 total, 50307388 free,  3123056 used, 12447248 buff/cache
KiB Swap: 33554428 total, 31913456 free,  1640972 used. 61476816 avail Mem 
--
top - 15:30:15 up 112 days,  7:14,  0 users,  load average: 0.21, 0.29, 0.29
Tasks: 402 total,   1 running, 401 sleeping,   0 stopped,   0 zombie
%Cpu(s):  4.5 us,  1.3 sy,  0.0 ni, 94.2 id,  0.0 wa,  0.0 hi,  0.0 si,  0.0 st
KiB Mem : 65877692 total, 45765752 free,  7664680 used, 12447260 buff/cache
KiB Swap: 33554428 total, 31913456 free,  1640972 used. 56933016 avail Mem 
--
top - 15:30:20 up 112 days,  7:14,  0 users,  load average: 0.51, 0.36, 0.31
Tasks: 402 total,   1 running, 401 sleeping,   0 stopped,   0 zombie
%Cpu(s): 11.6 us,  0.2 sy,  0.0 ni, 88.2 id,  0.0 wa,  0.0 hi,  0.0 si,  0.0 st
KiB Mem : 65877692 total, 44899656 free,  8530776 used, 12447260 buff/cache
KiB Swap: 33554428 total, 31913456 free,  1640972 used. 56069092 avail Mem 
--
top - 15:30:25 up 112 days,  7:14,  0 users,  load average: 0.71, 0.40, 0.33
Tasks: 402 total,   1 running, 401 sleeping,   0 stopped,   0 zombie
%Cpu(s):  8.4 us,  0.0 sy,  0.0 ni, 91.5 id,  0.0 wa,  0.0 hi,  0.0 si,  0.0 st
KiB Mem : 65877692 total, 45695608 free,  7734824 used, 12447260 buff/cache
KiB Swap: 33554428 total, 31913456 free,  1640972 used. 56865044 avail Mem 
--
top - 15:30:30 up 112 days,  7:14,  0 users,  load average: 0.82, 0.43, 0.34
Tasks: 402 total,   1 running, 401 sleeping,   0 stopped,   0 zombie
%Cpu(s):  6.2 us,  0.0 sy,  0.0 ni, 93.7 id,  0.0 wa,  0.0 hi,  0.0 si,  0.0 st
KiB Mem : 65877692 total, 45696524 free,  7733908 used, 12447260 buff/cache
KiB Swap: 33554428 total, 31913456 free,  1640972 used. 56865960 avail Mem 
--
top - 15:30:35 up 112 days,  7:14,  0 users,  load average: 0.83, 0.44, 0.34
Tasks: 402 total,   1 running, 401 sleeping,   0 stopped,   0 zombie
%Cpu(s):  3.3 us,  0.0 sy,  0.0 ni, 96.6 id,  0.0 wa,  0.0 hi,  0.0 si,  0.0 st
KiB Mem : 65877692 total, 49329000 free,  4101432 used, 12447260 buff/cache
KiB Swap: 33554428 total, 31913456 free,  1640972 used. 60498436 avail Mem 
--
top - 15:30:40 up 112 days,  7:14,  0 users,  load average: 0.77, 0.43, 0.34
Tasks: 402 total,   1 running, 401 sleeping,   0 stopped,   0 zombie
%Cpu(s):  0.1 us,  0.2 sy,  0.0 ni, 99.7 id,  0.0 wa,  0.0 hi,  0.0 si,  0.0 st
KiB Mem : 65877692 total, 50684516 free,  2745916 used, 12447260 buff/cache
KiB Swap: 33554428 total, 31913456 free,  1640972 used. 61853952 avail Mem 
--
top - 15:30:45 up 112 days,  7:14,  0 users,  load average: 0.70, 0.42, 0.33
Tasks: 402 total,   1 running, 401 sleeping,   0 stopped,   0 zombie
%Cpu(s):  0.0 us,  0.0 sy,  0.0 ni, 99.9 id,  0.0 wa,  0.0 hi,  0.0 si,  0.0 st
KiB Mem : 65877692 total, 50685000 free,  2745432 used, 12447260 buff/cache
KiB Swap: 33554428 total, 31913456 free,  1640972 used. 61854436 avail Mem 
--
top - 15:30:50 up 112 days,  7:14,  0 users,  load average: 0.65, 0.41, 0.33
Tasks: 402 total,   1 running, 401 sleeping,   0 stopped,   0 zombie
%Cpu(s):  0.1 us,  0.0 sy,  0.0 ni, 99.9 id,  0.0 wa,  0.0 hi,  0.0 si,  0.0 st
KiB Mem : 65877692 total, 50685000 free,  2745432 used, 12447260 buff/cache
KiB Swap: 33554428 total, 31913456 free,  1640972 used. 61854436 avail Mem 
--
top - 15:30:55 up 112 days,  7:14,  0 users,  load average: 0.60, 0.41, 0.33
Tasks: 402 total,   1 running, 401 sleeping,   0 stopped,   0 zombie
%Cpu(s):  0.1 us,  0.0 sy,  0.0 ni, 99.9 id,  0.0 wa,  0.0 hi,  0.0 si,  0.0 st
KiB Mem : 65877692 total, 50684500 free,  2745932 used, 12447260 buff/cache
KiB Swap: 33554428 total, 31913456 free,  1640972 used. 61853936 avail Mem 
--
top - 15:31:00 up 112 days,  7:14,  0 users,  load average: 0.55, 0.40, 0.33
Tasks: 402 total,   1 running, 401 sleeping,   0 stopped,   0 zombie
%Cpu(s):  0.0 us,  0.0 sy,  0.0 ni, 99.9 id,  0.0 wa,  0.0 hi,  0.0 si,  0.0 st
KiB Mem : 65877692 total, 50684500 free,  2745932 used, 12447260 buff/cache
KiB Swap: 33554428 total, 31913456 free,  1640972 used. 61853936 avail Mem 
--
top - 15:31:05 up 112 days,  7:14,  0 users,  load average: 0.50, 0.39, 0.33
Tasks: 402 total,   1 running, 401 sleeping,   0 stopped,   0 zombie
%Cpu(s):  0.0 us,  0.0 sy,  0.0 ni, 99.9 id,  0.0 wa,  0.0 hi,  0.0 si,  0.0 st
KiB Mem : 65877692 total, 50686432 free,  2743996 used, 12447264 buff/cache
KiB Swap: 33554428 total, 31913456 free,  1640972 used. 61855872 avail Mem 
--
top - 15:31:10 up 112 days,  7:15,  0 users,  load average: 0.46, 0.39, 0.33
Tasks: 402 total,   1 running, 401 sleeping,   0 stopped,   0 zombie
%Cpu(s):  0.1 us,  0.0 sy,  0.0 ni, 99.9 id,  0.0 wa,  0.0 hi,  0.0 si,  0.0 st
KiB Mem : 65877692 total, 50688340 free,  2742088 used, 12447264 buff/cache
KiB Swap: 33554428 total, 31913456 free,  1640972 used. 61857780 avail Mem 
--
top - 15:31:15 up 112 days,  7:15,  0 users,  load average: 0.43, 0.38, 0.32
Tasks: 402 total,   1 running, 401 sleeping,   0 stopped,   0 zombie
%Cpu(s):  0.0 us,  0.0 sy,  0.0 ni, 99.9 id,  0.0 wa,  0.0 hi,  0.0 si,  0.0 st
KiB Mem : 65877692 total, 50688340 free,  2742088 used, 12447264 buff/cache
KiB Swap: 33554428 total, 31913456 free,  1640972 used. 61857780 avail Mem 
--
top - 15:31:20 up 112 days,  7:15,  0 users,  load average: 0.39, 0.37, 0.32
Tasks: 402 total,   1 running, 401 sleeping,   0 stopped,   0 zombie
%Cpu(s):  0.1 us,  0.0 sy,  0.0 ni, 99.9 id,  0.0 wa,  0.0 hi,  0.0 si,  0.0 st
KiB Mem : 65877692 total, 50688340 free,  2742088 used, 12447264 buff/cache
KiB Swap: 33554428 total, 31913456 free,  1640972 used. 61857780 avail Mem 
--
top - 15:31:25 up 112 days,  7:15,  0 users,  load average: 0.36, 0.37, 0.32
Tasks: 402 total,   1 running, 401 sleeping,   0 stopped,   0 zombie
%Cpu(s):  0.1 us,  0.0 sy,  0.0 ni, 99.9 id,  0.0 wa,  0.0 hi,  0.0 si,  0.0 st
KiB Mem : 65877692 total, 50687768 free,  2742660 used, 12447264 buff/cache
KiB Swap: 33554428 total, 31913456 free,  1640972 used. 61857208 avail Mem 
--
top - 15:31:30 up 112 days,  7:15,  0 users,  load average: 0.33, 0.36, 0.32
Tasks: 402 total,   1 running, 401 sleeping,   0 stopped,   0 zombie
%Cpu(s):  0.1 us,  0.0 sy,  0.0 ni, 99.9 id,  0.0 wa,  0.0 hi,  0.0 si,  0.0 st
KiB Mem : 65877692 total, 50687768 free,  2742660 used, 12447264 buff/cache
KiB Swap: 33554428 total, 31913456 free,  1640972 used. 61857208 avail Mem 
--
top - 15:31:35 up 112 days,  7:15,  0 users,  load average: 0.31, 0.36, 0.32
Tasks: 395 total,   1 running, 394 sleeping,   0 stopped,   0 zombie
%Cpu(s):  0.0 us,  0.0 sy,  0.0 ni, 99.9 id,  0.0 wa,  0.0 hi,  0.0 si,  0.0 st
KiB Mem : 65877692 total, 50688204 free,  2742224 used, 12447264 buff/cache
KiB Swap: 33554428 total, 31913456 free,  1640972 used. 61857644 avail Mem 
--
top - 15:31:40 up 112 days,  7:15,  0 users,  load average: 0.28, 0.35, 0.31
Tasks: 394 total,   1 running, 393 sleeping,   0 stopped,   0 zombie
%Cpu(s):  0.1 us,  0.0 sy,  0.0 ni, 99.9 id,  0.0 wa,  0.0 hi,  0.0 si,  0.0 st
KiB Mem : 65877692 total, 50688204 free,  2742224 used, 12447264 buff/cache
KiB Swap: 33554428 total, 31913456 free,  1640972 used. 61857644 avail Mem 
--
top - 15:31:45 up 112 days,  7:15,  0 users,  load average: 0.26, 0.34, 0.31
Tasks: 394 total,   1 running, 393 sleeping,   0 stopped,   0 zombie
%Cpu(s):  0.0 us,  0.0 sy,  0.0 ni, 99.9 id,  0.0 wa,  0.0 hi,  0.0 si,  0.0 st
KiB Mem : 65877692 total, 50663736 free,  2766692 used, 12447264 buff/cache
KiB Swap: 33554428 total, 31913456 free,  1640972 used. 61833176 avail Mem 
--
top - 15:31:50 up 112 days,  7:15,  0 users,  load average: 0.24, 0.34, 0.31
Tasks: 394 total,   1 running, 393 sleeping,   0 stopped,   0 zombie
%Cpu(s):  0.2 us,  0.1 sy,  0.0 ni, 99.7 id,  0.0 wa,  0.0 hi,  0.0 si,  0.0 st
KiB Mem : 65877692 total, 50485956 free,  2944472 used, 12447264 buff/cache
KiB Swap: 33554428 total, 31913456 free,  1640972 used. 61655396 avail Mem 
--
top - 15:31:55 up 112 days,  7:15,  0 users,  load average: 0.22, 0.33, 0.31
Tasks: 394 total,   1 running, 393 sleeping,   0 stopped,   0 zombie
%Cpu(s):  0.1 us,  0.1 sy,  0.0 ni, 99.7 id,  0.0 wa,  0.0 hi,  0.0 si,  0.0 st
KiB Mem : 65877692 total, 50277116 free,  3153312 used, 12447264 buff/cache
KiB Swap: 33554428 total, 31913456 free,  1640972 used. 61446556 avail Mem 
--
top - 15:32:00 up 112 days,  7:15,  0 users,  load average: 0.28, 0.34, 0.31
Tasks: 397 total,   1 running, 396 sleeping,   0 stopped,   0 zombie
%Cpu(s):  0.9 us,  0.8 sy,  0.0 ni, 98.0 id,  0.2 wa,  0.0 hi,  0.0 si,  0.0 st
KiB Mem : 65877692 total, 49718044 free,  3712380 used, 12447268 buff/cache
KiB Swap: 33554428 total, 31913456 free,  1640972 used. 60887488 avail Mem 
--
top - 15:32:05 up 112 days,  7:15,  0 users,  load average: 0.26, 0.34, 0.31
Tasks: 398 total,   1 running, 397 sleeping,   0 stopped,   0 zombie
%Cpu(s):  4.1 us,  0.8 sy,  0.0 ni, 95.0 id,  0.1 wa,  0.0 hi,  0.0 si,  0.0 st
KiB Mem : 65877692 total, 47632056 free,  5798368 used, 12447268 buff/cache
KiB Swap: 33554428 total, 31913456 free,  1640972 used. 58801500 avail Mem 
--
top - 15:32:10 up 112 days,  7:16,  0 users,  load average: 0.40, 0.37, 0.32
Tasks: 398 total,   1 running, 397 sleeping,   0 stopped,   0 zombie
%Cpu(s):  8.6 us,  0.3 sy,  0.0 ni, 91.0 id,  0.0 wa,  0.0 hi,  0.0 si,  0.0 st
KiB Mem : 65877692 total, 45749220 free,  7681204 used, 12447268 buff/cache
KiB Swap: 33554428 total, 31913456 free,  1640972 used. 56918664 avail Mem 
--
top - 15:32:15 up 112 days,  7:16,  0 users,  load average: 0.53, 0.39, 0.33
Tasks: 398 total,   1 running, 397 sleeping,   0 stopped,   0 zombie
%Cpu(s):  6.3 us,  0.0 sy,  0.0 ni, 93.7 id,  0.0 wa,  0.0 hi,  0.0 si,  0.0 st
KiB Mem : 65877692 total, 45743124 free,  7687300 used, 12447268 buff/cache
KiB Swap: 33554428 total, 31913456 free,  1640972 used. 56912568 avail Mem 
--
top - 15:32:20 up 112 days,  7:16,  0 users,  load average: 0.64, 0.42, 0.34
Tasks: 398 total,   1 running, 397 sleeping,   0 stopped,   0 zombie
%Cpu(s):  4.8 us,  0.0 sy,  0.0 ni, 95.2 id,  0.0 wa,  0.0 hi,  0.0 si,  0.0 st
KiB Mem : 65877692 total, 46990540 free,  6439884 used, 12447268 buff/cache
KiB Swap: 33554428 total, 31913456 free,  1640972 used. 58159984 avail Mem 
--
top - 15:32:25 up 112 days,  7:16,  0 users,  load average: 0.67, 0.43, 0.34
Tasks: 398 total,   1 running, 397 sleeping,   0 stopped,   0 zombie
%Cpu(s):  2.9 us,  0.1 sy,  0.0 ni, 97.0 id,  0.0 wa,  0.0 hi,  0.0 si,  0.0 st
KiB Mem : 65877692 total, 49257588 free,  4172836 used, 12447268 buff/cache
KiB Swap: 33554428 total, 31913456 free,  1640972 used. 60427032 avail Mem 
--
top - 15:32:30 up 112 days,  7:16,  0 users,  load average: 0.62, 0.42, 0.34
Tasks: 398 total,   1 running, 397 sleeping,   0 stopped,   0 zombie
%Cpu(s):  0.1 us,  0.1 sy,  0.0 ni, 99.8 id,  0.0 wa,  0.0 hi,  0.0 si,  0.0 st
KiB Mem : 65877692 total, 50151204 free,  3279220 used, 12447268 buff/cache
KiB Swap: 33554428 total, 31913456 free,  1640972 used. 61320648 avail Mem 
--
top - 15:32:35 up 112 days,  7:16,  0 users,  load average: 0.57, 0.42, 0.34
Tasks: 398 total,   1 running, 397 sleeping,   0 stopped,   0 zombie
%Cpu(s):  0.1 us,  0.0 sy,  0.0 ni, 99.9 id,  0.0 wa,  0.0 hi,  0.0 si,  0.0 st
KiB Mem : 65877692 total, 50147568 free,  3282856 used, 12447268 buff/cache
KiB Swap: 33554428 total, 31913456 free,  1640972 used. 61317012 avail Mem 
--
top - 15:32:40 up 112 days,  7:16,  0 users,  load average: 0.52, 0.41, 0.34
Tasks: 398 total,   2 running, 396 sleeping,   0 stopped,   0 zombie
%Cpu(s):  0.0 us,  0.0 sy,  0.0 ni, 99.9 id,  0.0 wa,  0.0 hi,  0.0 si,  0.0 st
KiB Mem : 65877692 total, 50150164 free,  3280260 used, 12447268 buff/cache
KiB Swap: 33554428 total, 31913456 free,  1640972 used. 61319608 avail Mem 
--
top - 15:32:45 up 112 days,  7:16,  0 users,  load average: 0.48, 0.40, 0.33
Tasks: 398 total,   1 running, 397 sleeping,   0 stopped,   0 zombie
%Cpu(s):  0.0 us,  0.0 sy,  0.0 ni, 99.9 id,  0.0 wa,  0.0 hi,  0.0 si,  0.0 st
KiB Mem : 65877692 total, 50149464 free,  3280960 used, 12447268 buff/cache
KiB Swap: 33554428 total, 31913456 free,  1640972 used. 61318908 avail Mem 
--
top - 15:32:50 up 112 days,  7:16,  0 users,  load average: 0.44, 0.39, 0.33
Tasks: 398 total,   1 running, 397 sleeping,   0 stopped,   0 zombie
%Cpu(s):  0.0 us,  0.0 sy,  0.0 ni, 99.9 id,  0.0 wa,  0.0 hi,  0.0 si,  0.0 st
KiB Mem : 65877692 total, 50149496 free,  3280928 used, 12447268 buff/cache
KiB Swap: 33554428 total, 31913456 free,  1640972 used. 61318940 avail Mem 
--
top - 15:32:55 up 112 days,  7:16,  0 users,  load average: 0.41, 0.39, 0.33
Tasks: 398 total,   1 running, 397 sleeping,   0 stopped,   0 zombie
%Cpu(s):  0.1 us,  0.0 sy,  0.0 ni, 99.9 id,  0.0 wa,  0.0 hi,  0.0 si,  0.0 st
KiB Mem : 65877692 total, 50140720 free,  3289704 used, 12447268 buff/cache
KiB Swap: 33554428 total, 31913456 free,  1640972 used. 61310164 avail Mem 
--
top - 15:33:00 up 112 days,  7:16,  0 users,  load average: 0.38, 0.38, 0.33
Tasks: 398 total,   1 running, 397 sleeping,   0 stopped,   0 zombie
%Cpu(s):  0.0 us,  0.0 sy,  0.0 ni, 99.9 id,  0.0 wa,  0.0 hi,  0.0 si,  0.0 st
KiB Mem : 65877692 total, 50140720 free,  3289704 used, 12447268 buff/cache
KiB Swap: 33554428 total, 31913456 free,  1640972 used. 61310164 avail Mem 
--
top - 15:33:05 up 112 days,  7:16,  0 users,  load average: 0.35, 0.38, 0.33
Tasks: 397 total,   1 running, 396 sleeping,   0 stopped,   0 zombie
%Cpu(s):  0.0 us,  0.0 sy,  0.0 ni, 99.9 id,  0.0 wa,  0.0 hi,  0.0 si,  0.0 st
KiB Mem : 65877692 total, 50140224 free,  3290200 used, 12447268 buff/cache
KiB Swap: 33554428 total, 31913456 free,  1640972 used. 61309668 avail Mem 
--
top - 15:33:10 up 112 days,  7:17,  0 users,  load average: 0.32, 0.37, 0.33
Tasks: 397 total,   1 running, 396 sleeping,   0 stopped,   0 zombie
%Cpu(s):  0.0 us,  0.0 sy,  0.0 ni, 99.8 id,  0.1 wa,  0.0 hi,  0.0 si,  0.0 st
KiB Mem : 65877692 total, 50140224 free,  3290200 used, 12447268 buff/cache
KiB Swap: 33554428 total, 31913456 free,  1640972 used. 61309668 avail Mem 
--
top - 15:33:15 up 112 days,  7:17,  0 users,  load average: 0.29, 0.36, 0.32
Tasks: 397 total,   1 running, 396 sleeping,   0 stopped,   0 zombie
%Cpu(s):  0.0 us,  0.0 sy,  0.0 ni, 99.9 id,  0.0 wa,  0.0 hi,  0.0 si,  0.0 st
KiB Mem : 65877692 total, 50139728 free,  3290696 used, 12447268 buff/cache
KiB Swap: 33554428 total, 31913456 free,  1640972 used. 61309172 avail Mem 
--
top - 15:33:20 up 112 days,  7:17,  0 users,  load average: 0.27, 0.36, 0.32
Tasks: 397 total,   1 running, 396 sleeping,   0 stopped,   0 zombie
%Cpu(s):  0.0 us,  0.0 sy,  0.0 ni, 99.9 id,  0.0 wa,  0.0 hi,  0.0 si,  0.0 st
KiB Mem : 65877692 total, 50142168 free,  3288252 used, 12447272 buff/cache
KiB Swap: 33554428 total, 31913456 free,  1640972 used. 61311616 avail Mem 
--
top - 15:33:25 up 112 days,  7:17,  0 users,  load average: 0.25, 0.35, 0.32
Tasks: 396 total,   1 running, 395 sleeping,   0 stopped,   0 zombie
%Cpu(s):  0.1 us,  0.0 sy,  0.0 ni, 99.9 id,  0.0 wa,  0.0 hi,  0.0 si,  0.0 st
KiB Mem : 65877692 total, 50143316 free,  3287104 used, 12447272 buff/cache
KiB Swap: 33554428 total, 31913456 free,  1640972 used. 61312764 avail Mem 
--
top - 15:33:30 up 112 days,  7:17,  0 users,  load average: 0.23, 0.35, 0.32
Tasks: 396 total,   1 running, 395 sleeping,   0 stopped,   0 zombie
%Cpu(s):  0.1 us,  0.0 sy,  0.0 ni, 99.9 id,  0.0 wa,  0.0 hi,  0.0 si,  0.0 st
KiB Mem : 65877692 total, 50143316 free,  3287104 used, 12447272 buff/cache
KiB Swap: 33554428 total, 31913456 free,  1640972 used. 61312764 avail Mem 
--
top - 15:33:35 up 112 days,  7:17,  0 users,  load average: 0.21, 0.34, 0.32
Tasks: 396 total,   1 running, 395 sleeping,   0 stopped,   0 zombie
%Cpu(s):  0.0 us,  0.0 sy,  0.0 ni, 99.9 id,  0.0 wa,  0.0 hi,  0.0 si,  0.0 st
KiB Mem : 65877692 total, 50143316 free,  3287104 used, 12447272 buff/cache
KiB Swap: 33554428 total, 31913456 free,  1640972 used. 61312764 avail Mem 
--
top - 15:33:40 up 112 days,  7:17,  0 users,  load average: 0.19, 0.33, 0.31
Tasks: 396 total,   1 running, 395 sleeping,   0 stopped,   0 zombie
%Cpu(s):  0.1 us,  0.2 sy,  0.0 ni, 99.7 id,  0.0 wa,  0.0 hi,  0.0 si,  0.0 st
KiB Mem : 65877692 total, 50010140 free,  3420280 used, 12447272 buff/cache
KiB Swap: 33554428 total, 31913456 free,  1640972 used. 61179588 avail Mem 
--
top - 15:33:45 up 112 days,  7:17,  0 users,  load average: 0.18, 0.33, 0.31
Tasks: 396 total,   2 running, 394 sleeping,   0 stopped,   0 zombie
%Cpu(s):  0.2 us,  0.2 sy,  0.0 ni, 99.5 id,  0.0 wa,  0.0 hi,  0.0 si,  0.0 st
KiB Mem : 65877692 total, 49693624 free,  3736796 used, 12447272 buff/cache
KiB Swap: 33554428 total, 31913456 free,  1640972 used. 60863072 avail Mem 
--
top - 15:33:50 up 112 days,  7:17,  0 users,  load average: 0.16, 0.32, 0.31
Tasks: 396 total,   1 running, 395 sleeping,   0 stopped,   0 zombie
%Cpu(s):  0.3 us,  0.2 sy,  0.0 ni, 99.5 id,  0.0 wa,  0.0 hi,  0.0 si,  0.0 st
KiB Mem : 65877692 total, 49284408 free,  4146012 used, 12447272 buff/cache
KiB Swap: 33554428 total, 31913456 free,  1640972 used. 60453856 avail Mem 
--
top - 15:33:55 up 112 days,  7:17,  0 users,  load average: 0.15, 0.32, 0.31
Tasks: 396 total,   1 running, 395 sleeping,   0 stopped,   0 zombie
%Cpu(s):  0.2 us,  0.3 sy,  0.0 ni, 99.4 id,  0.0 wa,  0.0 hi,  0.0 si,  0.0 st
KiB Mem : 65877692 total, 49060456 free,  4369964 used, 12447272 buff/cache
KiB Swap: 33554428 total, 31913456 free,  1640972 used. 60229904 avail Mem 
--
top - 15:34:01 up 112 days,  7:17,  0 users,  load average: 0.14, 0.31, 0.31
Tasks: 393 total,   1 running, 392 sleeping,   0 stopped,   0 zombie
%Cpu(s): 11.1 us,  1.3 sy,  0.0 ni, 87.3 id,  0.3 wa,  0.0 hi,  0.0 si,  0.0 st
KiB Mem : 65877692 total, 43471100 free,  9959316 used, 12447276 buff/cache
KiB Swap: 33554428 total, 31913456 free,  1640972 used. 54640552 avail Mem 
--
top - 15:34:06 up 112 days,  7:17,  0 users,  load average: 0.45, 0.37, 0.33
Tasks: 396 total,   1 running, 395 sleeping,   0 stopped,   0 zombie
%Cpu(s): 13.4 us,  0.0 sy,  0.0 ni, 86.6 id,  0.0 wa,  0.0 hi,  0.0 si,  0.0 st
KiB Mem : 65877692 total, 43836748 free,  9593664 used, 12447280 buff/cache
KiB Swap: 33554428 total, 31913456 free,  1640972 used. 55006204 avail Mem 
--
top - 15:34:11 up 112 days,  7:18,  0 users,  load average: 0.73, 0.43, 0.35
Tasks: 396 total,   1 running, 395 sleeping,   0 stopped,   0 zombie
%Cpu(s):  9.1 us,  0.0 sy,  0.0 ni, 90.9 id,  0.0 wa,  0.0 hi,  0.0 si,  0.0 st
KiB Mem : 65877692 total, 45671560 free,  7758852 used, 12447280 buff/cache
KiB Swap: 33554428 total, 31913456 free,  1640972 used. 56841016 avail Mem 
--
top - 15:34:16 up 112 days,  7:18,  0 users,  load average: 0.75, 0.44, 0.35
Tasks: 396 total,   1 running, 395 sleeping,   0 stopped,   0 zombie
%Cpu(s):  2.7 us,  0.1 sy,  0.0 ni, 97.2 id,  0.0 wa,  0.0 hi,  0.0 si,  0.0 st
KiB Mem : 65877692 total, 48814692 free,  4615720 used, 12447280 buff/cache
KiB Swap: 33554428 total, 31913456 free,  1640972 used. 59984148 avail Mem 
--
top - 15:34:21 up 112 days,  7:18,  0 users,  load average: 0.69, 0.44, 0.35
Tasks: 396 total,   1 running, 395 sleeping,   0 stopped,   0 zombie
%Cpu(s):  0.1 us,  0.1 sy,  0.0 ni, 99.8 id,  0.0 wa,  0.0 hi,  0.0 si,  0.0 st
KiB Mem : 65877692 total, 49443372 free,  3987040 used, 12447280 buff/cache
KiB Swap: 33554428 total, 31913456 free,  1640972 used. 60612828 avail Mem 
--
top - 15:34:26 up 112 days,  7:18,  0 users,  load average: 0.64, 0.43, 0.35
Tasks: 396 total,   1 running, 395 sleeping,   0 stopped,   0 zombie
%Cpu(s):  0.1 us,  0.0 sy,  0.0 ni, 99.9 id,  0.0 wa,  0.0 hi,  0.0 si,  0.0 st
KiB Mem : 65877692 total, 49445092 free,  3985320 used, 12447280 buff/cache
KiB Swap: 33554428 total, 31913456 free,  1640972 used. 60614548 avail Mem 
--
top - 15:34:31 up 112 days,  7:18,  0 users,  load average: 0.59, 0.42, 0.35
Tasks: 396 total,   1 running, 395 sleeping,   0 stopped,   0 zombie
%Cpu(s):  0.1 us,  0.0 sy,  0.0 ni, 99.9 id,  0.0 wa,  0.0 hi,  0.0 si,  0.0 st
KiB Mem : 65877692 total, 49446512 free,  3983900 used, 12447280 buff/cache
KiB Swap: 33554428 total, 31913456 free,  1640972 used. 60615968 avail Mem 
--
top - 15:34:36 up 112 days,  7:18,  0 users,  load average: 0.54, 0.41, 0.34
Tasks: 396 total,   1 running, 395 sleeping,   0 stopped,   0 zombie
%Cpu(s):  0.0 us,  0.0 sy,  0.0 ni, 99.9 id,  0.0 wa,  0.0 hi,  0.0 si,  0.0 st
KiB Mem : 65877692 total, 49449020 free,  3981388 used, 12447284 buff/cache
KiB Swap: 33554428 total, 31913456 free,  1640972 used. 60618480 avail Mem 
--
top - 15:34:41 up 112 days,  7:18,  0 users,  load average: 0.50, 0.41, 0.34
Tasks: 396 total,   1 running, 395 sleeping,   0 stopped,   0 zombie
%Cpu(s):  0.1 us,  0.0 sy,  0.0 ni, 99.9 id,  0.0 wa,  0.0 hi,  0.0 si,  0.0 st
KiB Mem : 65877692 total, 49450548 free,  3979860 used, 12447284 buff/cache
KiB Swap: 33554428 total, 31913456 free,  1640972 used. 60620008 avail Mem 
--
top - 15:34:46 up 112 days,  7:18,  0 users,  load average: 0.46, 0.40, 0.34
Tasks: 396 total,   1 running, 395 sleeping,   0 stopped,   0 zombie
%Cpu(s):  0.1 us,  0.0 sy,  0.0 ni, 99.9 id,  0.0 wa,  0.0 hi,  0.0 si,  0.0 st
KiB Mem : 65877692 total, 49449616 free,  3980792 used, 12447284 buff/cache
KiB Swap: 33554428 total, 31913456 free,  1640972 used. 60619076 avail Mem 
--
top - 15:34:51 up 112 days,  7:18,  0 users,  load average: 0.42, 0.39, 0.34
Tasks: 396 total,   1 running, 395 sleeping,   0 stopped,   0 zombie
%Cpu(s):  0.0 us,  0.0 sy,  0.0 ni,100.0 id,  0.0 wa,  0.0 hi,  0.0 si,  0.0 st
KiB Mem : 65877692 total, 49450372 free,  3980036 used, 12447284 buff/cache
KiB Swap: 33554428 total, 31913456 free,  1640972 used. 60619832 avail Mem 
--
top - 15:34:56 up 112 days,  7:18,  0 users,  load average: 0.39, 0.39, 0.34
Tasks: 396 total,   1 running, 395 sleeping,   0 stopped,   0 zombie
%Cpu(s):  0.1 us,  0.0 sy,  0.0 ni, 99.9 id,  0.0 wa,  0.0 hi,  0.0 si,  0.0 st
KiB Mem : 65877692 total, 49439588 free,  3990820 used, 12447284 buff/cache
KiB Swap: 33554428 total, 31913456 free,  1640972 used. 60609048 avail Mem 
--
top - 15:35:01 up 112 days,  7:18,  0 users,  load average: 0.36, 0.38, 0.33
Tasks: 393 total,   1 running, 392 sleeping,   0 stopped,   0 zombie
%Cpu(s):  0.0 us,  0.0 sy,  0.0 ni, 99.9 id,  0.0 wa,  0.0 hi,  0.0 si,  0.0 st
KiB Mem : 65877692 total, 49440924 free,  3989484 used, 12447284 buff/cache
KiB Swap: 33554428 total, 31913456 free,  1640972 used. 60610384 avail Mem 
--
top - 15:35:06 up 112 days,  7:18,  0 users,  load average: 0.33, 0.37, 0.33
Tasks: 393 total,   1 running, 392 sleeping,   0 stopped,   0 zombie
%Cpu(s):  0.1 us,  0.0 sy,  0.0 ni, 99.9 id,  0.0 wa,  0.0 hi,  0.0 si,  0.0 st
KiB Mem : 65877692 total, 49441872 free,  3988536 used, 12447284 buff/cache
KiB Swap: 33554428 total, 31913456 free,  1640972 used. 60611332 avail Mem 
--
top - 15:35:11 up 112 days,  7:19,  0 users,  load average: 0.30, 0.37, 0.33
Tasks: 393 total,   1 running, 392 sleeping,   0 stopped,   0 zombie
%Cpu(s):  0.0 us,  0.0 sy,  0.0 ni, 99.9 id,  0.0 wa,  0.0 hi,  0.0 si,  0.0 st
KiB Mem : 65877692 total, 49442484 free,  3987924 used, 12447284 buff/cache
KiB Swap: 33554428 total, 31913456 free,  1640972 used. 60611944 avail Mem 
--
top - 15:35:16 up 112 days,  7:19,  0 users,  load average: 0.28, 0.36, 0.33
Tasks: 393 total,   1 running, 392 sleeping,   0 stopped,   0 zombie
%Cpu(s):  0.0 us,  0.0 sy,  0.0 ni, 99.9 id,  0.0 wa,  0.0 hi,  0.0 si,  0.0 st
KiB Mem : 65877692 total, 49442944 free,  3987464 used, 12447284 buff/cache
KiB Swap: 33554428 total, 31913456 free,  1640972 used. 60612404 avail Mem 
--
top - 15:35:21 up 112 days,  7:19,  0 users,  load average: 0.25, 0.36, 0.33
Tasks: 393 total,   1 running, 392 sleeping,   0 stopped,   0 zombie
%Cpu(s):  0.0 us,  0.0 sy,  0.0 ni, 99.9 id,  0.0 wa,  0.0 hi,  0.0 si,  0.0 st
KiB Mem : 65877692 total, 49443004 free,  3987404 used, 12447284 buff/cache
KiB Swap: 33554428 total, 31913456 free,  1640972 used. 60612464 avail Mem 
--
top - 15:35:26 up 112 days,  7:19,  0 users,  load average: 0.23, 0.35, 0.32
Tasks: 393 total,   1 running, 392 sleeping,   0 stopped,   0 zombie
%Cpu(s):  0.1 us,  0.0 sy,  0.0 ni, 99.9 id,  0.0 wa,  0.0 hi,  0.0 si,  0.0 st
KiB Mem : 65877692 total, 49443060 free,  3987348 used, 12447284 buff/cache
KiB Swap: 33554428 total, 31913456 free,  1640972 used. 60612520 avail Mem 
--
top - 15:35:31 up 112 days,  7:19,  0 users,  load average: 0.22, 0.34, 0.32
Tasks: 393 total,   1 running, 392 sleeping,   0 stopped,   0 zombie
%Cpu(s):  0.0 us,  0.0 sy,  0.0 ni,100.0 id,  0.0 wa,  0.0 hi,  0.0 si,  0.0 st
KiB Mem : 65877692 total, 49436480 free,  3993924 used, 12447288 buff/cache
KiB Swap: 33554428 total, 31913456 free,  1640972 used. 60605940 avail Mem 
--
top - 15:35:36 up 112 days,  7:19,  0 users,  load average: 0.20, 0.34, 0.32
Tasks: 393 total,   1 running, 392 sleeping,   0 stopped,   0 zombie
%Cpu(s):  0.7 us,  0.8 sy,  0.0 ni, 98.5 id,  0.0 wa,  0.0 hi,  0.0 si,  0.0 st
KiB Mem : 65877692 total, 48668960 free,  4761444 used, 12447288 buff/cache
KiB Swap: 33554428 total, 31913456 free,  1640972 used. 59838420 avail Mem 
--
top - 15:35:41 up 112 days,  7:19,  0 users,  load average: 0.18, 0.33, 0.32
Tasks: 393 total,   1 running, 392 sleeping,   0 stopped,   0 zombie
%Cpu(s):  0.1 us,  0.1 sy,  0.0 ni, 99.8 id,  0.0 wa,  0.0 hi,  0.0 si,  0.0 st
KiB Mem : 65877692 total, 48587756 free,  4842648 used, 12447288 buff/cache
KiB Swap: 33554428 total, 31913456 free,  1640972 used. 59757216 avail Mem 
--
top - 15:35:46 up 112 days,  7:19,  0 users,  load average: 0.17, 0.33, 0.32
Tasks: 393 total,   1 running, 392 sleeping,   0 stopped,   0 zombie
%Cpu(s):  0.1 us,  0.1 sy,  0.0 ni, 99.7 id,  0.0 wa,  0.0 hi,  0.0 si,  0.0 st
KiB Mem : 65877692 total, 48574132 free,  4856272 used, 12447288 buff/cache
KiB Swap: 33554428 total, 31913456 free,  1640972 used. 59743592 avail Mem 
--
top - 15:35:51 up 112 days,  7:19,  0 users,  load average: 0.15, 0.32, 0.31
Tasks: 394 total,   1 running, 393 sleeping,   0 stopped,   0 zombie
%Cpu(s):  9.3 us,  0.9 sy,  0.0 ni, 89.8 id,  0.0 wa,  0.0 hi,  0.0 si,  0.0 st
KiB Mem : 65877692 total, 45122288 free,  8308116 used, 12447288 buff/cache
KiB Swap: 33554428 total, 31913456 free,  1640972 used. 56291752 avail Mem 
--
top - 15:35:56 up 112 days,  7:19,  0 users,  load average: 0.38, 0.37, 0.33
Tasks: 394 total,   1 running, 393 sleeping,   0 stopped,   0 zombie
%Cpu(s):  6.0 us,  0.0 sy,  0.0 ni, 94.0 id,  0.0 wa,  0.0 hi,  0.0 si,  0.0 st
KiB Mem : 65877692 total, 46208356 free,  7222048 used, 12447288 buff/cache
KiB Swap: 33554428 total, 31913456 free,  1640972 used. 57377820 avail Mem 
--
top - 15:36:01 up 112 days,  7:19,  0 users,  load average: 0.43, 0.38, 0.33
Tasks: 394 total,   1 running, 393 sleeping,   0 stopped,   0 zombie
%Cpu(s):  3.5 us,  0.2 sy,  0.0 ni, 95.9 id,  0.4 wa,  0.0 hi,  0.0 si,  0.0 st
KiB Mem : 65877692 total, 46197124 free,  7233280 used, 12447288 buff/cache
KiB Swap: 33554428 total, 31913456 free,  1640972 used. 57366588 avail Mem 
--
top - 15:36:06 up 112 days,  7:19,  0 users,  load average: 0.48, 0.39, 0.34
Tasks: 395 total,   1 running, 394 sleeping,   0 stopped,   0 zombie
%Cpu(s):  3.1 us,  0.0 sy,  0.0 ni, 96.8 id,  0.0 wa,  0.0 hi,  0.0 si,  0.0 st
KiB Mem : 65877692 total, 46199688 free,  7230716 used, 12447288 buff/cache
KiB Swap: 33554428 total, 31913456 free,  1640972 used. 57369152 avail Mem 
