10.149.0.63
2024/01/03 15:26:30 Master node address: http://10.149.0.54:8000
2024/01/03 15:26:30 Benchmarking worker...
2024/01/03 15:26:31 Worker registered (1853 MCUPS). Waiting for work...
2024/01/03 15:28:21 Got work. Start calculating alignments...
2024/01/03 15:28:21 Calculating 90 queries
2024/01/03 15:28:34 Done calculating alignments.
2024/01/03 15:28:34 Waiting for work...
2024/01/03 15:30:13 Got work. Start calculating alignments...
2024/01/03 15:30:13 Calculating 90 queries
2024/01/03 15:30:26 Done calculating alignments.
2024/01/03 15:30:26 Waiting for work...
2024/01/03 15:32:06 Got work. Start calculating alignments...
2024/01/03 15:32:06 Calculating 89 queries
2024/01/03 15:32:23 Done calculating alignments.
2024/01/03 15:32:23 Waiting for work...
2024/01/03 15:33:54 Got work. Start calculating alignments...
2024/01/03 15:33:54 Calculating 89 queries
2024/01/03 15:34:00 Done calculating alignments.
2024/01/03 15:34:00 Waiting for work...
2024/01/03 15:35:48 Got work. Start calculating alignments...
2024/01/03 15:35:48 Calculating 89 queries
2024/01/03 15:36:08 Done calculating alignments.
2024/01/03 15:36:08 Waiting for work...
slurmstepd: error: *** JOB 4755739 ON node063 CANCELLED AT 2024-01-03T15:36:09 ***
