Job id: 4755744
Worker ip: 10.149.0.31
Master ip: 10.149.0.54
--
top - 15:26:29 up 112 days,  7:09,  0 users,  load average: 0.17, 0.18, 0.14
Tasks: 403 total,   1 running, 402 sleeping,   0 stopped,   0 zombie
%Cpu(s):  2.5 us,  4.6 sy,  0.0 ni, 90.9 id,  2.0 wa,  0.0 hi,  0.0 si,  0.0 st
KiB Mem : 65877712 total, 56713724 free,  1130696 used,  8033292 buff/cache
KiB Swap: 33554428 total, 32356176 free,  1198252 used. 63496140 avail Mem 
--
top - 15:26:34 up 112 days,  7:09,  0 users,  load average: 0.16, 0.17, 0.14
Tasks: 408 total,   1 running, 407 sleeping,   0 stopped,   0 zombie
%Cpu(s):  1.7 us,  0.5 sy,  0.0 ni, 97.6 id,  0.1 wa,  0.0 hi,  0.0 si,  0.0 st
KiB Mem : 65877712 total, 56685524 free,  1142804 used,  8049384 buff/cache
KiB Swap: 33554428 total, 32356176 free,  1198252 used. 63483828 avail Mem 
--
top - 15:26:39 up 112 days,  7:10,  0 users,  load average: 0.15, 0.17, 0.14
Tasks: 408 total,   1 running, 407 sleeping,   0 stopped,   0 zombie
%Cpu(s):  0.0 us,  0.0 sy,  0.0 ni, 99.9 id,  0.0 wa,  0.0 hi,  0.0 si,  0.0 st
KiB Mem : 65877712 total, 56686696 free,  1141600 used,  8049416 buff/cache
KiB Swap: 33554428 total, 32356176 free,  1198252 used. 63485048 avail Mem 
--
top - 15:26:44 up 112 days,  7:10,  0 users,  load average: 0.14, 0.17, 0.14
Tasks: 408 total,   1 running, 407 sleeping,   0 stopped,   0 zombie
%Cpu(s):  0.0 us,  0.0 sy,  0.0 ni,100.0 id,  0.0 wa,  0.0 hi,  0.0 si,  0.0 st
KiB Mem : 65877712 total, 56688164 free,  1140132 used,  8049416 buff/cache
KiB Swap: 33554428 total, 32356176 free,  1198252 used. 63486560 avail Mem 
--
top - 15:26:49 up 112 days,  7:10,  0 users,  load average: 0.12, 0.16, 0.14
Tasks: 408 total,   1 running, 407 sleeping,   0 stopped,   0 zombie
%Cpu(s):  0.0 us,  0.0 sy,  0.0 ni,100.0 id,  0.0 wa,  0.0 hi,  0.0 si,  0.0 st
KiB Mem : 65877712 total, 56688720 free,  1139576 used,  8049416 buff/cache
KiB Swap: 33554428 total, 32356176 free,  1198252 used. 63487116 avail Mem 
--
top - 15:26:54 up 112 days,  7:10,  0 users,  load average: 0.12, 0.16, 0.14
Tasks: 409 total,   1 running, 408 sleeping,   0 stopped,   0 zombie
%Cpu(s):  0.0 us,  0.0 sy,  0.0 ni,100.0 id,  0.0 wa,  0.0 hi,  0.0 si,  0.0 st
KiB Mem : 65877712 total, 56690332 free,  1137964 used,  8049416 buff/cache
KiB Swap: 33554428 total, 32356176 free,  1198252 used. 63488728 avail Mem 
--
top - 15:26:59 up 112 days,  7:10,  0 users,  load average: 0.11, 0.16, 0.14
Tasks: 410 total,   1 running, 409 sleeping,   0 stopped,   0 zombie
%Cpu(s):  0.0 us,  0.0 sy,  0.0 ni, 99.9 id,  0.0 wa,  0.0 hi,  0.0 si,  0.0 st
KiB Mem : 65877712 total, 56691708 free,  1136588 used,  8049416 buff/cache
KiB Swap: 33554428 total, 32356176 free,  1198252 used. 63490108 avail Mem 
--
top - 15:27:04 up 112 days,  7:10,  0 users,  load average: 0.10, 0.16, 0.14
Tasks: 409 total,   1 running, 408 sleeping,   0 stopped,   0 zombie
%Cpu(s):  0.0 us,  0.0 sy,  0.0 ni,100.0 id,  0.0 wa,  0.0 hi,  0.0 si,  0.0 st
KiB Mem : 65877712 total, 56693044 free,  1135252 used,  8049416 buff/cache
KiB Swap: 33554428 total, 32356176 free,  1198252 used. 63491444 avail Mem 
--
top - 15:27:09 up 112 days,  7:10,  0 users,  load average: 0.09, 0.15, 0.13
Tasks: 407 total,   1 running, 406 sleeping,   0 stopped,   0 zombie
%Cpu(s):  0.0 us,  0.0 sy,  0.0 ni,100.0 id,  0.0 wa,  0.0 hi,  0.0 si,  0.0 st
KiB Mem : 65877712 total, 56694044 free,  1134252 used,  8049416 buff/cache
KiB Swap: 33554428 total, 32356176 free,  1198252 used. 63492452 avail Mem 
--
top - 15:27:14 up 112 days,  7:10,  0 users,  load average: 0.08, 0.15, 0.13
Tasks: 407 total,   1 running, 406 sleeping,   0 stopped,   0 zombie
%Cpu(s):  0.0 us,  0.0 sy,  0.0 ni,100.0 id,  0.0 wa,  0.0 hi,  0.0 si,  0.0 st
KiB Mem : 65877712 total, 56694708 free,  1133588 used,  8049416 buff/cache
KiB Swap: 33554428 total, 32356176 free,  1198252 used. 63493116 avail Mem 
--
top - 15:27:19 up 112 days,  7:10,  0 users,  load average: 0.08, 0.15, 0.13
Tasks: 407 total,   1 running, 406 sleeping,   0 stopped,   0 zombie
%Cpu(s):  0.0 us,  0.0 sy,  0.0 ni,100.0 id,  0.0 wa,  0.0 hi,  0.0 si,  0.0 st
KiB Mem : 65877712 total, 56695156 free,  1133140 used,  8049416 buff/cache
KiB Swap: 33554428 total, 32356176 free,  1198252 used. 63493564 avail Mem 
--
top - 15:27:24 up 112 days,  7:10,  0 users,  load average: 0.15, 0.16, 0.14
Tasks: 408 total,   1 running, 407 sleeping,   0 stopped,   0 zombie
%Cpu(s):  0.0 us,  0.0 sy,  0.0 ni, 98.5 id,  1.5 wa,  0.0 hi,  0.0 si,  0.0 st
KiB Mem : 65877712 total, 56695148 free,  1133144 used,  8049420 buff/cache
KiB Swap: 33554428 total, 32356176 free,  1198252 used. 63493560 avail Mem 
--
top - 15:27:29 up 112 days,  7:10,  0 users,  load average: 0.70, 0.28, 0.18
Tasks: 410 total,   1 running, 409 sleeping,   0 stopped,   0 zombie
%Cpu(s):  0.0 us,  0.0 sy,  0.0 ni, 91.0 id,  8.9 wa,  0.0 hi,  0.0 si,  0.0 st
KiB Mem : 65877712 total, 56695392 free,  1132900 used,  8049420 buff/cache
KiB Swap: 33554428 total, 32356176 free,  1198252 used. 63493804 avail Mem 
--
top - 15:27:34 up 112 days,  7:10,  0 users,  load average: 0.64, 0.27, 0.17
Tasks: 410 total,   1 running, 409 sleeping,   0 stopped,   0 zombie
%Cpu(s):  0.0 us,  0.0 sy,  0.0 ni, 94.0 id,  5.9 wa,  0.0 hi,  0.0 si,  0.0 st
KiB Mem : 65877712 total, 56695676 free,  1132616 used,  8049420 buff/cache
KiB Swap: 33554428 total, 32356176 free,  1198252 used. 63494088 avail Mem 
--
top - 15:27:39 up 112 days,  7:11,  0 users,  load average: 0.59, 0.27, 0.17
Tasks: 410 total,   1 running, 409 sleeping,   0 stopped,   0 zombie
%Cpu(s):  0.0 us,  0.0 sy,  0.0 ni,100.0 id,  0.0 wa,  0.0 hi,  0.0 si,  0.0 st
KiB Mem : 65877712 total, 56695804 free,  1132488 used,  8049420 buff/cache
KiB Swap: 33554428 total, 32356176 free,  1198252 used. 63494216 avail Mem 
--
top - 15:27:44 up 112 days,  7:11,  0 users,  load average: 0.54, 0.26, 0.17
Tasks: 410 total,   1 running, 409 sleeping,   0 stopped,   0 zombie
%Cpu(s):  0.0 us,  0.0 sy,  0.0 ni,100.0 id,  0.0 wa,  0.0 hi,  0.0 si,  0.0 st
KiB Mem : 65877712 total, 56695672 free,  1132620 used,  8049420 buff/cache
KiB Swap: 33554428 total, 32356176 free,  1198252 used. 63494084 avail Mem 
--
top - 15:27:49 up 112 days,  7:11,  0 users,  load average: 0.50, 0.26, 0.17
Tasks: 410 total,   1 running, 409 sleeping,   0 stopped,   0 zombie
%Cpu(s):  0.0 us,  0.0 sy,  0.0 ni, 99.9 id,  0.0 wa,  0.0 hi,  0.0 si,  0.0 st
KiB Mem : 65877712 total, 56696292 free,  1132000 used,  8049420 buff/cache
KiB Swap: 33554428 total, 32356176 free,  1198252 used. 63494704 avail Mem 
--
top - 15:27:54 up 112 days,  7:11,  0 users,  load average: 0.46, 0.25, 0.17
Tasks: 410 total,   1 running, 409 sleeping,   0 stopped,   0 zombie
%Cpu(s):  0.0 us,  0.0 sy,  0.0 ni,100.0 id,  0.0 wa,  0.0 hi,  0.0 si,  0.0 st
KiB Mem : 65877712 total, 56696364 free,  1131928 used,  8049420 buff/cache
KiB Swap: 33554428 total, 32356176 free,  1198252 used. 63494776 avail Mem 
--
top - 15:27:59 up 112 days,  7:11,  0 users,  load average: 0.42, 0.25, 0.17
Tasks: 410 total,   1 running, 409 sleeping,   0 stopped,   0 zombie
%Cpu(s):  0.0 us,  0.0 sy,  0.0 ni, 99.9 id,  0.0 wa,  0.0 hi,  0.0 si,  0.0 st
KiB Mem : 65877712 total, 56694504 free,  1133788 used,  8049420 buff/cache
KiB Swap: 33554428 total, 32356176 free,  1198252 used. 63492916 avail Mem 
--
top - 15:28:04 up 112 days,  7:11,  0 users,  load average: 0.39, 0.25, 0.17
Tasks: 410 total,   1 running, 409 sleeping,   0 stopped,   0 zombie
%Cpu(s):  0.4 us,  0.2 sy,  0.0 ni, 98.8 id,  0.6 wa,  0.0 hi,  0.0 si,  0.0 st
KiB Mem : 65877712 total, 56683100 free,  1145192 used,  8049420 buff/cache
KiB Swap: 33554428 total, 32356176 free,  1198252 used. 63481524 avail Mem 
--
top - 15:28:09 up 112 days,  7:11,  0 users,  load average: 0.36, 0.24, 0.17
Tasks: 410 total,   1 running, 409 sleeping,   0 stopped,   0 zombie
%Cpu(s):  0.1 us,  0.1 sy,  0.0 ni, 99.8 id,  0.0 wa,  0.0 hi,  0.0 si,  0.0 st
KiB Mem : 65877712 total, 56493976 free,  1334316 used,  8049420 buff/cache
KiB Swap: 33554428 total, 32356176 free,  1198252 used. 63292400 avail Mem 
--
top - 15:28:14 up 112 days,  7:11,  0 users,  load average: 0.33, 0.24, 0.17
Tasks: 410 total,   1 running, 409 sleeping,   0 stopped,   0 zombie
%Cpu(s):  0.2 us,  0.2 sy,  0.0 ni, 99.6 id,  0.0 wa,  0.0 hi,  0.0 si,  0.0 st
KiB Mem : 65877712 total, 55911488 free,  1916804 used,  8049420 buff/cache
KiB Swap: 33554428 total, 32356176 free,  1198252 used. 62709912 avail Mem 
--
top - 15:28:19 up 112 days,  7:11,  0 users,  load average: 0.30, 0.23, 0.17
Tasks: 410 total,   1 running, 409 sleeping,   0 stopped,   0 zombie
%Cpu(s):  0.1 us,  0.1 sy,  0.0 ni, 99.9 id,  0.0 wa,  0.0 hi,  0.0 si,  0.0 st
KiB Mem : 65877712 total, 55754324 free,  2073964 used,  8049424 buff/cache
KiB Swap: 33554428 total, 32356176 free,  1198252 used. 62552748 avail Mem 
--
top - 15:28:24 up 112 days,  7:11,  0 users,  load average: 0.44, 0.26, 0.18
Tasks: 410 total,   1 running, 409 sleeping,   0 stopped,   0 zombie
%Cpu(s):  9.0 us,  0.7 sy,  0.0 ni, 90.3 id,  0.0 wa,  0.0 hi,  0.0 si,  0.0 st
KiB Mem : 65877712 total, 53001576 free,  4826712 used,  8049424 buff/cache
KiB Swap: 33554428 total, 32356176 free,  1198252 used. 59800004 avail Mem 
--
top - 15:28:29 up 112 days,  7:11,  0 users,  load average: 0.48, 0.28, 0.18
Tasks: 410 total,   1 running, 409 sleeping,   0 stopped,   0 zombie
%Cpu(s):  5.4 us,  0.0 sy,  0.0 ni, 94.5 id,  0.0 wa,  0.0 hi,  0.0 si,  0.0 st
KiB Mem : 65877712 total, 53906504 free,  3921784 used,  8049424 buff/cache
KiB Swap: 33554428 total, 32356176 free,  1198252 used. 60704932 avail Mem 
--
top - 15:28:34 up 112 days,  7:11,  0 users,  load average: 0.53, 0.29, 0.18
Tasks: 410 total,   1 running, 409 sleeping,   0 stopped,   0 zombie
%Cpu(s):  3.1 us,  0.0 sy,  0.0 ni, 96.8 id,  0.0 wa,  0.0 hi,  0.0 si,  0.0 st
KiB Mem : 65877712 total, 53907080 free,  3921208 used,  8049424 buff/cache
KiB Swap: 33554428 total, 32356176 free,  1198252 used. 60705508 avail Mem 
--
top - 15:28:39 up 112 days,  7:12,  0 users,  load average: 0.48, 0.28, 0.18
Tasks: 410 total,   1 running, 409 sleeping,   0 stopped,   0 zombie
%Cpu(s):  1.1 us,  0.1 sy,  0.0 ni, 98.7 id,  0.0 wa,  0.0 hi,  0.0 si,  0.0 st
KiB Mem : 65877712 total, 56229064 free,  1599224 used,  8049424 buff/cache
KiB Swap: 33554428 total, 32356176 free,  1198252 used. 63027492 avail Mem 
--
top - 15:28:44 up 112 days,  7:12,  0 users,  load average: 0.44, 0.28, 0.18
Tasks: 410 total,   1 running, 409 sleeping,   0 stopped,   0 zombie
%Cpu(s):  0.0 us,  0.0 sy,  0.0 ni, 99.9 id,  0.0 wa,  0.0 hi,  0.0 si,  0.0 st
KiB Mem : 65877712 total, 56229984 free,  1598304 used,  8049424 buff/cache
KiB Swap: 33554428 total, 32356176 free,  1198252 used. 63028412 avail Mem 
--
top - 15:28:49 up 112 days,  7:12,  0 users,  load average: 0.41, 0.27, 0.18
Tasks: 410 total,   1 running, 409 sleeping,   0 stopped,   0 zombie
%Cpu(s):  0.0 us,  0.0 sy,  0.0 ni, 99.9 id,  0.0 wa,  0.0 hi,  0.0 si,  0.0 st
KiB Mem : 65877712 total, 56230192 free,  1598096 used,  8049424 buff/cache
KiB Swap: 33554428 total, 32356176 free,  1198252 used. 63028620 avail Mem 
--
top - 15:28:54 up 112 days,  7:12,  0 users,  load average: 0.38, 0.27, 0.18
Tasks: 410 total,   1 running, 409 sleeping,   0 stopped,   0 zombie
%Cpu(s):  0.0 us,  0.0 sy,  0.0 ni, 99.9 id,  0.1 wa,  0.0 hi,  0.0 si,  0.0 st
KiB Mem : 65877712 total, 56231840 free,  1596448 used,  8049424 buff/cache
KiB Swap: 33554428 total, 32356176 free,  1198252 used. 63030268 avail Mem 
--
top - 15:28:59 up 112 days,  7:12,  0 users,  load average: 0.35, 0.26, 0.18
Tasks: 410 total,   1 running, 409 sleeping,   0 stopped,   0 zombie
%Cpu(s):  0.1 us,  0.0 sy,  0.0 ni, 99.9 id,  0.0 wa,  0.0 hi,  0.0 si,  0.0 st
KiB Mem : 65877712 total, 56231980 free,  1596308 used,  8049424 buff/cache
KiB Swap: 33554428 total, 32356176 free,  1198252 used. 63030408 avail Mem 
--
top - 15:29:04 up 112 days,  7:12,  0 users,  load average: 0.32, 0.26, 0.18
Tasks: 407 total,   1 running, 406 sleeping,   0 stopped,   0 zombie
%Cpu(s):  0.0 us,  0.0 sy,  0.0 ni, 99.9 id,  0.0 wa,  0.0 hi,  0.0 si,  0.0 st
KiB Mem : 65877712 total, 56233412 free,  1594876 used,  8049424 buff/cache
KiB Swap: 33554428 total, 32356176 free,  1198252 used. 63031840 avail Mem 
--
top - 15:29:09 up 112 days,  7:12,  0 users,  load average: 0.29, 0.26, 0.18
Tasks: 407 total,   1 running, 406 sleeping,   0 stopped,   0 zombie
%Cpu(s):  0.0 us,  0.0 sy,  0.0 ni, 99.9 id,  0.0 wa,  0.0 hi,  0.0 si,  0.0 st
KiB Mem : 65877712 total, 56233920 free,  1594368 used,  8049424 buff/cache
KiB Swap: 33554428 total, 32356176 free,  1198252 used. 63032348 avail Mem 
--
top - 15:29:14 up 112 days,  7:12,  0 users,  load average: 0.27, 0.25, 0.18
Tasks: 407 total,   1 running, 406 sleeping,   0 stopped,   0 zombie
%Cpu(s):  0.0 us,  0.0 sy,  0.0 ni, 99.9 id,  0.0 wa,  0.0 hi,  0.0 si,  0.0 st
KiB Mem : 65877712 total, 56234744 free,  1593540 used,  8049428 buff/cache
KiB Swap: 33554428 total, 32356176 free,  1198252 used. 63033176 avail Mem 
--
top - 15:29:19 up 112 days,  7:12,  0 users,  load average: 0.25, 0.25, 0.18
Tasks: 407 total,   1 running, 406 sleeping,   0 stopped,   0 zombie
%Cpu(s):  0.0 us,  0.0 sy,  0.0 ni, 99.9 id,  0.0 wa,  0.0 hi,  0.0 si,  0.0 st
KiB Mem : 65877712 total, 56234864 free,  1593420 used,  8049428 buff/cache
KiB Swap: 33554428 total, 32356176 free,  1198252 used. 63033296 avail Mem 
--
top - 15:29:24 up 112 days,  7:12,  0 users,  load average: 0.23, 0.24, 0.17
Tasks: 407 total,   1 running, 406 sleeping,   0 stopped,   0 zombie
%Cpu(s):  0.0 us,  0.0 sy,  0.0 ni, 99.9 id,  0.0 wa,  0.0 hi,  0.0 si,  0.0 st
KiB Mem : 65877712 total, 56235052 free,  1593232 used,  8049428 buff/cache
KiB Swap: 33554428 total, 32356176 free,  1198252 used. 63033484 avail Mem 
--
top - 15:29:30 up 112 days,  7:12,  0 users,  load average: 0.21, 0.24, 0.17
Tasks: 407 total,   1 running, 406 sleeping,   0 stopped,   0 zombie
%Cpu(s):  0.1 us,  0.0 sy,  0.0 ni, 99.9 id,  0.0 wa,  0.0 hi,  0.0 si,  0.0 st
KiB Mem : 65877712 total, 56235512 free,  1592772 used,  8049428 buff/cache
KiB Swap: 33554428 total, 32356176 free,  1198252 used. 63033944 avail Mem 
--
top - 15:29:35 up 112 days,  7:12,  0 users,  load average: 0.19, 0.24, 0.17
Tasks: 407 total,   1 running, 406 sleeping,   0 stopped,   0 zombie
%Cpu(s):  0.0 us,  0.0 sy,  0.0 ni, 99.9 id,  0.0 wa,  0.0 hi,  0.0 si,  0.0 st
KiB Mem : 65877712 total, 56235812 free,  1592472 used,  8049428 buff/cache
KiB Swap: 33554428 total, 32356176 free,  1198252 used. 63034244 avail Mem 
--
top - 15:29:40 up 112 days,  7:13,  0 users,  load average: 0.18, 0.23, 0.17
Tasks: 407 total,   1 running, 406 sleeping,   0 stopped,   0 zombie
%Cpu(s):  0.0 us,  0.0 sy,  0.0 ni, 99.9 id,  0.0 wa,  0.0 hi,  0.0 si,  0.0 st
KiB Mem : 65877712 total, 56235932 free,  1592352 used,  8049428 buff/cache
KiB Swap: 33554428 total, 32356176 free,  1198252 used. 63034364 avail Mem 
--
top - 15:29:45 up 112 days,  7:13,  0 users,  load average: 0.16, 0.23, 0.17
Tasks: 407 total,   1 running, 406 sleeping,   0 stopped,   0 zombie
%Cpu(s):  0.0 us,  0.0 sy,  0.0 ni, 99.9 id,  0.0 wa,  0.0 hi,  0.0 si,  0.0 st
KiB Mem : 65877712 total, 56236040 free,  1592244 used,  8049428 buff/cache
KiB Swap: 33554428 total, 32356176 free,  1198252 used. 63034472 avail Mem 
--
top - 15:29:50 up 112 days,  7:13,  0 users,  load average: 0.15, 0.22, 0.17
Tasks: 407 total,   1 running, 406 sleeping,   0 stopped,   0 zombie
%Cpu(s):  0.0 us,  0.0 sy,  0.0 ni, 99.9 id,  0.0 wa,  0.0 hi,  0.0 si,  0.0 st
KiB Mem : 65877712 total, 56235868 free,  1592416 used,  8049428 buff/cache
KiB Swap: 33554428 total, 32356176 free,  1198252 used. 63034300 avail Mem 
--
top - 15:29:55 up 112 days,  7:13,  0 users,  load average: 0.14, 0.22, 0.17
Tasks: 407 total,   2 running, 405 sleeping,   0 stopped,   0 zombie
%Cpu(s):  0.0 us,  0.0 sy,  0.0 ni, 99.9 id,  0.0 wa,  0.0 hi,  0.0 si,  0.0 st
KiB Mem : 65877712 total, 56222740 free,  1605544 used,  8049428 buff/cache
KiB Swap: 33554428 total, 32356176 free,  1198252 used. 63021172 avail Mem 
--
top - 15:30:00 up 112 days,  7:13,  0 users,  load average: 0.13, 0.22, 0.17
Tasks: 414 total,   1 running, 413 sleeping,   0 stopped,   0 zombie
%Cpu(s):  0.3 us,  0.2 sy,  0.0 ni, 99.4 id,  0.1 wa,  0.0 hi,  0.0 si,  0.0 st
KiB Mem : 65877712 total, 56175188 free,  1653096 used,  8049428 buff/cache
KiB Swap: 33554428 total, 32356176 free,  1198252 used. 62973620 avail Mem 
--
top - 15:30:05 up 112 days,  7:13,  0 users,  load average: 0.12, 0.21, 0.17
Tasks: 407 total,   1 running, 406 sleeping,   0 stopped,   0 zombie
%Cpu(s):  0.2 us,  0.2 sy,  0.0 ni, 99.1 id,  0.5 wa,  0.0 hi,  0.0 si,  0.0 st
KiB Mem : 65877712 total, 56111472 free,  1716844 used,  8049396 buff/cache
KiB Swap: 33554428 total, 32356176 free,  1198252 used. 62909920 avail Mem 
--
top - 15:30:10 up 112 days,  7:13,  0 users,  load average: 2.59, 0.72, 0.33
Tasks: 407 total,   1 running, 406 sleeping,   0 stopped,   0 zombie
%Cpu(s):  3.8 us,  0.8 sy,  0.0 ni, 95.3 id,  0.0 wa,  0.0 hi,  0.0 si,  0.0 st
KiB Mem : 65877712 total, 53672376 free,  4155884 used,  8049452 buff/cache
KiB Swap: 33554428 total, 32356176 free,  1198252 used. 60470828 avail Mem 
--
top - 15:30:15 up 112 days,  7:13,  0 users,  load average: 2.46, 0.73, 0.34
Tasks: 407 total,   1 running, 406 sleeping,   0 stopped,   0 zombie
%Cpu(s):  3.1 us,  0.0 sy,  0.0 ni, 96.9 id,  0.0 wa,  0.0 hi,  0.0 si,  0.0 st
KiB Mem : 65877712 total, 53670776 free,  4157484 used,  8049452 buff/cache
KiB Swap: 33554428 total, 32356176 free,  1198252 used. 60469224 avail Mem 
--
top - 15:30:20 up 112 days,  7:13,  0 users,  load average: 2.35, 0.73, 0.34
Tasks: 407 total,   1 running, 406 sleeping,   0 stopped,   0 zombie
%Cpu(s):  3.1 us,  0.0 sy,  0.0 ni, 96.9 id,  0.0 wa,  0.0 hi,  0.0 si,  0.0 st
KiB Mem : 65877712 total, 53671288 free,  4156972 used,  8049452 buff/cache
KiB Swap: 33554428 total, 32356176 free,  1198252 used. 60469736 avail Mem 
--
top - 15:30:25 up 112 days,  7:13,  0 users,  load average: 2.24, 0.74, 0.34
Tasks: 407 total,   1 running, 406 sleeping,   0 stopped,   0 zombie
%Cpu(s):  2.9 us,  0.0 sy,  0.0 ni, 97.1 id,  0.0 wa,  0.0 hi,  0.0 si,  0.0 st
KiB Mem : 65877712 total, 55296264 free,  2531996 used,  8049452 buff/cache
KiB Swap: 33554428 total, 32356176 free,  1198252 used. 62094712 avail Mem 
--
top - 15:30:30 up 112 days,  7:13,  0 users,  load average: 2.06, 0.72, 0.34
Tasks: 407 total,   1 running, 406 sleeping,   0 stopped,   0 zombie
%Cpu(s):  0.1 us,  0.1 sy,  0.0 ni, 99.8 id,  0.0 wa,  0.0 hi,  0.0 si,  0.0 st
KiB Mem : 65877712 total, 55909288 free,  1918972 used,  8049452 buff/cache
KiB Swap: 33554428 total, 32356176 free,  1198252 used. 62707740 avail Mem 
--
top - 15:30:35 up 112 days,  7:13,  0 users,  load average: 1.89, 0.71, 0.34
Tasks: 407 total,   1 running, 406 sleeping,   0 stopped,   0 zombie
%Cpu(s):  0.1 us,  0.0 sy,  0.0 ni, 99.9 id,  0.0 wa,  0.0 hi,  0.0 si,  0.0 st
KiB Mem : 65877712 total, 55911492 free,  1916768 used,  8049452 buff/cache
KiB Swap: 33554428 total, 32356176 free,  1198252 used. 62709944 avail Mem 
--
top - 15:30:40 up 112 days,  7:14,  0 users,  load average: 1.74, 0.70, 0.34
Tasks: 407 total,   1 running, 406 sleeping,   0 stopped,   0 zombie
%Cpu(s):  0.0 us,  0.0 sy,  0.0 ni, 99.9 id,  0.0 wa,  0.0 hi,  0.0 si,  0.0 st
KiB Mem : 65877712 total, 55912300 free,  1915960 used,  8049452 buff/cache
KiB Swap: 33554428 total, 32356176 free,  1198252 used. 62710752 avail Mem 
--
top - 15:30:45 up 112 days,  7:14,  0 users,  load average: 1.60, 0.69, 0.33
Tasks: 407 total,   1 running, 406 sleeping,   0 stopped,   0 zombie
%Cpu(s):  0.0 us,  0.0 sy,  0.0 ni, 99.9 id,  0.0 wa,  0.0 hi,  0.0 si,  0.0 st
KiB Mem : 65877712 total, 55912672 free,  1915588 used,  8049452 buff/cache
KiB Swap: 33554428 total, 32356176 free,  1198252 used. 62711124 avail Mem 
--
top - 15:30:50 up 112 days,  7:14,  0 users,  load average: 1.47, 0.68, 0.33
Tasks: 407 total,   1 running, 406 sleeping,   0 stopped,   0 zombie
%Cpu(s):  0.0 us,  0.0 sy,  0.0 ni, 99.9 id,  0.0 wa,  0.0 hi,  0.0 si,  0.0 st
KiB Mem : 65877712 total, 55913760 free,  1914500 used,  8049452 buff/cache
KiB Swap: 33554428 total, 32356176 free,  1198252 used. 62712212 avail Mem 
--
top - 15:30:55 up 112 days,  7:14,  0 users,  load average: 1.36, 0.67, 0.33
Tasks: 407 total,   1 running, 406 sleeping,   0 stopped,   0 zombie
%Cpu(s):  0.1 us,  0.0 sy,  0.0 ni, 99.9 id,  0.0 wa,  0.0 hi,  0.0 si,  0.0 st
KiB Mem : 65877712 total, 55915152 free,  1913108 used,  8049452 buff/cache
KiB Swap: 33554428 total, 32356176 free,  1198252 used. 62713604 avail Mem 
--
top - 15:31:00 up 112 days,  7:14,  0 users,  load average: 1.25, 0.66, 0.33
Tasks: 407 total,   1 running, 406 sleeping,   0 stopped,   0 zombie
%Cpu(s):  0.0 us,  0.0 sy,  0.0 ni, 99.9 id,  0.0 wa,  0.0 hi,  0.0 si,  0.0 st
KiB Mem : 65877712 total, 55914260 free,  1913996 used,  8049456 buff/cache
KiB Swap: 33554428 total, 32356176 free,  1198252 used. 62712716 avail Mem 
--
top - 15:31:05 up 112 days,  7:14,  0 users,  load average: 1.15, 0.64, 0.33
Tasks: 407 total,   1 running, 406 sleeping,   0 stopped,   0 zombie
%Cpu(s):  0.0 us,  0.0 sy,  0.0 ni, 99.9 id,  0.0 wa,  0.0 hi,  0.0 si,  0.0 st
KiB Mem : 65877712 total, 55915444 free,  1912812 used,  8049456 buff/cache
KiB Swap: 33554428 total, 32356176 free,  1198252 used. 62713900 avail Mem 
--
top - 15:31:10 up 112 days,  7:14,  0 users,  load average: 1.06, 0.63, 0.32
Tasks: 407 total,   1 running, 406 sleeping,   0 stopped,   0 zombie
%Cpu(s):  0.1 us,  0.0 sy,  0.0 ni, 99.9 id,  0.0 wa,  0.0 hi,  0.0 si,  0.0 st
KiB Mem : 65877712 total, 55916284 free,  1911972 used,  8049456 buff/cache
KiB Swap: 33554428 total, 32356176 free,  1198252 used. 62714740 avail Mem 
--
top - 15:31:15 up 112 days,  7:14,  0 users,  load average: 0.97, 0.62, 0.32
Tasks: 407 total,   2 running, 405 sleeping,   0 stopped,   0 zombie
%Cpu(s):  0.0 us,  0.0 sy,  0.0 ni, 99.9 id,  0.0 wa,  0.0 hi,  0.0 si,  0.0 st
KiB Mem : 65877712 total, 55916204 free,  1912052 used,  8049456 buff/cache
KiB Swap: 33554428 total, 32356176 free,  1198252 used. 62714660 avail Mem 
--
top - 15:31:20 up 112 days,  7:14,  0 users,  load average: 0.89, 0.61, 0.32
Tasks: 407 total,   1 running, 406 sleeping,   0 stopped,   0 zombie
%Cpu(s):  0.0 us,  0.0 sy,  0.0 ni, 99.9 id,  0.0 wa,  0.0 hi,  0.0 si,  0.0 st
KiB Mem : 65877712 total, 55916376 free,  1911880 used,  8049456 buff/cache
KiB Swap: 33554428 total, 32356176 free,  1198252 used. 62714832 avail Mem 
--
top - 15:31:25 up 112 days,  7:14,  0 users,  load average: 0.82, 0.60, 0.32
Tasks: 407 total,   1 running, 406 sleeping,   0 stopped,   0 zombie
%Cpu(s):  0.0 us,  0.0 sy,  0.0 ni, 99.9 id,  0.0 wa,  0.0 hi,  0.0 si,  0.0 st
KiB Mem : 65877712 total, 55916808 free,  1911448 used,  8049456 buff/cache
KiB Swap: 33554428 total, 32356176 free,  1198252 used. 62715264 avail Mem 
--
top - 15:31:30 up 112 days,  7:14,  0 users,  load average: 0.76, 0.59, 0.32
Tasks: 406 total,   1 running, 405 sleeping,   0 stopped,   0 zombie
%Cpu(s):  0.1 us,  0.0 sy,  0.0 ni, 99.9 id,  0.0 wa,  0.0 hi,  0.0 si,  0.0 st
KiB Mem : 65877712 total, 55916988 free,  1911268 used,  8049456 buff/cache
KiB Swap: 33554428 total, 32356176 free,  1198252 used. 62715444 avail Mem 
--
top - 15:31:35 up 112 days,  7:14,  0 users,  load average: 0.70, 0.58, 0.32
Tasks: 401 total,   1 running, 400 sleeping,   0 stopped,   0 zombie
%Cpu(s):  0.1 us,  0.0 sy,  0.0 ni, 99.9 id,  0.0 wa,  0.0 hi,  0.0 si,  0.0 st
KiB Mem : 65877712 total, 55918344 free,  1909912 used,  8049456 buff/cache
KiB Swap: 33554428 total, 32356176 free,  1198252 used. 62716800 avail Mem 
--
top - 15:31:40 up 112 days,  7:15,  0 users,  load average: 0.64, 0.57, 0.31
Tasks: 401 total,   1 running, 400 sleeping,   0 stopped,   0 zombie
%Cpu(s):  0.1 us,  0.0 sy,  0.0 ni, 99.9 id,  0.0 wa,  0.0 hi,  0.0 si,  0.0 st
KiB Mem : 65877712 total, 55918212 free,  1910044 used,  8049456 buff/cache
KiB Swap: 33554428 total, 32356176 free,  1198252 used. 62716668 avail Mem 
--
top - 15:31:45 up 112 days,  7:15,  0 users,  load average: 0.59, 0.56, 0.31
Tasks: 401 total,   1 running, 400 sleeping,   0 stopped,   0 zombie
%Cpu(s):  0.0 us,  0.0 sy,  0.0 ni, 99.9 id,  0.0 wa,  0.0 hi,  0.0 si,  0.0 st
KiB Mem : 65877712 total, 55909628 free,  1918628 used,  8049456 buff/cache
KiB Swap: 33554428 total, 32356176 free,  1198252 used. 62708084 avail Mem 
--
top - 15:31:50 up 112 days,  7:15,  0 users,  load average: 0.54, 0.55, 0.31
Tasks: 401 total,   1 running, 400 sleeping,   0 stopped,   0 zombie
%Cpu(s):  0.1 us,  0.2 sy,  0.0 ni, 99.7 id,  0.0 wa,  0.0 hi,  0.0 si,  0.0 st
KiB Mem : 65877712 total, 55726940 free,  2101316 used,  8049456 buff/cache
KiB Swap: 33554428 total, 32356176 free,  1198252 used. 62525396 avail Mem 
--
top - 15:31:55 up 112 days,  7:15,  0 users,  load average: 0.50, 0.55, 0.31
Tasks: 400 total,   1 running, 399 sleeping,   0 stopped,   0 zombie
%Cpu(s):  0.4 us,  0.4 sy,  0.0 ni, 99.1 id,  0.0 wa,  0.0 hi,  0.0 si,  0.0 st
KiB Mem : 65877712 total, 55115848 free,  2712404 used,  8049460 buff/cache
KiB Swap: 33554428 total, 32356176 free,  1198252 used. 61914308 avail Mem 
--
top - 15:32:00 up 112 days,  7:15,  0 users,  load average: 0.46, 0.54, 0.31
Tasks: 403 total,   1 running, 402 sleeping,   0 stopped,   0 zombie
%Cpu(s):  0.4 us,  0.2 sy,  0.0 ni, 98.9 id,  0.4 wa,  0.0 hi,  0.0 si,  0.0 st
KiB Mem : 65877712 total, 55083364 free,  2744888 used,  8049460 buff/cache
KiB Swap: 33554428 total, 32356176 free,  1198252 used. 61881824 avail Mem 
--
top - 15:32:05 up 112 days,  7:15,  0 users,  load average: 0.42, 0.53, 0.31
Tasks: 400 total,   1 running, 399 sleeping,   0 stopped,   0 zombie
%Cpu(s):  0.3 us,  0.2 sy,  0.0 ni, 99.2 id,  0.3 wa,  0.0 hi,  0.0 si,  0.0 st
KiB Mem : 65877712 total, 54912564 free,  2915696 used,  8049452 buff/cache
KiB Swap: 33554428 total, 32356176 free,  1198252 used. 61711020 avail Mem 
--
top - 15:32:10 up 112 days,  7:15,  0 users,  load average: 0.71, 0.58, 0.33
Tasks: 400 total,   1 running, 399 sleeping,   0 stopped,   0 zombie
%Cpu(s): 13.3 us,  1.3 sy,  0.0 ni, 85.4 id,  0.0 wa,  0.0 hi,  0.0 si,  0.0 st
KiB Mem : 65877712 total, 49962952 free,  7865308 used,  8049452 buff/cache
KiB Swap: 33554428 total, 32356176 free,  1198252 used. 56761408 avail Mem 
--
top - 15:32:15 up 112 days,  7:15,  0 users,  load average: 0.81, 0.61, 0.34
Tasks: 400 total,   1 running, 399 sleeping,   0 stopped,   0 zombie
%Cpu(s):  9.4 us,  0.0 sy,  0.0 ni, 90.6 id,  0.0 wa,  0.0 hi,  0.0 si,  0.0 st
KiB Mem : 65877712 total, 49963372 free,  7864888 used,  8049452 buff/cache
KiB Swap: 33554428 total, 32356176 free,  1198252 used. 56761828 avail Mem 
--
top - 15:32:20 up 112 days,  7:15,  0 users,  load average: 0.99, 0.65, 0.35
Tasks: 400 total,   1 running, 399 sleeping,   0 stopped,   0 zombie
%Cpu(s):  9.1 us,  0.0 sy,  0.0 ni, 90.9 id,  0.0 wa,  0.0 hi,  0.0 si,  0.0 st
KiB Mem : 65877712 total, 51184700 free,  6643560 used,  8049452 buff/cache
KiB Swap: 33554428 total, 32356176 free,  1198252 used. 57983156 avail Mem 
--
top - 15:32:25 up 112 days,  7:15,  0 users,  load average: 0.91, 0.64, 0.35
Tasks: 399 total,   1 running, 398 sleeping,   0 stopped,   0 zombie
%Cpu(s):  1.1 us,  0.2 sy,  0.0 ni, 98.7 id,  0.0 wa,  0.0 hi,  0.0 si,  0.0 st
KiB Mem : 65877712 total, 55242088 free,  2586172 used,  8049452 buff/cache
KiB Swap: 33554428 total, 32356176 free,  1198252 used. 62040544 avail Mem 
--
top - 15:32:30 up 112 days,  7:15,  0 users,  load average: 0.83, 0.63, 0.35
Tasks: 399 total,   1 running, 398 sleeping,   0 stopped,   0 zombie
%Cpu(s):  0.1 us,  0.0 sy,  0.0 ni, 99.9 id,  0.0 wa,  0.0 hi,  0.0 si,  0.0 st
KiB Mem : 65877712 total, 55244152 free,  2584108 used,  8049452 buff/cache
KiB Swap: 33554428 total, 32356176 free,  1198252 used. 62042608 avail Mem 
--
top - 15:32:35 up 112 days,  7:15,  0 users,  load average: 0.77, 0.62, 0.34
Tasks: 397 total,   1 running, 396 sleeping,   0 stopped,   0 zombie
%Cpu(s):  0.1 us,  0.0 sy,  0.0 ni, 99.9 id,  0.0 wa,  0.0 hi,  0.0 si,  0.0 st
KiB Mem : 65877712 total, 55245796 free,  2582464 used,  8049452 buff/cache
KiB Swap: 33554428 total, 32356176 free,  1198252 used. 62044252 avail Mem 
--
top - 15:32:40 up 112 days,  7:16,  0 users,  load average: 0.71, 0.61, 0.34
Tasks: 397 total,   1 running, 396 sleeping,   0 stopped,   0 zombie
%Cpu(s):  0.0 us,  0.0 sy,  0.0 ni, 99.9 id,  0.0 wa,  0.0 hi,  0.0 si,  0.0 st
KiB Mem : 65877712 total, 55247200 free,  2581060 used,  8049452 buff/cache
KiB Swap: 33554428 total, 32356176 free,  1198252 used. 62045656 avail Mem 
--
top - 15:32:45 up 112 days,  7:16,  0 users,  load average: 0.65, 0.60, 0.34
Tasks: 397 total,   1 running, 396 sleeping,   0 stopped,   0 zombie
%Cpu(s):  0.0 us,  0.0 sy,  0.0 ni, 99.9 id,  0.0 wa,  0.0 hi,  0.0 si,  0.0 st
KiB Mem : 65877712 total, 55248356 free,  2579904 used,  8049452 buff/cache
KiB Swap: 33554428 total, 32356176 free,  1198252 used. 62046812 avail Mem 
--
top - 15:32:50 up 112 days,  7:16,  0 users,  load average: 0.60, 0.59, 0.34
Tasks: 397 total,   1 running, 396 sleeping,   0 stopped,   0 zombie
%Cpu(s):  0.1 us,  0.0 sy,  0.0 ni, 99.9 id,  0.0 wa,  0.0 hi,  0.0 si,  0.0 st
KiB Mem : 65877712 total, 55249232 free,  2579024 used,  8049456 buff/cache
KiB Swap: 33554428 total, 32356176 free,  1198252 used. 62047692 avail Mem 
--
top - 15:32:55 up 112 days,  7:16,  0 users,  load average: 0.55, 0.58, 0.34
Tasks: 397 total,   1 running, 396 sleeping,   0 stopped,   0 zombie
%Cpu(s):  0.0 us,  0.0 sy,  0.0 ni, 99.9 id,  0.0 wa,  0.0 hi,  0.0 si,  0.0 st
KiB Mem : 65877712 total, 55248204 free,  2580052 used,  8049456 buff/cache
KiB Swap: 33554428 total, 32356176 free,  1198252 used. 62046664 avail Mem 
--
top - 15:33:00 up 112 days,  7:16,  0 users,  load average: 0.51, 0.57, 0.33
Tasks: 397 total,   1 running, 396 sleeping,   0 stopped,   0 zombie
%Cpu(s):  0.1 us,  0.1 sy,  0.0 ni, 99.9 id,  0.0 wa,  0.0 hi,  0.0 si,  0.0 st
KiB Mem : 65877712 total, 55248560 free,  2579696 used,  8049456 buff/cache
KiB Swap: 33554428 total, 32356176 free,  1198252 used. 62047020 avail Mem 
--
top - 15:33:05 up 112 days,  7:16,  0 users,  load average: 0.47, 0.56, 0.33
Tasks: 397 total,   1 running, 396 sleeping,   0 stopped,   0 zombie
%Cpu(s):  0.0 us,  0.0 sy,  0.0 ni, 99.9 id,  0.0 wa,  0.0 hi,  0.0 si,  0.0 st
KiB Mem : 65877712 total, 55243636 free,  2584620 used,  8049456 buff/cache
KiB Swap: 33554428 total, 32356176 free,  1198252 used. 62042096 avail Mem 
--
top - 15:33:10 up 112 days,  7:16,  0 users,  load average: 0.43, 0.55, 0.33
Tasks: 397 total,   1 running, 396 sleeping,   0 stopped,   0 zombie
%Cpu(s):  0.1 us,  0.0 sy,  0.0 ni, 99.9 id,  0.0 wa,  0.0 hi,  0.0 si,  0.0 st
KiB Mem : 65877712 total, 55243680 free,  2584576 used,  8049456 buff/cache
KiB Swap: 33554428 total, 32356176 free,  1198252 used. 62042140 avail Mem 
--
top - 15:33:15 up 112 days,  7:16,  0 users,  load average: 0.39, 0.54, 0.33
Tasks: 397 total,   1 running, 396 sleeping,   0 stopped,   0 zombie
%Cpu(s):  0.1 us,  0.0 sy,  0.0 ni, 99.9 id,  0.0 wa,  0.0 hi,  0.0 si,  0.0 st
KiB Mem : 65877712 total, 55236744 free,  2591512 used,  8049456 buff/cache
KiB Swap: 33554428 total, 32356176 free,  1198252 used. 62035204 avail Mem 
--
top - 15:33:20 up 112 days,  7:16,  0 users,  load average: 0.36, 0.53, 0.33
Tasks: 397 total,   2 running, 395 sleeping,   0 stopped,   0 zombie
%Cpu(s):  0.1 us,  0.0 sy,  0.0 ni, 99.9 id,  0.0 wa,  0.0 hi,  0.0 si,  0.0 st
KiB Mem : 65877712 total, 55236920 free,  2591336 used,  8049456 buff/cache
KiB Swap: 33554428 total, 32356176 free,  1198252 used. 62035380 avail Mem 
--
top - 15:33:25 up 112 days,  7:16,  0 users,  load average: 0.33, 0.52, 0.32
Tasks: 397 total,   1 running, 396 sleeping,   0 stopped,   0 zombie
%Cpu(s):  0.0 us,  0.0 sy,  0.0 ni, 99.9 id,  0.0 wa,  0.0 hi,  0.0 si,  0.0 st
KiB Mem : 65877712 total, 55223220 free,  2605036 used,  8049456 buff/cache
KiB Swap: 33554428 total, 32356176 free,  1198252 used. 62021680 avail Mem 
--
top - 15:33:30 up 112 days,  7:16,  0 users,  load average: 0.31, 0.51, 0.32
Tasks: 397 total,   1 running, 396 sleeping,   0 stopped,   0 zombie
%Cpu(s):  0.0 us,  0.0 sy,  0.0 ni, 99.9 id,  0.0 wa,  0.0 hi,  0.0 si,  0.0 st
KiB Mem : 65877712 total, 55223756 free,  2604500 used,  8049456 buff/cache
KiB Swap: 33554428 total, 32356176 free,  1198252 used. 62022216 avail Mem 
--
top - 15:33:35 up 112 days,  7:16,  0 users,  load average: 0.28, 0.50, 0.32
Tasks: 397 total,   1 running, 396 sleeping,   0 stopped,   0 zombie
%Cpu(s):  0.0 us,  0.0 sy,  0.0 ni, 99.9 id,  0.0 wa,  0.0 hi,  0.0 si,  0.0 st
KiB Mem : 65877712 total, 55216192 free,  2612064 used,  8049456 buff/cache
KiB Swap: 33554428 total, 32356176 free,  1198252 used. 62014652 avail Mem 
--
top - 15:33:41 up 112 days,  7:17,  0 users,  load average: 0.26, 0.50, 0.32
Tasks: 397 total,   1 running, 396 sleeping,   0 stopped,   0 zombie
%Cpu(s):  0.0 us,  0.0 sy,  0.0 ni, 99.9 id,  0.0 wa,  0.0 hi,  0.0 si,  0.0 st
KiB Mem : 65877712 total, 55198836 free,  2629416 used,  8049460 buff/cache
KiB Swap: 33554428 total, 32356176 free,  1198252 used. 61997296 avail Mem 
--
top - 15:33:46 up 112 days,  7:17,  0 users,  load average: 0.32, 0.50, 0.32
Tasks: 397 total,   1 running, 396 sleeping,   0 stopped,   0 zombie
%Cpu(s):  0.3 us,  0.3 sy,  0.0 ni, 99.4 id,  0.0 wa,  0.0 hi,  0.0 si,  0.0 st
KiB Mem : 65877712 total, 54820948 free,  3007304 used,  8049460 buff/cache
KiB Swap: 33554428 total, 32356176 free,  1198252 used. 61619408 avail Mem 
--
top - 15:33:51 up 112 days,  7:17,  0 users,  load average: 0.29, 0.50, 0.32
Tasks: 397 total,   1 running, 396 sleeping,   0 stopped,   0 zombie
%Cpu(s):  0.0 us,  0.0 sy,  0.0 ni,100.0 id,  0.0 wa,  0.0 hi,  0.0 si,  0.0 st
KiB Mem : 65877712 total, 54814204 free,  3014048 used,  8049460 buff/cache
KiB Swap: 33554428 total, 32356176 free,  1198252 used. 61612664 avail Mem 
--
top - 15:33:56 up 112 days,  7:17,  0 users,  load average: 0.27, 0.49, 0.32
Tasks: 397 total,   1 running, 396 sleeping,   0 stopped,   0 zombie
%Cpu(s):  4.8 us,  0.3 sy,  0.0 ni, 94.9 id,  0.0 wa,  0.0 hi,  0.0 si,  0.0 st
KiB Mem : 65877712 total, 53549848 free,  4278404 used,  8049460 buff/cache
KiB Swap: 33554428 total, 32356176 free,  1198252 used. 60348308 avail Mem 
--
top - 15:34:01 up 112 days,  7:17,  0 users,  load average: 0.33, 0.50, 0.32
Tasks: 397 total,   1 running, 396 sleeping,   0 stopped,   0 zombie
%Cpu(s):  3.5 us,  0.2 sy,  0.0 ni, 95.6 id,  0.6 wa,  0.0 hi,  0.0 si,  0.0 st
KiB Mem : 65877712 total, 53539460 free,  4288792 used,  8049460 buff/cache
KiB Swap: 33554428 total, 32356176 free,  1198252 used. 60337924 avail Mem 
--
top - 15:34:06 up 112 days,  7:17,  0 users,  load average: 0.38, 0.50, 0.33
Tasks: 397 total,   1 running, 396 sleeping,   0 stopped,   0 zombie
%Cpu(s):  2.3 us,  0.1 sy,  0.0 ni, 97.6 id,  0.0 wa,  0.0 hi,  0.0 si,  0.0 st
KiB Mem : 65877712 total, 54991868 free,  2836384 used,  8049460 buff/cache
KiB Swap: 33554428 total, 32356176 free,  1198252 used. 61790332 avail Mem 
--
top - 15:34:11 up 112 days,  7:17,  0 users,  load average: 0.35, 0.50, 0.32
Tasks: 398 total,   1 running, 397 sleeping,   0 stopped,   0 zombie
%Cpu(s):  0.1 us,  0.0 sy,  0.0 ni, 99.9 id,  0.0 wa,  0.0 hi,  0.0 si,  0.0 st
KiB Mem : 65877712 total, 54993092 free,  2835160 used,  8049460 buff/cache
KiB Swap: 33554428 total, 32356176 free,  1198252 used. 61791556 avail Mem 
--
top - 15:34:16 up 112 days,  7:17,  0 users,  load average: 0.32, 0.49, 0.32
Tasks: 398 total,   1 running, 397 sleeping,   0 stopped,   0 zombie
%Cpu(s):  0.0 us,  0.0 sy,  0.0 ni, 99.9 id,  0.0 wa,  0.0 hi,  0.0 si,  0.0 st
KiB Mem : 65877712 total, 54995188 free,  2833064 used,  8049460 buff/cache
KiB Swap: 33554428 total, 32356176 free,  1198252 used. 61793652 avail Mem 
--
top - 15:34:21 up 112 days,  7:17,  0 users,  load average: 0.30, 0.48, 0.32
Tasks: 398 total,   1 running, 397 sleeping,   0 stopped,   0 zombie
%Cpu(s):  0.1 us,  0.0 sy,  0.0 ni, 99.9 id,  0.0 wa,  0.0 hi,  0.0 si,  0.0 st
KiB Mem : 65877712 total, 54996864 free,  2831388 used,  8049460 buff/cache
KiB Swap: 33554428 total, 32356176 free,  1198252 used. 61795328 avail Mem 
--
top - 15:34:26 up 112 days,  7:17,  0 users,  load average: 0.27, 0.47, 0.32
Tasks: 398 total,   1 running, 397 sleeping,   0 stopped,   0 zombie
%Cpu(s):  0.0 us,  0.0 sy,  0.0 ni, 99.9 id,  0.0 wa,  0.0 hi,  0.0 si,  0.0 st
KiB Mem : 65877712 total, 54995948 free,  2832304 used,  8049460 buff/cache
KiB Swap: 33554428 total, 32356176 free,  1198252 used. 61794412 avail Mem 
--
top - 15:34:31 up 112 days,  7:17,  0 users,  load average: 0.25, 0.46, 0.32
Tasks: 398 total,   1 running, 397 sleeping,   0 stopped,   0 zombie
%Cpu(s):  0.1 us,  0.0 sy,  0.0 ni, 99.9 id,  0.0 wa,  0.0 hi,  0.0 si,  0.0 st
KiB Mem : 65877712 total, 54997544 free,  2830708 used,  8049460 buff/cache
KiB Swap: 33554428 total, 32356176 free,  1198252 used. 61796008 avail Mem 
--
top - 15:34:36 up 112 days,  7:17,  0 users,  load average: 0.23, 0.46, 0.31
Tasks: 398 total,   1 running, 397 sleeping,   0 stopped,   0 zombie
%Cpu(s):  0.1 us,  0.0 sy,  0.0 ni, 99.9 id,  0.0 wa,  0.0 hi,  0.0 si,  0.0 st
KiB Mem : 65877712 total, 54998792 free,  2829456 used,  8049464 buff/cache
KiB Swap: 33554428 total, 32356176 free,  1198252 used. 61797260 avail Mem 
--
top - 15:34:41 up 112 days,  7:18,  0 users,  load average: 0.21, 0.45, 0.31
Tasks: 398 total,   1 running, 397 sleeping,   0 stopped,   0 zombie
%Cpu(s):  0.1 us,  0.0 sy,  0.0 ni, 99.9 id,  0.0 wa,  0.0 hi,  0.0 si,  0.0 st
KiB Mem : 65877712 total, 54998944 free,  2829304 used,  8049464 buff/cache
KiB Swap: 33554428 total, 32356176 free,  1198252 used. 61797412 avail Mem 
--
top - 15:34:46 up 112 days,  7:18,  0 users,  load average: 0.20, 0.44, 0.31
Tasks: 398 total,   1 running, 397 sleeping,   0 stopped,   0 zombie
%Cpu(s):  0.1 us,  0.0 sy,  0.0 ni, 99.9 id,  0.0 wa,  0.0 hi,  0.0 si,  0.0 st
KiB Mem : 65877712 total, 54999956 free,  2828292 used,  8049464 buff/cache
KiB Swap: 33554428 total, 32356176 free,  1198252 used. 61798424 avail Mem 
--
top - 15:34:51 up 112 days,  7:18,  0 users,  load average: 0.18, 0.43, 0.31
Tasks: 398 total,   1 running, 397 sleeping,   0 stopped,   0 zombie
%Cpu(s):  0.1 us,  0.0 sy,  0.0 ni, 99.9 id,  0.0 wa,  0.0 hi,  0.0 si,  0.0 st
KiB Mem : 65877712 total, 54999708 free,  2828540 used,  8049464 buff/cache
KiB Swap: 33554428 total, 32356176 free,  1198252 used. 61798176 avail Mem 
--
top - 15:34:56 up 112 days,  7:18,  0 users,  load average: 0.17, 0.43, 0.31
Tasks: 398 total,   1 running, 397 sleeping,   0 stopped,   0 zombie
%Cpu(s):  0.1 us,  0.0 sy,  0.0 ni, 99.9 id,  0.0 wa,  0.0 hi,  0.0 si,  0.0 st
KiB Mem : 65877712 total, 55000096 free,  2828152 used,  8049464 buff/cache
KiB Swap: 33554428 total, 32356176 free,  1198252 used. 61798564 avail Mem 
--
top - 15:35:01 up 112 days,  7:18,  0 users,  load average: 0.15, 0.42, 0.31
Tasks: 399 total,   1 running, 398 sleeping,   0 stopped,   0 zombie
%Cpu(s):  0.1 us,  0.0 sy,  0.0 ni, 99.9 id,  0.0 wa,  0.0 hi,  0.0 si,  0.0 st
KiB Mem : 65877712 total, 55000624 free,  2827624 used,  8049464 buff/cache
KiB Swap: 33554428 total, 32356176 free,  1198252 used. 61799092 avail Mem 
--
top - 15:35:06 up 112 days,  7:18,  0 users,  load average: 0.14, 0.41, 0.31
Tasks: 399 total,   1 running, 398 sleeping,   0 stopped,   0 zombie
%Cpu(s):  0.1 us,  0.0 sy,  0.0 ni, 99.9 id,  0.0 wa,  0.0 hi,  0.0 si,  0.0 st
KiB Mem : 65877712 total, 55001548 free,  2826700 used,  8049464 buff/cache
KiB Swap: 33554428 total, 32356176 free,  1198252 used. 61800016 avail Mem 
--
top - 15:35:11 up 112 days,  7:18,  0 users,  load average: 0.13, 0.41, 0.30
Tasks: 399 total,   1 running, 398 sleeping,   0 stopped,   0 zombie
%Cpu(s):  0.0 us,  0.0 sy,  0.0 ni, 99.9 id,  0.0 wa,  0.0 hi,  0.0 si,  0.0 st
KiB Mem : 65877712 total, 55001752 free,  2826496 used,  8049464 buff/cache
KiB Swap: 33554428 total, 32356176 free,  1198252 used. 61800220 avail Mem 
--
top - 15:35:16 up 112 days,  7:18,  0 users,  load average: 0.12, 0.40, 0.30
Tasks: 399 total,   1 running, 398 sleeping,   0 stopped,   0 zombie
%Cpu(s):  0.0 us,  0.0 sy,  0.0 ni, 99.9 id,  0.0 wa,  0.0 hi,  0.0 si,  0.0 st
KiB Mem : 65877712 total, 55001656 free,  2826592 used,  8049464 buff/cache
KiB Swap: 33554428 total, 32356176 free,  1198252 used. 61800124 avail Mem 
--
top - 15:35:21 up 112 days,  7:18,  0 users,  load average: 0.11, 0.39, 0.30
Tasks: 399 total,   1 running, 398 sleeping,   0 stopped,   0 zombie
%Cpu(s):  0.0 us,  0.0 sy,  0.0 ni, 99.9 id,  0.0 wa,  0.0 hi,  0.0 si,  0.0 st
KiB Mem : 65877712 total, 55002028 free,  2826220 used,  8049464 buff/cache
KiB Swap: 33554428 total, 32356176 free,  1198252 used. 61800496 avail Mem 
--
top - 15:35:26 up 112 days,  7:18,  0 users,  load average: 0.10, 0.39, 0.30
Tasks: 399 total,   1 running, 398 sleeping,   0 stopped,   0 zombie
%Cpu(s):  0.0 us,  0.0 sy,  0.0 ni, 99.9 id,  0.0 wa,  0.0 hi,  0.0 si,  0.0 st
KiB Mem : 65877712 total, 55001780 free,  2826468 used,  8049464 buff/cache
KiB Swap: 33554428 total, 32356176 free,  1198252 used. 61800248 avail Mem 
--
top - 15:35:31 up 112 days,  7:18,  0 users,  load average: 0.09, 0.38, 0.30
Tasks: 399 total,   1 running, 398 sleeping,   0 stopped,   0 zombie
%Cpu(s):  0.3 us,  0.2 sy,  0.0 ni, 99.5 id,  0.0 wa,  0.0 hi,  0.0 si,  0.0 st
KiB Mem : 65877712 total, 54742408 free,  3085836 used,  8049468 buff/cache
KiB Swap: 33554428 total, 32356176 free,  1198252 used. 61540880 avail Mem 
--
top - 15:35:36 up 112 days,  7:18,  0 users,  load average: 0.09, 0.37, 0.30
Tasks: 399 total,   1 running, 398 sleeping,   0 stopped,   0 zombie
%Cpu(s):  0.2 us,  0.2 sy,  0.0 ni, 99.5 id,  0.0 wa,  0.0 hi,  0.0 si,  0.0 st
KiB Mem : 65877712 total, 54293076 free,  3535168 used,  8049468 buff/cache
KiB Swap: 33554428 total, 32356176 free,  1198252 used. 61091548 avail Mem 
--
top - 15:35:41 up 112 days,  7:19,  0 users,  load average: 0.08, 0.37, 0.30
Tasks: 399 total,   1 running, 398 sleeping,   0 stopped,   0 zombie
%Cpu(s):  0.3 us,  0.2 sy,  0.0 ni, 99.5 id,  0.0 wa,  0.0 hi,  0.0 si,  0.0 st
KiB Mem : 65877712 total, 54211584 free,  3616660 used,  8049468 buff/cache
KiB Swap: 33554428 total, 32356176 free,  1198252 used. 61010056 avail Mem 
--
top - 15:35:46 up 112 days,  7:19,  0 users,  load average: 0.07, 0.36, 0.29
Tasks: 399 total,   1 running, 398 sleeping,   0 stopped,   0 zombie
%Cpu(s):  0.3 us,  0.2 sy,  0.0 ni, 99.4 id,  0.0 wa,  0.0 hi,  0.0 si,  0.0 st
KiB Mem : 65877712 total, 53854140 free,  3974104 used,  8049468 buff/cache
KiB Swap: 33554428 total, 32356176 free,  1198252 used. 60652612 avail Mem 
--
top - 15:35:51 up 112 days,  7:19,  0 users,  load average: 0.23, 0.39, 0.30
Tasks: 399 total,   1 running, 398 sleeping,   0 stopped,   0 zombie
%Cpu(s):  8.1 us,  0.9 sy,  0.0 ni, 91.0 id,  0.0 wa,  0.0 hi,  0.0 si,  0.0 st
KiB Mem : 65877712 total, 49592248 free,  8235996 used,  8049468 buff/cache
KiB Swap: 33554428 total, 32356176 free,  1198252 used. 56390720 avail Mem 
--
top - 15:35:56 up 112 days,  7:19,  0 users,  load average: 0.37, 0.41, 0.31
Tasks: 399 total,   1 running, 398 sleeping,   0 stopped,   0 zombie
%Cpu(s):  9.4 us,  0.0 sy,  0.0 ni, 90.6 id,  0.0 wa,  0.0 hi,  0.0 si,  0.0 st
KiB Mem : 65877712 total, 49591832 free,  8236412 used,  8049468 buff/cache
KiB Swap: 33554428 total, 32356176 free,  1198252 used. 56390304 avail Mem 
--
top - 15:36:01 up 112 days,  7:19,  0 users,  load average: 0.50, 0.44, 0.32
Tasks: 399 total,   1 running, 398 sleeping,   0 stopped,   0 zombie
%Cpu(s):  8.5 us,  0.2 sy,  0.0 ni, 90.6 id,  0.7 wa,  0.0 hi,  0.0 si,  0.0 st
KiB Mem : 65877712 total, 50668644 free,  7159596 used,  8049472 buff/cache
KiB Swap: 33554428 total, 32356176 free,  1198252 used. 57467116 avail Mem 
--
top - 15:36:06 up 112 days,  7:19,  0 users,  load average: 0.54, 0.45, 0.33
Tasks: 399 total,   1 running, 398 sleeping,   0 stopped,   0 zombie
%Cpu(s):  2.0 us,  0.2 sy,  0.0 ni, 97.7 id,  0.0 wa,  0.0 hi,  0.0 si,  0.0 st
KiB Mem : 65877712 total, 54486012 free,  3342228 used,  8049472 buff/cache
KiB Swap: 33554428 total, 32356176 free,  1198252 used. 61284488 avail Mem 
