10.149.0.55
2024/01/03 15:16:40 Master node address: http://10.149.0.68:8000
2024/01/03 15:16:40 Benchmarking worker...
2024/01/03 15:16:42 Worker registered (1791 MCUPS). Waiting for work...
2024/01/03 15:18:13 Got work. Start calculating alignments...
2024/01/03 15:18:13 Calculating 174 queries
2024/01/03 15:18:29 Done calculating alignments.
2024/01/03 15:18:29 Waiting for work...
2024/01/03 15:19:43 Got work. Start calculating alignments...
2024/01/03 15:19:43 Calculating 174 queries
2024/01/03 15:19:53 Done calculating alignments.
2024/01/03 15:19:53 Waiting for work...
2024/01/03 15:21:55 Got work. Start calculating alignments...
2024/01/03 15:21:55 Calculating 174 queries
2024/01/03 15:22:15 Done calculating alignments.
2024/01/03 15:22:15 Waiting for work...
2024/01/03 15:23:55 Got work. Start calculating alignments...
2024/01/03 15:23:55 Calculating 173 queries
2024/01/03 15:24:17 Done calculating alignments.
2024/01/03 15:24:17 Waiting for work...
2024/01/03 15:25:53 Got work. Start calculating alignments...
2024/01/03 15:25:53 Calculating 173 queries
2024/01/03 15:26:14 Done calculating alignments.
2024/01/03 15:26:14 Waiting for work...
slurmstepd: error: *** JOB 4755728 ON node055 CANCELLED AT 2024-01-03T15:26:26 ***
