Job id: 4755736
Master ip: 10.149.0.54
--
top - 15:26:27 up 112 days,  7:08,  0 users,  load average: 0.06, 0.31, 0.54
Tasks: 400 total,   2 running, 398 sleeping,   0 stopped,   0 zombie
%Cpu(s):  2.2 us,  0.7 sy,  0.0 ni, 97.0 id,  0.0 wa,  0.0 hi,  0.0 si,  0.0 st
KiB Mem : 65877712 total, 49872324 free,  1209152 used, 14796236 buff/cache
KiB Swap: 33554428 total, 32105564 free,  1448864 used. 63402708 avail Mem 
--
top - 15:26:32 up 112 days,  7:08,  0 users,  load average: 0.05, 0.31, 0.53
Tasks: 401 total,   1 running, 400 sleeping,   0 stopped,   0 zombie
%Cpu(s):  0.8 us,  0.1 sy,  0.0 ni, 99.1 id,  0.0 wa,  0.0 hi,  0.0 si,  0.0 st
KiB Mem : 65877712 total, 49849256 free,  1232172 used, 14796284 buff/cache
KiB Swap: 33554428 total, 32105564 free,  1448864 used. 63379672 avail Mem 
--
top - 15:26:37 up 112 days,  7:08,  0 users,  load average: 0.05, 0.30, 0.53
Tasks: 401 total,   1 running, 400 sleeping,   0 stopped,   0 zombie
%Cpu(s):  0.2 us,  0.0 sy,  0.0 ni, 99.7 id,  0.0 wa,  0.0 hi,  0.0 si,  0.0 st
KiB Mem : 65877712 total, 49848880 free,  1232548 used, 14796284 buff/cache
KiB Swap: 33554428 total, 32105564 free,  1448864 used. 63379296 avail Mem 
--
top - 15:26:42 up 112 days,  7:09,  0 users,  load average: 0.05, 0.30, 0.53
Tasks: 401 total,   1 running, 400 sleeping,   0 stopped,   0 zombie
%Cpu(s):  0.3 us,  0.0 sy,  0.0 ni, 99.7 id,  0.0 wa,  0.0 hi,  0.0 si,  0.0 st
KiB Mem : 65877712 total, 49849340 free,  1232088 used, 14796284 buff/cache
KiB Swap: 33554428 total, 32105564 free,  1448864 used. 63379752 avail Mem 
--
top - 15:26:47 up 112 days,  7:09,  0 users,  load average: 0.04, 0.29, 0.53
Tasks: 401 total,   1 running, 400 sleeping,   0 stopped,   0 zombie
%Cpu(s):  0.2 us,  0.0 sy,  0.0 ni, 99.7 id,  0.0 wa,  0.0 hi,  0.0 si,  0.0 st
KiB Mem : 65877712 total, 49849756 free,  1231672 used, 14796284 buff/cache
KiB Swap: 33554428 total, 32105564 free,  1448864 used. 63380172 avail Mem 
--
top - 15:26:52 up 112 days,  7:09,  0 users,  load average: 0.04, 0.29, 0.52
Tasks: 401 total,   1 running, 400 sleeping,   0 stopped,   0 zombie
%Cpu(s):  0.3 us,  0.0 sy,  0.0 ni, 99.7 id,  0.0 wa,  0.0 hi,  0.0 si,  0.0 st
KiB Mem : 65877712 total, 49849880 free,  1231548 used, 14796284 buff/cache
KiB Swap: 33554428 total, 32105564 free,  1448864 used. 63380296 avail Mem 
--
top - 15:26:57 up 112 days,  7:09,  0 users,  load average: 0.04, 0.28, 0.52
Tasks: 401 total,   1 running, 400 sleeping,   0 stopped,   0 zombie
%Cpu(s):  0.3 us,  0.0 sy,  0.0 ni, 99.7 id,  0.0 wa,  0.0 hi,  0.0 si,  0.0 st
KiB Mem : 65877712 total, 49849988 free,  1231440 used, 14796284 buff/cache
KiB Swap: 33554428 total, 32105564 free,  1448864 used. 63380404 avail Mem 
--
top - 15:27:02 up 112 days,  7:09,  0 users,  load average: 0.03, 0.28, 0.52
Tasks: 401 total,   1 running, 400 sleeping,   0 stopped,   0 zombie
%Cpu(s):  0.2 us,  0.0 sy,  0.0 ni, 99.7 id,  0.0 wa,  0.0 hi,  0.0 si,  0.0 st
KiB Mem : 65877712 total, 49850240 free,  1231188 used, 14796284 buff/cache
KiB Swap: 33554428 total, 32105564 free,  1448864 used. 63380656 avail Mem 
--
top - 15:27:07 up 112 days,  7:09,  0 users,  load average: 0.03, 0.27, 0.51
Tasks: 400 total,   1 running, 399 sleeping,   0 stopped,   0 zombie
%Cpu(s):  0.3 us,  0.0 sy,  0.0 ni, 99.6 id,  0.1 wa,  0.0 hi,  0.0 si,  0.0 st
KiB Mem : 65877712 total, 49850372 free,  1231056 used, 14796284 buff/cache
KiB Swap: 33554428 total, 32105564 free,  1448864 used. 63380788 avail Mem 
--
top - 15:27:12 up 112 days,  7:09,  0 users,  load average: 0.03, 0.27, 0.51
Tasks: 400 total,   1 running, 399 sleeping,   0 stopped,   0 zombie
%Cpu(s):  0.3 us,  0.0 sy,  0.0 ni, 99.7 id,  0.0 wa,  0.0 hi,  0.0 si,  0.0 st
KiB Mem : 65877712 total, 49848652 free,  1232776 used, 14796284 buff/cache
KiB Swap: 33554428 total, 32105564 free,  1448864 used. 63379068 avail Mem 
--
top - 15:27:17 up 112 days,  7:09,  0 users,  load average: 0.03, 0.26, 0.51
Tasks: 400 total,   1 running, 399 sleeping,   0 stopped,   0 zombie
%Cpu(s):  0.2 us,  0.0 sy,  0.0 ni, 99.7 id,  0.0 wa,  0.0 hi,  0.0 si,  0.0 st
KiB Mem : 65877712 total, 49849624 free,  1231804 used, 14796284 buff/cache
KiB Swap: 33554428 total, 32105564 free,  1448864 used. 63380040 avail Mem 
--
top - 15:27:22 up 112 days,  7:09,  0 users,  load average: 0.02, 0.26, 0.50
Tasks: 400 total,   2 running, 398 sleeping,   0 stopped,   0 zombie
%Cpu(s):  1.5 us,  0.2 sy,  0.0 ni, 98.2 id,  0.0 wa,  0.0 hi,  0.0 si,  0.0 st
KiB Mem : 65877712 total, 49666356 free,  1240724 used, 14970632 buff/cache
KiB Swap: 33554428 total, 32105564 free,  1448864 used. 63368816 avail Mem 
--
top - 15:27:27 up 112 days,  7:09,  0 users,  load average: 0.02, 0.25, 0.50
Tasks: 400 total,   2 running, 398 sleeping,   0 stopped,   0 zombie
%Cpu(s):  2.7 us,  0.4 sy,  0.0 ni, 96.6 id,  0.2 wa,  0.0 hi,  0.0 si,  0.0 st
KiB Mem : 65877712 total, 49298896 free,  1242776 used, 15336040 buff/cache
KiB Swap: 33554428 total, 32105564 free,  1448864 used. 63361968 avail Mem 
--
top - 15:27:32 up 112 days,  7:09,  0 users,  load average: 0.10, 0.27, 0.50
Tasks: 401 total,   2 running, 399 sleeping,   0 stopped,   0 zombie
%Cpu(s):  2.7 us,  0.4 sy,  0.0 ni, 96.1 id,  0.7 wa,  0.0 hi,  0.1 si,  0.0 st
KiB Mem : 65877712 total, 48920256 free,  1242600 used, 15714856 buff/cache
KiB Swap: 33554428 total, 32105564 free,  1448864 used. 63356184 avail Mem 
--
top - 15:27:37 up 112 days,  7:09,  0 users,  load average: 0.17, 0.28, 0.51
Tasks: 402 total,   1 running, 401 sleeping,   0 stopped,   0 zombie
%Cpu(s):  2.7 us,  0.4 sy,  0.0 ni, 96.8 id,  0.0 wa,  0.0 hi,  0.0 si,  0.0 st
KiB Mem : 65877712 total, 48480016 free,  1242912 used, 16154784 buff/cache
KiB Swap: 33554428 total, 32105564 free,  1448864 used. 63350180 avail Mem 
--
top - 15:27:42 up 112 days,  7:10,  0 users,  load average: 0.24, 0.29, 0.51
Tasks: 399 total,   2 running, 397 sleeping,   0 stopped,   0 zombie
%Cpu(s):  2.7 us,  0.4 sy,  0.0 ni, 96.8 id,  0.0 wa,  0.0 hi,  0.1 si,  0.0 st
KiB Mem : 65877712 total, 48028012 free,  1241744 used, 16607956 buff/cache
KiB Swap: 33554428 total, 32105564 free,  1448864 used. 63345400 avail Mem 
--
top - 15:27:47 up 112 days,  7:10,  0 users,  load average: 0.22, 0.29, 0.51
Tasks: 399 total,   2 running, 397 sleeping,   0 stopped,   0 zombie
%Cpu(s):  2.7 us,  0.4 sy,  0.0 ni, 96.8 id,  0.0 wa,  0.0 hi,  0.1 si,  0.0 st
KiB Mem : 65877712 total, 47568908 free,  1241512 used, 17067292 buff/cache
KiB Swap: 33554428 total, 32105564 free,  1448864 used. 63338724 avail Mem 
--
top - 15:27:52 up 112 days,  7:10,  0 users,  load average: 0.28, 0.30, 0.51
Tasks: 400 total,   3 running, 397 sleeping,   0 stopped,   0 zombie
%Cpu(s):  2.7 us,  0.4 sy,  0.0 ni, 96.8 id,  0.0 wa,  0.0 hi,  0.1 si,  0.0 st
KiB Mem : 65877712 total, 47119768 free,  1243940 used, 17514004 buff/cache
KiB Swap: 33554428 total, 32105564 free,  1448864 used. 63330452 avail Mem 
--
top - 15:27:57 up 112 days,  7:10,  0 users,  load average: 0.34, 0.31, 0.51
Tasks: 400 total,   2 running, 398 sleeping,   0 stopped,   0 zombie
%Cpu(s):  2.7 us,  0.4 sy,  0.0 ni, 96.5 id,  0.3 wa,  0.0 hi,  0.1 si,  0.0 st
KiB Mem : 65877712 total, 46740304 free,  1245280 used, 17892128 buff/cache
KiB Swap: 33554428 total, 32105564 free,  1448864 used. 63323676 avail Mem 
--
top - 15:28:02 up 112 days,  7:10,  0 users,  load average: 0.39, 0.32, 0.51
Tasks: 403 total,   2 running, 401 sleeping,   0 stopped,   0 zombie
%Cpu(s):  2.0 us,  1.7 sy,  0.0 ni, 95.9 id,  0.4 wa,  0.0 hi,  0.0 si,  0.0 st
KiB Mem : 65877712 total, 43295920 free,  4599640 used, 17982152 buff/cache
KiB Swap: 33554428 total, 32105564 free,  1448864 used. 59969224 avail Mem 
--
top - 15:28:07 up 112 days,  7:10,  0 users,  load average: 0.44, 0.33, 0.52
Tasks: 403 total,   2 running, 401 sleeping,   0 stopped,   0 zombie
%Cpu(s):  2.6 us,  1.0 sy,  0.0 ni, 95.5 id,  0.9 wa,  0.0 hi,  0.0 si,  0.0 st
KiB Mem : 65877712 total, 45438024 free,  5181608 used, 15258080 buff/cache
KiB Swap: 33554428 total, 32105564 free,  1448864 used. 59423852 avail Mem 
--
top - 15:28:12 up 112 days,  7:10,  0 users,  load average: 0.49, 0.34, 0.52
Tasks: 403 total,   2 running, 401 sleeping,   0 stopped,   0 zombie
%Cpu(s):  2.6 us,  0.7 sy,  0.0 ni, 96.7 id,  0.0 wa,  0.0 hi,  0.0 si,  0.0 st
KiB Mem : 65877712 total, 46137740 free,  4942964 used, 14797008 buff/cache
KiB Swap: 33554428 total, 32105564 free,  1448864 used. 59669164 avail Mem 
--
top - 15:28:17 up 112 days,  7:10,  0 users,  load average: 0.53, 0.35, 0.52
Tasks: 403 total,   2 running, 401 sleeping,   0 stopped,   0 zombie
%Cpu(s):  2.6 us,  0.6 sy,  0.0 ni, 96.8 id,  0.0 wa,  0.0 hi,  0.0 si,  0.0 st
KiB Mem : 65877712 total, 46025352 free,  5055900 used, 14796460 buff/cache
KiB Swap: 33554428 total, 32105564 free,  1448864 used. 59555864 avail Mem 
--
top - 15:28:22 up 112 days,  7:10,  0 users,  load average: 0.56, 0.36, 0.52
Tasks: 403 total,   2 running, 401 sleeping,   0 stopped,   0 zombie
%Cpu(s):  2.5 us,  0.6 sy,  0.0 ni, 96.9 id,  0.0 wa,  0.0 hi,  0.0 si,  0.0 st
KiB Mem : 65877712 total, 46443896 free,  4637356 used, 14796460 buff/cache
KiB Swap: 33554428 total, 32105564 free,  1448864 used. 59974400 avail Mem 
--
top - 15:28:27 up 112 days,  7:10,  0 users,  load average: 0.60, 0.38, 0.53
Tasks: 403 total,   1 running, 402 sleeping,   0 stopped,   0 zombie
%Cpu(s):  0.6 us,  0.1 sy,  0.0 ni, 99.3 id,  0.0 wa,  0.0 hi,  0.0 si,  0.0 st
KiB Mem : 65877712 total, 46435852 free,  4645400 used, 14796460 buff/cache
KiB Swap: 33554428 total, 32105564 free,  1448864 used. 59966356 avail Mem 
--
top - 15:28:32 up 112 days,  7:10,  0 users,  load average: 0.55, 0.37, 0.52
Tasks: 403 total,   1 running, 402 sleeping,   0 stopped,   0 zombie
%Cpu(s):  0.1 us,  0.0 sy,  0.0 ni, 99.8 id,  0.0 wa,  0.0 hi,  0.0 si,  0.0 st
KiB Mem : 65877712 total, 46435868 free,  4645384 used, 14796460 buff/cache
KiB Swap: 33554428 total, 32105564 free,  1448864 used. 59966372 avail Mem 
--
top - 15:28:37 up 112 days,  7:10,  0 users,  load average: 0.51, 0.36, 0.52
Tasks: 403 total,   1 running, 402 sleeping,   0 stopped,   0 zombie
%Cpu(s):  0.3 us,  0.0 sy,  0.0 ni, 99.7 id,  0.0 wa,  0.0 hi,  0.0 si,  0.0 st
KiB Mem : 65877712 total, 46436168 free,  4645084 used, 14796460 buff/cache
KiB Swap: 33554428 total, 32105564 free,  1448864 used. 59966672 avail Mem 
--
top - 15:28:42 up 112 days,  7:11,  0 users,  load average: 0.47, 0.36, 0.52
Tasks: 403 total,   1 running, 402 sleeping,   0 stopped,   0 zombie
%Cpu(s):  0.4 us,  0.0 sy,  0.0 ni, 99.5 id,  0.0 wa,  0.0 hi,  0.0 si,  0.0 st
KiB Mem : 65877712 total, 46436272 free,  4644976 used, 14796464 buff/cache
KiB Swap: 33554428 total, 32105564 free,  1448864 used. 59966780 avail Mem 
--
top - 15:28:47 up 112 days,  7:11,  0 users,  load average: 0.43, 0.35, 0.51
Tasks: 403 total,   1 running, 402 sleeping,   0 stopped,   0 zombie
%Cpu(s):  0.4 us,  0.0 sy,  0.0 ni, 99.5 id,  0.0 wa,  0.0 hi,  0.0 si,  0.0 st
KiB Mem : 65877712 total, 46436408 free,  4644840 used, 14796464 buff/cache
KiB Swap: 33554428 total, 32105564 free,  1448864 used. 59966916 avail Mem 
--
top - 15:28:52 up 112 days,  7:11,  0 users,  load average: 0.40, 0.35, 0.51
Tasks: 403 total,   2 running, 401 sleeping,   0 stopped,   0 zombie
%Cpu(s):  0.5 us,  0.0 sy,  0.0 ni, 99.5 id,  0.0 wa,  0.0 hi,  0.0 si,  0.0 st
KiB Mem : 65877712 total, 46436408 free,  4644840 used, 14796464 buff/cache
KiB Swap: 33554428 total, 32105564 free,  1448864 used. 59966916 avail Mem 
--
top - 15:28:57 up 112 days,  7:11,  0 users,  load average: 0.36, 0.34, 0.51
Tasks: 402 total,   1 running, 401 sleeping,   0 stopped,   0 zombie
%Cpu(s):  0.4 us,  0.0 sy,  0.0 ni, 99.6 id,  0.0 wa,  0.0 hi,  0.0 si,  0.0 st
KiB Mem : 65877712 total, 46436404 free,  4644844 used, 14796464 buff/cache
KiB Swap: 33554428 total, 32105564 free,  1448864 used. 59966912 avail Mem 
--
top - 15:29:02 up 112 days,  7:11,  0 users,  load average: 0.33, 0.33, 0.51
Tasks: 398 total,   1 running, 397 sleeping,   0 stopped,   0 zombie
%Cpu(s):  0.2 us,  0.0 sy,  0.0 ni, 99.7 id,  0.0 wa,  0.0 hi,  0.0 si,  0.0 st
KiB Mem : 65877712 total, 46436596 free,  4644652 used, 14796464 buff/cache
KiB Swap: 33554428 total, 32105564 free,  1448864 used. 59967104 avail Mem 
--
top - 15:29:07 up 112 days,  7:11,  0 users,  load average: 0.31, 0.33, 0.50
Tasks: 398 total,   1 running, 397 sleeping,   0 stopped,   0 zombie
%Cpu(s):  0.2 us,  0.0 sy,  0.0 ni, 99.7 id,  0.0 wa,  0.0 hi,  0.0 si,  0.0 st
KiB Mem : 65877712 total, 46436736 free,  4644512 used, 14796464 buff/cache
KiB Swap: 33554428 total, 32105564 free,  1448864 used. 59967244 avail Mem 
--
top - 15:29:12 up 112 days,  7:11,  0 users,  load average: 0.28, 0.32, 0.50
Tasks: 398 total,   1 running, 397 sleeping,   0 stopped,   0 zombie
%Cpu(s):  0.3 us,  0.0 sy,  0.0 ni, 99.7 id,  0.0 wa,  0.0 hi,  0.0 si,  0.0 st
KiB Mem : 65877712 total, 46436260 free,  4644984 used, 14796468 buff/cache
KiB Swap: 33554428 total, 32105564 free,  1448864 used. 59966768 avail Mem 
--
top - 15:29:17 up 112 days,  7:11,  0 users,  load average: 0.34, 0.33, 0.50
Tasks: 398 total,   2 running, 396 sleeping,   0 stopped,   0 zombie
%Cpu(s):  2.1 us,  0.3 sy,  0.0 ni, 97.5 id,  0.0 wa,  0.0 hi,  0.1 si,  0.0 st
KiB Mem : 65877712 total, 46097932 free,  4648032 used, 15131748 buff/cache
KiB Swap: 33554428 total, 32105564 free,  1448864 used. 59959296 avail Mem 
--
top - 15:29:22 up 112 days,  7:11,  0 users,  load average: 0.39, 0.35, 0.50
Tasks: 398 total,   2 running, 396 sleeping,   0 stopped,   0 zombie
%Cpu(s):  2.7 us,  0.4 sy,  0.0 ni, 96.8 id,  0.1 wa,  0.0 hi,  0.1 si,  0.0 st
KiB Mem : 65877712 total, 45665684 free,  4647756 used, 15564272 buff/cache
KiB Swap: 33554428 total, 32105564 free,  1448864 used. 59953744 avail Mem 
--
top - 15:29:27 up 112 days,  7:11,  0 users,  load average: 0.44, 0.36, 0.51
Tasks: 398 total,   2 running, 396 sleeping,   0 stopped,   0 zombie
%Cpu(s):  2.6 us,  0.6 sy,  0.0 ni, 96.0 id,  0.7 wa,  0.0 hi,  0.1 si,  0.0 st
KiB Mem : 65877712 total, 45181792 free,  4648296 used, 16047624 buff/cache
KiB Swap: 33554428 total, 32105564 free,  1448864 used. 59946524 avail Mem 
--
top - 15:29:32 up 112 days,  7:11,  0 users,  load average: 0.49, 0.37, 0.51
Tasks: 398 total,   1 running, 397 sleeping,   0 stopped,   0 zombie
%Cpu(s):  2.5 us,  0.6 sy,  0.0 ni, 96.8 id,  0.0 wa,  0.0 hi,  0.1 si,  0.0 st
KiB Mem : 65877712 total, 44598000 free,  4647080 used, 16632632 buff/cache
KiB Swap: 33554428 total, 32105564 free,  1448864 used. 59939648 avail Mem 
--
top - 15:29:37 up 112 days,  7:11,  0 users,  load average: 0.45, 0.36, 0.51
Tasks: 398 total,   2 running, 396 sleeping,   0 stopped,   0 zombie
%Cpu(s):  2.7 us,  0.4 sy,  0.0 ni, 96.8 id,  0.0 wa,  0.0 hi,  0.1 si,  0.0 st
KiB Mem : 65877712 total, 44144136 free,  4647548 used, 17086028 buff/cache
KiB Swap: 33554428 total, 32105564 free,  1448864 used. 59933412 avail Mem 
--
top - 15:29:42 up 112 days,  7:12,  0 users,  load average: 0.49, 0.37, 0.51
Tasks: 398 total,   2 running, 396 sleeping,   0 stopped,   0 zombie
%Cpu(s):  2.7 us,  0.4 sy,  0.0 ni, 96.8 id,  0.0 wa,  0.0 hi,  0.1 si,  0.0 st
KiB Mem : 65877712 total, 43715308 free,  4647448 used, 17514956 buff/cache
KiB Swap: 33554428 total, 32105564 free,  1448864 used. 59927144 avail Mem 
--
top - 15:29:47 up 112 days,  7:12,  0 users,  load average: 0.53, 0.38, 0.51
Tasks: 398 total,   2 running, 396 sleeping,   0 stopped,   0 zombie
%Cpu(s):  2.6 us,  0.4 sy,  0.0 ni, 96.8 id,  0.0 wa,  0.0 hi,  0.1 si,  0.0 st
KiB Mem : 65877712 total, 43306792 free,  4648240 used, 17922680 buff/cache
KiB Swap: 33554428 total, 32105564 free,  1448864 used. 59921568 avail Mem 
--
top - 15:29:52 up 112 days,  7:12,  0 users,  load average: 0.57, 0.39, 0.51
Tasks: 400 total,   2 running, 398 sleeping,   0 stopped,   0 zombie
%Cpu(s):  1.7 us,  1.5 sy,  0.0 ni, 96.4 id,  0.3 wa,  0.0 hi,  0.0 si,  0.0 st
KiB Mem : 65877712 total, 40389428 free,  7997632 used, 17490652 buff/cache
KiB Swap: 33554428 total, 32105564 free,  1448864 used. 56577400 avail Mem 
--
top - 15:29:57 up 112 days,  7:12,  0 users,  load average: 0.68, 0.42, 0.52
Tasks: 400 total,   2 running, 398 sleeping,   0 stopped,   0 zombie
%Cpu(s):  2.6 us,  0.9 sy,  0.0 ni, 96.5 id,  0.0 wa,  0.0 hi,  0.0 si,  0.0 st
KiB Mem : 65877712 total, 41284396 free,  9400280 used, 15193036 buff/cache
KiB Swap: 33554428 total, 32105564 free,  1448864 used. 55206808 avail Mem 
--
top - 15:30:02 up 112 days,  7:12,  0 users,  load average: 0.71, 0.43, 0.52
Tasks: 403 total,   2 running, 401 sleeping,   0 stopped,   0 zombie
%Cpu(s):  3.1 us,  0.7 sy,  0.0 ni, 95.7 id,  0.4 wa,  0.0 hi,  0.0 si,  0.0 st
KiB Mem : 65877712 total, 42334220 free,  8746772 used, 14796720 buff/cache
KiB Swap: 33554428 total, 32105564 free,  1448864 used. 55864840 avail Mem 
--
top - 15:30:07 up 112 days,  7:12,  0 users,  load average: 0.73, 0.44, 0.53
Tasks: 403 total,   2 running, 401 sleeping,   0 stopped,   0 zombie
%Cpu(s):  2.4 us,  0.7 sy,  0.0 ni, 96.9 id,  0.0 wa,  0.0 hi,  0.0 si,  0.0 st
KiB Mem : 65877712 total, 42608552 free,  8472484 used, 14796676 buff/cache
KiB Swap: 33554428 total, 32105564 free,  1448864 used. 56139180 avail Mem 
--
top - 15:30:12 up 112 days,  7:12,  0 users,  load average: 0.75, 0.45, 0.53
Tasks: 403 total,   2 running, 401 sleeping,   0 stopped,   0 zombie
%Cpu(s):  2.6 us,  0.5 sy,  0.0 ni, 96.8 id,  0.0 wa,  0.0 hi,  0.0 si,  0.0 st
KiB Mem : 65877712 total, 42363388 free,  8717648 used, 14796676 buff/cache
KiB Swap: 33554428 total, 32105564 free,  1448864 used. 55894016 avail Mem 
--
top - 15:30:18 up 112 days,  7:12,  0 users,  load average: 0.77, 0.46, 0.53
Tasks: 403 total,   1 running, 402 sleeping,   0 stopped,   0 zombie
%Cpu(s):  0.8 us,  0.2 sy,  0.0 ni, 99.0 id,  0.0 wa,  0.0 hi,  0.0 si,  0.0 st
KiB Mem : 65877712 total, 43217896 free,  7863140 used, 14796676 buff/cache
KiB Swap: 33554428 total, 32105564 free,  1448864 used. 56748524 avail Mem 
--
top - 15:30:23 up 112 days,  7:12,  0 users,  load average: 0.71, 0.45, 0.53
Tasks: 403 total,   1 running, 402 sleeping,   0 stopped,   0 zombie
%Cpu(s):  0.1 us,  0.0 sy,  0.0 ni, 99.9 id,  0.0 wa,  0.0 hi,  0.0 si,  0.0 st
KiB Mem : 65877712 total, 43218496 free,  7862540 used, 14796676 buff/cache
KiB Swap: 33554428 total, 32105564 free,  1448864 used. 56749124 avail Mem 
--
top - 15:30:28 up 112 days,  7:12,  0 users,  load average: 0.66, 0.44, 0.53
Tasks: 403 total,   1 running, 402 sleeping,   0 stopped,   0 zombie
%Cpu(s):  0.3 us,  0.0 sy,  0.0 ni, 99.7 id,  0.0 wa,  0.0 hi,  0.0 si,  0.0 st
KiB Mem : 65877712 total, 43218824 free,  7862212 used, 14796676 buff/cache
KiB Swap: 33554428 total, 32105564 free,  1448864 used. 56749452 avail Mem 
--
top - 15:30:33 up 112 days,  7:12,  0 users,  load average: 0.68, 0.45, 0.53
Tasks: 403 total,   1 running, 402 sleeping,   0 stopped,   0 zombie
%Cpu(s):  0.4 us,  0.0 sy,  0.0 ni, 99.6 id,  0.0 wa,  0.0 hi,  0.0 si,  0.0 st
KiB Mem : 65877712 total, 43218928 free,  7862108 used, 14796676 buff/cache
KiB Swap: 33554428 total, 32105564 free,  1448864 used. 56749556 avail Mem 
--
top - 15:30:38 up 112 days,  7:12,  0 users,  load average: 0.63, 0.44, 0.53
Tasks: 403 total,   1 running, 402 sleeping,   0 stopped,   0 zombie
%Cpu(s):  0.3 us,  0.0 sy,  0.0 ni, 99.6 id,  0.0 wa,  0.0 hi,  0.0 si,  0.0 st
KiB Mem : 65877712 total, 43218968 free,  7862068 used, 14796676 buff/cache
KiB Swap: 33554428 total, 32105564 free,  1448864 used. 56749596 avail Mem 
--
top - 15:30:43 up 112 days,  7:13,  0 users,  load average: 0.58, 0.44, 0.52
Tasks: 403 total,   1 running, 402 sleeping,   0 stopped,   0 zombie
%Cpu(s):  0.3 us,  0.0 sy,  0.0 ni, 99.7 id,  0.0 wa,  0.0 hi,  0.0 si,  0.0 st
KiB Mem : 65877712 total, 43219108 free,  7861928 used, 14796676 buff/cache
KiB Swap: 33554428 total, 32105564 free,  1448864 used. 56749736 avail Mem 
--
top - 15:30:48 up 112 days,  7:13,  0 users,  load average: 0.53, 0.43, 0.52
Tasks: 403 total,   1 running, 402 sleeping,   0 stopped,   0 zombie
%Cpu(s):  0.3 us,  0.0 sy,  0.0 ni, 99.7 id,  0.0 wa,  0.0 hi,  0.0 si,  0.0 st
KiB Mem : 65877712 total, 43219108 free,  7861928 used, 14796676 buff/cache
KiB Swap: 33554428 total, 32105564 free,  1448864 used. 56749736 avail Mem 
--
top - 15:30:53 up 112 days,  7:13,  0 users,  load average: 0.49, 0.42, 0.52
Tasks: 403 total,   1 running, 402 sleeping,   0 stopped,   0 zombie
%Cpu(s):  0.2 us,  0.0 sy,  0.0 ni, 99.7 id,  0.0 wa,  0.0 hi,  0.0 si,  0.0 st
KiB Mem : 65877712 total, 43219124 free,  7861912 used, 14796676 buff/cache
KiB Swap: 33554428 total, 32105564 free,  1448864 used. 56749752 avail Mem 
--
top - 15:30:58 up 112 days,  7:13,  0 users,  load average: 0.45, 0.41, 0.51
Tasks: 403 total,   2 running, 401 sleeping,   0 stopped,   0 zombie
%Cpu(s):  2.6 us,  0.3 sy,  0.0 ni, 97.0 id,  0.0 wa,  0.0 hi,  0.0 si,  0.0 st
KiB Mem : 65877712 total, 42901976 free,  7866572 used, 15109164 buff/cache
KiB Swap: 33554428 total, 32105564 free,  1448864 used. 56741508 avail Mem 
--
top - 15:31:03 up 112 days,  7:13,  0 users,  load average: 0.57, 0.44, 0.52
Tasks: 403 total,   2 running, 401 sleeping,   0 stopped,   0 zombie
%Cpu(s):  2.8 us,  0.4 sy,  0.0 ni, 96.6 id,  0.2 wa,  0.0 hi,  0.1 si,  0.0 st
KiB Mem : 65877712 total, 42560220 free,  7866116 used, 15451376 buff/cache
KiB Swap: 33554428 total, 32105564 free,  1448864 used. 56737348 avail Mem 
--
top - 15:31:08 up 112 days,  7:13,  0 users,  load average: 0.61, 0.45, 0.52
Tasks: 403 total,   2 running, 401 sleeping,   0 stopped,   0 zombie
%Cpu(s):  2.8 us,  0.4 sy,  0.0 ni, 96.2 id,  0.6 wa,  0.0 hi,  0.1 si,  0.0 st
KiB Mem : 65877712 total, 42237928 free,  7866164 used, 15773620 buff/cache
KiB Swap: 33554428 total, 32105564 free,  1448864 used. 56732576 avail Mem 
--
top - 15:31:13 up 112 days,  7:13,  0 users,  load average: 0.64, 0.46, 0.53
Tasks: 400 total,   2 running, 398 sleeping,   0 stopped,   0 zombie
%Cpu(s):  2.8 us,  0.4 sy,  0.0 ni, 96.8 id,  0.0 wa,  0.0 hi,  0.1 si,  0.0 st
KiB Mem : 65877712 total, 41907128 free,  7865572 used, 16105012 buff/cache
KiB Swap: 33554428 total, 32105564 free,  1448864 used. 56728492 avail Mem 
--
top - 15:31:18 up 112 days,  7:13,  0 users,  load average: 0.67, 0.47, 0.53
Tasks: 400 total,   2 running, 398 sleeping,   0 stopped,   0 zombie
%Cpu(s):  2.8 us,  0.3 sy,  0.0 ni, 96.8 id,  0.0 wa,  0.0 hi,  0.1 si,  0.0 st
KiB Mem : 65877712 total, 41570448 free,  7864796 used, 16442468 buff/cache
KiB Swap: 33554428 total, 32105564 free,  1448864 used. 56724852 avail Mem 
--
top - 15:31:23 up 112 days,  7:13,  0 users,  load average: 0.69, 0.48, 0.53
Tasks: 400 total,   2 running, 398 sleeping,   0 stopped,   0 zombie
%Cpu(s):  2.7 us,  0.4 sy,  0.0 ni, 96.8 id,  0.0 wa,  0.0 hi,  0.1 si,  0.0 st
KiB Mem : 65877712 total, 41233024 free,  7864628 used, 16780060 buff/cache
KiB Swap: 33554428 total, 32105564 free,  1448864 used. 56720012 avail Mem 
--
top - 15:31:28 up 112 days,  7:13,  0 users,  load average: 0.72, 0.49, 0.53
Tasks: 400 total,   2 running, 398 sleeping,   0 stopped,   0 zombie
%Cpu(s):  2.8 us,  0.3 sy,  0.0 ni, 96.8 id,  0.0 wa,  0.0 hi,  0.1 si,  0.0 st
KiB Mem : 65877712 total, 40886920 free,  7864188 used, 17126604 buff/cache
KiB Swap: 33554428 total, 32105564 free,  1448864 used. 56715420 avail Mem 
--
top - 15:31:33 up 112 days,  7:13,  0 users,  load average: 0.74, 0.49, 0.54
Tasks: 399 total,   2 running, 397 sleeping,   0 stopped,   0 zombie
%Cpu(s):  2.8 us,  0.3 sy,  0.0 ni, 96.8 id,  0.0 wa,  0.0 hi,  0.0 si,  0.0 st
KiB Mem : 65877712 total, 40548124 free,  7864076 used, 17465512 buff/cache
KiB Swap: 33554428 total, 32105564 free,  1448864 used. 56711276 avail Mem 
--
top - 15:31:38 up 112 days,  7:13,  0 users,  load average: 0.76, 0.50, 0.54
Tasks: 398 total,   2 running, 396 sleeping,   0 stopped,   0 zombie
%Cpu(s):  2.8 us,  0.4 sy,  0.0 ni, 95.5 id,  1.2 wa,  0.0 hi,  0.1 si,  0.0 st
KiB Mem : 65877712 total, 40217832 free,  7863432 used, 17796448 buff/cache
KiB Swap: 33554428 total, 32105564 free,  1448864 used. 56707344 avail Mem 
--
top - 15:31:43 up 112 days,  7:14,  0 users,  load average: 0.70, 0.49, 0.54
Tasks: 398 total,   2 running, 396 sleeping,   0 stopped,   0 zombie
%Cpu(s):  2.4 us,  0.8 sy,  0.0 ni, 96.6 id,  0.2 wa,  0.0 hi,  0.0 si,  0.0 st
KiB Mem : 65877712 total, 38578008 free,  9318644 used, 17981060 buff/cache
KiB Swap: 33554428 total, 32105564 free,  1448864 used. 55248376 avail Mem 
--
top - 15:31:48 up 112 days,  7:14,  0 users,  load average: 0.72, 0.50, 0.54
Tasks: 398 total,   2 running, 396 sleeping,   0 stopped,   0 zombie
%Cpu(s):  2.1 us,  1.4 sy,  0.0 ni, 96.0 id,  0.4 wa,  0.0 hi,  0.0 si,  0.0 st
KiB Mem : 65877712 total, 38431968 free, 11962188 used, 15483556 buff/cache
KiB Swap: 33554428 total, 32105564 free,  1448864 used. 52640208 avail Mem 
--
top - 15:31:53 up 112 days,  7:14,  0 users,  load average: 0.75, 0.51, 0.54
Tasks: 398 total,   2 running, 396 sleeping,   0 stopped,   0 zombie
%Cpu(s):  2.5 us,  0.7 sy,  0.0 ni, 96.6 id,  0.1 wa,  0.0 hi,  0.0 si,  0.0 st
KiB Mem : 65877712 total, 38781988 free, 12296780 used, 14798944 buff/cache
KiB Swap: 33554428 total, 32105564 free,  1448864 used. 52314832 avail Mem 
--
top - 15:31:58 up 112 days,  7:14,  0 users,  load average: 0.77, 0.52, 0.54
Tasks: 398 total,   2 running, 396 sleeping,   0 stopped,   0 zombie
%Cpu(s):  2.5 us,  0.6 sy,  0.0 ni, 96.8 id,  0.0 wa,  0.0 hi,  0.0 si,  0.0 st
KiB Mem : 65877712 total, 39022232 free, 12058608 used, 14796872 buff/cache
KiB Swap: 33554428 total, 32105564 free,  1448864 used. 52550976 avail Mem 
--
top - 15:32:03 up 112 days,  7:14,  0 users,  load average: 0.79, 0.53, 0.55
Tasks: 402 total,   2 running, 400 sleeping,   0 stopped,   0 zombie
%Cpu(s):  3.0 us,  0.8 sy,  0.0 ni, 95.9 id,  0.3 wa,  0.0 hi,  0.0 si,  0.0 st
KiB Mem : 65877712 total, 39511120 free, 11569720 used, 14796872 buff/cache
KiB Swap: 33554428 total, 32105564 free,  1448864 used. 53041860 avail Mem 
--
top - 15:32:08 up 112 days,  7:14,  0 users,  load average: 0.80, 0.53, 0.55
Tasks: 402 total,   1 running, 401 sleeping,   0 stopped,   0 zombie
%Cpu(s):  1.5 us,  0.3 sy,  0.0 ni, 98.2 id,  0.0 wa,  0.0 hi,  0.0 si,  0.0 st
KiB Mem : 65877712 total, 39958828 free, 11122012 used, 14796872 buff/cache
KiB Swap: 33554428 total, 32105564 free,  1448864 used. 53489568 avail Mem 
--
top - 15:32:13 up 112 days,  7:14,  0 users,  load average: 0.74, 0.53, 0.54
Tasks: 402 total,   1 running, 401 sleeping,   0 stopped,   0 zombie
%Cpu(s):  0.2 us,  0.0 sy,  0.0 ni, 99.8 id,  0.0 wa,  0.0 hi,  0.0 si,  0.0 st
KiB Mem : 65877712 total, 39958636 free, 11122204 used, 14796872 buff/cache
KiB Swap: 33554428 total, 32105564 free,  1448864 used. 53489376 avail Mem 
--
top - 15:32:18 up 112 days,  7:14,  0 users,  load average: 0.68, 0.52, 0.54
Tasks: 402 total,   1 running, 401 sleeping,   0 stopped,   0 zombie
%Cpu(s):  0.2 us,  0.0 sy,  0.0 ni, 99.7 id,  0.0 wa,  0.0 hi,  0.0 si,  0.0 st
KiB Mem : 65877712 total, 39959248 free, 11121592 used, 14796872 buff/cache
KiB Swap: 33554428 total, 32105564 free,  1448864 used. 53489988 avail Mem 
--
top - 15:32:23 up 112 days,  7:14,  0 users,  load average: 0.62, 0.51, 0.54
Tasks: 402 total,   1 running, 401 sleeping,   0 stopped,   0 zombie
%Cpu(s):  0.3 us,  0.0 sy,  0.0 ni, 99.7 id,  0.0 wa,  0.0 hi,  0.0 si,  0.0 st
KiB Mem : 65877712 total, 39959544 free, 11121292 used, 14796876 buff/cache
KiB Swap: 33554428 total, 32105564 free,  1448864 used. 53490284 avail Mem 
--
top - 15:32:28 up 112 days,  7:14,  0 users,  load average: 0.58, 0.50, 0.54
Tasks: 402 total,   1 running, 401 sleeping,   0 stopped,   0 zombie
%Cpu(s):  0.4 us,  0.0 sy,  0.0 ni, 99.6 id,  0.0 wa,  0.0 hi,  0.0 si,  0.0 st
KiB Mem : 65877712 total, 39959700 free, 11121136 used, 14796876 buff/cache
KiB Swap: 33554428 total, 32105564 free,  1448864 used. 53490444 avail Mem 
--
top - 15:32:33 up 112 days,  7:14,  0 users,  load average: 0.53, 0.49, 0.53
Tasks: 400 total,   1 running, 399 sleeping,   0 stopped,   0 zombie
%Cpu(s):  0.2 us,  0.0 sy,  0.0 ni, 99.7 id,  0.0 wa,  0.0 hi,  0.0 si,  0.0 st
KiB Mem : 65877712 total, 39960300 free, 11120536 used, 14796876 buff/cache
KiB Swap: 33554428 total, 32105564 free,  1448864 used. 53491044 avail Mem 
--
top - 15:32:38 up 112 days,  7:14,  0 users,  load average: 0.49, 0.48, 0.53
Tasks: 400 total,   1 running, 399 sleeping,   0 stopped,   0 zombie
%Cpu(s):  0.3 us,  0.0 sy,  0.0 ni, 99.7 id,  0.0 wa,  0.0 hi,  0.0 si,  0.0 st
KiB Mem : 65877712 total, 39960164 free, 11120672 used, 14796876 buff/cache
KiB Swap: 33554428 total, 32105564 free,  1448864 used. 53490908 avail Mem 
--
top - 15:32:43 up 112 days,  7:15,  0 users,  load average: 0.45, 0.48, 0.53
Tasks: 400 total,   1 running, 399 sleeping,   0 stopped,   0 zombie
%Cpu(s):  0.2 us,  0.0 sy,  0.0 ni, 99.7 id,  0.0 wa,  0.0 hi,  0.0 si,  0.0 st
KiB Mem : 65877712 total, 39960568 free, 11120268 used, 14796876 buff/cache
KiB Swap: 33554428 total, 32105564 free,  1448864 used. 53491312 avail Mem 
--
top - 15:32:48 up 112 days,  7:15,  0 users,  load average: 0.41, 0.47, 0.52
Tasks: 401 total,   2 running, 399 sleeping,   0 stopped,   0 zombie
%Cpu(s):  2.0 us,  0.2 sy,  0.0 ni, 97.7 id,  0.0 wa,  0.0 hi,  0.1 si,  0.0 st
KiB Mem : 65877712 total, 39720812 free, 11125144 used, 15031756 buff/cache
KiB Swap: 33554428 total, 32105564 free,  1448864 used. 53483424 avail Mem 
--
top - 15:32:53 up 112 days,  7:15,  0 users,  load average: 0.46, 0.48, 0.53
Tasks: 401 total,   2 running, 399 sleeping,   0 stopped,   0 zombie
%Cpu(s):  2.8 us,  0.4 sy,  0.0 ni, 96.6 id,  0.2 wa,  0.0 hi,  0.1 si,  0.0 st
KiB Mem : 65877712 total, 39377832 free, 11123380 used, 15376500 buff/cache
KiB Swap: 33554428 total, 32105564 free,  1448864 used. 53480860 avail Mem 
--
top - 15:32:58 up 112 days,  7:15,  0 users,  load average: 0.50, 0.49, 0.53
Tasks: 402 total,   2 running, 400 sleeping,   0 stopped,   0 zombie
%Cpu(s):  2.8 us,  0.4 sy,  0.0 ni, 96.1 id,  0.7 wa,  0.0 hi,  0.1 si,  0.0 st
KiB Mem : 65877712 total, 39050116 free, 11122784 used, 15704812 buff/cache
KiB Swap: 33554428 total, 32105564 free,  1448864 used. 53476972 avail Mem 
--
top - 15:33:03 up 112 days,  7:15,  0 users,  load average: 0.54, 0.49, 0.53
Tasks: 399 total,   2 running, 397 sleeping,   0 stopped,   0 zombie
%Cpu(s):  2.8 us,  0.3 sy,  0.0 ni, 96.8 id,  0.0 wa,  0.0 hi,  0.1 si,  0.0 st
KiB Mem : 65877712 total, 38719020 free, 11121368 used, 16037324 buff/cache
KiB Swap: 33554428 total, 32105564 free,  1448864 used. 53473040 avail Mem 
--
top - 15:33:08 up 112 days,  7:15,  0 users,  load average: 0.58, 0.50, 0.53
Tasks: 398 total,   2 running, 396 sleeping,   0 stopped,   0 zombie
%Cpu(s):  2.8 us,  0.3 sy,  0.0 ni, 96.8 id,  0.0 wa,  0.0 hi,  0.1 si,  0.0 st
KiB Mem : 65877712 total, 38382016 free, 11122592 used, 16373104 buff/cache
KiB Swap: 33554428 total, 32105564 free,  1448864 used. 53468108 avail Mem 
--
top - 15:33:13 up 112 days,  7:15,  0 users,  load average: 0.61, 0.51, 0.54
Tasks: 398 total,   2 running, 396 sleeping,   0 stopped,   0 zombie
%Cpu(s):  2.8 us,  0.4 sy,  0.0 ni, 96.8 id,  0.0 wa,  0.0 hi,  0.1 si,  0.0 st
KiB Mem : 65877712 total, 38037116 free, 11123192 used, 16717404 buff/cache
KiB Swap: 33554428 total, 32105564 free,  1448864 used. 53463088 avail Mem 
--
top - 15:33:18 up 112 days,  7:15,  0 users,  load average: 0.64, 0.52, 0.54
Tasks: 398 total,   2 running, 396 sleeping,   0 stopped,   0 zombie
%Cpu(s):  2.7 us,  0.3 sy,  0.0 ni, 96.8 id,  0.0 wa,  0.0 hi,  0.1 si,  0.0 st
KiB Mem : 65877712 total, 37703816 free, 11122448 used, 17051448 buff/cache
KiB Swap: 33554428 total, 32105564 free,  1448864 used. 53459096 avail Mem 
--
top - 15:33:23 up 112 days,  7:15,  0 users,  load average: 0.67, 0.53, 0.54
Tasks: 398 total,   2 running, 396 sleeping,   0 stopped,   0 zombie
%Cpu(s):  2.8 us,  0.3 sy,  0.0 ni, 96.8 id,  0.0 wa,  0.0 hi,  0.1 si,  0.0 st
KiB Mem : 65877712 total, 37370288 free, 11121924 used, 17385500 buff/cache
KiB Swap: 33554428 total, 32105564 free,  1448864 used. 53454592 avail Mem 
--
top - 15:33:28 up 112 days,  7:15,  0 users,  load average: 0.70, 0.53, 0.54
Tasks: 398 total,   2 running, 396 sleeping,   0 stopped,   0 zombie
%Cpu(s):  2.7 us,  0.4 sy,  0.0 ni, 95.9 id,  0.8 wa,  0.0 hi,  0.1 si,  0.0 st
KiB Mem : 65877712 total, 37032256 free, 11122968 used, 17722488 buff/cache
KiB Swap: 33554428 total, 32105564 free,  1448864 used. 53449692 avail Mem 
--
top - 15:33:33 up 112 days,  7:15,  0 users,  load average: 0.80, 0.56, 0.55
Tasks: 398 total,   3 running, 395 sleeping,   0 stopped,   0 zombie
%Cpu(s):  2.9 us,  0.3 sy,  0.0 ni, 96.3 id,  0.5 wa,  0.0 hi,  0.1 si,  0.0 st
KiB Mem : 65877712 total, 36792264 free, 11122632 used, 17962816 buff/cache
KiB Swap: 33554428 total, 32105564 free,  1448864 used. 53446476 avail Mem 
--
top - 15:33:38 up 112 days,  7:16,  0 users,  load average: 0.82, 0.57, 0.55
Tasks: 398 total,   2 running, 396 sleeping,   0 stopped,   0 zombie
%Cpu(s):  1.7 us,  1.7 sy,  0.0 ni, 95.8 id,  0.8 wa,  0.0 hi,  0.0 si,  0.0 st
KiB Mem : 65877712 total, 34416044 free, 14714888 used, 16746780 buff/cache
KiB Swap: 33554428 total, 32105564 free,  1448864 used. 49870096 avail Mem 
--
top - 15:33:43 up 112 days,  7:16,  0 users,  load average: 0.75, 0.56, 0.55
Tasks: 398 total,   2 running, 396 sleeping,   0 stopped,   0 zombie
%Cpu(s):  2.6 us,  0.8 sy,  0.0 ni, 96.6 id,  0.0 wa,  0.0 hi,  0.0 si,  0.0 st
KiB Mem : 65877712 total, 34835596 free, 15644160 used, 15397956 buff/cache
KiB Swap: 33554428 total, 32105564 free,  1448864 used. 48958984 avail Mem 
--
top - 15:33:48 up 112 days,  7:16,  0 users,  load average: 0.77, 0.56, 0.55
Tasks: 398 total,   2 running, 396 sleeping,   0 stopped,   0 zombie
%Cpu(s):  2.5 us,  0.8 sy,  0.0 ni, 96.7 id,  0.0 wa,  0.0 hi,  0.0 si,  0.0 st
KiB Mem : 65877712 total, 36447316 free, 14632200 used, 14798196 buff/cache
KiB Swap: 33554428 total, 32105564 free,  1448864 used. 49979268 avail Mem 
--
top - 15:33:53 up 112 days,  7:16,  0 users,  load average: 0.79, 0.57, 0.56
Tasks: 398 total,   2 running, 396 sleeping,   0 stopped,   0 zombie
%Cpu(s):  2.6 us,  0.5 sy,  0.0 ni, 96.9 id,  0.0 wa,  0.0 hi,  0.0 si,  0.0 st
KiB Mem : 65877712 total, 36258524 free, 14821604 used, 14797584 buff/cache
KiB Swap: 33554428 total, 32105564 free,  1448864 used. 49789668 avail Mem 
--
top - 15:33:58 up 112 days,  7:16,  0 users,  load average: 0.81, 0.58, 0.56
Tasks: 398 total,   1 running, 397 sleeping,   0 stopped,   0 zombie
%Cpu(s):  2.3 us,  0.6 sy,  0.0 ni, 97.1 id,  0.0 wa,  0.0 hi,  0.0 si,  0.0 st
KiB Mem : 65877712 total, 36755304 free, 14324824 used, 14797584 buff/cache
KiB Swap: 33554428 total, 32105564 free,  1448864 used. 50286448 avail Mem 
--
top - 15:34:03 up 112 days,  7:16,  0 users,  load average: 0.82, 0.59, 0.56
Tasks: 401 total,   1 running, 400 sleeping,   0 stopped,   0 zombie
%Cpu(s):  0.5 us,  0.2 sy,  0.0 ni, 98.9 id,  0.3 wa,  0.0 hi,  0.0 si,  0.0 st
KiB Mem : 65877712 total, 36753528 free, 14326600 used, 14797584 buff/cache
KiB Swap: 33554428 total, 32105564 free,  1448864 used. 50284636 avail Mem 
--
top - 15:34:08 up 112 days,  7:16,  0 users,  load average: 0.76, 0.58, 0.56
Tasks: 401 total,   1 running, 400 sleeping,   0 stopped,   0 zombie
%Cpu(s):  0.2 us,  0.0 sy,  0.0 ni, 99.7 id,  0.0 wa,  0.0 hi,  0.0 si,  0.0 st
KiB Mem : 65877712 total, 36754172 free, 14325956 used, 14797584 buff/cache
KiB Swap: 33554428 total, 32105564 free,  1448864 used. 50285280 avail Mem 
--
top - 15:34:13 up 112 days,  7:16,  0 users,  load average: 0.64, 0.56, 0.55
Tasks: 401 total,   1 running, 400 sleeping,   0 stopped,   0 zombie
%Cpu(s):  0.3 us,  0.0 sy,  0.0 ni, 99.6 id,  0.0 wa,  0.0 hi,  0.0 si,  0.0 st
KiB Mem : 65877712 total, 36753780 free, 14326348 used, 14797584 buff/cache
KiB Swap: 33554428 total, 32105564 free,  1448864 used. 50284888 avail Mem 
--
top - 15:34:18 up 112 days,  7:16,  0 users,  load average: 0.59, 0.55, 0.55
Tasks: 401 total,   2 running, 399 sleeping,   0 stopped,   0 zombie
%Cpu(s):  0.4 us,  0.0 sy,  0.0 ni, 99.5 id,  0.0 wa,  0.0 hi,  0.0 si,  0.0 st
KiB Mem : 65877712 total, 36754012 free, 14326116 used, 14797584 buff/cache
KiB Swap: 33554428 total, 32105564 free,  1448864 used. 50285120 avail Mem 
--
top - 15:34:24 up 112 days,  7:16,  0 users,  load average: 0.54, 0.54, 0.55
Tasks: 401 total,   1 running, 400 sleeping,   0 stopped,   0 zombie
%Cpu(s):  0.3 us,  0.0 sy,  0.0 ni, 99.7 id,  0.0 wa,  0.0 hi,  0.0 si,  0.0 st
KiB Mem : 65877712 total, 36754556 free, 14325588 used, 14797568 buff/cache
KiB Swap: 33554428 total, 32105564 free,  1448864 used. 50285656 avail Mem 
--
top - 15:34:29 up 112 days,  7:16,  0 users,  load average: 0.58, 0.55, 0.55
Tasks: 401 total,   1 running, 400 sleeping,   0 stopped,   0 zombie
%Cpu(s):  0.2 us,  0.0 sy,  0.0 ni, 99.7 id,  0.0 wa,  0.0 hi,  0.0 si,  0.0 st
KiB Mem : 65877712 total, 36754700 free, 14325444 used, 14797568 buff/cache
KiB Swap: 33554428 total, 32105564 free,  1448864 used. 50285800 avail Mem 
--
top - 15:34:34 up 112 days,  7:16,  0 users,  load average: 0.53, 0.54, 0.55
Tasks: 401 total,   1 running, 400 sleeping,   0 stopped,   0 zombie
%Cpu(s):  0.2 us,  0.0 sy,  0.0 ni, 99.7 id,  0.0 wa,  0.0 hi,  0.0 si,  0.0 st
KiB Mem : 65877712 total, 36755140 free, 14325000 used, 14797572 buff/cache
KiB Swap: 33554428 total, 32105564 free,  1448864 used. 50286240 avail Mem 
--
top - 15:34:39 up 112 days,  7:17,  0 users,  load average: 0.57, 0.54, 0.55
Tasks: 401 total,   2 running, 399 sleeping,   0 stopped,   0 zombie
%Cpu(s):  1.5 us,  0.2 sy,  0.0 ni, 98.3 id,  0.0 wa,  0.0 hi,  0.0 si,  0.0 st
KiB Mem : 65877712 total, 36581564 free, 14330244 used, 14965904 buff/cache
KiB Swap: 33554428 total, 32105564 free,  1448864 used. 50278992 avail Mem 
--
top - 15:34:44 up 112 days,  7:17,  0 users,  load average: 0.60, 0.55, 0.55
Tasks: 401 total,   2 running, 399 sleeping,   0 stopped,   0 zombie
%Cpu(s):  2.8 us,  0.4 sy,  0.0 ni, 96.6 id,  0.2 wa,  0.0 hi,  0.1 si,  0.0 st
KiB Mem : 65877712 total, 36234548 free, 14330392 used, 15312772 buff/cache
KiB Swap: 33554428 total, 32105564 free,  1448864 used. 50274468 avail Mem 
--
top - 15:34:49 up 112 days,  7:17,  0 users,  load average: 0.64, 0.56, 0.55
Tasks: 400 total,   2 running, 398 sleeping,   0 stopped,   0 zombie
%Cpu(s):  2.8 us,  0.4 sy,  0.0 ni, 96.1 id,  0.6 wa,  0.0 hi,  0.1 si,  0.0 st
KiB Mem : 65877712 total, 35894088 free, 14330104 used, 15653520 buff/cache
KiB Swap: 33554428 total, 32105564 free,  1448864 used. 50269704 avail Mem 
--
top - 15:34:54 up 112 days,  7:17,  0 users,  load average: 0.67, 0.57, 0.56
Tasks: 400 total,   2 running, 398 sleeping,   0 stopped,   0 zombie
%Cpu(s):  2.8 us,  0.3 sy,  0.0 ni, 96.8 id,  0.0 wa,  0.0 hi,  0.1 si,  0.0 st
KiB Mem : 65877712 total, 35552720 free, 14329820 used, 15995172 buff/cache
KiB Swap: 33554428 total, 32105564 free,  1448864 used. 50265572 avail Mem 
--
top - 15:34:59 up 112 days,  7:17,  0 users,  load average: 0.69, 0.57, 0.56
Tasks: 400 total,   2 running, 398 sleeping,   0 stopped,   0 zombie
%Cpu(s):  2.8 us,  0.4 sy,  0.0 ni, 96.8 id,  0.0 wa,  0.0 hi,  0.1 si,  0.0 st
KiB Mem : 65877712 total, 35217168 free, 14330432 used, 16330112 buff/cache
KiB Swap: 33554428 total, 32105564 free,  1448864 used. 50260424 avail Mem 
--
top - 15:35:04 up 112 days,  7:17,  0 users,  load average: 0.64, 0.56, 0.56
Tasks: 399 total,   2 running, 397 sleeping,   0 stopped,   0 zombie
%Cpu(s):  2.8 us,  0.3 sy,  0.0 ni, 96.8 id,  0.0 wa,  0.0 hi,  0.1 si,  0.0 st
KiB Mem : 65877712 total, 34876024 free, 14327984 used, 16673704 buff/cache
KiB Swap: 33554428 total, 32105564 free,  1448864 used. 50258276 avail Mem 
--
top - 15:35:09 up 112 days,  7:17,  0 users,  load average: 0.67, 0.57, 0.56
Tasks: 399 total,   2 running, 397 sleeping,   0 stopped,   0 zombie
%Cpu(s):  2.7 us,  0.3 sy,  0.0 ni, 96.8 id,  0.0 wa,  0.0 hi,  0.1 si,  0.0 st
KiB Mem : 65877712 total, 34521484 free, 14328468 used, 17027760 buff/cache
KiB Swap: 33554428 total, 32105564 free,  1448864 used. 50252500 avail Mem 
--
top - 15:35:14 up 112 days,  7:17,  0 users,  load average: 0.69, 0.58, 0.56
Tasks: 398 total,   2 running, 396 sleeping,   0 stopped,   0 zombie
%Cpu(s):  2.8 us,  0.3 sy,  0.0 ni, 96.8 id,  0.0 wa,  0.0 hi,  0.1 si,  0.0 st
KiB Mem : 65877712 total, 34183952 free, 14328324 used, 17365436 buff/cache
KiB Swap: 33554428 total, 32105564 free,  1448864 used. 50248748 avail Mem 
--
top - 15:35:19 up 112 days,  7:17,  0 users,  load average: 0.88, 0.62, 0.57
Tasks: 398 total,   1 running, 397 sleeping,   0 stopped,   0 zombie
%Cpu(s):  2.6 us,  0.4 sy,  0.0 ni, 96.5 id,  0.4 wa,  0.0 hi,  0.1 si,  0.0 st
KiB Mem : 65877712 total, 33866316 free, 14327796 used, 17683600 buff/cache
KiB Swap: 33554428 total, 32105564 free,  1448864 used. 50244280 avail Mem 
--
top - 15:35:24 up 112 days,  7:17,  0 users,  load average: 0.81, 0.61, 0.57
Tasks: 398 total,   2 running, 396 sleeping,   0 stopped,   0 zombie
%Cpu(s):  2.7 us,  0.3 sy,  0.0 ni, 96.0 id,  1.0 wa,  0.0 hi,  0.0 si,  0.0 st
KiB Mem : 65877712 total, 33619280 free, 14328556 used, 17929876 buff/cache
KiB Swap: 33554428 total, 32105564 free,  1448864 used. 50241044 avail Mem 
--
top - 15:35:29 up 112 days,  7:17,  0 users,  load average: 0.82, 0.61, 0.57
Tasks: 398 total,   2 running, 396 sleeping,   0 stopped,   0 zombie
%Cpu(s):  1.8 us,  1.6 sy,  0.0 ni, 95.8 id,  0.8 wa,  0.0 hi,  0.0 si,  0.0 st
KiB Mem : 65877712 total, 30435728 free, 18150044 used, 17291940 buff/cache
KiB Swap: 33554428 total, 32105564 free,  1448864 used. 46427668 avail Mem 
--
top - 15:35:34 up 112 days,  7:17,  0 users,  load average: 0.84, 0.62, 0.58
Tasks: 398 total,   2 running, 396 sleeping,   0 stopped,   0 zombie
%Cpu(s):  2.6 us,  0.9 sy,  0.0 ni, 96.5 id,  0.0 wa,  0.0 hi,  0.0 si,  0.0 st
KiB Mem : 65877712 total, 31958900 free, 18601200 used, 15317612 buff/cache
KiB Swap: 33554428 total, 32105564 free,  1448864 used. 46003040 avail Mem 
--
top - 15:35:39 up 112 days,  7:18,  0 users,  load average: 0.85, 0.63, 0.58
Tasks: 398 total,   2 running, 396 sleeping,   0 stopped,   0 zombie
%Cpu(s):  2.5 us,  0.8 sy,  0.0 ni, 96.7 id,  0.0 wa,  0.0 hi,  0.0 si,  0.0 st
KiB Mem : 65877712 total, 32485096 free, 18595756 used, 14796860 buff/cache
KiB Swap: 33554428 total, 32105564 free,  1448864 used. 46015940 avail Mem 
--
top - 15:35:44 up 112 days,  7:18,  0 users,  load average: 0.86, 0.63, 0.58
Tasks: 398 total,   2 running, 396 sleeping,   0 stopped,   0 zombie
%Cpu(s):  2.6 us,  0.6 sy,  0.0 ni, 96.8 id,  0.0 wa,  0.0 hi,  0.0 si,  0.0 st
KiB Mem : 65877712 total, 32569872 free, 18510980 used, 14796860 buff/cache
KiB Swap: 33554428 total, 32105564 free,  1448864 used. 46100716 avail Mem 
--
top - 15:35:49 up 112 days,  7:18,  0 users,  load average: 0.79, 0.62, 0.58
Tasks: 398 total,   1 running, 397 sleeping,   0 stopped,   0 zombie
%Cpu(s):  2.0 us,  0.5 sy,  0.0 ni, 97.4 id,  0.0 wa,  0.0 hi,  0.0 si,  0.0 st
KiB Mem : 65877712 total, 33544480 free, 17536372 used, 14796860 buff/cache
KiB Swap: 33554428 total, 32105564 free,  1448864 used. 47075324 avail Mem 
--
top - 15:35:54 up 112 days,  7:18,  0 users,  load average: 0.73, 0.61, 0.57
Tasks: 398 total,   1 running, 397 sleeping,   0 stopped,   0 zombie
%Cpu(s):  0.1 us,  0.0 sy,  0.0 ni, 99.9 id,  0.0 wa,  0.0 hi,  0.0 si,  0.0 st
KiB Mem : 65877712 total, 33544652 free, 17536200 used, 14796860 buff/cache
KiB Swap: 33554428 total, 32105564 free,  1448864 used. 47075496 avail Mem 
--
top - 15:35:59 up 112 days,  7:18,  0 users,  load average: 0.67, 0.60, 0.57
Tasks: 398 total,   1 running, 397 sleeping,   0 stopped,   0 zombie
%Cpu(s):  0.1 us,  0.0 sy,  0.0 ni, 99.8 id,  0.0 wa,  0.0 hi,  0.0 si,  0.0 st
KiB Mem : 65877712 total, 33544832 free, 17536020 used, 14796860 buff/cache
KiB Swap: 33554428 total, 32105564 free,  1448864 used. 47075676 avail Mem 
--
top - 15:36:04 up 112 days,  7:18,  0 users,  load average: 0.62, 0.59, 0.57
Tasks: 402 total,   1 running, 401 sleeping,   0 stopped,   0 zombie
%Cpu(s):  0.6 us,  0.2 sy,  0.0 ni, 98.8 id,  0.3 wa,  0.0 hi,  0.0 si,  0.0 st
KiB Mem : 65877712 total, 33541420 free, 17539428 used, 14796864 buff/cache
KiB Swap: 33554428 total, 32105564 free,  1448864 used. 47072168 avail Mem 
--
top - 15:36:09 up 112 days,  7:18,  0 users,  load average: 0.57, 0.58, 0.57
Tasks: 402 total,   1 running, 401 sleeping,   0 stopped,   0 zombie
%Cpu(s):  0.4 us,  0.0 sy,  0.0 ni, 99.6 id,  0.0 wa,  0.0 hi,  0.0 si,  0.0 st
KiB Mem : 65877712 total, 33541924 free, 17538924 used, 14796864 buff/cache
KiB Swap: 33554428 total, 32105564 free,  1448864 used. 47072672 avail Mem 
