10.149.0.64
2024/01/03 16:08:50 Master node address: http://10.149.0.54:8000
2024/01/03 16:08:50 Benchmarking worker...
2024/01/03 16:08:52 Worker registered (1807 MCUPS). Waiting for work...
2024/01/03 16:10:47 Got work. Start calculating alignments...
2024/01/03 16:10:47 Calculating 88 queries
2024/01/03 16:11:03 Done calculating alignments.
2024/01/03 16:11:03 Waiting for work...
2024/01/03 16:12:52 Got work. Start calculating alignments...
2024/01/03 16:12:52 Calculating 87 queries
2024/01/03 16:13:08 Done calculating alignments.
2024/01/03 16:13:08 Waiting for work...
2024/01/03 16:14:39 Got work. Start calculating alignments...
2024/01/03 16:14:39 Calculating 87 queries
2024/01/03 16:14:46 Done calculating alignments.
2024/01/03 16:14:46 Waiting for work...
2024/01/03 16:16:27 Got work. Start calculating alignments...
2024/01/03 16:16:27 Calculating 86 queries
2024/01/03 16:16:32 Done calculating alignments.
2024/01/03 16:16:32 Waiting for work...
2024/01/03 16:18:10 Got work. Start calculating alignments...
2024/01/03 16:18:10 Calculating 88 queries
2024/01/03 16:18:23 Done calculating alignments.
2024/01/03 16:18:23 Waiting for work...
slurmstepd: error: *** JOB 4755779 ON node064 CANCELLED AT 2024-01-03T16:18:37 ***
