Job id: 4755737
Worker ip: 10.149.0.59
Master ip: 10.149.0.54
--
top - 15:26:29 up 112 days,  7:10,  0 users,  load average: 1.01, 0.88, 1.05
Tasks: 405 total,   1 running, 404 sleeping,   0 stopped,   0 zombie
%Cpu(s):  2.6 us,  5.2 sy,  0.0 ni, 91.8 id,  0.0 wa,  0.0 hi,  0.4 si,  0.0 st
KiB Mem : 65877692 total, 48464612 free,  1209624 used, 16203456 buff/cache
KiB Swap: 33554428 total, 32379780 free,  1174648 used. 63340684 avail Mem 
--
top - 15:26:34 up 112 days,  7:10,  0 users,  load average: 0.93, 0.87, 1.05
Tasks: 406 total,   1 running, 405 sleeping,   0 stopped,   0 zombie
%Cpu(s):  1.7 us,  0.4 sy,  0.0 ni, 97.9 id,  0.0 wa,  0.0 hi,  0.0 si,  0.0 st
KiB Mem : 65877692 total, 48447172 free,  1220452 used, 16210068 buff/cache
KiB Swap: 33554428 total, 32379780 free,  1174648 used. 63329836 avail Mem 
--
top - 15:26:39 up 112 days,  7:10,  0 users,  load average: 0.86, 0.86, 1.04
Tasks: 406 total,   1 running, 405 sleeping,   0 stopped,   0 zombie
%Cpu(s):  0.0 us,  0.0 sy,  0.0 ni, 99.9 id,  0.0 wa,  0.0 hi,  0.0 si,  0.0 st
KiB Mem : 65877692 total, 48446788 free,  1220812 used, 16210092 buff/cache
KiB Swap: 33554428 total, 32379780 free,  1174648 used. 63329452 avail Mem 
--
top - 15:26:44 up 112 days,  7:10,  0 users,  load average: 0.79, 0.84, 1.03
Tasks: 406 total,   1 running, 405 sleeping,   0 stopped,   0 zombie
%Cpu(s):  0.0 us,  0.0 sy,  0.0 ni,100.0 id,  0.0 wa,  0.0 hi,  0.0 si,  0.0 st
KiB Mem : 65877692 total, 48448256 free,  1219344 used, 16210092 buff/cache
KiB Swap: 33554428 total, 32379780 free,  1174648 used. 63330920 avail Mem 
--
top - 15:26:49 up 112 days,  7:10,  0 users,  load average: 0.72, 0.83, 1.03
Tasks: 406 total,   1 running, 405 sleeping,   0 stopped,   0 zombie
%Cpu(s):  0.0 us,  0.0 sy,  0.0 ni,100.0 id,  0.0 wa,  0.0 hi,  0.0 si,  0.0 st
KiB Mem : 65877692 total, 48445524 free,  1222076 used, 16210092 buff/cache
KiB Swap: 33554428 total, 32379780 free,  1174648 used. 63328188 avail Mem 
--
top - 15:26:54 up 112 days,  7:10,  0 users,  load average: 0.67, 0.81, 1.02
Tasks: 406 total,   1 running, 405 sleeping,   0 stopped,   0 zombie
%Cpu(s):  0.0 us,  0.0 sy,  0.0 ni,100.0 id,  0.0 wa,  0.0 hi,  0.0 si,  0.0 st
KiB Mem : 65877692 total, 48446640 free,  1220960 used, 16210092 buff/cache
KiB Swap: 33554428 total, 32379780 free,  1174648 used. 63329304 avail Mem 
--
top - 15:26:59 up 112 days,  7:10,  0 users,  load average: 0.61, 0.80, 1.02
Tasks: 406 total,   1 running, 405 sleeping,   0 stopped,   0 zombie
%Cpu(s):  0.0 us,  0.0 sy,  0.0 ni, 99.9 id,  0.0 wa,  0.0 hi,  0.0 si,  0.0 st
KiB Mem : 65877692 total, 48446880 free,  1220720 used, 16210092 buff/cache
KiB Swap: 33554428 total, 32379780 free,  1174648 used. 63329544 avail Mem 
--
top - 15:27:04 up 112 days,  7:10,  0 users,  load average: 0.56, 0.79, 1.01
Tasks: 402 total,   1 running, 401 sleeping,   0 stopped,   0 zombie
%Cpu(s):  0.0 us,  0.0 sy,  0.0 ni,100.0 id,  0.0 wa,  0.0 hi,  0.0 si,  0.0 st
KiB Mem : 65877692 total, 48447724 free,  1219876 used, 16210092 buff/cache
KiB Swap: 33554428 total, 32379780 free,  1174648 used. 63330388 avail Mem 
--
top - 15:27:09 up 112 days,  7:11,  0 users,  load average: 0.52, 0.77, 1.01
Tasks: 402 total,   1 running, 401 sleeping,   0 stopped,   0 zombie
%Cpu(s):  0.0 us,  0.0 sy,  0.0 ni,100.0 id,  0.0 wa,  0.0 hi,  0.0 si,  0.0 st
KiB Mem : 65877692 total, 48448396 free,  1219204 used, 16210092 buff/cache
KiB Swap: 33554428 total, 32379780 free,  1174648 used. 63331060 avail Mem 
--
top - 15:27:14 up 112 days,  7:11,  0 users,  load average: 0.48, 0.76, 1.00
Tasks: 402 total,   1 running, 401 sleeping,   0 stopped,   0 zombie
%Cpu(s):  0.0 us,  0.0 sy,  0.0 ni,100.0 id,  0.0 wa,  0.0 hi,  0.0 si,  0.0 st
KiB Mem : 65877692 total, 48449388 free,  1218212 used, 16210092 buff/cache
KiB Swap: 33554428 total, 32379780 free,  1174648 used. 63332052 avail Mem 
--
top - 15:27:19 up 112 days,  7:11,  0 users,  load average: 0.44, 0.75, 1.00
Tasks: 402 total,   1 running, 401 sleeping,   0 stopped,   0 zombie
%Cpu(s):  0.0 us,  0.0 sy,  0.0 ni,100.0 id,  0.0 wa,  0.0 hi,  0.0 si,  0.0 st
KiB Mem : 65877692 total, 48450096 free,  1217504 used, 16210092 buff/cache
KiB Swap: 33554428 total, 32379780 free,  1174648 used. 63332760 avail Mem 
--
top - 15:27:24 up 112 days,  7:11,  0 users,  load average: 0.40, 0.74, 0.99
Tasks: 402 total,   1 running, 401 sleeping,   0 stopped,   0 zombie
%Cpu(s):  0.0 us,  0.0 sy,  0.0 ni,100.0 id,  0.0 wa,  0.0 hi,  0.0 si,  0.0 st
KiB Mem : 65877692 total, 48450788 free,  1216808 used, 16210096 buff/cache
KiB Swap: 33554428 total, 32379780 free,  1174648 used. 63333452 avail Mem 
--
top - 15:27:29 up 112 days,  7:11,  0 users,  load average: 0.37, 0.72, 0.99
Tasks: 402 total,   1 running, 401 sleeping,   0 stopped,   0 zombie
%Cpu(s):  0.0 us,  0.0 sy,  0.0 ni, 99.9 id,  0.0 wa,  0.0 hi,  0.0 si,  0.0 st
KiB Mem : 65877692 total, 48450736 free,  1216860 used, 16210096 buff/cache
KiB Swap: 33554428 total, 32379780 free,  1174648 used. 63333400 avail Mem 
--
top - 15:27:34 up 112 days,  7:11,  0 users,  load average: 0.34, 0.71, 0.98
Tasks: 402 total,   1 running, 401 sleeping,   0 stopped,   0 zombie
%Cpu(s):  0.0 us,  0.0 sy,  0.0 ni,100.0 id,  0.0 wa,  0.0 hi,  0.0 si,  0.0 st
KiB Mem : 65877692 total, 48451420 free,  1216176 used, 16210096 buff/cache
KiB Swap: 33554428 total, 32379780 free,  1174648 used. 63334088 avail Mem 
--
top - 15:27:39 up 112 days,  7:11,  0 users,  load average: 0.31, 0.70, 0.98
Tasks: 402 total,   1 running, 401 sleeping,   0 stopped,   0 zombie
%Cpu(s):  0.0 us,  0.0 sy,  0.0 ni, 99.9 id,  0.0 wa,  0.0 hi,  0.0 si,  0.0 st
KiB Mem : 65877692 total, 48450352 free,  1217244 used, 16210096 buff/cache
KiB Swap: 33554428 total, 32379780 free,  1174648 used. 63333020 avail Mem 
--
top - 15:27:44 up 112 days,  7:11,  0 users,  load average: 0.29, 0.69, 0.97
Tasks: 402 total,   1 running, 401 sleeping,   0 stopped,   0 zombie
%Cpu(s):  0.0 us,  0.0 sy,  0.0 ni,100.0 id,  0.0 wa,  0.0 hi,  0.0 si,  0.0 st
KiB Mem : 65877692 total, 48450496 free,  1217100 used, 16210096 buff/cache
KiB Swap: 33554428 total, 32379780 free,  1174648 used. 63333164 avail Mem 
--
top - 15:27:49 up 112 days,  7:11,  0 users,  load average: 0.27, 0.68, 0.96
Tasks: 402 total,   1 running, 401 sleeping,   0 stopped,   0 zombie
%Cpu(s):  0.0 us,  0.0 sy,  0.0 ni, 99.9 id,  0.0 wa,  0.0 hi,  0.0 si,  0.0 st
KiB Mem : 65877692 total, 48451032 free,  1216564 used, 16210096 buff/cache
KiB Swap: 33554428 total, 32379780 free,  1174648 used. 63333700 avail Mem 
--
top - 15:27:54 up 112 days,  7:11,  0 users,  load average: 0.25, 0.67, 0.96
Tasks: 402 total,   1 running, 401 sleeping,   0 stopped,   0 zombie
%Cpu(s):  0.0 us,  0.0 sy,  0.0 ni,100.0 id,  0.0 wa,  0.0 hi,  0.0 si,  0.0 st
KiB Mem : 65877692 total, 48451672 free,  1215924 used, 16210096 buff/cache
KiB Swap: 33554428 total, 32379780 free,  1174648 used. 63334340 avail Mem 
--
top - 15:27:59 up 112 days,  7:11,  0 users,  load average: 0.23, 0.65, 0.95
Tasks: 402 total,   1 running, 401 sleeping,   0 stopped,   0 zombie
%Cpu(s):  0.0 us,  0.0 sy,  0.0 ni, 99.9 id,  0.0 wa,  0.0 hi,  0.0 si,  0.0 st
KiB Mem : 65877692 total, 48451228 free,  1216368 used, 16210096 buff/cache
KiB Swap: 33554428 total, 32379780 free,  1174648 used. 63333896 avail Mem 
--
top - 15:28:04 up 112 days,  7:11,  0 users,  load average: 0.21, 0.64, 0.95
Tasks: 406 total,   1 running, 405 sleeping,   0 stopped,   0 zombie
%Cpu(s):  0.4 us,  0.2 sy,  0.0 ni, 99.0 id,  0.4 wa,  0.0 hi,  0.0 si,  0.0 st
KiB Mem : 65877692 total, 48438188 free,  1229408 used, 16210096 buff/cache
KiB Swap: 33554428 total, 32379780 free,  1174648 used. 63320856 avail Mem 
--
top - 15:28:09 up 112 days,  7:12,  0 users,  load average: 0.19, 0.63, 0.94
Tasks: 406 total,   1 running, 405 sleeping,   0 stopped,   0 zombie
%Cpu(s):  0.3 us,  0.2 sy,  0.0 ni, 99.4 id,  0.0 wa,  0.0 hi,  0.0 si,  0.0 st
KiB Mem : 65877692 total, 47772156 free,  1895440 used, 16210096 buff/cache
KiB Swap: 33554428 total, 32379780 free,  1174648 used. 62654824 avail Mem 
--
top - 15:28:14 up 112 days,  7:12,  0 users,  load average: 0.18, 0.62, 0.94
Tasks: 406 total,   1 running, 405 sleeping,   0 stopped,   0 zombie
%Cpu(s):  0.1 us,  0.1 sy,  0.0 ni, 99.7 id,  0.0 wa,  0.0 hi,  0.0 si,  0.0 st
KiB Mem : 65877692 total, 47587004 free,  2080592 used, 16210096 buff/cache
KiB Swap: 33554428 total, 32379780 free,  1174648 used. 62469672 avail Mem 
--
top - 15:28:19 up 112 days,  7:12,  0 users,  load average: 0.16, 0.61, 0.93
Tasks: 406 total,   1 running, 405 sleeping,   0 stopped,   0 zombie
%Cpu(s):  0.4 us,  0.2 sy,  0.0 ni, 99.3 id,  0.0 wa,  0.0 hi,  0.0 si,  0.0 st
KiB Mem : 65877692 total, 47265316 free,  2402276 used, 16210100 buff/cache
KiB Swap: 33554428 total, 32379780 free,  1174648 used. 62147984 avail Mem 
--
top - 15:28:24 up 112 days,  7:12,  0 users,  load average: 0.15, 0.60, 0.93
Tasks: 404 total,   1 running, 403 sleeping,   0 stopped,   0 zombie
%Cpu(s):  4.4 us,  1.4 sy,  0.0 ni, 94.1 id,  0.0 wa,  0.0 hi,  0.1 si,  0.0 st
KiB Mem : 65877692 total, 40336816 free,  9330776 used, 16210100 buff/cache
KiB Swap: 33554428 total, 32379780 free,  1174648 used. 55217440 avail Mem 
--
top - 15:28:29 up 112 days,  7:12,  0 users,  load average: 0.62, 0.69, 0.96
Tasks: 404 total,   1 running, 403 sleeping,   0 stopped,   0 zombie
%Cpu(s): 17.7 us,  0.3 sy,  0.0 ni, 82.0 id,  0.0 wa,  0.0 hi,  0.0 si,  0.0 st
KiB Mem : 65877692 total, 38902400 free, 10765192 used, 16210100 buff/cache
KiB Swap: 33554428 total, 32379780 free,  1174648 used. 53785072 avail Mem 
--
top - 15:28:34 up 112 days,  7:12,  0 users,  load average: 0.89, 0.75, 0.97
Tasks: 404 total,   1 running, 403 sleeping,   0 stopped,   0 zombie
%Cpu(s): 13.5 us,  0.0 sy,  0.0 ni, 86.5 id,  0.0 wa,  0.0 hi,  0.0 si,  0.0 st
KiB Mem : 65877692 total, 39530564 free, 10137028 used, 16210100 buff/cache
KiB Swap: 33554428 total, 32379780 free,  1174648 used. 54413232 avail Mem 
--
top - 15:28:39 up 112 days,  7:12,  0 users,  load average: 0.98, 0.77, 0.98
Tasks: 404 total,   1 running, 403 sleeping,   0 stopped,   0 zombie
%Cpu(s):  7.4 us,  0.0 sy,  0.0 ni, 92.6 id,  0.0 wa,  0.0 hi,  0.0 si,  0.0 st
KiB Mem : 65877692 total, 41668036 free,  7999556 used, 16210100 buff/cache
KiB Swap: 33554428 total, 32379780 free,  1174648 used. 56550704 avail Mem 
--
top - 15:28:44 up 112 days,  7:12,  0 users,  load average: 1.06, 0.79, 0.98
Tasks: 404 total,   1 running, 403 sleeping,   0 stopped,   0 zombie
%Cpu(s):  6.1 us,  0.1 sy,  0.0 ni, 93.8 id,  0.0 wa,  0.0 hi,  0.0 si,  0.0 st
KiB Mem : 65877692 total, 45084028 free,  4583564 used, 16210100 buff/cache
KiB Swap: 33554428 total, 32379780 free,  1174648 used. 59966696 avail Mem 
--
top - 15:28:49 up 112 days,  7:12,  0 users,  load average: 0.97, 0.77, 0.98
Tasks: 405 total,   1 running, 404 sleeping,   0 stopped,   0 zombie
%Cpu(s):  3.0 us,  0.1 sy,  0.0 ni, 96.8 id,  0.0 wa,  0.0 hi,  0.0 si,  0.0 st
KiB Mem : 65877692 total, 44336280 free,  5331312 used, 16210100 buff/cache
KiB Swap: 33554428 total, 32379780 free,  1174648 used. 59218948 avail Mem 
--
top - 15:28:54 up 112 days,  7:12,  0 users,  load average: 0.98, 0.78, 0.98
Tasks: 405 total,   1 running, 404 sleeping,   0 stopped,   0 zombie
%Cpu(s):  3.1 us,  0.0 sy,  0.0 ni, 96.8 id,  0.0 wa,  0.0 hi,  0.0 si,  0.0 st
KiB Mem : 65877692 total, 44336728 free,  5330864 used, 16210100 buff/cache
KiB Swap: 33554428 total, 32379780 free,  1174648 used. 59219392 avail Mem 
--
top - 15:28:59 up 112 days,  7:12,  0 users,  load average: 0.90, 0.77, 0.97
Tasks: 404 total,   1 running, 403 sleeping,   0 stopped,   0 zombie
%Cpu(s):  0.5 us,  0.3 sy,  0.0 ni, 99.2 id,  0.0 wa,  0.0 hi,  0.0 si,  0.0 st
KiB Mem : 65877692 total, 47281912 free,  2385680 used, 16210100 buff/cache
KiB Swap: 33554428 total, 32379780 free,  1174648 used. 62164576 avail Mem 
--
top - 15:29:04 up 112 days,  7:12,  0 users,  load average: 0.83, 0.75, 0.97
Tasks: 404 total,   1 running, 403 sleeping,   0 stopped,   0 zombie
%Cpu(s):  0.0 us,  0.0 sy,  0.0 ni,100.0 id,  0.0 wa,  0.0 hi,  0.0 si,  0.0 st
KiB Mem : 65877692 total, 47283192 free,  2384400 used, 16210100 buff/cache
KiB Swap: 33554428 total, 32379780 free,  1174648 used. 62165856 avail Mem 
--
top - 15:29:09 up 112 days,  7:13,  0 users,  load average: 1.32, 0.86, 1.00
Tasks: 404 total,   1 running, 403 sleeping,   0 stopped,   0 zombie
%Cpu(s):  0.0 us,  0.0 sy,  0.0 ni,100.0 id,  0.0 wa,  0.0 hi,  0.0 si,  0.0 st
KiB Mem : 65877692 total, 47284260 free,  2383332 used, 16210100 buff/cache
KiB Swap: 33554428 total, 32379780 free,  1174648 used. 62166924 avail Mem 
--
top - 15:29:14 up 112 days,  7:13,  0 users,  load average: 1.21, 0.84, 0.99
Tasks: 404 total,   1 running, 403 sleeping,   0 stopped,   0 zombie
%Cpu(s):  0.0 us,  0.0 sy,  0.0 ni, 99.9 id,  0.0 wa,  0.0 hi,  0.0 si,  0.0 st
KiB Mem : 65877692 total, 47285648 free,  2381940 used, 16210104 buff/cache
KiB Swap: 33554428 total, 32379780 free,  1174648 used. 62168316 avail Mem 
--
top - 15:29:19 up 112 days,  7:13,  0 users,  load average: 1.12, 0.83, 0.99
Tasks: 404 total,   1 running, 403 sleeping,   0 stopped,   0 zombie
%Cpu(s):  0.0 us,  0.0 sy,  0.0 ni, 99.9 id,  0.0 wa,  0.0 hi,  0.0 si,  0.0 st
KiB Mem : 65877692 total, 47286432 free,  2381156 used, 16210104 buff/cache
KiB Swap: 33554428 total, 32379780 free,  1174648 used. 62169104 avail Mem 
--
top - 15:29:24 up 112 days,  7:13,  0 users,  load average: 1.03, 0.81, 0.98
Tasks: 404 total,   1 running, 403 sleeping,   0 stopped,   0 zombie
%Cpu(s):  0.0 us,  0.0 sy,  0.0 ni, 99.9 id,  0.0 wa,  0.0 hi,  0.0 si,  0.0 st
KiB Mem : 65877692 total, 47287060 free,  2380528 used, 16210104 buff/cache
KiB Swap: 33554428 total, 32379780 free,  1174648 used. 62169732 avail Mem 
--
top - 15:29:29 up 112 days,  7:13,  0 users,  load average: 0.95, 0.80, 0.98
Tasks: 404 total,   1 running, 403 sleeping,   0 stopped,   0 zombie
%Cpu(s):  0.0 us,  0.0 sy,  0.0 ni, 99.9 id,  0.0 wa,  0.0 hi,  0.0 si,  0.0 st
KiB Mem : 65877692 total, 47287096 free,  2380492 used, 16210104 buff/cache
KiB Swap: 33554428 total, 32379780 free,  1174648 used. 62169768 avail Mem 
--
top - 15:29:34 up 112 days,  7:13,  0 users,  load average: 0.87, 0.79, 0.97
Tasks: 404 total,   1 running, 403 sleeping,   0 stopped,   0 zombie
%Cpu(s):  0.0 us,  0.0 sy,  0.0 ni, 99.8 id,  0.1 wa,  0.0 hi,  0.0 si,  0.0 st
KiB Mem : 65877692 total, 47287864 free,  2379724 used, 16210104 buff/cache
KiB Swap: 33554428 total, 32379780 free,  1174648 used. 62170536 avail Mem 
--
top - 15:29:39 up 112 days,  7:13,  0 users,  load average: 0.80, 0.77, 0.97
Tasks: 404 total,   1 running, 403 sleeping,   0 stopped,   0 zombie
%Cpu(s):  0.0 us,  0.0 sy,  0.0 ni, 99.9 id,  0.0 wa,  0.0 hi,  0.0 si,  0.0 st
KiB Mem : 65877692 total, 47286128 free,  2381460 used, 16210104 buff/cache
KiB Swap: 33554428 total, 32379780 free,  1174648 used. 62168800 avail Mem 
--
top - 15:29:44 up 112 days,  7:13,  0 users,  load average: 0.74, 0.76, 0.96
Tasks: 404 total,   1 running, 403 sleeping,   0 stopped,   0 zombie
%Cpu(s):  0.0 us,  0.0 sy,  0.0 ni, 99.9 id,  0.0 wa,  0.0 hi,  0.0 si,  0.0 st
KiB Mem : 65877692 total, 47286948 free,  2380640 used, 16210104 buff/cache
KiB Swap: 33554428 total, 32379780 free,  1174648 used. 62169620 avail Mem 
--
top - 15:29:49 up 112 days,  7:13,  0 users,  load average: 0.68, 0.75, 0.96
Tasks: 404 total,   1 running, 403 sleeping,   0 stopped,   0 zombie
%Cpu(s):  0.0 us,  0.0 sy,  0.0 ni, 99.9 id,  0.0 wa,  0.0 hi,  0.0 si,  0.0 st
KiB Mem : 65877692 total, 47286512 free,  2381076 used, 16210104 buff/cache
KiB Swap: 33554428 total, 32379780 free,  1174648 used. 62169188 avail Mem 
--
top - 15:29:54 up 112 days,  7:13,  0 users,  load average: 0.62, 0.74, 0.95
Tasks: 404 total,   1 running, 403 sleeping,   0 stopped,   0 zombie
%Cpu(s):  0.0 us,  0.0 sy,  0.0 ni, 99.9 id,  0.0 wa,  0.0 hi,  0.0 si,  0.0 st
KiB Mem : 65877692 total, 47260056 free,  2407532 used, 16210104 buff/cache
KiB Swap: 33554428 total, 32379780 free,  1174648 used. 62142732 avail Mem 
--
top - 15:29:59 up 112 days,  7:13,  0 users,  load average: 0.57, 0.72, 0.95
Tasks: 404 total,   1 running, 403 sleeping,   0 stopped,   0 zombie
%Cpu(s):  0.5 us,  0.5 sy,  0.0 ni, 99.0 id,  0.0 wa,  0.0 hi,  0.0 si,  0.0 st
KiB Mem : 65877692 total, 46742040 free,  2925548 used, 16210104 buff/cache
KiB Swap: 33554428 total, 32379780 free,  1174648 used. 61624716 avail Mem 
--
top - 15:30:05 up 112 days,  7:13,  0 users,  load average: 0.53, 0.71, 0.94
Tasks: 408 total,   1 running, 407 sleeping,   0 stopped,   0 zombie
%Cpu(s):  0.6 us,  0.5 sy,  0.0 ni, 98.5 id,  0.3 wa,  0.0 hi,  0.0 si,  0.0 st
KiB Mem : 65877692 total, 46299952 free,  3367620 used, 16210120 buff/cache
KiB Swap: 33554428 total, 32379780 free,  1174648 used. 61182644 avail Mem 
--
top - 15:30:10 up 112 days,  7:14,  0 users,  load average: 0.49, 0.70, 0.94
Tasks: 407 total,   1 running, 406 sleeping,   0 stopped,   0 zombie
%Cpu(s):  0.1 us,  0.2 sy,  0.0 ni, 99.7 id,  0.0 wa,  0.0 hi,  0.0 si,  0.0 st
KiB Mem : 65877692 total, 46290148 free,  3377424 used, 16210120 buff/cache
KiB Swap: 33554428 total, 32379780 free,  1174648 used. 61172840 avail Mem 
--
top - 15:30:15 up 112 days,  7:14,  0 users,  load average: 0.45, 0.69, 0.93
Tasks: 404 total,   1 running, 403 sleeping,   0 stopped,   0 zombie
%Cpu(s):  4.2 us,  1.1 sy,  0.0 ni, 94.7 id,  0.0 wa,  0.0 hi,  0.0 si,  0.0 st
KiB Mem : 65877692 total, 43947400 free,  5720172 used, 16210120 buff/cache
KiB Swap: 33554428 total, 32379780 free,  1174648 used. 58830092 avail Mem 
--
top - 15:30:20 up 112 days,  7:14,  0 users,  load average: 0.73, 0.74, 0.95
Tasks: 404 total,   1 running, 403 sleeping,   0 stopped,   0 zombie
%Cpu(s): 12.6 us,  0.8 sy,  0.0 ni, 86.5 id,  0.0 wa,  0.0 hi,  0.0 si,  0.0 st
KiB Mem : 65877692 total, 39591812 free, 10075760 used, 16210120 buff/cache
KiB Swap: 33554428 total, 32379780 free,  1174648 used. 54474504 avail Mem 
--
top - 15:30:25 up 112 days,  7:14,  0 users,  load average: 0.99, 0.80, 0.97
Tasks: 404 total,   1 running, 403 sleeping,   0 stopped,   0 zombie
%Cpu(s): 12.5 us,  0.1 sy,  0.0 ni, 87.5 id,  0.0 wa,  0.0 hi,  0.0 si,  0.0 st
KiB Mem : 65877692 total, 39592092 free, 10075480 used, 16210120 buff/cache
KiB Swap: 33554428 total, 32379780 free,  1174648 used. 54474784 avail Mem 
--
top - 15:30:30 up 112 days,  7:14,  0 users,  load average: 1.07, 0.82, 0.97
Tasks: 404 total,   1 running, 403 sleeping,   0 stopped,   0 zombie
%Cpu(s):  6.8 us,  0.1 sy,  0.0 ni, 93.1 id,  0.0 wa,  0.0 hi,  0.0 si,  0.0 st
KiB Mem : 65877692 total, 43027844 free,  6639728 used, 16210120 buff/cache
KiB Swap: 33554428 total, 32379780 free,  1174648 used. 57910536 avail Mem 
--
top - 15:30:35 up 112 days,  7:14,  0 users,  load average: 1.07, 0.82, 0.97
Tasks: 404 total,   1 running, 403 sleeping,   0 stopped,   0 zombie
%Cpu(s):  3.0 us,  0.1 sy,  0.0 ni, 96.9 id,  0.0 wa,  0.0 hi,  0.0 si,  0.0 st
KiB Mem : 65877692 total, 45387720 free,  4279852 used, 16210120 buff/cache
KiB Swap: 33554428 total, 32379780 free,  1174648 used. 60270412 avail Mem 
--
top - 15:30:40 up 112 days,  7:14,  0 users,  load average: 1.46, 0.91, 1.00
Tasks: 406 total,   1 running, 405 sleeping,   0 stopped,   0 zombie
%Cpu(s):  0.1 us,  0.1 sy,  0.0 ni, 94.8 id,  5.0 wa,  0.0 hi,  0.0 si,  0.0 st
KiB Mem : 65877692 total, 46515232 free,  3152340 used, 16210120 buff/cache
KiB Swap: 33554428 total, 32379780 free,  1174648 used. 61397924 avail Mem 
--
top - 15:30:45 up 112 days,  7:14,  0 users,  load average: 1.91, 1.01, 1.03
Tasks: 406 total,   1 running, 405 sleeping,   0 stopped,   0 zombie
%Cpu(s):  0.0 us,  0.0 sy,  0.0 ni, 90.6 id,  9.3 wa,  0.0 hi,  0.0 si,  0.0 st
KiB Mem : 65877692 total, 46516612 free,  3150960 used, 16210120 buff/cache
KiB Swap: 33554428 total, 32379780 free,  1174648 used. 61399304 avail Mem 
--
top - 15:30:50 up 112 days,  7:14,  0 users,  load average: 1.75, 0.99, 1.02
Tasks: 406 total,   1 running, 405 sleeping,   0 stopped,   0 zombie
%Cpu(s):  0.0 us,  0.0 sy,  0.0 ni, 97.1 id,  2.8 wa,  0.0 hi,  0.0 si,  0.0 st
KiB Mem : 65877692 total, 46518100 free,  3149472 used, 16210120 buff/cache
KiB Swap: 33554428 total, 32379780 free,  1174648 used. 61400792 avail Mem 
--
top - 15:30:55 up 112 days,  7:14,  0 users,  load average: 1.61, 0.97, 1.02
Tasks: 406 total,   1 running, 405 sleeping,   0 stopped,   0 zombie
%Cpu(s):  0.0 us,  0.0 sy,  0.0 ni, 99.9 id,  0.0 wa,  0.0 hi,  0.0 si,  0.0 st
KiB Mem : 65877692 total, 46519560 free,  3148012 used, 16210120 buff/cache
KiB Swap: 33554428 total, 32379780 free,  1174648 used. 61402252 avail Mem 
--
top - 15:31:00 up 112 days,  7:14,  0 users,  load average: 1.48, 0.96, 1.01
Tasks: 403 total,   1 running, 402 sleeping,   0 stopped,   0 zombie
%Cpu(s):  0.1 us,  0.0 sy,  0.0 ni, 99.9 id,  0.0 wa,  0.0 hi,  0.0 si,  0.0 st
KiB Mem : 65877692 total, 46519064 free,  3148504 used, 16210124 buff/cache
KiB Swap: 33554428 total, 32379780 free,  1174648 used. 61401756 avail Mem 
--
top - 15:31:05 up 112 days,  7:14,  0 users,  load average: 1.37, 0.94, 1.01
Tasks: 402 total,   1 running, 401 sleeping,   0 stopped,   0 zombie
%Cpu(s):  0.1 us,  0.0 sy,  0.0 ni, 99.9 id,  0.0 wa,  0.0 hi,  0.0 si,  0.0 st
KiB Mem : 65877692 total, 46520520 free,  3147048 used, 16210124 buff/cache
KiB Swap: 33554428 total, 32379780 free,  1174648 used. 61403212 avail Mem 
--
top - 15:31:10 up 112 days,  7:15,  0 users,  load average: 1.26, 0.93, 1.00
Tasks: 401 total,   1 running, 400 sleeping,   0 stopped,   0 zombie
%Cpu(s):  0.0 us,  0.0 sy,  0.0 ni, 99.9 id,  0.0 wa,  0.0 hi,  0.0 si,  0.0 st
KiB Mem : 65877692 total, 46521916 free,  3145652 used, 16210124 buff/cache
KiB Swap: 33554428 total, 32379780 free,  1174648 used. 61404612 avail Mem 
--
top - 15:31:15 up 112 days,  7:15,  0 users,  load average: 1.16, 0.91, 1.00
Tasks: 401 total,   1 running, 400 sleeping,   0 stopped,   0 zombie
%Cpu(s):  0.0 us,  0.0 sy,  0.0 ni, 99.9 id,  0.0 wa,  0.0 hi,  0.0 si,  0.0 st
KiB Mem : 65877692 total, 46522676 free,  3144892 used, 16210124 buff/cache
KiB Swap: 33554428 total, 32379780 free,  1174648 used. 61405372 avail Mem 
--
top - 15:31:20 up 112 days,  7:15,  0 users,  load average: 1.06, 0.90, 0.99
Tasks: 401 total,   1 running, 400 sleeping,   0 stopped,   0 zombie
%Cpu(s):  0.0 us,  0.0 sy,  0.0 ni, 99.9 id,  0.0 wa,  0.0 hi,  0.0 si,  0.0 st
KiB Mem : 65877692 total, 46522948 free,  3144620 used, 16210124 buff/cache
KiB Swap: 33554428 total, 32379780 free,  1174648 used. 61405644 avail Mem 
--
top - 15:31:25 up 112 days,  7:15,  0 users,  load average: 0.98, 0.88, 0.99
Tasks: 401 total,   1 running, 400 sleeping,   0 stopped,   0 zombie
%Cpu(s):  0.0 us,  0.0 sy,  0.0 ni, 99.9 id,  0.0 wa,  0.0 hi,  0.0 si,  0.0 st
KiB Mem : 65877692 total, 46523696 free,  3143872 used, 16210124 buff/cache
KiB Swap: 33554428 total, 32379780 free,  1174648 used. 61406392 avail Mem 
--
top - 15:31:30 up 112 days,  7:15,  0 users,  load average: 0.90, 0.87, 0.98
Tasks: 399 total,   1 running, 398 sleeping,   0 stopped,   0 zombie
%Cpu(s):  0.1 us,  0.0 sy,  0.0 ni, 99.9 id,  0.0 wa,  0.0 hi,  0.0 si,  0.0 st
KiB Mem : 65877692 total, 46524780 free,  3142788 used, 16210124 buff/cache
KiB Swap: 33554428 total, 32379780 free,  1174648 used. 61407476 avail Mem 
--
top - 15:31:35 up 112 days,  7:15,  0 users,  load average: 0.83, 0.85, 0.98
Tasks: 399 total,   1 running, 398 sleeping,   0 stopped,   0 zombie
%Cpu(s):  0.1 us,  0.0 sy,  0.0 ni, 99.9 id,  0.0 wa,  0.0 hi,  0.0 si,  0.0 st
KiB Mem : 65877692 total, 46524312 free,  3143256 used, 16210124 buff/cache
KiB Swap: 33554428 total, 32379780 free,  1174648 used. 61407008 avail Mem 
--
top - 15:31:40 up 112 days,  7:15,  0 users,  load average: 0.76, 0.84, 0.97
Tasks: 399 total,   1 running, 398 sleeping,   0 stopped,   0 zombie
%Cpu(s):  0.1 us,  0.0 sy,  0.0 ni, 99.9 id,  0.0 wa,  0.0 hi,  0.0 si,  0.0 st
KiB Mem : 65877692 total, 46525056 free,  3142512 used, 16210124 buff/cache
KiB Swap: 33554428 total, 32379780 free,  1174648 used. 61407752 avail Mem 
--
top - 15:31:45 up 112 days,  7:15,  0 users,  load average: 0.70, 0.82, 0.97
Tasks: 399 total,   1 running, 398 sleeping,   0 stopped,   0 zombie
%Cpu(s):  0.0 us,  0.0 sy,  0.0 ni, 99.9 id,  0.0 wa,  0.0 hi,  0.0 si,  0.0 st
KiB Mem : 65877692 total, 46511604 free,  3155964 used, 16210124 buff/cache
KiB Swap: 33554428 total, 32379780 free,  1174648 used. 61394300 avail Mem 
--
top - 15:31:50 up 112 days,  7:15,  0 users,  load average: 0.64, 0.81, 0.96
Tasks: 399 total,   1 running, 398 sleeping,   0 stopped,   0 zombie
%Cpu(s):  0.5 us,  0.5 sy,  0.0 ni, 99.0 id,  0.0 wa,  0.0 hi,  0.0 si,  0.0 st
KiB Mem : 65877692 total, 45989364 free,  3678204 used, 16210124 buff/cache
KiB Swap: 33554428 total, 32379780 free,  1174648 used. 60872060 avail Mem 
--
top - 15:31:55 up 112 days,  7:15,  0 users,  load average: 0.59, 0.80, 0.95
Tasks: 399 total,   1 running, 398 sleeping,   0 stopped,   0 zombie
%Cpu(s):  0.3 us,  0.3 sy,  0.0 ni, 99.4 id,  0.0 wa,  0.0 hi,  0.0 si,  0.0 st
KiB Mem : 65877692 total, 45621944 free,  4045620 used, 16210128 buff/cache
KiB Swap: 33554428 total, 32379780 free,  1174648 used. 60504640 avail Mem 
--
top - 15:32:00 up 112 days,  7:15,  0 users,  load average: 0.54, 0.78, 0.95
Tasks: 403 total,   1 running, 402 sleeping,   0 stopped,   0 zombie
%Cpu(s):  0.5 us,  0.3 sy,  0.0 ni, 99.0 id,  0.2 wa,  0.0 hi,  0.0 si,  0.0 st
KiB Mem : 65877692 total, 45491600 free,  4175964 used, 16210128 buff/cache
KiB Swap: 33554428 total, 32379780 free,  1174648 used. 60374296 avail Mem 
--
top - 15:32:05 up 112 days,  7:15,  0 users,  load average: 0.50, 0.77, 0.94
Tasks: 400 total,   1 running, 399 sleeping,   0 stopped,   0 zombie
%Cpu(s):  0.3 us,  0.3 sy,  0.0 ni, 99.2 id,  0.1 wa,  0.0 hi,  0.0 si,  0.0 st
KiB Mem : 65877692 total, 45168080 free,  4499484 used, 16210128 buff/cache
KiB Swap: 33554428 total, 32379780 free,  1174648 used. 60050780 avail Mem 
--
top - 15:32:10 up 112 days,  7:16,  0 users,  load average: 0.86, 0.84, 0.97
Tasks: 400 total,   1 running, 399 sleeping,   0 stopped,   0 zombie
%Cpu(s): 15.7 us,  1.1 sy,  0.0 ni, 83.3 id,  0.0 wa,  0.0 hi,  0.0 si,  0.0 st
KiB Mem : 65877692 total, 39121812 free, 10545752 used, 16210128 buff/cache
KiB Swap: 33554428 total, 32379780 free,  1174648 used. 54004512 avail Mem 
--
top - 15:32:15 up 112 days,  7:16,  0 users,  load average: 1.11, 0.89, 0.98
Tasks: 400 total,   1 running, 399 sleeping,   0 stopped,   0 zombie
%Cpu(s): 13.0 us,  0.0 sy,  0.0 ni, 86.9 id,  0.0 wa,  0.0 hi,  0.0 si,  0.0 st
KiB Mem : 65877692 total, 40367652 free,  9299912 used, 16210128 buff/cache
KiB Swap: 33554428 total, 32379780 free,  1174648 used. 55250352 avail Mem 
--
top - 15:32:20 up 112 days,  7:16,  0 users,  load average: 1.26, 0.93, 0.99
Tasks: 400 total,   1 running, 399 sleeping,   0 stopped,   0 zombie
%Cpu(s):  6.1 us,  0.0 sy,  0.0 ni, 93.9 id,  0.0 wa,  0.0 hi,  0.0 si,  0.0 st
KiB Mem : 65877692 total, 42507640 free,  7159924 used, 16210128 buff/cache
KiB Swap: 33554428 total, 32379780 free,  1174648 used. 57390340 avail Mem 
--
top - 15:32:25 up 112 days,  7:16,  0 users,  load average: 1.24, 0.93, 0.99
Tasks: 400 total,   1 running, 399 sleeping,   0 stopped,   0 zombie
%Cpu(s):  3.1 us,  0.0 sy,  0.0 ni, 96.9 id,  0.0 wa,  0.0 hi,  0.0 si,  0.0 st
KiB Mem : 65877692 total, 42508012 free,  7159552 used, 16210128 buff/cache
KiB Swap: 33554428 total, 32379780 free,  1174648 used. 57390712 avail Mem 
--
top - 15:32:30 up 112 days,  7:16,  0 users,  load average: 1.14, 0.91, 0.99
Tasks: 400 total,   1 running, 399 sleeping,   0 stopped,   0 zombie
%Cpu(s):  0.8 us,  0.2 sy,  0.0 ni, 99.0 id,  0.0 wa,  0.0 hi,  0.0 si,  0.0 st
KiB Mem : 65877692 total, 45748620 free,  3918944 used, 16210128 buff/cache
KiB Swap: 33554428 total, 32379780 free,  1174648 used. 60631320 avail Mem 
--
top - 15:32:35 up 112 days,  7:16,  0 users,  load average: 1.05, 0.90, 0.98
Tasks: 400 total,   1 running, 399 sleeping,   0 stopped,   0 zombie
%Cpu(s):  0.0 us,  0.0 sy,  0.0 ni, 99.9 id,  0.0 wa,  0.0 hi,  0.0 si,  0.0 st
KiB Mem : 65877692 total, 45749192 free,  3918372 used, 16210128 buff/cache
KiB Swap: 33554428 total, 32379780 free,  1174648 used. 60631892 avail Mem 
--
top - 15:32:40 up 112 days,  7:16,  0 users,  load average: 0.97, 0.88, 0.98
Tasks: 400 total,   1 running, 399 sleeping,   0 stopped,   0 zombie
%Cpu(s):  0.0 us,  0.0 sy,  0.0 ni, 99.9 id,  0.0 wa,  0.0 hi,  0.0 si,  0.0 st
KiB Mem : 65877692 total, 45750288 free,  3917276 used, 16210128 buff/cache
KiB Swap: 33554428 total, 32379780 free,  1174648 used. 60632988 avail Mem 
--
top - 15:32:45 up 112 days,  7:16,  0 users,  load average: 0.89, 0.87, 0.97
Tasks: 400 total,   1 running, 399 sleeping,   0 stopped,   0 zombie
%Cpu(s):  0.0 us,  0.0 sy,  0.0 ni, 99.9 id,  0.0 wa,  0.0 hi,  0.0 si,  0.0 st
KiB Mem : 65877692 total, 45751296 free,  3916268 used, 16210128 buff/cache
KiB Swap: 33554428 total, 32379780 free,  1174648 used. 60633996 avail Mem 
--
top - 15:32:50 up 112 days,  7:16,  0 users,  load average: 0.82, 0.85, 0.97
Tasks: 400 total,   1 running, 399 sleeping,   0 stopped,   0 zombie
%Cpu(s):  0.0 us,  0.0 sy,  0.0 ni, 99.9 id,  0.0 wa,  0.0 hi,  0.0 si,  0.0 st
KiB Mem : 65877692 total, 45752992 free,  3914568 used, 16210132 buff/cache
KiB Swap: 33554428 total, 32379780 free,  1174648 used. 60635692 avail Mem 
--
top - 15:32:55 up 112 days,  7:16,  0 users,  load average: 0.75, 0.84, 0.96
Tasks: 400 total,   1 running, 399 sleeping,   0 stopped,   0 zombie
%Cpu(s):  0.1 us,  0.0 sy,  0.0 ni, 99.9 id,  0.0 wa,  0.0 hi,  0.0 si,  0.0 st
KiB Mem : 65877692 total, 45754240 free,  3913320 used, 16210132 buff/cache
KiB Swap: 33554428 total, 32379780 free,  1174648 used. 60636940 avail Mem 
--
top - 15:33:00 up 112 days,  7:16,  0 users,  load average: 0.69, 0.83, 0.96
Tasks: 400 total,   1 running, 399 sleeping,   0 stopped,   0 zombie
%Cpu(s):  0.0 us,  0.0 sy,  0.0 ni, 99.9 id,  0.0 wa,  0.0 hi,  0.0 si,  0.0 st
KiB Mem : 65877692 total, 45755016 free,  3912544 used, 16210132 buff/cache
KiB Swap: 33554428 total, 32379780 free,  1174648 used. 60637716 avail Mem 
--
top - 15:33:05 up 112 days,  7:16,  0 users,  load average: 0.64, 0.81, 0.95
Tasks: 399 total,   1 running, 398 sleeping,   0 stopped,   0 zombie
%Cpu(s):  0.0 us,  0.0 sy,  0.0 ni, 99.9 id,  0.0 wa,  0.0 hi,  0.0 si,  0.0 st
KiB Mem : 65877692 total, 45756556 free,  3911004 used, 16210132 buff/cache
KiB Swap: 33554428 total, 32379780 free,  1174648 used. 60639256 avail Mem 
--
top - 15:33:10 up 112 days,  7:17,  0 users,  load average: 0.59, 0.80, 0.95
Tasks: 399 total,   1 running, 398 sleeping,   0 stopped,   0 zombie
%Cpu(s):  0.0 us,  0.0 sy,  0.0 ni, 99.9 id,  0.0 wa,  0.0 hi,  0.0 si,  0.0 st
KiB Mem : 65877692 total, 45757204 free,  3910356 used, 16210132 buff/cache
KiB Swap: 33554428 total, 32379780 free,  1174648 used. 60639904 avail Mem 
--
top - 15:33:15 up 112 days,  7:17,  0 users,  load average: 0.54, 0.79, 0.94
Tasks: 399 total,   1 running, 398 sleeping,   0 stopped,   0 zombie
%Cpu(s):  0.0 us,  0.0 sy,  0.0 ni, 99.9 id,  0.0 wa,  0.0 hi,  0.0 si,  0.0 st
KiB Mem : 65877692 total, 45757344 free,  3910216 used, 16210132 buff/cache
KiB Swap: 33554428 total, 32379780 free,  1174648 used. 60640044 avail Mem 
--
top - 15:33:20 up 112 days,  7:17,  0 users,  load average: 0.50, 0.77, 0.94
Tasks: 399 total,   1 running, 398 sleeping,   0 stopped,   0 zombie
%Cpu(s):  0.1 us,  0.0 sy,  0.0 ni, 99.9 id,  0.0 wa,  0.0 hi,  0.0 si,  0.0 st
KiB Mem : 65877692 total, 45757876 free,  3909684 used, 16210132 buff/cache
KiB Swap: 33554428 total, 32379780 free,  1174648 used. 60640576 avail Mem 
--
top - 15:33:25 up 112 days,  7:17,  0 users,  load average: 0.46, 0.76, 0.93
Tasks: 399 total,   1 running, 398 sleeping,   0 stopped,   0 zombie
%Cpu(s):  0.1 us,  0.0 sy,  0.0 ni, 99.9 id,  0.0 wa,  0.0 hi,  0.0 si,  0.0 st
KiB Mem : 65877692 total, 45758864 free,  3908696 used, 16210132 buff/cache
KiB Swap: 33554428 total, 32379780 free,  1174648 used. 60641564 avail Mem 
--
top - 15:33:30 up 112 days,  7:17,  0 users,  load average: 0.42, 0.75, 0.93
Tasks: 399 total,   1 running, 398 sleeping,   0 stopped,   0 zombie
%Cpu(s):  0.1 us,  0.0 sy,  0.0 ni, 99.9 id,  0.0 wa,  0.0 hi,  0.0 si,  0.0 st
KiB Mem : 65877692 total, 45758152 free,  3909408 used, 16210132 buff/cache
KiB Swap: 33554428 total, 32379780 free,  1174648 used. 60640852 avail Mem 
--
top - 15:33:35 up 112 days,  7:17,  0 users,  load average: 0.39, 0.73, 0.92
Tasks: 399 total,   1 running, 398 sleeping,   0 stopped,   0 zombie
%Cpu(s):  0.0 us,  0.0 sy,  0.0 ni, 99.9 id,  0.0 wa,  0.0 hi,  0.0 si,  0.0 st
KiB Mem : 65877692 total, 45757148 free,  3910412 used, 16210132 buff/cache
KiB Swap: 33554428 total, 32379780 free,  1174648 used. 60639848 avail Mem 
--
top - 15:33:40 up 112 days,  7:17,  0 users,  load average: 0.44, 0.74, 0.92
Tasks: 399 total,   1 running, 398 sleeping,   0 stopped,   0 zombie
%Cpu(s):  0.3 us,  0.3 sy,  0.0 ni, 99.4 id,  0.0 wa,  0.0 hi,  0.0 si,  0.0 st
KiB Mem : 65877692 total, 45476472 free,  4191084 used, 16210136 buff/cache
KiB Swap: 33554428 total, 32379780 free,  1174648 used. 60359180 avail Mem 
--
top - 15:33:45 up 112 days,  7:17,  0 users,  load average: 0.40, 0.73, 0.92
Tasks: 399 total,   1 running, 398 sleeping,   0 stopped,   0 zombie
%Cpu(s):  0.3 us,  0.3 sy,  0.0 ni, 99.3 id,  0.0 wa,  0.0 hi,  0.0 si,  0.0 st
KiB Mem : 65877692 total, 44936620 free,  4730936 used, 16210136 buff/cache
KiB Swap: 33554428 total, 32379780 free,  1174648 used. 59819328 avail Mem 
--
top - 15:33:50 up 112 days,  7:17,  0 users,  load average: 0.37, 0.71, 0.91
Tasks: 399 total,   1 running, 398 sleeping,   0 stopped,   0 zombie
%Cpu(s):  0.4 us,  0.3 sy,  0.0 ni, 99.3 id,  0.0 wa,  0.0 hi,  0.0 si,  0.0 st
KiB Mem : 65877692 total, 44526884 free,  5140672 used, 16210136 buff/cache
KiB Swap: 33554428 total, 32379780 free,  1174648 used. 59409592 avail Mem 
--
top - 15:33:55 up 112 days,  7:17,  0 users,  load average: 0.34, 0.70, 0.91
Tasks: 399 total,   1 running, 398 sleeping,   0 stopped,   0 zombie
%Cpu(s):  0.1 us,  0.1 sy,  0.0 ni, 99.8 id,  0.0 wa,  0.0 hi,  0.0 si,  0.0 st
KiB Mem : 65877692 total, 44503740 free,  5163816 used, 16210136 buff/cache
KiB Swap: 33554428 total, 32379780 free,  1174648 used. 59386448 avail Mem 
--
top - 15:34:00 up 112 days,  7:17,  0 users,  load average: 0.31, 0.69, 0.90
Tasks: 396 total,   2 running, 394 sleeping,   0 stopped,   0 zombie
%Cpu(s):  8.4 us,  1.9 sy,  0.0 ni, 89.3 id,  0.3 wa,  0.0 hi,  0.1 si,  0.0 st
KiB Mem : 65877692 total, 37205240 free, 12462364 used, 16210088 buff/cache
KiB Swap: 33554428 total, 32379780 free,  1174648 used. 52087948 avail Mem 
--
top - 15:34:05 up 112 days,  7:17,  0 users,  load average: 0.69, 0.76, 0.92
Tasks: 400 total,   1 running, 399 sleeping,   0 stopped,   0 zombie
%Cpu(s): 15.6 us,  0.0 sy,  0.0 ni, 84.3 id,  0.0 wa,  0.0 hi,  0.0 si,  0.0 st
KiB Mem : 65877692 total, 37209468 free, 12458088 used, 16210136 buff/cache
KiB Swap: 33554428 total, 32379780 free,  1174648 used. 52092176 avail Mem 
--
top - 15:34:10 up 112 days,  7:18,  0 users,  load average: 0.87, 0.80, 0.93
Tasks: 400 total,   1 running, 399 sleeping,   0 stopped,   0 zombie
%Cpu(s): 12.6 us,  0.0 sy,  0.0 ni, 87.4 id,  0.0 wa,  0.0 hi,  0.0 si,  0.0 st
KiB Mem : 65877692 total, 37839004 free, 11828552 used, 16210136 buff/cache
KiB Swap: 33554428 total, 32379780 free,  1174648 used. 52721712 avail Mem 
--
top - 15:34:15 up 112 days,  7:18,  0 users,  load average: 1.12, 0.85, 0.95
Tasks: 400 total,   1 running, 399 sleeping,   0 stopped,   0 zombie
%Cpu(s):  7.5 us,  0.1 sy,  0.0 ni, 92.3 id,  0.0 wa,  0.0 hi,  0.0 si,  0.0 st
KiB Mem : 65877692 total, 43926712 free,  5740844 used, 16210136 buff/cache
KiB Swap: 33554428 total, 32379780 free,  1174648 used. 58809420 avail Mem 
--
top - 15:34:21 up 112 days,  7:18,  0 users,  load average: 1.03, 0.84, 0.95
Tasks: 400 total,   1 running, 399 sleeping,   0 stopped,   0 zombie
%Cpu(s):  0.1 us,  0.2 sy,  0.0 ni, 99.7 id,  0.1 wa,  0.0 hi,  0.0 si,  0.0 st
KiB Mem : 65877692 total, 44894132 free,  4773424 used, 16210136 buff/cache
KiB Swap: 33554428 total, 32379780 free,  1174648 used. 59776840 avail Mem 
--
top - 15:34:26 up 112 days,  7:18,  0 users,  load average: 0.95, 0.82, 0.94
Tasks: 400 total,   1 running, 399 sleeping,   0 stopped,   0 zombie
%Cpu(s):  0.1 us,  0.0 sy,  0.0 ni, 99.9 id,  0.0 wa,  0.0 hi,  0.0 si,  0.0 st
KiB Mem : 65877692 total, 44896312 free,  4771244 used, 16210136 buff/cache
KiB Swap: 33554428 total, 32379780 free,  1174648 used. 59779020 avail Mem 
--
top - 15:34:31 up 112 days,  7:18,  0 users,  load average: 0.87, 0.81, 0.94
Tasks: 400 total,   1 running, 399 sleeping,   0 stopped,   0 zombie
%Cpu(s):  0.1 us,  0.0 sy,  0.0 ni, 99.9 id,  0.0 wa,  0.0 hi,  0.0 si,  0.0 st
KiB Mem : 65877692 total, 44898380 free,  4769176 used, 16210136 buff/cache
KiB Swap: 33554428 total, 32379780 free,  1174648 used. 59781088 avail Mem 
--
top - 15:34:36 up 112 days,  7:18,  0 users,  load average: 0.80, 0.80, 0.93
Tasks: 400 total,   1 running, 399 sleeping,   0 stopped,   0 zombie
%Cpu(s):  0.1 us,  0.0 sy,  0.0 ni, 99.9 id,  0.0 wa,  0.0 hi,  0.0 si,  0.0 st
KiB Mem : 65877692 total, 44899676 free,  4767876 used, 16210140 buff/cache
KiB Swap: 33554428 total, 32379780 free,  1174648 used. 59782388 avail Mem 
--
top - 15:34:41 up 112 days,  7:18,  0 users,  load average: 0.74, 0.78, 0.93
Tasks: 400 total,   1 running, 399 sleeping,   0 stopped,   0 zombie
%Cpu(s):  0.1 us,  0.0 sy,  0.0 ni, 99.9 id,  0.0 wa,  0.0 hi,  0.0 si,  0.0 st
KiB Mem : 65877692 total, 44901072 free,  4766480 used, 16210140 buff/cache
KiB Swap: 33554428 total, 32379780 free,  1174648 used. 59783784 avail Mem 
--
top - 15:34:46 up 112 days,  7:18,  0 users,  load average: 0.68, 0.77, 0.92
Tasks: 400 total,   1 running, 399 sleeping,   0 stopped,   0 zombie
%Cpu(s):  0.0 us,  0.0 sy,  0.0 ni, 99.9 id,  0.0 wa,  0.0 hi,  0.0 si,  0.0 st
KiB Mem : 65877692 total, 44900164 free,  4767388 used, 16210140 buff/cache
KiB Swap: 33554428 total, 32379780 free,  1174648 used. 59782876 avail Mem 
--
top - 15:34:51 up 112 days,  7:18,  0 users,  load average: 0.63, 0.76, 0.92
Tasks: 400 total,   1 running, 399 sleeping,   0 stopped,   0 zombie
%Cpu(s):  0.1 us,  0.0 sy,  0.0 ni, 99.9 id,  0.0 wa,  0.0 hi,  0.0 si,  0.0 st
KiB Mem : 65877692 total, 44901432 free,  4766120 used, 16210140 buff/cache
KiB Swap: 33554428 total, 32379780 free,  1174648 used. 59784144 avail Mem 
--
top - 15:34:56 up 112 days,  7:18,  0 users,  load average: 0.58, 0.75, 0.91
Tasks: 400 total,   1 running, 399 sleeping,   0 stopped,   0 zombie
%Cpu(s):  0.0 us,  0.0 sy,  0.0 ni, 99.9 id,  0.0 wa,  0.0 hi,  0.0 si,  0.0 st
KiB Mem : 65877692 total, 44902324 free,  4765228 used, 16210140 buff/cache
KiB Swap: 33554428 total, 32379780 free,  1174648 used. 59785036 avail Mem 
--
top - 15:35:01 up 112 days,  7:18,  0 users,  load average: 0.53, 0.73, 0.91
Tasks: 397 total,   1 running, 396 sleeping,   0 stopped,   0 zombie
%Cpu(s):  0.1 us,  0.0 sy,  0.0 ni, 99.9 id,  0.0 wa,  0.0 hi,  0.0 si,  0.0 st
KiB Mem : 65877692 total, 44903416 free,  4764136 used, 16210140 buff/cache
KiB Swap: 33554428 total, 32379780 free,  1174648 used. 59786128 avail Mem 
--
top - 15:35:06 up 112 days,  7:18,  0 users,  load average: 0.49, 0.72, 0.90
Tasks: 397 total,   1 running, 396 sleeping,   0 stopped,   0 zombie
%Cpu(s):  0.0 us,  0.0 sy,  0.0 ni, 99.9 id,  0.0 wa,  0.0 hi,  0.0 si,  0.0 st
KiB Mem : 65877692 total, 44902224 free,  4765328 used, 16210140 buff/cache
KiB Swap: 33554428 total, 32379780 free,  1174648 used. 59784936 avail Mem 
--
top - 15:35:11 up 112 days,  7:19,  0 users,  load average: 0.45, 0.71, 0.90
Tasks: 396 total,   1 running, 395 sleeping,   0 stopped,   0 zombie
%Cpu(s):  0.0 us,  0.0 sy,  0.0 ni, 99.9 id,  0.0 wa,  0.0 hi,  0.0 si,  0.0 st
KiB Mem : 65877692 total, 44902616 free,  4764936 used, 16210140 buff/cache
KiB Swap: 33554428 total, 32379780 free,  1174648 used. 59785328 avail Mem 
--
top - 15:35:16 up 112 days,  7:19,  0 users,  load average: 0.41, 0.70, 0.89
Tasks: 396 total,   1 running, 395 sleeping,   0 stopped,   0 zombie
%Cpu(s):  0.0 us,  0.0 sy,  0.0 ni, 99.9 id,  0.0 wa,  0.0 hi,  0.0 si,  0.0 st
KiB Mem : 65877692 total, 44903188 free,  4764364 used, 16210140 buff/cache
KiB Swap: 33554428 total, 32379780 free,  1174648 used. 59785900 avail Mem 
--
top - 15:35:21 up 112 days,  7:19,  0 users,  load average: 0.38, 0.69, 0.89
Tasks: 396 total,   1 running, 395 sleeping,   0 stopped,   0 zombie
%Cpu(s):  0.1 us,  0.0 sy,  0.0 ni, 99.9 id,  0.0 wa,  0.0 hi,  0.0 si,  0.0 st
KiB Mem : 65877692 total, 44903472 free,  4764080 used, 16210140 buff/cache
KiB Swap: 33554428 total, 32379780 free,  1174648 used. 59786184 avail Mem 
--
top - 15:35:26 up 112 days,  7:19,  0 users,  load average: 0.35, 0.67, 0.88
Tasks: 396 total,   2 running, 394 sleeping,   0 stopped,   0 zombie
%Cpu(s):  0.1 us,  0.0 sy,  0.0 ni, 99.9 id,  0.0 wa,  0.0 hi,  0.0 si,  0.0 st
KiB Mem : 65877692 total, 44903896 free,  4763656 used, 16210140 buff/cache
KiB Swap: 33554428 total, 32379780 free,  1174648 used. 59786608 avail Mem 
--
top - 15:35:31 up 112 days,  7:19,  0 users,  load average: 0.32, 0.66, 0.88
Tasks: 396 total,   1 running, 395 sleeping,   0 stopped,   0 zombie
%Cpu(s):  0.0 us,  0.0 sy,  0.0 ni, 98.3 id,  1.6 wa,  0.0 hi,  0.0 si,  0.0 st
KiB Mem : 65877692 total, 44881556 free,  4785992 used, 16210144 buff/cache
KiB Swap: 33554428 total, 32379780 free,  1174648 used. 59764272 avail Mem 
--
top - 15:35:36 up 112 days,  7:19,  0 users,  load average: 0.86, 0.77, 0.91
Tasks: 397 total,   1 running, 396 sleeping,   0 stopped,   0 zombie
%Cpu(s):  0.0 us,  0.0 sy,  0.0 ni, 90.7 id,  9.2 wa,  0.0 hi,  0.0 si,  0.0 st
KiB Mem : 65877692 total, 44867904 free,  4799644 used, 16210144 buff/cache
KiB Swap: 33554428 total, 32379780 free,  1174648 used. 59750620 avail Mem 
--
top - 15:35:41 up 112 days,  7:19,  0 users,  load average: 1.51, 0.90, 0.95
Tasks: 397 total,   1 running, 396 sleeping,   0 stopped,   0 zombie
%Cpu(s):  0.6 us,  0.5 sy,  0.0 ni, 92.9 id,  6.0 wa,  0.0 hi,  0.0 si,  0.0 st
KiB Mem : 65877692 total, 44166248 free,  5501300 used, 16210144 buff/cache
KiB Swap: 33554428 total, 32379780 free,  1174648 used. 59048964 avail Mem 
--
top - 15:35:46 up 112 days,  7:19,  0 users,  load average: 1.39, 0.89, 0.95
Tasks: 397 total,   1 running, 396 sleeping,   0 stopped,   0 zombie
%Cpu(s):  0.2 us,  0.2 sy,  0.0 ni, 99.6 id,  0.0 wa,  0.0 hi,  0.0 si,  0.0 st
KiB Mem : 65877692 total, 44093960 free,  5573588 used, 16210144 buff/cache
KiB Swap: 33554428 total, 32379780 free,  1174648 used. 58976676 avail Mem 
--
top - 15:35:51 up 112 days,  7:19,  0 users,  load average: 1.28, 0.87, 0.94
Tasks: 395 total,   2 running, 393 sleeping,   0 stopped,   0 zombie
%Cpu(s):  8.6 us,  1.0 sy,  0.0 ni, 90.3 id,  0.1 wa,  0.0 hi,  0.0 si,  0.0 st
KiB Mem : 65877692 total, 39760256 free,  9907292 used, 16210144 buff/cache
KiB Swap: 33554428 total, 32379780 free,  1174648 used. 54642972 avail Mem 
--
top - 15:35:56 up 112 days,  7:19,  0 users,  load average: 1.33, 0.89, 0.95
Tasks: 395 total,   1 running, 394 sleeping,   0 stopped,   0 zombie
%Cpu(s):  9.4 us,  0.0 sy,  0.0 ni, 90.6 id,  0.0 wa,  0.0 hi,  0.0 si,  0.0 st
KiB Mem : 65877692 total, 39758984 free,  9908564 used, 16210144 buff/cache
KiB Swap: 33554428 total, 32379780 free,  1174648 used. 54641700 avail Mem 
--
top - 15:36:01 up 112 days,  7:19,  0 users,  load average: 1.31, 0.90, 0.95
Tasks: 396 total,   1 running, 395 sleeping,   0 stopped,   0 zombie
%Cpu(s):  8.1 us,  0.2 sy,  0.0 ni, 91.3 id,  0.4 wa,  0.0 hi,  0.0 si,  0.0 st
KiB Mem : 65877692 total, 41779808 free,  7887736 used, 16210148 buff/cache
KiB Swap: 33554428 total, 32379780 free,  1174648 used. 56662528 avail Mem 
--
top - 15:36:06 up 112 days,  7:19,  0 users,  load average: 1.28, 0.90, 0.95
Tasks: 396 total,   1 running, 395 sleeping,   0 stopped,   0 zombie
%Cpu(s):  2.1 us,  0.2 sy,  0.0 ni, 97.8 id,  0.0 wa,  0.0 hi,  0.0 si,  0.0 st
KiB Mem : 65877692 total, 44273264 free,  5394280 used, 16210148 buff/cache
KiB Swap: 33554428 total, 32379780 free,  1174648 used. 59155984 avail Mem 
