Job id: 4755781
Worker ip: 10.149.0.66
Master ip: 10.149.0.54
--
top - 16:08:49 up 112 days,  7:50,  0 users,  load average: 0.22, 0.25, 0.20
Tasks: 400 total,   1 running, 399 sleeping,   0 stopped,   0 zombie
%Cpu(s):  2.8 us,  4.7 sy,  0.0 ni, 92.4 id,  0.0 wa,  0.0 hi,  0.2 si,  0.0 st
KiB Mem : 65877692 total, 50183704 free,  1243652 used, 14450336 buff/cache
KiB Swap: 33554428 total, 32398200 free,  1156228 used. 63248784 avail Mem 
--
top - 16:08:54 up 112 days,  7:50,  0 users,  load average: 0.20, 0.25, 0.20
Tasks: 403 total,   1 running, 402 sleeping,   0 stopped,   0 zombie
%Cpu(s):  1.7 us,  0.4 sy,  0.0 ni, 97.9 id,  0.0 wa,  0.0 hi,  0.0 si,  0.0 st
KiB Mem : 65877692 total, 50163380 free,  1257192 used, 14457120 buff/cache
KiB Swap: 33554428 total, 32398200 free,  1156228 used. 63235116 avail Mem 
--
top - 16:08:59 up 112 days,  7:51,  0 users,  load average: 0.19, 0.24, 0.20
Tasks: 401 total,   1 running, 400 sleeping,   0 stopped,   0 zombie
%Cpu(s):  0.0 us,  0.0 sy,  0.0 ni,100.0 id,  0.0 wa,  0.0 hi,  0.0 si,  0.0 st
KiB Mem : 65877692 total, 50164376 free,  1256196 used, 14457120 buff/cache
KiB Swap: 33554428 total, 32398200 free,  1156228 used. 63236112 avail Mem 
--
top - 16:09:04 up 112 days,  7:51,  0 users,  load average: 0.17, 0.24, 0.20
Tasks: 401 total,   1 running, 400 sleeping,   0 stopped,   0 zombie
%Cpu(s):  0.0 us,  0.0 sy,  0.0 ni, 99.9 id,  0.0 wa,  0.0 hi,  0.0 si,  0.0 st
KiB Mem : 65877692 total, 50164592 free,  1255980 used, 14457120 buff/cache
KiB Swap: 33554428 total, 32398200 free,  1156228 used. 63236328 avail Mem 
--
top - 16:09:09 up 112 days,  7:51,  0 users,  load average: 0.16, 0.23, 0.20
Tasks: 400 total,   1 running, 399 sleeping,   0 stopped,   0 zombie
%Cpu(s):  0.0 us,  0.0 sy,  0.0 ni,100.0 id,  0.0 wa,  0.0 hi,  0.0 si,  0.0 st
KiB Mem : 65877692 total, 50165600 free,  1254972 used, 14457120 buff/cache
KiB Swap: 33554428 total, 32398200 free,  1156228 used. 63237336 avail Mem 
--
top - 16:09:14 up 112 days,  7:51,  0 users,  load average: 0.15, 0.23, 0.20
Tasks: 400 total,   1 running, 399 sleeping,   0 stopped,   0 zombie
%Cpu(s):  0.0 us,  0.0 sy,  0.0 ni, 99.9 id,  0.0 wa,  0.0 hi,  0.0 si,  0.0 st
KiB Mem : 65877692 total, 50166592 free,  1253980 used, 14457120 buff/cache
KiB Swap: 33554428 total, 32398200 free,  1156228 used. 63238328 avail Mem 
--
top - 16:09:19 up 112 days,  7:51,  0 users,  load average: 0.14, 0.23, 0.20
Tasks: 400 total,   1 running, 399 sleeping,   0 stopped,   0 zombie
%Cpu(s):  0.0 us,  0.0 sy,  0.0 ni, 99.9 id,  0.0 wa,  0.0 hi,  0.0 si,  0.0 st
KiB Mem : 65877692 total, 50166712 free,  1253860 used, 14457120 buff/cache
KiB Swap: 33554428 total, 32398200 free,  1156228 used. 63238448 avail Mem 
--
top - 16:09:25 up 112 days,  7:51,  0 users,  load average: 0.12, 0.22, 0.20
Tasks: 400 total,   1 running, 399 sleeping,   0 stopped,   0 zombie
%Cpu(s):  0.0 us,  0.0 sy,  0.0 ni,100.0 id,  0.0 wa,  0.0 hi,  0.0 si,  0.0 st
KiB Mem : 65877692 total, 50168392 free,  1252180 used, 14457120 buff/cache
KiB Swap: 33554428 total, 32398200 free,  1156228 used. 63240128 avail Mem 
--
top - 16:09:30 up 112 days,  7:51,  0 users,  load average: 0.11, 0.22, 0.19
Tasks: 400 total,   1 running, 399 sleeping,   0 stopped,   0 zombie
%Cpu(s):  0.0 us,  0.0 sy,  0.0 ni, 99.9 id,  0.0 wa,  0.0 hi,  0.0 si,  0.0 st
KiB Mem : 65877692 total, 50167244 free,  1253328 used, 14457120 buff/cache
KiB Swap: 33554428 total, 32398200 free,  1156228 used. 63238980 avail Mem 
--
top - 16:09:35 up 112 days,  7:51,  0 users,  load average: 0.11, 0.22, 0.19
Tasks: 400 total,   1 running, 399 sleeping,   0 stopped,   0 zombie
%Cpu(s):  0.0 us,  0.0 sy,  0.0 ni,100.0 id,  0.0 wa,  0.0 hi,  0.0 si,  0.0 st
KiB Mem : 65877692 total, 50167772 free,  1252800 used, 14457120 buff/cache
KiB Swap: 33554428 total, 32398200 free,  1156228 used. 63239508 avail Mem 
--
top - 16:09:40 up 112 days,  7:51,  0 users,  load average: 0.10, 0.21, 0.19
Tasks: 400 total,   1 running, 399 sleeping,   0 stopped,   0 zombie
%Cpu(s):  0.0 us,  0.0 sy,  0.0 ni,100.0 id,  0.0 wa,  0.0 hi,  0.0 si,  0.0 st
KiB Mem : 65877692 total, 50165876 free,  1254696 used, 14457120 buff/cache
KiB Swap: 33554428 total, 32398200 free,  1156228 used. 63237612 avail Mem 
--
top - 16:09:45 up 112 days,  7:51,  0 users,  load average: 0.09, 0.21, 0.19
Tasks: 400 total,   1 running, 399 sleeping,   0 stopped,   0 zombie
%Cpu(s):  0.0 us,  0.0 sy,  0.0 ni, 99.9 id,  0.0 wa,  0.0 hi,  0.0 si,  0.0 st
KiB Mem : 65877692 total, 50166204 free,  1254364 used, 14457124 buff/cache
KiB Swap: 33554428 total, 32398200 free,  1156228 used. 63237944 avail Mem 
--
top - 16:09:50 up 112 days,  7:51,  0 users,  load average: 0.08, 0.20, 0.19
Tasks: 400 total,   1 running, 399 sleeping,   0 stopped,   0 zombie
%Cpu(s):  0.1 us,  0.0 sy,  0.0 ni, 99.9 id,  0.0 wa,  0.0 hi,  0.0 si,  0.0 st
KiB Mem : 65877692 total, 50166472 free,  1254096 used, 14457124 buff/cache
KiB Swap: 33554428 total, 32398200 free,  1156228 used. 63238212 avail Mem 
--
top - 16:09:55 up 112 days,  7:51,  0 users,  load average: 0.08, 0.20, 0.19
Tasks: 400 total,   1 running, 399 sleeping,   0 stopped,   0 zombie
%Cpu(s):  0.0 us,  0.0 sy,  0.0 ni,100.0 id,  0.0 wa,  0.0 hi,  0.0 si,  0.0 st
KiB Mem : 65877692 total, 50166720 free,  1253848 used, 14457124 buff/cache
KiB Swap: 33554428 total, 32398200 free,  1156228 used. 63238460 avail Mem 
--
top - 16:10:00 up 112 days,  7:52,  0 users,  load average: 0.07, 0.20, 0.19
Tasks: 406 total,   2 running, 404 sleeping,   0 stopped,   0 zombie
%Cpu(s):  0.3 us,  0.2 sy,  0.0 ni, 99.5 id,  0.0 wa,  0.0 hi,  0.0 si,  0.0 st
KiB Mem : 65877692 total, 50157256 free,  1263312 used, 14457124 buff/cache
KiB Swap: 33554428 total, 32398200 free,  1156228 used. 63228996 avail Mem 
--
top - 16:10:05 up 112 days,  7:52,  0 users,  load average: 0.06, 0.19, 0.19
Tasks: 403 total,   1 running, 402 sleeping,   0 stopped,   0 zombie
%Cpu(s):  0.1 us,  0.1 sy,  0.0 ni, 99.5 id,  0.3 wa,  0.0 hi,  0.0 si,  0.0 st
KiB Mem : 65877692 total, 50162212 free,  1258352 used, 14457128 buff/cache
KiB Swap: 33554428 total, 32398200 free,  1156228 used. 63233960 avail Mem 
--
top - 16:10:10 up 112 days,  7:52,  0 users,  load average: 0.06, 0.19, 0.19
Tasks: 403 total,   1 running, 402 sleeping,   0 stopped,   0 zombie
%Cpu(s):  0.0 us,  0.0 sy,  0.0 ni, 99.9 id,  0.0 wa,  0.0 hi,  0.0 si,  0.0 st
KiB Mem : 65877692 total, 50163568 free,  1256996 used, 14457128 buff/cache
KiB Swap: 33554428 total, 32398200 free,  1156228 used. 63235316 avail Mem 
--
top - 16:10:15 up 112 days,  7:52,  0 users,  load average: 0.05, 0.19, 0.19
Tasks: 403 total,   1 running, 402 sleeping,   0 stopped,   0 zombie
%Cpu(s):  0.0 us,  0.0 sy,  0.0 ni, 99.9 id,  0.0 wa,  0.0 hi,  0.0 si,  0.0 st
KiB Mem : 65877692 total, 50164320 free,  1256244 used, 14457128 buff/cache
KiB Swap: 33554428 total, 32398200 free,  1156228 used. 63236068 avail Mem 
--
top - 16:10:20 up 112 days,  7:52,  0 users,  load average: 0.05, 0.18, 0.18
Tasks: 403 total,   1 running, 402 sleeping,   0 stopped,   0 zombie
%Cpu(s):  0.0 us,  0.0 sy,  0.0 ni,100.0 id,  0.0 wa,  0.0 hi,  0.0 si,  0.0 st
KiB Mem : 65877692 total, 50165128 free,  1255436 used, 14457128 buff/cache
KiB Swap: 33554428 total, 32398200 free,  1156228 used. 63236876 avail Mem 
--
top - 16:10:25 up 112 days,  7:52,  0 users,  load average: 0.05, 0.18, 0.18
Tasks: 403 total,   1 running, 402 sleeping,   0 stopped,   0 zombie
%Cpu(s):  0.0 us,  0.0 sy,  0.0 ni, 99.9 id,  0.0 wa,  0.0 hi,  0.0 si,  0.0 st
KiB Mem : 65877692 total, 50165540 free,  1255024 used, 14457128 buff/cache
KiB Swap: 33554428 total, 32398200 free,  1156228 used. 63237288 avail Mem 
--
top - 16:10:30 up 112 days,  7:52,  0 users,  load average: 0.04, 0.18, 0.18
Tasks: 403 total,   1 running, 402 sleeping,   0 stopped,   0 zombie
%Cpu(s):  0.1 us,  0.1 sy,  0.0 ni, 99.8 id,  0.0 wa,  0.0 hi,  0.0 si,  0.0 st
KiB Mem : 65877692 total, 49981008 free,  1439556 used, 14457128 buff/cache
KiB Swap: 33554428 total, 32398200 free,  1156228 used. 63052756 avail Mem 
--
top - 16:10:35 up 112 days,  7:52,  0 users,  load average: 0.04, 0.18, 0.18
Tasks: 403 total,   1 running, 402 sleeping,   0 stopped,   0 zombie
%Cpu(s):  0.3 us,  0.2 sy,  0.0 ni, 99.4 id,  0.0 wa,  0.0 hi,  0.0 si,  0.0 st
KiB Mem : 65877692 total, 49309944 free,  2110620 used, 14457128 buff/cache
KiB Swap: 33554428 total, 32398200 free,  1156228 used. 62381692 avail Mem 
--
top - 16:10:40 up 112 days,  7:52,  0 users,  load average: 0.04, 0.17, 0.18
Tasks: 403 total,   1 running, 402 sleeping,   0 stopped,   0 zombie
%Cpu(s):  0.0 us,  0.0 sy,  0.0 ni,100.0 id,  0.0 wa,  0.0 hi,  0.0 si,  0.0 st
KiB Mem : 65877692 total, 49306584 free,  2113976 used, 14457132 buff/cache
KiB Swap: 33554428 total, 32398200 free,  1156228 used. 62378336 avail Mem 
--
top - 16:10:45 up 112 days,  7:52,  0 users,  load average: 0.03, 0.17, 0.18
Tasks: 403 total,   1 running, 402 sleeping,   0 stopped,   0 zombie
%Cpu(s):  0.2 us,  0.2 sy,  0.0 ni, 99.6 id,  0.0 wa,  0.0 hi,  0.0 si,  0.0 st
KiB Mem : 65877692 total, 49005064 free,  2415496 used, 14457132 buff/cache
KiB Swap: 33554428 total, 32398200 free,  1156228 used. 62076816 avail Mem 
--
top - 16:10:50 up 112 days,  7:52,  0 users,  load average: 0.03, 0.17, 0.18
Tasks: 403 total,   1 running, 402 sleeping,   0 stopped,   0 zombie
%Cpu(s):  4.2 us,  1.4 sy,  0.0 ni, 94.4 id,  0.0 wa,  0.0 hi,  0.0 si,  0.0 st
KiB Mem : 65877692 total, 42546384 free,  8874176 used, 14457132 buff/cache
KiB Swap: 33554428 total, 32398200 free,  1156228 used. 55618136 avail Mem 
--
top - 16:10:55 up 112 days,  7:52,  0 users,  load average: 0.51, 0.26, 0.21
Tasks: 402 total,   1 running, 401 sleeping,   0 stopped,   0 zombie
%Cpu(s): 17.6 us,  0.2 sy,  0.0 ni, 82.2 id,  0.0 wa,  0.0 hi,  0.0 si,  0.0 st
KiB Mem : 65877692 total, 41549460 free,  9871100 used, 14457132 buff/cache
KiB Swap: 33554428 total, 32398200 free,  1156228 used. 54621212 avail Mem 
--
top - 16:11:00 up 112 days,  7:53,  0 users,  load average: 0.87, 0.34, 0.24
Tasks: 400 total,   1 running, 399 sleeping,   0 stopped,   0 zombie
%Cpu(s): 13.9 us,  0.0 sy,  0.0 ni, 86.0 id,  0.0 wa,  0.0 hi,  0.0 si,  0.0 st
KiB Mem : 65877692 total, 43181104 free,  8239456 used, 14457132 buff/cache
KiB Swap: 33554428 total, 32398200 free,  1156228 used. 56252856 avail Mem 
--
top - 16:11:05 up 112 days,  7:53,  0 users,  load average: 0.96, 0.37, 0.25
Tasks: 400 total,   1 running, 399 sleeping,   0 stopped,   0 zombie
%Cpu(s):  6.9 us,  0.0 sy,  0.0 ni, 93.1 id,  0.0 wa,  0.0 hi,  0.0 si,  0.0 st
KiB Mem : 65877692 total, 44222884 free,  7197676 used, 14457132 buff/cache
KiB Swap: 33554428 total, 32398200 free,  1156228 used. 57294636 avail Mem 
--
top - 16:11:10 up 112 days,  7:53,  0 users,  load average: 0.96, 0.38, 0.25
Tasks: 400 total,   1 running, 399 sleeping,   0 stopped,   0 zombie
%Cpu(s):  3.6 us,  0.1 sy,  0.0 ni, 96.4 id,  0.0 wa,  0.0 hi,  0.0 si,  0.0 st
KiB Mem : 65877692 total, 47775280 free,  3645280 used, 14457132 buff/cache
KiB Swap: 33554428 total, 32398200 free,  1156228 used. 60847028 avail Mem 
--
top - 16:11:15 up 112 days,  7:53,  0 users,  load average: 0.89, 0.37, 0.25
Tasks: 400 total,   1 running, 399 sleeping,   0 stopped,   0 zombie
%Cpu(s):  0.1 us,  0.2 sy,  0.0 ni, 99.7 id,  0.0 wa,  0.0 hi,  0.0 si,  0.0 st
KiB Mem : 65877692 total, 49238472 free,  2182088 used, 14457132 buff/cache
KiB Swap: 33554428 total, 32398200 free,  1156228 used. 62310224 avail Mem 
--
top - 16:11:20 up 112 days,  7:53,  0 users,  load average: 0.81, 0.37, 0.25
Tasks: 400 total,   1 running, 399 sleeping,   0 stopped,   0 zombie
%Cpu(s):  0.0 us,  0.0 sy,  0.0 ni, 99.9 id,  0.0 wa,  0.0 hi,  0.0 si,  0.0 st
KiB Mem : 65877692 total, 49239460 free,  2181100 used, 14457132 buff/cache
KiB Swap: 33554428 total, 32398200 free,  1156228 used. 62311212 avail Mem 
--
top - 16:11:25 up 112 days,  7:53,  0 users,  load average: 0.75, 0.36, 0.25
Tasks: 400 total,   1 running, 399 sleeping,   0 stopped,   0 zombie
%Cpu(s):  0.0 us,  0.0 sy,  0.0 ni, 99.9 id,  0.0 wa,  0.0 hi,  0.0 si,  0.0 st
KiB Mem : 65877692 total, 49240680 free,  2179880 used, 14457132 buff/cache
KiB Swap: 33554428 total, 32398200 free,  1156228 used. 62312432 avail Mem 
--
top - 16:11:30 up 112 days,  7:53,  0 users,  load average: 0.69, 0.36, 0.24
Tasks: 400 total,   1 running, 399 sleeping,   0 stopped,   0 zombie
%Cpu(s):  0.1 us,  0.0 sy,  0.0 ni, 99.9 id,  0.0 wa,  0.0 hi,  0.0 si,  0.0 st
KiB Mem : 65877692 total, 49241664 free,  2178896 used, 14457132 buff/cache
KiB Swap: 33554428 total, 32398200 free,  1156228 used. 62313416 avail Mem 
--
top - 16:11:35 up 112 days,  7:53,  0 users,  load average: 0.63, 0.35, 0.24
Tasks: 400 total,   1 running, 399 sleeping,   0 stopped,   0 zombie
%Cpu(s):  0.0 us,  0.0 sy,  0.0 ni, 99.9 id,  0.0 wa,  0.0 hi,  0.0 si,  0.0 st
KiB Mem : 65877692 total, 49242760 free,  2177796 used, 14457136 buff/cache
KiB Swap: 33554428 total, 32398200 free,  1156228 used. 62314516 avail Mem 
--
top - 16:11:40 up 112 days,  7:53,  0 users,  load average: 0.58, 0.34, 0.24
Tasks: 401 total,   1 running, 400 sleeping,   0 stopped,   0 zombie
%Cpu(s):  0.0 us,  0.0 sy,  0.0 ni, 99.9 id,  0.0 wa,  0.0 hi,  0.0 si,  0.0 st
KiB Mem : 65877692 total, 49242732 free,  2177824 used, 14457136 buff/cache
KiB Swap: 33554428 total, 32398200 free,  1156228 used. 62314488 avail Mem 
--
top - 16:11:45 up 112 days,  7:53,  0 users,  load average: 0.54, 0.34, 0.24
Tasks: 401 total,   1 running, 400 sleeping,   0 stopped,   0 zombie
%Cpu(s):  0.0 us,  0.0 sy,  0.0 ni, 99.9 id,  0.0 wa,  0.0 hi,  0.0 si,  0.0 st
KiB Mem : 65877692 total, 49243236 free,  2177320 used, 14457136 buff/cache
KiB Swap: 33554428 total, 32398200 free,  1156228 used. 62314992 avail Mem 
--
top - 16:11:50 up 112 days,  7:53,  0 users,  load average: 0.49, 0.33, 0.24
Tasks: 401 total,   2 running, 399 sleeping,   0 stopped,   0 zombie
%Cpu(s):  0.1 us,  0.0 sy,  0.0 ni, 99.9 id,  0.0 wa,  0.0 hi,  0.0 si,  0.0 st
KiB Mem : 65877692 total, 49244392 free,  2176164 used, 14457136 buff/cache
KiB Swap: 33554428 total, 32398200 free,  1156228 used. 62316148 avail Mem 
--
top - 16:11:55 up 112 days,  7:53,  0 users,  load average: 0.45, 0.33, 0.24
Tasks: 401 total,   1 running, 400 sleeping,   0 stopped,   0 zombie
%Cpu(s):  0.0 us,  0.0 sy,  0.0 ni, 99.9 id,  0.0 wa,  0.0 hi,  0.0 si,  0.0 st
KiB Mem : 65877692 total, 49245216 free,  2175340 used, 14457136 buff/cache
KiB Swap: 33554428 total, 32398200 free,  1156228 used. 62316972 avail Mem 
--
top - 16:12:00 up 112 days,  7:54,  0 users,  load average: 0.42, 0.32, 0.23
Tasks: 404 total,   2 running, 402 sleeping,   0 stopped,   0 zombie
%Cpu(s):  0.4 us,  0.2 sy,  0.0 ni, 99.0 id,  0.3 wa,  0.0 hi,  0.0 si,  0.0 st
KiB Mem : 65877692 total, 49234348 free,  2186208 used, 14457136 buff/cache
KiB Swap: 33554428 total, 32398200 free,  1156228 used. 62306104 avail Mem 
--
top - 16:12:05 up 112 days,  7:54,  0 users,  load average: 0.38, 0.32, 0.23
Tasks: 405 total,   1 running, 404 sleeping,   0 stopped,   0 zombie
%Cpu(s):  0.0 us,  0.0 sy,  0.0 ni, 99.9 id,  0.0 wa,  0.0 hi,  0.0 si,  0.0 st
KiB Mem : 65877692 total, 49239628 free,  2180928 used, 14457136 buff/cache
KiB Swap: 33554428 total, 32398200 free,  1156228 used. 62311384 avail Mem 
--
top - 16:12:10 up 112 days,  7:54,  0 users,  load average: 0.35, 0.31, 0.23
Tasks: 405 total,   2 running, 403 sleeping,   0 stopped,   0 zombie
%Cpu(s):  0.0 us,  0.0 sy,  0.0 ni, 99.9 id,  0.0 wa,  0.0 hi,  0.0 si,  0.0 st
KiB Mem : 65877692 total, 49241036 free,  2179520 used, 14457136 buff/cache
KiB Swap: 33554428 total, 32398200 free,  1156228 used. 62312792 avail Mem 
--
top - 16:12:15 up 112 days,  7:54,  0 users,  load average: 0.33, 0.31, 0.23
Tasks: 404 total,   1 running, 403 sleeping,   0 stopped,   0 zombie
%Cpu(s):  0.0 us,  0.0 sy,  0.0 ni, 99.9 id,  0.0 wa,  0.0 hi,  0.0 si,  0.0 st
KiB Mem : 65877692 total, 49242152 free,  2178404 used, 14457136 buff/cache
KiB Swap: 33554428 total, 32398200 free,  1156228 used. 62313908 avail Mem 
--
top - 16:12:20 up 112 days,  7:54,  0 users,  load average: 0.30, 0.30, 0.23
Tasks: 404 total,   1 running, 403 sleeping,   0 stopped,   0 zombie
%Cpu(s):  0.0 us,  0.0 sy,  0.0 ni, 99.9 id,  0.0 wa,  0.0 hi,  0.0 si,  0.0 st
KiB Mem : 65877692 total, 49242960 free,  2177596 used, 14457136 buff/cache
KiB Swap: 33554428 total, 32398200 free,  1156228 used. 62314716 avail Mem 
--
top - 16:12:25 up 112 days,  7:54,  0 users,  load average: 0.28, 0.30, 0.23
Tasks: 404 total,   1 running, 403 sleeping,   0 stopped,   0 zombie
%Cpu(s):  0.0 us,  0.0 sy,  0.0 ni, 99.9 id,  0.0 wa,  0.0 hi,  0.0 si,  0.0 st
KiB Mem : 65877692 total, 49243292 free,  2177260 used, 14457140 buff/cache
KiB Swap: 33554428 total, 32398200 free,  1156228 used. 62315052 avail Mem 
--
top - 16:12:30 up 112 days,  7:54,  0 users,  load average: 0.25, 0.29, 0.23
Tasks: 404 total,   1 running, 403 sleeping,   0 stopped,   0 zombie
%Cpu(s):  0.0 us,  0.0 sy,  0.0 ni,100.0 id,  0.0 wa,  0.0 hi,  0.0 si,  0.0 st
KiB Mem : 65877692 total, 49243376 free,  2177176 used, 14457140 buff/cache
KiB Swap: 33554428 total, 32398200 free,  1156228 used. 62315136 avail Mem 
--
top - 16:12:35 up 112 days,  7:54,  0 users,  load average: 0.23, 0.29, 0.22
Tasks: 404 total,   1 running, 403 sleeping,   0 stopped,   0 zombie
%Cpu(s):  0.0 us,  0.0 sy,  0.0 ni, 99.9 id,  0.0 wa,  0.0 hi,  0.0 si,  0.0 st
KiB Mem : 65877692 total, 49228672 free,  2191880 used, 14457140 buff/cache
KiB Swap: 33554428 total, 32398200 free,  1156228 used. 62300432 avail Mem 
--
top - 16:12:40 up 112 days,  7:54,  0 users,  load average: 0.21, 0.28, 0.22
Tasks: 402 total,   1 running, 401 sleeping,   0 stopped,   0 zombie
%Cpu(s):  0.4 us,  0.4 sy,  0.0 ni, 99.2 id,  0.0 wa,  0.0 hi,  0.0 si,  0.0 st
KiB Mem : 65877692 total, 48561940 free,  2858612 used, 14457140 buff/cache
KiB Swap: 33554428 total, 32398200 free,  1156228 used. 61633700 avail Mem 
--
top - 16:12:45 up 112 days,  7:54,  0 users,  load average: 0.20, 0.28, 0.22
Tasks: 402 total,   1 running, 401 sleeping,   0 stopped,   0 zombie
%Cpu(s):  0.0 us,  0.0 sy,  0.0 ni, 99.9 id,  0.0 wa,  0.0 hi,  0.0 si,  0.0 st
KiB Mem : 65877692 total, 48562368 free,  2858184 used, 14457140 buff/cache
KiB Swap: 33554428 total, 32398200 free,  1156228 used. 61634128 avail Mem 
--
top - 16:12:50 up 112 days,  7:54,  0 users,  load average: 0.26, 0.29, 0.23
Tasks: 402 total,   2 running, 400 sleeping,   0 stopped,   0 zombie
%Cpu(s):  5.0 us,  0.4 sy,  0.0 ni, 94.6 id,  0.0 wa,  0.0 hi,  0.0 si,  0.0 st
KiB Mem : 65877692 total, 47275160 free,  4145392 used, 14457140 buff/cache
KiB Swap: 33554428 total, 32398200 free,  1156228 used. 60346920 avail Mem 
--
top - 16:12:55 up 112 days,  7:54,  0 users,  load average: 0.32, 0.30, 0.23
Tasks: 402 total,   1 running, 401 sleeping,   0 stopped,   0 zombie
%Cpu(s):  3.1 us,  0.0 sy,  0.0 ni, 96.9 id,  0.0 wa,  0.0 hi,  0.0 si,  0.0 st
KiB Mem : 65877692 total, 47275416 free,  4145136 used, 14457140 buff/cache
KiB Swap: 33554428 total, 32398200 free,  1156228 used. 60347176 avail Mem 
--
top - 16:13:00 up 112 days,  7:55,  0 users,  load average: 0.29, 0.30, 0.23
Tasks: 402 total,   1 running, 401 sleeping,   0 stopped,   0 zombie
%Cpu(s):  1.5 us,  0.1 sy,  0.0 ni, 98.4 id,  0.0 wa,  0.0 hi,  0.0 si,  0.0 st
KiB Mem : 65877692 total, 49033240 free,  2387312 used, 14457140 buff/cache
KiB Swap: 33554428 total, 32398200 free,  1156228 used. 62105000 avail Mem 
--
top - 16:13:05 up 112 days,  7:55,  0 users,  load average: 0.27, 0.29, 0.23
Tasks: 402 total,   1 running, 401 sleeping,   0 stopped,   0 zombie
%Cpu(s):  0.0 us,  0.0 sy,  0.0 ni, 99.9 id,  0.0 wa,  0.0 hi,  0.0 si,  0.0 st
KiB Mem : 65877692 total, 49033492 free,  2387060 used, 14457140 buff/cache
KiB Swap: 33554428 total, 32398200 free,  1156228 used. 62105252 avail Mem 
--
top - 16:13:10 up 112 days,  7:55,  0 users,  load average: 0.25, 0.29, 0.23
Tasks: 402 total,   1 running, 401 sleeping,   0 stopped,   0 zombie
%Cpu(s):  0.0 us,  0.0 sy,  0.0 ni, 99.9 id,  0.0 wa,  0.0 hi,  0.0 si,  0.0 st
KiB Mem : 65877692 total, 49035544 free,  2385008 used, 14457140 buff/cache
KiB Swap: 33554428 total, 32398200 free,  1156228 used. 62107304 avail Mem 
--
top - 16:13:15 up 112 days,  7:55,  0 users,  load average: 0.23, 0.28, 0.23
Tasks: 401 total,   1 running, 400 sleeping,   0 stopped,   0 zombie
%Cpu(s):  0.1 us,  0.0 sy,  0.0 ni, 99.9 id,  0.0 wa,  0.0 hi,  0.0 si,  0.0 st
KiB Mem : 65877692 total, 49036548 free,  2384004 used, 14457140 buff/cache
KiB Swap: 33554428 total, 32398200 free,  1156228 used. 62108308 avail Mem 
--
top - 16:13:20 up 112 days,  7:55,  0 users,  load average: 0.21, 0.28, 0.22
Tasks: 400 total,   1 running, 399 sleeping,   0 stopped,   0 zombie
%Cpu(s):  0.1 us,  0.0 sy,  0.0 ni, 99.9 id,  0.0 wa,  0.0 hi,  0.0 si,  0.0 st
KiB Mem : 65877692 total, 49036952 free,  2383596 used, 14457144 buff/cache
KiB Swap: 33554428 total, 32398200 free,  1156228 used. 62108712 avail Mem 
--
top - 16:13:25 up 112 days,  7:55,  0 users,  load average: 0.19, 0.27, 0.22
Tasks: 400 total,   1 running, 399 sleeping,   0 stopped,   0 zombie
%Cpu(s):  0.1 us,  0.0 sy,  0.0 ni, 99.9 id,  0.0 wa,  0.0 hi,  0.0 si,  0.0 st
KiB Mem : 65877692 total, 49037940 free,  2382608 used, 14457144 buff/cache
KiB Swap: 33554428 total, 32398200 free,  1156228 used. 62109700 avail Mem 
--
top - 16:13:31 up 112 days,  7:55,  0 users,  load average: 0.18, 0.27, 0.22
Tasks: 400 total,   1 running, 399 sleeping,   0 stopped,   0 zombie
%Cpu(s):  0.0 us,  0.0 sy,  0.0 ni, 99.9 id,  0.0 wa,  0.0 hi,  0.0 si,  0.0 st
KiB Mem : 65877692 total, 49038732 free,  2381816 used, 14457144 buff/cache
KiB Swap: 33554428 total, 32398200 free,  1156228 used. 62110496 avail Mem 
--
top - 16:13:36 up 112 days,  7:55,  0 users,  load average: 0.16, 0.26, 0.22
Tasks: 400 total,   1 running, 399 sleeping,   0 stopped,   0 zombie
%Cpu(s):  0.0 us,  0.0 sy,  0.0 ni, 99.9 id,  0.0 wa,  0.0 hi,  0.0 si,  0.0 st
KiB Mem : 65877692 total, 49038452 free,  2382096 used, 14457144 buff/cache
KiB Swap: 33554428 total, 32398200 free,  1156228 used. 62110216 avail Mem 
--
top - 16:13:41 up 112 days,  7:55,  0 users,  load average: 0.15, 0.26, 0.22
Tasks: 400 total,   1 running, 399 sleeping,   0 stopped,   0 zombie
%Cpu(s):  0.0 us,  0.0 sy,  0.0 ni, 99.9 id,  0.1 wa,  0.0 hi,  0.0 si,  0.0 st
KiB Mem : 65877692 total, 49038824 free,  2381724 used, 14457144 buff/cache
KiB Swap: 33554428 total, 32398200 free,  1156228 used. 62110588 avail Mem 
--
top - 16:13:46 up 112 days,  7:55,  0 users,  load average: 0.14, 0.25, 0.22
Tasks: 400 total,   1 running, 399 sleeping,   0 stopped,   0 zombie
%Cpu(s):  0.1 us,  0.0 sy,  0.0 ni, 99.9 id,  0.0 wa,  0.0 hi,  0.0 si,  0.0 st
KiB Mem : 65877692 total, 49039060 free,  2381488 used, 14457144 buff/cache
KiB Swap: 33554428 total, 32398200 free,  1156228 used. 62110824 avail Mem 
--
top - 16:13:51 up 112 days,  7:55,  0 users,  load average: 0.13, 0.25, 0.22
Tasks: 400 total,   1 running, 399 sleeping,   0 stopped,   0 zombie
%Cpu(s):  0.1 us,  0.0 sy,  0.0 ni, 99.9 id,  0.0 wa,  0.0 hi,  0.0 si,  0.0 st
KiB Mem : 65877692 total, 49040192 free,  2380356 used, 14457144 buff/cache
KiB Swap: 33554428 total, 32398200 free,  1156228 used. 62111956 avail Mem 
--
top - 16:13:56 up 112 days,  7:55,  0 users,  load average: 0.12, 0.25, 0.22
Tasks: 399 total,   1 running, 398 sleeping,   0 stopped,   0 zombie
%Cpu(s):  0.0 us,  0.0 sy,  0.0 ni, 99.9 id,  0.0 wa,  0.0 hi,  0.0 si,  0.0 st
KiB Mem : 65877692 total, 49041268 free,  2379280 used, 14457144 buff/cache
KiB Swap: 33554428 total, 32398200 free,  1156228 used. 62113032 avail Mem 
--
top - 16:14:01 up 112 days,  7:56,  0 users,  load average: 0.11, 0.24, 0.22
Tasks: 398 total,   2 running, 396 sleeping,   0 stopped,   0 zombie
%Cpu(s):  0.4 us,  0.2 sy,  0.0 ni, 99.0 id,  0.4 wa,  0.0 hi,  0.0 si,  0.0 st
KiB Mem : 65877692 total, 49031204 free,  2389288 used, 14457200 buff/cache
KiB Swap: 33554428 total, 32398200 free,  1156228 used. 62102968 avail Mem 
--
top - 16:14:06 up 112 days,  7:56,  0 users,  load average: 0.10, 0.24, 0.22
Tasks: 402 total,   1 running, 401 sleeping,   0 stopped,   0 zombie
%Cpu(s):  0.1 us,  0.0 sy,  0.0 ni, 99.9 id,  0.0 wa,  0.0 hi,  0.0 si,  0.0 st
KiB Mem : 65877692 total, 49032540 free,  2388008 used, 14457144 buff/cache
KiB Swap: 33554428 total, 32398200 free,  1156228 used. 62104304 avail Mem 
--
top - 16:14:11 up 112 days,  7:56,  0 users,  load average: 0.09, 0.23, 0.22
Tasks: 402 total,   1 running, 401 sleeping,   0 stopped,   0 zombie
%Cpu(s):  0.0 us,  0.0 sy,  0.0 ni, 99.9 id,  0.0 wa,  0.0 hi,  0.0 si,  0.0 st
KiB Mem : 65877692 total, 49033428 free,  2387120 used, 14457144 buff/cache
KiB Swap: 33554428 total, 32398200 free,  1156228 used. 62105192 avail Mem 
--
top - 16:14:16 up 112 days,  7:56,  0 users,  load average: 0.08, 0.23, 0.21
Tasks: 402 total,   1 running, 401 sleeping,   0 stopped,   0 zombie
%Cpu(s):  0.1 us,  0.0 sy,  0.0 ni, 99.9 id,  0.0 wa,  0.0 hi,  0.0 si,  0.0 st
KiB Mem : 65877692 total, 49035012 free,  2385532 used, 14457148 buff/cache
KiB Swap: 33554428 total, 32398200 free,  1156228 used. 62106776 avail Mem 
--
top - 16:14:21 up 112 days,  7:56,  0 users,  load average: 0.08, 0.23, 0.21
Tasks: 402 total,   1 running, 401 sleeping,   0 stopped,   0 zombie
%Cpu(s):  0.0 us,  0.0 sy,  0.0 ni,100.0 id,  0.0 wa,  0.0 hi,  0.0 si,  0.0 st
KiB Mem : 65877692 total, 49036292 free,  2384252 used, 14457148 buff/cache
KiB Swap: 33554428 total, 32398200 free,  1156228 used. 62108060 avail Mem 
--
top - 16:14:26 up 112 days,  7:56,  0 users,  load average: 0.07, 0.22, 0.21
Tasks: 402 total,   1 running, 401 sleeping,   0 stopped,   0 zombie
%Cpu(s):  0.0 us,  0.0 sy,  0.0 ni, 99.9 id,  0.0 wa,  0.0 hi,  0.0 si,  0.0 st
KiB Mem : 65877692 total, 49008756 free,  2411788 used, 14457148 buff/cache
KiB Swap: 33554428 total, 32398200 free,  1156228 used. 62080524 avail Mem 
--
top - 16:14:31 up 112 days,  7:56,  0 users,  load average: 0.06, 0.22, 0.21
Tasks: 402 total,   1 running, 401 sleeping,   0 stopped,   0 zombie
%Cpu(s):  0.1 us,  0.1 sy,  0.0 ni, 99.7 id,  0.0 wa,  0.0 hi,  0.0 si,  0.0 st
KiB Mem : 65877692 total, 48869792 free,  2550752 used, 14457148 buff/cache
KiB Swap: 33554428 total, 32398200 free,  1156228 used. 61941560 avail Mem 
--
top - 16:14:36 up 112 days,  7:56,  0 users,  load average: 0.14, 0.23, 0.22
Tasks: 402 total,   1 running, 401 sleeping,   0 stopped,   0 zombie
%Cpu(s):  0.3 us,  0.3 sy,  0.0 ni, 96.3 id,  3.1 wa,  0.0 hi,  0.0 si,  0.0 st
KiB Mem : 65877692 total, 48463720 free,  2956824 used, 14457148 buff/cache
KiB Swap: 33554428 total, 32398200 free,  1156228 used. 61535488 avail Mem 
--
top - 16:14:41 up 112 days,  7:56,  0 users,  load average: 0.69, 0.34, 0.25
Tasks: 403 total,   1 running, 402 sleeping,   0 stopped,   0 zombie
%Cpu(s):  0.1 us,  0.1 sy,  0.0 ni, 90.4 id,  9.3 wa,  0.0 hi,  0.0 si,  0.0 st
KiB Mem : 65877692 total, 48296992 free,  3123552 used, 14457148 buff/cache
KiB Swap: 33554428 total, 32398200 free,  1156228 used. 61368760 avail Mem 
--
top - 16:14:46 up 112 days,  7:56,  0 users,  load average: 1.67, 0.55, 0.32
Tasks: 403 total,   1 running, 402 sleeping,   0 stopped,   0 zombie
%Cpu(s): 11.4 us,  1.0 sy,  0.0 ni, 83.9 id,  3.8 wa,  0.0 hi,  0.0 si,  0.0 st
KiB Mem : 65877692 total, 44633380 free,  6787164 used, 14457148 buff/cache
KiB Swap: 33554428 total, 32398200 free,  1156228 used. 57705148 avail Mem 
--
top - 16:14:51 up 112 days,  7:56,  0 users,  load average: 1.86, 0.61, 0.34
Tasks: 403 total,   1 running, 402 sleeping,   0 stopped,   0 zombie
%Cpu(s):  9.9 us,  0.0 sy,  0.0 ni, 90.0 id,  0.0 wa,  0.0 hi,  0.0 si,  0.0 st
KiB Mem : 65877692 total, 45789256 free,  5631288 used, 14457148 buff/cache
KiB Swap: 33554428 total, 32398200 free,  1156228 used. 58861016 avail Mem 
--
top - 16:14:56 up 112 days,  7:56,  0 users,  load average: 1.79, 0.62, 0.34
Tasks: 403 total,   1 running, 402 sleeping,   0 stopped,   0 zombie
%Cpu(s):  2.6 us,  0.1 sy,  0.0 ni, 97.3 id,  0.0 wa,  0.0 hi,  0.0 si,  0.0 st
KiB Mem : 65877692 total, 48539748 free,  2880796 used, 14457148 buff/cache
KiB Swap: 33554428 total, 32398200 free,  1156228 used. 61611516 avail Mem 
--
top - 16:15:01 up 112 days,  7:57,  0 users,  load average: 1.65, 0.61, 0.34
Tasks: 400 total,   1 running, 399 sleeping,   0 stopped,   0 zombie
%Cpu(s):  0.1 us,  0.0 sy,  0.0 ni, 99.9 id,  0.0 wa,  0.0 hi,  0.0 si,  0.0 st
KiB Mem : 65877692 total, 48539328 free,  2881216 used, 14457148 buff/cache
KiB Swap: 33554428 total, 32398200 free,  1156228 used. 61611096 avail Mem 
--
top - 16:15:06 up 112 days,  7:57,  0 users,  load average: 1.52, 0.60, 0.34
Tasks: 399 total,   1 running, 398 sleeping,   0 stopped,   0 zombie
%Cpu(s):  0.0 us,  0.0 sy,  0.0 ni, 99.9 id,  0.0 wa,  0.0 hi,  0.0 si,  0.0 st
KiB Mem : 65877692 total, 48541832 free,  2878712 used, 14457148 buff/cache
KiB Swap: 33554428 total, 32398200 free,  1156228 used. 61613600 avail Mem 
--
top - 16:15:11 up 112 days,  7:57,  0 users,  load average: 1.39, 0.59, 0.34
Tasks: 399 total,   1 running, 398 sleeping,   0 stopped,   0 zombie
%Cpu(s):  0.1 us,  0.0 sy,  0.0 ni, 99.9 id,  0.0 wa,  0.0 hi,  0.0 si,  0.0 st
KiB Mem : 65877692 total, 48542808 free,  2877732 used, 14457152 buff/cache
KiB Swap: 33554428 total, 32398200 free,  1156228 used. 61614580 avail Mem 
--
top - 16:15:16 up 112 days,  7:57,  0 users,  load average: 1.28, 0.58, 0.34
Tasks: 399 total,   1 running, 398 sleeping,   0 stopped,   0 zombie
%Cpu(s):  0.1 us,  0.0 sy,  0.0 ni, 99.9 id,  0.0 wa,  0.0 hi,  0.0 si,  0.0 st
KiB Mem : 65877692 total, 48542900 free,  2877640 used, 14457152 buff/cache
KiB Swap: 33554428 total, 32398200 free,  1156228 used. 61614672 avail Mem 
--
top - 16:15:21 up 112 days,  7:57,  0 users,  load average: 1.18, 0.57, 0.33
Tasks: 399 total,   1 running, 398 sleeping,   0 stopped,   0 zombie
%Cpu(s):  0.0 us,  0.0 sy,  0.0 ni, 99.9 id,  0.0 wa,  0.0 hi,  0.0 si,  0.0 st
KiB Mem : 65877692 total, 48543780 free,  2876760 used, 14457152 buff/cache
KiB Swap: 33554428 total, 32398200 free,  1156228 used. 61615552 avail Mem 
--
top - 16:15:26 up 112 days,  7:57,  0 users,  load average: 1.09, 0.56, 0.33
Tasks: 399 total,   1 running, 398 sleeping,   0 stopped,   0 zombie
%Cpu(s):  0.1 us,  0.0 sy,  0.0 ni, 99.9 id,  0.0 wa,  0.0 hi,  0.0 si,  0.0 st
KiB Mem : 65877692 total, 48544252 free,  2876288 used, 14457152 buff/cache
KiB Swap: 33554428 total, 32398200 free,  1156228 used. 61616024 avail Mem 
--
top - 16:15:31 up 112 days,  7:57,  0 users,  load average: 1.00, 0.55, 0.33
Tasks: 399 total,   1 running, 398 sleeping,   0 stopped,   0 zombie
%Cpu(s):  0.0 us,  0.0 sy,  0.0 ni, 99.9 id,  0.0 wa,  0.0 hi,  0.0 si,  0.0 st
KiB Mem : 65877692 total, 48544840 free,  2875700 used, 14457152 buff/cache
KiB Swap: 33554428 total, 32398200 free,  1156228 used. 61616612 avail Mem 
--
top - 16:15:36 up 112 days,  7:57,  0 users,  load average: 0.92, 0.54, 0.33
Tasks: 399 total,   1 running, 398 sleeping,   0 stopped,   0 zombie
%Cpu(s):  0.0 us,  0.0 sy,  0.0 ni, 99.9 id,  0.0 wa,  0.0 hi,  0.0 si,  0.0 st
KiB Mem : 65877692 total, 48544908 free,  2875632 used, 14457152 buff/cache
KiB Swap: 33554428 total, 32398200 free,  1156228 used. 61616680 avail Mem 
--
top - 16:15:41 up 112 days,  7:57,  0 users,  load average: 0.85, 0.53, 0.33
Tasks: 399 total,   1 running, 398 sleeping,   0 stopped,   0 zombie
%Cpu(s):  0.0 us,  0.0 sy,  0.0 ni, 99.9 id,  0.0 wa,  0.0 hi,  0.0 si,  0.0 st
KiB Mem : 65877692 total, 48545064 free,  2875476 used, 14457152 buff/cache
KiB Swap: 33554428 total, 32398200 free,  1156228 used. 61616836 avail Mem 
--
top - 16:15:46 up 112 days,  7:57,  0 users,  load average: 0.78, 0.52, 0.32
Tasks: 399 total,   1 running, 398 sleeping,   0 stopped,   0 zombie
%Cpu(s):  0.1 us,  0.0 sy,  0.0 ni, 99.9 id,  0.0 wa,  0.0 hi,  0.0 si,  0.0 st
KiB Mem : 65877692 total, 48544740 free,  2875800 used, 14457152 buff/cache
KiB Swap: 33554428 total, 32398200 free,  1156228 used. 61616512 avail Mem 
--
top - 16:15:51 up 112 days,  7:57,  0 users,  load average: 0.72, 0.51, 0.32
Tasks: 399 total,   1 running, 398 sleeping,   0 stopped,   0 zombie
%Cpu(s):  0.1 us,  0.0 sy,  0.0 ni, 99.9 id,  0.0 wa,  0.0 hi,  0.0 si,  0.0 st
KiB Mem : 65877692 total, 48545320 free,  2875220 used, 14457152 buff/cache
KiB Swap: 33554428 total, 32398200 free,  1156228 used. 61617092 avail Mem 
--
top - 16:15:56 up 112 days,  7:57,  0 users,  load average: 0.66, 0.50, 0.32
Tasks: 399 total,   1 running, 398 sleeping,   0 stopped,   0 zombie
%Cpu(s):  0.1 us,  0.0 sy,  0.0 ni, 99.9 id,  0.0 wa,  0.0 hi,  0.0 si,  0.0 st
KiB Mem : 65877692 total, 48546136 free,  2874404 used, 14457152 buff/cache
KiB Swap: 33554428 total, 32398200 free,  1156228 used. 61617908 avail Mem 
--
top - 16:16:01 up 112 days,  7:58,  0 users,  load average: 0.61, 0.50, 0.32
Tasks: 399 total,   1 running, 398 sleeping,   0 stopped,   0 zombie
%Cpu(s):  0.5 us,  0.2 sy,  0.0 ni, 98.9 id,  0.4 wa,  0.0 hi,  0.0 si,  0.0 st
KiB Mem : 65877692 total, 48537160 free,  2883320 used, 14457212 buff/cache
KiB Swap: 33554428 total, 32398200 free,  1156228 used. 61608936 avail Mem 
--
top - 16:16:06 up 112 days,  7:58,  0 users,  load average: 0.56, 0.49, 0.32
Tasks: 402 total,   1 running, 401 sleeping,   0 stopped,   0 zombie
%Cpu(s):  0.0 us,  0.0 sy,  0.0 ni, 99.9 id,  0.0 wa,  0.0 hi,  0.0 si,  0.0 st
KiB Mem : 65877692 total, 48539164 free,  2881372 used, 14457156 buff/cache
KiB Swap: 33554428 total, 32398200 free,  1156228 used. 61610940 avail Mem 
--
top - 16:16:11 up 112 days,  7:58,  0 users,  load average: 0.51, 0.48, 0.31
Tasks: 402 total,   1 running, 401 sleeping,   0 stopped,   0 zombie
%Cpu(s):  0.0 us,  0.0 sy,  0.0 ni,100.0 id,  0.0 wa,  0.0 hi,  0.0 si,  0.0 st
KiB Mem : 65877692 total, 48539696 free,  2880840 used, 14457156 buff/cache
KiB Swap: 33554428 total, 32398200 free,  1156228 used. 61611472 avail Mem 
--
top - 16:16:16 up 112 days,  7:58,  0 users,  load average: 0.47, 0.47, 0.31
Tasks: 402 total,   1 running, 401 sleeping,   0 stopped,   0 zombie
%Cpu(s):  0.0 us,  0.0 sy,  0.0 ni, 99.9 id,  0.0 wa,  0.0 hi,  0.0 si,  0.0 st
KiB Mem : 65877692 total, 48528456 free,  2892080 used, 14457156 buff/cache
KiB Swap: 33554428 total, 32398200 free,  1156228 used. 61600232 avail Mem 
--
top - 16:16:21 up 112 days,  7:58,  0 users,  load average: 0.43, 0.46, 0.31
Tasks: 402 total,   1 running, 401 sleeping,   0 stopped,   0 zombie
%Cpu(s):  0.1 us,  0.2 sy,  0.0 ni, 99.7 id,  0.0 wa,  0.0 hi,  0.0 si,  0.0 st
KiB Mem : 65877692 total, 48331076 free,  3089460 used, 14457156 buff/cache
KiB Swap: 33554428 total, 32398200 free,  1156228 used. 61402356 avail Mem 
--
top - 16:16:26 up 112 days,  7:58,  0 users,  load average: 0.48, 0.47, 0.32
Tasks: 402 total,   1 running, 401 sleeping,   0 stopped,   0 zombie
%Cpu(s):  0.3 us,  0.3 sy,  0.0 ni, 99.3 id,  0.0 wa,  0.0 hi,  0.0 si,  0.0 st
KiB Mem : 65877692 total, 47750856 free,  3669680 used, 14457156 buff/cache
KiB Swap: 33554428 total, 32398200 free,  1156228 used. 60822632 avail Mem 
--
top - 16:16:31 up 112 days,  7:58,  0 users,  load average: 0.44, 0.47, 0.31
Tasks: 402 total,   1 running, 401 sleeping,   0 stopped,   0 zombie
%Cpu(s):  4.2 us,  0.7 sy,  0.0 ni, 95.1 id,  0.0 wa,  0.0 hi,  0.0 si,  0.0 st
KiB Mem : 65877692 total, 45518788 free,  5901748 used, 14457156 buff/cache
KiB Swap: 33554428 total, 32398200 free,  1156228 used. 58590564 avail Mem 
--
top - 16:16:36 up 112 days,  7:58,  0 users,  load average: 0.49, 0.47, 0.32
Tasks: 402 total,   1 running, 401 sleeping,   0 stopped,   0 zombie
%Cpu(s):  3.1 us,  0.0 sy,  0.0 ni, 96.9 id,  0.0 wa,  0.0 hi,  0.0 si,  0.0 st
KiB Mem : 65877692 total, 45518580 free,  5901956 used, 14457156 buff/cache
KiB Swap: 33554428 total, 32398200 free,  1156228 used. 58590356 avail Mem 
--
top - 16:16:41 up 112 days,  7:58,  0 users,  load average: 0.53, 0.48, 0.32
Tasks: 401 total,   1 running, 400 sleeping,   0 stopped,   0 zombie
%Cpu(s):  3.1 us,  0.0 sy,  0.0 ni, 96.8 id,  0.0 wa,  0.0 hi,  0.0 si,  0.0 st
KiB Mem : 65877692 total, 45517744 free,  5902792 used, 14457156 buff/cache
KiB Swap: 33554428 total, 32398200 free,  1156228 used. 58589520 avail Mem 
--
top - 16:16:46 up 112 days,  7:58,  0 users,  load average: 0.56, 0.49, 0.33
Tasks: 401 total,   2 running, 399 sleeping,   0 stopped,   0 zombie
%Cpu(s):  3.1 us,  0.0 sy,  0.0 ni, 96.8 id,  0.0 wa,  0.0 hi,  0.0 si,  0.0 st
KiB Mem : 65877692 total, 45518400 free,  5902136 used, 14457156 buff/cache
KiB Swap: 33554428 total, 32398200 free,  1156228 used. 58590176 avail Mem 
--
top - 16:16:51 up 112 days,  7:58,  0 users,  load average: 0.60, 0.50, 0.33
Tasks: 401 total,   1 running, 400 sleeping,   0 stopped,   0 zombie
%Cpu(s):  1.6 us,  0.1 sy,  0.0 ni, 98.3 id,  0.0 wa,  0.0 hi,  0.0 si,  0.0 st
KiB Mem : 65877692 total, 48253140 free,  3167396 used, 14457156 buff/cache
KiB Swap: 33554428 total, 32398200 free,  1156228 used. 61324916 avail Mem 
--
top - 16:16:56 up 112 days,  7:58,  0 users,  load average: 0.55, 0.49, 0.33
Tasks: 401 total,   1 running, 400 sleeping,   0 stopped,   0 zombie
%Cpu(s):  0.1 us,  0.0 sy,  0.0 ni, 99.9 id,  0.0 wa,  0.0 hi,  0.0 si,  0.0 st
KiB Mem : 65877692 total, 48244680 free,  3175852 used, 14457160 buff/cache
KiB Swap: 33554428 total, 32398200 free,  1156228 used. 61316460 avail Mem 
--
top - 16:17:01 up 112 days,  7:59,  0 users,  load average: 0.51, 0.48, 0.32
Tasks: 398 total,   1 running, 397 sleeping,   0 stopped,   0 zombie
%Cpu(s):  0.1 us,  0.0 sy,  0.0 ni, 99.9 id,  0.0 wa,  0.0 hi,  0.0 si,  0.0 st
KiB Mem : 65877692 total, 48243672 free,  3176860 used, 14457160 buff/cache
KiB Swap: 33554428 total, 32398200 free,  1156228 used. 61315452 avail Mem 
--
top - 16:17:06 up 112 days,  7:59,  0 users,  load average: 0.47, 0.48, 0.32
Tasks: 397 total,   1 running, 396 sleeping,   0 stopped,   0 zombie
%Cpu(s):  0.1 us,  0.0 sy,  0.0 ni, 99.9 id,  0.0 wa,  0.0 hi,  0.0 si,  0.0 st
KiB Mem : 65877692 total, 48245460 free,  3175072 used, 14457160 buff/cache
KiB Swap: 33554428 total, 32398200 free,  1156228 used. 61317240 avail Mem 
--
top - 16:17:11 up 112 days,  7:59,  0 users,  load average: 0.43, 0.47, 0.32
Tasks: 397 total,   1 running, 396 sleeping,   0 stopped,   0 zombie
%Cpu(s):  0.0 us,  0.0 sy,  0.0 ni, 99.9 id,  0.0 wa,  0.0 hi,  0.0 si,  0.0 st
KiB Mem : 65877692 total, 48246216 free,  3174316 used, 14457160 buff/cache
KiB Swap: 33554428 total, 32398200 free,  1156228 used. 61317996 avail Mem 
--
top - 16:17:16 up 112 days,  7:59,  0 users,  load average: 0.40, 0.46, 0.32
Tasks: 397 total,   1 running, 396 sleeping,   0 stopped,   0 zombie
%Cpu(s):  0.1 us,  0.0 sy,  0.0 ni, 99.9 id,  0.0 wa,  0.0 hi,  0.0 si,  0.0 st
KiB Mem : 65877692 total, 48246904 free,  3173628 used, 14457160 buff/cache
KiB Swap: 33554428 total, 32398200 free,  1156228 used. 61318684 avail Mem 
--
top - 16:17:21 up 112 days,  7:59,  0 users,  load average: 0.36, 0.45, 0.32
Tasks: 397 total,   1 running, 396 sleeping,   0 stopped,   0 zombie
%Cpu(s):  0.1 us,  0.0 sy,  0.0 ni, 99.9 id,  0.0 wa,  0.0 hi,  0.0 si,  0.0 st
KiB Mem : 65877692 total, 48247628 free,  3172904 used, 14457160 buff/cache
KiB Swap: 33554428 total, 32398200 free,  1156228 used. 61319408 avail Mem 
--
top - 16:17:26 up 112 days,  7:59,  0 users,  load average: 0.33, 0.44, 0.32
Tasks: 397 total,   1 running, 396 sleeping,   0 stopped,   0 zombie
%Cpu(s):  0.1 us,  0.0 sy,  0.0 ni, 99.9 id,  0.0 wa,  0.0 hi,  0.0 si,  0.0 st
KiB Mem : 65877692 total, 48242332 free,  3178200 used, 14457160 buff/cache
KiB Swap: 33554428 total, 32398200 free,  1156228 used. 61314112 avail Mem 
--
top - 16:17:31 up 112 days,  7:59,  0 users,  load average: 0.31, 0.44, 0.31
Tasks: 397 total,   1 running, 396 sleeping,   0 stopped,   0 zombie
%Cpu(s):  0.1 us,  0.0 sy,  0.0 ni, 99.9 id,  0.0 wa,  0.0 hi,  0.0 si,  0.0 st
KiB Mem : 65877692 total, 48243316 free,  3177216 used, 14457160 buff/cache
KiB Swap: 33554428 total, 32398200 free,  1156228 used. 61315096 avail Mem 
--
top - 16:17:36 up 112 days,  7:59,  0 users,  load average: 0.28, 0.43, 0.31
Tasks: 397 total,   1 running, 396 sleeping,   0 stopped,   0 zombie
%Cpu(s):  0.1 us,  0.0 sy,  0.0 ni, 99.9 id,  0.0 wa,  0.0 hi,  0.0 si,  0.0 st
KiB Mem : 65877692 total, 48239756 free,  3180776 used, 14457160 buff/cache
KiB Swap: 33554428 total, 32398200 free,  1156228 used. 61311536 avail Mem 
--
top - 16:17:42 up 112 days,  7:59,  0 users,  load average: 0.26, 0.42, 0.31
Tasks: 397 total,   1 running, 396 sleeping,   0 stopped,   0 zombie
%Cpu(s):  0.0 us,  0.0 sy,  0.0 ni, 99.9 id,  0.0 wa,  0.0 hi,  0.0 si,  0.0 st
KiB Mem : 65877692 total, 48239644 free,  3180888 used, 14457160 buff/cache
KiB Swap: 33554428 total, 32398200 free,  1156228 used. 61311424 avail Mem 
--
top - 16:17:47 up 112 days,  7:59,  0 users,  load average: 0.24, 0.42, 0.31
Tasks: 397 total,   1 running, 396 sleeping,   0 stopped,   0 zombie
%Cpu(s):  0.1 us,  0.0 sy,  0.0 ni, 99.9 id,  0.0 wa,  0.0 hi,  0.0 si,  0.0 st
KiB Mem : 65877692 total, 48240284 free,  3180248 used, 14457160 buff/cache
KiB Swap: 33554428 total, 32398200 free,  1156228 used. 61312064 avail Mem 
--
top - 16:17:52 up 112 days,  7:59,  0 users,  load average: 0.22, 0.41, 0.31
Tasks: 397 total,   2 running, 395 sleeping,   0 stopped,   0 zombie
%Cpu(s):  0.0 us,  0.0 sy,  0.0 ni, 99.9 id,  0.0 wa,  0.0 hi,  0.0 si,  0.0 st
KiB Mem : 65877692 total, 48238496 free,  3182032 used, 14457164 buff/cache
KiB Swap: 33554428 total, 32398200 free,  1156228 used. 61310280 avail Mem 
--
top - 16:17:57 up 112 days,  7:59,  0 users,  load average: 0.20, 0.40, 0.31
Tasks: 397 total,   1 running, 396 sleeping,   0 stopped,   0 zombie
%Cpu(s):  0.0 us,  0.0 sy,  0.0 ni, 99.9 id,  0.0 wa,  0.0 hi,  0.0 si,  0.0 st
KiB Mem : 65877692 total, 48211872 free,  3208656 used, 14457164 buff/cache
KiB Swap: 33554428 total, 32398200 free,  1156228 used. 61283656 avail Mem 
--
top - 16:18:02 up 112 days,  8:00,  0 users,  load average: 0.35, 0.43, 0.32
Tasks: 397 total,   1 running, 396 sleeping,   0 stopped,   0 zombie
%Cpu(s):  0.7 us,  0.6 sy,  0.0 ni, 98.4 id,  0.3 wa,  0.0 hi,  0.0 si,  0.0 st
KiB Mem : 65877692 total, 47777516 free,  3643012 used, 14457164 buff/cache
KiB Swap: 33554428 total, 32398200 free,  1156228 used. 60849300 avail Mem 
--
top - 16:18:07 up 112 days,  8:00,  0 users,  load average: 0.32, 0.42, 0.31
Tasks: 401 total,   1 running, 400 sleeping,   0 stopped,   0 zombie
%Cpu(s):  0.0 us,  0.0 sy,  0.0 ni, 99.9 id,  0.0 wa,  0.0 hi,  0.0 si,  0.0 st
KiB Mem : 65877692 total, 47766044 free,  3654484 used, 14457164 buff/cache
KiB Swap: 33554428 total, 32398200 free,  1156228 used. 60837828 avail Mem 
--
top - 16:18:12 up 112 days,  8:00,  0 users,  load average: 0.45, 0.45, 0.32
Tasks: 401 total,   1 running, 400 sleeping,   0 stopped,   0 zombie
%Cpu(s):  8.3 us,  0.5 sy,  0.0 ni, 91.2 id,  0.0 wa,  0.0 hi,  0.0 si,  0.0 st
KiB Mem : 65877692 total, 46127716 free,  5292812 used, 14457164 buff/cache
KiB Swap: 33554428 total, 32398200 free,  1156228 used. 59199500 avail Mem 
--
top - 16:18:17 up 112 days,  8:00,  0 users,  load average: 0.50, 0.46, 0.33
Tasks: 401 total,   1 running, 400 sleeping,   0 stopped,   0 zombie
%Cpu(s):  3.6 us,  0.0 sy,  0.0 ni, 96.4 id,  0.0 wa,  0.0 hi,  0.0 si,  0.0 st
KiB Mem : 65877692 total, 47640520 free,  3780008 used, 14457164 buff/cache
KiB Swap: 33554428 total, 32398200 free,  1156228 used. 60712304 avail Mem 
--
top - 16:18:22 up 112 days,  8:00,  0 users,  load average: 0.46, 0.45, 0.33
Tasks: 401 total,   1 running, 400 sleeping,   0 stopped,   0 zombie
%Cpu(s):  0.1 us,  0.1 sy,  0.0 ni, 99.8 id,  0.0 wa,  0.0 hi,  0.0 si,  0.0 st
KiB Mem : 65877692 total, 48000044 free,  3420484 used, 14457164 buff/cache
KiB Swap: 33554428 total, 32398200 free,  1156228 used. 61071828 avail Mem 
--
top - 16:18:27 up 112 days,  8:00,  0 users,  load average: 0.42, 0.44, 0.32
Tasks: 402 total,   1 running, 401 sleeping,   0 stopped,   0 zombie
%Cpu(s):  0.1 us,  0.0 sy,  0.0 ni, 96.8 id,  3.1 wa,  0.0 hi,  0.0 si,  0.0 st
KiB Mem : 65877692 total, 48001556 free,  3418972 used, 14457164 buff/cache
KiB Swap: 33554428 total, 32398200 free,  1156228 used. 61073340 avail Mem 
--
top - 16:18:32 up 112 days,  8:00,  0 users,  load average: 0.95, 0.55, 0.36
Tasks: 403 total,   1 running, 402 sleeping,   0 stopped,   0 zombie
%Cpu(s):  0.1 us,  0.0 sy,  0.0 ni, 90.6 id,  9.3 wa,  0.0 hi,  0.0 si,  0.0 st
KiB Mem : 65877692 total, 48003136 free,  3417392 used, 14457164 buff/cache
KiB Swap: 33554428 total, 32398200 free,  1156228 used. 61074920 avail Mem 
--
top - 16:18:37 up 112 days,  8:00,  0 users,  load average: 1.43, 0.66, 0.39
Tasks: 403 total,   1 running, 402 sleeping,   0 stopped,   0 zombie
%Cpu(s):  0.1 us,  0.0 sy,  0.0 ni, 94.9 id,  5.0 wa,  0.0 hi,  0.0 si,  0.0 st
KiB Mem : 65877692 total, 48003988 free,  3416540 used, 14457164 buff/cache
KiB Swap: 33554428 total, 32398200 free,  1156228 used. 61075772 avail Mem 
