Job id: 4755711
Master ip: 10.149.0.68
--
top - 14:54:32 up 112 days,  6:36,  0 users,  load average: 0.16, 0.21, 0.16
Tasks: 404 total,   2 running, 402 sleeping,   0 stopped,   0 zombie
%Cpu(s):  2.0 us,  0.9 sy,  0.0 ni, 97.1 id,  0.0 wa,  0.0 hi,  0.0 si,  0.0 st
KiB Mem : 65877692 total, 50687496 free,  1158852 used, 14031344 buff/cache
KiB Swap: 33554428 total, 32275836 free,  1278592 used. 63440064 avail Mem 
--
top - 14:54:37 up 112 days,  6:36,  0 users,  load average: 0.23, 0.22, 0.16
Tasks: 404 total,   1 running, 403 sleeping,   0 stopped,   0 zombie
%Cpu(s):  0.7 us,  0.1 sy,  0.0 ni, 99.1 id,  0.0 wa,  0.0 hi,  0.0 si,  0.0 st
KiB Mem : 65877692 total, 50663812 free,  1182524 used, 14031356 buff/cache
KiB Swap: 33554428 total, 32275836 free,  1278592 used. 63416392 avail Mem 
--
top - 14:54:42 up 112 days,  6:36,  0 users,  load average: 0.21, 0.22, 0.16
Tasks: 404 total,   1 running, 403 sleeping,   0 stopped,   0 zombie
%Cpu(s):  0.1 us,  0.0 sy,  0.0 ni, 99.9 id,  0.0 wa,  0.0 hi,  0.0 si,  0.0 st
KiB Mem : 65877692 total, 50662964 free,  1183372 used, 14031356 buff/cache
KiB Swap: 33554428 total, 32275836 free,  1278592 used. 63415544 avail Mem 
--
top - 14:54:47 up 112 days,  6:36,  0 users,  load average: 0.19, 0.22, 0.16
Tasks: 404 total,   1 running, 403 sleeping,   0 stopped,   0 zombie
%Cpu(s):  0.0 us,  0.0 sy,  0.0 ni, 99.9 id,  0.0 wa,  0.0 hi,  0.0 si,  0.0 st
KiB Mem : 65877692 total, 50663596 free,  1182740 used, 14031356 buff/cache
KiB Swap: 33554428 total, 32275836 free,  1278592 used. 63416176 avail Mem 
--
top - 14:54:52 up 112 days,  6:36,  0 users,  load average: 0.18, 0.21, 0.16
Tasks: 404 total,   1 running, 403 sleeping,   0 stopped,   0 zombie
%Cpu(s):  0.0 us,  0.0 sy,  0.0 ni, 99.9 id,  0.0 wa,  0.0 hi,  0.0 si,  0.0 st
KiB Mem : 65877692 total, 50663876 free,  1182460 used, 14031356 buff/cache
KiB Swap: 33554428 total, 32275836 free,  1278592 used. 63416456 avail Mem 
--
top - 14:54:57 up 112 days,  6:37,  0 users,  load average: 0.16, 0.21, 0.16
Tasks: 404 total,   1 running, 403 sleeping,   0 stopped,   0 zombie
%Cpu(s):  0.0 us,  0.0 sy,  0.0 ni,100.0 id,  0.0 wa,  0.0 hi,  0.0 si,  0.0 st
KiB Mem : 65877692 total, 50663752 free,  1182584 used, 14031356 buff/cache
KiB Swap: 33554428 total, 32275836 free,  1278592 used. 63416332 avail Mem 
--
top - 14:55:02 up 112 days,  6:37,  0 users,  load average: 0.15, 0.20, 0.16
Tasks: 400 total,   2 running, 398 sleeping,   0 stopped,   0 zombie
%Cpu(s):  0.7 us,  0.1 sy,  0.0 ni, 99.2 id,  0.0 wa,  0.0 hi,  0.0 si,  0.0 st
KiB Mem : 65877692 total, 50576488 free,  1190752 used, 14110452 buff/cache
KiB Swap: 33554428 total, 32275836 free,  1278592 used. 63406668 avail Mem 
--
top - 14:55:07 up 112 days,  6:37,  0 users,  load average: 0.14, 0.20, 0.15
Tasks: 400 total,   2 running, 398 sleeping,   0 stopped,   0 zombie
%Cpu(s):  2.7 us,  0.4 sy,  0.0 ni, 96.6 id,  0.3 wa,  0.0 hi,  0.1 si,  0.0 st
KiB Mem : 65877692 total, 50220800 free,  1190892 used, 14466000 buff/cache
KiB Swap: 33554428 total, 32275836 free,  1278592 used. 63401724 avail Mem 
--
top - 14:55:12 up 112 days,  6:37,  0 users,  load average: 0.21, 0.21, 0.16
Tasks: 401 total,   2 running, 399 sleeping,   0 stopped,   0 zombie
%Cpu(s):  2.7 us,  0.4 sy,  0.0 ni, 96.5 id,  0.3 wa,  0.0 hi,  0.1 si,  0.0 st
KiB Mem : 65877692 total, 49879528 free,  1192032 used, 14806132 buff/cache
KiB Swap: 33554428 total, 32275836 free,  1278592 used. 63395760 avail Mem 
--
top - 14:55:17 up 112 days,  6:37,  0 users,  load average: 0.35, 0.24, 0.17
Tasks: 401 total,   2 running, 399 sleeping,   0 stopped,   0 zombie
%Cpu(s):  2.8 us,  0.4 sy,  0.0 ni, 96.4 id,  0.4 wa,  0.0 hi,  0.1 si,  0.0 st
KiB Mem : 65877692 total, 49535180 free,  1191704 used, 15150808 buff/cache
KiB Swap: 33554428 total, 32275836 free,  1278592 used. 63391860 avail Mem 
--
top - 14:55:22 up 112 days,  6:37,  0 users,  load average: 0.40, 0.26, 0.17
Tasks: 401 total,   2 running, 399 sleeping,   0 stopped,   0 zombie
%Cpu(s):  2.7 us,  0.3 sy,  0.0 ni, 96.8 id,  0.0 wa,  0.0 hi,  0.1 si,  0.0 st
KiB Mem : 65877692 total, 49195232 free,  1190780 used, 15491680 buff/cache
KiB Swap: 33554428 total, 32275836 free,  1278592 used. 63388396 avail Mem 
--
top - 14:55:27 up 112 days,  6:37,  0 users,  load average: 0.49, 0.28, 0.18
Tasks: 401 total,   2 running, 399 sleeping,   0 stopped,   0 zombie
%Cpu(s):  2.7 us,  0.4 sy,  0.0 ni, 96.9 id,  0.0 wa,  0.0 hi,  0.1 si,  0.0 st
KiB Mem : 65877692 total, 48835928 free,  1191028 used, 15850736 buff/cache
KiB Swap: 33554428 total, 32275836 free,  1278592 used. 63382084 avail Mem 
--
top - 14:55:32 up 112 days,  6:37,  0 users,  load average: 0.45, 0.28, 0.18
Tasks: 401 total,   2 running, 399 sleeping,   0 stopped,   0 zombie
%Cpu(s):  2.7 us,  0.3 sy,  0.0 ni, 96.8 id,  0.0 wa,  0.0 hi,  0.0 si,  0.0 st
KiB Mem : 65877692 total, 48484920 free,  1191132 used, 16201640 buff/cache
KiB Swap: 33554428 total, 32275836 free,  1278592 used. 63378364 avail Mem 
--
top - 14:55:37 up 112 days,  6:37,  0 users,  load average: 0.49, 0.29, 0.19
Tasks: 401 total,   2 running, 399 sleeping,   0 stopped,   0 zombie
%Cpu(s):  2.7 us,  0.4 sy,  0.0 ni, 96.9 id,  0.0 wa,  0.0 hi,  0.1 si,  0.0 st
KiB Mem : 65877692 total, 48116144 free,  1193256 used, 16568292 buff/cache
KiB Swap: 33554428 total, 32275836 free,  1278592 used. 63371132 avail Mem 
--
top - 14:55:42 up 112 days,  6:37,  0 users,  load average: 0.53, 0.30, 0.19
Tasks: 401 total,   2 running, 399 sleeping,   0 stopped,   0 zombie
%Cpu(s):  2.8 us,  0.4 sy,  0.0 ni, 96.8 id,  0.0 wa,  0.0 hi,  0.0 si,  0.0 st
KiB Mem : 65877692 total, 47734476 free,  1195908 used, 16947308 buff/cache
KiB Swap: 33554428 total, 32275836 free,  1278592 used. 63363420 avail Mem 
--
top - 14:55:47 up 112 days,  6:37,  0 users,  load average: 0.49, 0.30, 0.19
Tasks: 401 total,   2 running, 399 sleeping,   0 stopped,   0 zombie
%Cpu(s):  2.3 us,  1.0 sy,  0.0 ni, 95.3 id,  1.4 wa,  0.0 hi,  0.0 si,  0.0 st
KiB Mem : 65877692 total, 46056024 free,  2604664 used, 17217004 buff/cache
KiB Swap: 33554428 total, 32275836 free,  1278592 used. 61950448 avail Mem 
--
top - 14:55:52 up 112 days,  6:37,  0 users,  load average: 0.53, 0.31, 0.19
Tasks: 401 total,   2 running, 399 sleeping,   0 stopped,   0 zombie
%Cpu(s):  1.8 us,  1.4 sy,  0.0 ni, 96.7 id,  0.0 wa,  0.0 hi,  0.0 si,  0.0 st
KiB Mem : 65877692 total, 47202564 free,  4643352 used, 14031776 buff/cache
KiB Swap: 33554428 total, 32275836 free,  1278592 used. 59956236 avail Mem 
--
top - 14:55:57 up 112 days,  6:38,  0 users,  load average: 0.57, 0.32, 0.20
Tasks: 403 total,   2 running, 401 sleeping,   0 stopped,   0 zombie
%Cpu(s):  2.1 us,  0.5 sy,  0.0 ni, 97.3 id,  0.0 wa,  0.0 hi,  0.0 si,  0.0 st
KiB Mem : 65877692 total, 47259008 free,  4586996 used, 14031688 buff/cache
KiB Swap: 33554428 total, 32275836 free,  1278592 used. 60011752 avail Mem 
--
top - 14:56:02 up 112 days,  6:38,  0 users,  load average: 0.60, 0.33, 0.20
Tasks: 407 total,   2 running, 405 sleeping,   0 stopped,   0 zombie
%Cpu(s):  2.5 us,  0.6 sy,  0.0 ni, 96.5 id,  0.4 wa,  0.0 hi,  0.0 si,  0.0 st
KiB Mem : 65877692 total, 47241320 free,  4604688 used, 14031684 buff/cache
KiB Swap: 33554428 total, 32275836 free,  1278592 used. 59994064 avail Mem 
--
top - 14:56:07 up 112 days,  6:38,  0 users,  load average: 0.64, 0.34, 0.21
Tasks: 407 total,   2 running, 405 sleeping,   0 stopped,   0 zombie
%Cpu(s):  2.1 us,  0.5 sy,  0.0 ni, 97.4 id,  0.0 wa,  0.0 hi,  0.0 si,  0.0 st
KiB Mem : 65877692 total, 47266752 free,  4579256 used, 14031684 buff/cache
KiB Swap: 33554428 total, 32275836 free,  1278592 used. 60019496 avail Mem 
--
top - 14:56:12 up 112 days,  6:38,  0 users,  load average: 0.66, 0.35, 0.21
Tasks: 407 total,   2 running, 405 sleeping,   0 stopped,   0 zombie
%Cpu(s):  2.0 us,  0.5 sy,  0.0 ni, 97.5 id,  0.0 wa,  0.0 hi,  0.0 si,  0.0 st
KiB Mem : 65877692 total, 47241208 free,  4604800 used, 14031684 buff/cache
KiB Swap: 33554428 total, 32275836 free,  1278592 used. 59993952 avail Mem 
--
top - 14:56:17 up 112 days,  6:38,  0 users,  load average: 0.69, 0.36, 0.22
Tasks: 407 total,   2 running, 405 sleeping,   0 stopped,   0 zombie
%Cpu(s):  2.1 us,  0.5 sy,  0.0 ni, 97.4 id,  0.0 wa,  0.0 hi,  0.0 si,  0.0 st
KiB Mem : 65877692 total, 47241368 free,  4604640 used, 14031684 buff/cache
KiB Swap: 33554428 total, 32275836 free,  1278592 used. 59994112 avail Mem 
--
top - 14:56:22 up 112 days,  6:38,  0 users,  load average: 0.64, 0.36, 0.21
Tasks: 406 total,   1 running, 405 sleeping,   0 stopped,   0 zombie
%Cpu(s):  0.3 us,  0.1 sy,  0.0 ni, 99.6 id,  0.0 wa,  0.0 hi,  0.0 si,  0.0 st
KiB Mem : 65877692 total, 47240428 free,  4605576 used, 14031688 buff/cache
KiB Swap: 33554428 total, 32275836 free,  1278592 used. 59993172 avail Mem 
--
top - 14:56:27 up 112 days,  6:38,  0 users,  load average: 0.59, 0.35, 0.21
Tasks: 406 total,   1 running, 405 sleeping,   0 stopped,   0 zombie
%Cpu(s):  0.1 us,  0.0 sy,  0.0 ni, 99.9 id,  0.0 wa,  0.0 hi,  0.0 si,  0.0 st
KiB Mem : 65877692 total, 47240644 free,  4605360 used, 14031688 buff/cache
KiB Swap: 33554428 total, 32275836 free,  1278592 used. 59993388 avail Mem 
--
top - 14:56:32 up 112 days,  6:38,  0 users,  load average: 0.54, 0.35, 0.21
Tasks: 405 total,   1 running, 404 sleeping,   0 stopped,   0 zombie
%Cpu(s):  0.1 us,  0.0 sy,  0.0 ni, 99.9 id,  0.0 wa,  0.0 hi,  0.0 si,  0.0 st
KiB Mem : 65877692 total, 47241124 free,  4604880 used, 14031688 buff/cache
KiB Swap: 33554428 total, 32275836 free,  1278592 used. 59993868 avail Mem 
--
top - 14:56:37 up 112 days,  6:38,  0 users,  load average: 0.50, 0.34, 0.21
Tasks: 405 total,   1 running, 404 sleeping,   0 stopped,   0 zombie
%Cpu(s):  0.1 us,  0.0 sy,  0.0 ni, 99.9 id,  0.0 wa,  0.0 hi,  0.0 si,  0.0 st
KiB Mem : 65877692 total, 47241652 free,  4604352 used, 14031688 buff/cache
KiB Swap: 33554428 total, 32275836 free,  1278592 used. 59994396 avail Mem 
--
top - 14:56:42 up 112 days,  6:38,  0 users,  load average: 0.46, 0.33, 0.21
Tasks: 406 total,   1 running, 405 sleeping,   0 stopped,   0 zombie
%Cpu(s):  0.1 us,  0.0 sy,  0.0 ni, 99.9 id,  0.0 wa,  0.0 hi,  0.0 si,  0.0 st
KiB Mem : 65877692 total, 47241608 free,  4604396 used, 14031688 buff/cache
KiB Swap: 33554428 total, 32275836 free,  1278592 used. 59994352 avail Mem 
--
top - 14:56:47 up 112 days,  6:38,  0 users,  load average: 0.42, 0.33, 0.21
Tasks: 406 total,   1 running, 405 sleeping,   0 stopped,   0 zombie
%Cpu(s):  0.1 us,  0.0 sy,  0.0 ni, 99.9 id,  0.0 wa,  0.0 hi,  0.0 si,  0.0 st
KiB Mem : 65877692 total, 47242416 free,  4603588 used, 14031688 buff/cache
KiB Swap: 33554428 total, 32275836 free,  1278592 used. 59995160 avail Mem 
--
top - 14:56:52 up 112 days,  6:39,  0 users,  load average: 0.39, 0.32, 0.21
Tasks: 406 total,   2 running, 404 sleeping,   0 stopped,   0 zombie
%Cpu(s):  0.0 us,  0.0 sy,  0.0 ni, 99.9 id,  0.0 wa,  0.0 hi,  0.0 si,  0.0 st
KiB Mem : 65877692 total, 47242432 free,  4603572 used, 14031688 buff/cache
KiB Swap: 33554428 total, 32275836 free,  1278592 used. 59995176 avail Mem 
--
top - 14:56:57 up 112 days,  6:39,  0 users,  load average: 0.35, 0.32, 0.21
Tasks: 406 total,   1 running, 405 sleeping,   0 stopped,   0 zombie
%Cpu(s):  0.0 us,  0.0 sy,  0.0 ni, 99.9 id,  0.0 wa,  0.0 hi,  0.0 si,  0.0 st
KiB Mem : 65877692 total, 47242660 free,  4603344 used, 14031688 buff/cache
KiB Swap: 33554428 total, 32275836 free,  1278592 used. 59995404 avail Mem 
--
top - 14:57:02 up 112 days,  6:39,  0 users,  load average: 0.33, 0.31, 0.21
Tasks: 404 total,   1 running, 403 sleeping,   0 stopped,   0 zombie
%Cpu(s):  0.1 us,  0.0 sy,  0.0 ni, 99.9 id,  0.0 wa,  0.0 hi,  0.0 si,  0.0 st
KiB Mem : 65877692 total, 47242456 free,  4603548 used, 14031688 buff/cache
KiB Swap: 33554428 total, 32275836 free,  1278592 used. 59995200 avail Mem 
--
top - 14:57:07 up 112 days,  6:39,  0 users,  load average: 0.30, 0.31, 0.21
Tasks: 403 total,   1 running, 402 sleeping,   0 stopped,   0 zombie
%Cpu(s):  0.0 us,  0.0 sy,  0.0 ni,100.0 id,  0.0 wa,  0.0 hi,  0.0 si,  0.0 st
KiB Mem : 65877692 total, 47242968 free,  4603036 used, 14031688 buff/cache
KiB Swap: 33554428 total, 32275836 free,  1278592 used. 59995712 avail Mem 
--
top - 14:57:12 up 112 days,  6:39,  0 users,  load average: 0.28, 0.30, 0.20
Tasks: 403 total,   1 running, 402 sleeping,   0 stopped,   0 zombie
%Cpu(s):  0.0 us,  0.0 sy,  0.0 ni, 99.9 id,  0.0 wa,  0.0 hi,  0.0 si,  0.0 st
KiB Mem : 65877692 total, 47243092 free,  4602912 used, 14031688 buff/cache
KiB Swap: 33554428 total, 32275836 free,  1278592 used. 59995836 avail Mem 
--
top - 14:57:18 up 112 days,  6:39,  0 users,  load average: 0.25, 0.30, 0.20
Tasks: 403 total,   1 running, 402 sleeping,   0 stopped,   0 zombie
%Cpu(s):  0.1 us,  0.0 sy,  0.0 ni, 99.9 id,  0.0 wa,  0.0 hi,  0.0 si,  0.0 st
KiB Mem : 65877692 total, 47243380 free,  4602620 used, 14031692 buff/cache
KiB Swap: 33554428 total, 32275836 free,  1278592 used. 59996124 avail Mem 
--
top - 14:57:23 up 112 days,  6:39,  0 users,  load average: 0.23, 0.29, 0.20
Tasks: 403 total,   2 running, 401 sleeping,   0 stopped,   0 zombie
%Cpu(s):  2.3 us,  0.6 sy,  0.0 ni, 97.0 id,  0.0 wa,  0.0 hi,  0.1 si,  0.0 st
KiB Mem : 65877692 total, 46695268 free,  4608412 used, 14574012 buff/cache
KiB Swap: 33554428 total, 32275836 free,  1278592 used. 59983132 avail Mem 
--
top - 14:57:28 up 112 days,  6:39,  0 users,  load average: 0.30, 0.30, 0.21
Tasks: 403 total,   2 running, 401 sleeping,   0 stopped,   0 zombie
%Cpu(s):  2.5 us,  0.6 sy,  0.0 ni, 96.8 id,  0.0 wa,  0.0 hi,  0.0 si,  0.0 st
KiB Mem : 65877692 total, 46094192 free,  4607912 used, 15175588 buff/cache
KiB Swap: 33554428 total, 32275836 free,  1278592 used. 59975832 avail Mem 
--
top - 14:57:33 up 112 days,  6:39,  0 users,  load average: 0.35, 0.32, 0.21
Tasks: 403 total,   1 running, 402 sleeping,   0 stopped,   0 zombie
%Cpu(s):  2.4 us,  0.6 sy,  0.0 ni, 96.9 id,  0.0 wa,  0.0 hi,  0.1 si,  0.0 st
KiB Mem : 65877692 total, 45484168 free,  4608144 used, 15785380 buff/cache
KiB Swap: 33554428 total, 32275836 free,  1278592 used. 59967228 avail Mem 
--
top - 14:57:38 up 112 days,  6:39,  0 users,  load average: 0.40, 0.33, 0.22
Tasks: 402 total,   2 running, 400 sleeping,   0 stopped,   0 zombie
%Cpu(s):  2.4 us,  0.6 sy,  0.0 ni, 96.8 id,  0.0 wa,  0.0 hi,  0.1 si,  0.0 st
KiB Mem : 65877692 total, 44861988 free,  4606888 used, 16408816 buff/cache
KiB Swap: 33554428 total, 32275836 free,  1278592 used. 59959352 avail Mem 
--
top - 14:57:43 up 112 days,  6:39,  0 users,  load average: 0.45, 0.34, 0.22
Tasks: 402 total,   2 running, 400 sleeping,   0 stopped,   0 zombie
%Cpu(s):  2.5 us,  0.6 sy,  0.0 ni, 96.8 id,  0.0 wa,  0.0 hi,  0.1 si,  0.0 st
KiB Mem : 65877692 total, 44229336 free,  4606100 used, 17042256 buff/cache
KiB Swap: 33554428 total, 32275836 free,  1278592 used. 59951880 avail Mem 
--
top - 14:57:48 up 112 days,  6:39,  0 users,  load average: 0.50, 0.35, 0.22
Tasks: 402 total,   2 running, 400 sleeping,   0 stopped,   0 zombie
%Cpu(s):  1.7 us,  1.5 sy,  0.0 ni, 96.8 id,  0.0 wa,  0.0 hi,  0.0 si,  0.0 st
KiB Mem : 65877692 total, 41133676 free,  7775860 used, 16968156 buff/cache
KiB Swap: 33554428 total, 32275836 free,  1278592 used. 56783684 avail Mem 
--
top - 14:57:53 up 112 days,  6:40,  0 users,  load average: 0.54, 0.36, 0.23
Tasks: 401 total,   1 running, 400 sleeping,   0 stopped,   0 zombie
%Cpu(s):  1.9 us,  0.8 sy,  0.0 ni, 97.3 id,  0.0 wa,  0.0 hi,  0.0 si,  0.0 st
KiB Mem : 65877692 total, 43753732 free,  8092252 used, 14031708 buff/cache
KiB Swap: 33554428 total, 32275836 free,  1278592 used. 56506512 avail Mem 
--
top - 14:57:58 up 112 days,  6:40,  0 users,  load average: 0.57, 0.37, 0.23
Tasks: 401 total,   2 running, 399 sleeping,   0 stopped,   0 zombie
%Cpu(s):  1.9 us,  0.4 sy,  0.0 ni, 97.7 id,  0.0 wa,  0.0 hi,  0.0 si,  0.0 st
KiB Mem : 65877692 total, 43793592 free,  8052392 used, 14031708 buff/cache
KiB Swap: 33554428 total, 32275836 free,  1278592 used. 56546372 avail Mem 
--
top - 14:58:03 up 112 days,  6:40,  0 users,  load average: 0.61, 0.38, 0.24
Tasks: 405 total,   2 running, 403 sleeping,   0 stopped,   0 zombie
%Cpu(s):  2.5 us,  0.6 sy,  0.0 ni, 96.6 id,  0.3 wa,  0.0 hi,  0.0 si,  0.0 st
KiB Mem : 65877692 total, 44009172 free,  7836816 used, 14031704 buff/cache
KiB Swap: 33554428 total, 32275836 free,  1278592 used. 56761932 avail Mem 
--
top - 14:58:08 up 112 days,  6:40,  0 users,  load average: 0.56, 0.37, 0.24
Tasks: 405 total,   1 running, 404 sleeping,   0 stopped,   0 zombie
%Cpu(s):  2.0 us,  0.4 sy,  0.0 ni, 97.6 id,  0.0 wa,  0.0 hi,  0.0 si,  0.0 st
KiB Mem : 65877692 total, 43899148 free,  7946836 used, 14031708 buff/cache
KiB Swap: 33554428 total, 32275836 free,  1278592 used. 56651908 avail Mem 
--
top - 14:58:13 up 112 days,  6:40,  0 users,  load average: 0.59, 0.38, 0.24
Tasks: 405 total,   2 running, 403 sleeping,   0 stopped,   0 zombie
%Cpu(s):  1.9 us,  0.5 sy,  0.0 ni, 97.6 id,  0.0 wa,  0.0 hi,  0.0 si,  0.0 st
KiB Mem : 65877692 total, 44020340 free,  7825644 used, 14031708 buff/cache
KiB Swap: 33554428 total, 32275836 free,  1278592 used. 56773100 avail Mem 
--
top - 14:58:18 up 112 days,  6:40,  0 users,  load average: 0.55, 0.38, 0.24
Tasks: 405 total,   2 running, 403 sleeping,   0 stopped,   0 zombie
%Cpu(s):  2.0 us,  0.4 sy,  0.0 ni, 97.6 id,  0.0 wa,  0.0 hi,  0.0 si,  0.0 st
KiB Mem : 65877692 total, 44035208 free,  7810776 used, 14031708 buff/cache
KiB Swap: 33554428 total, 32275836 free,  1278592 used. 56787968 avail Mem 
--
top - 14:58:23 up 112 days,  6:40,  0 users,  load average: 0.50, 0.37, 0.24
Tasks: 405 total,   1 running, 404 sleeping,   0 stopped,   0 zombie
%Cpu(s):  0.8 us,  0.1 sy,  0.0 ni, 99.1 id,  0.0 wa,  0.0 hi,  0.0 si,  0.0 st
KiB Mem : 65877692 total, 44023584 free,  7822400 used, 14031708 buff/cache
KiB Swap: 33554428 total, 32275836 free,  1278592 used. 56776344 avail Mem 
--
top - 14:58:28 up 112 days,  6:40,  0 users,  load average: 0.46, 0.37, 0.23
Tasks: 405 total,   1 running, 404 sleeping,   0 stopped,   0 zombie
%Cpu(s):  0.1 us,  0.0 sy,  0.0 ni, 99.9 id,  0.0 wa,  0.0 hi,  0.0 si,  0.0 st
KiB Mem : 65877692 total, 44023064 free,  7822920 used, 14031708 buff/cache
KiB Swap: 33554428 total, 32275836 free,  1278592 used. 56775824 avail Mem 
--
top - 14:58:33 up 112 days,  6:40,  0 users,  load average: 0.43, 0.36, 0.23
Tasks: 405 total,   1 running, 404 sleeping,   0 stopped,   0 zombie
%Cpu(s):  0.1 us,  0.0 sy,  0.0 ni, 99.9 id,  0.0 wa,  0.0 hi,  0.0 si,  0.0 st
KiB Mem : 65877692 total, 44021884 free,  7824100 used, 14031708 buff/cache
KiB Swap: 33554428 total, 32275836 free,  1278592 used. 56774644 avail Mem 
--
top - 14:58:38 up 112 days,  6:40,  0 users,  load average: 0.39, 0.35, 0.23
Tasks: 405 total,   1 running, 404 sleeping,   0 stopped,   0 zombie
%Cpu(s):  0.1 us,  0.0 sy,  0.0 ni, 99.9 id,  0.0 wa,  0.0 hi,  0.0 si,  0.0 st
KiB Mem : 65877692 total, 44022756 free,  7823228 used, 14031708 buff/cache
KiB Swap: 33554428 total, 32275836 free,  1278592 used. 56775516 avail Mem 
--
top - 14:58:43 up 112 days,  6:40,  0 users,  load average: 0.36, 0.35, 0.23
Tasks: 405 total,   1 running, 404 sleeping,   0 stopped,   0 zombie
%Cpu(s):  0.0 us,  0.0 sy,  0.0 ni, 99.9 id,  0.0 wa,  0.0 hi,  0.0 si,  0.0 st
KiB Mem : 65877692 total, 44020828 free,  7825156 used, 14031708 buff/cache
KiB Swap: 33554428 total, 32275836 free,  1278592 used. 56773592 avail Mem 
--
top - 14:58:48 up 112 days,  6:40,  0 users,  load average: 0.33, 0.34, 0.23
Tasks: 405 total,   1 running, 404 sleeping,   0 stopped,   0 zombie
%Cpu(s):  0.1 us,  0.0 sy,  0.0 ni, 99.9 id,  0.0 wa,  0.0 hi,  0.0 si,  0.0 st
KiB Mem : 65877692 total, 44021392 free,  7824592 used, 14031708 buff/cache
KiB Swap: 33554428 total, 32275836 free,  1278592 used. 56774156 avail Mem 
--
top - 14:58:53 up 112 days,  6:41,  0 users,  load average: 0.30, 0.34, 0.23
Tasks: 405 total,   1 running, 404 sleeping,   0 stopped,   0 zombie
%Cpu(s):  0.1 us,  0.0 sy,  0.0 ni, 99.9 id,  0.0 wa,  0.0 hi,  0.0 si,  0.0 st
KiB Mem : 65877692 total, 44020896 free,  7825088 used, 14031708 buff/cache
KiB Swap: 33554428 total, 32275836 free,  1278592 used. 56773660 avail Mem 
--
top - 14:58:58 up 112 days,  6:41,  0 users,  load average: 0.28, 0.33, 0.23
Tasks: 405 total,   1 running, 404 sleeping,   0 stopped,   0 zombie
%Cpu(s):  0.0 us,  0.0 sy,  0.0 ni,100.0 id,  0.0 wa,  0.0 hi,  0.0 si,  0.0 st
KiB Mem : 65877692 total, 44021524 free,  7824460 used, 14031708 buff/cache
KiB Swap: 33554428 total, 32275836 free,  1278592 used. 56774288 avail Mem 
--
top - 14:59:03 up 112 days,  6:41,  0 users,  load average: 0.34, 0.34, 0.23
Tasks: 402 total,   1 running, 401 sleeping,   0 stopped,   0 zombie
%Cpu(s):  0.1 us,  0.0 sy,  0.0 ni, 99.9 id,  0.0 wa,  0.0 hi,  0.0 si,  0.0 st
KiB Mem : 65877692 total, 44020760 free,  7825220 used, 14031712 buff/cache
KiB Swap: 33554428 total, 32275836 free,  1278592 used. 56773524 avail Mem 
--
top - 14:59:08 up 112 days,  6:41,  0 users,  load average: 0.31, 0.34, 0.23
Tasks: 402 total,   1 running, 401 sleeping,   0 stopped,   0 zombie
%Cpu(s):  0.0 us,  0.0 sy,  0.0 ni,100.0 id,  0.0 wa,  0.0 hi,  0.0 si,  0.0 st
KiB Mem : 65877692 total, 44021484 free,  7824496 used, 14031712 buff/cache
KiB Swap: 33554428 total, 32275836 free,  1278592 used. 56774248 avail Mem 
--
top - 14:59:13 up 112 days,  6:41,  0 users,  load average: 0.29, 0.33, 0.23
Tasks: 402 total,   1 running, 401 sleeping,   0 stopped,   0 zombie
%Cpu(s):  0.1 us,  0.0 sy,  0.0 ni, 99.9 id,  0.0 wa,  0.0 hi,  0.0 si,  0.0 st
KiB Mem : 65877692 total, 44021060 free,  7824920 used, 14031712 buff/cache
KiB Swap: 33554428 total, 32275836 free,  1278592 used. 56773824 avail Mem 
--
top - 14:59:18 up 112 days,  6:41,  0 users,  load average: 0.26, 0.33, 0.23
Tasks: 402 total,   1 running, 401 sleeping,   0 stopped,   0 zombie
%Cpu(s):  0.0 us,  0.0 sy,  0.0 ni, 99.9 id,  0.0 wa,  0.0 hi,  0.0 si,  0.0 st
KiB Mem : 65877692 total, 44022316 free,  7823664 used, 14031712 buff/cache
KiB Swap: 33554428 total, 32275836 free,  1278592 used. 56775080 avail Mem 
--
top - 14:59:23 up 112 days,  6:41,  0 users,  load average: 0.32, 0.34, 0.23
Tasks: 401 total,   2 running, 399 sleeping,   0 stopped,   0 zombie
%Cpu(s):  1.5 us,  0.2 sy,  0.0 ni, 98.3 id,  0.0 wa,  0.0 hi,  0.0 si,  0.0 st
KiB Mem : 65877692 total, 43759828 free,  7829312 used, 14288552 buff/cache
KiB Swap: 33554428 total, 32275836 free,  1278592 used. 56766312 avail Mem 
--
top - 14:59:28 up 112 days,  6:41,  0 users,  load average: 0.38, 0.35, 0.23
Tasks: 401 total,   1 running, 400 sleeping,   0 stopped,   0 zombie
%Cpu(s):  2.8 us,  0.4 sy,  0.0 ni, 96.6 id,  0.2 wa,  0.0 hi,  0.0 si,  0.0 st
KiB Mem : 65877692 total, 43297456 free,  7828712 used, 14751524 buff/cache
KiB Swap: 33554428 total, 32275836 free,  1278592 used. 56760200 avail Mem 
--
top - 14:59:33 up 112 days,  6:41,  0 users,  load average: 0.51, 0.38, 0.24
Tasks: 401 total,   2 running, 399 sleeping,   0 stopped,   0 zombie
%Cpu(s):  2.8 us,  0.4 sy,  0.0 ni, 96.1 id,  0.7 wa,  0.0 hi,  0.0 si,  0.0 st
KiB Mem : 65877692 total, 42833204 free,  7828252 used, 15216236 buff/cache
KiB Swap: 33554428 total, 32275836 free,  1278592 used. 56754076 avail Mem 
--
top - 14:59:38 up 112 days,  6:41,  0 users,  load average: 0.55, 0.39, 0.25
Tasks: 401 total,   2 running, 399 sleeping,   0 stopped,   0 zombie
%Cpu(s):  2.7 us,  0.4 sy,  0.0 ni, 96.9 id,  0.0 wa,  0.0 hi,  0.1 si,  0.0 st
KiB Mem : 65877692 total, 42366756 free,  7828248 used, 15682688 buff/cache
KiB Swap: 33554428 total, 32275836 free,  1278592 used. 56748188 avail Mem 
--
top - 14:59:43 up 112 days,  6:41,  0 users,  load average: 0.50, 0.38, 0.25
Tasks: 401 total,   2 running, 399 sleeping,   0 stopped,   0 zombie
%Cpu(s):  2.8 us,  0.4 sy,  0.0 ni, 96.8 id,  0.0 wa,  0.0 hi,  0.0 si,  0.0 st
KiB Mem : 65877692 total, 41893908 free,  7830212 used, 16153572 buff/cache
KiB Swap: 33554428 total, 32275836 free,  1278592 used. 56739140 avail Mem 
--
top - 14:59:48 up 112 days,  6:41,  0 users,  load average: 0.54, 0.39, 0.25
Tasks: 401 total,   1 running, 400 sleeping,   0 stopped,   0 zombie
%Cpu(s):  2.7 us,  0.4 sy,  0.0 ni, 96.8 id,  0.0 wa,  0.0 hi,  0.0 si,  0.0 st
KiB Mem : 65877692 total, 41395204 free,  7828556 used, 16653932 buff/cache
KiB Swap: 33554428 total, 32275836 free,  1278592 used. 56734472 avail Mem 
--
top - 14:59:53 up 112 days,  6:42,  0 users,  load average: 0.58, 0.40, 0.25
Tasks: 401 total,   2 running, 399 sleeping,   0 stopped,   0 zombie
%Cpu(s):  2.8 us,  0.4 sy,  0.0 ni, 96.8 id,  0.0 wa,  0.0 hi,  0.0 si,  0.0 st
KiB Mem : 65877692 total, 40914816 free,  7828204 used, 17134672 buff/cache
KiB Swap: 33554428 total, 32275836 free,  1278592 used. 56728096 avail Mem 
--
top - 14:59:58 up 112 days,  6:42,  0 users,  load average: 0.61, 0.41, 0.26
Tasks: 402 total,   3 running, 399 sleeping,   0 stopped,   0 zombie
%Cpu(s):  1.6 us,  1.6 sy,  0.0 ni, 96.5 id,  0.2 wa,  0.0 hi,  0.0 si,  0.0 st
KiB Mem : 65877692 total, 38176568 free, 11094660 used, 16606464 buff/cache
KiB Swap: 33554428 total, 32275836 free,  1278592 used. 53469092 avail Mem 
--
top - 15:00:03 up 112 days,  6:42,  0 users,  load average: 0.64, 0.42, 0.26
Tasks: 402 total,   1 running, 401 sleeping,   0 stopped,   0 zombie
%Cpu(s):  2.0 us,  1.1 sy,  0.0 ni, 96.5 id,  0.4 wa,  0.0 hi,  0.0 si,  0.0 st
KiB Mem : 65877692 total, 40776420 free, 11068844 used, 14032428 buff/cache
KiB Swap: 33554428 total, 32275836 free,  1278592 used. 53529544 avail Mem 
--
top - 15:00:08 up 112 days,  6:42,  0 users,  load average: 0.67, 0.43, 0.27
Tasks: 402 total,   1 running, 401 sleeping,   0 stopped,   0 zombie
%Cpu(s):  1.8 us,  0.7 sy,  0.0 ni, 97.6 id,  0.0 wa,  0.0 hi,  0.0 si,  0.0 st
KiB Mem : 65877692 total, 40771412 free, 11073848 used, 14032432 buff/cache
KiB Swap: 33554428 total, 32275836 free,  1278592 used. 53524544 avail Mem 
--
top - 15:00:13 up 112 days,  6:42,  0 users,  load average: 0.70, 0.44, 0.27
Tasks: 402 total,   2 running, 400 sleeping,   0 stopped,   0 zombie
%Cpu(s):  1.9 us,  0.6 sy,  0.0 ni, 97.4 id,  0.0 wa,  0.0 hi,  0.0 si,  0.0 st
KiB Mem : 65877692 total, 40782324 free, 11062936 used, 14032432 buff/cache
KiB Swap: 33554428 total, 32275836 free,  1278592 used. 53535456 avail Mem 
--
top - 15:00:18 up 112 days,  6:42,  0 users,  load average: 0.64, 0.43, 0.27
Tasks: 401 total,   2 running, 399 sleeping,   0 stopped,   0 zombie
%Cpu(s):  2.0 us,  0.6 sy,  0.0 ni, 97.4 id,  0.0 wa,  0.0 hi,  0.0 si,  0.0 st
KiB Mem : 65877692 total, 40775396 free, 11069864 used, 14032432 buff/cache
KiB Swap: 33554428 total, 32275836 free,  1278592 used. 53528528 avail Mem 
--
top - 15:00:23 up 112 days,  6:42,  0 users,  load average: 0.67, 0.44, 0.27
Tasks: 401 total,   2 running, 399 sleeping,   0 stopped,   0 zombie
%Cpu(s):  1.9 us,  0.7 sy,  0.0 ni, 97.4 id,  0.0 wa,  0.0 hi,  0.0 si,  0.0 st
KiB Mem : 65877692 total, 40828524 free, 11016736 used, 14032432 buff/cache
KiB Swap: 33554428 total, 32275836 free,  1278592 used. 53581656 avail Mem 
--
top - 15:00:28 up 112 days,  6:42,  0 users,  load average: 0.70, 0.45, 0.28
Tasks: 401 total,   2 running, 399 sleeping,   0 stopped,   0 zombie
%Cpu(s):  1.9 us,  0.7 sy,  0.0 ni, 97.4 id,  0.0 wa,  0.0 hi,  0.0 si,  0.0 st
KiB Mem : 65877692 total, 40766616 free, 11078644 used, 14032432 buff/cache
KiB Swap: 33554428 total, 32275836 free,  1278592 used. 53519748 avail Mem 
--
top - 15:00:33 up 112 days,  6:42,  0 users,  load average: 0.72, 0.46, 0.28
Tasks: 401 total,   2 running, 399 sleeping,   0 stopped,   0 zombie
%Cpu(s):  1.7 us,  0.7 sy,  0.0 ni, 97.5 id,  0.0 wa,  0.0 hi,  0.0 si,  0.0 st
KiB Mem : 65877692 total, 40572676 free, 11272584 used, 14032432 buff/cache
KiB Swap: 33554428 total, 32275836 free,  1278592 used. 53325360 avail Mem 
--
top - 15:00:38 up 112 days,  6:42,  0 users,  load average: 0.66, 0.45, 0.28
Tasks: 401 total,   1 running, 400 sleeping,   0 stopped,   0 zombie
%Cpu(s):  0.8 us,  0.3 sy,  0.0 ni, 98.8 id,  0.0 wa,  0.0 hi,  0.0 si,  0.0 st
KiB Mem : 65877692 total, 40801916 free, 11043344 used, 14032432 buff/cache
KiB Swap: 33554428 total, 32275836 free,  1278592 used. 53555048 avail Mem 
--
top - 15:00:43 up 112 days,  6:42,  0 users,  load average: 0.61, 0.44, 0.28
Tasks: 401 total,   1 running, 400 sleeping,   0 stopped,   0 zombie
%Cpu(s):  0.1 us,  0.0 sy,  0.0 ni, 99.9 id,  0.0 wa,  0.0 hi,  0.0 si,  0.0 st
KiB Mem : 65877692 total, 40802220 free, 11043040 used, 14032432 buff/cache
KiB Swap: 33554428 total, 32275836 free,  1278592 used. 53555352 avail Mem 
--
top - 15:00:48 up 112 days,  6:42,  0 users,  load average: 0.56, 0.44, 0.28
Tasks: 401 total,   1 running, 400 sleeping,   0 stopped,   0 zombie
%Cpu(s):  0.1 us,  0.0 sy,  0.0 ni, 99.9 id,  0.0 wa,  0.0 hi,  0.0 si,  0.0 st
KiB Mem : 65877692 total, 40802568 free, 11042692 used, 14032432 buff/cache
KiB Swap: 33554428 total, 32275836 free,  1278592 used. 53555700 avail Mem 
--
top - 15:00:53 up 112 days,  6:43,  0 users,  load average: 0.52, 0.43, 0.27
Tasks: 398 total,   1 running, 397 sleeping,   0 stopped,   0 zombie
%Cpu(s):  0.1 us,  0.0 sy,  0.0 ni, 99.9 id,  0.0 wa,  0.0 hi,  0.0 si,  0.0 st
KiB Mem : 65877692 total, 40802708 free, 11042548 used, 14032436 buff/cache
KiB Swap: 33554428 total, 32275836 free,  1278592 used. 53555840 avail Mem 
--
top - 15:00:58 up 112 days,  6:43,  0 users,  load average: 0.48, 0.42, 0.27
Tasks: 398 total,   1 running, 397 sleeping,   0 stopped,   0 zombie
%Cpu(s):  0.0 us,  0.0 sy,  0.0 ni, 99.9 id,  0.0 wa,  0.0 hi,  0.0 si,  0.0 st
KiB Mem : 65877692 total, 40802912 free, 11042344 used, 14032436 buff/cache
KiB Swap: 33554428 total, 32275836 free,  1278592 used. 53556044 avail Mem 
--
top - 15:01:03 up 112 days,  6:43,  0 users,  load average: 0.44, 0.41, 0.27
Tasks: 394 total,   1 running, 393 sleeping,   0 stopped,   0 zombie
%Cpu(s):  0.1 us,  0.0 sy,  0.0 ni, 99.9 id,  0.0 wa,  0.0 hi,  0.0 si,  0.0 st
KiB Mem : 65877692 total, 40802660 free, 11042644 used, 14032388 buff/cache
KiB Swap: 33554428 total, 32275836 free,  1278592 used. 53555796 avail Mem 
--
top - 15:01:08 up 112 days,  6:43,  0 users,  load average: 0.40, 0.41, 0.27
Tasks: 394 total,   1 running, 393 sleeping,   0 stopped,   0 zombie
%Cpu(s):  0.0 us,  0.0 sy,  0.0 ni, 99.9 id,  0.0 wa,  0.0 hi,  0.0 si,  0.0 st
KiB Mem : 65877692 total, 40803532 free, 11041724 used, 14032436 buff/cache
KiB Swap: 33554428 total, 32275836 free,  1278592 used. 53556668 avail Mem 
--
top - 15:01:13 up 112 days,  6:43,  0 users,  load average: 0.37, 0.40, 0.27
Tasks: 394 total,   1 running, 393 sleeping,   0 stopped,   0 zombie
%Cpu(s):  0.1 us,  0.0 sy,  0.0 ni, 99.9 id,  0.0 wa,  0.0 hi,  0.0 si,  0.0 st
KiB Mem : 65877692 total, 40803092 free, 11042164 used, 14032436 buff/cache
KiB Swap: 33554428 total, 32275836 free,  1278592 used. 53556228 avail Mem 
--
top - 15:01:18 up 112 days,  6:43,  0 users,  load average: 0.34, 0.39, 0.27
Tasks: 393 total,   1 running, 392 sleeping,   0 stopped,   0 zombie
%Cpu(s):  0.1 us,  0.0 sy,  0.0 ni, 99.9 id,  0.0 wa,  0.0 hi,  0.0 si,  0.0 st
KiB Mem : 65877692 total, 40803368 free, 11041888 used, 14032436 buff/cache
KiB Swap: 33554428 total, 32275836 free,  1278592 used. 53556504 avail Mem 
--
top - 15:01:24 up 112 days,  6:43,  0 users,  load average: 0.31, 0.39, 0.27
Tasks: 394 total,   1 running, 393 sleeping,   0 stopped,   0 zombie
%Cpu(s):  0.0 us,  0.0 sy,  0.0 ni, 99.9 id,  0.0 wa,  0.0 hi,  0.0 si,  0.0 st
KiB Mem : 65877692 total, 40803600 free, 11041656 used, 14032436 buff/cache
KiB Swap: 33554428 total, 32275836 free,  1278592 used. 53556736 avail Mem 
--
top - 15:01:29 up 112 days,  6:43,  0 users,  load average: 0.29, 0.38, 0.26
Tasks: 394 total,   1 running, 393 sleeping,   0 stopped,   0 zombie
%Cpu(s):  0.0 us,  0.0 sy,  0.0 ni, 99.9 id,  0.0 wa,  0.0 hi,  0.0 si,  0.0 st
KiB Mem : 65877692 total, 40803600 free, 11041656 used, 14032436 buff/cache
KiB Swap: 33554428 total, 32275836 free,  1278592 used. 53556736 avail Mem 
--
top - 15:01:34 up 112 days,  6:43,  0 users,  load average: 0.27, 0.38, 0.26
Tasks: 394 total,   2 running, 392 sleeping,   0 stopped,   0 zombie
%Cpu(s):  0.3 us,  0.0 sy,  0.0 ni, 99.7 id,  0.0 wa,  0.0 hi,  0.0 si,  0.0 st
KiB Mem : 65877692 total, 40772412 free, 11047356 used, 14057924 buff/cache
KiB Swap: 33554428 total, 32275836 free,  1278592 used. 53550896 avail Mem 
--
top - 15:01:39 up 112 days,  6:43,  0 users,  load average: 0.32, 0.39, 0.27
Tasks: 393 total,   2 running, 391 sleeping,   0 stopped,   0 zombie
%Cpu(s):  2.7 us,  0.4 sy,  0.0 ni, 96.9 id,  0.0 wa,  0.0 hi,  0.1 si,  0.0 st
KiB Mem : 65877692 total, 40414304 free, 11046884 used, 14416504 buff/cache
KiB Swap: 33554428 total, 32275836 free,  1278592 used. 53546636 avail Mem 
--
top - 15:01:44 up 112 days,  6:43,  0 users,  load average: 0.38, 0.40, 0.27
Tasks: 393 total,   1 running, 392 sleeping,   0 stopped,   0 zombie
%Cpu(s):  2.8 us,  0.3 sy,  0.0 ni, 96.8 id,  0.0 wa,  0.0 hi,  0.1 si,  0.0 st
KiB Mem : 65877692 total, 40054504 free, 11047368 used, 14775820 buff/cache
KiB Swap: 33554428 total, 32275836 free,  1278592 used. 53541584 avail Mem 
--
top - 15:01:49 up 112 days,  6:43,  0 users,  load average: 0.43, 0.41, 0.27
Tasks: 393 total,   2 running, 391 sleeping,   0 stopped,   0 zombie
%Cpu(s):  2.7 us,  0.3 sy,  0.0 ni, 96.9 id,  0.0 wa,  0.0 hi,  0.1 si,  0.0 st
KiB Mem : 65877692 total, 39698428 free, 11046520 used, 15132744 buff/cache
KiB Swap: 33554428 total, 32275852 free,  1278576 used. 53536668 avail Mem 
--
top - 15:01:54 up 112 days,  6:44,  0 users,  load average: 1.11, 0.55, 0.32
Tasks: 395 total,   2 running, 393 sleeping,   0 stopped,   0 zombie
%Cpu(s):  2.7 us,  0.3 sy,  0.0 ni, 86.8 id, 10.1 wa,  0.0 hi,  0.1 si,  0.0 st
KiB Mem : 65877692 total, 39341548 free, 11046480 used, 15489664 buff/cache
KiB Swap: 33554428 total, 32275852 free,  1278576 used. 53532604 avail Mem 
--
top - 15:01:59 up 112 days,  6:44,  0 users,  load average: 1.67, 0.67, 0.36
Tasks: 396 total,   2 running, 394 sleeping,   0 stopped,   0 zombie
%Cpu(s):  2.7 us,  0.4 sy,  0.0 ni, 84.4 id, 12.5 wa,  0.0 hi,  0.1 si,  0.0 st
KiB Mem : 65877692 total, 38970780 free, 11044952 used, 15861960 buff/cache
KiB Swap: 33554428 total, 32275852 free,  1278576 used. 53528304 avail Mem 
--
top - 15:02:04 up 112 days,  6:44,  0 users,  load average: 1.61, 0.68, 0.37
Tasks: 400 total,   3 running, 397 sleeping,   0 stopped,   0 zombie
%Cpu(s):  3.1 us,  0.5 sy,  0.0 ni, 95.2 id,  1.1 wa,  0.0 hi,  0.1 si,  0.0 st
KiB Mem : 65877692 total, 38600296 free, 11047748 used, 16229648 buff/cache
KiB Swap: 33554428 total, 32275852 free,  1278576 used. 53520620 avail Mem 
--
top - 15:02:09 up 112 days,  6:44,  0 users,  load average: 1.56, 0.68, 0.37
Tasks: 400 total,   2 running, 398 sleeping,   0 stopped,   0 zombie
%Cpu(s):  2.8 us,  0.4 sy,  0.0 ni, 96.6 id,  0.2 wa,  0.0 hi,  0.0 si,  0.0 st
KiB Mem : 65877692 total, 38230128 free, 11045344 used, 16602220 buff/cache
KiB Swap: 33554428 total, 32275852 free,  1278576 used. 53518212 avail Mem 
--
top - 15:02:14 up 112 days,  6:44,  0 users,  load average: 1.52, 0.69, 0.37
Tasks: 401 total,   2 running, 399 sleeping,   0 stopped,   0 zombie
%Cpu(s):  2.8 us,  0.4 sy,  0.0 ni, 96.3 id,  0.5 wa,  0.0 hi,  0.0 si,  0.0 st
KiB Mem : 65877692 total, 37872136 free, 11046200 used, 16959356 buff/cache
KiB Swap: 33554428 total, 32275852 free,  1278576 used. 53512424 avail Mem 
--
top - 15:02:19 up 112 days,  6:44,  0 users,  load average: 1.56, 0.71, 0.38
Tasks: 401 total,   2 running, 399 sleeping,   0 stopped,   0 zombie
%Cpu(s):  2.9 us,  0.4 sy,  0.0 ni, 95.5 id,  1.3 wa,  0.0 hi,  0.0 si,  0.0 st
KiB Mem : 65877692 total, 37619552 free, 11041224 used, 17216916 buff/cache
KiB Swap: 33554428 total, 32275852 free,  1278576 used. 53514812 avail Mem 
--
top - 15:02:24 up 112 days,  6:44,  0 users,  load average: 1.51, 0.72, 0.38
Tasks: 401 total,   2 running, 399 sleeping,   0 stopped,   0 zombie
%Cpu(s):  1.0 us,  2.3 sy,  0.0 ni, 96.0 id,  0.7 wa,  0.0 hi,  0.0 si,  0.0 st
KiB Mem : 65877692 total, 35533512 free, 14359736 used, 15984444 buff/cache
KiB Swap: 33554428 total, 32275852 free,  1278576 used. 50211664 avail Mem 
--
top - 15:02:29 up 112 days,  6:44,  0 users,  load average: 1.47, 0.72, 0.39
Tasks: 401 total,   2 running, 399 sleeping,   0 stopped,   0 zombie
%Cpu(s):  1.6 us,  0.9 sy,  0.0 ni, 96.9 id,  0.5 wa,  0.0 hi,  0.0 si,  0.0 st
KiB Mem : 65877692 total, 37233968 free, 14610816 used, 14032908 buff/cache
KiB Swap: 33554428 total, 32275852 free,  1278576 used. 49986896 avail Mem 
--
top - 15:02:34 up 112 days,  6:44,  0 users,  load average: 1.43, 0.72, 0.39
Tasks: 401 total,   2 running, 399 sleeping,   0 stopped,   0 zombie
%Cpu(s):  2.1 us,  0.5 sy,  0.0 ni, 97.3 id,  0.0 wa,  0.0 hi,  0.0 si,  0.0 st
KiB Mem : 65877692 total, 37306004 free, 14538780 used, 14032908 buff/cache
KiB Swap: 33554428 total, 32275852 free,  1278576 used. 50059428 avail Mem 
--
top - 15:02:39 up 112 days,  6:44,  0 users,  load average: 1.40, 0.73, 0.39
Tasks: 400 total,   2 running, 398 sleeping,   0 stopped,   0 zombie
%Cpu(s):  1.8 us,  0.8 sy,  0.0 ni, 97.5 id,  0.0 wa,  0.0 hi,  0.0 si,  0.0 st
KiB Mem : 65877692 total, 37591220 free, 14253560 used, 14032912 buff/cache
KiB Swap: 33554428 total, 32275852 free,  1278576 used. 50344644 avail Mem 
--
top - 15:02:44 up 112 days,  6:44,  0 users,  load average: 1.29, 0.72, 0.39
Tasks: 400 total,   2 running, 398 sleeping,   0 stopped,   0 zombie
%Cpu(s):  1.9 us,  0.7 sy,  0.0 ni, 97.4 id,  0.0 wa,  0.0 hi,  0.0 si,  0.0 st
KiB Mem : 65877692 total, 37521648 free, 14323132 used, 14032912 buff/cache
KiB Swap: 33554428 total, 32275852 free,  1278576 used. 50275072 avail Mem 
--
top - 15:02:49 up 112 days,  6:44,  0 users,  load average: 1.26, 0.72, 0.40
Tasks: 400 total,   2 running, 398 sleeping,   0 stopped,   0 zombie
%Cpu(s):  1.9 us,  0.7 sy,  0.0 ni, 97.4 id,  0.0 wa,  0.0 hi,  0.0 si,  0.0 st
KiB Mem : 65877692 total, 37540196 free, 14304584 used, 14032912 buff/cache
KiB Swap: 33554428 total, 32275852 free,  1278576 used. 50293620 avail Mem 
--
top - 15:02:54 up 112 days,  6:45,  0 users,  load average: 1.24, 0.73, 0.40
Tasks: 400 total,   2 running, 398 sleeping,   0 stopped,   0 zombie
%Cpu(s):  1.8 us,  0.8 sy,  0.0 ni, 97.4 id,  0.0 wa,  0.0 hi,  0.0 si,  0.0 st
KiB Mem : 65877692 total, 37542468 free, 14302312 used, 14032912 buff/cache
KiB Swap: 33554428 total, 32275852 free,  1278576 used. 50295892 avail Mem 
--
top - 15:02:59 up 112 days,  6:45,  0 users,  load average: 1.22, 0.73, 0.40
Tasks: 400 total,   1 running, 399 sleeping,   0 stopped,   0 zombie
%Cpu(s):  1.7 us,  0.6 sy,  0.0 ni, 97.7 id,  0.0 wa,  0.0 hi,  0.0 si,  0.0 st
KiB Mem : 65877692 total, 37575092 free, 14269688 used, 14032912 buff/cache
KiB Swap: 33554428 total, 32275852 free,  1278576 used. 50328516 avail Mem 
--
top - 15:03:04 up 112 days,  6:45,  0 users,  load average: 1.13, 0.72, 0.40
Tasks: 400 total,   1 running, 399 sleeping,   0 stopped,   0 zombie
%Cpu(s):  0.1 us,  0.0 sy,  0.0 ni, 99.9 id,  0.0 wa,  0.0 hi,  0.0 si,  0.0 st
KiB Mem : 65877692 total, 37575748 free, 14269032 used, 14032912 buff/cache
KiB Swap: 33554428 total, 32275852 free,  1278576 used. 50329172 avail Mem 
--
top - 15:03:09 up 112 days,  6:45,  0 users,  load average: 1.04, 0.71, 0.40
Tasks: 400 total,   1 running, 399 sleeping,   0 stopped,   0 zombie
%Cpu(s):  0.1 us,  0.0 sy,  0.0 ni, 99.9 id,  0.0 wa,  0.0 hi,  0.0 si,  0.0 st
KiB Mem : 65877692 total, 37575840 free, 14268940 used, 14032912 buff/cache
KiB Swap: 33554428 total, 32275852 free,  1278576 used. 50329264 avail Mem 
--
top - 15:03:14 up 112 days,  6:45,  0 users,  load average: 0.95, 0.70, 0.40
Tasks: 400 total,   1 running, 399 sleeping,   0 stopped,   0 zombie
%Cpu(s):  0.1 us,  0.0 sy,  0.0 ni, 99.9 id,  0.0 wa,  0.0 hi,  0.0 si,  0.0 st
KiB Mem : 65877692 total, 37576096 free, 14268684 used, 14032912 buff/cache
KiB Swap: 33554428 total, 32275852 free,  1278576 used. 50329520 avail Mem 
--
top - 15:03:19 up 112 days,  6:45,  0 users,  load average: 0.88, 0.68, 0.39
Tasks: 400 total,   1 running, 399 sleeping,   0 stopped,   0 zombie
%Cpu(s):  0.1 us,  0.0 sy,  0.0 ni, 99.9 id,  0.0 wa,  0.0 hi,  0.0 si,  0.0 st
KiB Mem : 65877692 total, 37576256 free, 14268524 used, 14032912 buff/cache
KiB Swap: 33554428 total, 32275852 free,  1278576 used. 50329680 avail Mem 
--
top - 15:03:24 up 112 days,  6:45,  0 users,  load average: 0.81, 0.67, 0.39
Tasks: 400 total,   1 running, 399 sleeping,   0 stopped,   0 zombie
%Cpu(s):  0.0 us,  0.0 sy,  0.0 ni, 99.9 id,  0.0 wa,  0.0 hi,  0.0 si,  0.0 st
KiB Mem : 65877692 total, 37576272 free, 14268508 used, 14032912 buff/cache
KiB Swap: 33554428 total, 32275852 free,  1278576 used. 50329696 avail Mem 
--
top - 15:03:29 up 112 days,  6:45,  0 users,  load average: 0.74, 0.66, 0.39
Tasks: 400 total,   1 running, 399 sleeping,   0 stopped,   0 zombie
%Cpu(s):  0.0 us,  0.0 sy,  0.0 ni, 99.9 id,  0.0 wa,  0.0 hi,  0.0 si,  0.0 st
KiB Mem : 65877692 total, 37576280 free, 14268500 used, 14032912 buff/cache
KiB Swap: 33554428 total, 32275852 free,  1278576 used. 50329704 avail Mem 
--
top - 15:03:34 up 112 days,  6:45,  0 users,  load average: 0.68, 0.65, 0.39
Tasks: 400 total,   1 running, 399 sleeping,   0 stopped,   0 zombie
%Cpu(s):  0.0 us,  0.0 sy,  0.0 ni, 99.9 id,  0.0 wa,  0.0 hi,  0.0 si,  0.0 st
KiB Mem : 65877692 total, 37576388 free, 14268388 used, 14032916 buff/cache
KiB Swap: 33554428 total, 32275852 free,  1278576 used. 50329812 avail Mem 
--
top - 15:03:39 up 112 days,  6:45,  0 users,  load average: 0.63, 0.64, 0.39
Tasks: 400 total,   1 running, 399 sleeping,   0 stopped,   0 zombie
%Cpu(s):  0.0 us,  0.0 sy,  0.0 ni, 99.9 id,  0.0 wa,  0.0 hi,  0.0 si,  0.0 st
KiB Mem : 65877692 total, 37576436 free, 14268340 used, 14032916 buff/cache
KiB Swap: 33554428 total, 32275852 free,  1278576 used. 50329860 avail Mem 
--
top - 15:03:44 up 112 days,  6:45,  0 users,  load average: 0.58, 0.63, 0.39
Tasks: 399 total,   1 running, 398 sleeping,   0 stopped,   0 zombie
%Cpu(s):  0.1 us,  0.0 sy,  0.0 ni, 99.9 id,  0.0 wa,  0.0 hi,  0.0 si,  0.0 st
KiB Mem : 65877692 total, 37575584 free, 14269192 used, 14032916 buff/cache
KiB Swap: 33554428 total, 32275852 free,  1278576 used. 50329008 avail Mem 
--
top - 15:03:49 up 112 days,  6:45,  0 users,  load average: 0.53, 0.62, 0.38
Tasks: 399 total,   1 running, 398 sleeping,   0 stopped,   0 zombie
%Cpu(s):  0.1 us,  0.0 sy,  0.0 ni, 99.9 id,  0.0 wa,  0.0 hi,  0.0 si,  0.0 st
KiB Mem : 65877692 total, 37575424 free, 14269352 used, 14032916 buff/cache
KiB Swap: 33554428 total, 32275852 free,  1278576 used. 50328848 avail Mem 
--
top - 15:03:54 up 112 days,  6:46,  0 users,  load average: 0.49, 0.61, 0.38
Tasks: 399 total,   1 running, 398 sleeping,   0 stopped,   0 zombie
%Cpu(s):  0.0 us,  0.0 sy,  0.0 ni, 99.9 id,  0.0 wa,  0.0 hi,  0.0 si,  0.0 st
KiB Mem : 65877692 total, 37575408 free, 14269368 used, 14032916 buff/cache
KiB Swap: 33554428 total, 32275852 free,  1278576 used. 50328832 avail Mem 
--
top - 15:03:59 up 112 days,  6:46,  0 users,  load average: 0.45, 0.60, 0.38
Tasks: 399 total,   1 running, 398 sleeping,   0 stopped,   0 zombie
%Cpu(s):  0.0 us,  0.0 sy,  0.0 ni, 99.9 id,  0.0 wa,  0.0 hi,  0.0 si,  0.0 st
KiB Mem : 65877692 total, 37575688 free, 14269088 used, 14032916 buff/cache
KiB Swap: 33554428 total, 32275852 free,  1278576 used. 50329112 avail Mem 
--
top - 15:04:04 up 112 days,  6:46,  0 users,  load average: 0.41, 0.59, 0.38
Tasks: 403 total,   1 running, 402 sleeping,   0 stopped,   0 zombie
%Cpu(s):  0.4 us,  0.2 sy,  0.0 ni, 99.0 id,  0.4 wa,  0.0 hi,  0.0 si,  0.0 st
KiB Mem : 65877692 total, 37568736 free, 14276032 used, 14032924 buff/cache
KiB Swap: 33554428 total, 32275852 free,  1278576 used. 50322120 avail Mem 
--
top - 15:04:09 up 112 days,  6:46,  0 users,  load average: 0.46, 0.60, 0.38
Tasks: 404 total,   2 running, 402 sleeping,   0 stopped,   0 zombie
%Cpu(s):  1.7 us,  0.3 sy,  0.0 ni, 97.8 id,  0.0 wa,  0.0 hi,  0.1 si,  0.0 st
KiB Mem : 65877692 total, 37253536 free, 14279212 used, 14344944 buff/cache
KiB Swap: 33554428 total, 32275852 free,  1278576 used. 50315204 avail Mem 
--
top - 15:04:14 up 112 days,  6:46,  0 users,  load average: 0.50, 0.60, 0.38
Tasks: 404 total,   2 running, 402 sleeping,   0 stopped,   0 zombie
%Cpu(s):  2.6 us,  0.5 sy,  0.0 ni, 96.5 id,  0.3 wa,  0.0 hi,  0.1 si,  0.0 st
KiB Mem : 65877692 total, 36757464 free, 14277328 used, 14842900 buff/cache
KiB Swap: 33554428 total, 32275852 free,  1278576 used. 50310096 avail Mem 
--
top - 15:04:19 up 112 days,  6:46,  0 users,  load average: 0.62, 0.63, 0.39
Tasks: 404 total,   2 running, 402 sleeping,   0 stopped,   0 zombie
%Cpu(s):  2.6 us,  0.5 sy,  0.0 ni, 96.1 id,  0.7 wa,  0.0 hi,  0.1 si,  0.0 st
KiB Mem : 65877692 total, 36252400 free, 14276512 used, 15348780 buff/cache
KiB Swap: 33554428 total, 32275852 free,  1278576 used. 50303504 avail Mem 
--
top - 15:04:24 up 112 days,  6:46,  0 users,  load average: 0.65, 0.63, 0.40
Tasks: 404 total,   2 running, 402 sleeping,   0 stopped,   0 zombie
%Cpu(s):  2.5 us,  0.5 sy,  0.0 ni, 96.8 id,  0.0 wa,  0.0 hi,  0.1 si,  0.0 st
KiB Mem : 65877692 total, 35753408 free, 14275808 used, 15848476 buff/cache
KiB Swap: 33554428 total, 32275852 free,  1278576 used. 50297560 avail Mem 
--
top - 15:04:29 up 112 days,  6:46,  0 users,  load average: 0.68, 0.64, 0.40
Tasks: 404 total,   2 running, 402 sleeping,   0 stopped,   0 zombie
%Cpu(s):  2.5 us,  0.5 sy,  0.0 ni, 96.9 id,  0.0 wa,  0.0 hi,  0.1 si,  0.0 st
KiB Mem : 65877692 total, 35261140 free, 14275544 used, 16341008 buff/cache
KiB Swap: 33554428 total, 32275852 free,  1278576 used. 50291160 avail Mem 
--
top - 15:04:34 up 112 days,  6:46,  0 users,  load average: 0.71, 0.64, 0.40
Tasks: 404 total,   2 running, 402 sleeping,   0 stopped,   0 zombie
%Cpu(s):  2.6 us,  0.5 sy,  0.0 ni, 96.8 id,  0.0 wa,  0.0 hi,  0.1 si,  0.0 st
KiB Mem : 65877692 total, 34765996 free, 14275912 used, 16835784 buff/cache
KiB Swap: 33554428 total, 32275852 free,  1278576 used. 50284484 avail Mem 
--
top - 15:04:39 up 112 days,  6:46,  0 users,  load average: 0.73, 0.65, 0.41
Tasks: 404 total,   2 running, 402 sleeping,   0 stopped,   0 zombie
%Cpu(s):  2.4 us,  0.7 sy,  0.0 ni, 96.8 id,  0.0 wa,  0.0 hi,  0.1 si,  0.0 st
KiB Mem : 65877692 total, 33842464 free, 14817780 used, 17217448 buff/cache
KiB Swap: 33554428 total, 32275852 free,  1278576 used. 49737972 avail Mem 
--
top - 15:04:44 up 112 days,  6:46,  0 users,  load average: 0.75, 0.66, 0.41
Tasks: 404 total,   1 running, 403 sleeping,   0 stopped,   0 zombie
%Cpu(s):  1.0 us,  2.3 sy,  0.0 ni, 96.5 id,  0.3 wa,  0.0 hi,  0.0 si,  0.0 st
KiB Mem : 65877692 total, 33538784 free, 17649444 used, 14689464 buff/cache
KiB Swap: 33554428 total, 32275852 free,  1278576 used. 46940528 avail Mem 
--
top - 15:04:49 up 112 days,  6:46,  0 users,  load average: 0.69, 0.64, 0.41
Tasks: 404 total,   2 running, 402 sleeping,   0 stopped,   0 zombie
%Cpu(s):  1.9 us,  0.7 sy,  0.0 ni, 97.4 id,  0.0 wa,  0.0 hi,  0.0 si,  0.0 st
KiB Mem : 65877692 total, 34269376 free, 17575584 used, 14032732 buff/cache
KiB Swap: 33554428 total, 32275852 free,  1278576 used. 47022664 avail Mem 
--
top - 15:04:54 up 112 days,  6:47,  0 users,  load average: 0.72, 0.65, 0.41
Tasks: 405 total,   1 running, 404 sleeping,   0 stopped,   0 zombie
%Cpu(s):  1.9 us,  0.7 sy,  0.0 ni, 97.4 id,  0.0 wa,  0.0 hi,  0.0 si,  0.0 st
KiB Mem : 65877692 total, 33933176 free, 17911784 used, 14032732 buff/cache
KiB Swap: 33554428 total, 32275852 free,  1278576 used. 46686464 avail Mem 
--
top - 15:04:59 up 112 days,  6:47,  0 users,  load average: 0.74, 0.66, 0.41
Tasks: 405 total,   2 running, 403 sleeping,   0 stopped,   0 zombie
%Cpu(s):  1.9 us,  0.6 sy,  0.0 ni, 97.6 id,  0.0 wa,  0.0 hi,  0.0 si,  0.0 st
KiB Mem : 65877692 total, 34305008 free, 17539952 used, 14032732 buff/cache
KiB Swap: 33554428 total, 32275852 free,  1278576 used. 47058296 avail Mem 
--
top - 15:05:04 up 112 days,  6:47,  0 users,  load average: 0.76, 0.66, 0.42
Tasks: 402 total,   2 running, 400 sleeping,   0 stopped,   0 zombie
%Cpu(s):  2.1 us,  0.5 sy,  0.0 ni, 97.3 id,  0.0 wa,  0.0 hi,  0.0 si,  0.0 st
KiB Mem : 65877692 total, 34233564 free, 17611396 used, 14032732 buff/cache
KiB Swap: 33554428 total, 32275852 free,  1278576 used. 46986356 avail Mem 
--
top - 15:05:09 up 112 days,  6:47,  0 users,  load average: 0.70, 0.65, 0.41
Tasks: 402 total,   2 running, 400 sleeping,   0 stopped,   0 zombie
%Cpu(s):  1.8 us,  0.6 sy,  0.0 ni, 97.5 id,  0.0 wa,  0.0 hi,  0.0 si,  0.0 st
KiB Mem : 65877692 total, 33977168 free, 17867792 used, 14032732 buff/cache
KiB Swap: 33554428 total, 32275852 free,  1278576 used. 46730456 avail Mem 
--
top - 15:05:14 up 112 days,  6:47,  0 users,  load average: 0.64, 0.64, 0.41
Tasks: 402 total,   2 running, 400 sleeping,   0 stopped,   0 zombie
%Cpu(s):  2.0 us,  0.6 sy,  0.0 ni, 97.4 id,  0.0 wa,  0.0 hi,  0.0 si,  0.0 st
KiB Mem : 65877692 total, 34110864 free, 17734096 used, 14032732 buff/cache
KiB Swap: 33554428 total, 32275852 free,  1278576 used. 46863656 avail Mem 
--
top - 15:05:19 up 112 days,  6:47,  0 users,  load average: 0.67, 0.65, 0.41
Tasks: 402 total,   1 running, 401 sleeping,   0 stopped,   0 zombie
%Cpu(s):  1.8 us,  0.8 sy,  0.0 ni, 97.4 id,  0.0 wa,  0.0 hi,  0.0 si,  0.0 st
KiB Mem : 65877692 total, 34335708 free, 17509248 used, 14032736 buff/cache
KiB Swap: 33554428 total, 32275852 free,  1278576 used. 47088996 avail Mem 
--
top - 15:05:24 up 112 days,  6:47,  0 users,  load average: 0.62, 0.64, 0.41
Tasks: 402 total,   1 running, 401 sleeping,   0 stopped,   0 zombie
%Cpu(s):  0.2 us,  0.0 sy,  0.0 ni, 99.8 id,  0.0 wa,  0.0 hi,  0.0 si,  0.0 st
KiB Mem : 65877692 total, 34335960 free, 17508996 used, 14032736 buff/cache
KiB Swap: 33554428 total, 32275852 free,  1278576 used. 47089248 avail Mem 
--
top - 15:05:30 up 112 days,  6:47,  0 users,  load average: 0.57, 0.62, 0.41
Tasks: 402 total,   2 running, 400 sleeping,   0 stopped,   0 zombie
%Cpu(s):  0.0 us,  0.0 sy,  0.0 ni, 99.9 id,  0.0 wa,  0.0 hi,  0.0 si,  0.0 st
KiB Mem : 65877692 total, 34335976 free, 17508980 used, 14032736 buff/cache
KiB Swap: 33554428 total, 32275852 free,  1278576 used. 47089264 avail Mem 
--
top - 15:05:35 up 112 days,  6:47,  0 users,  load average: 0.52, 0.61, 0.41
Tasks: 402 total,   1 running, 401 sleeping,   0 stopped,   0 zombie
%Cpu(s):  0.1 us,  0.0 sy,  0.0 ni, 99.9 id,  0.0 wa,  0.0 hi,  0.0 si,  0.0 st
KiB Mem : 65877692 total, 34335960 free, 17508996 used, 14032736 buff/cache
KiB Swap: 33554428 total, 32275852 free,  1278576 used. 47089248 avail Mem 
--
top - 15:05:40 up 112 days,  6:47,  0 users,  load average: 0.48, 0.60, 0.41
Tasks: 402 total,   1 running, 401 sleeping,   0 stopped,   0 zombie
%Cpu(s):  0.1 us,  0.0 sy,  0.0 ni, 99.9 id,  0.0 wa,  0.0 hi,  0.0 si,  0.0 st
KiB Mem : 65877692 total, 34335852 free, 17509104 used, 14032736 buff/cache
KiB Swap: 33554428 total, 32275852 free,  1278576 used. 47089140 avail Mem 
--
top - 15:05:45 up 112 days,  6:47,  0 users,  load average: 0.44, 0.59, 0.40
Tasks: 402 total,   1 running, 401 sleeping,   0 stopped,   0 zombie
%Cpu(s):  0.1 us,  0.0 sy,  0.0 ni, 99.9 id,  0.0 wa,  0.0 hi,  0.0 si,  0.0 st
KiB Mem : 65877692 total, 34335192 free, 17509764 used, 14032736 buff/cache
KiB Swap: 33554428 total, 32275852 free,  1278576 used. 47088480 avail Mem 
--
top - 15:05:50 up 112 days,  6:47,  0 users,  load average: 0.41, 0.58, 0.40
Tasks: 402 total,   1 running, 401 sleeping,   0 stopped,   0 zombie
%Cpu(s):  0.1 us,  0.0 sy,  0.0 ni, 99.9 id,  0.0 wa,  0.0 hi,  0.0 si,  0.0 st
KiB Mem : 65877692 total, 34335244 free, 17509712 used, 14032736 buff/cache
KiB Swap: 33554428 total, 32275872 free,  1278556 used. 47088532 avail Mem 
--
top - 15:05:55 up 112 days,  6:48,  0 users,  load average: 0.37, 0.57, 0.40
Tasks: 402 total,   1 running, 401 sleeping,   0 stopped,   0 zombie
%Cpu(s):  0.0 us,  0.0 sy,  0.0 ni, 99.9 id,  0.0 wa,  0.0 hi,  0.0 si,  0.0 st
KiB Mem : 65877692 total, 34335392 free, 17509564 used, 14032736 buff/cache
KiB Swap: 33554428 total, 32275872 free,  1278556 used. 47088680 avail Mem 
--
top - 15:06:00 up 112 days,  6:48,  0 users,  load average: 0.34, 0.56, 0.40
Tasks: 409 total,   1 running, 408 sleeping,   0 stopped,   0 zombie
%Cpu(s):  0.3 us,  0.2 sy,  0.0 ni, 99.5 id,  0.0 wa,  0.0 hi,  0.0 si,  0.0 st
KiB Mem : 65877692 total, 34320084 free, 17524872 used, 14032736 buff/cache
KiB Swap: 33554428 total, 32275872 free,  1278556 used. 47073372 avail Mem 
--
top - 15:06:05 up 112 days,  6:48,  0 users,  load average: 0.32, 0.56, 0.40
Tasks: 404 total,   1 running, 403 sleeping,   0 stopped,   0 zombie
%Cpu(s):  0.2 us,  0.1 sy,  0.0 ni, 99.4 id,  0.3 wa,  0.0 hi,  0.0 si,  0.0 st
KiB Mem : 65877692 total, 34332172 free, 17512788 used, 14032732 buff/cache
KiB Swap: 33554428 total, 32275872 free,  1278556 used. 47085460 avail Mem 
--
top - 15:06:10 up 112 days,  6:48,  0 users,  load average: 0.29, 0.55, 0.39
Tasks: 404 total,   1 running, 403 sleeping,   0 stopped,   0 zombie
%Cpu(s):  0.0 us,  0.0 sy,  0.0 ni, 99.9 id,  0.1 wa,  0.0 hi,  0.0 si,  0.0 st
KiB Mem : 65877692 total, 34332520 free, 17512440 used, 14032732 buff/cache
KiB Swap: 33554428 total, 32275872 free,  1278556 used. 47085808 avail Mem 
