Job id: 4755743
Worker ip: 10.149.0.30
Master ip: 10.149.0.54
--
top - 15:26:29 up 112 days,  7:09,  0 users,  load average: 0.17, 0.19, 0.19
Tasks: 397 total,   1 running, 396 sleeping,   0 stopped,   0 zombie
%Cpu(s):  3.2 us,  4.7 sy,  0.0 ni, 89.5 id,  2.4 wa,  0.0 hi,  0.2 si,  0.0 st
KiB Mem : 65877712 total, 56342284 free,  1107728 used,  8427700 buff/cache
KiB Swap: 33554428 total, 32345164 free,  1209264 used. 63514116 avail Mem 
--
top - 15:26:34 up 112 days,  7:09,  0 users,  load average: 0.16, 0.18, 0.19
Tasks: 403 total,   1 running, 402 sleeping,   0 stopped,   0 zombie
%Cpu(s):  1.7 us,  0.5 sy,  0.0 ni, 97.6 id,  0.1 wa,  0.0 hi,  0.0 si,  0.0 st
KiB Mem : 65877712 total, 56313116 free,  1120816 used,  8443780 buff/cache
KiB Swap: 33554428 total, 32345164 free,  1209264 used. 63500888 avail Mem 
--
top - 15:26:39 up 112 days,  7:10,  0 users,  load average: 0.14, 0.18, 0.19
Tasks: 404 total,   1 running, 403 sleeping,   0 stopped,   0 zombie
%Cpu(s):  0.0 us,  0.0 sy,  0.0 ni,100.0 id,  0.0 wa,  0.0 hi,  0.0 si,  0.0 st
KiB Mem : 65877712 total, 56313084 free,  1120848 used,  8443780 buff/cache
KiB Swap: 33554428 total, 32345164 free,  1209264 used. 63500856 avail Mem 
--
top - 15:26:44 up 112 days,  7:10,  0 users,  load average: 0.13, 0.18, 0.19
Tasks: 404 total,   1 running, 403 sleeping,   0 stopped,   0 zombie
%Cpu(s):  0.0 us,  0.0 sy,  0.0 ni, 99.9 id,  0.0 wa,  0.0 hi,  0.0 si,  0.0 st
KiB Mem : 65877712 total, 56313960 free,  1119972 used,  8443780 buff/cache
KiB Swap: 33554428 total, 32345164 free,  1209264 used. 63501744 avail Mem 
--
top - 15:26:49 up 112 days,  7:10,  0 users,  load average: 0.12, 0.18, 0.19
Tasks: 404 total,   1 running, 403 sleeping,   0 stopped,   0 zombie
%Cpu(s):  0.0 us,  0.0 sy,  0.0 ni,100.0 id,  0.0 wa,  0.0 hi,  0.0 si,  0.0 st
KiB Mem : 65877712 total, 56313960 free,  1119972 used,  8443780 buff/cache
KiB Swap: 33554428 total, 32345164 free,  1209264 used. 63501744 avail Mem 
--
top - 15:26:54 up 112 days,  7:10,  0 users,  load average: 0.11, 0.17, 0.19
Tasks: 404 total,   1 running, 403 sleeping,   0 stopped,   0 zombie
%Cpu(s):  0.0 us,  0.0 sy,  0.0 ni, 99.9 id,  0.0 wa,  0.0 hi,  0.0 si,  0.0 st
KiB Mem : 65877712 total, 56312228 free,  1121704 used,  8443780 buff/cache
KiB Swap: 33554428 total, 32345164 free,  1209264 used. 63500012 avail Mem 
--
top - 15:26:59 up 112 days,  7:10,  0 users,  load average: 0.10, 0.17, 0.19
Tasks: 405 total,   1 running, 404 sleeping,   0 stopped,   0 zombie
%Cpu(s):  0.0 us,  0.0 sy,  0.0 ni,100.0 id,  0.0 wa,  0.0 hi,  0.0 si,  0.0 st
KiB Mem : 65877712 total, 56313904 free,  1120020 used,  8443788 buff/cache
KiB Swap: 33554428 total, 32345164 free,  1209264 used. 63501700 avail Mem 
--
top - 15:27:04 up 112 days,  7:10,  0 users,  load average: 0.09, 0.17, 0.19
Tasks: 405 total,   1 running, 404 sleeping,   0 stopped,   0 zombie
%Cpu(s):  0.0 us,  0.0 sy,  0.0 ni, 99.9 id,  0.0 wa,  0.0 hi,  0.0 si,  0.0 st
KiB Mem : 65877712 total, 56315136 free,  1118788 used,  8443788 buff/cache
KiB Swap: 33554428 total, 32345164 free,  1209264 used. 63502952 avail Mem 
--
top - 15:27:09 up 112 days,  7:10,  0 users,  load average: 0.09, 0.16, 0.19
Tasks: 405 total,   1 running, 404 sleeping,   0 stopped,   0 zombie
%Cpu(s):  0.0 us,  0.0 sy,  0.0 ni,100.0 id,  0.0 wa,  0.0 hi,  0.0 si,  0.0 st
KiB Mem : 65877712 total, 56315476 free,  1118448 used,  8443788 buff/cache
KiB Swap: 33554428 total, 32345164 free,  1209264 used. 63503292 avail Mem 
--
top - 15:27:14 up 112 days,  7:10,  0 users,  load average: 0.08, 0.16, 0.19
Tasks: 405 total,   1 running, 404 sleeping,   0 stopped,   0 zombie
%Cpu(s):  0.0 us,  0.0 sy,  0.0 ni, 99.9 id,  0.0 wa,  0.0 hi,  0.0 si,  0.0 st
KiB Mem : 65877712 total, 56315352 free,  1118572 used,  8443788 buff/cache
KiB Swap: 33554428 total, 32345164 free,  1209264 used. 63503172 avail Mem 
--
top - 15:27:19 up 112 days,  7:10,  0 users,  load average: 0.07, 0.16, 0.18
Tasks: 405 total,   1 running, 404 sleeping,   0 stopped,   0 zombie
%Cpu(s):  0.0 us,  0.0 sy,  0.0 ni, 99.9 id,  0.0 wa,  0.0 hi,  0.0 si,  0.0 st
KiB Mem : 65877712 total, 56315888 free,  1118036 used,  8443788 buff/cache
KiB Swap: 33554428 total, 32345164 free,  1209264 used. 63503708 avail Mem 
--
top - 15:27:24 up 112 days,  7:10,  0 users,  load average: 0.07, 0.16, 0.18
Tasks: 405 total,   2 running, 403 sleeping,   0 stopped,   0 zombie
%Cpu(s):  0.0 us,  0.0 sy,  0.0 ni,100.0 id,  0.0 wa,  0.0 hi,  0.0 si,  0.0 st
KiB Mem : 65877712 total, 56316012 free,  1117912 used,  8443788 buff/cache
KiB Swap: 33554428 total, 32345164 free,  1209264 used. 63503832 avail Mem 
--
top - 15:27:29 up 112 days,  7:10,  0 users,  load average: 0.06, 0.15, 0.18
Tasks: 407 total,   1 running, 406 sleeping,   0 stopped,   0 zombie
%Cpu(s):  0.0 us,  0.0 sy,  0.0 ni, 99.9 id,  0.0 wa,  0.0 hi,  0.0 si,  0.0 st
KiB Mem : 65877712 total, 56316328 free,  1117592 used,  8443792 buff/cache
KiB Swap: 33554428 total, 32345164 free,  1209264 used. 63504152 avail Mem 
--
top - 15:27:34 up 112 days,  7:10,  0 users,  load average: 0.06, 0.15, 0.18
Tasks: 407 total,   1 running, 406 sleeping,   0 stopped,   0 zombie
%Cpu(s):  0.0 us,  0.0 sy,  0.0 ni, 99.9 id,  0.0 wa,  0.0 hi,  0.0 si,  0.0 st
KiB Mem : 65877712 total, 56318188 free,  1115732 used,  8443792 buff/cache
KiB Swap: 33554428 total, 32345164 free,  1209264 used. 63506016 avail Mem 
--
top - 15:27:39 up 112 days,  7:11,  0 users,  load average: 0.05, 0.15, 0.18
Tasks: 407 total,   1 running, 406 sleeping,   0 stopped,   0 zombie
%Cpu(s):  0.0 us,  0.0 sy,  0.0 ni,100.0 id,  0.0 wa,  0.0 hi,  0.0 si,  0.0 st
KiB Mem : 65877712 total, 56317876 free,  1116044 used,  8443792 buff/cache
KiB Swap: 33554428 total, 32345164 free,  1209264 used. 63505704 avail Mem 
--
top - 15:27:44 up 112 days,  7:11,  0 users,  load average: 0.05, 0.15, 0.18
Tasks: 407 total,   1 running, 406 sleeping,   0 stopped,   0 zombie
%Cpu(s):  0.0 us,  0.0 sy,  0.0 ni, 99.9 id,  0.0 wa,  0.0 hi,  0.0 si,  0.0 st
KiB Mem : 65877712 total, 56317304 free,  1116616 used,  8443792 buff/cache
KiB Swap: 33554428 total, 32345164 free,  1209264 used. 63505132 avail Mem 
--
top - 15:27:49 up 112 days,  7:11,  0 users,  load average: 0.04, 0.14, 0.18
Tasks: 407 total,   1 running, 406 sleeping,   0 stopped,   0 zombie
%Cpu(s):  0.0 us,  0.0 sy,  0.0 ni, 99.9 id,  0.0 wa,  0.0 hi,  0.0 si,  0.0 st
KiB Mem : 65877712 total, 56316804 free,  1117116 used,  8443792 buff/cache
KiB Swap: 33554428 total, 32345164 free,  1209264 used. 63504632 avail Mem 
--
top - 15:27:54 up 112 days,  7:11,  0 users,  load average: 0.04, 0.14, 0.18
Tasks: 407 total,   1 running, 406 sleeping,   0 stopped,   0 zombie
%Cpu(s):  0.0 us,  0.0 sy,  0.0 ni, 99.9 id,  0.0 wa,  0.0 hi,  0.0 si,  0.0 st
KiB Mem : 65877712 total, 56315780 free,  1118140 used,  8443792 buff/cache
KiB Swap: 33554428 total, 32345164 free,  1209264 used. 63503608 avail Mem 
--
top - 15:27:59 up 112 days,  7:11,  0 users,  load average: 0.04, 0.14, 0.18
Tasks: 407 total,   1 running, 406 sleeping,   0 stopped,   0 zombie
%Cpu(s):  0.0 us,  0.0 sy,  0.0 ni, 99.9 id,  0.0 wa,  0.0 hi,  0.0 si,  0.0 st
KiB Mem : 65877712 total, 56317104 free,  1116816 used,  8443792 buff/cache
KiB Swap: 33554428 total, 32345164 free,  1209264 used. 63504932 avail Mem 
--
top - 15:28:04 up 112 days,  7:11,  0 users,  load average: 0.04, 0.14, 0.18
Tasks: 407 total,   1 running, 406 sleeping,   0 stopped,   0 zombie
%Cpu(s):  0.5 us,  0.3 sy,  0.0 ni, 98.5 id,  0.6 wa,  0.0 hi,  0.0 si,  0.0 st
KiB Mem : 65877712 total, 56044480 free,  1389432 used,  8443800 buff/cache
KiB Swap: 33554428 total, 32345164 free,  1209264 used. 63232336 avail Mem 
--
top - 15:28:09 up 112 days,  7:11,  0 users,  load average: 0.03, 0.13, 0.17
Tasks: 407 total,   1 running, 406 sleeping,   0 stopped,   0 zombie
%Cpu(s):  0.2 us,  0.1 sy,  0.0 ni, 99.7 id,  0.0 wa,  0.0 hi,  0.0 si,  0.0 st
KiB Mem : 65877712 total, 55588300 free,  1845612 used,  8443800 buff/cache
KiB Swap: 33554428 total, 32345164 free,  1209264 used. 62776156 avail Mem 
--
top - 15:28:14 up 112 days,  7:11,  0 users,  load average: 0.03, 0.13, 0.17
Tasks: 407 total,   1 running, 406 sleeping,   0 stopped,   0 zombie
%Cpu(s):  0.0 us,  0.0 sy,  0.0 ni,100.0 id,  0.0 wa,  0.0 hi,  0.0 si,  0.0 st
KiB Mem : 65877712 total, 55587224 free,  1846688 used,  8443800 buff/cache
KiB Swap: 33554428 total, 32345164 free,  1209264 used. 62775080 avail Mem 
--
top - 15:28:19 up 112 days,  7:11,  0 users,  load average: 0.03, 0.13, 0.17
Tasks: 407 total,   1 running, 406 sleeping,   0 stopped,   0 zombie
%Cpu(s):  0.2 us,  0.2 sy,  0.0 ni, 99.6 id,  0.0 wa,  0.0 hi,  0.0 si,  0.0 st
KiB Mem : 65877712 total, 55492636 free,  1941272 used,  8443804 buff/cache
KiB Swap: 33554428 total, 32345164 free,  1209264 used. 62680492 avail Mem 
--
top - 15:28:24 up 112 days,  7:11,  0 users,  load average: 0.19, 0.16, 0.18
Tasks: 407 total,   2 running, 405 sleeping,   0 stopped,   0 zombie
%Cpu(s):  6.1 us,  0.7 sy,  0.0 ni, 93.0 id,  0.1 wa,  0.0 hi,  0.0 si,  0.0 st
KiB Mem : 65877712 total, 52387756 free,  5046152 used,  8443804 buff/cache
KiB Swap: 33554428 total, 32345164 free,  1209264 used. 59575616 avail Mem 
--
top - 15:28:29 up 112 days,  7:11,  0 users,  load average: 0.33, 0.19, 0.19
Tasks: 407 total,   1 running, 406 sleeping,   0 stopped,   0 zombie
%Cpu(s):  6.3 us,  0.0 sy,  0.0 ni, 93.7 id,  0.0 wa,  0.0 hi,  0.0 si,  0.0 st
KiB Mem : 65877712 total, 52388584 free,  5045324 used,  8443804 buff/cache
KiB Swap: 33554428 total, 32345164 free,  1209264 used. 59576444 avail Mem 
--
top - 15:28:34 up 112 days,  7:11,  0 users,  load average: 0.38, 0.21, 0.20
Tasks: 407 total,   1 running, 406 sleeping,   0 stopped,   0 zombie
%Cpu(s):  5.7 us,  0.0 sy,  0.0 ni, 94.3 id,  0.0 wa,  0.0 hi,  0.0 si,  0.0 st
KiB Mem : 65877712 total, 53525268 free,  3908640 used,  8443804 buff/cache
KiB Swap: 33554428 total, 32345164 free,  1209264 used. 60713128 avail Mem 
--
top - 15:28:39 up 112 days,  7:12,  0 users,  load average: 0.35, 0.20, 0.20
Tasks: 407 total,   2 running, 405 sleeping,   0 stopped,   0 zombie
%Cpu(s):  1.6 us,  0.1 sy,  0.0 ni, 98.3 id,  0.0 wa,  0.0 hi,  0.0 si,  0.0 st
KiB Mem : 65877712 total, 55826760 free,  1607148 used,  8443804 buff/cache
KiB Swap: 33554428 total, 32345164 free,  1209264 used. 63014620 avail Mem 
--
top - 15:28:44 up 112 days,  7:12,  0 users,  load average: 0.33, 0.20, 0.19
Tasks: 407 total,   1 running, 406 sleeping,   0 stopped,   0 zombie
%Cpu(s):  0.1 us,  0.0 sy,  0.0 ni, 99.9 id,  0.0 wa,  0.0 hi,  0.0 si,  0.0 st
KiB Mem : 65877712 total, 55826128 free,  1607780 used,  8443804 buff/cache
KiB Swap: 33554428 total, 32345164 free,  1209264 used. 63013988 avail Mem 
--
top - 15:28:49 up 112 days,  7:12,  0 users,  load average: 0.30, 0.20, 0.19
Tasks: 407 total,   1 running, 406 sleeping,   0 stopped,   0 zombie
%Cpu(s):  0.0 us,  0.0 sy,  0.0 ni, 99.9 id,  0.0 wa,  0.0 hi,  0.0 si,  0.0 st
KiB Mem : 65877712 total, 55826564 free,  1607344 used,  8443804 buff/cache
KiB Swap: 33554428 total, 32345164 free,  1209264 used. 63014424 avail Mem 
--
top - 15:28:54 up 112 days,  7:12,  0 users,  load average: 0.28, 0.19, 0.19
Tasks: 407 total,   2 running, 405 sleeping,   0 stopped,   0 zombie
%Cpu(s):  0.0 us,  0.0 sy,  0.0 ni, 99.9 id,  0.0 wa,  0.0 hi,  0.0 si,  0.0 st
KiB Mem : 65877712 total, 55826820 free,  1607088 used,  8443804 buff/cache
KiB Swap: 33554428 total, 32345164 free,  1209264 used. 63014680 avail Mem 
--
top - 15:28:59 up 112 days,  7:12,  0 users,  load average: 0.25, 0.19, 0.19
Tasks: 407 total,   1 running, 406 sleeping,   0 stopped,   0 zombie
%Cpu(s):  0.0 us,  0.0 sy,  0.0 ni, 99.9 id,  0.0 wa,  0.0 hi,  0.0 si,  0.0 st
KiB Mem : 65877712 total, 55827888 free,  1606020 used,  8443804 buff/cache
KiB Swap: 33554428 total, 32345164 free,  1209264 used. 63015748 avail Mem 
--
top - 15:29:04 up 112 days,  7:12,  0 users,  load average: 0.23, 0.19, 0.19
Tasks: 407 total,   1 running, 406 sleeping,   0 stopped,   0 zombie
%Cpu(s):  0.0 us,  0.0 sy,  0.0 ni, 99.9 id,  0.0 wa,  0.0 hi,  0.0 si,  0.0 st
KiB Mem : 65877712 total, 55829600 free,  1604308 used,  8443804 buff/cache
KiB Swap: 33554428 total, 32345164 free,  1209264 used. 63017460 avail Mem 
--
top - 15:29:09 up 112 days,  7:12,  0 users,  load average: 0.21, 0.18, 0.19
Tasks: 407 total,   1 running, 406 sleeping,   0 stopped,   0 zombie
%Cpu(s):  0.0 us,  0.0 sy,  0.0 ni, 99.9 id,  0.0 wa,  0.0 hi,  0.0 si,  0.0 st
KiB Mem : 65877712 total, 55830628 free,  1603280 used,  8443804 buff/cache
KiB Swap: 33554428 total, 32345164 free,  1209264 used. 63018488 avail Mem 
--
top - 15:29:14 up 112 days,  7:12,  0 users,  load average: 0.20, 0.18, 0.19
Tasks: 407 total,   1 running, 406 sleeping,   0 stopped,   0 zombie
%Cpu(s):  0.1 us,  0.0 sy,  0.0 ni, 99.9 id,  0.0 wa,  0.0 hi,  0.0 si,  0.0 st
KiB Mem : 65877712 total, 55828580 free,  1605324 used,  8443808 buff/cache
KiB Swap: 33554428 total, 32345164 free,  1209264 used. 63016444 avail Mem 
--
top - 15:29:19 up 112 days,  7:12,  0 users,  load average: 0.18, 0.18, 0.19
Tasks: 407 total,   1 running, 406 sleeping,   0 stopped,   0 zombie
%Cpu(s):  0.0 us,  0.0 sy,  0.0 ni, 99.9 id,  0.0 wa,  0.0 hi,  0.0 si,  0.0 st
KiB Mem : 65877712 total, 55829076 free,  1604828 used,  8443808 buff/cache
KiB Swap: 33554428 total, 32345164 free,  1209264 used. 63016940 avail Mem 
--
top - 15:29:24 up 112 days,  7:12,  0 users,  load average: 0.17, 0.17, 0.19
Tasks: 407 total,   1 running, 406 sleeping,   0 stopped,   0 zombie
%Cpu(s):  0.0 us,  0.0 sy,  0.0 ni, 99.9 id,  0.0 wa,  0.0 hi,  0.0 si,  0.0 st
KiB Mem : 65877712 total, 55823804 free,  1610100 used,  8443808 buff/cache
KiB Swap: 33554428 total, 32345164 free,  1209264 used. 63011668 avail Mem 
--
top - 15:29:29 up 112 days,  7:12,  0 users,  load average: 0.15, 0.17, 0.19
Tasks: 407 total,   1 running, 406 sleeping,   0 stopped,   0 zombie
%Cpu(s):  0.0 us,  0.0 sy,  0.0 ni, 99.9 id,  0.0 wa,  0.0 hi,  0.0 si,  0.0 st
KiB Mem : 65877712 total, 55824920 free,  1608984 used,  8443808 buff/cache
KiB Swap: 33554428 total, 32345164 free,  1209264 used. 63012784 avail Mem 
--
top - 15:29:35 up 112 days,  7:12,  0 users,  load average: 0.14, 0.17, 0.18
Tasks: 407 total,   1 running, 406 sleeping,   0 stopped,   0 zombie
%Cpu(s):  0.0 us,  0.0 sy,  0.0 ni,100.0 id,  0.0 wa,  0.0 hi,  0.0 si,  0.0 st
KiB Mem : 65877712 total, 55820928 free,  1612976 used,  8443808 buff/cache
KiB Swap: 33554428 total, 32345164 free,  1209264 used. 63008792 avail Mem 
--
top - 15:29:40 up 112 days,  7:13,  0 users,  load average: 0.13, 0.16, 0.18
Tasks: 407 total,   1 running, 406 sleeping,   0 stopped,   0 zombie
%Cpu(s):  0.0 us,  0.0 sy,  0.0 ni, 99.9 id,  0.0 wa,  0.0 hi,  0.0 si,  0.0 st
KiB Mem : 65877712 total, 55821672 free,  1612232 used,  8443808 buff/cache
KiB Swap: 33554428 total, 32345164 free,  1209264 used. 63009536 avail Mem 
--
top - 15:29:45 up 112 days,  7:13,  0 users,  load average: 0.12, 0.16, 0.18
Tasks: 407 total,   1 running, 406 sleeping,   0 stopped,   0 zombie
%Cpu(s):  0.0 us,  0.0 sy,  0.0 ni, 99.9 id,  0.0 wa,  0.0 hi,  0.0 si,  0.0 st
KiB Mem : 65877712 total, 55821512 free,  1612392 used,  8443808 buff/cache
KiB Swap: 33554428 total, 32345164 free,  1209264 used. 63009376 avail Mem 
--
top - 15:29:50 up 112 days,  7:13,  0 users,  load average: 0.11, 0.16, 0.18
Tasks: 407 total,   1 running, 406 sleeping,   0 stopped,   0 zombie
%Cpu(s):  0.1 us,  0.0 sy,  0.0 ni, 99.9 id,  0.0 wa,  0.0 hi,  0.0 si,  0.0 st
KiB Mem : 65877712 total, 55822240 free,  1611664 used,  8443808 buff/cache
KiB Swap: 33554428 total, 32345164 free,  1209264 used. 63010104 avail Mem 
--
top - 15:29:55 up 112 days,  7:13,  0 users,  load average: 0.10, 0.16, 0.18
Tasks: 407 total,   1 running, 406 sleeping,   0 stopped,   0 zombie
%Cpu(s):  0.0 us,  0.0 sy,  0.0 ni, 99.9 id,  0.0 wa,  0.0 hi,  0.0 si,  0.0 st
KiB Mem : 65877712 total, 55797852 free,  1636052 used,  8443808 buff/cache
KiB Swap: 33554428 total, 32345164 free,  1209264 used. 62985716 avail Mem 
--
top - 15:30:00 up 112 days,  7:13,  0 users,  load average: 0.09, 0.15, 0.18
Tasks: 418 total,   3 running, 415 sleeping,   0 stopped,   0 zombie
%Cpu(s):  0.3 us,  0.2 sy,  0.0 ni, 99.4 id,  0.1 wa,  0.0 hi,  0.0 si,  0.0 st
KiB Mem : 65877712 total, 55693684 free,  1740220 used,  8443808 buff/cache
KiB Swap: 33554428 total, 32345164 free,  1209264 used. 62881548 avail Mem 
--
top - 15:30:05 up 112 days,  7:13,  0 users,  load average: 0.09, 0.15, 0.18
Tasks: 407 total,   2 running, 405 sleeping,   0 stopped,   0 zombie
%Cpu(s):  0.3 us,  0.2 sy,  0.0 ni, 99.0 id,  0.6 wa,  0.0 hi,  0.0 si,  0.0 st
KiB Mem : 65877712 total, 55576752 free,  1857128 used,  8443832 buff/cache
KiB Swap: 33554428 total, 32345164 free,  1209264 used. 62764636 avail Mem 
--
top - 15:30:10 up 112 days,  7:13,  0 users,  load average: 0.16, 0.17, 0.18
Tasks: 407 total,   1 running, 406 sleeping,   0 stopped,   0 zombie
%Cpu(s):  0.4 us,  0.3 sy,  0.0 ni, 99.3 id,  0.0 wa,  0.0 hi,  0.0 si,  0.0 st
KiB Mem : 65877712 total, 54998092 free,  2435788 used,  8443832 buff/cache
KiB Swap: 33554428 total, 32345164 free,  1209264 used. 62185976 avail Mem 
--
top - 15:30:15 up 112 days,  7:13,  0 users,  load average: 0.23, 0.18, 0.19
Tasks: 407 total,   1 running, 406 sleeping,   0 stopped,   0 zombie
%Cpu(s):  6.9 us,  0.6 sy,  0.0 ni, 92.5 id,  0.0 wa,  0.0 hi,  0.0 si,  0.0 st
KiB Mem : 65877712 total, 53004692 free,  4429188 used,  8443832 buff/cache
KiB Swap: 33554428 total, 32345164 free,  1209264 used. 60192576 avail Mem 
--
top - 15:30:20 up 112 days,  7:13,  0 users,  load average: 0.29, 0.19, 0.19
Tasks: 407 total,   1 running, 406 sleeping,   0 stopped,   0 zombie
%Cpu(s):  4.5 us,  0.0 sy,  0.0 ni, 95.5 id,  0.0 wa,  0.0 hi,  0.0 si,  0.0 st
KiB Mem : 65877712 total, 53509184 free,  3924696 used,  8443832 buff/cache
KiB Swap: 33554428 total, 32345164 free,  1209264 used. 60697068 avail Mem 
--
top - 15:30:25 up 112 days,  7:13,  0 users,  load average: 0.35, 0.21, 0.20
Tasks: 407 total,   1 running, 406 sleeping,   0 stopped,   0 zombie
%Cpu(s):  2.9 us,  0.1 sy,  0.0 ni, 97.0 id,  0.0 wa,  0.0 hi,  0.0 si,  0.0 st
KiB Mem : 65877712 total, 55186788 free,  2247092 used,  8443832 buff/cache
KiB Swap: 33554428 total, 32345164 free,  1209264 used. 62374672 avail Mem 
--
top - 15:30:30 up 112 days,  7:13,  0 users,  load average: 0.32, 0.20, 0.20
Tasks: 407 total,   1 running, 406 sleeping,   0 stopped,   0 zombie
%Cpu(s):  0.0 us,  0.0 sy,  0.0 ni, 99.9 id,  0.0 wa,  0.0 hi,  0.0 si,  0.0 st
KiB Mem : 65877712 total, 55438228 free,  1995652 used,  8443832 buff/cache
KiB Swap: 33554428 total, 32345164 free,  1209264 used. 62626112 avail Mem 
--
top - 15:30:35 up 112 days,  7:13,  0 users,  load average: 0.29, 0.20, 0.19
Tasks: 407 total,   1 running, 406 sleeping,   0 stopped,   0 zombie
%Cpu(s):  0.0 us,  0.0 sy,  0.0 ni, 99.9 id,  0.0 wa,  0.0 hi,  0.0 si,  0.0 st
KiB Mem : 65877712 total, 55439360 free,  1994520 used,  8443832 buff/cache
KiB Swap: 33554428 total, 32345164 free,  1209264 used. 62627244 avail Mem 
--
top - 15:30:40 up 112 days,  7:14,  0 users,  load average: 0.27, 0.20, 0.19
Tasks: 407 total,   1 running, 406 sleeping,   0 stopped,   0 zombie
%Cpu(s):  0.1 us,  0.0 sy,  0.0 ni, 99.9 id,  0.0 wa,  0.0 hi,  0.0 si,  0.0 st
KiB Mem : 65877712 total, 55440460 free,  1993420 used,  8443832 buff/cache
KiB Swap: 33554428 total, 32345164 free,  1209264 used. 62628344 avail Mem 
--
top - 15:30:45 up 112 days,  7:14,  0 users,  load average: 0.25, 0.19, 0.19
Tasks: 407 total,   2 running, 405 sleeping,   0 stopped,   0 zombie
%Cpu(s):  0.1 us,  0.0 sy,  0.0 ni, 99.9 id,  0.0 wa,  0.0 hi,  0.0 si,  0.0 st
KiB Mem : 65877712 total, 55440912 free,  1992968 used,  8443832 buff/cache
KiB Swap: 33554428 total, 32345164 free,  1209264 used. 62628796 avail Mem 
--
top - 15:30:50 up 112 days,  7:14,  0 users,  load average: 0.23, 0.19, 0.19
Tasks: 407 total,   1 running, 406 sleeping,   0 stopped,   0 zombie
%Cpu(s):  0.0 us,  0.0 sy,  0.0 ni, 99.9 id,  0.0 wa,  0.0 hi,  0.0 si,  0.0 st
KiB Mem : 65877712 total, 55441800 free,  1992080 used,  8443832 buff/cache
KiB Swap: 33554428 total, 32345164 free,  1209264 used. 62629684 avail Mem 
--
top - 15:30:55 up 112 days,  7:14,  0 users,  load average: 0.21, 0.19, 0.19
Tasks: 407 total,   1 running, 406 sleeping,   0 stopped,   0 zombie
%Cpu(s):  0.1 us,  0.0 sy,  0.0 ni, 99.9 id,  0.0 wa,  0.0 hi,  0.0 si,  0.0 st
KiB Mem : 65877712 total, 55440728 free,  1993152 used,  8443832 buff/cache
KiB Swap: 33554428 total, 32345164 free,  1209264 used. 62628612 avail Mem 
--
top - 15:31:00 up 112 days,  7:14,  0 users,  load average: 0.19, 0.18, 0.19
Tasks: 407 total,   1 running, 406 sleeping,   0 stopped,   0 zombie
%Cpu(s):  0.1 us,  0.0 sy,  0.0 ni, 99.9 id,  0.0 wa,  0.0 hi,  0.0 si,  0.0 st
KiB Mem : 65877712 total, 55442296 free,  1991580 used,  8443836 buff/cache
KiB Swap: 33554428 total, 32345164 free,  1209264 used. 62630184 avail Mem 
--
top - 15:31:05 up 112 days,  7:14,  0 users,  load average: 0.18, 0.18, 0.19
Tasks: 407 total,   1 running, 406 sleeping,   0 stopped,   0 zombie
%Cpu(s):  0.1 us,  0.0 sy,  0.0 ni, 99.9 id,  0.0 wa,  0.0 hi,  0.0 si,  0.0 st
KiB Mem : 65877712 total, 55443796 free,  1990080 used,  8443836 buff/cache
KiB Swap: 33554428 total, 32345164 free,  1209264 used. 62631684 avail Mem 
--
top - 15:31:10 up 112 days,  7:14,  0 users,  load average: 0.16, 0.18, 0.19
Tasks: 407 total,   1 running, 406 sleeping,   0 stopped,   0 zombie
%Cpu(s):  0.0 us,  0.0 sy,  0.0 ni, 99.9 id,  0.0 wa,  0.0 hi,  0.0 si,  0.0 st
KiB Mem : 65877712 total, 55444968 free,  1988908 used,  8443836 buff/cache
KiB Swap: 33554428 total, 32345164 free,  1209264 used. 62632856 avail Mem 
--
top - 15:31:15 up 112 days,  7:14,  0 users,  load average: 0.15, 0.17, 0.19
Tasks: 407 total,   1 running, 406 sleeping,   0 stopped,   0 zombie
%Cpu(s):  0.1 us,  0.0 sy,  0.0 ni, 99.9 id,  0.0 wa,  0.0 hi,  0.0 si,  0.0 st
KiB Mem : 65877712 total, 55444900 free,  1988976 used,  8443836 buff/cache
KiB Swap: 33554428 total, 32345164 free,  1209264 used. 62632788 avail Mem 
--
top - 15:31:20 up 112 days,  7:14,  0 users,  load average: 0.14, 0.17, 0.19
Tasks: 407 total,   1 running, 406 sleeping,   0 stopped,   0 zombie
%Cpu(s):  0.0 us,  0.0 sy,  0.0 ni, 99.9 id,  0.0 wa,  0.0 hi,  0.0 si,  0.0 st
KiB Mem : 65877712 total, 55444404 free,  1989472 used,  8443836 buff/cache
KiB Swap: 33554428 total, 32345164 free,  1209264 used. 62632292 avail Mem 
--
top - 15:31:25 up 112 days,  7:14,  0 users,  load average: 0.13, 0.17, 0.18
Tasks: 407 total,   1 running, 406 sleeping,   0 stopped,   0 zombie
%Cpu(s):  0.1 us,  0.0 sy,  0.0 ni, 99.9 id,  0.0 wa,  0.0 hi,  0.0 si,  0.0 st
KiB Mem : 65877712 total, 55446440 free,  1987436 used,  8443836 buff/cache
KiB Swap: 33554428 total, 32345164 free,  1209264 used. 62634328 avail Mem 
--
top - 15:31:30 up 112 days,  7:14,  0 users,  load average: 0.12, 0.17, 0.18
Tasks: 405 total,   1 running, 404 sleeping,   0 stopped,   0 zombie
%Cpu(s):  0.1 us,  0.0 sy,  0.0 ni, 99.9 id,  0.0 wa,  0.0 hi,  0.0 si,  0.0 st
KiB Mem : 65877712 total, 55446912 free,  1986964 used,  8443836 buff/cache
KiB Swap: 33554428 total, 32345164 free,  1209264 used. 62634800 avail Mem 
--
top - 15:31:35 up 112 days,  7:14,  0 users,  load average: 0.11, 0.16, 0.18
Tasks: 401 total,   1 running, 400 sleeping,   0 stopped,   0 zombie
%Cpu(s):  0.1 us,  0.0 sy,  0.0 ni, 99.9 id,  0.0 wa,  0.0 hi,  0.0 si,  0.0 st
KiB Mem : 65877712 total, 55447668 free,  1986208 used,  8443836 buff/cache
KiB Swap: 33554428 total, 32345164 free,  1209264 used. 62635556 avail Mem 
--
top - 15:31:40 up 112 days,  7:15,  0 users,  load average: 0.10, 0.16, 0.18
Tasks: 400 total,   1 running, 399 sleeping,   0 stopped,   0 zombie
%Cpu(s):  0.0 us,  0.0 sy,  0.0 ni, 99.9 id,  0.0 wa,  0.0 hi,  0.0 si,  0.0 st
KiB Mem : 65877712 total, 55448060 free,  1985816 used,  8443836 buff/cache
KiB Swap: 33554428 total, 32345164 free,  1209264 used. 62635948 avail Mem 
--
top - 15:31:45 up 112 days,  7:15,  0 users,  load average: 0.09, 0.16, 0.18
Tasks: 400 total,   1 running, 399 sleeping,   0 stopped,   0 zombie
%Cpu(s):  0.0 us,  0.0 sy,  0.0 ni, 99.9 id,  0.0 wa,  0.0 hi,  0.0 si,  0.0 st
KiB Mem : 65877712 total, 55438172 free,  1995704 used,  8443836 buff/cache
KiB Swap: 33554428 total, 32345164 free,  1209264 used. 62626060 avail Mem 
--
top - 15:31:50 up 112 days,  7:15,  0 users,  load average: 0.24, 0.19, 0.19
Tasks: 400 total,   1 running, 399 sleeping,   0 stopped,   0 zombie
%Cpu(s):  0.1 us,  0.0 sy,  0.0 ni, 99.9 id,  0.0 wa,  0.0 hi,  0.0 si,  0.0 st
KiB Mem : 65877712 total, 55404424 free,  2029452 used,  8443836 buff/cache
KiB Swap: 33554428 total, 32345164 free,  1209264 used. 62592312 avail Mem 
--
top - 15:31:55 up 112 days,  7:15,  0 users,  load average: 0.22, 0.19, 0.19
Tasks: 400 total,   1 running, 399 sleeping,   0 stopped,   0 zombie
%Cpu(s):  0.0 us,  0.0 sy,  0.0 ni,100.0 id,  0.0 wa,  0.0 hi,  0.0 si,  0.0 st
KiB Mem : 65877712 total, 55400324 free,  2033552 used,  8443836 buff/cache
KiB Swap: 33554428 total, 32345164 free,  1209264 used. 62588212 avail Mem 
--
top - 15:32:00 up 112 days,  7:15,  0 users,  load average: 0.21, 0.18, 0.19
Tasks: 402 total,   1 running, 401 sleeping,   0 stopped,   0 zombie
%Cpu(s):  0.6 us,  0.4 sy,  0.0 ni, 98.6 id,  0.4 wa,  0.0 hi,  0.0 si,  0.0 st
KiB Mem : 65877712 total, 55052560 free,  2381312 used,  8443840 buff/cache
KiB Swap: 33554428 total, 32345164 free,  1209264 used. 62240452 avail Mem 
--
top - 15:32:05 up 112 days,  7:15,  0 users,  load average: 0.27, 0.20, 0.19
Tasks: 399 total,   1 running, 398 sleeping,   0 stopped,   0 zombie
%Cpu(s):  5.0 us,  0.4 sy,  0.0 ni, 94.4 id,  0.3 wa,  0.0 hi,  0.0 si,  0.0 st
KiB Mem : 65877712 total, 54218956 free,  3214908 used,  8443848 buff/cache
KiB Swap: 33554428 total, 32345164 free,  1209264 used. 61406852 avail Mem 
--
top - 15:32:10 up 112 days,  7:15,  0 users,  load average: 0.33, 0.21, 0.20
Tasks: 399 total,   1 running, 398 sleeping,   0 stopped,   0 zombie
%Cpu(s):  2.6 us,  0.1 sy,  0.0 ni, 97.3 id,  0.0 wa,  0.0 hi,  0.0 si,  0.0 st
KiB Mem : 65877712 total, 55305704 free,  2128160 used,  8443848 buff/cache
KiB Swap: 33554428 total, 32345164 free,  1209264 used. 62493600 avail Mem 
--
top - 15:32:15 up 112 days,  7:15,  0 users,  load average: 0.30, 0.21, 0.20
Tasks: 399 total,   1 running, 398 sleeping,   0 stopped,   0 zombie
%Cpu(s):  0.1 us,  0.0 sy,  0.0 ni, 99.9 id,  0.0 wa,  0.0 hi,  0.0 si,  0.0 st
KiB Mem : 65877712 total, 55306508 free,  2127356 used,  8443848 buff/cache
KiB Swap: 33554428 total, 32345164 free,  1209264 used. 62494404 avail Mem 
--
top - 15:32:20 up 112 days,  7:15,  0 users,  load average: 0.28, 0.20, 0.20
Tasks: 399 total,   1 running, 398 sleeping,   0 stopped,   0 zombie
%Cpu(s):  0.0 us,  0.0 sy,  0.0 ni, 99.9 id,  0.0 wa,  0.0 hi,  0.0 si,  0.0 st
KiB Mem : 65877712 total, 55306648 free,  2127216 used,  8443848 buff/cache
KiB Swap: 33554428 total, 32345164 free,  1209264 used. 62494544 avail Mem 
--
top - 15:32:25 up 112 days,  7:15,  0 users,  load average: 0.26, 0.20, 0.19
Tasks: 399 total,   1 running, 398 sleeping,   0 stopped,   0 zombie
%Cpu(s):  0.0 us,  0.0 sy,  0.0 ni, 99.9 id,  0.0 wa,  0.0 hi,  0.0 si,  0.0 st
KiB Mem : 65877712 total, 55306648 free,  2127216 used,  8443848 buff/cache
KiB Swap: 33554428 total, 32345164 free,  1209264 used. 62494544 avail Mem 
--
top - 15:32:30 up 112 days,  7:15,  0 users,  load average: 0.23, 0.20, 0.19
Tasks: 397 total,   1 running, 396 sleeping,   0 stopped,   0 zombie
%Cpu(s):  0.1 us,  0.0 sy,  0.0 ni, 99.9 id,  0.0 wa,  0.0 hi,  0.0 si,  0.0 st
KiB Mem : 65877712 total, 55308888 free,  2124976 used,  8443848 buff/cache
KiB Swap: 33554428 total, 32345164 free,  1209264 used. 62496784 avail Mem 
--
top - 15:32:35 up 112 days,  7:15,  0 users,  load average: 0.22, 0.19, 0.19
Tasks: 397 total,   1 running, 396 sleeping,   0 stopped,   0 zombie
%Cpu(s):  0.1 us,  0.0 sy,  0.0 ni, 99.9 id,  0.0 wa,  0.0 hi,  0.0 si,  0.0 st
KiB Mem : 65877712 total, 55310544 free,  2123320 used,  8443848 buff/cache
KiB Swap: 33554428 total, 32345164 free,  1209264 used. 62498440 avail Mem 
--
top - 15:32:40 up 112 days,  7:16,  0 users,  load average: 0.20, 0.19, 0.19
Tasks: 397 total,   1 running, 396 sleeping,   0 stopped,   0 zombie
%Cpu(s):  0.0 us,  0.0 sy,  0.0 ni, 99.9 id,  0.0 wa,  0.0 hi,  0.0 si,  0.0 st
KiB Mem : 65877712 total, 55311184 free,  2122680 used,  8443848 buff/cache
KiB Swap: 33554428 total, 32345164 free,  1209264 used. 62499080 avail Mem 
--
top - 15:32:45 up 112 days,  7:16,  0 users,  load average: 0.18, 0.19, 0.19
Tasks: 397 total,   1 running, 396 sleeping,   0 stopped,   0 zombie
%Cpu(s):  0.1 us,  0.0 sy,  0.0 ni, 99.9 id,  0.0 wa,  0.0 hi,  0.0 si,  0.0 st
KiB Mem : 65877712 total, 55311952 free,  2121912 used,  8443848 buff/cache
KiB Swap: 33554428 total, 32345164 free,  1209264 used. 62499848 avail Mem 
--
top - 15:32:50 up 112 days,  7:16,  0 users,  load average: 0.17, 0.18, 0.19
Tasks: 397 total,   1 running, 396 sleeping,   0 stopped,   0 zombie
%Cpu(s):  0.1 us,  0.0 sy,  0.0 ni, 99.9 id,  0.0 wa,  0.0 hi,  0.0 si,  0.0 st
KiB Mem : 65877712 total, 55311992 free,  2121868 used,  8443852 buff/cache
KiB Swap: 33554428 total, 32345164 free,  1209264 used. 62499892 avail Mem 
--
top - 15:32:55 up 112 days,  7:16,  0 users,  load average: 0.15, 0.18, 0.19
Tasks: 397 total,   1 running, 396 sleeping,   0 stopped,   0 zombie
%Cpu(s):  0.1 us,  0.0 sy,  0.0 ni, 99.9 id,  0.0 wa,  0.0 hi,  0.0 si,  0.0 st
KiB Mem : 65877712 total, 55311820 free,  2122040 used,  8443852 buff/cache
KiB Swap: 33554428 total, 32345164 free,  1209264 used. 62499720 avail Mem 
--
top - 15:33:00 up 112 days,  7:16,  0 users,  load average: 0.14, 0.18, 0.19
Tasks: 397 total,   1 running, 396 sleeping,   0 stopped,   0 zombie
%Cpu(s):  0.1 us,  0.0 sy,  0.0 ni, 99.9 id,  0.0 wa,  0.0 hi,  0.0 si,  0.0 st
KiB Mem : 65877712 total, 55312444 free,  2121416 used,  8443852 buff/cache
KiB Swap: 33554428 total, 32345164 free,  1209264 used. 62500344 avail Mem 
--
top - 15:33:05 up 112 days,  7:16,  0 users,  load average: 0.13, 0.17, 0.19
Tasks: 397 total,   1 running, 396 sleeping,   0 stopped,   0 zombie
%Cpu(s):  0.0 us,  0.0 sy,  0.0 ni, 99.9 id,  0.0 wa,  0.0 hi,  0.0 si,  0.0 st
KiB Mem : 65877712 total, 55313612 free,  2120248 used,  8443852 buff/cache
KiB Swap: 33554428 total, 32345164 free,  1209264 used. 62501512 avail Mem 
--
top - 15:33:10 up 112 days,  7:16,  0 users,  load average: 0.12, 0.17, 0.19
Tasks: 397 total,   1 running, 396 sleeping,   0 stopped,   0 zombie
%Cpu(s):  0.0 us,  0.0 sy,  0.0 ni, 99.9 id,  0.1 wa,  0.0 hi,  0.0 si,  0.0 st
KiB Mem : 65877712 total, 55314876 free,  2118984 used,  8443852 buff/cache
KiB Swap: 33554428 total, 32345164 free,  1209264 used. 62502776 avail Mem 
--
top - 15:33:15 up 112 days,  7:16,  0 users,  load average: 0.11, 0.17, 0.18
Tasks: 397 total,   1 running, 396 sleeping,   0 stopped,   0 zombie
%Cpu(s):  0.1 us,  0.0 sy,  0.0 ni, 99.9 id,  0.0 wa,  0.0 hi,  0.0 si,  0.0 st
KiB Mem : 65877712 total, 55314764 free,  2119096 used,  8443852 buff/cache
KiB Swap: 33554428 total, 32345164 free,  1209264 used. 62502664 avail Mem 
--
top - 15:33:20 up 112 days,  7:16,  0 users,  load average: 0.10, 0.17, 0.18
Tasks: 397 total,   1 running, 396 sleeping,   0 stopped,   0 zombie
%Cpu(s):  0.0 us,  0.0 sy,  0.0 ni, 99.9 id,  0.0 wa,  0.0 hi,  0.0 si,  0.0 st
KiB Mem : 65877712 total, 55314800 free,  2119060 used,  8443852 buff/cache
KiB Swap: 33554428 total, 32345164 free,  1209264 used. 62502700 avail Mem 
--
top - 15:33:25 up 112 days,  7:16,  0 users,  load average: 0.09, 0.16, 0.18
Tasks: 397 total,   1 running, 396 sleeping,   0 stopped,   0 zombie
%Cpu(s):  0.1 us,  0.0 sy,  0.0 ni, 99.9 id,  0.0 wa,  0.0 hi,  0.0 si,  0.0 st
KiB Mem : 65877712 total, 55315496 free,  2118364 used,  8443852 buff/cache
KiB Swap: 33554428 total, 32345164 free,  1209264 used. 62503396 avail Mem 
--
top - 15:33:30 up 112 days,  7:16,  0 users,  load average: 0.09, 0.16, 0.18
Tasks: 397 total,   1 running, 396 sleeping,   0 stopped,   0 zombie
%Cpu(s):  0.0 us,  0.0 sy,  0.0 ni, 99.9 id,  0.0 wa,  0.0 hi,  0.0 si,  0.0 st
KiB Mem : 65877712 total, 55315884 free,  2117976 used,  8443852 buff/cache
KiB Swap: 33554428 total, 32345164 free,  1209264 used. 62503784 avail Mem 
--
top - 15:33:35 up 112 days,  7:16,  0 users,  load average: 0.08, 0.16, 0.18
Tasks: 397 total,   1 running, 396 sleeping,   0 stopped,   0 zombie
%Cpu(s):  0.0 us,  0.0 sy,  0.0 ni, 99.9 id,  0.0 wa,  0.0 hi,  0.0 si,  0.0 st
KiB Mem : 65877712 total, 55315884 free,  2117976 used,  8443852 buff/cache
KiB Swap: 33554428 total, 32345164 free,  1209264 used. 62503784 avail Mem 
--
top - 15:33:40 up 112 days,  7:17,  0 users,  load average: 0.07, 0.15, 0.18
Tasks: 397 total,   1 running, 396 sleeping,   0 stopped,   0 zombie
%Cpu(s):  0.0 us,  0.0 sy,  0.0 ni,100.0 id,  0.0 wa,  0.0 hi,  0.0 si,  0.0 st
KiB Mem : 65877712 total, 55312908 free,  2120952 used,  8443852 buff/cache
KiB Swap: 33554428 total, 32345164 free,  1209264 used. 62500808 avail Mem 
--
top - 15:33:46 up 112 days,  7:17,  0 users,  load average: 0.07, 0.15, 0.18
Tasks: 397 total,   1 running, 396 sleeping,   0 stopped,   0 zombie
%Cpu(s):  0.3 us,  0.2 sy,  0.0 ni, 99.5 id,  0.0 wa,  0.0 hi,  0.0 si,  0.0 st
KiB Mem : 65877712 total, 55047460 free,  2386396 used,  8443856 buff/cache
KiB Swap: 33554428 total, 32345164 free,  1209264 used. 62235360 avail Mem 
--
top - 15:33:51 up 112 days,  7:17,  0 users,  load average: 0.06, 0.15, 0.18
Tasks: 399 total,   1 running, 398 sleeping,   0 stopped,   0 zombie
%Cpu(s):  0.3 us,  0.3 sy,  0.0 ni, 99.4 id,  0.0 wa,  0.0 hi,  0.0 si,  0.0 st
KiB Mem : 65877712 total, 54610932 free,  2822924 used,  8443856 buff/cache
KiB Swap: 33554428 total, 32345164 free,  1209264 used. 61798832 avail Mem 
--
top - 15:33:56 up 112 days,  7:17,  0 users,  load average: 0.06, 0.15, 0.18
Tasks: 399 total,   1 running, 398 sleeping,   0 stopped,   0 zombie
%Cpu(s):  2.8 us,  0.5 sy,  0.0 ni, 96.6 id,  0.0 wa,  0.0 hi,  0.0 si,  0.0 st
KiB Mem : 65877712 total, 53459580 free,  3974276 used,  8443856 buff/cache
KiB Swap: 33554428 total, 32345164 free,  1209264 used. 60647484 avail Mem 
--
top - 15:34:01 up 112 days,  7:17,  0 users,  load average: 0.13, 0.16, 0.18
Tasks: 398 total,   1 running, 397 sleeping,   0 stopped,   0 zombie
%Cpu(s):  6.3 us,  0.4 sy,  0.0 ni, 92.6 id,  0.7 wa,  0.0 hi,  0.0 si,  0.0 st
KiB Mem : 65877712 total, 51799688 free,  5634144 used,  8443880 buff/cache
KiB Swap: 33554428 total, 32345164 free,  1209264 used. 58987604 avail Mem 
--
top - 15:34:06 up 112 days,  7:17,  0 users,  load average: 0.28, 0.19, 0.19
Tasks: 398 total,   1 running, 397 sleeping,   0 stopped,   0 zombie
%Cpu(s):  6.3 us,  0.0 sy,  0.0 ni, 93.7 id,  0.0 wa,  0.0 hi,  0.0 si,  0.0 st
KiB Mem : 65877712 total, 51800992 free,  5632840 used,  8443880 buff/cache
KiB Swap: 33554428 total, 32345164 free,  1209264 used. 58988908 avail Mem 
--
top - 15:34:11 up 112 days,  7:17,  0 users,  load average: 0.34, 0.21, 0.20
Tasks: 398 total,   1 running, 397 sleeping,   0 stopped,   0 zombie
%Cpu(s):  2.9 us,  0.1 sy,  0.0 ni, 97.0 id,  0.0 wa,  0.0 hi,  0.0 si,  0.0 st
KiB Mem : 65877712 total, 54972704 free,  2461128 used,  8443880 buff/cache
KiB Swap: 33554428 total, 32345164 free,  1209264 used. 62160620 avail Mem 
--
top - 15:34:16 up 112 days,  7:17,  0 users,  load average: 0.31, 0.20, 0.19
Tasks: 398 total,   1 running, 397 sleeping,   0 stopped,   0 zombie
%Cpu(s):  0.1 us,  0.0 sy,  0.0 ni, 99.9 id,  0.0 wa,  0.0 hi,  0.0 si,  0.0 st
KiB Mem : 65877712 total, 54971680 free,  2462152 used,  8443880 buff/cache
KiB Swap: 33554428 total, 32345164 free,  1209264 used. 62159596 avail Mem 
--
top - 15:34:21 up 112 days,  7:17,  0 users,  load average: 0.29, 0.20, 0.19
Tasks: 398 total,   1 running, 397 sleeping,   0 stopped,   0 zombie
%Cpu(s):  0.0 us,  0.0 sy,  0.0 ni, 99.9 id,  0.0 wa,  0.0 hi,  0.0 si,  0.0 st
KiB Mem : 65877712 total, 54973724 free,  2460108 used,  8443880 buff/cache
KiB Swap: 33554428 total, 32345164 free,  1209264 used. 62161640 avail Mem 
--
top - 15:34:26 up 112 days,  7:17,  0 users,  load average: 0.26, 0.20, 0.19
Tasks: 398 total,   1 running, 397 sleeping,   0 stopped,   0 zombie
%Cpu(s):  0.1 us,  0.0 sy,  0.0 ni, 99.9 id,  0.0 wa,  0.0 hi,  0.0 si,  0.0 st
KiB Mem : 65877712 total, 54976240 free,  2457592 used,  8443880 buff/cache
KiB Swap: 33554428 total, 32345164 free,  1209264 used. 62164156 avail Mem 
--
top - 15:34:31 up 112 days,  7:17,  0 users,  load average: 0.24, 0.19, 0.19
Tasks: 399 total,   1 running, 398 sleeping,   0 stopped,   0 zombie
%Cpu(s):  0.1 us,  0.0 sy,  0.0 ni, 99.9 id,  0.0 wa,  0.0 hi,  0.0 si,  0.0 st
KiB Mem : 65877712 total, 54977776 free,  2456056 used,  8443880 buff/cache
KiB Swap: 33554428 total, 32345164 free,  1209264 used. 62165692 avail Mem 
--
top - 15:34:36 up 112 days,  7:17,  0 users,  load average: 0.22, 0.19, 0.19
Tasks: 399 total,   1 running, 398 sleeping,   0 stopped,   0 zombie
%Cpu(s):  0.1 us,  0.0 sy,  0.0 ni, 99.9 id,  0.0 wa,  0.0 hi,  0.0 si,  0.0 st
KiB Mem : 65877712 total, 54979028 free,  2454800 used,  8443884 buff/cache
KiB Swap: 33554428 total, 32345164 free,  1209264 used. 62166948 avail Mem 
--
top - 15:34:41 up 112 days,  7:18,  0 users,  load average: 0.21, 0.19, 0.19
Tasks: 399 total,   1 running, 398 sleeping,   0 stopped,   0 zombie
%Cpu(s):  0.0 us,  0.0 sy,  0.0 ni, 99.9 id,  0.0 wa,  0.0 hi,  0.0 si,  0.0 st
KiB Mem : 65877712 total, 54980024 free,  2453804 used,  8443884 buff/cache
KiB Swap: 33554428 total, 32345164 free,  1209264 used. 62167944 avail Mem 
--
top - 15:34:46 up 112 days,  7:18,  0 users,  load average: 0.19, 0.18, 0.19
Tasks: 399 total,   1 running, 398 sleeping,   0 stopped,   0 zombie
%Cpu(s):  0.1 us,  0.0 sy,  0.0 ni, 99.9 id,  0.0 wa,  0.0 hi,  0.0 si,  0.0 st
KiB Mem : 65877712 total, 54980300 free,  2453528 used,  8443884 buff/cache
KiB Swap: 33554428 total, 32345164 free,  1209264 used. 62168220 avail Mem 
--
top - 15:34:51 up 112 days,  7:18,  0 users,  load average: 0.17, 0.18, 0.19
Tasks: 399 total,   1 running, 398 sleeping,   0 stopped,   0 zombie
%Cpu(s):  0.0 us,  0.0 sy,  0.0 ni, 99.9 id,  0.0 wa,  0.0 hi,  0.0 si,  0.0 st
KiB Mem : 65877712 total, 54980824 free,  2453004 used,  8443884 buff/cache
KiB Swap: 33554428 total, 32345164 free,  1209264 used. 62168744 avail Mem 
--
top - 15:34:56 up 112 days,  7:18,  0 users,  load average: 0.16, 0.18, 0.19
Tasks: 399 total,   1 running, 398 sleeping,   0 stopped,   0 zombie
%Cpu(s):  0.1 us,  0.0 sy,  0.0 ni, 99.9 id,  0.0 wa,  0.0 hi,  0.0 si,  0.0 st
KiB Mem : 65877712 total, 54980656 free,  2453172 used,  8443884 buff/cache
KiB Swap: 33554428 total, 32345164 free,  1209264 used. 62168576 avail Mem 
--
top - 15:35:01 up 112 days,  7:18,  0 users,  load average: 0.15, 0.17, 0.19
Tasks: 399 total,   1 running, 398 sleeping,   0 stopped,   0 zombie
%Cpu(s):  0.1 us,  0.0 sy,  0.0 ni, 99.9 id,  0.0 wa,  0.0 hi,  0.0 si,  0.0 st
KiB Mem : 65877712 total, 54981128 free,  2452700 used,  8443884 buff/cache
KiB Swap: 33554428 total, 32345164 free,  1209264 used. 62169048 avail Mem 
--
top - 15:35:06 up 112 days,  7:18,  0 users,  load average: 0.14, 0.17, 0.18
Tasks: 399 total,   1 running, 398 sleeping,   0 stopped,   0 zombie
%Cpu(s):  0.1 us,  0.0 sy,  0.0 ni, 99.9 id,  0.0 wa,  0.0 hi,  0.0 si,  0.0 st
KiB Mem : 65877712 total, 54982044 free,  2451784 used,  8443884 buff/cache
KiB Swap: 33554428 total, 32345164 free,  1209264 used. 62169964 avail Mem 
--
top - 15:35:11 up 112 days,  7:18,  0 users,  load average: 0.12, 0.17, 0.18
Tasks: 399 total,   1 running, 398 sleeping,   0 stopped,   0 zombie
%Cpu(s):  0.1 us,  0.0 sy,  0.0 ni, 99.9 id,  0.0 wa,  0.0 hi,  0.0 si,  0.0 st
KiB Mem : 65877712 total, 54982676 free,  2451152 used,  8443884 buff/cache
KiB Swap: 33554428 total, 32345164 free,  1209264 used. 62170596 avail Mem 
--
top - 15:35:16 up 112 days,  7:18,  0 users,  load average: 0.12, 0.16, 0.18
Tasks: 399 total,   1 running, 398 sleeping,   0 stopped,   0 zombie
%Cpu(s):  0.1 us,  0.0 sy,  0.0 ni, 99.9 id,  0.0 wa,  0.0 hi,  0.0 si,  0.0 st
KiB Mem : 65877712 total, 54981768 free,  2452060 used,  8443884 buff/cache
KiB Swap: 33554428 total, 32345164 free,  1209264 used. 62169688 avail Mem 
--
top - 15:35:21 up 112 days,  7:18,  0 users,  load average: 0.11, 0.16, 0.18
Tasks: 399 total,   1 running, 398 sleeping,   0 stopped,   0 zombie
%Cpu(s):  0.1 us,  0.0 sy,  0.0 ni, 99.9 id,  0.0 wa,  0.0 hi,  0.0 si,  0.0 st
KiB Mem : 65877712 total, 54982680 free,  2451148 used,  8443884 buff/cache
KiB Swap: 33554428 total, 32345164 free,  1209264 used. 62170600 avail Mem 
--
top - 15:35:26 up 112 days,  7:18,  0 users,  load average: 0.10, 0.16, 0.18
Tasks: 399 total,   1 running, 398 sleeping,   0 stopped,   0 zombie
%Cpu(s):  0.0 us,  0.0 sy,  0.0 ni, 99.9 id,  0.0 wa,  0.0 hi,  0.0 si,  0.0 st
KiB Mem : 65877712 total, 54983024 free,  2450804 used,  8443884 buff/cache
KiB Swap: 33554428 total, 32345164 free,  1209264 used. 62170944 avail Mem 
--
top - 15:35:31 up 112 days,  7:18,  0 users,  load average: 0.09, 0.16, 0.18
Tasks: 399 total,   1 running, 398 sleeping,   0 stopped,   0 zombie
%Cpu(s):  0.0 us,  0.0 sy,  0.0 ni,100.0 id,  0.0 wa,  0.0 hi,  0.0 si,  0.0 st
KiB Mem : 65877712 total, 54980016 free,  2453808 used,  8443888 buff/cache
KiB Swap: 33554428 total, 32345164 free,  1209264 used. 62167940 avail Mem 
--
top - 15:35:36 up 112 days,  7:18,  0 users,  load average: 0.08, 0.15, 0.18
Tasks: 399 total,   1 running, 398 sleeping,   0 stopped,   0 zombie
%Cpu(s):  0.2 us,  0.2 sy,  0.0 ni, 99.5 id,  0.0 wa,  0.0 hi,  0.0 si,  0.0 st
KiB Mem : 65877712 total, 54586348 free,  2847476 used,  8443888 buff/cache
KiB Swap: 33554428 total, 32345164 free,  1209264 used. 61774272 avail Mem 
--
top - 15:35:41 up 112 days,  7:19,  0 users,  load average: 0.08, 0.15, 0.18
Tasks: 399 total,   1 running, 398 sleeping,   0 stopped,   0 zombie
%Cpu(s):  0.1 us,  0.0 sy,  0.0 ni, 99.9 id,  0.0 wa,  0.0 hi,  0.0 si,  0.0 st
KiB Mem : 65877712 total, 54555672 free,  2878152 used,  8443888 buff/cache
KiB Swap: 33554428 total, 32345164 free,  1209264 used. 61743596 avail Mem 
--
top - 15:35:46 up 112 days,  7:19,  0 users,  load average: 0.07, 0.15, 0.18
Tasks: 399 total,   1 running, 398 sleeping,   0 stopped,   0 zombie
%Cpu(s):  0.3 us,  0.3 sy,  0.0 ni, 99.3 id,  0.0 wa,  0.0 hi,  0.0 si,  0.0 st
KiB Mem : 65877712 total, 53970244 free,  3463580 used,  8443888 buff/cache
KiB Swap: 33554428 total, 32345164 free,  1209264 used. 61158168 avail Mem 
--
top - 15:35:51 up 112 days,  7:19,  0 users,  load average: 0.22, 0.18, 0.19
Tasks: 399 total,   1 running, 398 sleeping,   0 stopped,   0 zombie
%Cpu(s): 10.1 us,  0.7 sy,  0.0 ni, 89.2 id,  0.0 wa,  0.0 hi,  0.0 si,  0.0 st
KiB Mem : 65877712 total, 50569672 free,  6864152 used,  8443888 buff/cache
KiB Swap: 33554428 total, 32345164 free,  1209264 used. 57757596 avail Mem 
--
top - 15:35:56 up 112 days,  7:19,  0 users,  load average: 0.37, 0.21, 0.20
Tasks: 399 total,   1 running, 398 sleeping,   0 stopped,   0 zombie
%Cpu(s):  6.6 us,  0.0 sy,  0.0 ni, 93.4 id,  0.0 wa,  0.0 hi,  0.0 si,  0.0 st
KiB Mem : 65877712 total, 50966480 free,  6467344 used,  8443888 buff/cache
KiB Swap: 33554428 total, 32345164 free,  1209264 used. 58154404 avail Mem 
--
top - 15:36:01 up 112 days,  7:19,  0 users,  load average: 0.42, 0.22, 0.20
Tasks: 399 total,   2 running, 397 sleeping,   0 stopped,   0 zombie
%Cpu(s):  4.5 us,  0.2 sy,  0.0 ni, 94.7 id,  0.6 wa,  0.0 hi,  0.0 si,  0.0 st
KiB Mem : 65877712 total, 52000896 free,  5432928 used,  8443888 buff/cache
KiB Swap: 33554428 total, 32345164 free,  1209264 used. 59188820 avail Mem 
--
top - 15:36:06 up 112 days,  7:19,  0 users,  load average: 0.38, 0.22, 0.20
Tasks: 399 total,   1 running, 398 sleeping,   0 stopped,   0 zombie
%Cpu(s):  1.5 us,  0.1 sy,  0.0 ni, 98.4 id,  0.0 wa,  0.0 hi,  0.0 si,  0.0 st
KiB Mem : 65877712 total, 54563632 free,  2870184 used,  8443896 buff/cache
KiB Swap: 33554428 total, 32345164 free,  1209264 used. 61751564 avail Mem 
