10.149.0.30
2024/01/03 16:08:50 Master node address: http://10.149.0.54:8000
2024/01/03 16:08:50 Benchmarking worker...
2024/01/03 16:08:52 Worker registered (1863 MCUPS). Waiting for work...
2024/01/03 16:10:47 Got work. Start calculating alignments...
2024/01/03 16:10:47 Calculating 89 queries
2024/01/03 16:10:59 Done calculating alignments.
2024/01/03 16:10:59 Waiting for work...
2024/01/03 16:12:48 Got work. Start calculating alignments...
2024/01/03 16:12:48 Calculating 90 queries
2024/01/03 16:12:56 Done calculating alignments.
2024/01/03 16:12:56 Waiting for work...
2024/01/03 16:14:43 Got work. Start calculating alignments...
2024/01/03 16:14:43 Calculating 91 queries
2024/01/03 16:15:04 Done calculating alignments.
2024/01/03 16:15:04 Waiting for work...
2024/01/03 16:16:33 Got work. Start calculating alignments...
2024/01/03 16:16:33 Calculating 91 queries
2024/01/03 16:16:49 Done calculating alignments.
2024/01/03 16:16:49 Waiting for work...
2024/01/03 16:18:14 Got work. Start calculating alignments...
2024/01/03 16:18:14 Calculating 91 queries
2024/01/03 16:18:37 Done calculating alignments.
2024/01/03 16:18:37 Waiting for work...
slurmstepd: error: *** JOB 4755782 ON node030 CANCELLED AT 2024-01-03T16:18:37 ***
