Job id: 4755718
Master ip: 10.149.0.60
--
top - 15:06:12 up 112 days,  6:50,  0 users,  load average: 0.03, 0.06, 0.13
Tasks: 398 total,   2 running, 396 sleeping,   0 stopped,   0 zombie
%Cpu(s):  2.0 us,  0.9 sy,  0.0 ni, 97.1 id,  0.0 wa,  0.0 hi,  0.0 si,  0.0 st
KiB Mem : 65877692 total, 52157820 free,  1280212 used, 12439660 buff/cache
KiB Swap: 33554428 total, 31913436 free,  1640992 used. 63320120 avail Mem 
--
top - 15:06:17 up 112 days,  6:50,  0 users,  load average: 0.02, 0.06, 0.12
Tasks: 399 total,   1 running, 398 sleeping,   0 stopped,   0 zombie
%Cpu(s):  0.8 us,  0.1 sy,  0.0 ni, 99.1 id,  0.0 wa,  0.0 hi,  0.0 si,  0.0 st
KiB Mem : 65877692 total, 52135092 free,  1302900 used, 12439700 buff/cache
KiB Swap: 33554428 total, 31913436 free,  1640992 used. 63297416 avail Mem 
--
top - 15:06:22 up 112 days,  6:50,  0 users,  load average: 0.02, 0.06, 0.12
Tasks: 399 total,   1 running, 398 sleeping,   0 stopped,   0 zombie
%Cpu(s):  0.1 us,  0.0 sy,  0.0 ni, 99.9 id,  0.0 wa,  0.0 hi,  0.0 si,  0.0 st
KiB Mem : 65877692 total, 52134436 free,  1303556 used, 12439700 buff/cache
KiB Swap: 33554428 total, 31913436 free,  1640992 used. 63296760 avail Mem 
--
top - 15:06:27 up 112 days,  6:50,  0 users,  load average: 0.02, 0.06, 0.12
Tasks: 399 total,   1 running, 398 sleeping,   0 stopped,   0 zombie
%Cpu(s):  0.1 us,  0.0 sy,  0.0 ni, 99.9 id,  0.0 wa,  0.0 hi,  0.0 si,  0.0 st
KiB Mem : 65877692 total, 52134992 free,  1303000 used, 12439700 buff/cache
KiB Swap: 33554428 total, 31913436 free,  1640992 used. 63297316 avail Mem 
--
top - 15:06:32 up 112 days,  6:50,  0 users,  load average: 0.02, 0.06, 0.12
Tasks: 399 total,   1 running, 398 sleeping,   0 stopped,   0 zombie
%Cpu(s):  0.1 us,  0.0 sy,  0.0 ni, 99.9 id,  0.0 wa,  0.0 hi,  0.0 si,  0.0 st
KiB Mem : 65877692 total, 52135224 free,  1302768 used, 12439700 buff/cache
KiB Swap: 33554428 total, 31913436 free,  1640992 used. 63297548 avail Mem 
--
top - 15:06:37 up 112 days,  6:50,  0 users,  load average: 0.02, 0.05, 0.12
Tasks: 399 total,   1 running, 398 sleeping,   0 stopped,   0 zombie
%Cpu(s):  0.1 us,  0.0 sy,  0.0 ni, 99.9 id,  0.0 wa,  0.0 hi,  0.0 si,  0.0 st
KiB Mem : 65877692 total, 52135224 free,  1302768 used, 12439700 buff/cache
KiB Swap: 33554428 total, 31913436 free,  1640992 used. 63297548 avail Mem 
--
top - 15:06:42 up 112 days,  6:50,  0 users,  load average: 0.02, 0.05, 0.12
Tasks: 399 total,   1 running, 398 sleeping,   0 stopped,   0 zombie
%Cpu(s):  0.1 us,  0.0 sy,  0.0 ni, 99.9 id,  0.0 wa,  0.0 hi,  0.0 si,  0.0 st
KiB Mem : 65877692 total, 52135316 free,  1302676 used, 12439700 buff/cache
KiB Swap: 33554428 total, 31913436 free,  1640992 used. 63297640 avail Mem 
--
top - 15:06:47 up 112 days,  6:50,  0 users,  load average: 0.01, 0.05, 0.12
Tasks: 398 total,   1 running, 397 sleeping,   0 stopped,   0 zombie
%Cpu(s):  0.1 us,  0.0 sy,  0.0 ni, 99.9 id,  0.0 wa,  0.0 hi,  0.0 si,  0.0 st
KiB Mem : 65877692 total, 52135316 free,  1302676 used, 12439700 buff/cache
KiB Swap: 33554428 total, 31913436 free,  1640992 used. 63297640 avail Mem 
--
top - 15:06:52 up 112 days,  6:50,  0 users,  load average: 0.01, 0.05, 0.12
Tasks: 398 total,   1 running, 397 sleeping,   0 stopped,   0 zombie
%Cpu(s):  0.1 us,  0.0 sy,  0.0 ni, 99.9 id,  0.0 wa,  0.0 hi,  0.0 si,  0.0 st
KiB Mem : 65877692 total, 52135684 free,  1302308 used, 12439700 buff/cache
KiB Swap: 33554428 total, 31913436 free,  1640992 used. 63298008 avail Mem 
--
top - 15:06:57 up 112 days,  6:50,  0 users,  load average: 0.01, 0.05, 0.12
Tasks: 398 total,   1 running, 397 sleeping,   0 stopped,   0 zombie
%Cpu(s):  0.1 us,  0.0 sy,  0.0 ni, 99.9 id,  0.0 wa,  0.0 hi,  0.0 si,  0.0 st
KiB Mem : 65877692 total, 52136008 free,  1301984 used, 12439700 buff/cache
KiB Swap: 33554428 total, 31913436 free,  1640992 used. 63298332 avail Mem 
--
top - 15:07:02 up 112 days,  6:50,  0 users,  load average: 0.01, 0.05, 0.12
Tasks: 398 total,   1 running, 397 sleeping,   0 stopped,   0 zombie
%Cpu(s):  0.1 us,  0.0 sy,  0.0 ni, 99.9 id,  0.0 wa,  0.0 hi,  0.0 si,  0.0 st
KiB Mem : 65877692 total, 52136008 free,  1301984 used, 12439700 buff/cache
KiB Swap: 33554428 total, 31913436 free,  1640992 used. 63298332 avail Mem 
--
top - 15:07:07 up 112 days,  6:51,  0 users,  load average: 0.09, 0.06, 0.13
Tasks: 395 total,   2 running, 393 sleeping,   0 stopped,   0 zombie
%Cpu(s):  1.2 us,  0.2 sy,  0.0 ni, 98.6 id,  0.0 wa,  0.0 hi,  0.0 si,  0.0 st
KiB Mem : 65877692 total, 51982236 free,  1309244 used, 12586212 buff/cache
KiB Swap: 33554428 total, 31913436 free,  1640992 used. 63289344 avail Mem 
--
top - 15:07:12 up 112 days,  6:51,  0 users,  load average: 0.16, 0.08, 0.13
Tasks: 395 total,   2 running, 393 sleeping,   0 stopped,   0 zombie
%Cpu(s):  2.7 us,  0.4 sy,  0.0 ni, 96.6 id,  0.2 wa,  0.0 hi,  0.1 si,  0.0 st
KiB Mem : 65877692 total, 51630264 free,  1311720 used, 12935708 buff/cache
KiB Swap: 33554428 total, 31913436 free,  1640992 used. 63282236 avail Mem 
--
top - 15:07:17 up 112 days,  6:51,  0 users,  load average: 0.31, 0.11, 0.14
Tasks: 396 total,   2 running, 394 sleeping,   0 stopped,   0 zombie
%Cpu(s):  2.7 us,  0.4 sy,  0.0 ni, 96.2 id,  0.6 wa,  0.0 hi,  0.1 si,  0.0 st
KiB Mem : 65877692 total, 51286700 free,  1310472 used, 13280520 buff/cache
KiB Swap: 33554428 total, 31913436 free,  1640992 used. 63278396 avail Mem 
--
top - 15:07:22 up 112 days,  6:51,  0 users,  load average: 0.37, 0.13, 0.14
Tasks: 396 total,   2 running, 394 sleeping,   0 stopped,   0 zombie
%Cpu(s):  2.8 us,  0.3 sy,  0.0 ni, 96.8 id,  0.0 wa,  0.0 hi,  0.0 si,  0.0 st
KiB Mem : 65877692 total, 50936492 free,  1311032 used, 13630168 buff/cache
KiB Swap: 33554428 total, 31913436 free,  1640992 used. 63273120 avail Mem 
--
top - 15:07:27 up 112 days,  6:51,  0 users,  load average: 0.42, 0.14, 0.15
Tasks: 396 total,   2 running, 394 sleeping,   0 stopped,   0 zombie
%Cpu(s):  2.8 us,  0.2 sy,  0.0 ni, 96.8 id,  0.0 wa,  0.0 hi,  0.1 si,  0.0 st
KiB Mem : 65877692 total, 50424672 free,  1309152 used, 14143868 buff/cache
KiB Swap: 33554428 total, 31913436 free,  1640992 used. 63267192 avail Mem 
--
top - 15:07:33 up 112 days,  6:51,  0 users,  load average: 0.46, 0.16, 0.15
Tasks: 396 total,   2 running, 394 sleeping,   0 stopped,   0 zombie
%Cpu(s):  2.8 us,  0.3 sy,  0.0 ni, 96.8 id,  0.0 wa,  0.0 hi,  0.1 si,  0.0 st
KiB Mem : 65877692 total, 49901108 free,  1310704 used, 14665880 buff/cache
KiB Swap: 33554428 total, 31913436 free,  1640992 used. 63259048 avail Mem 
--
top - 15:07:38 up 112 days,  6:51,  0 users,  load average: 0.51, 0.17, 0.16
Tasks: 397 total,   2 running, 395 sleeping,   0 stopped,   0 zombie
%Cpu(s):  2.8 us,  0.3 sy,  0.0 ni, 96.8 id,  0.0 wa,  0.0 hi,  0.1 si,  0.0 st
KiB Mem : 65877692 total, 49390332 free,  1313536 used, 15173824 buff/cache
KiB Swap: 33554428 total, 31913436 free,  1640992 used. 63249544 avail Mem 
--
top - 15:07:43 up 112 days,  6:51,  0 users,  load average: 0.55, 0.18, 0.16
Tasks: 397 total,   2 running, 395 sleeping,   0 stopped,   0 zombie
%Cpu(s):  2.8 us,  0.2 sy,  0.0 ni, 96.8 id,  0.0 wa,  0.0 hi,  0.1 si,  0.0 st
KiB Mem : 65877692 total, 48868104 free,  1421752 used, 15587836 buff/cache
KiB Swap: 33554428 total, 31913436 free,  1640992 used. 63135036 avail Mem 
--
top - 15:07:48 up 112 days,  6:51,  0 users,  load average: 0.58, 0.20, 0.17
Tasks: 397 total,   1 running, 396 sleeping,   0 stopped,   0 zombie
%Cpu(s):  1.7 us,  1.7 sy,  0.0 ni, 96.6 id,  0.0 wa,  0.0 hi,  0.0 si,  0.0 st
KiB Mem : 65877692 total, 47014892 free,  5086440 used, 13776360 buff/cache
KiB Swap: 33554428 total, 31913436 free,  1640992 used. 59496280 avail Mem 
--
top - 15:07:53 up 112 days,  6:51,  0 users,  load average: 0.54, 0.19, 0.17
Tasks: 397 total,   2 running, 395 sleeping,   0 stopped,   0 zombie
%Cpu(s):  2.5 us,  0.6 sy,  0.0 ni, 96.9 id,  0.0 wa,  0.0 hi,  0.0 si,  0.0 st
KiB Mem : 65877692 total, 48293560 free,  5143132 used, 12441000 buff/cache
KiB Swap: 33554428 total, 31913436 free,  1640992 used. 59458176 avail Mem 
--
top - 15:07:58 up 112 days,  6:51,  0 users,  load average: 0.57, 0.21, 0.17
Tasks: 397 total,   2 running, 395 sleeping,   0 stopped,   0 zombie
%Cpu(s):  2.4 us,  0.5 sy,  0.0 ni, 97.1 id,  0.0 wa,  0.0 hi,  0.0 si,  0.0 st
KiB Mem : 65877692 total, 48106976 free,  5329716 used, 12441000 buff/cache
KiB Swap: 33554428 total, 31913436 free,  1640992 used. 59271592 avail Mem 
--
top - 15:08:03 up 112 days,  6:51,  0 users,  load average: 0.53, 0.20, 0.17
Tasks: 397 total,   2 running, 395 sleeping,   0 stopped,   0 zombie
%Cpu(s):  2.7 us,  0.7 sy,  0.0 ni, 96.2 id,  0.3 wa,  0.0 hi,  0.0 si,  0.0 st
KiB Mem : 65877692 total, 48576916 free,  4860568 used, 12440208 buff/cache
KiB Swap: 33554428 total, 31913436 free,  1640992 used. 59739536 avail Mem 
--
top - 15:08:08 up 112 days,  6:52,  0 users,  load average: 0.56, 0.22, 0.17
Tasks: 397 total,   2 running, 395 sleeping,   0 stopped,   0 zombie
%Cpu(s):  2.4 us,  0.4 sy,  0.0 ni, 97.2 id,  0.0 wa,  0.0 hi,  0.0 si,  0.0 st
KiB Mem : 65877692 total, 48699752 free,  4737732 used, 12440208 buff/cache
KiB Swap: 33554428 total, 31913436 free,  1640992 used. 59862372 avail Mem 
--
top - 15:08:13 up 112 days,  6:52,  0 users,  load average: 0.52, 0.21, 0.17
Tasks: 397 total,   1 running, 396 sleeping,   0 stopped,   0 zombie
%Cpu(s):  1.1 us,  0.3 sy,  0.0 ni, 98.5 id,  0.0 wa,  0.0 hi,  0.0 si,  0.0 st
KiB Mem : 65877692 total, 48708068 free,  4729416 used, 12440208 buff/cache
KiB Swap: 33554428 total, 31913436 free,  1640992 used. 59870688 avail Mem 
--
top - 15:08:18 up 112 days,  6:52,  0 users,  load average: 0.48, 0.21, 0.17
Tasks: 397 total,   1 running, 396 sleeping,   0 stopped,   0 zombie
%Cpu(s):  0.1 us,  0.0 sy,  0.0 ni, 99.9 id,  0.0 wa,  0.0 hi,  0.0 si,  0.0 st
KiB Mem : 65877692 total, 48708068 free,  4729416 used, 12440208 buff/cache
KiB Swap: 33554428 total, 31913436 free,  1640992 used. 59870688 avail Mem 
--
top - 15:08:23 up 112 days,  6:52,  0 users,  load average: 0.44, 0.21, 0.17
Tasks: 397 total,   1 running, 396 sleeping,   0 stopped,   0 zombie
%Cpu(s):  0.1 us,  0.0 sy,  0.0 ni, 99.9 id,  0.0 wa,  0.0 hi,  0.0 si,  0.0 st
KiB Mem : 65877692 total, 48707760 free,  4729724 used, 12440208 buff/cache
KiB Swap: 33554428 total, 31913436 free,  1640992 used. 59870380 avail Mem 
--
top - 15:08:28 up 112 days,  6:52,  0 users,  load average: 0.40, 0.20, 0.17
Tasks: 397 total,   1 running, 396 sleeping,   0 stopped,   0 zombie
%Cpu(s):  0.1 us,  0.0 sy,  0.0 ni, 99.9 id,  0.0 wa,  0.0 hi,  0.0 si,  0.0 st
KiB Mem : 65877692 total, 48710296 free,  4727188 used, 12440208 buff/cache
KiB Swap: 33554428 total, 31913436 free,  1640992 used. 59872880 avail Mem 
--
top - 15:08:33 up 112 days,  6:52,  0 users,  load average: 0.45, 0.22, 0.17
Tasks: 397 total,   1 running, 396 sleeping,   0 stopped,   0 zombie
%Cpu(s):  0.1 us,  0.0 sy,  0.0 ni, 99.9 id,  0.0 wa,  0.0 hi,  0.0 si,  0.0 st
KiB Mem : 65877692 total, 48710604 free,  4726880 used, 12440208 buff/cache
KiB Swap: 33554428 total, 31913436 free,  1640992 used. 59873188 avail Mem 
--
top - 15:08:38 up 112 days,  6:52,  0 users,  load average: 0.42, 0.21, 0.17
Tasks: 397 total,   1 running, 396 sleeping,   0 stopped,   0 zombie
%Cpu(s):  0.1 us,  0.0 sy,  0.0 ni, 99.9 id,  0.0 wa,  0.0 hi,  0.0 si,  0.0 st
KiB Mem : 65877692 total, 48710604 free,  4726880 used, 12440208 buff/cache
KiB Swap: 33554428 total, 31913436 free,  1640992 used. 59873188 avail Mem 
--
top - 15:08:43 up 112 days,  6:52,  0 users,  load average: 0.38, 0.21, 0.17
Tasks: 397 total,   1 running, 396 sleeping,   0 stopped,   0 zombie
%Cpu(s):  0.1 us,  0.0 sy,  0.0 ni, 99.9 id,  0.0 wa,  0.0 hi,  0.0 si,  0.0 st
KiB Mem : 65877692 total, 48710356 free,  4727128 used, 12440208 buff/cache
KiB Swap: 33554428 total, 31913436 free,  1640992 used. 59872940 avail Mem 
--
top - 15:08:48 up 112 days,  6:52,  0 users,  load average: 0.35, 0.21, 0.17
Tasks: 397 total,   1 running, 396 sleeping,   0 stopped,   0 zombie
%Cpu(s):  0.1 us,  0.0 sy,  0.0 ni, 99.9 id,  0.0 wa,  0.0 hi,  0.0 si,  0.0 st
KiB Mem : 65877692 total, 48710356 free,  4727128 used, 12440208 buff/cache
KiB Swap: 33554428 total, 31913436 free,  1640992 used. 59872940 avail Mem 
--
top - 15:08:53 up 112 days,  6:52,  0 users,  load average: 0.32, 0.20, 0.17
Tasks: 397 total,   1 running, 396 sleeping,   0 stopped,   0 zombie
%Cpu(s):  0.1 us,  0.0 sy,  0.0 ni, 99.9 id,  0.0 wa,  0.0 hi,  0.0 si,  0.0 st
KiB Mem : 65877692 total, 48710284 free,  4727200 used, 12440208 buff/cache
KiB Swap: 33554428 total, 31913436 free,  1640992 used. 59872868 avail Mem 
--
top - 15:08:58 up 112 days,  6:52,  0 users,  load average: 0.38, 0.22, 0.17
Tasks: 397 total,   1 running, 396 sleeping,   0 stopped,   0 zombie
%Cpu(s):  0.1 us,  0.0 sy,  0.0 ni, 97.6 id,  2.4 wa,  0.0 hi,  0.0 si,  0.0 st
KiB Mem : 65877692 total, 48710284 free,  4727200 used, 12440208 buff/cache
KiB Swap: 33554428 total, 31913436 free,  1640992 used. 59872868 avail Mem 
--
top - 15:09:03 up 112 days,  6:52,  0 users,  load average: 0.91, 0.33, 0.21
Tasks: 397 total,   2 running, 395 sleeping,   0 stopped,   0 zombie
%Cpu(s):  2.4 us,  0.5 sy,  0.0 ni, 88.1 id,  8.9 wa,  0.0 hi,  0.1 si,  0.0 st
KiB Mem : 65877692 total, 48226640 free,  4732064 used, 12918988 buff/cache
KiB Swap: 33554428 total, 31913436 free,  1640992 used. 59861444 avail Mem 
--
top - 15:09:08 up 112 days,  6:53,  0 users,  load average: 0.92, 0.34, 0.22
Tasks: 396 total,   2 running, 394 sleeping,   0 stopped,   0 zombie
%Cpu(s):  2.5 us,  0.5 sy,  0.0 ni, 92.3 id,  4.6 wa,  0.0 hi,  0.1 si,  0.0 st
KiB Mem : 65877692 total, 47703860 free,  4731620 used, 13442212 buff/cache
KiB Swap: 33554428 total, 31913436 free,  1640992 used. 59855096 avail Mem 
--
top - 15:09:13 up 112 days,  6:53,  0 users,  load average: 0.92, 0.35, 0.22
Tasks: 396 total,   2 running, 394 sleeping,   0 stopped,   0 zombie
%Cpu(s):  2.5 us,  0.5 sy,  0.0 ni, 96.9 id,  0.0 wa,  0.0 hi,  0.1 si,  0.0 st
KiB Mem : 65877692 total, 47219244 free,  4730804 used, 13927644 buff/cache
KiB Swap: 33554428 total, 31913436 free,  1640992 used. 59849832 avail Mem 
--
top - 15:09:18 up 112 days,  6:53,  0 users,  load average: 0.93, 0.36, 0.22
Tasks: 396 total,   1 running, 395 sleeping,   0 stopped,   0 zombie
%Cpu(s):  2.5 us,  0.5 sy,  0.0 ni, 96.8 id,  0.0 wa,  0.0 hi,  0.1 si,  0.0 st
KiB Mem : 65877692 total, 46740252 free,  4731460 used, 14405980 buff/cache
KiB Swap: 33554428 total, 31913436 free,  1640992 used. 59841972 avail Mem 
--
top - 15:09:23 up 112 days,  6:53,  0 users,  load average: 0.93, 0.37, 0.23
Tasks: 396 total,   1 running, 395 sleeping,   0 stopped,   0 zombie
%Cpu(s):  2.5 us,  0.5 sy,  0.0 ni, 96.8 id,  0.0 wa,  0.0 hi,  0.1 si,  0.0 st
KiB Mem : 65877692 total, 46246520 free,  4731788 used, 14899384 buff/cache
KiB Swap: 33554428 total, 31913436 free,  1640992 used. 59835168 avail Mem 
--
top - 15:09:28 up 112 days,  6:53,  0 users,  load average: 0.94, 0.38, 0.23
Tasks: 396 total,   2 running, 394 sleeping,   0 stopped,   0 zombie
%Cpu(s):  2.5 us,  0.5 sy,  0.0 ni, 96.9 id,  0.0 wa,  0.0 hi,  0.1 si,  0.0 st
KiB Mem : 65877692 total, 45755880 free,  4731560 used, 15390252 buff/cache
KiB Swap: 33554428 total, 31913436 free,  1640992 used. 59829008 avail Mem 
--
top - 15:09:33 up 112 days,  6:53,  0 users,  load average: 0.95, 0.39, 0.24
Tasks: 396 total,   2 running, 394 sleeping,   0 stopped,   0 zombie
%Cpu(s):  1.7 us,  1.6 sy,  0.0 ni, 96.2 id,  0.5 wa,  0.0 hi,  0.0 si,  0.0 st
KiB Mem : 65877692 total, 43227640 free,  7906424 used, 14743628 buff/cache
KiB Swap: 33554428 total, 31913436 free,  1640992 used. 56662680 avail Mem 
--
top - 15:09:38 up 112 days,  6:53,  0 users,  load average: 0.95, 0.40, 0.24
Tasks: 396 total,   2 running, 394 sleeping,   0 stopped,   0 zombie
%Cpu(s):  2.3 us,  0.8 sy,  0.0 ni, 96.9 id,  0.0 wa,  0.0 hi,  0.0 si,  0.0 st
KiB Mem : 65877692 total, 45492652 free,  7944736 used, 12440304 buff/cache
KiB Swap: 33554428 total, 31913436 free,  1640992 used. 56655776 avail Mem 
--
top - 15:09:43 up 112 days,  6:53,  0 users,  load average: 0.95, 0.41, 0.24
Tasks: 396 total,   1 running, 395 sleeping,   0 stopped,   0 zombie
%Cpu(s):  2.3 us,  0.5 sy,  0.0 ni, 97.1 id,  0.0 wa,  0.0 hi,  0.0 si,  0.0 st
KiB Mem : 65877692 total, 45099440 free,  8337948 used, 12440304 buff/cache
KiB Swap: 33554428 total, 31913436 free,  1640992 used. 56262564 avail Mem 
--
top - 15:09:48 up 112 days,  6:53,  0 users,  load average: 0.96, 0.42, 0.25
Tasks: 396 total,   2 running, 394 sleeping,   0 stopped,   0 zombie
%Cpu(s):  2.4 us,  0.4 sy,  0.0 ni, 97.1 id,  0.0 wa,  0.0 hi,  0.0 si,  0.0 st
KiB Mem : 65877692 total, 45522952 free,  7914436 used, 12440304 buff/cache
KiB Swap: 33554428 total, 31913436 free,  1640992 used. 56686076 avail Mem 
--
top - 15:09:53 up 112 days,  6:53,  0 users,  load average: 0.88, 0.42, 0.25
Tasks: 396 total,   2 running, 394 sleeping,   0 stopped,   0 zombie
%Cpu(s):  2.4 us,  0.5 sy,  0.0 ni, 97.1 id,  0.0 wa,  0.0 hi,  0.0 si,  0.0 st
KiB Mem : 65877692 total, 45523732 free,  7913656 used, 12440304 buff/cache
KiB Swap: 33554428 total, 31913436 free,  1640992 used. 56686856 avail Mem 
--
top - 15:09:58 up 112 days,  6:53,  0 users,  load average: 0.89, 0.43, 0.25
Tasks: 396 total,   2 running, 394 sleeping,   0 stopped,   0 zombie
%Cpu(s):  2.1 us,  0.4 sy,  0.0 ni, 97.4 id,  0.0 wa,  0.0 hi,  0.0 si,  0.0 st
KiB Mem : 65877692 total, 45479676 free,  7957712 used, 12440304 buff/cache
KiB Swap: 33554428 total, 31913436 free,  1640992 used. 56642800 avail Mem 
--
top - 15:10:03 up 112 days,  6:53,  0 users,  load average: 0.82, 0.42, 0.25
Tasks: 400 total,   1 running, 399 sleeping,   0 stopped,   0 zombie
%Cpu(s):  0.8 us,  0.3 sy,  0.0 ni, 98.5 id,  0.3 wa,  0.0 hi,  0.0 si,  0.0 st
KiB Mem : 65877692 total, 45479864 free,  7957464 used, 12440364 buff/cache
KiB Swap: 33554428 total, 31913436 free,  1640992 used. 56642528 avail Mem 
--
top - 15:10:08 up 112 days,  6:54,  0 users,  load average: 0.75, 0.41, 0.25
Tasks: 400 total,   1 running, 399 sleeping,   0 stopped,   0 zombie
%Cpu(s):  0.1 us,  0.0 sy,  0.0 ni, 99.9 id,  0.0 wa,  0.0 hi,  0.0 si,  0.0 st
KiB Mem : 65877692 total, 45479608 free,  7957720 used, 12440364 buff/cache
KiB Swap: 33554428 total, 31913436 free,  1640992 used. 56642272 avail Mem 
--
top - 15:10:13 up 112 days,  6:54,  0 users,  load average: 0.69, 0.40, 0.25
Tasks: 400 total,   1 running, 399 sleeping,   0 stopped,   0 zombie
%Cpu(s):  0.0 us,  0.0 sy,  0.0 ni, 99.9 id,  0.0 wa,  0.0 hi,  0.0 si,  0.0 st
KiB Mem : 65877692 total, 45479508 free,  7957820 used, 12440364 buff/cache
KiB Swap: 33554428 total, 31913436 free,  1640992 used. 56642172 avail Mem 
--
top - 15:10:18 up 112 days,  6:54,  0 users,  load average: 0.64, 0.40, 0.25
Tasks: 400 total,   1 running, 399 sleeping,   0 stopped,   0 zombie
%Cpu(s):  0.1 us,  0.0 sy,  0.0 ni, 99.9 id,  0.0 wa,  0.0 hi,  0.0 si,  0.0 st
KiB Mem : 65877692 total, 45479508 free,  7957820 used, 12440364 buff/cache
KiB Swap: 33554428 total, 31913436 free,  1640992 used. 56642172 avail Mem 
--
top - 15:10:23 up 112 days,  6:54,  0 users,  load average: 0.59, 0.39, 0.24
Tasks: 400 total,   1 running, 399 sleeping,   0 stopped,   0 zombie
%Cpu(s):  0.1 us,  0.0 sy,  0.0 ni, 99.9 id,  0.0 wa,  0.0 hi,  0.0 si,  0.0 st
KiB Mem : 65877692 total, 45478832 free,  7958496 used, 12440364 buff/cache
KiB Swap: 33554428 total, 31913436 free,  1640992 used. 56641496 avail Mem 
--
top - 15:10:28 up 112 days,  6:54,  0 users,  load average: 0.54, 0.38, 0.24
Tasks: 400 total,   1 running, 399 sleeping,   0 stopped,   0 zombie
%Cpu(s):  0.1 us,  0.0 sy,  0.0 ni, 99.9 id,  0.0 wa,  0.0 hi,  0.0 si,  0.0 st
KiB Mem : 65877692 total, 45479404 free,  7957976 used, 12440312 buff/cache
KiB Swap: 33554428 total, 31913436 free,  1640992 used. 56642068 avail Mem 
--
top - 15:10:33 up 112 days,  6:54,  0 users,  load average: 0.50, 0.38, 0.24
Tasks: 400 total,   1 running, 399 sleeping,   0 stopped,   0 zombie
%Cpu(s):  0.1 us,  0.0 sy,  0.0 ni, 99.9 id,  0.0 wa,  0.0 hi,  0.0 si,  0.0 st
KiB Mem : 65877692 total, 45479900 free,  7957480 used, 12440312 buff/cache
KiB Swap: 33554428 total, 31913436 free,  1640992 used. 56642564 avail Mem 
--
top - 15:10:38 up 112 days,  6:54,  0 users,  load average: 0.46, 0.37, 0.24
Tasks: 400 total,   1 running, 399 sleeping,   0 stopped,   0 zombie
%Cpu(s):  0.1 us,  0.0 sy,  0.0 ni, 99.9 id,  0.0 wa,  0.0 hi,  0.0 si,  0.0 st
KiB Mem : 65877692 total, 45480024 free,  7957356 used, 12440312 buff/cache
KiB Swap: 33554428 total, 31913436 free,  1640992 used. 56642688 avail Mem 
--
top - 15:10:43 up 112 days,  6:54,  0 users,  load average: 0.42, 0.37, 0.24
Tasks: 400 total,   1 running, 399 sleeping,   0 stopped,   0 zombie
%Cpu(s):  0.1 us,  0.0 sy,  0.0 ni, 99.9 id,  0.0 wa,  0.0 hi,  0.0 si,  0.0 st
KiB Mem : 65877692 total, 45480024 free,  7957352 used, 12440316 buff/cache
KiB Swap: 33554428 total, 31913436 free,  1640992 used. 56642688 avail Mem 
--
top - 15:10:48 up 112 days,  6:54,  0 users,  load average: 0.47, 0.38, 0.24
Tasks: 400 total,   2 running, 398 sleeping,   0 stopped,   0 zombie
%Cpu(s):  1.6 us,  0.2 sy,  0.0 ni, 98.2 id,  0.0 wa,  0.0 hi,  0.0 si,  0.0 st
KiB Mem : 65877692 total, 45292064 free,  7963392 used, 12622236 buff/cache
KiB Swap: 33554428 total, 31913436 free,  1640992 used. 56633704 avail Mem 
--
top - 15:10:53 up 112 days,  6:54,  0 users,  load average: 0.51, 0.39, 0.25
Tasks: 400 total,   2 running, 398 sleeping,   0 stopped,   0 zombie
%Cpu(s):  2.7 us,  0.4 sy,  0.0 ni, 96.6 id,  0.2 wa,  0.0 hi,  0.1 si,  0.0 st
KiB Mem : 65877692 total, 44940428 free,  7963784 used, 12973480 buff/cache
KiB Swap: 33554428 total, 31913436 free,  1640992 used. 56628692 avail Mem 
--
top - 15:10:58 up 112 days,  6:54,  0 users,  load average: 0.63, 0.41, 0.25
Tasks: 400 total,   2 running, 398 sleeping,   0 stopped,   0 zombie
%Cpu(s):  2.7 us,  0.4 sy,  0.0 ni, 96.2 id,  0.6 wa,  0.0 hi,  0.1 si,  0.0 st
KiB Mem : 65877692 total, 44595768 free,  7963500 used, 13318424 buff/cache
KiB Swap: 33554428 total, 31913436 free,  1640992 used. 56624332 avail Mem 
--
top - 15:11:03 up 112 days,  6:54,  0 users,  load average: 0.66, 0.42, 0.26
Tasks: 400 total,   2 running, 398 sleeping,   0 stopped,   0 zombie
%Cpu(s):  2.8 us,  0.3 sy,  0.0 ni, 96.9 id,  0.0 wa,  0.0 hi,  0.1 si,  0.0 st
KiB Mem : 65877692 total, 44252044 free,  7962756 used, 13662892 buff/cache
KiB Swap: 33554428 total, 31913436 free,  1640992 used. 56620624 avail Mem 
--
top - 15:11:08 up 112 days,  6:55,  0 users,  load average: 0.69, 0.43, 0.26
Tasks: 397 total,   1 running, 396 sleeping,   0 stopped,   0 zombie
%Cpu(s):  2.7 us,  0.3 sy,  0.0 ni, 96.8 id,  0.1 wa,  0.0 hi,  0.1 si,  0.0 st
KiB Mem : 65877692 total, 43907636 free,  7961128 used, 14008928 buff/cache
KiB Swap: 33554428 total, 31913436 free,  1640992 used. 56617116 avail Mem 
--
top - 15:11:13 up 112 days,  6:55,  0 users,  load average: 0.71, 0.44, 0.27
Tasks: 397 total,   2 running, 395 sleeping,   0 stopped,   0 zombie
%Cpu(s):  2.7 us,  0.3 sy,  0.0 ni, 96.8 id,  0.0 wa,  0.0 hi,  0.1 si,  0.0 st
KiB Mem : 65877692 total, 43551228 free,  7961080 used, 14365384 buff/cache
KiB Swap: 33554428 total, 31913436 free,  1640992 used. 56612652 avail Mem 
--
top - 15:11:18 up 112 days,  6:55,  0 users,  load average: 0.73, 0.45, 0.27
Tasks: 397 total,   2 running, 395 sleeping,   0 stopped,   0 zombie
%Cpu(s):  2.8 us,  0.3 sy,  0.0 ni, 96.8 id,  0.0 wa,  0.0 hi,  0.0 si,  0.0 st
KiB Mem : 65877692 total, 43186284 free,  7961724 used, 14729684 buff/cache
KiB Swap: 33554428 total, 31913436 free,  1640992 used. 56607416 avail Mem 
--
top - 15:11:23 up 112 days,  6:55,  0 users,  load average: 0.76, 0.46, 0.27
Tasks: 395 total,   2 running, 393 sleeping,   0 stopped,   0 zombie
%Cpu(s):  2.8 us,  0.3 sy,  0.0 ni, 96.8 id,  0.0 wa,  0.0 hi,  0.1 si,  0.0 st
KiB Mem : 65877692 total, 42830448 free,  7960656 used, 15086588 buff/cache
KiB Swap: 33554428 total, 31913436 free,  1640992 used. 56602668 avail Mem 
--
top - 15:11:28 up 112 days,  6:55,  0 users,  load average: 0.77, 0.47, 0.28
Tasks: 395 total,   2 running, 393 sleeping,   0 stopped,   0 zombie
%Cpu(s):  2.8 us,  0.4 sy,  0.0 ni, 96.3 id,  0.5 wa,  0.0 hi,  0.1 si,  0.0 st
KiB Mem : 65877692 total, 42486352 free,  7960908 used, 15430432 buff/cache
KiB Swap: 33554428 total, 31913436 free,  1640992 used. 56598384 avail Mem 
--
top - 15:11:33 up 112 days,  6:55,  0 users,  load average: 0.79, 0.48, 0.28
Tasks: 395 total,   2 running, 393 sleeping,   0 stopped,   0 zombie
%Cpu(s):  2.3 us,  0.8 sy,  0.0 ni, 96.2 id,  0.6 wa,  0.0 hi,  0.0 si,  0.0 st
KiB Mem : 65877692 total, 41039036 free,  9213468 used, 15625188 buff/cache
KiB Swap: 33554428 total, 31913436 free,  1640992 used. 55341284 avail Mem 
--
top - 15:11:38 up 112 days,  6:55,  0 users,  load average: 0.89, 0.50, 0.29
Tasks: 395 total,   2 running, 393 sleeping,   0 stopped,   0 zombie
%Cpu(s):  1.8 us,  1.6 sy,  0.0 ni, 95.1 id,  1.4 wa,  0.0 hi,  0.0 si,  0.0 st
KiB Mem : 65877692 total, 42125868 free, 11308484 used, 12443340 buff/cache
KiB Swap: 33554428 total, 31913436 free,  1640992 used. 53291596 avail Mem 
--
top - 15:11:44 up 112 days,  6:55,  0 users,  load average: 0.90, 0.51, 0.30
Tasks: 395 total,   1 running, 394 sleeping,   0 stopped,   0 zombie
%Cpu(s):  2.3 us,  0.5 sy,  0.0 ni, 97.2 id,  0.0 wa,  0.0 hi,  0.0 si,  0.0 st
KiB Mem : 65877692 total, 42130804 free, 11306272 used, 12440616 buff/cache
KiB Swap: 33554428 total, 31913436 free,  1640992 used. 53293600 avail Mem 
--
top - 15:11:49 up 112 days,  6:55,  0 users,  load average: 0.91, 0.52, 0.30
Tasks: 395 total,   2 running, 393 sleeping,   0 stopped,   0 zombie
%Cpu(s):  2.4 us,  0.4 sy,  0.0 ni, 97.1 id,  0.0 wa,  0.0 hi,  0.0 si,  0.0 st
KiB Mem : 65877692 total, 42254252 free, 11182836 used, 12440604 buff/cache
KiB Swap: 33554428 total, 31913456 free,  1640972 used. 53417048 avail Mem 
--
top - 15:11:54 up 112 days,  6:55,  0 users,  load average: 0.83, 0.51, 0.30
Tasks: 395 total,   2 running, 393 sleeping,   0 stopped,   0 zombie
%Cpu(s):  2.5 us,  0.5 sy,  0.0 ni, 97.0 id,  0.0 wa,  0.0 hi,  0.0 si,  0.0 st
KiB Mem : 65877692 total, 42057740 free, 11379348 used, 12440604 buff/cache
KiB Swap: 33554428 total, 31913456 free,  1640972 used. 53220536 avail Mem 
--
top - 15:11:59 up 112 days,  6:55,  0 users,  load average: 0.85, 0.52, 0.30
Tasks: 395 total,   1 running, 394 sleeping,   0 stopped,   0 zombie
%Cpu(s):  2.1 us,  0.5 sy,  0.0 ni, 97.3 id,  0.0 wa,  0.0 hi,  0.0 si,  0.0 st
KiB Mem : 65877692 total, 41992896 free, 11444192 used, 12440604 buff/cache
KiB Swap: 33554428 total, 31913456 free,  1640972 used. 53155692 avail Mem 
--
top - 15:12:04 up 112 days,  6:55,  0 users,  load average: 0.86, 0.53, 0.31
Tasks: 398 total,   1 running, 397 sleeping,   0 stopped,   0 zombie
%Cpu(s):  1.6 us,  0.5 sy,  0.0 ni, 97.6 id,  0.3 wa,  0.0 hi,  0.0 si,  0.0 st
KiB Mem : 65877692 total, 42298648 free, 11138428 used, 12440616 buff/cache
KiB Swap: 33554428 total, 31913456 free,  1640972 used. 53461448 avail Mem 
--
top - 15:12:09 up 112 days,  6:56,  0 users,  load average: 0.79, 0.52, 0.30
Tasks: 398 total,   1 running, 397 sleeping,   0 stopped,   0 zombie
%Cpu(s):  0.1 us,  0.0 sy,  0.0 ni, 99.9 id,  0.0 wa,  0.0 hi,  0.0 si,  0.0 st
KiB Mem : 65877692 total, 42298868 free, 11138208 used, 12440616 buff/cache
KiB Swap: 33554428 total, 31913456 free,  1640972 used. 53461668 avail Mem 
--
top - 15:12:14 up 112 days,  6:56,  0 users,  load average: 0.73, 0.51, 0.30
Tasks: 398 total,   1 running, 397 sleeping,   0 stopped,   0 zombie
%Cpu(s):  0.1 us,  0.0 sy,  0.0 ni, 99.9 id,  0.0 wa,  0.0 hi,  0.0 si,  0.0 st
KiB Mem : 65877692 total, 42298924 free, 11138152 used, 12440616 buff/cache
KiB Swap: 33554428 total, 31913456 free,  1640972 used. 53461724 avail Mem 
--
top - 15:12:19 up 112 days,  6:56,  0 users,  load average: 0.67, 0.50, 0.30
Tasks: 398 total,   2 running, 396 sleeping,   0 stopped,   0 zombie
%Cpu(s):  0.1 us,  0.0 sy,  0.0 ni, 99.9 id,  0.0 wa,  0.0 hi,  0.0 si,  0.0 st
KiB Mem : 65877692 total, 42298908 free, 11138168 used, 12440616 buff/cache
KiB Swap: 33554428 total, 31913456 free,  1640972 used. 53461708 avail Mem 
--
top - 15:12:24 up 112 days,  6:56,  0 users,  load average: 0.62, 0.49, 0.30
Tasks: 398 total,   1 running, 397 sleeping,   0 stopped,   0 zombie
%Cpu(s):  0.1 us,  0.0 sy,  0.0 ni, 99.8 id,  0.0 wa,  0.0 hi,  0.0 si,  0.0 st
KiB Mem : 65877692 total, 42298700 free, 11138376 used, 12440616 buff/cache
KiB Swap: 33554428 total, 31913456 free,  1640972 used. 53461500 avail Mem 
--
top - 15:12:29 up 112 days,  6:56,  0 users,  load average: 0.57, 0.49, 0.30
Tasks: 398 total,   1 running, 397 sleeping,   0 stopped,   0 zombie
%Cpu(s):  0.1 us,  0.0 sy,  0.0 ni, 99.9 id,  0.0 wa,  0.0 hi,  0.0 si,  0.0 st
KiB Mem : 65877692 total, 42300832 free, 11136244 used, 12440616 buff/cache
KiB Swap: 33554428 total, 31913456 free,  1640972 used. 53463632 avail Mem 
--
top - 15:12:34 up 112 days,  6:56,  0 users,  load average: 0.52, 0.48, 0.30
Tasks: 397 total,   1 running, 396 sleeping,   0 stopped,   0 zombie
%Cpu(s):  0.1 us,  0.0 sy,  0.0 ni, 99.9 id,  0.0 wa,  0.0 hi,  0.0 si,  0.0 st
KiB Mem : 65877692 total, 42301492 free, 11135584 used, 12440616 buff/cache
KiB Swap: 33554428 total, 31913456 free,  1640972 used. 53464292 avail Mem 
--
top - 15:12:39 up 112 days,  6:56,  0 users,  load average: 0.48, 0.47, 0.30
Tasks: 396 total,   1 running, 395 sleeping,   0 stopped,   0 zombie
%Cpu(s):  0.1 us,  0.0 sy,  0.0 ni, 99.9 id,  0.0 wa,  0.0 hi,  0.0 si,  0.0 st
KiB Mem : 65877692 total, 42302152 free, 11134920 used, 12440620 buff/cache
KiB Swap: 33554428 total, 31913456 free,  1640972 used. 53464952 avail Mem 
--
top - 15:12:44 up 112 days,  6:56,  0 users,  load average: 0.44, 0.46, 0.29
Tasks: 396 total,   1 running, 395 sleeping,   0 stopped,   0 zombie
%Cpu(s):  0.1 us,  0.0 sy,  0.0 ni, 99.9 id,  0.0 wa,  0.0 hi,  0.0 si,  0.0 st
KiB Mem : 65877692 total, 42301848 free, 11135224 used, 12440620 buff/cache
KiB Swap: 33554428 total, 31913456 free,  1640972 used. 53464648 avail Mem 
--
top - 15:12:49 up 112 days,  6:56,  0 users,  load average: 0.41, 0.45, 0.29
Tasks: 396 total,   1 running, 395 sleeping,   0 stopped,   0 zombie
%Cpu(s):  0.1 us,  0.0 sy,  0.0 ni, 99.9 id,  0.0 wa,  0.0 hi,  0.0 si,  0.0 st
KiB Mem : 65877692 total, 42301972 free, 11135100 used, 12440620 buff/cache
KiB Swap: 33554428 total, 31913456 free,  1640972 used. 53464772 avail Mem 
--
top - 15:12:54 up 112 days,  6:56,  0 users,  load average: 0.37, 0.45, 0.29
Tasks: 397 total,   2 running, 395 sleeping,   0 stopped,   0 zombie
%Cpu(s):  1.0 us,  0.2 sy,  0.0 ni, 98.7 id,  0.0 wa,  0.0 hi,  0.0 si,  0.0 st
KiB Mem : 65877692 total, 42137768 free, 11140928 used, 12598996 buff/cache
KiB Swap: 33554428 total, 31913456 free,  1640972 used. 53456708 avail Mem 
--
top - 15:12:59 up 112 days,  6:56,  0 users,  load average: 0.34, 0.44, 0.29
Tasks: 398 total,   2 running, 396 sleeping,   0 stopped,   0 zombie
%Cpu(s):  2.6 us,  0.5 sy,  0.0 ni, 96.6 id,  0.2 wa,  0.0 hi,  0.1 si,  0.0 st
KiB Mem : 65877692 total, 41705408 free, 11141312 used, 13030972 buff/cache
KiB Swap: 33554428 total, 31913456 free,  1640972 used. 53450820 avail Mem 
--
top - 15:13:04 up 112 days,  6:56,  0 users,  load average: 0.40, 0.45, 0.29
Tasks: 399 total,   2 running, 397 sleeping,   0 stopped,   0 zombie
%Cpu(s):  2.7 us,  0.5 sy,  0.0 ni, 96.2 id,  0.6 wa,  0.0 hi,  0.1 si,  0.0 st
KiB Mem : 65877692 total, 41289928 free, 11139512 used, 13448252 buff/cache
KiB Swap: 33554428 total, 31913456 free,  1640972 used. 53446988 avail Mem 
--
top - 15:13:09 up 112 days,  6:57,  0 users,  load average: 0.44, 0.46, 0.30
Tasks: 399 total,   2 running, 397 sleeping,   0 stopped,   0 zombie
%Cpu(s):  2.6 us,  0.5 sy,  0.0 ni, 96.8 id,  0.0 wa,  0.0 hi,  0.1 si,  0.0 st
KiB Mem : 65877692 total, 40848540 free, 11140104 used, 13889048 buff/cache
KiB Swap: 33554428 total, 31913456 free,  1640972 used. 53440512 avail Mem 
--
top - 15:13:14 up 112 days,  6:57,  0 users,  load average: 0.49, 0.47, 0.30
Tasks: 399 total,   2 running, 397 sleeping,   0 stopped,   0 zombie
%Cpu(s):  2.7 us,  0.4 sy,  0.0 ni, 96.8 id,  0.0 wa,  0.0 hi,  0.0 si,  0.0 st
KiB Mem : 65877692 total, 40433368 free, 11139040 used, 14305284 buff/cache
KiB Swap: 33554428 total, 31913456 free,  1640972 used. 53435184 avail Mem 
--
top - 15:13:19 up 112 days,  6:57,  0 users,  load average: 0.53, 0.47, 0.31
Tasks: 399 total,   2 running, 397 sleeping,   0 stopped,   0 zombie
%Cpu(s):  2.7 us,  0.4 sy,  0.0 ni, 96.8 id,  0.0 wa,  0.0 hi,  0.1 si,  0.0 st
KiB Mem : 65877692 total, 40017116 free, 11138068 used, 14722508 buff/cache
KiB Swap: 33554428 total, 31913456 free,  1640972 used. 53430776 avail Mem 
--
top - 15:13:24 up 112 days,  6:57,  0 users,  load average: 0.57, 0.48, 0.31
Tasks: 399 total,   2 running, 397 sleeping,   0 stopped,   0 zombie
%Cpu(s):  2.6 us,  0.5 sy,  0.0 ni, 96.8 id,  0.1 wa,  0.0 hi,  0.1 si,  0.0 st
KiB Mem : 65877692 total, 39450136 free, 11138732 used, 15288824 buff/cache
KiB Swap: 33554428 total, 31913456 free,  1640972 used. 53421896 avail Mem 
--
top - 15:13:29 up 112 days,  6:57,  0 users,  load average: 0.60, 0.49, 0.31
Tasks: 399 total,   2 running, 397 sleeping,   0 stopped,   0 zombie
%Cpu(s):  2.0 us,  1.1 sy,  0.0 ni, 96.7 id,  0.1 wa,  0.0 hi,  0.1 si,  0.0 st
KiB Mem : 65877692 total, 36995044 free, 13257428 used, 15625220 buff/cache
KiB Swap: 33554428 total, 31913456 free,  1640972 used. 51299580 avail Mem 
--
top - 15:13:34 up 112 days,  6:57,  0 users,  load average: 0.63, 0.50, 0.32
Tasks: 399 total,   2 running, 397 sleeping,   0 stopped,   0 zombie
%Cpu(s):  2.3 us,  1.1 sy,  0.0 ni, 96.5 id,  0.1 wa,  0.0 hi,  0.0 si,  0.0 st
KiB Mem : 65877692 total, 38834272 free, 14601912 used, 12441508 buff/cache
KiB Swap: 33554428 total, 31913456 free,  1640972 used. 49997584 avail Mem 
--
top - 15:13:39 up 112 days,  6:57,  0 users,  load average: 0.66, 0.51, 0.32
Tasks: 399 total,   1 running, 398 sleeping,   0 stopped,   0 zombie
%Cpu(s):  2.0 us,  0.5 sy,  0.0 ni, 97.5 id,  0.0 wa,  0.0 hi,  0.0 si,  0.0 st
KiB Mem : 65877692 total, 38675036 free, 14761832 used, 12440824 buff/cache
KiB Swap: 33554428 total, 31913456 free,  1640972 used. 49837940 avail Mem 
--
top - 15:13:44 up 112 days,  6:57,  0 users,  load average: 0.69, 0.52, 0.32
Tasks: 399 total,   2 running, 397 sleeping,   0 stopped,   0 zombie
%Cpu(s):  2.5 us,  0.5 sy,  0.0 ni, 97.0 id,  0.0 wa,  0.0 hi,  0.0 si,  0.0 st
KiB Mem : 65877692 total, 38941692 free, 14495176 used, 12440824 buff/cache
KiB Swap: 33554428 total, 31913456 free,  1640972 used. 50104596 avail Mem 
--
top - 15:13:49 up 112 days,  6:57,  0 users,  load average: 0.63, 0.51, 0.32
Tasks: 399 total,   3 running, 396 sleeping,   0 stopped,   0 zombie
%Cpu(s):  2.3 us,  0.4 sy,  0.0 ni, 97.3 id,  0.0 wa,  0.0 hi,  0.0 si,  0.0 st
KiB Mem : 65877692 total, 39006372 free, 14430496 used, 12440824 buff/cache
KiB Swap: 33554428 total, 31913456 free,  1640972 used. 50169276 avail Mem 
--
top - 15:13:54 up 112 days,  6:57,  0 users,  load average: 0.58, 0.50, 0.32
Tasks: 399 total,   2 running, 397 sleeping,   0 stopped,   0 zombie
%Cpu(s):  2.0 us,  0.4 sy,  0.0 ni, 97.5 id,  0.0 wa,  0.0 hi,  0.0 si,  0.0 st
KiB Mem : 65877692 total, 38644824 free, 14792044 used, 12440824 buff/cache
KiB Swap: 33554428 total, 31913456 free,  1640972 used. 49807728 avail Mem 
--
top - 15:13:59 up 112 days,  6:57,  0 users,  load average: 0.62, 0.51, 0.32
Tasks: 399 total,   1 running, 398 sleeping,   0 stopped,   0 zombie
%Cpu(s):  1.7 us,  0.4 sy,  0.0 ni, 97.8 id,  0.0 wa,  0.0 hi,  0.0 si,  0.0 st
KiB Mem : 65877692 total, 39036596 free, 14400272 used, 12440824 buff/cache
KiB Swap: 33554428 total, 31913456 free,  1640972 used. 50199500 avail Mem 
--
top - 15:14:04 up 112 days,  6:57,  0 users,  load average: 0.57, 0.50, 0.32
Tasks: 403 total,   1 running, 402 sleeping,   0 stopped,   0 zombie
%Cpu(s):  0.5 us,  0.2 sy,  0.0 ni, 98.9 id,  0.3 wa,  0.0 hi,  0.0 si,  0.0 st
KiB Mem : 65877692 total, 39037320 free, 14399548 used, 12440824 buff/cache
KiB Swap: 33554428 total, 31913456 free,  1640972 used. 50200228 avail Mem 
--
top - 15:14:09 up 112 days,  6:58,  0 users,  load average: 0.52, 0.49, 0.32
Tasks: 401 total,   1 running, 400 sleeping,   0 stopped,   0 zombie
%Cpu(s):  0.1 us,  0.0 sy,  0.0 ni, 99.9 id,  0.0 wa,  0.0 hi,  0.0 si,  0.0 st
KiB Mem : 65877692 total, 39037328 free, 14399540 used, 12440824 buff/cache
KiB Swap: 33554428 total, 31913456 free,  1640972 used. 50200236 avail Mem 
--
top - 15:14:14 up 112 days,  6:58,  0 users,  load average: 0.48, 0.48, 0.32
Tasks: 401 total,   1 running, 400 sleeping,   0 stopped,   0 zombie
%Cpu(s):  0.1 us,  0.0 sy,  0.0 ni, 99.9 id,  0.0 wa,  0.0 hi,  0.0 si,  0.0 st
KiB Mem : 65877692 total, 39037152 free, 14399716 used, 12440824 buff/cache
KiB Swap: 33554428 total, 31913456 free,  1640972 used. 50200060 avail Mem 
--
top - 15:14:19 up 112 days,  6:58,  0 users,  load average: 0.44, 0.48, 0.32
Tasks: 401 total,   1 running, 400 sleeping,   0 stopped,   0 zombie
%Cpu(s):  0.0 us,  0.0 sy,  0.0 ni, 99.9 id,  0.0 wa,  0.0 hi,  0.0 si,  0.0 st
KiB Mem : 65877692 total, 39037160 free, 14399708 used, 12440824 buff/cache
KiB Swap: 33554428 total, 31913456 free,  1640972 used. 50200068 avail Mem 
--
top - 15:14:24 up 112 days,  6:58,  0 users,  load average: 0.41, 0.47, 0.31
Tasks: 401 total,   1 running, 400 sleeping,   0 stopped,   0 zombie
%Cpu(s):  0.1 us,  0.0 sy,  0.0 ni, 99.9 id,  0.0 wa,  0.0 hi,  0.0 si,  0.0 st
KiB Mem : 65877692 total, 39037056 free, 14399812 used, 12440824 buff/cache
KiB Swap: 33554428 total, 31913456 free,  1640972 used. 50199964 avail Mem 
--
top - 15:14:29 up 112 days,  6:58,  0 users,  load average: 0.37, 0.46, 0.31
Tasks: 401 total,   1 running, 400 sleeping,   0 stopped,   0 zombie
%Cpu(s):  0.1 us,  0.0 sy,  0.0 ni, 99.9 id,  0.0 wa,  0.0 hi,  0.0 si,  0.0 st
KiB Mem : 65877692 total, 39038064 free, 14398800 used, 12440828 buff/cache
KiB Swap: 33554428 total, 31913456 free,  1640972 used. 50200976 avail Mem 
--
top - 15:14:34 up 112 days,  6:58,  0 users,  load average: 0.34, 0.45, 0.31
Tasks: 401 total,   1 running, 400 sleeping,   0 stopped,   0 zombie
%Cpu(s):  0.1 us,  0.0 sy,  0.0 ni, 99.9 id,  0.0 wa,  0.0 hi,  0.0 si,  0.0 st
KiB Mem : 65877692 total, 39037792 free, 14399072 used, 12440828 buff/cache
KiB Swap: 33554428 total, 31913456 free,  1640972 used. 50200704 avail Mem 
--
top - 15:14:39 up 112 days,  6:58,  0 users,  load average: 0.32, 0.45, 0.31
Tasks: 399 total,   1 running, 398 sleeping,   0 stopped,   0 zombie
%Cpu(s):  0.1 us,  0.0 sy,  0.0 ni, 99.9 id,  0.0 wa,  0.0 hi,  0.0 si,  0.0 st
KiB Mem : 65877692 total, 39036840 free, 14400024 used, 12440828 buff/cache
KiB Swap: 33554428 total, 31913456 free,  1640972 used. 50199752 avail Mem 
--
top - 15:14:44 up 112 days,  6:58,  0 users,  load average: 0.29, 0.44, 0.31
Tasks: 399 total,   1 running, 398 sleeping,   0 stopped,   0 zombie
%Cpu(s):  0.1 us,  0.0 sy,  0.0 ni, 99.9 id,  0.0 wa,  0.0 hi,  0.0 si,  0.0 st
KiB Mem : 65877692 total, 39036516 free, 14400348 used, 12440828 buff/cache
KiB Swap: 33554428 total, 31913456 free,  1640972 used. 50199428 avail Mem 
--
top - 15:14:49 up 112 days,  6:58,  0 users,  load average: 0.27, 0.43, 0.31
Tasks: 399 total,   1 running, 398 sleeping,   0 stopped,   0 zombie
%Cpu(s):  0.1 us,  0.0 sy,  0.0 ni, 99.9 id,  0.0 wa,  0.0 hi,  0.0 si,  0.0 st
KiB Mem : 65877692 total, 39036516 free, 14400348 used, 12440828 buff/cache
KiB Swap: 33554428 total, 31913456 free,  1640972 used. 50199428 avail Mem 
--
top - 15:14:54 up 112 days,  6:58,  0 users,  load average: 0.25, 0.42, 0.31
Tasks: 400 total,   1 running, 399 sleeping,   0 stopped,   0 zombie
%Cpu(s):  0.1 us,  0.0 sy,  0.0 ni, 99.9 id,  0.0 wa,  0.0 hi,  0.0 si,  0.0 st
KiB Mem : 65877692 total, 39035128 free, 14401736 used, 12440828 buff/cache
KiB Swap: 33554428 total, 31913456 free,  1640972 used. 50198040 avail Mem 
--
top - 15:14:59 up 112 days,  6:58,  0 users,  load average: 0.31, 0.43, 0.31
Tasks: 400 total,   2 running, 398 sleeping,   0 stopped,   0 zombie
%Cpu(s):  1.6 us,  0.2 sy,  0.0 ni, 98.1 id,  0.0 wa,  0.0 hi,  0.0 si,  0.0 st
KiB Mem : 65877692 total, 38841496 free, 14406492 used, 12629704 buff/cache
KiB Swap: 33554428 total, 31913456 free,  1640972 used. 50190084 avail Mem 
--
top - 15:15:04 up 112 days,  6:58,  0 users,  load average: 0.44, 0.46, 0.32
Tasks: 400 total,   1 running, 399 sleeping,   0 stopped,   0 zombie
%Cpu(s):  2.7 us,  0.4 sy,  0.0 ni, 96.6 id,  0.3 wa,  0.0 hi,  0.1 si,  0.0 st
KiB Mem : 65877692 total, 38487432 free, 14407144 used, 12983116 buff/cache
KiB Swap: 33554428 total, 31913456 free,  1640972 used. 50184660 avail Mem 
--
top - 15:15:09 up 112 days,  6:59,  0 users,  load average: 0.49, 0.47, 0.32
Tasks: 397 total,   2 running, 395 sleeping,   0 stopped,   0 zombie
%Cpu(s):  2.7 us,  0.4 sy,  0.0 ni, 96.3 id,  0.5 wa,  0.0 hi,  0.1 si,  0.0 st
KiB Mem : 65877692 total, 38145928 free, 14405896 used, 13325868 buff/cache
KiB Swap: 33554428 total, 31913456 free,  1640972 used. 50181764 avail Mem 
--
top - 15:15:14 up 112 days,  6:59,  0 users,  load average: 0.53, 0.48, 0.33
Tasks: 397 total,   2 running, 395 sleeping,   0 stopped,   0 zombie
%Cpu(s):  2.8 us,  0.3 sy,  0.0 ni, 96.8 id,  0.0 wa,  0.0 hi,  0.1 si,  0.0 st
KiB Mem : 65877692 total, 37801992 free, 14404504 used, 13671196 buff/cache
KiB Swap: 33554428 total, 31913456 free,  1640972 used. 50178056 avail Mem 
--
top - 15:15:19 up 112 days,  6:59,  0 users,  load average: 0.57, 0.49, 0.33
Tasks: 397 total,   2 running, 395 sleeping,   0 stopped,   0 zombie
%Cpu(s):  2.8 us,  0.3 sy,  0.0 ni, 96.8 id,  0.0 wa,  0.0 hi,  0.1 si,  0.0 st
KiB Mem : 65877692 total, 37455908 free, 14404076 used, 14017708 buff/cache
KiB Swap: 33554428 total, 31913456 free,  1640972 used. 50174568 avail Mem 
--
top - 15:15:24 up 112 days,  6:59,  0 users,  load average: 0.60, 0.49, 0.33
Tasks: 397 total,   1 running, 396 sleeping,   0 stopped,   0 zombie
%Cpu(s):  2.7 us,  0.4 sy,  0.0 ni, 96.8 id,  0.0 wa,  0.0 hi,  0.1 si,  0.0 st
KiB Mem : 65877692 total, 37097652 free, 14405200 used, 14374840 buff/cache
KiB Swap: 33554428 total, 31913456 free,  1640972 used. 50169048 avail Mem 
--
top - 15:15:29 up 112 days,  6:59,  0 users,  load average: 0.63, 0.50, 0.34
Tasks: 397 total,   2 running, 395 sleeping,   0 stopped,   0 zombie
%Cpu(s):  2.7 us,  0.4 sy,  0.0 ni, 96.8 id,  0.0 wa,  0.0 hi,  0.0 si,  0.0 st
KiB Mem : 65877692 total, 36672796 free, 14403448 used, 14801448 buff/cache
KiB Swap: 33554428 total, 31913456 free,  1640972 used. 50163996 avail Mem 
--
top - 15:15:34 up 112 days,  6:59,  0 users,  load average: 0.58, 0.49, 0.33
Tasks: 397 total,   2 running, 395 sleeping,   0 stopped,   0 zombie
%Cpu(s):  2.7 us,  0.4 sy,  0.0 ni, 96.9 id,  0.0 wa,  0.0 hi,  0.1 si,  0.0 st
KiB Mem : 65877692 total, 36226596 free, 14402844 used, 15248252 buff/cache
KiB Swap: 33554428 total, 31913456 free,  1640972 used. 50159680 avail Mem 
--
top - 15:15:39 up 112 days,  6:59,  0 users,  load average: 0.54, 0.49, 0.33
Tasks: 397 total,   2 running, 395 sleeping,   0 stopped,   0 zombie
%Cpu(s):  2.8 us,  0.3 sy,  0.0 ni, 96.2 id,  0.6 wa,  0.0 hi,  0.0 si,  0.0 st
KiB Mem : 65877692 total, 35890140 free, 14402476 used, 15585076 buff/cache
KiB Swap: 33554428 total, 31913456 free,  1640972 used. 50154952 avail Mem 
--
top - 15:15:44 up 112 days,  6:59,  0 users,  load average: 0.57, 0.49, 0.34
Tasks: 397 total,   3 running, 394 sleeping,   0 stopped,   0 zombie
%Cpu(s):  1.6 us,  1.7 sy,  0.0 ni, 96.0 id,  0.6 wa,  0.0 hi,  0.0 si,  0.0 st
KiB Mem : 65877692 total, 33183964 free, 18131680 used, 14562048 buff/cache
KiB Swap: 33554428 total, 31913456 free,  1640972 used. 46440212 avail Mem 
--
top - 15:15:50 up 112 days,  6:59,  0 users,  load average: 0.61, 0.50, 0.34
Tasks: 397 total,   2 running, 395 sleeping,   0 stopped,   0 zombie
%Cpu(s):  2.2 us,  0.9 sy,  0.0 ni, 96.9 id,  0.0 wa,  0.0 hi,  0.0 si,  0.0 st
KiB Mem : 65877692 total, 35731480 free, 17702804 used, 12443408 buff/cache
KiB Swap: 33554428 total, 31913456 free,  1640972 used. 46897752 avail Mem 
--
top - 15:15:55 up 112 days,  6:59,  0 users,  load average: 0.64, 0.51, 0.34
Tasks: 397 total,   2 running, 395 sleeping,   0 stopped,   0 zombie
%Cpu(s):  2.2 us,  0.6 sy,  0.0 ni, 97.2 id,  0.0 wa,  0.0 hi,  0.0 si,  0.0 st
KiB Mem : 65877692 total, 35555712 free, 17878572 used, 12443408 buff/cache
KiB Swap: 33554428 total, 31913456 free,  1640972 used. 46721984 avail Mem 
--
top - 15:16:00 up 112 days,  6:59,  0 users,  load average: 0.67, 0.52, 0.35
Tasks: 409 total,   5 running, 404 sleeping,   0 stopped,   0 zombie
%Cpu(s):  2.4 us,  0.6 sy,  0.0 ni, 97.0 id,  0.0 wa,  0.0 hi,  0.0 si,  0.0 st
KiB Mem : 65877692 total, 35591600 free, 17844788 used, 12441304 buff/cache
KiB Swap: 33554428 total, 31913456 free,  1640972 used. 46754756 avail Mem 
--
top - 15:16:05 up 112 days,  6:59,  0 users,  load average: 0.69, 0.53, 0.35
Tasks: 400 total,   2 running, 398 sleeping,   0 stopped,   0 zombie
%Cpu(s):  2.5 us,  0.6 sy,  0.0 ni, 96.4 id,  0.4 wa,  0.0 hi,  0.0 si,  0.0 st
KiB Mem : 65877692 total, 35533040 free, 17903348 used, 12441304 buff/cache
KiB Swap: 33554428 total, 31913456 free,  1640972 used. 46695748 avail Mem 
--
top - 15:16:10 up 112 days,  7:00,  0 users,  load average: 0.72, 0.53, 0.35
Tasks: 400 total,   1 running, 399 sleeping,   0 stopped,   0 zombie
%Cpu(s):  1.2 us,  0.2 sy,  0.0 ni, 98.5 id,  0.0 wa,  0.0 hi,  0.0 si,  0.0 st
KiB Mem : 65877692 total, 35794612 free, 17641772 used, 12441308 buff/cache
KiB Swap: 33554428 total, 31913456 free,  1640972 used. 46957768 avail Mem 
--
top - 15:16:15 up 112 days,  7:00,  0 users,  load average: 0.66, 0.53, 0.35
Tasks: 400 total,   1 running, 399 sleeping,   0 stopped,   0 zombie
%Cpu(s):  0.1 us,  0.0 sy,  0.0 ni, 99.9 id,  0.0 wa,  0.0 hi,  0.0 si,  0.0 st
KiB Mem : 65877692 total, 35794296 free, 17642088 used, 12441308 buff/cache
KiB Swap: 33554428 total, 31913456 free,  1640972 used. 46957452 avail Mem 
--
top - 15:16:20 up 112 days,  7:00,  0 users,  load average: 0.61, 0.52, 0.35
Tasks: 400 total,   1 running, 399 sleeping,   0 stopped,   0 zombie
%Cpu(s):  0.1 us,  0.0 sy,  0.0 ni, 99.9 id,  0.0 wa,  0.0 hi,  0.0 si,  0.0 st
KiB Mem : 65877692 total, 35794296 free, 17642088 used, 12441308 buff/cache
KiB Swap: 33554428 total, 31913456 free,  1640972 used. 46957452 avail Mem 
--
top - 15:16:25 up 112 days,  7:00,  0 users,  load average: 0.56, 0.51, 0.35
Tasks: 400 total,   1 running, 399 sleeping,   0 stopped,   0 zombie
%Cpu(s):  0.1 us,  0.0 sy,  0.0 ni, 99.9 id,  0.0 wa,  0.0 hi,  0.0 si,  0.0 st
KiB Mem : 65877692 total, 35793688 free, 17642696 used, 12441308 buff/cache
KiB Swap: 33554428 total, 31913456 free,  1640972 used. 46956844 avail Mem 
--
top - 15:16:30 up 112 days,  7:00,  0 users,  load average: 0.51, 0.50, 0.35
Tasks: 400 total,   1 running, 399 sleeping,   0 stopped,   0 zombie
%Cpu(s):  0.1 us,  0.0 sy,  0.0 ni, 99.9 id,  0.0 wa,  0.0 hi,  0.0 si,  0.0 st
KiB Mem : 65877692 total, 35793688 free, 17642696 used, 12441308 buff/cache
KiB Swap: 33554428 total, 31913456 free,  1640972 used. 46956844 avail Mem 
--
top - 15:16:35 up 112 days,  7:00,  0 users,  load average: 0.47, 0.49, 0.34
Tasks: 400 total,   1 running, 399 sleeping,   0 stopped,   0 zombie
%Cpu(s):  0.1 us,  0.0 sy,  0.0 ni, 99.8 id,  0.1 wa,  0.0 hi,  0.0 si,  0.0 st
KiB Mem : 65877692 total, 35794516 free, 17641868 used, 12441308 buff/cache
KiB Swap: 33554428 total, 31913456 free,  1640972 used. 46957676 avail Mem 
