Job id: 4755729
Worker ip: 10.149.0.56
Master ip: 10.149.0.68
--
top - 15:16:39 up 112 days,  6:58,  0 users,  load average: 0.04, 0.10, 0.14
Tasks: 395 total,   2 running, 393 sleeping,   0 stopped,   0 zombie
%Cpu(s):  3.4 us,  5.4 sy,  0.0 ni, 90.9 id,  0.0 wa,  0.0 hi,  0.4 si,  0.0 st
KiB Mem : 65877712 total, 52513656 free,  1130264 used, 12233792 buff/cache
KiB Swap: 33554428 total, 32294856 free,  1259572 used. 63416676 avail Mem 
--
top - 15:16:44 up 112 days,  6:58,  0 users,  load average: 0.04, 0.10, 0.14
Tasks: 396 total,   1 running, 395 sleeping,   0 stopped,   0 zombie
%Cpu(s):  1.6 us,  0.4 sy,  0.0 ni, 98.0 id,  0.0 wa,  0.0 hi,  0.0 si,  0.0 st
KiB Mem : 65877712 total, 52494808 free,  1143436 used, 12239468 buff/cache
KiB Swap: 33554428 total, 32294856 free,  1259572 used. 63403404 avail Mem 
--
top - 15:16:50 up 112 days,  6:58,  0 users,  load average: 0.03, 0.10, 0.14
Tasks: 396 total,   2 running, 394 sleeping,   0 stopped,   0 zombie
%Cpu(s):  0.0 us,  0.0 sy,  0.0 ni, 99.9 id,  0.0 wa,  0.0 hi,  0.0 si,  0.0 st
KiB Mem : 65877712 total, 52495180 free,  1142692 used, 12239840 buff/cache
KiB Swap: 33554428 total, 32294856 free,  1259572 used. 63404092 avail Mem 
--
top - 15:16:55 up 112 days,  6:59,  0 users,  load average: 0.03, 0.10, 0.14
Tasks: 396 total,   1 running, 395 sleeping,   0 stopped,   0 zombie
%Cpu(s):  0.0 us,  0.0 sy,  0.0 ni,100.0 id,  0.0 wa,  0.0 hi,  0.0 si,  0.0 st
KiB Mem : 65877712 total, 52495180 free,  1142692 used, 12239840 buff/cache
KiB Swap: 33554428 total, 32294856 free,  1259572 used. 63404092 avail Mem 
--
top - 15:17:00 up 112 days,  6:59,  0 users,  load average: 0.03, 0.10, 0.13
Tasks: 396 total,   1 running, 395 sleeping,   0 stopped,   0 zombie
%Cpu(s):  0.0 us,  0.0 sy,  0.0 ni,100.0 id,  0.0 wa,  0.0 hi,  0.0 si,  0.0 st
KiB Mem : 65877712 total, 52495484 free,  1142376 used, 12239852 buff/cache
KiB Swap: 33554428 total, 32294856 free,  1259572 used. 63404396 avail Mem 
--
top - 15:17:05 up 112 days,  6:59,  0 users,  load average: 0.03, 0.10, 0.13
Tasks: 395 total,   1 running, 394 sleeping,   0 stopped,   0 zombie
%Cpu(s):  0.0 us,  0.0 sy,  0.0 ni, 99.9 id,  0.0 wa,  0.0 hi,  0.0 si,  0.0 st
KiB Mem : 65877712 total, 52495124 free,  1142332 used, 12240256 buff/cache
KiB Swap: 33554428 total, 32294856 free,  1259572 used. 63404152 avail Mem 
--
top - 15:17:10 up 112 days,  6:59,  0 users,  load average: 0.02, 0.09, 0.13
Tasks: 395 total,   1 running, 394 sleeping,   0 stopped,   0 zombie
%Cpu(s):  0.0 us,  0.0 sy,  0.0 ni, 99.9 id,  0.0 wa,  0.0 hi,  0.0 si,  0.0 st
KiB Mem : 65877712 total, 52494848 free,  1142488 used, 12240376 buff/cache
KiB Swap: 33554428 total, 32294856 free,  1259572 used. 63404148 avail Mem 
--
top - 15:17:15 up 112 days,  6:59,  0 users,  load average: 0.02, 0.09, 0.13
Tasks: 395 total,   1 running, 394 sleeping,   0 stopped,   0 zombie
%Cpu(s):  0.0 us,  0.0 sy,  0.0 ni, 99.9 id,  0.0 wa,  0.0 hi,  0.0 si,  0.0 st
KiB Mem : 65877712 total, 52494324 free,  1142996 used, 12240392 buff/cache
KiB Swap: 33554428 total, 32294856 free,  1259572 used. 63403640 avail Mem 
--
top - 15:17:20 up 112 days,  6:59,  0 users,  load average: 0.02, 0.09, 0.13
Tasks: 395 total,   1 running, 394 sleeping,   0 stopped,   0 zombie
%Cpu(s):  0.0 us,  0.0 sy,  0.0 ni,100.0 id,  0.0 wa,  0.0 hi,  0.0 si,  0.0 st
KiB Mem : 65877712 total, 52494324 free,  1142996 used, 12240392 buff/cache
KiB Swap: 33554428 total, 32294856 free,  1259572 used. 63403640 avail Mem 
--
top - 15:17:25 up 112 days,  6:59,  0 users,  load average: 0.02, 0.09, 0.13
Tasks: 395 total,   1 running, 394 sleeping,   0 stopped,   0 zombie
%Cpu(s):  0.0 us,  0.0 sy,  0.0 ni,100.0 id,  0.0 wa,  0.0 hi,  0.0 si,  0.0 st
KiB Mem : 65877712 total, 52494380 free,  1142928 used, 12240404 buff/cache
KiB Swap: 33554428 total, 32294856 free,  1259572 used. 63403696 avail Mem 
--
top - 15:17:30 up 112 days,  6:59,  0 users,  load average: 0.02, 0.09, 0.13
Tasks: 395 total,   1 running, 394 sleeping,   0 stopped,   0 zombie
%Cpu(s):  0.0 us,  0.0 sy,  0.0 ni,100.0 id,  0.0 wa,  0.0 hi,  0.0 si,  0.0 st
KiB Mem : 65877712 total, 52494380 free,  1142928 used, 12240404 buff/cache
KiB Swap: 33554428 total, 32294856 free,  1259572 used. 63403696 avail Mem 
--
top - 15:17:35 up 112 days,  6:59,  0 users,  load average: 0.02, 0.09, 0.13
Tasks: 395 total,   1 running, 394 sleeping,   0 stopped,   0 zombie
%Cpu(s):  0.0 us,  0.0 sy,  0.0 ni, 99.9 id,  0.0 wa,  0.0 hi,  0.0 si,  0.0 st
KiB Mem : 65877712 total, 52494364 free,  1142944 used, 12240404 buff/cache
KiB Swap: 33554428 total, 32294856 free,  1259572 used. 63403680 avail Mem 
--
top - 15:17:40 up 112 days,  6:59,  0 users,  load average: 0.01, 0.08, 0.13
Tasks: 393 total,   1 running, 392 sleeping,   0 stopped,   0 zombie
%Cpu(s):  0.0 us,  0.0 sy,  0.0 ni,100.0 id,  0.0 wa,  0.0 hi,  0.0 si,  0.0 st
KiB Mem : 65877712 total, 52494788 free,  1142520 used, 12240404 buff/cache
KiB Swap: 33554428 total, 32294856 free,  1259572 used. 63404104 avail Mem 
--
top - 15:17:45 up 112 days,  6:59,  0 users,  load average: 0.01, 0.08, 0.13
Tasks: 393 total,   1 running, 392 sleeping,   0 stopped,   0 zombie
%Cpu(s):  0.0 us,  0.0 sy,  0.0 ni,100.0 id,  0.0 wa,  0.0 hi,  0.0 si,  0.0 st
KiB Mem : 65877712 total, 52494788 free,  1142520 used, 12240404 buff/cache
KiB Swap: 33554428 total, 32294856 free,  1259572 used. 63404104 avail Mem 
--
top - 15:17:50 up 112 days,  6:59,  0 users,  load average: 0.01, 0.08, 0.13
Tasks: 393 total,   1 running, 392 sleeping,   0 stopped,   0 zombie
%Cpu(s):  0.0 us,  0.0 sy,  0.0 ni, 99.9 id,  0.0 wa,  0.0 hi,  0.0 si,  0.0 st
KiB Mem : 65877712 total, 52494788 free,  1142520 used, 12240404 buff/cache
KiB Swap: 33554428 total, 32294856 free,  1259572 used. 63404104 avail Mem 
--
top - 15:17:55 up 112 days,  7:00,  0 users,  load average: 0.01, 0.08, 0.13
Tasks: 393 total,   1 running, 392 sleeping,   0 stopped,   0 zombie
%Cpu(s):  0.1 us,  0.0 sy,  0.0 ni, 99.9 id,  0.0 wa,  0.0 hi,  0.0 si,  0.0 st
KiB Mem : 65877712 total, 52438120 free,  1199028 used, 12240564 buff/cache
KiB Swap: 33554428 total, 32294856 free,  1259572 used. 63347792 avail Mem 
--
top - 15:18:00 up 112 days,  7:00,  0 users,  load average: 0.09, 0.10, 0.13
Tasks: 397 total,   2 running, 395 sleeping,   0 stopped,   0 zombie
%Cpu(s):  0.4 us,  0.3 sy,  0.0 ni, 99.1 id,  0.1 wa,  0.0 hi,  0.0 si,  0.0 st
KiB Mem : 65877712 total, 52247272 free,  1389876 used, 12240564 buff/cache
KiB Swap: 33554428 total, 32294856 free,  1259572 used. 63156944 avail Mem 
--
top - 15:18:05 up 112 days,  7:00,  0 users,  load average: 0.08, 0.09, 0.13
Tasks: 393 total,   1 running, 392 sleeping,   0 stopped,   0 zombie
%Cpu(s):  0.3 us,  0.2 sy,  0.0 ni, 99.2 id,  0.2 wa,  0.0 hi,  0.0 si,  0.0 st
KiB Mem : 65877712 total, 51816948 free,  1820200 used, 12240564 buff/cache
KiB Swap: 33554428 total, 32294856 free,  1259572 used. 62726620 avail Mem 
--
top - 15:18:10 up 112 days,  7:00,  0 users,  load average: 0.08, 0.09, 0.13
Tasks: 394 total,   2 running, 392 sleeping,   0 stopped,   0 zombie
%Cpu(s):  0.2 us,  0.3 sy,  0.0 ni, 99.5 id,  0.0 wa,  0.0 hi,  0.0 si,  0.0 st
KiB Mem : 65877712 total, 51407816 free,  2229332 used, 12240564 buff/cache
KiB Swap: 33554428 total, 32294856 free,  1259572 used. 62317488 avail Mem 
--
top - 15:18:15 up 112 days,  7:00,  0 users,  load average: 0.39, 0.16, 0.15
Tasks: 394 total,   2 running, 392 sleeping,   0 stopped,   0 zombie
%Cpu(s): 16.6 us,  0.7 sy,  0.0 ni, 82.6 id,  0.0 wa,  0.0 hi,  0.0 si,  0.0 st
KiB Mem : 65877712 total, 48801508 free,  4835640 used, 12240564 buff/cache
KiB Swap: 33554428 total, 32294856 free,  1259572 used. 59711180 avail Mem 
--
top - 15:18:20 up 112 days,  7:00,  0 users,  load average: 0.44, 0.17, 0.16
Tasks: 394 total,   2 running, 392 sleeping,   0 stopped,   0 zombie
%Cpu(s):  6.1 us,  0.1 sy,  0.0 ni, 93.7 id,  0.0 wa,  0.0 hi,  0.0 si,  0.0 st
KiB Mem : 65877712 total, 48800552 free,  4836596 used, 12240564 buff/cache
KiB Swap: 33554428 total, 32294856 free,  1259572 used. 59710224 avail Mem 
--
top - 15:18:25 up 112 days,  7:00,  0 users,  load average: 0.56, 0.20, 0.17
Tasks: 394 total,   1 running, 393 sleeping,   0 stopped,   0 zombie
%Cpu(s):  5.5 us,  0.1 sy,  0.0 ni, 94.4 id,  0.0 wa,  0.0 hi,  0.0 si,  0.0 st
KiB Mem : 65877712 total, 51127508 free,  2509640 used, 12240564 buff/cache
KiB Swap: 33554428 total, 32294856 free,  1259572 used. 62038052 avail Mem 
--
top - 15:18:30 up 112 days,  7:00,  0 users,  load average: 0.52, 0.20, 0.17
Tasks: 394 total,   1 running, 393 sleeping,   0 stopped,   0 zombie
%Cpu(s):  0.1 us,  0.1 sy,  0.0 ni, 99.8 id,  0.0 wa,  0.0 hi,  0.0 si,  0.0 st
KiB Mem : 65877712 total, 51800628 free,  1836520 used, 12240564 buff/cache
KiB Swap: 33554428 total, 32294856 free,  1259572 used. 62710300 avail Mem 
--
top - 15:18:35 up 112 days,  7:00,  0 users,  load average: 0.48, 0.20, 0.17
Tasks: 394 total,   1 running, 393 sleeping,   0 stopped,   0 zombie
%Cpu(s):  0.0 us,  0.0 sy,  0.0 ni, 99.9 id,  0.0 wa,  0.0 hi,  0.0 si,  0.0 st
KiB Mem : 65877712 total, 51800408 free,  1836740 used, 12240564 buff/cache
KiB Swap: 33554428 total, 32294856 free,  1259572 used. 62710080 avail Mem 
--
top - 15:18:40 up 112 days,  7:00,  0 users,  load average: 0.44, 0.19, 0.17
Tasks: 395 total,   1 running, 394 sleeping,   0 stopped,   0 zombie
%Cpu(s):  0.0 us,  0.0 sy,  0.0 ni,100.0 id,  0.0 wa,  0.0 hi,  0.0 si,  0.0 st
KiB Mem : 65877712 total, 51800592 free,  1836556 used, 12240564 buff/cache
KiB Swap: 33554428 total, 32294856 free,  1259572 used. 62710264 avail Mem 
--
top - 15:18:45 up 112 days,  7:00,  0 users,  load average: 0.40, 0.19, 0.16
Tasks: 395 total,   1 running, 394 sleeping,   0 stopped,   0 zombie
%Cpu(s):  0.0 us,  0.0 sy,  0.0 ni, 99.9 id,  0.0 wa,  0.0 hi,  0.0 si,  0.0 st
KiB Mem : 65877712 total, 51801028 free,  1836120 used, 12240564 buff/cache
KiB Swap: 33554428 total, 32294856 free,  1259572 used. 62710700 avail Mem 
--
top - 15:18:50 up 112 days,  7:00,  0 users,  load average: 0.37, 0.19, 0.16
Tasks: 395 total,   1 running, 394 sleeping,   0 stopped,   0 zombie
%Cpu(s):  0.0 us,  0.0 sy,  0.0 ni, 99.9 id,  0.0 wa,  0.0 hi,  0.0 si,  0.0 st
KiB Mem : 65877712 total, 51801028 free,  1836120 used, 12240564 buff/cache
KiB Swap: 33554428 total, 32294856 free,  1259572 used. 62710700 avail Mem 
--
top - 15:18:55 up 112 days,  7:01,  0 users,  load average: 0.34, 0.18, 0.16
Tasks: 395 total,   1 running, 394 sleeping,   0 stopped,   0 zombie
%Cpu(s):  0.0 us,  0.0 sy,  0.0 ni, 99.9 id,  0.0 wa,  0.0 hi,  0.0 si,  0.0 st
KiB Mem : 65877712 total, 51800532 free,  1836616 used, 12240564 buff/cache
KiB Swap: 33554428 total, 32294856 free,  1259572 used. 62710204 avail Mem 
--
top - 15:19:00 up 112 days,  7:01,  0 users,  load average: 0.31, 0.18, 0.16
Tasks: 395 total,   1 running, 394 sleeping,   0 stopped,   0 zombie
%Cpu(s):  0.0 us,  0.0 sy,  0.0 ni, 99.9 id,  0.0 wa,  0.0 hi,  0.0 si,  0.0 st
KiB Mem : 65877712 total, 51800484 free,  1836664 used, 12240564 buff/cache
KiB Swap: 33554428 total, 32294856 free,  1259572 used. 62710156 avail Mem 
--
top - 15:19:05 up 112 days,  7:01,  0 users,  load average: 0.29, 0.18, 0.16
Tasks: 395 total,   1 running, 394 sleeping,   0 stopped,   0 zombie
%Cpu(s):  0.0 us,  0.0 sy,  0.0 ni, 99.9 id,  0.0 wa,  0.0 hi,  0.0 si,  0.0 st
KiB Mem : 65877712 total, 51800820 free,  1836328 used, 12240564 buff/cache
KiB Swap: 33554428 total, 32294856 free,  1259572 used. 62710492 avail Mem 
--
top - 15:19:10 up 112 days,  7:01,  0 users,  load average: 0.27, 0.17, 0.16
Tasks: 395 total,   1 running, 394 sleeping,   0 stopped,   0 zombie
%Cpu(s):  0.0 us,  0.0 sy,  0.0 ni, 99.9 id,  0.0 wa,  0.0 hi,  0.0 si,  0.0 st
KiB Mem : 65877712 total, 51799876 free,  1837272 used, 12240564 buff/cache
KiB Swap: 33554428 total, 32294856 free,  1259572 used. 62709548 avail Mem 
--
top - 15:19:15 up 112 days,  7:01,  0 users,  load average: 0.25, 0.17, 0.16
Tasks: 395 total,   1 running, 394 sleeping,   0 stopped,   0 zombie
%Cpu(s):  0.1 us,  0.0 sy,  0.0 ni, 99.9 id,  0.0 wa,  0.0 hi,  0.0 si,  0.0 st
KiB Mem : 65877712 total, 51798868 free,  1838280 used, 12240564 buff/cache
KiB Swap: 33554428 total, 32294856 free,  1259572 used. 62708540 avail Mem 
--
top - 15:19:20 up 112 days,  7:01,  0 users,  load average: 0.23, 0.17, 0.16
Tasks: 394 total,   1 running, 393 sleeping,   0 stopped,   0 zombie
%Cpu(s):  0.1 us,  0.0 sy,  0.0 ni, 99.9 id,  0.0 wa,  0.0 hi,  0.0 si,  0.0 st
KiB Mem : 65877712 total, 51799740 free,  1837408 used, 12240564 buff/cache
KiB Swap: 33554428 total, 32294856 free,  1259572 used. 62709412 avail Mem 
--
top - 15:19:25 up 112 days,  7:01,  0 users,  load average: 0.21, 0.16, 0.16
Tasks: 394 total,   1 running, 393 sleeping,   0 stopped,   0 zombie
%Cpu(s):  0.0 us,  0.0 sy,  0.0 ni, 99.9 id,  0.0 wa,  0.0 hi,  0.0 si,  0.0 st
KiB Mem : 65877712 total, 51799740 free,  1837408 used, 12240564 buff/cache
KiB Swap: 33554428 total, 32294856 free,  1259572 used. 62709412 avail Mem 
--
top - 15:19:30 up 112 days,  7:01,  0 users,  load average: 0.19, 0.16, 0.16
Tasks: 394 total,   1 running, 393 sleeping,   0 stopped,   0 zombie
%Cpu(s):  0.0 us,  0.0 sy,  0.0 ni, 99.9 id,  0.0 wa,  0.0 hi,  0.0 si,  0.0 st
KiB Mem : 65877712 total, 51799680 free,  1837468 used, 12240564 buff/cache
KiB Swap: 33554428 total, 32294856 free,  1259572 used. 62709352 avail Mem 
--
top - 15:19:35 up 112 days,  7:01,  0 users,  load average: 0.18, 0.16, 0.15
Tasks: 394 total,   1 running, 393 sleeping,   0 stopped,   0 zombie
%Cpu(s):  0.0 us,  0.1 sy,  0.0 ni, 99.9 id,  0.0 wa,  0.0 hi,  0.0 si,  0.0 st
KiB Mem : 65877712 total, 51778332 free,  1858808 used, 12240572 buff/cache
KiB Swap: 33554428 total, 32294856 free,  1259572 used. 62688012 avail Mem 
--
top - 15:19:40 up 112 days,  7:01,  0 users,  load average: 0.16, 0.16, 0.15
Tasks: 394 total,   2 running, 392 sleeping,   0 stopped,   0 zombie
%Cpu(s):  0.3 us,  0.2 sy,  0.0 ni, 99.5 id,  0.0 wa,  0.0 hi,  0.0 si,  0.0 st
KiB Mem : 65877712 total, 51515048 free,  2122092 used, 12240572 buff/cache
KiB Swap: 33554428 total, 32294856 free,  1259572 used. 62424728 avail Mem 
--
top - 15:19:45 up 112 days,  7:01,  0 users,  load average: 0.15, 0.15, 0.15
Tasks: 394 total,   1 running, 393 sleeping,   0 stopped,   0 zombie
%Cpu(s):  0.5 us,  0.4 sy,  0.0 ni, 99.1 id,  0.0 wa,  0.0 hi,  0.0 si,  0.0 st
KiB Mem : 65877712 total, 50917536 free,  2719604 used, 12240572 buff/cache
KiB Swap: 33554428 total, 32294856 free,  1259572 used. 61827216 avail Mem 
--
top - 15:19:50 up 112 days,  7:01,  0 users,  load average: 0.22, 0.17, 0.16
Tasks: 395 total,   1 running, 394 sleeping,   0 stopped,   0 zombie
%Cpu(s):  0.1 us,  0.1 sy,  0.0 ni, 99.7 id,  0.0 wa,  0.0 hi,  0.0 si,  0.0 st
KiB Mem : 65877712 total, 50627452 free,  3009688 used, 12240572 buff/cache
KiB Swap: 33554428 total, 32294856 free,  1259572 used. 61537132 avail Mem 
--
top - 15:19:55 up 112 days,  7:02,  0 users,  load average: 2.76, 0.70, 0.33
Tasks: 395 total,   1 running, 394 sleeping,   0 stopped,   0 zombie
%Cpu(s): 12.1 us,  1.1 sy,  0.0 ni, 86.8 id,  0.0 wa,  0.0 hi,  0.0 si,  0.0 st
KiB Mem : 65877712 total, 45080248 free,  8556892 used, 12240572 buff/cache
KiB Swap: 33554428 total, 32294856 free,  1259572 used. 55989928 avail Mem 
--
top - 15:20:00 up 112 days,  7:02,  0 users,  load average: 2.78, 0.73, 0.34
Tasks: 395 total,   1 running, 394 sleeping,   0 stopped,   0 zombie
%Cpu(s): 10.9 us,  0.2 sy,  0.0 ni, 88.5 id,  0.3 wa,  0.0 hi,  0.0 si,  0.0 st
KiB Mem : 65877712 total, 45529056 free,  8108172 used, 12240484 buff/cache
KiB Swap: 33554428 total, 32294856 free,  1259572 used. 56438692 avail Mem 
--
top - 15:20:05 up 112 days,  7:02,  0 users,  load average: 2.80, 0.77, 0.36
Tasks: 397 total,   1 running, 396 sleeping,   0 stopped,   0 zombie
%Cpu(s):  8.5 us,  0.1 sy,  0.0 ni, 91.0 id,  0.4 wa,  0.0 hi,  0.0 si,  0.0 st
KiB Mem : 65877712 total, 46588868 free,  7048352 used, 12240492 buff/cache
KiB Swap: 33554428 total, 32294856 free,  1259572 used. 57498512 avail Mem 
--
top - 15:20:10 up 112 days,  7:02,  0 users,  load average: 2.65, 0.78, 0.36
Tasks: 397 total,   1 running, 396 sleeping,   0 stopped,   0 zombie
%Cpu(s):  4.3 us,  0.0 sy,  0.0 ni, 95.6 id,  0.0 wa,  0.0 hi,  0.0 si,  0.0 st
KiB Mem : 65877712 total, 47836444 free,  5800768 used, 12240500 buff/cache
KiB Swap: 33554428 total, 32294856 free,  1259572 used. 58746092 avail Mem 
--
top - 15:20:15 up 112 days,  7:02,  0 users,  load average: 2.52, 0.78, 0.36
Tasks: 397 total,   2 running, 395 sleeping,   0 stopped,   0 zombie
%Cpu(s):  1.6 us,  0.2 sy,  0.0 ni, 98.2 id,  0.0 wa,  0.0 hi,  0.0 si,  0.0 st
KiB Mem : 65877712 total, 51099268 free,  2537940 used, 12240504 buff/cache
KiB Swap: 33554428 total, 32294856 free,  1259572 used. 62008916 avail Mem 
--
top - 15:20:20 up 112 days,  7:02,  0 users,  load average: 2.32, 0.77, 0.36
Tasks: 397 total,   1 running, 396 sleeping,   0 stopped,   0 zombie
%Cpu(s):  0.1 us,  0.0 sy,  0.0 ni, 99.9 id,  0.0 wa,  0.0 hi,  0.0 si,  0.0 st
KiB Mem : 65877712 total, 51099860 free,  2537348 used, 12240504 buff/cache
KiB Swap: 33554428 total, 32294856 free,  1259572 used. 62009508 avail Mem 
--
top - 15:20:25 up 112 days,  7:02,  0 users,  load average: 2.13, 0.75, 0.36
Tasks: 397 total,   1 running, 396 sleeping,   0 stopped,   0 zombie
%Cpu(s):  0.0 us,  0.0 sy,  0.0 ni, 99.9 id,  0.0 wa,  0.0 hi,  0.0 si,  0.0 st
KiB Mem : 65877712 total, 51089744 free,  2547464 used, 12240504 buff/cache
KiB Swap: 33554428 total, 32294856 free,  1259572 used. 61999392 avail Mem 
--
top - 15:20:30 up 112 days,  7:02,  0 users,  load average: 1.96, 0.74, 0.36
Tasks: 397 total,   1 running, 396 sleeping,   0 stopped,   0 zombie
%Cpu(s):  0.0 us,  0.0 sy,  0.0 ni, 99.9 id,  0.0 wa,  0.0 hi,  0.0 si,  0.0 st
KiB Mem : 65877712 total, 51089744 free,  2547464 used, 12240504 buff/cache
KiB Swap: 33554428 total, 32294856 free,  1259572 used. 61999392 avail Mem 
--
top - 15:20:35 up 112 days,  7:02,  0 users,  load average: 1.81, 0.73, 0.36
Tasks: 397 total,   1 running, 396 sleeping,   0 stopped,   0 zombie
%Cpu(s):  0.1 us,  0.0 sy,  0.0 ni, 99.9 id,  0.0 wa,  0.0 hi,  0.0 si,  0.0 st
KiB Mem : 65877712 total, 51089584 free,  2547624 used, 12240504 buff/cache
KiB Swap: 33554428 total, 32294856 free,  1259572 used. 61999232 avail Mem 
--
top - 15:20:40 up 112 days,  7:02,  0 users,  load average: 1.66, 0.72, 0.35
Tasks: 397 total,   1 running, 396 sleeping,   0 stopped,   0 zombie
%Cpu(s):  0.0 us,  0.0 sy,  0.0 ni, 99.9 id,  0.0 wa,  0.0 hi,  0.0 si,  0.0 st
KiB Mem : 65877712 total, 51090028 free,  2547180 used, 12240504 buff/cache
KiB Swap: 33554428 total, 32294856 free,  1259572 used. 61999676 avail Mem 
--
top - 15:20:45 up 112 days,  7:02,  0 users,  load average: 1.53, 0.71, 0.35
Tasks: 397 total,   1 running, 396 sleeping,   0 stopped,   0 zombie
%Cpu(s):  0.0 us,  0.0 sy,  0.0 ni, 99.9 id,  0.1 wa,  0.0 hi,  0.0 si,  0.0 st
KiB Mem : 65877712 total, 51090464 free,  2546744 used, 12240504 buff/cache
KiB Swap: 33554428 total, 32294856 free,  1259572 used. 62000112 avail Mem 
--
top - 15:20:50 up 112 days,  7:02,  0 users,  load average: 1.41, 0.69, 0.35
Tasks: 397 total,   1 running, 396 sleeping,   0 stopped,   0 zombie
%Cpu(s):  0.0 us,  0.0 sy,  0.0 ni, 99.9 id,  0.0 wa,  0.0 hi,  0.0 si,  0.0 st
KiB Mem : 65877712 total, 51089520 free,  2547688 used, 12240504 buff/cache
KiB Swap: 33554428 total, 32294856 free,  1259572 used. 61999168 avail Mem 
--
top - 15:20:55 up 112 days,  7:03,  0 users,  load average: 1.29, 0.68, 0.35
Tasks: 397 total,   1 running, 396 sleeping,   0 stopped,   0 zombie
%Cpu(s):  0.0 us,  0.0 sy,  0.0 ni, 99.9 id,  0.0 wa,  0.0 hi,  0.0 si,  0.0 st
KiB Mem : 65877712 total, 51089956 free,  2547252 used, 12240504 buff/cache
KiB Swap: 33554428 total, 32294856 free,  1259572 used. 61999604 avail Mem 
--
top - 15:21:00 up 112 days,  7:03,  0 users,  load average: 1.19, 0.67, 0.35
Tasks: 394 total,   1 running, 393 sleeping,   0 stopped,   0 zombie
%Cpu(s):  0.1 us,  0.0 sy,  0.0 ni, 99.9 id,  0.0 wa,  0.0 hi,  0.0 si,  0.0 st
KiB Mem : 65877712 total, 51089956 free,  2547252 used, 12240504 buff/cache
KiB Swap: 33554428 total, 32294856 free,  1259572 used. 61999604 avail Mem 
--
top - 15:21:06 up 112 days,  7:03,  0 users,  load average: 1.09, 0.66, 0.34
Tasks: 394 total,   1 running, 393 sleeping,   0 stopped,   0 zombie
%Cpu(s):  0.1 us,  0.0 sy,  0.0 ni, 99.9 id,  0.0 wa,  0.0 hi,  0.0 si,  0.0 st
KiB Mem : 65877712 total, 51090324 free,  2546884 used, 12240504 buff/cache
KiB Swap: 33554428 total, 32294856 free,  1259572 used. 61999972 avail Mem 
--
top - 15:21:11 up 112 days,  7:03,  0 users,  load average: 1.01, 0.65, 0.34
Tasks: 394 total,   1 running, 393 sleeping,   0 stopped,   0 zombie
%Cpu(s):  0.0 us,  0.0 sy,  0.0 ni, 99.9 id,  0.0 wa,  0.0 hi,  0.0 si,  0.0 st
KiB Mem : 65877712 total, 51089828 free,  2547380 used, 12240504 buff/cache
KiB Swap: 33554428 total, 32294856 free,  1259572 used. 61999476 avail Mem 
--
top - 15:21:16 up 112 days,  7:03,  0 users,  load average: 0.93, 0.64, 0.34
Tasks: 394 total,   1 running, 393 sleeping,   0 stopped,   0 zombie
%Cpu(s):  0.1 us,  0.0 sy,  0.0 ni, 99.9 id,  0.0 wa,  0.0 hi,  0.0 si,  0.0 st
KiB Mem : 65877712 total, 51090056 free,  2547152 used, 12240504 buff/cache
KiB Swap: 33554428 total, 32294856 free,  1259572 used. 61999704 avail Mem 
--
top - 15:21:21 up 112 days,  7:03,  0 users,  load average: 0.85, 0.63, 0.34
Tasks: 394 total,   1 running, 393 sleeping,   0 stopped,   0 zombie
%Cpu(s):  0.0 us,  0.0 sy,  0.0 ni, 99.9 id,  0.0 wa,  0.0 hi,  0.0 si,  0.0 st
KiB Mem : 65877712 total, 51090056 free,  2547152 used, 12240504 buff/cache
KiB Swap: 33554428 total, 32294856 free,  1259572 used. 61999704 avail Mem 
--
top - 15:21:26 up 112 days,  7:03,  0 users,  load average: 0.78, 0.62, 0.34
Tasks: 394 total,   1 running, 393 sleeping,   0 stopped,   0 zombie
%Cpu(s):  0.0 us,  0.0 sy,  0.0 ni, 99.9 id,  0.0 wa,  0.0 hi,  0.0 si,  0.0 st
KiB Mem : 65877712 total, 51089608 free,  2547600 used, 12240504 buff/cache
KiB Swap: 33554428 total, 32294856 free,  1259572 used. 61999256 avail Mem 
--
top - 15:21:31 up 112 days,  7:03,  0 users,  load average: 0.72, 0.61, 0.33
Tasks: 394 total,   1 running, 393 sleeping,   0 stopped,   0 zombie
%Cpu(s):  0.0 us,  0.0 sy,  0.0 ni, 99.9 id,  0.0 wa,  0.0 hi,  0.0 si,  0.0 st
KiB Mem : 65877712 total, 51089608 free,  2547600 used, 12240504 buff/cache
KiB Swap: 33554428 total, 32294856 free,  1259572 used. 61999256 avail Mem 
--
top - 15:21:36 up 112 days,  7:03,  0 users,  load average: 0.66, 0.60, 0.33
Tasks: 394 total,   1 running, 393 sleeping,   0 stopped,   0 zombie
%Cpu(s):  0.2 us,  0.3 sy,  0.0 ni, 99.5 id,  0.0 wa,  0.0 hi,  0.0 si,  0.0 st
KiB Mem : 65877712 total, 50900704 free,  2736504 used, 12240504 buff/cache
KiB Swap: 33554428 total, 32294856 free,  1259572 used. 61810352 avail Mem 
--
top - 15:21:41 up 112 days,  7:03,  0 users,  load average: 0.61, 0.59, 0.33
Tasks: 394 total,   1 running, 393 sleeping,   0 stopped,   0 zombie
%Cpu(s):  0.4 us,  0.4 sy,  0.0 ni, 99.1 id,  0.0 wa,  0.0 hi,  0.0 si,  0.0 st
KiB Mem : 65877712 total, 50279448 free,  3357760 used, 12240504 buff/cache
KiB Swap: 33554428 total, 32294856 free,  1259572 used. 61189096 avail Mem 
--
top - 15:21:46 up 112 days,  7:03,  0 users,  load average: 0.56, 0.58, 0.33
Tasks: 394 total,   1 running, 393 sleeping,   0 stopped,   0 zombie
%Cpu(s):  0.5 us,  0.5 sy,  0.0 ni, 99.0 id,  0.0 wa,  0.0 hi,  0.0 si,  0.0 st
KiB Mem : 65877712 total, 49935964 free,  3701244 used, 12240504 buff/cache
KiB Swap: 33554428 total, 32294856 free,  1259572 used. 60845612 avail Mem 
--
top - 15:21:51 up 112 days,  7:03,  0 users,  load average: 0.52, 0.57, 0.33
Tasks: 394 total,   1 running, 393 sleeping,   0 stopped,   0 zombie
%Cpu(s):  0.1 us,  0.1 sy,  0.0 ni, 99.9 id,  0.0 wa,  0.0 hi,  0.0 si,  0.0 st
KiB Mem : 65877712 total, 49907820 free,  3729388 used, 12240504 buff/cache
KiB Swap: 33554428 total, 32294856 free,  1259572 used. 60817468 avail Mem 
--
top - 15:21:56 up 112 days,  7:04,  0 users,  load average: 0.47, 0.56, 0.32
Tasks: 394 total,   1 running, 393 sleeping,   0 stopped,   0 zombie
%Cpu(s):  0.2 us,  0.3 sy,  0.0 ni, 99.4 id,  0.0 wa,  0.0 hi,  0.0 si,  0.0 st
KiB Mem : 65877712 total, 49510504 free,  4126704 used, 12240504 buff/cache
KiB Swap: 33554428 total, 32294856 free,  1259572 used. 60420152 avail Mem 
--
top - 15:22:01 up 112 days,  7:04,  0 users,  load average: 0.44, 0.55, 0.32
Tasks: 394 total,   1 running, 393 sleeping,   0 stopped,   0 zombie
%Cpu(s): 11.0 us,  2.0 sy,  0.0 ni, 86.6 id,  0.4 wa,  0.0 hi,  0.1 si,  0.0 st
KiB Mem : 65877712 total, 39621112 free, 14016108 used, 12240492 buff/cache
KiB Swap: 33554428 total, 32294856 free,  1259572 used. 50530760 avail Mem 
--
top - 15:22:06 up 112 days,  7:04,  0 users,  load average: 0.88, 0.64, 0.35
Tasks: 396 total,   1 running, 395 sleeping,   0 stopped,   0 zombie
%Cpu(s): 21.9 us,  0.0 sy,  0.0 ni, 78.1 id,  0.0 wa,  0.0 hi,  0.0 si,  0.0 st
KiB Mem : 65877712 total, 39621652 free, 14015556 used, 12240504 buff/cache
KiB Swap: 33554428 total, 32294856 free,  1259572 used. 50531304 avail Mem 
--
top - 15:22:11 up 112 days,  7:04,  0 users,  load average: 1.29, 0.73, 0.38
Tasks: 396 total,   1 running, 395 sleeping,   0 stopped,   0 zombie
%Cpu(s): 19.8 us,  0.0 sy,  0.0 ni, 80.1 id,  0.0 wa,  0.0 hi,  0.0 si,  0.0 st
KiB Mem : 65877712 total, 40326380 free, 13310828 used, 12240504 buff/cache
KiB Swap: 33554428 total, 32294856 free,  1259572 used. 51236036 avail Mem 
--
top - 15:22:16 up 112 days,  7:04,  0 users,  load average: 1.59, 0.80, 0.41
Tasks: 396 total,   1 running, 395 sleeping,   0 stopped,   0 zombie
%Cpu(s): 11.0 us,  0.1 sy,  0.0 ni, 88.9 id,  0.0 wa,  0.0 hi,  0.0 si,  0.0 st
KiB Mem : 65877712 total, 46407504 free,  7229704 used, 12240504 buff/cache
KiB Swap: 33554428 total, 32294856 free,  1259572 used. 57317160 avail Mem 
--
top - 15:22:21 up 112 days,  7:04,  0 users,  load average: 1.54, 0.80, 0.41
Tasks: 396 total,   1 running, 395 sleeping,   0 stopped,   0 zombie
%Cpu(s):  1.6 us,  0.3 sy,  0.0 ni, 98.1 id,  0.0 wa,  0.0 hi,  0.0 si,  0.0 st
KiB Mem : 65877712 total, 49940020 free,  3697188 used, 12240504 buff/cache
KiB Swap: 33554428 total, 32294856 free,  1259572 used. 60849676 avail Mem 
--
top - 15:22:26 up 112 days,  7:04,  0 users,  load average: 1.42, 0.79, 0.41
Tasks: 396 total,   1 running, 395 sleeping,   0 stopped,   0 zombie
%Cpu(s):  0.0 us,  0.0 sy,  0.0 ni, 99.9 id,  0.0 wa,  0.0 hi,  0.0 si,  0.0 st
KiB Mem : 65877712 total, 49940144 free,  3697064 used, 12240504 buff/cache
KiB Swap: 33554428 total, 32294856 free,  1259572 used. 60849800 avail Mem 
--
top - 15:22:31 up 112 days,  7:04,  0 users,  load average: 1.30, 0.78, 0.41
Tasks: 396 total,   1 running, 395 sleeping,   0 stopped,   0 zombie
%Cpu(s):  0.0 us,  0.0 sy,  0.0 ni, 99.9 id,  0.0 wa,  0.0 hi,  0.0 si,  0.0 st
KiB Mem : 65877712 total, 49940580 free,  3696628 used, 12240504 buff/cache
KiB Swap: 33554428 total, 32294856 free,  1259572 used. 60850236 avail Mem 
--
top - 15:22:36 up 112 days,  7:04,  0 users,  load average: 1.20, 0.76, 0.40
Tasks: 396 total,   1 running, 395 sleeping,   0 stopped,   0 zombie
%Cpu(s):  0.1 us,  0.0 sy,  0.0 ni, 99.9 id,  0.0 wa,  0.0 hi,  0.0 si,  0.0 st
KiB Mem : 65877712 total, 49939352 free,  3697856 used, 12240504 buff/cache
KiB Swap: 33554428 total, 32294856 free,  1259572 used. 60849008 avail Mem 
--
top - 15:22:41 up 112 days,  7:04,  0 users,  load average: 1.10, 0.75, 0.40
Tasks: 396 total,   1 running, 395 sleeping,   0 stopped,   0 zombie
%Cpu(s):  0.1 us,  0.0 sy,  0.0 ni, 99.9 id,  0.0 wa,  0.0 hi,  0.0 si,  0.0 st
KiB Mem : 65877712 total, 49939352 free,  3697856 used, 12240504 buff/cache
KiB Swap: 33554428 total, 32294856 free,  1259572 used. 60849008 avail Mem 
--
top - 15:22:46 up 112 days,  7:04,  0 users,  load average: 1.02, 0.74, 0.40
Tasks: 396 total,   1 running, 395 sleeping,   0 stopped,   0 zombie
%Cpu(s):  0.0 us,  0.0 sy,  0.0 ni, 99.9 id,  0.0 wa,  0.0 hi,  0.0 si,  0.0 st
KiB Mem : 65877712 total, 49939352 free,  3697856 used, 12240504 buff/cache
KiB Swap: 33554428 total, 32294856 free,  1259572 used. 60849008 avail Mem 
--
top - 15:22:51 up 112 days,  7:04,  0 users,  load average: 0.93, 0.73, 0.40
Tasks: 396 total,   1 running, 395 sleeping,   0 stopped,   0 zombie
%Cpu(s):  0.0 us,  0.0 sy,  0.0 ni, 99.9 id,  0.0 wa,  0.0 hi,  0.0 si,  0.0 st
KiB Mem : 65877712 total, 49939352 free,  3697856 used, 12240504 buff/cache
KiB Swap: 33554428 total, 32294856 free,  1259572 used. 60849008 avail Mem 
--
top - 15:22:56 up 112 days,  7:05,  0 users,  load average: 0.86, 0.71, 0.40
Tasks: 396 total,   1 running, 395 sleeping,   0 stopped,   0 zombie
%Cpu(s):  0.0 us,  0.0 sy,  0.0 ni, 99.9 id,  0.0 wa,  0.0 hi,  0.0 si,  0.0 st
KiB Mem : 65877712 total, 49943968 free,  3693240 used, 12240504 buff/cache
KiB Swap: 33554428 total, 32294856 free,  1259572 used. 60853624 avail Mem 
--
top - 15:23:01 up 112 days,  7:05,  0 users,  load average: 0.79, 0.70, 0.39
Tasks: 396 total,   1 running, 395 sleeping,   0 stopped,   0 zombie
%Cpu(s):  0.1 us,  0.0 sy,  0.0 ni, 99.9 id,  0.0 wa,  0.0 hi,  0.0 si,  0.0 st
KiB Mem : 65877712 total, 49944120 free,  3693088 used, 12240504 buff/cache
KiB Swap: 33554428 total, 32294856 free,  1259572 used. 60853776 avail Mem 
--
top - 15:23:06 up 112 days,  7:05,  0 users,  load average: 0.73, 0.69, 0.39
Tasks: 396 total,   1 running, 395 sleeping,   0 stopped,   0 zombie
%Cpu(s):  0.0 us,  0.0 sy,  0.0 ni, 99.9 id,  0.0 wa,  0.0 hi,  0.0 si,  0.0 st
KiB Mem : 65877712 total, 49943732 free,  3693476 used, 12240504 buff/cache
KiB Swap: 33554428 total, 32294856 free,  1259572 used. 60853388 avail Mem 
--
top - 15:23:11 up 112 days,  7:05,  0 users,  load average: 0.67, 0.68, 0.39
Tasks: 395 total,   1 running, 394 sleeping,   0 stopped,   0 zombie
%Cpu(s):  0.1 us,  0.0 sy,  0.0 ni, 99.9 id,  0.0 wa,  0.0 hi,  0.0 si,  0.0 st
KiB Mem : 65877712 total, 49943856 free,  3693352 used, 12240504 buff/cache
KiB Swap: 33554428 total, 32294856 free,  1259572 used. 60853512 avail Mem 
--
top - 15:23:16 up 112 days,  7:05,  0 users,  load average: 0.62, 0.67, 0.39
Tasks: 395 total,   1 running, 394 sleeping,   0 stopped,   0 zombie
%Cpu(s):  0.1 us,  0.0 sy,  0.0 ni, 99.9 id,  0.0 wa,  0.0 hi,  0.0 si,  0.0 st
KiB Mem : 65877712 total, 49943064 free,  3694144 used, 12240504 buff/cache
KiB Swap: 33554428 total, 32294856 free,  1259572 used. 60852720 avail Mem 
--
top - 15:23:21 up 112 days,  7:05,  0 users,  load average: 0.57, 0.66, 0.39
Tasks: 395 total,   1 running, 394 sleeping,   0 stopped,   0 zombie
%Cpu(s):  0.0 us,  0.0 sy,  0.0 ni, 99.9 id,  0.0 wa,  0.0 hi,  0.0 si,  0.0 st
KiB Mem : 65877712 total, 49943064 free,  3694144 used, 12240504 buff/cache
KiB Swap: 33554428 total, 32294856 free,  1259572 used. 60852720 avail Mem 
--
top - 15:23:26 up 112 days,  7:05,  0 users,  load average: 0.52, 0.65, 0.39
Tasks: 395 total,   1 running, 394 sleeping,   0 stopped,   0 zombie
%Cpu(s):  0.1 us,  0.0 sy,  0.0 ni, 99.9 id,  0.0 wa,  0.0 hi,  0.0 si,  0.0 st
KiB Mem : 65877712 total, 49943064 free,  3694144 used, 12240504 buff/cache
KiB Swap: 33554428 total, 32294856 free,  1259572 used. 60852720 avail Mem 
--
top - 15:23:31 up 112 days,  7:05,  0 users,  load average: 0.48, 0.63, 0.38
Tasks: 395 total,   1 running, 394 sleeping,   0 stopped,   0 zombie
%Cpu(s):  0.0 us,  0.0 sy,  0.0 ni,100.0 id,  0.0 wa,  0.0 hi,  0.0 si,  0.0 st
KiB Mem : 65877712 total, 49942512 free,  3694696 used, 12240504 buff/cache
KiB Swap: 33554428 total, 32294856 free,  1259572 used. 60852168 avail Mem 
--
top - 15:23:36 up 112 days,  7:05,  0 users,  load average: 0.44, 0.62, 0.38
Tasks: 393 total,   1 running, 392 sleeping,   0 stopped,   0 zombie
%Cpu(s):  0.3 us,  0.3 sy,  0.0 ni, 99.3 id,  0.0 wa,  0.0 hi,  0.0 si,  0.0 st
KiB Mem : 65877712 total, 49525276 free,  4111932 used, 12240504 buff/cache
KiB Swap: 33554428 total, 32294856 free,  1259572 used. 60434932 avail Mem 
--
top - 15:23:41 up 112 days,  7:05,  0 users,  load average: 0.41, 0.61, 0.38
Tasks: 393 total,   1 running, 392 sleeping,   0 stopped,   0 zombie
%Cpu(s):  0.1 us,  0.1 sy,  0.0 ni, 99.8 id,  0.0 wa,  0.0 hi,  0.0 si,  0.0 st
KiB Mem : 65877712 total, 49521812 free,  4115396 used, 12240504 buff/cache
KiB Swap: 33554428 total, 32294856 free,  1259572 used. 60431468 avail Mem 
--
top - 15:23:46 up 112 days,  7:05,  0 users,  load average: 0.37, 0.60, 0.38
Tasks: 393 total,   1 running, 392 sleeping,   0 stopped,   0 zombie
%Cpu(s):  0.3 us,  0.4 sy,  0.0 ni, 99.2 id,  0.0 wa,  0.0 hi,  0.0 si,  0.0 st
KiB Mem : 65877712 total, 49010440 free,  4626768 used, 12240504 buff/cache
KiB Swap: 33554428 total, 32294856 free,  1259572 used. 59920096 avail Mem 
--
top - 15:23:51 up 112 days,  7:05,  0 users,  load average: 0.34, 0.59, 0.38
Tasks: 393 total,   1 running, 392 sleeping,   0 stopped,   0 zombie
%Cpu(s):  0.2 us,  0.3 sy,  0.0 ni, 99.4 id,  0.0 wa,  0.0 hi,  0.0 si,  0.0 st
KiB Mem : 65877712 total, 48409460 free,  5227748 used, 12240504 buff/cache
KiB Swap: 33554428 total, 32294856 free,  1259572 used. 59318620 avail Mem 
--
top - 15:23:56 up 112 days,  7:06,  0 users,  load average: 0.32, 0.58, 0.37
Tasks: 393 total,   2 running, 391 sleeping,   0 stopped,   0 zombie
%Cpu(s):  4.6 us,  0.8 sy,  0.0 ni, 94.6 id,  0.0 wa,  0.0 hi,  0.0 si,  0.0 st
KiB Mem : 65877712 total, 47002524 free,  6634676 used, 12240512 buff/cache
KiB Swap: 33554428 total, 32294856 free,  1259572 used. 57909644 avail Mem 
--
top - 15:24:01 up 112 days,  7:06,  0 users,  load average: 0.69, 0.66, 0.40
Tasks: 393 total,   2 running, 391 sleeping,   0 stopped,   0 zombie
%Cpu(s): 16.9 us,  1.2 sy,  0.0 ni, 81.5 id,  0.3 wa,  0.0 hi,  0.1 si,  0.0 st
KiB Mem : 65877712 total, 40639916 free, 12997284 used, 12240512 buff/cache
KiB Swap: 33554428 total, 32294856 free,  1259572 used. 51549580 avail Mem 
--
top - 15:24:06 up 112 days,  7:06,  0 users,  load average: 0.96, 0.71, 0.42
Tasks: 396 total,   2 running, 394 sleeping,   0 stopped,   0 zombie
%Cpu(s): 12.3 us,  0.1 sy,  0.0 ni, 87.6 id,  0.0 wa,  0.0 hi,  0.0 si,  0.0 st
KiB Mem : 65877712 total, 41992524 free, 11644680 used, 12240508 buff/cache
KiB Swap: 33554428 total, 32294856 free,  1259572 used. 52902184 avail Mem 
--
top - 15:24:11 up 112 days,  7:06,  0 users,  load average: 1.04, 0.73, 0.43
Tasks: 396 total,   2 running, 394 sleeping,   0 stopped,   0 zombie
%Cpu(s):  9.4 us,  0.0 sy,  0.0 ni, 90.6 id,  0.0 wa,  0.0 hi,  0.0 si,  0.0 st
KiB Mem : 65877712 total, 41992936 free, 11644268 used, 12240508 buff/cache
KiB Swap: 33554428 total, 32294856 free,  1259572 used. 52902596 avail Mem 
--
top - 15:24:16 up 112 days,  7:06,  0 users,  load average: 1.12, 0.75, 0.43
Tasks: 396 total,   1 running, 395 sleeping,   0 stopped,   0 zombie
%Cpu(s):  6.3 us,  0.1 sy,  0.0 ni, 93.7 id,  0.0 wa,  0.0 hi,  0.0 si,  0.0 st
KiB Mem : 65877712 total, 45303188 free,  8334016 used, 12240508 buff/cache
KiB Swap: 33554428 total, 32294856 free,  1259572 used. 56212848 avail Mem 
--
top - 15:24:21 up 112 days,  7:06,  0 users,  load average: 1.11, 0.76, 0.44
Tasks: 396 total,   1 running, 395 sleeping,   0 stopped,   0 zombie
%Cpu(s):  2.9 us,  0.2 sy,  0.0 ni, 96.9 id,  0.0 wa,  0.0 hi,  0.0 si,  0.0 st
KiB Mem : 65877712 total, 45878124 free,  7759080 used, 12240508 buff/cache
KiB Swap: 33554428 total, 32294856 free,  1259572 used. 56787784 avail Mem 
--
top - 15:24:26 up 112 days,  7:06,  0 users,  load average: 1.10, 0.76, 0.44
Tasks: 396 total,   1 running, 395 sleeping,   0 stopped,   0 zombie
%Cpu(s):  3.1 us,  0.0 sy,  0.0 ni, 96.9 id,  0.0 wa,  0.0 hi,  0.0 si,  0.0 st
KiB Mem : 65877712 total, 45878108 free,  7759096 used, 12240508 buff/cache
KiB Swap: 33554428 total, 32294856 free,  1259572 used. 56787768 avail Mem 
--
top - 15:24:31 up 112 days,  7:06,  0 users,  load average: 1.09, 0.77, 0.44
Tasks: 396 total,   1 running, 395 sleeping,   0 stopped,   0 zombie
%Cpu(s):  3.1 us,  0.0 sy,  0.0 ni, 96.9 id,  0.0 wa,  0.0 hi,  0.0 si,  0.0 st
KiB Mem : 65877712 total, 47260896 free,  6376308 used, 12240508 buff/cache
KiB Swap: 33554428 total, 32294856 free,  1259572 used. 58170556 avail Mem 
--
top - 15:24:36 up 112 days,  7:06,  0 users,  load average: 1.00, 0.75, 0.44
Tasks: 396 total,   1 running, 395 sleeping,   0 stopped,   0 zombie
%Cpu(s):  0.1 us,  0.2 sy,  0.0 ni, 99.7 id,  0.0 wa,  0.0 hi,  0.0 si,  0.0 st
KiB Mem : 65877712 total, 48886468 free,  4750736 used, 12240508 buff/cache
KiB Swap: 33554428 total, 32294856 free,  1259572 used. 59796128 avail Mem 
--
top - 15:24:41 up 112 days,  7:06,  0 users,  load average: 0.92, 0.74, 0.44
Tasks: 396 total,   1 running, 395 sleeping,   0 stopped,   0 zombie
%Cpu(s):  0.1 us,  0.0 sy,  0.0 ni, 99.9 id,  0.0 wa,  0.0 hi,  0.0 si,  0.0 st
KiB Mem : 65877712 total, 48886468 free,  4750736 used, 12240508 buff/cache
KiB Swap: 33554428 total, 32294856 free,  1259572 used. 59796128 avail Mem 
--
top - 15:24:46 up 112 days,  7:06,  0 users,  load average: 0.85, 0.73, 0.44
Tasks: 396 total,   1 running, 395 sleeping,   0 stopped,   0 zombie
%Cpu(s):  0.0 us,  0.0 sy,  0.0 ni, 99.9 id,  0.0 wa,  0.0 hi,  0.0 si,  0.0 st
KiB Mem : 65877712 total, 48887340 free,  4749864 used, 12240508 buff/cache
KiB Swap: 33554428 total, 32294856 free,  1259572 used. 59797000 avail Mem 
--
top - 15:24:51 up 112 days,  7:06,  0 users,  load average: 0.78, 0.72, 0.43
Tasks: 395 total,   1 running, 394 sleeping,   0 stopped,   0 zombie
%Cpu(s):  0.1 us,  0.0 sy,  0.0 ni, 99.9 id,  0.0 wa,  0.0 hi,  0.0 si,  0.0 st
KiB Mem : 65877712 total, 48887776 free,  4749428 used, 12240508 buff/cache
KiB Swap: 33554428 total, 32294856 free,  1259572 used. 59797436 avail Mem 
--
top - 15:24:56 up 112 days,  7:07,  0 users,  load average: 0.72, 0.70, 0.43
Tasks: 395 total,   1 running, 394 sleeping,   0 stopped,   0 zombie
%Cpu(s):  0.1 us,  0.0 sy,  0.0 ni, 99.9 id,  0.0 wa,  0.0 hi,  0.0 si,  0.0 st
KiB Mem : 65877712 total, 48887268 free,  4749936 used, 12240508 buff/cache
KiB Swap: 33554428 total, 32294856 free,  1259572 used. 59796928 avail Mem 
--
top - 15:25:01 up 112 days,  7:07,  0 users,  load average: 0.66, 0.69, 0.43
Tasks: 392 total,   1 running, 391 sleeping,   0 stopped,   0 zombie
%Cpu(s):  0.0 us,  0.0 sy,  0.0 ni, 99.9 id,  0.0 wa,  0.0 hi,  0.0 si,  0.0 st
KiB Mem : 65877712 total, 48887208 free,  4749996 used, 12240508 buff/cache
KiB Swap: 33554428 total, 32294856 free,  1259572 used. 59796868 avail Mem 
--
top - 15:25:06 up 112 days,  7:07,  0 users,  load average: 0.61, 0.68, 0.43
Tasks: 391 total,   1 running, 390 sleeping,   0 stopped,   0 zombie
%Cpu(s):  0.1 us,  0.0 sy,  0.0 ni, 99.9 id,  0.0 wa,  0.0 hi,  0.0 si,  0.0 st
KiB Mem : 65877712 total, 48887644 free,  4749560 used, 12240508 buff/cache
KiB Swap: 33554428 total, 32294856 free,  1259572 used. 59797304 avail Mem 
--
top - 15:25:12 up 112 days,  7:07,  0 users,  load average: 0.56, 0.67, 0.42
Tasks: 391 total,   1 running, 390 sleeping,   0 stopped,   0 zombie
%Cpu(s):  0.1 us,  0.0 sy,  0.0 ni, 99.9 id,  0.0 wa,  0.0 hi,  0.0 si,  0.0 st
KiB Mem : 65877712 total, 48888132 free,  4749072 used, 12240508 buff/cache
KiB Swap: 33554428 total, 32294856 free,  1259572 used. 59797792 avail Mem 
--
top - 15:25:17 up 112 days,  7:07,  0 users,  load average: 0.51, 0.66, 0.42
Tasks: 391 total,   1 running, 390 sleeping,   0 stopped,   0 zombie
%Cpu(s):  0.1 us,  0.0 sy,  0.0 ni, 99.9 id,  0.0 wa,  0.0 hi,  0.0 si,  0.0 st
KiB Mem : 65877712 total, 48888996 free,  4748208 used, 12240508 buff/cache
KiB Swap: 33554428 total, 32294856 free,  1259572 used. 59798656 avail Mem 
--
top - 15:25:22 up 112 days,  7:07,  0 users,  load average: 0.47, 0.65, 0.42
Tasks: 392 total,   1 running, 391 sleeping,   0 stopped,   0 zombie
%Cpu(s):  0.0 us,  0.0 sy,  0.0 ni, 99.9 id,  0.0 wa,  0.0 hi,  0.0 si,  0.0 st
KiB Mem : 65877712 total, 48889444 free,  4747760 used, 12240508 buff/cache
KiB Swap: 33554428 total, 32294856 free,  1259572 used. 59799104 avail Mem 
--
top - 15:25:27 up 112 days,  7:07,  0 users,  load average: 0.44, 0.64, 0.42
Tasks: 392 total,   1 running, 391 sleeping,   0 stopped,   0 zombie
%Cpu(s):  0.0 us,  0.0 sy,  0.0 ni, 99.9 id,  0.0 wa,  0.0 hi,  0.0 si,  0.0 st
KiB Mem : 65877712 total, 48888964 free,  4748240 used, 12240508 buff/cache
KiB Swap: 33554428 total, 32294856 free,  1259572 used. 59798624 avail Mem 
--
top - 15:25:32 up 112 days,  7:07,  0 users,  load average: 0.40, 0.63, 0.41
Tasks: 392 total,   1 running, 391 sleeping,   0 stopped,   0 zombie
%Cpu(s):  0.0 us,  0.0 sy,  0.0 ni, 99.9 id,  0.0 wa,  0.0 hi,  0.0 si,  0.0 st
KiB Mem : 65877712 total, 48866804 free,  4770400 used, 12240508 buff/cache
KiB Swap: 33554428 total, 32294856 free,  1259572 used. 59776464 avail Mem 
--
top - 15:25:37 up 112 days,  7:07,  0 users,  load average: 0.37, 0.62, 0.41
Tasks: 392 total,   1 running, 391 sleeping,   0 stopped,   0 zombie
%Cpu(s):  0.2 us,  0.2 sy,  0.0 ni, 99.6 id,  0.0 wa,  0.0 hi,  0.0 si,  0.0 st
KiB Mem : 65877712 total, 48694120 free,  4943084 used, 12240508 buff/cache
KiB Swap: 33554428 total, 32294856 free,  1259572 used. 59603780 avail Mem 
--
top - 15:25:42 up 112 days,  7:07,  0 users,  load average: 0.34, 0.61, 0.41
Tasks: 392 total,   1 running, 391 sleeping,   0 stopped,   0 zombie
%Cpu(s):  0.1 us,  0.2 sy,  0.0 ni, 99.7 id,  0.0 wa,  0.0 hi,  0.0 si,  0.0 st
KiB Mem : 65877712 total, 48486112 free,  5151092 used, 12240508 buff/cache
KiB Swap: 33554428 total, 32294856 free,  1259572 used. 59395772 avail Mem 
--
top - 15:25:47 up 112 days,  7:07,  0 users,  load average: 0.31, 0.60, 0.41
Tasks: 392 total,   1 running, 391 sleeping,   0 stopped,   0 zombie
%Cpu(s):  0.2 us,  0.2 sy,  0.0 ni, 99.5 id,  0.0 wa,  0.0 hi,  0.0 si,  0.0 st
KiB Mem : 65877712 total, 48260684 free,  5376520 used, 12240508 buff/cache
KiB Swap: 33554428 total, 32294856 free,  1259572 used. 59170344 avail Mem 
--
top - 15:25:52 up 112 days,  7:07,  0 users,  load average: 0.29, 0.59, 0.40
Tasks: 392 total,   1 running, 391 sleeping,   0 stopped,   0 zombie
%Cpu(s):  0.4 us,  0.4 sy,  0.0 ni, 99.2 id,  0.0 wa,  0.0 hi,  0.0 si,  0.0 st
KiB Mem : 65877712 total, 47777016 free,  5860188 used, 12240508 buff/cache
KiB Swap: 33554428 total, 32294856 free,  1259572 used. 58686676 avail Mem 
--
top - 15:25:57 up 112 days,  7:08,  0 users,  load average: 0.26, 0.58, 0.40
Tasks: 392 total,   1 running, 391 sleeping,   0 stopped,   0 zombie
%Cpu(s):  0.3 us,  0.3 sy,  0.0 ni, 99.3 id,  0.0 wa,  0.0 hi,  0.0 si,  0.0 st
KiB Mem : 65877712 total, 47164652 free,  6472536 used, 12240524 buff/cache
KiB Swap: 33554428 total, 32294856 free,  1259572 used. 58074328 avail Mem 
--
top - 15:26:02 up 112 days,  7:08,  0 users,  load average: 0.32, 0.58, 0.41
Tasks: 392 total,   2 running, 390 sleeping,   0 stopped,   0 zombie
%Cpu(s): 20.2 us,  1.7 sy,  0.0 ni, 77.7 id,  0.3 wa,  0.0 hi,  0.0 si,  0.0 st
KiB Mem : 65877712 total, 39553104 free, 14084084 used, 12240524 buff/cache
KiB Swap: 33554428 total, 32294856 free,  1259572 used. 50462780 avail Mem 
--
top - 15:26:07 up 112 days,  7:08,  0 users,  load average: 0.70, 0.66, 0.43
Tasks: 396 total,   1 running, 395 sleeping,   0 stopped,   0 zombie
%Cpu(s): 15.7 us,  0.1 sy,  0.0 ni, 84.1 id,  0.0 wa,  0.0 hi,  0.0 si,  0.0 st
KiB Mem : 65877712 total, 39627900 free, 14009288 used, 12240524 buff/cache
KiB Swap: 33554428 total, 32294856 free,  1259572 used. 50537576 avail Mem 
--
top - 15:26:12 up 112 days,  7:08,  0 users,  load average: 1.04, 0.73, 0.46
Tasks: 396 total,   1 running, 395 sleeping,   0 stopped,   0 zombie
%Cpu(s): 14.7 us,  0.0 sy,  0.0 ni, 85.3 id,  0.0 wa,  0.0 hi,  0.0 si,  0.0 st
KiB Mem : 65877712 total, 40764728 free, 12872460 used, 12240524 buff/cache
KiB Swap: 33554428 total, 32294856 free,  1259572 used. 51674404 avail Mem 
--
top - 15:26:17 up 112 days,  7:08,  0 users,  load average: 1.20, 0.77, 0.47
Tasks: 396 total,   1 running, 395 sleeping,   0 stopped,   0 zombie
%Cpu(s):  7.8 us,  0.3 sy,  0.0 ni, 91.8 id,  0.1 wa,  0.0 hi,  0.0 si,  0.0 st
KiB Mem : 65877712 total, 44871344 free,  8765844 used, 12240524 buff/cache
KiB Swap: 33554428 total, 32294856 free,  1259572 used. 55781020 avail Mem 
--
top - 15:26:22 up 112 days,  7:08,  0 users,  load average: 1.18, 0.77, 0.47
Tasks: 396 total,   1 running, 395 sleeping,   0 stopped,   0 zombie
%Cpu(s):  3.1 us,  0.0 sy,  0.0 ni, 96.8 id,  0.0 wa,  0.0 hi,  0.0 si,  0.0 st
KiB Mem : 65877712 total, 44871344 free,  8765844 used, 12240524 buff/cache
KiB Swap: 33554428 total, 32294856 free,  1259572 used. 55781020 avail Mem 
