10.149.0.64
2024/01/03 15:26:30 Master node address: http://10.149.0.54:8000
2024/01/03 15:26:30 Benchmarking worker...
2024/01/03 15:26:31 Worker registered (1849 MCUPS). Waiting for work...
2024/01/03 15:28:19 Got work. Start calculating alignments...
2024/01/03 15:28:19 Calculating 88 queries
2024/01/03 15:28:32 Done calculating alignments.
2024/01/03 15:28:32 Waiting for work...
2024/01/03 15:30:14 Got work. Start calculating alignments...
2024/01/03 15:30:14 Calculating 89 queries
2024/01/03 15:30:29 Done calculating alignments.
2024/01/03 15:30:29 Waiting for work...
2024/01/03 15:32:03 Got work. Start calculating alignments...
2024/01/03 15:32:03 Calculating 89 queries
2024/01/03 15:32:18 Done calculating alignments.
2024/01/03 15:32:18 Waiting for work...
2024/01/03 15:33:55 Got work. Start calculating alignments...
2024/01/03 15:33:55 Calculating 89 queries
2024/01/03 15:34:03 Done calculating alignments.
2024/01/03 15:34:03 Waiting for work...
2024/01/03 15:35:45 Got work. Start calculating alignments...
2024/01/03 15:35:45 Calculating 89 queries
2024/01/03 15:36:00 Done calculating alignments.
2024/01/03 15:36:00 Waiting for work...
slurmstepd: error: *** JOB 4755740 ON node064 CANCELLED AT 2024-01-03T15:36:09 ***
