Job id: 4754839
Master ip: 10.149.0.68
--
top - 10:35:36 up 111 days,  2:17,  0 users,  load average: 1.44, 5.17, 2.97
Tasks: 399 total,   2 running, 397 sleeping,   0 stopped,   0 zombie
%Cpu(s):  2.2 us,  0.9 sy,  0.0 ni, 96.9 id,  0.0 wa,  0.0 hi,  0.0 si,  0.0 st
KiB Mem : 65877692 total, 50852424 free,  1177604 used, 13847664 buff/cache
KiB Swap: 33554428 total, 32275396 free,  1279032 used. 63434756 avail Mem 
--
top - 10:35:41 up 111 days,  2:17,  0 users,  load average: 1.40, 5.10, 2.96
Tasks: 400 total,   1 running, 399 sleeping,   0 stopped,   0 zombie
%Cpu(s):  0.7 us,  0.1 sy,  0.0 ni, 99.1 id,  0.0 wa,  0.0 hi,  0.0 si,  0.0 st
KiB Mem : 65877692 total, 50826964 free,  1202964 used, 13847764 buff/cache
KiB Swap: 33554428 total, 32275396 free,  1279032 used. 63409348 avail Mem 
--
top - 10:35:46 up 111 days,  2:17,  0 users,  load average: 1.29, 5.01, 2.94
Tasks: 401 total,   1 running, 400 sleeping,   0 stopped,   0 zombie
%Cpu(s):  0.2 us,  0.0 sy,  0.0 ni, 99.8 id,  0.0 wa,  0.0 hi,  0.0 si,  0.0 st
KiB Mem : 65877692 total, 50826112 free,  1203816 used, 13847764 buff/cache
KiB Swap: 33554428 total, 32275396 free,  1279032 used. 63408496 avail Mem 
--
top - 10:35:51 up 111 days,  2:17,  0 users,  load average: 1.19, 4.93, 2.92
Tasks: 401 total,   1 running, 400 sleeping,   0 stopped,   0 zombie
%Cpu(s):  0.1 us,  0.0 sy,  0.0 ni, 99.8 id,  0.0 wa,  0.0 hi,  0.0 si,  0.0 st
KiB Mem : 65877692 total, 50826328 free,  1203600 used, 13847764 buff/cache
KiB Swap: 33554428 total, 32275396 free,  1279032 used. 63408712 avail Mem 
--
top - 10:35:56 up 111 days,  2:18,  0 users,  load average: 1.09, 4.85, 2.91
Tasks: 401 total,   1 running, 400 sleeping,   0 stopped,   0 zombie
%Cpu(s):  0.1 us,  0.0 sy,  0.0 ni, 99.8 id,  0.0 wa,  0.0 hi,  0.0 si,  0.0 st
KiB Mem : 65877692 total, 50826448 free,  1203480 used, 13847764 buff/cache
KiB Swap: 33554428 total, 32275396 free,  1279032 used. 63408832 avail Mem 
--
top - 10:36:01 up 111 days,  2:18,  0 users,  load average: 1.01, 4.77, 2.89
Tasks: 401 total,   1 running, 400 sleeping,   0 stopped,   0 zombie
%Cpu(s):  0.5 us,  0.2 sy,  0.0 ni, 98.9 id,  0.4 wa,  0.0 hi,  0.0 si,  0.0 st
KiB Mem : 65877692 total, 50822244 free,  1207660 used, 13847788 buff/cache
KiB Swap: 33554428 total, 32275396 free,  1279032 used. 63404628 avail Mem 
--
top - 10:36:06 up 111 days,  2:18,  0 users,  load average: 0.92, 4.69, 2.88
Tasks: 405 total,   1 running, 404 sleeping,   0 stopped,   0 zombie
%Cpu(s):  0.1 us,  0.0 sy,  0.0 ni, 99.8 id,  0.0 wa,  0.0 hi,  0.0 si,  0.0 st
KiB Mem : 65877692 total, 50823664 free,  1206264 used, 13847764 buff/cache
KiB Swap: 33554428 total, 32275396 free,  1279032 used. 63406048 avail Mem 
--
top - 10:36:11 up 111 days,  2:18,  0 users,  load average: 0.85, 4.61, 2.86
Tasks: 405 total,   2 running, 403 sleeping,   0 stopped,   0 zombie
%Cpu(s):  1.8 us,  0.2 sy,  0.0 ni, 97.9 id,  0.0 wa,  0.0 hi,  0.0 si,  0.0 st
KiB Mem : 65877692 total, 50461636 free,  1568292 used, 13847764 buff/cache
KiB Swap: 33554428 total, 32275396 free,  1279032 used. 63044020 avail Mem 
--
top - 10:36:16 up 111 days,  2:18,  0 users,  load average: 0.86, 4.55, 2.85
Tasks: 405 total,   2 running, 403 sleeping,   0 stopped,   0 zombie
%Cpu(s):  3.0 us,  0.1 sy,  0.0 ni, 96.8 id,  0.0 wa,  0.0 hi,  0.1 si,  0.0 st
KiB Mem : 65877692 total, 50461460 free,  1568468 used, 13847764 buff/cache
KiB Swap: 33554428 total, 32275396 free,  1279032 used. 63043844 avail Mem 
--
top - 10:36:21 up 111 days,  2:18,  0 users,  load average: 0.87, 4.49, 2.84
Tasks: 405 total,   2 running, 403 sleeping,   0 stopped,   0 zombie
%Cpu(s):  3.0 us,  0.1 sy,  0.0 ni, 96.9 id,  0.0 wa,  0.0 hi,  0.0 si,  0.0 st
KiB Mem : 65877692 total, 50461900 free,  1568028 used, 13847764 buff/cache
KiB Swap: 33554428 total, 32275396 free,  1279032 used. 63044284 avail Mem 
--
top - 10:36:26 up 111 days,  2:18,  0 users,  load average: 0.88, 4.43, 2.83
Tasks: 405 total,   1 running, 404 sleeping,   0 stopped,   0 zombie
%Cpu(s):  1.2 us,  0.1 sy,  0.0 ni, 98.7 id,  0.0 wa,  0.0 hi,  0.0 si,  0.0 st
KiB Mem : 65877692 total, 50462180 free,  1567748 used, 13847764 buff/cache
KiB Swap: 33554428 total, 32275396 free,  1279032 used. 63044564 avail Mem 
--
top - 10:36:32 up 111 days,  2:18,  0 users,  load average: 0.81, 4.36, 2.82
Tasks: 405 total,   1 running, 404 sleeping,   0 stopped,   0 zombie
%Cpu(s):  1.9 us,  0.0 sy,  0.0 ni, 98.0 id,  0.0 wa,  0.0 hi,  0.0 si,  0.0 st
KiB Mem : 65877692 total, 50436860 free,  1592996 used, 13847836 buff/cache
KiB Swap: 33554428 total, 32275396 free,  1279032 used. 63019280 avail Mem 
--
top - 10:36:37 up 111 days,  2:18,  0 users,  load average: 0.75, 4.29, 2.80
Tasks: 405 total,   2 running, 403 sleeping,   0 stopped,   0 zombie
%Cpu(s):  2.2 us,  0.1 sy,  0.0 ni, 97.6 id,  0.0 wa,  0.0 hi,  0.0 si,  0.0 st
KiB Mem : 65877692 total, 50231840 free,  1798016 used, 13847836 buff/cache
KiB Swap: 33554428 total, 32275396 free,  1279032 used. 62814260 avail Mem 
--
top - 10:36:42 up 111 days,  2:18,  0 users,  load average: 0.77, 4.23, 2.79
Tasks: 405 total,   2 running, 403 sleeping,   0 stopped,   0 zombie
%Cpu(s):  3.0 us,  0.1 sy,  0.0 ni, 96.9 id,  0.0 wa,  0.0 hi,  0.0 si,  0.0 st
KiB Mem : 65877692 total, 50232240 free,  1797616 used, 13847836 buff/cache
KiB Swap: 33554428 total, 32275396 free,  1279032 used. 62814660 avail Mem 
--
top - 10:36:47 up 111 days,  2:18,  0 users,  load average: 0.79, 4.18, 2.78
Tasks: 403 total,   2 running, 401 sleeping,   0 stopped,   0 zombie
%Cpu(s):  3.0 us,  0.1 sy,  0.0 ni, 96.8 id,  0.0 wa,  0.0 hi,  0.1 si,  0.0 st
KiB Mem : 65877692 total, 50232628 free,  1797228 used, 13847836 buff/cache
KiB Swap: 33554428 total, 32275396 free,  1279032 used. 62815048 avail Mem 
--
top - 10:36:52 up 111 days,  2:18,  0 users,  load average: 0.80, 4.13, 2.77
Tasks: 403 total,   2 running, 401 sleeping,   0 stopped,   0 zombie
%Cpu(s):  0.8 us,  0.0 sy,  0.0 ni, 99.1 id,  0.0 wa,  0.0 hi,  0.0 si,  0.0 st
KiB Mem : 65877692 total, 50228228 free,  1801628 used, 13847836 buff/cache
KiB Swap: 33554428 total, 32275396 free,  1279032 used. 62810648 avail Mem 
--
top - 10:36:57 up 111 days,  2:19,  0 users,  load average: 0.82, 4.07, 2.76
Tasks: 403 total,   2 running, 401 sleeping,   0 stopped,   0 zombie
%Cpu(s):  1.8 us,  0.0 sy,  0.0 ni, 98.1 id,  0.0 wa,  0.0 hi,  0.0 si,  0.0 st
KiB Mem : 65877692 total, 50191520 free,  1838304 used, 13847868 buff/cache
KiB Swap: 33554428 total, 32275396 free,  1279032 used. 62773956 avail Mem 
--
top - 10:37:02 up 111 days,  2:19,  0 users,  load average: 0.83, 4.02, 2.75
Tasks: 403 total,   2 running, 401 sleeping,   0 stopped,   0 zombie
%Cpu(s):  3.0 us,  0.1 sy,  0.0 ni, 94.3 id,  2.6 wa,  0.0 hi,  0.1 si,  0.0 st
KiB Mem : 65877692 total, 50011716 free,  2018108 used, 13847868 buff/cache
KiB Swap: 33554428 total, 32275396 free,  1279032 used. 62594156 avail Mem 
--
top - 10:37:07 up 111 days,  2:19,  0 users,  load average: 1.41, 4.09, 2.78
Tasks: 403 total,   2 running, 401 sleeping,   0 stopped,   0 zombie
%Cpu(s):  3.0 us,  0.1 sy,  0.0 ni, 87.5 id,  9.3 wa,  0.0 hi,  0.0 si,  0.0 st
KiB Mem : 65877692 total, 50011764 free,  2018060 used, 13847868 buff/cache
KiB Swap: 33554428 total, 32275396 free,  1279032 used. 62594204 avail Mem 
--
top - 10:37:12 up 111 days,  2:19,  0 users,  load average: 1.78, 4.08, 2.80
Tasks: 403 total,   1 running, 402 sleeping,   0 stopped,   0 zombie
%Cpu(s):  1.5 us,  0.1 sy,  0.0 ni, 92.3 id,  6.1 wa,  0.0 hi,  0.0 si,  0.0 st
KiB Mem : 65877692 total, 50011904 free,  2017888 used, 13847900 buff/cache
KiB Swap: 33554428 total, 32275396 free,  1279032 used. 62594368 avail Mem 
--
top - 10:37:17 up 111 days,  2:19,  0 users,  load average: 1.64, 4.02, 2.78
Tasks: 403 total,   2 running, 401 sleeping,   0 stopped,   0 zombie
%Cpu(s):  2.1 us,  0.0 sy,  0.0 ni, 97.8 id,  0.0 wa,  0.0 hi,  0.0 si,  0.0 st
KiB Mem : 65877692 total, 49983856 free,  2045900 used, 13847936 buff/cache
KiB Swap: 33554428 total, 32275396 free,  1279032 used. 62566348 avail Mem 
--
top - 10:37:22 up 111 days,  2:19,  0 users,  load average: 1.59, 3.97, 2.77
Tasks: 403 total,   2 running, 401 sleeping,   0 stopped,   0 zombie
%Cpu(s):  2.0 us,  0.1 sy,  0.0 ni, 97.8 id,  0.0 wa,  0.0 hi,  0.0 si,  0.0 st
KiB Mem : 65877692 total, 49804052 free,  2225704 used, 13847936 buff/cache
KiB Swap: 33554428 total, 32275396 free,  1279032 used. 62386544 avail Mem 
--
top - 10:37:27 up 111 days,  2:19,  0 users,  load average: 1.54, 3.92, 2.76
Tasks: 403 total,   2 running, 401 sleeping,   0 stopped,   0 zombie
%Cpu(s):  3.0 us,  0.1 sy,  0.0 ni, 96.9 id,  0.0 wa,  0.0 hi,  0.1 si,  0.0 st
KiB Mem : 65877692 total, 49804212 free,  2225540 used, 13847940 buff/cache
KiB Swap: 33554428 total, 32275396 free,  1279032 used. 62386704 avail Mem 
--
top - 10:37:32 up 111 days,  2:19,  0 users,  load average: 1.50, 3.87, 2.75
Tasks: 403 total,   2 running, 401 sleeping,   0 stopped,   0 zombie
%Cpu(s):  3.0 us,  0.1 sy,  0.0 ni, 96.8 id,  0.0 wa,  0.0 hi,  0.1 si,  0.0 st
KiB Mem : 65877692 total, 49804600 free,  2225152 used, 13847940 buff/cache
KiB Swap: 33554428 total, 32275396 free,  1279032 used. 62387092 avail Mem 
--
top - 10:37:37 up 111 days,  2:19,  0 users,  load average: 1.38, 3.80, 2.74
Tasks: 403 total,   2 running, 401 sleeping,   0 stopped,   0 zombie
%Cpu(s):  1.1 us,  0.0 sy,  0.0 ni, 98.8 id,  0.0 wa,  0.0 hi,  0.0 si,  0.0 st
KiB Mem : 65877692 total, 49804628 free,  2225124 used, 13847940 buff/cache
KiB Swap: 33554428 total, 32275396 free,  1279032 used. 62387120 avail Mem 
--
top - 10:37:42 up 111 days,  2:19,  0 users,  load average: 1.27, 3.74, 2.72
Tasks: 403 total,   1 running, 402 sleeping,   0 stopped,   0 zombie
%Cpu(s):  2.0 us,  0.0 sy,  0.0 ni, 97.9 id,  0.0 wa,  0.0 hi,  0.0 si,  0.0 st
KiB Mem : 65877692 total, 49793496 free,  2236224 used, 13847972 buff/cache
KiB Swap: 33554428 total, 32275396 free,  1279032 used. 62376004 avail Mem 
--
top - 10:37:47 up 111 days,  2:19,  0 users,  load average: 1.16, 3.68, 2.71
Tasks: 400 total,   2 running, 398 sleeping,   0 stopped,   0 zombie
%Cpu(s):  2.5 us,  0.1 sy,  0.0 ni, 97.3 id,  0.0 wa,  0.0 hi,  0.1 si,  0.0 st
KiB Mem : 65877692 total, 49601316 free,  2428404 used, 13847972 buff/cache
KiB Swap: 33554428 total, 32275396 free,  1279032 used. 62183824 avail Mem 
--
top - 10:37:52 up 111 days,  2:19,  0 users,  load average: 1.15, 3.63, 2.70
Tasks: 400 total,   2 running, 398 sleeping,   0 stopped,   0 zombie
%Cpu(s):  3.0 us,  0.1 sy,  0.0 ni, 96.9 id,  0.0 wa,  0.0 hi,  0.0 si,  0.0 st
KiB Mem : 65877692 total, 49602032 free,  2427688 used, 13847972 buff/cache
KiB Swap: 33554428 total, 32275396 free,  1279032 used. 62184540 avail Mem 
--
top - 10:37:57 up 111 days,  2:20,  0 users,  load average: 1.14, 3.59, 2.69
Tasks: 399 total,   2 running, 397 sleeping,   0 stopped,   0 zombie
%Cpu(s):  3.0 us,  0.1 sy,  0.0 ni, 96.9 id,  0.0 wa,  0.0 hi,  0.1 si,  0.0 st
KiB Mem : 65877692 total, 49602312 free,  2427408 used, 13847972 buff/cache
KiB Swap: 33554428 total, 32275396 free,  1279032 used. 62184820 avail Mem 
--
top - 10:38:02 up 111 days,  2:20,  0 users,  load average: 1.13, 3.55, 2.68
Tasks: 403 total,   1 running, 402 sleeping,   0 stopped,   0 zombie
%Cpu(s):  1.5 us,  0.2 sy,  0.0 ni, 97.9 id,  0.4 wa,  0.0 hi,  0.0 si,  0.0 st
KiB Mem : 65877692 total, 49594536 free,  2435184 used, 13847972 buff/cache
KiB Swap: 33554428 total, 32275396 free,  1279032 used. 62177064 avail Mem 
