Job id: 4754786
Worker ip: 10.149.0.32
Master ip: 10.149.0.54
--
top - 10:20:16 up 111 days,  2:03,  0 users,  load average: 0.06, 0.16, 0.16
Tasks: 397 total,   1 running, 396 sleeping,   0 stopped,   0 zombie
%Cpu(s):  2.6 us,  4.3 sy,  0.0 ni, 92.9 id,  0.0 wa,  0.0 hi,  0.2 si,  0.0 st
KiB Mem : 65877712 total, 56989964 free,  1194716 used,  7693032 buff/cache
KiB Swap: 33554428 total, 32289668 free,  1264760 used. 63457508 avail Mem 
--
top - 10:20:21 up 111 days,  2:03,  0 users,  load average: 0.85, 0.33, 0.22
Tasks: 398 total,   1 running, 397 sleeping,   0 stopped,   0 zombie
%Cpu(s):  1.6 us,  0.4 sy,  0.0 ni, 98.0 id,  0.0 wa,  0.0 hi,  0.0 si,  0.0 st
KiB Mem : 65877712 total, 56970260 free,  1207792 used,  7699660 buff/cache
KiB Swap: 33554428 total, 32289668 free,  1264760 used. 63444388 avail Mem 
--
top - 10:20:26 up 111 days,  2:03,  0 users,  load average: 0.79, 0.32, 0.22
Tasks: 398 total,   1 running, 397 sleeping,   0 stopped,   0 zombie
%Cpu(s):  0.0 us,  0.0 sy,  0.0 ni,100.0 id,  0.0 wa,  0.0 hi,  0.0 si,  0.0 st
KiB Mem : 65877712 total, 56971008 free,  1207044 used,  7699660 buff/cache
KiB Swap: 33554428 total, 32289668 free,  1264760 used. 63445136 avail Mem 
--
top - 10:20:31 up 111 days,  2:03,  0 users,  load average: 0.72, 0.31, 0.21
Tasks: 398 total,   1 running, 397 sleeping,   0 stopped,   0 zombie
%Cpu(s):  0.0 us,  0.0 sy,  0.0 ni, 99.9 id,  0.0 wa,  0.0 hi,  0.0 si,  0.0 st
KiB Mem : 65877712 total, 56971420 free,  1206632 used,  7699660 buff/cache
KiB Swap: 33554428 total, 32289668 free,  1264760 used. 63445548 avail Mem 
--
top - 10:20:36 up 111 days,  2:03,  0 users,  load average: 0.67, 0.31, 0.21
Tasks: 400 total,   2 running, 398 sleeping,   0 stopped,   0 zombie
%Cpu(s):  0.0 us,  0.0 sy,  0.0 ni,100.0 id,  0.0 wa,  0.0 hi,  0.0 si,  0.0 st
KiB Mem : 65877712 total, 56972008 free,  1206044 used,  7699660 buff/cache
KiB Swap: 33554428 total, 32289668 free,  1264760 used. 63446136 avail Mem 
--
top - 10:20:41 up 111 days,  2:03,  0 users,  load average: 0.61, 0.30, 0.21
Tasks: 400 total,   1 running, 399 sleeping,   0 stopped,   0 zombie
%Cpu(s):  0.0 us,  0.0 sy,  0.0 ni,100.0 id,  0.0 wa,  0.0 hi,  0.0 si,  0.0 st
KiB Mem : 65877712 total, 56973784 free,  1204268 used,  7699660 buff/cache
KiB Swap: 33554428 total, 32289668 free,  1264760 used. 63447912 avail Mem 
--
top - 10:20:46 up 111 days,  2:04,  0 users,  load average: 0.56, 0.30, 0.21
Tasks: 400 total,   1 running, 399 sleeping,   0 stopped,   0 zombie
%Cpu(s):  0.0 us,  0.0 sy,  0.0 ni,100.0 id,  0.0 wa,  0.0 hi,  0.0 si,  0.0 st
KiB Mem : 65877712 total, 56974184 free,  1203868 used,  7699660 buff/cache
KiB Swap: 33554428 total, 32289668 free,  1264760 used. 63448312 avail Mem 
--
top - 10:20:51 up 111 days,  2:04,  0 users,  load average: 0.52, 0.29, 0.21
Tasks: 400 total,   1 running, 399 sleeping,   0 stopped,   0 zombie
%Cpu(s):  0.0 us,  0.0 sy,  0.0 ni,100.0 id,  0.0 wa,  0.0 hi,  0.0 si,  0.0 st
KiB Mem : 65877712 total, 56974448 free,  1203604 used,  7699660 buff/cache
KiB Swap: 33554428 total, 32289668 free,  1264760 used. 63448576 avail Mem 
--
top - 10:20:56 up 111 days,  2:04,  0 users,  load average: 0.48, 0.29, 0.21
Tasks: 400 total,   1 running, 399 sleeping,   0 stopped,   0 zombie
%Cpu(s):  0.1 us,  0.1 sy,  0.0 ni, 99.8 id,  0.0 wa,  0.0 hi,  0.0 si,  0.0 st
KiB Mem : 65877712 total, 56909796 free,  1268256 used,  7699660 buff/cache
KiB Swap: 33554428 total, 32289668 free,  1264760 used. 63383924 avail Mem 
--
top - 10:21:01 up 111 days,  2:04,  0 users,  load average: 0.44, 0.28, 0.21
Tasks: 400 total,   1 running, 399 sleeping,   0 stopped,   0 zombie
%Cpu(s):  0.1 us,  0.1 sy,  0.0 ni, 99.8 id,  0.0 wa,  0.0 hi,  0.0 si,  0.0 st
KiB Mem : 65877712 total, 56826204 free,  1351848 used,  7699660 buff/cache
KiB Swap: 33554428 total, 32289668 free,  1264760 used. 63300332 avail Mem 
--
top - 10:21:06 up 111 days,  2:04,  0 users,  load average: 2.73, 0.76, 0.36
Tasks: 400 total,   1 running, 399 sleeping,   0 stopped,   0 zombie
%Cpu(s): 88.5 us,  0.7 sy,  0.0 ni, 10.8 id,  0.0 wa,  0.0 hi,  0.0 si,  0.0 st
KiB Mem : 65877712 total, 56391300 free,  1786752 used,  7699660 buff/cache
KiB Swap: 33554428 total, 32289668 free,  1264760 used. 62865420 avail Mem 
--
top - 10:21:11 up 111 days,  2:04,  0 users,  load average: 2.51, 0.75, 0.36
Tasks: 400 total,   1 running, 399 sleeping,   0 stopped,   0 zombie
%Cpu(s):  0.7 us,  0.0 sy,  0.0 ni, 99.2 id,  0.0 wa,  0.0 hi,  0.0 si,  0.0 st
KiB Mem : 65877712 total, 56532296 free,  1645752 used,  7699664 buff/cache
KiB Swap: 33554428 total, 32289668 free,  1264760 used. 63006428 avail Mem 
--
top - 10:21:16 up 111 days,  2:04,  0 users,  load average: 2.31, 0.74, 0.36
Tasks: 400 total,   2 running, 398 sleeping,   0 stopped,   0 zombie
%Cpu(s):  0.1 us,  0.1 sy,  0.0 ni, 99.7 id,  0.0 wa,  0.0 hi,  0.0 si,  0.0 st
KiB Mem : 65877712 total, 56473556 free,  1704492 used,  7699664 buff/cache
KiB Swap: 33554428 total, 32289668 free,  1264760 used. 62947688 avail Mem 
--
top - 10:21:21 up 111 days,  2:04,  0 users,  load average: 2.12, 0.72, 0.36
Tasks: 400 total,   1 running, 399 sleeping,   0 stopped,   0 zombie
%Cpu(s):  0.1 us,  0.1 sy,  0.0 ni, 99.8 id,  0.0 wa,  0.0 hi,  0.0 si,  0.0 st
KiB Mem : 65877712 total, 56391112 free,  1786936 used,  7699664 buff/cache
KiB Swap: 33554428 total, 32289668 free,  1264760 used. 62865244 avail Mem 
--
top - 10:21:26 up 111 days,  2:04,  0 users,  load average: 1.95, 0.71, 0.36
Tasks: 400 total,   3 running, 397 sleeping,   0 stopped,   0 zombie
%Cpu(s): 27.5 us,  0.2 sy,  0.0 ni, 72.3 id,  0.0 wa,  0.0 hi,  0.0 si,  0.0 st
KiB Mem : 65877712 total, 56278772 free,  1899276 used,  7699664 buff/cache
KiB Swap: 33554428 total, 32289668 free,  1264760 used. 62752904 avail Mem 
--
top - 10:21:31 up 111 days,  2:04,  0 users,  load average: 4.04, 1.16, 0.50
Tasks: 400 total,   1 running, 399 sleeping,   0 stopped,   0 zombie
%Cpu(s): 56.1 us,  0.4 sy,  0.0 ni, 43.5 id,  0.0 wa,  0.0 hi,  0.0 si,  0.0 st
KiB Mem : 65877712 total, 56115724 free,  2062324 used,  7699664 buff/cache
KiB Swap: 33554428 total, 32289668 free,  1264760 used. 62589856 avail Mem 
--
top - 10:21:36 up 111 days,  2:04,  0 users,  load average: 3.72, 1.14, 0.50
Tasks: 400 total,   1 running, 399 sleeping,   0 stopped,   0 zombie
%Cpu(s):  0.1 us,  0.1 sy,  0.0 ni, 99.8 id,  0.0 wa,  0.0 hi,  0.0 si,  0.0 st
KiB Mem : 65877712 total, 56289844 free,  1888204 used,  7699664 buff/cache
KiB Swap: 33554428 total, 32289668 free,  1264760 used. 62763976 avail Mem 
--
top - 10:21:41 up 111 days,  2:04,  0 users,  load average: 3.42, 1.13, 0.50
Tasks: 400 total,   1 running, 399 sleeping,   0 stopped,   0 zombie
%Cpu(s):  0.1 us,  0.1 sy,  0.0 ni, 99.7 id,  0.0 wa,  0.0 hi,  0.0 si,  0.0 st
KiB Mem : 65877712 total, 56215288 free,  1962760 used,  7699664 buff/cache
KiB Swap: 33554428 total, 32289668 free,  1264760 used. 62689420 avail Mem 
--
top - 10:21:46 up 111 days,  2:05,  0 users,  load average: 3.14, 1.11, 0.50
Tasks: 400 total,   1 running, 399 sleeping,   0 stopped,   0 zombie
%Cpu(s):  0.1 us,  0.1 sy,  0.0 ni, 99.7 id,  0.0 wa,  0.0 hi,  0.0 si,  0.0 st
KiB Mem : 65877712 total, 56131672 free,  2046376 used,  7699664 buff/cache
KiB Swap: 33554428 total, 32289668 free,  1264760 used. 62605804 avail Mem 
--
top - 10:21:51 up 111 days,  2:05,  0 users,  load average: 5.29, 1.59, 0.65
Tasks: 399 total,   1 running, 398 sleeping,   0 stopped,   0 zombie
%Cpu(s): 87.7 us,  0.4 sy,  0.0 ni, 11.9 id,  0.0 wa,  0.0 hi,  0.0 si,  0.0 st
KiB Mem : 65877712 total, 55927160 free,  2250888 used,  7699664 buff/cache
KiB Swap: 33554428 total, 32289668 free,  1264760 used. 62401292 avail Mem 
--
top - 10:21:56 up 111 days,  2:05,  0 users,  load average: 5.03, 1.59, 0.66
Tasks: 399 total,   1 running, 398 sleeping,   0 stopped,   0 zombie
%Cpu(s):  0.6 us,  0.0 sy,  0.0 ni, 99.3 id,  0.0 wa,  0.0 hi,  0.0 si,  0.0 st
KiB Mem : 65877712 total, 56095644 free,  2082404 used,  7699664 buff/cache
KiB Swap: 33554428 total, 32289668 free,  1264760 used. 62569776 avail Mem 
--
top - 10:22:01 up 111 days,  2:05,  0 users,  load average: 4.63, 1.57, 0.66
Tasks: 399 total,   1 running, 398 sleeping,   0 stopped,   0 zombie
%Cpu(s):  0.5 us,  0.3 sy,  0.0 ni, 98.6 id,  0.6 wa,  0.0 hi,  0.0 si,  0.0 st
KiB Mem : 65877712 total, 56019404 free,  2158644 used,  7699664 buff/cache
KiB Swap: 33554428 total, 32289668 free,  1264760 used. 62493536 avail Mem 
--
top - 10:22:06 up 111 days,  2:05,  0 users,  load average: 4.26, 1.54, 0.66
Tasks: 399 total,   1 running, 398 sleeping,   0 stopped,   0 zombie
%Cpu(s):  0.1 us,  0.1 sy,  0.0 ni, 99.8 id,  0.0 wa,  0.0 hi,  0.0 si,  0.0 st
KiB Mem : 65877712 total, 55948588 free,  2229456 used,  7699668 buff/cache
KiB Swap: 33554428 total, 32289668 free,  1264760 used. 62422724 avail Mem 
--
top - 10:22:12 up 111 days,  2:05,  0 users,  load average: 3.92, 1.52, 0.65
Tasks: 399 total,   2 running, 397 sleeping,   0 stopped,   0 zombie
%Cpu(s): 45.4 us,  0.5 sy,  0.0 ni, 54.1 id,  0.0 wa,  0.0 hi,  0.0 si,  0.0 st
KiB Mem : 65877712 total, 55799060 free,  2378984 used,  7699668 buff/cache
KiB Swap: 33554428 total, 32289668 free,  1264760 used. 62273196 avail Mem 
--
top - 10:22:17 up 111 days,  2:05,  0 users,  load average: 5.93, 1.97, 0.80
Tasks: 399 total,   1 running, 398 sleeping,   0 stopped,   0 zombie
%Cpu(s): 40.5 us,  0.3 sy,  0.0 ni, 59.1 id,  0.0 wa,  0.0 hi,  0.0 si,  0.0 st
KiB Mem : 65877712 total, 55849496 free,  2328548 used,  7699668 buff/cache
KiB Swap: 33554428 total, 32289668 free,  1264760 used. 62323632 avail Mem 
--
top - 10:22:22 up 111 days,  2:05,  0 users,  load average: 5.45, 1.94, 0.80
Tasks: 400 total,   1 running, 399 sleeping,   0 stopped,   0 zombie
%Cpu(s):  0.1 us,  0.0 sy,  0.0 ni, 99.9 id,  0.0 wa,  0.0 hi,  0.0 si,  0.0 st
KiB Mem : 65877712 total, 55838592 free,  2339452 used,  7699668 buff/cache
KiB Swap: 33554428 total, 32289668 free,  1264760 used. 62312728 avail Mem 
--
top - 10:22:27 up 111 days,  2:05,  0 users,  load average: 5.01, 1.91, 0.80
Tasks: 400 total,   1 running, 399 sleeping,   0 stopped,   0 zombie
%Cpu(s):  0.1 us,  0.1 sy,  0.0 ni, 99.8 id,  0.0 wa,  0.0 hi,  0.0 si,  0.0 st
KiB Mem : 65877712 total, 55764484 free,  2413560 used,  7699668 buff/cache
KiB Swap: 33554428 total, 32289668 free,  1264760 used. 62238620 avail Mem 
--
top - 10:22:32 up 111 days,  2:05,  0 users,  load average: 4.61, 1.88, 0.79
Tasks: 400 total,   1 running, 399 sleeping,   0 stopped,   0 zombie
%Cpu(s):  0.1 us,  0.1 sy,  0.0 ni, 99.7 id,  0.0 wa,  0.0 hi,  0.0 si,  0.0 st
KiB Mem : 65877712 total, 55693668 free,  2484376 used,  7699668 buff/cache
KiB Swap: 33554428 total, 32289668 free,  1264760 used. 62167804 avail Mem 
--
top - 10:22:37 up 111 days,  2:05,  0 users,  load average: 4.24, 1.84, 0.79
Tasks: 400 total,   2 running, 398 sleeping,   0 stopped,   0 zombie
%Cpu(s): 59.5 us,  0.3 sy,  0.0 ni, 40.1 id,  0.0 wa,  0.0 hi,  0.0 si,  0.0 st
KiB Mem : 65877712 total, 55547096 free,  2630948 used,  7699668 buff/cache
KiB Swap: 33554428 total, 32289668 free,  1264760 used. 62021232 avail Mem 
