Job id: 4754761
Worker ip: 10.149.0.60
Master ip: 10.149.0.54
--
top - 10:14:56 up 111 days,  1:58,  0 users,  load average: 23.97, 14.50, 6.27
Tasks: 403 total,   1 running, 402 sleeping,   0 stopped,   0 zombie
%Cpu(s):  3.1 us,  5.2 sy,  0.0 ni, 91.5 id,  0.0 wa,  0.0 hi,  0.2 si,  0.0 st
KiB Mem : 65877692 total, 52316540 free,  1267264 used, 12293888 buff/cache
KiB Swap: 33554428 total, 31912124 free,  1642304 used. 63352076 avail Mem 
--
top - 10:15:01 up 111 days,  1:58,  0 users,  load average: 22.69, 14.39, 6.28
Tasks: 405 total,   1 running, 404 sleeping,   0 stopped,   0 zombie
%Cpu(s):  1.6 us,  0.4 sy,  0.0 ni, 98.0 id,  0.0 wa,  0.0 hi,  0.0 si,  0.0 st
KiB Mem : 65877692 total, 52290824 free,  1286196 used, 12300672 buff/cache
KiB Swap: 33554428 total, 31912124 free,  1642304 used. 63333024 avail Mem 
--
top - 10:15:06 up 111 days,  1:58,  0 users,  load average: 20.87, 14.15, 6.25
Tasks: 401 total,   1 running, 400 sleeping,   0 stopped,   0 zombie
%Cpu(s):  0.0 us,  0.0 sy,  0.0 ni,100.0 id,  0.0 wa,  0.0 hi,  0.0 si,  0.0 st
KiB Mem : 65877692 total, 52291868 free,  1285152 used, 12300672 buff/cache
KiB Swap: 33554428 total, 31912124 free,  1642304 used. 63334068 avail Mem 
--
top - 10:15:11 up 111 days,  1:59,  0 users,  load average: 19.20, 13.92, 6.21
Tasks: 400 total,   1 running, 399 sleeping,   0 stopped,   0 zombie
%Cpu(s):  0.0 us,  0.0 sy,  0.0 ni,100.0 id,  0.0 wa,  0.0 hi,  0.0 si,  0.0 st
KiB Mem : 65877692 total, 52291992 free,  1285028 used, 12300672 buff/cache
KiB Swap: 33554428 total, 31912124 free,  1642304 used. 63334192 avail Mem 
--
top - 10:15:16 up 111 days,  1:59,  0 users,  load average: 17.66, 13.69, 6.18
Tasks: 400 total,   1 running, 399 sleeping,   0 stopped,   0 zombie
%Cpu(s):  0.0 us,  0.0 sy,  0.0 ni,100.0 id,  0.0 wa,  0.0 hi,  0.0 si,  0.0 st
KiB Mem : 65877692 total, 52291992 free,  1285028 used, 12300672 buff/cache
KiB Swap: 33554428 total, 31912124 free,  1642304 used. 63334192 avail Mem 
--
top - 10:15:21 up 111 days,  1:59,  0 users,  load average: 16.25, 13.46, 6.15
Tasks: 400 total,   1 running, 399 sleeping,   0 stopped,   0 zombie
%Cpu(s):  0.0 us,  0.0 sy,  0.0 ni,100.0 id,  0.0 wa,  0.0 hi,  0.0 si,  0.0 st
KiB Mem : 65877692 total, 52291992 free,  1285028 used, 12300672 buff/cache
KiB Swap: 33554428 total, 31912124 free,  1642304 used. 63334192 avail Mem 
--
top - 10:15:26 up 111 days,  1:59,  0 users,  load average: 14.95, 13.24, 6.11
Tasks: 400 total,   1 running, 399 sleeping,   0 stopped,   0 zombie
%Cpu(s):  0.0 us,  0.0 sy,  0.0 ni, 99.9 id,  0.0 wa,  0.0 hi,  0.0 si,  0.0 st
KiB Mem : 65877692 total, 52290600 free,  1286420 used, 12300672 buff/cache
KiB Swap: 33554428 total, 31912124 free,  1642304 used. 63332800 avail Mem 
--
top - 10:15:31 up 111 days,  1:59,  0 users,  load average: 13.75, 13.02, 6.08
Tasks: 400 total,   1 running, 399 sleeping,   0 stopped,   0 zombie
%Cpu(s):  0.0 us,  0.0 sy,  0.0 ni,100.0 id,  0.0 wa,  0.0 hi,  0.0 si,  0.0 st
KiB Mem : 65877692 total, 52291044 free,  1285976 used, 12300672 buff/cache
KiB Swap: 33554428 total, 31912124 free,  1642304 used. 63333244 avail Mem 
--
top - 10:15:36 up 111 days,  1:59,  0 users,  load average: 12.65, 12.80, 6.05
Tasks: 400 total,   1 running, 399 sleeping,   0 stopped,   0 zombie
%Cpu(s):  0.4 us,  0.2 sy,  0.0 ni, 99.4 id,  0.0 wa,  0.0 hi,  0.1 si,  0.0 st
KiB Mem : 65877692 total, 52047132 free,  1529888 used, 12300672 buff/cache
KiB Swap: 33554428 total, 31912124 free,  1642304 used. 63089332 avail Mem 
--
top - 10:15:41 up 111 days,  1:59,  0 users,  load average: 14.20, 13.12, 6.19
Tasks: 400 total,   2 running, 398 sleeping,   0 stopped,   0 zombie
%Cpu(s): 90.7 us,  0.7 sy,  0.0 ni,  8.6 id,  0.0 wa,  0.0 hi,  0.0 si,  0.0 st
KiB Mem : 65877692 total, 51606968 free,  1970052 used, 12300672 buff/cache
KiB Swap: 33554428 total, 31912124 free,  1642304 used. 62648672 avail Mem 
--
top - 10:15:46 up 111 days,  1:59,  0 users,  load average: 15.54, 13.42, 6.32
Tasks: 401 total,   2 running, 399 sleeping,   0 stopped,   0 zombie
%Cpu(s): 96.6 us,  0.4 sy,  0.0 ni,  3.0 id,  0.0 wa,  0.0 hi,  0.0 si,  0.0 st
KiB Mem : 65877692 total, 51397556 free,  2179464 used, 12300672 buff/cache
KiB Swap: 33554428 total, 31912124 free,  1642304 used. 62439756 avail Mem 
--
top - 10:15:51 up 111 days,  1:59,  0 users,  load average: 16.86, 13.72, 6.46
Tasks: 401 total,   2 running, 399 sleeping,   0 stopped,   0 zombie
%Cpu(s): 96.5 us,  0.3 sy,  0.0 ni,  3.1 id,  0.0 wa,  0.0 hi,  0.0 si,  0.0 st
KiB Mem : 65877692 total, 51198036 free,  2378980 used, 12300676 buff/cache
KiB Swap: 33554428 total, 31912124 free,  1642304 used. 62240240 avail Mem 
--
top - 10:15:56 up 111 days,  1:59,  0 users,  load average: 17.99, 14.01, 6.59
Tasks: 400 total,   2 running, 398 sleeping,   0 stopped,   0 zombie
%Cpu(s): 91.1 us,  0.3 sy,  0.0 ni,  8.6 id,  0.0 wa,  0.0 hi,  0.0 si,  0.0 st
KiB Mem : 65877692 total, 50991944 free,  2585072 used, 12300676 buff/cache
KiB Swap: 33554428 total, 31912124 free,  1642304 used. 62034148 avail Mem 
--
top - 10:16:01 up 111 days,  1:59,  0 users,  load average: 17.91, 14.06, 6.65
Tasks: 400 total,   1 running, 399 sleeping,   0 stopped,   0 zombie
%Cpu(s): 10.0 us,  0.3 sy,  0.0 ni, 89.4 id,  0.3 wa,  0.0 hi,  0.0 si,  0.0 st
KiB Mem : 65877692 total, 51196424 free,  2380592 used, 12300676 buff/cache
KiB Swap: 33554428 total, 31912124 free,  1642304 used. 62238628 avail Mem 
--
top - 10:16:06 up 111 days,  1:59,  0 users,  load average: 16.48, 13.83, 6.61
Tasks: 404 total,   1 running, 403 sleeping,   0 stopped,   0 zombie
%Cpu(s):  0.3 us,  0.2 sy,  0.0 ni, 99.4 id,  0.0 wa,  0.0 hi,  0.0 si,  0.0 st
KiB Mem : 65877692 total, 50996572 free,  2580444 used, 12300676 buff/cache
KiB Swap: 33554428 total, 31912124 free,  1642304 used. 62038776 avail Mem 
--
top - 10:16:11 up 111 days,  2:00,  0 users,  load average: 15.16, 13.60, 6.57
Tasks: 404 total,   2 running, 402 sleeping,   0 stopped,   0 zombie
%Cpu(s): 74.7 us,  0.7 sy,  0.0 ni, 24.6 id,  0.0 wa,  0.0 hi,  0.0 si,  0.0 st
KiB Mem : 65877692 total, 50750816 free,  2826200 used, 12300676 buff/cache
KiB Swap: 33554428 total, 31912124 free,  1642304 used. 61793020 avail Mem 
--
top - 10:16:16 up 111 days,  2:00,  0 users,  load average: 16.27, 13.85, 6.70
Tasks: 404 total,   2 running, 402 sleeping,   0 stopped,   0 zombie
%Cpu(s): 96.5 us,  0.3 sy,  0.0 ni,  3.2 id,  0.0 wa,  0.0 hi,  0.0 si,  0.0 st
KiB Mem : 65877692 total, 50559568 free,  3017448 used, 12300676 buff/cache
KiB Swap: 33554428 total, 31912124 free,  1642304 used. 61601772 avail Mem 
--
top - 10:16:21 up 111 days,  2:00,  0 users,  load average: 17.45, 14.14, 6.83
Tasks: 404 total,   2 running, 402 sleeping,   0 stopped,   0 zombie
%Cpu(s): 96.6 us,  0.3 sy,  0.0 ni,  3.1 id,  0.0 wa,  0.0 hi,  0.0 si,  0.0 st
KiB Mem : 65877692 total, 50361692 free,  3215324 used, 12300676 buff/cache
KiB Swap: 33554428 total, 31912124 free,  1642304 used. 61403896 avail Mem 
--
top - 10:16:26 up 111 days,  2:00,  0 users,  load average: 18.45, 14.40, 6.95
Tasks: 405 total,   2 running, 403 sleeping,   0 stopped,   0 zombie
%Cpu(s): 96.6 us,  0.4 sy,  0.0 ni,  3.0 id,  0.0 wa,  0.0 hi,  0.0 si,  0.0 st
KiB Mem : 65877692 total, 50159140 free,  3417876 used, 12300676 buff/cache
KiB Swap: 33554428 total, 31912124 free,  1642304 used. 61201344 avail Mem 
--
top - 10:16:31 up 111 days,  2:00,  0 users,  load average: 19.30, 14.64, 7.07
Tasks: 405 total,   1 running, 404 sleeping,   0 stopped,   0 zombie
%Cpu(s): 23.5 us,  0.1 sy,  0.0 ni, 71.1 id,  5.3 wa,  0.0 hi,  0.0 si,  0.0 st
KiB Mem : 65877692 total, 50350804 free,  3226212 used, 12300676 buff/cache
KiB Swap: 33554428 total, 31912124 free,  1642304 used. 61393008 avail Mem 
--
top - 10:16:36 up 111 days,  2:00,  0 users,  load average: 18.31, 14.52, 7.07
Tasks: 405 total,   1 running, 404 sleeping,   0 stopped,   0 zombie
%Cpu(s):  0.3 us,  0.2 sy,  0.0 ni, 90.1 id,  9.3 wa,  0.0 hi,  0.0 si,  0.0 st
KiB Mem : 65877692 total, 50175868 free,  3401148 used, 12300676 buff/cache
KiB Swap: 33554428 total, 31912124 free,  1642304 used. 61218072 avail Mem 
--
top - 10:16:41 up 111 days,  2:00,  0 users,  load average: 17.41, 14.39, 7.07
Tasks: 405 total,   2 running, 403 sleeping,   0 stopped,   0 zombie
%Cpu(s): 72.7 us,  0.6 sy,  0.0 ni, 24.4 id,  2.2 wa,  0.0 hi,  0.0 si,  0.0 st
KiB Mem : 65877692 total, 49916184 free,  3660832 used, 12300676 buff/cache
KiB Swap: 33554428 total, 31912124 free,  1642304 used. 60958388 avail Mem 
--
top - 10:16:46 up 111 days,  2:00,  0 users,  load average: 19.57, 14.96, 7.33
Tasks: 405 total,   2 running, 403 sleeping,   0 stopped,   0 zombie
%Cpu(s): 95.9 us,  1.0 sy,  0.0 ni,  3.1 id,  0.0 wa,  0.0 hi,  0.0 si,  0.0 st
KiB Mem : 65877692 total, 49728804 free,  3848208 used, 12300680 buff/cache
KiB Swap: 33554428 total, 31912124 free,  1642304 used. 60766916 avail Mem 
--
top - 10:16:51 up 111 days,  2:00,  0 users,  load average: 20.49, 15.22, 7.46
Tasks: 405 total,   2 running, 403 sleeping,   0 stopped,   0 zombie
%Cpu(s): 95.5 us,  1.2 sy,  0.0 ni,  3.4 id,  0.0 wa,  0.0 hi,  0.0 si,  0.0 st
KiB Mem : 65877692 total, 49591804 free,  3985208 used, 12300680 buff/cache
KiB Swap: 33554428 total, 31912124 free,  1642304 used. 60634012 avail Mem 
--
top - 10:16:56 up 111 days,  2:00,  0 users,  load average: 21.09, 15.43, 7.57
Tasks: 405 total,   1 running, 404 sleeping,   0 stopped,   0 zombie
%Cpu(s): 94.6 us,  0.7 sy,  0.0 ni,  4.7 id,  0.0 wa,  0.0 hi,  0.0 si,  0.0 st
KiB Mem : 65877692 total, 49361476 free,  4215536 used, 12300680 buff/cache
KiB Swap: 33554428 total, 31912124 free,  1642304 used. 60403684 avail Mem 
--
top - 10:17:01 up 111 days,  2:00,  0 users,  load average: 19.80, 15.26, 7.55
Tasks: 401 total,   1 running, 400 sleeping,   0 stopped,   0 zombie
%Cpu(s): 60.5 us,  0.2 sy,  0.0 ni, 39.3 id,  0.0 wa,  0.0 hi,  0.0 si,  0.0 st
KiB Mem : 65877692 total, 49197748 free,  4379264 used, 12300680 buff/cache
KiB Swap: 33554428 total, 31912124 free,  1642304 used. 60239956 avail Mem 
--
top - 10:17:06 up 111 days,  2:00,  0 users,  load average: 18.21, 15.01, 7.51
Tasks: 400 total,   1 running, 399 sleeping,   0 stopped,   0 zombie
%Cpu(s):  1.4 us,  0.1 sy,  0.0 ni, 98.5 id,  0.0 wa,  0.0 hi,  0.0 si,  0.0 st
KiB Mem : 65877692 total, 49456076 free,  4120936 used, 12300680 buff/cache
KiB Swap: 33554428 total, 31912124 free,  1642304 used. 60498284 avail Mem 
--
top - 10:17:11 up 111 days,  2:01,  0 users,  load average: 16.76, 14.76, 7.47
Tasks: 400 total,   1 running, 399 sleeping,   0 stopped,   0 zombie
%Cpu(s):  0.4 us,  0.3 sy,  0.0 ni, 99.2 id,  0.0 wa,  0.0 hi,  0.0 si,  0.0 st
KiB Mem : 65877692 total, 49229120 free,  4347892 used, 12300680 buff/cache
KiB Swap: 33554428 total, 31912124 free,  1642304 used. 60271328 avail Mem 
--
top - 10:17:16 up 111 days,  2:01,  0 users,  load average: 17.18, 14.88, 7.55
Tasks: 400 total,   2 running, 398 sleeping,   0 stopped,   0 zombie
%Cpu(s): 85.4 us,  0.7 sy,  0.0 ni, 13.9 id,  0.0 wa,  0.0 hi,  0.0 si,  0.0 st
KiB Mem : 65877692 total, 49042576 free,  4534436 used, 12300680 buff/cache
KiB Swap: 33554428 total, 31912124 free,  1642304 used. 60084784 avail Mem 
--
top - 10:17:21 up 111 days,  2:01,  0 users,  load average: 18.28, 15.15, 7.68
Tasks: 400 total,   2 running, 398 sleeping,   0 stopped,   0 zombie
%Cpu(s): 96.1 us,  0.9 sy,  0.0 ni,  3.0 id,  0.0 wa,  0.0 hi,  0.0 si,  0.0 st
KiB Mem : 65877692 total, 48829760 free,  4747252 used, 12300680 buff/cache
KiB Swap: 33554428 total, 31912124 free,  1642304 used. 59871968 avail Mem 
--
top - 10:17:26 up 111 days,  2:01,  0 users,  load average: 19.22, 15.39, 7.80
Tasks: 400 total,   2 running, 398 sleeping,   0 stopped,   0 zombie
%Cpu(s): 96.4 us,  0.5 sy,  0.0 ni,  3.1 id,  0.0 wa,  0.0 hi,  0.0 si,  0.0 st
KiB Mem : 65877692 total, 48621936 free,  4955076 used, 12300680 buff/cache
KiB Swap: 33554428 total, 31912124 free,  1642304 used. 59664144 avail Mem 
--
top - 10:17:31 up 111 days,  2:01,  0 users,  load average: 19.44, 15.50, 7.87
Tasks: 400 total,   2 running, 398 sleeping,   0 stopped,   0 zombie
%Cpu(s): 88.7 us,  0.3 sy,  0.0 ni, 11.0 id,  0.0 wa,  0.0 hi,  0.0 si,  0.0 st
KiB Mem : 65877692 total, 48413680 free,  5163332 used, 12300680 buff/cache
KiB Swap: 33554428 total, 31912124 free,  1642304 used. 59455888 avail Mem 
--
top - 10:17:36 up 111 days,  2:01,  0 users,  load average: 17.89, 15.25, 7.83
Tasks: 400 total,   1 running, 399 sleeping,   0 stopped,   0 zombie
%Cpu(s): 11.2 us,  0.1 sy,  0.0 ni, 88.7 id,  0.0 wa,  0.0 hi,  0.0 si,  0.0 st
KiB Mem : 65877692 total, 48627120 free,  4949888 used, 12300684 buff/cache
KiB Swap: 33554428 total, 31912124 free,  1642304 used. 59669332 avail Mem 
--
top - 10:17:41 up 111 days,  2:01,  0 users,  load average: 16.45, 14.99, 7.79
Tasks: 400 total,   1 running, 399 sleeping,   0 stopped,   0 zombie
%Cpu(s):  0.4 us,  0.3 sy,  0.0 ni, 99.2 id,  0.0 wa,  0.0 hi,  0.1 si,  0.0 st
KiB Mem : 65877692 total, 48398612 free,  5178396 used, 12300684 buff/cache
KiB Swap: 33554428 total, 31912124 free,  1642304 used. 59440824 avail Mem 
--
top - 10:17:46 up 111 days,  2:01,  0 users,  load average: 17.46, 15.22, 7.90
Tasks: 400 total,   2 running, 398 sleeping,   0 stopped,   0 zombie
%Cpu(s): 93.7 us,  0.4 sy,  0.0 ni,  5.9 id,  0.0 wa,  0.0 hi,  0.0 si,  0.0 st
KiB Mem : 65877692 total, 48190648 free,  5386360 used, 12300684 buff/cache
KiB Swap: 33554428 total, 31912124 free,  1642304 used. 59232860 avail Mem 
--
top - 10:17:52 up 111 days,  2:01,  0 users,  load average: 18.54, 15.49, 8.03
Tasks: 400 total,   2 running, 398 sleeping,   0 stopped,   0 zombie
%Cpu(s): 96.6 us,  0.4 sy,  0.0 ni,  3.0 id,  0.0 wa,  0.0 hi,  0.0 si,  0.0 st
KiB Mem : 65877692 total, 47983076 free,  5593932 used, 12300684 buff/cache
KiB Swap: 33554428 total, 31912124 free,  1642304 used. 59025288 avail Mem 
--
top - 10:17:57 up 111 days,  2:01,  0 users,  load average: 19.62, 15.76, 8.15
Tasks: 400 total,   2 running, 398 sleeping,   0 stopped,   0 zombie
%Cpu(s): 96.2 us,  0.7 sy,  0.0 ni,  3.1 id,  0.0 wa,  0.0 hi,  0.0 si,  0.0 st
KiB Mem : 65877692 total, 47791180 free,  5785828 used, 12300684 buff/cache
KiB Swap: 33554428 total, 31912124 free,  1642304 used. 58833392 avail Mem 
--
top - 10:18:02 up 111 days,  2:01,  0 users,  load average: 20.05, 15.91, 8.25
Tasks: 401 total,   1 running, 400 sleeping,   0 stopped,   0 zombie
%Cpu(s): 91.7 us,  1.3 sy,  0.0 ni,  7.0 id,  0.0 wa,  0.0 hi,  0.0 si,  0.0 st
KiB Mem : 65877692 total, 47579040 free,  5997968 used, 12300684 buff/cache
KiB Swap: 33554428 total, 31912124 free,  1642304 used. 58621252 avail Mem 
