Job id: 4754823
Worker ip: 10.149.0.68
Master ip: 10.149.0.56
--
top - 10:29:50 up 111 days,  2:11,  0 users,  load average: 0.42, 0.51, 0.38
Tasks: 407 total,   1 running, 406 sleeping,   0 stopped,   0 zombie
%Cpu(s):  1.1 us,  3.3 sy,  0.0 ni, 95.4 id,  0.0 wa,  0.0 hi,  0.2 si,  0.0 st
KiB Mem : 65877692 total, 50852748 free,  1184008 used, 13840936 buff/cache
KiB Swap: 33554428 total, 32275396 free,  1279032 used. 63428408 avail Mem 
--
top - 10:29:55 up 111 days,  2:12,  0 users,  load average: 0.47, 0.52, 0.38
Tasks: 408 total,   1 running, 407 sleeping,   0 stopped,   0 zombie
%Cpu(s):  1.8 us,  0.4 sy,  0.0 ni, 97.8 id,  0.0 wa,  0.0 hi,  0.0 si,  0.0 st
KiB Mem : 65877692 total, 50833472 free,  1196704 used, 13847516 buff/cache
KiB Swap: 33554428 total, 32275396 free,  1279032 used. 63415700 avail Mem 
--
top - 10:30:00 up 111 days,  2:12,  0 users,  load average: 0.43, 0.51, 0.38
Tasks: 408 total,   1 running, 407 sleeping,   0 stopped,   0 zombie
%Cpu(s):  0.4 us,  0.2 sy,  0.0 ni, 99.0 id,  0.4 wa,  0.0 hi,  0.0 si,  0.0 st
KiB Mem : 65877692 total, 50829656 free,  1200452 used, 13847584 buff/cache
KiB Swap: 33554428 total, 32275396 free,  1279032 used. 63411904 avail Mem 
--
top - 10:30:05 up 111 days,  2:12,  0 users,  load average: 0.39, 0.50, 0.38
Tasks: 411 total,   1 running, 410 sleeping,   0 stopped,   0 zombie
%Cpu(s):  0.0 us,  0.0 sy,  0.0 ni, 99.9 id,  0.0 wa,  0.0 hi,  0.0 si,  0.0 st
KiB Mem : 65877692 total, 50830840 free,  1199256 used, 13847596 buff/cache
KiB Swap: 33554428 total, 32275396 free,  1279032 used. 63413096 avail Mem 
--
top - 10:30:10 up 111 days,  2:12,  0 users,  load average: 0.36, 0.49, 0.38
Tasks: 411 total,   1 running, 410 sleeping,   0 stopped,   0 zombie
%Cpu(s):  0.0 us,  0.0 sy,  0.0 ni,100.0 id,  0.0 wa,  0.0 hi,  0.0 si,  0.0 st
KiB Mem : 65877692 total, 50831600 free,  1198496 used, 13847596 buff/cache
KiB Swap: 33554428 total, 32275396 free,  1279032 used. 63413856 avail Mem 
--
top - 10:30:15 up 111 days,  2:12,  0 users,  load average: 0.33, 0.48, 0.37
Tasks: 411 total,   1 running, 410 sleeping,   0 stopped,   0 zombie
%Cpu(s):  0.0 us,  0.0 sy,  0.0 ni, 99.9 id,  0.0 wa,  0.0 hi,  0.0 si,  0.0 st
KiB Mem : 65877692 total, 50832568 free,  1197528 used, 13847596 buff/cache
KiB Swap: 33554428 total, 32275396 free,  1279032 used. 63414828 avail Mem 
--
top - 10:30:20 up 111 days,  2:12,  0 users,  load average: 0.31, 0.47, 0.37
Tasks: 412 total,   1 running, 411 sleeping,   0 stopped,   0 zombie
%Cpu(s):  0.0 us,  0.0 sy,  0.0 ni,100.0 id,  0.0 wa,  0.0 hi,  0.0 si,  0.0 st
KiB Mem : 65877692 total, 50833824 free,  1196272 used, 13847596 buff/cache
KiB Swap: 33554428 total, 32275396 free,  1279032 used. 63416084 avail Mem 
--
top - 10:30:25 up 111 days,  2:12,  0 users,  load average: 0.28, 0.47, 0.37
Tasks: 412 total,   1 running, 411 sleeping,   0 stopped,   0 zombie
%Cpu(s):  0.0 us,  0.0 sy,  0.0 ni,100.0 id,  0.0 wa,  0.0 hi,  0.0 si,  0.0 st
KiB Mem : 65877692 total, 50834916 free,  1195180 used, 13847596 buff/cache
KiB Swap: 33554428 total, 32275396 free,  1279032 used. 63417176 avail Mem 
--
top - 10:30:31 up 111 days,  2:12,  0 users,  load average: 0.34, 0.48, 0.37
Tasks: 412 total,   1 running, 411 sleeping,   0 stopped,   0 zombie
%Cpu(s):  2.3 us,  0.4 sy,  0.0 ni, 97.2 id,  0.0 wa,  0.0 hi,  0.1 si,  0.0 st
KiB Mem : 65877692 total, 50382816 free,  1647280 used, 13847596 buff/cache
KiB Swap: 33554428 total, 32275396 free,  1279032 used. 62965076 avail Mem 
--
top - 10:30:36 up 111 days,  2:12,  0 users,  load average: 2.56, 0.93, 0.52
Tasks: 412 total,   2 running, 410 sleeping,   0 stopped,   0 zombie
%Cpu(s): 96.3 us,  0.5 sy,  0.0 ni,  3.2 id,  0.0 wa,  0.0 hi,  0.0 si,  0.0 st
KiB Mem : 65877692 total, 50132988 free,  1897108 used, 13847596 buff/cache
KiB Swap: 33554428 total, 32275396 free,  1279032 used. 62715248 avail Mem 
--
top - 10:30:41 up 111 days,  2:12,  0 users,  load average: 4.83, 1.43, 0.68
Tasks: 412 total,   2 running, 410 sleeping,   0 stopped,   0 zombie
%Cpu(s): 96.6 us,  0.3 sy,  0.0 ni,  3.0 id,  0.0 wa,  0.0 hi,  0.0 si,  0.0 st
KiB Mem : 65877692 total, 49916928 free,  2113168 used, 13847596 buff/cache
KiB Swap: 33554428 total, 32275396 free,  1279032 used. 62499188 avail Mem 
--
top - 10:30:46 up 111 days,  2:12,  0 users,  load average: 6.93, 1.92, 0.85
Tasks: 412 total,   2 running, 410 sleeping,   0 stopped,   0 zombie
%Cpu(s): 96.6 us,  0.4 sy,  0.0 ni,  3.0 id,  0.0 wa,  0.0 hi,  0.0 si,  0.0 st
KiB Mem : 65877692 total, 49709116 free,  2320976 used, 13847600 buff/cache
KiB Swap: 33554428 total, 32275396 free,  1279032 used. 62291256 avail Mem 
--
top - 10:30:51 up 111 days,  2:12,  0 users,  load average: 8.86, 2.41, 1.01
Tasks: 412 total,   1 running, 411 sleeping,   0 stopped,   0 zombie
%Cpu(s): 87.8 us,  0.3 sy,  0.0 ni, 11.9 id,  0.0 wa,  0.0 hi,  0.0 si,  0.0 st
KiB Mem : 65877692 total, 49513292 free,  2516800 used, 13847600 buff/cache
KiB Swap: 33554428 total, 32275396 free,  1279032 used. 62095556 avail Mem 
--
top - 10:30:56 up 111 days,  2:13,  0 users,  load average: 8.15, 2.37, 1.00
Tasks: 412 total,   1 running, 411 sleeping,   0 stopped,   0 zombie
%Cpu(s):  1.9 us,  0.1 sy,  0.0 ni, 98.0 id,  0.0 wa,  0.0 hi,  0.0 si,  0.0 st
KiB Mem : 65877692 total, 49754888 free,  2275204 used, 13847600 buff/cache
KiB Swap: 33554428 total, 32275396 free,  1279032 used. 62337152 avail Mem 
--
top - 10:31:01 up 111 days,  2:13,  0 users,  load average: 7.49, 2.33, 1.00
Tasks: 409 total,   2 running, 407 sleeping,   0 stopped,   0 zombie
%Cpu(s): 11.2 us,  0.4 sy,  0.0 ni, 88.3 id,  0.0 wa,  0.0 hi,  0.1 si,  0.0 st
KiB Mem : 65877692 total, 49482548 free,  2547544 used, 13847600 buff/cache
KiB Swap: 33554428 total, 32275396 free,  1279032 used. 62064812 avail Mem 
--
top - 10:31:06 up 111 days,  2:13,  0 users,  load average: 9.38, 2.80, 1.16
Tasks: 408 total,   2 running, 406 sleeping,   0 stopped,   0 zombie
%Cpu(s): 96.4 us,  0.5 sy,  0.0 ni,  3.1 id,  0.0 wa,  0.0 hi,  0.0 si,  0.0 st
KiB Mem : 65877692 total, 49285116 free,  2744976 used, 13847600 buff/cache
KiB Swap: 33554428 total, 32275396 free,  1279032 used. 61867380 avail Mem 
--
top - 10:31:11 up 111 days,  2:13,  0 users,  load average: 11.11, 3.27, 1.32
Tasks: 408 total,   2 running, 406 sleeping,   0 stopped,   0 zombie
%Cpu(s): 96.4 us,  0.5 sy,  0.0 ni,  3.1 id,  0.0 wa,  0.0 hi,  0.0 si,  0.0 st
KiB Mem : 65877692 total, 49070360 free,  2959732 used, 13847600 buff/cache
KiB Swap: 33554428 total, 32275396 free,  1279032 used. 61652624 avail Mem 
--
top - 10:31:16 up 111 days,  2:13,  0 users,  load average: 12.70, 3.73, 1.48
Tasks: 408 total,   2 running, 406 sleeping,   0 stopped,   0 zombie
%Cpu(s): 96.5 us,  0.5 sy,  0.0 ni,  3.0 id,  0.0 wa,  0.0 hi,  0.0 si,  0.0 st
KiB Mem : 65877692 total, 48877040 free,  3153052 used, 13847600 buff/cache
KiB Swap: 33554428 total, 32275396 free,  1279032 used. 61459304 avail Mem 
--
top - 10:31:21 up 111 days,  2:13,  0 users,  load average: 14.17, 4.18, 1.64
Tasks: 408 total,   1 running, 407 sleeping,   0 stopped,   0 zombie
%Cpu(s): 76.3 us,  0.3 sy,  0.0 ni, 23.3 id,  0.0 wa,  0.0 hi,  0.0 si,  0.0 st
KiB Mem : 65877692 total, 48675072 free,  3355020 used, 13847600 buff/cache
KiB Swap: 33554428 total, 32275396 free,  1279032 used. 61257336 avail Mem 
--
top - 10:31:26 up 111 days,  2:13,  0 users,  load average: 13.51, 4.21, 1.66
Tasks: 408 total,   1 running, 407 sleeping,   0 stopped,   0 zombie
%Cpu(s):  1.6 us,  0.1 sy,  0.0 ni, 88.9 id,  9.5 wa,  0.0 hi,  0.0 si,  0.0 st
KiB Mem : 65877692 total, 48934524 free,  3095568 used, 13847600 buff/cache
KiB Swap: 33554428 total, 32275396 free,  1279032 used. 61516788 avail Mem 
--
top - 10:31:31 up 111 days,  2:13,  0 users,  load average: 12.99, 4.26, 1.69
Tasks: 408 total,   1 running, 407 sleeping,   0 stopped,   0 zombie
%Cpu(s):  0.4 us,  0.3 sy,  0.0 ni, 86.9 id, 12.4 wa,  0.0 hi,  0.1 si,  0.0 st
KiB Mem : 65877692 total, 48713748 free,  3316344 used, 13847600 buff/cache
KiB Swap: 33554428 total, 32275396 free,  1279032 used. 61296012 avail Mem 
--
top - 10:31:36 up 111 days,  2:13,  0 users,  load average: 14.43, 4.70, 1.85
Tasks: 408 total,   2 running, 406 sleeping,   0 stopped,   0 zombie
%Cpu(s): 87.7 us,  1.1 sy,  0.0 ni, 10.1 id,  1.1 wa,  0.0 hi,  0.0 si,  0.0 st
KiB Mem : 65877692 total, 48428988 free,  3601104 used, 13847600 buff/cache
KiB Swap: 33554428 total, 32275396 free,  1279032 used. 61011252 avail Mem 
--
top - 10:31:41 up 111 days,  2:13,  0 users,  load average: 15.76, 5.14, 2.00
Tasks: 399 total,   2 running, 397 sleeping,   0 stopped,   0 zombie
%Cpu(s): 96.0 us,  0.8 sy,  0.0 ni,  3.1 id,  0.0 wa,  0.0 hi,  0.0 si,  0.0 st
KiB Mem : 65877692 total, 48241624 free,  3788464 used, 13847604 buff/cache
KiB Swap: 33554428 total, 32275396 free,  1279032 used. 60823892 avail Mem 
--
top - 10:31:46 up 111 days,  2:13,  0 users,  load average: 16.98, 5.57, 2.16
Tasks: 400 total,   2 running, 398 sleeping,   0 stopped,   0 zombie
%Cpu(s): 96.5 us,  0.6 sy,  0.0 ni,  2.9 id,  0.0 wa,  0.0 hi,  0.0 si,  0.0 st
KiB Mem : 65877692 total, 48073872 free,  3956216 used, 13847604 buff/cache
KiB Swap: 33554428 total, 32275396 free,  1279032 used. 60656140 avail Mem 
--
top - 10:31:51 up 111 days,  2:13,  0 users,  load average: 18.10, 5.99, 2.31
Tasks: 400 total,   1 running, 399 sleeping,   0 stopped,   0 zombie
%Cpu(s): 89.8 us,  0.4 sy,  0.0 ni,  9.7 id,  0.0 wa,  0.0 hi,  0.0 si,  0.0 st
KiB Mem : 65877692 total, 47878720 free,  4151368 used, 13847604 buff/cache
KiB Swap: 33554428 total, 32275396 free,  1279032 used. 60460988 avail Mem 
--
top - 10:31:56 up 111 days,  2:14,  0 users,  load average: 17.77, 6.13, 2.38
Tasks: 401 total,   1 running, 400 sleeping,   0 stopped,   0 zombie
%Cpu(s): 20.8 us,  0.1 sy,  0.0 ni, 79.1 id,  0.0 wa,  0.0 hi,  0.0 si,  0.0 st
KiB Mem : 65877692 total, 47912288 free,  4117800 used, 13847604 buff/cache
KiB Swap: 33554428 total, 32275396 free,  1279032 used. 60494556 avail Mem 
--
top - 10:32:01 up 111 days,  2:14,  0 users,  load average: 16.35, 6.02, 2.37
Tasks: 401 total,   1 running, 400 sleeping,   0 stopped,   0 zombie
%Cpu(s):  0.6 us,  0.3 sy,  0.0 ni, 98.7 id,  0.3 wa,  0.0 hi,  0.0 si,  0.0 st
KiB Mem : 65877692 total, 47931596 free,  4098492 used, 13847604 buff/cache
KiB Swap: 33554428 total, 32275396 free,  1279032 used. 60513864 avail Mem 
--
top - 10:32:06 up 111 days,  2:14,  0 users,  load average: 15.04, 5.92, 2.35
Tasks: 402 total,   1 running, 401 sleeping,   0 stopped,   0 zombie
%Cpu(s): 43.1 us,  0.8 sy,  0.0 ni, 56.0 id,  0.0 wa,  0.0 hi,  0.0 si,  0.0 st
KiB Mem : 65877692 total, 47696556 free,  4333528 used, 13847608 buff/cache
KiB Swap: 33554428 total, 32275396 free,  1279032 used. 60278828 avail Mem 
--
top - 10:32:11 up 111 days,  2:14,  0 users,  load average: 16.00, 6.27, 2.48
Tasks: 402 total,   2 running, 400 sleeping,   0 stopped,   0 zombie
%Cpu(s): 96.6 us,  0.3 sy,  0.0 ni,  3.1 id,  0.0 wa,  0.0 hi,  0.0 si,  0.0 st
KiB Mem : 65877692 total, 47494748 free,  4535336 used, 13847608 buff/cache
KiB Swap: 33554428 total, 32275396 free,  1279032 used. 60077020 avail Mem 
--
top - 10:32:16 up 111 days,  2:14,  0 users,  load average: 17.20, 6.68, 2.64
Tasks: 402 total,   2 running, 400 sleeping,   0 stopped,   0 zombie
%Cpu(s): 96.5 us,  0.5 sy,  0.0 ni,  3.0 id,  0.0 wa,  0.0 hi,  0.0 si,  0.0 st
KiB Mem : 65877692 total, 47295852 free,  4734232 used, 13847608 buff/cache
KiB Swap: 33554428 total, 32275396 free,  1279032 used. 59878124 avail Mem 
--
top - 10:32:21 up 111 days,  2:14,  0 users,  load average: 18.31, 7.09, 2.79
Tasks: 402 total,   2 running, 400 sleeping,   0 stopped,   0 zombie
%Cpu(s): 95.6 us,  0.5 sy,  0.0 ni,  3.9 id,  0.0 wa,  0.0 hi,  0.0 si,  0.0 st
KiB Mem : 65877692 total, 47093928 free,  4936156 used, 13847608 buff/cache
KiB Swap: 33554428 total, 32275396 free,  1279032 used. 59676200 avail Mem 
--
top - 10:32:26 up 111 days,  2:14,  0 users,  load average: 19.32, 7.49, 2.94
Tasks: 402 total,   1 running, 401 sleeping,   0 stopped,   0 zombie
%Cpu(s): 46.9 us,  0.4 sy,  0.0 ni, 52.7 id,  0.0 wa,  0.0 hi,  0.0 si,  0.0 st
KiB Mem : 65877692 total, 47228268 free,  4801816 used, 13847608 buff/cache
KiB Swap: 33554428 total, 32275396 free,  1279032 used. 59810540 avail Mem 
--
top - 10:32:31 up 111 days,  2:14,  0 users,  load average: 17.77, 7.36, 2.93
Tasks: 402 total,   2 running, 400 sleeping,   0 stopped,   0 zombie
%Cpu(s):  0.2 us,  0.1 sy,  0.0 ni, 99.7 id,  0.0 wa,  0.0 hi,  0.0 si,  0.0 st
KiB Mem : 65877692 total, 47140652 free,  4889432 used, 13847608 buff/cache
KiB Swap: 33554428 total, 32275396 free,  1279032 used. 59722924 avail Mem 
--
top - 10:32:36 up 111 days,  2:14,  0 users,  load average: 16.35, 7.24, 2.91
Tasks: 402 total,   2 running, 400 sleeping,   0 stopped,   0 zombie
%Cpu(s): 30.4 us,  0.4 sy,  0.0 ni, 69.2 id,  0.0 wa,  0.0 hi,  0.0 si,  0.0 st
KiB Mem : 65877692 total, 46917056 free,  5113024 used, 13847612 buff/cache
KiB Swap: 33554428 total, 32275396 free,  1279032 used. 59499332 avail Mem 
--
top - 10:32:41 up 111 days,  2:14,  0 users,  load average: 17.52, 7.63, 3.06
Tasks: 402 total,   2 running, 400 sleeping,   0 stopped,   0 zombie
%Cpu(s): 96.5 us,  0.3 sy,  0.0 ni,  3.1 id,  0.0 wa,  0.0 hi,  0.0 si,  0.0 st
KiB Mem : 65877692 total, 46753212 free,  5276868 used, 13847612 buff/cache
KiB Swap: 33554428 total, 32275396 free,  1279032 used. 59335488 avail Mem 
--
top - 10:32:46 up 111 days,  2:14,  0 users,  load average: 18.60, 8.02, 3.21
Tasks: 402 total,   2 running, 400 sleeping,   0 stopped,   0 zombie
%Cpu(s): 96.6 us,  0.4 sy,  0.0 ni,  3.0 id,  0.0 wa,  0.0 hi,  0.0 si,  0.0 st
KiB Mem : 65877692 total, 46569320 free,  5460760 used, 13847612 buff/cache
KiB Swap: 33554428 total, 32275396 free,  1279032 used. 59151596 avail Mem 
--
top - 10:32:51 up 111 days,  2:14,  0 users,  load average: 19.60, 8.40, 3.36
Tasks: 402 total,   2 running, 400 sleeping,   0 stopped,   0 zombie
%Cpu(s): 91.2 us,  0.5 sy,  0.0 ni,  8.2 id,  0.0 wa,  0.0 hi,  0.0 si,  0.0 st
KiB Mem : 65877692 total, 46359588 free,  5670492 used, 13847612 buff/cache
KiB Swap: 33554428 total, 32275396 free,  1279032 used. 58941864 avail Mem 
--
top - 10:32:56 up 111 days,  2:15,  0 users,  load average: 20.27, 8.73, 3.49
Tasks: 402 total,   1 running, 401 sleeping,   0 stopped,   0 zombie
%Cpu(s): 64.6 us,  0.4 sy,  0.0 ni, 35.0 id,  0.0 wa,  0.0 hi,  0.0 si,  0.0 st
KiB Mem : 65877692 total, 46200640 free,  5829440 used, 13847612 buff/cache
KiB Swap: 33554428 total, 32275396 free,  1279032 used. 58782916 avail Mem 
