Job id: 4754804
Worker ip: 10.149.0.40
Master ip: 10.149.0.62
--
top - 10:22:44 up 111 days,  2:05,  0 users,  load average: 0.00, 0.11, 0.15
Tasks: 398 total,   1 running, 397 sleeping,   0 stopped,   0 zombie
%Cpu(s):  0.7 us,  1.9 sy,  0.0 ni, 96.6 id,  0.7 wa,  0.0 hi,  0.2 si,  0.0 st
KiB Mem : 65877712 total, 61421996 free,  1036128 used,  3419588 buff/cache
KiB Swap: 33554428 total, 32464152 free,  1090276 used. 63582596 avail Mem 
--
top - 10:22:49 up 111 days,  2:06,  0 users,  load average: 0.00, 0.11, 0.15
Tasks: 409 total,   1 running, 408 sleeping,   0 stopped,   0 zombie
%Cpu(s):  1.8 us,  0.6 sy,  0.0 ni, 97.4 id,  0.2 wa,  0.0 hi,  0.0 si,  0.0 st
KiB Mem : 65877712 total, 61393576 free,  1057940 used,  3426196 buff/cache
KiB Swap: 33554428 total, 32464152 free,  1090276 used. 63562668 avail Mem 
--
top - 10:22:54 up 111 days,  2:06,  0 users,  load average: 0.00, 0.11, 0.15
Tasks: 409 total,   1 running, 408 sleeping,   0 stopped,   0 zombie
%Cpu(s):  0.0 us,  0.0 sy,  0.0 ni,100.0 id,  0.0 wa,  0.0 hi,  0.0 si,  0.0 st
KiB Mem : 65877712 total, 61395120 free,  1056396 used,  3426196 buff/cache
KiB Swap: 33554428 total, 32464152 free,  1090276 used. 63564324 avail Mem 
--
top - 10:22:59 up 111 days,  2:06,  0 users,  load average: 0.08, 0.13, 0.15
Tasks: 409 total,   1 running, 408 sleeping,   0 stopped,   0 zombie
%Cpu(s):  0.0 us,  0.0 sy,  0.0 ni,100.0 id,  0.0 wa,  0.0 hi,  0.0 si,  0.0 st
KiB Mem : 65877712 total, 61396328 free,  1055188 used,  3426196 buff/cache
KiB Swap: 33554428 total, 32464152 free,  1090276 used. 63565532 avail Mem 
--
top - 10:23:04 up 111 days,  2:06,  0 users,  load average: 0.64, 0.24, 0.19
Tasks: 410 total,   1 running, 409 sleeping,   0 stopped,   0 zombie
%Cpu(s):  0.0 us,  0.0 sy,  0.0 ni, 95.9 id,  4.1 wa,  0.0 hi,  0.0 si,  0.0 st
KiB Mem : 65877712 total, 61397480 free,  1054036 used,  3426196 buff/cache
KiB Swap: 33554428 total, 32464152 free,  1090276 used. 63566696 avail Mem 
--
top - 10:23:09 up 111 days,  2:06,  0 users,  load average: 1.15, 0.35, 0.23
Tasks: 410 total,   1 running, 409 sleeping,   0 stopped,   0 zombie
%Cpu(s):  0.0 us,  0.0 sy,  0.0 ni, 90.6 id,  9.3 wa,  0.0 hi,  0.0 si,  0.0 st
KiB Mem : 65877712 total, 61397712 free,  1053804 used,  3426196 buff/cache
KiB Swap: 33554428 total, 32464152 free,  1090276 used. 63566928 avail Mem 
--
top - 10:23:14 up 111 days,  2:06,  0 users,  load average: 1.05, 0.35, 0.23
Tasks: 411 total,   1 running, 410 sleeping,   0 stopped,   0 zombie
%Cpu(s):  0.0 us,  0.0 sy,  0.0 ni, 96.0 id,  4.0 wa,  0.0 hi,  0.0 si,  0.0 st
KiB Mem : 65877712 total, 61398288 free,  1053228 used,  3426196 buff/cache
KiB Swap: 33554428 total, 32464152 free,  1090276 used. 63567504 avail Mem 
--
top - 10:23:19 up 111 days,  2:06,  0 users,  load average: 0.97, 0.34, 0.22
Tasks: 411 total,   1 running, 410 sleeping,   0 stopped,   0 zombie
%Cpu(s):  0.0 us,  0.0 sy,  0.0 ni,100.0 id,  0.0 wa,  0.0 hi,  0.0 si,  0.0 st
KiB Mem : 65877712 total, 61399368 free,  1052148 used,  3426196 buff/cache
KiB Swap: 33554428 total, 32464152 free,  1090276 used. 63568584 avail Mem 
--
top - 10:23:25 up 111 days,  2:06,  0 users,  load average: 0.89, 0.33, 0.22
Tasks: 411 total,   1 running, 410 sleeping,   0 stopped,   0 zombie
%Cpu(s):  0.1 us,  0.0 sy,  0.0 ni, 99.8 id,  0.0 wa,  0.0 hi,  0.0 si,  0.0 st
KiB Mem : 65877712 total, 61366140 free,  1085376 used,  3426196 buff/cache
KiB Swap: 33554428 total, 32464152 free,  1090276 used. 63535356 avail Mem 
--
top - 10:23:30 up 111 days,  2:06,  0 users,  load average: 0.82, 0.33, 0.22
Tasks: 411 total,   1 running, 410 sleeping,   0 stopped,   0 zombie
%Cpu(s):  0.1 us,  0.0 sy,  0.0 ni, 99.9 id,  0.0 wa,  0.0 hi,  0.0 si,  0.0 st
KiB Mem : 65877712 total, 61320008 free,  1131508 used,  3426196 buff/cache
KiB Swap: 33554428 total, 32464152 free,  1090276 used. 63489224 avail Mem 
--
top - 10:23:35 up 111 days,  2:06,  0 users,  load average: 3.08, 0.81, 0.38
Tasks: 411 total,   2 running, 409 sleeping,   0 stopped,   0 zombie
%Cpu(s): 33.8 us,  0.5 sy,  0.0 ni, 65.7 id,  0.0 wa,  0.0 hi,  0.0 si,  0.0 st
KiB Mem : 65877712 total, 61005344 free,  1446172 used,  3426196 buff/cache
KiB Swap: 33554428 total, 32464152 free,  1090276 used. 63174600 avail Mem 
--
top - 10:23:40 up 111 days,  2:06,  0 users,  load average: 2.83, 0.79, 0.38
Tasks: 411 total,   1 running, 410 sleeping,   0 stopped,   0 zombie
%Cpu(s):  6.8 us,  0.1 sy,  0.0 ni, 93.2 id,  0.0 wa,  0.0 hi,  0.0 si,  0.0 st
KiB Mem : 65877712 total, 61077848 free,  1373664 used,  3426200 buff/cache
KiB Swap: 33554428 total, 32464152 free,  1090276 used. 63247108 avail Mem 
--
top - 10:23:45 up 111 days,  2:07,  0 users,  load average: 2.60, 0.78, 0.37
Tasks: 411 total,   1 running, 410 sleeping,   0 stopped,   0 zombie
%Cpu(s):  0.0 us,  0.1 sy,  0.0 ni, 99.9 id,  0.0 wa,  0.0 hi,  0.0 si,  0.0 st
KiB Mem : 65877712 total, 61058916 free,  1392564 used,  3426232 buff/cache
KiB Swap: 33554428 total, 32464152 free,  1090276 used. 63228192 avail Mem 
--
top - 10:23:50 up 111 days,  2:07,  0 users,  load average: 2.40, 0.77, 0.37
Tasks: 411 total,   1 running, 410 sleeping,   0 stopped,   0 zombie
%Cpu(s):  0.1 us,  0.1 sy,  0.0 ni, 99.8 id,  0.0 wa,  0.0 hi,  0.0 si,  0.0 st
KiB Mem : 65877712 total, 61023072 free,  1428408 used,  3426232 buff/cache
KiB Swap: 33554428 total, 32464152 free,  1090276 used. 63192348 avail Mem 
--
top - 10:23:55 up 111 days,  2:07,  0 users,  load average: 2.20, 0.75, 0.37
Tasks: 411 total,   1 running, 410 sleeping,   0 stopped,   0 zombie
%Cpu(s):  0.1 us,  0.1 sy,  0.0 ni, 99.9 id,  0.0 wa,  0.0 hi,  0.0 si,  0.0 st
KiB Mem : 65877712 total, 60985312 free,  1466168 used,  3426232 buff/cache
KiB Swap: 33554428 total, 32464152 free,  1090276 used. 63154588 avail Mem 
--
top - 10:24:00 up 111 days,  2:07,  0 users,  load average: 2.03, 0.74, 0.37
Tasks: 422 total,   7 running, 415 sleeping,   0 stopped,   0 zombie
%Cpu(s): 13.2 us,  0.4 sy,  0.0 ni, 86.3 id,  0.1 wa,  0.0 hi,  0.0 si,  0.0 st
KiB Mem : 65877712 total, 60890780 free,  1560700 used,  3426232 buff/cache
KiB Swap: 33554428 total, 32464152 free,  1090276 used. 63060056 avail Mem 
--
top - 10:24:05 up 111 days,  2:07,  0 users,  load average: 2.03, 0.76, 0.38
Tasks: 412 total,   2 running, 410 sleeping,   0 stopped,   0 zombie
%Cpu(s): 33.1 us,  0.6 sy,  0.0 ni, 66.3 id,  0.0 wa,  0.0 hi,  0.0 si,  0.0 st
KiB Mem : 65877712 total, 60950728 free,  1500712 used,  3426272 buff/cache
KiB Swap: 33554428 total, 32464152 free,  1090276 used. 63120024 avail Mem 
--
top - 10:24:10 up 111 days,  2:07,  0 users,  load average: 2.42, 0.87, 0.41
Tasks: 412 total,   1 running, 411 sleeping,   0 stopped,   0 zombie
%Cpu(s):  0.0 us,  0.0 sy,  0.0 ni, 93.1 id,  6.8 wa,  0.0 hi,  0.0 si,  0.0 st
KiB Mem : 65877712 total, 60943276 free,  1508164 used,  3426272 buff/cache
KiB Swap: 33554428 total, 32464152 free,  1090276 used. 63112572 avail Mem 
--
top - 10:24:15 up 111 days,  2:07,  0 users,  load average: 2.79, 0.97, 0.45
Tasks: 412 total,   1 running, 411 sleeping,   0 stopped,   0 zombie
%Cpu(s):  0.1 us,  0.1 sy,  0.0 ni, 90.5 id,  9.3 wa,  0.0 hi,  0.0 si,  0.0 st
KiB Mem : 65877712 total, 60908968 free,  1542472 used,  3426272 buff/cache
KiB Swap: 33554428 total, 32464152 free,  1090276 used. 63078264 avail Mem 
--
top - 10:24:20 up 111 days,  2:07,  0 users,  load average: 2.57, 0.95, 0.44
Tasks: 412 total,   1 running, 411 sleeping,   0 stopped,   0 zombie
%Cpu(s):  0.1 us,  0.1 sy,  0.0 ni, 99.2 id,  0.6 wa,  0.0 hi,  0.0 si,  0.0 st
KiB Mem : 65877712 total, 60868708 free,  1582732 used,  3426272 buff/cache
KiB Swap: 33554428 total, 32464152 free,  1090276 used. 63038004 avail Mem 
--
top - 10:24:25 up 111 days,  2:07,  0 users,  load average: 3.96, 1.27, 0.55
Tasks: 412 total,   1 running, 411 sleeping,   0 stopped,   0 zombie
%Cpu(s): 40.8 us,  0.6 sy,  0.0 ni, 58.7 id,  0.0 wa,  0.0 hi,  0.0 si,  0.0 st
KiB Mem : 65877712 total, 60745188 free,  1706252 used,  3426272 buff/cache
KiB Swap: 33554428 total, 32464152 free,  1090276 used. 62914480 avail Mem 
--
top - 10:24:30 up 111 days,  2:07,  0 users,  load average: 3.64, 1.25, 0.55
Tasks: 412 total,   2 running, 410 sleeping,   0 stopped,   0 zombie
%Cpu(s):  0.1 us,  0.0 sy,  0.0 ni, 99.8 id,  0.0 wa,  0.0 hi,  0.0 si,  0.0 st
KiB Mem : 65877712 total, 60849832 free,  1601608 used,  3426272 buff/cache
KiB Swap: 33554428 total, 32464152 free,  1090276 used. 63019128 avail Mem 
--
top - 10:24:35 up 111 days,  2:07,  0 users,  load average: 3.35, 1.23, 0.54
Tasks: 412 total,   1 running, 411 sleeping,   0 stopped,   0 zombie
%Cpu(s):  0.1 us,  0.0 sy,  0.0 ni, 99.9 id,  0.0 wa,  0.0 hi,  0.0 si,  0.0 st
KiB Mem : 65877712 total, 60828660 free,  1622776 used,  3426276 buff/cache
KiB Swap: 33554428 total, 32464152 free,  1090276 used. 62997960 avail Mem 
--
top - 10:24:40 up 111 days,  2:07,  0 users,  load average: 3.08, 1.21, 0.54
Tasks: 412 total,   1 running, 411 sleeping,   0 stopped,   0 zombie
%Cpu(s):  0.1 us,  0.0 sy,  0.0 ni, 99.9 id,  0.0 wa,  0.0 hi,  0.0 si,  0.0 st
KiB Mem : 65877712 total, 60795220 free,  1656216 used,  3426276 buff/cache
KiB Swap: 33554428 total, 32464152 free,  1090276 used. 62964520 avail Mem 
--
top - 10:24:45 up 111 days,  2:08,  0 users,  load average: 2.84, 1.19, 0.54
Tasks: 412 total,   1 running, 411 sleeping,   0 stopped,   0 zombie
%Cpu(s):  0.1 us,  0.1 sy,  0.0 ni, 99.8 id,  0.1 wa,  0.0 hi,  0.0 si,  0.0 st
KiB Mem : 65877712 total, 60756720 free,  1694716 used,  3426276 buff/cache
KiB Swap: 33554428 total, 32464152 free,  1090276 used. 62926020 avail Mem 
--
top - 10:24:50 up 111 days,  2:08,  0 users,  load average: 5.01, 1.66, 0.70
Tasks: 412 total,   1 running, 411 sleeping,   0 stopped,   0 zombie
%Cpu(s): 37.4 us,  0.5 sy,  0.0 ni, 62.1 id,  0.0 wa,  0.0 hi,  0.0 si,  0.0 st
KiB Mem : 65877712 total, 60642948 free,  1808488 used,  3426276 buff/cache
KiB Swap: 33554428 total, 32464152 free,  1090276 used. 62812248 avail Mem 
--
top - 10:24:55 up 111 days,  2:08,  0 users,  load average: 4.61, 1.64, 0.69
Tasks: 412 total,   1 running, 411 sleeping,   0 stopped,   0 zombie
%Cpu(s):  1.4 us,  0.0 sy,  0.0 ni, 98.5 id,  0.0 wa,  0.0 hi,  0.0 si,  0.0 st
KiB Mem : 65877712 total, 60756224 free,  1695212 used,  3426276 buff/cache
KiB Swap: 33554428 total, 32464152 free,  1090276 used. 62925524 avail Mem 
--
top - 10:25:00 up 111 days,  2:08,  0 users,  load average: 4.24, 1.61, 0.69
Tasks: 412 total,   1 running, 411 sleeping,   0 stopped,   0 zombie
%Cpu(s):  0.0 us,  0.0 sy,  0.0 ni, 99.9 id,  0.0 wa,  0.0 hi,  0.0 si,  0.0 st
KiB Mem : 65877712 total, 60738632 free,  1712804 used,  3426276 buff/cache
KiB Swap: 33554428 total, 32464152 free,  1090276 used. 62907932 avail Mem 
--
top - 10:25:05 up 111 days,  2:08,  0 users,  load average: 3.90, 1.58, 0.68
Tasks: 412 total,   1 running, 411 sleeping,   0 stopped,   0 zombie
%Cpu(s):  0.1 us,  0.1 sy,  0.0 ni, 99.8 id,  0.0 wa,  0.0 hi,  0.0 si,  0.0 st
KiB Mem : 65877712 total, 60701048 free,  1750388 used,  3426276 buff/cache
KiB Swap: 33554428 total, 32464152 free,  1090276 used. 62870348 avail Mem 
--
top - 10:25:10 up 111 days,  2:08,  0 users,  load average: 3.59, 1.56, 0.68
Tasks: 412 total,   1 running, 411 sleeping,   0 stopped,   0 zombie
%Cpu(s):  0.1 us,  0.1 sy,  0.0 ni, 99.9 id,  0.0 wa,  0.0 hi,  0.0 si,  0.0 st
KiB Mem : 65877712 total, 60660160 free,  1791276 used,  3426276 buff/cache
KiB Swap: 33554428 total, 32464152 free,  1090276 used. 62829460 avail Mem 
--
top - 10:25:15 up 111 days,  2:08,  0 users,  load average: 3.30, 1.53, 0.68
Tasks: 412 total,   1 running, 411 sleeping,   0 stopped,   0 zombie
%Cpu(s): 42.0 us,  0.4 sy,  0.0 ni, 57.5 id,  0.0 wa,  0.0 hi,  0.0 si,  0.0 st
KiB Mem : 65877712 total, 60546624 free,  1904812 used,  3426276 buff/cache
KiB Swap: 33554428 total, 32464152 free,  1090276 used. 62715924 avail Mem 
