Job id: 4754842
Worker ip: 10.149.0.56
Master ip: 10.149.0.68
--
top - 10:35:38 up 111 days,  2:17,  0 users,  load average: 0.07, 0.21, 0.27
Tasks: 396 total,   1 running, 395 sleeping,   0 stopped,   0 zombie
%Cpu(s):  2.5 us,  5.1 sy,  0.0 ni, 92.0 id,  0.0 wa,  0.0 hi,  0.4 si,  0.0 st
KiB Mem : 65877712 total, 52558860 free,  1128352 used, 12190500 buff/cache
KiB Swap: 33554428 total, 32294348 free,  1260080 used. 63429876 avail Mem 
--
top - 10:35:43 up 111 days,  2:17,  0 users,  load average: 0.06, 0.21, 0.27
Tasks: 398 total,   1 running, 397 sleeping,   0 stopped,   0 zombie
%Cpu(s):  1.7 us,  0.4 sy,  0.0 ni, 97.9 id,  0.0 wa,  0.0 hi,  0.0 si,  0.0 st
KiB Mem : 65877712 total, 52535640 free,  1144384 used, 12197688 buff/cache
KiB Swap: 33554428 total, 32294348 free,  1260080 used. 63413696 avail Mem 
--
top - 10:35:48 up 111 days,  2:17,  0 users,  load average: 0.06, 0.21, 0.27
Tasks: 398 total,   1 running, 397 sleeping,   0 stopped,   0 zombie
%Cpu(s):  0.0 us,  0.0 sy,  0.0 ni,100.0 id,  0.0 wa,  0.0 hi,  0.0 si,  0.0 st
KiB Mem : 65877712 total, 52535640 free,  1144384 used, 12197688 buff/cache
KiB Swap: 33554428 total, 32294348 free,  1260080 used. 63413696 avail Mem 
--
top - 10:35:53 up 111 days,  2:18,  0 users,  load average: 0.05, 0.20, 0.27
Tasks: 398 total,   1 running, 397 sleeping,   0 stopped,   0 zombie
%Cpu(s):  0.0 us,  0.0 sy,  0.0 ni, 99.9 id,  0.0 wa,  0.0 hi,  0.0 si,  0.0 st
KiB Mem : 65877712 total, 52536144 free,  1144424 used, 12197144 buff/cache
KiB Swap: 33554428 total, 32294348 free,  1260080 used. 63413772 avail Mem 
--
top - 10:35:58 up 111 days,  2:18,  0 users,  load average: 0.05, 0.20, 0.27
Tasks: 398 total,   1 running, 397 sleeping,   0 stopped,   0 zombie
%Cpu(s):  0.0 us,  0.0 sy,  0.0 ni,100.0 id,  0.0 wa,  0.0 hi,  0.0 si,  0.0 st
KiB Mem : 65877712 total, 52536144 free,  1144424 used, 12197144 buff/cache
KiB Swap: 33554428 total, 32294348 free,  1260080 used. 63413772 avail Mem 
--
top - 10:36:03 up 111 days,  2:18,  0 users,  load average: 0.05, 0.20, 0.27
Tasks: 402 total,   1 running, 401 sleeping,   0 stopped,   0 zombie
%Cpu(s):  0.4 us,  0.2 sy,  0.0 ni, 99.0 id,  0.3 wa,  0.0 hi,  0.0 si,  0.0 st
KiB Mem : 65877712 total, 52536008 free,  1144508 used, 12197196 buff/cache
KiB Swap: 33554428 total, 32294348 free,  1260080 used. 63413640 avail Mem 
--
top - 10:36:08 up 111 days,  2:18,  0 users,  load average: 0.04, 0.19, 0.26
Tasks: 402 total,   1 running, 401 sleeping,   0 stopped,   0 zombie
%Cpu(s):  0.0 us,  0.0 sy,  0.0 ni,100.0 id,  0.0 wa,  0.0 hi,  0.0 si,  0.0 st
KiB Mem : 65877712 total, 52535968 free,  1144540 used, 12197204 buff/cache
KiB Swap: 33554428 total, 32294348 free,  1260080 used. 63413604 avail Mem 
--
top - 10:36:14 up 111 days,  2:18,  0 users,  load average: 0.04, 0.19, 0.26
Tasks: 402 total,   1 running, 401 sleeping,   0 stopped,   0 zombie
%Cpu(s):  0.1 us,  0.1 sy,  0.0 ni, 99.8 id,  0.0 wa,  0.0 hi,  0.0 si,  0.0 st
KiB Mem : 65877712 total, 52483704 free,  1196804 used, 12197204 buff/cache
KiB Swap: 33554428 total, 32294348 free,  1260080 used. 63361340 avail Mem 
--
top - 10:36:19 up 111 days,  2:18,  0 users,  load average: 0.04, 0.19, 0.26
Tasks: 402 total,   1 running, 401 sleeping,   0 stopped,   0 zombie
%Cpu(s):  0.1 us,  0.1 sy,  0.0 ni, 99.8 id,  0.0 wa,  0.0 hi,  0.0 si,  0.0 st
KiB Mem : 65877712 total, 52405280 free,  1275228 used, 12197204 buff/cache
KiB Swap: 33554428 total, 32294348 free,  1260080 used. 63282916 avail Mem 
--
top - 10:36:24 up 111 days,  2:18,  0 users,  load average: 0.03, 0.18, 0.26
Tasks: 402 total,   2 running, 400 sleeping,   0 stopped,   0 zombie
%Cpu(s):  4.3 us,  0.3 sy,  0.0 ni, 95.3 id,  0.0 wa,  0.0 hi,  0.0 si,  0.0 st
KiB Mem : 65877712 total, 52169212 free,  1511296 used, 12197204 buff/cache
KiB Swap: 33554428 total, 32294348 free,  1260080 used. 63051564 avail Mem 
--
top - 10:36:29 up 111 days,  2:18,  0 users,  load average: 2.43, 0.68, 0.42
Tasks: 402 total,   1 running, 401 sleeping,   0 stopped,   0 zombie
%Cpu(s): 82.3 us,  0.4 sy,  0.0 ni, 17.3 id,  0.0 wa,  0.0 hi,  0.0 si,  0.0 st
KiB Mem : 65877712 total, 51915400 free,  1765108 used, 12197204 buff/cache
KiB Swap: 33554428 total, 32294348 free,  1260080 used. 62793036 avail Mem 
--
top - 10:36:34 up 111 days,  2:18,  0 users,  load average: 2.24, 0.67, 0.42
Tasks: 402 total,   1 running, 401 sleeping,   0 stopped,   0 zombie
%Cpu(s):  0.0 us,  0.0 sy,  0.0 ni, 99.9 id,  0.0 wa,  0.0 hi,  0.0 si,  0.0 st
KiB Mem : 65877712 total, 52105288 free,  1575220 used, 12197204 buff/cache
KiB Swap: 33554428 total, 32294348 free,  1260080 used. 62982924 avail Mem 
--
top - 10:36:39 up 111 days,  2:18,  0 users,  load average: 2.06, 0.66, 0.41
Tasks: 402 total,   1 running, 401 sleeping,   0 stopped,   0 zombie
%Cpu(s):  0.1 us,  0.1 sy,  0.0 ni, 99.8 id,  0.0 wa,  0.0 hi,  0.0 si,  0.0 st
KiB Mem : 65877712 total, 52052316 free,  1628192 used, 12197204 buff/cache
KiB Swap: 33554428 total, 32294348 free,  1260080 used. 62929952 avail Mem 
--
top - 10:36:44 up 111 days,  2:18,  0 users,  load average: 1.89, 0.65, 0.41
Tasks: 402 total,   1 running, 401 sleeping,   0 stopped,   0 zombie
%Cpu(s):  0.1 us,  0.1 sy,  0.0 ni, 99.8 id,  0.0 wa,  0.0 hi,  0.0 si,  0.0 st
KiB Mem : 65877712 total, 51976888 free,  1703620 used, 12197204 buff/cache
KiB Swap: 33554428 total, 32294348 free,  1260080 used. 62854524 avail Mem 
--
top - 10:36:49 up 111 days,  2:18,  0 users,  load average: 1.74, 0.63, 0.41
Tasks: 402 total,   2 running, 400 sleeping,   0 stopped,   0 zombie
%Cpu(s): 34.9 us,  0.3 sy,  0.0 ni, 64.8 id,  0.0 wa,  0.0 hi,  0.0 si,  0.0 st
KiB Mem : 65877712 total, 51838232 free,  1842272 used, 12197208 buff/cache
KiB Swap: 33554428 total, 32294348 free,  1260080 used. 62715872 avail Mem 
--
top - 10:36:54 up 111 days,  2:19,  0 users,  load average: 1.60, 0.62, 0.41
Tasks: 402 total,   1 running, 401 sleeping,   0 stopped,   0 zombie
%Cpu(s): 47.0 us,  0.2 sy,  0.0 ni, 52.8 id,  0.0 wa,  0.0 hi,  0.0 si,  0.0 st
KiB Mem : 65877712 total, 51718184 free,  1962320 used, 12197208 buff/cache
KiB Swap: 33554428 total, 32294348 free,  1260080 used. 62595824 avail Mem 
--
top - 10:36:59 up 111 days,  2:19,  0 users,  load average: 1.47, 0.61, 0.41
Tasks: 399 total,   1 running, 398 sleeping,   0 stopped,   0 zombie
%Cpu(s):  0.0 us,  0.0 sy,  0.0 ni, 99.9 id,  0.0 wa,  0.0 hi,  0.0 si,  0.0 st
KiB Mem : 65877712 total, 51898000 free,  1782504 used, 12197208 buff/cache
KiB Swap: 33554428 total, 32294348 free,  1260080 used. 62775640 avail Mem 
--
top - 10:37:04 up 111 days,  2:19,  0 users,  load average: 1.36, 0.60, 0.40
Tasks: 398 total,   1 running, 397 sleeping,   0 stopped,   0 zombie
%Cpu(s):  0.1 us,  0.1 sy,  0.0 ni, 99.8 id,  0.0 wa,  0.0 hi,  0.0 si,  0.0 st
KiB Mem : 65877712 total, 51821336 free,  1859168 used, 12197208 buff/cache
KiB Swap: 33554428 total, 32294348 free,  1260080 used. 62698976 avail Mem 
--
top - 10:37:09 up 111 days,  2:19,  0 users,  load average: 1.25, 0.59, 0.40
Tasks: 397 total,   1 running, 396 sleeping,   0 stopped,   0 zombie
%Cpu(s):  0.1 us,  0.1 sy,  0.0 ni, 99.8 id,  0.0 wa,  0.0 hi,  0.0 si,  0.0 st
KiB Mem : 65877712 total, 51742708 free,  1937796 used, 12197208 buff/cache
KiB Swap: 33554428 total, 32294348 free,  1260080 used. 62620348 avail Mem 
--
top - 10:37:14 up 111 days,  2:19,  0 users,  load average: 3.55, 1.08, 0.56
Tasks: 398 total,   1 running, 397 sleeping,   0 stopped,   0 zombie
%Cpu(s): 80.5 us,  0.6 sy,  0.0 ni, 18.9 id,  0.0 wa,  0.0 hi,  0.0 si,  0.0 st
KiB Mem : 65877712 total, 51527640 free,  2152864 used, 12197208 buff/cache
KiB Swap: 33554428 total, 32294348 free,  1260080 used. 62405280 avail Mem 
--
top - 10:37:19 up 111 days,  2:19,  0 users,  load average: 3.27, 1.06, 0.56
Tasks: 398 total,   1 running, 397 sleeping,   0 stopped,   0 zombie
%Cpu(s):  0.0 us,  0.0 sy,  0.0 ni, 99.9 id,  0.0 wa,  0.0 hi,  0.0 si,  0.0 st
KiB Mem : 65877712 total, 51680288 free,  2000216 used, 12197208 buff/cache
KiB Swap: 33554428 total, 32294348 free,  1260080 used. 62557928 avail Mem 
--
top - 10:37:24 up 111 days,  2:19,  0 users,  load average: 3.00, 1.05, 0.56
Tasks: 398 total,   1 running, 397 sleeping,   0 stopped,   0 zombie
%Cpu(s):  0.1 us,  0.1 sy,  0.0 ni, 99.8 id,  0.0 wa,  0.0 hi,  0.0 si,  0.0 st
KiB Mem : 65877712 total, 51637308 free,  2043196 used, 12197208 buff/cache
KiB Swap: 33554428 total, 32294348 free,  1260080 used. 62514948 avail Mem 
--
top - 10:37:29 up 111 days,  2:19,  0 users,  load average: 2.76, 1.03, 0.55
Tasks: 398 total,   1 running, 397 sleeping,   0 stopped,   0 zombie
%Cpu(s):  0.1 us,  0.1 sy,  0.0 ni, 99.7 id,  0.0 wa,  0.0 hi,  0.0 si,  0.0 st
KiB Mem : 65877712 total, 51567900 free,  2112604 used, 12197208 buff/cache
KiB Swap: 33554428 total, 32294348 free,  1260080 used. 62445540 avail Mem 
--
top - 10:37:34 up 111 days,  2:19,  0 users,  load average: 2.54, 1.01, 0.55
Tasks: 398 total,   2 running, 396 sleeping,   0 stopped,   0 zombie
%Cpu(s):  6.9 us,  0.4 sy,  0.0 ni, 92.7 id,  0.0 wa,  0.0 hi,  0.0 si,  0.0 st
KiB Mem : 65877712 total, 51481568 free,  2198932 used, 12197212 buff/cache
KiB Swap: 33554428 total, 32294348 free,  1260080 used. 62359212 avail Mem 
--
top - 10:37:39 up 111 days,  2:19,  0 users,  load average: 4.74, 1.49, 0.71
Tasks: 398 total,   1 running, 397 sleeping,   0 stopped,   0 zombie
%Cpu(s): 70.6 us,  0.4 sy,  0.0 ni, 29.0 id,  0.0 wa,  0.0 hi,  0.0 si,  0.0 st
KiB Mem : 65877712 total, 51292724 free,  2387776 used, 12197212 buff/cache
KiB Swap: 33554428 total, 32294348 free,  1260080 used. 62170368 avail Mem 
--
top - 10:37:44 up 111 days,  2:19,  0 users,  load average: 4.36, 1.47, 0.70
Tasks: 398 total,   1 running, 397 sleeping,   0 stopped,   0 zombie
%Cpu(s):  0.0 us,  0.0 sy,  0.0 ni, 99.9 id,  0.0 wa,  0.0 hi,  0.0 si,  0.0 st
KiB Mem : 65877712 total, 51483440 free,  2197060 used, 12197212 buff/cache
KiB Swap: 33554428 total, 32294348 free,  1260080 used. 62361084 avail Mem 
--
top - 10:37:49 up 111 days,  2:19,  0 users,  load average: 4.01, 1.44, 0.70
Tasks: 398 total,   1 running, 397 sleeping,   0 stopped,   0 zombie
%Cpu(s):  0.2 us,  0.1 sy,  0.0 ni, 99.7 id,  0.0 wa,  0.0 hi,  0.0 si,  0.0 st
KiB Mem : 65877712 total, 51418452 free,  2262060 used, 12197200 buff/cache
KiB Swap: 33554428 total, 32294368 free,  1260060 used. 62296096 avail Mem 
--
top - 10:37:54 up 111 days,  2:20,  0 users,  load average: 3.69, 1.42, 0.70
Tasks: 398 total,   1 running, 397 sleeping,   0 stopped,   0 zombie
%Cpu(s):  0.1 us,  0.1 sy,  0.0 ni, 99.8 id,  0.0 wa,  0.0 hi,  0.0 si,  0.0 st
KiB Mem : 65877712 total, 51355196 free,  2325304 used, 12197212 buff/cache
KiB Swap: 33554428 total, 32294368 free,  1260060 used. 62232840 avail Mem 
--
top - 10:37:59 up 111 days,  2:20,  0 users,  load average: 3.40, 1.40, 0.69
Tasks: 398 total,   2 running, 396 sleeping,   0 stopped,   0 zombie
%Cpu(s): 11.0 us,  0.4 sy,  0.0 ni, 88.5 id,  0.0 wa,  0.0 hi,  0.0 si,  0.0 st
KiB Mem : 65877712 total, 51250924 free,  2429576 used, 12197212 buff/cache
KiB Swap: 33554428 total, 32294368 free,  1260060 used. 62128568 avail Mem 
--
top - 10:38:04 up 111 days,  2:20,  0 users,  load average: 5.53, 1.87, 0.85
Tasks: 403 total,   1 running, 402 sleeping,   0 stopped,   0 zombie
%Cpu(s): 73.0 us,  0.7 sy,  0.0 ni, 26.2 id,  0.0 wa,  0.0 hi,  0.0 si,  0.0 st
KiB Mem : 65877712 total, 51073924 free,  2606568 used, 12197220 buff/cache
KiB Swap: 33554428 total, 32294368 free,  1260060 used. 61951572 avail Mem 
