Job id: 4754779
Worker ip: 10.149.0.55
Master ip: 10.149.0.54
--
top - 10:20:16 up 111 days,  2:02,  0 users,  load average: 2.82, 4.74, 2.52
Tasks: 406 total,   2 running, 404 sleeping,   0 stopped,   0 zombie
%Cpu(s):  2.6 us,  4.9 sy,  0.0 ni, 92.2 id,  0.0 wa,  0.0 hi,  0.4 si,  0.0 st
KiB Mem : 65877712 total, 50941920 free,  1134448 used, 13801344 buff/cache
KiB Swap: 33554428 total, 32320508 free,  1233920 used. 63519544 avail Mem 
--
top - 10:20:21 up 111 days,  2:02,  0 users,  load average: 2.59, 4.66, 2.51
Tasks: 407 total,   1 running, 406 sleeping,   0 stopped,   0 zombie
%Cpu(s):  1.6 us,  0.4 sy,  0.0 ni, 97.9 id,  0.0 wa,  0.0 hi,  0.0 si,  0.0 st
KiB Mem : 65877712 total, 50923044 free,  1146564 used, 13808104 buff/cache
KiB Swap: 33554428 total, 32320508 free,  1233920 used. 63507316 avail Mem 
--
top - 10:20:26 up 111 days,  2:02,  0 users,  load average: 2.39, 4.58, 2.50
Tasks: 407 total,   1 running, 406 sleeping,   0 stopped,   0 zombie
%Cpu(s):  0.0 us,  0.0 sy,  0.0 ni,100.0 id,  0.0 wa,  0.0 hi,  0.0 si,  0.0 st
KiB Mem : 65877712 total, 50923060 free,  1146548 used, 13808104 buff/cache
KiB Swap: 33554428 total, 32320508 free,  1233920 used. 63507332 avail Mem 
--
top - 10:20:31 up 111 days,  2:02,  0 users,  load average: 2.20, 4.50, 2.48
Tasks: 407 total,   1 running, 406 sleeping,   0 stopped,   0 zombie
%Cpu(s):  0.0 us,  0.0 sy,  0.0 ni,100.0 id,  0.0 wa,  0.0 hi,  0.0 si,  0.0 st
KiB Mem : 65877712 total, 50923696 free,  1145912 used, 13808104 buff/cache
KiB Swap: 33554428 total, 32320508 free,  1233920 used. 63507968 avail Mem 
--
top - 10:20:36 up 111 days,  2:02,  0 users,  load average: 2.02, 4.43, 2.47
Tasks: 407 total,   1 running, 406 sleeping,   0 stopped,   0 zombie
%Cpu(s):  0.0 us,  0.0 sy,  0.0 ni,100.0 id,  0.0 wa,  0.0 hi,  0.0 si,  0.0 st
KiB Mem : 65877712 total, 50924536 free,  1145072 used, 13808104 buff/cache
KiB Swap: 33554428 total, 32320508 free,  1233920 used. 63508808 avail Mem 
--
top - 10:20:41 up 111 days,  2:02,  0 users,  load average: 1.86, 4.35, 2.46
Tasks: 407 total,   1 running, 406 sleeping,   0 stopped,   0 zombie
%Cpu(s):  0.0 us,  0.0 sy,  0.0 ni,100.0 id,  0.0 wa,  0.0 hi,  0.0 si,  0.0 st
KiB Mem : 65877712 total, 50925528 free,  1144080 used, 13808104 buff/cache
KiB Swap: 33554428 total, 32320508 free,  1233920 used. 63509800 avail Mem 
--
top - 10:20:46 up 111 days,  2:03,  0 users,  load average: 1.71, 4.28, 2.44
Tasks: 408 total,   1 running, 407 sleeping,   0 stopped,   0 zombie
%Cpu(s):  0.0 us,  0.0 sy,  0.0 ni,100.0 id,  0.0 wa,  0.0 hi,  0.0 si,  0.0 st
KiB Mem : 65877712 total, 50925760 free,  1143848 used, 13808104 buff/cache
KiB Swap: 33554428 total, 32320508 free,  1233920 used. 63510032 avail Mem 
--
top - 10:20:51 up 111 days,  2:03,  0 users,  load average: 1.57, 4.21, 2.43
Tasks: 408 total,   1 running, 407 sleeping,   0 stopped,   0 zombie
%Cpu(s):  0.0 us,  0.0 sy,  0.0 ni,100.0 id,  0.0 wa,  0.0 hi,  0.0 si,  0.0 st
KiB Mem : 65877712 total, 50926476 free,  1143132 used, 13808104 buff/cache
KiB Swap: 33554428 total, 32320508 free,  1233920 used. 63510748 avail Mem 
--
top - 10:20:56 up 111 days,  2:03,  0 users,  load average: 1.45, 4.14, 2.42
Tasks: 408 total,   1 running, 407 sleeping,   0 stopped,   0 zombie
%Cpu(s):  0.1 us,  0.1 sy,  0.0 ni, 99.8 id,  0.0 wa,  0.0 hi,  0.0 si,  0.0 st
KiB Mem : 65877712 total, 50854816 free,  1214792 used, 13808104 buff/cache
KiB Swap: 33554428 total, 32320508 free,  1233920 used. 63439088 avail Mem 
--
top - 10:21:01 up 111 days,  2:03,  0 users,  load average: 1.33, 4.07, 2.40
Tasks: 405 total,   1 running, 404 sleeping,   0 stopped,   0 zombie
%Cpu(s):  0.1 us,  0.1 sy,  0.0 ni, 99.8 id,  0.0 wa,  0.0 hi,  0.0 si,  0.0 st
KiB Mem : 65877712 total, 50783932 free,  1285676 used, 13808104 buff/cache
KiB Swap: 33554428 total, 32320508 free,  1233920 used. 63368204 avail Mem 
--
top - 10:21:06 up 111 days,  2:03,  0 users,  load average: 1.95, 4.15, 2.44
Tasks: 404 total,   1 running, 403 sleeping,   0 stopped,   0 zombie
%Cpu(s): 80.3 us,  0.6 sy,  0.0 ni, 19.0 id,  0.0 wa,  0.0 hi,  0.0 si,  0.0 st
KiB Mem : 65877712 total, 50334996 free,  1734612 used, 13808104 buff/cache
KiB Swap: 33554428 total, 32320508 free,  1233920 used. 62919268 avail Mem 
--
top - 10:21:11 up 111 days,  2:03,  0 users,  load average: 1.79, 4.09, 2.43
Tasks: 404 total,   1 running, 403 sleeping,   0 stopped,   0 zombie
%Cpu(s):  0.0 us,  0.0 sy,  0.0 ni, 99.9 id,  0.0 wa,  0.0 hi,  0.0 si,  0.0 st
KiB Mem : 65877712 total, 50482688 free,  1586916 used, 13808108 buff/cache
KiB Swap: 33554428 total, 32320508 free,  1233920 used. 63066964 avail Mem 
--
top - 10:21:16 up 111 days,  2:03,  0 users,  load average: 1.65, 4.02, 2.41
Tasks: 404 total,   1 running, 403 sleeping,   0 stopped,   0 zombie
%Cpu(s):  0.1 us,  0.1 sy,  0.0 ni, 99.8 id,  0.0 wa,  0.0 hi,  0.0 si,  0.0 st
KiB Mem : 65877712 total, 50429364 free,  1640240 used, 13808108 buff/cache
KiB Swap: 33554428 total, 32320508 free,  1233920 used. 63013640 avail Mem 
--
top - 10:21:21 up 111 days,  2:03,  0 users,  load average: 2.08, 4.07, 2.44
Tasks: 404 total,   1 running, 403 sleeping,   0 stopped,   0 zombie
%Cpu(s):  0.1 us,  0.1 sy,  0.0 ni, 93.4 id,  6.4 wa,  0.0 hi,  0.0 si,  0.0 st
KiB Mem : 65877712 total, 50351924 free,  1717680 used, 13808108 buff/cache
KiB Swap: 33554428 total, 32320508 free,  1233920 used. 62936200 avail Mem 
--
top - 10:21:26 up 111 days,  2:03,  0 users,  load average: 5.03, 4.65, 2.63
Tasks: 405 total,   2 running, 403 sleeping,   0 stopped,   0 zombie
%Cpu(s): 28.7 us,  0.3 sy,  0.0 ni, 63.3 id,  7.6 wa,  0.0 hi,  0.0 si,  0.0 st
KiB Mem : 65877712 total, 50212188 free,  1857416 used, 13808108 buff/cache
KiB Swap: 33554428 total, 32320508 free,  1233920 used. 62796464 avail Mem 
--
top - 10:21:31 up 111 days,  2:03,  0 users,  load average: 4.63, 4.57, 2.62
Tasks: 405 total,   1 running, 404 sleeping,   0 stopped,   0 zombie
%Cpu(s): 54.7 us,  0.2 sy,  0.0 ni, 44.6 id,  0.5 wa,  0.0 hi,  0.0 si,  0.0 st
KiB Mem : 65877712 total, 50222284 free,  1847320 used, 13808108 buff/cache
KiB Swap: 33554428 total, 32320508 free,  1233920 used. 62806560 avail Mem 
--
top - 10:21:36 up 111 days,  2:03,  0 users,  load average: 4.26, 4.49, 2.61
Tasks: 405 total,   1 running, 404 sleeping,   0 stopped,   0 zombie
%Cpu(s):  0.1 us,  0.0 sy,  0.0 ni, 99.9 id,  0.0 wa,  0.0 hi,  0.0 si,  0.0 st
KiB Mem : 65877712 total, 50254208 free,  1815396 used, 13808108 buff/cache
KiB Swap: 33554428 total, 32320508 free,  1233920 used. 62838484 avail Mem 
--
top - 10:21:41 up 111 days,  2:03,  0 users,  load average: 3.92, 4.42, 2.59
Tasks: 405 total,   1 running, 404 sleeping,   0 stopped,   0 zombie
%Cpu(s):  0.1 us,  0.1 sy,  0.0 ni, 99.7 id,  0.0 wa,  0.0 hi,  0.0 si,  0.0 st
KiB Mem : 65877712 total, 50177324 free,  1892280 used, 13808108 buff/cache
KiB Swap: 33554428 total, 32320508 free,  1233920 used. 62761600 avail Mem 
--
top - 10:21:46 up 111 days,  2:04,  0 users,  load average: 3.60, 4.35, 2.58
Tasks: 405 total,   1 running, 404 sleeping,   0 stopped,   0 zombie
%Cpu(s):  0.1 us,  0.1 sy,  0.0 ni, 99.7 id,  0.0 wa,  0.0 hi,  0.0 si,  0.0 st
KiB Mem : 65877712 total, 50102432 free,  1967172 used, 13808108 buff/cache
KiB Swap: 33554428 total, 32320508 free,  1233920 used. 62686708 avail Mem 
--
top - 10:21:51 up 111 days,  2:04,  0 users,  load average: 5.64, 4.76, 2.72
Tasks: 405 total,   1 running, 404 sleeping,   0 stopped,   0 zombie
%Cpu(s): 84.3 us,  0.8 sy,  0.0 ni, 14.9 id,  0.0 wa,  0.0 hi,  0.0 si,  0.0 st
KiB Mem : 65877712 total, 49888120 free,  2181484 used, 13808108 buff/cache
KiB Swap: 33554428 total, 32320508 free,  1233920 used. 62472396 avail Mem 
--
top - 10:21:56 up 111 days,  2:04,  0 users,  load average: 5.19, 4.68, 2.70
Tasks: 405 total,   1 running, 404 sleeping,   0 stopped,   0 zombie
%Cpu(s):  0.3 us,  0.0 sy,  0.0 ni, 99.7 id,  0.0 wa,  0.0 hi,  0.0 si,  0.0 st
KiB Mem : 65877712 total, 50064284 free,  2005320 used, 13808108 buff/cache
KiB Swap: 33554428 total, 32320508 free,  1233920 used. 62648560 avail Mem 
--
top - 10:22:01 up 111 days,  2:04,  0 users,  load average: 4.77, 4.60, 2.69
Tasks: 405 total,   1 running, 404 sleeping,   0 stopped,   0 zombie
%Cpu(s):  0.5 us,  0.2 sy,  0.0 ni, 98.9 id,  0.4 wa,  0.0 hi,  0.0 si,  0.0 st
KiB Mem : 65877712 total, 50000704 free,  2068900 used, 13808108 buff/cache
KiB Swap: 33554428 total, 32320508 free,  1233920 used. 62584980 avail Mem 
--
top - 10:22:06 up 111 days,  2:04,  0 users,  load average: 4.39, 4.52, 2.68
Tasks: 409 total,   1 running, 408 sleeping,   0 stopped,   0 zombie
%Cpu(s):  0.1 us,  0.1 sy,  0.0 ni, 99.8 id,  0.0 wa,  0.0 hi,  0.0 si,  0.0 st
KiB Mem : 65877712 total, 49932756 free,  2136844 used, 13808112 buff/cache
KiB Swap: 33554428 total, 32320508 free,  1233920 used. 62517032 avail Mem 
--
top - 10:22:11 up 111 days,  2:04,  0 users,  load average: 6.12, 4.88, 2.80
Tasks: 409 total,   2 running, 407 sleeping,   0 stopped,   0 zombie
%Cpu(s): 46.2 us,  0.5 sy,  0.0 ni, 53.3 id,  0.0 wa,  0.0 hi,  0.0 si,  0.0 st
KiB Mem : 65877712 total, 49766556 free,  2303044 used, 13808112 buff/cache
KiB Swap: 33554428 total, 32320508 free,  1233920 used. 62350836 avail Mem 
--
top - 10:22:16 up 111 days,  2:04,  0 users,  load average: 5.63, 4.80, 2.79
Tasks: 409 total,   1 running, 408 sleeping,   0 stopped,   0 zombie
%Cpu(s): 34.9 us,  0.2 sy,  0.0 ni, 64.9 id,  0.0 wa,  0.0 hi,  0.0 si,  0.0 st
KiB Mem : 65877712 total, 49848344 free,  2221256 used, 13808112 buff/cache
KiB Swap: 33554428 total, 32320508 free,  1233920 used. 62432624 avail Mem 
--
top - 10:22:21 up 111 days,  2:04,  0 users,  load average: 5.18, 4.72, 2.77
Tasks: 408 total,   1 running, 407 sleeping,   0 stopped,   0 zombie
%Cpu(s):  0.1 us,  0.1 sy,  0.0 ni, 99.9 id,  0.0 wa,  0.0 hi,  0.0 si,  0.0 st
KiB Mem : 65877712 total, 49833184 free,  2236416 used, 13808112 buff/cache
KiB Swap: 33554428 total, 32320508 free,  1233920 used. 62417464 avail Mem 
--
top - 10:22:26 up 111 days,  2:04,  0 users,  load average: 5.40, 4.77, 2.80
Tasks: 409 total,   1 running, 408 sleeping,   0 stopped,   0 zombie
%Cpu(s):  0.1 us,  0.1 sy,  0.0 ni, 94.8 id,  5.0 wa,  0.0 hi,  0.0 si,  0.0 st
KiB Mem : 65877712 total, 49757364 free,  2312236 used, 13808112 buff/cache
KiB Swap: 33554428 total, 32320508 free,  1233920 used. 62341644 avail Mem 
--
top - 10:22:31 up 111 days,  2:04,  0 users,  load average: 5.53, 4.81, 2.82
Tasks: 410 total,   1 running, 409 sleeping,   0 stopped,   0 zombie
%Cpu(s):  0.1 us,  0.1 sy,  0.0 ni, 90.4 id,  9.3 wa,  0.0 hi,  0.0 si,  0.0 st
KiB Mem : 65877712 total, 49689352 free,  2380248 used, 13808112 buff/cache
KiB Swap: 33554428 total, 32320508 free,  1233920 used. 62273632 avail Mem 
--
top - 10:22:37 up 111 days,  2:04,  0 users,  load average: 7.57, 5.25, 2.97
Tasks: 410 total,   2 running, 408 sleeping,   0 stopped,   0 zombie
%Cpu(s): 59.4 us,  0.8 sy,  0.0 ni, 37.7 id,  2.1 wa,  0.0 hi,  0.0 si,  0.0 st
KiB Mem : 65877712 total, 49510628 free,  2558972 used, 13808112 buff/cache
KiB Swap: 33554428 total, 32320508 free,  1233920 used. 62094908 avail Mem 
