Job id: 4754769
Worker ip: 10.149.0.59
Master ip: 10.149.0.56
--
top - 10:18:07 up 111 days,  2:02,  0 users,  load average: 0.02, 0.25, 0.27
Tasks: 407 total,   2 running, 405 sleeping,   0 stopped,   0 zombie
%Cpu(s):  2.7 us,  4.4 sy,  0.0 ni, 92.5 id,  0.0 wa,  0.0 hi,  0.4 si,  0.0 st
KiB Mem : 65877692 total, 48799816 free,  1198796 used, 15879080 buff/cache
KiB Swap: 33554428 total, 32377032 free,  1177396 used. 63376172 avail Mem 
--
top - 10:18:12 up 111 days,  2:02,  0 users,  load average: 0.02, 0.25, 0.27
Tasks: 408 total,   1 running, 407 sleeping,   0 stopped,   0 zombie
%Cpu(s):  1.6 us,  0.4 sy,  0.0 ni, 98.0 id,  0.0 wa,  0.0 hi,  0.0 si,  0.0 st
KiB Mem : 65877692 total, 48783312 free,  1208616 used, 15885764 buff/cache
KiB Swap: 33554428 total, 32377032 free,  1177396 used. 63366280 avail Mem 
--
top - 10:18:17 up 111 days,  2:02,  0 users,  load average: 0.02, 0.24, 0.27
Tasks: 408 total,   1 running, 407 sleeping,   0 stopped,   0 zombie
%Cpu(s):  0.0 us,  0.0 sy,  0.0 ni,100.0 id,  0.0 wa,  0.0 hi,  0.0 si,  0.0 st
KiB Mem : 65877692 total, 48784564 free,  1207364 used, 15885764 buff/cache
KiB Swap: 33554428 total, 32377032 free,  1177396 used. 63367532 avail Mem 
--
top - 10:18:22 up 111 days,  2:02,  0 users,  load average: 0.02, 0.24, 0.27
Tasks: 408 total,   1 running, 407 sleeping,   0 stopped,   0 zombie
%Cpu(s):  0.2 us,  0.1 sy,  0.0 ni, 99.6 id,  0.0 wa,  0.0 hi,  0.0 si,  0.0 st
KiB Mem : 65877692 total, 48647404 free,  1344524 used, 15885764 buff/cache
KiB Swap: 33554428 total, 32377032 free,  1177396 used. 63230372 avail Mem 
--
top - 10:18:27 up 111 days,  2:02,  0 users,  load average: 2.10, 0.67, 0.41
Tasks: 408 total,   2 running, 406 sleeping,   0 stopped,   0 zombie
%Cpu(s): 30.5 us,  0.6 sy,  0.0 ni, 69.0 id,  0.0 wa,  0.0 hi,  0.0 si,  0.0 st
KiB Mem : 65877692 total, 48264036 free,  1727892 used, 15885764 buff/cache
KiB Swap: 33554428 total, 32377032 free,  1177396 used. 62847004 avail Mem 
--
top - 10:18:32 up 111 days,  2:02,  0 users,  load average: 4.41, 1.17, 0.57
Tasks: 409 total,   2 running, 407 sleeping,   0 stopped,   0 zombie
%Cpu(s): 96.5 us,  0.4 sy,  0.0 ni,  3.1 id,  0.0 wa,  0.0 hi,  0.0 si,  0.0 st
KiB Mem : 65877692 total, 48047360 free,  1944568 used, 15885764 buff/cache
KiB Swap: 33554428 total, 32377032 free,  1177396 used. 62630328 avail Mem 
--
top - 10:18:37 up 111 days,  2:02,  0 users,  load average: 4.06, 1.15, 0.57
Tasks: 408 total,   1 running, 407 sleeping,   0 stopped,   0 zombie
%Cpu(s): 55.6 us,  0.2 sy,  0.0 ni, 44.2 id,  0.0 wa,  0.0 hi,  0.0 si,  0.0 st
KiB Mem : 65877692 total, 47869440 free,  2122488 used, 15885764 buff/cache
KiB Swap: 33554428 total, 32377032 free,  1177396 used. 62452408 avail Mem 
--
top - 10:18:42 up 111 days,  2:02,  0 users,  load average: 3.73, 1.13, 0.57
Tasks: 408 total,   1 running, 407 sleeping,   0 stopped,   0 zombie
%Cpu(s):  0.1 us,  0.1 sy,  0.0 ni, 99.8 id,  0.0 wa,  0.0 hi,  0.0 si,  0.0 st
KiB Mem : 65877692 total, 48081628 free,  1910300 used, 15885764 buff/cache
KiB Swap: 33554428 total, 32377032 free,  1177396 used. 62664596 avail Mem 
--
top - 10:18:47 up 111 days,  2:02,  0 users,  load average: 3.43, 1.11, 0.56
Tasks: 408 total,   1 running, 407 sleeping,   0 stopped,   0 zombie
%Cpu(s):  0.2 us,  0.2 sy,  0.0 ni, 99.5 id,  0.0 wa,  0.0 hi,  0.0 si,  0.0 st
KiB Mem : 65877692 total, 47938704 free,  2053224 used, 15885764 buff/cache
KiB Swap: 33554428 total, 32377032 free,  1177396 used. 62521672 avail Mem 
--
top - 10:18:52 up 111 days,  2:02,  0 users,  load average: 5.24, 1.53, 0.70
Tasks: 408 total,   2 running, 406 sleeping,   0 stopped,   0 zombie
%Cpu(s): 63.2 us,  0.5 sy,  0.0 ni, 36.2 id,  0.0 wa,  0.0 hi,  0.0 si,  0.0 st
KiB Mem : 65877692 total, 47745948 free,  2245980 used, 15885764 buff/cache
KiB Swap: 33554428 total, 32377032 free,  1177396 used. 62328420 avail Mem 
--
top - 10:18:57 up 111 days,  2:02,  0 users,  load average: 7.22, 2.00, 0.86
Tasks: 408 total,   2 running, 406 sleeping,   0 stopped,   0 zombie
%Cpu(s): 96.5 us,  0.3 sy,  0.0 ni,  3.2 id,  0.0 wa,  0.0 hi,  0.0 si,  0.0 st
KiB Mem : 65877692 total, 47532796 free,  2459132 used, 15885764 buff/cache
KiB Swap: 33554428 total, 32377032 free,  1177396 used. 62115764 avail Mem 
--
top - 10:19:02 up 111 days,  2:02,  0 users,  load average: 6.64, 1.97, 0.85
Tasks: 405 total,   1 running, 404 sleeping,   0 stopped,   0 zombie
%Cpu(s): 23.9 us,  0.1 sy,  0.0 ni, 75.9 id,  0.0 wa,  0.0 hi,  0.0 si,  0.0 st
KiB Mem : 65877692 total, 47712916 free,  2279008 used, 15885768 buff/cache
KiB Swap: 33554428 total, 32377032 free,  1177396 used. 62295888 avail Mem 
--
top - 10:19:07 up 111 days,  2:03,  0 users,  load average: 6.11, 1.93, 0.85
Tasks: 405 total,   2 running, 403 sleeping,   0 stopped,   0 zombie
%Cpu(s):  0.2 us,  0.1 sy,  0.0 ni, 99.7 id,  0.0 wa,  0.0 hi,  0.0 si,  0.0 st
KiB Mem : 65877692 total, 47642860 free,  2349064 used, 15885768 buff/cache
KiB Swap: 33554428 total, 32377032 free,  1177396 used. 62225832 avail Mem 
--
top - 10:19:12 up 111 days,  2:03,  0 users,  load average: 5.62, 1.90, 0.84
Tasks: 405 total,   2 running, 403 sleeping,   0 stopped,   0 zombie
%Cpu(s):  0.2 us,  0.2 sy,  0.0 ni, 99.5 id,  0.0 wa,  0.0 hi,  0.0 si,  0.0 st
KiB Mem : 65877692 total, 47487196 free,  2504728 used, 15885768 buff/cache
KiB Swap: 33554428 total, 32377032 free,  1177396 used. 62070168 avail Mem 
--
top - 10:19:17 up 111 days,  2:03,  0 users,  load average: 7.10, 2.27, 0.97
Tasks: 405 total,   2 running, 403 sleeping,   0 stopped,   0 zombie
%Cpu(s): 85.1 us,  0.9 sy,  0.0 ni, 14.0 id,  0.0 wa,  0.0 hi,  0.0 si,  0.0 st
KiB Mem : 65877692 total, 47273144 free,  2718780 used, 15885768 buff/cache
KiB Swap: 33554428 total, 32377032 free,  1177396 used. 61856116 avail Mem 
--
top - 10:19:22 up 111 days,  2:03,  0 users,  load average: 9.01, 2.75, 1.13
Tasks: 405 total,   1 running, 404 sleeping,   0 stopped,   0 zombie
%Cpu(s): 94.3 us,  0.3 sy,  0.0 ni,  5.3 id,  0.0 wa,  0.0 hi,  0.0 si,  0.0 st
KiB Mem : 65877692 total, 47062912 free,  2929012 used, 15885768 buff/cache
KiB Swap: 33554428 total, 32377032 free,  1177396 used. 61645884 avail Mem 
--
top - 10:19:27 up 111 days,  2:03,  0 users,  load average: 8.29, 2.70, 1.12
Tasks: 405 total,   1 running, 404 sleeping,   0 stopped,   0 zombie
%Cpu(s):  4.7 us,  0.1 sy,  0.0 ni, 95.2 id,  0.0 wa,  0.0 hi,  0.0 si,  0.0 st
KiB Mem : 65877692 total, 47282048 free,  2709876 used, 15885768 buff/cache
KiB Swap: 33554428 total, 32377032 free,  1177396 used. 61865020 avail Mem 
--
top - 10:19:32 up 111 days,  2:03,  0 users,  load average: 7.62, 2.66, 1.12
Tasks: 405 total,   1 running, 404 sleeping,   0 stopped,   0 zombie
%Cpu(s):  0.2 us,  0.2 sy,  0.0 ni, 99.6 id,  0.0 wa,  0.0 hi,  0.0 si,  0.0 st
KiB Mem : 65877692 total, 47174948 free,  2816976 used, 15885768 buff/cache
KiB Swap: 33554428 total, 32377032 free,  1177396 used. 61757920 avail Mem 
--
top - 10:19:37 up 111 days,  2:03,  0 users,  load average: 7.09, 2.63, 1.12
Tasks: 405 total,   2 running, 403 sleeping,   0 stopped,   0 zombie
%Cpu(s): 24.5 us,  0.3 sy,  0.0 ni, 75.2 id,  0.0 wa,  0.0 hi,  0.0 si,  0.0 st
KiB Mem : 65877692 total, 47020192 free,  2971732 used, 15885768 buff/cache
KiB Swap: 33554428 total, 32377032 free,  1177396 used. 61603164 avail Mem 
--
top - 10:19:42 up 111 days,  2:03,  0 users,  load average: 8.05, 2.90, 1.21
Tasks: 405 total,   2 running, 403 sleeping,   0 stopped,   0 zombie
%Cpu(s): 96.7 us,  0.3 sy,  0.0 ni,  3.1 id,  0.0 wa,  0.0 hi,  0.0 si,  0.0 st
KiB Mem : 65877692 total, 46825540 free,  3166384 used, 15885768 buff/cache
KiB Swap: 33554428 total, 32377032 free,  1177396 used. 61408512 avail Mem 
--
top - 10:19:47 up 111 days,  2:03,  0 users,  load average: 7.96, 2.97, 1.25
Tasks: 405 total,   1 running, 404 sleeping,   0 stopped,   0 zombie
%Cpu(s): 60.1 us,  0.2 sy,  0.0 ni, 39.7 id,  0.0 wa,  0.0 hi,  0.0 si,  0.0 st
KiB Mem : 65877692 total, 46663184 free,  3328740 used, 15885768 buff/cache
KiB Swap: 33554428 total, 32377032 free,  1177396 used. 61246156 avail Mem 
--
top - 10:19:52 up 111 days,  2:03,  0 users,  load average: 7.33, 2.92, 1.24
Tasks: 405 total,   1 running, 404 sleeping,   0 stopped,   0 zombie
%Cpu(s):  0.1 us,  0.1 sy,  0.0 ni, 99.8 id,  0.0 wa,  0.0 hi,  0.0 si,  0.0 st
KiB Mem : 65877692 total, 46858120 free,  3133804 used, 15885768 buff/cache
KiB Swap: 33554428 total, 32377032 free,  1177396 used. 61441092 avail Mem 
--
top - 10:19:57 up 111 days,  2:03,  0 users,  load average: 6.74, 2.87, 1.23
Tasks: 405 total,   1 running, 404 sleeping,   0 stopped,   0 zombie
%Cpu(s):  0.2 us,  0.2 sy,  0.0 ni, 99.5 id,  0.0 wa,  0.0 hi,  0.0 si,  0.0 st
KiB Mem : 65877692 total, 46700104 free,  3291816 used, 15885772 buff/cache
KiB Swap: 33554428 total, 32377032 free,  1177396 used. 61283080 avail Mem 
--
top - 10:20:02 up 111 days,  2:03,  0 users,  load average: 8.04, 3.20, 1.35
Tasks: 409 total,   2 running, 407 sleeping,   0 stopped,   0 zombie
%Cpu(s): 57.6 us,  1.3 sy,  0.0 ni, 41.1 id,  0.0 wa,  0.0 hi,  0.0 si,  0.0 st
KiB Mem : 65877692 total, 46508140 free,  3483748 used, 15885804 buff/cache
KiB Swap: 33554428 total, 32377032 free,  1177396 used. 61091136 avail Mem 
--
top - 10:20:07 up 111 days,  2:04,  0 users,  load average: 9.96, 3.68, 1.51
Tasks: 410 total,   2 running, 408 sleeping,   0 stopped,   0 zombie
%Cpu(s): 96.0 us,  0.8 sy,  0.0 ni,  3.2 id,  0.0 wa,  0.0 hi,  0.0 si,  0.0 st
KiB Mem : 65877692 total, 46268752 free,  3723136 used, 15885804 buff/cache
KiB Swap: 33554428 total, 32377032 free,  1177396 used. 60851748 avail Mem 
--
top - 10:20:12 up 111 days,  2:04,  0 users,  load average: 9.16, 3.62, 1.50
Tasks: 410 total,   1 running, 409 sleeping,   0 stopped,   0 zombie
%Cpu(s): 28.5 us,  0.3 sy,  0.0 ni, 71.2 id,  0.0 wa,  0.0 hi,  0.0 si,  0.0 st
KiB Mem : 65877692 total, 46403960 free,  3587928 used, 15885804 buff/cache
KiB Swap: 33554428 total, 32377032 free,  1177396 used. 60986956 avail Mem 
