10.149.0.62
2024/01/02 10:18:08 Master node address: http://10.149.0.56:8000
2024/01/02 10:18:08 Benchmarking worker...
2024/01/02 10:18:09 Worker registered (1857 MCUPS). Waiting for work...
2024/01/02 10:18:25 Got work. Start calculating alignments...
2024/01/02 10:18:25 Calculating 4084 queries
2024/01/02 10:18:37 Done calculating alignments.
2024/01/02 10:18:37 Waiting for work...
2024/01/02 10:18:49 Got work. Start calculating alignments...
2024/01/02 10:18:49 Calculating 4083 queries
2024/01/02 10:19:00 Done calculating alignments.
2024/01/02 10:19:00 Waiting for work...
2024/01/02 10:19:13 Got work. Start calculating alignments...
2024/01/02 10:19:13 Calculating 4085 queries
2024/01/02 10:19:24 Done calculating alignments.
2024/01/02 10:19:24 Waiting for work...
2024/01/02 10:19:36 Got work. Start calculating alignments...
2024/01/02 10:19:36 Calculating 4085 queries
2024/01/02 10:19:48 Done calculating alignments.
2024/01/02 10:19:48 Waiting for work...
2024/01/02 10:19:59 Got work. Start calculating alignments...
2024/01/02 10:19:59 Calculating 4084 queries
2024/01/02 10:20:11 Done calculating alignments.
2024/01/02 10:20:11 Waiting for work...
slurmstepd: error: *** JOB 4754771 ON node062 CANCELLED AT 2024-01-02T10:20:13 ***
