10.149.0.64
2024/01/02 10:35:39 Master node address: http://10.149.0.68:8000
2024/01/02 10:35:39 Benchmarking worker...
2024/01/02 10:35:41 Worker registered (1826 MCUPS). Waiting for work...
2024/01/02 10:36:23 Got work. Start calculating alignments...
2024/01/02 10:36:23 Calculating 1997 queries
2024/01/02 10:36:30 Done calculating alignments.
2024/01/02 10:36:30 Waiting for work...
2024/01/02 10:36:47 Got work. Start calculating alignments...
2024/01/02 10:36:47 Calculating 1998 queries
2024/01/02 10:36:53 Done calculating alignments.
2024/01/02 10:36:53 Waiting for work...
2024/01/02 10:37:09 Got work. Start calculating alignments...
2024/01/02 10:37:09 Calculating 1996 queries
2024/01/02 10:37:16 Done calculating alignments.
2024/01/02 10:37:16 Waiting for work...
2024/01/02 10:37:34 Got work. Start calculating alignments...
2024/01/02 10:37:34 Calculating 1998 queries
2024/01/02 10:37:40 Done calculating alignments.
2024/01/02 10:37:40 Waiting for work...
2024/01/02 10:37:58 Got work. Start calculating alignments...
2024/01/02 10:37:58 Calculating 1997 queries
2024/01/02 10:38:05 Done calculating alignments.
2024/01/02 10:38:05 Waiting for work...
slurmstepd: error: *** JOB 4754843 ON node064 CANCELLED AT 2024-01-02T10:38:06 ***
