10.149.0.64
2024/01/02 10:20:17 Master node address: http://10.149.0.54:8000
2024/01/02 10:20:17 Benchmarking worker...
2024/01/02 10:20:18 Worker registered (1855 MCUPS). Waiting for work...
2024/01/02 10:21:01 Got work. Start calculating alignments...
2024/01/02 10:21:01 Calculating 2041 queries
2024/01/02 10:21:07 Done calculating alignments.
2024/01/02 10:21:07 Waiting for work...
2024/01/02 10:21:25 Got work. Start calculating alignments...
2024/01/02 10:21:25 Calculating 2041 queries
2024/01/02 10:21:31 Done calculating alignments.
2024/01/02 10:21:31 Waiting for work...
2024/01/02 10:21:47 Got work. Start calculating alignments...
2024/01/02 10:21:47 Calculating 2041 queries
2024/01/02 10:21:53 Done calculating alignments.
2024/01/02 10:21:53 Waiting for work...
2024/01/02 10:22:09 Got work. Start calculating alignments...
2024/01/02 10:22:09 Calculating 2040 queries
2024/01/02 10:22:15 Done calculating alignments.
2024/01/02 10:22:15 Waiting for work...
2024/01/02 10:22:34 Got work. Start calculating alignments...
2024/01/02 10:22:34 Calculating 2041 queries
2024/01/02 10:22:39 Done calculating alignments.
2024/01/02 10:22:39 Waiting for work...
slurmstepd: error: *** JOB 4754781 ON node064 CANCELLED AT 2024-01-02T10:22:41 ***
