10.149.0.60
2024/01/02 10:33:03 Master node address: http://10.149.0.54:8000
2024/01/02 10:33:03 Benchmarking worker...
2024/01/02 10:33:05 Worker registered (1843 MCUPS). Waiting for work...
2024/01/02 10:33:46 Got work. Start calculating alignments...
2024/01/02 10:33:46 Calculating 3984 queries
2024/01/02 10:33:57 Done calculating alignments.
2024/01/02 10:33:57 Waiting for work...
2024/01/02 10:34:09 Got work. Start calculating alignments...
2024/01/02 10:34:09 Calculating 3983 queries
2024/01/02 10:34:21 Done calculating alignments.
2024/01/02 10:34:21 Waiting for work...
2024/01/02 10:34:34 Got work. Start calculating alignments...
2024/01/02 10:34:34 Calculating 3984 queries
2024/01/02 10:34:45 Done calculating alignments.
2024/01/02 10:34:45 Waiting for work...
2024/01/02 10:34:58 Got work. Start calculating alignments...
2024/01/02 10:34:58 Calculating 3983 queries
2024/01/02 10:35:10 Done calculating alignments.
2024/01/02 10:35:10 Waiting for work...
2024/01/02 10:35:22 Got work. Start calculating alignments...
2024/01/02 10:35:22 Calculating 3984 queries
2024/01/02 10:35:34 Done calculating alignments.
2024/01/02 10:35:34 Waiting for work...
slurmstepd: error: *** JOB 4754831 ON node060 CANCELLED AT 2024-01-02T10:35:36 ***
