Job id: 4754772
Worker ip: 10.149.0.63
Master ip: 10.149.0.56
--
top - 10:18:07 up 111 days,  2:02,  0 users,  load average: 0.21, 0.28, 0.27
Tasks: 398 total,   1 running, 397 sleeping,   0 stopped,   0 zombie
%Cpu(s):  3.2 us,  5.4 sy,  0.0 ni, 90.7 id,  0.0 wa,  0.0 hi,  0.7 si,  0.0 st
KiB Mem : 65877712 total, 53061344 free,  1112504 used, 11703864 buff/cache
KiB Swap: 33554428 total, 32368256 free,  1186172 used. 63492816 avail Mem 
--
top - 10:18:12 up 111 days,  2:02,  0 users,  load average: 0.19, 0.27, 0.27
Tasks: 399 total,   1 running, 398 sleeping,   0 stopped,   0 zombie
%Cpu(s):  1.6 us,  0.4 sy,  0.0 ni, 98.0 id,  0.0 wa,  0.0 hi,  0.0 si,  0.0 st
KiB Mem : 65877712 total, 53046232 free,  1121456 used, 11710024 buff/cache
KiB Swap: 33554428 total, 32368256 free,  1186172 used. 63484116 avail Mem 
--
top - 10:18:17 up 111 days,  2:02,  0 users,  load average: 0.18, 0.27, 0.27
Tasks: 399 total,   1 running, 398 sleeping,   0 stopped,   0 zombie
%Cpu(s):  0.0 us,  0.0 sy,  0.0 ni,100.0 id,  0.0 wa,  0.0 hi,  0.0 si,  0.0 st
KiB Mem : 65877712 total, 53046944 free,  1120744 used, 11710024 buff/cache
KiB Swap: 33554428 total, 32368256 free,  1186172 used. 63484828 avail Mem 
--
top - 10:18:22 up 111 days,  2:02,  0 users,  load average: 0.16, 0.27, 0.27
Tasks: 399 total,   1 running, 398 sleeping,   0 stopped,   0 zombie
%Cpu(s):  0.2 us,  0.1 sy,  0.0 ni, 99.6 id,  0.0 wa,  0.0 hi,  0.0 si,  0.0 st
KiB Mem : 65877712 total, 52909988 free,  1257676 used, 11710048 buff/cache
KiB Swap: 33554428 total, 32368256 free,  1186172 used. 63347872 avail Mem 
--
top - 10:18:27 up 111 days,  2:02,  0 users,  load average: 0.15, 0.26, 0.27
Tasks: 400 total,   2 running, 398 sleeping,   0 stopped,   0 zombie
%Cpu(s): 32.9 us,  0.5 sy,  0.0 ni, 66.6 id,  0.0 wa,  0.0 hi,  0.0 si,  0.0 st
KiB Mem : 65877712 total, 52522824 free,  1644392 used, 11710496 buff/cache
KiB Swap: 33554428 total, 32368256 free,  1186172 used. 62960880 avail Mem 
--
top - 10:18:32 up 111 days,  2:02,  0 users,  load average: 2.14, 0.67, 0.40
Tasks: 400 total,   2 running, 398 sleeping,   0 stopped,   0 zombie
%Cpu(s): 96.5 us,  0.4 sy,  0.0 ni,  3.0 id,  0.0 wa,  0.0 hi,  0.0 si,  0.0 st
KiB Mem : 65877712 total, 52301552 free,  1865664 used, 11710496 buff/cache
KiB Swap: 33554428 total, 32368256 free,  1186172 used. 62739608 avail Mem 
--
top - 10:18:37 up 111 days,  2:02,  0 users,  load average: 2.05, 0.68, 0.40
Tasks: 400 total,   1 running, 399 sleeping,   0 stopped,   0 zombie
%Cpu(s): 43.5 us,  0.1 sy,  0.0 ni, 56.4 id,  0.0 wa,  0.0 hi,  0.0 si,  0.0 st
KiB Mem : 65877712 total, 52178296 free,  1988920 used, 11710496 buff/cache
KiB Swap: 33554428 total, 32368256 free,  1186172 used. 62616352 avail Mem 
--
top - 10:18:42 up 111 days,  2:02,  0 users,  load average: 1.88, 0.67, 0.40
Tasks: 400 total,   2 running, 398 sleeping,   0 stopped,   0 zombie
%Cpu(s):  0.1 us,  0.1 sy,  0.0 ni, 99.8 id,  0.0 wa,  0.0 hi,  0.0 si,  0.0 st
KiB Mem : 65877712 total, 52351568 free,  1815648 used, 11710496 buff/cache
KiB Swap: 33554428 total, 32368256 free,  1186172 used. 62789624 avail Mem 
--
top - 10:18:47 up 111 days,  2:02,  0 users,  load average: 1.73, 0.65, 0.40
Tasks: 400 total,   1 running, 399 sleeping,   0 stopped,   0 zombie
%Cpu(s):  0.3 us,  0.2 sy,  0.0 ni, 99.5 id,  0.0 wa,  0.0 hi,  0.0 si,  0.0 st
KiB Mem : 65877712 total, 52215588 free,  1951628 used, 11710496 buff/cache
KiB Swap: 33554428 total, 32368256 free,  1186172 used. 62653644 avail Mem 
--
top - 10:18:52 up 111 days,  2:02,  0 users,  load average: 3.76, 1.09, 0.54
Tasks: 400 total,   2 running, 398 sleeping,   0 stopped,   0 zombie
%Cpu(s): 65.4 us,  0.3 sy,  0.0 ni, 34.3 id,  0.0 wa,  0.0 hi,  0.0 si,  0.0 st
KiB Mem : 65877712 total, 52017036 free,  2150180 used, 11710496 buff/cache
KiB Swap: 33554428 total, 32368256 free,  1186172 used. 62454596 avail Mem 
--
top - 10:18:57 up 111 days,  2:02,  0 users,  load average: 5.94, 1.59, 0.71
Tasks: 400 total,   2 running, 398 sleeping,   0 stopped,   0 zombie
%Cpu(s): 95.1 us,  0.5 sy,  0.0 ni,  4.5 id,  0.0 wa,  0.0 hi,  0.0 si,  0.0 st
KiB Mem : 65877712 total, 51783512 free,  2383704 used, 11710496 buff/cache
KiB Swap: 33554428 total, 32368256 free,  1186172 used. 62221568 avail Mem 
--
top - 10:19:02 up 111 days,  2:03,  0 users,  load average: 5.46, 1.56, 0.70
Tasks: 398 total,   1 running, 397 sleeping,   0 stopped,   0 zombie
%Cpu(s):  8.4 us,  0.1 sy,  0.0 ni, 91.5 id,  0.0 wa,  0.0 hi,  0.0 si,  0.0 st
KiB Mem : 65877712 total, 51978616 free,  2188596 used, 11710500 buff/cache
KiB Swap: 33554428 total, 32368256 free,  1186172 used. 62416676 avail Mem 
--
top - 10:19:07 up 111 days,  2:03,  0 users,  load average: 5.02, 1.54, 0.70
Tasks: 398 total,   1 running, 397 sleeping,   0 stopped,   0 zombie
%Cpu(s):  0.2 us,  0.1 sy,  0.0 ni, 99.7 id,  0.0 wa,  0.0 hi,  0.0 si,  0.0 st
KiB Mem : 65877712 total, 51908132 free,  2259080 used, 11710500 buff/cache
KiB Swap: 33554428 total, 32368256 free,  1186172 used. 62346192 avail Mem 
--
top - 10:19:12 up 111 days,  2:03,  0 users,  load average: 4.62, 1.51, 0.69
Tasks: 398 total,   1 running, 397 sleeping,   0 stopped,   0 zombie
%Cpu(s):  0.2 us,  0.2 sy,  0.0 ni, 99.5 id,  0.0 wa,  0.0 hi,  0.0 si,  0.0 st
KiB Mem : 65877712 total, 51766076 free,  2401136 used, 11710500 buff/cache
KiB Swap: 33554428 total, 32368256 free,  1186172 used. 62204136 avail Mem 
--
top - 10:19:17 up 111 days,  2:03,  0 users,  load average: 6.41, 1.93, 0.83
Tasks: 398 total,   2 running, 396 sleeping,   0 stopped,   0 zombie
%Cpu(s): 87.7 us,  0.7 sy,  0.0 ni, 11.7 id,  0.0 wa,  0.0 hi,  0.0 si,  0.0 st
KiB Mem : 65877712 total, 51527476 free,  2639736 used, 11710500 buff/cache
KiB Swap: 33554428 total, 32368256 free,  1186172 used. 61965536 avail Mem 
--
top - 10:19:22 up 111 days,  2:03,  0 users,  load average: 8.46, 2.43, 1.00
Tasks: 398 total,   1 running, 397 sleeping,   0 stopped,   0 zombie
%Cpu(s): 84.1 us,  0.3 sy,  0.0 ni, 15.6 id,  0.0 wa,  0.0 hi,  0.0 si,  0.0 st
KiB Mem : 65877712 total, 51281868 free,  2885344 used, 11710500 buff/cache
KiB Swap: 33554428 total, 32368256 free,  1186172 used. 61719928 avail Mem 
--
top - 10:19:27 up 111 days,  2:03,  0 users,  load average: 7.79, 2.39, 1.00
Tasks: 398 total,   1 running, 397 sleeping,   0 stopped,   0 zombie
%Cpu(s):  0.4 us,  0.0 sy,  0.0 ni, 99.6 id,  0.0 wa,  0.0 hi,  0.0 si,  0.0 st
KiB Mem : 65877712 total, 51538628 free,  2628584 used, 11710500 buff/cache
KiB Swap: 33554428 total, 32368256 free,  1186172 used. 61976680 avail Mem 
--
top - 10:19:32 up 111 days,  2:03,  0 users,  load average: 7.16, 2.35, 0.99
Tasks: 398 total,   2 running, 396 sleeping,   0 stopped,   0 zombie
%Cpu(s):  0.2 us,  0.1 sy,  0.0 ni, 99.6 id,  0.0 wa,  0.0 hi,  0.0 si,  0.0 st
KiB Mem : 65877712 total, 51430800 free,  2736412 used, 11710500 buff/cache
KiB Swap: 33554428 total, 32368256 free,  1186172 used. 61868852 avail Mem 
--
top - 10:19:37 up 111 days,  2:03,  0 users,  load average: 6.59, 2.31, 0.99
Tasks: 398 total,   2 running, 396 sleeping,   0 stopped,   0 zombie
%Cpu(s): 25.2 us,  0.5 sy,  0.0 ni, 74.3 id,  0.0 wa,  0.0 hi,  0.0 si,  0.0 st
KiB Mem : 65877712 total, 51270236 free,  2896976 used, 11710500 buff/cache
KiB Swap: 33554428 total, 32368256 free,  1186172 used. 61708296 avail Mem 
--
top - 10:19:42 up 111 days,  2:03,  0 users,  load average: 7.74, 2.62, 1.09
Tasks: 398 total,   2 running, 396 sleeping,   0 stopped,   0 zombie
%Cpu(s): 96.3 us,  0.6 sy,  0.0 ni,  3.1 id,  0.0 wa,  0.0 hi,  0.0 si,  0.0 st
KiB Mem : 65877712 total, 51040000 free,  3127212 used, 11710500 buff/cache
KiB Swap: 33554428 total, 32368256 free,  1186172 used. 61478060 avail Mem 
--
top - 10:19:47 up 111 days,  2:03,  0 users,  load average: 8.16, 2.80, 1.16
Tasks: 398 total,   1 running, 397 sleeping,   0 stopped,   0 zombie
%Cpu(s): 45.6 us,  0.2 sy,  0.0 ni, 54.2 id,  0.0 wa,  0.0 hi,  0.0 si,  0.0 st
KiB Mem : 65877712 total, 50874872 free,  3292340 used, 11710500 buff/cache
KiB Swap: 33554428 total, 32368256 free,  1186172 used. 61312932 avail Mem 
--
top - 10:19:52 up 111 days,  2:03,  0 users,  load average: 7.51, 2.75, 1.15
Tasks: 398 total,   1 running, 397 sleeping,   0 stopped,   0 zombie
%Cpu(s):  0.1 us,  0.1 sy,  0.0 ni, 99.8 id,  0.0 wa,  0.0 hi,  0.0 si,  0.0 st
KiB Mem : 65877712 total, 51082856 free,  3084356 used, 11710500 buff/cache
KiB Swap: 33554428 total, 32368256 free,  1186172 used. 61520916 avail Mem 
--
top - 10:19:57 up 111 days,  2:03,  0 users,  load average: 6.91, 2.70, 1.14
Tasks: 398 total,   1 running, 397 sleeping,   0 stopped,   0 zombie
%Cpu(s):  0.3 us,  0.2 sy,  0.0 ni, 99.5 id,  0.0 wa,  0.0 hi,  0.0 si,  0.0 st
KiB Mem : 65877712 total, 50932176 free,  3235036 used, 11710500 buff/cache
KiB Swap: 33554428 total, 32368256 free,  1186172 used. 61370236 avail Mem 
--
top - 10:20:02 up 111 days,  2:04,  0 users,  load average: 8.68, 3.14, 1.29
Tasks: 402 total,   2 running, 400 sleeping,   0 stopped,   0 zombie
%Cpu(s): 59.5 us,  1.3 sy,  0.0 ni, 39.2 id,  0.0 wa,  0.0 hi,  0.0 si,  0.0 st
KiB Mem : 65877712 total, 50773936 free,  3393264 used, 11710512 buff/cache
KiB Swap: 33554428 total, 32368256 free,  1186172 used. 61211512 avail Mem 
--
top - 10:20:08 up 111 days,  2:04,  0 users,  load average: 10.46, 3.60, 1.45
Tasks: 404 total,   2 running, 402 sleeping,   0 stopped,   0 zombie
%Cpu(s): 94.7 us,  0.9 sy,  0.0 ni,  4.4 id,  0.0 wa,  0.0 hi,  0.0 si,  0.0 st
KiB Mem : 65877712 total, 50534776 free,  3632424 used, 11710512 buff/cache
KiB Swap: 33554428 total, 32368256 free,  1186172 used. 60972848 avail Mem 
--
top - 10:20:13 up 111 days,  2:04,  0 users,  load average: 10.51, 3.73, 1.51
Tasks: 404 total,   1 running, 403 sleeping,   0 stopped,   0 zombie
%Cpu(s): 32.1 us,  0.3 sy,  0.0 ni, 67.5 id,  0.0 wa,  0.0 hi,  0.0 si,  0.0 st
KiB Mem : 65877712 total, 50681516 free,  3485684 used, 11710512 buff/cache
KiB Swap: 33554428 total, 32368256 free,  1186172 used. 61119588 avail Mem 
