Job id: 4754863
Worker ip: 10.149.0.37
Master ip: 10.149.0.54
--
top - 10:38:08 up 111 days,  2:22,  0 users,  load average: 0.01, 0.15, 0.28
Tasks: 397 total,   2 running, 395 sleeping,   0 stopped,   0 zombie
%Cpu(s):  0.4 us,  1.4 sy,  0.0 ni, 98.2 id,  0.0 wa,  0.0 hi,  0.0 si,  0.0 st
KiB Mem : 65877712 total, 55780064 free,  1040556 used,  9057092 buff/cache
KiB Swap: 33554428 total, 32476464 free,  1077964 used. 63556684 avail Mem 
--
top - 10:38:13 up 111 days,  2:23,  0 users,  load average: 0.17, 0.18, 0.29
Tasks: 399 total,   1 running, 398 sleeping,   0 stopped,   0 zombie
%Cpu(s):  1.7 us,  0.5 sy,  0.0 ni, 97.7 id,  0.0 wa,  0.0 hi,  0.0 si,  0.0 st
KiB Mem : 65877712 total, 55749960 free,  1064024 used,  9063728 buff/cache
KiB Swap: 33554428 total, 32476464 free,  1077964 used. 63533168 avail Mem 
--
top - 10:38:19 up 111 days,  2:23,  0 users,  load average: 0.15, 0.18, 0.29
Tasks: 399 total,   1 running, 398 sleeping,   0 stopped,   0 zombie
%Cpu(s):  0.0 us,  0.0 sy,  0.0 ni,100.0 id,  0.0 wa,  0.0 hi,  0.0 si,  0.0 st
KiB Mem : 65877712 total, 55750564 free,  1063420 used,  9063728 buff/cache
KiB Swap: 33554428 total, 32476464 free,  1077964 used. 63533772 avail Mem 
--
top - 10:38:24 up 111 days,  2:23,  0 users,  load average: 0.14, 0.18, 0.29
Tasks: 400 total,   1 running, 399 sleeping,   0 stopped,   0 zombie
%Cpu(s):  0.0 us,  0.0 sy,  0.0 ni,100.0 id,  0.0 wa,  0.0 hi,  0.0 si,  0.0 st
KiB Mem : 65877712 total, 55750816 free,  1063168 used,  9063728 buff/cache
KiB Swap: 33554428 total, 32476464 free,  1077964 used. 63534024 avail Mem 
--
top - 10:38:29 up 111 days,  2:23,  0 users,  load average: 0.13, 0.17, 0.29
Tasks: 401 total,   1 running, 400 sleeping,   0 stopped,   0 zombie
%Cpu(s):  0.0 us,  0.0 sy,  0.0 ni,100.0 id,  0.0 wa,  0.0 hi,  0.0 si,  0.0 st
KiB Mem : 65877712 total, 55751388 free,  1062596 used,  9063728 buff/cache
KiB Swap: 33554428 total, 32476464 free,  1077964 used. 63534596 avail Mem 
--
top - 10:38:34 up 111 days,  2:23,  0 users,  load average: 0.12, 0.17, 0.29
Tasks: 401 total,   1 running, 400 sleeping,   0 stopped,   0 zombie
%Cpu(s):  0.0 us,  0.0 sy,  0.0 ni,100.0 id,  0.0 wa,  0.0 hi,  0.0 si,  0.0 st
KiB Mem : 65877712 total, 55752084 free,  1061900 used,  9063728 buff/cache
KiB Swap: 33554428 total, 32476464 free,  1077964 used. 63535292 avail Mem 
--
top - 10:38:39 up 111 days,  2:23,  0 users,  load average: 0.11, 0.17, 0.28
Tasks: 401 total,   1 running, 400 sleeping,   0 stopped,   0 zombie
%Cpu(s):  0.0 us,  0.0 sy,  0.0 ni,100.0 id,  0.0 wa,  0.0 hi,  0.0 si,  0.0 st
KiB Mem : 65877712 total, 55752568 free,  1061416 used,  9063728 buff/cache
KiB Swap: 33554428 total, 32476464 free,  1077964 used. 63535776 avail Mem 
--
top - 10:38:44 up 111 days,  2:23,  0 users,  load average: 0.10, 0.17, 0.28
Tasks: 401 total,   1 running, 400 sleeping,   0 stopped,   0 zombie
%Cpu(s):  0.0 us,  0.0 sy,  0.0 ni,100.0 id,  0.0 wa,  0.0 hi,  0.0 si,  0.0 st
KiB Mem : 65877712 total, 55752864 free,  1061120 used,  9063728 buff/cache
KiB Swap: 33554428 total, 32476464 free,  1077964 used. 63536072 avail Mem 
--
top - 10:38:49 up 111 days,  2:23,  0 users,  load average: 0.09, 0.16, 0.28
Tasks: 401 total,   1 running, 400 sleeping,   0 stopped,   0 zombie
%Cpu(s):  0.1 us,  0.0 sy,  0.0 ni, 99.9 id,  0.0 wa,  0.0 hi,  0.0 si,  0.0 st
KiB Mem : 65877712 total, 55717860 free,  1096124 used,  9063728 buff/cache
KiB Swap: 33554428 total, 32476464 free,  1077964 used. 63501068 avail Mem 
--
top - 10:38:54 up 111 days,  2:23,  0 users,  load average: 0.09, 0.16, 0.28
Tasks: 401 total,   1 running, 400 sleeping,   0 stopped,   0 zombie
%Cpu(s):  0.1 us,  0.0 sy,  0.0 ni, 99.9 id,  0.0 wa,  0.0 hi,  0.0 si,  0.0 st
KiB Mem : 65877712 total, 55682796 free,  1131188 used,  9063728 buff/cache
KiB Swap: 33554428 total, 32476464 free,  1077964 used. 63466004 avail Mem 
--
top - 10:38:59 up 111 days,  2:23,  0 users,  load average: 0.08, 0.16, 0.28
Tasks: 402 total,   1 running, 401 sleeping,   0 stopped,   0 zombie
%Cpu(s):  0.1 us,  0.1 sy,  0.0 ni, 98.6 id,  1.3 wa,  0.0 hi,  0.0 si,  0.0 st
KiB Mem : 65877712 total, 55644128 free,  1169856 used,  9063728 buff/cache
KiB Swap: 33554428 total, 32476464 free,  1077964 used. 63427336 avail Mem 
--
top - 10:39:04 up 111 days,  2:23,  0 users,  load average: 0.63, 0.27, 0.31
Tasks: 403 total,   1 running, 402 sleeping,   0 stopped,   0 zombie
%Cpu(s): 43.3 us,  0.5 sy,  0.0 ni, 52.9 id,  3.4 wa,  0.0 hi,  0.0 si,  0.0 st
KiB Mem : 65877712 total, 55295956 free,  1518024 used,  9063732 buff/cache
KiB Swap: 33554428 total, 32476464 free,  1077964 used. 63079168 avail Mem 
--
top - 10:39:09 up 111 days,  2:23,  0 users,  load average: 1.14, 0.38, 0.35
Tasks: 403 total,   1 running, 402 sleeping,   0 stopped,   0 zombie
%Cpu(s):  0.3 us,  0.0 sy,  0.0 ni, 96.0 id,  3.7 wa,  0.0 hi,  0.0 si,  0.0 st
KiB Mem : 65877712 total, 55422724 free,  1391256 used,  9063732 buff/cache
KiB Swap: 33554428 total, 32476464 free,  1077964 used. 63205936 avail Mem 
--
top - 10:39:14 up 111 days,  2:24,  0 users,  load average: 1.05, 0.38, 0.35
Tasks: 403 total,   1 running, 402 sleeping,   0 stopped,   0 zombie
%Cpu(s):  0.1 us,  0.1 sy,  0.0 ni, 99.9 id,  0.0 wa,  0.0 hi,  0.0 si,  0.0 st
KiB Mem : 65877712 total, 55397716 free,  1416264 used,  9063732 buff/cache
KiB Swap: 33554428 total, 32476464 free,  1077964 used. 63180928 avail Mem 
--
top - 10:39:19 up 111 days,  2:24,  0 users,  load average: 0.97, 0.37, 0.35
Tasks: 403 total,   1 running, 402 sleeping,   0 stopped,   0 zombie
%Cpu(s):  0.1 us,  0.1 sy,  0.0 ni, 99.8 id,  0.0 wa,  0.0 hi,  0.0 si,  0.0 st
KiB Mem : 65877712 total, 55359488 free,  1454492 used,  9063732 buff/cache
KiB Swap: 33554428 total, 32476464 free,  1077964 used. 63142700 avail Mem 
--
top - 10:39:24 up 111 days,  2:24,  0 users,  load average: 0.89, 0.36, 0.34
Tasks: 403 total,   2 running, 401 sleeping,   0 stopped,   0 zombie
%Cpu(s): 17.0 us,  0.2 sy,  0.0 ni, 82.8 id,  0.0 wa,  0.0 hi,  0.0 si,  0.0 st
KiB Mem : 65877712 total, 55264056 free,  1549924 used,  9063732 buff/cache
KiB Swap: 33554428 total, 32476464 free,  1077964 used. 63047268 avail Mem 
--
top - 10:39:29 up 111 days,  2:24,  0 users,  load average: 3.06, 0.82, 0.49
Tasks: 403 total,   2 running, 401 sleeping,   0 stopped,   0 zombie
%Cpu(s): 27.1 us,  0.1 sy,  0.0 ni, 72.7 id,  0.0 wa,  0.0 hi,  0.0 si,  0.0 st
KiB Mem : 65877712 total, 55290832 free,  1523148 used,  9063732 buff/cache
KiB Swap: 33554428 total, 32476464 free,  1077964 used. 63074044 avail Mem 
--
top - 10:39:34 up 111 days,  2:24,  0 users,  load average: 2.82, 0.81, 0.49
Tasks: 403 total,   1 running, 402 sleeping,   0 stopped,   0 zombie
%Cpu(s):  0.1 us,  0.0 sy,  0.0 ni, 99.9 id,  0.0 wa,  0.0 hi,  0.0 si,  0.0 st
KiB Mem : 65877712 total, 55281796 free,  1532184 used,  9063732 buff/cache
KiB Swap: 33554428 total, 32476464 free,  1077964 used. 63065008 avail Mem 
--
top - 10:39:39 up 111 days,  2:24,  0 users,  load average: 2.59, 0.80, 0.49
Tasks: 403 total,   1 running, 402 sleeping,   0 stopped,   0 zombie
%Cpu(s):  0.1 us,  0.1 sy,  0.0 ni, 99.8 id,  0.0 wa,  0.0 hi,  0.0 si,  0.0 st
KiB Mem : 65877712 total, 55241516 free,  1572464 used,  9063732 buff/cache
KiB Swap: 33554428 total, 32476464 free,  1077964 used. 63024728 avail Mem 
--
top - 10:39:44 up 111 days,  2:24,  0 users,  load average: 2.38, 0.78, 0.49
Tasks: 403 total,   1 running, 402 sleeping,   0 stopped,   0 zombie
%Cpu(s):  0.1 us,  0.1 sy,  0.0 ni, 99.9 id,  0.0 wa,  0.0 hi,  0.0 si,  0.0 st
KiB Mem : 65877712 total, 55211056 free,  1602924 used,  9063732 buff/cache
KiB Swap: 33554428 total, 32476464 free,  1077964 used. 62994268 avail Mem 
--
top - 10:39:49 up 111 days,  2:24,  0 users,  load average: 2.19, 0.77, 0.48
Tasks: 403 total,   1 running, 402 sleeping,   0 stopped,   0 zombie
%Cpu(s):  0.1 us,  0.1 sy,  0.0 ni, 99.8 id,  0.0 wa,  0.0 hi,  0.0 si,  0.0 st
KiB Mem : 65877712 total, 55166480 free,  1647500 used,  9063732 buff/cache
KiB Swap: 33554428 total, 32476464 free,  1077964 used. 62949692 avail Mem 
--
top - 10:39:54 up 111 days,  2:24,  0 users,  load average: 2.02, 0.76, 0.48
Tasks: 403 total,   1 running, 402 sleeping,   0 stopped,   0 zombie
%Cpu(s): 42.2 us,  0.5 sy,  0.0 ni, 57.3 id,  0.0 wa,  0.0 hi,  0.0 si,  0.0 st
KiB Mem : 65877712 total, 55036060 free,  1777920 used,  9063732 buff/cache
KiB Swap: 33554428 total, 32476464 free,  1077964 used. 62819272 avail Mem 
--
top - 10:39:59 up 111 days,  2:24,  0 users,  load average: 1.85, 0.74, 0.48
Tasks: 403 total,   1 running, 402 sleeping,   0 stopped,   0 zombie
%Cpu(s):  0.0 us,  0.0 sy,  0.0 ni, 99.9 id,  0.0 wa,  0.0 hi,  0.0 si,  0.0 st
KiB Mem : 65877712 total, 55166236 free,  1647740 used,  9063736 buff/cache
KiB Swap: 33554428 total, 32476464 free,  1077964 used. 62949448 avail Mem 
--
top - 10:40:04 up 111 days,  2:24,  0 users,  load average: 1.71, 0.73, 0.48
Tasks: 404 total,   1 running, 403 sleeping,   0 stopped,   0 zombie
%Cpu(s):  0.5 us,  0.3 sy,  0.0 ni, 98.6 id,  0.6 wa,  0.0 hi,  0.0 si,  0.0 st
KiB Mem : 65877712 total, 55124868 free,  1689100 used,  9063744 buff/cache
KiB Swap: 33554428 total, 32476464 free,  1077964 used. 62908092 avail Mem 
--
top - 10:40:09 up 111 days,  2:24,  0 users,  load average: 1.57, 0.72, 0.47
Tasks: 404 total,   1 running, 403 sleeping,   0 stopped,   0 zombie
%Cpu(s):  0.1 us,  0.1 sy,  0.0 ni, 99.9 id,  0.0 wa,  0.0 hi,  0.0 si,  0.0 st
KiB Mem : 65877712 total, 55085328 free,  1728640 used,  9063744 buff/cache
KiB Swap: 33554428 total, 32476464 free,  1077964 used. 62868552 avail Mem 
--
top - 10:40:14 up 111 days,  2:25,  0 users,  load average: 1.44, 0.71, 0.47
Tasks: 404 total,   2 running, 402 sleeping,   0 stopped,   0 zombie
%Cpu(s):  0.1 us,  0.0 sy,  0.0 ni, 99.9 id,  0.0 wa,  0.0 hi,  0.0 si,  0.0 st
KiB Mem : 65877712 total, 55052196 free,  1761772 used,  9063744 buff/cache
KiB Swap: 33554428 total, 32476464 free,  1077964 used. 62835420 avail Mem 
--
top - 10:40:19 up 111 days,  2:25,  0 users,  load average: 1.33, 0.70, 0.47
Tasks: 404 total,   1 running, 403 sleeping,   0 stopped,   0 zombie
%Cpu(s): 43.7 us,  0.6 sy,  0.0 ni, 55.7 id,  0.0 wa,  0.0 hi,  0.0 si,  0.0 st
KiB Mem : 65877712 total, 54948376 free,  1865592 used,  9063744 buff/cache
KiB Swap: 33554428 total, 32476464 free,  1077964 used. 62731600 avail Mem 
--
top - 10:40:24 up 111 days,  2:25,  0 users,  load average: 1.22, 0.68, 0.47
Tasks: 404 total,   1 running, 403 sleeping,   0 stopped,   0 zombie
%Cpu(s):  0.0 us,  0.0 sy,  0.0 ni, 99.9 id,  0.0 wa,  0.0 hi,  0.0 si,  0.0 st
KiB Mem : 65877712 total, 55067460 free,  1746508 used,  9063744 buff/cache
KiB Swap: 33554428 total, 32476464 free,  1077964 used. 62850684 avail Mem 
--
top - 10:40:29 up 111 days,  2:25,  0 users,  load average: 1.12, 0.67, 0.46
Tasks: 404 total,   1 running, 403 sleeping,   0 stopped,   0 zombie
%Cpu(s):  0.1 us,  0.1 sy,  0.0 ni, 99.9 id,  0.0 wa,  0.0 hi,  0.0 si,  0.0 st
KiB Mem : 65877712 total, 55039048 free,  1774920 used,  9063744 buff/cache
KiB Swap: 33554428 total, 32476464 free,  1077964 used. 62822272 avail Mem 
--
top - 10:40:34 up 111 days,  2:25,  0 users,  load average: 1.03, 0.66, 0.46
Tasks: 404 total,   1 running, 403 sleeping,   0 stopped,   0 zombie
%Cpu(s):  0.1 us,  0.1 sy,  0.0 ni, 99.9 id,  0.0 wa,  0.0 hi,  0.0 si,  0.0 st
KiB Mem : 65877712 total, 55004744 free,  1809224 used,  9063744 buff/cache
KiB Swap: 33554428 total, 32476464 free,  1077964 used. 62787968 avail Mem 
--
top - 10:40:39 up 111 days,  2:25,  0 users,  load average: 0.95, 0.65, 0.46
Tasks: 404 total,   1 running, 403 sleeping,   0 stopped,   0 zombie
%Cpu(s):  0.1 us,  0.1 sy,  0.0 ni, 99.9 id,  0.0 wa,  0.0 hi,  0.0 si,  0.0 st
KiB Mem : 65877712 total, 54971320 free,  1842648 used,  9063744 buff/cache
KiB Swap: 33554428 total, 32476464 free,  1077964 used. 62754544 avail Mem 
--
top - 10:40:44 up 111 days,  2:25,  0 users,  load average: 0.88, 0.64, 0.46
Tasks: 404 total,   1 running, 403 sleeping,   0 stopped,   0 zombie
%Cpu(s): 45.7 us,  0.6 sy,  0.0 ni, 53.7 id,  0.0 wa,  0.0 hi,  0.0 si,  0.0 st
KiB Mem : 65877712 total, 54828248 free,  1985720 used,  9063744 buff/cache
KiB Swap: 33554428 total, 32476464 free,  1077964 used. 62611472 avail Mem 
