10.149.0.34
2024/01/02 10:22:45 Master node address: http://10.149.0.62:8000
2024/01/02 10:22:45 Benchmarking worker...
2024/01/02 10:22:47 Worker registered (1838 MCUPS). Waiting for work...
2024/01/02 10:23:33 Got work. Start calculating alignments...
2024/01/02 10:23:33 Calculating 1004 queries
2024/01/02 10:23:37 Done calculating alignments.
2024/01/02 10:23:37 Waiting for work...
2024/01/02 10:23:59 Got work. Start calculating alignments...
2024/01/02 10:23:59 Calculating 1003 queries
2024/01/02 10:24:03 Done calculating alignments.
2024/01/02 10:24:03 Waiting for work...
2024/01/02 10:24:23 Got work. Start calculating alignments...
2024/01/02 10:24:23 Calculating 1005 queries
2024/01/02 10:24:27 Done calculating alignments.
2024/01/02 10:24:27 Waiting for work...
2024/01/02 10:24:48 Got work. Start calculating alignments...
2024/01/02 10:24:48 Calculating 1003 queries
2024/01/02 10:24:52 Done calculating alignments.
2024/01/02 10:24:52 Waiting for work...
2024/01/02 10:25:11 Got work. Start calculating alignments...
2024/01/02 10:25:11 Calculating 1004 queries
2024/01/02 10:25:16 Done calculating alignments.
2024/01/02 10:25:16 Waiting for work...
slurmstepd: error: *** JOB 4754798 ON node034 CANCELLED AT 2024-01-02T10:25:17 ***
