10.149.0.60
2024/01/02 10:10:28 Master node address: http://10.149.0.59:8000
2024/01/02 10:10:28 Benchmarking worker...
2024/01/02 10:10:29 Worker registered (1864 MCUPS). Waiting for work...
2024/01/02 10:10:41 Got work. Start calculating alignments...
2024/01/02 10:10:41 Calculating 16000 queries
2024/01/02 10:11:23 Done calculating alignments.
2024/01/02 10:11:23 Waiting for work...
2024/01/02 10:11:30 Got work. Start calculating alignments...
2024/01/02 10:11:30 Calculating 16000 queries
2024/01/02 10:12:14 Done calculating alignments.
2024/01/02 10:12:14 Waiting for work...
2024/01/02 10:12:22 Got work. Start calculating alignments...
2024/01/02 10:12:22 Calculating 16000 queries
2024/01/02 10:13:07 Done calculating alignments.
2024/01/02 10:13:07 Waiting for work...
2024/01/02 10:13:15 Got work. Start calculating alignments...
2024/01/02 10:13:15 Calculating 16000 queries
2024/01/02 10:13:59 Done calculating alignments.
2024/01/02 10:13:59 Waiting for work...
2024/01/02 10:14:07 Got work. Start calculating alignments...
2024/01/02 10:14:07 Calculating 16000 queries
2024/01/02 10:14:52 Done calculating alignments.
2024/01/02 10:14:52 Waiting for work...
slurmstepd: error: *** JOB 4754754 ON node060 CANCELLED AT 2024-01-02T10:14:53 ***
