10.149.0.35
2024/01/02 10:22:45 Master node address: http://10.149.0.62:8000
2024/01/02 10:22:45 Benchmarking worker...
2024/01/02 10:22:47 Worker registered (1738 MCUPS). Waiting for work...
2024/01/02 10:23:33 Got work. Start calculating alignments...
2024/01/02 10:23:33 Calculating 948 queries
2024/01/02 10:23:35 Done calculating alignments.
2024/01/02 10:23:35 Waiting for work...
2024/01/02 10:23:59 Got work. Start calculating alignments...
2024/01/02 10:23:59 Calculating 949 queries
2024/01/02 10:24:03 Done calculating alignments.
2024/01/02 10:24:03 Waiting for work...
2024/01/02 10:24:22 Got work. Start calculating alignments...
2024/01/02 10:24:22 Calculating 950 queries
2024/01/02 10:24:24 Done calculating alignments.
2024/01/02 10:24:24 Waiting for work...
2024/01/02 10:24:48 Got work. Start calculating alignments...
2024/01/02 10:24:48 Calculating 950 queries
2024/01/02 10:24:51 Done calculating alignments.
2024/01/02 10:24:51 Waiting for work...
2024/01/02 10:25:11 Got work. Start calculating alignments...
2024/01/02 10:25:11 Calculating 949 queries
2024/01/02 10:25:16 Done calculating alignments.
2024/01/02 10:25:16 Waiting for work...
slurmstepd: error: *** JOB 4754799 ON node035 CANCELLED AT 2024-01-02T10:25:17 ***
