Job id: 4754866
Worker ip: 10.149.0.40
Master ip: 10.149.0.54
--
top - 10:38:09 up 111 days,  2:21,  0 users,  load average: 0.00, 0.17, 0.34
Tasks: 397 total,   1 running, 396 sleeping,   0 stopped,   0 zombie
%Cpu(s):  0.7 us,  1.3 sy,  0.0 ni, 97.8 id,  0.0 wa,  0.0 hi,  0.2 si,  0.0 st
KiB Mem : 65877712 total, 61410116 free,  1041280 used,  3426316 buff/cache
KiB Swap: 33554428 total, 32464160 free,  1090268 used. 63579440 avail Mem 
--
top - 10:38:14 up 111 days,  2:21,  0 users,  load average: 0.00, 0.16, 0.33
Tasks: 399 total,   1 running, 398 sleeping,   0 stopped,   0 zombie
%Cpu(s):  1.7 us,  0.5 sy,  0.0 ni, 97.7 id,  0.0 wa,  0.0 hi,  0.0 si,  0.0 st
KiB Mem : 65877712 total, 61391748 free,  1053012 used,  3432952 buff/cache
KiB Swap: 33554428 total, 32464160 free,  1090268 used. 63567660 avail Mem 
--
top - 10:38:19 up 111 days,  2:21,  0 users,  load average: 0.00, 0.16, 0.33
Tasks: 399 total,   1 running, 398 sleeping,   0 stopped,   0 zombie
%Cpu(s):  0.0 us,  0.0 sy,  0.0 ni,100.0 id,  0.0 wa,  0.0 hi,  0.0 si,  0.0 st
KiB Mem : 65877712 total, 61392712 free,  1052048 used,  3432952 buff/cache
KiB Swap: 33554428 total, 32464160 free,  1090268 used. 63568624 avail Mem 
--
top - 10:38:24 up 111 days,  2:21,  0 users,  load average: 0.00, 0.16, 0.33
Tasks: 399 total,   1 running, 398 sleeping,   0 stopped,   0 zombie
%Cpu(s):  0.0 us,  0.0 sy,  0.0 ni,100.0 id,  0.0 wa,  0.0 hi,  0.0 si,  0.0 st
KiB Mem : 65877712 total, 61393864 free,  1050896 used,  3432952 buff/cache
KiB Swap: 33554428 total, 32464160 free,  1090268 used. 63569776 avail Mem 
--
top - 10:38:29 up 111 days,  2:21,  0 users,  load average: 0.00, 0.16, 0.33
Tasks: 399 total,   1 running, 398 sleeping,   0 stopped,   0 zombie
%Cpu(s):  0.0 us,  0.0 sy,  0.0 ni,100.0 id,  0.0 wa,  0.0 hi,  0.0 si,  0.0 st
KiB Mem : 65877712 total, 61394792 free,  1049968 used,  3432952 buff/cache
KiB Swap: 33554428 total, 32464160 free,  1090268 used. 63570704 avail Mem 
--
top - 10:38:34 up 111 days,  2:21,  0 users,  load average: 0.00, 0.15, 0.33
Tasks: 400 total,   1 running, 399 sleeping,   0 stopped,   0 zombie
%Cpu(s):  0.0 us,  0.0 sy,  0.0 ni,100.0 id,  0.0 wa,  0.0 hi,  0.0 si,  0.0 st
KiB Mem : 65877712 total, 61395128 free,  1049632 used,  3432952 buff/cache
KiB Swap: 33554428 total, 32464160 free,  1090268 used. 63571040 avail Mem 
--
top - 10:38:39 up 111 days,  2:21,  0 users,  load average: 0.00, 0.15, 0.32
Tasks: 400 total,   1 running, 399 sleeping,   0 stopped,   0 zombie
%Cpu(s):  0.0 us,  0.0 sy,  0.0 ni,100.0 id,  0.0 wa,  0.0 hi,  0.0 si,  0.0 st
KiB Mem : 65877712 total, 61396012 free,  1048748 used,  3432952 buff/cache
KiB Swap: 33554428 total, 32464160 free,  1090268 used. 63571924 avail Mem 
--
top - 10:38:44 up 111 days,  2:21,  0 users,  load average: 0.00, 0.15, 0.32
Tasks: 400 total,   1 running, 399 sleeping,   0 stopped,   0 zombie
%Cpu(s):  0.0 us,  0.0 sy,  0.0 ni, 99.9 id,  0.0 wa,  0.0 hi,  0.0 si,  0.0 st
KiB Mem : 65877712 total, 61395828 free,  1048932 used,  3432952 buff/cache
KiB Swap: 33554428 total, 32464160 free,  1090268 used. 63571740 avail Mem 
--
top - 10:38:49 up 111 days,  2:22,  0 users,  load average: 0.00, 0.15, 0.32
Tasks: 400 total,   1 running, 399 sleeping,   0 stopped,   0 zombie
%Cpu(s):  0.1 us,  0.0 sy,  0.0 ni, 99.9 id,  0.0 wa,  0.0 hi,  0.0 si,  0.0 st
KiB Mem : 65877712 total, 61362552 free,  1082208 used,  3432952 buff/cache
KiB Swap: 33554428 total, 32464160 free,  1090268 used. 63538464 avail Mem 
--
top - 10:38:54 up 111 days,  2:22,  0 users,  load average: 0.00, 0.14, 0.32
Tasks: 400 total,   1 running, 399 sleeping,   0 stopped,   0 zombie
%Cpu(s):  0.1 us,  0.1 sy,  0.0 ni, 99.8 id,  0.0 wa,  0.0 hi,  0.0 si,  0.0 st
KiB Mem : 65877712 total, 61321556 free,  1123204 used,  3432952 buff/cache
KiB Swap: 33554428 total, 32464160 free,  1090268 used. 63497468 avail Mem 
--
top - 10:38:59 up 111 days,  2:22,  0 users,  load average: 0.00, 0.14, 0.32
Tasks: 400 total,   1 running, 399 sleeping,   0 stopped,   0 zombie
%Cpu(s):  0.1 us,  0.0 sy,  0.0 ni, 99.9 id,  0.0 wa,  0.0 hi,  0.0 si,  0.0 st
KiB Mem : 65877712 total, 61277456 free,  1167304 used,  3432952 buff/cache
KiB Swap: 33554428 total, 32464160 free,  1090268 used. 63453368 avail Mem 
--
top - 10:39:04 up 111 days,  2:22,  0 users,  load average: 0.00, 0.14, 0.32
Tasks: 400 total,   2 running, 398 sleeping,   0 stopped,   0 zombie
%Cpu(s): 43.6 us,  0.5 sy,  0.0 ni, 55.9 id,  0.0 wa,  0.0 hi,  0.0 si,  0.0 st
KiB Mem : 65877712 total, 60924056 free,  1520700 used,  3432956 buff/cache
KiB Swap: 33554428 total, 32464160 free,  1090268 used. 63099972 avail Mem 
--
top - 10:39:09 up 111 days,  2:22,  0 users,  load average: 0.00, 0.14, 0.31
Tasks: 400 total,   1 running, 399 sleeping,   0 stopped,   0 zombie
%Cpu(s):  0.1 us,  0.0 sy,  0.0 ni, 99.8 id,  0.0 wa,  0.0 hi,  0.0 si,  0.0 st
KiB Mem : 65877712 total, 61059208 free,  1385644 used,  3432860 buff/cache
KiB Swap: 33554428 total, 32464160 free,  1090268 used. 63235076 avail Mem 
--
top - 10:39:14 up 111 days,  2:22,  0 users,  load average: 0.00, 0.13, 0.31
Tasks: 400 total,   1 running, 399 sleeping,   0 stopped,   0 zombie
%Cpu(s):  0.1 us,  0.1 sy,  0.0 ni, 99.9 id,  0.0 wa,  0.0 hi,  0.0 si,  0.0 st
KiB Mem : 65877712 total, 61031312 free,  1413540 used,  3432860 buff/cache
KiB Swap: 33554428 total, 32464160 free,  1090268 used. 63207180 avail Mem 
--
top - 10:39:19 up 111 days,  2:22,  0 users,  load average: 0.00, 0.13, 0.31
Tasks: 400 total,   1 running, 399 sleeping,   0 stopped,   0 zombie
%Cpu(s):  0.1 us,  0.1 sy,  0.0 ni, 99.9 id,  0.0 wa,  0.0 hi,  0.0 si,  0.0 st
KiB Mem : 65877712 total, 60993312 free,  1451540 used,  3432860 buff/cache
KiB Swap: 33554428 total, 32464160 free,  1090268 used. 63169180 avail Mem 
--
top - 10:39:24 up 111 days,  2:22,  0 users,  load average: 0.00, 0.13, 0.31
Tasks: 400 total,   1 running, 399 sleeping,   0 stopped,   0 zombie
%Cpu(s): 21.2 us,  0.3 sy,  0.0 ni, 78.6 id,  0.0 wa,  0.0 hi,  0.0 si,  0.0 st
KiB Mem : 65877712 total, 60907528 free,  1537324 used,  3432860 buff/cache
KiB Swap: 33554428 total, 32464160 free,  1090268 used. 63083396 avail Mem 
--
top - 10:39:29 up 111 days,  2:22,  0 users,  load average: 2.33, 0.61, 0.46
Tasks: 400 total,   1 running, 399 sleeping,   0 stopped,   0 zombie
%Cpu(s): 18.2 us,  0.2 sy,  0.0 ni, 81.6 id,  0.0 wa,  0.0 hi,  0.0 si,  0.0 st
KiB Mem : 65877712 total, 60935448 free,  1509404 used,  3432860 buff/cache
KiB Swap: 33554428 total, 32464160 free,  1090268 used. 63111316 avail Mem 
--
top - 10:39:34 up 111 days,  2:22,  0 users,  load average: 2.04, 0.61, 0.46
Tasks: 400 total,   1 running, 399 sleeping,   0 stopped,   0 zombie
%Cpu(s):  0.1 us,  0.0 sy,  0.0 ni, 99.9 id,  0.0 wa,  0.0 hi,  0.0 si,  0.0 st
KiB Mem : 65877712 total, 60924676 free,  1520176 used,  3432860 buff/cache
KiB Swap: 33554428 total, 32464160 free,  1090268 used. 63100544 avail Mem 
--
top - 10:39:39 up 111 days,  2:22,  0 users,  load average: 1.88, 0.60, 0.46
Tasks: 400 total,   1 running, 399 sleeping,   0 stopped,   0 zombie
%Cpu(s):  0.1 us,  0.1 sy,  0.0 ni, 99.9 id,  0.0 wa,  0.0 hi,  0.0 si,  0.0 st
KiB Mem : 65877712 total, 60886740 free,  1558112 used,  3432860 buff/cache
KiB Swap: 33554428 total, 32464160 free,  1090268 used. 63062608 avail Mem 
--
top - 10:39:44 up 111 days,  2:22,  0 users,  load average: 1.73, 0.59, 0.46
Tasks: 400 total,   1 running, 399 sleeping,   0 stopped,   0 zombie
%Cpu(s):  0.1 us,  0.1 sy,  0.0 ni, 99.8 id,  0.0 wa,  0.0 hi,  0.0 si,  0.0 st
KiB Mem : 65877712 total, 60851932 free,  1592920 used,  3432860 buff/cache
KiB Swap: 33554428 total, 32464160 free,  1090268 used. 63027800 avail Mem 
--
top - 10:39:49 up 111 days,  2:23,  0 users,  load average: 1.59, 0.58, 0.46
Tasks: 400 total,   1 running, 399 sleeping,   0 stopped,   0 zombie
%Cpu(s):  0.1 us,  0.1 sy,  0.0 ni, 99.8 id,  0.0 wa,  0.0 hi,  0.0 si,  0.0 st
KiB Mem : 65877712 total, 60814140 free,  1630712 used,  3432860 buff/cache
KiB Swap: 33554428 total, 32464160 free,  1090268 used. 62990008 avail Mem 
--
top - 10:39:54 up 111 days,  2:23,  0 users,  load average: 1.46, 0.57, 0.45
Tasks: 400 total,   1 running, 399 sleeping,   0 stopped,   0 zombie
%Cpu(s): 43.8 us,  0.7 sy,  0.0 ni, 55.5 id,  0.0 wa,  0.0 hi,  0.0 si,  0.0 st
KiB Mem : 65877712 total, 60693656 free,  1751196 used,  3432860 buff/cache
KiB Swap: 33554428 total, 32464160 free,  1090268 used. 62869524 avail Mem 
--
top - 10:39:59 up 111 days,  2:23,  0 users,  load average: 1.34, 0.56, 0.45
Tasks: 400 total,   1 running, 399 sleeping,   0 stopped,   0 zombie
%Cpu(s):  0.0 us,  0.0 sy,  0.0 ni, 99.9 id,  0.0 wa,  0.0 hi,  0.0 si,  0.0 st
KiB Mem : 65877712 total, 60811372 free,  1633476 used,  3432864 buff/cache
KiB Swap: 33554428 total, 32464160 free,  1090268 used. 62987244 avail Mem 
--
top - 10:40:04 up 111 days,  2:23,  0 users,  load average: 1.24, 0.55, 0.45
Tasks: 400 total,   1 running, 399 sleeping,   0 stopped,   0 zombie
%Cpu(s):  0.5 us,  0.3 sy,  0.0 ni, 98.7 id,  0.6 wa,  0.0 hi,  0.0 si,  0.0 st
KiB Mem : 65877712 total, 60772720 free,  1672104 used,  3432888 buff/cache
KiB Swap: 33554428 total, 32464160 free,  1090268 used. 62948604 avail Mem 
--
top - 10:40:09 up 111 days,  2:23,  0 users,  load average: 1.14, 0.54, 0.45
Tasks: 400 total,   1 running, 399 sleeping,   0 stopped,   0 zombie
%Cpu(s):  0.1 us,  0.1 sy,  0.0 ni, 99.9 id,  0.0 wa,  0.0 hi,  0.0 si,  0.0 st
KiB Mem : 65877712 total, 60727076 free,  1717740 used,  3432896 buff/cache
KiB Swap: 33554428 total, 32464160 free,  1090268 used. 62902968 avail Mem 
--
top - 10:40:14 up 111 days,  2:23,  0 users,  load average: 1.05, 0.53, 0.44
Tasks: 400 total,   1 running, 399 sleeping,   0 stopped,   0 zombie
%Cpu(s):  0.1 us,  0.0 sy,  0.0 ni, 99.9 id,  0.0 wa,  0.0 hi,  0.0 si,  0.0 st
KiB Mem : 65877712 total, 60704468 free,  1740348 used,  3432896 buff/cache
KiB Swap: 33554428 total, 32464160 free,  1090268 used. 62880360 avail Mem 
--
top - 10:40:19 up 111 days,  2:23,  0 users,  load average: 0.96, 0.52, 0.44
Tasks: 400 total,   1 running, 399 sleeping,   0 stopped,   0 zombie
%Cpu(s): 44.6 us,  0.6 sy,  0.0 ni, 54.8 id,  0.0 wa,  0.0 hi,  0.0 si,  0.0 st
KiB Mem : 65877712 total, 60585400 free,  1859416 used,  3432896 buff/cache
KiB Swap: 33554428 total, 32464160 free,  1090268 used. 62761292 avail Mem 
--
top - 10:40:24 up 111 days,  2:23,  0 users,  load average: 0.89, 0.51, 0.44
Tasks: 400 total,   1 running, 399 sleeping,   0 stopped,   0 zombie
%Cpu(s):  0.0 us,  0.0 sy,  0.0 ni, 99.9 id,  0.0 wa,  0.0 hi,  0.0 si,  0.0 st
KiB Mem : 65877712 total, 60713776 free,  1731040 used,  3432896 buff/cache
KiB Swap: 33554428 total, 32464160 free,  1090268 used. 62889656 avail Mem 
--
top - 10:40:29 up 111 days,  2:23,  0 users,  load average: 0.81, 0.50, 0.44
Tasks: 400 total,   1 running, 399 sleeping,   0 stopped,   0 zombie
%Cpu(s):  0.1 us,  0.1 sy,  0.0 ni, 99.8 id,  0.1 wa,  0.0 hi,  0.0 si,  0.0 st
KiB Mem : 65877712 total, 60674804 free,  1770012 used,  3432896 buff/cache
KiB Swap: 33554428 total, 32464160 free,  1090268 used. 62850696 avail Mem 
--
top - 10:40:34 up 111 days,  2:23,  0 users,  load average: 0.75, 0.50, 0.43
Tasks: 400 total,   1 running, 399 sleeping,   0 stopped,   0 zombie
%Cpu(s):  0.1 us,  0.0 sy,  0.0 ni, 99.9 id,  0.0 wa,  0.0 hi,  0.0 si,  0.0 st
KiB Mem : 65877712 total, 60643016 free,  1801800 used,  3432896 buff/cache
KiB Swap: 33554428 total, 32464160 free,  1090268 used. 62818908 avail Mem 
--
top - 10:40:39 up 111 days,  2:23,  0 users,  load average: 0.69, 0.49, 0.43
Tasks: 400 total,   1 running, 399 sleeping,   0 stopped,   0 zombie
%Cpu(s):  0.1 us,  0.1 sy,  0.0 ni, 99.9 id,  0.0 wa,  0.0 hi,  0.0 si,  0.0 st
KiB Mem : 65877712 total, 60603108 free,  1841708 used,  3432896 buff/cache
KiB Swap: 33554428 total, 32464160 free,  1090268 used. 62779000 avail Mem 
--
top - 10:40:44 up 111 days,  2:23,  0 users,  load average: 0.63, 0.48, 0.43
Tasks: 400 total,   1 running, 399 sleeping,   0 stopped,   0 zombie
%Cpu(s): 39.9 us,  0.3 sy,  0.0 ni, 59.9 id,  0.0 wa,  0.0 hi,  0.0 si,  0.0 st
KiB Mem : 65877712 total, 60490128 free,  1954688 used,  3432896 buff/cache
KiB Swap: 33554428 total, 32464160 free,  1090268 used. 62666020 avail Mem 
