10.149.0.40
2024/01/02 10:22:46 Master node address: http://10.149.0.62:8000
2024/01/02 10:22:46 Benchmarking worker...
2024/01/02 10:22:47 Worker registered (1743 MCUPS). Waiting for work...
2024/01/02 10:23:33 Got work. Start calculating alignments...
2024/01/02 10:23:33 Calculating 952 queries
2024/01/02 10:23:35 Done calculating alignments.
2024/01/02 10:23:35 Waiting for work...
2024/01/02 10:23:59 Got work. Start calculating alignments...
2024/01/02 10:23:59 Calculating 952 queries
2024/01/02 10:24:04 Done calculating alignments.
2024/01/02 10:24:04 Waiting for work...
2024/01/02 10:24:22 Got work. Start calculating alignments...
2024/01/02 10:24:22 Calculating 952 queries
2024/01/02 10:24:27 Done calculating alignments.
2024/01/02 10:24:27 Waiting for work...
2024/01/02 10:24:48 Got work. Start calculating alignments...
2024/01/02 10:24:48 Calculating 952 queries
2024/01/02 10:24:51 Done calculating alignments.
2024/01/02 10:24:51 Waiting for work...
2024/01/02 10:25:11 Got work. Start calculating alignments...
2024/01/02 10:25:11 Calculating 952 queries
2024/01/02 10:25:16 Done calculating alignments.
2024/01/02 10:25:16 Waiting for work...
slurmstepd: error: *** JOB 4754804 ON node040 CANCELLED AT 2024-01-02T10:25:17 ***
