Job id: 4754781
Worker ip: 10.149.0.64
Master ip: 10.149.0.54
--
top - 10:20:16 up 111 days,  2:02,  0 users,  load average: 0.00, 0.01, 0.07
Tasks: 394 total,   2 running, 392 sleeping,   0 stopped,   0 zombie
%Cpu(s):  3.2 us,  4.5 sy,  0.0 ni, 92.1 id,  0.0 wa,  0.0 hi,  0.2 si,  0.0 st
KiB Mem : 65877712 total, 58147468 free,  1137616 used,  6592628 buff/cache
KiB Swap: 33554428 total, 32362872 free,  1191556 used. 63477076 avail Mem 
--
top - 10:20:21 up 111 days,  2:02,  0 users,  load average: 0.00, 0.01, 0.07
Tasks: 395 total,   1 running, 394 sleeping,   0 stopped,   0 zombie
%Cpu(s):  1.6 us,  0.4 sy,  0.0 ni, 98.0 id,  0.0 wa,  0.0 hi,  0.0 si,  0.0 st
KiB Mem : 65877712 total, 58126088 free,  1152224 used,  6599400 buff/cache
KiB Swap: 33554428 total, 32362872 free,  1191556 used. 63462352 avail Mem 
--
top - 10:20:26 up 111 days,  2:02,  0 users,  load average: 0.00, 0.01, 0.07
Tasks: 396 total,   1 running, 395 sleeping,   0 stopped,   0 zombie
%Cpu(s):  0.0 us,  0.0 sy,  0.0 ni,100.0 id,  0.0 wa,  0.0 hi,  0.0 si,  0.0 st
KiB Mem : 65877712 total, 58126468 free,  1151844 used,  6599400 buff/cache
KiB Swap: 33554428 total, 32362872 free,  1191556 used. 63462732 avail Mem 
--
top - 10:20:31 up 111 days,  2:02,  0 users,  load average: 0.00, 0.01, 0.07
Tasks: 396 total,   1 running, 395 sleeping,   0 stopped,   0 zombie
%Cpu(s):  0.0 us,  0.0 sy,  0.0 ni,100.0 id,  0.0 wa,  0.0 hi,  0.0 si,  0.0 st
KiB Mem : 65877712 total, 58127072 free,  1151240 used,  6599400 buff/cache
KiB Swap: 33554428 total, 32362872 free,  1191556 used. 63463336 avail Mem 
--
top - 10:20:36 up 111 days,  2:02,  0 users,  load average: 0.00, 0.01, 0.07
Tasks: 396 total,   1 running, 395 sleeping,   0 stopped,   0 zombie
%Cpu(s):  0.0 us,  0.0 sy,  0.0 ni,100.0 id,  0.0 wa,  0.0 hi,  0.0 si,  0.0 st
KiB Mem : 65877712 total, 58127824 free,  1150488 used,  6599400 buff/cache
KiB Swap: 33554428 total, 32362872 free,  1191556 used. 63464088 avail Mem 
--
top - 10:20:41 up 111 days,  2:02,  0 users,  load average: 0.00, 0.01, 0.07
Tasks: 397 total,   1 running, 396 sleeping,   0 stopped,   0 zombie
%Cpu(s):  0.0 us,  0.0 sy,  0.0 ni, 99.9 id,  0.0 wa,  0.0 hi,  0.0 si,  0.0 st
KiB Mem : 65877712 total, 58127264 free,  1151048 used,  6599400 buff/cache
KiB Swap: 33554428 total, 32362872 free,  1191556 used. 63463528 avail Mem 
--
top - 10:20:46 up 111 days,  2:03,  0 users,  load average: 0.00, 0.01, 0.07
Tasks: 397 total,   1 running, 396 sleeping,   0 stopped,   0 zombie
%Cpu(s):  0.0 us,  0.0 sy,  0.0 ni,100.0 id,  0.0 wa,  0.0 hi,  0.0 si,  0.0 st
KiB Mem : 65877712 total, 58127692 free,  1150620 used,  6599400 buff/cache
KiB Swap: 33554428 total, 32362872 free,  1191556 used. 63463956 avail Mem 
--
top - 10:20:51 up 111 days,  2:03,  0 users,  load average: 0.00, 0.01, 0.07
Tasks: 397 total,   1 running, 396 sleeping,   0 stopped,   0 zombie
%Cpu(s):  0.0 us,  0.0 sy,  0.0 ni,100.0 id,  0.0 wa,  0.0 hi,  0.0 si,  0.0 st
KiB Mem : 65877712 total, 58127692 free,  1150620 used,  6599400 buff/cache
KiB Swap: 33554428 total, 32362872 free,  1191556 used. 63463956 avail Mem 
--
top - 10:20:56 up 111 days,  2:03,  0 users,  load average: 0.00, 0.01, 0.07
Tasks: 397 total,   1 running, 396 sleeping,   0 stopped,   0 zombie
%Cpu(s):  0.1 us,  0.1 sy,  0.0 ni, 99.8 id,  0.0 wa,  0.0 hi,  0.0 si,  0.0 st
KiB Mem : 65877712 total, 58058904 free,  1219408 used,  6599400 buff/cache
KiB Swap: 33554428 total, 32362872 free,  1191556 used. 63395168 avail Mem 
--
top - 10:21:01 up 111 days,  2:03,  0 users,  load average: 0.00, 0.01, 0.07
Tasks: 395 total,   1 running, 394 sleeping,   0 stopped,   0 zombie
%Cpu(s):  0.1 us,  0.1 sy,  0.0 ni, 99.8 id,  0.0 wa,  0.0 hi,  0.0 si,  0.0 st
KiB Mem : 65877712 total, 57980016 free,  1298296 used,  6599400 buff/cache
KiB Swap: 33554428 total, 32362872 free,  1191556 used. 63316280 avail Mem 
--
top - 10:21:06 up 111 days,  2:03,  0 users,  load average: 2.16, 0.46, 0.21
Tasks: 395 total,   1 running, 394 sleeping,   0 stopped,   0 zombie
%Cpu(s): 83.4 us,  0.6 sy,  0.0 ni, 16.0 id,  0.0 wa,  0.0 hi,  0.0 si,  0.0 st
KiB Mem : 65877712 total, 57550812 free,  1727500 used,  6599400 buff/cache
KiB Swap: 33554428 total, 32362872 free,  1191556 used. 62887076 avail Mem 
--
top - 10:21:11 up 111 days,  2:03,  0 users,  load average: 1.99, 0.45, 0.21
Tasks: 395 total,   1 running, 394 sleeping,   0 stopped,   0 zombie
%Cpu(s):  0.0 us,  0.0 sy,  0.0 ni, 99.9 id,  0.0 wa,  0.0 hi,  0.0 si,  0.0 st
KiB Mem : 65877712 total, 57692240 free,  1586068 used,  6599404 buff/cache
KiB Swap: 33554428 total, 32362872 free,  1191556 used. 63028508 avail Mem 
--
top - 10:21:16 up 111 days,  2:03,  0 users,  load average: 1.83, 0.45, 0.21
Tasks: 395 total,   1 running, 394 sleeping,   0 stopped,   0 zombie
%Cpu(s):  0.1 us,  0.1 sy,  0.0 ni, 99.8 id,  0.0 wa,  0.0 hi,  0.0 si,  0.0 st
KiB Mem : 65877712 total, 57634376 free,  1643932 used,  6599404 buff/cache
KiB Swap: 33554428 total, 32362872 free,  1191556 used. 62970644 avail Mem 
--
top - 10:21:21 up 111 days,  2:03,  0 users,  load average: 1.69, 0.44, 0.21
Tasks: 395 total,   1 running, 394 sleeping,   0 stopped,   0 zombie
%Cpu(s):  0.1 us,  0.1 sy,  0.0 ni, 99.8 id,  0.0 wa,  0.0 hi,  0.0 si,  0.0 st
KiB Mem : 65877712 total, 57550176 free,  1728132 used,  6599404 buff/cache
KiB Swap: 33554428 total, 32362872 free,  1191556 used. 62886444 avail Mem 
--
top - 10:21:26 up 111 days,  2:03,  0 users,  load average: 1.55, 0.43, 0.21
Tasks: 395 total,   2 running, 393 sleeping,   0 stopped,   0 zombie
%Cpu(s): 26.9 us,  0.4 sy,  0.0 ni, 72.7 id,  0.0 wa,  0.0 hi,  0.0 si,  0.0 st
KiB Mem : 65877712 total, 57441964 free,  1836344 used,  6599404 buff/cache
KiB Swap: 33554428 total, 32362872 free,  1191556 used. 62778232 avail Mem 
--
top - 10:21:31 up 111 days,  2:03,  0 users,  load average: 3.59, 0.87, 0.35
Tasks: 395 total,   1 running, 394 sleeping,   0 stopped,   0 zombie
%Cpu(s): 58.3 us,  0.3 sy,  0.0 ni, 41.4 id,  0.0 wa,  0.0 hi,  0.0 si,  0.0 st
KiB Mem : 65877712 total, 57280088 free,  1998220 used,  6599404 buff/cache
KiB Swap: 33554428 total, 32362872 free,  1191556 used. 62616356 avail Mem 
--
top - 10:21:36 up 111 days,  2:03,  0 users,  load average: 3.30, 0.86, 0.35
Tasks: 395 total,   1 running, 394 sleeping,   0 stopped,   0 zombie
%Cpu(s):  0.1 us,  0.1 sy,  0.0 ni, 99.9 id,  0.0 wa,  0.0 hi,  0.0 si,  0.0 st
KiB Mem : 65877712 total, 57459124 free,  1819184 used,  6599404 buff/cache
KiB Swap: 33554428 total, 32362872 free,  1191556 used. 62795392 avail Mem 
--
top - 10:21:41 up 111 days,  2:03,  0 users,  load average: 3.04, 0.85, 0.35
Tasks: 395 total,   1 running, 394 sleeping,   0 stopped,   0 zombie
%Cpu(s):  0.2 us,  0.1 sy,  0.0 ni, 99.7 id,  0.0 wa,  0.0 hi,  0.0 si,  0.0 st
KiB Mem : 65877712 total, 57384032 free,  1894276 used,  6599404 buff/cache
KiB Swap: 33554428 total, 32362872 free,  1191556 used. 62720300 avail Mem 
--
top - 10:21:46 up 111 days,  2:04,  0 users,  load average: 2.79, 0.83, 0.35
Tasks: 395 total,   1 running, 394 sleeping,   0 stopped,   0 zombie
%Cpu(s):  0.1 us,  0.1 sy,  0.0 ni, 99.7 id,  0.0 wa,  0.0 hi,  0.0 si,  0.0 st
KiB Mem : 65877712 total, 57300836 free,  1977472 used,  6599404 buff/cache
KiB Swap: 33554428 total, 32362872 free,  1191556 used. 62637104 avail Mem 
--
top - 10:21:51 up 111 days,  2:04,  0 users,  load average: 4.49, 1.22, 0.47
Tasks: 395 total,   1 running, 394 sleeping,   0 stopped,   0 zombie
%Cpu(s): 86.4 us,  0.6 sy,  0.0 ni, 13.0 id,  0.0 wa,  0.0 hi,  0.0 si,  0.0 st
KiB Mem : 65877712 total, 57082372 free,  2195936 used,  6599404 buff/cache
KiB Swap: 33554428 total, 32362872 free,  1191556 used. 62418640 avail Mem 
--
top - 10:21:56 up 111 days,  2:04,  0 users,  load average: 4.13, 1.20, 0.47
Tasks: 395 total,   1 running, 394 sleeping,   0 stopped,   0 zombie
%Cpu(s):  1.5 us,  0.0 sy,  0.0 ni, 98.4 id,  0.0 wa,  0.0 hi,  0.0 si,  0.0 st
KiB Mem : 65877712 total, 57247220 free,  2031088 used,  6599404 buff/cache
KiB Swap: 33554428 total, 32362872 free,  1191556 used. 62583488 avail Mem 
--
top - 10:22:01 up 111 days,  2:04,  0 users,  load average: 3.80, 1.18, 0.47
Tasks: 395 total,   1 running, 394 sleeping,   0 stopped,   0 zombie
%Cpu(s):  0.5 us,  0.3 sy,  0.0 ni, 98.8 id,  0.3 wa,  0.0 hi,  0.0 si,  0.0 st
KiB Mem : 65877712 total, 57184784 free,  2093500 used,  6599428 buff/cache
KiB Swap: 33554428 total, 32362872 free,  1191556 used. 62521052 avail Mem 
--
top - 10:22:06 up 111 days,  2:04,  0 users,  load average: 3.50, 1.16, 0.46
Tasks: 399 total,   1 running, 398 sleeping,   0 stopped,   0 zombie
%Cpu(s):  0.1 us,  0.1 sy,  0.0 ni, 99.7 id,  0.0 wa,  0.0 hi,  0.0 si,  0.0 st
KiB Mem : 65877712 total, 57117196 free,  2161108 used,  6599408 buff/cache
KiB Swap: 33554428 total, 32362872 free,  1191556 used. 62453464 avail Mem 
--
top - 10:22:11 up 111 days,  2:04,  0 users,  load average: 3.30, 1.15, 0.47
Tasks: 399 total,   2 running, 397 sleeping,   0 stopped,   0 zombie
%Cpu(s): 42.5 us,  1.0 sy,  0.0 ni, 56.5 id,  0.0 wa,  0.0 hi,  0.0 si,  0.0 st
KiB Mem : 65877712 total, 56951256 free,  2327048 used,  6599408 buff/cache
KiB Swap: 33554428 total, 32362872 free,  1191556 used. 62287528 avail Mem 
--
top - 10:22:16 up 111 days,  2:04,  0 users,  load average: 5.03, 1.55, 0.60
Tasks: 399 total,   1 running, 398 sleeping,   0 stopped,   0 zombie
%Cpu(s): 44.8 us,  0.2 sy,  0.0 ni, 55.0 id,  0.0 wa,  0.0 hi,  0.0 si,  0.0 st
KiB Mem : 65877712 total, 57020492 free,  2257812 used,  6599408 buff/cache
KiB Swap: 33554428 total, 32362872 free,  1191556 used. 62356764 avail Mem 
--
top - 10:22:21 up 111 days,  2:04,  0 users,  load average: 4.63, 1.52, 0.60
Tasks: 399 total,   1 running, 398 sleeping,   0 stopped,   0 zombie
%Cpu(s):  0.1 us,  0.0 sy,  0.0 ni, 99.9 id,  0.0 wa,  0.0 hi,  0.0 si,  0.0 st
KiB Mem : 65877712 total, 57008124 free,  2270180 used,  6599408 buff/cache
KiB Swap: 33554428 total, 32362872 free,  1191556 used. 62344396 avail Mem 
--
top - 10:22:27 up 111 days,  2:04,  0 users,  load average: 4.26, 1.50, 0.59
Tasks: 399 total,   1 running, 398 sleeping,   0 stopped,   0 zombie
%Cpu(s):  0.1 us,  0.1 sy,  0.0 ni, 99.8 id,  0.0 wa,  0.0 hi,  0.0 si,  0.0 st
KiB Mem : 65877712 total, 56926308 free,  2351996 used,  6599408 buff/cache
KiB Swap: 33554428 total, 32362872 free,  1191556 used. 62262580 avail Mem 
--
top - 10:22:32 up 111 days,  2:04,  0 users,  load average: 3.92, 1.47, 0.59
Tasks: 399 total,   1 running, 398 sleeping,   0 stopped,   0 zombie
%Cpu(s):  0.1 us,  0.1 sy,  0.0 ni, 99.8 id,  0.0 wa,  0.0 hi,  0.0 si,  0.0 st
KiB Mem : 65877712 total, 56867480 free,  2410824 used,  6599408 buff/cache
KiB Swap: 33554428 total, 32362872 free,  1191556 used. 62203752 avail Mem 
--
top - 10:22:37 up 111 days,  2:04,  0 users,  load average: 3.60, 1.45, 0.59
Tasks: 399 total,   1 running, 398 sleeping,   0 stopped,   0 zombie
%Cpu(s): 58.0 us,  0.8 sy,  0.0 ni, 41.2 id,  0.0 wa,  0.0 hi,  0.0 si,  0.0 st
KiB Mem : 65877712 total, 56693828 free,  2584476 used,  6599408 buff/cache
KiB Swap: 33554428 total, 32362872 free,  1191556 used. 62030100 avail Mem 
