Job id: 4754864
Worker ip: 10.149.0.38
Master ip: 10.149.0.54
--
top - 10:38:08 up 111 days,  2:21,  0 users,  load average: 0.56, 0.50, 0.63
Tasks: 399 total,   2 running, 397 sleeping,   0 stopped,   0 zombie
%Cpu(s):  0.4 us,  1.7 sy,  0.0 ni, 98.0 id,  0.0 wa,  0.0 hi,  0.0 si,  0.0 st
KiB Mem : 65877712 total, 60629840 free,  1152664 used,  4095208 buff/cache
KiB Swap: 33554428 total, 32297400 free,  1257028 used. 63540020 avail Mem 
--
top - 10:38:13 up 111 days,  2:21,  0 users,  load average: 0.52, 0.49, 0.63
Tasks: 403 total,   1 running, 402 sleeping,   0 stopped,   0 zombie
%Cpu(s):  1.8 us,  0.5 sy,  0.0 ni, 97.7 id,  0.0 wa,  0.0 hi,  0.0 si,  0.0 st
KiB Mem : 65877712 total, 60608120 free,  1167720 used,  4101872 buff/cache
KiB Swap: 33554428 total, 32297400 free,  1257028 used. 63524904 avail Mem 
--
top - 10:38:19 up 111 days,  2:21,  0 users,  load average: 0.47, 0.48, 0.62
Tasks: 403 total,   1 running, 402 sleeping,   0 stopped,   0 zombie
%Cpu(s):  0.0 us,  0.0 sy,  0.0 ni,100.0 id,  0.0 wa,  0.0 hi,  0.0 si,  0.0 st
KiB Mem : 65877712 total, 60608720 free,  1167120 used,  4101872 buff/cache
KiB Swap: 33554428 total, 32297400 free,  1257028 used. 63525504 avail Mem 
--
top - 10:38:24 up 111 days,  2:21,  0 users,  load average: 0.44, 0.47, 0.62
Tasks: 404 total,   1 running, 403 sleeping,   0 stopped,   0 zombie
%Cpu(s):  0.0 us,  0.0 sy,  0.0 ni,100.0 id,  0.0 wa,  0.0 hi,  0.0 si,  0.0 st
KiB Mem : 65877712 total, 60609364 free,  1166476 used,  4101872 buff/cache
KiB Swap: 33554428 total, 32297400 free,  1257028 used. 63526148 avail Mem 
--
top - 10:38:29 up 111 days,  2:21,  0 users,  load average: 0.40, 0.47, 0.62
Tasks: 404 total,   1 running, 403 sleeping,   0 stopped,   0 zombie
%Cpu(s):  0.0 us,  0.0 sy,  0.0 ni,100.0 id,  0.0 wa,  0.0 hi,  0.0 si,  0.0 st
KiB Mem : 65877712 total, 60609348 free,  1166492 used,  4101872 buff/cache
KiB Swap: 33554428 total, 32297400 free,  1257028 used. 63526132 avail Mem 
--
top - 10:38:34 up 111 days,  2:21,  0 users,  load average: 0.37, 0.46, 0.61
Tasks: 404 total,   1 running, 403 sleeping,   0 stopped,   0 zombie
%Cpu(s):  0.0 us,  0.0 sy,  0.0 ni,100.0 id,  0.0 wa,  0.0 hi,  0.0 si,  0.0 st
KiB Mem : 65877712 total, 60609608 free,  1166232 used,  4101872 buff/cache
KiB Swap: 33554428 total, 32297400 free,  1257028 used. 63526392 avail Mem 
--
top - 10:38:39 up 111 days,  2:21,  0 users,  load average: 0.34, 0.45, 0.61
Tasks: 404 total,   1 running, 403 sleeping,   0 stopped,   0 zombie
%Cpu(s):  0.0 us,  0.0 sy,  0.0 ni, 99.9 id,  0.0 wa,  0.0 hi,  0.0 si,  0.0 st
KiB Mem : 65877712 total, 60610096 free,  1165744 used,  4101872 buff/cache
KiB Swap: 33554428 total, 32297400 free,  1257028 used. 63526880 avail Mem 
--
top - 10:38:44 up 111 days,  2:22,  0 users,  load average: 0.31, 0.44, 0.60
Tasks: 404 total,   1 running, 403 sleeping,   0 stopped,   0 zombie
%Cpu(s):  0.0 us,  0.0 sy,  0.0 ni,100.0 id,  0.0 wa,  0.0 hi,  0.0 si,  0.0 st
KiB Mem : 65877712 total, 60610096 free,  1165744 used,  4101872 buff/cache
KiB Swap: 33554428 total, 32297400 free,  1257028 used. 63526880 avail Mem 
--
top - 10:38:49 up 111 days,  2:22,  0 users,  load average: 0.29, 0.44, 0.60
Tasks: 404 total,   1 running, 403 sleeping,   0 stopped,   0 zombie
%Cpu(s):  0.1 us,  0.0 sy,  0.0 ni, 99.9 id,  0.0 wa,  0.0 hi,  0.0 si,  0.0 st
KiB Mem : 65877712 total, 60577884 free,  1197956 used,  4101872 buff/cache
KiB Swap: 33554428 total, 32297400 free,  1257028 used. 63494668 avail Mem 
--
top - 10:38:54 up 111 days,  2:22,  0 users,  load average: 0.26, 0.43, 0.60
Tasks: 404 total,   1 running, 403 sleeping,   0 stopped,   0 zombie
%Cpu(s):  0.1 us,  0.1 sy,  0.0 ni, 99.9 id,  0.0 wa,  0.0 hi,  0.0 si,  0.0 st
KiB Mem : 65877712 total, 60531464 free,  1244376 used,  4101872 buff/cache
KiB Swap: 33554428 total, 32297400 free,  1257028 used. 63448248 avail Mem 
--
top - 10:38:59 up 111 days,  2:22,  0 users,  load average: 0.24, 0.42, 0.59
Tasks: 404 total,   1 running, 403 sleeping,   0 stopped,   0 zombie
%Cpu(s):  0.1 us,  0.0 sy,  0.0 ni, 99.9 id,  0.0 wa,  0.0 hi,  0.0 si,  0.0 st
KiB Mem : 65877712 total, 60487092 free,  1288748 used,  4101872 buff/cache
KiB Swap: 33554428 total, 32297400 free,  1257028 used. 63403876 avail Mem 
--
top - 10:39:04 up 111 days,  2:22,  0 users,  load average: 0.22, 0.41, 0.59
Tasks: 404 total,   1 running, 403 sleeping,   0 stopped,   0 zombie
%Cpu(s): 43.9 us,  0.5 sy,  0.0 ni, 55.6 id,  0.0 wa,  0.0 hi,  0.0 si,  0.0 st
KiB Mem : 65877712 total, 60133232 free,  1642604 used,  4101876 buff/cache
KiB Swap: 33554428 total, 32297400 free,  1257028 used. 63050020 avail Mem 
--
top - 10:39:09 up 111 days,  2:22,  0 users,  load average: 0.21, 0.41, 0.59
Tasks: 404 total,   1 running, 403 sleeping,   0 stopped,   0 zombie
%Cpu(s):  0.1 us,  0.0 sy,  0.0 ni, 99.9 id,  0.0 wa,  0.0 hi,  0.0 si,  0.0 st
KiB Mem : 65877712 total, 60272324 free,  1503512 used,  4101876 buff/cache
KiB Swap: 33554428 total, 32297400 free,  1257028 used. 63189112 avail Mem 
--
top - 10:39:14 up 111 days,  2:22,  0 users,  load average: 0.19, 0.40, 0.58
Tasks: 404 total,   1 running, 403 sleeping,   0 stopped,   0 zombie
%Cpu(s):  0.1 us,  0.1 sy,  0.0 ni, 99.9 id,  0.0 wa,  0.0 hi,  0.0 si,  0.0 st
KiB Mem : 65877712 total, 60241024 free,  1534812 used,  4101876 buff/cache
KiB Swap: 33554428 total, 32297400 free,  1257028 used. 63157812 avail Mem 
--
top - 10:39:19 up 111 days,  2:22,  0 users,  load average: 0.17, 0.39, 0.58
Tasks: 404 total,   1 running, 403 sleeping,   0 stopped,   0 zombie
%Cpu(s):  0.1 us,  0.1 sy,  0.0 ni, 99.8 id,  0.0 wa,  0.0 hi,  0.0 si,  0.0 st
KiB Mem : 65877712 total, 60202208 free,  1573628 used,  4101876 buff/cache
KiB Swap: 33554428 total, 32297400 free,  1257028 used. 63118996 avail Mem 
--
top - 10:39:24 up 111 days,  2:22,  0 users,  load average: 0.24, 0.40, 0.58
Tasks: 404 total,   2 running, 402 sleeping,   0 stopped,   0 zombie
%Cpu(s): 18.3 us,  0.2 sy,  0.0 ni, 81.4 id,  0.0 wa,  0.0 hi,  0.0 si,  0.0 st
KiB Mem : 65877712 total, 60127012 free,  1648824 used,  4101876 buff/cache
KiB Swap: 33554428 total, 32297400 free,  1257028 used. 63043800 avail Mem 
--
top - 10:39:29 up 111 days,  2:22,  0 users,  load average: 1.82, 0.73, 0.69
Tasks: 404 total,   1 running, 403 sleeping,   0 stopped,   0 zombie
%Cpu(s): 23.5 us,  0.2 sy,  0.0 ni, 76.3 id,  0.0 wa,  0.0 hi,  0.0 si,  0.0 st
KiB Mem : 65877712 total, 60154356 free,  1621480 used,  4101876 buff/cache
KiB Swap: 33554428 total, 32297400 free,  1257028 used. 63071144 avail Mem 
--
top - 10:39:34 up 111 days,  2:22,  0 users,  load average: 1.68, 0.72, 0.68
Tasks: 404 total,   1 running, 403 sleeping,   0 stopped,   0 zombie
%Cpu(s):  0.0 us,  0.0 sy,  0.0 ni, 99.9 id,  0.0 wa,  0.0 hi,  0.0 si,  0.0 st
KiB Mem : 65877712 total, 60144428 free,  1631408 used,  4101876 buff/cache
KiB Swap: 33554428 total, 32297400 free,  1257028 used. 63061216 avail Mem 
--
top - 10:39:39 up 111 days,  2:22,  0 users,  load average: 1.54, 0.71, 0.68
Tasks: 404 total,   1 running, 403 sleeping,   0 stopped,   0 zombie
%Cpu(s):  0.1 us,  0.1 sy,  0.0 ni, 99.8 id,  0.0 wa,  0.0 hi,  0.0 si,  0.0 st
KiB Mem : 65877712 total, 60111016 free,  1664820 used,  4101876 buff/cache
KiB Swap: 33554428 total, 32297400 free,  1257028 used. 63027804 avail Mem 
--
top - 10:39:44 up 111 days,  2:23,  0 users,  load average: 1.42, 0.69, 0.68
Tasks: 404 total,   1 running, 403 sleeping,   0 stopped,   0 zombie
%Cpu(s):  0.1 us,  0.1 sy,  0.0 ni, 99.9 id,  0.0 wa,  0.0 hi,  0.0 si,  0.0 st
KiB Mem : 65877712 total, 60067352 free,  1708484 used,  4101876 buff/cache
KiB Swap: 33554428 total, 32297400 free,  1257028 used. 62984140 avail Mem 
--
top - 10:39:49 up 111 days,  2:23,  0 users,  load average: 1.30, 0.68, 0.67
Tasks: 404 total,   1 running, 403 sleeping,   0 stopped,   0 zombie
%Cpu(s):  0.1 us,  0.1 sy,  0.0 ni, 99.9 id,  0.0 wa,  0.0 hi,  0.0 si,  0.0 st
KiB Mem : 65877712 total, 60033808 free,  1742044 used,  4101860 buff/cache
KiB Swap: 33554428 total, 32297416 free,  1257012 used. 62950596 avail Mem 
--
top - 10:39:54 up 111 days,  2:23,  0 users,  load average: 3.60, 1.17, 0.83
Tasks: 404 total,   1 running, 403 sleeping,   0 stopped,   0 zombie
%Cpu(s): 43.6 us,  0.6 sy,  0.0 ni, 55.8 id,  0.0 wa,  0.0 hi,  0.0 si,  0.0 st
KiB Mem : 65877712 total, 59895076 free,  1880760 used,  4101876 buff/cache
KiB Swap: 33554428 total, 32297416 free,  1257012 used. 62811864 avail Mem 
--
top - 10:39:59 up 111 days,  2:23,  0 users,  load average: 3.31, 1.15, 0.83
Tasks: 404 total,   1 running, 403 sleeping,   0 stopped,   0 zombie
%Cpu(s):  0.0 us,  0.0 sy,  0.0 ni, 99.9 id,  0.0 wa,  0.0 hi,  0.0 si,  0.0 st
KiB Mem : 65877712 total, 60024664 free,  1751172 used,  4101876 buff/cache
KiB Swap: 33554428 total, 32297416 free,  1257012 used. 62941448 avail Mem 
--
top - 10:40:04 up 111 days,  2:23,  0 users,  load average: 3.13, 1.15, 0.83
Tasks: 404 total,   1 running, 403 sleeping,   0 stopped,   0 zombie
%Cpu(s):  0.5 us,  0.3 sy,  0.0 ni, 98.6 id,  0.6 wa,  0.0 hi,  0.0 si,  0.0 st
KiB Mem : 65877712 total, 59978672 free,  1797160 used,  4101880 buff/cache
KiB Swap: 33554428 total, 32297416 free,  1257012 used. 62895464 avail Mem 
--
top - 10:40:09 up 111 days,  2:23,  0 users,  load average: 2.88, 1.13, 0.82
Tasks: 404 total,   1 running, 403 sleeping,   0 stopped,   0 zombie
%Cpu(s):  0.1 us,  0.1 sy,  0.0 ni, 99.8 id,  0.0 wa,  0.0 hi,  0.0 si,  0.0 st
KiB Mem : 65877712 total, 59945592 free,  1830240 used,  4101880 buff/cache
KiB Swap: 33554428 total, 32297416 free,  1257012 used. 62862384 avail Mem 
--
top - 10:40:14 up 111 days,  2:23,  0 users,  load average: 2.65, 1.11, 0.82
Tasks: 404 total,   1 running, 403 sleeping,   0 stopped,   0 zombie
%Cpu(s):  0.1 us,  0.0 sy,  0.0 ni, 99.9 id,  0.0 wa,  0.0 hi,  0.0 si,  0.0 st
KiB Mem : 65877712 total, 59915916 free,  1859908 used,  4101888 buff/cache
KiB Swap: 33554428 total, 32297416 free,  1257012 used. 62832716 avail Mem 
--
top - 10:40:19 up 111 days,  2:23,  0 users,  load average: 2.44, 1.09, 0.82
Tasks: 404 total,   1 running, 403 sleeping,   0 stopped,   0 zombie
%Cpu(s): 42.9 us,  0.4 sy,  0.0 ni, 56.7 id,  0.0 wa,  0.0 hi,  0.0 si,  0.0 st
KiB Mem : 65877712 total, 59792716 free,  1983108 used,  4101888 buff/cache
KiB Swap: 33554428 total, 32297416 free,  1257012 used. 62709516 avail Mem 
--
top - 10:40:24 up 111 days,  2:23,  0 users,  load average: 2.24, 1.07, 0.81
Tasks: 404 total,   1 running, 403 sleeping,   0 stopped,   0 zombie
%Cpu(s):  0.0 us,  0.0 sy,  0.0 ni, 99.9 id,  0.0 wa,  0.0 hi,  0.0 si,  0.0 st
KiB Mem : 65877712 total, 59916456 free,  1859368 used,  4101888 buff/cache
KiB Swap: 33554428 total, 32297416 free,  1257012 used. 62833256 avail Mem 
--
top - 10:40:29 up 111 days,  2:23,  0 users,  load average: 2.06, 1.06, 0.81
Tasks: 404 total,   1 running, 403 sleeping,   0 stopped,   0 zombie
%Cpu(s):  0.1 us,  0.0 sy,  0.0 ni, 99.9 id,  0.0 wa,  0.0 hi,  0.0 si,  0.0 st
KiB Mem : 65877712 total, 59889432 free,  1886392 used,  4101888 buff/cache
KiB Swap: 33554428 total, 32297416 free,  1257012 used. 62806232 avail Mem 
--
top - 10:40:34 up 111 days,  2:23,  0 users,  load average: 1.90, 1.04, 0.80
Tasks: 404 total,   1 running, 403 sleeping,   0 stopped,   0 zombie
%Cpu(s):  0.1 us,  0.1 sy,  0.0 ni, 99.9 id,  0.0 wa,  0.0 hi,  0.0 si,  0.0 st
KiB Mem : 65877712 total, 59844460 free,  1931364 used,  4101888 buff/cache
KiB Swap: 33554428 total, 32297416 free,  1257012 used. 62761260 avail Mem 
--
top - 10:40:39 up 111 days,  2:23,  0 users,  load average: 1.74, 1.02, 0.80
Tasks: 404 total,   1 running, 403 sleeping,   0 stopped,   0 zombie
%Cpu(s):  0.1 us,  0.1 sy,  0.0 ni, 99.8 id,  0.0 wa,  0.0 hi,  0.0 si,  0.0 st
KiB Mem : 65877712 total, 59809468 free,  1966356 used,  4101888 buff/cache
KiB Swap: 33554428 total, 32297416 free,  1257012 used. 62726268 avail Mem 
--
top - 10:40:44 up 111 days,  2:24,  0 users,  load average: 1.60, 1.00, 0.79
Tasks: 404 total,   1 running, 403 sleeping,   0 stopped,   0 zombie
%Cpu(s): 40.4 us,  0.4 sy,  0.0 ni, 59.2 id,  0.0 wa,  0.0 hi,  0.0 si,  0.0 st
KiB Mem : 65877712 total, 59678824 free,  2097000 used,  4101888 buff/cache
KiB Swap: 33554428 total, 32297416 free,  1257012 used. 62595624 avail Mem 
