Job id: 4754854
Worker ip: 10.149.0.60
Master ip: 10.149.0.54
--
top - 10:38:08 up 111 days,  2:22,  0 users,  load average: 0.78, 2.87, 4.20
Tasks: 401 total,   1 running, 400 sleeping,   0 stopped,   0 zombie
%Cpu(s):  0.6 us,  1.7 sy,  0.0 ni, 97.8 id,  0.0 wa,  0.0 hi,  0.0 si,  0.0 st
KiB Mem : 65877692 total, 52198212 free,  1276492 used, 12402988 buff/cache
KiB Swap: 33554428 total, 31912124 free,  1642304 used. 63342384 avail Mem 
--
top - 10:38:13 up 111 days,  2:22,  0 users,  load average: 0.72, 2.83, 4.18
Tasks: 402 total,   1 running, 401 sleeping,   0 stopped,   0 zombie
%Cpu(s):  1.8 us,  0.5 sy,  0.0 ni, 97.7 id,  0.0 wa,  0.0 hi,  0.0 si,  0.0 st
KiB Mem : 65877692 total, 52174584 free,  1293400 used, 12409708 buff/cache
KiB Swap: 33554428 total, 31912124 free,  1642304 used. 63325384 avail Mem 
--
top - 10:38:18 up 111 days,  2:22,  0 users,  load average: 0.66, 2.78, 4.16
Tasks: 402 total,   1 running, 401 sleeping,   0 stopped,   0 zombie
%Cpu(s):  0.0 us,  0.0 sy,  0.0 ni,100.0 id,  0.0 wa,  0.0 hi,  0.0 si,  0.0 st
KiB Mem : 65877692 total, 52175276 free,  1292708 used, 12409708 buff/cache
KiB Swap: 33554428 total, 31912124 free,  1642304 used. 63326076 avail Mem 
--
top - 10:38:23 up 111 days,  2:22,  0 users,  load average: 0.61, 2.73, 4.14
Tasks: 402 total,   1 running, 401 sleeping,   0 stopped,   0 zombie
%Cpu(s):  0.0 us,  0.0 sy,  0.0 ni,100.0 id,  0.0 wa,  0.0 hi,  0.0 si,  0.0 st
KiB Mem : 65877692 total, 52176036 free,  1291948 used, 12409708 buff/cache
KiB Swap: 33554428 total, 31912124 free,  1642304 used. 63326836 avail Mem 
--
top - 10:38:28 up 111 days,  2:22,  0 users,  load average: 0.56, 2.69, 4.11
Tasks: 402 total,   1 running, 401 sleeping,   0 stopped,   0 zombie
%Cpu(s):  0.0 us,  0.0 sy,  0.0 ni,100.0 id,  0.0 wa,  0.0 hi,  0.0 si,  0.0 st
KiB Mem : 65877692 total, 52176336 free,  1291648 used, 12409708 buff/cache
KiB Swap: 33554428 total, 31912124 free,  1642304 used. 63327136 avail Mem 
--
top - 10:38:33 up 111 days,  2:22,  0 users,  load average: 0.51, 2.64, 4.09
Tasks: 402 total,   1 running, 401 sleeping,   0 stopped,   0 zombie
%Cpu(s):  0.0 us,  0.0 sy,  0.0 ni,100.0 id,  0.0 wa,  0.0 hi,  0.0 si,  0.0 st
KiB Mem : 65877692 total, 52176900 free,  1291084 used, 12409708 buff/cache
KiB Swap: 33554428 total, 31912124 free,  1642304 used. 63327700 avail Mem 
--
top - 10:38:39 up 111 days,  2:22,  0 users,  load average: 0.47, 2.60, 4.07
Tasks: 402 total,   1 running, 401 sleeping,   0 stopped,   0 zombie
%Cpu(s):  0.0 us,  0.0 sy,  0.0 ni,100.0 id,  0.0 wa,  0.0 hi,  0.0 si,  0.0 st
KiB Mem : 65877692 total, 52177752 free,  1290232 used, 12409708 buff/cache
KiB Swap: 33554428 total, 31912124 free,  1642304 used. 63328552 avail Mem 
--
top - 10:38:44 up 111 days,  2:22,  0 users,  load average: 0.44, 2.56, 4.05
Tasks: 402 total,   1 running, 401 sleeping,   0 stopped,   0 zombie
%Cpu(s):  0.0 us,  0.0 sy,  0.0 ni,100.0 id,  0.0 wa,  0.0 hi,  0.0 si,  0.0 st
KiB Mem : 65877692 total, 52177868 free,  1290116 used, 12409708 buff/cache
KiB Swap: 33554428 total, 31912124 free,  1642304 used. 63328668 avail Mem 
--
top - 10:38:49 up 111 days,  2:22,  0 users,  load average: 0.40, 2.51, 4.03
Tasks: 402 total,   1 running, 401 sleeping,   0 stopped,   0 zombie
%Cpu(s):  0.1 us,  0.0 sy,  0.0 ni, 99.9 id,  0.0 wa,  0.0 hi,  0.0 si,  0.0 st
KiB Mem : 65877692 total, 52143776 free,  1324208 used, 12409708 buff/cache
KiB Swap: 33554428 total, 31912124 free,  1642304 used. 63294576 avail Mem 
--
top - 10:38:54 up 111 days,  2:22,  0 users,  load average: 0.37, 2.47, 4.00
Tasks: 402 total,   1 running, 401 sleeping,   0 stopped,   0 zombie
%Cpu(s):  0.1 us,  0.1 sy,  0.0 ni, 99.8 id,  0.0 wa,  0.0 hi,  0.0 si,  0.0 st
KiB Mem : 65877692 total, 52101276 free,  1366708 used, 12409708 buff/cache
KiB Swap: 33554428 total, 31912124 free,  1642304 used. 63252076 avail Mem 
--
top - 10:38:59 up 111 days,  2:22,  0 users,  load average: 0.34, 2.43, 3.98
Tasks: 402 total,   1 running, 401 sleeping,   0 stopped,   0 zombie
%Cpu(s):  0.1 us,  0.0 sy,  0.0 ni, 99.9 id,  0.0 wa,  0.0 hi,  0.0 si,  0.0 st
KiB Mem : 65877692 total, 52059156 free,  1408828 used, 12409708 buff/cache
KiB Swap: 33554428 total, 31912124 free,  1642304 used. 63209956 avail Mem 
--
top - 10:39:04 up 111 days,  2:22,  0 users,  load average: 2.79, 2.91, 4.13
Tasks: 400 total,   1 running, 399 sleeping,   0 stopped,   0 zombie
%Cpu(s): 43.5 us,  0.5 sy,  0.0 ni, 56.1 id,  0.0 wa,  0.0 hi,  0.0 si,  0.0 st
KiB Mem : 65877692 total, 51716072 free,  1751908 used, 12409712 buff/cache
KiB Swap: 33554428 total, 31912124 free,  1642304 used. 62866876 avail Mem 
--
top - 10:39:09 up 111 days,  2:23,  0 users,  load average: 2.57, 2.86, 4.11
Tasks: 400 total,   1 running, 399 sleeping,   0 stopped,   0 zombie
%Cpu(s):  1.8 us,  0.0 sy,  0.0 ni, 98.1 id,  0.0 wa,  0.0 hi,  0.0 si,  0.0 st
KiB Mem : 65877692 total, 51836608 free,  1631372 used, 12409712 buff/cache
KiB Swap: 33554428 total, 31912124 free,  1642304 used. 62987404 avail Mem 
--
top - 10:39:14 up 111 days,  2:23,  0 users,  load average: 2.36, 2.81, 4.08
Tasks: 400 total,   1 running, 399 sleeping,   0 stopped,   0 zombie
%Cpu(s):  0.1 us,  0.0 sy,  0.0 ni, 99.9 id,  0.0 wa,  0.0 hi,  0.0 si,  0.0 st
KiB Mem : 65877692 total, 51812464 free,  1655516 used, 12409712 buff/cache
KiB Swap: 33554428 total, 31912124 free,  1642304 used. 62963268 avail Mem 
--
top - 10:39:19 up 111 days,  2:23,  0 users,  load average: 2.18, 2.76, 4.06
Tasks: 400 total,   1 running, 399 sleeping,   0 stopped,   0 zombie
%Cpu(s):  0.1 us,  0.1 sy,  0.0 ni, 99.9 id,  0.0 wa,  0.0 hi,  0.0 si,  0.0 st
KiB Mem : 65877692 total, 51772672 free,  1695308 used, 12409712 buff/cache
KiB Swap: 33554428 total, 31912124 free,  1642304 used. 62923476 avail Mem 
--
top - 10:39:24 up 111 days,  2:23,  0 users,  load average: 2.00, 2.72, 4.04
Tasks: 400 total,   2 running, 398 sleeping,   0 stopped,   0 zombie
%Cpu(s): 18.8 us,  0.2 sy,  0.0 ni, 80.9 id,  0.0 wa,  0.0 hi,  0.0 si,  0.0 st
KiB Mem : 65877692 total, 51696088 free,  1771892 used, 12409712 buff/cache
KiB Swap: 33554428 total, 31912124 free,  1642304 used. 62846892 avail Mem 
--
top - 10:39:29 up 111 days,  2:23,  0 users,  load average: 1.84, 2.67, 4.02
Tasks: 400 total,   1 running, 399 sleeping,   0 stopped,   0 zombie
%Cpu(s): 24.0 us,  0.2 sy,  0.0 ni, 75.8 id,  0.0 wa,  0.0 hi,  0.0 si,  0.0 st
KiB Mem : 65877692 total, 51721672 free,  1746308 used, 12409712 buff/cache
KiB Swap: 33554428 total, 31912124 free,  1642304 used. 62872476 avail Mem 
--
top - 10:39:34 up 111 days,  2:23,  0 users,  load average: 1.69, 2.63, 4.00
Tasks: 400 total,   1 running, 399 sleeping,   0 stopped,   0 zombie
%Cpu(s):  0.0 us,  0.0 sy,  0.0 ni, 99.9 id,  0.0 wa,  0.0 hi,  0.0 si,  0.0 st
KiB Mem : 65877692 total, 51712540 free,  1755440 used, 12409712 buff/cache
KiB Swap: 33554428 total, 31912124 free,  1642304 used. 62863344 avail Mem 
--
top - 10:39:39 up 111 days,  2:23,  0 users,  load average: 1.56, 2.58, 3.98
Tasks: 400 total,   1 running, 399 sleeping,   0 stopped,   0 zombie
%Cpu(s):  0.1 us,  0.1 sy,  0.0 ni, 99.9 id,  0.0 wa,  0.0 hi,  0.0 si,  0.0 st
KiB Mem : 65877692 total, 51673724 free,  1794256 used, 12409712 buff/cache
KiB Swap: 33554428 total, 31912124 free,  1642304 used. 62824528 avail Mem 
--
top - 10:39:44 up 111 days,  2:23,  0 users,  load average: 1.99, 2.66, 3.99
Tasks: 400 total,   2 running, 398 sleeping,   0 stopped,   0 zombie
%Cpu(s):  0.1 us,  0.0 sy,  0.0 ni, 90.5 id,  9.4 wa,  0.0 hi,  0.0 si,  0.0 st
KiB Mem : 65877692 total, 51643688 free,  1824292 used, 12409712 buff/cache
KiB Swap: 33554428 total, 31912124 free,  1642304 used. 62794492 avail Mem 
--
top - 10:39:49 up 111 days,  2:23,  0 users,  load average: 2.39, 2.73, 4.01
Tasks: 401 total,   1 running, 400 sleeping,   0 stopped,   0 zombie
%Cpu(s):  0.1 us,  0.1 sy,  0.0 ni, 87.4 id, 12.5 wa,  0.0 hi,  0.0 si,  0.0 st
KiB Mem : 65877692 total, 51599752 free,  1868228 used, 12409712 buff/cache
KiB Swap: 33554428 total, 31912124 free,  1642304 used. 62750556 avail Mem 
--
top - 10:39:54 up 111 days,  2:23,  0 users,  load average: 4.36, 3.13, 4.13
Tasks: 402 total,   1 running, 401 sleeping,   0 stopped,   0 zombie
%Cpu(s): 47.2 us,  0.7 sy,  0.0 ni, 50.1 id,  2.0 wa,  0.0 hi,  0.0 si,  0.0 st
KiB Mem : 65877692 total, 51489264 free,  1978716 used, 12409712 buff/cache
KiB Swap: 33554428 total, 31912124 free,  1642304 used. 62640064 avail Mem 
--
top - 10:39:59 up 111 days,  2:23,  0 users,  load average: 4.02, 3.08, 4.11
Tasks: 402 total,   1 running, 401 sleeping,   0 stopped,   0 zombie
%Cpu(s):  0.0 us,  0.0 sy,  0.0 ni, 99.9 id,  0.0 wa,  0.0 hi,  0.0 si,  0.0 st
KiB Mem : 65877692 total, 51610008 free,  1857968 used, 12409716 buff/cache
KiB Swap: 33554428 total, 31912124 free,  1642304 used. 62760816 avail Mem 
--
top - 10:40:04 up 111 days,  2:23,  0 users,  load average: 3.69, 3.03, 4.09
Tasks: 406 total,   1 running, 405 sleeping,   0 stopped,   0 zombie
%Cpu(s):  0.5 us,  0.3 sy,  0.0 ni, 98.8 id,  0.4 wa,  0.0 hi,  0.0 si,  0.0 st
KiB Mem : 65877692 total, 51569196 free,  1898768 used, 12409728 buff/cache
KiB Swap: 33554428 total, 31912124 free,  1642304 used. 62720012 avail Mem 
--
top - 10:40:09 up 111 days,  2:24,  0 users,  load average: 3.40, 2.98, 4.07
Tasks: 406 total,   1 running, 405 sleeping,   0 stopped,   0 zombie
%Cpu(s):  0.1 us,  0.1 sy,  0.0 ni, 99.9 id,  0.0 wa,  0.0 hi,  0.0 si,  0.0 st
KiB Mem : 65877692 total, 51534624 free,  1933340 used, 12409728 buff/cache
KiB Swap: 33554428 total, 31912124 free,  1642304 used. 62685440 avail Mem 
--
top - 10:40:14 up 111 days,  2:24,  0 users,  load average: 3.13, 2.93, 4.04
Tasks: 406 total,   1 running, 405 sleeping,   0 stopped,   0 zombie
%Cpu(s):  0.1 us,  0.1 sy,  0.0 ni, 99.9 id,  0.0 wa,  0.0 hi,  0.0 si,  0.0 st
KiB Mem : 65877692 total, 51494920 free,  1973044 used, 12409728 buff/cache
KiB Swap: 33554428 total, 31912124 free,  1642304 used. 62645736 avail Mem 
--
top - 10:40:19 up 111 days,  2:24,  0 users,  load average: 5.12, 3.35, 4.17
Tasks: 406 total,   2 running, 404 sleeping,   0 stopped,   0 zombie
%Cpu(s): 44.8 us,  0.4 sy,  0.0 ni, 54.9 id,  0.0 wa,  0.0 hi,  0.0 si,  0.0 st
KiB Mem : 65877692 total, 51379880 free,  2088080 used, 12409732 buff/cache
KiB Swap: 33554428 total, 31912124 free,  1642304 used. 62530704 avail Mem 
--
top - 10:40:24 up 111 days,  2:24,  0 users,  load average: 4.71, 3.29, 4.15
Tasks: 406 total,   1 running, 405 sleeping,   0 stopped,   0 zombie
%Cpu(s):  0.0 us,  0.0 sy,  0.0 ni, 99.9 id,  0.0 wa,  0.0 hi,  0.0 si,  0.0 st
KiB Mem : 65877692 total, 51513148 free,  1954812 used, 12409732 buff/cache
KiB Swap: 33554428 total, 31912124 free,  1642304 used. 62663972 avail Mem 
--
top - 10:40:29 up 111 days,  2:24,  0 users,  load average: 4.33, 3.24, 4.13
Tasks: 406 total,   1 running, 405 sleeping,   0 stopped,   0 zombie
%Cpu(s):  0.1 us,  0.1 sy,  0.0 ni, 99.8 id,  0.0 wa,  0.0 hi,  0.0 si,  0.0 st
KiB Mem : 65877692 total, 51484204 free,  1983756 used, 12409732 buff/cache
KiB Swap: 33554428 total, 31912124 free,  1642304 used. 62635028 avail Mem 
--
top - 10:40:34 up 111 days,  2:24,  0 users,  load average: 3.98, 3.18, 4.11
Tasks: 406 total,   1 running, 405 sleeping,   0 stopped,   0 zombie
%Cpu(s):  0.1 us,  0.1 sy,  0.0 ni, 99.9 id,  0.0 wa,  0.0 hi,  0.0 si,  0.0 st
KiB Mem : 65877692 total, 51442484 free,  2025476 used, 12409732 buff/cache
KiB Swap: 33554428 total, 31912124 free,  1642304 used. 62593308 avail Mem 
--
top - 10:40:39 up 111 days,  2:24,  0 users,  load average: 3.67, 3.13, 4.08
Tasks: 406 total,   1 running, 405 sleeping,   0 stopped,   0 zombie
%Cpu(s):  0.1 us,  0.1 sy,  0.0 ni, 96.3 id,  3.6 wa,  0.0 hi,  0.0 si,  0.0 st
KiB Mem : 65877692 total, 51402984 free,  2064976 used, 12409732 buff/cache
KiB Swap: 33554428 total, 31912124 free,  1642304 used. 62553808 avail Mem 
--
top - 10:40:44 up 111 days,  2:24,  0 users,  load average: 6.25, 3.67, 4.26
Tasks: 407 total,   1 running, 406 sleeping,   0 stopped,   0 zombie
%Cpu(s): 42.5 us,  0.4 sy,  0.0 ni, 50.4 id,  6.8 wa,  0.0 hi,  0.0 si,  0.0 st
KiB Mem : 65877692 total, 51295356 free,  2172604 used, 12409732 buff/cache
KiB Swap: 33554428 total, 31912124 free,  1642304 used. 62446180 avail Mem 
