Job id: 4754821
Master ip: 10.149.0.56
--
top - 10:29:48 up 111 days,  2:11,  0 users,  load average: 0.20, 0.48, 0.35
Tasks: 396 total,   2 running, 394 sleeping,   0 stopped,   0 zombie
%Cpu(s):  2.5 us,  0.7 sy,  0.0 ni, 96.8 id,  0.0 wa,  0.0 hi,  0.0 si,  0.0 st
KiB Mem : 65877712 total, 52557948 free,  1129712 used, 12190052 buff/cache
KiB Swap: 33554428 total, 32294332 free,  1260096 used. 63428568 avail Mem 
--
top - 10:29:53 up 111 days,  2:12,  0 users,  load average: 0.18, 0.47, 0.35
Tasks: 397 total,   2 running, 395 sleeping,   0 stopped,   0 zombie
%Cpu(s):  0.8 us,  0.1 sy,  0.0 ni, 99.1 id,  0.0 wa,  0.0 hi,  0.0 si,  0.0 st
KiB Mem : 65877712 total, 52533656 free,  1154004 used, 12190052 buff/cache
KiB Swap: 33554428 total, 32294332 free,  1260096 used. 63404276 avail Mem 
--
top - 10:29:58 up 111 days,  2:12,  0 users,  load average: 0.17, 0.47, 0.34
Tasks: 397 total,   1 running, 396 sleeping,   0 stopped,   0 zombie
%Cpu(s):  0.0 us,  0.0 sy,  0.0 ni,100.0 id,  0.0 wa,  0.0 hi,  0.0 si,  0.0 st
KiB Mem : 65877712 total, 52533656 free,  1154004 used, 12190052 buff/cache
KiB Swap: 33554428 total, 32294332 free,  1260096 used. 63404276 avail Mem 
--
top - 10:30:03 up 111 days,  2:12,  0 users,  load average: 0.15, 0.46, 0.34
Tasks: 402 total,   1 running, 401 sleeping,   0 stopped,   0 zombie
%Cpu(s):  0.4 us,  0.2 sy,  0.0 ni, 98.9 id,  0.4 wa,  0.0 hi,  0.0 si,  0.0 st
KiB Mem : 65877712 total, 52535340 free,  1152084 used, 12190288 buff/cache
KiB Swap: 33554428 total, 32294332 free,  1260096 used. 63406160 avail Mem 
--
top - 10:30:08 up 111 days,  2:12,  0 users,  load average: 0.14, 0.45, 0.34
Tasks: 402 total,   1 running, 401 sleeping,   0 stopped,   0 zombie
%Cpu(s):  0.0 us,  0.0 sy,  0.0 ni, 99.9 id,  0.0 wa,  0.0 hi,  0.0 si,  0.0 st
KiB Mem : 65877712 total, 52535340 free,  1152084 used, 12190288 buff/cache
KiB Swap: 33554428 total, 32294332 free,  1260096 used. 63406160 avail Mem 
--
top - 10:30:13 up 111 days,  2:12,  0 users,  load average: 0.13, 0.44, 0.34
Tasks: 402 total,   1 running, 401 sleeping,   0 stopped,   0 zombie
%Cpu(s):  0.0 us,  0.0 sy,  0.0 ni,100.0 id,  0.0 wa,  0.0 hi,  0.0 si,  0.0 st
KiB Mem : 65877712 total, 52535684 free,  1151732 used, 12190296 buff/cache
KiB Swap: 33554428 total, 32294332 free,  1260096 used. 63406508 avail Mem 
--
top - 10:30:18 up 111 days,  2:12,  0 users,  load average: 0.12, 0.44, 0.34
Tasks: 402 total,   1 running, 401 sleeping,   0 stopped,   0 zombie
%Cpu(s):  0.0 us,  0.0 sy,  0.0 ni, 99.9 id,  0.0 wa,  0.0 hi,  0.0 si,  0.0 st
KiB Mem : 65877712 total, 52534116 free,  1153300 used, 12190296 buff/cache
KiB Swap: 33554428 total, 32294332 free,  1260096 used. 63404940 avail Mem 
--
top - 10:30:23 up 111 days,  2:12,  0 users,  load average: 0.11, 0.43, 0.33
Tasks: 402 total,   1 running, 401 sleeping,   0 stopped,   0 zombie
%Cpu(s):  0.0 us,  0.0 sy,  0.0 ni, 99.9 id,  0.0 wa,  0.0 hi,  0.0 si,  0.0 st
KiB Mem : 65877712 total, 52534116 free,  1153300 used, 12190296 buff/cache
KiB Swap: 33554428 total, 32294332 free,  1260096 used. 63404940 avail Mem 
--
top - 10:30:28 up 111 days,  2:12,  0 users,  load average: 0.10, 0.42, 0.33
Tasks: 402 total,   2 running, 400 sleeping,   0 stopped,   0 zombie
%Cpu(s):  2.4 us,  0.2 sy,  0.0 ni, 97.3 id,  0.0 wa,  0.0 hi,  0.0 si,  0.0 st
KiB Mem : 65877712 total, 52172536 free,  1514880 used, 12190296 buff/cache
KiB Swap: 33554428 total, 32294332 free,  1260096 used. 63043360 avail Mem 
--
top - 10:30:33 up 111 days,  2:12,  0 users,  load average: 0.09, 0.41, 0.33
Tasks: 402 total,   1 running, 401 sleeping,   0 stopped,   0 zombie
%Cpu(s):  1.2 us,  0.1 sy,  0.0 ni, 98.7 id,  0.0 wa,  0.0 hi,  0.0 si,  0.0 st
KiB Mem : 65877712 total, 52173420 free,  1513996 used, 12190296 buff/cache
KiB Swap: 33554428 total, 32294332 free,  1260096 used. 63044244 avail Mem 
--
top - 10:30:38 up 111 days,  2:12,  0 users,  load average: 0.09, 0.41, 0.33
Tasks: 402 total,   1 running, 401 sleeping,   0 stopped,   0 zombie
%Cpu(s):  0.5 us,  0.0 sy,  0.0 ni, 99.5 id,  0.0 wa,  0.0 hi,  0.0 si,  0.0 st
KiB Mem : 65877712 total, 52172284 free,  1515132 used, 12190296 buff/cache
KiB Swap: 33554428 total, 32294332 free,  1260096 used. 63043108 avail Mem 
--
top - 10:30:44 up 111 days,  2:12,  0 users,  load average: 0.08, 0.40, 0.33
Tasks: 402 total,   1 running, 401 sleeping,   0 stopped,   0 zombie
%Cpu(s):  0.4 us,  0.0 sy,  0.0 ni, 99.6 id,  0.0 wa,  0.0 hi,  0.0 si,  0.0 st
KiB Mem : 65877712 total, 52172284 free,  1515132 used, 12190296 buff/cache
KiB Swap: 33554428 total, 32294332 free,  1260096 used. 63043108 avail Mem 
--
top - 10:30:49 up 111 days,  2:12,  0 users,  load average: 0.07, 0.39, 0.32
Tasks: 402 total,   2 running, 400 sleeping,   0 stopped,   0 zombie
%Cpu(s):  1.8 us,  0.0 sy,  0.0 ni, 98.2 id,  0.0 wa,  0.0 hi,  0.0 si,  0.0 st
KiB Mem : 65877712 total, 52168008 free,  1519408 used, 12190296 buff/cache
KiB Swap: 33554428 total, 32294332 free,  1260096 used. 63038832 avail Mem 
--
top - 10:30:54 up 111 days,  2:13,  0 users,  load average: 0.07, 0.39, 0.32
Tasks: 402 total,   1 running, 401 sleeping,   0 stopped,   0 zombie
%Cpu(s):  1.9 us,  0.0 sy,  0.0 ni, 98.0 id,  0.0 wa,  0.0 hi,  0.0 si,  0.0 st
KiB Mem : 65877712 total, 52157424 free,  1529992 used, 12190296 buff/cache
KiB Swap: 33554428 total, 32294332 free,  1260096 used. 63028248 avail Mem 
--
top - 10:30:59 up 111 days,  2:13,  0 users,  load average: 0.14, 0.40, 0.33
Tasks: 402 total,   2 running, 400 sleeping,   0 stopped,   0 zombie
%Cpu(s):  2.8 us,  0.2 sy,  0.0 ni, 96.9 id,  0.0 wa,  0.0 hi,  0.1 si,  0.0 st
KiB Mem : 65877712 total, 51953052 free,  1734364 used, 12190296 buff/cache
KiB Swap: 33554428 total, 32294332 free,  1260096 used. 62823876 avail Mem 
--
top - 10:31:04 up 111 days,  2:13,  0 users,  load average: 0.13, 0.39, 0.32
Tasks: 402 total,   1 running, 401 sleeping,   0 stopped,   0 zombie
%Cpu(s):  0.9 us,  0.0 sy,  0.0 ni, 99.0 id,  0.0 wa,  0.0 hi,  0.0 si,  0.0 st
KiB Mem : 65877712 total, 51953852 free,  1733564 used, 12190296 buff/cache
KiB Swap: 33554428 total, 32294332 free,  1260096 used. 62824676 avail Mem 
--
top - 10:31:09 up 111 days,  2:13,  0 users,  load average: 0.12, 0.38, 0.32
Tasks: 402 total,   2 running, 400 sleeping,   0 stopped,   0 zombie
%Cpu(s):  0.7 us,  0.0 sy,  0.0 ni, 99.3 id,  0.0 wa,  0.0 hi,  0.0 si,  0.0 st
KiB Mem : 65877712 total, 51953320 free,  1734096 used, 12190296 buff/cache
KiB Swap: 33554428 total, 32294332 free,  1260096 used. 62824144 avail Mem 
--
top - 10:31:14 up 111 days,  2:13,  0 users,  load average: 0.11, 0.38, 0.32
Tasks: 402 total,   1 running, 401 sleeping,   0 stopped,   0 zombie
%Cpu(s):  0.4 us,  0.0 sy,  0.0 ni, 99.6 id,  0.0 wa,  0.0 hi,  0.0 si,  0.0 st
KiB Mem : 65877712 total, 51952872 free,  1734544 used, 12190296 buff/cache
KiB Swap: 33554428 total, 32294332 free,  1260096 used. 62823696 avail Mem 
--
top - 10:31:19 up 111 days,  2:13,  0 users,  load average: 0.10, 0.37, 0.32
Tasks: 399 total,   2 running, 397 sleeping,   0 stopped,   0 zombie
%Cpu(s):  2.1 us,  0.0 sy,  0.0 ni, 97.8 id,  0.0 wa,  0.0 hi,  0.0 si,  0.0 st
KiB Mem : 65877712 total, 51949056 free,  1738360 used, 12190296 buff/cache
KiB Swap: 33554428 total, 32294332 free,  1260096 used. 62819880 avail Mem 
--
top - 10:31:24 up 111 days,  2:13,  0 users,  load average: 0.09, 0.37, 0.32
Tasks: 399 total,   1 running, 398 sleeping,   0 stopped,   0 zombie
%Cpu(s):  1.9 us,  0.0 sy,  0.0 ni, 98.1 id,  0.0 wa,  0.0 hi,  0.0 si,  0.0 st
KiB Mem : 65877712 total, 51919396 free,  1768020 used, 12190296 buff/cache
KiB Swap: 33554428 total, 32294332 free,  1260096 used. 62790220 avail Mem 
--
top - 10:31:29 up 111 days,  2:13,  0 users,  load average: 0.09, 0.36, 0.31
Tasks: 399 total,   2 running, 397 sleeping,   0 stopped,   0 zombie
%Cpu(s):  2.0 us,  0.1 sy,  0.0 ni, 97.8 id,  0.0 wa,  0.0 hi,  0.0 si,  0.0 st
KiB Mem : 65877712 total, 51740064 free,  1947352 used, 12190296 buff/cache
KiB Swap: 33554428 total, 32294332 free,  1260096 used. 62610888 avail Mem 
--
top - 10:31:34 up 111 days,  2:13,  0 users,  load average: 0.08, 0.35, 0.31
Tasks: 399 total,   1 running, 398 sleeping,   0 stopped,   0 zombie
%Cpu(s):  1.5 us,  0.1 sy,  0.0 ni, 98.4 id,  0.0 wa,  0.0 hi,  0.0 si,  0.0 st
KiB Mem : 65877712 total, 51739444 free,  1947972 used, 12190296 buff/cache
KiB Swap: 33554428 total, 32294332 free,  1260096 used. 62610268 avail Mem 
--
top - 10:31:39 up 111 days,  2:13,  0 users,  load average: 0.07, 0.35, 0.31
Tasks: 399 total,   2 running, 397 sleeping,   0 stopped,   0 zombie
%Cpu(s):  0.1 us,  0.0 sy,  0.0 ni, 99.8 id,  0.0 wa,  0.0 hi,  0.0 si,  0.0 st
KiB Mem : 65877712 total, 51739444 free,  1947972 used, 12190296 buff/cache
KiB Swap: 33554428 total, 32294332 free,  1260096 used. 62610268 avail Mem 
--
top - 10:31:44 up 111 days,  2:13,  0 users,  load average: 0.07, 0.34, 0.31
Tasks: 399 total,   2 running, 397 sleeping,   0 stopped,   0 zombie
%Cpu(s):  0.9 us,  0.0 sy,  0.0 ni, 99.1 id,  0.0 wa,  0.0 hi,  0.0 si,  0.0 st
KiB Mem : 65877712 total, 51738696 free,  1948720 used, 12190296 buff/cache
KiB Swap: 33554428 total, 32294332 free,  1260096 used. 62609520 avail Mem 
--
top - 10:31:49 up 111 days,  2:13,  0 users,  load average: 0.06, 0.34, 0.31
Tasks: 399 total,   2 running, 397 sleeping,   0 stopped,   0 zombie
%Cpu(s):  1.2 us,  0.0 sy,  0.0 ni, 98.7 id,  0.0 wa,  0.0 hi,  0.0 si,  0.0 st
KiB Mem : 65877712 total, 51736896 free,  1950504 used, 12190312 buff/cache
KiB Swap: 33554428 total, 32294348 free,  1260080 used. 62607720 avail Mem 
--
top - 10:31:54 up 111 days,  2:14,  0 users,  load average: 0.14, 0.35, 0.31
Tasks: 399 total,   2 running, 397 sleeping,   0 stopped,   0 zombie
%Cpu(s):  2.3 us,  0.0 sy,  0.0 ni, 97.7 id,  0.0 wa,  0.0 hi,  0.0 si,  0.0 st
KiB Mem : 65877712 total, 51729960 free,  1957440 used, 12190312 buff/cache
KiB Swap: 33554428 total, 32294348 free,  1260080 used. 62600784 avail Mem 
--
top - 10:31:59 up 111 days,  2:14,  0 users,  load average: 0.13, 0.34, 0.31
Tasks: 399 total,   2 running, 397 sleeping,   0 stopped,   0 zombie
%Cpu(s):  1.3 us,  0.1 sy,  0.0 ni, 98.5 id,  0.0 wa,  0.0 hi,  0.0 si,  0.0 st
KiB Mem : 65877712 total, 51541316 free,  2146084 used, 12190312 buff/cache
KiB Swap: 33554428 total, 32294348 free,  1260080 used. 62412140 avail Mem 
--
top - 10:32:04 up 111 days,  2:14,  0 users,  load average: 0.20, 0.35, 0.31
Tasks: 403 total,   1 running, 402 sleeping,   0 stopped,   0 zombie
%Cpu(s):  3.3 us,  0.3 sy,  0.0 ni, 96.0 id,  0.4 wa,  0.0 hi,  0.1 si,  0.0 st
KiB Mem : 65877712 total, 51528736 free,  2158664 used, 12190312 buff/cache
KiB Swap: 33554428 total, 32294348 free,  1260080 used. 62399576 avail Mem 
--
top - 10:32:09 up 111 days,  2:14,  0 users,  load average: 0.18, 0.35, 0.31
Tasks: 403 total,   1 running, 402 sleeping,   0 stopped,   0 zombie
%Cpu(s):  0.0 us,  0.0 sy,  0.0 ni,100.0 id,  0.0 wa,  0.0 hi,  0.0 si,  0.0 st
KiB Mem : 65877712 total, 51529816 free,  2157584 used, 12190312 buff/cache
KiB Swap: 33554428 total, 32294348 free,  1260080 used. 62400656 avail Mem 
--
top - 10:32:14 up 111 days,  2:14,  0 users,  load average: 0.25, 0.36, 0.32
Tasks: 403 total,   1 running, 402 sleeping,   0 stopped,   0 zombie
%Cpu(s):  1.1 us,  0.0 sy,  0.0 ni, 98.9 id,  0.0 wa,  0.0 hi,  0.0 si,  0.0 st
KiB Mem : 65877712 total, 51529356 free,  2158044 used, 12190312 buff/cache
KiB Swap: 33554428 total, 32294348 free,  1260080 used. 62400196 avail Mem 
--
top - 10:32:19 up 111 days,  2:14,  0 users,  load average: 0.23, 0.35, 0.32
Tasks: 403 total,   1 running, 402 sleeping,   0 stopped,   0 zombie
%Cpu(s):  0.6 us,  0.0 sy,  0.0 ni, 99.4 id,  0.0 wa,  0.0 hi,  0.0 si,  0.0 st
KiB Mem : 65877712 total, 51529508 free,  2157892 used, 12190312 buff/cache
KiB Swap: 33554428 total, 32294348 free,  1260080 used. 62400348 avail Mem 
--
top - 10:32:24 up 111 days,  2:14,  0 users,  load average: 0.21, 0.35, 0.31
Tasks: 403 total,   1 running, 402 sleeping,   0 stopped,   0 zombie
%Cpu(s):  2.4 us,  0.0 sy,  0.0 ni, 97.6 id,  0.0 wa,  0.0 hi,  0.0 si,  0.0 st
KiB Mem : 65877712 total, 51520576 free,  2166824 used, 12190312 buff/cache
KiB Swap: 33554428 total, 32294348 free,  1260080 used. 62391416 avail Mem 
--
top - 10:32:29 up 111 days,  2:14,  0 users,  load average: 0.19, 0.34, 0.31
Tasks: 401 total,   2 running, 399 sleeping,   0 stopped,   0 zombie
%Cpu(s):  1.6 us,  0.1 sy,  0.0 ni, 98.2 id,  0.0 wa,  0.0 hi,  0.0 si,  0.0 st
KiB Mem : 65877712 total, 51386064 free,  2301336 used, 12190312 buff/cache
KiB Swap: 33554428 total, 32294348 free,  1260080 used. 62256408 avail Mem 
--
top - 10:32:34 up 111 days,  2:14,  0 users,  load average: 0.26, 0.35, 0.32
Tasks: 401 total,   2 running, 399 sleeping,   0 stopped,   0 zombie
%Cpu(s):  3.0 us,  0.1 sy,  0.0 ni, 96.9 id,  0.0 wa,  0.0 hi,  0.0 si,  0.0 st
KiB Mem : 65877712 total, 51315956 free,  2371436 used, 12190320 buff/cache
KiB Swap: 33554428 total, 32294348 free,  1260080 used. 62186804 avail Mem 
--
top - 10:32:39 up 111 days,  2:14,  0 users,  load average: 0.24, 0.34, 0.32
Tasks: 401 total,   1 running, 400 sleeping,   0 stopped,   0 zombie
%Cpu(s):  0.4 us,  0.0 sy,  0.0 ni, 99.5 id,  0.0 wa,  0.0 hi,  0.0 si,  0.0 st
KiB Mem : 65877712 total, 51315972 free,  2371420 used, 12190320 buff/cache
KiB Swap: 33554428 total, 32294348 free,  1260080 used. 62186820 avail Mem 
--
top - 10:32:44 up 111 days,  2:14,  0 users,  load average: 0.22, 0.34, 0.31
Tasks: 401 total,   1 running, 400 sleeping,   0 stopped,   0 zombie
%Cpu(s):  0.6 us,  0.0 sy,  0.0 ni, 99.4 id,  0.0 wa,  0.0 hi,  0.0 si,  0.0 st
KiB Mem : 65877712 total, 51315764 free,  2371628 used, 12190320 buff/cache
KiB Swap: 33554428 total, 32294348 free,  1260080 used. 62186612 avail Mem 
--
top - 10:32:49 up 111 days,  2:14,  0 users,  load average: 0.20, 0.33, 0.31
Tasks: 401 total,   2 running, 399 sleeping,   0 stopped,   0 zombie
%Cpu(s):  0.8 us,  0.0 sy,  0.0 ni, 99.2 id,  0.0 wa,  0.0 hi,  0.0 si,  0.0 st
KiB Mem : 65877712 total, 51315172 free,  2372220 used, 12190320 buff/cache
KiB Swap: 33554428 total, 32294348 free,  1260080 used. 62186020 avail Mem 
--
top - 10:32:54 up 111 days,  2:15,  0 users,  load average: 0.26, 0.34, 0.32
Tasks: 401 total,   1 running, 400 sleeping,   0 stopped,   0 zombie
%Cpu(s):  2.1 us,  0.0 sy,  0.0 ni, 97.9 id,  0.0 wa,  0.0 hi,  0.0 si,  0.0 st
KiB Mem : 65877712 total, 51312504 free,  2374888 used, 12190320 buff/cache
KiB Swap: 33554428 total, 32294348 free,  1260080 used. 62183352 avail Mem 
--
top - 10:32:59 up 111 days,  2:15,  0 users,  load average: 0.24, 0.34, 0.31
Tasks: 399 total,   2 running, 397 sleeping,   0 stopped,   0 zombie
%Cpu(s):  1.7 us,  0.0 sy,  0.0 ni, 98.3 id,  0.0 wa,  0.0 hi,  0.0 si,  0.0 st
KiB Mem : 65877712 total, 51283872 free,  2403520 used, 12190320 buff/cache
KiB Swap: 33554428 total, 32294348 free,  1260080 used. 62154720 avail Mem 
