Job id: 4754862
Worker ip: 10.149.0.36
Master ip: 10.149.0.54
--
top - 10:38:08 up 111 days,  2:23,  0 users,  load average: 0.00, 0.12, 0.27
Tasks: 397 total,   1 running, 396 sleeping,   0 stopped,   0 zombie
%Cpu(s):  0.2 us,  1.1 sy,  0.0 ni, 98.7 id,  0.0 wa,  0.0 hi,  0.0 si,  0.0 st
KiB Mem : 65877712 total, 54050116 free,  1051376 used, 10776220 buff/cache
KiB Swap: 33554428 total, 32458652 free,  1095776 used. 63536752 avail Mem 
--
top - 10:38:13 up 111 days,  2:23,  0 users,  load average: 0.24, 0.17, 0.29
Tasks: 400 total,   1 running, 399 sleeping,   0 stopped,   0 zombie
%Cpu(s):  1.8 us,  0.6 sy,  0.0 ni, 97.6 id,  0.0 wa,  0.0 hi,  0.0 si,  0.0 st
KiB Mem : 65877712 total, 54024908 free,  1069880 used, 10782924 buff/cache
KiB Swap: 33554428 total, 32458652 free,  1095776 used. 63518168 avail Mem 
--
top - 10:38:18 up 111 days,  2:23,  0 users,  load average: 0.22, 0.16, 0.29
Tasks: 401 total,   1 running, 400 sleeping,   0 stopped,   0 zombie
%Cpu(s):  0.0 us,  0.0 sy,  0.0 ni,100.0 id,  0.0 wa,  0.0 hi,  0.0 si,  0.0 st
KiB Mem : 65877712 total, 54026084 free,  1068704 used, 10782924 buff/cache
KiB Swap: 33554428 total, 32458652 free,  1095776 used. 63519344 avail Mem 
--
top - 10:38:23 up 111 days,  2:23,  0 users,  load average: 0.21, 0.16, 0.28
Tasks: 401 total,   1 running, 400 sleeping,   0 stopped,   0 zombie
%Cpu(s):  0.0 us,  0.0 sy,  0.0 ni,100.0 id,  0.0 wa,  0.0 hi,  0.0 si,  0.0 st
KiB Mem : 65877712 total, 54026952 free,  1067836 used, 10782924 buff/cache
KiB Swap: 33554428 total, 32458652 free,  1095776 used. 63520212 avail Mem 
--
top - 10:38:29 up 111 days,  2:23,  0 users,  load average: 0.19, 0.16, 0.28
Tasks: 401 total,   1 running, 400 sleeping,   0 stopped,   0 zombie
%Cpu(s):  0.0 us,  0.0 sy,  0.0 ni,100.0 id,  0.0 wa,  0.0 hi,  0.0 si,  0.0 st
KiB Mem : 65877712 total, 54027836 free,  1066952 used, 10782924 buff/cache
KiB Swap: 33554428 total, 32458652 free,  1095776 used. 63521096 avail Mem 
--
top - 10:38:34 up 111 days,  2:23,  0 users,  load average: 0.17, 0.15, 0.28
Tasks: 401 total,   1 running, 400 sleeping,   0 stopped,   0 zombie
%Cpu(s):  0.0 us,  0.0 sy,  0.0 ni,100.0 id,  0.0 wa,  0.0 hi,  0.0 si,  0.0 st
KiB Mem : 65877712 total, 54028356 free,  1066432 used, 10782924 buff/cache
KiB Swap: 33554428 total, 32458652 free,  1095776 used. 63521616 avail Mem 
--
top - 10:38:39 up 111 days,  2:23,  0 users,  load average: 0.16, 0.15, 0.28
Tasks: 401 total,   1 running, 400 sleeping,   0 stopped,   0 zombie
%Cpu(s):  0.0 us,  0.0 sy,  0.0 ni, 99.9 id,  0.0 wa,  0.0 hi,  0.0 si,  0.0 st
KiB Mem : 65877712 total, 54028864 free,  1065924 used, 10782924 buff/cache
KiB Swap: 33554428 total, 32458652 free,  1095776 used. 63522124 avail Mem 
--
top - 10:38:44 up 111 days,  2:23,  0 users,  load average: 0.15, 0.15, 0.28
Tasks: 401 total,   1 running, 400 sleeping,   0 stopped,   0 zombie
%Cpu(s):  0.0 us,  0.0 sy,  0.0 ni,100.0 id,  0.0 wa,  0.0 hi,  0.0 si,  0.0 st
KiB Mem : 65877712 total, 54029404 free,  1065384 used, 10782924 buff/cache
KiB Swap: 33554428 total, 32458652 free,  1095776 used. 63522664 avail Mem 
--
top - 10:38:49 up 111 days,  2:23,  0 users,  load average: 0.14, 0.15, 0.28
Tasks: 401 total,   1 running, 400 sleeping,   0 stopped,   0 zombie
%Cpu(s):  0.1 us,  0.0 sy,  0.0 ni, 99.9 id,  0.0 wa,  0.0 hi,  0.0 si,  0.0 st
KiB Mem : 65877712 total, 53998372 free,  1096416 used, 10782924 buff/cache
KiB Swap: 33554428 total, 32458652 free,  1095776 used. 63491632 avail Mem 
--
top - 10:38:54 up 111 days,  2:23,  0 users,  load average: 0.12, 0.14, 0.28
Tasks: 401 total,   1 running, 400 sleeping,   0 stopped,   0 zombie
%Cpu(s):  0.1 us,  0.0 sy,  0.0 ni, 99.9 id,  0.0 wa,  0.0 hi,  0.0 si,  0.0 st
KiB Mem : 65877712 total, 53955208 free,  1139580 used, 10782924 buff/cache
KiB Swap: 33554428 total, 32458652 free,  1095776 used. 63448468 avail Mem 
--
top - 10:38:59 up 111 days,  2:23,  0 users,  load average: 0.11, 0.14, 0.27
Tasks: 401 total,   1 running, 400 sleeping,   0 stopped,   0 zombie
%Cpu(s):  0.1 us,  0.0 sy,  0.0 ni, 99.9 id,  0.0 wa,  0.0 hi,  0.0 si,  0.0 st
KiB Mem : 65877712 total, 53913364 free,  1181424 used, 10782924 buff/cache
KiB Swap: 33554428 total, 32458652 free,  1095776 used. 63406624 avail Mem 
--
top - 10:39:04 up 111 days,  2:23,  0 users,  load average: 0.11, 0.14, 0.27
Tasks: 401 total,   1 running, 400 sleeping,   0 stopped,   0 zombie
%Cpu(s): 41.4 us,  0.5 sy,  0.0 ni, 58.1 id,  0.0 wa,  0.0 hi,  0.0 si,  0.0 st
KiB Mem : 65877712 total, 53553332 free,  1541452 used, 10782928 buff/cache
KiB Swap: 33554428 total, 32458652 free,  1095776 used. 63046596 avail Mem 
--
top - 10:39:09 up 111 days,  2:24,  0 users,  load average: 0.10, 0.14, 0.27
Tasks: 401 total,   1 running, 400 sleeping,   0 stopped,   0 zombie
%Cpu(s):  0.0 us,  0.1 sy,  0.0 ni, 99.9 id,  0.0 wa,  0.0 hi,  0.0 si,  0.0 st
KiB Mem : 65877712 total, 53690228 free,  1404556 used, 10782928 buff/cache
KiB Swap: 33554428 total, 32458652 free,  1095776 used. 63183492 avail Mem 
--
top - 10:39:14 up 111 days,  2:24,  0 users,  load average: 0.09, 0.14, 0.27
Tasks: 401 total,   1 running, 400 sleeping,   0 stopped,   0 zombie
%Cpu(s):  0.1 us,  0.0 sy,  0.0 ni, 99.9 id,  0.0 wa,  0.0 hi,  0.0 si,  0.0 st
KiB Mem : 65877712 total, 53662888 free,  1431896 used, 10782928 buff/cache
KiB Swap: 33554428 total, 32458652 free,  1095776 used. 63156152 avail Mem 
--
top - 10:39:19 up 111 days,  2:24,  0 users,  load average: 0.08, 0.13, 0.27
Tasks: 401 total,   1 running, 400 sleeping,   0 stopped,   0 zombie
%Cpu(s):  0.1 us,  0.1 sy,  0.0 ni, 99.8 id,  0.0 wa,  0.0 hi,  0.0 si,  0.0 st
KiB Mem : 65877712 total, 53617600 free,  1477184 used, 10782928 buff/cache
KiB Swap: 33554428 total, 32458652 free,  1095776 used. 63110864 avail Mem 
--
top - 10:39:24 up 111 days,  2:24,  0 users,  load average: 0.08, 0.13, 0.27
Tasks: 401 total,   2 running, 399 sleeping,   0 stopped,   0 zombie
%Cpu(s): 22.5 us,  0.2 sy,  0.0 ni, 77.3 id,  0.0 wa,  0.0 hi,  0.0 si,  0.0 st
KiB Mem : 65877712 total, 53530384 free,  1564400 used, 10782928 buff/cache
KiB Swap: 33554428 total, 32458652 free,  1095776 used. 63023648 avail Mem 
--
top - 10:39:29 up 111 days,  2:24,  0 users,  load average: 2.39, 0.61, 0.42
Tasks: 401 total,   1 running, 400 sleeping,   0 stopped,   0 zombie
%Cpu(s): 19.6 us,  0.2 sy,  0.0 ni, 80.2 id,  0.0 wa,  0.0 hi,  0.0 si,  0.0 st
KiB Mem : 65877712 total, 53558660 free,  1536124 used, 10782928 buff/cache
KiB Swap: 33554428 total, 32458652 free,  1095776 used. 63051924 avail Mem 
--
top - 10:39:34 up 111 days,  2:24,  0 users,  load average: 2.20, 0.60, 0.42
Tasks: 401 total,   1 running, 400 sleeping,   0 stopped,   0 zombie
%Cpu(s):  0.1 us,  0.0 sy,  0.0 ni, 99.9 id,  0.0 wa,  0.0 hi,  0.0 si,  0.0 st
KiB Mem : 65877712 total, 53551248 free,  1543536 used, 10782928 buff/cache
KiB Swap: 33554428 total, 32458652 free,  1095776 used. 63044512 avail Mem 
--
top - 10:39:39 up 111 days,  2:24,  0 users,  load average: 2.02, 0.59, 0.42
Tasks: 402 total,   1 running, 401 sleeping,   0 stopped,   0 zombie
%Cpu(s):  0.1 us,  0.1 sy,  0.0 ni, 99.8 id,  0.0 wa,  0.0 hi,  0.0 si,  0.0 st
KiB Mem : 65877712 total, 53519088 free,  1575696 used, 10782928 buff/cache
KiB Swap: 33554428 total, 32458652 free,  1095776 used. 63012352 avail Mem 
--
top - 10:39:44 up 111 days,  2:24,  0 users,  load average: 1.86, 0.58, 0.41
Tasks: 402 total,   1 running, 401 sleeping,   0 stopped,   0 zombie
%Cpu(s):  0.1 us,  0.1 sy,  0.0 ni, 99.9 id,  0.0 wa,  0.0 hi,  0.0 si,  0.0 st
KiB Mem : 65877712 total, 53478940 free,  1615844 used, 10782928 buff/cache
KiB Swap: 33554428 total, 32458652 free,  1095776 used. 62972204 avail Mem 
--
top - 10:39:49 up 111 days,  2:24,  0 users,  load average: 1.71, 0.57, 0.41
Tasks: 402 total,   1 running, 401 sleeping,   0 stopped,   0 zombie
%Cpu(s):  0.1 us,  0.1 sy,  0.0 ni, 99.9 id,  0.0 wa,  0.0 hi,  0.0 si,  0.0 st
KiB Mem : 65877712 total, 53440060 free,  1654724 used, 10782928 buff/cache
KiB Swap: 33554428 total, 32458652 free,  1095776 used. 62933324 avail Mem 
--
top - 10:39:54 up 111 days,  2:24,  0 users,  load average: 1.58, 0.56, 0.41
Tasks: 402 total,   1 running, 401 sleeping,   0 stopped,   0 zombie
%Cpu(s): 40.6 us,  0.7 sy,  0.0 ni, 58.7 id,  0.0 wa,  0.0 hi,  0.0 si,  0.0 st
KiB Mem : 65877712 total, 53316772 free,  1778012 used, 10782928 buff/cache
KiB Swap: 33554428 total, 32458652 free,  1095776 used. 62810036 avail Mem 
--
top - 10:39:59 up 111 days,  2:24,  0 users,  load average: 1.45, 0.55, 0.41
Tasks: 402 total,   1 running, 401 sleeping,   0 stopped,   0 zombie
%Cpu(s):  0.0 us,  0.0 sy,  0.0 ni, 99.9 id,  0.0 wa,  0.0 hi,  0.0 si,  0.0 st
KiB Mem : 65877712 total, 53446616 free,  1648164 used, 10782932 buff/cache
KiB Swap: 33554428 total, 32458652 free,  1095776 used. 62939884 avail Mem 
--
top - 10:40:04 up 111 days,  2:24,  0 users,  load average: 1.33, 0.54, 0.40
Tasks: 405 total,   1 running, 404 sleeping,   0 stopped,   0 zombie
%Cpu(s):  0.5 us,  0.3 sy,  0.0 ni, 98.6 id,  0.6 wa,  0.0 hi,  0.0 si,  0.0 st
KiB Mem : 65877712 total, 53406768 free,  1688004 used, 10782940 buff/cache
KiB Swap: 33554428 total, 32458652 free,  1095776 used. 62900044 avail Mem 
--
top - 10:40:09 up 111 days,  2:25,  0 users,  load average: 1.23, 0.53, 0.40
Tasks: 405 total,   1 running, 404 sleeping,   0 stopped,   0 zombie
%Cpu(s):  0.1 us,  0.1 sy,  0.0 ni, 98.7 id,  1.1 wa,  0.0 hi,  0.0 si,  0.0 st
KiB Mem : 65877712 total, 53371776 free,  1722996 used, 10782940 buff/cache
KiB Swap: 33554428 total, 32458652 free,  1095776 used. 62865052 avail Mem 
--
top - 10:40:14 up 111 days,  2:25,  0 users,  load average: 1.45, 0.59, 0.42
Tasks: 406 total,   1 running, 405 sleeping,   0 stopped,   0 zombie
%Cpu(s):  0.1 us,  0.0 sy,  0.0 ni, 91.3 id,  8.6 wa,  0.0 hi,  0.0 si,  0.0 st
KiB Mem : 65877712 total, 53337380 free,  1757392 used, 10782940 buff/cache
KiB Swap: 33554428 total, 32458652 free,  1095776 used. 62830656 avail Mem 
--
top - 10:40:19 up 111 days,  2:25,  0 users,  load average: 1.89, 0.70, 0.46
Tasks: 406 total,   1 running, 405 sleeping,   0 stopped,   0 zombie
%Cpu(s): 39.5 us,  0.5 sy,  0.0 ni, 55.0 id,  4.9 wa,  0.0 hi,  0.0 si,  0.0 st
KiB Mem : 65877712 total, 53205460 free,  1889312 used, 10782940 buff/cache
KiB Swap: 33554428 total, 32458652 free,  1095776 used. 62698736 avail Mem 
--
top - 10:40:24 up 111 days,  2:25,  0 users,  load average: 1.74, 0.69, 0.45
Tasks: 406 total,   1 running, 405 sleeping,   0 stopped,   0 zombie
%Cpu(s):  0.0 us,  0.0 sy,  0.0 ni, 99.9 id,  0.0 wa,  0.0 hi,  0.0 si,  0.0 st
KiB Mem : 65877712 total, 53332848 free,  1761924 used, 10782940 buff/cache
KiB Swap: 33554428 total, 32458652 free,  1095776 used. 62826124 avail Mem 
--
top - 10:40:29 up 111 days,  2:25,  0 users,  load average: 1.47, 0.66, 0.45
Tasks: 406 total,   1 running, 405 sleeping,   0 stopped,   0 zombie
%Cpu(s):  0.1 us,  0.1 sy,  0.0 ni, 99.9 id,  0.0 wa,  0.0 hi,  0.0 si,  0.0 st
KiB Mem : 65877712 total, 53296040 free,  1798732 used, 10782940 buff/cache
KiB Swap: 33554428 total, 32458652 free,  1095776 used. 62789316 avail Mem 
--
top - 10:40:34 up 111 days,  2:25,  0 users,  load average: 1.36, 0.65, 0.45
Tasks: 406 total,   1 running, 405 sleeping,   0 stopped,   0 zombie
%Cpu(s):  0.1 us,  0.0 sy,  0.0 ni, 99.9 id,  0.0 wa,  0.0 hi,  0.0 si,  0.0 st
KiB Mem : 65877712 total, 53261936 free,  1832836 used, 10782940 buff/cache
KiB Swap: 33554428 total, 32458652 free,  1095776 used. 62755212 avail Mem 
--
top - 10:40:39 up 111 days,  2:25,  0 users,  load average: 1.25, 0.64, 0.45
Tasks: 406 total,   1 running, 405 sleeping,   0 stopped,   0 zombie
%Cpu(s):  0.1 us,  0.1 sy,  0.0 ni, 99.8 id,  0.0 wa,  0.0 hi,  0.0 si,  0.0 st
KiB Mem : 65877712 total, 53227768 free,  1867004 used, 10782940 buff/cache
KiB Swap: 33554428 total, 32458652 free,  1095776 used. 62721044 avail Mem 
--
top - 10:40:44 up 111 days,  2:25,  0 users,  load average: 1.15, 0.63, 0.44
Tasks: 406 total,   1 running, 405 sleeping,   0 stopped,   0 zombie
%Cpu(s): 41.3 us,  0.4 sy,  0.0 ni, 58.3 id,  0.0 wa,  0.0 hi,  0.0 si,  0.0 st
KiB Mem : 65877712 total, 53103396 free,  1991376 used, 10782940 buff/cache
KiB Swap: 33554428 total, 32458652 free,  1095776 used. 62597108 avail Mem 
