10.149.0.55
2024/01/02 10:29:51 Master node address: http://10.149.0.56:8000
2024/01/02 10:29:51 Benchmarking worker...
2024/01/02 10:29:53 Worker registered (1868 MCUPS). Waiting for work...
2024/01/02 10:30:30 Got work. Start calculating alignments...
2024/01/02 10:30:30 Calculating 8175 queries
2024/01/02 10:30:50 Done calculating alignments.
2024/01/02 10:30:50 Waiting for work...
2024/01/02 10:31:00 Got work. Start calculating alignments...
2024/01/02 10:31:00 Calculating 8175 queries
2024/01/02 10:31:20 Done calculating alignments.
2024/01/02 10:31:20 Waiting for work...
2024/01/02 10:31:31 Got work. Start calculating alignments...
2024/01/02 10:31:31 Calculating 8174 queries
2024/01/02 10:31:53 Done calculating alignments.
2024/01/02 10:31:53 Waiting for work...
2024/01/02 10:32:04 Got work. Start calculating alignments...
2024/01/02 10:32:04 Calculating 8174 queries
2024/01/02 10:32:24 Done calculating alignments.
2024/01/02 10:32:24 Waiting for work...
2024/01/02 10:32:35 Got work. Start calculating alignments...
2024/01/02 10:32:35 Calculating 8174 queries
2024/01/02 10:32:55 Done calculating alignments.
2024/01/02 10:32:55 Waiting for work...
slurmstepd: error: *** JOB 4754822 ON node055 CANCELLED AT 2024-01-02T10:33:00 ***
