10.149.0.59
2024/01/02 10:22:45 Master node address: http://10.149.0.62:8000
2024/01/02 10:22:45 Benchmarking worker...
2024/01/02 10:22:47 Worker registered (1882 MCUPS). Waiting for work...
2024/01/02 10:23:33 Got work. Start calculating alignments...
2024/01/02 10:23:33 Calculating 1028 queries
2024/01/02 10:23:38 Done calculating alignments.
2024/01/02 10:23:38 Waiting for work...
2024/01/02 10:23:59 Got work. Start calculating alignments...
2024/01/02 10:23:59 Calculating 1028 queries
2024/01/02 10:24:04 Done calculating alignments.
2024/01/02 10:24:04 Waiting for work...
2024/01/02 10:24:23 Got work. Start calculating alignments...
2024/01/02 10:24:23 Calculating 1028 queries
2024/01/02 10:24:27 Done calculating alignments.
2024/01/02 10:24:27 Waiting for work...
2024/01/02 10:24:49 Got work. Start calculating alignments...
2024/01/02 10:24:49 Calculating 1028 queries
2024/01/02 10:24:53 Done calculating alignments.
2024/01/02 10:24:53 Waiting for work...
2024/01/02 10:25:11 Got work. Start calculating alignments...
2024/01/02 10:25:11 Calculating 1028 queries
2024/01/02 10:25:16 Done calculating alignments.
2024/01/02 10:25:16 Waiting for work...
slurmstepd: error: *** JOB 4754794 ON node059 CANCELLED AT 2024-01-02T10:25:17 ***
