Job id: 4754754
Worker ip: 10.149.0.60
Master ip: 10.149.0.59
--
top - 10:10:27 up 111 days,  1:54,  0 users,  load average: 0.00, 0.20, 0.26
Tasks: 401 total,   1 running, 400 sleeping,   0 stopped,   0 zombie
%Cpu(s):  3.3 us,  5.1 sy,  0.0 ni, 91.3 id,  0.0 wa,  0.0 hi,  0.4 si,  0.0 st
KiB Mem : 65877692 total, 52312312 free,  1278300 used, 12287080 buff/cache
KiB Swap: 33554428 total, 31912124 free,  1642304 used. 63341172 avail Mem 
--
top - 10:10:32 up 111 days,  1:54,  0 users,  load average: 0.00, 0.20, 0.25
Tasks: 402 total,   1 running, 401 sleeping,   0 stopped,   0 zombie
%Cpu(s):  1.6 us,  0.3 sy,  0.0 ni, 98.0 id,  0.0 wa,  0.0 hi,  0.0 si,  0.0 st
KiB Mem : 65877692 total, 52290316 free,  1293516 used, 12293860 buff/cache
KiB Swap: 33554428 total, 31912124 free,  1642304 used. 63325832 avail Mem 
--
top - 10:10:37 up 111 days,  1:54,  0 users,  load average: 0.00, 0.20, 0.25
Tasks: 402 total,   1 running, 401 sleeping,   0 stopped,   0 zombie
%Cpu(s):  0.0 us,  0.0 sy,  0.0 ni,100.0 id,  0.0 wa,  0.0 hi,  0.0 si,  0.0 st
KiB Mem : 65877692 total, 52290484 free,  1293348 used, 12293860 buff/cache
KiB Swap: 33554428 total, 31912124 free,  1642304 used. 63326000 avail Mem 
--
top - 10:10:42 up 111 days,  1:54,  0 users,  load average: 2.49, 0.71, 0.42
Tasks: 402 total,   1 running, 401 sleeping,   0 stopped,   0 zombie
%Cpu(s): 19.8 us,  0.6 sy,  0.0 ni, 79.6 id,  0.0 wa,  0.0 hi,  0.0 si,  0.0 st
KiB Mem : 65877692 total, 51767852 free,  1815980 used, 12293860 buff/cache
KiB Swap: 33554428 total, 31912124 free,  1642304 used. 62803368 avail Mem 
--
top - 10:10:47 up 111 days,  1:54,  0 users,  load average: 4.77, 1.21, 0.58
Tasks: 402 total,   1 running, 401 sleeping,   0 stopped,   0 zombie
%Cpu(s): 96.4 us,  0.4 sy,  0.0 ni,  3.1 id,  0.0 wa,  0.0 hi,  0.0 si,  0.0 st
KiB Mem : 65877692 total, 51564072 free,  2019760 used, 12293860 buff/cache
KiB Swap: 33554428 total, 31912124 free,  1642304 used. 62599588 avail Mem 
--
top - 10:10:52 up 111 days,  1:54,  0 users,  load average: 6.87, 1.70, 0.75
Tasks: 402 total,   1 running, 401 sleeping,   0 stopped,   0 zombie
%Cpu(s): 96.6 us,  0.3 sy,  0.0 ni,  3.0 id,  0.0 wa,  0.0 hi,  0.0 si,  0.0 st
KiB Mem : 65877692 total, 51348012 free,  2235820 used, 12293860 buff/cache
KiB Swap: 33554428 total, 31912124 free,  1642304 used. 62383528 avail Mem 
--
top - 10:10:57 up 111 days,  1:54,  0 users,  load average: 8.72, 2.17, 0.90
Tasks: 403 total,   2 running, 401 sleeping,   0 stopped,   0 zombie
%Cpu(s): 96.6 us,  0.3 sy,  0.0 ni,  3.1 id,  0.0 wa,  0.0 hi,  0.0 si,  0.0 st
KiB Mem : 65877692 total, 51139652 free,  2444180 used, 12293860 buff/cache
KiB Swap: 33554428 total, 31912124 free,  1642304 used. 62174424 avail Mem 
--
top - 10:11:02 up 111 days,  1:54,  0 users,  load average: 10.51, 2.65, 1.06
Tasks: 400 total,   2 running, 398 sleeping,   0 stopped,   0 zombie
%Cpu(s): 96.6 us,  0.3 sy,  0.0 ni,  3.1 id,  0.0 wa,  0.0 hi,  0.0 si,  0.0 st
KiB Mem : 65877692 total, 50928424 free,  2655408 used, 12293860 buff/cache
KiB Swap: 33554428 total, 31912124 free,  1642304 used. 61963936 avail Mem 
--
top - 10:11:07 up 111 days,  1:55,  0 users,  load average: 12.07, 3.11, 1.22
Tasks: 399 total,   2 running, 397 sleeping,   0 stopped,   0 zombie
%Cpu(s): 96.6 us,  0.3 sy,  0.0 ni,  3.1 id,  0.0 wa,  0.0 hi,  0.0 si,  0.0 st
KiB Mem : 65877692 total, 50727344 free,  2856488 used, 12293860 buff/cache
KiB Swap: 33554428 total, 31912124 free,  1642304 used. 61762860 avail Mem 
--
top - 10:11:12 up 111 days,  1:55,  0 users,  load average: 13.58, 3.57, 1.38
Tasks: 399 total,   3 running, 396 sleeping,   0 stopped,   0 zombie
%Cpu(s): 96.7 us,  0.2 sy,  0.0 ni,  3.1 id,  0.0 wa,  0.0 hi,  0.0 si,  0.0 st
KiB Mem : 65877692 total, 50527188 free,  3056644 used, 12293860 buff/cache
KiB Swap: 33554428 total, 31912124 free,  1642304 used. 61562704 avail Mem 
--
top - 10:11:17 up 111 days,  1:55,  0 users,  load average: 14.98, 4.02, 1.54
Tasks: 399 total,   2 running, 397 sleeping,   0 stopped,   0 zombie
%Cpu(s): 96.6 us,  0.3 sy,  0.0 ni,  3.1 id,  0.0 wa,  0.0 hi,  0.0 si,  0.0 st
KiB Mem : 65877692 total, 50318124 free,  3265708 used, 12293860 buff/cache
KiB Swap: 33554428 total, 31912124 free,  1642304 used. 61353640 avail Mem 
--
top - 10:11:22 up 111 days,  1:55,  0 users,  load average: 15.46, 4.31, 1.64
Tasks: 399 total,   1 running, 398 sleeping,   0 stopped,   0 zombie
%Cpu(s): 81.9 us,  0.2 sy,  0.0 ni, 17.9 id,  0.0 wa,  0.0 hi,  0.0 si,  0.0 st
KiB Mem : 65877692 total, 50115924 free,  3467904 used, 12293864 buff/cache
KiB Swap: 33554428 total, 31912124 free,  1642304 used. 61151444 avail Mem 
--
top - 10:11:27 up 111 days,  1:55,  0 users,  load average: 14.22, 4.24, 1.63
Tasks: 399 total,   1 running, 398 sleeping,   0 stopped,   0 zombie
%Cpu(s):  0.4 us,  0.1 sy,  0.0 ni, 99.5 id,  0.0 wa,  0.0 hi,  0.0 si,  0.0 st
KiB Mem : 65877692 total, 50374804 free,  3209024 used, 12293864 buff/cache
KiB Swap: 33554428 total, 31912124 free,  1642304 used. 61410324 avail Mem 
--
top - 10:11:32 up 111 days,  1:55,  0 users,  load average: 15.25, 4.61, 1.77
Tasks: 399 total,   1 running, 398 sleeping,   0 stopped,   0 zombie
%Cpu(s): 31.7 us,  0.8 sy,  0.0 ni, 67.4 id,  0.0 wa,  0.0 hi,  0.1 si,  0.0 st
KiB Mem : 65877692 total, 50045620 free,  3538208 used, 12293864 buff/cache
KiB Swap: 33554428 total, 31912124 free,  1642304 used. 61081140 avail Mem 
--
top - 10:11:37 up 111 days,  1:55,  0 users,  load average: 16.51, 5.05, 1.93
Tasks: 399 total,   1 running, 398 sleeping,   0 stopped,   0 zombie
%Cpu(s): 96.4 us,  0.5 sy,  0.0 ni,  3.1 id,  0.0 wa,  0.0 hi,  0.0 si,  0.0 st
KiB Mem : 65877692 total, 49804060 free,  3779768 used, 12293864 buff/cache
KiB Swap: 33554428 total, 31912124 free,  1642304 used. 60839580 avail Mem 
--
top - 10:11:42 up 111 days,  1:55,  0 users,  load average: 17.67, 5.48, 2.08
Tasks: 399 total,   1 running, 398 sleeping,   0 stopped,   0 zombie
%Cpu(s): 96.1 us,  0.7 sy,  0.0 ni,  3.1 id,  0.0 wa,  0.0 hi,  0.0 si,  0.0 st
KiB Mem : 65877692 total, 49677332 free,  3906496 used, 12293864 buff/cache
KiB Swap: 33554428 total, 31912124 free,  1642304 used. 60712852 avail Mem 
--
top - 10:11:47 up 111 days,  1:55,  0 users,  load average: 18.82, 5.92, 2.25
Tasks: 399 total,   1 running, 398 sleeping,   0 stopped,   0 zombie
%Cpu(s): 96.4 us,  0.5 sy,  0.0 ni,  3.1 id,  0.0 wa,  0.0 hi,  0.0 si,  0.0 st
KiB Mem : 65877692 total, 49468292 free,  4115536 used, 12293864 buff/cache
KiB Swap: 33554428 total, 31912124 free,  1642304 used. 60503812 avail Mem 
--
top - 10:11:52 up 111 days,  1:55,  0 users,  load average: 19.71, 6.32, 2.39
Tasks: 399 total,   1 running, 398 sleeping,   0 stopped,   0 zombie
%Cpu(s): 96.5 us,  0.4 sy,  0.0 ni,  3.0 id,  0.0 wa,  0.0 hi,  0.0 si,  0.0 st
KiB Mem : 65877692 total, 49280820 free,  4303008 used, 12293864 buff/cache
KiB Swap: 33554428 total, 31912124 free,  1642304 used. 60316216 avail Mem 
--
top - 10:11:57 up 111 days,  1:55,  0 users,  load average: 20.53, 6.72, 2.54
Tasks: 399 total,   1 running, 398 sleeping,   0 stopped,   0 zombie
%Cpu(s): 96.4 us,  0.5 sy,  0.0 ni,  3.1 id,  0.0 wa,  0.0 hi,  0.0 si,  0.0 st
KiB Mem : 65877692 total, 49074512 free,  4509316 used, 12293864 buff/cache
KiB Swap: 33554428 total, 31912124 free,  1642304 used. 60110032 avail Mem 
--
top - 10:12:02 up 111 days,  1:55,  0 users,  load average: 21.37, 7.12, 2.70
Tasks: 402 total,   1 running, 401 sleeping,   0 stopped,   0 zombie
%Cpu(s): 96.6 us,  0.8 sy,  0.0 ni,  2.6 id,  0.0 wa,  0.0 hi,  0.0 si,  0.0 st
KiB Mem : 65877692 total, 48875588 free,  4708224 used, 12293880 buff/cache
KiB Swap: 33554428 total, 31912124 free,  1642304 used. 59911116 avail Mem 
--
top - 10:12:07 up 111 days,  1:56,  0 users,  load average: 22.14, 7.52, 2.85
Tasks: 404 total,   1 running, 403 sleeping,   0 stopped,   0 zombie
%Cpu(s): 95.8 us,  0.5 sy,  0.0 ni,  3.7 id,  0.0 wa,  0.0 hi,  0.0 si,  0.0 st
KiB Mem : 65877692 total, 48667480 free,  4916332 used, 12293880 buff/cache
KiB Swap: 33554428 total, 31912124 free,  1642304 used. 59703008 avail Mem 
--
top - 10:12:12 up 111 days,  1:56,  0 users,  load average: 22.37, 7.81, 2.97
Tasks: 404 total,   1 running, 403 sleeping,   0 stopped,   0 zombie
%Cpu(s): 83.4 us,  0.3 sy,  0.0 ni, 16.2 id,  0.0 wa,  0.0 hi,  0.0 si,  0.0 st
KiB Mem : 65877692 total, 48451420 free,  5132392 used, 12293880 buff/cache
KiB Swap: 33554428 total, 31912124 free,  1642304 used. 59486948 avail Mem 
--
top - 10:12:17 up 111 days,  1:56,  0 users,  load average: 20.58, 7.68, 2.95
Tasks: 404 total,   1 running, 403 sleeping,   0 stopped,   0 zombie
%Cpu(s):  5.8 us,  0.1 sy,  0.0 ni, 94.2 id,  0.0 wa,  0.0 hi,  0.0 si,  0.0 st
KiB Mem : 65877692 total, 48678148 free,  4905664 used, 12293880 buff/cache
KiB Swap: 33554428 total, 31912124 free,  1642304 used. 59713676 avail Mem 
--
top - 10:12:22 up 111 days,  1:56,  0 users,  load average: 18.93, 7.55, 2.93
Tasks: 404 total,   1 running, 403 sleeping,   0 stopped,   0 zombie
%Cpu(s):  0.5 us,  0.3 sy,  0.0 ni, 99.2 id,  0.0 wa,  0.0 hi,  0.1 si,  0.0 st
KiB Mem : 65877692 total, 48438308 free,  5145504 used, 12293880 buff/cache
KiB Swap: 33554428 total, 31912124 free,  1642304 used. 59473836 avail Mem 
--
top - 10:12:27 up 111 days,  1:56,  0 users,  load average: 19.58, 7.87, 3.06
Tasks: 404 total,   1 running, 403 sleeping,   0 stopped,   0 zombie
%Cpu(s): 93.8 us,  0.7 sy,  0.0 ni,  5.5 id,  0.0 wa,  0.0 hi,  0.0 si,  0.0 st
KiB Mem : 65877692 total, 48230116 free,  5353692 used, 12293884 buff/cache
KiB Swap: 33554428 total, 31912124 free,  1642304 used. 59265648 avail Mem 
--
top - 10:12:32 up 111 days,  1:56,  0 users,  load average: 20.49, 8.25, 3.21
Tasks: 404 total,   2 running, 402 sleeping,   0 stopped,   0 zombie
%Cpu(s): 96.4 us,  0.5 sy,  0.0 ni,  3.1 id,  0.0 wa,  0.0 hi,  0.0 si,  0.0 st
KiB Mem : 65877692 total, 48022144 free,  5561664 used, 12293884 buff/cache
KiB Swap: 33554428 total, 31912124 free,  1642304 used. 59057676 avail Mem 
--
top - 10:12:37 up 111 days,  1:56,  0 users,  load average: 21.33, 8.63, 3.36
Tasks: 404 total,   2 running, 402 sleeping,   0 stopped,   0 zombie
%Cpu(s): 96.2 us,  0.6 sy,  0.0 ni,  3.1 id,  0.0 wa,  0.0 hi,  0.0 si,  0.0 st
KiB Mem : 65877692 total, 47795644 free,  5788164 used, 12293884 buff/cache
KiB Swap: 33554428 total, 31912124 free,  1642304 used. 58831176 avail Mem 
--
top - 10:12:43 up 111 days,  1:56,  0 users,  load average: 22.11, 9.00, 3.51
Tasks: 404 total,   2 running, 402 sleeping,   0 stopped,   0 zombie
%Cpu(s): 96.1 us,  0.7 sy,  0.0 ni,  3.2 id,  0.0 wa,  0.0 hi,  0.0 si,  0.0 st
KiB Mem : 65877692 total, 47629848 free,  5953960 used, 12293884 buff/cache
KiB Swap: 33554428 total, 31912124 free,  1642304 used. 58664884 avail Mem 
--
top - 10:12:48 up 111 days,  1:56,  0 users,  load average: 22.90, 9.39, 3.66
Tasks: 404 total,   2 running, 402 sleeping,   0 stopped,   0 zombie
%Cpu(s): 96.3 us,  0.6 sy,  0.0 ni,  3.1 id,  0.0 wa,  0.0 hi,  0.0 si,  0.0 st
KiB Mem : 65877692 total, 47402948 free,  6180860 used, 12293884 buff/cache
KiB Swap: 33554428 total, 31912124 free,  1642304 used. 58438480 avail Mem 
--
top - 10:12:53 up 111 days,  1:56,  0 users,  load average: 23.47, 9.73, 3.81
Tasks: 404 total,   2 running, 402 sleeping,   0 stopped,   0 zombie
%Cpu(s): 96.7 us,  0.3 sy,  0.0 ni,  3.0 id,  0.0 wa,  0.0 hi,  0.0 si,  0.0 st
KiB Mem : 65877692 total, 47196832 free,  6386976 used, 12293884 buff/cache
KiB Swap: 33554428 total, 31912124 free,  1642304 used. 58232364 avail Mem 
--
top - 10:12:58 up 111 days,  1:56,  0 users,  load average: 24.07, 10.08, 3.95
Tasks: 404 total,   2 running, 402 sleeping,   0 stopped,   0 zombie
%Cpu(s): 96.5 us,  0.4 sy,  0.0 ni,  3.1 id,  0.0 wa,  0.0 hi,  0.0 si,  0.0 st
KiB Mem : 65877692 total, 47004740 free,  6579068 used, 12293884 buff/cache
KiB Swap: 33554428 total, 31912124 free,  1642304 used. 58040272 avail Mem 
--
top - 10:13:03 up 111 days,  1:56,  0 users,  load average: 24.63, 10.43, 4.10
Tasks: 400 total,   3 running, 397 sleeping,   0 stopped,   0 zombie
%Cpu(s): 95.6 us,  0.4 sy,  0.0 ni,  4.1 id,  0.0 wa,  0.0 hi,  0.0 si,  0.0 st
KiB Mem : 65877692 total, 46829796 free,  6754012 used, 12293884 buff/cache
KiB Swap: 33554428 total, 31912124 free,  1642304 used. 57865328 avail Mem 
--
top - 10:13:08 up 111 days,  1:57,  0 users,  load average: 22.73, 10.27, 4.08
Tasks: 398 total,   1 running, 397 sleeping,   0 stopped,   0 zombie
%Cpu(s): 32.1 us,  0.2 sy,  0.0 ni, 67.6 id,  0.0 wa,  0.0 hi,  0.0 si,  0.0 st
KiB Mem : 65877692 total, 46948776 free,  6635032 used, 12293884 buff/cache
KiB Swap: 33554428 total, 31912124 free,  1642304 used. 57984308 avail Mem 
--
top - 10:13:13 up 111 days,  1:57,  0 users,  load average: 20.91, 10.10, 4.06
Tasks: 398 total,   1 running, 397 sleeping,   0 stopped,   0 zombie
%Cpu(s):  0.2 us,  0.1 sy,  0.0 ni, 99.6 id,  0.0 wa,  0.0 hi,  0.0 si,  0.0 st
KiB Mem : 65877692 total, 46912852 free,  6670956 used, 12293884 buff/cache
KiB Swap: 33554428 total, 31912124 free,  1642304 used. 57948384 avail Mem 
--
top - 10:13:18 up 111 days,  1:57,  0 users,  load average: 21.64, 10.43, 4.20
Tasks: 398 total,   2 running, 396 sleeping,   0 stopped,   0 zombie
%Cpu(s): 52.9 us,  0.8 sy,  0.0 ni, 46.2 id,  0.0 wa,  0.0 hi,  0.0 si,  0.0 st
KiB Mem : 65877692 total, 46632232 free,  6951572 used, 12293888 buff/cache
KiB Swap: 33554428 total, 31912124 free,  1642304 used. 57667768 avail Mem 
--
top - 10:13:23 up 111 days,  1:57,  0 users,  load average: 22.39, 10.77, 4.34
Tasks: 398 total,   2 running, 396 sleeping,   0 stopped,   0 zombie
%Cpu(s): 96.5 us,  0.4 sy,  0.0 ni,  3.0 id,  0.0 wa,  0.0 hi,  0.0 si,  0.0 st
KiB Mem : 65877692 total, 46433768 free,  7150036 used, 12293888 buff/cache
KiB Swap: 33554428 total, 31912124 free,  1642304 used. 57469304 avail Mem 
--
top - 10:13:28 up 111 days,  1:57,  0 users,  load average: 23.08, 11.11, 4.49
Tasks: 398 total,   2 running, 396 sleeping,   0 stopped,   0 zombie
%Cpu(s): 96.6 us,  0.3 sy,  0.0 ni,  3.1 id,  0.0 wa,  0.0 hi,  0.0 si,  0.0 st
KiB Mem : 65877692 total, 46243380 free,  7340424 used, 12293888 buff/cache
KiB Swap: 33554428 total, 31912124 free,  1642304 used. 57278916 avail Mem 
--
top - 10:13:33 up 111 days,  1:57,  0 users,  load average: 23.71, 11.44, 4.63
Tasks: 398 total,   2 running, 396 sleeping,   0 stopped,   0 zombie
%Cpu(s): 96.4 us,  0.5 sy,  0.0 ni,  3.1 id,  0.0 wa,  0.0 hi,  0.0 si,  0.0 st
KiB Mem : 65877692 total, 46049484 free,  7534320 used, 12293888 buff/cache
KiB Swap: 33554428 total, 31912124 free,  1642304 used. 57085020 avail Mem 
--
top - 10:13:38 up 111 days,  1:57,  0 users,  load average: 24.30, 11.76, 4.77
Tasks: 398 total,   2 running, 396 sleeping,   0 stopped,   0 zombie
%Cpu(s): 96.3 us,  0.6 sy,  0.0 ni,  3.1 id,  0.0 wa,  0.0 hi,  0.0 si,  0.0 st
KiB Mem : 65877692 total, 45863024 free,  7720780 used, 12293888 buff/cache
KiB Swap: 33554428 total, 31912124 free,  1642304 used. 56898560 avail Mem 
--
top - 10:13:43 up 111 days,  1:57,  0 users,  load average: 24.83, 12.08, 4.91
Tasks: 398 total,   1 running, 397 sleeping,   0 stopped,   0 zombie
%Cpu(s): 96.1 us,  0.6 sy,  0.0 ni,  3.2 id,  0.0 wa,  0.0 hi,  0.0 si,  0.0 st
KiB Mem : 65877692 total, 45665012 free,  7918792 used, 12293888 buff/cache
KiB Swap: 33554428 total, 31912124 free,  1642304 used. 56700548 avail Mem 
--
top - 10:13:48 up 111 days,  1:57,  0 users,  load average: 25.41, 12.41, 5.06
Tasks: 398 total,   1 running, 397 sleeping,   0 stopped,   0 zombie
%Cpu(s): 96.2 us,  0.6 sy,  0.0 ni,  3.2 id,  0.0 wa,  0.0 hi,  0.0 si,  0.0 st
KiB Mem : 65877692 total, 45455896 free,  8127908 used, 12293888 buff/cache
KiB Swap: 33554428 total, 31912124 free,  1642304 used. 56491432 avail Mem 
--
top - 10:13:53 up 111 days,  1:57,  0 users,  load average: 25.86, 12.72, 5.20
Tasks: 398 total,   1 running, 397 sleeping,   0 stopped,   0 zombie
%Cpu(s): 96.4 us,  0.5 sy,  0.0 ni,  3.0 id,  0.0 wa,  0.0 hi,  0.0 si,  0.0 st
KiB Mem : 65877692 total, 45241936 free,  8341868 used, 12293888 buff/cache
KiB Swap: 33554428 total, 31912124 free,  1642304 used. 56277472 avail Mem 
--
top - 10:13:58 up 111 days,  1:57,  0 users,  load average: 25.63, 12.89, 5.29
Tasks: 398 total,   1 running, 397 sleeping,   0 stopped,   0 zombie
%Cpu(s): 70.9 us,  0.3 sy,  0.0 ni, 28.8 id,  0.0 wa,  0.0 hi,  0.0 si,  0.0 st
KiB Mem : 65877692 total, 45035992 free,  8547812 used, 12293888 buff/cache
KiB Swap: 33554428 total, 31912124 free,  1642304 used. 56071528 avail Mem 
--
top - 10:14:03 up 111 days,  1:57,  0 users,  load average: 23.58, 12.68, 5.26
Tasks: 402 total,   1 running, 401 sleeping,   0 stopped,   0 zombie
%Cpu(s):  0.8 us,  0.3 sy,  0.0 ni, 98.5 id,  0.4 wa,  0.0 hi,  0.0 si,  0.0 st
KiB Mem : 65877692 total, 45308904 free,  8274888 used, 12293900 buff/cache
KiB Swap: 33554428 total, 31912124 free,  1642304 used. 56344440 avail Mem 
--
top - 10:14:08 up 111 days,  1:58,  0 users,  load average: 21.69, 12.47, 5.23
Tasks: 404 total,   1 running, 403 sleeping,   0 stopped,   0 zombie
%Cpu(s): 19.1 us,  0.5 sy,  0.0 ni, 80.4 id,  0.0 wa,  0.0 hi,  0.1 si,  0.0 st
KiB Mem : 65877692 total, 45040480 free,  8543320 used, 12293892 buff/cache
KiB Swap: 33554428 total, 31912124 free,  1642304 used. 56076020 avail Mem 
--
top - 10:14:13 up 111 days,  1:58,  0 users,  load average: 22.35, 12.76, 5.37
Tasks: 404 total,   2 running, 402 sleeping,   0 stopped,   0 zombie
%Cpu(s): 95.9 us,  0.4 sy,  0.0 ni,  3.7 id,  0.0 wa,  0.0 hi,  0.0 si,  0.0 st
KiB Mem : 65877692 total, 44862736 free,  8721064 used, 12293892 buff/cache
KiB Swap: 33554428 total, 31912124 free,  1642304 used. 55898276 avail Mem 
--
top - 10:14:18 up 111 days,  1:58,  0 users,  load average: 23.05, 13.06, 5.50
Tasks: 404 total,   2 running, 402 sleeping,   0 stopped,   0 zombie
%Cpu(s): 96.5 us,  0.5 sy,  0.0 ni,  3.1 id,  0.0 wa,  0.0 hi,  0.0 si,  0.0 st
KiB Mem : 65877692 total, 44683176 free,  8900624 used, 12293892 buff/cache
KiB Swap: 33554428 total, 31912124 free,  1642304 used. 55718716 avail Mem 
--
top - 10:14:23 up 111 days,  1:58,  0 users,  load average: 23.68, 13.36, 5.64
Tasks: 404 total,   2 running, 402 sleeping,   0 stopped,   0 zombie
%Cpu(s): 96.1 us,  0.7 sy,  0.0 ni,  3.2 id,  0.0 wa,  0.0 hi,  0.0 si,  0.0 st
KiB Mem : 65877692 total, 44492380 free,  9091420 used, 12293892 buff/cache
KiB Swap: 33554428 total, 31912124 free,  1642304 used. 55527920 avail Mem 
--
top - 10:14:28 up 111 days,  1:58,  0 users,  load average: 24.27, 13.65, 5.78
Tasks: 404 total,   2 running, 402 sleeping,   0 stopped,   0 zombie
%Cpu(s): 96.4 us,  0.5 sy,  0.0 ni,  3.1 id,  0.0 wa,  0.0 hi,  0.0 si,  0.0 st
KiB Mem : 65877692 total, 44292408 free,  9291392 used, 12293892 buff/cache
KiB Swap: 33554428 total, 31912124 free,  1642304 used. 55327948 avail Mem 
--
top - 10:14:33 up 111 days,  1:58,  0 users,  load average: 24.81, 13.94, 5.91
Tasks: 404 total,   2 running, 402 sleeping,   0 stopped,   0 zombie
%Cpu(s): 96.4 us,  0.5 sy,  0.0 ni,  3.1 id,  0.0 wa,  0.0 hi,  0.0 si,  0.0 st
KiB Mem : 65877692 total, 44102220 free,  9481580 used, 12293892 buff/cache
KiB Swap: 33554428 total, 31912124 free,  1642304 used. 55137264 avail Mem 
--
top - 10:14:38 up 111 days,  1:58,  0 users,  load average: 25.22, 14.21, 6.04
Tasks: 404 total,   2 running, 402 sleeping,   0 stopped,   0 zombie
%Cpu(s): 96.6 us,  0.3 sy,  0.0 ni,  3.1 id,  0.0 wa,  0.0 hi,  0.0 si,  0.0 st
KiB Mem : 65877692 total, 43898328 free,  9685472 used, 12293892 buff/cache
KiB Swap: 33554428 total, 31912124 free,  1642304 used. 54933868 avail Mem 
--
top - 10:14:43 up 111 days,  1:58,  0 users,  load average: 25.69, 14.49, 6.18
Tasks: 404 total,   1 running, 403 sleeping,   0 stopped,   0 zombie
%Cpu(s): 96.3 us,  0.4 sy,  0.0 ni,  3.4 id,  0.0 wa,  0.0 hi,  0.0 si,  0.0 st
KiB Mem : 65877692 total, 43713140 free,  9870660 used, 12293892 buff/cache
KiB Swap: 33554428 total, 31912124 free,  1642304 used. 54748680 avail Mem 
--
top - 10:14:48 up 111 days,  1:58,  0 users,  load average: 25.79, 14.69, 6.29
Tasks: 404 total,   1 running, 403 sleeping,   0 stopped,   0 zombie
%Cpu(s): 85.8 us,  0.5 sy,  0.0 ni, 13.7 id,  0.0 wa,  0.0 hi,  0.0 si,  0.0 st
KiB Mem : 65877692 total, 43516520 free, 10067280 used, 12293892 buff/cache
KiB Swap: 33554428 total, 31912124 free,  1642304 used. 54552060 avail Mem 
