Job id: 4754857
Worker ip: 10.149.0.31
Master ip: 10.149.0.54
--
top - 10:38:08 up 111 days,  2:21,  0 users,  load average: 4.37, 2.00, 1.14
Tasks: 407 total,   1 running, 406 sleeping,   0 stopped,   0 zombie
%Cpu(s):  2.6 us,  4.6 sy,  0.0 ni, 92.8 id,  0.0 wa,  0.0 hi,  0.0 si,  0.0 st
KiB Mem : 65877712 total, 56793792 free,  1116460 used,  7967460 buff/cache
KiB Swap: 33554428 total, 32356164 free,  1198264 used. 63519584 avail Mem 
--
top - 10:38:13 up 111 days,  2:21,  0 users,  load average: 4.02, 1.97, 1.13
Tasks: 409 total,   1 running, 408 sleeping,   0 stopped,   0 zombie
%Cpu(s):  1.7 us,  0.4 sy,  0.0 ni, 97.8 id,  0.0 wa,  0.0 hi,  0.0 si,  0.0 st
KiB Mem : 65877712 total, 56771912 free,  1131608 used,  7974192 buff/cache
KiB Swap: 33554428 total, 32356164 free,  1198264 used. 63504340 avail Mem 
--
top - 10:38:18 up 111 days,  2:21,  0 users,  load average: 3.69, 1.93, 1.12
Tasks: 409 total,   1 running, 408 sleeping,   0 stopped,   0 zombie
%Cpu(s):  0.0 us,  0.0 sy,  0.0 ni,100.0 id,  0.0 wa,  0.0 hi,  0.0 si,  0.0 st
KiB Mem : 65877712 total, 56772912 free,  1130608 used,  7974192 buff/cache
KiB Swap: 33554428 total, 32356164 free,  1198264 used. 63505340 avail Mem 
--
top - 10:38:23 up 111 days,  2:21,  0 users,  load average: 3.40, 1.90, 1.12
Tasks: 409 total,   1 running, 408 sleeping,   0 stopped,   0 zombie
%Cpu(s):  0.0 us,  0.0 sy,  0.0 ni,100.0 id,  0.0 wa,  0.0 hi,  0.0 si,  0.0 st
KiB Mem : 65877712 total, 56770660 free,  1132860 used,  7974192 buff/cache
KiB Swap: 33554428 total, 32356164 free,  1198264 used. 63503088 avail Mem 
--
top - 10:38:28 up 111 days,  2:21,  0 users,  load average: 3.13, 1.87, 1.11
Tasks: 409 total,   1 running, 408 sleeping,   0 stopped,   0 zombie
%Cpu(s):  0.0 us,  0.0 sy,  0.0 ni,100.0 id,  0.0 wa,  0.0 hi,  0.0 si,  0.0 st
KiB Mem : 65877712 total, 56771024 free,  1132496 used,  7974192 buff/cache
KiB Swap: 33554428 total, 32356164 free,  1198264 used. 63503452 avail Mem 
--
top - 10:38:33 up 111 days,  2:21,  0 users,  load average: 2.88, 1.84, 1.11
Tasks: 409 total,   1 running, 408 sleeping,   0 stopped,   0 zombie
%Cpu(s):  0.0 us,  0.0 sy,  0.0 ni,100.0 id,  0.0 wa,  0.0 hi,  0.0 si,  0.0 st
KiB Mem : 65877712 total, 56771520 free,  1132000 used,  7974192 buff/cache
KiB Swap: 33554428 total, 32356164 free,  1198264 used. 63503948 avail Mem 
--
top - 10:38:38 up 111 days,  2:22,  0 users,  load average: 2.64, 1.81, 1.10
Tasks: 409 total,   1 running, 408 sleeping,   0 stopped,   0 zombie
%Cpu(s):  0.0 us,  0.0 sy,  0.0 ni,100.0 id,  0.0 wa,  0.0 hi,  0.0 si,  0.0 st
KiB Mem : 65877712 total, 56772052 free,  1131468 used,  7974192 buff/cache
KiB Swap: 33554428 total, 32356164 free,  1198264 used. 63504480 avail Mem 
--
top - 10:38:44 up 111 days,  2:22,  0 users,  load average: 2.43, 1.78, 1.09
Tasks: 409 total,   1 running, 408 sleeping,   0 stopped,   0 zombie
%Cpu(s):  0.0 us,  0.0 sy,  0.0 ni,100.0 id,  0.0 wa,  0.0 hi,  0.0 si,  0.0 st
KiB Mem : 65877712 total, 56772388 free,  1131132 used,  7974192 buff/cache
KiB Swap: 33554428 total, 32356164 free,  1198264 used. 63504816 avail Mem 
--
top - 10:38:49 up 111 days,  2:22,  0 users,  load average: 2.24, 1.75, 1.09
Tasks: 409 total,   1 running, 408 sleeping,   0 stopped,   0 zombie
%Cpu(s):  0.1 us,  0.0 sy,  0.0 ni, 99.9 id,  0.0 wa,  0.0 hi,  0.0 si,  0.0 st
KiB Mem : 65877712 total, 56739688 free,  1163832 used,  7974192 buff/cache
KiB Swap: 33554428 total, 32356164 free,  1198264 used. 63472116 avail Mem 
--
top - 10:38:54 up 111 days,  2:22,  0 users,  load average: 2.06, 1.72, 1.08
Tasks: 409 total,   1 running, 408 sleeping,   0 stopped,   0 zombie
%Cpu(s):  0.1 us,  0.0 sy,  0.0 ni, 99.9 id,  0.0 wa,  0.0 hi,  0.0 si,  0.0 st
KiB Mem : 65877712 total, 56702844 free,  1200676 used,  7974192 buff/cache
KiB Swap: 33554428 total, 32356164 free,  1198264 used. 63435272 avail Mem 
--
top - 10:38:59 up 111 days,  2:22,  0 users,  load average: 1.89, 1.69, 1.08
Tasks: 409 total,   1 running, 408 sleeping,   0 stopped,   0 zombie
%Cpu(s):  0.1 us,  0.1 sy,  0.0 ni, 99.9 id,  0.0 wa,  0.0 hi,  0.0 si,  0.0 st
KiB Mem : 65877712 total, 56663280 free,  1240240 used,  7974192 buff/cache
KiB Swap: 33554428 total, 32356164 free,  1198264 used. 63395708 avail Mem 
--
top - 10:39:04 up 111 days,  2:22,  0 users,  load average: 3.66, 2.06, 1.20
Tasks: 409 total,   1 running, 408 sleeping,   0 stopped,   0 zombie
%Cpu(s): 43.2 us,  0.5 sy,  0.0 ni, 56.3 id,  0.0 wa,  0.0 hi,  0.0 si,  0.0 st
KiB Mem : 65877712 total, 56324900 free,  1578616 used,  7974196 buff/cache
KiB Swap: 33554428 total, 32356164 free,  1198264 used. 63057328 avail Mem 
--
top - 10:39:09 up 111 days,  2:22,  0 users,  load average: 3.37, 2.03, 1.19
Tasks: 409 total,   1 running, 408 sleeping,   0 stopped,   0 zombie
%Cpu(s):  1.6 us,  0.0 sy,  0.0 ni, 98.3 id,  0.0 wa,  0.0 hi,  0.0 si,  0.0 st
KiB Mem : 65877712 total, 56441644 free,  1461872 used,  7974196 buff/cache
KiB Swap: 33554428 total, 32356164 free,  1198264 used. 63174076 avail Mem 
--
top - 10:39:14 up 111 days,  2:22,  0 users,  load average: 3.10, 1.99, 1.19
Tasks: 409 total,   1 running, 408 sleeping,   0 stopped,   0 zombie
%Cpu(s):  0.1 us,  0.0 sy,  0.0 ni, 99.9 id,  0.0 wa,  0.0 hi,  0.0 si,  0.0 st
KiB Mem : 65877712 total, 56418148 free,  1485368 used,  7974196 buff/cache
KiB Swap: 33554428 total, 32356164 free,  1198264 used. 63150580 avail Mem 
--
top - 10:39:19 up 111 days,  2:22,  0 users,  load average: 2.85, 1.96, 1.18
Tasks: 409 total,   2 running, 407 sleeping,   0 stopped,   0 zombie
%Cpu(s):  0.1 us,  0.1 sy,  0.0 ni, 99.8 id,  0.0 wa,  0.0 hi,  0.0 si,  0.0 st
KiB Mem : 65877712 total, 56380468 free,  1523048 used,  7974196 buff/cache
KiB Swap: 33554428 total, 32356164 free,  1198264 used. 63112900 avail Mem 
--
top - 10:39:24 up 111 days,  2:22,  0 users,  load average: 4.55, 2.33, 1.30
Tasks: 409 total,   2 running, 407 sleeping,   0 stopped,   0 zombie
%Cpu(s): 22.0 us,  0.4 sy,  0.0 ni, 77.5 id,  0.0 wa,  0.0 hi,  0.0 si,  0.0 st
KiB Mem : 65877712 total, 56293988 free,  1609528 used,  7974196 buff/cache
KiB Swap: 33554428 total, 32356164 free,  1198264 used. 63026420 avail Mem 
--
top - 10:39:29 up 111 days,  2:22,  0 users,  load average: 4.18, 2.29, 1.30
Tasks: 409 total,   1 running, 408 sleeping,   0 stopped,   0 zombie
%Cpu(s): 18.5 us,  0.2 sy,  0.0 ni, 81.3 id,  0.0 wa,  0.0 hi,  0.0 si,  0.0 st
KiB Mem : 65877712 total, 56331120 free,  1572396 used,  7974196 buff/cache
KiB Swap: 33554428 total, 32356164 free,  1198264 used. 63063552 avail Mem 
--
top - 10:39:34 up 111 days,  2:22,  0 users,  load average: 3.85, 2.25, 1.29
Tasks: 409 total,   1 running, 408 sleeping,   0 stopped,   0 zombie
%Cpu(s):  0.0 us,  0.0 sy,  0.0 ni, 99.9 id,  0.0 wa,  0.0 hi,  0.0 si,  0.0 st
KiB Mem : 65877712 total, 56321264 free,  1582252 used,  7974196 buff/cache
KiB Swap: 33554428 total, 32356164 free,  1198264 used. 63053696 avail Mem 
--
top - 10:39:39 up 111 days,  2:23,  0 users,  load average: 3.54, 2.21, 1.28
Tasks: 409 total,   1 running, 408 sleeping,   0 stopped,   0 zombie
%Cpu(s):  0.1 us,  0.1 sy,  0.0 ni, 99.9 id,  0.0 wa,  0.0 hi,  0.0 si,  0.0 st
KiB Mem : 65877712 total, 56286068 free,  1617448 used,  7974196 buff/cache
KiB Swap: 33554428 total, 32356164 free,  1198264 used. 63018500 avail Mem 
--
top - 10:39:44 up 111 days,  2:23,  0 users,  load average: 3.26, 2.18, 1.28
Tasks: 409 total,   1 running, 408 sleeping,   0 stopped,   0 zombie
%Cpu(s):  0.1 us,  0.1 sy,  0.0 ni, 99.9 id,  0.0 wa,  0.0 hi,  0.0 si,  0.0 st
KiB Mem : 65877712 total, 56244884 free,  1658632 used,  7974196 buff/cache
KiB Swap: 33554428 total, 32356164 free,  1198264 used. 62977316 avail Mem 
--
top - 10:39:49 up 111 days,  2:23,  0 users,  load average: 2.99, 2.14, 1.27
Tasks: 409 total,   1 running, 408 sleeping,   0 stopped,   0 zombie
%Cpu(s):  0.1 us,  0.1 sy,  0.0 ni, 99.9 id,  0.0 wa,  0.0 hi,  0.0 si,  0.0 st
KiB Mem : 65877712 total, 56219032 free,  1684484 used,  7974196 buff/cache
KiB Swap: 33554428 total, 32356164 free,  1198264 used. 62951464 avail Mem 
--
top - 10:39:54 up 111 days,  2:23,  0 users,  load average: 2.75, 2.10, 1.26
Tasks: 409 total,   1 running, 408 sleeping,   0 stopped,   0 zombie
%Cpu(s): 41.1 us,  0.3 sy,  0.0 ni, 58.6 id,  0.0 wa,  0.0 hi,  0.0 si,  0.0 st
KiB Mem : 65877712 total, 56078224 free,  1825292 used,  7974196 buff/cache
KiB Swap: 33554428 total, 32356164 free,  1198264 used. 62810656 avail Mem 
--
top - 10:39:59 up 111 days,  2:23,  0 users,  load average: 2.53, 2.07, 1.26
Tasks: 409 total,   1 running, 408 sleeping,   0 stopped,   0 zombie
%Cpu(s):  0.0 us,  0.1 sy,  0.0 ni, 99.9 id,  0.0 wa,  0.0 hi,  0.0 si,  0.0 st
KiB Mem : 65877712 total, 56211168 free,  1692344 used,  7974200 buff/cache
KiB Swap: 33554428 total, 32356164 free,  1198264 used. 62943604 avail Mem 
--
top - 10:40:04 up 111 days,  2:23,  0 users,  load average: 2.33, 2.03, 1.25
Tasks: 409 total,   1 running, 408 sleeping,   0 stopped,   0 zombie
%Cpu(s):  0.5 us,  0.3 sy,  0.0 ni, 98.5 id,  0.7 wa,  0.0 hi,  0.0 si,  0.0 st
KiB Mem : 65877712 total, 56170172 free,  1733332 used,  7974208 buff/cache
KiB Swap: 33554428 total, 32356164 free,  1198264 used. 62902616 avail Mem 
--
top - 10:40:09 up 111 days,  2:23,  0 users,  load average: 2.14, 2.00, 1.24
Tasks: 409 total,   1 running, 408 sleeping,   0 stopped,   0 zombie
%Cpu(s):  0.1 us,  0.1 sy,  0.0 ni, 99.9 id,  0.0 wa,  0.0 hi,  0.0 si,  0.0 st
KiB Mem : 65877712 total, 56130964 free,  1772540 used,  7974208 buff/cache
KiB Swap: 33554428 total, 32356164 free,  1198264 used. 62863408 avail Mem 
--
top - 10:40:14 up 111 days,  2:23,  0 users,  load average: 1.97, 1.97, 1.23
Tasks: 409 total,   1 running, 408 sleeping,   0 stopped,   0 zombie
%Cpu(s):  0.1 us,  0.1 sy,  0.0 ni, 99.9 id,  0.0 wa,  0.0 hi,  0.0 si,  0.0 st
KiB Mem : 65877712 total, 56090224 free,  1813280 used,  7974208 buff/cache
KiB Swap: 33554428 total, 32356164 free,  1198264 used. 62822668 avail Mem 
--
top - 10:40:19 up 111 days,  2:23,  0 users,  load average: 2.29, 2.03, 1.26
Tasks: 409 total,   1 running, 408 sleeping,   0 stopped,   0 zombie
%Cpu(s): 39.2 us,  0.4 sy,  0.0 ni, 60.4 id,  0.0 wa,  0.0 hi,  0.0 si,  0.0 st
KiB Mem : 65877712 total, 55984668 free,  1918836 used,  7974208 buff/cache
KiB Swap: 33554428 total, 32356164 free,  1198264 used. 62717112 avail Mem 
--
top - 10:40:24 up 111 days,  2:23,  0 users,  load average: 2.11, 2.00, 1.25
Tasks: 409 total,   1 running, 408 sleeping,   0 stopped,   0 zombie
%Cpu(s):  0.0 us,  0.0 sy,  0.0 ni, 99.9 id,  0.0 wa,  0.0 hi,  0.0 si,  0.0 st
KiB Mem : 65877712 total, 56105628 free,  1797876 used,  7974208 buff/cache
KiB Swap: 33554428 total, 32356164 free,  1198264 used. 62838072 avail Mem 
--
top - 10:40:29 up 111 days,  2:23,  0 users,  load average: 1.94, 1.97, 1.25
Tasks: 409 total,   1 running, 408 sleeping,   0 stopped,   0 zombie
%Cpu(s):  0.1 us,  0.1 sy,  0.0 ni, 99.8 id,  0.0 wa,  0.0 hi,  0.0 si,  0.0 st
KiB Mem : 65877712 total, 56076616 free,  1826888 used,  7974208 buff/cache
KiB Swap: 33554428 total, 32356164 free,  1198264 used. 62809060 avail Mem 
--
top - 10:40:34 up 111 days,  2:23,  0 users,  load average: 1.79, 1.93, 1.24
Tasks: 409 total,   2 running, 407 sleeping,   0 stopped,   0 zombie
%Cpu(s):  0.1 us,  0.1 sy,  0.0 ni, 99.9 id,  0.0 wa,  0.0 hi,  0.0 si,  0.0 st
KiB Mem : 65877712 total, 56034424 free,  1869080 used,  7974208 buff/cache
KiB Swap: 33554428 total, 32356164 free,  1198264 used. 62766868 avail Mem 
--
top - 10:40:39 up 111 days,  2:24,  0 users,  load average: 1.64, 1.90, 1.23
Tasks: 408 total,   1 running, 407 sleeping,   0 stopped,   0 zombie
%Cpu(s):  0.1 us,  0.1 sy,  0.0 ni, 99.9 id,  0.0 wa,  0.0 hi,  0.0 si,  0.0 st
KiB Mem : 65877712 total, 55995568 free,  1907936 used,  7974208 buff/cache
KiB Swap: 33554428 total, 32356164 free,  1198264 used. 62728012 avail Mem 
--
top - 10:40:44 up 111 days,  2:24,  0 users,  load average: 3.75, 2.34, 1.38
Tasks: 408 total,   1 running, 407 sleeping,   0 stopped,   0 zombie
%Cpu(s): 41.9 us,  0.5 sy,  0.0 ni, 57.6 id,  0.0 wa,  0.0 hi,  0.0 si,  0.0 st
KiB Mem : 65877712 total, 55867828 free,  2035676 used,  7974208 buff/cache
KiB Swap: 33554428 total, 32356164 free,  1198264 used. 62600272 avail Mem 
