Job id: 4754800
Worker ip: 10.149.0.36
Master ip: 10.149.0.62
--
top - 10:22:44 up 111 days,  2:07,  0 users,  load average: 0.03, 0.11, 0.13
Tasks: 398 total,   1 running, 397 sleeping,   0 stopped,   0 zombie
%Cpu(s):  1.5 us,  3.0 sy,  0.0 ni, 95.5 id,  0.0 wa,  0.0 hi,  0.0 si,  0.0 st
KiB Mem : 65877712 total, 54050172 free,  1058076 used, 10769464 buff/cache
KiB Swap: 33554428 total, 32458652 free,  1095776 used. 63530152 avail Mem 
--
top - 10:22:49 up 111 days,  2:07,  0 users,  load average: 0.03, 0.11, 0.13
Tasks: 400 total,   1 running, 399 sleeping,   0 stopped,   0 zombie
%Cpu(s):  1.7 us,  0.5 sy,  0.0 ni, 97.7 id,  0.0 wa,  0.0 hi,  0.0 si,  0.0 st
KiB Mem : 65877712 total, 54033436 free,  1068068 used, 10776208 buff/cache
KiB Swap: 33554428 total, 32458652 free,  1095776 used. 63520052 avail Mem 
--
top - 10:22:54 up 111 days,  2:07,  0 users,  load average: 0.02, 0.11, 0.13
Tasks: 400 total,   1 running, 399 sleeping,   0 stopped,   0 zombie
%Cpu(s):  0.0 us,  0.0 sy,  0.0 ni, 99.9 id,  0.0 wa,  0.0 hi,  0.0 si,  0.0 st
KiB Mem : 65877712 total, 54034072 free,  1067432 used, 10776208 buff/cache
KiB Swap: 33554428 total, 32458652 free,  1095776 used. 63520692 avail Mem 
--
top - 10:22:59 up 111 days,  2:07,  0 users,  load average: 0.02, 0.10, 0.13
Tasks: 400 total,   1 running, 399 sleeping,   0 stopped,   0 zombie
%Cpu(s):  0.0 us,  0.0 sy,  0.0 ni,100.0 id,  0.0 wa,  0.0 hi,  0.0 si,  0.0 st
KiB Mem : 65877712 total, 54034504 free,  1067000 used, 10776208 buff/cache
KiB Swap: 33554428 total, 32458652 free,  1095776 used. 63521124 avail Mem 
--
top - 10:23:04 up 111 days,  2:07,  0 users,  load average: 0.02, 0.10, 0.13
Tasks: 400 total,   1 running, 399 sleeping,   0 stopped,   0 zombie
%Cpu(s):  0.0 us,  0.0 sy,  0.0 ni,100.0 id,  0.0 wa,  0.0 hi,  0.0 si,  0.0 st
KiB Mem : 65877712 total, 54034928 free,  1066576 used, 10776208 buff/cache
KiB Swap: 33554428 total, 32458652 free,  1095776 used. 63521548 avail Mem 
--
top - 10:23:09 up 111 days,  2:08,  0 users,  load average: 0.02, 0.10, 0.13
Tasks: 400 total,   1 running, 399 sleeping,   0 stopped,   0 zombie
%Cpu(s):  0.0 us,  0.0 sy,  0.0 ni, 99.9 id,  0.0 wa,  0.0 hi,  0.0 si,  0.0 st
KiB Mem : 65877712 total, 54035296 free,  1066208 used, 10776208 buff/cache
KiB Swap: 33554428 total, 32458652 free,  1095776 used. 63521916 avail Mem 
--
top - 10:23:14 up 111 days,  2:08,  0 users,  load average: 0.02, 0.10, 0.13
Tasks: 402 total,   1 running, 401 sleeping,   0 stopped,   0 zombie
%Cpu(s):  0.0 us,  0.0 sy,  0.0 ni,100.0 id,  0.0 wa,  0.0 hi,  0.0 si,  0.0 st
KiB Mem : 65877712 total, 54035776 free,  1065728 used, 10776208 buff/cache
KiB Swap: 33554428 total, 32458652 free,  1095776 used. 63522396 avail Mem 
--
top - 10:23:19 up 111 days,  2:08,  0 users,  load average: 0.02, 0.10, 0.13
Tasks: 402 total,   1 running, 401 sleeping,   0 stopped,   0 zombie
%Cpu(s):  0.0 us,  0.0 sy,  0.0 ni,100.0 id,  0.0 wa,  0.0 hi,  0.0 si,  0.0 st
KiB Mem : 65877712 total, 54036404 free,  1065100 used, 10776208 buff/cache
KiB Swap: 33554428 total, 32458652 free,  1095776 used. 63523024 avail Mem 
--
top - 10:23:24 up 111 days,  2:08,  0 users,  load average: 0.02, 0.10, 0.13
Tasks: 402 total,   1 running, 401 sleeping,   0 stopped,   0 zombie
%Cpu(s):  0.1 us,  0.0 sy,  0.0 ni, 99.9 id,  0.0 wa,  0.0 hi,  0.0 si,  0.0 st
KiB Mem : 65877712 total, 54001188 free,  1100316 used, 10776208 buff/cache
KiB Swap: 33554428 total, 32458652 free,  1095776 used. 63487808 avail Mem 
--
top - 10:23:29 up 111 days,  2:08,  0 users,  load average: 0.01, 0.10, 0.13
Tasks: 402 total,   1 running, 401 sleeping,   0 stopped,   0 zombie
%Cpu(s):  0.1 us,  0.1 sy,  0.0 ni, 99.8 id,  0.0 wa,  0.0 hi,  0.0 si,  0.0 st
KiB Mem : 65877712 total, 53959324 free,  1142180 used, 10776208 buff/cache
KiB Swap: 33554428 total, 32458652 free,  1095776 used. 63445944 avail Mem 
--
top - 10:23:34 up 111 days,  2:08,  0 users,  load average: 2.34, 0.58, 0.28
Tasks: 402 total,   2 running, 400 sleeping,   0 stopped,   0 zombie
%Cpu(s): 21.9 us,  0.4 sy,  0.0 ni, 77.6 id,  0.0 wa,  0.0 hi,  0.0 si,  0.0 st
KiB Mem : 65877712 total, 53656768 free,  1444736 used, 10776208 buff/cache
KiB Swap: 33554428 total, 32458652 free,  1095776 used. 63143388 avail Mem 
--
top - 10:23:39 up 111 days,  2:08,  0 users,  load average: 2.15, 0.57, 0.28
Tasks: 402 total,   1 running, 401 sleeping,   0 stopped,   0 zombie
%Cpu(s): 17.7 us,  0.1 sy,  0.0 ni, 82.2 id,  0.0 wa,  0.0 hi,  0.0 si,  0.0 st
KiB Mem : 65877712 total, 53704756 free,  1396744 used, 10776212 buff/cache
KiB Swap: 33554428 total, 32458652 free,  1095776 used. 63191380 avail Mem 
--
top - 10:23:44 up 111 days,  2:08,  0 users,  load average: 1.98, 0.56, 0.28
Tasks: 402 total,   1 running, 401 sleeping,   0 stopped,   0 zombie
%Cpu(s):  0.0 us,  0.0 sy,  0.0 ni, 99.9 id,  0.0 wa,  0.0 hi,  0.0 si,  0.0 st
KiB Mem : 65877712 total, 53690540 free,  1410960 used, 10776212 buff/cache
KiB Swap: 33554428 total, 32458652 free,  1095776 used. 63177164 avail Mem 
--
top - 10:23:49 up 111 days,  2:08,  0 users,  load average: 1.82, 0.55, 0.28
Tasks: 402 total,   1 running, 401 sleeping,   0 stopped,   0 zombie
%Cpu(s):  0.1 us,  0.1 sy,  0.0 ni, 99.8 id,  0.0 wa,  0.0 hi,  0.0 si,  0.0 st
KiB Mem : 65877712 total, 53650496 free,  1451004 used, 10776212 buff/cache
KiB Swap: 33554428 total, 32458652 free,  1095776 used. 63137120 avail Mem 
--
top - 10:23:54 up 111 days,  2:08,  0 users,  load average: 1.67, 0.54, 0.28
Tasks: 402 total,   1 running, 401 sleeping,   0 stopped,   0 zombie
%Cpu(s):  0.1 us,  0.0 sy,  0.0 ni, 99.9 id,  0.0 wa,  0.0 hi,  0.0 si,  0.0 st
KiB Mem : 65877712 total, 53620136 free,  1481364 used, 10776212 buff/cache
KiB Swap: 33554428 total, 32458652 free,  1095776 used. 63106760 avail Mem 
--
top - 10:23:59 up 111 days,  2:08,  0 users,  load average: 1.54, 0.53, 0.27
Tasks: 402 total,   2 running, 400 sleeping,   0 stopped,   0 zombie
%Cpu(s):  2.0 us,  0.1 sy,  0.0 ni, 97.9 id,  0.0 wa,  0.0 hi,  0.0 si,  0.0 st
KiB Mem : 65877712 total, 53566952 free,  1534548 used, 10776212 buff/cache
KiB Swap: 33554428 total, 32458652 free,  1095776 used. 63054012 avail Mem 
--
top - 10:24:04 up 111 days,  2:08,  0 users,  load average: 1.42, 0.52, 0.27
Tasks: 403 total,   1 running, 402 sleeping,   0 stopped,   0 zombie
%Cpu(s): 47.1 us,  1.1 sy,  0.0 ni, 51.7 id,  0.1 wa,  0.0 hi,  0.0 si,  0.0 st
KiB Mem : 65877712 total, 53499004 free,  1602496 used, 10776212 buff/cache
KiB Swap: 33554428 total, 32458652 free,  1095776 used. 62985628 avail Mem 
--
top - 10:24:10 up 111 days,  2:09,  0 users,  load average: 1.30, 0.51, 0.27
Tasks: 403 total,   1 running, 402 sleeping,   0 stopped,   0 zombie
%Cpu(s):  0.1 us,  0.1 sy,  0.0 ni, 99.9 id,  0.0 wa,  0.0 hi,  0.0 si,  0.0 st
KiB Mem : 65877712 total, 53580068 free,  1521432 used, 10776212 buff/cache
KiB Swap: 33554428 total, 32458652 free,  1095776 used. 63066692 avail Mem 
--
top - 10:24:15 up 111 days,  2:09,  0 users,  load average: 1.20, 0.50, 0.27
Tasks: 403 total,   1 running, 402 sleeping,   0 stopped,   0 zombie
%Cpu(s):  0.1 us,  0.1 sy,  0.0 ni, 99.8 id,  0.0 wa,  0.0 hi,  0.0 si,  0.0 st
KiB Mem : 65877712 total, 53533972 free,  1567528 used, 10776212 buff/cache
KiB Swap: 33554428 total, 32458652 free,  1095776 used. 63020596 avail Mem 
--
top - 10:24:20 up 111 days,  2:09,  0 users,  load average: 1.10, 0.49, 0.27
Tasks: 404 total,   2 running, 402 sleeping,   0 stopped,   0 zombie
%Cpu(s):  0.1 us,  0.1 sy,  0.0 ni, 99.8 id,  0.0 wa,  0.0 hi,  0.0 si,  0.0 st
KiB Mem : 65877712 total, 53505516 free,  1595984 used, 10776212 buff/cache
KiB Swap: 33554428 total, 32458652 free,  1095776 used. 62992140 avail Mem 
--
top - 10:24:25 up 111 days,  2:09,  0 users,  load average: 2.94, 0.88, 0.40
Tasks: 404 total,   2 running, 402 sleeping,   0 stopped,   0 zombie
%Cpu(s): 36.5 us,  0.8 sy,  0.0 ni, 62.7 id,  0.0 wa,  0.0 hi,  0.0 si,  0.0 st
KiB Mem : 65877712 total, 53393492 free,  1708008 used, 10776212 buff/cache
KiB Swap: 33554428 total, 32458652 free,  1095776 used. 62880116 avail Mem 
--
top - 10:24:30 up 111 days,  2:09,  0 users,  load average: 2.70, 0.87, 0.39
Tasks: 404 total,   1 running, 403 sleeping,   0 stopped,   0 zombie
%Cpu(s):  2.3 us,  0.0 sy,  0.0 ni, 97.6 id,  0.0 wa,  0.0 hi,  0.0 si,  0.0 st
KiB Mem : 65877712 total, 53476940 free,  1624560 used, 10776212 buff/cache
KiB Swap: 33554428 total, 32458652 free,  1095776 used. 62963564 avail Mem 
--
top - 10:24:35 up 111 days,  2:09,  0 users,  load average: 2.48, 0.86, 0.39
Tasks: 404 total,   1 running, 403 sleeping,   0 stopped,   0 zombie
%Cpu(s):  0.0 us,  0.0 sy,  0.0 ni, 99.9 id,  0.0 wa,  0.0 hi,  0.0 si,  0.0 st
KiB Mem : 65877712 total, 53455712 free,  1645784 used, 10776216 buff/cache
KiB Swap: 33554428 total, 32458652 free,  1095776 used. 62942336 avail Mem 
--
top - 10:24:40 up 111 days,  2:09,  0 users,  load average: 2.29, 0.84, 0.39
Tasks: 404 total,   1 running, 403 sleeping,   0 stopped,   0 zombie
%Cpu(s):  0.1 us,  0.1 sy,  0.0 ni, 99.8 id,  0.0 wa,  0.0 hi,  0.0 si,  0.0 st
KiB Mem : 65877712 total, 53416212 free,  1685284 used, 10776216 buff/cache
KiB Swap: 33554428 total, 32458652 free,  1095776 used. 62902836 avail Mem 
--
top - 10:24:45 up 111 days,  2:09,  0 users,  load average: 2.10, 0.83, 0.39
Tasks: 403 total,   1 running, 402 sleeping,   0 stopped,   0 zombie
%Cpu(s):  0.1 us,  0.1 sy,  0.0 ni, 99.9 id,  0.0 wa,  0.0 hi,  0.0 si,  0.0 st
KiB Mem : 65877712 total, 53374796 free,  1726700 used, 10776216 buff/cache
KiB Swap: 33554428 total, 32458652 free,  1095776 used. 62861420 avail Mem 
--
top - 10:24:50 up 111 days,  2:09,  0 users,  load average: 4.42, 1.33, 0.55
Tasks: 403 total,   2 running, 401 sleeping,   0 stopped,   0 zombie
%Cpu(s): 29.4 us,  0.3 sy,  0.0 ni, 70.3 id,  0.0 wa,  0.0 hi,  0.0 si,  0.0 st
KiB Mem : 65877712 total, 53284948 free,  1816548 used, 10776216 buff/cache
KiB Swap: 33554428 total, 32458652 free,  1095776 used. 62771080 avail Mem 
--
top - 10:24:55 up 111 days,  2:09,  0 users,  load average: 4.06, 1.31, 0.55
Tasks: 403 total,   1 running, 402 sleeping,   0 stopped,   0 zombie
%Cpu(s): 12.2 us,  0.2 sy,  0.0 ni, 87.7 id,  0.0 wa,  0.0 hi,  0.0 si,  0.0 st
KiB Mem : 65877712 total, 53369260 free,  1732236 used, 10776216 buff/cache
KiB Swap: 33554428 total, 32458652 free,  1095776 used. 62855888 avail Mem 
--
top - 10:25:00 up 111 days,  2:09,  0 users,  load average: 3.74, 1.28, 0.55
Tasks: 403 total,   1 running, 402 sleeping,   0 stopped,   0 zombie
%Cpu(s):  0.0 us,  0.0 sy,  0.0 ni, 99.9 id,  0.0 wa,  0.0 hi,  0.0 si,  0.0 st
KiB Mem : 65877712 total, 53352872 free,  1748624 used, 10776216 buff/cache
KiB Swap: 33554428 total, 32458652 free,  1095776 used. 62839500 avail Mem 
--
top - 10:25:05 up 111 days,  2:10,  0 users,  load average: 3.44, 1.26, 0.54
Tasks: 403 total,   1 running, 402 sleeping,   0 stopped,   0 zombie
%Cpu(s):  0.1 us,  0.1 sy,  0.0 ni, 99.8 id,  0.0 wa,  0.0 hi,  0.0 si,  0.0 st
KiB Mem : 65877712 total, 53316316 free,  1785180 used, 10776216 buff/cache
KiB Swap: 33554428 total, 32458652 free,  1095776 used. 62802944 avail Mem 
--
top - 10:25:10 up 111 days,  2:10,  0 users,  load average: 3.16, 1.24, 0.54
Tasks: 403 total,   1 running, 402 sleeping,   0 stopped,   0 zombie
%Cpu(s):  0.1 us,  0.1 sy,  0.0 ni, 99.8 id,  0.0 wa,  0.0 hi,  0.0 si,  0.0 st
KiB Mem : 65877712 total, 53286652 free,  1814844 used, 10776216 buff/cache
KiB Swap: 33554428 total, 32458652 free,  1095776 used. 62773280 avail Mem 
--
top - 10:25:15 up 111 days,  2:10,  0 users,  load average: 2.91, 1.22, 0.54
Tasks: 403 total,   1 running, 402 sleeping,   0 stopped,   0 zombie
%Cpu(s): 39.2 us,  0.4 sy,  0.0 ni, 60.4 id,  0.0 wa,  0.0 hi,  0.0 si,  0.0 st
KiB Mem : 65877712 total, 53170436 free,  1931060 used, 10776216 buff/cache
KiB Swap: 33554428 total, 32458652 free,  1095776 used. 62657064 avail Mem 
