Job id: 4754798
Worker ip: 10.149.0.34
Master ip: 10.149.0.62
--
top - 10:22:44 up 111 days,  2:05,  0 users,  load average: 0.34, 0.54, 0.35
Tasks: 408 total,   2 running, 406 sleeping,   0 stopped,   0 zombie
%Cpu(s):  1.5 us,  3.0 sy,  0.0 ni, 95.6 id,  0.0 wa,  0.0 hi,  0.0 si,  0.0 st
KiB Mem : 65877712 total, 58139116 free,  1122160 used,  6616436 buff/cache
KiB Swap: 33554428 total, 32345228 free,  1209200 used. 63530852 avail Mem 
--
top - 10:22:49 up 111 days,  2:05,  0 users,  load average: 0.32, 0.53, 0.34
Tasks: 409 total,   1 running, 408 sleeping,   0 stopped,   0 zombie
%Cpu(s):  1.7 us,  0.4 sy,  0.0 ni, 97.8 id,  0.0 wa,  0.0 hi,  0.0 si,  0.0 st
KiB Mem : 65877712 total, 58116624 free,  1138076 used,  6623012 buff/cache
KiB Swap: 33554428 total, 32345228 free,  1209200 used. 63514920 avail Mem 
--
top - 10:22:54 up 111 days,  2:06,  0 users,  load average: 0.29, 0.52, 0.34
Tasks: 409 total,   1 running, 408 sleeping,   0 stopped,   0 zombie
%Cpu(s):  0.0 us,  0.0 sy,  0.0 ni, 99.9 id,  0.0 wa,  0.0 hi,  0.0 si,  0.0 st
KiB Mem : 65877712 total, 58116944 free,  1137756 used,  6623012 buff/cache
KiB Swap: 33554428 total, 32345228 free,  1209200 used. 63515240 avail Mem 
--
top - 10:22:59 up 111 days,  2:06,  0 users,  load average: 0.27, 0.51, 0.34
Tasks: 408 total,   1 running, 407 sleeping,   0 stopped,   0 zombie
%Cpu(s):  0.0 us,  0.0 sy,  0.0 ni,100.0 id,  0.0 wa,  0.0 hi,  0.0 si,  0.0 st
KiB Mem : 65877712 total, 58117424 free,  1137276 used,  6623012 buff/cache
KiB Swap: 33554428 total, 32345228 free,  1209200 used. 63515720 avail Mem 
--
top - 10:23:04 up 111 days,  2:06,  0 users,  load average: 0.25, 0.50, 0.34
Tasks: 404 total,   1 running, 403 sleeping,   0 stopped,   0 zombie
%Cpu(s):  0.0 us,  0.0 sy,  0.0 ni,100.0 id,  0.0 wa,  0.0 hi,  0.0 si,  0.0 st
KiB Mem : 65877712 total, 58117360 free,  1137340 used,  6623012 buff/cache
KiB Swap: 33554428 total, 32345228 free,  1209200 used. 63515656 avail Mem 
--
top - 10:23:09 up 111 days,  2:06,  0 users,  load average: 0.23, 0.49, 0.34
Tasks: 404 total,   1 running, 403 sleeping,   0 stopped,   0 zombie
%Cpu(s):  0.0 us,  0.0 sy,  0.0 ni, 99.9 id,  0.1 wa,  0.0 hi,  0.0 si,  0.0 st
KiB Mem : 65877712 total, 58117360 free,  1137340 used,  6623012 buff/cache
KiB Swap: 33554428 total, 32345228 free,  1209200 used. 63515656 avail Mem 
--
top - 10:23:14 up 111 days,  2:06,  0 users,  load average: 0.21, 0.49, 0.33
Tasks: 406 total,   1 running, 405 sleeping,   0 stopped,   0 zombie
%Cpu(s):  0.0 us,  0.0 sy,  0.0 ni,100.0 id,  0.0 wa,  0.0 hi,  0.0 si,  0.0 st
KiB Mem : 65877712 total, 58118020 free,  1136680 used,  6623012 buff/cache
KiB Swap: 33554428 total, 32345228 free,  1209200 used. 63516316 avail Mem 
--
top - 10:23:19 up 111 days,  2:06,  0 users,  load average: 0.19, 0.48, 0.33
Tasks: 406 total,   1 running, 405 sleeping,   0 stopped,   0 zombie
%Cpu(s):  0.0 us,  0.0 sy,  0.0 ni,100.0 id,  0.0 wa,  0.0 hi,  0.0 si,  0.0 st
KiB Mem : 65877712 total, 58118036 free,  1136664 used,  6623012 buff/cache
KiB Swap: 33554428 total, 32345228 free,  1209200 used. 63516332 avail Mem 
--
top - 10:23:24 up 111 days,  2:06,  0 users,  load average: 0.18, 0.47, 0.33
Tasks: 406 total,   1 running, 405 sleeping,   0 stopped,   0 zombie
%Cpu(s):  0.1 us,  0.1 sy,  0.0 ni, 99.8 id,  0.0 wa,  0.0 hi,  0.0 si,  0.0 st
KiB Mem : 65877712 total, 58083776 free,  1170924 used,  6623012 buff/cache
KiB Swap: 33554428 total, 32345228 free,  1209200 used. 63482072 avail Mem 
--
top - 10:23:29 up 111 days,  2:06,  0 users,  load average: 0.16, 0.46, 0.33
Tasks: 406 total,   1 running, 405 sleeping,   0 stopped,   0 zombie
%Cpu(s):  0.1 us,  0.0 sy,  0.0 ni, 99.9 id,  0.0 wa,  0.0 hi,  0.0 si,  0.0 st
KiB Mem : 65877712 total, 58039336 free,  1215364 used,  6623012 buff/cache
KiB Swap: 33554428 total, 32345228 free,  1209200 used. 63437632 avail Mem 
--
top - 10:23:34 up 111 days,  2:06,  0 users,  load average: 0.15, 0.45, 0.33
Tasks: 406 total,   2 running, 404 sleeping,   0 stopped,   0 zombie
%Cpu(s): 19.5 us,  0.4 sy,  0.0 ni, 80.1 id,  0.0 wa,  0.0 hi,  0.0 si,  0.0 st
KiB Mem : 65877712 total, 57751068 free,  1503632 used,  6623012 buff/cache
KiB Swap: 33554428 total, 32345228 free,  1209200 used. 63149360 avail Mem 
--
top - 10:23:39 up 111 days,  2:06,  0 users,  load average: 2.30, 0.90, 0.47
Tasks: 406 total,   1 running, 405 sleeping,   0 stopped,   0 zombie
%Cpu(s): 23.0 us,  0.1 sy,  0.0 ni, 76.8 id,  0.0 wa,  0.0 hi,  0.0 si,  0.0 st
KiB Mem : 65877712 total, 57796692 free,  1458004 used,  6623016 buff/cache
KiB Swap: 33554428 total, 32345228 free,  1209200 used. 63194988 avail Mem 
--
top - 10:23:44 up 111 days,  2:06,  0 users,  load average: 2.12, 0.88, 0.47
Tasks: 406 total,   1 running, 405 sleeping,   0 stopped,   0 zombie
%Cpu(s):  0.1 us,  0.0 sy,  0.0 ni, 99.9 id,  0.0 wa,  0.0 hi,  0.0 si,  0.0 st
KiB Mem : 65877712 total, 57783548 free,  1471148 used,  6623016 buff/cache
KiB Swap: 33554428 total, 32345228 free,  1209200 used. 63181848 avail Mem 
--
top - 10:23:49 up 111 days,  2:06,  0 users,  load average: 1.95, 0.87, 0.46
Tasks: 406 total,   2 running, 404 sleeping,   0 stopped,   0 zombie
%Cpu(s):  0.1 us,  0.1 sy,  0.0 ni, 99.8 id,  0.0 wa,  0.0 hi,  0.0 si,  0.0 st
KiB Mem : 65877712 total, 57742504 free,  1512192 used,  6623016 buff/cache
KiB Swap: 33554428 total, 32345228 free,  1209200 used. 63140804 avail Mem 
--
top - 10:23:54 up 111 days,  2:07,  0 users,  load average: 1.79, 0.85, 0.46
Tasks: 406 total,   1 running, 405 sleeping,   0 stopped,   0 zombie
%Cpu(s):  0.1 us,  0.0 sy,  0.0 ni, 99.9 id,  0.0 wa,  0.0 hi,  0.0 si,  0.0 st
KiB Mem : 65877712 total, 57709840 free,  1544856 used,  6623016 buff/cache
KiB Swap: 33554428 total, 32345228 free,  1209200 used. 63108140 avail Mem 
--
top - 10:23:59 up 111 days,  2:07,  0 users,  load average: 1.65, 0.84, 0.46
Tasks: 406 total,   2 running, 404 sleeping,   0 stopped,   0 zombie
%Cpu(s):  6.1 us,  0.2 sy,  0.0 ni, 93.7 id,  0.0 wa,  0.0 hi,  0.0 si,  0.0 st
KiB Mem : 65877712 total, 57626896 free,  1627800 used,  6623016 buff/cache
KiB Swap: 33554428 total, 32345228 free,  1209200 used. 63025196 avail Mem 
--
top - 10:24:04 up 111 days,  2:07,  0 users,  load average: 4.64, 1.47, 0.67
Tasks: 410 total,   1 running, 409 sleeping,   0 stopped,   0 zombie
%Cpu(s): 34.6 us,  0.7 sy,  0.0 ni, 64.6 id,  0.0 wa,  0.0 hi,  0.0 si,  0.0 st
KiB Mem : 65877712 total, 57624448 free,  1630248 used,  6623016 buff/cache
KiB Swap: 33554428 total, 32345228 free,  1209200 used. 63022748 avail Mem 
--
top - 10:24:09 up 111 days,  2:07,  0 users,  load average: 4.27, 1.45, 0.66
Tasks: 410 total,   1 running, 409 sleeping,   0 stopped,   0 zombie
%Cpu(s):  0.1 us,  0.0 sy,  0.0 ni, 99.9 id,  0.0 wa,  0.0 hi,  0.0 si,  0.0 st
KiB Mem : 65877712 total, 57659372 free,  1595324 used,  6623016 buff/cache
KiB Swap: 33554428 total, 32345228 free,  1209200 used. 63057672 avail Mem 
--
top - 10:24:15 up 111 days,  2:07,  0 users,  load average: 3.92, 1.42, 0.66
Tasks: 410 total,   1 running, 409 sleeping,   0 stopped,   0 zombie
%Cpu(s):  0.1 us,  0.1 sy,  0.0 ni, 99.9 id,  0.0 wa,  0.0 hi,  0.0 si,  0.0 st
KiB Mem : 65877712 total, 57622476 free,  1632220 used,  6623016 buff/cache
KiB Swap: 33554428 total, 32345228 free,  1209200 used. 63020776 avail Mem 
--
top - 10:24:20 up 111 days,  2:07,  0 users,  load average: 3.61, 1.40, 0.66
Tasks: 410 total,   1 running, 409 sleeping,   0 stopped,   0 zombie
%Cpu(s):  0.1 us,  0.1 sy,  0.0 ni, 99.8 id,  0.0 wa,  0.0 hi,  0.0 si,  0.0 st
KiB Mem : 65877712 total, 57589464 free,  1665232 used,  6623016 buff/cache
KiB Swap: 33554428 total, 32345228 free,  1209200 used. 62987764 avail Mem 
--
top - 10:24:25 up 111 days,  2:07,  0 users,  load average: 3.32, 1.38, 0.65
Tasks: 410 total,   2 running, 408 sleeping,   0 stopped,   0 zombie
%Cpu(s): 34.2 us,  0.4 sy,  0.0 ni, 65.4 id,  0.0 wa,  0.0 hi,  0.0 si,  0.0 st
KiB Mem : 65877712 total, 57462500 free,  1792196 used,  6623016 buff/cache
KiB Swap: 33554428 total, 32345228 free,  1209200 used. 62860800 avail Mem 
--
top - 10:24:30 up 111 days,  2:07,  0 users,  load average: 4.02, 1.55, 0.71
Tasks: 410 total,   1 running, 409 sleeping,   0 stopped,   0 zombie
%Cpu(s):  4.3 us,  0.1 sy,  0.0 ni, 95.6 id,  0.0 wa,  0.0 hi,  0.0 si,  0.0 st
KiB Mem : 65877712 total, 57545940 free,  1708756 used,  6623016 buff/cache
KiB Swap: 33554428 total, 32345228 free,  1209200 used. 62944240 avail Mem 
--
top - 10:24:35 up 111 days,  2:07,  0 users,  load average: 3.69, 1.53, 0.71
Tasks: 410 total,   1 running, 409 sleeping,   0 stopped,   0 zombie
%Cpu(s):  0.0 us,  0.0 sy,  0.0 ni, 99.9 id,  0.0 wa,  0.0 hi,  0.0 si,  0.0 st
KiB Mem : 65877712 total, 57525548 free,  1729144 used,  6623020 buff/cache
KiB Swap: 33554428 total, 32345228 free,  1209200 used. 62923852 avail Mem 
--
top - 10:24:40 up 111 days,  2:07,  0 users,  load average: 3.40, 1.50, 0.71
Tasks: 410 total,   1 running, 409 sleeping,   0 stopped,   0 zombie
%Cpu(s):  0.1 us,  0.1 sy,  0.0 ni, 99.9 id,  0.0 wa,  0.0 hi,  0.0 si,  0.0 st
KiB Mem : 65877712 total, 57491808 free,  1762884 used,  6623020 buff/cache
KiB Swap: 33554428 total, 32345228 free,  1209200 used. 62890112 avail Mem 
--
top - 10:24:45 up 111 days,  2:07,  0 users,  load average: 3.21, 1.49, 0.71
Tasks: 410 total,   1 running, 409 sleeping,   0 stopped,   0 zombie
%Cpu(s):  0.1 us,  0.1 sy,  0.0 ni, 99.9 id,  0.0 wa,  0.0 hi,  0.0 si,  0.0 st
KiB Mem : 65877712 total, 57454324 free,  1800368 used,  6623020 buff/cache
KiB Swap: 33554428 total, 32345228 free,  1209200 used. 62852628 avail Mem 
--
top - 10:24:50 up 111 days,  2:07,  0 users,  load average: 2.95, 1.47, 0.70
Tasks: 410 total,   1 running, 409 sleeping,   0 stopped,   0 zombie
%Cpu(s): 24.3 us,  0.5 sy,  0.0 ni, 75.2 id,  0.0 wa,  0.0 hi,  0.0 si,  0.0 st
KiB Mem : 65877712 total, 57356456 free,  1898236 used,  6623020 buff/cache
KiB Swap: 33554428 total, 32345228 free,  1209200 used. 62754760 avail Mem 
--
top - 10:24:55 up 111 days,  2:08,  0 users,  load average: 4.95, 1.91, 0.85
Tasks: 410 total,   1 running, 409 sleeping,   0 stopped,   0 zombie
%Cpu(s): 16.2 us,  0.1 sy,  0.0 ni, 83.6 id,  0.0 wa,  0.0 hi,  0.0 si,  0.0 st
KiB Mem : 65877712 total, 57432592 free,  1822100 used,  6623020 buff/cache
KiB Swap: 33554428 total, 32345228 free,  1209200 used. 62830896 avail Mem 
--
top - 10:25:00 up 111 days,  2:08,  0 users,  load average: 4.56, 1.88, 0.85
Tasks: 410 total,   1 running, 409 sleeping,   0 stopped,   0 zombie
%Cpu(s):  0.1 us,  0.0 sy,  0.0 ni, 99.9 id,  0.0 wa,  0.0 hi,  0.0 si,  0.0 st
KiB Mem : 65877712 total, 57417836 free,  1836856 used,  6623020 buff/cache
KiB Swap: 33554428 total, 32345228 free,  1209200 used. 62816140 avail Mem 
--
top - 10:25:05 up 111 days,  2:08,  0 users,  load average: 4.19, 1.85, 0.84
Tasks: 408 total,   1 running, 407 sleeping,   0 stopped,   0 zombie
%Cpu(s):  0.1 us,  0.1 sy,  0.0 ni, 99.9 id,  0.0 wa,  0.0 hi,  0.0 si,  0.0 st
KiB Mem : 65877712 total, 57380360 free,  1874332 used,  6623020 buff/cache
KiB Swap: 33554428 total, 32345228 free,  1209200 used. 62778664 avail Mem 
--
top - 10:25:10 up 111 days,  2:08,  0 users,  load average: 3.86, 1.81, 0.84
Tasks: 408 total,   2 running, 406 sleeping,   0 stopped,   0 zombie
%Cpu(s):  0.1 us,  0.0 sy,  0.0 ni, 99.9 id,  0.0 wa,  0.0 hi,  0.0 si,  0.0 st
KiB Mem : 65877712 total, 57349148 free,  1905544 used,  6623020 buff/cache
KiB Swap: 33554428 total, 32345228 free,  1209200 used. 62747452 avail Mem 
--
top - 10:25:15 up 111 days,  2:08,  0 users,  load average: 3.34, 1.77, 0.83
Tasks: 406 total,   1 running, 405 sleeping,   0 stopped,   0 zombie
%Cpu(s): 41.9 us,  0.7 sy,  0.0 ni, 57.5 id,  0.0 wa,  0.0 hi,  0.0 si,  0.0 st
KiB Mem : 65877712 total, 57230328 free,  2024364 used,  6623020 buff/cache
KiB Swap: 33554428 total, 32345228 free,  1209200 used. 62628632 avail Mem 
