Job id: 4754760
Master ip: 10.149.0.54
--
top - 10:14:53 up 111 days,  1:57,  0 users,  load average: 0.00, 0.02, 0.11
Tasks: 408 total,   2 running, 406 sleeping,   0 stopped,   0 zombie
%Cpu(s):  2.0 us,  1.1 sy,  0.0 ni, 96.9 id,  0.0 wa,  0.0 hi,  0.0 si,  0.0 st
KiB Mem : 65877712 total, 49982112 free,  1204940 used, 14690660 buff/cache
KiB Swap: 33554428 total, 32105460 free,  1448968 used. 63419016 avail Mem 
--
top - 10:14:58 up 111 days,  1:57,  0 users,  load average: 0.00, 0.02, 0.11
Tasks: 410 total,   1 running, 409 sleeping,   0 stopped,   0 zombie
%Cpu(s):  0.7 us,  0.1 sy,  0.0 ni, 99.1 id,  0.0 wa,  0.0 hi,  0.0 si,  0.0 st
KiB Mem : 65877712 total, 49959084 free,  1227792 used, 14690836 buff/cache
KiB Swap: 33554428 total, 32105460 free,  1448968 used. 63396084 avail Mem 
--
top - 10:15:03 up 111 days,  1:57,  0 users,  load average: 0.00, 0.02, 0.11
Tasks: 410 total,   1 running, 409 sleeping,   0 stopped,   0 zombie
%Cpu(s):  0.0 us,  0.0 sy,  0.0 ni, 99.9 id,  0.0 wa,  0.0 hi,  0.0 si,  0.0 st
KiB Mem : 65877712 total, 49959360 free,  1227516 used, 14690836 buff/cache
KiB Swap: 33554428 total, 32105460 free,  1448968 used. 63396360 avail Mem 
--
top - 10:15:09 up 111 days,  1:57,  0 users,  load average: 0.00, 0.02, 0.11
Tasks: 408 total,   1 running, 407 sleeping,   0 stopped,   0 zombie
%Cpu(s):  0.0 us,  0.0 sy,  0.0 ni, 99.9 id,  0.0 wa,  0.0 hi,  0.0 si,  0.0 st
KiB Mem : 65877712 total, 49959632 free,  1227244 used, 14690836 buff/cache
KiB Swap: 33554428 total, 32105460 free,  1448968 used. 63396632 avail Mem 
--
top - 10:15:14 up 111 days,  1:57,  0 users,  load average: 0.00, 0.02, 0.11
Tasks: 408 total,   1 running, 407 sleeping,   0 stopped,   0 zombie
%Cpu(s):  0.1 us,  0.0 sy,  0.0 ni, 99.9 id,  0.0 wa,  0.0 hi,  0.0 si,  0.0 st
KiB Mem : 65877712 total, 49958196 free,  1228680 used, 14690836 buff/cache
KiB Swap: 33554428 total, 32105460 free,  1448968 used. 63395196 avail Mem 
--
top - 10:15:19 up 111 days,  1:57,  0 users,  load average: 0.00, 0.02, 0.11
Tasks: 408 total,   1 running, 407 sleeping,   0 stopped,   0 zombie
%Cpu(s):  0.0 us,  0.0 sy,  0.0 ni,100.0 id,  0.0 wa,  0.0 hi,  0.0 si,  0.0 st
KiB Mem : 65877712 total, 49958764 free,  1228112 used, 14690836 buff/cache
KiB Swap: 33554428 total, 32105460 free,  1448968 used. 63395764 avail Mem 
--
top - 10:15:24 up 111 days,  1:57,  0 users,  load average: 0.00, 0.02, 0.11
Tasks: 408 total,   1 running, 407 sleeping,   0 stopped,   0 zombie
%Cpu(s):  0.0 us,  0.0 sy,  0.0 ni, 99.9 id,  0.0 wa,  0.0 hi,  0.0 si,  0.0 st
KiB Mem : 65877712 total, 49958832 free,  1228044 used, 14690836 buff/cache
KiB Swap: 33554428 total, 32105460 free,  1448968 used. 63395832 avail Mem 
--
top - 10:15:29 up 111 days,  1:57,  0 users,  load average: 0.00, 0.02, 0.11
Tasks: 408 total,   1 running, 407 sleeping,   0 stopped,   0 zombie
%Cpu(s):  0.0 us,  0.0 sy,  0.0 ni,100.0 id,  0.0 wa,  0.0 hi,  0.0 si,  0.0 st
KiB Mem : 65877712 total, 49959204 free,  1227672 used, 14690836 buff/cache
KiB Swap: 33554428 total, 32105460 free,  1448968 used. 63396204 avail Mem 
--
top - 10:15:34 up 111 days,  1:57,  0 users,  load average: 0.08, 0.04, 0.11
Tasks: 408 total,   2 running, 406 sleeping,   0 stopped,   0 zombie
%Cpu(s):  2.3 us,  0.2 sy,  0.0 ni, 97.5 id,  0.0 wa,  0.0 hi,  0.0 si,  0.0 st
KiB Mem : 65877712 total, 49597560 free,  1589316 used, 14690836 buff/cache
KiB Swap: 33554428 total, 32105460 free,  1448968 used. 63034560 avail Mem 
--
top - 10:15:39 up 111 days,  1:58,  0 users,  load average: 0.08, 0.03, 0.11
Tasks: 403 total,   1 running, 402 sleeping,   0 stopped,   0 zombie
%Cpu(s):  1.4 us,  0.1 sy,  0.0 ni, 98.5 id,  0.0 wa,  0.0 hi,  0.0 si,  0.0 st
KiB Mem : 65877712 total, 49598144 free,  1588732 used, 14690836 buff/cache
KiB Swap: 33554428 total, 32105460 free,  1448968 used. 63035144 avail Mem 
--
top - 10:15:44 up 111 days,  1:58,  0 users,  load average: 0.07, 0.03, 0.11
Tasks: 403 total,   2 running, 401 sleeping,   0 stopped,   0 zombie
%Cpu(s):  0.3 us,  0.0 sy,  0.0 ni, 99.6 id,  0.0 wa,  0.0 hi,  0.0 si,  0.0 st
KiB Mem : 65877712 total, 49598628 free,  1588248 used, 14690836 buff/cache
KiB Swap: 33554428 total, 32105460 free,  1448968 used. 63035628 avail Mem 
--
top - 10:15:49 up 111 days,  1:58,  0 users,  load average: 0.06, 0.03, 0.11
Tasks: 402 total,   1 running, 401 sleeping,   0 stopped,   0 zombie
%Cpu(s):  0.6 us,  0.0 sy,  0.0 ni, 99.4 id,  0.0 wa,  0.0 hi,  0.0 si,  0.0 st
KiB Mem : 65877712 total, 49598600 free,  1588272 used, 14690840 buff/cache
KiB Swap: 33554428 total, 32105460 free,  1448968 used. 63035604 avail Mem 
--
top - 10:15:54 up 111 days,  1:58,  0 users,  load average: 0.06, 0.03, 0.11
Tasks: 402 total,   2 running, 400 sleeping,   0 stopped,   0 zombie
%Cpu(s):  1.8 us,  0.0 sy,  0.0 ni, 98.1 id,  0.0 wa,  0.0 hi,  0.0 si,  0.0 st
KiB Mem : 65877712 total, 49594740 free,  1592132 used, 14690840 buff/cache
KiB Swap: 33554428 total, 32105460 free,  1448968 used. 63031744 avail Mem 
--
top - 10:15:59 up 111 days,  1:58,  0 users,  load average: 0.05, 0.03, 0.11
Tasks: 402 total,   1 running, 401 sleeping,   0 stopped,   0 zombie
%Cpu(s):  2.2 us,  0.0 sy,  0.0 ni, 97.7 id,  0.0 wa,  0.0 hi,  0.0 si,  0.0 st
KiB Mem : 65877712 total, 49586476 free,  1600396 used, 14690840 buff/cache
KiB Swap: 33554428 total, 32105460 free,  1448968 used. 63023480 avail Mem 
--
top - 10:16:04 up 111 days,  1:58,  0 users,  load average: 0.05, 0.03, 0.11
Tasks: 403 total,   2 running, 401 sleeping,   0 stopped,   0 zombie
%Cpu(s):  2.4 us,  0.3 sy,  0.0 ni, 96.9 id,  0.3 wa,  0.0 hi,  0.0 si,  0.0 st
KiB Mem : 65877712 total, 49376732 free,  1810140 used, 14690840 buff/cache
KiB Swap: 33554428 total, 32105460 free,  1448968 used. 62813736 avail Mem 
--
top - 10:16:09 up 111 days,  1:58,  0 users,  load average: 0.05, 0.03, 0.11
Tasks: 403 total,   1 running, 402 sleeping,   0 stopped,   0 zombie
%Cpu(s):  1.9 us,  0.1 sy,  0.0 ni, 98.0 id,  0.0 wa,  0.0 hi,  0.0 si,  0.0 st
KiB Mem : 65877712 total, 49377332 free,  1809540 used, 14690840 buff/cache
KiB Swap: 33554428 total, 32105460 free,  1448968 used. 62814336 avail Mem 
--
top - 10:16:14 up 111 days,  1:58,  0 users,  load average: 0.04, 0.03, 0.11
Tasks: 403 total,   1 running, 402 sleeping,   0 stopped,   0 zombie
%Cpu(s):  0.1 us,  0.0 sy,  0.0 ni, 99.7 id,  0.1 wa,  0.0 hi,  0.0 si,  0.0 st
KiB Mem : 65877712 total, 49375320 free,  1811552 used, 14690840 buff/cache
KiB Swap: 33554428 total, 32105460 free,  1448968 used. 62812324 avail Mem 
--
top - 10:16:19 up 111 days,  1:58,  0 users,  load average: 0.04, 0.03, 0.11
Tasks: 403 total,   1 running, 402 sleeping,   0 stopped,   0 zombie
%Cpu(s):  0.8 us,  0.0 sy,  0.0 ni, 99.1 id,  0.0 wa,  0.0 hi,  0.0 si,  0.0 st
KiB Mem : 65877712 total, 49376304 free,  1810568 used, 14690840 buff/cache
KiB Swap: 33554428 total, 32105460 free,  1448968 used. 62813308 avail Mem 
--
top - 10:16:24 up 111 days,  1:58,  0 users,  load average: 0.12, 0.05, 0.11
Tasks: 403 total,   2 running, 401 sleeping,   0 stopped,   0 zombie
%Cpu(s):  1.4 us,  0.0 sy,  0.0 ni, 98.6 id,  0.0 wa,  0.0 hi,  0.0 si,  0.0 st
KiB Mem : 65877712 total, 49372864 free,  1814008 used, 14690840 buff/cache
KiB Swap: 33554428 total, 32105460 free,  1448968 used. 62809868 avail Mem 
--
top - 10:16:29 up 111 days,  1:58,  0 users,  load average: 0.19, 0.06, 0.12
Tasks: 403 total,   2 running, 401 sleeping,   0 stopped,   0 zombie
%Cpu(s):  2.5 us,  0.0 sy,  0.0 ni, 97.5 id,  0.0 wa,  0.0 hi,  0.0 si,  0.0 st
KiB Mem : 65877712 total, 49351800 free,  1835072 used, 14690840 buff/cache
KiB Swap: 33554428 total, 32105460 free,  1448968 used. 62788804 avail Mem 
--
top - 10:16:34 up 111 days,  1:58,  0 users,  load average: 0.25, 0.08, 0.12
Tasks: 403 total,   2 running, 401 sleeping,   0 stopped,   0 zombie
%Cpu(s):  1.9 us,  0.1 sy,  0.0 ni, 97.9 id,  0.0 wa,  0.0 hi,  0.0 si,  0.0 st
KiB Mem : 65877712 total, 49159192 free,  2027680 used, 14690840 buff/cache
KiB Swap: 33554428 total, 32105460 free,  1448968 used. 62596196 avail Mem 
--
top - 10:16:39 up 111 days,  1:59,  0 users,  load average: 0.23, 0.08, 0.12
Tasks: 403 total,   1 running, 402 sleeping,   0 stopped,   0 zombie
%Cpu(s):  2.0 us,  0.1 sy,  0.0 ni, 97.9 id,  0.0 wa,  0.0 hi,  0.0 si,  0.0 st
KiB Mem : 65877712 total, 49159748 free,  2027124 used, 14690840 buff/cache
KiB Swap: 33554428 total, 32105460 free,  1448968 used. 62596752 avail Mem 
--
top - 10:16:44 up 111 days,  1:59,  0 users,  load average: 0.21, 0.08, 0.12
Tasks: 403 total,   1 running, 402 sleeping,   0 stopped,   0 zombie
%Cpu(s):  0.1 us,  0.0 sy,  0.0 ni, 99.9 id,  0.0 wa,  0.0 hi,  0.0 si,  0.0 st
KiB Mem : 65877712 total, 49159964 free,  2026904 used, 14690844 buff/cache
KiB Swap: 33554428 total, 32105460 free,  1448968 used. 62596972 avail Mem 
--
top - 10:16:49 up 111 days,  1:59,  0 users,  load average: 0.20, 0.07, 0.12
Tasks: 403 total,   1 running, 402 sleeping,   0 stopped,   0 zombie
%Cpu(s):  0.8 us,  0.0 sy,  0.0 ni, 99.2 id,  0.0 wa,  0.0 hi,  0.0 si,  0.0 st
KiB Mem : 65877712 total, 49160096 free,  2026772 used, 14690844 buff/cache
KiB Swap: 33554428 total, 32105460 free,  1448968 used. 62597104 avail Mem 
--
top - 10:16:54 up 111 days,  1:59,  0 users,  load average: 0.18, 0.07, 0.12
Tasks: 403 total,   2 running, 401 sleeping,   0 stopped,   0 zombie
%Cpu(s):  1.0 us,  0.0 sy,  0.0 ni, 99.0 id,  0.0 wa,  0.0 hi,  0.0 si,  0.0 st
KiB Mem : 65877712 total, 49159672 free,  2027196 used, 14690844 buff/cache
KiB Swap: 33554428 total, 32105460 free,  1448968 used. 62596680 avail Mem 
--
top - 10:16:59 up 111 days,  1:59,  0 users,  load average: 0.17, 0.07, 0.12
Tasks: 403 total,   1 running, 402 sleeping,   0 stopped,   0 zombie
%Cpu(s):  2.1 us,  0.0 sy,  0.0 ni, 97.9 id,  0.0 wa,  0.0 hi,  0.0 si,  0.0 st
KiB Mem : 65877712 total, 49155932 free,  2030936 used, 14690844 buff/cache
KiB Swap: 33554428 total, 32105460 free,  1448968 used. 62592940 avail Mem 
--
top - 10:17:04 up 111 days,  1:59,  0 users,  load average: 0.15, 0.07, 0.12
Tasks: 398 total,   1 running, 397 sleeping,   0 stopped,   0 zombie
%Cpu(s):  1.3 us,  0.0 sy,  0.0 ni, 98.7 id,  0.0 wa,  0.0 hi,  0.0 si,  0.0 st
KiB Mem : 65877712 total, 49148972 free,  2037896 used, 14690844 buff/cache
KiB Swap: 33554428 total, 32105460 free,  1448968 used. 62585980 avail Mem 
--
top - 10:17:09 up 111 days,  1:59,  0 users,  load average: 0.22, 0.09, 0.12
Tasks: 398 total,   2 running, 396 sleeping,   0 stopped,   0 zombie
%Cpu(s):  2.4 us,  0.1 sy,  0.0 ni, 97.5 id,  0.0 wa,  0.0 hi,  0.1 si,  0.0 st
KiB Mem : 65877712 total, 48949708 free,  2237160 used, 14690844 buff/cache
KiB Swap: 33554428 total, 32105460 free,  1448968 used. 62386716 avail Mem 
--
top - 10:17:14 up 111 days,  1:59,  0 users,  load average: 0.20, 0.08, 0.12
Tasks: 398 total,   1 running, 397 sleeping,   0 stopped,   0 zombie
%Cpu(s):  1.7 us,  0.1 sy,  0.0 ni, 98.2 id,  0.0 wa,  0.0 hi,  0.0 si,  0.0 st
KiB Mem : 65877712 total, 48949356 free,  2237512 used, 14690844 buff/cache
KiB Swap: 33554428 total, 32105460 free,  1448968 used. 62386364 avail Mem 
--
top - 10:17:19 up 111 days,  1:59,  0 users,  load average: 0.19, 0.08, 0.12
Tasks: 398 total,   1 running, 397 sleeping,   0 stopped,   0 zombie
%Cpu(s):  0.2 us,  0.0 sy,  0.0 ni, 99.8 id,  0.0 wa,  0.0 hi,  0.0 si,  0.0 st
KiB Mem : 65877712 total, 48950092 free,  2236776 used, 14690844 buff/cache
KiB Swap: 33554428 total, 32105460 free,  1448968 used. 62387100 avail Mem 
--
top - 10:17:24 up 111 days,  1:59,  0 users,  load average: 0.17, 0.08, 0.12
Tasks: 398 total,   1 running, 397 sleeping,   0 stopped,   0 zombie
%Cpu(s):  0.7 us,  0.0 sy,  0.0 ni, 99.3 id,  0.0 wa,  0.0 hi,  0.0 si,  0.0 st
KiB Mem : 65877712 total, 48950188 free,  2236680 used, 14690844 buff/cache
KiB Swap: 33554428 total, 32105460 free,  1448968 used. 62387196 avail Mem 
--
top - 10:17:29 up 111 days,  1:59,  0 users,  load average: 0.16, 0.08, 0.12
Tasks: 398 total,   2 running, 396 sleeping,   0 stopped,   0 zombie
%Cpu(s):  1.6 us,  0.0 sy,  0.0 ni, 98.3 id,  0.0 wa,  0.0 hi,  0.0 si,  0.0 st
KiB Mem : 65877712 total, 48947844 free,  2239024 used, 14690844 buff/cache
KiB Swap: 33554428 total, 32105460 free,  1448968 used. 62384852 avail Mem 
--
top - 10:17:34 up 111 days,  1:59,  0 users,  load average: 0.22, 0.10, 0.13
Tasks: 400 total,   1 running, 399 sleeping,   0 stopped,   0 zombie
%Cpu(s):  2.4 us,  0.0 sy,  0.0 ni, 96.9 id,  0.6 wa,  0.0 hi,  0.0 si,  0.0 st
KiB Mem : 65877712 total, 48938964 free,  2247904 used, 14690844 buff/cache
KiB Swap: 33554428 total, 32105460 free,  1448968 used. 62375972 avail Mem 
--
top - 10:17:39 up 111 days,  2:00,  0 users,  load average: 0.85, 0.23, 0.17
Tasks: 400 total,   2 running, 398 sleeping,   0 stopped,   0 zombie
%Cpu(s):  2.1 us,  0.1 sy,  0.0 ni, 89.2 id,  8.6 wa,  0.0 hi,  0.0 si,  0.0 st
KiB Mem : 65877712 total, 48738388 free,  2448472 used, 14690852 buff/cache
KiB Swap: 33554428 total, 32105460 free,  1448968 used. 62175404 avail Mem 
--
top - 10:17:44 up 111 days,  2:00,  0 users,  load average: 1.34, 0.34, 0.20
Tasks: 400 total,   1 running, 399 sleeping,   0 stopped,   0 zombie
%Cpu(s):  1.5 us,  0.1 sy,  0.0 ni, 90.5 id,  7.9 wa,  0.0 hi,  0.0 si,  0.0 st
KiB Mem : 65877712 total, 48738404 free,  2448456 used, 14690852 buff/cache
KiB Swap: 33554428 total, 32105460 free,  1448968 used. 62175420 avail Mem 
--
top - 10:17:49 up 111 days,  2:00,  0 users,  load average: 1.23, 0.33, 0.20
Tasks: 400 total,   1 running, 399 sleeping,   0 stopped,   0 zombie
%Cpu(s):  0.2 us,  0.0 sy,  0.0 ni, 99.8 id,  0.0 wa,  0.0 hi,  0.0 si,  0.0 st
KiB Mem : 65877712 total, 48738468 free,  2448392 used, 14690852 buff/cache
KiB Swap: 33554428 total, 32105460 free,  1448968 used. 62175484 avail Mem 
--
top - 10:17:54 up 111 days,  2:00,  0 users,  load average: 1.13, 0.33, 0.20
Tasks: 400 total,   1 running, 399 sleeping,   0 stopped,   0 zombie
%Cpu(s):  0.8 us,  0.0 sy,  0.0 ni, 99.1 id,  0.0 wa,  0.0 hi,  0.0 si,  0.0 st
KiB Mem : 65877712 total, 48737724 free,  2449136 used, 14690852 buff/cache
KiB Swap: 33554428 total, 32105460 free,  1448968 used. 62174740 avail Mem 
--
top - 10:17:59 up 111 days,  2:00,  0 users,  load average: 1.04, 0.32, 0.20
Tasks: 400 total,   1 running, 399 sleeping,   0 stopped,   0 zombie
%Cpu(s):  1.5 us,  0.0 sy,  0.0 ni, 96.8 id,  1.6 wa,  0.0 hi,  0.0 si,  0.0 st
KiB Mem : 65877712 total, 48735532 free,  2451328 used, 14690852 buff/cache
KiB Swap: 33554428 total, 32105460 free,  1448968 used. 62172548 avail Mem 
