Job id: 4754762
Worker ip: 10.149.0.55
Master ip: 10.149.0.54
--
top - 10:14:56 up 111 days,  1:57,  0 users,  load average: 0.26, 0.21, 0.27
Tasks: 410 total,   2 running, 408 sleeping,   0 stopped,   0 zombie
%Cpu(s):  3.3 us,  4.7 sy,  0.0 ni, 91.6 id,  0.0 wa,  0.0 hi,  0.4 si,  0.0 st
KiB Mem : 65877712 total, 50946292 free,  1136948 used, 13794472 buff/cache
KiB Swap: 33554428 total, 32320508 free,  1233920 used. 63517120 avail Mem 
--
top - 10:15:01 up 111 days,  1:57,  0 users,  load average: 0.24, 0.20, 0.27
Tasks: 411 total,   1 running, 410 sleeping,   0 stopped,   0 zombie
%Cpu(s):  1.7 us,  0.4 sy,  0.0 ni, 97.9 id,  0.0 wa,  0.0 hi,  0.0 si,  0.0 st
KiB Mem : 65877712 total, 50926560 free,  1150000 used, 13801152 buff/cache
KiB Swap: 33554428 total, 32320508 free,  1233920 used. 63504000 avail Mem 
--
top - 10:15:06 up 111 days,  1:57,  0 users,  load average: 0.22, 0.20, 0.27
Tasks: 411 total,   1 running, 410 sleeping,   0 stopped,   0 zombie
%Cpu(s):  0.0 us,  0.0 sy,  0.0 ni,100.0 id,  0.0 wa,  0.0 hi,  0.0 si,  0.0 st
KiB Mem : 65877712 total, 50927820 free,  1148740 used, 13801152 buff/cache
KiB Swap: 33554428 total, 32320508 free,  1233920 used. 63505260 avail Mem 
--
top - 10:15:11 up 111 days,  1:57,  0 users,  load average: 0.20, 0.20, 0.27
Tasks: 411 total,   1 running, 410 sleeping,   0 stopped,   0 zombie
%Cpu(s):  0.0 us,  0.0 sy,  0.0 ni,100.0 id,  0.0 wa,  0.0 hi,  0.0 si,  0.0 st
KiB Mem : 65877712 total, 50928828 free,  1147732 used, 13801152 buff/cache
KiB Swap: 33554428 total, 32320508 free,  1233920 used. 63506268 avail Mem 
--
top - 10:15:16 up 111 days,  1:57,  0 users,  load average: 0.18, 0.19, 0.27
Tasks: 410 total,   1 running, 409 sleeping,   0 stopped,   0 zombie
%Cpu(s):  0.0 us,  0.0 sy,  0.0 ni,100.0 id,  0.0 wa,  0.0 hi,  0.0 si,  0.0 st
KiB Mem : 65877712 total, 50929728 free,  1146832 used, 13801152 buff/cache
KiB Swap: 33554428 total, 32320508 free,  1233920 used. 63507168 avail Mem 
--
top - 10:15:21 up 111 days,  1:57,  0 users,  load average: 0.17, 0.19, 0.27
Tasks: 410 total,   1 running, 409 sleeping,   0 stopped,   0 zombie
%Cpu(s):  0.0 us,  0.0 sy,  0.0 ni, 99.9 id,  0.0 wa,  0.0 hi,  0.0 si,  0.0 st
KiB Mem : 65877712 total, 50929356 free,  1147204 used, 13801152 buff/cache
KiB Swap: 33554428 total, 32320508 free,  1233920 used. 63506796 avail Mem 
--
top - 10:15:26 up 111 days,  1:57,  0 users,  load average: 0.16, 0.19, 0.27
Tasks: 410 total,   1 running, 409 sleeping,   0 stopped,   0 zombie
%Cpu(s):  0.0 us,  0.0 sy,  0.0 ni,100.0 id,  0.0 wa,  0.0 hi,  0.0 si,  0.0 st
KiB Mem : 65877712 total, 50930384 free,  1146176 used, 13801152 buff/cache
KiB Swap: 33554428 total, 32320508 free,  1233920 used. 63507824 avail Mem 
--
top - 10:15:31 up 111 days,  1:57,  0 users,  load average: 0.14, 0.18, 0.26
Tasks: 410 total,   1 running, 409 sleeping,   0 stopped,   0 zombie
%Cpu(s):  0.0 us,  0.0 sy,  0.0 ni,100.0 id,  0.0 wa,  0.0 hi,  0.0 si,  0.0 st
KiB Mem : 65877712 total, 50931232 free,  1145328 used, 13801152 buff/cache
KiB Swap: 33554428 total, 32320508 free,  1233920 used. 63508672 avail Mem 
--
top - 10:15:36 up 111 days,  1:57,  0 users,  load average: 0.13, 0.18, 0.26
Tasks: 410 total,   1 running, 409 sleeping,   0 stopped,   0 zombie
%Cpu(s):  0.4 us,  0.2 sy,  0.0 ni, 99.4 id,  0.0 wa,  0.0 hi,  0.1 si,  0.0 st
KiB Mem : 65877712 total, 50696864 free,  1379696 used, 13801152 buff/cache
KiB Swap: 33554428 total, 32320508 free,  1233920 used. 63274304 avail Mem 
--
top - 10:15:41 up 111 days,  1:57,  0 users,  load average: 2.36, 0.64, 0.41
Tasks: 407 total,   1 running, 406 sleeping,   0 stopped,   0 zombie
%Cpu(s): 91.5 us,  0.7 sy,  0.0 ni,  7.8 id,  0.0 wa,  0.0 hi,  0.0 si,  0.0 st
KiB Mem : 65877712 total, 50225696 free,  1850864 used, 13801152 buff/cache
KiB Swap: 33554428 total, 32320508 free,  1233920 used. 62803136 avail Mem 
--
top - 10:15:46 up 111 days,  1:58,  0 users,  load average: 4.66, 1.15, 0.58
Tasks: 407 total,   2 running, 405 sleeping,   0 stopped,   0 zombie
%Cpu(s): 96.0 us,  0.3 sy,  0.0 ni,  3.7 id,  0.0 wa,  0.0 hi,  0.0 si,  0.0 st
KiB Mem : 65877712 total, 49975928 free,  2100632 used, 13801152 buff/cache
KiB Swap: 33554428 total, 32320508 free,  1233920 used. 62553368 avail Mem 
--
top - 10:15:51 up 111 days,  1:58,  0 users,  load average: 6.69, 1.63, 0.73
Tasks: 407 total,   2 running, 405 sleeping,   0 stopped,   0 zombie
%Cpu(s): 96.5 us,  0.4 sy,  0.0 ni,  3.1 id,  0.0 wa,  0.0 hi,  0.0 si,  0.0 st
KiB Mem : 65877712 total, 49741592 free,  2334964 used, 13801156 buff/cache
KiB Swap: 33554428 total, 32320508 free,  1233920 used. 62319036 avail Mem 
--
top - 10:15:56 up 111 days,  1:58,  0 users,  load average: 6.15, 1.60, 0.73
Tasks: 407 total,   1 running, 406 sleeping,   0 stopped,   0 zombie
%Cpu(s): 62.5 us,  0.3 sy,  0.0 ni, 37.2 id,  0.0 wa,  0.0 hi,  0.0 si,  0.0 st
KiB Mem : 65877712 total, 49835084 free,  2241472 used, 13801156 buff/cache
KiB Swap: 33554428 total, 32320508 free,  1233920 used. 62412528 avail Mem 
--
top - 10:16:01 up 111 days,  1:58,  0 users,  load average: 5.66, 1.57, 0.73
Tasks: 407 total,   1 running, 406 sleeping,   0 stopped,   0 zombie
%Cpu(s):  0.4 us,  0.2 sy,  0.0 ni, 99.0 id,  0.4 wa,  0.0 hi,  0.0 si,  0.0 st
KiB Mem : 65877712 total, 49824308 free,  2252188 used, 13801216 buff/cache
KiB Swap: 33554428 total, 32320508 free,  1233920 used. 62401752 avail Mem 
--
top - 10:16:06 up 111 days,  1:58,  0 users,  load average: 5.20, 1.55, 0.72
Tasks: 411 total,   1 running, 410 sleeping,   0 stopped,   0 zombie
%Cpu(s):  0.3 us,  0.2 sy,  0.0 ni, 99.4 id,  0.0 wa,  0.0 hi,  0.0 si,  0.0 st
KiB Mem : 65877712 total, 49641108 free,  2435444 used, 13801160 buff/cache
KiB Swap: 33554428 total, 32320508 free,  1233920 used. 62218552 avail Mem 
--
top - 10:16:11 up 111 days,  1:58,  0 users,  load average: 6.47, 1.87, 0.83
Tasks: 411 total,   2 running, 409 sleeping,   0 stopped,   0 zombie
%Cpu(s): 75.2 us,  0.7 sy,  0.0 ni, 24.1 id,  0.0 wa,  0.0 hi,  0.0 si,  0.0 st
KiB Mem : 65877712 total, 49427808 free,  2648744 used, 13801160 buff/cache
KiB Swap: 33554428 total, 32320508 free,  1233920 used. 62005256 avail Mem 
--
top - 10:16:16 up 111 days,  1:58,  0 users,  load average: 8.43, 2.35, 0.99
Tasks: 411 total,   2 running, 409 sleeping,   0 stopped,   0 zombie
%Cpu(s): 96.5 us,  0.4 sy,  0.0 ni,  3.1 id,  0.0 wa,  0.0 hi,  0.0 si,  0.0 st
KiB Mem : 65877712 total, 49184840 free,  2891712 used, 13801160 buff/cache
KiB Swap: 33554428 total, 32320508 free,  1233920 used. 61762288 avail Mem 
--
top - 10:16:21 up 111 days,  1:58,  0 users,  load average: 10.24, 2.83, 1.15
Tasks: 411 total,   2 running, 409 sleeping,   0 stopped,   0 zombie
%Cpu(s): 96.5 us,  0.4 sy,  0.0 ni,  3.1 id,  0.0 wa,  0.0 hi,  0.0 si,  0.0 st
KiB Mem : 65877712 total, 48952824 free,  3123728 used, 13801160 buff/cache
KiB Swap: 33554428 total, 32320508 free,  1233920 used. 61530272 avail Mem 
--
top - 10:16:26 up 111 days,  1:58,  0 users,  load average: 10.62, 3.03, 1.23
Tasks: 405 total,   1 running, 404 sleeping,   0 stopped,   0 zombie
%Cpu(s): 81.1 us,  0.4 sy,  0.0 ni, 18.5 id,  0.0 wa,  0.0 hi,  0.0 si,  0.0 st
KiB Mem : 65877712 total, 48724280 free,  3352272 used, 13801160 buff/cache
KiB Swap: 33554428 total, 32320508 free,  1233920 used. 61301728 avail Mem 
--
top - 10:16:31 up 111 days,  1:58,  0 users,  load average: 9.77, 2.98, 1.22
Tasks: 402 total,   1 running, 401 sleeping,   0 stopped,   0 zombie
%Cpu(s):  0.0 us,  0.0 sy,  0.0 ni, 99.9 id,  0.0 wa,  0.0 hi,  0.0 si,  0.0 st
KiB Mem : 65877712 total, 48984240 free,  3092312 used, 13801160 buff/cache
KiB Swap: 33554428 total, 32320508 free,  1233920 used. 61561688 avail Mem 
--
top - 10:16:36 up 111 days,  1:58,  0 users,  load average: 9.15, 2.96, 1.23
Tasks: 402 total,   1 running, 401 sleeping,   0 stopped,   0 zombie
%Cpu(s):  0.3 us,  0.2 sy,  0.0 ni, 99.4 id,  0.0 wa,  0.0 hi,  0.0 si,  0.0 st
KiB Mem : 65877712 total, 48811440 free,  3265112 used, 13801160 buff/cache
KiB Swap: 33554428 total, 32320508 free,  1233920 used. 61388888 avail Mem 
--
top - 10:16:41 up 111 days,  1:58,  0 users,  load average: 10.74, 3.40, 1.38
Tasks: 402 total,   2 running, 400 sleeping,   0 stopped,   0 zombie
%Cpu(s): 73.3 us,  0.8 sy,  0.0 ni, 25.9 id,  0.0 wa,  0.0 hi,  0.0 si,  0.0 st
KiB Mem : 65877712 total, 48517212 free,  3559340 used, 13801160 buff/cache
KiB Swap: 33554428 total, 32320508 free,  1233920 used. 61094660 avail Mem 
--
top - 10:16:46 up 111 days,  1:59,  0 users,  load average: 12.36, 3.85, 1.54
Tasks: 400 total,   2 running, 398 sleeping,   0 stopped,   0 zombie
%Cpu(s): 96.4 us,  0.7 sy,  0.0 ni,  2.9 id,  0.0 wa,  0.0 hi,  0.0 si,  0.0 st
KiB Mem : 65877712 total, 48349200 free,  3727348 used, 13801164 buff/cache
KiB Swap: 33554428 total, 32320508 free,  1233920 used. 60926652 avail Mem 
--
top - 10:16:51 up 111 days,  1:59,  0 users,  load average: 13.85, 4.31, 1.69
Tasks: 400 total,   2 running, 398 sleeping,   0 stopped,   0 zombie
%Cpu(s): 95.9 us,  0.7 sy,  0.0 ni,  3.4 id,  0.0 wa,  0.0 hi,  0.0 si,  0.0 st
KiB Mem : 65877712 total, 48137536 free,  3939012 used, 13801164 buff/cache
KiB Swap: 33554428 total, 32320508 free,  1233920 used. 60714988 avail Mem 
--
top - 10:16:56 up 111 days,  1:59,  0 users,  load average: 14.91, 4.68, 1.83
Tasks: 400 total,   2 running, 398 sleeping,   0 stopped,   0 zombie
%Cpu(s): 90.5 us,  0.6 sy,  0.0 ni,  8.9 id,  0.0 wa,  0.0 hi,  0.0 si,  0.0 st
KiB Mem : 65877712 total, 47923160 free,  4153388 used, 13801164 buff/cache
KiB Swap: 33554428 total, 32320508 free,  1233920 used. 60500612 avail Mem 
--
top - 10:17:01 up 111 days,  1:59,  0 users,  load average: 13.71, 4.60, 1.82
Tasks: 397 total,   1 running, 396 sleeping,   0 stopped,   0 zombie
%Cpu(s): 15.1 us,  0.1 sy,  0.0 ni, 84.8 id,  0.0 wa,  0.0 hi,  0.0 si,  0.0 st
KiB Mem : 65877712 total, 48099784 free,  3976764 used, 13801164 buff/cache
KiB Swap: 33554428 total, 32320508 free,  1233920 used. 60677236 avail Mem 
--
top - 10:17:06 up 111 days,  1:59,  0 users,  load average: 12.61, 4.53, 1.81
Tasks: 397 total,   1 running, 396 sleeping,   0 stopped,   0 zombie
%Cpu(s):  0.0 us,  0.0 sy,  0.0 ni,100.0 id,  0.0 wa,  0.0 hi,  0.0 si,  0.0 st
KiB Mem : 65877712 total, 48100348 free,  3976200 used, 13801164 buff/cache
KiB Swap: 33554428 total, 32320508 free,  1233920 used. 60677800 avail Mem 
--
top - 10:17:11 up 111 days,  1:59,  0 users,  load average: 11.60, 4.45, 1.80
Tasks: 397 total,   1 running, 396 sleeping,   0 stopped,   0 zombie
%Cpu(s):  0.4 us,  0.3 sy,  0.0 ni, 99.2 id,  0.0 wa,  0.0 hi,  0.0 si,  0.0 st
KiB Mem : 65877712 total, 47875780 free,  4200768 used, 13801164 buff/cache
KiB Swap: 33554428 total, 32320508 free,  1233920 used. 60453232 avail Mem 
--
top - 10:17:16 up 111 days,  1:59,  0 users,  load average: 12.92, 4.84, 1.94
Tasks: 397 total,   2 running, 395 sleeping,   0 stopped,   0 zombie
%Cpu(s): 85.6 us,  1.0 sy,  0.0 ni, 13.4 id,  0.0 wa,  0.0 hi,  0.0 si,  0.0 st
KiB Mem : 65877712 total, 47633884 free,  4442664 used, 13801164 buff/cache
KiB Swap: 33554428 total, 32320508 free,  1233920 used. 60211336 avail Mem 
--
top - 10:17:21 up 111 days,  1:59,  0 users,  load average: 14.37, 5.28, 2.10
Tasks: 398 total,   2 running, 396 sleeping,   0 stopped,   0 zombie
%Cpu(s): 96.6 us,  0.4 sy,  0.0 ni,  3.0 id,  0.0 wa,  0.0 hi,  0.0 si,  0.0 st
KiB Mem : 65877712 total, 47407852 free,  4668696 used, 13801164 buff/cache
KiB Swap: 33554428 total, 32320508 free,  1233920 used. 59985304 avail Mem 
--
top - 10:17:26 up 111 days,  1:59,  0 users,  load average: 15.70, 5.71, 2.25
Tasks: 398 total,   2 running, 396 sleeping,   0 stopped,   0 zombie
%Cpu(s): 96.5 us,  0.5 sy,  0.0 ni,  3.1 id,  0.0 wa,  0.0 hi,  0.0 si,  0.0 st
KiB Mem : 65877712 total, 47193628 free,  4882920 used, 13801164 buff/cache
KiB Swap: 33554428 total, 32320508 free,  1233920 used. 59771080 avail Mem 
--
top - 10:17:31 up 111 days,  1:59,  0 users,  load average: 15.80, 5.89, 2.33
Tasks: 398 total,   1 running, 397 sleeping,   0 stopped,   0 zombie
%Cpu(s): 76.1 us,  0.3 sy,  0.0 ni, 23.5 id,  0.0 wa,  0.0 hi,  0.0 si,  0.0 st
KiB Mem : 65877712 total, 46998960 free,  5077588 used, 13801164 buff/cache
KiB Swap: 33554428 total, 32320508 free,  1233920 used. 59576412 avail Mem 
--
top - 10:17:36 up 111 days,  1:59,  0 users,  load average: 14.54, 5.80, 2.32
Tasks: 398 total,   1 running, 397 sleeping,   0 stopped,   0 zombie
%Cpu(s):  0.0 us,  0.0 sy,  0.0 ni, 99.9 id,  0.0 wa,  0.0 hi,  0.0 si,  0.0 st
KiB Mem : 65877712 total, 47271484 free,  4805064 used, 13801164 buff/cache
KiB Swap: 33554428 total, 32320508 free,  1233920 used. 59848936 avail Mem 
--
top - 10:17:41 up 111 days,  2:00,  0 users,  load average: 13.37, 5.70, 2.31
Tasks: 398 total,   1 running, 397 sleeping,   0 stopped,   0 zombie
%Cpu(s):  0.4 us,  0.3 sy,  0.0 ni, 99.2 id,  0.0 wa,  0.0 hi,  0.0 si,  0.0 st
KiB Mem : 65877712 total, 47033196 free,  5043348 used, 13801168 buff/cache
KiB Swap: 33554428 total, 32320508 free,  1233920 used. 59610648 avail Mem 
--
top - 10:17:46 up 111 days,  2:00,  0 users,  load average: 14.70, 6.10, 2.45
Tasks: 399 total,   3 running, 396 sleeping,   0 stopped,   0 zombie
%Cpu(s): 92.4 us,  0.9 sy,  0.0 ni,  6.8 id,  0.0 wa,  0.0 hi,  0.0 si,  0.0 st
KiB Mem : 65877712 total, 46805536 free,  5271008 used, 13801168 buff/cache
KiB Swap: 33554428 total, 32320508 free,  1233920 used. 59382992 avail Mem 
--
top - 10:17:51 up 111 days,  2:00,  0 users,  load average: 16.01, 6.52, 2.61
Tasks: 399 total,   2 running, 397 sleeping,   0 stopped,   0 zombie
%Cpu(s): 96.3 us,  0.5 sy,  0.0 ni,  3.2 id,  0.0 wa,  0.0 hi,  0.0 si,  0.0 st
KiB Mem : 65877712 total, 46589572 free,  5486972 used, 13801168 buff/cache
KiB Swap: 33554428 total, 32320508 free,  1233920 used. 59167028 avail Mem 
--
top - 10:17:57 up 111 days,  2:00,  0 users,  load average: 17.21, 6.92, 2.76
Tasks: 399 total,   2 running, 397 sleeping,   0 stopped,   0 zombie
%Cpu(s): 96.5 us,  0.5 sy,  0.0 ni,  3.0 id,  0.0 wa,  0.0 hi,  0.0 si,  0.0 st
KiB Mem : 65877712 total, 46415064 free,  5661480 used, 13801168 buff/cache
KiB Swap: 33554428 total, 32320508 free,  1233920 used. 58992520 avail Mem 
--
top - 10:18:02 up 111 days,  2:00,  0 users,  load average: 16.95, 7.04, 2.82
Tasks: 400 total,   1 running, 399 sleeping,   0 stopped,   0 zombie
%Cpu(s): 73.6 us,  0.8 sy,  0.0 ni, 25.4 id,  0.2 wa,  0.0 hi,  0.0 si,  0.0 st
KiB Mem : 65877712 total, 46199624 free,  5876916 used, 13801172 buff/cache
KiB Swap: 33554428 total, 32320508 free,  1233920 used. 58777084 avail Mem 
