Job id: 4754780
Worker ip: 10.149.0.63
Master ip: 10.149.0.54
--
top - 10:20:16 up 111 days,  2:04,  0 users,  load average: 9.67, 3.66, 1.50
Tasks: 403 total,   1 running, 402 sleeping,   0 stopped,   0 zombie
%Cpu(s):  3.2 us,  5.1 sy,  0.0 ni, 91.4 id,  0.0 wa,  0.0 hi,  0.4 si,  0.0 st
KiB Mem : 65877712 total, 53064204 free,  1102988 used, 11710520 buff/cache
KiB Swap: 33554428 total, 32368256 free,  1186172 used. 63502280 avail Mem 
--
top - 10:20:21 up 111 days,  2:04,  0 users,  load average: 8.89, 3.60, 1.49
Tasks: 404 total,   1 running, 403 sleeping,   0 stopped,   0 zombie
%Cpu(s):  1.7 us,  0.4 sy,  0.0 ni, 97.9 id,  0.0 wa,  0.0 hi,  0.0 si,  0.0 st
KiB Mem : 65877712 total, 53040288 free,  1120344 used, 11717080 buff/cache
KiB Swap: 33554428 total, 32368256 free,  1186172 used. 63484636 avail Mem 
--
top - 10:20:26 up 111 days,  2:04,  0 users,  load average: 8.18, 3.54, 1.48
Tasks: 404 total,   1 running, 403 sleeping,   0 stopped,   0 zombie
%Cpu(s):  0.0 us,  0.0 sy,  0.0 ni,100.0 id,  0.0 wa,  0.0 hi,  0.0 si,  0.0 st
KiB Mem : 65877712 total, 53040768 free,  1119864 used, 11717080 buff/cache
KiB Swap: 33554428 total, 32368256 free,  1186172 used. 63485116 avail Mem 
--
top - 10:20:31 up 111 days,  2:04,  0 users,  load average: 7.53, 3.48, 1.47
Tasks: 404 total,   1 running, 403 sleeping,   0 stopped,   0 zombie
%Cpu(s):  0.0 us,  0.0 sy,  0.0 ni, 99.9 id,  0.0 wa,  0.0 hi,  0.0 si,  0.0 st
KiB Mem : 65877712 total, 53039740 free,  1120892 used, 11717080 buff/cache
KiB Swap: 33554428 total, 32368256 free,  1186172 used. 63484088 avail Mem 
--
top - 10:20:36 up 111 days,  2:04,  0 users,  load average: 6.92, 3.43, 1.47
Tasks: 404 total,   1 running, 403 sleeping,   0 stopped,   0 zombie
%Cpu(s):  0.0 us,  0.0 sy,  0.0 ni,100.0 id,  0.0 wa,  0.0 hi,  0.0 si,  0.0 st
KiB Mem : 65877712 total, 53039740 free,  1120892 used, 11717080 buff/cache
KiB Swap: 33554428 total, 32368256 free,  1186172 used. 63484088 avail Mem 
--
top - 10:20:41 up 111 days,  2:04,  0 users,  load average: 6.37, 3.37, 1.46
Tasks: 404 total,   1 running, 403 sleeping,   0 stopped,   0 zombie
%Cpu(s):  0.0 us,  0.0 sy,  0.0 ni,100.0 id,  0.0 wa,  0.0 hi,  0.0 si,  0.0 st
KiB Mem : 65877712 total, 53039740 free,  1120892 used, 11717080 buff/cache
KiB Swap: 33554428 total, 32368256 free,  1186172 used. 63484088 avail Mem 
--
top - 10:20:46 up 111 days,  2:04,  0 users,  load average: 5.86, 3.31, 1.45
Tasks: 404 total,   1 running, 403 sleeping,   0 stopped,   0 zombie
%Cpu(s):  0.0 us,  0.0 sy,  0.0 ni, 99.9 id,  0.0 wa,  0.0 hi,  0.0 si,  0.0 st
KiB Mem : 65877712 total, 53039740 free,  1120892 used, 11717080 buff/cache
KiB Swap: 33554428 total, 32368256 free,  1186172 used. 63484088 avail Mem 
--
top - 10:20:51 up 111 days,  2:04,  0 users,  load average: 5.39, 3.26, 1.44
Tasks: 405 total,   1 running, 404 sleeping,   0 stopped,   0 zombie
%Cpu(s):  0.0 us,  0.0 sy,  0.0 ni,100.0 id,  0.0 wa,  0.0 hi,  0.0 si,  0.0 st
KiB Mem : 65877712 total, 53039196 free,  1121436 used, 11717080 buff/cache
KiB Swap: 33554428 total, 32368256 free,  1186172 used. 63483544 avail Mem 
--
top - 10:20:56 up 111 days,  2:04,  0 users,  load average: 4.96, 3.20, 1.43
Tasks: 405 total,   1 running, 404 sleeping,   0 stopped,   0 zombie
%Cpu(s):  0.1 us,  0.1 sy,  0.0 ni, 99.8 id,  0.0 wa,  0.0 hi,  0.0 si,  0.0 st
KiB Mem : 65877712 total, 52966588 free,  1193912 used, 11717212 buff/cache
KiB Swap: 33554428 total, 32368256 free,  1186172 used. 63411272 avail Mem 
--
top - 10:21:01 up 111 days,  2:05,  0 users,  load average: 4.56, 3.15, 1.43
Tasks: 401 total,   1 running, 400 sleeping,   0 stopped,   0 zombie
%Cpu(s):  0.1 us,  0.1 sy,  0.0 ni, 99.8 id,  0.0 wa,  0.0 hi,  0.0 si,  0.0 st
KiB Mem : 65877712 total, 52895288 free,  1265212 used, 11717212 buff/cache
KiB Swap: 33554428 total, 32368256 free,  1186172 used. 63339972 avail Mem 
--
top - 10:21:06 up 111 days,  2:05,  0 users,  load average: 6.36, 3.55, 1.56
Tasks: 400 total,   1 running, 399 sleeping,   0 stopped,   0 zombie
%Cpu(s): 82.7 us,  0.6 sy,  0.0 ni, 16.7 id,  0.0 wa,  0.0 hi,  0.0 si,  0.0 st
KiB Mem : 65877712 total, 52481892 free,  1678532 used, 11717288 buff/cache
KiB Swap: 33554428 total, 32368256 free,  1186172 used. 62926620 avail Mem 
--
top - 10:21:11 up 111 days,  2:05,  0 users,  load average: 5.85, 3.49, 1.56
Tasks: 400 total,   1 running, 399 sleeping,   0 stopped,   0 zombie
%Cpu(s):  0.0 us,  0.0 sy,  0.0 ni, 99.9 id,  0.0 wa,  0.0 hi,  0.0 si,  0.0 st
KiB Mem : 65877712 total, 52615424 free,  1545000 used, 11717288 buff/cache
KiB Swap: 33554428 total, 32368256 free,  1186172 used. 63060152 avail Mem 
--
top - 10:21:16 up 111 days,  2:05,  0 users,  load average: 5.38, 3.43, 1.55
Tasks: 400 total,   1 running, 399 sleeping,   0 stopped,   0 zombie
%Cpu(s):  0.1 us,  0.1 sy,  0.0 ni, 99.8 id,  0.0 wa,  0.0 hi,  0.0 si,  0.0 st
KiB Mem : 65877712 total, 52559692 free,  1600732 used, 11717288 buff/cache
KiB Swap: 33554428 total, 32368256 free,  1186172 used. 63004420 avail Mem 
--
top - 10:21:21 up 111 days,  2:05,  0 users,  load average: 4.95, 3.37, 1.54
Tasks: 400 total,   1 running, 399 sleeping,   0 stopped,   0 zombie
%Cpu(s):  0.1 us,  0.1 sy,  0.0 ni, 99.7 id,  0.0 wa,  0.0 hi,  0.0 si,  0.0 st
KiB Mem : 65877712 total, 52486684 free,  1673740 used, 11717288 buff/cache
KiB Swap: 33554428 total, 32368256 free,  1186172 used. 62931412 avail Mem 
--
top - 10:21:26 up 111 days,  2:05,  0 users,  load average: 6.72, 3.76, 1.68
Tasks: 400 total,   1 running, 399 sleeping,   0 stopped,   0 zombie
%Cpu(s): 31.1 us,  0.3 sy,  0.0 ni, 68.6 id,  0.0 wa,  0.0 hi,  0.0 si,  0.0 st
KiB Mem : 65877712 total, 52334340 free,  1826080 used, 11717292 buff/cache
KiB Swap: 33554428 total, 32368256 free,  1186172 used. 62779072 avail Mem 
--
top - 10:21:31 up 111 days,  2:05,  0 users,  load average: 6.34, 3.74, 1.68
Tasks: 400 total,   1 running, 399 sleeping,   0 stopped,   0 zombie
%Cpu(s): 48.4 us,  0.3 sy,  0.0 ni, 51.3 id,  0.0 wa,  0.0 hi,  0.0 si,  0.0 st
KiB Mem : 65877712 total, 52193504 free,  1966916 used, 11717292 buff/cache
KiB Swap: 33554428 total, 32368256 free,  1186172 used. 62638236 avail Mem 
--
top - 10:21:36 up 111 days,  2:05,  0 users,  load average: 5.83, 3.67, 1.67
Tasks: 400 total,   1 running, 399 sleeping,   0 stopped,   0 zombie
%Cpu(s):  0.1 us,  0.0 sy,  0.0 ni, 99.9 id,  0.0 wa,  0.0 hi,  0.0 si,  0.0 st
KiB Mem : 65877712 total, 52376444 free,  1783976 used, 11717292 buff/cache
KiB Swap: 33554428 total, 32368256 free,  1186172 used. 62821176 avail Mem 
--
top - 10:21:41 up 111 days,  2:05,  0 users,  load average: 5.36, 3.61, 1.66
Tasks: 400 total,   1 running, 399 sleeping,   0 stopped,   0 zombie
%Cpu(s):  0.1 us,  0.1 sy,  0.0 ni, 99.8 id,  0.0 wa,  0.0 hi,  0.0 si,  0.0 st
KiB Mem : 65877712 total, 52306620 free,  1853800 used, 11717292 buff/cache
KiB Swap: 33554428 total, 32368256 free,  1186172 used. 62750856 avail Mem 
--
top - 10:21:46 up 111 days,  2:05,  0 users,  load average: 4.93, 3.55, 1.65
Tasks: 400 total,   1 running, 399 sleeping,   0 stopped,   0 zombie
%Cpu(s):  0.1 us,  0.1 sy,  0.0 ni, 99.7 id,  0.0 wa,  0.0 hi,  0.0 si,  0.0 st
KiB Mem : 65877712 total, 52237128 free,  1923292 used, 11717292 buff/cache
KiB Swap: 33554428 total, 32368256 free,  1186172 used. 62681860 avail Mem 
--
top - 10:21:51 up 111 days,  2:05,  0 users,  load average: 6.86, 3.97, 1.80
Tasks: 400 total,   1 running, 399 sleeping,   0 stopped,   0 zombie
%Cpu(s): 83.2 us,  1.0 sy,  0.0 ni, 15.8 id,  0.0 wa,  0.0 hi,  0.0 si,  0.0 st
KiB Mem : 65877712 total, 52019552 free,  2140868 used, 11717292 buff/cache
KiB Swap: 33554428 total, 32368256 free,  1186172 used. 62464284 avail Mem 
--
top - 10:21:56 up 111 days,  2:05,  0 users,  load average: 6.31, 3.91, 1.79
Tasks: 400 total,   1 running, 399 sleeping,   0 stopped,   0 zombie
%Cpu(s):  0.0 us,  0.0 sy,  0.0 ni, 99.9 id,  0.0 wa,  0.0 hi,  0.0 si,  0.0 st
KiB Mem : 65877712 total, 52183120 free,  1977300 used, 11717292 buff/cache
KiB Swap: 33554428 total, 32368256 free,  1186172 used. 62627852 avail Mem 
--
top - 10:22:01 up 111 days,  2:06,  0 users,  load average: 5.89, 3.86, 1.78
Tasks: 400 total,   1 running, 399 sleeping,   0 stopped,   0 zombie
%Cpu(s):  0.5 us,  0.3 sy,  0.0 ni, 98.9 id,  0.3 wa,  0.0 hi,  0.0 si,  0.0 st
KiB Mem : 65877712 total, 52113248 free,  2047164 used, 11717300 buff/cache
KiB Swap: 33554428 total, 32368256 free,  1186172 used. 62557980 avail Mem 
--
top - 10:22:06 up 111 days,  2:06,  0 users,  load average: 5.42, 3.80, 1.77
Tasks: 404 total,   1 running, 403 sleeping,   0 stopped,   0 zombie
%Cpu(s):  0.1 us,  0.1 sy,  0.0 ni, 99.8 id,  0.0 wa,  0.0 hi,  0.0 si,  0.0 st
KiB Mem : 65877712 total, 52043872 free,  2116548 used, 11717292 buff/cache
KiB Swap: 33554428 total, 32368256 free,  1186172 used. 62488604 avail Mem 
--
top - 10:22:11 up 111 days,  2:06,  0 users,  load average: 7.22, 4.20, 1.91
Tasks: 404 total,   1 running, 403 sleeping,   0 stopped,   0 zombie
%Cpu(s): 48.9 us,  0.5 sy,  0.0 ni, 50.5 id,  0.0 wa,  0.0 hi,  0.0 si,  0.0 st
KiB Mem : 65877712 total, 51890176 free,  2270240 used, 11717296 buff/cache
KiB Swap: 33554428 total, 32368256 free,  1186172 used. 62334912 avail Mem 
--
top - 10:22:16 up 111 days,  2:06,  0 users,  load average: 6.65, 4.13, 1.90
Tasks: 404 total,   1 running, 403 sleeping,   0 stopped,   0 zombie
%Cpu(s): 31.7 us,  0.2 sy,  0.0 ni, 68.1 id,  0.0 wa,  0.0 hi,  0.0 si,  0.0 st
KiB Mem : 65877712 total, 51977008 free,  2183408 used, 11717296 buff/cache
KiB Swap: 33554428 total, 32368256 free,  1186172 used. 62421744 avail Mem 
--
top - 10:22:21 up 111 days,  2:06,  0 users,  load average: 6.11, 4.06, 1.89
Tasks: 404 total,   1 running, 403 sleeping,   0 stopped,   0 zombie
%Cpu(s):  0.1 us,  0.0 sy,  0.0 ni, 99.9 id,  0.0 wa,  0.0 hi,  0.0 si,  0.0 st
KiB Mem : 65877712 total, 51963264 free,  2197152 used, 11717296 buff/cache
KiB Swap: 33554428 total, 32368256 free,  1186172 used. 62408000 avail Mem 
--
top - 10:22:26 up 111 days,  2:06,  0 users,  load average: 5.62, 3.99, 1.88
Tasks: 404 total,   1 running, 403 sleeping,   0 stopped,   0 zombie
%Cpu(s):  0.1 us,  0.1 sy,  0.0 ni, 99.7 id,  0.0 wa,  0.0 hi,  0.0 si,  0.0 st
KiB Mem : 65877712 total, 51881448 free,  2278968 used, 11717296 buff/cache
KiB Swap: 33554428 total, 32368256 free,  1186172 used. 62326184 avail Mem 
--
top - 10:22:31 up 111 days,  2:06,  0 users,  load average: 5.49, 3.99, 1.90
Tasks: 404 total,   1 running, 403 sleeping,   0 stopped,   0 zombie
%Cpu(s):  0.1 us,  0.1 sy,  0.0 ni, 99.8 id,  0.0 wa,  0.0 hi,  0.0 si,  0.0 st
KiB Mem : 65877712 total, 51816124 free,  2344292 used, 11717296 buff/cache
KiB Swap: 33554428 total, 32368256 free,  1186172 used. 62260364 avail Mem 
--
top - 10:22:37 up 111 days,  2:06,  0 users,  load average: 7.38, 4.41, 2.04
Tasks: 404 total,   2 running, 402 sleeping,   0 stopped,   0 zombie
%Cpu(s): 61.4 us,  0.3 sy,  0.0 ni, 38.3 id,  0.0 wa,  0.0 hi,  0.0 si,  0.0 st
KiB Mem : 65877712 total, 51647884 free,  2512532 used, 11717296 buff/cache
KiB Swap: 33554428 total, 32368256 free,  1186172 used. 62092620 avail Mem 
