Job id: 4754794
Worker ip: 10.149.0.59
Master ip: 10.149.0.62
--
top - 10:22:44 up 111 days,  2:06,  0 users,  load average: 0.75, 2.19, 1.28
Tasks: 406 total,   1 running, 405 sleeping,   0 stopped,   0 zombie
%Cpu(s):  2.4 us,  3.7 sy,  0.0 ni, 93.7 id,  0.0 wa,  0.0 hi,  0.2 si,  0.0 st
KiB Mem : 65877692 total, 48797632 free,  1194244 used, 15885816 buff/cache
KiB Swap: 33554428 total, 32377032 free,  1177396 used. 63380636 avail Mem 
--
top - 10:22:49 up 111 days,  2:06,  0 users,  load average: 0.77, 2.17, 1.28
Tasks: 407 total,   1 running, 406 sleeping,   0 stopped,   0 zombie
%Cpu(s):  1.7 us,  0.5 sy,  0.0 ni, 97.8 id,  0.0 wa,  0.0 hi,  0.0 si,  0.0 st
KiB Mem : 65877692 total, 48778536 free,  1206748 used, 15892408 buff/cache
KiB Swap: 33554428 total, 32377032 free,  1177396 used. 63368104 avail Mem 
--
top - 10:22:54 up 111 days,  2:06,  0 users,  load average: 0.71, 2.14, 1.27
Tasks: 407 total,   1 running, 406 sleeping,   0 stopped,   0 zombie
%Cpu(s):  0.0 us,  0.0 sy,  0.0 ni,100.0 id,  0.0 wa,  0.0 hi,  0.0 si,  0.0 st
KiB Mem : 65877692 total, 48779360 free,  1205924 used, 15892408 buff/cache
KiB Swap: 33554428 total, 32377032 free,  1177396 used. 63368928 avail Mem 
--
top - 10:22:59 up 111 days,  2:06,  0 users,  load average: 0.65, 2.10, 1.27
Tasks: 407 total,   1 running, 406 sleeping,   0 stopped,   0 zombie
%Cpu(s):  0.0 us,  0.0 sy,  0.0 ni,100.0 id,  0.0 wa,  0.0 hi,  0.0 si,  0.0 st
KiB Mem : 65877692 total, 48779980 free,  1205304 used, 15892408 buff/cache
KiB Swap: 33554428 total, 32377032 free,  1177396 used. 63369548 avail Mem 
--
top - 10:23:04 up 111 days,  2:06,  0 users,  load average: 0.60, 2.06, 1.26
Tasks: 403 total,   1 running, 402 sleeping,   0 stopped,   0 zombie
%Cpu(s):  0.0 us,  0.0 sy,  0.0 ni,100.0 id,  0.0 wa,  0.0 hi,  0.0 si,  0.0 st
KiB Mem : 65877692 total, 48781304 free,  1203980 used, 15892408 buff/cache
KiB Swap: 33554428 total, 32377032 free,  1177396 used. 63370872 avail Mem 
--
top - 10:23:09 up 111 days,  2:07,  0 users,  load average: 0.55, 2.03, 1.25
Tasks: 403 total,   1 running, 402 sleeping,   0 stopped,   0 zombie
%Cpu(s):  0.0 us,  0.0 sy,  0.0 ni,100.0 id,  0.0 wa,  0.0 hi,  0.0 si,  0.0 st
KiB Mem : 65877692 total, 48781536 free,  1203748 used, 15892408 buff/cache
KiB Swap: 33554428 total, 32377032 free,  1177396 used. 63371104 avail Mem 
--
top - 10:23:14 up 111 days,  2:07,  0 users,  load average: 0.51, 2.00, 1.24
Tasks: 403 total,   1 running, 402 sleeping,   0 stopped,   0 zombie
%Cpu(s):  0.0 us,  0.0 sy,  0.0 ni, 99.9 id,  0.0 wa,  0.0 hi,  0.0 si,  0.0 st
KiB Mem : 65877692 total, 48782256 free,  1203028 used, 15892408 buff/cache
KiB Swap: 33554428 total, 32377032 free,  1177396 used. 63371824 avail Mem 
--
top - 10:23:19 up 111 days,  2:07,  0 users,  load average: 0.47, 1.96, 1.24
Tasks: 403 total,   1 running, 402 sleeping,   0 stopped,   0 zombie
%Cpu(s):  0.0 us,  0.0 sy,  0.0 ni,100.0 id,  0.0 wa,  0.0 hi,  0.0 si,  0.0 st
KiB Mem : 65877692 total, 48783000 free,  1202284 used, 15892408 buff/cache
KiB Swap: 33554428 total, 32377032 free,  1177396 used. 63372568 avail Mem 
--
top - 10:23:24 up 111 days,  2:07,  0 users,  load average: 0.43, 1.93, 1.23
Tasks: 403 total,   1 running, 402 sleeping,   0 stopped,   0 zombie
%Cpu(s):  0.1 us,  0.0 sy,  0.0 ni, 99.9 id,  0.0 wa,  0.0 hi,  0.0 si,  0.0 st
KiB Mem : 65877692 total, 48747344 free,  1237940 used, 15892408 buff/cache
KiB Swap: 33554428 total, 32377032 free,  1177396 used. 63336912 avail Mem 
--
top - 10:23:29 up 111 days,  2:07,  0 users,  load average: 0.39, 1.90, 1.22
Tasks: 403 total,   1 running, 402 sleeping,   0 stopped,   0 zombie
%Cpu(s):  0.1 us,  0.1 sy,  0.0 ni, 99.8 id,  0.0 wa,  0.0 hi,  0.0 si,  0.0 st
KiB Mem : 65877692 total, 48706036 free,  1279248 used, 15892408 buff/cache
KiB Swap: 33554428 total, 32377032 free,  1177396 used. 63295604 avail Mem 
--
top - 10:23:34 up 111 days,  2:07,  0 users,  load average: 0.36, 1.87, 1.22
Tasks: 402 total,   2 running, 400 sleeping,   0 stopped,   0 zombie
%Cpu(s): 15.7 us,  0.4 sy,  0.0 ni, 83.9 id,  0.0 wa,  0.0 hi,  0.0 si,  0.0 st
KiB Mem : 65877692 total, 48412276 free,  1573008 used, 15892408 buff/cache
KiB Swap: 33554428 total, 32377032 free,  1177396 used. 63001844 avail Mem 
--
top - 10:23:39 up 111 days,  2:07,  0 users,  load average: 2.50, 2.28, 1.36
Tasks: 402 total,   1 running, 401 sleeping,   0 stopped,   0 zombie
%Cpu(s): 34.9 us,  0.2 sy,  0.0 ni, 64.9 id,  0.0 wa,  0.0 hi,  0.0 si,  0.0 st
KiB Mem : 65877692 total, 48434084 free,  1551196 used, 15892412 buff/cache
KiB Swap: 33554428 total, 32377032 free,  1177396 used. 63023656 avail Mem 
--
top - 10:23:44 up 111 days,  2:07,  0 users,  load average: 2.30, 2.25, 1.35
Tasks: 402 total,   1 running, 401 sleeping,   0 stopped,   0 zombie
%Cpu(s):  0.1 us,  0.0 sy,  0.0 ni, 99.9 id,  0.0 wa,  0.0 hi,  0.0 si,  0.0 st
KiB Mem : 65877692 total, 48419048 free,  1566232 used, 15892412 buff/cache
KiB Swap: 33554428 total, 32377032 free,  1177396 used. 63008620 avail Mem 
--
top - 10:23:49 up 111 days,  2:07,  0 users,  load average: 2.11, 2.21, 1.34
Tasks: 402 total,   1 running, 401 sleeping,   0 stopped,   0 zombie
%Cpu(s):  0.1 us,  0.1 sy,  0.0 ni, 99.8 id,  0.0 wa,  0.0 hi,  0.0 si,  0.0 st
KiB Mem : 65877692 total, 48381000 free,  1604280 used, 15892412 buff/cache
KiB Swap: 33554428 total, 32377032 free,  1177396 used. 62970572 avail Mem 
--
top - 10:23:54 up 111 days,  2:07,  0 users,  load average: 1.94, 2.17, 1.33
Tasks: 402 total,   1 running, 401 sleeping,   0 stopped,   0 zombie
%Cpu(s):  0.1 us,  0.1 sy,  0.0 ni, 99.9 id,  0.0 wa,  0.0 hi,  0.0 si,  0.0 st
KiB Mem : 65877692 total, 48335928 free,  1649352 used, 15892412 buff/cache
KiB Swap: 33554428 total, 32377032 free,  1177396 used. 62925500 avail Mem 
--
top - 10:23:59 up 111 days,  2:07,  0 users,  load average: 1.79, 2.14, 1.33
Tasks: 402 total,   2 running, 400 sleeping,   0 stopped,   0 zombie
%Cpu(s):  2.2 us,  0.1 sy,  0.0 ni, 97.7 id,  0.0 wa,  0.0 hi,  0.0 si,  0.0 st
KiB Mem : 65877692 total, 48304500 free,  1680780 used, 15892412 buff/cache
KiB Swap: 33554428 total, 32377032 free,  1177396 used. 62894072 avail Mem 
--
top - 10:24:04 up 111 days,  2:07,  0 users,  load average: 4.29, 2.65, 1.50
Tasks: 408 total,   2 running, 406 sleeping,   0 stopped,   0 zombie
%Cpu(s): 42.0 us,  0.9 sy,  0.0 ni, 57.0 id,  0.1 wa,  0.0 hi,  0.0 si,  0.0 st
KiB Mem : 65877692 total, 48314320 free,  1670952 used, 15892420 buff/cache
KiB Swap: 33554428 total, 32377032 free,  1177396 used. 62903892 avail Mem 
--
top - 10:24:09 up 111 days,  2:08,  0 users,  load average: 3.94, 2.60, 1.49
Tasks: 408 total,   1 running, 407 sleeping,   0 stopped,   0 zombie
%Cpu(s):  0.0 us,  0.0 sy,  0.0 ni, 99.9 id,  0.0 wa,  0.0 hi,  0.0 si,  0.0 st
KiB Mem : 65877692 total, 48308152 free,  1677120 used, 15892420 buff/cache
KiB Swap: 33554428 total, 32377032 free,  1177396 used. 62897724 avail Mem 
--
top - 10:24:14 up 111 days,  2:08,  0 users,  load average: 3.63, 2.56, 1.48
Tasks: 408 total,   1 running, 407 sleeping,   0 stopped,   0 zombie
%Cpu(s):  0.1 us,  0.1 sy,  0.0 ni, 99.9 id,  0.0 wa,  0.0 hi,  0.0 si,  0.0 st
KiB Mem : 65877692 total, 48271200 free,  1714072 used, 15892420 buff/cache
KiB Swap: 33554428 total, 32377032 free,  1177396 used. 62860772 avail Mem 
--
top - 10:24:20 up 111 days,  2:08,  0 users,  load average: 3.34, 2.52, 1.47
Tasks: 408 total,   1 running, 407 sleeping,   0 stopped,   0 zombie
%Cpu(s):  0.1 us,  0.1 sy,  0.0 ni, 99.9 id,  0.0 wa,  0.0 hi,  0.0 si,  0.0 st
KiB Mem : 65877692 total, 48237064 free,  1748208 used, 15892420 buff/cache
KiB Swap: 33554428 total, 32377032 free,  1177396 used. 62826636 avail Mem 
--
top - 10:24:25 up 111 days,  2:08,  0 users,  load average: 3.07, 2.48, 1.47
Tasks: 408 total,   2 running, 406 sleeping,   0 stopped,   0 zombie
%Cpu(s): 33.8 us,  0.5 sy,  0.0 ni, 65.7 id,  0.0 wa,  0.0 hi,  0.0 si,  0.0 st
KiB Mem : 65877692 total, 48114800 free,  1870472 used, 15892420 buff/cache
KiB Swap: 33554428 total, 32377032 free,  1177396 used. 62704376 avail Mem 
--
top - 10:24:30 up 111 days,  2:08,  0 users,  load average: 2.82, 2.44, 1.46
Tasks: 408 total,   1 running, 407 sleeping,   0 stopped,   0 zombie
%Cpu(s): 11.1 us,  0.1 sy,  0.0 ni, 88.8 id,  0.0 wa,  0.0 hi,  0.0 si,  0.0 st
KiB Mem : 65877692 total, 48191456 free,  1793816 used, 15892420 buff/cache
KiB Swap: 33554428 total, 32377032 free,  1177396 used. 62781032 avail Mem 
--
top - 10:24:35 up 111 days,  2:08,  0 users,  load average: 2.60, 2.40, 1.45
Tasks: 408 total,   1 running, 407 sleeping,   0 stopped,   0 zombie
%Cpu(s):  0.1 us,  0.0 sy,  0.0 ni, 99.9 id,  0.0 wa,  0.0 hi,  0.0 si,  0.0 st
KiB Mem : 65877692 total, 48172972 free,  1812296 used, 15892424 buff/cache
KiB Swap: 33554428 total, 32377032 free,  1177396 used. 62762552 avail Mem 
--
top - 10:24:40 up 111 days,  2:08,  0 users,  load average: 2.39, 2.36, 1.44
Tasks: 408 total,   1 running, 407 sleeping,   0 stopped,   0 zombie
%Cpu(s):  0.1 us,  0.1 sy,  0.0 ni, 99.8 id,  0.0 wa,  0.0 hi,  0.0 si,  0.0 st
KiB Mem : 65877692 total, 48136936 free,  1848332 used, 15892424 buff/cache
KiB Swap: 33554428 total, 32377032 free,  1177396 used. 62726516 avail Mem 
--
top - 10:24:45 up 111 days,  2:08,  0 users,  load average: 2.20, 2.32, 1.43
Tasks: 408 total,   1 running, 407 sleeping,   0 stopped,   0 zombie
%Cpu(s):  0.1 us,  0.1 sy,  0.0 ni, 99.9 id,  0.0 wa,  0.0 hi,  0.0 si,  0.0 st
KiB Mem : 65877692 total, 48105232 free,  1880036 used, 15892424 buff/cache
KiB Swap: 33554428 total, 32377032 free,  1177396 used. 62694812 avail Mem 
--
top - 10:24:50 up 111 days,  2:08,  0 users,  load average: 2.02, 2.28, 1.43
Tasks: 408 total,   2 running, 406 sleeping,   0 stopped,   0 zombie
%Cpu(s): 21.8 us,  0.4 sy,  0.0 ni, 77.8 id,  0.0 wa,  0.0 hi,  0.0 si,  0.0 st
KiB Mem : 65877692 total, 48014328 free,  1970940 used, 15892424 buff/cache
KiB Swap: 33554428 total, 32377032 free,  1177396 used. 62603908 avail Mem 
--
top - 10:24:55 up 111 days,  2:08,  0 users,  load average: 3.14, 2.51, 1.50
Tasks: 408 total,   1 running, 407 sleeping,   0 stopped,   0 zombie
%Cpu(s): 24.0 us,  0.3 sy,  0.0 ni, 75.7 id,  0.0 wa,  0.0 hi,  0.0 si,  0.0 st
KiB Mem : 65877692 total, 48089328 free,  1895940 used, 15892424 buff/cache
KiB Swap: 33554428 total, 32377032 free,  1177396 used. 62678908 avail Mem 
--
top - 10:25:00 up 111 days,  2:08,  0 users,  load average: 2.89, 2.46, 1.50
Tasks: 405 total,   1 running, 404 sleeping,   0 stopped,   0 zombie
%Cpu(s):  0.1 us,  0.0 sy,  0.0 ni, 99.9 id,  0.0 wa,  0.0 hi,  0.0 si,  0.0 st
KiB Mem : 65877692 total, 48071456 free,  1913812 used, 15892424 buff/cache
KiB Swap: 33554428 total, 32377032 free,  1177396 used. 62661036 avail Mem 
--
top - 10:25:05 up 111 days,  2:08,  0 users,  load average: 2.66, 2.42, 1.49
Tasks: 403 total,   1 running, 402 sleeping,   0 stopped,   0 zombie
%Cpu(s):  0.1 us,  0.0 sy,  0.0 ni, 99.9 id,  0.0 wa,  0.0 hi,  0.0 si,  0.0 st
KiB Mem : 65877692 total, 48033496 free,  1951772 used, 15892424 buff/cache
KiB Swap: 33554428 total, 32377032 free,  1177396 used. 62623076 avail Mem 
--
top - 10:25:10 up 111 days,  2:09,  0 users,  load average: 2.45, 2.38, 1.48
Tasks: 402 total,   1 running, 401 sleeping,   0 stopped,   0 zombie
%Cpu(s):  0.1 us,  0.1 sy,  0.0 ni, 99.9 id,  0.0 wa,  0.0 hi,  0.0 si,  0.0 st
KiB Mem : 65877692 total, 47982452 free,  2002816 used, 15892424 buff/cache
KiB Swap: 33554428 total, 32377032 free,  1177396 used. 62572032 avail Mem 
--
top - 10:25:15 up 111 days,  2:09,  0 users,  load average: 2.25, 2.34, 1.47
Tasks: 401 total,   1 running, 400 sleeping,   0 stopped,   0 zombie
%Cpu(s): 45.9 us,  0.3 sy,  0.0 ni, 53.8 id,  0.0 wa,  0.0 hi,  0.0 si,  0.0 st
KiB Mem : 65877692 total, 47875016 free,  2110252 used, 15892424 buff/cache
KiB Swap: 33554428 total, 32377032 free,  1177396 used. 62464596 avail Mem 
