Job id: 4755045
Worker ip: 10.149.0.60
Master ip: 10.149.0.59
--
top - 14:04:25 up 111 days,  5:48,  0 users,  load average: 0.00, 0.04, 0.23
Tasks: 397 total,   2 running, 395 sleeping,   0 stopped,   0 zombie
%Cpu(s):  1.7 us,  3.3 sy,  0.0 ni, 94.7 id,  0.0 wa,  0.0 hi,  0.4 si,  0.0 st
KiB Mem : 65877692 total, 52005012 free,  1276644 used, 12596036 buff/cache
KiB Swap: 33554428 total, 31912172 free,  1642256 used. 63341736 avail Mem 
--
top - 14:04:30 up 111 days,  5:48,  0 users,  load average: 0.00, 0.04, 0.23
Tasks: 399 total,   2 running, 397 sleeping,   0 stopped,   0 zombie
%Cpu(s):  1.6 us,  0.4 sy,  0.0 ni, 97.9 id,  0.0 wa,  0.0 hi,  0.0 si,  0.0 st
KiB Mem : 65877692 total, 51983884 free,  1291076 used, 12602732 buff/cache
KiB Swap: 33554428 total, 31912172 free,  1642256 used. 63327224 avail Mem 
--
top - 14:04:35 up 111 days,  5:48,  0 users,  load average: 0.00, 0.04, 0.22
Tasks: 399 total,   1 running, 398 sleeping,   0 stopped,   0 zombie
%Cpu(s):  0.0 us,  0.0 sy,  0.0 ni,100.0 id,  0.0 wa,  0.0 hi,  0.0 si,  0.0 st
KiB Mem : 65877692 total, 51984180 free,  1290780 used, 12602732 buff/cache
KiB Swap: 33554428 total, 31912172 free,  1642256 used. 63327520 avail Mem 
--
top - 14:04:40 up 111 days,  5:48,  0 users,  load average: 0.00, 0.04, 0.22
Tasks: 399 total,   1 running, 398 sleeping,   0 stopped,   0 zombie
%Cpu(s):  0.0 us,  0.0 sy,  0.0 ni,100.0 id,  0.0 wa,  0.0 hi,  0.0 si,  0.0 st
KiB Mem : 65877692 total, 51984180 free,  1290780 used, 12602732 buff/cache
KiB Swap: 33554428 total, 31912172 free,  1642256 used. 63327520 avail Mem 
--
top - 14:04:45 up 111 days,  5:48,  0 users,  load average: 0.00, 0.04, 0.22
Tasks: 399 total,   1 running, 398 sleeping,   0 stopped,   0 zombie
%Cpu(s):  0.3 us,  0.1 sy,  0.0 ni, 99.5 id,  0.0 wa,  0.0 hi,  0.0 si,  0.0 st
KiB Mem : 65877692 total, 51872924 free,  1402036 used, 12602732 buff/cache
KiB Swap: 33554428 total, 31912172 free,  1642256 used. 63216264 avail Mem 
--
top - 14:04:50 up 111 days,  5:48,  0 users,  load average: 0.00, 0.04, 0.22
Tasks: 400 total,   1 running, 399 sleeping,   0 stopped,   0 zombie
%Cpu(s):  0.6 us,  0.3 sy,  0.0 ni, 99.0 id,  0.0 wa,  0.0 hi,  0.1 si,  0.0 st
KiB Mem : 65877692 total, 51464844 free,  1810116 used, 12602732 buff/cache
KiB Swap: 33554428 total, 31912172 free,  1642256 used. 62808184 avail Mem 
--
top - 14:04:55 up 111 days,  5:48,  0 users,  load average: 0.00, 0.04, 0.22
Tasks: 400 total,   1 running, 399 sleeping,   0 stopped,   0 zombie
%Cpu(s):  0.6 us,  0.4 sy,  0.0 ni, 98.9 id,  0.0 wa,  0.0 hi,  0.1 si,  0.0 st
KiB Mem : 65877692 total, 50959104 free,  2315856 used, 12602732 buff/cache
KiB Swap: 33554428 total, 31912172 free,  1642256 used. 62302444 avail Mem 
--
top - 14:05:00 up 111 days,  5:48,  0 users,  load average: 2.41, 0.53, 0.38
Tasks: 398 total,   2 running, 396 sleeping,   0 stopped,   0 zombie
%Cpu(s): 87.0 us,  0.8 sy,  0.0 ni, 12.1 id,  0.0 wa,  0.0 hi,  0.0 si,  0.0 st
KiB Mem : 65877692 total, 50474632 free,  2800328 used, 12602732 buff/cache
KiB Swap: 33554428 total, 31912172 free,  1642256 used. 61817972 avail Mem 
--
top - 14:05:05 up 111 days,  5:48,  0 users,  load average: 4.70, 1.04, 0.55
Tasks: 396 total,   2 running, 394 sleeping,   0 stopped,   0 zombie
%Cpu(s): 96.5 us,  0.4 sy,  0.0 ni,  3.1 id,  0.0 wa,  0.0 hi,  0.0 si,  0.0 st
KiB Mem : 65877692 total, 50193920 free,  3081040 used, 12602732 buff/cache
KiB Swap: 33554428 total, 31912172 free,  1642256 used. 61537260 avail Mem 
--
top - 14:05:11 up 111 days,  5:49,  0 users,  load average: 6.80, 1.54, 0.71
Tasks: 396 total,   2 running, 394 sleeping,   0 stopped,   0 zombie
%Cpu(s): 96.5 us,  0.5 sy,  0.0 ni,  3.1 id,  0.0 wa,  0.0 hi,  0.0 si,  0.0 st
KiB Mem : 65877692 total, 49940424 free,  3334536 used, 12602732 buff/cache
KiB Swap: 33554428 total, 31912172 free,  1642256 used. 61283764 avail Mem 
--
top - 14:05:16 up 111 days,  5:49,  0 users,  load average: 8.74, 2.03, 0.87
Tasks: 396 total,   2 running, 394 sleeping,   0 stopped,   0 zombie
%Cpu(s): 96.6 us,  0.3 sy,  0.0 ni,  3.0 id,  0.0 wa,  0.0 hi,  0.0 si,  0.0 st
KiB Mem : 65877692 total, 49697272 free,  3577688 used, 12602732 buff/cache
KiB Swap: 33554428 total, 31912172 free,  1642256 used. 61040612 avail Mem 
--
top - 14:05:21 up 111 days,  5:49,  0 users,  load average: 10.44, 2.49, 1.03
Tasks: 396 total,   2 running, 394 sleeping,   0 stopped,   0 zombie
%Cpu(s): 96.7 us,  0.3 sy,  0.0 ni,  3.0 id,  0.0 wa,  0.0 hi,  0.0 si,  0.0 st
KiB Mem : 65877692 total, 49448708 free,  3826248 used, 12602736 buff/cache
KiB Swap: 33554428 total, 31912172 free,  1642256 used. 60792052 avail Mem 
--
top - 14:05:26 up 111 days,  5:49,  0 users,  load average: 12.09, 2.96, 1.19
Tasks: 396 total,   2 running, 394 sleeping,   0 stopped,   0 zombie
%Cpu(s): 96.2 us,  0.4 sy,  0.0 ni,  3.4 id,  0.0 wa,  0.0 hi,  0.0 si,  0.0 st
KiB Mem : 65877692 total, 49216648 free,  4058308 used, 12602736 buff/cache
KiB Swap: 33554428 total, 31912172 free,  1642256 used. 60559992 avail Mem 
--
top - 14:05:31 up 111 days,  5:49,  0 users,  load average: 13.60, 3.43, 1.35
Tasks: 396 total,   2 running, 394 sleeping,   0 stopped,   0 zombie
%Cpu(s): 96.6 us,  0.3 sy,  0.0 ni,  3.1 id,  0.0 wa,  0.0 hi,  0.0 si,  0.0 st
KiB Mem : 65877692 total, 48963400 free,  4311556 used, 12602736 buff/cache
KiB Swap: 33554428 total, 31912172 free,  1642256 used. 60306744 avail Mem 
--
top - 14:05:36 up 111 days,  5:49,  0 users,  load average: 15.00, 3.89, 1.51
Tasks: 397 total,   2 running, 395 sleeping,   0 stopped,   0 zombie
%Cpu(s): 96.2 us,  0.7 sy,  0.0 ni,  3.1 id,  0.0 wa,  0.0 hi,  0.0 si,  0.0 st
KiB Mem : 65877692 total, 48675444 free,  4599512 used, 12602736 buff/cache
KiB Swap: 33554428 total, 31912172 free,  1642256 used. 60018788 avail Mem 
--
top - 14:05:41 up 111 days,  5:49,  0 users,  load average: 16.28, 4.34, 1.67
Tasks: 397 total,   2 running, 395 sleeping,   0 stopped,   0 zombie
%Cpu(s): 96.0 us,  1.0 sy,  0.0 ni,  3.0 id,  0.0 wa,  0.0 hi,  0.0 si,  0.0 st
KiB Mem : 65877692 total, 48502636 free,  4772320 used, 12602736 buff/cache
KiB Swap: 33554428 total, 31912172 free,  1642256 used. 59845980 avail Mem 
--
top - 14:05:46 up 111 days,  5:49,  0 users,  load average: 17.46, 4.78, 1.82
Tasks: 397 total,   2 running, 395 sleeping,   0 stopped,   0 zombie
%Cpu(s): 96.1 us,  0.6 sy,  0.0 ni,  3.3 id,  0.0 wa,  0.0 hi,  0.0 si,  0.0 st
KiB Mem : 65877692 total, 48283496 free,  4991460 used, 12602736 buff/cache
KiB Swap: 33554428 total, 31912172 free,  1642256 used. 59626840 avail Mem 
--
top - 14:05:51 up 111 days,  5:49,  0 users,  load average: 18.54, 5.22, 1.98
Tasks: 397 total,   2 running, 395 sleeping,   0 stopped,   0 zombie
%Cpu(s): 96.5 us,  0.4 sy,  0.0 ni,  3.1 id,  0.0 wa,  0.0 hi,  0.0 si,  0.0 st
KiB Mem : 65877692 total, 48068212 free,  5206744 used, 12602736 buff/cache
KiB Swap: 33554428 total, 31912172 free,  1642256 used. 59411556 avail Mem 
--
top - 14:05:56 up 111 days,  5:49,  0 users,  load average: 19.54, 5.64, 2.14
Tasks: 397 total,   2 running, 395 sleeping,   0 stopped,   0 zombie
%Cpu(s): 96.4 us,  0.5 sy,  0.0 ni,  3.1 id,  0.0 wa,  0.0 hi,  0.0 si,  0.0 st
KiB Mem : 65877692 total, 47809780 free,  5465176 used, 12602736 buff/cache
KiB Swap: 33554428 total, 31912172 free,  1642256 used. 59153124 avail Mem 
--
top - 14:06:01 up 111 days,  5:49,  0 users,  load average: 20.46, 6.06, 2.29
Tasks: 398 total,   2 running, 396 sleeping,   0 stopped,   0 zombie
%Cpu(s): 96.6 us,  0.8 sy,  0.0 ni,  2.6 id,  0.0 wa,  0.0 hi,  0.0 si,  0.0 st
KiB Mem : 65877692 total, 47580620 free,  5694356 used, 12602716 buff/cache
KiB Swap: 33554428 total, 31912172 free,  1642256 used. 58923964 avail Mem 
--
top - 14:06:06 up 111 days,  5:49,  0 users,  load average: 21.22, 6.46, 2.44
Tasks: 401 total,   2 running, 399 sleeping,   0 stopped,   0 zombie
%Cpu(s): 96.6 us,  0.3 sy,  0.0 ni,  3.1 id,  0.0 wa,  0.0 hi,  0.0 si,  0.0 st
KiB Mem : 65877692 total, 47348872 free,  5926084 used, 12602736 buff/cache
KiB Swap: 33554428 total, 31912172 free,  1642256 used. 58692216 avail Mem 
--
top - 14:06:11 up 111 days,  5:50,  0 users,  load average: 22.00, 6.87, 2.59
Tasks: 402 total,   2 running, 400 sleeping,   0 stopped,   0 zombie
%Cpu(s): 96.4 us,  0.3 sy,  0.0 ni,  3.3 id,  0.0 wa,  0.0 hi,  0.0 si,  0.0 st
KiB Mem : 65877692 total, 47117296 free,  6157660 used, 12602736 buff/cache
KiB Swap: 33554428 total, 31912172 free,  1642256 used. 58460640 avail Mem 
--
top - 14:06:16 up 111 days,  5:50,  0 users,  load average: 22.56, 7.24, 2.74
Tasks: 402 total,   2 running, 400 sleeping,   0 stopped,   0 zombie
%Cpu(s): 96.6 us,  0.4 sy,  0.0 ni,  3.1 id,  0.0 wa,  0.0 hi,  0.0 si,  0.0 st
KiB Mem : 65877692 total, 46908896 free,  6366056 used, 12602740 buff/cache
KiB Swap: 33554428 total, 31912172 free,  1642256 used. 58252244 avail Mem 
--
top - 14:06:21 up 111 days,  5:50,  0 users,  load average: 23.24, 7.63, 2.89
Tasks: 402 total,   2 running, 400 sleeping,   0 stopped,   0 zombie
%Cpu(s): 96.5 us,  0.4 sy,  0.0 ni,  3.1 id,  0.0 wa,  0.0 hi,  0.0 si,  0.0 st
KiB Mem : 65877692 total, 46701996 free,  6572956 used, 12602740 buff/cache
KiB Swap: 33554428 total, 31912172 free,  1642256 used. 58045344 avail Mem 
--
top - 14:06:26 up 111 days,  5:50,  0 users,  load average: 23.86, 8.02, 3.04
Tasks: 403 total,   2 running, 401 sleeping,   0 stopped,   0 zombie
%Cpu(s): 96.3 us,  0.6 sy,  0.0 ni,  3.0 id,  0.0 wa,  0.0 hi,  0.0 si,  0.0 st
KiB Mem : 65877692 total, 46463632 free,  6811320 used, 12602740 buff/cache
KiB Swap: 33554428 total, 31912172 free,  1642256 used. 57806980 avail Mem 
--
top - 14:06:31 up 111 days,  5:50,  0 users,  load average: 24.43, 8.40, 3.19
Tasks: 403 total,   2 running, 401 sleeping,   0 stopped,   0 zombie
%Cpu(s): 96.4 us,  0.5 sy,  0.0 ni,  3.1 id,  0.0 wa,  0.0 hi,  0.0 si,  0.0 st
KiB Mem : 65877692 total, 46216444 free,  7058508 used, 12602740 buff/cache
KiB Swap: 33554428 total, 31912172 free,  1642256 used. 57559792 avail Mem 
--
top - 14:06:36 up 111 days,  5:50,  0 users,  load average: 24.88, 8.76, 3.33
Tasks: 403 total,   2 running, 401 sleeping,   0 stopped,   0 zombie
%Cpu(s): 96.6 us,  0.3 sy,  0.0 ni,  3.1 id,  0.0 wa,  0.0 hi,  0.0 si,  0.0 st
KiB Mem : 65877692 total, 45981608 free,  7293344 used, 12602740 buff/cache
KiB Swap: 33554428 total, 31912172 free,  1642256 used. 57324956 avail Mem 
--
top - 14:06:41 up 111 days,  5:50,  0 users,  load average: 25.29, 9.11, 3.48
Tasks: 403 total,   2 running, 401 sleeping,   0 stopped,   0 zombie
%Cpu(s): 96.1 us,  0.4 sy,  0.0 ni,  3.5 id,  0.0 wa,  0.0 hi,  0.0 si,  0.0 st
KiB Mem : 65877692 total, 45741412 free,  7533540 used, 12602740 buff/cache
KiB Swap: 33554428 total, 31912172 free,  1642256 used. 57084760 avail Mem 
--
top - 14:06:46 up 111 days,  5:50,  0 users,  load average: 25.75, 9.47, 3.62
Tasks: 403 total,   2 running, 401 sleeping,   0 stopped,   0 zombie
%Cpu(s): 96.0 us,  0.5 sy,  0.0 ni,  3.5 id,  0.0 wa,  0.0 hi,  0.0 si,  0.0 st
KiB Mem : 65877692 total, 45502592 free,  7772360 used, 12602740 buff/cache
KiB Swap: 33554428 total, 31912172 free,  1642256 used. 56845940 avail Mem 
--
top - 14:06:51 up 111 days,  5:50,  0 users,  load average: 26.09, 9.82, 3.77
Tasks: 404 total,   3 running, 401 sleeping,   0 stopped,   0 zombie
%Cpu(s): 95.6 us,  0.4 sy,  0.0 ni,  4.0 id,  0.0 wa,  0.0 hi,  0.0 si,  0.0 st
KiB Mem : 65877692 total, 45252284 free,  8022668 used, 12602740 buff/cache
KiB Swap: 33554428 total, 31912172 free,  1642256 used. 56595136 avail Mem 
--
top - 14:06:56 up 111 days,  5:50,  0 users,  load average: 26.48, 10.17, 3.91
Tasks: 403 total,   2 running, 401 sleeping,   0 stopped,   0 zombie
%Cpu(s): 96.5 us,  0.4 sy,  0.0 ni,  3.1 id,  0.0 wa,  0.0 hi,  0.0 si,  0.0 st
KiB Mem : 65877692 total, 45028588 free,  8246364 used, 12602740 buff/cache
KiB Swap: 33554428 total, 31912172 free,  1642256 used. 56371936 avail Mem 
--
top - 14:07:01 up 111 days,  5:50,  0 users,  load average: 26.84, 10.51, 4.06
Tasks: 400 total,   2 running, 398 sleeping,   0 stopped,   0 zombie
%Cpu(s): 96.5 us,  0.3 sy,  0.0 ni,  3.1 id,  0.0 wa,  0.0 hi,  0.0 si,  0.0 st
KiB Mem : 65877692 total, 44816724 free,  8458228 used, 12602740 buff/cache
KiB Swap: 33554428 total, 31912172 free,  1642256 used. 56160072 avail Mem 
--
top - 14:07:06 up 111 days,  5:50,  0 users,  load average: 27.10, 10.84, 4.20
Tasks: 399 total,   2 running, 397 sleeping,   0 stopped,   0 zombie
%Cpu(s): 96.4 us,  0.4 sy,  0.0 ni,  3.2 id,  0.0 wa,  0.0 hi,  0.0 si,  0.0 st
KiB Mem : 65877692 total, 44592328 free,  8682624 used, 12602740 buff/cache
KiB Swap: 33554428 total, 31912172 free,  1642256 used. 55935180 avail Mem 
--
top - 14:07:11 up 111 days,  5:51,  0 users,  load average: 27.33, 11.16, 4.34
Tasks: 399 total,   2 running, 397 sleeping,   0 stopped,   0 zombie
%Cpu(s): 94.9 us,  0.5 sy,  0.0 ni,  4.6 id,  0.0 wa,  0.0 hi,  0.0 si,  0.0 st
KiB Mem : 65877692 total, 44331076 free,  8943872 used, 12602744 buff/cache
KiB Swap: 33554428 total, 31912172 free,  1642256 used. 55674428 avail Mem 
--
top - 14:07:16 up 111 days,  5:51,  0 users,  load average: 27.22, 11.40, 4.45
Tasks: 399 total,   2 running, 397 sleeping,   0 stopped,   0 zombie
%Cpu(s): 88.9 us,  0.4 sy,  0.0 ni, 10.7 id,  0.0 wa,  0.0 hi,  0.0 si,  0.0 st
KiB Mem : 65877692 total, 44113936 free,  9161012 used, 12602744 buff/cache
KiB Swap: 33554428 total, 31912172 free,  1642256 used. 55457288 avail Mem 
--
top - 14:07:21 up 111 days,  5:51,  0 users,  load average: 26.72, 11.56, 4.54
Tasks: 399 total,   1 running, 398 sleeping,   0 stopped,   0 zombie
%Cpu(s): 65.0 us,  0.3 sy,  0.0 ni, 34.7 id,  0.0 wa,  0.0 hi,  0.0 si,  0.0 st
KiB Mem : 65877692 total, 43898260 free,  9376688 used, 12602744 buff/cache
KiB Swap: 33554428 total, 31912172 free,  1642256 used. 55241612 avail Mem 
--
top - 14:07:26 up 111 days,  5:51,  0 users,  load average: 24.74, 11.40, 4.53
Tasks: 399 total,   1 running, 398 sleeping,   0 stopped,   0 zombie
%Cpu(s):  9.1 us,  0.1 sy,  0.0 ni, 90.8 id,  0.0 wa,  0.0 hi,  0.0 si,  0.0 st
KiB Mem : 65877692 total, 43844576 free,  9430372 used, 12602744 buff/cache
KiB Swap: 33554428 total, 31912172 free,  1642256 used. 55187928 avail Mem 
--
top - 14:07:31 up 111 days,  5:51,  0 users,  load average: 22.76, 11.21, 4.50
Tasks: 399 total,   1 running, 398 sleeping,   0 stopped,   0 zombie
%Cpu(s):  0.0 us,  0.0 sy,  0.0 ni,100.0 id,  0.0 wa,  0.0 hi,  0.0 si,  0.0 st
KiB Mem : 65877692 total, 43844576 free,  9430372 used, 12602744 buff/cache
KiB Swap: 33554428 total, 31912172 free,  1642256 used. 55187928 avail Mem 
--
top - 14:07:36 up 111 days,  5:51,  0 users,  load average: 20.94, 11.03, 4.48
Tasks: 399 total,   1 running, 398 sleeping,   0 stopped,   0 zombie
%Cpu(s):  0.1 us,  0.2 sy,  0.0 ni, 99.8 id,  0.0 wa,  0.0 hi,  0.0 si,  0.0 st
KiB Mem : 65877692 total, 44920496 free,  8354452 used, 12602744 buff/cache
KiB Swap: 33554428 total, 31912172 free,  1642256 used. 56263848 avail Mem 
--
top - 14:07:41 up 111 days,  5:51,  0 users,  load average: 19.26, 10.84, 4.45
Tasks: 399 total,   1 running, 398 sleeping,   0 stopped,   0 zombie
%Cpu(s):  0.0 us,  0.0 sy,  0.0 ni,100.0 id,  0.0 wa,  0.0 hi,  0.0 si,  0.0 st
KiB Mem : 65877692 total, 44922100 free,  8352848 used, 12602744 buff/cache
KiB Swap: 33554428 total, 31912172 free,  1642256 used. 56265452 avail Mem 
--
top - 14:07:46 up 111 days,  5:51,  0 users,  load average: 17.72, 10.66, 4.43
Tasks: 399 total,   1 running, 398 sleeping,   0 stopped,   0 zombie
%Cpu(s):  0.0 us,  0.0 sy,  0.0 ni, 99.9 id,  0.0 wa,  0.0 hi,  0.0 si,  0.0 st
KiB Mem : 65877692 total, 44921976 free,  8352972 used, 12602744 buff/cache
KiB Swap: 33554428 total, 31912172 free,  1642256 used. 56265328 avail Mem 
--
top - 14:07:51 up 111 days,  5:51,  0 users,  load average: 16.30, 10.49, 4.41
Tasks: 399 total,   1 running, 398 sleeping,   0 stopped,   0 zombie
%Cpu(s):  0.6 us,  0.4 sy,  0.0 ni, 98.9 id,  0.0 wa,  0.0 hi,  0.1 si,  0.0 st
KiB Mem : 65877692 total, 44627792 free,  8647156 used, 12602744 buff/cache
KiB Swap: 33554428 total, 31912172 free,  1642256 used. 55971144 avail Mem 
--
top - 14:07:56 up 111 days,  5:51,  0 users,  load average: 15.00, 10.31, 4.38
Tasks: 399 total,   1 running, 398 sleeping,   0 stopped,   0 zombie
%Cpu(s):  0.5 us,  0.4 sy,  0.0 ni, 99.0 id,  0.0 wa,  0.0 hi,  0.1 si,  0.0 st
KiB Mem : 65877692 total, 44236732 free,  9038216 used, 12602744 buff/cache
KiB Swap: 33554428 total, 31912172 free,  1642256 used. 55580084 avail Mem 
--
top - 14:08:01 up 111 days,  5:51,  0 users,  load average: 13.88, 10.16, 4.36
Tasks: 401 total,   1 running, 400 sleeping,   0 stopped,   0 zombie
%Cpu(s):  0.9 us,  0.6 sy,  0.0 ni, 98.1 id,  0.3 wa,  0.0 hi,  0.1 si,  0.0 st
KiB Mem : 65877692 total, 43895844 free,  9379100 used, 12602748 buff/cache
KiB Swap: 33554428 total, 31912172 free,  1642256 used. 55239196 avail Mem 
--
top - 14:08:07 up 111 days,  5:51,  0 users,  load average: 15.57, 10.57, 4.53
Tasks: 404 total,   2 running, 402 sleeping,   0 stopped,   0 zombie
%Cpu(s): 93.8 us,  0.8 sy,  0.0 ni,  4.0 id,  1.4 wa,  0.0 hi,  0.0 si,  0.0 st
KiB Mem : 65877692 total, 43640340 free,  9634604 used, 12602748 buff/cache
KiB Swap: 33554428 total, 31912172 free,  1642256 used. 54983696 avail Mem 
--
top - 14:08:12 up 111 days,  5:52,  0 users,  load average: 17.36, 11.03, 4.71
Tasks: 405 total,   2 running, 403 sleeping,   0 stopped,   0 zombie
%Cpu(s): 96.4 us,  0.5 sy,  0.0 ni,  0.7 id,  2.4 wa,  0.0 hi,  0.0 si,  0.0 st
KiB Mem : 65877692 total, 43399740 free,  9875204 used, 12602748 buff/cache
KiB Swap: 33554428 total, 31912172 free,  1642256 used. 54743096 avail Mem 
--
top - 14:08:17 up 111 days,  5:52,  0 users,  load average: 19.02, 11.47, 4.89
Tasks: 405 total,   2 running, 403 sleeping,   0 stopped,   0 zombie
%Cpu(s): 96.2 us,  0.6 sy,  0.0 ni,  2.0 id,  1.1 wa,  0.0 hi,  0.0 si,  0.0 st
KiB Mem : 65877692 total, 43155240 free, 10119704 used, 12602748 buff/cache
KiB Swap: 33554428 total, 31912172 free,  1642256 used. 54498596 avail Mem 
--
top - 14:08:22 up 111 days,  5:52,  0 users,  load average: 19.97, 11.80, 5.03
Tasks: 405 total,   2 running, 403 sleeping,   0 stopped,   0 zombie
%Cpu(s): 96.3 us,  0.5 sy,  0.0 ni,  3.2 id,  0.0 wa,  0.0 hi,  0.0 si,  0.0 st
KiB Mem : 65877692 total, 42930340 free, 10344604 used, 12602748 buff/cache
KiB Swap: 33554428 total, 31912172 free,  1642256 used. 54273696 avail Mem 
--
top - 14:08:27 up 111 days,  5:52,  0 users,  load average: 20.78, 12.10, 5.16
Tasks: 405 total,   2 running, 403 sleeping,   0 stopped,   0 zombie
%Cpu(s): 96.4 us,  0.5 sy,  0.0 ni,  3.1 id,  0.0 wa,  0.0 hi,  0.0 si,  0.0 st
KiB Mem : 65877692 total, 42693552 free, 10581392 used, 12602748 buff/cache
KiB Swap: 33554428 total, 31912172 free,  1642256 used. 54036908 avail Mem 
--
top - 14:08:32 up 111 days,  5:52,  0 users,  load average: 21.60, 12.41, 5.30
Tasks: 405 total,   2 running, 403 sleeping,   0 stopped,   0 zombie
%Cpu(s): 96.4 us,  0.5 sy,  0.0 ni,  3.1 id,  0.0 wa,  0.0 hi,  0.0 si,  0.0 st
KiB Mem : 65877692 total, 42431556 free, 10843388 used, 12602748 buff/cache
KiB Swap: 33554428 total, 31912172 free,  1642256 used. 53774912 avail Mem 
--
top - 14:08:37 up 111 days,  5:52,  0 users,  load average: 22.27, 12.71, 5.43
Tasks: 405 total,   2 running, 403 sleeping,   0 stopped,   0 zombie
%Cpu(s): 96.3 us,  0.6 sy,  0.0 ni,  3.1 id,  0.0 wa,  0.0 hi,  0.0 si,  0.0 st
KiB Mem : 65877692 total, 42197756 free, 11077188 used, 12602748 buff/cache
KiB Swap: 33554428 total, 31912172 free,  1642256 used. 53541112 avail Mem 
--
top - 14:08:42 up 111 days,  5:52,  0 users,  load average: 22.97, 13.01, 5.57
Tasks: 405 total,   2 running, 403 sleeping,   0 stopped,   0 zombie
%Cpu(s): 96.3 us,  0.6 sy,  0.0 ni,  3.1 id,  0.0 wa,  0.0 hi,  0.0 si,  0.0 st
KiB Mem : 65877692 total, 41941608 free, 11333336 used, 12602748 buff/cache
KiB Swap: 33554428 total, 31912172 free,  1642256 used. 53284964 avail Mem 
--
top - 14:08:47 up 111 days,  5:52,  0 users,  load average: 23.61, 13.31, 5.71
Tasks: 405 total,   2 running, 403 sleeping,   0 stopped,   0 zombie
%Cpu(s): 96.4 us,  0.6 sy,  0.0 ni,  3.0 id,  0.0 wa,  0.0 hi,  0.0 si,  0.0 st
KiB Mem : 65877692 total, 41709964 free, 11564980 used, 12602748 buff/cache
KiB Swap: 33554428 total, 31912172 free,  1642256 used. 53053320 avail Mem 
--
top - 14:08:52 up 111 days,  5:52,  0 users,  load average: 24.20, 13.60, 5.84
Tasks: 405 total,   2 running, 403 sleeping,   0 stopped,   0 zombie
%Cpu(s): 96.3 us,  0.6 sy,  0.0 ni,  3.0 id,  0.0 wa,  0.0 hi,  0.0 si,  0.0 st
KiB Mem : 65877692 total, 41467968 free, 11806976 used, 12602748 buff/cache
KiB Swap: 33554428 total, 31912172 free,  1642256 used. 52811324 avail Mem 
--
top - 14:08:57 up 111 days,  5:52,  0 users,  load average: 24.75, 13.89, 5.98
Tasks: 405 total,   2 running, 403 sleeping,   0 stopped,   0 zombie
%Cpu(s): 96.2 us,  0.6 sy,  0.0 ni,  3.1 id,  0.0 wa,  0.0 hi,  0.0 si,  0.0 st
KiB Mem : 65877692 total, 41226592 free, 12048348 used, 12602752 buff/cache
KiB Swap: 33554428 total, 31912172 free,  1642256 used. 52569952 avail Mem 
--
top - 14:09:02 up 111 days,  5:52,  0 users,  load average: 25.25, 14.18, 6.11
Tasks: 401 total,   2 running, 399 sleeping,   0 stopped,   0 zombie
%Cpu(s): 96.4 us,  0.5 sy,  0.0 ni,  3.0 id,  0.0 wa,  0.0 hi,  0.0 si,  0.0 st
KiB Mem : 65877692 total, 40983936 free, 12291004 used, 12602752 buff/cache
KiB Swap: 33554428 total, 31912172 free,  1642256 used. 52327296 avail Mem 
--
top - 14:09:07 up 111 days,  5:53,  0 users,  load average: 25.63, 14.44, 6.24
Tasks: 400 total,   2 running, 398 sleeping,   0 stopped,   0 zombie
%Cpu(s): 96.1 us,  0.7 sy,  0.0 ni,  3.2 id,  0.0 wa,  0.0 hi,  0.0 si,  0.0 st
KiB Mem : 65877692 total, 40741156 free, 12533784 used, 12602752 buff/cache
KiB Swap: 33554428 total, 31912172 free,  1642256 used. 52084516 avail Mem 
--
top - 14:09:12 up 111 days,  5:53,  0 users,  load average: 26.06, 14.71, 6.37
Tasks: 400 total,   2 running, 398 sleeping,   0 stopped,   0 zombie
%Cpu(s): 96.2 us,  0.6 sy,  0.0 ni,  3.1 id,  0.0 wa,  0.0 hi,  0.0 si,  0.0 st
KiB Mem : 65877692 total, 40504180 free, 12770760 used, 12602752 buff/cache
KiB Swap: 33554428 total, 31912172 free,  1642256 used. 51847540 avail Mem 
--
top - 14:09:17 up 111 days,  5:53,  0 users,  load average: 26.45, 14.98, 6.51
Tasks: 400 total,   2 running, 398 sleeping,   0 stopped,   0 zombie
%Cpu(s): 96.4 us,  0.5 sy,  0.0 ni,  3.2 id,  0.0 wa,  0.0 hi,  0.0 si,  0.0 st
KiB Mem : 65877692 total, 40271684 free, 13003256 used, 12602752 buff/cache
KiB Swap: 33554428 total, 31912172 free,  1642256 used. 51615044 avail Mem 
--
top - 14:09:22 up 111 days,  5:53,  0 users,  load average: 26.82, 15.25, 6.64
Tasks: 400 total,   2 running, 398 sleeping,   0 stopped,   0 zombie
%Cpu(s): 96.4 us,  0.5 sy,  0.0 ni,  3.1 id,  0.0 wa,  0.0 hi,  0.0 si,  0.0 st
KiB Mem : 65877692 total, 40025504 free, 13249436 used, 12602752 buff/cache
KiB Swap: 33554428 total, 31912172 free,  1642256 used. 51368864 avail Mem 
--
top - 14:09:27 up 111 days,  5:53,  0 users,  load average: 27.07, 15.49, 6.76
Tasks: 399 total,   2 running, 397 sleeping,   0 stopped,   0 zombie
%Cpu(s): 96.4 us,  0.5 sy,  0.0 ni,  3.1 id,  0.0 wa,  0.0 hi,  0.0 si,  0.0 st
KiB Mem : 65877692 total, 39819628 free, 13455312 used, 12602752 buff/cache
KiB Swap: 33554428 total, 31912172 free,  1642256 used. 51162988 avail Mem 
--
top - 14:09:32 up 111 days,  5:53,  0 users,  load average: 27.39, 15.75, 6.89
Tasks: 400 total,   2 running, 398 sleeping,   0 stopped,   0 zombie
%Cpu(s): 96.2 us,  0.7 sy,  0.0 ni,  3.1 id,  0.0 wa,  0.0 hi,  0.0 si,  0.0 st
KiB Mem : 65877692 total, 39595332 free, 13679608 used, 12602752 buff/cache
KiB Swap: 33554428 total, 31912172 free,  1642256 used. 50938692 avail Mem 
--
top - 14:09:37 up 111 days,  5:53,  0 users,  load average: 27.60, 15.99, 7.02
Tasks: 400 total,   2 running, 398 sleeping,   0 stopped,   0 zombie
%Cpu(s): 96.3 us,  0.5 sy,  0.0 ni,  3.1 id,  0.0 wa,  0.0 hi,  0.0 si,  0.0 st
KiB Mem : 65877692 total, 39371812 free, 13903128 used, 12602752 buff/cache
KiB Swap: 33554428 total, 31912172 free,  1642256 used. 50715172 avail Mem 
--
top - 14:09:42 up 111 days,  5:53,  0 users,  load average: 27.79, 16.22, 7.14
Tasks: 400 total,   2 running, 398 sleeping,   0 stopped,   0 zombie
%Cpu(s): 96.4 us,  0.5 sy,  0.0 ni,  3.1 id,  0.0 wa,  0.0 hi,  0.0 si,  0.0 st
KiB Mem : 65877692 total, 39131252 free, 14143688 used, 12602752 buff/cache
KiB Swap: 33554428 total, 31912172 free,  1642256 used. 50474612 avail Mem 
--
top - 14:09:47 up 111 days,  5:53,  0 users,  load average: 28.05, 16.47, 7.27
Tasks: 400 total,   2 running, 398 sleeping,   0 stopped,   0 zombie
%Cpu(s): 96.4 us,  0.6 sy,  0.0 ni,  3.1 id,  0.0 wa,  0.0 hi,  0.0 si,  0.0 st
KiB Mem : 65877692 total, 38929124 free, 14345816 used, 12602752 buff/cache
KiB Swap: 33554428 total, 31912172 free,  1642256 used. 50272484 avail Mem 
--
top - 14:09:52 up 111 days,  5:53,  0 users,  load average: 28.28, 16.71, 7.40
Tasks: 399 total,   2 running, 397 sleeping,   0 stopped,   0 zombie
%Cpu(s): 96.3 us,  0.7 sy,  0.0 ni,  3.1 id,  0.0 wa,  0.0 hi,  0.0 si,  0.0 st
KiB Mem : 65877692 total, 38676412 free, 14598524 used, 12602756 buff/cache
KiB Swap: 33554428 total, 31912172 free,  1642256 used. 50019776 avail Mem 
--
top - 14:09:57 up 111 days,  5:53,  0 users,  load average: 28.50, 16.94, 7.52
Tasks: 399 total,   2 running, 397 sleeping,   0 stopped,   0 zombie
%Cpu(s): 96.3 us,  0.5 sy,  0.0 ni,  3.2 id,  0.0 wa,  0.0 hi,  0.0 si,  0.0 st
KiB Mem : 65877692 total, 38475940 free, 14798996 used, 12602756 buff/cache
KiB Swap: 33554428 total, 31912172 free,  1642256 used. 49819304 avail Mem 
--
top - 14:10:02 up 111 days,  5:53,  0 users,  load average: 28.62, 17.16, 7.64
Tasks: 401 total,   2 running, 399 sleeping,   0 stopped,   0 zombie
%Cpu(s): 96.4 us,  1.0 sy,  0.0 ni,  2.6 id,  0.1 wa,  0.0 hi,  0.0 si,  0.0 st
KiB Mem : 65877692 total, 38232240 free, 15042684 used, 12602768 buff/cache
KiB Swap: 33554428 total, 31912172 free,  1642256 used. 49575616 avail Mem 
--
top - 14:10:07 up 111 days,  5:54,  0 users,  load average: 28.81, 17.39, 7.77
Tasks: 403 total,   1 running, 402 sleeping,   0 stopped,   0 zombie
%Cpu(s): 96.4 us,  0.5 sy,  0.0 ni,  3.1 id,  0.0 wa,  0.0 hi,  0.0 si,  0.0 st
KiB Mem : 65877692 total, 38000784 free, 15274140 used, 12602768 buff/cache
KiB Swap: 33554428 total, 31912172 free,  1642256 used. 49344160 avail Mem 
--
top - 14:10:12 up 111 days,  5:54,  0 users,  load average: 28.99, 17.62, 7.89
Tasks: 403 total,   2 running, 401 sleeping,   0 stopped,   0 zombie
%Cpu(s): 96.4 us,  0.5 sy,  0.0 ni,  3.1 id,  0.0 wa,  0.0 hi,  0.0 si,  0.0 st
KiB Mem : 65877692 total, 37774244 free, 15500680 used, 12602768 buff/cache
KiB Swap: 33554428 total, 31912172 free,  1642256 used. 49117620 avail Mem 
--
top - 14:10:17 up 111 days,  5:54,  0 users,  load average: 29.55, 17.92, 8.05
Tasks: 403 total,   2 running, 401 sleeping,   0 stopped,   0 zombie
%Cpu(s): 96.5 us,  0.4 sy,  0.0 ni,  3.1 id,  0.0 wa,  0.0 hi,  0.0 si,  0.0 st
KiB Mem : 65877692 total, 37535756 free, 15739168 used, 12602768 buff/cache
KiB Swap: 33554428 total, 31912172 free,  1642256 used. 48879132 avail Mem 
--
top - 14:10:22 up 111 days,  5:54,  0 users,  load average: 29.58, 18.12, 8.16
Tasks: 403 total,   1 running, 402 sleeping,   0 stopped,   0 zombie
%Cpu(s): 90.8 us,  0.5 sy,  0.0 ni,  8.7 id,  0.0 wa,  0.0 hi,  0.0 si,  0.0 st
KiB Mem : 65877692 total, 37277520 free, 15997404 used, 12602768 buff/cache
KiB Swap: 33554428 total, 31912172 free,  1642256 used. 48620896 avail Mem 
--
top - 14:10:27 up 111 days,  5:54,  0 users,  load average: 28.90, 18.17, 8.23
Tasks: 403 total,   1 running, 402 sleeping,   0 stopped,   0 zombie
%Cpu(s): 58.1 us,  0.2 sy,  0.0 ni, 41.7 id,  0.0 wa,  0.0 hi,  0.0 si,  0.0 st
KiB Mem : 65877692 total, 37077212 free, 16197712 used, 12602768 buff/cache
KiB Swap: 33554428 total, 31912172 free,  1642256 used. 48420588 avail Mem 
--
top - 14:10:33 up 111 days,  5:54,  0 users,  load average: 27.06, 17.97, 8.22
Tasks: 403 total,   1 running, 402 sleeping,   0 stopped,   0 zombie
%Cpu(s): 13.3 us,  0.1 sy,  0.0 ni, 86.6 id,  0.0 wa,  0.0 hi,  0.0 si,  0.0 st
KiB Mem : 65877692 total, 36988524 free, 16286400 used, 12602768 buff/cache
KiB Swap: 33554428 total, 31912172 free,  1642256 used. 48331900 avail Mem 
--
top - 14:10:38 up 111 days,  5:54,  0 users,  load average: 24.98, 17.69, 8.18
Tasks: 402 total,   1 running, 401 sleeping,   0 stopped,   0 zombie
%Cpu(s):  3.1 us,  0.0 sy,  0.0 ni, 96.8 id,  0.0 wa,  0.0 hi,  0.0 si,  0.0 st
KiB Mem : 65877692 total, 36968592 free, 16306332 used, 12602768 buff/cache
KiB Swap: 33554428 total, 31912172 free,  1642256 used. 48311968 avail Mem 
--
top - 14:10:43 up 111 days,  5:54,  0 users,  load average: 23.06, 17.41, 8.14
Tasks: 402 total,   1 running, 401 sleeping,   0 stopped,   0 zombie
%Cpu(s):  1.2 us,  0.2 sy,  0.0 ni, 98.6 id,  0.0 wa,  0.0 hi,  0.0 si,  0.0 st
KiB Mem : 65877692 total, 38081316 free, 15193608 used, 12602768 buff/cache
KiB Swap: 33554428 total, 31912172 free,  1642256 used. 49424692 avail Mem 
--
top - 14:10:48 up 111 days,  5:54,  0 users,  load average: 21.21, 17.12, 8.10
Tasks: 402 total,   1 running, 401 sleeping,   0 stopped,   0 zombie
%Cpu(s):  0.0 us,  0.0 sy,  0.0 ni, 99.9 id,  0.0 wa,  0.0 hi,  0.0 si,  0.0 st
KiB Mem : 65877692 total, 38081316 free, 15193608 used, 12602768 buff/cache
KiB Swap: 33554428 total, 31912172 free,  1642256 used. 49424692 avail Mem 
--
top - 14:10:53 up 111 days,  5:54,  0 users,  load average: 19.51, 16.84, 8.06
Tasks: 402 total,   1 running, 401 sleeping,   0 stopped,   0 zombie
%Cpu(s):  0.0 us,  0.0 sy,  0.0 ni, 99.9 id,  0.0 wa,  0.0 hi,  0.0 si,  0.0 st
KiB Mem : 65877692 total, 38080876 free, 15194048 used, 12602768 buff/cache
KiB Swap: 33554428 total, 31912172 free,  1642256 used. 49424252 avail Mem 
--
top - 14:10:58 up 111 days,  5:54,  0 users,  load average: 18.03, 16.57, 8.02
Tasks: 402 total,   1 running, 401 sleeping,   0 stopped,   0 zombie
%Cpu(s):  0.6 us,  0.3 sy,  0.0 ni, 99.0 id,  0.0 wa,  0.0 hi,  0.0 si,  0.0 st
KiB Mem : 65877692 total, 37798072 free, 15476844 used, 12602776 buff/cache
KiB Swap: 33554428 total, 31912172 free,  1642256 used. 49141456 avail Mem 
--
top - 14:11:03 up 111 days,  5:54,  0 users,  load average: 16.59, 16.30, 7.97
Tasks: 399 total,   1 running, 398 sleeping,   0 stopped,   0 zombie
%Cpu(s):  0.6 us,  0.5 sy,  0.0 ni, 98.9 id,  0.0 wa,  0.0 hi,  0.1 si,  0.0 st
KiB Mem : 65877692 total, 37435308 free, 15839608 used, 12602776 buff/cache
KiB Swap: 33554428 total, 31912172 free,  1642256 used. 48778692 avail Mem 
--
top - 14:11:08 up 111 days,  5:55,  0 users,  load average: 15.26, 16.03, 7.93
Tasks: 398 total,   1 running, 397 sleeping,   0 stopped,   0 zombie
%Cpu(s):  0.5 us,  0.4 sy,  0.0 ni, 99.0 id,  0.0 wa,  0.0 hi,  0.1 si,  0.0 st
KiB Mem : 65877692 total, 37100088 free, 16174828 used, 12602776 buff/cache
KiB Swap: 33554428 total, 31912172 free,  1642256 used. 48443472 avail Mem 
--
top - 14:11:13 up 111 days,  5:55,  0 users,  load average: 16.36, 16.24, 8.04
Tasks: 398 total,   2 running, 396 sleeping,   0 stopped,   0 zombie
%Cpu(s): 86.7 us,  1.0 sy,  0.0 ni, 12.2 id,  0.0 wa,  0.0 hi,  0.0 si,  0.0 st
KiB Mem : 65877692 total, 36840532 free, 16434384 used, 12602776 buff/cache
KiB Swap: 33554428 total, 31912172 free,  1642256 used. 48183916 avail Mem 
--
top - 14:11:18 up 111 days,  5:55,  0 users,  load average: 17.61, 16.51, 8.17
Tasks: 398 total,   2 running, 396 sleeping,   0 stopped,   0 zombie
%Cpu(s): 96.1 us,  0.8 sy,  0.0 ni,  3.1 id,  0.0 wa,  0.0 hi,  0.0 si,  0.0 st
KiB Mem : 65877692 total, 36578036 free, 16696880 used, 12602776 buff/cache
KiB Swap: 33554428 total, 31912172 free,  1642256 used. 47921420 avail Mem 
--
top - 14:11:23 up 111 days,  5:55,  0 users,  load average: 18.68, 16.75, 8.30
Tasks: 398 total,   2 running, 396 sleeping,   0 stopped,   0 zombie
%Cpu(s): 96.2 us,  0.7 sy,  0.0 ni,  3.1 id,  0.0 wa,  0.0 hi,  0.0 si,  0.0 st
KiB Mem : 65877692 total, 36310864 free, 16964052 used, 12602776 buff/cache
KiB Swap: 33554428 total, 31912172 free,  1642256 used. 47654248 avail Mem 
--
top - 14:11:28 up 111 days,  5:55,  0 users,  load average: 19.67, 16.98, 8.42
Tasks: 397 total,   2 running, 395 sleeping,   0 stopped,   0 zombie
%Cpu(s): 96.3 us,  0.6 sy,  0.0 ni,  3.1 id,  0.0 wa,  0.0 hi,  0.0 si,  0.0 st
KiB Mem : 65877692 total, 36098172 free, 17176744 used, 12602776 buff/cache
KiB Swap: 33554428 total, 31912172 free,  1642256 used. 47441556 avail Mem 
--
top - 14:11:33 up 111 days,  5:55,  0 users,  load average: 20.50, 17.20, 8.53
Tasks: 397 total,   2 running, 395 sleeping,   0 stopped,   0 zombie
%Cpu(s): 95.9 us,  0.7 sy,  0.0 ni,  3.4 id,  0.0 wa,  0.0 hi,  0.0 si,  0.0 st
KiB Mem : 65877692 total, 35830768 free, 17444148 used, 12602776 buff/cache
KiB Swap: 33554428 total, 31912172 free,  1642256 used. 47174152 avail Mem 
--
top - 14:11:38 up 111 days,  5:55,  0 users,  load average: 21.18, 17.39, 8.64
Tasks: 397 total,   2 running, 395 sleeping,   0 stopped,   0 zombie
%Cpu(s): 96.3 us,  0.6 sy,  0.0 ni,  3.1 id,  0.0 wa,  0.0 hi,  0.0 si,  0.0 st
KiB Mem : 65877692 total, 35604896 free, 17670016 used, 12602780 buff/cache
KiB Swap: 33554428 total, 31912172 free,  1642256 used. 46948284 avail Mem 
--
top - 14:11:43 up 111 days,  5:55,  0 users,  load average: 21.96, 17.62, 8.76
Tasks: 397 total,   2 running, 395 sleeping,   0 stopped,   0 zombie
%Cpu(s): 96.2 us,  0.6 sy,  0.0 ni,  3.3 id,  0.0 wa,  0.0 hi,  0.0 si,  0.0 st
KiB Mem : 65877692 total, 35389404 free, 17885508 used, 12602780 buff/cache
KiB Swap: 33554428 total, 31912172 free,  1642256 used. 46732792 avail Mem 
--
top - 14:11:48 up 111 days,  5:55,  0 users,  load average: 22.61, 17.83, 8.88
Tasks: 397 total,   2 running, 395 sleeping,   0 stopped,   0 zombie
%Cpu(s): 96.4 us,  0.5 sy,  0.0 ni,  3.2 id,  0.0 wa,  0.0 hi,  0.0 si,  0.0 st
KiB Mem : 65877692 total, 35161708 free, 18113204 used, 12602780 buff/cache
KiB Swap: 33554428 total, 31912172 free,  1642256 used. 46505096 avail Mem 
--
top - 14:11:53 up 111 days,  5:55,  0 users,  load average: 23.20, 18.03, 8.99
Tasks: 397 total,   2 running, 395 sleeping,   0 stopped,   0 zombie
%Cpu(s): 96.5 us,  0.5 sy,  0.0 ni,  3.0 id,  0.0 wa,  0.0 hi,  0.0 si,  0.0 st
KiB Mem : 65877692 total, 34945056 free, 18329856 used, 12602780 buff/cache
KiB Swap: 33554428 total, 31912172 free,  1642256 used. 46288444 avail Mem 
--
top - 14:11:58 up 111 days,  5:55,  0 users,  load average: 23.82, 18.24, 9.11
Tasks: 397 total,   2 running, 395 sleeping,   0 stopped,   0 zombie
%Cpu(s): 96.4 us,  0.5 sy,  0.0 ni,  3.1 id,  0.0 wa,  0.0 hi,  0.0 si,  0.0 st
KiB Mem : 65877692 total, 34775828 free, 18499084 used, 12602780 buff/cache
KiB Swap: 33554428 total, 31912172 free,  1642256 used. 46119216 avail Mem 
--
top - 14:12:03 up 111 days,  5:55,  0 users,  load average: 24.40, 18.46, 9.23
Tasks: 398 total,   2 running, 396 sleeping,   0 stopped,   0 zombie
%Cpu(s): 96.2 us,  0.9 sy,  0.0 ni,  2.8 id,  0.0 wa,  0.0 hi,  0.0 si,  0.0 st
KiB Mem : 65877692 total, 34568088 free, 18706820 used, 12602784 buff/cache
KiB Swap: 33554428 total, 31912172 free,  1642256 used. 45911480 avail Mem 
--
top - 14:12:08 up 111 days,  5:56,  0 users,  load average: 24.85, 18.65, 9.34
Tasks: 398 total,   2 running, 396 sleeping,   0 stopped,   0 zombie
%Cpu(s): 96.0 us,  0.6 sy,  0.0 ni,  3.5 id,  0.0 wa,  0.0 hi,  0.0 si,  0.0 st
KiB Mem : 65877692 total, 34324896 free, 18950012 used, 12602784 buff/cache
KiB Swap: 33554428 total, 31912172 free,  1642256 used. 45668288 avail Mem 
--
top - 14:12:13 up 111 days,  5:56,  0 users,  load average: 25.34, 18.85, 9.45
Tasks: 398 total,   2 running, 396 sleeping,   0 stopped,   0 zombie
%Cpu(s): 96.4 us,  0.4 sy,  0.0 ni,  3.2 id,  0.0 wa,  0.0 hi,  0.0 si,  0.0 st
KiB Mem : 65877692 total, 34106952 free, 19167956 used, 12602784 buff/cache
KiB Swap: 33554428 total, 31912172 free,  1642256 used. 45450344 avail Mem 
--
top - 14:12:18 up 111 days,  5:56,  0 users,  load average: 25.79, 19.05, 9.57
Tasks: 398 total,   2 running, 396 sleeping,   0 stopped,   0 zombie
%Cpu(s): 96.5 us,  0.4 sy,  0.0 ni,  3.1 id,  0.0 wa,  0.0 hi,  0.0 si,  0.0 st
KiB Mem : 65877692 total, 33915500 free, 19359408 used, 12602784 buff/cache
KiB Swap: 33554428 total, 31912172 free,  1642256 used. 45258892 avail Mem 
--
top - 14:12:23 up 111 days,  5:56,  0 users,  load average: 26.21, 19.25, 9.69
Tasks: 398 total,   1 running, 397 sleeping,   0 stopped,   0 zombie
%Cpu(s): 96.3 us,  0.5 sy,  0.0 ni,  3.1 id,  0.0 wa,  0.0 hi,  0.0 si,  0.0 st
KiB Mem : 65877692 total, 33674404 free, 19600504 used, 12602784 buff/cache
KiB Swap: 33554428 total, 31912172 free,  1642256 used. 45017796 avail Mem 
--
top - 14:12:28 up 111 days,  5:56,  0 users,  load average: 26.51, 19.43, 9.79
Tasks: 398 total,   1 running, 397 sleeping,   0 stopped,   0 zombie
%Cpu(s): 96.5 us,  0.4 sy,  0.0 ni,  3.1 id,  0.0 wa,  0.0 hi,  0.0 si,  0.0 st
KiB Mem : 65877692 total, 33455760 free, 19819148 used, 12602784 buff/cache
KiB Swap: 33554428 total, 31912172 free,  1642256 used. 44798656 avail Mem 
--
top - 14:12:33 up 111 days,  5:56,  0 users,  load average: 26.87, 19.62, 9.91
Tasks: 398 total,   1 running, 397 sleeping,   0 stopped,   0 zombie
%Cpu(s): 96.4 us,  0.5 sy,  0.0 ni,  3.1 id,  0.0 wa,  0.0 hi,  0.0 si,  0.0 st
KiB Mem : 65877692 total, 33215656 free, 20059248 used, 12602788 buff/cache
KiB Swap: 33554428 total, 31912172 free,  1642256 used. 44559052 avail Mem 
--
top - 14:12:38 up 111 days,  5:56,  0 users,  load average: 27.20, 19.81, 10.02
Tasks: 398 total,   1 running, 397 sleeping,   0 stopped,   0 zombie
%Cpu(s): 96.2 us,  0.5 sy,  0.0 ni,  3.2 id,  0.0 wa,  0.0 hi,  0.0 si,  0.0 st
KiB Mem : 65877692 total, 32946080 free, 20328824 used, 12602788 buff/cache
KiB Swap: 33554428 total, 31912172 free,  1642256 used. 44289476 avail Mem 
--
top - 14:12:43 up 111 days,  5:56,  0 users,  load average: 27.51, 20.00, 10.13
Tasks: 398 total,   1 running, 397 sleeping,   0 stopped,   0 zombie
%Cpu(s): 96.3 us,  0.5 sy,  0.0 ni,  3.2 id,  0.0 wa,  0.0 hi,  0.0 si,  0.0 st
KiB Mem : 65877692 total, 32736724 free, 20538180 used, 12602788 buff/cache
KiB Swap: 33554428 total, 31912172 free,  1642256 used. 44080120 avail Mem 
--
top - 14:12:48 up 111 days,  5:56,  0 users,  load average: 27.79, 20.18, 10.25
Tasks: 398 total,   2 running, 396 sleeping,   0 stopped,   0 zombie
%Cpu(s): 96.3 us,  0.5 sy,  0.0 ni,  3.1 id,  0.0 wa,  0.0 hi,  0.0 si,  0.0 st
KiB Mem : 65877692 total, 32528648 free, 20746256 used, 12602788 buff/cache
KiB Swap: 33554428 total, 31912172 free,  1642256 used. 43872044 avail Mem 
--
top - 14:12:53 up 111 days,  5:56,  0 users,  load average: 28.04, 20.36, 10.36
Tasks: 398 total,   1 running, 397 sleeping,   0 stopped,   0 zombie
%Cpu(s): 96.4 us,  0.5 sy,  0.0 ni,  3.1 id,  0.0 wa,  0.0 hi,  0.0 si,  0.0 st
KiB Mem : 65877692 total, 32325864 free, 20949040 used, 12602788 buff/cache
KiB Swap: 33554428 total, 31912172 free,  1642256 used. 43669260 avail Mem 
--
top - 14:12:58 up 111 days,  5:56,  0 users,  load average: 28.28, 20.54, 10.47
Tasks: 398 total,   1 running, 397 sleeping,   0 stopped,   0 zombie
%Cpu(s): 96.5 us,  0.4 sy,  0.0 ni,  3.1 id,  0.0 wa,  0.0 hi,  0.0 si,  0.0 st
KiB Mem : 65877692 total, 32120516 free, 21154388 used, 12602788 buff/cache
KiB Swap: 33554428 total, 31912172 free,  1642256 used. 43463912 avail Mem 
--
top - 14:13:03 up 111 days,  5:56,  0 users,  load average: 28.50, 20.71, 10.58
Tasks: 393 total,   1 running, 392 sleeping,   0 stopped,   0 zombie
%Cpu(s): 96.3 us,  0.5 sy,  0.0 ni,  3.2 id,  0.0 wa,  0.0 hi,  0.0 si,  0.0 st
KiB Mem : 65877692 total, 31887920 free, 21386984 used, 12602788 buff/cache
KiB Swap: 33554428 total, 31912172 free,  1642256 used. 43231316 avail Mem 
--
top - 14:13:08 up 111 days,  5:57,  0 users,  load average: 28.70, 20.88, 10.69
Tasks: 392 total,   1 running, 391 sleeping,   0 stopped,   0 zombie
%Cpu(s): 96.4 us,  0.4 sy,  0.0 ni,  3.2 id,  0.0 wa,  0.0 hi,  0.0 si,  0.0 st
KiB Mem : 65877692 total, 31636564 free, 21638340 used, 12602788 buff/cache
KiB Swap: 33554428 total, 31912172 free,  1642256 used. 42979960 avail Mem 
--
top - 14:13:13 up 111 days,  5:57,  0 users,  load average: 28.96, 21.07, 10.80
Tasks: 392 total,   1 running, 391 sleeping,   0 stopped,   0 zombie
%Cpu(s): 96.5 us,  0.4 sy,  0.0 ni,  3.0 id,  0.0 wa,  0.0 hi,  0.0 si,  0.0 st
KiB Mem : 65877692 total, 31405864 free, 21869040 used, 12602788 buff/cache
KiB Swap: 33554428 total, 31912172 free,  1642256 used. 42749260 avail Mem 
--
top - 14:13:18 up 111 days,  5:57,  0 users,  load average: 29.13, 21.23, 10.91
Tasks: 391 total,   1 running, 390 sleeping,   0 stopped,   0 zombie
%Cpu(s): 96.5 us,  0.4 sy,  0.0 ni,  3.1 id,  0.0 wa,  0.0 hi,  0.0 si,  0.0 st
KiB Mem : 65877692 total, 31152764 free, 22122140 used, 12602788 buff/cache
KiB Swap: 33554428 total, 31912172 free,  1642256 used. 42496160 avail Mem 
--
top - 14:13:23 up 111 days,  5:57,  0 users,  load average: 29.28, 21.39, 11.02
Tasks: 391 total,   1 running, 390 sleeping,   0 stopped,   0 zombie
%Cpu(s): 96.4 us,  0.4 sy,  0.0 ni,  3.2 id,  0.0 wa,  0.0 hi,  0.0 si,  0.0 st
KiB Mem : 65877692 total, 30923488 free, 22351412 used, 12602792 buff/cache
KiB Swap: 33554428 total, 31912172 free,  1642256 used. 42266888 avail Mem 
--
top - 14:13:28 up 111 days,  5:57,  0 users,  load average: 29.41, 21.55, 11.13
Tasks: 391 total,   1 running, 390 sleeping,   0 stopped,   0 zombie
%Cpu(s): 96.1 us,  0.4 sy,  0.0 ni,  3.5 id,  0.0 wa,  0.0 hi,  0.0 si,  0.0 st
KiB Mem : 65877692 total, 30719724 free, 22555176 used, 12602792 buff/cache
KiB Swap: 33554428 total, 31912172 free,  1642256 used. 42063000 avail Mem 
--
top - 14:13:34 up 111 days,  5:57,  0 users,  load average: 29.38, 21.68, 11.22
Tasks: 391 total,   2 running, 389 sleeping,   0 stopped,   0 zombie
%Cpu(s): 84.6 us,  0.4 sy,  0.0 ni, 15.0 id,  0.0 wa,  0.0 hi,  0.0 si,  0.0 st
KiB Mem : 65877692 total, 30507832 free, 22767068 used, 12602792 buff/cache
KiB Swap: 33554428 total, 31912172 free,  1642256 used. 41851232 avail Mem 
--
top - 14:13:39 up 111 days,  5:57,  0 users,  load average: 28.63, 21.65, 11.27
Tasks: 391 total,   2 running, 389 sleeping,   0 stopped,   0 zombie
%Cpu(s): 48.3 us,  0.2 sy,  0.0 ni, 51.5 id,  0.0 wa,  0.0 hi,  0.0 si,  0.0 st
KiB Mem : 65877692 total, 30428352 free, 22846548 used, 12602792 buff/cache
KiB Swap: 33554428 total, 31912172 free,  1642256 used. 41771752 avail Mem 
--
top - 14:13:44 up 111 days,  5:57,  0 users,  load average: 26.82, 21.39, 11.24
Tasks: 391 total,   1 running, 390 sleeping,   0 stopped,   0 zombie
%Cpu(s):  7.6 us,  0.0 sy,  0.0 ni, 92.3 id,  0.0 wa,  0.0 hi,  0.0 si,  0.0 st
KiB Mem : 65877692 total, 30379068 free, 22895832 used, 12602792 buff/cache
KiB Swap: 33554428 total, 31912172 free,  1642256 used. 41722468 avail Mem 
--
top - 14:13:49 up 111 days,  5:57,  0 users,  load average: 24.67, 21.03, 11.18
Tasks: 391 total,   1 running, 390 sleeping,   0 stopped,   0 zombie
%Cpu(s):  1.4 us,  0.2 sy,  0.0 ni, 98.5 id,  0.0 wa,  0.0 hi,  0.0 si,  0.0 st
KiB Mem : 65877692 total, 31357808 free, 21917092 used, 12602792 buff/cache
KiB Swap: 33554428 total, 31912172 free,  1642256 used. 42701208 avail Mem 
--
top - 14:13:54 up 111 days,  5:57,  0 users,  load average: 22.70, 20.68, 11.12
Tasks: 391 total,   1 running, 390 sleeping,   0 stopped,   0 zombie
%Cpu(s):  0.0 us,  0.0 sy,  0.0 ni, 99.9 id,  0.0 wa,  0.0 hi,  0.0 si,  0.0 st
KiB Mem : 65877692 total, 31358036 free, 21916864 used, 12602792 buff/cache
KiB Swap: 33554428 total, 31912172 free,  1642256 used. 42701436 avail Mem 
--
top - 14:13:59 up 111 days,  5:57,  0 users,  load average: 20.88, 20.34, 11.06
Tasks: 391 total,   2 running, 389 sleeping,   0 stopped,   0 zombie
%Cpu(s):  0.0 us,  0.0 sy,  0.0 ni, 99.9 id,  0.0 wa,  0.0 hi,  0.0 si,  0.0 st
KiB Mem : 65877692 total, 31362540 free, 21912360 used, 12602792 buff/cache
KiB Swap: 33554428 total, 31912172 free,  1642256 used. 42705940 avail Mem 
--
top - 14:14:04 up 111 days,  5:57,  0 users,  load average: 19.21, 20.00, 11.00
Tasks: 395 total,   1 running, 394 sleeping,   0 stopped,   0 zombie
%Cpu(s):  0.7 us,  0.3 sy,  0.0 ni, 98.6 id,  0.3 wa,  0.0 hi,  0.0 si,  0.0 st
KiB Mem : 65877692 total, 31280928 free, 21994020 used, 12602744 buff/cache
KiB Swap: 33554428 total, 31912172 free,  1642256 used. 42624328 avail Mem 
--
top - 14:14:09 up 111 days,  5:58,  0 users,  load average: 17.67, 19.67, 10.94
Tasks: 395 total,   1 running, 394 sleeping,   0 stopped,   0 zombie
%Cpu(s):  0.6 us,  0.4 sy,  0.0 ni, 98.9 id,  0.0 wa,  0.0 hi,  0.1 si,  0.0 st
KiB Mem : 65877692 total, 30911796 free, 22363104 used, 12602792 buff/cache
KiB Swap: 33554428 total, 31912172 free,  1642256 used. 42255196 avail Mem 
--
top - 14:14:14 up 111 days,  5:58,  0 users,  load average: 16.33, 19.36, 10.89
Tasks: 395 total,   1 running, 394 sleeping,   0 stopped,   0 zombie
%Cpu(s):  0.5 us,  0.4 sy,  0.0 ni, 99.0 id,  0.0 wa,  0.0 hi,  0.1 si,  0.0 st
KiB Mem : 65877692 total, 30551464 free, 22723436 used, 12602792 buff/cache
KiB Swap: 33554428 total, 31912172 free,  1642256 used. 41894864 avail Mem 
--
top - 14:14:19 up 111 days,  5:58,  0 users,  load average: 15.10, 19.06, 10.84
Tasks: 395 total,   2 running, 393 sleeping,   0 stopped,   0 zombie
%Cpu(s): 35.1 us,  0.6 sy,  0.0 ni, 64.3 id,  0.0 wa,  0.0 hi,  0.0 si,  0.0 st
KiB Mem : 65877692 total, 30240412 free, 23034484 used, 12602796 buff/cache
KiB Swap: 33554428 total, 31912172 free,  1642256 used. 41583816 avail Mem 
--
top - 14:14:24 up 111 days,  5:58,  0 users,  load average: 16.30, 19.24, 10.94
Tasks: 395 total,   2 running, 393 sleeping,   0 stopped,   0 zombie
%Cpu(s): 96.2 us,  0.6 sy,  0.0 ni,  3.3 id,  0.0 wa,  0.0 hi,  0.0 si,  0.0 st
KiB Mem : 65877692 total, 30051636 free, 23223260 used, 12602796 buff/cache
KiB Swap: 33554428 total, 31912172 free,  1642256 used. 41395040 avail Mem 
--
top - 14:14:29 up 111 days,  5:58,  0 users,  load average: 17.56, 19.45, 11.05
Tasks: 395 total,   2 running, 393 sleeping,   0 stopped,   0 zombie
%Cpu(s): 96.4 us,  0.4 sy,  0.0 ni,  3.2 id,  0.0 wa,  0.0 hi,  0.0 si,  0.0 st
KiB Mem : 65877692 total, 29881824 free, 23393072 used, 12602796 buff/cache
KiB Swap: 33554428 total, 31912172 free,  1642256 used. 41225352 avail Mem 
--
top - 14:14:34 up 111 days,  5:58,  0 users,  load average: 18.63, 19.64, 11.16
Tasks: 395 total,   2 running, 393 sleeping,   0 stopped,   0 zombie
%Cpu(s): 96.0 us,  0.7 sy,  0.0 ni,  3.3 id,  0.0 wa,  0.0 hi,  0.0 si,  0.0 st
KiB Mem : 65877692 total, 29672300 free, 23602596 used, 12602796 buff/cache
KiB Swap: 33554428 total, 31912172 free,  1642256 used. 41015704 avail Mem 
--
top - 14:14:39 up 111 days,  5:58,  0 users,  load average: 19.62, 19.83, 11.27
Tasks: 395 total,   2 running, 393 sleeping,   0 stopped,   0 zombie
%Cpu(s): 96.3 us,  0.5 sy,  0.0 ni,  3.2 id,  0.0 wa,  0.0 hi,  0.0 si,  0.0 st
KiB Mem : 65877692 total, 29444792 free, 23830104 used, 12602796 buff/cache
KiB Swap: 33554428 total, 31912172 free,  1642256 used. 40788196 avail Mem 
--
top - 14:14:44 up 111 days,  5:58,  0 users,  load average: 20.45, 20.00, 11.37
Tasks: 396 total,   2 running, 394 sleeping,   0 stopped,   0 zombie
%Cpu(s): 96.2 us,  0.6 sy,  0.0 ni,  3.2 id,  0.0 wa,  0.0 hi,  0.0 si,  0.0 st
KiB Mem : 65877692 total, 29181944 free, 24092952 used, 12602796 buff/cache
KiB Swap: 33554428 total, 31912172 free,  1642256 used. 40525348 avail Mem 
--
top - 14:14:49 up 111 days,  5:58,  0 users,  load average: 21.30, 20.18, 11.47
Tasks: 396 total,   2 running, 394 sleeping,   0 stopped,   0 zombie
%Cpu(s): 96.4 us,  0.5 sy,  0.0 ni,  3.1 id,  0.0 wa,  0.0 hi,  0.0 si,  0.0 st
KiB Mem : 65877692 total, 28966844 free, 24308052 used, 12602796 buff/cache
KiB Swap: 33554428 total, 31912172 free,  1642256 used. 40310248 avail Mem 
--
top - 14:14:54 up 111 days,  5:58,  0 users,  load average: 21.99, 20.34, 11.57
Tasks: 396 total,   2 running, 394 sleeping,   0 stopped,   0 zombie
%Cpu(s): 96.6 us,  0.4 sy,  0.0 ni,  3.0 id,  0.0 wa,  0.0 hi,  0.0 si,  0.0 st
KiB Mem : 65877692 total, 28767984 free, 24506912 used, 12602796 buff/cache
KiB Swap: 33554428 total, 31912172 free,  1642256 used. 40111388 avail Mem 
--
top - 14:14:59 up 111 days,  5:58,  0 users,  load average: 23.46, 20.71, 11.79
Tasks: 393 total,   2 running, 391 sleeping,   0 stopped,   0 zombie
%Cpu(s): 96.5 us,  0.4 sy,  0.0 ni,  3.1 id,  0.0 wa,  0.0 hi,  0.0 si,  0.0 st
KiB Mem : 65877692 total, 28530352 free, 24744544 used, 12602796 buff/cache
KiB Swap: 33554428 total, 31912172 free,  1642256 used. 39873756 avail Mem 
--
top - 14:15:04 up 111 days,  5:58,  0 users,  load average: 24.14, 20.90, 11.89
Tasks: 393 total,   2 running, 391 sleeping,   0 stopped,   0 zombie
%Cpu(s): 96.3 us,  0.5 sy,  0.0 ni,  3.2 id,  0.0 wa,  0.0 hi,  0.0 si,  0.0 st
KiB Mem : 65877692 total, 28316688 free, 24958208 used, 12602796 buff/cache
KiB Swap: 33554428 total, 31912172 free,  1642256 used. 39660092 avail Mem 
--
top - 14:15:09 up 111 days,  5:59,  0 users,  load average: 24.69, 21.07, 12.00
Tasks: 392 total,   2 running, 390 sleeping,   0 stopped,   0 zombie
%Cpu(s): 96.1 us,  0.5 sy,  0.0 ni,  3.4 id,  0.0 wa,  0.0 hi,  0.0 si,  0.0 st
KiB Mem : 65877692 total, 28130268 free, 25144628 used, 12602796 buff/cache
KiB Swap: 33554428 total, 31912172 free,  1642256 used. 39473672 avail Mem 
--
top - 14:15:14 up 111 days,  5:59,  0 users,  load average: 25.20, 21.23, 12.10
Tasks: 392 total,   2 running, 390 sleeping,   0 stopped,   0 zombie
%Cpu(s): 96.2 us,  0.7 sy,  0.0 ni,  3.1 id,  0.0 wa,  0.0 hi,  0.0 si,  0.0 st
KiB Mem : 65877692 total, 27864764 free, 25410128 used, 12602800 buff/cache
KiB Swap: 33554428 total, 31912172 free,  1642256 used. 39208172 avail Mem 
--
top - 14:15:19 up 111 days,  5:59,  0 users,  load average: 25.74, 21.41, 12.21
Tasks: 392 total,   2 running, 390 sleeping,   0 stopped,   0 zombie
%Cpu(s): 96.3 us,  0.6 sy,  0.0 ni,  3.0 id,  0.0 wa,  0.0 hi,  0.0 si,  0.0 st
KiB Mem : 65877692 total, 27625668 free, 25649224 used, 12602800 buff/cache
KiB Swap: 33554428 total, 31912172 free,  1642256 used. 38969076 avail Mem 
--
top - 14:15:24 up 111 days,  5:59,  0 users,  load average: 26.16, 21.57, 12.31
Tasks: 392 total,   2 running, 390 sleeping,   0 stopped,   0 zombie
%Cpu(s): 96.2 us,  0.7 sy,  0.0 ni,  3.1 id,  0.0 wa,  0.0 hi,  0.0 si,  0.0 st
KiB Mem : 65877692 total, 27399360 free, 25875532 used, 12602800 buff/cache
KiB Swap: 33554428 total, 31912172 free,  1642256 used. 38742768 avail Mem 
--
top - 14:15:29 up 111 days,  5:59,  0 users,  load average: 26.63, 21.74, 12.41
Tasks: 392 total,   2 running, 390 sleeping,   0 stopped,   0 zombie
%Cpu(s): 96.3 us,  0.6 sy,  0.0 ni,  3.1 id,  0.0 wa,  0.0 hi,  0.0 si,  0.0 st
KiB Mem : 65877692 total, 27178584 free, 26096308 used, 12602800 buff/cache
KiB Swap: 33554428 total, 31912172 free,  1642256 used. 38521992 avail Mem 
--
top - 14:15:34 up 111 days,  5:59,  0 users,  load average: 26.98, 21.90, 12.51
Tasks: 392 total,   2 running, 390 sleeping,   0 stopped,   0 zombie
%Cpu(s): 96.3 us,  0.6 sy,  0.0 ni,  3.1 id,  0.0 wa,  0.0 hi,  0.0 si,  0.0 st
KiB Mem : 65877692 total, 26927504 free, 26347388 used, 12602800 buff/cache
KiB Swap: 33554428 total, 31912172 free,  1642256 used. 38270912 avail Mem 
--
top - 14:15:39 up 111 days,  5:59,  0 users,  load average: 27.30, 22.05, 12.61
Tasks: 392 total,   2 running, 390 sleeping,   0 stopped,   0 zombie
%Cpu(s): 96.4 us,  0.5 sy,  0.0 ni,  3.1 id,  0.0 wa,  0.0 hi,  0.0 si,  0.0 st
KiB Mem : 65877692 total, 26705568 free, 26569324 used, 12602800 buff/cache
KiB Swap: 33554428 total, 31912172 free,  1642256 used. 38048976 avail Mem 
--
top - 14:15:44 up 111 days,  5:59,  0 users,  load average: 27.60, 22.20, 12.71
Tasks: 392 total,   2 running, 390 sleeping,   0 stopped,   0 zombie
%Cpu(s): 96.4 us,  0.4 sy,  0.0 ni,  3.1 id,  0.0 wa,  0.0 hi,  0.0 si,  0.0 st
KiB Mem : 65877692 total, 26477472 free, 26797420 used, 12602800 buff/cache
KiB Swap: 33554428 total, 31912172 free,  1642256 used. 37820880 avail Mem 
--
top - 14:15:49 up 111 days,  5:59,  0 users,  load average: 27.87, 22.34, 12.81
Tasks: 392 total,   2 running, 390 sleeping,   0 stopped,   0 zombie
%Cpu(s): 96.5 us,  0.5 sy,  0.0 ni,  3.0 id,  0.0 wa,  0.0 hi,  0.0 si,  0.0 st
KiB Mem : 65877692 total, 26240048 free, 27034844 used, 12602800 buff/cache
KiB Swap: 33554428 total, 31912172 free,  1642256 used. 37583456 avail Mem 
--
top - 14:15:54 up 111 days,  5:59,  0 users,  load average: 28.12, 22.49, 12.91
Tasks: 392 total,   2 running, 390 sleeping,   0 stopped,   0 zombie
%Cpu(s): 96.2 us,  0.7 sy,  0.0 ni,  3.1 id,  0.0 wa,  0.0 hi,  0.0 si,  0.0 st
KiB Mem : 65877692 total, 26020092 free, 27254800 used, 12602800 buff/cache
KiB Swap: 33554428 total, 31912172 free,  1642256 used. 37363500 avail Mem 
--
top - 14:15:59 up 111 days,  5:59,  0 users,  load average: 28.35, 22.63, 13.00
Tasks: 392 total,   2 running, 390 sleeping,   0 stopped,   0 zombie
%Cpu(s): 96.3 us,  0.6 sy,  0.0 ni,  3.1 id,  0.0 wa,  0.0 hi,  0.0 si,  0.0 st
KiB Mem : 65877692 total, 25768176 free, 27506716 used, 12602800 buff/cache
KiB Swap: 33554428 total, 31912172 free,  1642256 used. 37111584 avail Mem 
--
top - 14:16:04 up 111 days,  5:59,  0 users,  load average: 28.56, 22.77, 13.10
Tasks: 395 total,   2 running, 393 sleeping,   0 stopped,   0 zombie
%Cpu(s): 96.4 us,  0.9 sy,  0.0 ni,  2.7 id,  0.0 wa,  0.0 hi,  0.0 si,  0.0 st
KiB Mem : 65877692 total, 25551096 free, 27723792 used, 12602804 buff/cache
KiB Swap: 33554428 total, 31912172 free,  1642256 used. 36894508 avail Mem 
--
top - 14:16:09 up 111 days,  6:00,  0 users,  load average: 28.76, 22.90, 13.20
Tasks: 396 total,   2 running, 394 sleeping,   0 stopped,   0 zombie
%Cpu(s): 96.4 us,  0.6 sy,  0.0 ni,  3.1 id,  0.0 wa,  0.0 hi,  0.0 si,  0.0 st
KiB Mem : 65877692 total, 25318440 free, 27956448 used, 12602804 buff/cache
KiB Swap: 33554428 total, 31912172 free,  1642256 used. 36661852 avail Mem 
--
top - 14:16:14 up 111 days,  6:00,  0 users,  load average: 28.94, 23.04, 13.29
Tasks: 396 total,   3 running, 393 sleeping,   0 stopped,   0 zombie
%Cpu(s): 96.4 us,  0.5 sy,  0.0 ni,  3.1 id,  0.0 wa,  0.0 hi,  0.0 si,  0.0 st
KiB Mem : 65877692 total, 25077576 free, 28197312 used, 12602804 buff/cache
KiB Swap: 33554428 total, 31912172 free,  1642256 used. 36420988 avail Mem 
--
top - 14:16:19 up 111 days,  6:00,  0 users,  load average: 29.10, 23.17, 13.39
Tasks: 396 total,   1 running, 395 sleeping,   0 stopped,   0 zombie
%Cpu(s): 96.3 us,  0.6 sy,  0.0 ni,  3.1 id,  0.0 wa,  0.0 hi,  0.0 si,  0.0 st
KiB Mem : 65877692 total, 24870336 free, 28404552 used, 12602804 buff/cache
KiB Swap: 33554428 total, 31912172 free,  1642256 used. 36213748 avail Mem 
--
top - 14:16:24 up 111 days,  6:00,  0 users,  load average: 29.18, 23.28, 13.48
Tasks: 396 total,   1 running, 395 sleeping,   0 stopped,   0 zombie
%Cpu(s): 96.3 us,  0.6 sy,  0.0 ni,  3.2 id,  0.0 wa,  0.0 hi,  0.0 si,  0.0 st
KiB Mem : 65877692 total, 24642748 free, 28632140 used, 12602804 buff/cache
KiB Swap: 33554428 total, 31912172 free,  1642256 used. 35986160 avail Mem 
--
top - 14:16:29 up 111 days,  6:00,  0 users,  load average: 29.32, 23.41, 13.57
Tasks: 396 total,   2 running, 394 sleeping,   0 stopped,   0 zombie
%Cpu(s): 96.5 us,  0.4 sy,  0.0 ni,  3.1 id,  0.0 wa,  0.0 hi,  0.0 si,  0.0 st
KiB Mem : 65877692 total, 24407536 free, 28867352 used, 12602804 buff/cache
KiB Swap: 33554428 total, 31912172 free,  1642256 used. 35750948 avail Mem 
--
top - 14:16:35 up 111 days,  6:00,  0 users,  load average: 29.38, 23.52, 13.66
Tasks: 396 total,   3 running, 393 sleeping,   0 stopped,   0 zombie
%Cpu(s): 96.4 us,  0.5 sy,  0.0 ni,  3.2 id,  0.0 wa,  0.0 hi,  0.0 si,  0.0 st
KiB Mem : 65877692 total, 24156700 free, 29118188 used, 12602804 buff/cache
KiB Swap: 33554428 total, 31912172 free,  1642256 used. 35500112 avail Mem 
--
top - 14:16:40 up 111 days,  6:00,  0 users,  load average: 29.51, 23.64, 13.75
Tasks: 397 total,   3 running, 394 sleeping,   0 stopped,   0 zombie
%Cpu(s): 96.4 us,  0.5 sy,  0.0 ni,  3.1 id,  0.0 wa,  0.0 hi,  0.0 si,  0.0 st
KiB Mem : 65877692 total, 23908332 free, 29366556 used, 12602804 buff/cache
KiB Swap: 33554428 total, 31912172 free,  1642256 used. 35251744 avail Mem 
--
top - 14:16:45 up 111 days,  6:00,  0 users,  load average: 28.50, 23.53, 13.77
Tasks: 397 total,   1 running, 396 sleeping,   0 stopped,   0 zombie
%Cpu(s): 74.8 us,  0.4 sy,  0.0 ni, 24.8 id,  0.0 wa,  0.0 hi,  0.0 si,  0.0 st
KiB Mem : 65877692 total, 23685184 free, 29589704 used, 12602804 buff/cache
KiB Swap: 33554428 total, 31912172 free,  1642256 used. 35028596 avail Mem 
--
top - 14:16:50 up 111 days,  6:00,  0 users,  load average: 26.54, 23.21, 13.72
Tasks: 397 total,   1 running, 396 sleeping,   0 stopped,   0 zombie
%Cpu(s): 22.3 us,  0.1 sy,  0.0 ni, 77.6 id,  0.0 wa,  0.0 hi,  0.0 si,  0.0 st
KiB Mem : 65877692 total, 23646328 free, 29628560 used, 12602804 buff/cache
KiB Swap: 33554428 total, 31912172 free,  1642256 used. 34989740 avail Mem 
--
top - 14:16:55 up 111 days,  6:00,  0 users,  load average: 24.42, 22.82, 13.64
Tasks: 397 total,   1 running, 396 sleeping,   0 stopped,   0 zombie
%Cpu(s):  0.5 us,  0.0 sy,  0.0 ni, 99.4 id,  0.0 wa,  0.0 hi,  0.0 si,  0.0 st
KiB Mem : 65877692 total, 23643208 free, 29631680 used, 12602804 buff/cache
KiB Swap: 33554428 total, 31912172 free,  1642256 used. 34986620 avail Mem 
--
top - 14:17:00 up 111 days,  6:00,  0 users,  load average: 22.46, 22.45, 13.57
Tasks: 397 total,   1 running, 396 sleeping,   0 stopped,   0 zombie
%Cpu(s):  0.1 us,  0.1 sy,  0.0 ni, 99.8 id,  0.0 wa,  0.0 hi,  0.0 si,  0.0 st
KiB Mem : 65877692 total, 24645384 free, 28629496 used, 12602812 buff/cache
KiB Swap: 33554428 total, 31912172 free,  1642256 used. 35988804 avail Mem 
--
top - 14:17:05 up 111 days,  6:00,  0 users,  load average: 20.66, 22.07, 13.50
Tasks: 396 total,   1 running, 395 sleeping,   0 stopped,   0 zombie
%Cpu(s):  0.1 us,  0.0 sy,  0.0 ni, 99.9 id,  0.0 wa,  0.0 hi,  0.0 si,  0.0 st
KiB Mem : 65877692 total, 24647212 free, 28627668 used, 12602812 buff/cache
KiB Swap: 33554428 total, 31912172 free,  1642256 used. 35990632 avail Mem 
--
top - 14:17:10 up 111 days,  6:01,  0 users,  load average: 19.01, 21.71, 13.43
Tasks: 397 total,   1 running, 396 sleeping,   0 stopped,   0 zombie
%Cpu(s):  0.0 us,  0.0 sy,  0.0 ni, 99.9 id,  0.1 wa,  0.0 hi,  0.0 si,  0.0 st
KiB Mem : 65877692 total, 24647816 free, 28627064 used, 12602812 buff/cache
KiB Swap: 33554428 total, 31912172 free,  1642256 used. 35991236 avail Mem 
--
top - 14:17:15 up 111 days,  6:01,  0 users,  load average: 17.49, 21.35, 13.35
Tasks: 397 total,   1 running, 396 sleeping,   0 stopped,   0 zombie
%Cpu(s):  0.7 us,  0.4 sy,  0.0 ni, 98.9 id,  0.0 wa,  0.0 hi,  0.1 si,  0.0 st
KiB Mem : 65877692 total, 24321024 free, 28953856 used, 12602812 buff/cache
KiB Swap: 33554428 total, 31912172 free,  1642256 used. 35664444 avail Mem 
--
top - 14:17:20 up 111 days,  6:01,  0 users,  load average: 16.08, 20.99, 13.28
Tasks: 397 total,   1 running, 396 sleeping,   0 stopped,   0 zombie
%Cpu(s):  0.5 us,  0.4 sy,  0.0 ni, 98.9 id,  0.0 wa,  0.0 hi,  0.1 si,  0.0 st
KiB Mem : 65877692 total, 23947856 free, 29327024 used, 12602812 buff/cache
KiB Swap: 33554428 total, 31912172 free,  1642256 used. 35291276 avail Mem 
--
top - 14:17:25 up 111 days,  6:01,  0 users,  load average: 14.80, 20.64, 13.21
Tasks: 397 total,   1 running, 396 sleeping,   0 stopped,   0 zombie
%Cpu(s):  4.2 us,  0.5 sy,  0.0 ni, 95.2 id,  0.0 wa,  0.0 hi,  0.1 si,  0.0 st
KiB Mem : 65877692 total, 23574696 free, 29700184 used, 12602812 buff/cache
KiB Swap: 33554428 total, 31912172 free,  1642256 used. 34918116 avail Mem 
--
top - 14:17:30 up 111 days,  6:01,  0 users,  load average: 15.93, 20.78, 13.30
Tasks: 397 total,   1 running, 396 sleeping,   0 stopped,   0 zombie
%Cpu(s): 96.5 us,  0.4 sy,  0.0 ni,  3.1 id,  0.0 wa,  0.0 hi,  0.0 si,  0.0 st
KiB Mem : 65877692 total, 23358204 free, 29916676 used, 12602812 buff/cache
KiB Swap: 33554428 total, 31912172 free,  1642256 used. 34701624 avail Mem 
--
top - 14:17:35 up 111 days,  6:01,  0 users,  load average: 17.14, 20.95, 13.39
Tasks: 397 total,   1 running, 396 sleeping,   0 stopped,   0 zombie
%Cpu(s): 96.2 us,  0.5 sy,  0.0 ni,  3.3 id,  0.0 wa,  0.0 hi,  0.0 si,  0.0 st
KiB Mem : 65877692 total, 23137128 free, 30137752 used, 12602812 buff/cache
KiB Swap: 33554428 total, 31912172 free,  1642256 used. 34480052 avail Mem 
--
top - 14:17:40 up 111 days,  6:01,  0 users,  load average: 18.25, 21.12, 13.49
Tasks: 397 total,   2 running, 395 sleeping,   0 stopped,   0 zombie
%Cpu(s): 96.4 us,  0.6 sy,  0.0 ni,  3.1 id,  0.0 wa,  0.0 hi,  0.0 si,  0.0 st
KiB Mem : 65877692 total, 22891092 free, 30383788 used, 12602812 buff/cache
KiB Swap: 33554428 total, 31912172 free,  1642256 used. 34234512 avail Mem 
--
top - 14:17:45 up 111 days,  6:01,  0 users,  load average: 19.35, 21.30, 13.59
Tasks: 397 total,   1 running, 396 sleeping,   0 stopped,   0 zombie
%Cpu(s): 96.0 us,  0.8 sy,  0.0 ni,  3.2 id,  0.0 wa,  0.0 hi,  0.0 si,  0.0 st
KiB Mem : 65877692 total, 22627432 free, 30647448 used, 12602812 buff/cache
KiB Swap: 33554428 total, 31912172 free,  1642256 used. 33970852 avail Mem 
--
top - 14:17:50 up 111 days,  6:01,  0 users,  load average: 20.28, 21.46, 13.68
Tasks: 397 total,   2 running, 395 sleeping,   0 stopped,   0 zombie
%Cpu(s): 96.4 us,  0.5 sy,  0.0 ni,  3.1 id,  0.0 wa,  0.0 hi,  0.0 si,  0.0 st
KiB Mem : 65877692 total, 22381300 free, 30893580 used, 12602812 buff/cache
KiB Swap: 33554428 total, 31912172 free,  1642256 used. 33724720 avail Mem 
--
top - 14:17:55 up 111 days,  6:01,  0 users,  load average: 21.14, 21.62, 13.77
Tasks: 397 total,   2 running, 395 sleeping,   0 stopped,   0 zombie
%Cpu(s): 96.3 us,  0.6 sy,  0.0 ni,  3.1 id,  0.0 wa,  0.0 hi,  0.0 si,  0.0 st
KiB Mem : 65877692 total, 22142828 free, 31132048 used, 12602816 buff/cache
KiB Swap: 33554428 total, 31912172 free,  1642256 used. 33486252 avail Mem 
--
top - 14:18:00 up 111 days,  6:01,  0 users,  load average: 21.93, 21.77, 13.87
Tasks: 405 total,   3 running, 402 sleeping,   0 stopped,   0 zombie
%Cpu(s): 96.4 us,  0.8 sy,  0.0 ni,  2.8 id,  0.0 wa,  0.0 hi,  0.0 si,  0.0 st
KiB Mem : 65877692 total, 21864932 free, 31409944 used, 12602816 buff/cache
KiB Swap: 33554428 total, 31912172 free,  1642256 used. 33208356 avail Mem 
--
top - 14:18:05 up 111 days,  6:01,  0 users,  load average: 22.66, 21.93, 13.96
Tasks: 402 total,   2 running, 400 sleeping,   0 stopped,   0 zombie
%Cpu(s): 96.4 us,  0.6 sy,  0.0 ni,  3.0 id,  0.0 wa,  0.0 hi,  0.0 si,  0.0 st
KiB Mem : 65877692 total, 21648776 free, 31626084 used, 12602832 buff/cache
KiB Swap: 33554428 total, 31912172 free,  1642256 used. 32992208 avail Mem 
--
top - 14:18:10 up 111 days,  6:02,  0 users,  load average: 23.33, 22.08, 14.05
Tasks: 402 total,   2 running, 400 sleeping,   0 stopped,   0 zombie
%Cpu(s): 96.2 us,  0.6 sy,  0.0 ni,  3.2 id,  0.0 wa,  0.0 hi,  0.0 si,  0.0 st
KiB Mem : 65877692 total, 21413652 free, 31861208 used, 12602832 buff/cache
KiB Swap: 33554428 total, 31912172 free,  1642256 used. 32757084 avail Mem 
--
top - 14:18:15 up 111 days,  6:02,  0 users,  load average: 24.10, 22.26, 14.15
Tasks: 402 total,   2 running, 400 sleeping,   0 stopped,   0 zombie
%Cpu(s): 96.2 us,  0.7 sy,  0.0 ni,  3.1 id,  0.0 wa,  0.0 hi,  0.0 si,  0.0 st
KiB Mem : 65877692 total, 21181108 free, 32093752 used, 12602832 buff/cache
KiB Swap: 33554428 total, 31912172 free,  1642256 used. 32524540 avail Mem 
--
top - 14:18:20 up 111 days,  6:02,  0 users,  load average: 24.65, 22.40, 14.24
Tasks: 402 total,   2 running, 400 sleeping,   0 stopped,   0 zombie
%Cpu(s): 96.0 us,  0.8 sy,  0.0 ni,  3.1 id,  0.0 wa,  0.0 hi,  0.0 si,  0.0 st
KiB Mem : 65877692 total, 20956976 free, 32317884 used, 12602832 buff/cache
KiB Swap: 33554428 total, 31912172 free,  1642256 used. 32300408 avail Mem 
--
top - 14:18:25 up 111 days,  6:02,  0 users,  load average: 25.16, 22.55, 14.33
Tasks: 402 total,   2 running, 400 sleeping,   0 stopped,   0 zombie
%Cpu(s): 96.3 us,  0.6 sy,  0.0 ni,  3.1 id,  0.0 wa,  0.0 hi,  0.0 si,  0.0 st
KiB Mem : 65877692 total, 20726176 free, 32548684 used, 12602832 buff/cache
KiB Swap: 33554428 total, 31912172 free,  1642256 used. 32069608 avail Mem 
--
top - 14:18:30 up 111 days,  6:02,  0 users,  load average: 25.71, 22.70, 14.42
Tasks: 402 total,   2 running, 400 sleeping,   0 stopped,   0 zombie
%Cpu(s): 96.3 us,  0.6 sy,  0.0 ni,  3.1 id,  0.0 wa,  0.0 hi,  0.0 si,  0.0 st
KiB Mem : 65877692 total, 20480620 free, 32794240 used, 12602832 buff/cache
KiB Swap: 33554428 total, 31912172 free,  1642256 used. 31824052 avail Mem 
--
top - 14:18:35 up 111 days,  6:02,  0 users,  load average: 26.13, 22.84, 14.51
Tasks: 402 total,   2 running, 400 sleeping,   0 stopped,   0 zombie
%Cpu(s): 96.1 us,  0.7 sy,  0.0 ni,  3.1 id,  0.0 wa,  0.0 hi,  0.0 si,  0.0 st
KiB Mem : 65877692 total, 20274136 free, 33000724 used, 12602832 buff/cache
KiB Swap: 33554428 total, 31912172 free,  1642256 used. 31617568 avail Mem 
--
top - 14:18:40 up 111 days,  6:02,  0 users,  load average: 26.52, 22.98, 14.60
Tasks: 402 total,   2 running, 400 sleeping,   0 stopped,   0 zombie
%Cpu(s): 96.3 us,  0.5 sy,  0.0 ni,  3.1 id,  0.0 wa,  0.0 hi,  0.0 si,  0.0 st
KiB Mem : 65877692 total, 20041128 free, 33233732 used, 12602832 buff/cache
KiB Swap: 33554428 total, 31912172 free,  1642256 used. 31384560 avail Mem 
--
top - 14:18:45 up 111 days,  6:02,  0 users,  load average: 26.88, 23.11, 14.69
Tasks: 402 total,   3 running, 399 sleeping,   0 stopped,   0 zombie
%Cpu(s): 96.4 us,  0.5 sy,  0.0 ni,  3.1 id,  0.0 wa,  0.0 hi,  0.0 si,  0.0 st
KiB Mem : 65877692 total, 19825404 free, 33449452 used, 12602836 buff/cache
KiB Swap: 33554428 total, 31912172 free,  1642256 used. 31168840 avail Mem 
--
top - 14:18:50 up 111 days,  6:02,  0 users,  load average: 27.21, 23.24, 14.78
Tasks: 402 total,   2 running, 400 sleeping,   0 stopped,   0 zombie
%Cpu(s): 96.4 us,  0.5 sy,  0.0 ni,  3.0 id,  0.1 wa,  0.0 hi,  0.0 si,  0.0 st
KiB Mem : 65877692 total, 19564328 free, 33710528 used, 12602836 buff/cache
KiB Swap: 33554428 total, 31912172 free,  1642256 used. 30907764 avail Mem 
--
top - 14:18:55 up 111 days,  6:02,  0 users,  load average: 27.51, 23.37, 14.86
Tasks: 402 total,   2 running, 400 sleeping,   0 stopped,   0 zombie
%Cpu(s): 96.3 us,  0.6 sy,  0.0 ni,  3.1 id,  0.0 wa,  0.0 hi,  0.0 si,  0.0 st
KiB Mem : 65877692 total, 19351300 free, 33923556 used, 12602836 buff/cache
KiB Swap: 33554428 total, 31912172 free,  1642256 used. 30694736 avail Mem 
--
top - 14:19:00 up 111 days,  6:02,  0 users,  load average: 27.79, 23.50, 14.95
Tasks: 399 total,   2 running, 397 sleeping,   0 stopped,   0 zombie
%Cpu(s): 96.3 us,  0.5 sy,  0.0 ni,  3.1 id,  0.0 wa,  0.0 hi,  0.0 si,  0.0 st
KiB Mem : 65877692 total, 19108448 free, 34166408 used, 12602836 buff/cache
KiB Swap: 33554428 total, 31912172 free,  1642256 used. 30451884 avail Mem 
--
top - 14:19:05 up 111 days,  6:02,  0 users,  load average: 28.05, 23.62, 15.04
Tasks: 399 total,   2 running, 397 sleeping,   0 stopped,   0 zombie
%Cpu(s): 96.4 us,  0.5 sy,  0.0 ni,  3.1 id,  0.0 wa,  0.0 hi,  0.0 si,  0.0 st
KiB Mem : 65877692 total, 18870620 free, 34404236 used, 12602836 buff/cache
KiB Swap: 33554428 total, 31912172 free,  1642256 used. 30214056 avail Mem 
--
top - 14:19:10 up 111 days,  6:03,  0 users,  load average: 28.29, 23.74, 15.12
Tasks: 399 total,   3 running, 396 sleeping,   0 stopped,   0 zombie
%Cpu(s): 96.5 us,  0.4 sy,  0.0 ni,  3.1 id,  0.0 wa,  0.0 hi,  0.0 si,  0.0 st
KiB Mem : 65877692 total, 18633700 free, 34641156 used, 12602836 buff/cache
KiB Swap: 33554428 total, 31912172 free,  1642256 used. 29977136 avail Mem 
--
top - 14:19:16 up 111 days,  6:03,  0 users,  load average: 28.50, 23.86, 15.21
Tasks: 399 total,   2 running, 397 sleeping,   0 stopped,   0 zombie
%Cpu(s): 96.4 us,  0.6 sy,  0.0 ni,  3.1 id,  0.0 wa,  0.0 hi,  0.0 si,  0.0 st
KiB Mem : 65877692 total, 18408304 free, 34866552 used, 12602836 buff/cache
KiB Swap: 33554428 total, 31912172 free,  1642256 used. 29751740 avail Mem 
--
top - 14:19:21 up 111 days,  6:03,  0 users,  load average: 28.70, 23.98, 15.29
Tasks: 399 total,   2 running, 397 sleeping,   0 stopped,   0 zombie
%Cpu(s): 96.3 us,  0.5 sy,  0.0 ni,  3.1 id,  0.0 wa,  0.0 hi,  0.0 si,  0.0 st
KiB Mem : 65877692 total, 18167308 free, 35107548 used, 12602836 buff/cache
KiB Swap: 33554428 total, 31912172 free,  1642256 used. 29510744 avail Mem 
--
top - 14:19:26 up 111 days,  6:03,  0 users,  load average: 28.81, 24.08, 15.37
Tasks: 399 total,   2 running, 397 sleeping,   0 stopped,   0 zombie
%Cpu(s): 96.0 us,  0.6 sy,  0.0 ni,  3.3 id,  0.0 wa,  0.0 hi,  0.0 si,  0.0 st
KiB Mem : 65877692 total, 17928052 free, 35346804 used, 12602836 buff/cache
KiB Swap: 33554428 total, 31912172 free,  1642256 used. 29271488 avail Mem 
--
top - 14:19:31 up 111 days,  6:03,  0 users,  load average: 28.90, 24.18, 15.45
Tasks: 399 total,   2 running, 397 sleeping,   0 stopped,   0 zombie
%Cpu(s): 96.3 us,  0.6 sy,  0.0 ni,  3.1 id,  0.0 wa,  0.0 hi,  0.0 si,  0.0 st
KiB Mem : 65877692 total, 17679428 free, 35595428 used, 12602836 buff/cache
KiB Swap: 33554428 total, 31912172 free,  1642256 used. 29021672 avail Mem 
--
top - 14:19:36 up 111 days,  6:03,  0 users,  load average: 28.99, 24.28, 15.53
Tasks: 398 total,   2 running, 396 sleeping,   0 stopped,   0 zombie
%Cpu(s): 96.2 us,  0.6 sy,  0.0 ni,  3.2 id,  0.0 wa,  0.0 hi,  0.0 si,  0.0 st
KiB Mem : 65877692 total, 17443420 free, 35831436 used, 12602836 buff/cache
KiB Swap: 33554428 total, 31912172 free,  1642256 used. 28786856 avail Mem 
--
top - 14:19:41 up 111 days,  6:03,  0 users,  load average: 29.15, 24.39, 15.61
Tasks: 396 total,   2 running, 394 sleeping,   0 stopped,   0 zombie
%Cpu(s): 96.2 us,  0.6 sy,  0.0 ni,  3.1 id,  0.0 wa,  0.0 hi,  0.0 si,  0.0 st
KiB Mem : 65877692 total, 17226540 free, 36048312 used, 12602840 buff/cache
KiB Swap: 33554428 total, 31912172 free,  1642256 used. 28569980 avail Mem 
--
top - 14:19:46 up 111 days,  6:03,  0 users,  load average: 28.90, 24.42, 15.67
Tasks: 396 total,   2 running, 394 sleeping,   0 stopped,   0 zombie
%Cpu(s): 83.9 us,  0.6 sy,  0.0 ni, 15.4 id,  0.0 wa,  0.0 hi,  0.0 si,  0.0 st
KiB Mem : 65877692 total, 17017844 free, 36257008 used, 12602840 buff/cache
KiB Swap: 33554428 total, 31912172 free,  1642256 used. 28361284 avail Mem 
--
top - 14:19:51 up 111 days,  6:03,  0 users,  load average: 27.31, 24.16, 15.63
Tasks: 396 total,   2 running, 394 sleeping,   0 stopped,   0 zombie
%Cpu(s): 41.8 us,  0.2 sy,  0.0 ni, 58.0 id,  0.0 wa,  0.0 hi,  0.0 si,  0.0 st
KiB Mem : 65877692 total, 16832152 free, 36442700 used, 12602840 buff/cache
KiB Swap: 33554428 total, 31912172 free,  1642256 used. 28175592 avail Mem 
