Job id: 4753600
Worker ip: 10.149.0.31
Master ip: 10.149.0.56
--
top - 14:42:58 up 105 days,  6:26,  0 users,  load average: 4.55, 1.37, 0.59
Tasks: 414 total,   1 running, 413 sleeping,   0 stopped,   0 zombie
%Cpu(s):  2.5 us,  4.4 sy,  0.0 ni, 92.8 id,  0.0 wa,  0.0 hi,  0.4 si,  0.0 st
KiB Mem : 65877712 total, 56787988 free,  1104432 used,  7985292 buff/cache
KiB Swap: 33554428 total, 32348760 free,  1205668 used. 63607400 avail Mem 
--
top - 14:43:04 up 105 days,  6:26,  0 users,  load average: 4.18, 1.35, 0.58
Tasks: 415 total,   1 running, 414 sleeping,   0 stopped,   0 zombie
%Cpu(s):  1.7 us,  0.5 sy,  0.0 ni, 97.8 id,  0.0 wa,  0.0 hi,  0.0 si,  0.0 st
KiB Mem : 65877712 total, 56762824 free,  1122952 used,  7991936 buff/cache
KiB Swap: 33554428 total, 32348760 free,  1205668 used. 63588828 avail Mem 
--
top - 14:43:09 up 105 days,  6:26,  0 users,  load average: 3.85, 1.32, 0.58
Tasks: 415 total,   1 running, 414 sleeping,   0 stopped,   0 zombie
%Cpu(s):  0.0 us,  0.0 sy,  0.0 ni,100.0 id,  0.0 wa,  0.0 hi,  0.0 si,  0.0 st
KiB Mem : 65877712 total, 56763868 free,  1121908 used,  7991936 buff/cache
KiB Swap: 33554428 total, 32348760 free,  1205668 used. 63589872 avail Mem 
--
top - 14:43:14 up 105 days,  6:26,  0 users,  load average: 3.54, 1.30, 0.58
Tasks: 415 total,   1 running, 414 sleeping,   0 stopped,   0 zombie
%Cpu(s):  0.0 us,  0.0 sy,  0.0 ni,100.0 id,  0.0 wa,  0.0 hi,  0.0 si,  0.0 st
KiB Mem : 65877712 total, 56764604 free,  1121172 used,  7991936 buff/cache
KiB Swap: 33554428 total, 32348760 free,  1205668 used. 63590608 avail Mem 
--
top - 14:43:19 up 105 days,  6:26,  0 users,  load average: 3.26, 1.28, 0.58
Tasks: 415 total,   2 running, 413 sleeping,   0 stopped,   0 zombie
%Cpu(s):  0.0 us,  0.0 sy,  0.0 ni,100.0 id,  0.0 wa,  0.0 hi,  0.0 si,  0.0 st
KiB Mem : 65877712 total, 56764856 free,  1120920 used,  7991936 buff/cache
KiB Swap: 33554428 total, 32348760 free,  1205668 used. 63590860 avail Mem 
--
top - 14:43:24 up 105 days,  6:26,  0 users,  load average: 3.00, 1.26, 0.57
Tasks: 415 total,   1 running, 414 sleeping,   0 stopped,   0 zombie
%Cpu(s):  0.0 us,  0.0 sy,  0.0 ni,100.0 id,  0.0 wa,  0.0 hi,  0.0 si,  0.0 st
KiB Mem : 65877712 total, 56764320 free,  1121456 used,  7991936 buff/cache
KiB Swap: 33554428 total, 32348760 free,  1205668 used. 63590324 avail Mem 
--
top - 14:43:29 up 105 days,  6:26,  0 users,  load average: 2.76, 1.24, 0.57
Tasks: 414 total,   1 running, 413 sleeping,   0 stopped,   0 zombie
%Cpu(s):  0.0 us,  0.0 sy,  0.0 ni, 99.9 id,  0.0 wa,  0.0 hi,  0.0 si,  0.0 st
KiB Mem : 65877712 total, 56765692 free,  1120084 used,  7991936 buff/cache
KiB Swap: 33554428 total, 32348760 free,  1205668 used. 63591696 avail Mem 
--
top - 14:43:34 up 105 days,  6:26,  0 users,  load average: 2.54, 1.22, 0.57
Tasks: 414 total,   1 running, 413 sleeping,   0 stopped,   0 zombie
%Cpu(s):  0.0 us,  0.0 sy,  0.0 ni,100.0 id,  0.0 wa,  0.0 hi,  0.0 si,  0.0 st
KiB Mem : 65877712 total, 56763432 free,  1122344 used,  7991936 buff/cache
KiB Swap: 33554428 total, 32348760 free,  1205668 used. 63589436 avail Mem 
--
top - 14:43:39 up 105 days,  6:27,  0 users,  load average: 2.33, 1.20, 0.56
Tasks: 414 total,   1 running, 413 sleeping,   0 stopped,   0 zombie
%Cpu(s):  0.1 us,  0.0 sy,  0.0 ni, 99.9 id,  0.0 wa,  0.0 hi,  0.0 si,  0.0 st
KiB Mem : 65877712 total, 56725260 free,  1160516 used,  7991936 buff/cache
KiB Swap: 33554428 total, 32348760 free,  1205668 used. 63551264 avail Mem 
--
top - 14:43:44 up 105 days,  6:27,  0 users,  load average: 2.15, 1.18, 0.56
Tasks: 414 total,   1 running, 413 sleeping,   0 stopped,   0 zombie
%Cpu(s): 26.7 us,  0.4 sy,  0.0 ni, 72.8 id,  0.0 wa,  0.0 hi,  0.0 si,  0.0 st
KiB Mem : 65877712 total, 56395604 free,  1490172 used,  7991936 buff/cache
KiB Swap: 33554428 total, 32348760 free,  1205668 used. 63221600 avail Mem 
--
top - 14:43:49 up 105 days,  6:27,  0 users,  load average: 1.97, 1.16, 0.56
Tasks: 414 total,   1 running, 413 sleeping,   0 stopped,   0 zombie
%Cpu(s):  0.1 us,  0.0 sy,  0.0 ni, 99.9 id,  0.0 wa,  0.0 hi,  0.0 si,  0.0 st
KiB Mem : 65877712 total, 56432992 free,  1452784 used,  7991936 buff/cache
KiB Swap: 33554428 total, 32348760 free,  1205668 used. 63258996 avail Mem 
--
top - 14:43:54 up 105 days,  6:27,  0 users,  load average: 1.82, 1.14, 0.55
Tasks: 414 total,   1 running, 413 sleeping,   0 stopped,   0 zombie
%Cpu(s):  0.1 us,  0.0 sy,  0.0 ni, 99.9 id,  0.0 wa,  0.0 hi,  0.0 si,  0.0 st
KiB Mem : 65877712 total, 56391672 free,  1494100 used,  7991940 buff/cache
KiB Swap: 33554428 total, 32348760 free,  1205668 used. 63217676 avail Mem 
--
top - 14:43:59 up 105 days,  6:27,  0 users,  load average: 1.67, 1.12, 0.55
Tasks: 414 total,   1 running, 413 sleeping,   0 stopped,   0 zombie
%Cpu(s): 27.2 us,  0.4 sy,  0.0 ni, 72.4 id,  0.0 wa,  0.0 hi,  0.0 si,  0.0 st
KiB Mem : 65877712 total, 56389724 free,  1496048 used,  7991940 buff/cache
KiB Swap: 33554428 total, 32348760 free,  1205668 used. 63215732 avail Mem 
--
top - 14:44:04 up 105 days,  6:27,  0 users,  load average: 1.54, 1.10, 0.55
Tasks: 414 total,   1 running, 413 sleeping,   0 stopped,   0 zombie
%Cpu(s):  0.5 us,  0.3 sy,  0.0 ni, 98.6 id,  0.6 wa,  0.0 hi,  0.0 si,  0.0 st
KiB Mem : 65877712 total, 56350460 free,  1535312 used,  7991940 buff/cache
KiB Swap: 33554428 total, 32348760 free,  1205668 used. 63176468 avail Mem 
--
top - 14:44:09 up 105 days,  6:27,  0 users,  load average: 1.41, 1.08, 0.55
Tasks: 414 total,   3 running, 411 sleeping,   0 stopped,   0 zombie
%Cpu(s): 22.2 us,  0.2 sy,  0.0 ni, 77.6 id,  0.0 wa,  0.0 hi,  0.0 si,  0.0 st
KiB Mem : 65877712 total, 56275236 free,  1610536 used,  7991940 buff/cache
KiB Swap: 33554428 total, 32348760 free,  1205668 used. 63101244 avail Mem 
--
top - 14:44:14 up 105 days,  6:27,  0 users,  load average: 1.86, 1.18, 0.58
Tasks: 416 total,   1 running, 415 sleeping,   0 stopped,   0 zombie
%Cpu(s):  2.0 us,  0.0 sy,  0.0 ni, 92.0 id,  6.0 wa,  0.0 hi,  0.0 si,  0.0 st
KiB Mem : 65877712 total, 56326380 free,  1559392 used,  7991940 buff/cache
KiB Swap: 33554428 total, 32348760 free,  1205668 used. 63152388 avail Mem 
--
top - 14:44:19 up 105 days,  6:27,  0 users,  load average: 2.27, 1.28, 0.62
Tasks: 416 total,   1 running, 415 sleeping,   0 stopped,   0 zombie
%Cpu(s):  0.1 us,  0.1 sy,  0.0 ni, 93.7 id,  6.2 wa,  0.0 hi,  0.0 si,  0.0 st
KiB Mem : 65877712 total, 56291476 free,  1594296 used,  7991940 buff/cache
KiB Swap: 33554428 total, 32348760 free,  1205668 used. 63117484 avail Mem 
--
top - 14:44:24 up 105 days,  6:27,  0 users,  load average: 3.93, 1.64, 0.74
Tasks: 416 total,   1 running, 415 sleeping,   0 stopped,   0 zombie
%Cpu(s): 25.6 us,  0.1 sy,  0.0 ni, 74.2 id,  0.1 wa,  0.0 hi,  0.0 si,  0.0 st
KiB Mem : 65877712 total, 56224320 free,  1661452 used,  7991940 buff/cache
KiB Swap: 33554428 total, 32348760 free,  1205668 used. 63050328 avail Mem 
--
top - 14:44:29 up 105 days,  6:27,  0 users,  load average: 3.62, 1.61, 0.73
Tasks: 417 total,   1 running, 416 sleeping,   0 stopped,   0 zombie
%Cpu(s):  0.1 us,  0.1 sy,  0.0 ni, 99.9 id,  0.0 wa,  0.0 hi,  0.0 si,  0.0 st
KiB Mem : 65877712 total, 56267384 free,  1618388 used,  7991940 buff/cache
KiB Swap: 33554428 total, 32348760 free,  1205668 used. 63093392 avail Mem 
--
top - 14:44:34 up 105 days,  6:27,  0 users,  load average: 3.33, 1.58, 0.73
Tasks: 417 total,   1 running, 416 sleeping,   0 stopped,   0 zombie
%Cpu(s):  0.1 us,  0.1 sy,  0.0 ni, 99.9 id,  0.0 wa,  0.0 hi,  0.0 si,  0.0 st
KiB Mem : 65877712 total, 56231548 free,  1654224 used,  7991940 buff/cache
KiB Swap: 33554428 total, 32348760 free,  1205668 used. 63057556 avail Mem 
--
top - 14:44:39 up 105 days,  6:28,  0 users,  load average: 3.14, 1.58, 0.73
Tasks: 417 total,   1 running, 416 sleeping,   0 stopped,   0 zombie
%Cpu(s): 26.2 us,  0.3 sy,  0.0 ni, 73.5 id,  0.0 wa,  0.0 hi,  0.0 si,  0.0 st
KiB Mem : 65877712 total, 56148916 free,  1736856 used,  7991940 buff/cache
KiB Swap: 33554428 total, 32348760 free,  1205668 used. 62974924 avail Mem 
