10.149.0.63
2023/12/27 14:39:35 Master node address: http://10.149.0.56:8000
2023/12/27 14:39:35 Benchmarking worker...
2023/12/27 14:39:36 Worker registered (1841 MCUPS). Waiting for work...
2023/12/27 14:40:12 Got work. Start calculating alignments...
2023/12/27 14:40:12 Calculating 2009 queries
2023/12/27 14:40:18 Done calculating alignments.
2023/12/27 14:40:18 Waiting for work...
2023/12/27 14:40:26 Got work. Start calculating alignments...
2023/12/27 14:40:26 Calculating 2009 queries
2023/12/27 14:40:33 Done calculating alignments.
2023/12/27 14:40:33 Waiting for work...
2023/12/27 14:40:40 Got work. Start calculating alignments...
2023/12/27 14:40:40 Calculating 2010 queries
2023/12/27 14:40:47 Done calculating alignments.
2023/12/27 14:40:47 Waiting for work...
2023/12/27 14:40:54 Got work. Start calculating alignments...
2023/12/27 14:40:54 Calculating 2009 queries
2023/12/27 14:41:01 Done calculating alignments.
2023/12/27 14:41:01 Waiting for work...
2023/12/27 14:41:08 Got work. Start calculating alignments...
2023/12/27 14:41:08 Calculating 2009 queries
2023/12/27 14:41:14 Done calculating alignments.
2023/12/27 14:41:14 Waiting for work...
slurmstepd: error: *** JOB 4753576 ON node063 CANCELLED AT 2023-12-27T14:41:16 ***
