Job id: 4753646
Worker ip: 10.149.0.63
Master ip: 10.149.0.56
--
top - 14:51:41 up 105 days,  6:35,  0 users,  load average: 0.01, 0.56, 0.74
Tasks: 394 total,   1 running, 393 sleeping,   0 stopped,   0 zombie
%Cpu(s):  3.1 us,  5.4 sy,  0.0 ni, 91.3 id,  0.0 wa,  0.0 hi,  0.2 si,  0.0 st
KiB Mem : 65877712 total, 54723192 free,  1089652 used, 10064868 buff/cache
KiB Swap: 33554428 total, 32366268 free,  1188160 used. 63585056 avail Mem 
--
top - 14:51:46 up 105 days,  6:35,  0 users,  load average: 0.01, 0.55, 0.74
Tasks: 396 total,   1 running, 395 sleeping,   0 stopped,   0 zombie
%Cpu(s):  1.6 us,  0.4 sy,  0.0 ni, 98.0 id,  0.0 wa,  0.0 hi,  0.0 si,  0.0 st
KiB Mem : 65877712 total, 54703144 free,  1103184 used, 10071384 buff/cache
KiB Swap: 33554428 total, 32366268 free,  1188160 used. 63571924 avail Mem 
--
top - 14:51:51 up 105 days,  6:35,  0 users,  load average: 0.01, 0.54, 0.74
Tasks: 396 total,   1 running, 395 sleeping,   0 stopped,   0 zombie
%Cpu(s):  0.0 us,  0.0 sy,  0.0 ni,100.0 id,  0.0 wa,  0.0 hi,  0.0 si,  0.0 st
KiB Mem : 65877712 total, 54703208 free,  1103100 used, 10071404 buff/cache
KiB Swap: 33554428 total, 32366268 free,  1188160 used. 63571988 avail Mem 
--
top - 14:51:56 up 105 days,  6:35,  0 users,  load average: 0.01, 0.54, 0.73
Tasks: 397 total,   1 running, 396 sleeping,   0 stopped,   0 zombie
%Cpu(s):  0.0 us,  0.0 sy,  0.0 ni,100.0 id,  0.0 wa,  0.0 hi,  0.0 si,  0.0 st
KiB Mem : 65877712 total, 54703780 free,  1102516 used, 10071416 buff/cache
KiB Swap: 33554428 total, 32366268 free,  1188160 used. 63572560 avail Mem 
--
top - 14:52:01 up 105 days,  6:36,  0 users,  load average: 0.01, 0.53, 0.73
Tasks: 397 total,   1 running, 396 sleeping,   0 stopped,   0 zombie
%Cpu(s):  0.4 us,  0.2 sy,  0.0 ni, 99.0 id,  0.3 wa,  0.0 hi,  0.0 si,  0.0 st
KiB Mem : 65877712 total, 54700240 free,  1105972 used, 10071500 buff/cache
KiB Swap: 33554428 total, 32366268 free,  1188160 used. 63568708 avail Mem 
--
top - 14:52:06 up 105 days,  6:36,  0 users,  load average: 0.01, 0.52, 0.72
Tasks: 398 total,   1 running, 397 sleeping,   0 stopped,   0 zombie
%Cpu(s):  0.0 us,  0.0 sy,  0.0 ni,100.0 id,  0.0 wa,  0.0 hi,  0.0 si,  0.0 st
KiB Mem : 65877712 total, 54702552 free,  1103708 used, 10071452 buff/cache
KiB Swap: 33554428 total, 32366268 free,  1188160 used. 63570972 avail Mem 
--
top - 14:52:11 up 105 days,  6:36,  0 users,  load average: 0.01, 0.51, 0.72
Tasks: 398 total,   1 running, 397 sleeping,   0 stopped,   0 zombie
%Cpu(s):  0.0 us,  0.0 sy,  0.0 ni,100.0 id,  0.0 wa,  0.0 hi,  0.0 si,  0.0 st
KiB Mem : 65877712 total, 54702684 free,  1103576 used, 10071452 buff/cache
KiB Swap: 33554428 total, 32366268 free,  1188160 used. 63571104 avail Mem 
--
top - 14:52:16 up 105 days,  6:36,  0 users,  load average: 0.00, 0.50, 0.72
Tasks: 398 total,   1 running, 397 sleeping,   0 stopped,   0 zombie
%Cpu(s):  0.0 us,  0.0 sy,  0.0 ni, 99.9 id,  0.1 wa,  0.0 hi,  0.0 si,  0.0 st
KiB Mem : 65877712 total, 54698376 free,  1107884 used, 10071452 buff/cache
KiB Swap: 33554428 total, 32366268 free,  1188160 used. 63566796 avail Mem 
--
top - 14:52:21 up 105 days,  6:36,  0 users,  load average: 0.00, 0.49, 0.71
Tasks: 398 total,   1 running, 397 sleeping,   0 stopped,   0 zombie
%Cpu(s):  0.1 us,  0.1 sy,  0.0 ni, 99.8 id,  0.0 wa,  0.0 hi,  0.0 si,  0.0 st
KiB Mem : 65877712 total, 54616372 free,  1189888 used, 10071452 buff/cache
KiB Swap: 33554428 total, 32366268 free,  1188160 used. 63484792 avail Mem 
--
top - 14:52:26 up 105 days,  6:36,  0 users,  load average: 0.00, 0.48, 0.71
Tasks: 398 total,   1 running, 397 sleeping,   0 stopped,   0 zombie
%Cpu(s): 54.1 us,  0.5 sy,  0.0 ni, 45.4 id,  0.0 wa,  0.0 hi,  0.0 si,  0.0 st
KiB Mem : 65877712 total, 54331300 free,  1474960 used, 10071452 buff/cache
KiB Swap: 33554428 total, 32366268 free,  1188160 used. 63199720 avail Mem 
--
top - 14:52:31 up 105 days,  6:36,  0 users,  load average: 0.00, 0.48, 0.70
Tasks: 398 total,   1 running, 397 sleeping,   0 stopped,   0 zombie
%Cpu(s):  0.1 us,  0.1 sy,  0.0 ni, 99.8 id,  0.0 wa,  0.0 hi,  0.0 si,  0.0 st
KiB Mem : 65877712 total, 54275812 free,  1530448 used, 10071452 buff/cache
KiB Swap: 33554428 total, 32366268 free,  1188160 used. 63144232 avail Mem 
--
top - 14:52:36 up 105 days,  6:36,  0 users,  load average: 2.81, 1.05, 0.89
Tasks: 401 total,   2 running, 399 sleeping,   0 stopped,   0 zombie
%Cpu(s): 52.0 us,  0.5 sy,  0.0 ni, 44.6 id,  2.9 wa,  0.0 hi,  0.0 si,  0.0 st
KiB Mem : 65877712 total, 54135984 free,  1670272 used, 10071456 buff/cache
KiB Swap: 33554428 total, 32366268 free,  1188160 used. 63004408 avail Mem 
--
top - 14:52:41 up 105 days,  6:36,  0 users,  load average: 3.14, 1.15, 0.92
Tasks: 401 total,   1 running, 400 sleeping,   0 stopped,   0 zombie
%Cpu(s):  0.2 us,  0.0 sy,  0.0 ni, 90.4 id,  9.3 wa,  0.0 hi,  0.0 si,  0.0 st
KiB Mem : 65877712 total, 54200544 free,  1605712 used, 10071456 buff/cache
KiB Swap: 33554428 total, 32366268 free,  1188160 used. 63068968 avail Mem 
--
top - 14:52:46 up 105 days,  6:36,  0 users,  load average: 2.89, 1.13, 0.92
Tasks: 401 total,   2 running, 399 sleeping,   0 stopped,   0 zombie
%Cpu(s):  1.5 us,  0.2 sy,  0.0 ni, 96.0 id,  2.4 wa,  0.0 hi,  0.0 si,  0.0 st
KiB Mem : 65877712 total, 54123660 free,  1682596 used, 10071456 buff/cache
KiB Swap: 33554428 total, 32366268 free,  1188160 used. 62992084 avail Mem 
--
top - 14:52:51 up 105 days,  6:36,  0 users,  load average: 2.82, 1.14, 0.92
Tasks: 401 total,   1 running, 400 sleeping,   0 stopped,   0 zombie
%Cpu(s): 52.1 us,  0.4 sy,  0.0 ni, 47.5 id,  0.0 wa,  0.0 hi,  0.0 si,  0.0 st
KiB Mem : 65877712 total, 54112364 free,  1693892 used, 10071456 buff/cache
KiB Swap: 33554428 total, 32366268 free,  1188160 used. 62980788 avail Mem 
--
top - 14:52:56 up 105 days,  6:36,  0 users,  load average: 2.59, 1.12, 0.92
Tasks: 401 total,   1 running, 400 sleeping,   0 stopped,   0 zombie
%Cpu(s):  0.1 us,  0.1 sy,  0.0 ni, 99.8 id,  0.0 wa,  0.0 hi,  0.0 si,  0.0 st
KiB Mem : 65877712 total, 54063684 free,  1742572 used, 10071456 buff/cache
KiB Swap: 33554428 total, 32366268 free,  1188160 used. 62932108 avail Mem 
--
top - 14:53:01 up 105 days,  6:37,  0 users,  load average: 4.55, 1.55, 1.06
Tasks: 401 total,   2 running, 399 sleeping,   0 stopped,   0 zombie
%Cpu(s): 32.1 us,  0.3 sy,  0.0 ni, 67.5 id,  0.0 wa,  0.0 hi,  0.0 si,  0.0 st
KiB Mem : 65877712 total, 53965780 free,  1840476 used, 10071456 buff/cache
KiB Swap: 33554428 total, 32366268 free,  1188160 used. 62834204 avail Mem 
--
top - 14:53:06 up 105 days,  6:37,  0 users,  load average: 4.18, 1.53, 1.05
Tasks: 401 total,   1 running, 400 sleeping,   0 stopped,   0 zombie
%Cpu(s): 20.8 us,  0.1 sy,  0.0 ni, 79.0 id,  0.0 wa,  0.0 hi,  0.0 si,  0.0 st
KiB Mem : 65877712 total, 54000384 free,  1805872 used, 10071456 buff/cache
KiB Swap: 33554428 total, 32366268 free,  1188160 used. 62868808 avail Mem 
--
top - 14:53:11 up 105 days,  6:37,  0 users,  load average: 3.85, 1.50, 1.05
Tasks: 401 total,   1 running, 400 sleeping,   0 stopped,   0 zombie
%Cpu(s):  0.1 us,  0.1 sy,  0.0 ni, 99.8 id,  0.0 wa,  0.0 hi,  0.0 si,  0.0 st
KiB Mem : 65877712 total, 53931932 free,  1874324 used, 10071456 buff/cache
KiB Swap: 33554428 total, 32366268 free,  1188160 used. 62800356 avail Mem 
--
top - 14:53:16 up 105 days,  6:37,  0 users,  load average: 5.94, 1.98, 1.20
Tasks: 400 total,   1 running, 399 sleeping,   0 stopped,   0 zombie
%Cpu(s): 49.9 us,  0.3 sy,  0.0 ni, 49.7 id,  0.0 wa,  0.0 hi,  0.0 si,  0.0 st
KiB Mem : 65877712 total, 53797332 free,  2008924 used, 10071456 buff/cache
KiB Swap: 33554428 total, 32366268 free,  1188160 used. 62665756 avail Mem 
