Job id: 4753584
Worker ip: 10.149.0.63
Master ip: 10.149.0.54
--
top - 14:41:18 up 105 days,  6:25,  0 users,  load average: 7.95, 2.39, 0.93
Tasks: 403 total,   1 running, 402 sleeping,   0 stopped,   0 zombie
%Cpu(s):  2.8 us,  4.8 sy,  0.0 ni, 92.2 id,  0.0 wa,  0.0 hi,  0.2 si,  0.0 st
KiB Mem : 65877712 total, 54733980 free,  1085412 used, 10058320 buff/cache
KiB Swap: 33554428 total, 32366244 free,  1188184 used. 63589296 avail Mem 
--
top - 14:41:23 up 105 days,  6:25,  0 users,  load average: 7.31, 2.35, 0.93
Tasks: 404 total,   1 running, 403 sleeping,   0 stopped,   0 zombie
%Cpu(s):  1.7 us,  0.4 sy,  0.0 ni, 98.0 id,  0.0 wa,  0.0 hi,  0.0 si,  0.0 st
KiB Mem : 65877712 total, 54711980 free,  1100672 used, 10065060 buff/cache
KiB Swap: 33554428 total, 32366244 free,  1188184 used. 63573928 avail Mem 
--
top - 14:41:28 up 105 days,  6:25,  0 users,  load average: 6.73, 2.31, 0.92
Tasks: 404 total,   1 running, 403 sleeping,   0 stopped,   0 zombie
%Cpu(s):  0.0 us,  0.0 sy,  0.0 ni,100.0 id,  0.0 wa,  0.0 hi,  0.0 si,  0.0 st
KiB Mem : 65877712 total, 54711868 free,  1100784 used, 10065060 buff/cache
KiB Swap: 33554428 total, 32366244 free,  1188184 used. 63573816 avail Mem 
--
top - 14:41:33 up 105 days,  6:25,  0 users,  load average: 6.19, 2.28, 0.92
Tasks: 404 total,   1 running, 403 sleeping,   0 stopped,   0 zombie
%Cpu(s):  0.0 us,  0.0 sy,  0.0 ni,100.0 id,  0.0 wa,  0.0 hi,  0.0 si,  0.0 st
KiB Mem : 65877712 total, 54711272 free,  1101380 used, 10065060 buff/cache
KiB Swap: 33554428 total, 32366244 free,  1188184 used. 63573220 avail Mem 
--
top - 14:41:38 up 105 days,  6:25,  0 users,  load average: 5.69, 2.24, 0.91
Tasks: 404 total,   1 running, 403 sleeping,   0 stopped,   0 zombie
%Cpu(s):  0.0 us,  0.0 sy,  0.0 ni,100.0 id,  0.0 wa,  0.0 hi,  0.0 si,  0.0 st
KiB Mem : 65877712 total, 54711720 free,  1100932 used, 10065060 buff/cache
KiB Swap: 33554428 total, 32366244 free,  1188184 used. 63573668 avail Mem 
--
top - 14:41:43 up 105 days,  6:25,  0 users,  load average: 5.24, 2.20, 0.91
Tasks: 404 total,   1 running, 403 sleeping,   0 stopped,   0 zombie
%Cpu(s):  0.0 us,  0.0 sy,  0.0 ni,100.0 id,  0.0 wa,  0.0 hi,  0.0 si,  0.0 st
KiB Mem : 65877712 total, 54711720 free,  1100932 used, 10065060 buff/cache
KiB Swap: 33554428 total, 32366244 free,  1188184 used. 63573668 avail Mem 
--
top - 14:41:49 up 105 days,  6:25,  0 users,  load average: 4.82, 2.16, 0.91
Tasks: 404 total,   1 running, 403 sleeping,   0 stopped,   0 zombie
%Cpu(s):  0.0 us,  0.0 sy,  0.0 ni, 99.9 id,  0.0 wa,  0.0 hi,  0.0 si,  0.0 st
KiB Mem : 65877712 total, 54711720 free,  1100944 used, 10065048 buff/cache
KiB Swap: 33554428 total, 32366264 free,  1188164 used. 63573668 avail Mem 
--
top - 14:41:54 up 105 days,  6:25,  0 users,  load average: 4.43, 2.13, 0.90
Tasks: 404 total,   1 running, 403 sleeping,   0 stopped,   0 zombie
%Cpu(s):  0.0 us,  0.0 sy,  0.0 ni,100.0 id,  0.0 wa,  0.0 hi,  0.0 si,  0.0 st
KiB Mem : 65877712 total, 54707560 free,  1105104 used, 10065048 buff/cache
KiB Swap: 33554428 total, 32366264 free,  1188164 used. 63569508 avail Mem 
--
top - 14:41:59 up 105 days,  6:25,  0 users,  load average: 4.08, 2.09, 0.90
Tasks: 404 total,   1 running, 403 sleeping,   0 stopped,   0 zombie
%Cpu(s):  0.1 us,  0.1 sy,  0.0 ni, 99.7 id,  0.0 wa,  0.0 hi,  0.0 si,  0.0 st
KiB Mem : 65877712 total, 54625284 free,  1187380 used, 10065048 buff/cache
KiB Swap: 33554428 total, 32366264 free,  1188164 used. 63487232 avail Mem 
--
top - 14:42:04 up 105 days,  6:26,  0 users,  load average: 6.07, 2.54, 1.05
Tasks: 408 total,   1 running, 407 sleeping,   0 stopped,   0 zombie
%Cpu(s): 53.5 us,  0.8 sy,  0.0 ni, 45.7 id,  0.0 wa,  0.0 hi,  0.0 si,  0.0 st
KiB Mem : 65877712 total, 54347272 free,  1465604 used, 10064836 buff/cache
KiB Swap: 33554428 total, 32366264 free,  1188164 used. 63209108 avail Mem 
--
top - 14:42:09 up 105 days,  6:26,  0 users,  load average: 5.59, 2.50, 1.04
Tasks: 407 total,   1 running, 406 sleeping,   0 stopped,   0 zombie
%Cpu(s):  0.1 us,  0.1 sy,  0.0 ni, 99.8 id,  0.0 wa,  0.0 hi,  0.0 si,  0.0 st
KiB Mem : 65877712 total, 54306172 free,  1506704 used, 10064836 buff/cache
KiB Swap: 33554428 total, 32366264 free,  1188164 used. 63168008 avail Mem 
--
top - 14:42:14 up 105 days,  6:26,  0 users,  load average: 5.14, 2.46, 1.04
Tasks: 407 total,   1 running, 406 sleeping,   0 stopped,   0 zombie
%Cpu(s): 44.4 us,  0.3 sy,  0.0 ni, 55.4 id,  0.0 wa,  0.0 hi,  0.0 si,  0.0 st
KiB Mem : 65877712 total, 54167240 free,  1645632 used, 10064840 buff/cache
KiB Swap: 33554428 total, 32366264 free,  1188164 used. 63029080 avail Mem 
--
top - 14:42:19 up 105 days,  6:26,  0 users,  load average: 5.45, 2.56, 1.08
Tasks: 407 total,   1 running, 406 sleeping,   0 stopped,   0 zombie
%Cpu(s):  8.1 us,  0.1 sy,  0.0 ni, 91.8 id,  0.0 wa,  0.0 hi,  0.0 si,  0.0 st
KiB Mem : 65877712 total, 54219168 free,  1593704 used, 10064840 buff/cache
KiB Swap: 33554428 total, 32366264 free,  1188164 used. 63081008 avail Mem 
--
top - 14:42:24 up 105 days,  6:26,  0 users,  load average: 5.01, 2.52, 1.07
Tasks: 407 total,   1 running, 406 sleeping,   0 stopped,   0 zombie
%Cpu(s):  0.1 us,  0.1 sy,  0.0 ni, 99.8 id,  0.0 wa,  0.0 hi,  0.0 si,  0.0 st
KiB Mem : 65877712 total, 54147540 free,  1665332 used, 10064840 buff/cache
KiB Swap: 33554428 total, 32366264 free,  1188164 used. 63009380 avail Mem 
--
top - 14:42:29 up 105 days,  6:26,  0 users,  load average: 4.61, 2.48, 1.07
Tasks: 407 total,   1 running, 406 sleeping,   0 stopped,   0 zombie
%Cpu(s): 52.2 us,  0.4 sy,  0.0 ni, 47.4 id,  0.0 wa,  0.0 hi,  0.0 si,  0.0 st
KiB Mem : 65877712 total, 54056696 free,  1756176 used, 10064840 buff/cache
KiB Swap: 33554428 total, 32366264 free,  1188164 used. 62918536 avail Mem 
--
top - 14:42:34 up 105 days,  6:26,  0 users,  load average: 4.24, 2.44, 1.06
Tasks: 407 total,   1 running, 406 sleeping,   0 stopped,   0 zombie
%Cpu(s):  0.1 us,  0.1 sy,  0.0 ni, 99.8 id,  0.0 wa,  0.0 hi,  0.0 si,  0.0 st
KiB Mem : 65877712 total, 54076492 free,  1736380 used, 10064840 buff/cache
KiB Swap: 33554428 total, 32366264 free,  1188164 used. 62938332 avail Mem 
--
top - 14:42:39 up 105 days,  6:26,  0 users,  load average: 3.90, 2.40, 1.05
Tasks: 407 total,   1 running, 406 sleeping,   0 stopped,   0 zombie
%Cpu(s): 25.9 us,  0.3 sy,  0.0 ni, 73.8 id,  0.0 wa,  0.0 hi,  0.0 si,  0.0 st
KiB Mem : 65877712 total, 53982236 free,  1830636 used, 10064840 buff/cache
KiB Swap: 33554428 total, 32366264 free,  1188164 used. 62844076 avail Mem 
--
top - 14:42:44 up 105 days,  6:26,  0 users,  load average: 5.91, 2.84, 1.20
Tasks: 407 total,   1 running, 406 sleeping,   0 stopped,   0 zombie
%Cpu(s): 26.0 us,  0.2 sy,  0.0 ni, 73.8 id,  0.0 wa,  0.0 hi,  0.0 si,  0.0 st
KiB Mem : 65877712 total, 54003828 free,  1809044 used, 10064840 buff/cache
KiB Swap: 33554428 total, 32366264 free,  1188164 used. 62865668 avail Mem 
--
top - 14:42:49 up 105 days,  6:26,  0 users,  load average: 5.44, 2.79, 1.20
Tasks: 407 total,   1 running, 406 sleeping,   0 stopped,   0 zombie
%Cpu(s):  0.1 us,  0.1 sy,  0.0 ni, 99.8 id,  0.0 wa,  0.0 hi,  0.0 si,  0.0 st
KiB Mem : 65877712 total, 53941460 free,  1871412 used, 10064840 buff/cache
KiB Swap: 33554428 total, 32366264 free,  1188164 used. 62803300 avail Mem 
--
top - 14:42:54 up 105 days,  6:26,  0 users,  load average: 5.00, 2.75, 1.19
Tasks: 407 total,   1 running, 406 sleeping,   0 stopped,   0 zombie
%Cpu(s): 48.4 us,  0.6 sy,  0.0 ni, 51.0 id,  0.0 wa,  0.0 hi,  0.0 si,  0.0 st
KiB Mem : 65877712 total, 53817388 free,  1995484 used, 10064840 buff/cache
KiB Swap: 33554428 total, 32366264 free,  1188164 used. 62679228 avail Mem 
