10.149.0.44
2023/12/27 14:43:00 Master node address: http://10.149.0.56:8000
2023/12/27 14:43:00 Benchmarking worker...
2023/12/27 14:43:02 Worker registered (1836 MCUPS). Waiting for work...
2023/12/27 14:43:41 Got work. Start calculating alignments...
2023/12/27 14:43:41 Calculating 501 queries
2023/12/27 14:43:43 Done calculating alignments.
2023/12/27 14:43:43 Waiting for work...
2023/12/27 14:43:54 Got work. Start calculating alignments...
2023/12/27 14:43:54 Calculating 500 queries
2023/12/27 14:43:56 Done calculating alignments.
2023/12/27 14:43:56 Waiting for work...
2023/12/27 14:44:07 Got work. Start calculating alignments...
2023/12/27 14:44:07 Calculating 501 queries
2023/12/27 14:44:10 Done calculating alignments.
2023/12/27 14:44:10 Waiting for work...
2023/12/27 14:44:21 Got work. Start calculating alignments...
2023/12/27 14:44:21 Calculating 501 queries
2023/12/27 14:44:24 Done calculating alignments.
2023/12/27 14:44:24 Waiting for work...
2023/12/27 14:44:36 Got work. Start calculating alignments...
2023/12/27 14:44:36 Calculating 500 queries
2023/12/27 14:44:38 Done calculating alignments.
2023/12/27 14:44:38 Waiting for work...
slurmstepd: error: *** JOB 4753612 ON node044 CANCELLED AT 2023-12-27T14:44:39 ***
