10.149.0.62
2023/12/27 14:39:35 Master node address: http://10.149.0.56:8000
2023/12/27 14:39:35 Benchmarking worker...
2023/12/27 14:39:36 Worker registered (1844 MCUPS). Waiting for work...
2023/12/27 14:40:12 Got work. Start calculating alignments...
2023/12/27 14:40:12 Calculating 2013 queries
2023/12/27 14:40:19 Done calculating alignments.
2023/12/27 14:40:19 Waiting for work...
2023/12/27 14:40:25 Got work. Start calculating alignments...
2023/12/27 14:40:25 Calculating 2012 queries
2023/12/27 14:40:32 Done calculating alignments.
2023/12/27 14:40:32 Waiting for work...
2023/12/27 14:40:40 Got work. Start calculating alignments...
2023/12/27 14:40:40 Calculating 2012 queries
2023/12/27 14:40:46 Done calculating alignments.
2023/12/27 14:40:46 Waiting for work...
2023/12/27 14:40:54 Got work. Start calculating alignments...
2023/12/27 14:40:54 Calculating 2013 queries
2023/12/27 14:41:00 Done calculating alignments.
2023/12/27 14:41:00 Waiting for work...
2023/12/27 14:41:08 Got work. Start calculating alignments...
2023/12/27 14:41:08 Calculating 2013 queries
2023/12/27 14:41:14 Done calculating alignments.
2023/12/27 14:41:14 Waiting for work...
slurmstepd: error: *** JOB 4753575 ON node062 CANCELLED AT 2023-12-27T14:41:16 ***
