Job id: 4753585
Worker ip: 10.149.0.64
Master ip: 10.149.0.54
--
top - 14:41:18 up 105 days,  6:23,  0 users,  load average: 0.26, 0.17, 0.12
Tasks: 398 total,   2 running, 396 sleeping,   0 stopped,   0 zombie
%Cpu(s):  3.2 us,  5.8 sy,  0.0 ni, 87.9 id,  2.8 wa,  0.0 hi,  0.4 si,  0.0 st
KiB Mem : 65877712 total, 58126852 free,  1148012 used,  6602848 buff/cache
KiB Swap: 33554428 total, 32356424 free,  1198004 used. 63534744 avail Mem 
--
top - 14:41:23 up 105 days,  6:23,  0 users,  load average: 0.24, 0.17, 0.12
Tasks: 406 total,   1 running, 405 sleeping,   0 stopped,   0 zombie
%Cpu(s):  1.7 us,  0.5 sy,  0.0 ni, 97.7 id,  0.1 wa,  0.0 hi,  0.0 si,  0.0 st
KiB Mem : 65877712 total, 58107152 free,  1161068 used,  6609492 buff/cache
KiB Swap: 33554428 total, 32356424 free,  1198004 used. 63521500 avail Mem 
--
top - 14:41:28 up 105 days,  6:23,  0 users,  load average: 0.22, 0.17, 0.12
Tasks: 406 total,   1 running, 405 sleeping,   0 stopped,   0 zombie
%Cpu(s):  0.0 us,  0.0 sy,  0.0 ni,100.0 id,  0.0 wa,  0.0 hi,  0.0 si,  0.0 st
KiB Mem : 65877712 total, 58108004 free,  1160216 used,  6609492 buff/cache
KiB Swap: 33554428 total, 32356424 free,  1198004 used. 63522416 avail Mem 
--
top - 14:41:33 up 105 days,  6:23,  0 users,  load average: 0.21, 0.17, 0.12
Tasks: 406 total,   1 running, 405 sleeping,   0 stopped,   0 zombie
%Cpu(s):  0.0 us,  0.0 sy,  0.0 ni,100.0 id,  0.0 wa,  0.0 hi,  0.0 si,  0.0 st
KiB Mem : 65877712 total, 58108592 free,  1159628 used,  6609492 buff/cache
KiB Swap: 33554428 total, 32356424 free,  1198004 used. 63523032 avail Mem 
--
top - 14:41:38 up 105 days,  6:23,  0 users,  load average: 0.19, 0.16, 0.12
Tasks: 407 total,   1 running, 406 sleeping,   0 stopped,   0 zombie
%Cpu(s):  0.0 us,  0.0 sy,  0.0 ni,100.0 id,  0.0 wa,  0.0 hi,  0.0 si,  0.0 st
KiB Mem : 65877712 total, 58109288 free,  1158932 used,  6609492 buff/cache
KiB Swap: 33554428 total, 32356424 free,  1198004 used. 63523728 avail Mem 
--
top - 14:41:44 up 105 days,  6:23,  0 users,  load average: 0.17, 0.16, 0.11
Tasks: 407 total,   1 running, 406 sleeping,   0 stopped,   0 zombie
%Cpu(s):  0.0 us,  0.0 sy,  0.0 ni,100.0 id,  0.0 wa,  0.0 hi,  0.0 si,  0.0 st
KiB Mem : 65877712 total, 58109784 free,  1158436 used,  6609492 buff/cache
KiB Swap: 33554428 total, 32356424 free,  1198004 used. 63524224 avail Mem 
--
top - 14:41:49 up 105 days,  6:24,  0 users,  load average: 0.16, 0.16, 0.11
Tasks: 407 total,   1 running, 406 sleeping,   0 stopped,   0 zombie
%Cpu(s):  0.0 us,  0.0 sy,  0.0 ni, 99.9 id,  0.0 wa,  0.0 hi,  0.0 si,  0.0 st
KiB Mem : 65877712 total, 58109932 free,  1158288 used,  6609492 buff/cache
KiB Swap: 33554428 total, 32356424 free,  1198004 used. 63524372 avail Mem 
--
top - 14:41:54 up 105 days,  6:24,  0 users,  load average: 0.15, 0.16, 0.11
Tasks: 407 total,   1 running, 406 sleeping,   0 stopped,   0 zombie
%Cpu(s):  0.0 us,  0.0 sy,  0.0 ni, 99.9 id,  0.0 wa,  0.0 hi,  0.0 si,  0.0 st
KiB Mem : 65877712 total, 58102468 free,  1165752 used,  6609492 buff/cache
KiB Swap: 33554428 total, 32356424 free,  1198004 used. 63516912 avail Mem 
--
top - 14:41:59 up 105 days,  6:24,  0 users,  load average: 0.14, 0.15, 0.11
Tasks: 407 total,   1 running, 406 sleeping,   0 stopped,   0 zombie
%Cpu(s): 11.4 us,  0.4 sy,  0.0 ni, 88.2 id,  0.0 wa,  0.0 hi,  0.0 si,  0.0 st
KiB Mem : 65877712 total, 57781644 free,  1486576 used,  6609492 buff/cache
KiB Swap: 33554428 total, 32356424 free,  1198004 used. 63196088 avail Mem 
--
top - 14:42:04 up 105 days,  6:24,  0 users,  load average: 0.12, 0.15, 0.11
Tasks: 410 total,   1 running, 409 sleeping,   0 stopped,   0 zombie
%Cpu(s): 42.9 us,  0.6 sy,  0.0 ni, 56.5 id,  0.0 wa,  0.0 hi,  0.0 si,  0.0 st
KiB Mem : 65877712 total, 57749372 free,  1518848 used,  6609492 buff/cache
KiB Swap: 33554428 total, 32356424 free,  1198004 used. 63163856 avail Mem 
--
top - 14:42:09 up 105 days,  6:24,  0 users,  load average: 0.11, 0.15, 0.11
Tasks: 410 total,   1 running, 409 sleeping,   0 stopped,   0 zombie
%Cpu(s):  0.1 us,  0.1 sy,  0.0 ni, 99.8 id,  0.0 wa,  0.0 hi,  0.0 si,  0.0 st
KiB Mem : 65877712 total, 57703100 free,  1565120 used,  6609492 buff/cache
KiB Swap: 33554428 total, 32356424 free,  1198004 used. 63117584 avail Mem 
--
top - 14:42:14 up 105 days,  6:24,  0 users,  load average: 2.19, 0.58, 0.25
Tasks: 410 total,   2 running, 408 sleeping,   0 stopped,   0 zombie
%Cpu(s): 41.9 us,  0.5 sy,  0.0 ni, 57.7 id,  0.0 wa,  0.0 hi,  0.0 si,  0.0 st
KiB Mem : 65877712 total, 57567756 free,  1700460 used,  6609496 buff/cache
KiB Swap: 33554428 total, 32356424 free,  1198004 used. 62982244 avail Mem 
--
top - 14:42:19 up 105 days,  6:24,  0 users,  load average: 2.01, 0.57, 0.25
Tasks: 410 total,   1 running, 409 sleeping,   0 stopped,   0 zombie
%Cpu(s): 10.9 us,  0.1 sy,  0.0 ni, 89.0 id,  0.0 wa,  0.0 hi,  0.0 si,  0.0 st
KiB Mem : 65877712 total, 57604068 free,  1664148 used,  6609496 buff/cache
KiB Swap: 33554428 total, 32356424 free,  1198004 used. 63018556 avail Mem 
--
top - 14:42:24 up 105 days,  6:24,  0 users,  load average: 1.85, 0.56, 0.25
Tasks: 410 total,   1 running, 409 sleeping,   0 stopped,   0 zombie
%Cpu(s):  0.1 us,  0.1 sy,  0.0 ni, 99.8 id,  0.0 wa,  0.0 hi,  0.0 si,  0.0 st
KiB Mem : 65877712 total, 57530212 free,  1738004 used,  6609496 buff/cache
KiB Swap: 33554428 total, 32356424 free,  1198004 used. 62944700 avail Mem 
--
top - 14:42:29 up 105 days,  6:24,  0 users,  load average: 1.70, 0.55, 0.25
Tasks: 410 total,   1 running, 409 sleeping,   0 stopped,   0 zombie
%Cpu(s): 54.5 us,  0.6 sy,  0.0 ni, 44.8 id,  0.0 wa,  0.0 hi,  0.0 si,  0.0 st
KiB Mem : 65877712 total, 57417672 free,  1850544 used,  6609496 buff/cache
KiB Swap: 33554428 total, 32356424 free,  1198004 used. 62832156 avail Mem 
--
top - 14:42:34 up 105 days,  6:24,  0 users,  load average: 1.57, 0.54, 0.25
Tasks: 410 total,   1 running, 409 sleeping,   0 stopped,   0 zombie
%Cpu(s):  0.1 us,  0.1 sy,  0.0 ni, 99.8 id,  0.0 wa,  0.0 hi,  0.0 si,  0.0 st
KiB Mem : 65877712 total, 57470508 free,  1797708 used,  6609496 buff/cache
KiB Swap: 33554428 total, 32356424 free,  1198004 used. 62884996 avail Mem 
--
top - 14:42:39 up 105 days,  6:24,  0 users,  load average: 3.76, 1.01, 0.40
Tasks: 410 total,   2 running, 408 sleeping,   0 stopped,   0 zombie
%Cpu(s): 21.1 us,  0.2 sy,  0.0 ni, 78.7 id,  0.0 wa,  0.0 hi,  0.0 si,  0.0 st
KiB Mem : 65877712 total, 57367656 free,  1900560 used,  6609496 buff/cache
KiB Swap: 33554428 total, 32356424 free,  1198004 used. 62782144 avail Mem 
--
top - 14:42:44 up 105 days,  6:24,  0 users,  load average: 3.46, 1.00, 0.40
Tasks: 410 total,   1 running, 409 sleeping,   0 stopped,   0 zombie
%Cpu(s): 32.0 us,  0.1 sy,  0.0 ni, 67.9 id,  0.0 wa,  0.0 hi,  0.0 si,  0.0 st
KiB Mem : 65877712 total, 57396316 free,  1871900 used,  6609496 buff/cache
KiB Swap: 33554428 total, 32356424 free,  1198004 used. 62810804 avail Mem 
--
top - 14:42:49 up 105 days,  6:25,  0 users,  load average: 3.18, 0.98, 0.40
Tasks: 410 total,   1 running, 409 sleeping,   0 stopped,   0 zombie
%Cpu(s):  0.2 us,  0.1 sy,  0.0 ni, 99.7 id,  0.0 wa,  0.0 hi,  0.0 si,  0.0 st
KiB Mem : 65877712 total, 57327368 free,  1940848 used,  6609496 buff/cache
KiB Swap: 33554428 total, 32356424 free,  1198004 used. 62741856 avail Mem 
--
top - 14:42:54 up 105 days,  6:25,  0 users,  load average: 5.17, 1.43, 0.54
Tasks: 410 total,   1 running, 409 sleeping,   0 stopped,   0 zombie
%Cpu(s): 51.1 us,  0.4 sy,  0.0 ni, 48.6 id,  0.0 wa,  0.0 hi,  0.0 si,  0.0 st
KiB Mem : 65877712 total, 57193668 free,  2074548 used,  6609496 buff/cache
KiB Swap: 33554428 total, 32356424 free,  1198004 used. 62608156 avail Mem 
