Job id: 4753662
Worker ip: 10.149.0.32
Master ip: 10.149.0.59
--
top - 14:53:20 up 105 days,  6:36,  0 users,  load average: 0.01, 0.26, 0.38
Tasks: 398 total,   1 running, 397 sleeping,   0 stopped,   0 zombie
%Cpu(s):  2.7 us,  4.7 sy,  0.0 ni, 92.4 id,  0.0 wa,  0.0 hi,  0.2 si,  0.0 st
KiB Mem : 65877712 total, 56958532 free,  1185488 used,  7733692 buff/cache
KiB Swap: 33554428 total, 32283920 free,  1270508 used. 63534900 avail Mem 
--
top - 14:53:25 up 105 days,  6:36,  0 users,  load average: 0.17, 0.29, 0.39
Tasks: 401 total,   1 running, 400 sleeping,   0 stopped,   0 zombie
%Cpu(s):  1.7 us,  0.5 sy,  0.0 ni, 97.8 id,  0.0 wa,  0.0 hi,  0.0 si,  0.0 st
KiB Mem : 65877712 total, 56939492 free,  1197756 used,  7740464 buff/cache
KiB Swap: 33554428 total, 32283920 free,  1270508 used. 63522516 avail Mem 
--
top - 14:53:30 up 105 days,  6:36,  0 users,  load average: 0.15, 0.29, 0.38
Tasks: 401 total,   1 running, 400 sleeping,   0 stopped,   0 zombie
%Cpu(s):  0.0 us,  0.0 sy,  0.0 ni,100.0 id,  0.0 wa,  0.0 hi,  0.0 si,  0.0 st
KiB Mem : 65877712 total, 56940352 free,  1196864 used,  7740496 buff/cache
KiB Swap: 33554428 total, 32283920 free,  1270508 used. 63523392 avail Mem 
--
top - 14:53:35 up 105 days,  6:36,  0 users,  load average: 0.14, 0.28, 0.38
Tasks: 401 total,   1 running, 400 sleeping,   0 stopped,   0 zombie
%Cpu(s):  0.0 us,  0.0 sy,  0.0 ni,100.0 id,  0.0 wa,  0.0 hi,  0.0 si,  0.0 st
KiB Mem : 65877712 total, 56940968 free,  1196248 used,  7740496 buff/cache
KiB Swap: 33554428 total, 32283920 free,  1270508 used. 63524008 avail Mem 
--
top - 14:53:40 up 105 days,  6:36,  0 users,  load average: 0.13, 0.28, 0.38
Tasks: 401 total,   1 running, 400 sleeping,   0 stopped,   0 zombie
%Cpu(s):  0.0 us,  0.0 sy,  0.0 ni,100.0 id,  0.0 wa,  0.0 hi,  0.0 si,  0.0 st
KiB Mem : 65877712 total, 56941708 free,  1195508 used,  7740496 buff/cache
KiB Swap: 33554428 total, 32283920 free,  1270508 used. 63524748 avail Mem 
--
top - 14:53:45 up 105 days,  6:37,  0 users,  load average: 0.12, 0.27, 0.38
Tasks: 401 total,   1 running, 400 sleeping,   0 stopped,   0 zombie
%Cpu(s):  0.0 us,  0.0 sy,  0.0 ni,100.0 id,  0.0 wa,  0.0 hi,  0.0 si,  0.0 st
KiB Mem : 65877712 total, 56941800 free,  1195416 used,  7740496 buff/cache
KiB Swap: 33554428 total, 32283920 free,  1270508 used. 63524840 avail Mem 
--
top - 14:53:50 up 105 days,  6:37,  0 users,  load average: 0.11, 0.27, 0.38
Tasks: 401 total,   1 running, 400 sleeping,   0 stopped,   0 zombie
%Cpu(s):  0.0 us,  0.0 sy,  0.0 ni, 99.9 id,  0.0 wa,  0.0 hi,  0.0 si,  0.0 st
KiB Mem : 65877712 total, 56942296 free,  1194920 used,  7740496 buff/cache
KiB Swap: 33554428 total, 32283920 free,  1270508 used. 63525336 avail Mem 
--
top - 14:53:55 up 105 days,  6:37,  0 users,  load average: 0.10, 0.26, 0.37
Tasks: 401 total,   1 running, 400 sleeping,   0 stopped,   0 zombie
%Cpu(s):  0.0 us,  0.0 sy,  0.0 ni, 99.9 id,  0.0 wa,  0.0 hi,  0.0 si,  0.0 st
KiB Mem : 65877712 total, 56938744 free,  1198472 used,  7740496 buff/cache
KiB Swap: 33554428 total, 32283920 free,  1270508 used. 63521784 avail Mem 
--
top - 14:54:00 up 105 days,  6:37,  0 users,  load average: 0.09, 0.26, 0.37
Tasks: 404 total,   1 running, 403 sleeping,   0 stopped,   0 zombie
%Cpu(s):  0.5 us,  0.2 sy,  0.0 ni, 98.6 id,  0.6 wa,  0.0 hi,  0.0 si,  0.0 st
KiB Mem : 65877712 total, 56889636 free,  1247580 used,  7740496 buff/cache
KiB Swap: 33554428 total, 32283920 free,  1270508 used. 63472676 avail Mem 
--
top - 14:54:06 up 105 days,  6:37,  0 users,  load average: 0.09, 0.26, 0.37
Tasks: 401 total,   1 running, 400 sleeping,   0 stopped,   0 zombie
%Cpu(s): 27.9 us,  0.4 sy,  0.0 ni, 71.6 id,  0.0 wa,  0.0 hi,  0.0 si,  0.0 st
KiB Mem : 65877712 total, 56563476 free,  1573740 used,  7740496 buff/cache
KiB Swap: 33554428 total, 32283920 free,  1270508 used. 63146516 avail Mem 
--
top - 14:54:11 up 105 days,  6:37,  0 users,  load average: 0.08, 0.25, 0.37
Tasks: 401 total,   1 running, 400 sleeping,   0 stopped,   0 zombie
%Cpu(s):  0.0 us,  0.0 sy,  0.0 ni, 99.9 id,  0.0 wa,  0.0 hi,  0.0 si,  0.0 st
KiB Mem : 65877712 total, 56616544 free,  1520672 used,  7740496 buff/cache
KiB Swap: 33554428 total, 32283920 free,  1270508 used. 63199584 avail Mem 
--
top - 14:54:16 up 105 days,  6:37,  0 users,  load average: 0.07, 0.25, 0.37
Tasks: 401 total,   1 running, 400 sleeping,   0 stopped,   0 zombie
%Cpu(s):  0.1 us,  0.1 sy,  0.0 ni, 99.9 id,  0.0 wa,  0.0 hi,  0.0 si,  0.0 st
KiB Mem : 65877712 total, 56578616 free,  1558596 used,  7740500 buff/cache
KiB Swap: 33554428 total, 32283920 free,  1270508 used. 63161656 avail Mem 
--
top - 14:54:21 up 105 days,  6:37,  0 users,  load average: 2.39, 0.72, 0.52
Tasks: 401 total,   1 running, 400 sleeping,   0 stopped,   0 zombie
%Cpu(s): 24.8 us,  0.3 sy,  0.0 ni, 74.9 id,  0.0 wa,  0.0 hi,  0.0 si,  0.0 st
KiB Mem : 65877712 total, 56559136 free,  1578076 used,  7740500 buff/cache
KiB Swap: 33554428 total, 32283920 free,  1270508 used. 63142180 avail Mem 
--
top - 14:54:26 up 105 days,  6:37,  0 users,  load average: 2.20, 0.71, 0.52
Tasks: 401 total,   1 running, 400 sleeping,   0 stopped,   0 zombie
%Cpu(s):  0.1 us,  0.0 sy,  0.0 ni, 99.9 id,  0.0 wa,  0.0 hi,  0.0 si,  0.0 st
KiB Mem : 65877712 total, 56533264 free,  1603948 used,  7740500 buff/cache
KiB Swap: 33554428 total, 32283920 free,  1270508 used. 63116308 avail Mem 
--
top - 14:54:31 up 105 days,  6:37,  0 users,  load average: 2.02, 0.70, 0.51
Tasks: 401 total,   2 running, 399 sleeping,   0 stopped,   0 zombie
%Cpu(s): 18.4 us,  0.4 sy,  0.0 ni, 81.3 id,  0.0 wa,  0.0 hi,  0.0 si,  0.0 st
KiB Mem : 65877712 total, 56462212 free,  1675000 used,  7740500 buff/cache
KiB Swap: 33554428 total, 32283920 free,  1270508 used. 63045256 avail Mem 
--
top - 14:54:36 up 105 days,  6:37,  0 users,  load average: 2.26, 0.77, 0.54
Tasks: 401 total,   1 running, 400 sleeping,   0 stopped,   0 zombie
%Cpu(s):  7.2 us,  0.1 sy,  0.0 ni, 92.7 id,  0.0 wa,  0.0 hi,  0.0 si,  0.0 st
KiB Mem : 65877712 total, 56500748 free,  1636464 used,  7740500 buff/cache
KiB Swap: 33554428 total, 32283920 free,  1270508 used. 63083792 avail Mem 
--
top - 14:54:41 up 105 days,  6:37,  0 users,  load average: 2.08, 0.76, 0.53
Tasks: 401 total,   1 running, 400 sleeping,   0 stopped,   0 zombie
%Cpu(s):  0.1 us,  0.1 sy,  0.0 ni, 99.8 id,  0.0 wa,  0.0 hi,  0.0 si,  0.0 st
KiB Mem : 65877712 total, 56463140 free,  1674072 used,  7740500 buff/cache
KiB Swap: 33554428 total, 32283920 free,  1270508 used. 63046184 avail Mem 
--
top - 14:54:46 up 105 days,  6:38,  0 users,  load average: 1.91, 0.75, 0.53
Tasks: 401 total,   1 running, 400 sleeping,   0 stopped,   0 zombie
%Cpu(s): 27.2 us,  0.4 sy,  0.0 ni, 72.3 id,  0.0 wa,  0.0 hi,  0.0 si,  0.0 st
KiB Mem : 65877712 total, 56388092 free,  1749120 used,  7740500 buff/cache
KiB Swap: 33554428 total, 32283920 free,  1270508 used. 62971136 avail Mem 
--
top - 14:54:51 up 105 days,  6:38,  0 users,  load average: 1.76, 0.73, 0.53
Tasks: 403 total,   1 running, 402 sleeping,   0 stopped,   0 zombie
%Cpu(s):  0.0 us,  0.0 sy,  0.0 ni, 97.8 id,  2.1 wa,  0.0 hi,  0.0 si,  0.0 st
KiB Mem : 65877712 total, 56439240 free,  1697972 used,  7740500 buff/cache
KiB Swap: 33554428 total, 32283920 free,  1270508 used. 63022284 avail Mem 
--
top - 14:54:56 up 105 days,  6:38,  0 users,  load average: 2.18, 0.84, 0.56
Tasks: 404 total,   1 running, 403 sleeping,   0 stopped,   0 zombie
%Cpu(s):  0.1 us,  0.0 sy,  0.0 ni, 90.7 id,  9.2 wa,  0.0 hi,  0.0 si,  0.0 st
KiB Mem : 65877712 total, 56405456 free,  1731756 used,  7740500 buff/cache
KiB Swap: 33554428 total, 32283920 free,  1270508 used. 62988500 avail Mem 
