Job id: 4753673
Worker ip: 10.149.0.43
Master ip: 10.149.0.59
--
top - 14:53:21 up 105 days,  6:36,  0 users,  load average: 0.00, 0.16, 0.26
Tasks: 398 total,   1 running, 397 sleeping,   0 stopped,   0 zombie
%Cpu(s):  0.9 us,  2.5 sy,  0.0 ni, 96.3 id,  0.2 wa,  0.0 hi,  0.2 si,  0.0 st
KiB Mem : 65877712 total, 61854400 free,  1115608 used,  2907704 buff/cache
KiB Swap: 33554428 total, 32414336 free,  1140092 used. 63582012 avail Mem 
--
top - 14:53:26 up 105 days,  6:36,  0 users,  load average: 0.00, 0.16, 0.26
Tasks: 400 total,   1 running, 399 sleeping,   0 stopped,   0 zombie
%Cpu(s):  1.6 us,  0.5 sy,  0.0 ni, 97.9 id,  0.0 wa,  0.0 hi,  0.0 si,  0.0 st
KiB Mem : 65877712 total, 61836272 free,  1127040 used,  2914400 buff/cache
KiB Swap: 33554428 total, 32414336 free,  1140092 used. 63570504 avail Mem 
--
top - 14:53:31 up 105 days,  6:36,  0 users,  load average: 0.00, 0.16, 0.26
Tasks: 400 total,   1 running, 399 sleeping,   0 stopped,   0 zombie
%Cpu(s):  0.0 us,  0.0 sy,  0.0 ni, 99.9 id,  0.0 wa,  0.0 hi,  0.0 si,  0.0 st
KiB Mem : 65877712 total, 61836676 free,  1126636 used,  2914400 buff/cache
KiB Swap: 33554428 total, 32414336 free,  1140092 used. 63570908 avail Mem 
--
top - 14:53:36 up 105 days,  6:36,  0 users,  load average: 0.00, 0.16, 0.26
Tasks: 400 total,   1 running, 399 sleeping,   0 stopped,   0 zombie
%Cpu(s):  0.0 us,  0.0 sy,  0.0 ni,100.0 id,  0.0 wa,  0.0 hi,  0.0 si,  0.0 st
KiB Mem : 65877712 total, 61837512 free,  1125800 used,  2914400 buff/cache
KiB Swap: 33554428 total, 32414336 free,  1140092 used. 63571744 avail Mem 
--
top - 14:53:41 up 105 days,  6:36,  0 users,  load average: 0.00, 0.15, 0.26
Tasks: 400 total,   1 running, 399 sleeping,   0 stopped,   0 zombie
%Cpu(s):  0.0 us,  0.0 sy,  0.0 ni,100.0 id,  0.0 wa,  0.0 hi,  0.0 si,  0.0 st
KiB Mem : 65877712 total, 61838276 free,  1125036 used,  2914400 buff/cache
KiB Swap: 33554428 total, 32414336 free,  1140092 used. 63572508 avail Mem 
--
top - 14:53:46 up 105 days,  6:36,  0 users,  load average: 0.00, 0.15, 0.26
Tasks: 401 total,   1 running, 400 sleeping,   0 stopped,   0 zombie
%Cpu(s):  0.0 us,  0.0 sy,  0.0 ni,100.0 id,  0.0 wa,  0.0 hi,  0.0 si,  0.0 st
KiB Mem : 65877712 total, 61838880 free,  1124432 used,  2914400 buff/cache
KiB Swap: 33554428 total, 32414336 free,  1140092 used. 63573112 avail Mem 
--
top - 14:53:51 up 105 days,  6:37,  0 users,  load average: 0.00, 0.15, 0.25
Tasks: 401 total,   1 running, 400 sleeping,   0 stopped,   0 zombie
%Cpu(s):  0.0 us,  0.0 sy,  0.0 ni,100.0 id,  0.0 wa,  0.0 hi,  0.0 si,  0.0 st
KiB Mem : 65877712 total, 61839888 free,  1123424 used,  2914400 buff/cache
KiB Swap: 33554428 total, 32414336 free,  1140092 used. 63574120 avail Mem 
--
top - 14:53:56 up 105 days,  6:37,  0 users,  load average: 0.00, 0.15, 0.25
Tasks: 401 total,   1 running, 400 sleeping,   0 stopped,   0 zombie
%Cpu(s):  0.0 us,  0.0 sy,  0.0 ni,100.0 id,  0.0 wa,  0.0 hi,  0.0 si,  0.0 st
KiB Mem : 65877712 total, 61834232 free,  1129080 used,  2914400 buff/cache
KiB Swap: 33554428 total, 32414336 free,  1140092 used. 63568464 avail Mem 
--
top - 14:54:01 up 105 days,  6:37,  0 users,  load average: 0.00, 0.14, 0.25
Tasks: 401 total,   1 running, 400 sleeping,   0 stopped,   0 zombie
%Cpu(s):  0.4 us,  0.3 sy,  0.0 ni, 98.6 id,  0.6 wa,  0.0 hi,  0.0 si,  0.0 st
KiB Mem : 65877712 total, 61788228 free,  1175084 used,  2914400 buff/cache
KiB Swap: 33554428 total, 32414336 free,  1140092 used. 63522460 avail Mem 
--
top - 14:54:06 up 105 days,  6:37,  0 users,  load average: 1.92, 0.54, 0.38
Tasks: 401 total,   1 running, 400 sleeping,   0 stopped,   0 zombie
%Cpu(s): 26.4 us,  0.4 sy,  0.0 ni, 73.2 id,  0.0 wa,  0.0 hi,  0.0 si,  0.0 st
KiB Mem : 65877712 total, 61472192 free,  1491120 used,  2914400 buff/cache
KiB Swap: 33554428 total, 32414336 free,  1140092 used. 63206424 avail Mem 
--
top - 14:54:11 up 105 days,  6:37,  0 users,  load average: 1.77, 0.53, 0.38
Tasks: 401 total,   1 running, 400 sleeping,   0 stopped,   0 zombie
%Cpu(s):  0.0 us,  0.0 sy,  0.0 ni, 99.9 id,  0.0 wa,  0.0 hi,  0.0 si,  0.0 st
KiB Mem : 65877712 total, 61509716 free,  1453596 used,  2914400 buff/cache
KiB Swap: 33554428 total, 32414336 free,  1140092 used. 63243948 avail Mem 
--
top - 14:54:16 up 105 days,  6:37,  0 users,  load average: 1.63, 0.52, 0.37
Tasks: 401 total,   1 running, 400 sleeping,   0 stopped,   0 zombie
%Cpu(s):  0.1 us,  0.1 sy,  0.0 ni, 99.9 id,  0.0 wa,  0.0 hi,  0.0 si,  0.0 st
KiB Mem : 65877712 total, 61470436 free,  1492872 used,  2914404 buff/cache
KiB Swap: 33554428 total, 32414336 free,  1140092 used. 63204668 avail Mem 
--
top - 14:54:21 up 105 days,  6:37,  0 users,  load average: 1.50, 0.51, 0.37
Tasks: 401 total,   1 running, 400 sleeping,   0 stopped,   0 zombie
%Cpu(s): 26.1 us,  0.3 sy,  0.0 ni, 73.6 id,  0.0 wa,  0.0 hi,  0.0 si,  0.0 st
KiB Mem : 65877712 total, 61460184 free,  1503124 used,  2914404 buff/cache
KiB Swap: 33554428 total, 32414336 free,  1140092 used. 63194420 avail Mem 
--
top - 14:54:26 up 105 days,  6:37,  0 users,  load average: 1.38, 0.50, 0.37
Tasks: 401 total,   1 running, 400 sleeping,   0 stopped,   0 zombie
%Cpu(s):  0.1 us,  0.1 sy,  0.0 ni, 99.9 id,  0.0 wa,  0.0 hi,  0.0 si,  0.0 st
KiB Mem : 65877712 total, 61432624 free,  1530684 used,  2914404 buff/cache
KiB Swap: 33554428 total, 32414336 free,  1140092 used. 63166860 avail Mem 
--
top - 14:54:31 up 105 days,  6:37,  0 users,  load average: 1.27, 0.50, 0.37
Tasks: 401 total,   2 running, 399 sleeping,   0 stopped,   0 zombie
%Cpu(s): 21.5 us,  0.5 sy,  0.0 ni, 78.1 id,  0.0 wa,  0.0 hi,  0.0 si,  0.0 st
KiB Mem : 65877712 total, 61350872 free,  1612436 used,  2914404 buff/cache
KiB Swap: 33554428 total, 32414336 free,  1140092 used. 63085108 avail Mem 
--
top - 14:54:36 up 105 days,  6:37,  0 users,  load average: 1.17, 0.49, 0.37
Tasks: 401 total,   1 running, 400 sleeping,   0 stopped,   0 zombie
%Cpu(s):  7.3 us,  0.1 sy,  0.0 ni, 92.6 id,  0.0 wa,  0.0 hi,  0.0 si,  0.0 st
KiB Mem : 65877712 total, 61387364 free,  1575944 used,  2914404 buff/cache
KiB Swap: 33554428 total, 32414336 free,  1140092 used. 63121600 avail Mem 
--
top - 14:54:41 up 105 days,  6:37,  0 users,  load average: 1.07, 0.48, 0.36
Tasks: 401 total,   1 running, 400 sleeping,   0 stopped,   0 zombie
%Cpu(s):  0.1 us,  0.1 sy,  0.0 ni, 99.8 id,  0.0 wa,  0.0 hi,  0.0 si,  0.0 st
KiB Mem : 65877712 total, 61352188 free,  1611120 used,  2914404 buff/cache
KiB Swap: 33554428 total, 32414336 free,  1140092 used. 63086424 avail Mem 
--
top - 14:54:46 up 105 days,  6:37,  0 users,  load average: 2.83, 0.85, 0.49
Tasks: 401 total,   1 running, 400 sleeping,   0 stopped,   0 zombie
%Cpu(s): 27.5 us,  0.2 sy,  0.0 ni, 72.3 id,  0.0 wa,  0.0 hi,  0.0 si,  0.0 st
KiB Mem : 65877712 total, 61254760 free,  1708548 used,  2914404 buff/cache
KiB Swap: 33554428 total, 32414336 free,  1140092 used. 62988996 avail Mem 
--
top - 14:54:51 up 105 days,  6:38,  0 users,  load average: 2.60, 0.84, 0.48
Tasks: 401 total,   1 running, 400 sleeping,   0 stopped,   0 zombie
%Cpu(s):  0.0 us,  0.0 sy,  0.0 ni, 99.9 id,  0.0 wa,  0.0 hi,  0.0 si,  0.0 st
KiB Mem : 65877712 total, 61307952 free,  1655356 used,  2914404 buff/cache
KiB Swap: 33554428 total, 32414336 free,  1140092 used. 63042188 avail Mem 
--
top - 14:54:56 up 105 days,  6:38,  0 users,  load average: 2.39, 0.83, 0.48
Tasks: 401 total,   1 running, 400 sleeping,   0 stopped,   0 zombie
%Cpu(s):  0.1 us,  0.1 sy,  0.0 ni, 99.8 id,  0.0 wa,  0.0 hi,  0.0 si,  0.0 st
KiB Mem : 65877712 total, 61271360 free,  1691948 used,  2914404 buff/cache
KiB Swap: 33554428 total, 32414336 free,  1140092 used. 63005596 avail Mem 
