10.149.0.59
2023/12/27 14:39:35 Master node address: http://10.149.0.56:8000
2023/12/27 14:39:35 Benchmarking worker...
2023/12/27 14:39:36 Worker registered (1805 MCUPS). Waiting for work...
2023/12/27 14:40:12 Got work. Start calculating alignments...
2023/12/27 14:40:12 Calculating 1971 queries
2023/12/27 14:40:19 Done calculating alignments.
2023/12/27 14:40:19 Waiting for work...
2023/12/27 14:40:25 Got work. Start calculating alignments...
2023/12/27 14:40:25 Calculating 1971 queries
2023/12/27 14:40:32 Done calculating alignments.
2023/12/27 14:40:32 Waiting for work...
2023/12/27 14:40:40 Got work. Start calculating alignments...
2023/12/27 14:40:40 Calculating 1970 queries
2023/12/27 14:40:47 Done calculating alignments.
2023/12/27 14:40:47 Waiting for work...
2023/12/27 14:40:54 Got work. Start calculating alignments...
2023/12/27 14:40:54 Calculating 1970 queries
2023/12/27 14:41:01 Done calculating alignments.
2023/12/27 14:41:01 Waiting for work...
2023/12/27 14:41:07 Got work. Start calculating alignments...
2023/12/27 14:41:07 Calculating 1970 queries
2023/12/27 14:41:14 Done calculating alignments.
2023/12/27 14:41:14 Waiting for work...
slurmstepd: error: *** JOB 4753573 ON node059 CANCELLED AT 2023-12-27T14:41:16 ***
