10.149.0.60
2023/12/27 14:37:23 Master node address: http://10.149.0.54:8000
2023/12/27 14:37:23 Benchmarking worker...
2023/12/27 14:37:24 Worker registered (1781 MCUPS). Waiting for work...
2023/12/27 14:37:58 Got work. Start calculating alignments...
2023/12/27 14:37:58 Calculating 3965 queries
2023/12/27 14:38:12 Done calculating alignments.
2023/12/27 14:38:12 Waiting for work...
2023/12/27 14:38:17 Got work. Start calculating alignments...
2023/12/27 14:38:17 Calculating 3964 queries
2023/12/27 14:38:30 Done calculating alignments.
2023/12/27 14:38:30 Waiting for work...
2023/12/27 14:38:35 Got work. Start calculating alignments...
2023/12/27 14:38:35 Calculating 3965 queries
2023/12/27 14:38:51 Done calculating alignments.
2023/12/27 14:38:51 Waiting for work...
2023/12/27 14:38:55 Got work. Start calculating alignments...
2023/12/27 14:38:55 Calculating 3965 queries
2023/12/27 14:39:09 Done calculating alignments.
2023/12/27 14:39:09 Waiting for work...
2023/12/27 14:39:14 Got work. Start calculating alignments...
2023/12/27 14:39:14 Calculating 3964 queries
2023/12/27 14:39:29 Done calculating alignments.
2023/12/27 14:39:29 Waiting for work...
slurmstepd: error: *** JOB 4753565 ON node060 CANCELLED AT 2023-12-27T14:39:31 ***
