Job id: 4753618
Master ip: 10.149.0.54
--
top - 14:44:40 up 105 days,  6:27,  0 users,  load average: 0.12, 0.25, 0.22
Tasks: 397 total,   2 running, 395 sleeping,   0 stopped,   0 zombie
%Cpu(s):  2.0 us,  0.7 sy,  0.0 ni, 97.3 id,  0.0 wa,  0.0 hi,  0.0 si,  0.0 st
KiB Mem : 65877712 total, 49927520 free,  1166876 used, 14783316 buff/cache
KiB Swap: 33554428 total, 32100372 free,  1454056 used. 63532916 avail Mem 
--
top - 14:44:45 up 105 days,  6:27,  0 users,  load average: 0.11, 0.25, 0.22
Tasks: 398 total,   1 running, 397 sleeping,   0 stopped,   0 zombie
%Cpu(s):  0.8 us,  0.1 sy,  0.0 ni, 99.1 id,  0.0 wa,  0.0 hi,  0.0 si,  0.0 st
KiB Mem : 65877712 total, 49901780 free,  1192504 used, 14783428 buff/cache
KiB Swap: 33554428 total, 32100372 free,  1454056 used. 63507240 avail Mem 
--
top - 14:44:50 up 105 days,  6:27,  0 users,  load average: 0.10, 0.24, 0.22
Tasks: 398 total,   1 running, 397 sleeping,   0 stopped,   0 zombie
%Cpu(s):  0.0 us,  0.0 sy,  0.0 ni,100.0 id,  0.0 wa,  0.0 hi,  0.0 si,  0.0 st
KiB Mem : 65877712 total, 49902132 free,  1192152 used, 14783428 buff/cache
KiB Swap: 33554428 total, 32100372 free,  1454056 used. 63507592 avail Mem 
--
top - 14:44:55 up 105 days,  6:27,  0 users,  load average: 0.09, 0.24, 0.21
Tasks: 398 total,   1 running, 397 sleeping,   0 stopped,   0 zombie
%Cpu(s):  0.0 us,  0.0 sy,  0.0 ni,100.0 id,  0.0 wa,  0.0 hi,  0.0 si,  0.0 st
KiB Mem : 65877712 total, 49902504 free,  1191780 used, 14783428 buff/cache
KiB Swap: 33554428 total, 32100372 free,  1454056 used. 63507964 avail Mem 
--
top - 14:45:00 up 105 days,  6:27,  0 users,  load average: 0.09, 0.23, 0.21
Tasks: 397 total,   1 running, 396 sleeping,   0 stopped,   0 zombie
%Cpu(s):  0.0 us,  0.0 sy,  0.0 ni,100.0 id,  0.0 wa,  0.0 hi,  0.0 si,  0.0 st
KiB Mem : 65877712 total, 49902892 free,  1191392 used, 14783428 buff/cache
KiB Swap: 33554428 total, 32100372 free,  1454056 used. 63508352 avail Mem 
--
top - 14:45:05 up 105 days,  6:27,  0 users,  load average: 0.08, 0.23, 0.21
Tasks: 397 total,   1 running, 396 sleeping,   0 stopped,   0 zombie
%Cpu(s):  0.0 us,  0.0 sy,  0.0 ni,100.0 id,  0.0 wa,  0.0 hi,  0.0 si,  0.0 st
KiB Mem : 65877712 total, 49903008 free,  1191276 used, 14783428 buff/cache
KiB Swap: 33554428 total, 32100372 free,  1454056 used. 63508468 avail Mem 
--
top - 14:45:10 up 105 days,  6:27,  0 users,  load average: 0.07, 0.23, 0.21
Tasks: 396 total,   1 running, 395 sleeping,   0 stopped,   0 zombie
%Cpu(s):  0.0 us,  0.0 sy,  0.0 ni, 99.9 id,  0.0 wa,  0.0 hi,  0.0 si,  0.0 st
KiB Mem : 65877712 total, 49902620 free,  1191664 used, 14783428 buff/cache
KiB Swap: 33554428 total, 32100372 free,  1454056 used. 63508080 avail Mem 
--
top - 14:45:15 up 105 days,  6:27,  0 users,  load average: 0.07, 0.22, 0.21
Tasks: 396 total,   1 running, 395 sleeping,   0 stopped,   0 zombie
%Cpu(s):  0.0 us,  0.0 sy,  0.0 ni,100.0 id,  0.0 wa,  0.0 hi,  0.0 si,  0.0 st
KiB Mem : 65877712 total, 49902908 free,  1191376 used, 14783428 buff/cache
KiB Swap: 33554428 total, 32100372 free,  1454056 used. 63508368 avail Mem 
--
top - 14:45:20 up 105 days,  6:27,  0 users,  load average: 0.14, 0.24, 0.22
Tasks: 396 total,   1 running, 395 sleeping,   0 stopped,   0 zombie
%Cpu(s):  1.5 us,  0.1 sy,  0.0 ni, 98.3 id,  0.0 wa,  0.0 hi,  0.0 si,  0.0 st
KiB Mem : 65877712 total, 49717972 free,  1376312 used, 14783428 buff/cache
KiB Swap: 33554428 total, 32100372 free,  1454056 used. 63323432 avail Mem 
--
top - 14:45:25 up 105 days,  6:27,  0 users,  load average: 0.13, 0.23, 0.21
Tasks: 396 total,   1 running, 395 sleeping,   0 stopped,   0 zombie
%Cpu(s):  0.0 us,  0.0 sy,  0.0 ni,100.0 id,  0.0 wa,  0.0 hi,  0.0 si,  0.0 st
KiB Mem : 65877712 total, 49718096 free,  1376188 used, 14783428 buff/cache
KiB Swap: 33554428 total, 32100372 free,  1454056 used. 63323556 avail Mem 
--
top - 14:45:30 up 105 days,  6:27,  0 users,  load average: 0.12, 0.23, 0.21
Tasks: 394 total,   1 running, 393 sleeping,   0 stopped,   0 zombie
%Cpu(s):  0.4 us,  0.0 sy,  0.0 ni, 99.6 id,  0.0 wa,  0.0 hi,  0.0 si,  0.0 st
KiB Mem : 65877712 total, 49718520 free,  1375764 used, 14783428 buff/cache
KiB Swap: 33554428 total, 32100372 free,  1454056 used. 63323980 avail Mem 
--
top - 14:45:35 up 105 days,  6:27,  0 users,  load average: 0.11, 0.22, 0.21
Tasks: 395 total,   1 running, 394 sleeping,   0 stopped,   0 zombie
%Cpu(s):  0.0 us,  0.0 sy,  0.0 ni,100.0 id,  0.0 wa,  0.0 hi,  0.0 si,  0.0 st
KiB Mem : 65877712 total, 49718628 free,  1375652 used, 14783432 buff/cache
KiB Swap: 33554428 total, 32100372 free,  1454056 used. 63324088 avail Mem 
--
top - 14:45:40 up 105 days,  6:28,  0 users,  load average: 0.10, 0.22, 0.21
Tasks: 395 total,   1 running, 394 sleeping,   0 stopped,   0 zombie
%Cpu(s):  0.8 us,  0.0 sy,  0.0 ni, 99.1 id,  0.0 wa,  0.0 hi,  0.0 si,  0.0 st
KiB Mem : 65877712 total, 49719000 free,  1375280 used, 14783432 buff/cache
KiB Swap: 33554428 total, 32100372 free,  1454056 used. 63324460 avail Mem 
--
top - 14:45:45 up 105 days,  6:28,  0 users,  load average: 0.17, 0.23, 0.22
Tasks: 395 total,   2 running, 393 sleeping,   0 stopped,   0 zombie
%Cpu(s):  1.3 us,  0.0 sy,  0.0 ni, 98.7 id,  0.0 wa,  0.0 hi,  0.0 si,  0.0 st
KiB Mem : 65877712 total, 49701928 free,  1392352 used, 14783432 buff/cache
KiB Swap: 33554428 total, 32100372 free,  1454056 used. 63307392 avail Mem 
--
top - 14:45:50 up 105 days,  6:28,  0 users,  load average: 0.24, 0.25, 0.22
Tasks: 395 total,   1 running, 394 sleeping,   0 stopped,   0 zombie
%Cpu(s):  1.1 us,  0.1 sy,  0.0 ni, 98.7 id,  0.0 wa,  0.0 hi,  0.0 si,  0.0 st
KiB Mem : 65877712 total, 49609008 free,  1485272 used, 14783432 buff/cache
KiB Swap: 33554428 total, 32100372 free,  1454056 used. 63214472 avail Mem 
--
top - 14:45:55 up 105 days,  6:28,  0 users,  load average: 0.22, 0.24, 0.22
Tasks: 395 total,   1 running, 394 sleeping,   0 stopped,   0 zombie
%Cpu(s):  0.0 us,  0.0 sy,  0.0 ni, 99.9 id,  0.0 wa,  0.0 hi,  0.0 si,  0.0 st
KiB Mem : 65877712 total, 49609100 free,  1485180 used, 14783432 buff/cache
KiB Swap: 33554428 total, 32100372 free,  1454056 used. 63214564 avail Mem 
--
top - 14:46:00 up 105 days,  6:28,  0 users,  load average: 0.20, 0.24, 0.22
Tasks: 399 total,   1 running, 398 sleeping,   0 stopped,   0 zombie
%Cpu(s):  0.8 us,  0.2 sy,  0.0 ni, 98.8 id,  0.2 wa,  0.0 hi,  0.0 si,  0.0 st
KiB Mem : 65877712 total, 49600060 free,  1494220 used, 14783432 buff/cache
KiB Swap: 33554428 total, 32100372 free,  1454056 used. 63205524 avail Mem 
--
top - 14:46:05 up 105 days,  6:28,  0 users,  load average: 0.19, 0.23, 0.22
Tasks: 396 total,   1 running, 395 sleeping,   0 stopped,   0 zombie
%Cpu(s):  0.3 us,  0.0 sy,  0.0 ni, 99.5 id,  0.2 wa,  0.0 hi,  0.0 si,  0.0 st
KiB Mem : 65877712 total, 49606808 free,  1487472 used, 14783432 buff/cache
KiB Swap: 33554428 total, 32100372 free,  1454056 used. 63212272 avail Mem 
--
top - 14:46:10 up 105 days,  6:28,  0 users,  load average: 0.17, 0.23, 0.22
Tasks: 396 total,   1 running, 395 sleeping,   0 stopped,   0 zombie
%Cpu(s):  1.0 us,  0.0 sy,  0.0 ni, 98.9 id,  0.0 wa,  0.0 hi,  0.0 si,  0.0 st
KiB Mem : 65877712 total, 49607188 free,  1487092 used, 14783432 buff/cache
KiB Swap: 33554428 total, 32100372 free,  1454056 used. 63212652 avail Mem 
--
top - 14:46:15 up 105 days,  6:28,  0 users,  load average: 0.16, 0.23, 0.22
Tasks: 396 total,   2 running, 394 sleeping,   0 stopped,   0 zombie
%Cpu(s):  1.9 us,  0.1 sy,  0.0 ni, 98.0 id,  0.0 wa,  0.0 hi,  0.0 si,  0.0 st
KiB Mem : 65877712 total, 49500784 free,  1593496 used, 14783432 buff/cache
KiB Swap: 33554428 total, 32100372 free,  1454056 used. 63106248 avail Mem 
--
top - 14:46:20 up 105 days,  6:28,  0 users,  load average: 0.14, 0.22, 0.21
Tasks: 396 total,   1 running, 395 sleeping,   0 stopped,   0 zombie
%Cpu(s):  0.3 us,  0.0 sy,  0.0 ni, 99.6 id,  0.0 wa,  0.0 hi,  0.0 si,  0.0 st
KiB Mem : 65877712 total, 49501228 free,  1593052 used, 14783432 buff/cache
KiB Swap: 33554428 total, 32100372 free,  1454056 used. 63106692 avail Mem 
--
top - 14:46:25 up 105 days,  6:28,  0 users,  load average: 0.13, 0.22, 0.21
Tasks: 396 total,   1 running, 395 sleeping,   0 stopped,   0 zombie
%Cpu(s):  0.1 us,  0.0 sy,  0.0 ni, 99.8 id,  0.0 wa,  0.0 hi,  0.0 si,  0.0 st
KiB Mem : 65877712 total, 49501848 free,  1592432 used, 14783432 buff/cache
KiB Swap: 33554428 total, 32100372 free,  1454056 used. 63107312 avail Mem 
--
top - 14:46:30 up 105 days,  6:28,  0 users,  load average: 0.12, 0.21, 0.21
Tasks: 396 total,   1 running, 395 sleeping,   0 stopped,   0 zombie
%Cpu(s):  0.3 us,  0.0 sy,  0.0 ni, 99.5 id,  0.1 wa,  0.0 hi,  0.0 si,  0.0 st
KiB Mem : 65877712 total, 49502036 free,  1592240 used, 14783436 buff/cache
KiB Swap: 33554428 total, 32100372 free,  1454056 used. 63107500 avail Mem 
--
top - 14:46:35 up 105 days,  6:28,  0 users,  load average: 0.11, 0.21, 0.21
Tasks: 396 total,   1 running, 395 sleeping,   0 stopped,   0 zombie
%Cpu(s):  0.3 us,  0.0 sy,  0.0 ni, 99.7 id,  0.0 wa,  0.0 hi,  0.0 si,  0.0 st
KiB Mem : 65877712 total, 49502036 free,  1592240 used, 14783436 buff/cache
KiB Swap: 33554428 total, 32100372 free,  1454056 used. 63107500 avail Mem 
--
top - 14:46:40 up 105 days,  6:29,  0 users,  load average: 0.10, 0.21, 0.21
Tasks: 396 total,   1 running, 395 sleeping,   0 stopped,   0 zombie
%Cpu(s):  1.2 us,  0.0 sy,  0.0 ni, 98.7 id,  0.0 wa,  0.0 hi,  0.0 si,  0.0 st
KiB Mem : 65877712 total, 49502444 free,  1591832 used, 14783436 buff/cache
KiB Swap: 33554428 total, 32100372 free,  1454056 used. 63107908 avail Mem 
--
top - 14:46:45 up 105 days,  6:29,  0 users,  load average: 0.18, 0.22, 0.21
Tasks: 396 total,   2 running, 394 sleeping,   0 stopped,   0 zombie
%Cpu(s):  1.1 us,  0.1 sy,  0.0 ni, 98.8 id,  0.0 wa,  0.0 hi,  0.0 si,  0.0 st
KiB Mem : 65877712 total, 49487700 free,  1606576 used, 14783436 buff/cache
KiB Swap: 33554428 total, 32100372 free,  1454056 used. 63093168 avail Mem 
--
top - 14:46:50 up 105 days,  6:29,  0 users,  load average: 0.24, 0.23, 0.22
Tasks: 396 total,   1 running, 395 sleeping,   0 stopped,   0 zombie
%Cpu(s):  1.2 us,  0.1 sy,  0.0 ni, 98.7 id,  0.0 wa,  0.0 hi,  0.0 si,  0.0 st
KiB Mem : 65877712 total, 49394784 free,  1699492 used, 14783436 buff/cache
KiB Swap: 33554428 total, 32100372 free,  1454056 used. 63000252 avail Mem 
--
top - 14:46:55 up 105 days,  6:29,  0 users,  load average: 0.22, 0.23, 0.22
Tasks: 396 total,   1 running, 395 sleeping,   0 stopped,   0 zombie
%Cpu(s):  0.0 us,  0.0 sy,  0.0 ni,100.0 id,  0.0 wa,  0.0 hi,  0.0 si,  0.0 st
KiB Mem : 65877712 total, 49394896 free,  1699380 used, 14783436 buff/cache
KiB Swap: 33554428 total, 32100372 free,  1454056 used. 63000364 avail Mem 
--
top - 14:47:00 up 105 days,  6:29,  0 users,  load average: 0.20, 0.23, 0.22
Tasks: 396 total,   1 running, 395 sleeping,   0 stopped,   0 zombie
%Cpu(s):  0.5 us,  0.0 sy,  0.0 ni, 99.5 id,  0.0 wa,  0.0 hi,  0.0 si,  0.0 st
KiB Mem : 65877712 total, 49394856 free,  1699420 used, 14783436 buff/cache
KiB Swap: 33554428 total, 32100372 free,  1454056 used. 63000324 avail Mem 
--
top - 14:47:05 up 105 days,  6:29,  0 users,  load average: 0.19, 0.22, 0.22
Tasks: 396 total,   1 running, 395 sleeping,   0 stopped,   0 zombie
%Cpu(s):  0.2 us,  0.0 sy,  0.0 ni, 99.7 id,  0.0 wa,  0.0 hi,  0.0 si,  0.0 st
KiB Mem : 65877712 total, 49394892 free,  1699384 used, 14783436 buff/cache
KiB Swap: 33554428 total, 32100372 free,  1454056 used. 63000360 avail Mem 
--
top - 14:47:10 up 105 days,  6:29,  0 users,  load average: 0.17, 0.22, 0.22
Tasks: 396 total,   1 running, 395 sleeping,   0 stopped,   0 zombie
%Cpu(s):  0.9 us,  0.0 sy,  0.0 ni, 99.0 id,  0.0 wa,  0.0 hi,  0.0 si,  0.0 st
KiB Mem : 65877712 total, 49395436 free,  1698840 used, 14783436 buff/cache
KiB Swap: 33554428 total, 32100372 free,  1454056 used. 63000904 avail Mem 
--
top - 14:47:15 up 105 days,  6:29,  0 users,  load average: 0.24, 0.23, 0.22
Tasks: 396 total,   2 running, 394 sleeping,   0 stopped,   0 zombie
%Cpu(s):  1.3 us,  0.0 sy,  0.0 ni, 98.6 id,  0.0 wa,  0.0 hi,  0.0 si,  0.0 st
KiB Mem : 65877712 total, 49386232 free,  1708044 used, 14783436 buff/cache
KiB Swap: 33554428 total, 32100372 free,  1454056 used. 62991700 avail Mem 
--
top - 14:47:20 up 105 days,  6:29,  0 users,  load average: 0.30, 0.24, 0.22
Tasks: 396 total,   1 running, 395 sleeping,   0 stopped,   0 zombie
%Cpu(s):  1.0 us,  0.1 sy,  0.0 ni, 98.9 id,  0.0 wa,  0.0 hi,  0.0 si,  0.0 st
KiB Mem : 65877712 total, 49288984 free,  1805292 used, 14783436 buff/cache
KiB Swap: 33554428 total, 32100372 free,  1454056 used. 62894452 avail Mem 
--
top - 14:47:25 up 105 days,  6:29,  0 users,  load average: 0.28, 0.24, 0.22
Tasks: 395 total,   1 running, 394 sleeping,   0 stopped,   0 zombie
%Cpu(s):  0.1 us,  0.0 sy,  0.0 ni, 99.9 id,  0.0 wa,  0.0 hi,  0.0 si,  0.0 st
KiB Mem : 65877712 total, 49288552 free,  1805720 used, 14783440 buff/cache
KiB Swap: 33554428 total, 32100372 free,  1454056 used. 62894020 avail Mem 
--
top - 14:47:30 up 105 days,  6:29,  0 users,  load average: 0.25, 0.24, 0.22
Tasks: 395 total,   1 running, 394 sleeping,   0 stopped,   0 zombie
%Cpu(s):  0.3 us,  0.0 sy,  0.0 ni, 99.7 id,  0.0 wa,  0.0 hi,  0.0 si,  0.0 st
KiB Mem : 65877712 total, 49288368 free,  1805904 used, 14783440 buff/cache
KiB Swap: 33554428 total, 32100372 free,  1454056 used. 62893836 avail Mem 
--
top - 14:47:35 up 105 days,  6:29,  0 users,  load average: 0.23, 0.23, 0.22
Tasks: 395 total,   1 running, 394 sleeping,   0 stopped,   0 zombie
%Cpu(s):  0.3 us,  0.0 sy,  0.0 ni, 99.7 id,  0.0 wa,  0.0 hi,  0.0 si,  0.0 st
KiB Mem : 65877712 total, 49288252 free,  1806020 used, 14783440 buff/cache
KiB Swap: 33554428 total, 32100372 free,  1454056 used. 62893720 avail Mem 
--
top - 14:47:40 up 105 days,  6:30,  0 users,  load average: 0.30, 0.25, 0.23
Tasks: 392 total,   2 running, 390 sleeping,   0 stopped,   0 zombie
%Cpu(s):  0.9 us,  0.0 sy,  0.0 ni, 99.0 id,  0.0 wa,  0.0 hi,  0.0 si,  0.0 st
KiB Mem : 65877712 total, 49287980 free,  1806292 used, 14783440 buff/cache
KiB Swap: 33554428 total, 32100372 free,  1454056 used. 62893448 avail Mem 
