Job id: 4753565
Worker ip: 10.149.0.60
Master ip: 10.149.0.54
--
top - 14:37:22 up 105 days,  6:21,  0 users,  load average: 22.17, 10.34, 4.12
Tasks: 398 total,   1 running, 397 sleeping,   0 stopped,   0 zombie
%Cpu(s):  3.2 us,  4.8 sy,  0.0 ni, 91.6 id,  0.0 wa,  0.0 hi,  0.4 si,  0.0 st
KiB Mem : 65877692 total, 52478112 free,  1260900 used, 12138680 buff/cache
KiB Swap: 33554428 total, 31907272 free,  1647156 used. 63427412 avail Mem 
--
top - 14:37:27 up 105 days,  6:21,  0 users,  load average: 20.39, 10.17, 4.09
Tasks: 399 total,   1 running, 398 sleeping,   0 stopped,   0 zombie
%Cpu(s):  1.6 us,  0.4 sy,  0.0 ni, 98.0 id,  0.0 wa,  0.0 hi,  0.0 si,  0.0 st
KiB Mem : 65877692 total, 52454992 free,  1277236 used, 12145464 buff/cache
KiB Swap: 33554428 total, 31907272 free,  1647156 used. 63410952 avail Mem 
--
top - 14:37:32 up 105 days,  6:21,  0 users,  load average: 18.76, 10.00, 4.07
Tasks: 399 total,   1 running, 398 sleeping,   0 stopped,   0 zombie
%Cpu(s):  0.0 us,  0.0 sy,  0.0 ni,100.0 id,  0.0 wa,  0.0 hi,  0.0 si,  0.0 st
KiB Mem : 65877692 total, 52455400 free,  1276828 used, 12145464 buff/cache
KiB Swap: 33554428 total, 31907272 free,  1647156 used. 63411360 avail Mem 
--
top - 14:37:37 up 105 days,  6:21,  0 users,  load average: 17.26, 9.83, 4.05
Tasks: 399 total,   1 running, 398 sleeping,   0 stopped,   0 zombie
%Cpu(s):  0.0 us,  0.0 sy,  0.0 ni,100.0 id,  0.0 wa,  0.0 hi,  0.0 si,  0.0 st
KiB Mem : 65877692 total, 52454660 free,  1277568 used, 12145464 buff/cache
KiB Swap: 33554428 total, 31907272 free,  1647156 used. 63410620 avail Mem 
--
top - 14:37:42 up 105 days,  6:21,  0 users,  load average: 15.87, 9.67, 4.03
Tasks: 399 total,   1 running, 398 sleeping,   0 stopped,   0 zombie
%Cpu(s):  0.0 us,  0.0 sy,  0.0 ni,100.0 id,  0.0 wa,  0.0 hi,  0.0 si,  0.0 st
KiB Mem : 65877692 total, 52454660 free,  1277568 used, 12145464 buff/cache
KiB Swap: 33554428 total, 31907272 free,  1647156 used. 63410620 avail Mem 
--
top - 14:37:47 up 105 days,  6:21,  0 users,  load average: 14.60, 9.51, 4.01
Tasks: 401 total,   1 running, 400 sleeping,   0 stopped,   0 zombie
%Cpu(s):  0.0 us,  0.0 sy,  0.0 ni,100.0 id,  0.0 wa,  0.0 hi,  0.0 si,  0.0 st
KiB Mem : 65877692 total, 52453156 free,  1279072 used, 12145464 buff/cache
KiB Swap: 33554428 total, 31907272 free,  1647156 used. 63409116 avail Mem 
--
top - 14:37:52 up 105 days,  6:21,  0 users,  load average: 13.43, 9.35, 3.99
Tasks: 401 total,   1 running, 400 sleeping,   0 stopped,   0 zombie
%Cpu(s):  0.0 us,  0.0 sy,  0.0 ni, 99.9 id,  0.0 wa,  0.0 hi,  0.0 si,  0.0 st
KiB Mem : 65877692 total, 52454284 free,  1277944 used, 12145464 buff/cache
KiB Swap: 33554428 total, 31907272 free,  1647156 used. 63410244 avail Mem 
--
top - 14:37:57 up 105 days,  6:21,  0 users,  load average: 12.36, 9.19, 3.96
Tasks: 401 total,   1 running, 400 sleeping,   0 stopped,   0 zombie
%Cpu(s):  0.1 us,  0.0 sy,  0.0 ni, 99.9 id,  0.0 wa,  0.0 hi,  0.0 si,  0.0 st
KiB Mem : 65877692 total, 52420772 free,  1311456 used, 12145464 buff/cache
KiB Swap: 33554428 total, 31907272 free,  1647156 used. 63376732 avail Mem 
--
top - 14:38:02 up 105 days,  6:21,  0 users,  load average: 13.77, 9.54, 4.10
Tasks: 401 total,   2 running, 399 sleeping,   0 stopped,   0 zombie
%Cpu(s): 66.6 us,  1.0 sy,  0.0 ni, 32.4 id,  0.0 wa,  0.0 hi,  0.0 si,  0.0 st
KiB Mem : 65877692 total, 51955440 free,  1776764 used, 12145488 buff/cache
KiB Swap: 33554428 total, 31907272 free,  1647156 used. 62911412 avail Mem 
--
top - 14:38:07 up 105 days,  6:22,  0 users,  load average: 15.07, 9.88, 4.24
Tasks: 401 total,   2 running, 399 sleeping,   0 stopped,   0 zombie
%Cpu(s): 96.6 us,  0.3 sy,  0.0 ni,  3.1 id,  0.0 wa,  0.0 hi,  0.0 si,  0.0 st
KiB Mem : 65877692 total, 51795928 free,  1936276 used, 12145488 buff/cache
KiB Swap: 33554428 total, 31907272 free,  1647156 used. 62751900 avail Mem 
--
top - 14:38:12 up 105 days,  6:22,  0 users,  load average: 16.19, 10.20, 4.38
Tasks: 401 total,   1 running, 400 sleeping,   0 stopped,   0 zombie
%Cpu(s): 76.8 us,  0.3 sy,  0.0 ni, 22.8 id,  0.0 wa,  0.0 hi,  0.0 si,  0.0 st
KiB Mem : 65877692 total, 51707256 free,  2024948 used, 12145488 buff/cache
KiB Swap: 33554428 total, 31907272 free,  1647156 used. 62663228 avail Mem 
--
top - 14:38:17 up 105 days,  6:22,  0 users,  load average: 14.89, 10.03, 4.35
Tasks: 401 total,   2 running, 399 sleeping,   0 stopped,   0 zombie
%Cpu(s):  8.7 us,  0.4 sy,  0.0 ni, 90.8 id,  0.0 wa,  0.0 hi,  0.0 si,  0.0 st
KiB Mem : 65877692 total, 51606596 free,  2125604 used, 12145492 buff/cache
KiB Swap: 33554428 total, 31907272 free,  1647156 used. 62562572 avail Mem 
--
top - 14:38:22 up 105 days,  6:22,  0 users,  load average: 15.78, 10.29, 4.47
Tasks: 401 total,   2 running, 399 sleeping,   0 stopped,   0 zombie
%Cpu(s): 96.4 us,  0.5 sy,  0.0 ni,  3.1 id,  0.0 wa,  0.0 hi,  0.0 si,  0.0 st
KiB Mem : 65877692 total, 51437048 free,  2295152 used, 12145492 buff/cache
KiB Swap: 33554428 total, 31907272 free,  1647156 used. 62393024 avail Mem 
--
top - 14:38:27 up 105 days,  6:22,  0 users,  load average: 17.08, 10.65, 4.62
Tasks: 401 total,   2 running, 399 sleeping,   0 stopped,   0 zombie
%Cpu(s): 96.4 us,  0.4 sy,  0.0 ni,  3.1 id,  0.0 wa,  0.0 hi,  0.0 si,  0.0 st
KiB Mem : 65877692 total, 51267888 free,  2464312 used, 12145492 buff/cache
KiB Swap: 33554428 total, 31907272 free,  1647156 used. 62223864 avail Mem 
--
top - 14:38:32 up 105 days,  6:22,  0 users,  load average: 15.71, 10.48, 4.59
Tasks: 401 total,   1 running, 400 sleeping,   0 stopped,   0 zombie
%Cpu(s): 28.9 us,  0.2 sy,  0.0 ni, 70.9 id,  0.0 wa,  0.0 hi,  0.0 si,  0.0 st
KiB Mem : 65877692 total, 51324432 free,  2407768 used, 12145492 buff/cache
KiB Swap: 33554428 total, 31907272 free,  1647156 used. 62280408 avail Mem 
--
top - 14:38:37 up 105 days,  6:22,  0 users,  load average: 16.69, 10.77, 4.72
Tasks: 400 total,   1 running, 399 sleeping,   0 stopped,   0 zombie
%Cpu(s): 37.2 us,  0.5 sy,  0.0 ni, 62.3 id,  0.0 wa,  0.0 hi,  0.0 si,  0.0 st
KiB Mem : 65877692 total, 51144496 free,  2587704 used, 12145492 buff/cache
KiB Swap: 33554428 total, 31907272 free,  1647156 used. 62100472 avail Mem 
--
top - 14:38:42 up 105 days,  6:22,  0 users,  load average: 17.84, 11.10, 4.86
Tasks: 401 total,   2 running, 399 sleeping,   0 stopped,   0 zombie
%Cpu(s): 96.7 us,  0.2 sy,  0.0 ni,  3.0 id,  0.0 wa,  0.0 hi,  0.0 si,  0.0 st
KiB Mem : 65877692 total, 51002776 free,  2729424 used, 12145492 buff/cache
KiB Swap: 33554428 total, 31907272 free,  1647156 used. 61958752 avail Mem 
--
top - 14:38:47 up 105 days,  6:22,  0 users,  load average: 18.41, 11.33, 4.97
Tasks: 401 total,   1 running, 400 sleeping,   0 stopped,   0 zombie
%Cpu(s): 81.2 us,  0.1 sy,  0.0 ni, 18.6 id,  0.0 wa,  0.0 hi,  0.0 si,  0.0 st
KiB Mem : 65877692 total, 50878320 free,  2853880 used, 12145492 buff/cache
KiB Swap: 33554428 total, 31907272 free,  1647156 used. 61834296 avail Mem 
--
top - 14:38:52 up 105 days,  6:22,  0 users,  load average: 17.02, 11.16, 4.94
Tasks: 401 total,   1 running, 400 sleeping,   0 stopped,   0 zombie
%Cpu(s): 16.4 us,  0.1 sy,  0.0 ni, 83.5 id,  0.0 wa,  0.0 hi,  0.0 si,  0.0 st
KiB Mem : 65877692 total, 50915164 free,  2817036 used, 12145492 buff/cache
KiB Swap: 33554428 total, 31907272 free,  1647156 used. 61871140 avail Mem 
--
top - 14:38:57 up 105 days,  6:22,  0 users,  load average: 17.26, 11.31, 5.03
Tasks: 401 total,   1 running, 400 sleeping,   0 stopped,   0 zombie
%Cpu(s): 35.0 us,  0.5 sy,  0.0 ni, 64.5 id,  0.0 wa,  0.0 hi,  0.0 si,  0.0 st
KiB Mem : 65877692 total, 50734560 free,  2997640 used, 12145492 buff/cache
KiB Swap: 33554428 total, 31907272 free,  1647156 used. 61690536 avail Mem 
--
top - 14:39:02 up 105 days,  6:22,  0 users,  load average: 18.28, 11.62, 5.16
Tasks: 396 total,   1 running, 395 sleeping,   0 stopped,   0 zombie
%Cpu(s): 96.7 us,  0.3 sy,  0.0 ni,  3.1 id,  0.0 wa,  0.0 hi,  0.0 si,  0.0 st
KiB Mem : 65877692 total, 50582256 free,  3149944 used, 12145492 buff/cache
KiB Swap: 33554428 total, 31907272 free,  1647156 used. 61538232 avail Mem 
--
top - 14:39:07 up 105 days,  6:23,  0 users,  load average: 19.38, 11.96, 5.30
Tasks: 396 total,   1 running, 395 sleeping,   0 stopped,   0 zombie
%Cpu(s): 92.0 us,  0.4 sy,  0.0 ni,  7.6 id,  0.0 wa,  0.0 hi,  0.0 si,  0.0 st
KiB Mem : 65877692 total, 50426764 free,  3305436 used, 12145492 buff/cache
KiB Swap: 33554428 total, 31907272 free,  1647156 used. 61382740 avail Mem 
--
top - 14:39:12 up 105 days,  6:23,  0 users,  load average: 17.82, 11.76, 5.28
Tasks: 396 total,   1 running, 395 sleeping,   0 stopped,   0 zombie
%Cpu(s):  9.4 us,  0.1 sy,  0.0 ni, 90.4 id,  0.0 wa,  0.0 hi,  0.0 si,  0.0 st
KiB Mem : 65877692 total, 50471672 free,  3260524 used, 12145496 buff/cache
KiB Swap: 33554428 total, 31907272 free,  1647156 used. 61427648 avail Mem 
--
top - 14:39:17 up 105 days,  6:23,  0 users,  load average: 18.24, 11.95, 5.37
Tasks: 396 total,   2 running, 394 sleeping,   0 stopped,   0 zombie
%Cpu(s): 66.3 us,  0.6 sy,  0.0 ni, 33.1 id,  0.0 wa,  0.0 hi,  0.0 si,  0.0 st
KiB Mem : 65877692 total, 50266964 free,  3465232 used, 12145496 buff/cache
KiB Swap: 33554428 total, 31907272 free,  1647156 used. 61222944 avail Mem 
--
top - 14:39:22 up 105 days,  6:23,  0 users,  load average: 19.26, 12.26, 5.51
Tasks: 396 total,   2 running, 394 sleeping,   0 stopped,   0 zombie
%Cpu(s): 96.2 us,  0.7 sy,  0.0 ni,  3.0 id,  0.0 wa,  0.0 hi,  0.0 si,  0.0 st
KiB Mem : 65877692 total, 50094248 free,  3637948 used, 12145496 buff/cache
KiB Swap: 33554428 total, 31907272 free,  1647156 used. 61050228 avail Mem 
--
top - 14:39:27 up 105 days,  6:23,  0 users,  load average: 20.04, 12.54, 5.63
Tasks: 396 total,   2 running, 394 sleeping,   0 stopped,   0 zombie
%Cpu(s): 86.4 us,  0.6 sy,  0.0 ni, 13.0 id,  0.0 wa,  0.0 hi,  0.0 si,  0.0 st
KiB Mem : 65877692 total, 49967900 free,  3764296 used, 12145496 buff/cache
KiB Swap: 33554428 total, 31907272 free,  1647156 used. 60923880 avail Mem 
