Job id: 4753602
Worker ip: 10.149.0.34
Master ip: 10.149.0.56
--
top - 14:42:59 up 105 days,  6:26,  0 users,  load average: 0.01, 0.16, 0.19
Tasks: 396 total,   1 running, 395 sleeping,   0 stopped,   0 zombie
%Cpu(s):  0.4 us,  0.9 sy,  0.0 ni, 98.7 id,  0.0 wa,  0.0 hi,  0.0 si,  0.0 st
KiB Mem : 65877712 total, 58120484 free,  1114028 used,  6643200 buff/cache
KiB Swap: 33554428 total, 32343480 free,  1210948 used. 63606692 avail Mem 
--
top - 14:43:04 up 105 days,  6:26,  0 users,  load average: 0.25, 0.21, 0.20
Tasks: 402 total,   1 running, 401 sleeping,   0 stopped,   0 zombie
%Cpu(s):  1.9 us,  0.6 sy,  0.0 ni, 97.3 id,  0.2 wa,  0.0 hi,  0.0 si,  0.0 st
KiB Mem : 65877712 total, 58089200 free,  1138548 used,  6649964 buff/cache
KiB Swap: 33554428 total, 32343480 free,  1210948 used. 63581980 avail Mem 
--
top - 14:43:09 up 105 days,  6:26,  0 users,  load average: 0.23, 0.20, 0.20
Tasks: 402 total,   1 running, 401 sleeping,   0 stopped,   0 zombie
%Cpu(s):  0.0 us,  0.0 sy,  0.0 ni,100.0 id,  0.0 wa,  0.0 hi,  0.0 si,  0.0 st
KiB Mem : 65877712 total, 58089324 free,  1138424 used,  6649964 buff/cache
KiB Swap: 33554428 total, 32343480 free,  1210948 used. 63582104 avail Mem 
--
top - 14:43:14 up 105 days,  6:26,  0 users,  load average: 0.21, 0.20, 0.20
Tasks: 403 total,   1 running, 402 sleeping,   0 stopped,   0 zombie
%Cpu(s):  0.0 us,  0.0 sy,  0.0 ni,100.0 id,  0.0 wa,  0.0 hi,  0.0 si,  0.0 st
KiB Mem : 65877712 total, 58089996 free,  1137752 used,  6649964 buff/cache
KiB Swap: 33554428 total, 32343480 free,  1210948 used. 63582812 avail Mem 
--
top - 14:43:19 up 105 days,  6:26,  0 users,  load average: 0.20, 0.20, 0.20
Tasks: 403 total,   1 running, 402 sleeping,   0 stopped,   0 zombie
%Cpu(s):  0.0 us,  0.0 sy,  0.0 ni,100.0 id,  0.0 wa,  0.0 hi,  0.0 si,  0.0 st
KiB Mem : 65877712 total, 58089848 free,  1137900 used,  6649964 buff/cache
KiB Swap: 33554428 total, 32343480 free,  1210948 used. 63582664 avail Mem 
--
top - 14:43:24 up 105 days,  6:26,  0 users,  load average: 0.18, 0.19, 0.20
Tasks: 403 total,   1 running, 402 sleeping,   0 stopped,   0 zombie
%Cpu(s):  0.0 us,  0.0 sy,  0.0 ni,100.0 id,  0.0 wa,  0.0 hi,  0.0 si,  0.0 st
KiB Mem : 65877712 total, 58089352 free,  1138396 used,  6649964 buff/cache
KiB Swap: 33554428 total, 32343480 free,  1210948 used. 63582168 avail Mem 
--
top - 14:43:29 up 105 days,  6:26,  0 users,  load average: 0.17, 0.19, 0.20
Tasks: 404 total,   1 running, 403 sleeping,   0 stopped,   0 zombie
%Cpu(s):  0.0 us,  0.0 sy,  0.0 ni,100.0 id,  0.0 wa,  0.0 hi,  0.0 si,  0.0 st
KiB Mem : 65877712 total, 58090952 free,  1136796 used,  6649964 buff/cache
KiB Swap: 33554428 total, 32343480 free,  1210948 used. 63583792 avail Mem 
--
top - 14:43:34 up 105 days,  6:26,  0 users,  load average: 0.15, 0.19, 0.20
Tasks: 404 total,   1 running, 403 sleeping,   0 stopped,   0 zombie
%Cpu(s):  0.0 us,  0.0 sy,  0.0 ni,100.0 id,  0.0 wa,  0.0 hi,  0.0 si,  0.0 st
KiB Mem : 65877712 total, 58086920 free,  1140828 used,  6649964 buff/cache
KiB Swap: 33554428 total, 32343480 free,  1210948 used. 63579760 avail Mem 
--
top - 14:43:39 up 105 days,  6:26,  0 users,  load average: 0.14, 0.18, 0.19
Tasks: 404 total,   1 running, 403 sleeping,   0 stopped,   0 zombie
%Cpu(s):  0.1 us,  0.0 sy,  0.0 ni, 99.9 id,  0.0 wa,  0.0 hi,  0.0 si,  0.0 st
KiB Mem : 65877712 total, 58048656 free,  1179092 used,  6649964 buff/cache
KiB Swap: 33554428 total, 32343480 free,  1210948 used. 63541496 avail Mem 
--
top - 14:43:44 up 105 days,  6:26,  0 users,  load average: 0.13, 0.18, 0.19
Tasks: 404 total,   1 running, 403 sleeping,   0 stopped,   0 zombie
%Cpu(s): 28.5 us,  0.5 sy,  0.0 ni, 71.0 id,  0.0 wa,  0.0 hi,  0.0 si,  0.0 st
KiB Mem : 65877712 total, 57787016 free,  1440732 used,  6649964 buff/cache
KiB Swap: 33554428 total, 32343480 free,  1210948 used. 63279876 avail Mem 
--
top - 14:43:49 up 105 days,  6:26,  0 users,  load average: 0.12, 0.18, 0.19
Tasks: 404 total,   1 running, 403 sleeping,   0 stopped,   0 zombie
%Cpu(s):  0.1 us,  0.1 sy,  0.0 ni, 99.8 id,  0.0 wa,  0.0 hi,  0.0 si,  0.0 st
KiB Mem : 65877712 total, 57765320 free,  1462428 used,  6649964 buff/cache
KiB Swap: 33554428 total, 32343480 free,  1210948 used. 63258180 avail Mem 
--
top - 14:43:54 up 105 days,  6:27,  0 users,  load average: 0.11, 0.18, 0.19
Tasks: 404 total,   2 running, 402 sleeping,   0 stopped,   0 zombie
%Cpu(s):  3.2 us,  0.2 sy,  0.0 ni, 96.6 id,  0.0 wa,  0.0 hi,  0.0 si,  0.0 st
KiB Mem : 65877712 total, 57712764 free,  1514980 used,  6649968 buff/cache
KiB Swap: 33554428 total, 32343480 free,  1210948 used. 63205628 avail Mem 
--
top - 14:43:59 up 105 days,  6:27,  0 users,  load average: 2.58, 0.69, 0.36
Tasks: 404 total,   1 running, 403 sleeping,   0 stopped,   0 zombie
%Cpu(s): 23.4 us,  0.1 sy,  0.0 ni, 76.4 id,  0.0 wa,  0.0 hi,  0.0 si,  0.0 st
KiB Mem : 65877712 total, 57716148 free,  1511596 used,  6649968 buff/cache
KiB Swap: 33554428 total, 32343480 free,  1210948 used. 63209012 avail Mem 
--
top - 14:44:04 up 105 days,  6:27,  0 users,  load average: 2.38, 0.68, 0.35
Tasks: 404 total,   1 running, 403 sleeping,   0 stopped,   0 zombie
%Cpu(s):  0.5 us,  0.3 sy,  0.0 ni, 98.6 id,  0.6 wa,  0.0 hi,  0.0 si,  0.0 st
KiB Mem : 65877712 total, 57671300 free,  1556444 used,  6649968 buff/cache
KiB Swap: 33554428 total, 32343480 free,  1210948 used. 63164164 avail Mem 
--
top - 14:44:09 up 105 days,  6:27,  0 users,  load average: 2.19, 0.66, 0.35
Tasks: 404 total,   1 running, 403 sleeping,   0 stopped,   0 zombie
%Cpu(s): 25.0 us,  0.4 sy,  0.0 ni, 74.6 id,  0.0 wa,  0.0 hi,  0.0 si,  0.0 st
KiB Mem : 65877712 total, 57593436 free,  1634308 used,  6649968 buff/cache
KiB Swap: 33554428 total, 32343480 free,  1210948 used. 63086300 avail Mem 
--
top - 14:44:14 up 105 days,  6:27,  0 users,  load average: 2.41, 0.74, 0.38
Tasks: 404 total,   1 running, 403 sleeping,   0 stopped,   0 zombie
%Cpu(s):  2.7 us,  0.0 sy,  0.0 ni, 97.2 id,  0.0 wa,  0.0 hi,  0.0 si,  0.0 st
KiB Mem : 65877712 total, 57651452 free,  1576292 used,  6649968 buff/cache
KiB Swap: 33554428 total, 32343480 free,  1210948 used. 63144316 avail Mem 
--
top - 14:44:19 up 105 days,  6:27,  0 users,  load average: 2.22, 0.72, 0.38
Tasks: 404 total,   2 running, 402 sleeping,   0 stopped,   0 zombie
%Cpu(s):  0.1 us,  0.1 sy,  0.0 ni, 99.8 id,  0.0 wa,  0.0 hi,  0.0 si,  0.0 st
KiB Mem : 65877712 total, 57610724 free,  1617020 used,  6649968 buff/cache
KiB Swap: 33554428 total, 32343480 free,  1210948 used. 63103588 avail Mem 
--
top - 14:44:24 up 105 days,  6:27,  0 users,  load average: 2.04, 0.71, 0.37
Tasks: 404 total,   1 running, 403 sleeping,   0 stopped,   0 zombie
%Cpu(s): 24.3 us,  0.3 sy,  0.0 ni, 75.4 id,  0.0 wa,  0.0 hi,  0.0 si,  0.0 st
KiB Mem : 65877712 total, 57547144 free,  1680600 used,  6649968 buff/cache
KiB Swap: 33554428 total, 32343480 free,  1210948 used. 63040008 avail Mem 
--
top - 14:44:29 up 105 days,  6:27,  0 users,  load average: 1.88, 0.70, 0.37
Tasks: 404 total,   1 running, 403 sleeping,   0 stopped,   0 zombie
%Cpu(s):  0.0 us,  0.0 sy,  0.0 ni, 99.9 id,  0.0 wa,  0.0 hi,  0.0 si,  0.0 st
KiB Mem : 65877712 total, 57588624 free,  1639120 used,  6649968 buff/cache
KiB Swap: 33554428 total, 32343480 free,  1210948 used. 63081488 avail Mem 
--
top - 14:44:34 up 105 days,  6:27,  0 users,  load average: 1.73, 0.69, 0.37
Tasks: 404 total,   1 running, 403 sleeping,   0 stopped,   0 zombie
%Cpu(s):  0.1 us,  0.1 sy,  0.0 ni, 99.9 id,  0.0 wa,  0.0 hi,  0.0 si,  0.0 st
KiB Mem : 65877712 total, 57557236 free,  1670508 used,  6649968 buff/cache
KiB Swap: 33554428 total, 32343480 free,  1210948 used. 63050100 avail Mem 
