10.149.0.55
2023/12/27 14:44:42 Master node address: http://10.149.0.54:8000
2023/12/27 14:44:42 Benchmarking worker...
2023/12/27 14:44:44 Worker registered (1838 MCUPS). Waiting for work...
2023/12/27 14:45:18 Got work. Start calculating alignments...
2023/12/27 14:45:18 Calculating 8000 queries
2023/12/27 14:45:43 Done calculating alignments.
2023/12/27 14:45:43 Waiting for work...
2023/12/27 14:45:47 Got work. Start calculating alignments...
2023/12/27 14:45:47 Calculating 8000 queries
2023/12/27 14:46:11 Done calculating alignments.
2023/12/27 14:46:11 Waiting for work...
2023/12/27 14:46:16 Got work. Start calculating alignments...
2023/12/27 14:46:16 Calculating 8000 queries
2023/12/27 14:46:43 Done calculating alignments.
2023/12/27 14:46:43 Waiting for work...
2023/12/27 14:46:48 Got work. Start calculating alignments...
2023/12/27 14:46:48 Calculating 8000 queries
2023/12/27 14:47:13 Done calculating alignments.
2023/12/27 14:47:13 Waiting for work...
2023/12/27 14:47:17 Got work. Start calculating alignments...
2023/12/27 14:47:17 Calculating 8000 queries
2023/12/27 14:47:43 Done calculating alignments.
2023/12/27 14:47:43 Waiting for work...
slurmstepd: error: *** JOB 4753619 ON node055 CANCELLED AT 2023-12-27T14:47:43 ***
