Job id: 4753660
Worker ip: 10.149.0.55
Master ip: 10.149.0.59
--
top - 14:53:20 up 105 days,  6:35,  0 users,  load average: 0.17, 3.65, 3.68
Tasks: 394 total,   1 running, 393 sleeping,   0 stopped,   0 zombie
%Cpu(s):  2.5 us,  4.1 sy,  0.0 ni, 93.1 id,  0.0 wa,  0.0 hi,  0.4 si,  0.0 st
KiB Mem : 65877712 total, 51078976 free,  1132360 used, 13666376 buff/cache
KiB Swap: 33554428 total, 32310264 free,  1244164 used. 63579500 avail Mem 
--
top - 14:53:25 up 105 days,  6:35,  0 users,  load average: 0.15, 3.59, 3.66
Tasks: 395 total,   1 running, 394 sleeping,   0 stopped,   0 zombie
%Cpu(s):  1.7 us,  0.5 sy,  0.0 ni, 97.8 id,  0.0 wa,  0.0 hi,  0.0 si,  0.0 st
KiB Mem : 65877712 total, 51062740 free,  1142544 used, 13672428 buff/cache
KiB Swap: 33554428 total, 32310264 free,  1244164 used. 63569576 avail Mem 
--
top - 14:53:30 up 105 days,  6:35,  0 users,  load average: 0.14, 3.53, 3.64
Tasks: 396 total,   1 running, 395 sleeping,   0 stopped,   0 zombie
%Cpu(s):  0.0 us,  0.0 sy,  0.0 ni,100.0 id,  0.0 wa,  0.0 hi,  0.0 si,  0.0 st
KiB Mem : 65877712 total, 51063172 free,  1141432 used, 13673108 buff/cache
KiB Swap: 33554428 total, 32310264 free,  1244164 used. 63570332 avail Mem 
--
top - 14:53:35 up 105 days,  6:35,  0 users,  load average: 0.13, 3.47, 3.62
Tasks: 396 total,   1 running, 395 sleeping,   0 stopped,   0 zombie
%Cpu(s):  0.0 us,  0.0 sy,  0.0 ni,100.0 id,  0.0 wa,  0.0 hi,  0.0 si,  0.0 st
KiB Mem : 65877712 total, 51063900 free,  1140704 used, 13673108 buff/cache
KiB Swap: 33554428 total, 32310264 free,  1244164 used. 63571060 avail Mem 
--
top - 14:53:40 up 105 days,  6:35,  0 users,  load average: 0.12, 3.42, 3.60
Tasks: 396 total,   1 running, 395 sleeping,   0 stopped,   0 zombie
%Cpu(s):  0.0 us,  0.0 sy,  0.0 ni,100.0 id,  0.0 wa,  0.0 hi,  0.0 si,  0.0 st
KiB Mem : 65877712 total, 51064396 free,  1140208 used, 13673108 buff/cache
KiB Swap: 33554428 total, 32310264 free,  1244164 used. 63571556 avail Mem 
--
top - 14:53:45 up 105 days,  6:36,  0 users,  load average: 0.11, 3.36, 3.58
Tasks: 397 total,   1 running, 396 sleeping,   0 stopped,   0 zombie
%Cpu(s):  0.0 us,  0.0 sy,  0.0 ni,100.0 id,  0.0 wa,  0.0 hi,  0.0 si,  0.0 st
KiB Mem : 65877712 total, 51065372 free,  1139232 used, 13673108 buff/cache
KiB Swap: 33554428 total, 32310264 free,  1244164 used. 63572532 avail Mem 
--
top - 14:53:51 up 105 days,  6:36,  0 users,  load average: 0.10, 3.30, 3.56
Tasks: 397 total,   1 running, 396 sleeping,   0 stopped,   0 zombie
%Cpu(s):  0.0 us,  0.0 sy,  0.0 ni, 99.9 id,  0.0 wa,  0.0 hi,  0.0 si,  0.0 st
KiB Mem : 65877712 total, 51065004 free,  1139600 used, 13673108 buff/cache
KiB Swap: 33554428 total, 32310284 free,  1244144 used. 63572164 avail Mem 
--
top - 14:53:56 up 105 days,  6:36,  0 users,  load average: 0.09, 3.25, 3.54
Tasks: 397 total,   1 running, 396 sleeping,   0 stopped,   0 zombie
%Cpu(s):  0.0 us,  0.0 sy,  0.0 ni, 99.9 id,  0.0 wa,  0.0 hi,  0.0 si,  0.0 st
KiB Mem : 65877712 total, 51060268 free,  1144336 used, 13673108 buff/cache
KiB Swap: 33554428 total, 32310284 free,  1244144 used. 63567428 avail Mem 
--
top - 14:54:01 up 105 days,  6:36,  0 users,  load average: 0.25, 3.23, 3.53
Tasks: 397 total,   1 running, 396 sleeping,   0 stopped,   0 zombie
%Cpu(s):  0.4 us,  0.2 sy,  0.0 ni, 99.0 id,  0.3 wa,  0.0 hi,  0.0 si,  0.0 st
KiB Mem : 65877712 total, 51012780 free,  1191824 used, 13673108 buff/cache
KiB Swap: 33554428 total, 32310284 free,  1244144 used. 63519940 avail Mem 
--
top - 14:54:06 up 105 days,  6:36,  0 users,  load average: 0.23, 3.17, 3.51
Tasks: 400 total,   1 running, 399 sleeping,   0 stopped,   0 zombie
%Cpu(s): 27.1 us,  0.4 sy,  0.0 ni, 72.5 id,  0.0 wa,  0.0 hi,  0.0 si,  0.0 st
KiB Mem : 65877712 total, 50737840 free,  1466764 used, 13673108 buff/cache
KiB Swap: 33554428 total, 32310284 free,  1244144 used. 63245000 avail Mem 
--
top - 14:54:11 up 105 days,  6:36,  0 users,  load average: 0.21, 3.12, 3.49
Tasks: 400 total,   1 running, 399 sleeping,   0 stopped,   0 zombie
%Cpu(s):  0.0 us,  0.0 sy,  0.0 ni, 99.9 id,  0.0 wa,  0.0 hi,  0.0 si,  0.0 st
KiB Mem : 65877712 total, 50729260 free,  1475344 used, 13673108 buff/cache
KiB Swap: 33554428 total, 32310284 free,  1244144 used. 63236420 avail Mem 
--
top - 14:54:16 up 105 days,  6:36,  0 users,  load average: 0.19, 3.07, 3.47
Tasks: 400 total,   1 running, 399 sleeping,   0 stopped,   0 zombie
%Cpu(s):  0.1 us,  0.1 sy,  0.0 ni, 99.8 id,  0.0 wa,  0.0 hi,  0.0 si,  0.0 st
KiB Mem : 65877712 total, 50687616 free,  1516984 used, 13673112 buff/cache
KiB Swap: 33554428 total, 32310284 free,  1244144 used. 63194780 avail Mem 
--
top - 14:54:21 up 105 days,  6:36,  0 users,  load average: 0.18, 3.02, 3.46
Tasks: 400 total,   1 running, 399 sleeping,   0 stopped,   0 zombie
%Cpu(s): 26.9 us,  0.2 sy,  0.0 ni, 72.9 id,  0.0 wa,  0.0 hi,  0.0 si,  0.0 st
KiB Mem : 65877712 total, 50680616 free,  1523984 used, 13673112 buff/cache
KiB Swap: 33554428 total, 32310284 free,  1244144 used. 63187780 avail Mem 
--
top - 14:54:26 up 105 days,  6:36,  0 users,  load average: 0.16, 2.97, 3.44
Tasks: 400 total,   1 running, 399 sleeping,   0 stopped,   0 zombie
%Cpu(s):  0.1 us,  0.1 sy,  0.0 ni, 99.9 id,  0.0 wa,  0.0 hi,  0.0 si,  0.0 st
KiB Mem : 65877712 total, 50653756 free,  1550844 used, 13673112 buff/cache
KiB Swap: 33554428 total, 32310284 free,  1244144 used. 63160920 avail Mem 
--
top - 14:54:31 up 105 days,  6:36,  0 users,  load average: 2.39, 3.38, 3.57
Tasks: 400 total,   2 running, 398 sleeping,   0 stopped,   0 zombie
%Cpu(s): 21.0 us,  0.2 sy,  0.0 ni, 78.7 id,  0.0 wa,  0.0 hi,  0.0 si,  0.0 st
KiB Mem : 65877712 total, 50575472 free,  1629128 used, 13673112 buff/cache
KiB Swap: 33554428 total, 32310284 free,  1244144 used. 63082636 avail Mem 
--
top - 14:54:36 up 105 days,  6:36,  0 users,  load average: 2.20, 3.33, 3.55
Tasks: 400 total,   1 running, 399 sleeping,   0 stopped,   0 zombie
%Cpu(s):  4.8 us,  0.0 sy,  0.0 ni, 95.2 id,  0.0 wa,  0.0 hi,  0.0 si,  0.0 st
KiB Mem : 65877712 total, 50612664 free,  1591936 used, 13673112 buff/cache
KiB Swap: 33554428 total, 32310284 free,  1244144 used. 63119828 avail Mem 
--
top - 14:54:41 up 105 days,  6:36,  0 users,  load average: 2.02, 3.27, 3.53
Tasks: 400 total,   1 running, 399 sleeping,   0 stopped,   0 zombie
%Cpu(s):  0.1 us,  0.1 sy,  0.0 ni, 99.8 id,  0.0 wa,  0.0 hi,  0.0 si,  0.0 st
KiB Mem : 65877712 total, 50580148 free,  1624452 used, 13673112 buff/cache
KiB Swap: 33554428 total, 32310284 free,  1244144 used. 63087312 avail Mem 
--
top - 14:54:46 up 105 days,  6:37,  0 users,  load average: 2.66, 3.38, 3.57
Tasks: 401 total,   1 running, 400 sleeping,   0 stopped,   0 zombie
%Cpu(s): 26.4 us,  0.5 sy,  0.0 ni, 73.1 id,  0.0 wa,  0.0 hi,  0.0 si,  0.0 st
KiB Mem : 65877712 total, 50497520 free,  1707080 used, 13673112 buff/cache
KiB Swap: 33554428 total, 32310284 free,  1244144 used. 63004684 avail Mem 
--
top - 14:54:51 up 105 days,  6:37,  0 users,  load average: 2.45, 3.33, 3.55
Tasks: 399 total,   1 running, 398 sleeping,   0 stopped,   0 zombie
%Cpu(s):  0.1 us,  0.1 sy,  0.0 ni, 99.9 id,  0.0 wa,  0.0 hi,  0.0 si,  0.0 st
KiB Mem : 65877712 total, 50546516 free,  1658084 used, 13673112 buff/cache
KiB Swap: 33554428 total, 32310284 free,  1244144 used. 63053680 avail Mem 
--
top - 14:54:56 up 105 days,  6:37,  0 users,  load average: 2.25, 3.27, 3.53
Tasks: 399 total,   1 running, 398 sleeping,   0 stopped,   0 zombie
%Cpu(s):  0.1 us,  0.1 sy,  0.0 ni, 99.9 id,  0.0 wa,  0.0 hi,  0.0 si,  0.0 st
KiB Mem : 65877712 total, 50502956 free,  1701644 used, 13673112 buff/cache
KiB Swap: 33554428 total, 32310284 free,  1244144 used. 63010120 avail Mem 
