Job id: 4753619
Worker ip: 10.149.0.55
Master ip: 10.149.0.54
--
top - 14:44:42 up 105 days,  6:27,  0 users,  load average: 1.06, 3.20, 2.11
Tasks: 400 total,   2 running, 398 sleeping,   0 stopped,   0 zombie
%Cpu(s):  3.0 us,  5.1 sy,  0.0 ni, 91.7 id,  0.0 wa,  0.0 hi,  0.2 si,  0.0 st
KiB Mem : 65877712 total, 51086532 free,  1131972 used, 13659208 buff/cache
KiB Swap: 33554428 total, 32310240 free,  1244188 used. 63580068 avail Mem 
--
top - 14:44:47 up 105 days,  6:27,  0 users,  load average: 0.97, 3.15, 2.10
Tasks: 401 total,   1 running, 400 sleeping,   0 stopped,   0 zombie
%Cpu(s):  1.6 us,  0.4 sy,  0.0 ni, 98.0 id,  0.0 wa,  0.0 hi,  0.0 si,  0.0 st
KiB Mem : 65877712 total, 51065840 free,  1145860 used, 13666012 buff/cache
KiB Swap: 33554428 total, 32310240 free,  1244188 used. 63566040 avail Mem 
--
top - 14:44:52 up 105 days,  6:27,  0 users,  load average: 0.90, 3.09, 2.09
Tasks: 401 total,   1 running, 400 sleeping,   0 stopped,   0 zombie
%Cpu(s):  0.0 us,  0.0 sy,  0.0 ni, 99.9 id,  0.0 wa,  0.0 hi,  0.0 si,  0.0 st
KiB Mem : 65877712 total, 51066192 free,  1145508 used, 13666012 buff/cache
KiB Swap: 33554428 total, 32310240 free,  1244188 used. 63566400 avail Mem 
--
top - 14:44:57 up 105 days,  6:27,  0 users,  load average: 0.82, 3.04, 2.07
Tasks: 401 total,   1 running, 400 sleeping,   0 stopped,   0 zombie
%Cpu(s):  0.0 us,  0.0 sy,  0.0 ni,100.0 id,  0.0 wa,  0.0 hi,  0.0 si,  0.0 st
KiB Mem : 65877712 total, 51067540 free,  1144160 used, 13666012 buff/cache
KiB Swap: 33554428 total, 32310240 free,  1244188 used. 63567748 avail Mem 
--
top - 14:45:02 up 105 days,  6:27,  0 users,  load average: 0.76, 2.99, 2.06
Tasks: 403 total,   1 running, 402 sleeping,   0 stopped,   0 zombie
%Cpu(s):  0.0 us,  0.0 sy,  0.0 ni, 99.9 id,  0.1 wa,  0.0 hi,  0.0 si,  0.0 st
KiB Mem : 65877712 total, 51069168 free,  1142532 used, 13666012 buff/cache
KiB Swap: 33554428 total, 32310240 free,  1244188 used. 63569376 avail Mem 
--
top - 14:45:07 up 105 days,  6:27,  0 users,  load average: 0.70, 2.94, 2.05
Tasks: 403 total,   1 running, 402 sleeping,   0 stopped,   0 zombie
%Cpu(s):  0.0 us,  0.0 sy,  0.0 ni, 99.9 id,  0.0 wa,  0.0 hi,  0.0 si,  0.0 st
KiB Mem : 65877712 total, 51070036 free,  1141664 used, 13666012 buff/cache
KiB Swap: 33554428 total, 32310240 free,  1244188 used. 63570244 avail Mem 
--
top - 14:45:12 up 105 days,  6:27,  0 users,  load average: 0.64, 2.89, 2.04
Tasks: 403 total,   1 running, 402 sleeping,   0 stopped,   0 zombie
%Cpu(s):  0.0 us,  0.0 sy,  0.0 ni,100.0 id,  0.0 wa,  0.0 hi,  0.0 si,  0.0 st
KiB Mem : 65877712 total, 51070904 free,  1140796 used, 13666012 buff/cache
KiB Swap: 33554428 total, 32310240 free,  1244188 used. 63571112 avail Mem 
--
top - 14:45:17 up 105 days,  6:27,  0 users,  load average: 0.59, 2.85, 2.03
Tasks: 403 total,   1 running, 402 sleeping,   0 stopped,   0 zombie
%Cpu(s):  0.1 us,  0.0 sy,  0.0 ni, 99.9 id,  0.0 wa,  0.0 hi,  0.0 si,  0.0 st
KiB Mem : 65877712 total, 51052820 free,  1158880 used, 13666012 buff/cache
KiB Swap: 33554428 total, 32310240 free,  1244188 used. 63553028 avail Mem 
--
top - 14:45:22 up 105 days,  6:27,  0 users,  load average: 2.71, 3.25, 2.16
Tasks: 403 total,   2 running, 401 sleeping,   0 stopped,   0 zombie
%Cpu(s): 69.2 us,  0.7 sy,  0.0 ni, 30.0 id,  0.0 wa,  0.0 hi,  0.0 si,  0.0 st
KiB Mem : 65877712 total, 50556852 free,  1654848 used, 13666012 buff/cache
KiB Swap: 33554428 total, 32310240 free,  1244188 used. 63057060 avail Mem 
--
top - 14:45:27 up 105 days,  6:27,  0 users,  load average: 4.89, 3.69, 2.31
Tasks: 403 total,   2 running, 401 sleeping,   0 stopped,   0 zombie
%Cpu(s): 96.7 us,  0.3 sy,  0.0 ni,  3.1 id,  0.0 wa,  0.0 hi,  0.0 si,  0.0 st
KiB Mem : 65877712 total, 50379176 free,  1832524 used, 13666012 buff/cache
KiB Swap: 33554428 total, 32310240 free,  1244188 used. 62879384 avail Mem 
--
top - 14:45:32 up 105 days,  6:27,  0 users,  load average: 6.98, 4.14, 2.47
Tasks: 403 total,   1 running, 402 sleeping,   0 stopped,   0 zombie
%Cpu(s): 96.4 us,  0.3 sy,  0.0 ni,  3.2 id,  0.0 wa,  0.0 hi,  0.0 si,  0.0 st
KiB Mem : 65877712 total, 50156124 free,  2055576 used, 13666012 buff/cache
KiB Swap: 33554428 total, 32310240 free,  1244188 used. 62656332 avail Mem 
--
top - 14:45:37 up 105 days,  6:27,  0 users,  load average: 8.91, 4.59, 2.62
Tasks: 403 total,   2 running, 401 sleeping,   0 stopped,   0 zombie
%Cpu(s): 95.9 us,  0.3 sy,  0.0 ni,  3.7 id,  0.0 wa,  0.0 hi,  0.0 si,  0.0 st
KiB Mem : 65877712 total, 49968016 free,  2243680 used, 13666016 buff/cache
KiB Swap: 33554428 total, 32310240 free,  1244188 used. 62468228 avail Mem 
--
top - 14:45:42 up 105 days,  6:28,  0 users,  load average: 10.59, 5.01, 2.77
Tasks: 403 total,   1 running, 402 sleeping,   0 stopped,   0 zombie
%Cpu(s): 82.5 us,  0.3 sy,  0.0 ni, 17.2 id,  0.0 wa,  0.0 hi,  0.0 si,  0.0 st
KiB Mem : 65877712 total, 49803700 free,  2407996 used, 13666016 buff/cache
KiB Swap: 33554428 total, 32310240 free,  1244188 used. 62303912 avail Mem 
--
top - 14:45:47 up 105 days,  6:28,  0 users,  load average: 9.75, 4.93, 2.75
Tasks: 403 total,   1 running, 402 sleeping,   0 stopped,   0 zombie
%Cpu(s):  1.8 us,  0.2 sy,  0.0 ni, 97.9 id,  0.0 wa,  0.0 hi,  0.0 si,  0.0 st
KiB Mem : 65877712 total, 49829736 free,  2381968 used, 13666008 buff/cache
KiB Swap: 33554428 total, 32310260 free,  1244168 used. 62329948 avail Mem 
--
top - 14:45:52 up 105 days,  6:28,  0 users,  load average: 10.81, 5.23, 2.86
Tasks: 403 total,   2 running, 401 sleeping,   0 stopped,   0 zombie
%Cpu(s): 92.8 us,  0.9 sy,  0.0 ni,  6.3 id,  0.0 wa,  0.0 hi,  0.0 si,  0.0 st
KiB Mem : 65877712 total, 49643384 free,  2568312 used, 13666016 buff/cache
KiB Swap: 33554428 total, 32310260 free,  1244168 used. 62143596 avail Mem 
--
top - 14:45:57 up 105 days,  6:28,  0 users,  load average: 12.42, 5.66, 3.01
Tasks: 403 total,   2 running, 401 sleeping,   0 stopped,   0 zombie
%Cpu(s): 96.5 us,  0.3 sy,  0.0 ni,  3.1 id,  0.0 wa,  0.0 hi,  0.0 si,  0.0 st
KiB Mem : 65877712 total, 49454372 free,  2757324 used, 13666016 buff/cache
KiB Swap: 33554428 total, 32310260 free,  1244168 used. 61954584 avail Mem 
--
top - 14:46:02 up 105 days,  6:28,  0 users,  load average: 14.15, 6.13, 3.18
Tasks: 407 total,   2 running, 405 sleeping,   0 stopped,   0 zombie
%Cpu(s): 96.7 us,  0.6 sy,  0.0 ni,  2.7 id,  0.0 wa,  0.0 hi,  0.0 si,  0.0 st
KiB Mem : 65877712 total, 49276644 free,  2935056 used, 13666012 buff/cache
KiB Swap: 33554428 total, 32310260 free,  1244168 used. 61776852 avail Mem 
--
top - 14:46:07 up 105 days,  6:28,  0 users,  load average: 15.50, 6.54, 3.33
Tasks: 409 total,   2 running, 407 sleeping,   0 stopped,   0 zombie
%Cpu(s): 96.6 us,  0.4 sy,  0.0 ni,  3.1 id,  0.0 wa,  0.0 hi,  0.0 si,  0.0 st
KiB Mem : 65877712 total, 49076664 free,  3135036 used, 13666012 buff/cache
KiB Swap: 33554428 total, 32310260 free,  1244168 used. 61576872 avail Mem 
--
top - 14:46:12 up 105 days,  6:28,  0 users,  load average: 15.70, 6.73, 3.41
Tasks: 409 total,   1 running, 408 sleeping,   0 stopped,   0 zombie
%Cpu(s): 56.8 us,  0.2 sy,  0.0 ni, 43.1 id,  0.0 wa,  0.0 hi,  0.0 si,  0.0 st
KiB Mem : 65877712 total, 48943412 free,  3268288 used, 13666012 buff/cache
KiB Swap: 33554428 total, 32310260 free,  1244168 used. 61443620 avail Mem 
--
top - 14:46:17 up 105 days,  6:28,  0 users,  load average: 14.44, 6.62, 3.39
Tasks: 409 total,   3 running, 406 sleeping,   0 stopped,   0 zombie
%Cpu(s): 28.5 us,  0.4 sy,  0.0 ni, 71.0 id,  0.0 wa,  0.0 hi,  0.0 si,  0.0 st
KiB Mem : 65877712 total, 48891664 free,  3320036 used, 13666012 buff/cache
KiB Swap: 33554428 total, 32310260 free,  1244168 used. 61391872 avail Mem 
--
top - 14:46:22 up 105 days,  6:28,  0 users,  load average: 15.13, 6.89, 3.50
Tasks: 408 total,   2 running, 406 sleeping,   0 stopped,   0 zombie
%Cpu(s): 96.5 us,  0.5 sy,  0.0 ni,  3.0 id,  0.0 wa,  0.0 hi,  0.0 si,  0.0 st
KiB Mem : 65877712 total, 48673064 free,  3538636 used, 13666012 buff/cache
KiB Swap: 33554428 total, 32310260 free,  1244168 used. 61173272 avail Mem 
--
top - 14:46:27 up 105 days,  6:28,  0 users,  load average: 16.48, 7.31, 3.65
Tasks: 408 total,   2 running, 406 sleeping,   0 stopped,   0 zombie
%Cpu(s): 96.3 us,  0.6 sy,  0.0 ni,  3.1 id,  0.0 wa,  0.0 hi,  0.0 si,  0.0 st
KiB Mem : 65877712 total, 48550192 free,  3661508 used, 13666012 buff/cache
KiB Swap: 33554428 total, 32310260 free,  1244168 used. 61050400 avail Mem 
--
top - 14:46:32 up 105 days,  6:28,  0 users,  load average: 17.64, 7.70, 3.80
Tasks: 408 total,   2 running, 406 sleeping,   0 stopped,   0 zombie
%Cpu(s): 95.9 us,  0.8 sy,  0.0 ni,  3.4 id,  0.0 wa,  0.0 hi,  0.0 si,  0.0 st
KiB Mem : 65877712 total, 48362644 free,  3849052 used, 13666016 buff/cache
KiB Swap: 33554428 total, 32310260 free,  1244168 used. 60862856 avail Mem 
--
top - 14:46:37 up 105 days,  6:28,  0 users,  load average: 18.63, 8.07, 3.94
Tasks: 408 total,   2 running, 406 sleeping,   0 stopped,   0 zombie
%Cpu(s): 92.5 us,  0.5 sy,  0.0 ni,  6.9 id,  0.0 wa,  0.0 hi,  0.0 si,  0.0 st
KiB Mem : 65877712 total, 48188912 free,  4022784 used, 13666016 buff/cache
KiB Swap: 33554428 total, 32310260 free,  1244168 used. 60689124 avail Mem 
--
top - 14:46:42 up 105 days,  6:29,  0 users,  load average: 18.18, 8.15, 3.99
Tasks: 408 total,   2 running, 406 sleeping,   0 stopped,   0 zombie
%Cpu(s): 50.0 us,  0.2 sy,  0.0 ni, 49.8 id,  0.0 wa,  0.0 hi,  0.0 si,  0.0 st
KiB Mem : 65877712 total, 48071360 free,  4140336 used, 13666016 buff/cache
KiB Swap: 33554428 total, 32310260 free,  1244168 used. 60571572 avail Mem 
--
top - 14:46:47 up 105 days,  6:29,  0 users,  load average: 16.73, 8.02, 3.96
Tasks: 407 total,   1 running, 406 sleeping,   0 stopped,   0 zombie
%Cpu(s):  0.4 us,  0.2 sy,  0.0 ni, 99.4 id,  0.0 wa,  0.0 hi,  0.0 si,  0.0 st
KiB Mem : 65877712 total, 48089456 free,  4122240 used, 13666016 buff/cache
KiB Swap: 33554428 total, 32310260 free,  1244168 used. 60589668 avail Mem 
--
top - 14:46:52 up 105 days,  6:29,  0 users,  load average: 17.63, 8.35, 4.09
Tasks: 406 total,   3 running, 403 sleeping,   0 stopped,   0 zombie
%Cpu(s): 91.3 us,  1.0 sy,  0.0 ni,  7.7 id,  0.0 wa,  0.0 hi,  0.0 si,  0.0 st
KiB Mem : 65877712 total, 47912076 free,  4299620 used, 13666016 buff/cache
KiB Swap: 33554428 total, 32310260 free,  1244168 used. 60412288 avail Mem 
--
top - 14:46:57 up 105 days,  6:29,  0 users,  load average: 18.70, 8.73, 4.24
Tasks: 406 total,   2 running, 404 sleeping,   0 stopped,   0 zombie
%Cpu(s): 96.5 us,  0.4 sy,  0.0 ni,  3.1 id,  0.0 wa,  0.0 hi,  0.0 si,  0.0 st
KiB Mem : 65877712 total, 47738220 free,  4473476 used, 13666016 buff/cache
KiB Swap: 33554428 total, 32310260 free,  1244168 used. 60238432 avail Mem 
--
top - 14:47:02 up 105 days,  6:29,  0 users,  load average: 19.68, 9.10, 4.38
Tasks: 403 total,   2 running, 401 sleeping,   0 stopped,   0 zombie
%Cpu(s): 96.4 us,  0.5 sy,  0.0 ni,  3.1 id,  0.0 wa,  0.0 hi,  0.0 si,  0.0 st
KiB Mem : 65877712 total, 47549564 free,  4662132 used, 13666016 buff/cache
KiB Swap: 33554428 total, 32310260 free,  1244168 used. 60049776 avail Mem 
--
top - 14:47:07 up 105 days,  6:29,  0 users,  load average: 20.51, 9.44, 4.52
Tasks: 403 total,   2 running, 401 sleeping,   0 stopped,   0 zombie
%Cpu(s): 96.2 us,  0.3 sy,  0.0 ni,  3.5 id,  0.0 wa,  0.0 hi,  0.0 si,  0.0 st
KiB Mem : 65877712 total, 47377660 free,  4834036 used, 13666016 buff/cache
KiB Swap: 33554428 total, 32310260 free,  1244168 used. 59877872 avail Mem 
--
top - 14:47:12 up 105 days,  6:29,  0 users,  load average: 20.55, 9.63, 4.61
Tasks: 403 total,   1 running, 402 sleeping,   0 stopped,   0 zombie
%Cpu(s): 60.2 us,  0.2 sy,  0.0 ni, 39.7 id,  0.0 wa,  0.0 hi,  0.0 si,  0.0 st
KiB Mem : 65877712 total, 47228160 free,  4983536 used, 13666016 buff/cache
KiB Swap: 33554428 total, 32310260 free,  1244168 used. 59728372 avail Mem 
--
top - 14:47:17 up 105 days,  6:29,  0 users,  load average: 18.90, 9.47, 4.58
Tasks: 403 total,   1 running, 402 sleeping,   0 stopped,   0 zombie
%Cpu(s):  4.8 us,  0.5 sy,  0.0 ni, 94.7 id,  0.0 wa,  0.0 hi,  0.0 si,  0.0 st
KiB Mem : 65877712 total, 47225840 free,  4985856 used, 13666016 buff/cache
KiB Swap: 33554428 total, 32310260 free,  1244168 used. 59726052 avail Mem 
--
top - 14:47:22 up 105 days,  6:29,  0 users,  load average: 19.39, 9.73, 4.69
Tasks: 402 total,   1 running, 401 sleeping,   0 stopped,   0 zombie
%Cpu(s): 96.6 us,  0.5 sy,  0.0 ni,  3.0 id,  0.0 wa,  0.0 hi,  0.0 si,  0.0 st
KiB Mem : 65877712 total, 47068052 free,  5143644 used, 13666016 buff/cache
KiB Swap: 33554428 total, 32310260 free,  1244168 used. 59568264 avail Mem 
--
top - 14:47:28 up 105 days,  6:29,  0 users,  load average: 20.32, 10.08, 4.83
Tasks: 402 total,   1 running, 401 sleeping,   0 stopped,   0 zombie
%Cpu(s): 96.2 us,  0.7 sy,  0.0 ni,  3.1 id,  0.0 wa,  0.0 hi,  0.0 si,  0.0 st
KiB Mem : 65877712 total, 46869700 free,  5341992 used, 13666020 buff/cache
KiB Swap: 33554428 total, 32310260 free,  1244168 used. 59369916 avail Mem 
--
top - 14:47:33 up 105 days,  6:29,  0 users,  load average: 21.10, 10.42, 4.97
Tasks: 402 total,   1 running, 401 sleeping,   0 stopped,   0 zombie
%Cpu(s): 96.4 us,  0.5 sy,  0.0 ni,  3.1 id,  0.0 wa,  0.0 hi,  0.0 si,  0.0 st
KiB Mem : 65877712 total, 46726504 free,  5485188 used, 13666020 buff/cache
KiB Swap: 33554428 total, 32310260 free,  1244168 used. 59226720 avail Mem 
--
top - 14:47:38 up 105 days,  6:29,  0 users,  load average: 21.89, 10.76, 5.11
Tasks: 402 total,   2 running, 400 sleeping,   0 stopped,   0 zombie
%Cpu(s): 96.4 us,  0.5 sy,  0.0 ni,  3.1 id,  0.0 wa,  0.0 hi,  0.0 si,  0.0 st
KiB Mem : 65877712 total, 46562564 free,  5649128 used, 13666020 buff/cache
KiB Swap: 33554428 total, 32310260 free,  1244168 used. 59060732 avail Mem 
--
top - 14:47:43 up 105 days,  6:30,  0 users,  load average: 21.98, 10.96, 5.20
Tasks: 402 total,   1 running, 401 sleeping,   0 stopped,   0 zombie
%Cpu(s): 56.7 us,  0.3 sy,  0.0 ni, 43.0 id,  0.0 wa,  0.0 hi,  0.0 si,  0.0 st
KiB Mem : 65877712 total, 46400320 free,  5811372 used, 13666020 buff/cache
KiB Swap: 33554428 total, 32310260 free,  1244168 used. 58900536 avail Mem 
