10.149.0.59
2023/12/27 11:23:51 Master node address: http://10.149.0.54:8000
2023/12/27 11:23:51 Benchmarking worker...
2023/12/27 11:23:53 Worker registered (1827 MCUPS). Waiting for work...
2023/12/27 11:25:11 Got work. Start calculating alignments...
2023/12/27 11:25:11 Calculating 1987 queries
2023/12/27 11:25:19 Done calculating alignments.
2023/12/27 11:25:19 Waiting for work...
2023/12/27 11:26:05 Got work. Start calculating alignments...
2023/12/27 11:26:05 Calculating 1987 queries
2023/12/27 11:26:15 Done calculating alignments.
2023/12/27 11:26:15 Waiting for work...
2023/12/27 11:27:05 Got work. Start calculating alignments...
2023/12/27 11:27:05 Calculating 1987 queries
2023/12/27 11:27:14 Done calculating alignments.
2023/12/27 11:27:14 Waiting for work...
2023/12/27 11:28:04 Got work. Start calculating alignments...
2023/12/27 11:28:04 Calculating 1987 queries
2023/12/27 11:28:12 Done calculating alignments.
2023/12/27 11:28:12 Waiting for work...
2023/12/27 11:28:59 Got work. Start calculating alignments...
2023/12/27 11:28:59 Calculating 1987 queries
2023/12/27 11:29:06 Done calculating alignments.
2023/12/27 11:29:06 Waiting for work...
slurmstepd: error: *** JOB 4753160 ON node059 CANCELLED AT 2023-12-27T11:29:11 ***
