Job id: 4753066
Worker ip: 10.149.0.59
Master ip: 10.149.0.60
--
top - 11:04:36 up 105 days,  2:48,  0 users,  load average: 10.18, 4.00, 2.21
Tasks: 417 total,   1 running, 416 sleeping,   0 stopped,   0 zombie
%Cpu(s):  2.8 us,  4.3 sy,  0.0 ni, 92.8 id,  0.0 wa,  0.0 hi,  0.2 si,  0.0 st
KiB Mem : 65877692 total, 50120580 free,  1195748 used, 14561364 buff/cache
KiB Swap: 33554428 total, 32369492 free,  1184936 used. 63462836 avail Mem 
--
top - 11:04:41 up 105 days,  2:48,  0 users,  load average: 9.36, 3.93, 2.19
Tasks: 418 total,   2 running, 416 sleeping,   0 stopped,   0 zombie
%Cpu(s):  1.6 us,  0.4 sy,  0.0 ni, 98.0 id,  0.0 wa,  0.0 hi,  0.0 si,  0.0 st
KiB Mem : 65877692 total, 50099316 free,  1210376 used, 14568000 buff/cache
KiB Swap: 33554428 total, 32369492 free,  1184936 used. 63448160 avail Mem 
--
top - 11:04:46 up 105 days,  2:48,  0 users,  load average: 8.61, 3.87, 2.18
Tasks: 418 total,   1 running, 417 sleeping,   0 stopped,   0 zombie
%Cpu(s):  0.1 us,  0.0 sy,  0.0 ni, 99.9 id,  0.0 wa,  0.0 hi,  0.0 si,  0.0 st
KiB Mem : 65877692 total, 50079760 free,  1229932 used, 14568000 buff/cache
KiB Swap: 33554428 total, 32369492 free,  1184936 used. 63428604 avail Mem 
--
top - 11:04:51 up 105 days,  2:48,  0 users,  load average: 10.41, 4.32, 2.34
Tasks: 418 total,   2 running, 416 sleeping,   0 stopped,   0 zombie
%Cpu(s): 59.5 us,  0.6 sy,  0.0 ni, 39.9 id,  0.0 wa,  0.0 hi,  0.0 si,  0.0 st
KiB Mem : 65877692 total, 49606152 free,  1703540 used, 14568000 buff/cache
KiB Swap: 33554428 total, 32369492 free,  1184936 used. 62954996 avail Mem 
--
top - 11:04:56 up 105 days,  2:48,  0 users,  load average: 12.06, 4.76, 2.49
Tasks: 418 total,   1 running, 417 sleeping,   0 stopped,   0 zombie
%Cpu(s): 55.5 us,  0.2 sy,  0.0 ni, 44.2 id,  0.0 wa,  0.0 hi,  0.0 si,  0.0 st
KiB Mem : 65877692 total, 49626560 free,  1683132 used, 14568000 buff/cache
KiB Swap: 33554428 total, 32369492 free,  1184936 used. 62975404 avail Mem 
--
top - 11:05:01 up 105 days,  2:48,  0 users,  load average: 11.09, 4.68, 2.48
Tasks: 414 total,   2 running, 412 sleeping,   0 stopped,   0 zombie
%Cpu(s): 37.4 us,  0.4 sy,  0.0 ni, 62.2 id,  0.0 wa,  0.0 hi,  0.0 si,  0.0 st
KiB Mem : 65877692 total, 49445408 free,  1864284 used, 14568000 buff/cache
KiB Swap: 33554428 total, 32369492 free,  1184936 used. 62794252 avail Mem 
--
top - 11:05:06 up 105 days,  2:48,  0 users,  load average: 11.80, 4.94, 2.57
Tasks: 414 total,   2 running, 412 sleeping,   0 stopped,   0 zombie
%Cpu(s): 71.1 us,  0.6 sy,  0.0 ni, 28.3 id,  0.0 wa,  0.0 hi,  0.0 si,  0.0 st
KiB Mem : 65877692 total, 49302084 free,  2007608 used, 14568000 buff/cache
KiB Swap: 33554428 total, 32369492 free,  1184936 used. 62650928 avail Mem 
--
top - 11:05:11 up 105 days,  2:49,  0 users,  load average: 10.86, 4.85, 2.56
Tasks: 416 total,   1 running, 415 sleeping,   0 stopped,   0 zombie
%Cpu(s):  3.3 us,  0.1 sy,  0.0 ni, 96.5 id,  0.0 wa,  0.0 hi,  0.0 si,  0.0 st
KiB Mem : 65877692 total, 49338132 free,  1971560 used, 14568000 buff/cache
KiB Swap: 33554428 total, 32369492 free,  1184936 used. 62686976 avail Mem 
--
top - 11:05:16 up 105 days,  2:49,  0 users,  load average: 12.15, 5.22, 2.69
Tasks: 416 total,   2 running, 414 sleeping,   0 stopped,   0 zombie
%Cpu(s): 73.7 us,  0.7 sy,  0.0 ni, 25.6 id,  0.0 wa,  0.0 hi,  0.0 si,  0.0 st
KiB Mem : 65877692 total, 49145788 free,  2163904 used, 14568000 buff/cache
KiB Swap: 33554428 total, 32369492 free,  1184936 used. 62494632 avail Mem 
--
top - 11:05:21 up 105 days,  2:49,  0 users,  load average: 12.46, 5.40, 2.76
Tasks: 416 total,   1 running, 415 sleeping,   0 stopped,   0 zombie
%Cpu(s): 36.3 us,  0.3 sy,  0.0 ni, 63.4 id,  0.0 wa,  0.0 hi,  0.0 si,  0.0 st
KiB Mem : 65877692 total, 49178020 free,  2131672 used, 14568000 buff/cache
KiB Swap: 33554428 total, 32369492 free,  1184936 used. 62526864 avail Mem 
--
top - 11:05:26 up 105 days,  2:49,  0 users,  load average: 11.46, 5.31, 2.75
Tasks: 402 total,   2 running, 400 sleeping,   0 stopped,   0 zombie
%Cpu(s): 55.6 us,  0.8 sy,  0.0 ni, 43.6 id,  0.0 wa,  0.0 hi,  0.0 si,  0.0 st
KiB Mem : 65877692 total, 48963612 free,  2346080 used, 14568000 buff/cache
KiB Swap: 33554428 total, 32369492 free,  1184936 used. 62312456 avail Mem 
--
top - 11:05:31 up 105 days,  2:49,  0 users,  load average: 12.46, 5.62, 2.86
Tasks: 402 total,   1 running, 401 sleeping,   0 stopped,   0 zombie
%Cpu(s): 50.2 us,  0.3 sy,  0.0 ni, 49.6 id,  0.0 wa,  0.0 hi,  0.0 si,  0.0 st
KiB Mem : 65877692 total, 48982968 free,  2326720 used, 14568004 buff/cache
KiB Swap: 33554428 total, 32369492 free,  1184936 used. 62331816 avail Mem 
--
top - 11:05:36 up 105 days,  2:49,  0 users,  load average: 11.47, 5.53, 2.85
Tasks: 402 total,   2 running, 400 sleeping,   0 stopped,   0 zombie
%Cpu(s): 37.0 us,  0.3 sy,  0.0 ni, 62.6 id,  0.0 wa,  0.0 hi,  0.0 si,  0.0 st
KiB Mem : 65877692 total, 48797716 free,  2511972 used, 14568004 buff/cache
KiB Swap: 33554428 total, 32369492 free,  1184936 used. 62146564 avail Mem 
