Job id: 4753127
Worker ip: 10.149.0.68
Master ip: 10.149.0.60
--
top - 11:17:21 up 105 days,  2:59,  0 users,  load average: 0.76, 1.32, 0.92
Tasks: 403 total,   1 running, 402 sleeping,   0 stopped,   0 zombie
%Cpu(s):  3.2 us,  5.0 sy,  0.0 ni, 91.5 id,  0.0 wa,  0.0 hi,  0.2 si,  0.0 st
KiB Mem : 65877692 total, 51994784 free,  1159512 used, 12723396 buff/cache
KiB Swap: 33554428 total, 32270624 free,  1283804 used. 63533556 avail Mem 
--
top - 11:17:26 up 105 days,  2:59,  0 users,  load average: 0.70, 1.30, 0.92
Tasks: 403 total,   1 running, 402 sleeping,   0 stopped,   0 zombie
%Cpu(s):  1.6 us,  0.4 sy,  0.0 ni, 98.0 id,  0.0 wa,  0.0 hi,  0.0 si,  0.0 st
KiB Mem : 65877692 total, 51971448 free,  1175664 used, 12730580 buff/cache
KiB Swap: 33554428 total, 32270624 free,  1283804 used. 63517324 avail Mem 
--
top - 11:17:31 up 105 days,  2:59,  0 users,  load average: 0.64, 1.28, 0.91
Tasks: 404 total,   1 running, 403 sleeping,   0 stopped,   0 zombie
%Cpu(s):  0.0 us,  0.0 sy,  0.0 ni,100.0 id,  0.0 wa,  0.0 hi,  0.0 si,  0.0 st
KiB Mem : 65877692 total, 51972548 free,  1174564 used, 12730580 buff/cache
KiB Swap: 33554428 total, 32270624 free,  1283804 used. 63518424 avail Mem 
--
top - 11:17:36 up 105 days,  2:59,  0 users,  load average: 0.59, 1.26, 0.91
Tasks: 404 total,   1 running, 403 sleeping,   0 stopped,   0 zombie
%Cpu(s):  0.0 us,  0.0 sy,  0.0 ni,100.0 id,  0.0 wa,  0.0 hi,  0.0 si,  0.0 st
KiB Mem : 65877692 total, 51973544 free,  1173568 used, 12730580 buff/cache
KiB Swap: 33554428 total, 32270624 free,  1283804 used. 63519420 avail Mem 
--
top - 11:17:41 up 105 days,  2:59,  0 users,  load average: 0.54, 1.23, 0.90
Tasks: 404 total,   1 running, 403 sleeping,   0 stopped,   0 zombie
%Cpu(s):  0.0 us,  0.0 sy,  0.0 ni, 99.9 id,  0.0 wa,  0.0 hi,  0.0 si,  0.0 st
KiB Mem : 65877692 total, 51974680 free,  1172432 used, 12730580 buff/cache
KiB Swap: 33554428 total, 32270624 free,  1283804 used. 63520556 avail Mem 
--
top - 11:17:46 up 105 days,  2:59,  0 users,  load average: 0.50, 1.21, 0.90
Tasks: 404 total,   1 running, 403 sleeping,   0 stopped,   0 zombie
%Cpu(s):  0.0 us,  0.0 sy,  0.0 ni,100.0 id,  0.0 wa,  0.0 hi,  0.0 si,  0.0 st
KiB Mem : 65877692 total, 51975280 free,  1171832 used, 12730580 buff/cache
KiB Swap: 33554428 total, 32270624 free,  1283804 used. 63521156 avail Mem 
--
top - 11:17:51 up 105 days,  2:59,  0 users,  load average: 0.46, 1.19, 0.89
Tasks: 404 total,   1 running, 403 sleeping,   0 stopped,   0 zombie
%Cpu(s):  0.0 us,  0.0 sy,  0.0 ni,100.0 id,  0.0 wa,  0.0 hi,  0.0 si,  0.0 st
KiB Mem : 65877692 total, 51975636 free,  1171476 used, 12730580 buff/cache
KiB Swap: 33554428 total, 32270624 free,  1283804 used. 63521512 avail Mem 
--
top - 11:17:56 up 105 days,  3:00,  0 users,  load average: 0.42, 1.17, 0.89
Tasks: 404 total,   1 running, 403 sleeping,   0 stopped,   0 zombie
%Cpu(s):  0.1 us,  0.0 sy,  0.0 ni, 99.9 id,  0.0 wa,  0.0 hi,  0.0 si,  0.0 st
KiB Mem : 65877692 total, 51953440 free,  1193672 used, 12730580 buff/cache
KiB Swap: 33554428 total, 32270624 free,  1283804 used. 63499316 avail Mem 
--
top - 11:18:01 up 105 days,  3:00,  0 users,  load average: 2.39, 1.57, 1.02
Tasks: 404 total,   2 running, 402 sleeping,   0 stopped,   0 zombie
%Cpu(s): 62.9 us,  1.0 sy,  0.0 ni, 35.9 id,  0.1 wa,  0.0 hi,  0.0 si,  0.0 st
KiB Mem : 65877692 total, 51478844 free,  1668268 used, 12730580 buff/cache
KiB Swap: 33554428 total, 32270624 free,  1283804 used. 63024720 avail Mem 
--
top - 11:18:06 up 105 days,  3:00,  0 users,  load average: 4.52, 2.03, 1.17
Tasks: 408 total,   1 running, 407 sleeping,   0 stopped,   0 zombie
%Cpu(s): 53.0 us,  0.2 sy,  0.0 ni, 46.8 id,  0.0 wa,  0.0 hi,  0.0 si,  0.0 st
KiB Mem : 65877692 total, 51494164 free,  1652948 used, 12730580 buff/cache
KiB Swap: 33554428 total, 32270624 free,  1283804 used. 63040040 avail Mem 
--
top - 11:18:11 up 105 days,  3:00,  0 users,  load average: 4.16, 1.99, 1.16
Tasks: 408 total,   2 running, 406 sleeping,   0 stopped,   0 zombie
%Cpu(s): 43.3 us,  0.4 sy,  0.0 ni, 56.3 id,  0.0 wa,  0.0 hi,  0.0 si,  0.0 st
KiB Mem : 65877692 total, 51284372 free,  1862740 used, 12730580 buff/cache
KiB Swap: 33554428 total, 32270624 free,  1283804 used. 62830248 avail Mem 
--
top - 11:18:16 up 105 days,  3:00,  0 users,  load average: 5.67, 2.34, 1.28
Tasks: 408 total,   1 running, 407 sleeping,   0 stopped,   0 zombie
%Cpu(s): 64.9 us,  0.3 sy,  0.0 ni, 34.8 id,  0.0 wa,  0.0 hi,  0.0 si,  0.0 st
KiB Mem : 65877692 total, 51264520 free,  1882588 used, 12730584 buff/cache
KiB Swap: 33554428 total, 32270624 free,  1283804 used. 62810400 avail Mem 
--
top - 11:18:21 up 105 days,  3:00,  0 users,  load average: 5.29, 2.32, 1.28
Tasks: 409 total,   2 running, 407 sleeping,   0 stopped,   0 zombie
%Cpu(s): 17.9 us,  0.5 sy,  0.0 ni, 81.6 id,  0.0 wa,  0.0 hi,  0.0 si,  0.0 st
KiB Mem : 65877692 total, 51092988 free,  2054120 used, 12730584 buff/cache
KiB Swap: 33554428 total, 32270624 free,  1283804 used. 62638868 avail Mem 
--
top - 11:18:26 up 105 days,  3:00,  0 users,  load average: 7.03, 2.73, 1.41
Tasks: 409 total,   1 running, 408 sleeping,   0 stopped,   0 zombie
%Cpu(s): 89.0 us,  0.5 sy,  0.0 ni, 10.5 id,  0.0 wa,  0.0 hi,  0.0 si,  0.0 st
KiB Mem : 65877692 total, 50918708 free,  2228400 used, 12730584 buff/cache
KiB Swap: 33554428 total, 32270624 free,  1283804 used. 62464588 avail Mem 
--
top - 11:18:31 up 105 days,  3:00,  0 users,  load average: 6.47, 2.68, 1.41
Tasks: 409 total,   1 running, 408 sleeping,   0 stopped,   0 zombie
%Cpu(s):  1.3 us,  0.2 sy,  0.0 ni, 98.6 id,  0.0 wa,  0.0 hi,  0.0 si,  0.0 st
KiB Mem : 65877692 total, 50954132 free,  2192976 used, 12730584 buff/cache
KiB Swap: 33554428 total, 32270624 free,  1283804 used. 62500012 avail Mem 
--
top - 11:18:36 up 105 days,  3:00,  0 users,  load average: 7.39, 2.94, 1.50
Tasks: 409 total,   2 running, 407 sleeping,   0 stopped,   0 zombie
%Cpu(s): 87.2 us,  0.8 sy,  0.0 ni, 12.0 id,  0.0 wa,  0.0 hi,  0.0 si,  0.0 st
KiB Mem : 65877692 total, 50762188 free,  2384920 used, 12730584 buff/cache
KiB Swap: 33554428 total, 32270624 free,  1283804 used. 62308068 avail Mem 
--
top - 11:18:41 up 105 days,  3:00,  0 users,  load average: 6.80, 2.89, 1.49
Tasks: 409 total,   1 running, 408 sleeping,   0 stopped,   0 zombie
%Cpu(s): 21.2 us,  0.2 sy,  0.0 ni, 78.5 id,  0.0 wa,  0.0 hi,  0.0 si,  0.0 st
KiB Mem : 65877692 total, 50768804 free,  2378304 used, 12730584 buff/cache
KiB Swap: 33554428 total, 32270624 free,  1283804 used. 62314684 avail Mem 
--
top - 11:18:46 up 105 days,  3:00,  0 users,  load average: 8.34, 3.27, 1.62
Tasks: 409 total,   2 running, 407 sleeping,   0 stopped,   0 zombie
%Cpu(s): 77.4 us,  0.5 sy,  0.0 ni, 22.1 id,  0.0 wa,  0.0 hi,  0.0 si,  0.0 st
KiB Mem : 65877692 total, 50576932 free,  2570176 used, 12730584 buff/cache
KiB Swap: 33554428 total, 32270624 free,  1283804 used. 62122812 avail Mem 
