Job id: 4753076
Worker ip: 10.149.0.56
Master ip: 10.149.0.68
--
top - 11:05:44 up 105 days,  2:47,  0 users,  load average: 0.08, 0.57, 0.48
Tasks: 408 total,   1 running, 407 sleeping,   0 stopped,   0 zombie
%Cpu(s):  2.5 us,  4.9 sy,  0.0 ni, 92.2 id,  0.0 wa,  0.0 hi,  0.4 si,  0.0 st
KiB Mem : 65877712 total, 54155692 free,  1127508 used, 10594512 buff/cache
KiB Swap: 33554428 total, 32291280 free,  1263148 used. 63508500 avail Mem 
--
top - 11:05:49 up 105 days,  2:47,  0 users,  load average: 0.07, 0.56, 0.48
Tasks: 410 total,   1 running, 409 sleeping,   0 stopped,   0 zombie
%Cpu(s):  1.6 us,  0.4 sy,  0.0 ni, 98.0 id,  0.0 wa,  0.0 hi,  0.0 si,  0.0 st
KiB Mem : 65877712 total, 54134680 free,  1142516 used, 10600516 buff/cache
KiB Swap: 33554428 total, 32291280 free,  1263148 used. 63493400 avail Mem 
--
top - 11:05:54 up 105 days,  2:48,  0 users,  load average: 0.07, 0.55, 0.47
Tasks: 410 total,   1 running, 409 sleeping,   0 stopped,   0 zombie
%Cpu(s):  0.0 us,  0.0 sy,  0.0 ni,100.0 id,  0.0 wa,  0.0 hi,  0.0 si,  0.0 st
KiB Mem : 65877712 total, 54134912 free,  1142280 used, 10600520 buff/cache
KiB Swap: 33554428 total, 32291280 free,  1263148 used. 63493632 avail Mem 
--
top - 11:05:59 up 105 days,  2:48,  0 users,  load average: 0.06, 0.54, 0.47
Tasks: 410 total,   1 running, 409 sleeping,   0 stopped,   0 zombie
%Cpu(s):  0.0 us,  0.0 sy,  0.0 ni,100.0 id,  0.0 wa,  0.0 hi,  0.0 si,  0.0 st
KiB Mem : 65877712 total, 54134820 free,  1142304 used, 10600588 buff/cache
KiB Swap: 33554428 total, 32291280 free,  1263148 used. 63493788 avail Mem 
--
top - 11:06:04 up 105 days,  2:48,  0 users,  load average: 0.06, 0.54, 0.47
Tasks: 414 total,   1 running, 413 sleeping,   0 stopped,   0 zombie
%Cpu(s):  0.4 us,  0.2 sy,  0.0 ni, 99.0 id,  0.3 wa,  0.0 hi,  0.0 si,  0.0 st
KiB Mem : 65877712 total, 54127960 free,  1148636 used, 10601116 buff/cache
KiB Swap: 33554428 total, 32291280 free,  1263148 used. 63487304 avail Mem 
--
top - 11:06:09 up 105 days,  2:48,  0 users,  load average: 0.05, 0.53, 0.47
Tasks: 412 total,   1 running, 411 sleeping,   0 stopped,   0 zombie
%Cpu(s):  0.0 us,  0.0 sy,  0.0 ni,100.0 id,  0.0 wa,  0.0 hi,  0.0 si,  0.0 st
KiB Mem : 65877712 total, 54127468 free,  1149128 used, 10601116 buff/cache
KiB Swap: 33554428 total, 32291280 free,  1263148 used. 63486812 avail Mem 
--
top - 11:06:14 up 105 days,  2:48,  0 users,  load average: 0.05, 0.52, 0.46
Tasks: 412 total,   1 running, 411 sleeping,   0 stopped,   0 zombie
%Cpu(s):  0.0 us,  0.0 sy,  0.0 ni,100.0 id,  0.0 wa,  0.0 hi,  0.0 si,  0.0 st
KiB Mem : 65877712 total, 54127368 free,  1149228 used, 10601116 buff/cache
KiB Swap: 33554428 total, 32291280 free,  1263148 used. 63486712 avail Mem 
--
top - 11:06:19 up 105 days,  2:48,  0 users,  load average: 0.04, 0.51, 0.46
Tasks: 412 total,   1 running, 411 sleeping,   0 stopped,   0 zombie
%Cpu(s):  0.2 us,  0.1 sy,  0.0 ni, 99.7 id,  0.0 wa,  0.0 hi,  0.0 si,  0.0 st
KiB Mem : 65877712 total, 54019764 free,  1256832 used, 10601116 buff/cache
KiB Swap: 33554428 total, 32291280 free,  1263148 used. 63379108 avail Mem 
--
top - 11:06:24 up 105 days,  2:48,  0 users,  load average: 1.88, 0.88, 0.58
Tasks: 412 total,   2 running, 410 sleeping,   0 stopped,   0 zombie
%Cpu(s): 50.4 us,  0.6 sy,  0.0 ni, 49.0 id,  0.0 wa,  0.0 hi,  0.0 si,  0.0 st
KiB Mem : 65877712 total, 53582288 free,  1694356 used, 10601068 buff/cache
KiB Swap: 33554428 total, 32291280 free,  1263148 used. 62941632 avail Mem 
--
top - 11:06:29 up 105 days,  2:48,  0 users,  load average: 1.73, 0.87, 0.58
Tasks: 412 total,   1 running, 411 sleeping,   0 stopped,   0 zombie
%Cpu(s): 56.2 us,  0.2 sy,  0.0 ni, 43.6 id,  0.0 wa,  0.0 hi,  0.0 si,  0.0 st
KiB Mem : 65877712 total, 53656720 free,  1619924 used, 10601068 buff/cache
KiB Swap: 33554428 total, 32291280 free,  1263148 used. 63016064 avail Mem 
--
top - 11:06:34 up 105 days,  2:48,  0 users,  load average: 1.75, 0.89, 0.59
Tasks: 412 total,   1 running, 411 sleeping,   0 stopped,   0 zombie
%Cpu(s):  0.2 us,  0.1 sy,  0.0 ni, 99.7 id,  0.0 wa,  0.0 hi,  0.0 si,  0.0 st
KiB Mem : 65877712 total, 53579536 free,  1697108 used, 10601068 buff/cache
KiB Swap: 33554428 total, 32291280 free,  1263148 used. 62938880 avail Mem 
--
top - 11:06:39 up 105 days,  2:48,  0 users,  load average: 1.61, 0.87, 0.58
Tasks: 412 total,   2 running, 410 sleeping,   0 stopped,   0 zombie
%Cpu(s):  4.5 us,  0.3 sy,  0.0 ni, 95.1 id,  0.0 wa,  0.0 hi,  0.0 si,  0.0 st
KiB Mem : 65877712 total, 53394956 free,  1881684 used, 10601072 buff/cache
KiB Swap: 33554428 total, 32291280 free,  1263148 used. 62754304 avail Mem 
--
top - 11:06:44 up 105 days,  2:48,  0 users,  load average: 3.00, 1.17, 0.68
Tasks: 412 total,   1 running, 411 sleeping,   0 stopped,   0 zombie
%Cpu(s): 94.5 us,  0.4 sy,  0.0 ni,  5.2 id,  0.0 wa,  0.0 hi,  0.0 si,  0.0 st
KiB Mem : 65877712 total, 53200832 free,  2075808 used, 10601072 buff/cache
KiB Swap: 33554428 total, 32291280 free,  1263148 used. 62560180 avail Mem 
--
top - 11:06:49 up 105 days,  2:48,  0 users,  load average: 2.76, 1.15, 0.68
Tasks: 412 total,   1 running, 411 sleeping,   0 stopped,   0 zombie
%Cpu(s):  2.7 us,  0.1 sy,  0.0 ni, 97.2 id,  0.0 wa,  0.0 hi,  0.0 si,  0.0 st
KiB Mem : 65877712 total, 53417588 free,  1859052 used, 10601072 buff/cache
KiB Swap: 33554428 total, 32291280 free,  1263148 used. 62776936 avail Mem 
--
top - 11:06:54 up 105 days,  2:49,  0 users,  load average: 2.54, 1.13, 0.68
Tasks: 412 total,   1 running, 411 sleeping,   0 stopped,   0 zombie
%Cpu(s):  0.2 us,  0.2 sy,  0.0 ni, 99.5 id,  0.0 wa,  0.0 hi,  0.0 si,  0.0 st
KiB Mem : 65877712 total, 53271692 free,  2004948 used, 10601072 buff/cache
KiB Swap: 33554428 total, 32291280 free,  1263148 used. 62631040 avail Mem 
--
top - 11:06:59 up 105 days,  2:49,  0 users,  load average: 4.82, 1.63, 0.84
Tasks: 412 total,   3 running, 409 sleeping,   0 stopped,   0 zombie
%Cpu(s): 78.2 us,  0.6 sy,  0.0 ni, 21.2 id,  0.0 wa,  0.0 hi,  0.0 si,  0.0 st
KiB Mem : 65877712 total, 53065536 free,  2211104 used, 10601072 buff/cache
KiB Swap: 33554428 total, 32291280 free,  1263148 used. 62424884 avail Mem 
--
top - 11:07:04 up 105 days,  2:49,  0 users,  load average: 4.52, 1.62, 0.84
Tasks: 408 total,   1 running, 407 sleeping,   0 stopped,   0 zombie
%Cpu(s): 21.5 us,  0.2 sy,  0.0 ni, 78.3 id,  0.0 wa,  0.0 hi,  0.0 si,  0.0 st
KiB Mem : 65877712 total, 53184192 free,  2092448 used, 10601072 buff/cache
KiB Swap: 33554428 total, 32291280 free,  1263148 used. 62543540 avail Mem 
--
top - 11:07:09 up 105 days,  2:49,  0 users,  load average: 4.15, 1.59, 0.84
Tasks: 410 total,   1 running, 409 sleeping,   0 stopped,   0 zombie
%Cpu(s):  0.2 us,  0.2 sy,  0.0 ni, 99.6 id,  0.0 wa,  0.0 hi,  0.0 si,  0.0 st
KiB Mem : 65877712 total, 53087220 free,  2189420 used, 10601072 buff/cache
KiB Swap: 33554428 total, 32291280 free,  1263148 used. 62446568 avail Mem 
--
top - 11:07:14 up 105 days,  2:49,  0 users,  load average: 6.22, 2.06, 0.99
Tasks: 409 total,   2 running, 407 sleeping,   0 stopped,   0 zombie
%Cpu(s): 43.0 us,  0.9 sy,  0.0 ni, 56.1 id,  0.0 wa,  0.0 hi,  0.0 si,  0.0 st
KiB Mem : 65877712 total, 52916532 free,  2360108 used, 10601072 buff/cache
KiB Swap: 33554428 total, 32291280 free,  1263148 used. 62275880 avail Mem 
--
top - 11:07:19 up 105 days,  2:49,  0 users,  load average: 5.72, 2.03, 0.99
Tasks: 409 total,   1 running, 408 sleeping,   0 stopped,   0 zombie
%Cpu(s): 61.9 us,  0.4 sy,  0.0 ni, 37.7 id,  0.0 wa,  0.0 hi,  0.0 si,  0.0 st
KiB Mem : 65877712 total, 52974956 free,  2301684 used, 10601072 buff/cache
KiB Swap: 33554428 total, 32291280 free,  1263148 used. 62334304 avail Mem 
--
top - 11:07:24 up 105 days,  2:49,  0 users,  load average: 5.27, 2.00, 0.98
Tasks: 409 total,   1 running, 408 sleeping,   0 stopped,   0 zombie
%Cpu(s):  0.1 us,  0.1 sy,  0.0 ni, 99.7 id,  0.0 wa,  0.0 hi,  0.0 si,  0.0 st
KiB Mem : 65877712 total, 52913400 free,  2363240 used, 10601072 buff/cache
KiB Swap: 33554428 total, 32291280 free,  1263148 used. 62272748 avail Mem 
--
top - 11:07:29 up 105 days,  2:49,  0 users,  load average: 4.84, 1.96, 0.98
Tasks: 409 total,   2 running, 407 sleeping,   0 stopped,   0 zombie
%Cpu(s):  6.8 us,  0.4 sy,  0.0 ni, 92.8 id,  0.0 wa,  0.0 hi,  0.0 si,  0.0 st
KiB Mem : 65877712 total, 52759584 free,  2517056 used, 10601072 buff/cache
KiB Swap: 33554428 total, 32291280 free,  1263148 used. 62118932 avail Mem 
--
top - 11:07:34 up 105 days,  2:49,  0 users,  load average: 5.98, 2.25, 1.07
Tasks: 409 total,   1 running, 408 sleeping,   0 stopped,   0 zombie
%Cpu(s): 93.6 us,  0.7 sy,  0.0 ni,  5.7 id,  0.0 wa,  0.0 hi,  0.0 si,  0.0 st
KiB Mem : 65877712 total, 52569796 free,  2706840 used, 10601076 buff/cache
KiB Swap: 33554428 total, 32291280 free,  1263148 used. 61929148 avail Mem 
