10.149.0.56
2023/12/27 11:10:44 Master node address: http://10.149.0.62:8000
2023/12/27 11:10:44 Benchmarking worker...
2023/12/27 11:10:46 Worker registered (1876 MCUPS). Waiting for work...
2023/12/27 11:11:59 Got work. Start calculating alignments...
2023/12/27 11:11:59 Calculating 2043 queries
2023/12/27 11:12:07 Done calculating alignments.
2023/12/27 11:12:07 Waiting for work...
2023/12/27 11:12:56 Got work. Start calculating alignments...
2023/12/27 11:12:56 Calculating 2043 queries
2023/12/27 11:13:04 Done calculating alignments.
2023/12/27 11:13:04 Waiting for work...
2023/12/27 11:13:51 Got work. Start calculating alignments...
2023/12/27 11:13:51 Calculating 2043 queries
2023/12/27 11:13:58 Done calculating alignments.
2023/12/27 11:13:58 Waiting for work...
2023/12/27 11:14:50 Got work. Start calculating alignments...
2023/12/27 11:14:50 Calculating 2043 queries
2023/12/27 11:14:59 Done calculating alignments.
2023/12/27 11:14:59 Waiting for work...
2023/12/27 11:15:46 Got work. Start calculating alignments...
2023/12/27 11:15:46 Calculating 2043 queries
2023/12/27 11:15:55 Done calculating alignments.
2023/12/27 11:15:55 Waiting for work...
slurmstepd: error: *** JOB 4753101 ON node056 CANCELLED AT 2023-12-27T11:15:58 ***
