Job id: 4753075
Worker ip: 10.149.0.55
Master ip: 10.149.0.68
--
top - 11:05:44 up 105 days,  2:48,  0 users,  load average: 0.03, 0.57, 0.72
Tasks: 396 total,   1 running, 395 sleeping,   0 stopped,   0 zombie
%Cpu(s):  0.9 us,  2.4 sy,  0.0 ni, 96.5 id,  0.0 wa,  0.0 hi,  0.2 si,  0.0 st
KiB Mem : 65877712 total, 52652580 free,  1131932 used, 12093200 buff/cache
KiB Swap: 33554428 total, 32309708 free,  1244720 used. 63592036 avail Mem 
--
top - 11:05:49 up 105 days,  2:48,  0 users,  load average: 0.03, 0.56, 0.71
Tasks: 397 total,   1 running, 396 sleeping,   0 stopped,   0 zombie
%Cpu(s):  1.7 us,  0.4 sy,  0.0 ni, 97.8 id,  0.0 wa,  0.0 hi,  0.0 si,  0.0 st
KiB Mem : 65877712 total, 52635216 free,  1142516 used, 12099980 buff/cache
KiB Swap: 33554428 total, 32309708 free,  1244720 used. 63581336 avail Mem 
--
top - 11:05:54 up 105 days,  2:48,  0 users,  load average: 0.03, 0.56, 0.71
Tasks: 398 total,   1 running, 397 sleeping,   0 stopped,   0 zombie
%Cpu(s):  0.0 us,  0.0 sy,  0.0 ni,100.0 id,  0.0 wa,  0.0 hi,  0.0 si,  0.0 st
KiB Mem : 65877712 total, 52636052 free,  1141680 used, 12099980 buff/cache
KiB Swap: 33554428 total, 32309708 free,  1244720 used. 63582172 avail Mem 
--
top - 11:05:59 up 105 days,  2:48,  0 users,  load average: 0.02, 0.55, 0.70
Tasks: 398 total,   1 running, 397 sleeping,   0 stopped,   0 zombie
%Cpu(s):  0.0 us,  0.0 sy,  0.0 ni,100.0 id,  0.0 wa,  0.0 hi,  0.0 si,  0.0 st
KiB Mem : 65877712 total, 52636776 free,  1140956 used, 12099980 buff/cache
KiB Swap: 33554428 total, 32309708 free,  1244720 used. 63582896 avail Mem 
--
top - 11:06:04 up 105 days,  2:48,  0 users,  load average: 0.02, 0.54, 0.70
Tasks: 401 total,   2 running, 399 sleeping,   0 stopped,   0 zombie
%Cpu(s):  0.4 us,  0.2 sy,  0.0 ni, 99.0 id,  0.3 wa,  0.0 hi,  0.0 si,  0.0 st
KiB Mem : 65877712 total, 52633808 free,  1143924 used, 12099980 buff/cache
KiB Swap: 33554428 total, 32309708 free,  1244720 used. 63579928 avail Mem 
--
top - 11:06:09 up 105 days,  2:48,  0 users,  load average: 0.02, 0.53, 0.70
Tasks: 401 total,   1 running, 400 sleeping,   0 stopped,   0 zombie
%Cpu(s):  0.0 us,  0.0 sy,  0.0 ni, 99.9 id,  0.1 wa,  0.0 hi,  0.0 si,  0.0 st
KiB Mem : 65877712 total, 52635020 free,  1142712 used, 12099980 buff/cache
KiB Swap: 33554428 total, 32309708 free,  1244720 used. 63581140 avail Mem 
--
top - 11:06:14 up 105 days,  2:48,  0 users,  load average: 0.02, 0.52, 0.69
Tasks: 401 total,   1 running, 400 sleeping,   0 stopped,   0 zombie
%Cpu(s):  0.0 us,  0.0 sy,  0.0 ni,100.0 id,  0.0 wa,  0.0 hi,  0.0 si,  0.0 st
KiB Mem : 65877712 total, 52635452 free,  1142280 used, 12099980 buff/cache
KiB Swap: 33554428 total, 32309708 free,  1244720 used. 63581572 avail Mem 
--
top - 11:06:19 up 105 days,  2:48,  0 users,  load average: 0.02, 0.51, 0.69
Tasks: 401 total,   1 running, 400 sleeping,   0 stopped,   0 zombie
%Cpu(s):  0.2 us,  0.1 sy,  0.0 ni, 99.7 id,  0.0 wa,  0.0 hi,  0.0 si,  0.0 st
KiB Mem : 65877712 total, 52533916 free,  1243816 used, 12099980 buff/cache
KiB Swap: 33554428 total, 32309708 free,  1244720 used. 63480036 avail Mem 
--
top - 11:06:24 up 105 days,  2:48,  0 users,  load average: 2.42, 1.00, 0.85
Tasks: 401 total,   2 running, 399 sleeping,   0 stopped,   0 zombie
%Cpu(s): 49.5 us,  0.6 sy,  0.0 ni, 49.9 id,  0.0 wa,  0.0 hi,  0.0 si,  0.0 st
KiB Mem : 65877712 total, 52082420 free,  1695312 used, 12099980 buff/cache
KiB Swap: 33554428 total, 32309708 free,  1244720 used. 63028540 avail Mem 
--
top - 11:06:29 up 105 days,  2:48,  0 users,  load average: 2.22, 0.98, 0.84
Tasks: 401 total,   1 running, 400 sleeping,   0 stopped,   0 zombie
%Cpu(s): 51.9 us,  0.2 sy,  0.0 ni, 47.8 id,  0.0 wa,  0.0 hi,  0.0 si,  0.0 st
KiB Mem : 65877712 total, 52162396 free,  1615336 used, 12099980 buff/cache
KiB Swap: 33554428 total, 32309708 free,  1244720 used. 63108516 avail Mem 
--
top - 11:06:34 up 105 days,  2:48,  0 users,  load average: 2.05, 0.97, 0.84
Tasks: 401 total,   1 running, 400 sleeping,   0 stopped,   0 zombie
%Cpu(s):  0.2 us,  0.1 sy,  0.0 ni, 99.7 id,  0.0 wa,  0.0 hi,  0.0 si,  0.0 st
KiB Mem : 65877712 total, 52091984 free,  1685748 used, 12099980 buff/cache
KiB Swap: 33554428 total, 32309708 free,  1244720 used. 63038104 avail Mem 
--
top - 11:06:39 up 105 days,  2:48,  0 users,  load average: 1.88, 0.95, 0.83
Tasks: 401 total,   2 running, 399 sleeping,   0 stopped,   0 zombie
%Cpu(s):  3.2 us,  0.2 sy,  0.0 ni, 96.5 id,  0.0 wa,  0.0 hi,  0.0 si,  0.0 st
KiB Mem : 65877712 total, 51936136 free,  1841592 used, 12099984 buff/cache
KiB Swap: 33554428 total, 32309708 free,  1244720 used. 62882260 avail Mem 
--
top - 11:06:44 up 105 days,  2:49,  0 users,  load average: 3.65, 1.33, 0.96
Tasks: 401 total,   2 running, 399 sleeping,   0 stopped,   0 zombie
%Cpu(s): 92.1 us,  0.4 sy,  0.0 ni,  7.5 id,  0.0 wa,  0.0 hi,  0.0 si,  0.0 st
KiB Mem : 65877712 total, 51763912 free,  2013816 used, 12099984 buff/cache
KiB Swap: 33554428 total, 32309708 free,  1244720 used. 62710036 avail Mem 
--
top - 11:06:49 up 105 days,  2:49,  0 users,  load average: 3.36, 1.31, 0.95
Tasks: 401 total,   1 running, 400 sleeping,   0 stopped,   0 zombie
%Cpu(s):  3.4 us,  0.1 sy,  0.0 ni, 96.5 id,  0.0 wa,  0.0 hi,  0.0 si,  0.0 st
KiB Mem : 65877712 total, 51950056 free,  1827672 used, 12099984 buff/cache
KiB Swap: 33554428 total, 32309708 free,  1244720 used. 62896180 avail Mem 
--
top - 11:06:54 up 105 days,  2:49,  0 users,  load average: 3.09, 1.29, 0.95
Tasks: 401 total,   1 running, 400 sleeping,   0 stopped,   0 zombie
%Cpu(s):  0.2 us,  0.2 sy,  0.0 ni, 99.5 id,  0.0 wa,  0.0 hi,  0.0 si,  0.0 st
KiB Mem : 65877712 total, 51805844 free,  1971884 used, 12099984 buff/cache
KiB Swap: 33554428 total, 32309708 free,  1244720 used. 62751968 avail Mem 
--
top - 11:06:59 up 105 days,  2:49,  0 users,  load average: 5.33, 1.78, 1.11
Tasks: 399 total,   2 running, 397 sleeping,   0 stopped,   0 zombie
%Cpu(s): 68.8 us,  1.0 sy,  0.0 ni, 30.2 id,  0.0 wa,  0.0 hi,  0.0 si,  0.0 st
KiB Mem : 65877712 total, 51565732 free,  2211996 used, 12099984 buff/cache
KiB Swap: 33554428 total, 32309708 free,  1244720 used. 62511856 avail Mem 
--
top - 11:07:04 up 105 days,  2:49,  0 users,  load average: 4.90, 1.75, 1.10
Tasks: 399 total,   2 running, 397 sleeping,   0 stopped,   0 zombie
%Cpu(s): 30.0 us,  0.2 sy,  0.0 ni, 69.9 id,  0.0 wa,  0.0 hi,  0.0 si,  0.0 st
KiB Mem : 65877712 total, 51718492 free,  2059236 used, 12099984 buff/cache
KiB Swap: 33554428 total, 32309708 free,  1244720 used. 62664616 avail Mem 
--
top - 11:07:09 up 105 days,  2:49,  0 users,  load average: 4.59, 1.74, 1.10
Tasks: 398 total,   1 running, 397 sleeping,   0 stopped,   0 zombie
%Cpu(s):  0.2 us,  0.1 sy,  0.0 ni, 99.7 id,  0.0 wa,  0.0 hi,  0.0 si,  0.0 st
KiB Mem : 65877712 total, 51620912 free,  2156816 used, 12099984 buff/cache
KiB Swap: 33554428 total, 32309708 free,  1244720 used. 62567036 avail Mem 
--
top - 11:07:14 up 105 days,  2:49,  0 users,  load average: 6.70, 2.23, 1.26
Tasks: 398 total,   2 running, 396 sleeping,   0 stopped,   0 zombie
%Cpu(s): 43.0 us,  0.6 sy,  0.0 ni, 56.4 id,  0.0 wa,  0.0 hi,  0.0 si,  0.0 st
KiB Mem : 65877712 total, 51453756 free,  2323972 used, 12099984 buff/cache
KiB Swap: 33554428 total, 32309708 free,  1244720 used. 62399384 avail Mem 
--
top - 11:07:19 up 105 days,  2:49,  0 users,  load average: 6.41, 2.24, 1.27
Tasks: 398 total,   1 running, 397 sleeping,   0 stopped,   0 zombie
%Cpu(s): 58.2 us,  0.3 sy,  0.0 ni, 41.5 id,  0.0 wa,  0.0 hi,  0.0 si,  0.0 st
KiB Mem : 65877712 total, 51504284 free,  2273444 used, 12099984 buff/cache
KiB Swap: 33554428 total, 32309708 free,  1244720 used. 62450408 avail Mem 
--
top - 11:07:24 up 105 days,  2:49,  0 users,  load average: 5.89, 2.20, 1.26
Tasks: 398 total,   1 running, 397 sleeping,   0 stopped,   0 zombie
%Cpu(s):  0.2 us,  0.1 sy,  0.0 ni, 99.7 id,  0.0 wa,  0.0 hi,  0.0 si,  0.0 st
KiB Mem : 65877712 total, 51453956 free,  2323772 used, 12099984 buff/cache
KiB Swap: 33554428 total, 32309708 free,  1244720 used. 62400080 avail Mem 
--
top - 11:07:29 up 105 days,  2:49,  0 users,  load average: 5.42, 2.17, 1.26
Tasks: 398 total,   2 running, 396 sleeping,   0 stopped,   0 zombie
%Cpu(s):  8.1 us,  0.5 sy,  0.0 ni, 91.3 id,  0.0 wa,  0.0 hi,  0.0 si,  0.0 st
KiB Mem : 65877712 total, 51285056 free,  2492672 used, 12099984 buff/cache
KiB Swap: 33554428 total, 32309708 free,  1244720 used. 62231180 avail Mem 
--
top - 11:07:34 up 105 days,  2:49,  0 users,  load average: 7.07, 2.56, 1.39
Tasks: 398 total,   3 running, 395 sleeping,   0 stopped,   0 zombie
%Cpu(s): 89.4 us,  0.5 sy,  0.0 ni, 10.1 id,  0.0 wa,  0.0 hi,  0.0 si,  0.0 st
KiB Mem : 65877712 total, 51106148 free,  2671576 used, 12099988 buff/cache
KiB Swap: 33554428 total, 32309708 free,  1244720 used. 62052276 avail Mem 
