Job id: 4753100
Worker ip: 10.149.0.55
Master ip: 10.149.0.62
--
top - 11:10:43 up 105 days,  2:53,  0 users,  load average: 0.30, 1.36, 1.13
Tasks: 399 total,   1 running, 398 sleeping,   0 stopped,   0 zombie
%Cpu(s):  3.7 us,  4.6 sy,  0.0 ni, 91.3 id,  0.0 wa,  0.0 hi,  0.4 si,  0.0 st
KiB Mem : 65877712 total, 52645380 free,  1132336 used, 12099996 buff/cache
KiB Swap: 33554428 total, 32309708 free,  1244720 used. 63591516 avail Mem 
--
top - 11:10:48 up 105 days,  2:53,  0 users,  load average: 0.27, 1.33, 1.13
Tasks: 399 total,   1 running, 398 sleeping,   0 stopped,   0 zombie
%Cpu(s):  1.7 us,  0.4 sy,  0.0 ni, 97.9 id,  0.0 wa,  0.0 hi,  0.0 si,  0.0 st
KiB Mem : 65877712 total, 52628384 free,  1142768 used, 12106560 buff/cache
KiB Swap: 33554428 total, 32309708 free,  1244720 used. 63580624 avail Mem 
--
top - 11:10:53 up 105 days,  2:53,  0 users,  load average: 0.25, 1.31, 1.12
Tasks: 399 total,   1 running, 398 sleeping,   0 stopped,   0 zombie
%Cpu(s):  0.0 us,  0.0 sy,  0.0 ni,100.0 id,  0.0 wa,  0.0 hi,  0.0 si,  0.0 st
KiB Mem : 65877712 total, 52628512 free,  1142484 used, 12106716 buff/cache
KiB Swap: 33554428 total, 32309708 free,  1244720 used. 63581276 avail Mem 
--
top - 11:10:58 up 105 days,  2:53,  0 users,  load average: 0.23, 1.29, 1.12
Tasks: 398 total,   1 running, 397 sleeping,   0 stopped,   0 zombie
%Cpu(s):  0.0 us,  0.0 sy,  0.0 ni,100.0 id,  0.0 wa,  0.0 hi,  0.0 si,  0.0 st
KiB Mem : 65877712 total, 52629320 free,  1141676 used, 12106716 buff/cache
KiB Swap: 33554428 total, 32309708 free,  1244720 used. 63582084 avail Mem 
--
top - 11:11:03 up 105 days,  2:53,  0 users,  load average: 0.21, 1.27, 1.11
Tasks: 393 total,   1 running, 392 sleeping,   0 stopped,   0 zombie
%Cpu(s):  0.0 us,  0.0 sy,  0.0 ni,100.0 id,  0.0 wa,  0.0 hi,  0.0 si,  0.0 st
KiB Mem : 65877712 total, 52630188 free,  1140808 used, 12106716 buff/cache
KiB Swap: 33554428 total, 32309708 free,  1244720 used. 63582952 avail Mem 
--
top - 11:11:08 up 105 days,  2:53,  0 users,  load average: 0.20, 1.25, 1.10
Tasks: 393 total,   1 running, 392 sleeping,   0 stopped,   0 zombie
%Cpu(s):  0.0 us,  0.0 sy,  0.0 ni,100.0 id,  0.0 wa,  0.0 hi,  0.0 si,  0.0 st
KiB Mem : 65877712 total, 52630560 free,  1140436 used, 12106716 buff/cache
KiB Swap: 33554428 total, 32309708 free,  1244720 used. 63583324 avail Mem 
--
top - 11:11:13 up 105 days,  2:53,  0 users,  load average: 0.18, 1.23, 1.10
Tasks: 394 total,   1 running, 393 sleeping,   0 stopped,   0 zombie
%Cpu(s):  0.0 us,  0.0 sy,  0.0 ni, 99.9 id,  0.0 wa,  0.0 hi,  0.0 si,  0.0 st
KiB Mem : 65877712 total, 52631408 free,  1139588 used, 12106716 buff/cache
KiB Swap: 33554428 total, 32309708 free,  1244720 used. 63584172 avail Mem 
--
top - 11:11:18 up 105 days,  2:53,  0 users,  load average: 0.17, 1.21, 1.09
Tasks: 394 total,   1 running, 393 sleeping,   0 stopped,   0 zombie
%Cpu(s):  0.0 us,  0.0 sy,  0.0 ni,100.0 id,  0.0 wa,  0.0 hi,  0.0 si,  0.0 st
KiB Mem : 65877712 total, 52632400 free,  1138596 used, 12106716 buff/cache
KiB Swap: 33554428 total, 32309708 free,  1244720 used. 63585164 avail Mem 
--
top - 11:11:23 up 105 days,  2:53,  0 users,  load average: 0.15, 1.19, 1.09
Tasks: 394 total,   1 running, 393 sleeping,   0 stopped,   0 zombie
%Cpu(s):  0.0 us,  0.0 sy,  0.0 ni,100.0 id,  0.0 wa,  0.0 hi,  0.0 si,  0.0 st
KiB Mem : 65877712 total, 52632136 free,  1138860 used, 12106716 buff/cache
KiB Swap: 33554428 total, 32309708 free,  1244720 used. 63584900 avail Mem 
--
top - 11:11:28 up 105 days,  2:53,  0 users,  load average: 0.14, 1.17, 1.08
Tasks: 394 total,   1 running, 393 sleeping,   0 stopped,   0 zombie
%Cpu(s):  0.1 us,  0.0 sy,  0.0 ni, 99.9 id,  0.0 wa,  0.0 hi,  0.0 si,  0.0 st
KiB Mem : 65877712 total, 52607600 free,  1163396 used, 12106716 buff/cache
KiB Swap: 33554428 total, 32309708 free,  1244720 used. 63560364 avail Mem 
--
top - 11:11:33 up 105 days,  2:53,  0 users,  load average: 0.13, 1.15, 1.07
Tasks: 394 total,   1 running, 393 sleeping,   0 stopped,   0 zombie
%Cpu(s):  0.1 us,  0.0 sy,  0.0 ni, 99.9 id,  0.0 wa,  0.0 hi,  0.0 si,  0.0 st
KiB Mem : 65877712 total, 52568644 free,  1202352 used, 12106716 buff/cache
KiB Swap: 33554428 total, 32309708 free,  1244720 used. 63521408 avail Mem 
--
top - 11:11:39 up 105 days,  2:53,  0 users,  load average: 0.12, 1.13, 1.07
Tasks: 394 total,   1 running, 393 sleeping,   0 stopped,   0 zombie
%Cpu(s):  0.1 us,  0.0 sy,  0.0 ni, 99.7 id,  0.1 wa,  0.0 hi,  0.0 si,  0.0 st
KiB Mem : 65877712 total, 52533052 free,  1237940 used, 12106720 buff/cache
KiB Swap: 33554428 total, 32309708 free,  1244720 used. 63485816 avail Mem 
--
top - 11:11:44 up 105 days,  2:54,  0 users,  load average: 0.11, 1.11, 1.06
Tasks: 394 total,   1 running, 393 sleeping,   0 stopped,   0 zombie
%Cpu(s):  0.1 us,  0.1 sy,  0.0 ni, 99.8 id,  0.0 wa,  0.0 hi,  0.0 si,  0.0 st
KiB Mem : 65877712 total, 52477708 free,  1293284 used, 12106720 buff/cache
KiB Swap: 33554428 total, 32309708 free,  1244720 used. 63430476 avail Mem 
--
top - 11:11:49 up 105 days,  2:54,  0 users,  load average: 0.10, 1.09, 1.06
Tasks: 394 total,   1 running, 393 sleeping,   0 stopped,   0 zombie
%Cpu(s):  0.1 us,  0.0 sy,  0.0 ni, 99.9 id,  0.0 wa,  0.0 hi,  0.0 si,  0.0 st
KiB Mem : 65877712 total, 52440108 free,  1330884 used, 12106720 buff/cache
KiB Swap: 33554428 total, 32309708 free,  1244720 used. 63392876 avail Mem 
--
top - 11:11:54 up 105 days,  2:54,  0 users,  load average: 0.09, 1.07, 1.05
Tasks: 395 total,   1 running, 394 sleeping,   0 stopped,   0 zombie
%Cpu(s):  0.1 us,  0.1 sy,  0.0 ni, 99.9 id,  0.0 wa,  0.0 hi,  0.0 si,  0.0 st
KiB Mem : 65877712 total, 52393368 free,  1377624 used, 12106720 buff/cache
KiB Swap: 33554428 total, 32309708 free,  1244720 used. 63346136 avail Mem 
--
top - 11:11:59 up 105 days,  2:54,  0 users,  load average: 0.09, 1.06, 1.04
Tasks: 395 total,   1 running, 394 sleeping,   0 stopped,   0 zombie
%Cpu(s):  0.1 us,  0.0 sy,  0.0 ni, 99.9 id,  0.0 wa,  0.0 hi,  0.0 si,  0.0 st
KiB Mem : 65877712 total, 52387264 free,  1383728 used, 12106720 buff/cache
KiB Swap: 33554428 total, 32309708 free,  1244720 used. 63340032 avail Mem 
--
top - 11:12:04 up 105 days,  2:54,  0 users,  load average: 2.24, 1.49, 1.18
Tasks: 399 total,   2 running, 397 sleeping,   0 stopped,   0 zombie
%Cpu(s): 89.0 us,  1.0 sy,  0.0 ni,  9.9 id,  0.0 wa,  0.0 hi,  0.0 si,  0.0 st
KiB Mem : 65877712 total, 51943720 free,  1827268 used, 12106724 buff/cache
KiB Swap: 33554428 total, 32309708 free,  1244720 used. 62896492 avail Mem 
--
top - 11:12:09 up 105 days,  2:54,  0 users,  load average: 2.06, 1.46, 1.18
Tasks: 400 total,   1 running, 399 sleeping,   0 stopped,   0 zombie
%Cpu(s): 14.0 us,  0.0 sy,  0.0 ni, 85.9 id,  0.0 wa,  0.0 hi,  0.0 si,  0.0 st
KiB Mem : 65877712 total, 51888176 free,  1882812 used, 12106724 buff/cache
KiB Swap: 33554428 total, 32309708 free,  1244720 used. 62840948 avail Mem 
--
top - 11:12:14 up 105 days,  2:54,  0 users,  load average: 1.90, 1.44, 1.17
Tasks: 400 total,   1 running, 399 sleeping,   0 stopped,   0 zombie
%Cpu(s):  0.0 us,  0.1 sy,  0.0 ni, 99.9 id,  0.0 wa,  0.0 hi,  0.0 si,  0.0 st
KiB Mem : 65877712 total, 52148824 free,  1622164 used, 12106724 buff/cache
KiB Swap: 33554428 total, 32309708 free,  1244720 used. 63101596 avail Mem 
--
top - 11:12:19 up 105 days,  2:54,  0 users,  load average: 1.74, 1.41, 1.17
Tasks: 400 total,   1 running, 399 sleeping,   0 stopped,   0 zombie
%Cpu(s):  0.0 us,  0.0 sy,  0.0 ni,100.0 id,  0.0 wa,  0.0 hi,  0.0 si,  0.0 st
KiB Mem : 65877712 total, 52149336 free,  1621652 used, 12106724 buff/cache
KiB Swap: 33554428 total, 32309708 free,  1244720 used. 63102108 avail Mem 
--
top - 11:12:24 up 105 days,  2:54,  0 users,  load average: 1.60, 1.39, 1.16
Tasks: 400 total,   1 running, 399 sleeping,   0 stopped,   0 zombie
%Cpu(s):  0.1 us,  0.1 sy,  0.0 ni, 99.9 id,  0.0 wa,  0.0 hi,  0.0 si,  0.0 st
KiB Mem : 65877712 total, 52122108 free,  1648880 used, 12106724 buff/cache
KiB Swap: 33554428 total, 32309708 free,  1244720 used. 63074880 avail Mem 
--
top - 11:12:29 up 105 days,  2:54,  0 users,  load average: 1.48, 1.37, 1.15
Tasks: 400 total,   1 running, 399 sleeping,   0 stopped,   0 zombie
%Cpu(s):  0.1 us,  0.1 sy,  0.0 ni, 99.9 id,  0.0 wa,  0.0 hi,  0.0 si,  0.0 st
KiB Mem : 65877712 total, 52085372 free,  1685616 used, 12106724 buff/cache
KiB Swap: 33554428 total, 32309708 free,  1244720 used. 63038144 avail Mem 
--
top - 11:12:34 up 105 days,  2:54,  0 users,  load average: 1.36, 1.34, 1.15
Tasks: 400 total,   1 running, 399 sleeping,   0 stopped,   0 zombie
%Cpu(s):  0.1 us,  0.0 sy,  0.0 ni, 99.9 id,  0.0 wa,  0.0 hi,  0.0 si,  0.0 st
KiB Mem : 65877712 total, 52049656 free,  1721328 used, 12106728 buff/cache
KiB Swap: 33554428 total, 32309708 free,  1244720 used. 63002428 avail Mem 
--
top - 11:12:39 up 105 days,  2:54,  0 users,  load average: 1.25, 1.32, 1.14
Tasks: 400 total,   1 running, 399 sleeping,   0 stopped,   0 zombie
%Cpu(s):  0.1 us,  0.0 sy,  0.0 ni, 99.9 id,  0.0 wa,  0.0 hi,  0.0 si,  0.0 st
KiB Mem : 65877712 total, 52016600 free,  1754384 used, 12106728 buff/cache
KiB Swap: 33554428 total, 32309708 free,  1244720 used. 62969376 avail Mem 
--
top - 11:12:44 up 105 days,  2:55,  0 users,  load average: 1.15, 1.30, 1.13
Tasks: 400 total,   1 running, 399 sleeping,   0 stopped,   0 zombie
%Cpu(s):  0.1 us,  0.1 sy,  0.0 ni, 99.8 id,  0.0 wa,  0.0 hi,  0.0 si,  0.0 st
KiB Mem : 65877712 total, 51972108 free,  1798876 used, 12106728 buff/cache
KiB Swap: 33554428 total, 32309708 free,  1244720 used. 62924884 avail Mem 
--
top - 11:12:49 up 105 days,  2:55,  0 users,  load average: 1.06, 1.28, 1.13
Tasks: 400 total,   1 running, 399 sleeping,   0 stopped,   0 zombie
%Cpu(s):  0.1 us,  0.1 sy,  0.0 ni, 99.9 id,  0.0 wa,  0.0 hi,  0.0 si,  0.0 st
KiB Mem : 65877712 total, 51948136 free,  1822848 used, 12106728 buff/cache
KiB Swap: 33554428 total, 32309708 free,  1244720 used. 62900912 avail Mem 
--
top - 11:12:54 up 105 days,  2:55,  0 users,  load average: 0.97, 1.26, 1.12
Tasks: 400 total,   1 running, 399 sleeping,   0 stopped,   0 zombie
%Cpu(s):  0.1 us,  0.1 sy,  0.0 ni, 99.9 id,  0.0 wa,  0.0 hi,  0.0 si,  0.0 st
KiB Mem : 65877712 total, 51902316 free,  1868668 used, 12106728 buff/cache
KiB Swap: 33554428 total, 32309708 free,  1244720 used. 62855092 avail Mem 
--
top - 11:12:59 up 105 days,  2:55,  0 users,  load average: 3.22, 1.72, 1.27
Tasks: 399 total,   1 running, 398 sleeping,   0 stopped,   0 zombie
%Cpu(s): 83.6 us,  0.7 sy,  0.0 ni, 15.6 id,  0.0 wa,  0.0 hi,  0.0 si,  0.0 st
KiB Mem : 65877712 total, 51715744 free,  2055240 used, 12106728 buff/cache
KiB Swap: 33554428 total, 32309708 free,  1244720 used. 62668520 avail Mem 
--
top - 11:13:04 up 105 days,  2:55,  0 users,  load average: 2.96, 1.69, 1.27
Tasks: 399 total,   1 running, 398 sleeping,   0 stopped,   0 zombie
%Cpu(s): 18.2 us,  0.1 sy,  0.0 ni, 81.7 id,  0.0 wa,  0.0 hi,  0.0 si,  0.0 st
KiB Mem : 65877712 total, 51909524 free,  1861460 used, 12106728 buff/cache
KiB Swap: 33554428 total, 32309708 free,  1244720 used. 62862300 avail Mem 
--
top - 11:13:09 up 105 days,  2:55,  0 users,  load average: 2.72, 1.66, 1.26
Tasks: 399 total,   1 running, 398 sleeping,   0 stopped,   0 zombie
%Cpu(s):  0.0 us,  0.0 sy,  0.0 ni,100.0 id,  0.0 wa,  0.0 hi,  0.0 si,  0.0 st
KiB Mem : 65877712 total, 51912460 free,  1858524 used, 12106728 buff/cache
KiB Swap: 33554428 total, 32309708 free,  1244720 used. 62865236 avail Mem 
--
top - 11:13:14 up 105 days,  2:55,  0 users,  load average: 2.50, 1.63, 1.25
Tasks: 399 total,   1 running, 398 sleeping,   0 stopped,   0 zombie
%Cpu(s):  0.0 us,  0.0 sy,  0.0 ni,100.0 id,  0.0 wa,  0.0 hi,  0.0 si,  0.0 st
KiB Mem : 65877712 total, 51912708 free,  1858276 used, 12106728 buff/cache
KiB Swap: 33554428 total, 32309708 free,  1244720 used. 62865484 avail Mem 
--
top - 11:13:19 up 105 days,  2:55,  0 users,  load average: 2.30, 1.61, 1.24
Tasks: 398 total,   1 running, 397 sleeping,   0 stopped,   0 zombie
%Cpu(s):  0.0 us,  0.0 sy,  0.0 ni, 99.9 id,  0.0 wa,  0.0 hi,  0.0 si,  0.0 st
KiB Mem : 65877712 total, 51894956 free,  1876028 used, 12106728 buff/cache
KiB Swap: 33554428 total, 32309708 free,  1244720 used. 62847732 avail Mem 
--
top - 11:13:24 up 105 days,  2:55,  0 users,  load average: 2.12, 1.58, 1.24
Tasks: 398 total,   1 running, 397 sleeping,   0 stopped,   0 zombie
%Cpu(s):  0.1 us,  0.1 sy,  0.0 ni, 99.9 id,  0.0 wa,  0.0 hi,  0.0 si,  0.0 st
KiB Mem : 65877712 total, 51857324 free,  1913660 used, 12106728 buff/cache
KiB Swap: 33554428 total, 32309708 free,  1244720 used. 62810100 avail Mem 
--
top - 11:13:29 up 105 days,  2:55,  0 users,  load average: 1.95, 1.55, 1.23
Tasks: 398 total,   1 running, 397 sleeping,   0 stopped,   0 zombie
%Cpu(s):  0.1 us,  0.0 sy,  0.0 ni, 99.9 id,  0.0 wa,  0.0 hi,  0.0 si,  0.0 st
KiB Mem : 65877712 total, 51820904 free,  1950076 used, 12106732 buff/cache
KiB Swap: 33554428 total, 32309708 free,  1244720 used. 62773680 avail Mem 
--
top - 11:13:34 up 105 days,  2:55,  0 users,  load average: 1.79, 1.53, 1.22
Tasks: 398 total,   1 running, 397 sleeping,   0 stopped,   0 zombie
%Cpu(s):  0.1 us,  0.1 sy,  0.0 ni, 99.9 id,  0.0 wa,  0.0 hi,  0.0 si,  0.0 st
KiB Mem : 65877712 total, 51796552 free,  1974428 used, 12106732 buff/cache
KiB Swap: 33554428 total, 32309708 free,  1244720 used. 62749332 avail Mem 
--
top - 11:13:39 up 105 days,  2:55,  0 users,  load average: 1.65, 1.50, 1.22
Tasks: 398 total,   1 running, 397 sleeping,   0 stopped,   0 zombie
%Cpu(s):  0.1 us,  0.1 sy,  0.0 ni, 99.9 id,  0.0 wa,  0.0 hi,  0.0 si,  0.0 st
KiB Mem : 65877712 total, 51758672 free,  2012308 used, 12106732 buff/cache
KiB Swap: 33554428 total, 32309708 free,  1244720 used. 62711452 avail Mem 
--
top - 11:13:44 up 105 days,  2:56,  0 users,  load average: 1.52, 1.48, 1.21
Tasks: 398 total,   1 running, 397 sleeping,   0 stopped,   0 zombie
%Cpu(s):  0.1 us,  0.1 sy,  0.0 ni, 99.8 id,  0.0 wa,  0.0 hi,  0.0 si,  0.0 st
KiB Mem : 65877712 total, 51725148 free,  2045832 used, 12106732 buff/cache
KiB Swap: 33554428 total, 32309708 free,  1244720 used. 62677928 avail Mem 
--
top - 11:13:49 up 105 days,  2:56,  0 users,  load average: 1.40, 1.45, 1.20
Tasks: 398 total,   1 running, 397 sleeping,   0 stopped,   0 zombie
%Cpu(s):  0.1 us,  0.1 sy,  0.0 ni, 99.9 id,  0.0 wa,  0.0 hi,  0.0 si,  0.0 st
KiB Mem : 65877712 total, 51684896 free,  2086084 used, 12106732 buff/cache
KiB Swap: 33554428 total, 32309708 free,  1244720 used. 62637676 avail Mem 
--
top - 11:13:54 up 105 days,  2:56,  0 users,  load average: 1.28, 1.43, 1.20
Tasks: 398 total,   1 running, 397 sleeping,   0 stopped,   0 zombie
%Cpu(s):  0.1 us,  0.1 sy,  0.0 ni, 99.8 id,  0.0 wa,  0.0 hi,  0.0 si,  0.0 st
KiB Mem : 65877712 total, 51627436 free,  2143544 used, 12106732 buff/cache
KiB Swap: 33554428 total, 32309708 free,  1244720 used. 62580216 avail Mem 
--
top - 11:13:59 up 105 days,  2:56,  0 users,  load average: 3.34, 1.85, 1.34
Tasks: 398 total,   2 running, 396 sleeping,   0 stopped,   0 zombie
%Cpu(s): 91.7 us,  1.0 sy,  0.0 ni,  7.2 id,  0.0 wa,  0.0 hi,  0.0 si,  0.0 st
KiB Mem : 65877712 total, 51426500 free,  2344480 used, 12106732 buff/cache
KiB Swap: 33554428 total, 32309708 free,  1244720 used. 62379280 avail Mem 
--
top - 11:14:04 up 105 days,  2:56,  0 users,  load average: 3.08, 1.82, 1.33
Tasks: 402 total,   1 running, 401 sleeping,   0 stopped,   0 zombie
%Cpu(s):  7.7 us,  0.3 sy,  0.0 ni, 91.6 id,  0.4 wa,  0.0 hi,  0.0 si,  0.0 st
KiB Mem : 65877712 total, 51683820 free,  2087152 used, 12106740 buff/cache
KiB Swap: 33554428 total, 32309708 free,  1244720 used. 62636604 avail Mem 
--
top - 11:14:09 up 105 days,  2:56,  0 users,  load average: 2.83, 1.79, 1.32
Tasks: 402 total,   1 running, 401 sleeping,   0 stopped,   0 zombie
%Cpu(s):  0.0 us,  0.0 sy,  0.0 ni,100.0 id,  0.0 wa,  0.0 hi,  0.0 si,  0.0 st
KiB Mem : 65877712 total, 51683404 free,  2087568 used, 12106740 buff/cache
KiB Swap: 33554428 total, 32309708 free,  1244720 used. 62636188 avail Mem 
--
top - 11:14:14 up 105 days,  2:56,  0 users,  load average: 2.60, 1.76, 1.32
Tasks: 402 total,   1 running, 401 sleeping,   0 stopped,   0 zombie
%Cpu(s):  0.0 us,  0.0 sy,  0.0 ni,100.0 id,  0.0 wa,  0.0 hi,  0.0 si,  0.0 st
KiB Mem : 65877712 total, 51682544 free,  2088428 used, 12106740 buff/cache
KiB Swap: 33554428 total, 32309708 free,  1244720 used. 62635328 avail Mem 
--
top - 11:14:19 up 105 days,  2:56,  0 users,  load average: 2.39, 1.73, 1.31
Tasks: 402 total,   1 running, 401 sleeping,   0 stopped,   0 zombie
%Cpu(s):  0.1 us,  0.1 sy,  0.0 ni, 99.8 id,  0.0 wa,  0.0 hi,  0.0 si,  0.0 st
KiB Mem : 65877712 total, 51649516 free,  2121452 used, 12106744 buff/cache
KiB Swap: 33554428 total, 32309708 free,  1244720 used. 62602304 avail Mem 
--
top - 11:14:24 up 105 days,  2:56,  0 users,  load average: 2.20, 1.70, 1.30
Tasks: 402 total,   1 running, 401 sleeping,   0 stopped,   0 zombie
%Cpu(s):  0.1 us,  0.1 sy,  0.0 ni, 99.9 id,  0.0 wa,  0.0 hi,  0.0 si,  0.0 st
KiB Mem : 65877712 total, 51618584 free,  2152384 used, 12106744 buff/cache
KiB Swap: 33554428 total, 32309708 free,  1244720 used. 62571372 avail Mem 
--
top - 11:14:29 up 105 days,  2:56,  0 users,  load average: 2.03, 1.68, 1.29
Tasks: 402 total,   1 running, 401 sleeping,   0 stopped,   0 zombie
%Cpu(s):  0.1 us,  0.1 sy,  0.0 ni, 99.9 id,  0.0 wa,  0.0 hi,  0.0 si,  0.0 st
KiB Mem : 65877712 total, 51579520 free,  2191448 used, 12106744 buff/cache
KiB Swap: 33554428 total, 32309708 free,  1244720 used. 62532308 avail Mem 
--
top - 11:14:34 up 105 days,  2:56,  0 users,  load average: 1.86, 1.65, 1.29
Tasks: 402 total,   1 running, 401 sleeping,   0 stopped,   0 zombie
%Cpu(s):  0.1 us,  0.1 sy,  0.0 ni, 99.9 id,  0.0 wa,  0.0 hi,  0.0 si,  0.0 st
KiB Mem : 65877712 total, 51552052 free,  2218916 used, 12106744 buff/cache
KiB Swap: 33554428 total, 32309708 free,  1244720 used. 62504840 avail Mem 
--
top - 11:14:39 up 105 days,  2:56,  0 users,  load average: 1.71, 1.62, 1.28
Tasks: 402 total,   1 running, 401 sleeping,   0 stopped,   0 zombie
%Cpu(s):  0.1 us,  0.1 sy,  0.0 ni, 99.9 id,  0.0 wa,  0.0 hi,  0.0 si,  0.0 st
KiB Mem : 65877712 total, 51518444 free,  2252524 used, 12106744 buff/cache
KiB Swap: 33554428 total, 32309708 free,  1244720 used. 62471232 avail Mem 
--
top - 11:14:44 up 105 days,  2:57,  0 users,  load average: 1.58, 1.59, 1.27
Tasks: 402 total,   1 running, 401 sleeping,   0 stopped,   0 zombie
%Cpu(s):  0.1 us,  0.1 sy,  0.0 ni, 99.8 id,  0.0 wa,  0.0 hi,  0.0 si,  0.0 st
KiB Mem : 65877712 total, 51473872 free,  2297096 used, 12106744 buff/cache
KiB Swap: 33554428 total, 32309708 free,  1244720 used. 62426660 avail Mem 
--
top - 11:14:49 up 105 days,  2:57,  0 users,  load average: 1.45, 1.57, 1.27
Tasks: 402 total,   1 running, 401 sleeping,   0 stopped,   0 zombie
%Cpu(s):  0.1 us,  0.1 sy,  0.0 ni, 99.8 id,  0.0 wa,  0.0 hi,  0.0 si,  0.0 st
KiB Mem : 65877712 total, 51421500 free,  2349468 used, 12106744 buff/cache
KiB Swap: 33554428 total, 32309708 free,  1244720 used. 62374288 avail Mem 
--
top - 11:14:54 up 105 days,  2:57,  0 users,  load average: 3.74, 2.04, 1.42
Tasks: 402 total,   2 running, 400 sleeping,   0 stopped,   0 zombie
%Cpu(s): 77.8 us,  0.4 sy,  0.0 ni, 21.8 id,  0.0 wa,  0.0 hi,  0.0 si,  0.0 st
KiB Mem : 65877712 total, 51274184 free,  2496784 used, 12106744 buff/cache
KiB Swap: 33554428 total, 32309708 free,  1244720 used. 62226972 avail Mem 
--
top - 11:14:59 up 105 days,  2:57,  0 users,  load average: 3.44, 2.01, 1.41
Tasks: 403 total,   1 running, 402 sleeping,   0 stopped,   0 zombie
%Cpu(s): 21.7 us,  0.2 sy,  0.0 ni, 78.1 id,  0.0 wa,  0.0 hi,  0.0 si,  0.0 st
KiB Mem : 65877712 total, 51236300 free,  2534668 used, 12106744 buff/cache
KiB Swap: 33554428 total, 32309708 free,  1244720 used. 62189088 avail Mem 
--
top - 11:15:04 up 105 days,  2:57,  0 users,  load average: 3.16, 1.97, 1.41
Tasks: 402 total,   1 running, 401 sleeping,   0 stopped,   0 zombie
%Cpu(s):  0.0 us,  0.1 sy,  0.0 ni, 99.9 id,  0.0 wa,  0.0 hi,  0.0 si,  0.0 st
KiB Mem : 65877712 total, 51484584 free,  2286384 used, 12106744 buff/cache
KiB Swap: 33554428 total, 32309708 free,  1244720 used. 62437356 avail Mem 
--
top - 11:15:09 up 105 days,  2:57,  0 users,  load average: 2.91, 1.94, 1.40
Tasks: 402 total,   1 running, 401 sleeping,   0 stopped,   0 zombie
%Cpu(s):  0.0 us,  0.0 sy,  0.0 ni,100.0 id,  0.0 wa,  0.0 hi,  0.0 si,  0.0 st
KiB Mem : 65877712 total, 51483156 free,  2287812 used, 12106744 buff/cache
KiB Swap: 33554428 total, 32309708 free,  1244720 used. 62435944 avail Mem 
--
top - 11:15:14 up 105 days,  2:57,  0 users,  load average: 2.68, 1.91, 1.39
Tasks: 399 total,   1 running, 398 sleeping,   0 stopped,   0 zombie
%Cpu(s):  0.1 us,  0.1 sy,  0.0 ni, 99.8 id,  0.0 wa,  0.0 hi,  0.0 si,  0.0 st
KiB Mem : 65877712 total, 51450764 free,  2320200 used, 12106748 buff/cache
KiB Swap: 33554428 total, 32309708 free,  1244720 used. 62403556 avail Mem 
--
top - 11:15:19 up 105 days,  2:57,  0 users,  load average: 2.46, 1.88, 1.38
Tasks: 399 total,   1 running, 398 sleeping,   0 stopped,   0 zombie
%Cpu(s):  0.1 us,  0.0 sy,  0.0 ni, 99.9 id,  0.0 wa,  0.0 hi,  0.0 si,  0.0 st
KiB Mem : 65877712 total, 51419424 free,  2351540 used, 12106748 buff/cache
KiB Swap: 33554428 total, 32309708 free,  1244720 used. 62372216 avail Mem 
--
top - 11:15:24 up 105 days,  2:57,  0 users,  load average: 2.26, 1.85, 1.38
Tasks: 399 total,   1 running, 398 sleeping,   0 stopped,   0 zombie
%Cpu(s):  0.1 us,  0.1 sy,  0.0 ni, 99.8 id,  0.0 wa,  0.0 hi,  0.0 si,  0.0 st
KiB Mem : 65877712 total, 51384960 free,  2386004 used, 12106748 buff/cache
KiB Swap: 33554428 total, 32309708 free,  1244720 used. 62337752 avail Mem 
--
top - 11:15:29 up 105 days,  2:57,  0 users,  load average: 2.08, 1.81, 1.37
Tasks: 399 total,   1 running, 398 sleeping,   0 stopped,   0 zombie
%Cpu(s):  0.1 us,  0.1 sy,  0.0 ni, 99.9 id,  0.0 wa,  0.0 hi,  0.0 si,  0.0 st
KiB Mem : 65877712 total, 51351856 free,  2419108 used, 12106748 buff/cache
KiB Swap: 33554428 total, 32309708 free,  1244720 used. 62304648 avail Mem 
--
top - 11:15:35 up 105 days,  2:57,  0 users,  load average: 1.92, 1.78, 1.36
Tasks: 399 total,   1 running, 398 sleeping,   0 stopped,   0 zombie
%Cpu(s):  0.1 us,  0.1 sy,  0.0 ni, 99.8 id,  0.0 wa,  0.0 hi,  0.0 si,  0.0 st
KiB Mem : 65877712 total, 51308576 free,  2462388 used, 12106748 buff/cache
KiB Swap: 33554428 total, 32309708 free,  1244720 used. 62261368 avail Mem 
--
top - 11:15:40 up 105 days,  2:57,  0 users,  load average: 1.76, 1.75, 1.35
Tasks: 399 total,   1 running, 398 sleeping,   0 stopped,   0 zombie
%Cpu(s):  0.1 us,  0.0 sy,  0.0 ni, 99.9 id,  0.0 wa,  0.0 hi,  0.0 si,  0.0 st
KiB Mem : 65877712 total, 51288080 free,  2482884 used, 12106748 buff/cache
KiB Swap: 33554428 total, 32309708 free,  1244720 used. 62240872 avail Mem 
--
top - 11:15:45 up 105 days,  2:58,  0 users,  load average: 1.62, 1.72, 1.35
Tasks: 399 total,   1 running, 398 sleeping,   0 stopped,   0 zombie
%Cpu(s):  0.1 us,  0.1 sy,  0.0 ni, 99.8 id,  0.0 wa,  0.0 hi,  0.0 si,  0.0 st
KiB Mem : 65877712 total, 51237324 free,  2533640 used, 12106748 buff/cache
KiB Swap: 33554428 total, 32309708 free,  1244720 used. 62190116 avail Mem 
--
top - 11:15:50 up 105 days,  2:58,  0 users,  load average: 1.49, 1.70, 1.34
Tasks: 399 total,   2 running, 397 sleeping,   0 stopped,   0 zombie
%Cpu(s): 36.2 us,  0.5 sy,  0.0 ni, 63.3 id,  0.0 wa,  0.0 hi,  0.0 si,  0.0 st
KiB Mem : 65877712 total, 51102540 free,  2668424 used, 12106748 buff/cache
KiB Swap: 33554428 total, 32309708 free,  1244720 used. 62055332 avail Mem 
--
top - 11:15:55 up 105 days,  2:58,  0 users,  load average: 2.81, 1.97, 1.43
Tasks: 399 total,   1 running, 398 sleeping,   0 stopped,   0 zombie
%Cpu(s): 59.8 us,  0.6 sy,  0.0 ni, 39.6 id,  0.0 wa,  0.0 hi,  0.0 si,  0.0 st
KiB Mem : 65877712 total, 50963216 free,  2807748 used, 12106748 buff/cache
KiB Swap: 33554428 total, 32309708 free,  1244720 used. 61916008 avail Mem 
