10.149.0.39
2023/12/27 11:10:45 Master node address: http://10.149.0.62:8000
2023/12/27 11:10:45 Benchmarking worker...
2023/12/27 11:10:46 Worker registered (1831 MCUPS). Waiting for work...
2023/12/27 11:11:59 Got work. Start calculating alignments...
2023/12/27 11:11:59 Calculating 1994 queries
2023/12/27 11:12:07 Done calculating alignments.
2023/12/27 11:12:07 Waiting for work...
2023/12/27 11:12:57 Got work. Start calculating alignments...
2023/12/27 11:12:57 Calculating 1992 queries
2023/12/27 11:13:05 Done calculating alignments.
2023/12/27 11:13:05 Waiting for work...
2023/12/27 11:13:54 Got work. Start calculating alignments...
2023/12/27 11:13:54 Calculating 1994 queries
2023/12/27 11:14:03 Done calculating alignments.
2023/12/27 11:14:03 Waiting for work...
2023/12/27 11:14:48 Got work. Start calculating alignments...
2023/12/27 11:14:48 Calculating 1994 queries
2023/12/27 11:14:56 Done calculating alignments.
2023/12/27 11:14:56 Waiting for work...
2023/12/27 11:15:48 Got work. Start calculating alignments...
2023/12/27 11:15:48 Calculating 1994 queries
2023/12/27 11:15:56 Done calculating alignments.
2023/12/27 11:15:56 Waiting for work...
slurmstepd: error: *** JOB 4753109 ON node039 CANCELLED AT 2023-12-27T11:15:58 ***
