Job id: 4753138
Worker ip: 10.149.0.62
Master ip: 10.149.0.59
--
top - 11:18:53 up 105 days,  3:01,  0 users,  load average: 0.08, 0.66, 0.85
Tasks: 403 total,   1 running, 402 sleeping,   0 stopped,   0 zombie
%Cpu(s):  3.2 us,  5.0 sy,  0.0 ni, 91.4 id,  0.2 wa,  0.0 hi,  0.2 si,  0.0 st
KiB Mem : 65877712 total, 53365464 free,  1115860 used, 11396388 buff/cache
KiB Swap: 33554428 total, 32224688 free,  1329740 used. 63561524 avail Mem 
--
top - 11:18:58 up 105 days,  3:01,  0 users,  load average: 0.07, 0.65, 0.85
Tasks: 404 total,   1 running, 403 sleeping,   0 stopped,   0 zombie
%Cpu(s):  1.6 us,  0.4 sy,  0.0 ni, 98.0 id,  0.0 wa,  0.0 hi,  0.0 si,  0.0 st
KiB Mem : 65877712 total, 53347200 free,  1127412 used, 11403100 buff/cache
KiB Swap: 33554428 total, 32224688 free,  1329740 used. 63549900 avail Mem 
--
top - 11:19:03 up 105 days,  3:01,  0 users,  load average: 0.07, 0.64, 0.84
Tasks: 401 total,   1 running, 400 sleeping,   0 stopped,   0 zombie
%Cpu(s):  0.0 us,  0.0 sy,  0.0 ni,100.0 id,  0.0 wa,  0.0 hi,  0.0 si,  0.0 st
KiB Mem : 65877712 total, 53348612 free,  1126000 used, 11403100 buff/cache
KiB Swap: 33554428 total, 32224688 free,  1329740 used. 63551332 avail Mem 
--
top - 11:19:08 up 105 days,  3:01,  0 users,  load average: 0.06, 0.63, 0.84
Tasks: 400 total,   1 running, 399 sleeping,   0 stopped,   0 zombie
%Cpu(s):  0.0 us,  0.0 sy,  0.0 ni, 99.9 id,  0.0 wa,  0.0 hi,  0.0 si,  0.0 st
KiB Mem : 65877712 total, 53349592 free,  1125020 used, 11403100 buff/cache
KiB Swap: 33554428 total, 32224688 free,  1329740 used. 63552312 avail Mem 
--
top - 11:19:13 up 105 days,  3:01,  0 users,  load average: 0.06, 0.62, 0.83
Tasks: 400 total,   1 running, 399 sleeping,   0 stopped,   0 zombie
%Cpu(s):  0.0 us,  0.0 sy,  0.0 ni,100.0 id,  0.0 wa,  0.0 hi,  0.0 si,  0.0 st
KiB Mem : 65877712 total, 53350552 free,  1124060 used, 11403100 buff/cache
KiB Swap: 33554428 total, 32224688 free,  1329740 used. 63553272 avail Mem 
--
top - 11:19:18 up 105 days,  3:01,  0 users,  load average: 0.05, 0.60, 0.83
Tasks: 400 total,   1 running, 399 sleeping,   0 stopped,   0 zombie
%Cpu(s):  0.0 us,  0.0 sy,  0.0 ni,100.0 id,  0.0 wa,  0.0 hi,  0.0 si,  0.0 st
KiB Mem : 65877712 total, 53351724 free,  1122888 used, 11403100 buff/cache
KiB Swap: 33554428 total, 32224688 free,  1329740 used. 63554444 avail Mem 
--
top - 11:19:23 up 105 days,  3:01,  0 users,  load average: 0.05, 0.59, 0.82
Tasks: 400 total,   1 running, 399 sleeping,   0 stopped,   0 zombie
%Cpu(s):  0.0 us,  0.0 sy,  0.0 ni,100.0 id,  0.0 wa,  0.0 hi,  0.0 si,  0.0 st
KiB Mem : 65877712 total, 53351956 free,  1122656 used, 11403100 buff/cache
KiB Swap: 33554428 total, 32224688 free,  1329740 used. 63554676 avail Mem 
--
top - 11:19:28 up 105 days,  3:01,  0 users,  load average: 0.04, 0.58, 0.82
Tasks: 400 total,   1 running, 399 sleeping,   0 stopped,   0 zombie
%Cpu(s):  0.2 us,  0.1 sy,  0.0 ni, 99.6 id,  0.0 wa,  0.0 hi,  0.0 si,  0.0 st
KiB Mem : 65877712 total, 53231264 free,  1243348 used, 11403100 buff/cache
KiB Swap: 33554428 total, 32224688 free,  1329740 used. 63433984 avail Mem 
--
top - 11:19:33 up 105 days,  3:01,  0 users,  load average: 2.36, 1.06, 0.97
Tasks: 400 total,   1 running, 399 sleeping,   0 stopped,   0 zombie
%Cpu(s): 66.1 us,  0.6 sy,  0.0 ni, 33.3 id,  0.0 wa,  0.0 hi,  0.0 si,  0.0 st
KiB Mem : 65877712 total, 52802764 free,  1671848 used, 11403100 buff/cache
KiB Swap: 33554428 total, 32224688 free,  1329740 used. 63005484 avail Mem 
--
top - 11:19:38 up 105 days,  3:01,  0 users,  load average: 2.17, 1.04, 0.97
Tasks: 400 total,   1 running, 399 sleeping,   0 stopped,   0 zombie
%Cpu(s): 35.4 us,  0.1 sy,  0.0 ni, 64.4 id,  0.0 wa,  0.0 hi,  0.0 si,  0.0 st
KiB Mem : 65877712 total, 52881368 free,  1593244 used, 11403100 buff/cache
KiB Swap: 33554428 total, 32224688 free,  1329740 used. 63084088 avail Mem 
--
top - 11:19:43 up 105 days,  3:02,  0 users,  load average: 2.00, 1.02, 0.96
Tasks: 400 total,   1 running, 399 sleeping,   0 stopped,   0 zombie
%Cpu(s):  0.2 us,  0.1 sy,  0.0 ni, 99.4 id,  0.3 wa,  0.0 hi,  0.0 si,  0.0 st
KiB Mem : 65877712 total, 52788432 free,  1686180 used, 11403100 buff/cache
KiB Swap: 33554428 total, 32224688 free,  1329740 used. 62991152 avail Mem 
--
top - 11:19:48 up 105 days,  3:02,  0 users,  load average: 4.08, 1.47, 1.10
Tasks: 400 total,   1 running, 399 sleeping,   0 stopped,   0 zombie
%Cpu(s): 56.1 us,  0.6 sy,  0.0 ni, 43.2 id,  0.0 wa,  0.0 hi,  0.0 si,  0.0 st
KiB Mem : 65877712 total, 52592712 free,  1881896 used, 11403104 buff/cache
KiB Swap: 33554428 total, 32224688 free,  1329740 used. 62795436 avail Mem 
--
top - 11:19:53 up 105 days,  3:02,  0 users,  load average: 4.24, 1.54, 1.13
Tasks: 401 total,   1 running, 400 sleeping,   0 stopped,   0 zombie
%Cpu(s): 44.1 us,  0.2 sy,  0.0 ni, 52.0 id,  3.7 wa,  0.0 hi,  0.0 si,  0.0 st
KiB Mem : 65877712 total, 52657216 free,  1817392 used, 11403104 buff/cache
KiB Swap: 33554428 total, 32224688 free,  1329740 used. 62859940 avail Mem 
--
top - 11:19:58 up 105 days,  3:02,  0 users,  load average: 4.46, 1.64, 1.16
Tasks: 402 total,   1 running, 401 sleeping,   0 stopped,   0 zombie
%Cpu(s):  0.2 us,  0.1 sy,  0.0 ni, 90.4 id,  9.3 wa,  0.0 hi,  0.0 si,  0.0 st
KiB Mem : 65877712 total, 52579884 free,  1894724 used, 11403104 buff/cache
KiB Swap: 33554428 total, 32224688 free,  1329740 used. 62782608 avail Mem 
--
top - 11:20:03 up 105 days,  3:02,  0 users,  load average: 4.10, 1.61, 1.16
Tasks: 405 total,   2 running, 403 sleeping,   0 stopped,   0 zombie
%Cpu(s): 24.4 us,  0.6 sy,  0.0 ni, 70.9 id,  4.1 wa,  0.0 hi,  0.0 si,  0.0 st
KiB Mem : 65877712 total, 52403692 free,  2070900 used, 11403120 buff/cache
KiB Swap: 33554428 total, 32224688 free,  1329740 used. 62606432 avail Mem 
--
top - 11:20:08 up 105 days,  3:02,  0 users,  load average: 4.97, 1.83, 1.23
Tasks: 407 total,   1 running, 406 sleeping,   0 stopped,   0 zombie
%Cpu(s): 75.0 us,  0.6 sy,  0.0 ni, 24.3 id,  0.0 wa,  0.0 hi,  0.0 si,  0.0 st
KiB Mem : 65877712 total, 52223344 free,  2251248 used, 11403120 buff/cache
KiB Swap: 33554428 total, 32224688 free,  1329740 used. 62426084 avail Mem 
--
top - 11:20:13 up 105 days,  3:02,  0 users,  load average: 4.57, 1.80, 1.22
Tasks: 407 total,   1 running, 406 sleeping,   0 stopped,   0 zombie
%Cpu(s):  0.7 us,  0.1 sy,  0.0 ni, 99.2 id,  0.0 wa,  0.0 hi,  0.0 si,  0.0 st
KiB Mem : 65877712 total, 52405112 free,  2069480 used, 11403120 buff/cache
KiB Swap: 33554428 total, 32224688 free,  1329740 used. 62607852 avail Mem 
--
top - 11:20:18 up 105 days,  3:02,  0 users,  load average: 4.21, 1.77, 1.22
Tasks: 407 total,   1 running, 406 sleeping,   0 stopped,   0 zombie
%Cpu(s):  0.3 us,  0.2 sy,  0.0 ni, 99.5 id,  0.0 wa,  0.0 hi,  0.0 si,  0.0 st
KiB Mem : 65877712 total, 52256148 free,  2218444 used, 11403120 buff/cache
KiB Swap: 33554428 total, 32224688 free,  1329740 used. 62458888 avail Mem 
--
top - 11:20:23 up 105 days,  3:02,  0 users,  load average: 6.35, 2.26, 1.38
Tasks: 407 total,   2 running, 405 sleeping,   0 stopped,   0 zombie
%Cpu(s): 75.7 us,  0.6 sy,  0.0 ni, 23.7 id,  0.0 wa,  0.0 hi,  0.0 si,  0.0 st
KiB Mem : 65877712 total, 52064788 free,  2409804 used, 11403120 buff/cache
KiB Swap: 33554428 total, 32224688 free,  1329740 used. 62267528 avail Mem 
--
top - 11:20:28 up 105 days,  3:02,  0 users,  load average: 5.92, 2.23, 1.38
Tasks: 407 total,   1 running, 406 sleeping,   0 stopped,   0 zombie
%Cpu(s): 21.0 us,  0.2 sy,  0.0 ni, 78.8 id,  0.0 wa,  0.0 hi,  0.0 si,  0.0 st
KiB Mem : 65877712 total, 52219864 free,  2254728 used, 11403120 buff/cache
KiB Swap: 33554428 total, 32224688 free,  1329740 used. 62422604 avail Mem 
--
top - 11:20:33 up 105 days,  3:02,  0 users,  load average: 5.45, 2.20, 1.37
Tasks: 407 total,   1 running, 406 sleeping,   0 stopped,   0 zombie
%Cpu(s):  0.2 us,  0.2 sy,  0.0 ni, 99.6 id,  0.0 wa,  0.0 hi,  0.0 si,  0.0 st
KiB Mem : 65877712 total, 52103232 free,  2371360 used, 11403120 buff/cache
KiB Swap: 33554428 total, 32224688 free,  1329740 used. 62305972 avail Mem 
--
top - 11:20:38 up 105 days,  3:02,  0 users,  load average: 7.74, 2.72, 1.54
Tasks: 407 total,   2 running, 405 sleeping,   0 stopped,   0 zombie
%Cpu(s): 42.6 us,  0.6 sy,  0.0 ni, 56.8 id,  0.0 wa,  0.0 hi,  0.0 si,  0.0 st
KiB Mem : 65877712 total, 51943928 free,  2530664 used, 11403120 buff/cache
KiB Swap: 33554428 total, 32224688 free,  1329740 used. 62146668 avail Mem 
--
top - 11:20:43 up 105 days,  3:03,  0 users,  load average: 7.28, 2.71, 1.55
Tasks: 407 total,   1 running, 406 sleeping,   0 stopped,   0 zombie
%Cpu(s): 56.0 us,  0.2 sy,  0.0 ni, 43.7 id,  0.0 wa,  0.0 hi,  0.0 si,  0.0 st
KiB Mem : 65877712 total, 52012460 free,  2462128 used, 11403124 buff/cache
KiB Swap: 33554428 total, 32224688 free,  1329740 used. 62215204 avail Mem 
