Job id: 4753097
Master ip: 10.149.0.62
--
top - 11:10:41 up 105 days,  2:53,  0 users,  load average: 0.88, 1.74, 1.09
Tasks: 397 total,   2 running, 395 sleeping,   0 stopped,   0 zombie
%Cpu(s):  2.2 us,  0.9 sy,  0.0 ni, 96.9 id,  0.0 wa,  0.0 hi,  0.0 si,  0.0 st
KiB Mem : 65877712 total, 53370880 free,  1110852 used, 11395980 buff/cache
KiB Swap: 33554428 total, 32224688 free,  1329740 used. 63566632 avail Mem 
--
top - 11:10:46 up 105 days,  2:53,  0 users,  load average: 0.89, 1.73, 1.09
Tasks: 397 total,   1 running, 396 sleeping,   0 stopped,   0 zombie
%Cpu(s):  0.8 us,  0.1 sy,  0.0 ni, 99.1 id,  0.0 wa,  0.0 hi,  0.0 si,  0.0 st
KiB Mem : 65877712 total, 53345368 free,  1136324 used, 11396020 buff/cache
KiB Swap: 33554428 total, 32224688 free,  1329740 used. 63541144 avail Mem 
--
top - 11:10:51 up 105 days,  2:53,  0 users,  load average: 0.82, 1.70, 1.09
Tasks: 397 total,   2 running, 395 sleeping,   0 stopped,   0 zombie
%Cpu(s):  0.2 us,  0.0 sy,  0.0 ni, 99.7 id,  0.0 wa,  0.0 hi,  0.0 si,  0.0 st
KiB Mem : 65877712 total, 53345544 free,  1136148 used, 11396020 buff/cache
KiB Swap: 33554428 total, 32224688 free,  1329740 used. 63541320 avail Mem 
--
top - 11:10:56 up 105 days,  2:53,  0 users,  load average: 0.76, 1.67, 1.08
Tasks: 397 total,   2 running, 395 sleeping,   0 stopped,   0 zombie
%Cpu(s):  0.3 us,  0.0 sy,  0.0 ni, 99.7 id,  0.0 wa,  0.0 hi,  0.0 si,  0.0 st
KiB Mem : 65877712 total, 53345964 free,  1135728 used, 11396020 buff/cache
KiB Swap: 33554428 total, 32224688 free,  1329740 used. 63541740 avail Mem 
--
top - 11:11:01 up 105 days,  2:53,  0 users,  load average: 0.70, 1.64, 1.08
Tasks: 397 total,   1 running, 396 sleeping,   0 stopped,   0 zombie
%Cpu(s):  0.2 us,  0.0 sy,  0.0 ni, 99.7 id,  0.0 wa,  0.0 hi,  0.0 si,  0.0 st
KiB Mem : 65877712 total, 53346324 free,  1135368 used, 11396020 buff/cache
KiB Swap: 33554428 total, 32224688 free,  1329740 used. 63542100 avail Mem 
--
top - 11:11:06 up 105 days,  2:53,  0 users,  load average: 0.64, 1.62, 1.07
Tasks: 396 total,   1 running, 395 sleeping,   0 stopped,   0 zombie
%Cpu(s):  0.3 us,  0.0 sy,  0.0 ni, 99.7 id,  0.0 wa,  0.0 hi,  0.0 si,  0.0 st
KiB Mem : 65877712 total, 53346232 free,  1135460 used, 11396020 buff/cache
KiB Swap: 33554428 total, 32224688 free,  1329740 used. 63542008 avail Mem 
--
top - 11:11:11 up 105 days,  2:53,  0 users,  load average: 0.59, 1.59, 1.06
Tasks: 395 total,   1 running, 394 sleeping,   0 stopped,   0 zombie
%Cpu(s):  0.3 us,  0.0 sy,  0.0 ni, 99.7 id,  0.0 wa,  0.0 hi,  0.0 si,  0.0 st
KiB Mem : 65877712 total, 53345736 free,  1135956 used, 11396020 buff/cache
KiB Swap: 33554428 total, 32224688 free,  1329740 used. 63541512 avail Mem 
--
top - 11:11:16 up 105 days,  2:53,  0 users,  load average: 0.54, 1.56, 1.06
Tasks: 395 total,   1 running, 394 sleeping,   0 stopped,   0 zombie
%Cpu(s):  0.2 us,  0.0 sy,  0.0 ni, 99.7 id,  0.0 wa,  0.0 hi,  0.0 si,  0.0 st
KiB Mem : 65877712 total, 53346124 free,  1135568 used, 11396020 buff/cache
KiB Swap: 33554428 total, 32224688 free,  1329740 used. 63541900 avail Mem 
--
top - 11:11:21 up 105 days,  2:53,  0 users,  load average: 0.50, 1.54, 1.05
Tasks: 395 total,   2 running, 393 sleeping,   0 stopped,   0 zombie
%Cpu(s):  1.4 us,  0.2 sy,  0.0 ni, 98.4 id,  0.0 wa,  0.0 hi,  0.1 si,  0.0 st
KiB Mem : 65877712 total, 52986576 free,  1495116 used, 11396020 buff/cache
KiB Swap: 33554428 total, 32224688 free,  1329740 used. 63182352 avail Mem 
--
top - 11:11:26 up 105 days,  2:53,  0 users,  load average: 0.54, 1.53, 1.05
Tasks: 395 total,   2 running, 393 sleeping,   0 stopped,   0 zombie
%Cpu(s):  2.7 us,  0.4 sy,  0.0 ni, 96.8 id,  0.0 wa,  0.0 hi,  0.1 si,  0.0 st
KiB Mem : 65877712 total, 51955872 free,  2525816 used, 11396024 buff/cache
KiB Swap: 33554428 total, 32224688 free,  1329740 used. 62151648 avail Mem 
--
top - 11:11:31 up 105 days,  2:53,  0 users,  load average: 0.58, 1.52, 1.05
Tasks: 395 total,   2 running, 393 sleeping,   0 stopped,   0 zombie
%Cpu(s):  3.0 us,  0.1 sy,  0.0 ni, 96.9 id,  0.0 wa,  0.0 hi,  0.0 si,  0.0 st
KiB Mem : 65877712 total, 51957608 free,  2524080 used, 11396024 buff/cache
KiB Swap: 33554428 total, 32224688 free,  1329740 used. 62153384 avail Mem 
--
top - 11:11:36 up 105 days,  2:53,  0 users,  load average: 0.61, 1.51, 1.05
Tasks: 395 total,   2 running, 393 sleeping,   0 stopped,   0 zombie
%Cpu(s):  2.9 us,  0.1 sy,  0.0 ni, 96.8 id,  0.0 wa,  0.0 hi,  0.1 si,  0.0 st
KiB Mem : 65877712 total, 51958428 free,  2523256 used, 11396028 buff/cache
KiB Swap: 33554428 total, 32224688 free,  1329740 used. 62154204 avail Mem 
--
top - 11:11:41 up 105 days,  2:54,  0 users,  load average: 0.64, 1.50, 1.05
Tasks: 395 total,   2 running, 393 sleeping,   0 stopped,   0 zombie
%Cpu(s):  3.0 us,  0.1 sy,  0.0 ni, 96.8 id,  0.0 wa,  0.0 hi,  0.0 si,  0.0 st
KiB Mem : 65877712 total, 51958008 free,  2523676 used, 11396028 buff/cache
KiB Swap: 33554428 total, 32224688 free,  1329740 used. 62153784 avail Mem 
--
top - 11:11:46 up 105 days,  2:54,  0 users,  load average: 0.77, 1.50, 1.06
Tasks: 395 total,   2 running, 393 sleeping,   0 stopped,   0 zombie
%Cpu(s):  3.0 us,  0.1 sy,  0.0 ni, 96.8 id,  0.0 wa,  0.0 hi,  0.1 si,  0.0 st
KiB Mem : 65877712 total, 51958168 free,  2523516 used, 11396028 buff/cache
KiB Swap: 33554428 total, 32224688 free,  1329740 used. 62153948 avail Mem 
--
top - 11:11:51 up 105 days,  2:54,  0 users,  load average: 0.79, 1.49, 1.05
Tasks: 395 total,   2 running, 393 sleeping,   0 stopped,   0 zombie
%Cpu(s):  3.0 us,  0.1 sy,  0.0 ni, 96.9 id,  0.0 wa,  0.0 hi,  0.0 si,  0.0 st
KiB Mem : 65877712 total, 51958372 free,  2523312 used, 11396028 buff/cache
KiB Swap: 33554428 total, 32224688 free,  1329740 used. 62154152 avail Mem 
--
top - 11:11:56 up 105 days,  2:54,  0 users,  load average: 0.81, 1.48, 1.05
Tasks: 395 total,   2 running, 393 sleeping,   0 stopped,   0 zombie
%Cpu(s):  3.0 us,  0.1 sy,  0.0 ni, 96.8 id,  0.0 wa,  0.0 hi,  0.1 si,  0.0 st
KiB Mem : 65877712 total, 51958704 free,  2522980 used, 11396028 buff/cache
KiB Swap: 33554428 total, 32224688 free,  1329740 used. 62154484 avail Mem 
--
top - 11:12:01 up 105 days,  2:54,  0 users,  load average: 0.74, 1.46, 1.05
Tasks: 395 total,   1 running, 394 sleeping,   0 stopped,   0 zombie
%Cpu(s):  2.6 us,  0.3 sy,  0.0 ni, 96.7 id,  0.4 wa,  0.0 hi,  0.1 si,  0.0 st
KiB Mem : 65877712 total, 51952396 free,  2529240 used, 11396076 buff/cache
KiB Swap: 33554428 total, 32224688 free,  1329740 used. 62148180 avail Mem 
--
top - 11:12:06 up 105 days,  2:54,  0 users,  load average: 0.68, 1.44, 1.04
Tasks: 399 total,   2 running, 397 sleeping,   0 stopped,   0 zombie
%Cpu(s):  1.9 us,  0.0 sy,  0.0 ni, 98.0 id,  0.0 wa,  0.0 hi,  0.0 si,  0.0 st
KiB Mem : 65877712 total, 51918864 free,  2562724 used, 11396124 buff/cache
KiB Swap: 33554428 total, 32224688 free,  1329740 used. 62114696 avail Mem 
--
top - 11:12:11 up 105 days,  2:54,  0 users,  load average: 0.71, 1.43, 1.04
Tasks: 399 total,   1 running, 398 sleeping,   0 stopped,   0 zombie
%Cpu(s):  1.8 us,  0.1 sy,  0.0 ni, 98.1 id,  0.0 wa,  0.0 hi,  0.0 si,  0.0 st
KiB Mem : 65877712 total, 51910876 free,  2570632 used, 11396204 buff/cache
KiB Swap: 33554428 total, 32224688 free,  1329740 used. 62106748 avail Mem 
--
top - 11:12:17 up 105 days,  2:54,  0 users,  load average: 0.73, 1.42, 1.04
Tasks: 399 total,   2 running, 397 sleeping,   0 stopped,   0 zombie
%Cpu(s):  1.5 us,  0.1 sy,  0.0 ni, 98.3 id,  0.0 wa,  0.0 hi,  0.1 si,  0.0 st
KiB Mem : 65877712 total, 51908500 free,  2573008 used, 11396204 buff/cache
KiB Swap: 33554428 total, 32224688 free,  1329740 used. 62104372 avail Mem 
--
top - 11:12:22 up 105 days,  2:54,  0 users,  load average: 0.75, 1.41, 1.04
Tasks: 398 total,   2 running, 396 sleeping,   0 stopped,   0 zombie
%Cpu(s):  2.8 us,  0.3 sy,  0.0 ni, 96.9 id,  0.0 wa,  0.0 hi,  0.1 si,  0.0 st
KiB Mem : 65877712 total, 51166048 free,  3315456 used, 11396208 buff/cache
KiB Swap: 33554428 total, 32224688 free,  1329740 used. 61361924 avail Mem 
--
top - 11:12:27 up 105 days,  2:54,  0 users,  load average: 0.77, 1.41, 1.04
Tasks: 398 total,   2 running, 396 sleeping,   0 stopped,   0 zombie
%Cpu(s):  3.0 us,  0.1 sy,  0.0 ni, 96.8 id,  0.0 wa,  0.0 hi,  0.1 si,  0.0 st
KiB Mem : 65877712 total, 51165216 free,  3316256 used, 11396240 buff/cache
KiB Swap: 33554428 total, 32224688 free,  1329740 used. 61361092 avail Mem 
--
top - 11:12:32 up 105 days,  2:54,  0 users,  load average: 0.79, 1.40, 1.04
Tasks: 398 total,   2 running, 396 sleeping,   0 stopped,   0 zombie
%Cpu(s):  3.0 us,  0.1 sy,  0.0 ni, 96.9 id,  0.0 wa,  0.0 hi,  0.0 si,  0.0 st
KiB Mem : 65877712 total, 51166588 free,  3314880 used, 11396244 buff/cache
KiB Swap: 33554428 total, 32224688 free,  1329740 used. 61362464 avail Mem 
--
top - 11:12:37 up 105 days,  2:54,  0 users,  load average: 0.81, 1.39, 1.04
Tasks: 398 total,   2 running, 396 sleeping,   0 stopped,   0 zombie
%Cpu(s):  3.0 us,  0.1 sy,  0.0 ni, 96.8 id,  0.0 wa,  0.0 hi,  0.1 si,  0.0 st
KiB Mem : 65877712 total, 51165976 free,  3315492 used, 11396244 buff/cache
KiB Swap: 33554428 total, 32224688 free,  1329740 used. 61361852 avail Mem 
--
top - 11:12:42 up 105 days,  2:55,  0 users,  load average: 0.82, 1.39, 1.04
Tasks: 398 total,   2 running, 396 sleeping,   0 stopped,   0 zombie
%Cpu(s):  3.0 us,  0.1 sy,  0.0 ni, 96.8 id,  0.0 wa,  0.0 hi,  0.0 si,  0.0 st
KiB Mem : 65877712 total, 51167256 free,  3314212 used, 11396244 buff/cache
KiB Swap: 33554428 total, 32224688 free,  1329740 used. 61363132 avail Mem 
--
top - 11:12:47 up 105 days,  2:55,  0 users,  load average: 0.84, 1.38, 1.04
Tasks: 399 total,   2 running, 397 sleeping,   0 stopped,   0 zombie
%Cpu(s):  3.0 us,  0.1 sy,  0.0 ni, 96.9 id,  0.0 wa,  0.0 hi,  0.1 si,  0.0 st
KiB Mem : 65877712 total, 51167356 free,  3314112 used, 11396244 buff/cache
KiB Swap: 33554428 total, 32224688 free,  1329740 used. 61363232 avail Mem 
--
top - 11:12:52 up 105 days,  2:55,  0 users,  load average: 0.85, 1.37, 1.04
Tasks: 399 total,   2 running, 397 sleeping,   0 stopped,   0 zombie
%Cpu(s):  3.0 us,  0.1 sy,  0.0 ni, 96.9 id,  0.0 wa,  0.0 hi,  0.1 si,  0.0 st
KiB Mem : 65877712 total, 51167472 free,  3313996 used, 11396244 buff/cache
KiB Swap: 33554428 total, 32224688 free,  1329740 used. 61363348 avail Mem 
--
top - 11:12:57 up 105 days,  2:55,  0 users,  load average: 0.86, 1.37, 1.04
Tasks: 399 total,   2 running, 397 sleeping,   0 stopped,   0 zombie
%Cpu(s):  3.0 us,  0.1 sy,  0.0 ni, 96.8 id,  0.0 wa,  0.0 hi,  0.1 si,  0.0 st
KiB Mem : 65877712 total, 51167168 free,  3314300 used, 11396244 buff/cache
KiB Swap: 33554428 total, 32224688 free,  1329740 used. 61363044 avail Mem 
--
top - 11:13:02 up 105 days,  2:55,  0 users,  load average: 0.87, 1.36, 1.04
Tasks: 399 total,   2 running, 397 sleeping,   0 stopped,   0 zombie
%Cpu(s):  2.3 us,  0.1 sy,  0.0 ni, 97.6 id,  0.0 wa,  0.0 hi,  0.0 si,  0.0 st
KiB Mem : 65877712 total, 51157536 free,  3323932 used, 11396244 buff/cache
KiB Swap: 33554428 total, 32224688 free,  1329740 used. 61353444 avail Mem 
--
top - 11:13:07 up 105 days,  2:55,  0 users,  load average: 0.80, 1.34, 1.04
Tasks: 399 total,   1 running, 398 sleeping,   0 stopped,   0 zombie
%Cpu(s):  2.6 us,  0.1 sy,  0.0 ni, 97.3 id,  0.0 wa,  0.0 hi,  0.0 si,  0.0 st
KiB Mem : 65877712 total, 51084548 free,  3396888 used, 11396276 buff/cache
KiB Swap: 33554428 total, 32224688 free,  1329740 used. 61280488 avail Mem 
--
top - 11:13:12 up 105 days,  2:55,  0 users,  load average: 0.82, 1.33, 1.04
Tasks: 399 total,   3 running, 396 sleeping,   0 stopped,   0 zombie
%Cpu(s):  1.1 us,  0.1 sy,  0.0 ni, 98.8 id,  0.0 wa,  0.0 hi,  0.0 si,  0.0 st
KiB Mem : 65877712 total, 51082308 free,  3399128 used, 11396276 buff/cache
KiB Swap: 33554428 total, 32224688 free,  1329740 used. 61278248 avail Mem 
--
top - 11:13:17 up 105 days,  2:55,  0 users,  load average: 0.83, 1.33, 1.04
Tasks: 399 total,   2 running, 397 sleeping,   0 stopped,   0 zombie
%Cpu(s):  2.8 us,  0.3 sy,  0.0 ni, 96.9 id,  0.0 wa,  0.0 hi,  0.1 si,  0.0 st
KiB Mem : 65877712 total, 50408608 free,  4072828 used, 11396276 buff/cache
KiB Swap: 33554428 total, 32224688 free,  1329740 used. 60604548 avail Mem 
--
top - 11:13:22 up 105 days,  2:55,  0 users,  load average: 0.85, 1.32, 1.04
Tasks: 399 total,   2 running, 397 sleeping,   0 stopped,   0 zombie
%Cpu(s):  3.0 us,  0.1 sy,  0.0 ni, 96.8 id,  0.0 wa,  0.0 hi,  0.0 si,  0.0 st
KiB Mem : 65877712 total, 50410048 free,  4071384 used, 11396280 buff/cache
KiB Swap: 33554428 total, 32224688 free,  1329740 used. 60605988 avail Mem 
--
top - 11:13:27 up 105 days,  2:55,  0 users,  load average: 0.86, 1.32, 1.04
Tasks: 399 total,   2 running, 397 sleeping,   0 stopped,   0 zombie
%Cpu(s):  3.0 us,  0.1 sy,  0.0 ni, 96.8 id,  0.0 wa,  0.0 hi,  0.0 si,  0.0 st
KiB Mem : 65877712 total, 50409872 free,  4071556 used, 11396284 buff/cache
KiB Swap: 33554428 total, 32224688 free,  1329740 used. 60605812 avail Mem 
--
top - 11:13:32 up 105 days,  2:55,  0 users,  load average: 0.87, 1.31, 1.04
Tasks: 399 total,   2 running, 397 sleeping,   0 stopped,   0 zombie
%Cpu(s):  3.0 us,  0.1 sy,  0.0 ni, 96.8 id,  0.0 wa,  0.0 hi,  0.0 si,  0.0 st
KiB Mem : 65877712 total, 50410536 free,  4070892 used, 11396284 buff/cache
KiB Swap: 33554428 total, 32224688 free,  1329740 used. 60606476 avail Mem 
--
top - 11:13:37 up 105 days,  2:55,  0 users,  load average: 0.88, 1.31, 1.04
Tasks: 399 total,   2 running, 397 sleeping,   0 stopped,   0 zombie
%Cpu(s):  3.0 us,  0.1 sy,  0.0 ni, 96.8 id,  0.0 wa,  0.0 hi,  0.0 si,  0.0 st
KiB Mem : 65877712 total, 50409748 free,  4071680 used, 11396284 buff/cache
KiB Swap: 33554428 total, 32224688 free,  1329740 used. 60605688 avail Mem 
--
top - 11:13:42 up 105 days,  2:56,  0 users,  load average: 0.89, 1.30, 1.04
Tasks: 398 total,   2 running, 396 sleeping,   0 stopped,   0 zombie
%Cpu(s):  3.0 us,  0.1 sy,  0.0 ni, 96.8 id,  0.0 wa,  0.0 hi,  0.1 si,  0.0 st
KiB Mem : 65877712 total, 50410808 free,  4070620 used, 11396284 buff/cache
KiB Swap: 33554428 total, 32224688 free,  1329740 used. 60606752 avail Mem 
--
top - 11:13:47 up 105 days,  2:56,  0 users,  load average: 0.90, 1.30, 1.04
Tasks: 398 total,   2 running, 396 sleeping,   0 stopped,   0 zombie
%Cpu(s):  3.0 us,  0.1 sy,  0.0 ni, 96.8 id,  0.0 wa,  0.0 hi,  0.0 si,  0.0 st
KiB Mem : 65877712 total, 50411132 free,  4070296 used, 11396284 buff/cache
KiB Swap: 33554428 total, 32224688 free,  1329740 used. 60607076 avail Mem 
--
top - 11:13:52 up 105 days,  2:56,  0 users,  load average: 0.91, 1.29, 1.04
Tasks: 398 total,   2 running, 396 sleeping,   0 stopped,   0 zombie
%Cpu(s):  3.0 us,  0.1 sy,  0.0 ni, 96.9 id,  0.0 wa,  0.0 hi,  0.1 si,  0.0 st
KiB Mem : 65877712 total, 50411436 free,  4069992 used, 11396284 buff/cache
KiB Swap: 33554428 total, 32224688 free,  1329740 used. 60607380 avail Mem 
--
top - 11:13:57 up 105 days,  2:56,  0 users,  load average: 0.91, 1.29, 1.04
Tasks: 398 total,   2 running, 396 sleeping,   0 stopped,   0 zombie
%Cpu(s):  2.7 us,  0.1 sy,  0.0 ni, 97.1 id,  0.0 wa,  0.0 hi,  0.0 si,  0.0 st
KiB Mem : 65877712 total, 50410252 free,  4071176 used, 11396284 buff/cache
KiB Swap: 33554428 total, 32224688 free,  1329740 used. 60606196 avail Mem 
--
top - 11:14:02 up 105 days,  2:56,  0 users,  load average: 0.92, 1.28, 1.04
Tasks: 402 total,   2 running, 400 sleeping,   0 stopped,   0 zombie
%Cpu(s):  3.0 us,  0.2 sy,  0.0 ni, 96.4 id,  0.4 wa,  0.0 hi,  0.1 si,  0.0 st
KiB Mem : 65877712 total, 50380100 free,  4101336 used, 11396276 buff/cache
KiB Swap: 33554428 total, 32224688 free,  1329740 used. 60576048 avail Mem 
--
top - 11:14:07 up 105 days,  2:56,  0 users,  load average: 0.85, 1.26, 1.03
Tasks: 402 total,   1 running, 401 sleeping,   0 stopped,   0 zombie
%Cpu(s):  1.1 us,  0.1 sy,  0.0 ni, 98.8 id,  0.0 wa,  0.0 hi,  0.0 si,  0.0 st
KiB Mem : 65877712 total, 50381528 free,  4099876 used, 11396308 buff/cache
KiB Swap: 33554428 total, 32224688 free,  1329740 used. 60577508 avail Mem 
--
top - 11:14:12 up 105 days,  2:56,  0 users,  load average: 0.86, 1.26, 1.03
Tasks: 402 total,   2 running, 400 sleeping,   0 stopped,   0 zombie
%Cpu(s):  2.4 us,  0.1 sy,  0.0 ni, 97.4 id,  0.0 wa,  0.0 hi,  0.1 si,  0.0 st
KiB Mem : 65877712 total, 50373056 free,  4108348 used, 11396308 buff/cache
KiB Swap: 33554428 total, 32224688 free,  1329740 used. 60569036 avail Mem 
--
top - 11:14:17 up 105 days,  2:56,  0 users,  load average: 0.87, 1.25, 1.03
Tasks: 402 total,   2 running, 400 sleeping,   0 stopped,   0 zombie
%Cpu(s):  2.9 us,  0.2 sy,  0.0 ni, 96.9 id,  0.0 wa,  0.0 hi,  0.0 si,  0.0 st
KiB Mem : 65877712 total, 49648800 free,  4832596 used, 11396316 buff/cache
KiB Swap: 33554428 total, 32224688 free,  1329740 used. 59844780 avail Mem 
--
top - 11:14:22 up 105 days,  2:56,  0 users,  load average: 0.88, 1.25, 1.03
Tasks: 402 total,   2 running, 400 sleeping,   0 stopped,   0 zombie
%Cpu(s):  3.0 us,  0.1 sy,  0.0 ni, 96.9 id,  0.0 wa,  0.0 hi,  0.0 si,  0.0 st
KiB Mem : 65877712 total, 49649140 free,  4832256 used, 11396316 buff/cache
KiB Swap: 33554428 total, 32224688 free,  1329740 used. 59845124 avail Mem 
--
top - 11:14:27 up 105 days,  2:56,  0 users,  load average: 0.89, 1.24, 1.03
Tasks: 402 total,   2 running, 400 sleeping,   0 stopped,   0 zombie
%Cpu(s):  3.0 us,  0.1 sy,  0.0 ni, 96.8 id,  0.0 wa,  0.0 hi,  0.0 si,  0.0 st
KiB Mem : 65877712 total, 49649148 free,  4832248 used, 11396316 buff/cache
KiB Swap: 33554428 total, 32224688 free,  1329740 used. 59845132 avail Mem 
--
top - 11:14:32 up 105 days,  2:56,  0 users,  load average: 0.90, 1.24, 1.03
Tasks: 402 total,   2 running, 400 sleeping,   0 stopped,   0 zombie
%Cpu(s):  3.0 us,  0.1 sy,  0.0 ni, 96.8 id,  0.0 wa,  0.0 hi,  0.0 si,  0.0 st
KiB Mem : 65877712 total, 49650400 free,  4830996 used, 11396316 buff/cache
KiB Swap: 33554428 total, 32224688 free,  1329740 used. 59846384 avail Mem 
--
top - 11:14:37 up 105 days,  2:56,  0 users,  load average: 0.91, 1.24, 1.03
Tasks: 402 total,   2 running, 400 sleeping,   0 stopped,   0 zombie
%Cpu(s):  3.0 us,  0.1 sy,  0.0 ni, 96.8 id,  0.0 wa,  0.0 hi,  0.0 si,  0.0 st
KiB Mem : 65877712 total, 49649936 free,  4831460 used, 11396316 buff/cache
KiB Swap: 33554428 total, 32224688 free,  1329740 used. 59845920 avail Mem 
--
top - 11:14:42 up 105 days,  2:57,  0 users,  load average: 0.91, 1.23, 1.03
Tasks: 401 total,   2 running, 399 sleeping,   0 stopped,   0 zombie
%Cpu(s):  3.0 us,  0.1 sy,  0.0 ni, 96.9 id,  0.0 wa,  0.0 hi,  0.0 si,  0.0 st
KiB Mem : 65877712 total, 49650308 free,  4831088 used, 11396316 buff/cache
KiB Swap: 33554428 total, 32224688 free,  1329740 used. 59846292 avail Mem 
--
top - 11:14:47 up 105 days,  2:57,  0 users,  load average: 0.92, 1.23, 1.03
Tasks: 401 total,   2 running, 399 sleeping,   0 stopped,   0 zombie
%Cpu(s):  3.0 us,  0.1 sy,  0.0 ni, 96.8 id,  0.0 wa,  0.0 hi,  0.1 si,  0.0 st
KiB Mem : 65877712 total, 49650324 free,  4831072 used, 11396316 buff/cache
KiB Swap: 33554428 total, 32224688 free,  1329740 used. 59846308 avail Mem 
--
top - 11:14:52 up 105 days,  2:57,  0 users,  load average: 0.85, 1.21, 1.03
Tasks: 401 total,   1 running, 400 sleeping,   0 stopped,   0 zombie
%Cpu(s):  1.9 us,  0.1 sy,  0.0 ni, 98.0 id,  0.0 wa,  0.0 hi,  0.0 si,  0.0 st
KiB Mem : 65877712 total, 49650996 free,  4830400 used, 11396316 buff/cache
KiB Swap: 33554428 total, 32224688 free,  1329740 used. 59846980 avail Mem 
--
top - 11:14:57 up 105 days,  2:57,  0 users,  load average: 0.86, 1.20, 1.03
Tasks: 401 total,   2 running, 399 sleeping,   0 stopped,   0 zombie
%Cpu(s):  2.6 us,  0.1 sy,  0.0 ni, 97.3 id,  0.0 wa,  0.0 hi,  0.0 si,  0.0 st
KiB Mem : 65877712 total, 49618092 free,  4863272 used, 11396348 buff/cache
KiB Swap: 33554428 total, 32224688 free,  1329740 used. 59814108 avail Mem 
--
top - 11:15:02 up 105 days,  2:57,  0 users,  load average: 0.79, 1.18, 1.02
Tasks: 398 total,   1 running, 397 sleeping,   0 stopped,   0 zombie
%Cpu(s):  1.6 us,  0.1 sy,  0.0 ni, 98.4 id,  0.0 wa,  0.0 hi,  0.0 si,  0.0 st
KiB Mem : 65877712 total, 49608240 free,  4873124 used, 11396348 buff/cache
KiB Swap: 33554428 total, 32224688 free,  1329740 used. 59804256 avail Mem 
--
top - 11:15:07 up 105 days,  2:57,  0 users,  load average: 0.73, 1.16, 1.02
Tasks: 398 total,   2 running, 396 sleeping,   0 stopped,   0 zombie
%Cpu(s):  2.3 us,  0.1 sy,  0.0 ni, 97.4 id,  0.1 wa,  0.0 hi,  0.1 si,  0.0 st
KiB Mem : 65877712 total, 49587856 free,  4893508 used, 11396348 buff/cache
KiB Swap: 33554428 total, 32224688 free,  1329740 used. 59783872 avail Mem 
--
top - 11:15:12 up 105 days,  2:57,  0 users,  load average: 0.75, 1.16, 1.02
Tasks: 398 total,   2 running, 396 sleeping,   0 stopped,   0 zombie
%Cpu(s):  2.9 us,  0.2 sy,  0.0 ni, 96.8 id,  0.0 wa,  0.0 hi,  0.0 si,  0.0 st
KiB Mem : 65877712 total, 48878528 free,  5602828 used, 11396356 buff/cache
KiB Swap: 33554428 total, 32224688 free,  1329740 used. 59074544 avail Mem 
--
top - 11:15:17 up 105 days,  2:57,  0 users,  load average: 0.77, 1.16, 1.02
Tasks: 398 total,   2 running, 396 sleeping,   0 stopped,   0 zombie
%Cpu(s):  3.0 us,  0.1 sy,  0.0 ni, 96.9 id,  0.0 wa,  0.0 hi,  0.1 si,  0.0 st
KiB Mem : 65877712 total, 48878616 free,  5602740 used, 11396356 buff/cache
KiB Swap: 33554428 total, 32224688 free,  1329740 used. 59074632 avail Mem 
--
top - 11:15:22 up 105 days,  2:57,  0 users,  load average: 0.79, 1.16, 1.02
Tasks: 398 total,   2 running, 396 sleeping,   0 stopped,   0 zombie
%Cpu(s):  3.0 us,  0.1 sy,  0.0 ni, 96.8 id,  0.0 wa,  0.0 hi,  0.0 si,  0.0 st
KiB Mem : 65877712 total, 48878024 free,  5603332 used, 11396356 buff/cache
KiB Swap: 33554428 total, 32224688 free,  1329740 used. 59074044 avail Mem 
--
top - 11:15:27 up 105 days,  2:57,  0 users,  load average: 0.81, 1.15, 1.02
Tasks: 398 total,   2 running, 396 sleeping,   0 stopped,   0 zombie
%Cpu(s):  3.0 us,  0.1 sy,  0.0 ni, 96.8 id,  0.0 wa,  0.0 hi,  0.0 si,  0.0 st
KiB Mem : 65877712 total, 48877276 free,  5604080 used, 11396356 buff/cache
KiB Swap: 33554428 total, 32224688 free,  1329740 used. 59073296 avail Mem 
--
top - 11:15:32 up 105 days,  2:57,  0 users,  load average: 0.82, 1.15, 1.02
Tasks: 398 total,   2 running, 396 sleeping,   0 stopped,   0 zombie
%Cpu(s):  3.0 us,  0.1 sy,  0.0 ni, 96.8 id,  0.0 wa,  0.0 hi,  0.1 si,  0.0 st
KiB Mem : 65877712 total, 48878024 free,  5603332 used, 11396356 buff/cache
KiB Swap: 33554428 total, 32224688 free,  1329740 used. 59074044 avail Mem 
--
top - 11:15:37 up 105 days,  2:57,  0 users,  load average: 0.83, 1.15, 1.02
Tasks: 397 total,   2 running, 395 sleeping,   0 stopped,   0 zombie
%Cpu(s):  3.0 us,  0.1 sy,  0.0 ni, 96.8 id,  0.0 wa,  0.0 hi,  0.1 si,  0.0 st
KiB Mem : 65877712 total, 48878220 free,  5603136 used, 11396356 buff/cache
KiB Swap: 33554428 total, 32224688 free,  1329740 used. 59074240 avail Mem 
--
top - 11:15:42 up 105 days,  2:58,  0 users,  load average: 0.85, 1.15, 1.02
Tasks: 397 total,   2 running, 395 sleeping,   0 stopped,   0 zombie
%Cpu(s):  3.0 us,  0.1 sy,  0.0 ni, 96.8 id,  0.0 wa,  0.0 hi,  0.1 si,  0.0 st
KiB Mem : 65877712 total, 48878804 free,  5602552 used, 11396356 buff/cache
KiB Swap: 33554428 total, 32224688 free,  1329740 used. 59074824 avail Mem 
--
top - 11:15:47 up 105 days,  2:58,  0 users,  load average: 0.86, 1.14, 1.02
Tasks: 396 total,   2 running, 394 sleeping,   0 stopped,   0 zombie
%Cpu(s):  3.0 us,  0.1 sy,  0.0 ni, 96.8 id,  0.0 wa,  0.0 hi,  0.1 si,  0.0 st
KiB Mem : 65877712 total, 48878944 free,  5602412 used, 11396356 buff/cache
KiB Swap: 33554428 total, 32224688 free,  1329740 used. 59074964 avail Mem 
--
top - 11:15:52 up 105 days,  2:58,  0 users,  load average: 0.87, 1.14, 1.02
Tasks: 396 total,   2 running, 394 sleeping,   0 stopped,   0 zombie
%Cpu(s):  2.1 us,  0.0 sy,  0.0 ni, 97.9 id,  0.0 wa,  0.0 hi,  0.0 si,  0.0 st
KiB Mem : 65877712 total, 48864784 free,  5616572 used, 11396356 buff/cache
KiB Swap: 33554428 total, 32224688 free,  1329740 used. 59060804 avail Mem 
--
top - 11:15:57 up 105 days,  2:58,  0 users,  load average: 0.88, 1.14, 1.02
Tasks: 396 total,   1 running, 395 sleeping,   0 stopped,   0 zombie
%Cpu(s):  2.6 us,  0.1 sy,  0.0 ni, 97.3 id,  0.0 wa,  0.0 hi,  0.0 si,  0.0 st
KiB Mem : 65877712 total, 48854080 free,  5627244 used, 11396388 buff/cache
KiB Swap: 33554428 total, 32224688 free,  1329740 used. 59050132 avail Mem 
