10.149.0.64
2023/12/27 11:20:47 Master node address: http://10.149.0.60:8000
2023/12/27 11:20:47 Benchmarking worker...
2023/12/27 11:20:49 Worker registered (1818 MCUPS). Waiting for work...
2023/12/27 11:21:40 Got work. Start calculating alignments...
2023/12/27 11:21:40 Calculating 2037 queries
2023/12/27 11:21:47 Done calculating alignments.
2023/12/27 11:21:47 Waiting for work...
2023/12/27 11:22:14 Got work. Start calculating alignments...
2023/12/27 11:22:14 Calculating 2037 queries
2023/12/27 11:22:21 Done calculating alignments.
2023/12/27 11:22:21 Waiting for work...
2023/12/27 11:22:42 Got work. Start calculating alignments...
2023/12/27 11:22:42 Calculating 2036 queries
2023/12/27 11:22:49 Done calculating alignments.
2023/12/27 11:22:49 Waiting for work...
2023/12/27 11:23:11 Got work. Start calculating alignments...
2023/12/27 11:23:11 Calculating 2038 queries
2023/12/27 11:23:18 Done calculating alignments.
2023/12/27 11:23:18 Waiting for work...
2023/12/27 11:23:39 Got work. Start calculating alignments...
2023/12/27 11:23:39 Calculating 2037 queries
2023/12/27 11:23:46 Done calculating alignments.
2023/12/27 11:23:46 Waiting for work...
slurmstepd: error: *** JOB 4753148 ON node064 CANCELLED AT 2023-12-27T11:23:47 ***
