10.149.0.42
2023/12/27 11:10:45 Master node address: http://10.149.0.62:8000
2023/12/27 11:10:45 Benchmarking worker...
2023/12/27 11:10:46 Worker registered (1895 MCUPS). Waiting for work...
2023/12/27 11:11:59 Got work. Start calculating alignments...
2023/12/27 11:11:59 Calculating 2064 queries
2023/12/27 11:12:07 Done calculating alignments.
2023/12/27 11:12:07 Waiting for work...
2023/12/27 11:12:56 Got work. Start calculating alignments...
2023/12/27 11:12:56 Calculating 2063 queries
2023/12/27 11:13:04 Done calculating alignments.
2023/12/27 11:13:04 Waiting for work...
2023/12/27 11:13:54 Got work. Start calculating alignments...
2023/12/27 11:13:54 Calculating 2063 queries
2023/12/27 11:14:03 Done calculating alignments.
2023/12/27 11:14:03 Waiting for work...
2023/12/27 11:14:49 Got work. Start calculating alignments...
2023/12/27 11:14:49 Calculating 2064 queries
2023/12/27 11:14:57 Done calculating alignments.
2023/12/27 11:14:57 Waiting for work...
2023/12/27 11:15:46 Got work. Start calculating alignments...
2023/12/27 11:15:46 Calculating 2063 queries
2023/12/27 11:15:55 Done calculating alignments.
2023/12/27 11:15:55 Waiting for work...
slurmstepd: error: *** JOB 4753112 ON node042 CANCELLED AT 2023-12-27T11:15:58 ***
