Job id: 4753150
Worker ip: 10.149.0.66
Master ip: 10.149.0.60
--
top - 11:20:47 up 105 days,  3:02,  0 users,  load average: 0.07, 0.48, 0.78
Tasks: 402 total,   1 running, 401 sleeping,   0 stopped,   0 zombie
%Cpu(s):  1.5 us,  3.0 sy,  0.0 ni, 95.5 id,  0.0 wa,  0.0 hi,  0.0 si,  0.0 st
KiB Mem : 65877692 total, 50492964 free,  1208428 used, 14176300 buff/cache
KiB Swap: 33554428 total, 32394388 free,  1160040 used. 63371304 avail Mem 
--
top - 11:20:52 up 105 days,  3:02,  0 users,  load average: 0.14, 0.49, 0.78
Tasks: 404 total,   1 running, 403 sleeping,   0 stopped,   0 zombie
%Cpu(s):  1.7 us,  0.5 sy,  0.0 ni, 97.7 id,  0.0 wa,  0.0 hi,  0.0 si,  0.0 st
KiB Mem : 65877692 total, 50470992 free,  1223708 used, 14182992 buff/cache
KiB Swap: 33554428 total, 32394388 free,  1160040 used. 63355948 avail Mem 
--
top - 11:20:57 up 105 days,  3:02,  0 users,  load average: 0.13, 0.49, 0.78
Tasks: 405 total,   1 running, 404 sleeping,   0 stopped,   0 zombie
%Cpu(s):  0.0 us,  0.0 sy,  0.0 ni,100.0 id,  0.0 wa,  0.0 hi,  0.0 si,  0.0 st
KiB Mem : 65877692 total, 50471828 free,  1222872 used, 14182992 buff/cache
KiB Swap: 33554428 total, 32394388 free,  1160040 used. 63356784 avail Mem 
--
top - 11:21:02 up 105 days,  3:03,  0 users,  load average: 0.12, 0.48, 0.78
Tasks: 403 total,   1 running, 402 sleeping,   0 stopped,   0 zombie
%Cpu(s):  0.0 us,  0.0 sy,  0.0 ni,100.0 id,  0.0 wa,  0.0 hi,  0.0 si,  0.0 st
KiB Mem : 65877692 total, 50472656 free,  1222044 used, 14182992 buff/cache
KiB Swap: 33554428 total, 32394388 free,  1160040 used. 63357612 avail Mem 
--
top - 11:21:07 up 105 days,  3:03,  0 users,  load average: 0.11, 0.47, 0.77
Tasks: 402 total,   1 running, 401 sleeping,   0 stopped,   0 zombie
%Cpu(s):  0.0 us,  0.0 sy,  0.0 ni,100.0 id,  0.0 wa,  0.0 hi,  0.0 si,  0.0 st
KiB Mem : 65877692 total, 50473508 free,  1221192 used, 14182992 buff/cache
KiB Swap: 33554428 total, 32394388 free,  1160040 used. 63358464 avail Mem 
--
top - 11:21:12 up 105 days,  3:03,  0 users,  load average: 0.10, 0.46, 0.77
Tasks: 402 total,   1 running, 401 sleeping,   0 stopped,   0 zombie
%Cpu(s):  0.0 us,  0.0 sy,  0.0 ni, 99.9 id,  0.0 wa,  0.0 hi,  0.0 si,  0.0 st
KiB Mem : 65877692 total, 50474496 free,  1220204 used, 14182992 buff/cache
KiB Swap: 33554428 total, 32394388 free,  1160040 used. 63359452 avail Mem 
--
top - 11:21:17 up 105 days,  3:03,  0 users,  load average: 0.09, 0.45, 0.76
Tasks: 402 total,   1 running, 401 sleeping,   0 stopped,   0 zombie
%Cpu(s):  0.0 us,  0.0 sy,  0.0 ni,100.0 id,  0.0 wa,  0.0 hi,  0.0 si,  0.0 st
KiB Mem : 65877692 total, 50475448 free,  1219252 used, 14182992 buff/cache
KiB Swap: 33554428 total, 32394388 free,  1160040 used. 63360404 avail Mem 
--
top - 11:21:22 up 105 days,  3:03,  0 users,  load average: 0.09, 0.45, 0.76
Tasks: 401 total,   1 running, 400 sleeping,   0 stopped,   0 zombie
%Cpu(s):  0.0 us,  0.0 sy,  0.0 ni, 99.9 id,  0.0 wa,  0.0 hi,  0.0 si,  0.0 st
KiB Mem : 65877692 total, 50474928 free,  1219772 used, 14182992 buff/cache
KiB Swap: 33554428 total, 32394388 free,  1160040 used. 63359884 avail Mem 
--
top - 11:21:27 up 105 days,  3:03,  0 users,  load average: 0.08, 0.44, 0.76
Tasks: 401 total,   1 running, 400 sleeping,   0 stopped,   0 zombie
%Cpu(s):  0.1 us,  0.0 sy,  0.0 ni, 99.9 id,  0.0 wa,  0.0 hi,  0.0 si,  0.0 st
KiB Mem : 65877692 total, 50438280 free,  1256420 used, 14182992 buff/cache
KiB Swap: 33554428 total, 32394388 free,  1160040 used. 63323236 avail Mem 
--
top - 11:21:32 up 105 days,  3:03,  0 users,  load average: 0.07, 0.43, 0.75
Tasks: 401 total,   1 running, 400 sleeping,   0 stopped,   0 zombie
%Cpu(s):  0.1 us,  0.1 sy,  0.0 ni, 99.8 id,  0.0 wa,  0.0 hi,  0.0 si,  0.0 st
KiB Mem : 65877692 total, 50366676 free,  1328024 used, 14182992 buff/cache
KiB Swap: 33554428 total, 32394388 free,  1160040 used. 63251632 avail Mem 
--
top - 11:21:37 up 105 days,  3:03,  0 users,  load average: 0.07, 0.42, 0.75
Tasks: 401 total,   1 running, 400 sleeping,   0 stopped,   0 zombie
%Cpu(s):  0.1 us,  0.1 sy,  0.0 ni, 99.8 id,  0.0 wa,  0.0 hi,  0.0 si,  0.0 st
KiB Mem : 65877692 total, 50291000 free,  1403700 used, 14182992 buff/cache
KiB Swap: 33554428 total, 32394388 free,  1160040 used. 63175956 avail Mem 
--
top - 11:21:42 up 105 days,  3:03,  0 users,  load average: 0.06, 0.42, 0.74
Tasks: 401 total,   1 running, 400 sleeping,   0 stopped,   0 zombie
%Cpu(s): 33.4 us,  0.6 sy,  0.0 ni, 65.9 id,  0.0 wa,  0.0 hi,  0.0 si,  0.0 st
KiB Mem : 65877692 total, 49915044 free,  1779652 used, 14182996 buff/cache
KiB Swap: 33554428 total, 32394388 free,  1160040 used. 62800004 avail Mem 
--
top - 11:21:47 up 105 days,  3:03,  0 users,  load average: 2.38, 0.89, 0.90
Tasks: 401 total,   1 running, 400 sleeping,   0 stopped,   0 zombie
%Cpu(s): 76.1 us,  0.3 sy,  0.0 ni, 23.5 id,  0.0 wa,  0.0 hi,  0.0 si,  0.0 st
KiB Mem : 65877692 total, 49765424 free,  1929272 used, 14182996 buff/cache
KiB Swap: 33554428 total, 32394388 free,  1160040 used. 62650384 avail Mem 
--
top - 11:21:52 up 105 days,  3:03,  0 users,  load average: 2.19, 0.88, 0.89
Tasks: 401 total,   1 running, 400 sleeping,   0 stopped,   0 zombie
%Cpu(s):  0.0 us,  0.0 sy,  0.0 ni, 99.9 id,  0.0 wa,  0.0 hi,  0.0 si,  0.0 st
KiB Mem : 65877692 total, 50009736 free,  1684960 used, 14182996 buff/cache
KiB Swap: 33554428 total, 32394388 free,  1160040 used. 62894696 avail Mem 
--
top - 11:21:57 up 105 days,  3:03,  0 users,  load average: 2.01, 0.86, 0.89
Tasks: 402 total,   1 running, 401 sleeping,   0 stopped,   0 zombie
%Cpu(s):  0.1 us,  0.1 sy,  0.0 ni, 99.8 id,  0.0 wa,  0.0 hi,  0.0 si,  0.0 st
KiB Mem : 65877692 total, 49972712 free,  1721984 used, 14182996 buff/cache
KiB Swap: 33554428 total, 32394388 free,  1160040 used. 62857672 avail Mem 
--
top - 11:22:02 up 105 days,  3:04,  0 users,  load average: 1.85, 0.85, 0.88
Tasks: 406 total,   1 running, 405 sleeping,   0 stopped,   0 zombie
%Cpu(s):  0.5 us,  0.3 sy,  0.0 ni, 98.8 id,  0.4 wa,  0.0 hi,  0.0 si,  0.0 st
KiB Mem : 65877692 total, 49887280 free,  1807416 used, 14182996 buff/cache
KiB Swap: 33554428 total, 32394388 free,  1160040 used. 62772240 avail Mem 
--
top - 11:22:07 up 105 days,  3:04,  0 users,  load average: 1.70, 0.83, 0.88
Tasks: 406 total,   1 running, 405 sleeping,   0 stopped,   0 zombie
%Cpu(s):  0.1 us,  0.1 sy,  0.0 ni, 99.8 id,  0.0 wa,  0.0 hi,  0.0 si,  0.0 st
KiB Mem : 65877692 total, 49824868 free,  1869828 used, 14182996 buff/cache
KiB Swap: 33554428 total, 32394388 free,  1160040 used. 62709828 avail Mem 
--
top - 11:22:12 up 105 days,  3:04,  0 users,  load average: 1.57, 0.82, 0.87
Tasks: 404 total,   1 running, 403 sleeping,   0 stopped,   0 zombie
%Cpu(s):  0.1 us,  0.1 sy,  0.0 ni, 99.7 id,  0.0 wa,  0.0 hi,  0.0 si,  0.0 st
KiB Mem : 65877692 total, 49729120 free,  1965576 used, 14182996 buff/cache
KiB Swap: 33554428 total, 32394388 free,  1160040 used. 62614080 avail Mem 
--
top - 11:22:17 up 105 days,  3:04,  0 users,  load average: 1.44, 0.81, 0.87
Tasks: 404 total,   2 running, 402 sleeping,   0 stopped,   0 zombie
%Cpu(s): 57.4 us,  0.3 sy,  0.0 ni, 42.3 id,  0.0 wa,  0.0 hi,  0.0 si,  0.0 st
KiB Mem : 65877692 total, 49659388 free,  2035308 used, 14182996 buff/cache
KiB Swap: 33554428 total, 32394388 free,  1160040 used. 62544348 avail Mem 
--
top - 11:22:22 up 105 days,  3:04,  0 users,  load average: 3.73, 1.29, 1.02
Tasks: 405 total,   1 running, 404 sleeping,   0 stopped,   0 zombie
%Cpu(s): 76.6 us,  0.9 sy,  0.0 ni, 22.5 id,  0.0 wa,  0.0 hi,  0.0 si,  0.0 st
KiB Mem : 65877692 total, 49515244 free,  2179452 used, 14182996 buff/cache
KiB Swap: 33554428 total, 32394388 free,  1160040 used. 62400204 avail Mem 
--
top - 11:22:27 up 105 days,  3:04,  0 users,  load average: 3.43, 1.27, 1.02
Tasks: 405 total,   1 running, 404 sleeping,   0 stopped,   0 zombie
%Cpu(s):  0.0 us,  0.0 sy,  0.0 ni, 99.9 id,  0.0 wa,  0.0 hi,  0.0 si,  0.0 st
KiB Mem : 65877692 total, 49792180 free,  1902516 used, 14182996 buff/cache
KiB Swap: 33554428 total, 32394388 free,  1160040 used. 62677140 avail Mem 
--
top - 11:22:32 up 105 days,  3:04,  0 users,  load average: 3.16, 1.25, 1.01
Tasks: 405 total,   1 running, 404 sleeping,   0 stopped,   0 zombie
%Cpu(s):  0.1 us,  0.1 sy,  0.0 ni, 99.8 id,  0.0 wa,  0.0 hi,  0.0 si,  0.0 st
KiB Mem : 65877692 total, 49737788 free,  1956908 used, 14182996 buff/cache
KiB Swap: 33554428 total, 32394388 free,  1160040 used. 62622748 avail Mem 
--
top - 11:22:37 up 105 days,  3:04,  0 users,  load average: 2.90, 1.23, 1.01
Tasks: 405 total,   1 running, 404 sleeping,   0 stopped,   0 zombie
%Cpu(s):  0.1 us,  0.1 sy,  0.0 ni, 99.8 id,  0.0 wa,  0.0 hi,  0.0 si,  0.0 st
KiB Mem : 65877692 total, 49672092 free,  2022600 used, 14183000 buff/cache
KiB Swap: 33554428 total, 32394388 free,  1160040 used. 62557052 avail Mem 
--
top - 11:22:42 up 105 days,  3:04,  0 users,  load average: 2.67, 1.21, 1.00
Tasks: 405 total,   2 running, 403 sleeping,   0 stopped,   0 zombie
%Cpu(s): 13.2 us,  0.3 sy,  0.0 ni, 86.6 id,  0.0 wa,  0.0 hi,  0.0 si,  0.0 st
KiB Mem : 65877692 total, 49573824 free,  2120868 used, 14183000 buff/cache
KiB Swap: 33554428 total, 32394388 free,  1160040 used. 62458788 avail Mem 
--
top - 11:22:47 up 105 days,  3:04,  0 users,  load average: 4.70, 1.65, 1.15
Tasks: 405 total,   2 running, 403 sleeping,   0 stopped,   0 zombie
%Cpu(s): 93.9 us,  0.5 sy,  0.0 ni,  5.5 id,  0.0 wa,  0.0 hi,  0.0 si,  0.0 st
KiB Mem : 65877692 total, 49391036 free,  2303656 used, 14183000 buff/cache
KiB Swap: 33554428 total, 32394388 free,  1160040 used. 62276000 avail Mem 
--
top - 11:22:52 up 105 days,  3:04,  0 users,  load average: 4.32, 1.63, 1.14
Tasks: 405 total,   1 running, 404 sleeping,   0 stopped,   0 zombie
%Cpu(s):  1.0 us,  0.0 sy,  0.0 ni, 99.0 id,  0.0 wa,  0.0 hi,  0.0 si,  0.0 st
KiB Mem : 65877692 total, 49574488 free,  2120204 used, 14183000 buff/cache
KiB Swap: 33554428 total, 32394388 free,  1160040 used. 62459452 avail Mem 
--
top - 11:22:57 up 105 days,  3:05,  0 users,  load average: 3.98, 1.60, 1.13
Tasks: 405 total,   1 running, 404 sleeping,   0 stopped,   0 zombie
%Cpu(s):  0.1 us,  0.1 sy,  0.0 ni, 99.8 id,  0.0 wa,  0.0 hi,  0.0 si,  0.0 st
KiB Mem : 65877692 total, 49532944 free,  2161748 used, 14183000 buff/cache
KiB Swap: 33554428 total, 32394388 free,  1160040 used. 62417908 avail Mem 
--
top - 11:23:02 up 105 days,  3:05,  0 users,  load average: 3.66, 1.57, 1.13
Tasks: 404 total,   1 running, 403 sleeping,   0 stopped,   0 zombie
%Cpu(s):  0.1 us,  0.1 sy,  0.0 ni, 99.7 id,  0.0 wa,  0.0 hi,  0.0 si,  0.0 st
KiB Mem : 65877692 total, 49459940 free,  2234752 used, 14183000 buff/cache
KiB Swap: 33554428 total, 32394388 free,  1160040 used. 62344904 avail Mem 
--
top - 11:23:07 up 105 days,  3:05,  0 users,  load average: 3.36, 1.55, 1.12
Tasks: 404 total,   1 running, 403 sleeping,   0 stopped,   0 zombie
%Cpu(s):  0.1 us,  0.1 sy,  0.0 ni, 99.8 id,  0.0 wa,  0.0 hi,  0.0 si,  0.0 st
KiB Mem : 65877692 total, 49374368 free,  2320324 used, 14183000 buff/cache
KiB Swap: 33554428 total, 32394388 free,  1160040 used. 62259332 avail Mem 
--
top - 11:23:12 up 105 days,  3:05,  0 users,  load average: 3.10, 1.52, 1.12
Tasks: 404 total,   2 running, 402 sleeping,   0 stopped,   0 zombie
%Cpu(s): 37.9 us,  0.4 sy,  0.0 ni, 61.7 id,  0.0 wa,  0.0 hi,  0.0 si,  0.0 st
KiB Mem : 65877692 total, 49269324 free,  2425368 used, 14183000 buff/cache
KiB Swap: 33554428 total, 32394388 free,  1160040 used. 62154288 avail Mem 
--
top - 11:23:17 up 105 days,  3:05,  0 users,  load average: 4.53, 1.84, 1.22
Tasks: 404 total,   1 running, 403 sleeping,   0 stopped,   0 zombie
%Cpu(s): 65.7 us,  0.3 sy,  0.0 ni, 34.0 id,  0.0 wa,  0.0 hi,  0.0 si,  0.0 st
KiB Mem : 65877692 total, 49164552 free,  2530140 used, 14183000 buff/cache
KiB Swap: 33554428 total, 32394388 free,  1160040 used. 62049516 avail Mem 
--
top - 11:23:22 up 105 days,  3:05,  0 users,  load average: 4.17, 1.81, 1.22
Tasks: 404 total,   1 running, 403 sleeping,   0 stopped,   0 zombie
%Cpu(s):  0.0 us,  0.0 sy,  0.0 ni, 99.9 id,  0.0 wa,  0.0 hi,  0.0 si,  0.0 st
KiB Mem : 65877692 total, 49374664 free,  2320028 used, 14183000 buff/cache
KiB Swap: 33554428 total, 32394388 free,  1160040 used. 62259628 avail Mem 
--
top - 11:23:27 up 105 days,  3:05,  0 users,  load average: 3.83, 1.78, 1.21
Tasks: 403 total,   1 running, 402 sleeping,   0 stopped,   0 zombie
%Cpu(s):  0.1 us,  0.1 sy,  0.0 ni, 99.8 id,  0.0 wa,  0.0 hi,  0.0 si,  0.0 st
KiB Mem : 65877692 total, 49325468 free,  2369224 used, 14183000 buff/cache
KiB Swap: 33554428 total, 32394388 free,  1160040 used. 62210432 avail Mem 
--
top - 11:23:32 up 105 days,  3:05,  0 users,  load average: 3.53, 1.75, 1.20
Tasks: 403 total,   1 running, 402 sleeping,   0 stopped,   0 zombie
%Cpu(s):  0.1 us,  0.1 sy,  0.0 ni, 99.8 id,  0.0 wa,  0.0 hi,  0.0 si,  0.0 st
KiB Mem : 65877692 total, 49258152 free,  2436536 used, 14183004 buff/cache
KiB Swap: 33554428 total, 32394388 free,  1160040 used. 62143116 avail Mem 
--
top - 11:23:37 up 105 days,  3:05,  0 users,  load average: 3.24, 1.72, 1.20
Tasks: 402 total,   1 running, 401 sleeping,   0 stopped,   0 zombie
%Cpu(s):  0.1 us,  0.1 sy,  0.0 ni, 99.8 id,  0.0 wa,  0.0 hi,  0.0 si,  0.0 st
KiB Mem : 65877692 total, 49183112 free,  2511576 used, 14183004 buff/cache
KiB Swap: 33554428 total, 32394388 free,  1160040 used. 62068076 avail Mem 
--
top - 11:23:42 up 105 days,  3:05,  0 users,  load average: 5.47, 2.21, 1.36
Tasks: 402 total,   2 running, 400 sleeping,   0 stopped,   0 zombie
%Cpu(s): 76.7 us,  0.4 sy,  0.0 ni, 22.9 id,  0.0 wa,  0.0 hi,  0.0 si,  0.0 st
KiB Mem : 65877692 total, 49027456 free,  2667232 used, 14183004 buff/cache
KiB Swap: 33554428 total, 32394388 free,  1160040 used. 61912424 avail Mem 
