10.149.0.55
2023/12/27 11:18:53 Master node address: http://10.149.0.59:8000
2023/12/27 11:18:53 Benchmarking worker...
2023/12/27 11:18:55 Worker registered (1867 MCUPS). Waiting for work...
2023/12/27 11:19:30 Got work. Start calculating alignments...
2023/12/27 11:19:30 Calculating 2045 queries
2023/12/27 11:19:36 Done calculating alignments.
2023/12/27 11:19:36 Waiting for work...
2023/12/27 11:19:45 Got work. Start calculating alignments...
2023/12/27 11:19:45 Calculating 2044 queries
2023/12/27 11:19:51 Done calculating alignments.
2023/12/27 11:19:51 Waiting for work...
2023/12/27 11:20:02 Got work. Start calculating alignments...
2023/12/27 11:20:02 Calculating 2043 queries
2023/12/27 11:20:08 Done calculating alignments.
2023/12/27 11:20:08 Waiting for work...
2023/12/27 11:20:19 Got work. Start calculating alignments...
2023/12/27 11:20:19 Calculating 2044 queries
2023/12/27 11:20:25 Done calculating alignments.
2023/12/27 11:20:25 Waiting for work...
2023/12/27 11:20:36 Got work. Start calculating alignments...
2023/12/27 11:20:36 Calculating 2045 queries
2023/12/27 11:20:42 Done calculating alignments.
2023/12/27 11:20:42 Waiting for work...
slurmstepd: error: *** JOB 4753136 ON node055 CANCELLED AT 2023-12-27T11:20:44 ***
