10.149.0.40
2023/12/27 11:10:45 Master node address: http://10.149.0.62:8000
2023/12/27 11:10:45 Benchmarking worker...
2023/12/27 11:10:46 Worker registered (1788 MCUPS). Waiting for work...
2023/12/27 11:12:00 Got work. Start calculating alignments...
2023/12/27 11:12:00 Calculating 1946 queries
2023/12/27 11:12:08 Done calculating alignments.
2023/12/27 11:12:08 Waiting for work...
2023/12/27 11:12:57 Got work. Start calculating alignments...
2023/12/27 11:12:57 Calculating 1947 queries
2023/12/27 11:13:05 Done calculating alignments.
2023/12/27 11:13:05 Waiting for work...
2023/12/27 11:13:54 Got work. Start calculating alignments...
2023/12/27 11:13:54 Calculating 1947 queries
2023/12/27 11:14:02 Done calculating alignments.
2023/12/27 11:14:02 Waiting for work...
2023/12/27 11:14:48 Got work. Start calculating alignments...
2023/12/27 11:14:48 Calculating 1948 queries
2023/12/27 11:14:55 Done calculating alignments.
2023/12/27 11:14:55 Waiting for work...
2023/12/27 11:15:47 Got work. Start calculating alignments...
2023/12/27 11:15:47 Calculating 1947 queries
2023/12/27 11:15:55 Done calculating alignments.
2023/12/27 11:15:55 Waiting for work...
slurmstepd: error: *** JOB 4753110 ON node040 CANCELLED AT 2023-12-27T11:15:58 ***
