10.149.0.68
2023/12/27 11:17:22 Master node address: http://10.149.0.60:8000
2023/12/27 11:17:22 Benchmarking worker...
2023/12/27 11:17:23 Worker registered (1853 MCUPS). Waiting for work...
2023/12/27 11:17:58 Got work. Start calculating alignments...
2023/12/27 11:17:58 Calculating 2024 queries
2023/12/27 11:18:04 Done calculating alignments.
2023/12/27 11:18:04 Waiting for work...
2023/12/27 11:18:09 Got work. Start calculating alignments...
2023/12/27 11:18:09 Calculating 2024 queries
2023/12/27 11:18:15 Done calculating alignments.
2023/12/27 11:18:15 Waiting for work...
2023/12/27 11:18:20 Got work. Start calculating alignments...
2023/12/27 11:18:20 Calculating 2024 queries
2023/12/27 11:18:27 Done calculating alignments.
2023/12/27 11:18:27 Waiting for work...
2023/12/27 11:18:32 Got work. Start calculating alignments...
2023/12/27 11:18:32 Calculating 2025 queries
2023/12/27 11:18:38 Done calculating alignments.
2023/12/27 11:18:38 Waiting for work...
2023/12/27 11:18:42 Got work. Start calculating alignments...
2023/12/27 11:18:42 Calculating 2025 queries
2023/12/27 11:18:49 Done calculating alignments.
2023/12/27 11:18:49 Waiting for work...
slurmstepd: error: *** JOB 4753127 ON node068 CANCELLED AT 2023-12-27T11:18:50 ***
