Job id: 4753160
Worker ip: 10.149.0.59
Master ip: 10.149.0.54
--
top - 11:23:49 up 105 days,  3:07,  0 users,  load average: 0.01, 0.25, 1.05
Tasks: 398 total,   1 running, 397 sleeping,   0 stopped,   0 zombie
%Cpu(s):  0.2 us,  0.2 sy,  0.0 ni, 99.6 id,  0.0 wa,  0.0 hi,  0.0 si,  0.0 st
KiB Mem : 65877692 total, 49880488 free,  1183716 used, 14813488 buff/cache
KiB Swap: 33554428 total, 32369528 free,  1184900 used. 63474692 avail Mem 
--
top - 11:23:55 up 105 days,  3:07,  0 users,  load average: 0.09, 0.26, 1.05
Tasks: 399 total,   1 running, 398 sleeping,   0 stopped,   0 zombie
%Cpu(s):  1.7 us,  0.6 sy,  0.0 ni, 97.7 id,  0.0 wa,  0.0 hi,  0.0 si,  0.0 st
KiB Mem : 65877692 total, 49847984 free,  1209440 used, 14820268 buff/cache
KiB Swap: 33554428 total, 32369528 free,  1184900 used. 63448848 avail Mem 
--
top - 11:24:00 up 105 days,  3:07,  0 users,  load average: 0.08, 0.26, 1.05
Tasks: 409 total,   7 running, 402 sleeping,   0 stopped,   0 zombie
%Cpu(s):  0.1 us,  0.1 sy,  0.0 ni, 99.8 id,  0.0 wa,  0.0 hi,  0.0 si,  0.0 st
KiB Mem : 65877692 total, 49841044 free,  1216380 used, 14820268 buff/cache
KiB Swap: 33554428 total, 32369528 free,  1184900 used. 63441908 avail Mem 
--
top - 11:24:05 up 105 days,  3:07,  0 users,  load average: 0.08, 0.25, 1.04
Tasks: 402 total,   1 running, 401 sleeping,   0 stopped,   0 zombie
%Cpu(s):  0.3 us,  0.2 sy,  0.0 ni, 99.1 id,  0.5 wa,  0.0 hi,  0.0 si,  0.0 st
KiB Mem : 65877692 total, 49846988 free,  1210436 used, 14820268 buff/cache
KiB Swap: 33554428 total, 32369528 free,  1184900 used. 63447852 avail Mem 
--
top - 11:24:10 up 105 days,  3:08,  0 users,  load average: 0.07, 0.25, 1.04
Tasks: 402 total,   1 running, 401 sleeping,   0 stopped,   0 zombie
%Cpu(s):  0.0 us,  0.0 sy,  0.0 ni,100.0 id,  0.0 wa,  0.0 hi,  0.0 si,  0.0 st
KiB Mem : 65877692 total, 49848156 free,  1209268 used, 14820268 buff/cache
KiB Swap: 33554428 total, 32369528 free,  1184900 used. 63449020 avail Mem 
--
top - 11:24:15 up 105 days,  3:08,  0 users,  load average: 0.06, 0.24, 1.03
Tasks: 402 total,   1 running, 401 sleeping,   0 stopped,   0 zombie
%Cpu(s):  0.0 us,  0.0 sy,  0.0 ni,100.0 id,  0.0 wa,  0.0 hi,  0.0 si,  0.0 st
KiB Mem : 65877692 total, 49849132 free,  1208292 used, 14820268 buff/cache
KiB Swap: 33554428 total, 32369528 free,  1184900 used. 63449996 avail Mem 
--
top - 11:24:20 up 105 days,  3:08,  0 users,  load average: 0.06, 0.24, 1.03
Tasks: 402 total,   1 running, 401 sleeping,   0 stopped,   0 zombie
%Cpu(s):  0.0 us,  0.0 sy,  0.0 ni,100.0 id,  0.0 wa,  0.0 hi,  0.0 si,  0.0 st
KiB Mem : 65877692 total, 49848084 free,  1209340 used, 14820268 buff/cache
KiB Swap: 33554428 total, 32369528 free,  1184900 used. 63448948 avail Mem 
--
top - 11:24:25 up 105 days,  3:08,  0 users,  load average: 0.05, 0.24, 1.02
Tasks: 402 total,   1 running, 401 sleeping,   0 stopped,   0 zombie
%Cpu(s):  0.0 us,  0.0 sy,  0.0 ni,100.0 id,  0.0 wa,  0.0 hi,  0.0 si,  0.0 st
KiB Mem : 65877692 total, 49848928 free,  1208496 used, 14820268 buff/cache
KiB Swap: 33554428 total, 32369528 free,  1184900 used. 63449792 avail Mem 
--
top - 11:24:30 up 105 days,  3:08,  0 users,  load average: 0.05, 0.23, 1.02
Tasks: 402 total,   1 running, 401 sleeping,   0 stopped,   0 zombie
%Cpu(s):  0.0 us,  0.0 sy,  0.0 ni, 99.9 id,  0.0 wa,  0.0 hi,  0.0 si,  0.0 st
KiB Mem : 65877692 total, 49846104 free,  1211320 used, 14820268 buff/cache
KiB Swap: 33554428 total, 32369528 free,  1184900 used. 63446968 avail Mem 
--
top - 11:24:35 up 105 days,  3:08,  0 users,  load average: 0.05, 0.23, 1.01
Tasks: 402 total,   1 running, 401 sleeping,   0 stopped,   0 zombie
%Cpu(s):  0.0 us,  0.0 sy,  0.0 ni, 99.9 id,  0.0 wa,  0.0 hi,  0.0 si,  0.0 st
KiB Mem : 65877692 total, 49826276 free,  1231148 used, 14820268 buff/cache
KiB Swap: 33554428 total, 32369528 free,  1184900 used. 63427140 avail Mem 
--
top - 11:24:40 up 105 days,  3:08,  0 users,  load average: 0.04, 0.22, 1.00
Tasks: 402 total,   1 running, 401 sleeping,   0 stopped,   0 zombie
%Cpu(s):  0.1 us,  0.0 sy,  0.0 ni, 99.9 id,  0.0 wa,  0.0 hi,  0.0 si,  0.0 st
KiB Mem : 65877692 total, 49782868 free,  1274556 used, 14820268 buff/cache
KiB Swap: 33554428 total, 32369528 free,  1184900 used. 63383732 avail Mem 
--
top - 11:24:45 up 105 days,  3:08,  0 users,  load average: 0.04, 0.22, 1.00
Tasks: 402 total,   1 running, 401 sleeping,   0 stopped,   0 zombie
%Cpu(s):  0.1 us,  0.0 sy,  0.0 ni, 99.8 id,  0.1 wa,  0.0 hi,  0.0 si,  0.0 st
KiB Mem : 65877692 total, 49747344 free,  1310076 used, 14820272 buff/cache
KiB Swap: 33554428 total, 32369528 free,  1184900 used. 63348208 avail Mem 
--
top - 11:24:50 up 105 days,  3:08,  0 users,  load average: 0.04, 0.22, 0.99
Tasks: 402 total,   1 running, 401 sleeping,   0 stopped,   0 zombie
%Cpu(s):  0.1 us,  0.1 sy,  0.0 ni, 99.9 id,  0.0 wa,  0.0 hi,  0.0 si,  0.0 st
KiB Mem : 65877692 total, 49711788 free,  1345632 used, 14820272 buff/cache
KiB Swap: 33554428 total, 32369528 free,  1184900 used. 63312656 avail Mem 
--
top - 11:24:55 up 105 days,  3:08,  0 users,  load average: 0.03, 0.21, 0.99
Tasks: 402 total,   1 running, 401 sleeping,   0 stopped,   0 zombie
%Cpu(s):  0.1 us,  0.1 sy,  0.0 ni, 99.8 id,  0.0 wa,  0.0 hi,  0.0 si,  0.0 st
KiB Mem : 65877692 total, 49656584 free,  1400836 used, 14820272 buff/cache
KiB Swap: 33554428 total, 32369528 free,  1184900 used. 63257452 avail Mem 
--
top - 11:25:00 up 105 days,  3:08,  0 users,  load average: 0.03, 0.21, 0.98
Tasks: 399 total,   1 running, 398 sleeping,   0 stopped,   0 zombie
%Cpu(s):  0.1 us,  0.1 sy,  0.0 ni, 99.9 id,  0.0 wa,  0.0 hi,  0.0 si,  0.0 st
KiB Mem : 65877692 total, 49622192 free,  1435228 used, 14820272 buff/cache
KiB Swap: 33554428 total, 32369528 free,  1184900 used. 63223060 avail Mem 
--
top - 11:25:05 up 105 days,  3:08,  0 users,  load average: 0.03, 0.21, 0.98
Tasks: 399 total,   1 running, 398 sleeping,   0 stopped,   0 zombie
%Cpu(s):  0.1 us,  0.0 sy,  0.0 ni, 99.9 id,  0.0 wa,  0.0 hi,  0.0 si,  0.0 st
KiB Mem : 65877692 total, 49604032 free,  1453388 used, 14820272 buff/cache
KiB Swap: 33554428 total, 32369528 free,  1184900 used. 63204900 avail Mem 
--
top - 11:25:10 up 105 days,  3:09,  0 users,  load average: 0.03, 0.20, 0.97
Tasks: 399 total,   1 running, 398 sleeping,   0 stopped,   0 zombie
%Cpu(s):  0.1 us,  0.1 sy,  0.0 ni, 99.9 id,  0.0 wa,  0.0 hi,  0.0 si,  0.0 st
KiB Mem : 65877692 total, 49544856 free,  1512564 used, 14820272 buff/cache
KiB Swap: 33554428 total, 32369528 free,  1184900 used. 63145724 avail Mem 
--
top - 11:25:15 up 105 days,  3:09,  0 users,  load average: 2.19, 0.65, 1.11
Tasks: 399 total,   2 running, 397 sleeping,   0 stopped,   0 zombie
%Cpu(s): 76.1 us,  0.6 sy,  0.0 ni, 23.3 id,  0.0 wa,  0.0 hi,  0.0 si,  0.0 st
KiB Mem : 65877692 total, 49157836 free,  1899584 used, 14820272 buff/cache
KiB Swap: 33554428 total, 32369528 free,  1184900 used. 62758704 avail Mem 
--
top - 11:25:20 up 105 days,  3:09,  0 users,  load average: 2.01, 0.64, 1.11
Tasks: 399 total,   1 running, 398 sleeping,   0 stopped,   0 zombie
%Cpu(s): 38.9 us,  0.2 sy,  0.0 ni, 60.9 id,  0.0 wa,  0.0 hi,  0.0 si,  0.0 st
KiB Mem : 65877692 total, 49101344 free,  1956076 used, 14820272 buff/cache
KiB Swap: 33554428 total, 32369528 free,  1184900 used. 62702212 avail Mem 
--
top - 11:25:25 up 105 days,  3:09,  0 users,  load average: 1.85, 0.63, 1.10
Tasks: 399 total,   1 running, 398 sleeping,   0 stopped,   0 zombie
%Cpu(s):  0.0 us,  0.0 sy,  0.0 ni, 99.9 id,  0.0 wa,  0.0 hi,  0.0 si,  0.0 st
KiB Mem : 65877692 total, 49369000 free,  1688420 used, 14820272 buff/cache
KiB Swap: 33554428 total, 32369528 free,  1184900 used. 62969868 avail Mem 
--
top - 11:25:30 up 105 days,  3:09,  0 users,  load average: 1.70, 0.62, 1.09
Tasks: 399 total,   1 running, 398 sleeping,   0 stopped,   0 zombie
%Cpu(s):  0.0 us,  0.0 sy,  0.0 ni, 99.9 id,  0.0 wa,  0.0 hi,  0.0 si,  0.0 st
KiB Mem : 65877692 total, 49368296 free,  1689124 used, 14820272 buff/cache
KiB Swap: 33554428 total, 32369528 free,  1184900 used. 62969164 avail Mem 
--
top - 11:25:35 up 105 days,  3:09,  0 users,  load average: 1.57, 0.61, 1.09
Tasks: 399 total,   1 running, 398 sleeping,   0 stopped,   0 zombie
%Cpu(s):  0.1 us,  0.1 sy,  0.0 ni, 99.8 id,  0.0 wa,  0.0 hi,  0.0 si,  0.0 st
KiB Mem : 65877692 total, 49332352 free,  1725068 used, 14820272 buff/cache
KiB Swap: 33554428 total, 32369528 free,  1184900 used. 62933220 avail Mem 
--
top - 11:25:40 up 105 days,  3:09,  0 users,  load average: 1.44, 0.60, 1.08
Tasks: 399 total,   1 running, 398 sleeping,   0 stopped,   0 zombie
%Cpu(s):  0.1 us,  0.1 sy,  0.0 ni, 99.9 id,  0.0 wa,  0.0 hi,  0.0 si,  0.0 st
KiB Mem : 65877692 total, 49288592 free,  1768824 used, 14820276 buff/cache
KiB Swap: 33554428 total, 32369528 free,  1184900 used. 62889464 avail Mem 
--
top - 11:25:45 up 105 days,  3:09,  0 users,  load average: 1.32, 0.59, 1.08
Tasks: 399 total,   1 running, 398 sleeping,   0 stopped,   0 zombie
%Cpu(s):  0.1 us,  0.0 sy,  0.0 ni, 99.9 id,  0.0 wa,  0.0 hi,  0.0 si,  0.0 st
KiB Mem : 65877692 total, 49261932 free,  1795484 used, 14820276 buff/cache
KiB Swap: 33554428 total, 32369528 free,  1184900 used. 62862804 avail Mem 
--
top - 11:25:50 up 105 days,  3:09,  0 users,  load average: 1.22, 0.58, 1.07
Tasks: 399 total,   2 running, 397 sleeping,   0 stopped,   0 zombie
%Cpu(s):  0.1 us,  0.1 sy,  0.0 ni, 99.9 id,  0.0 wa,  0.0 hi,  0.0 si,  0.0 st
KiB Mem : 65877692 total, 49218608 free,  1838808 used, 14820276 buff/cache
KiB Swap: 33554428 total, 32369528 free,  1184900 used. 62819480 avail Mem 
--
top - 11:25:55 up 105 days,  3:09,  0 users,  load average: 1.12, 0.57, 1.07
Tasks: 399 total,   1 running, 398 sleeping,   0 stopped,   0 zombie
%Cpu(s):  0.1 us,  0.1 sy,  0.0 ni, 99.8 id,  0.0 wa,  0.0 hi,  0.0 si,  0.0 st
KiB Mem : 65877692 total, 49174816 free,  1882600 used, 14820276 buff/cache
KiB Swap: 33554428 total, 32369528 free,  1184900 used. 62775688 avail Mem 
--
top - 11:26:00 up 105 days,  3:09,  0 users,  load average: 1.03, 0.56, 1.06
Tasks: 404 total,   1 running, 403 sleeping,   0 stopped,   0 zombie
%Cpu(s):  0.5 us,  0.2 sy,  0.0 ni, 99.1 id,  0.2 wa,  0.0 hi,  0.0 si,  0.0 st
KiB Mem : 65877692 total, 49139752 free,  1917664 used, 14820276 buff/cache
KiB Swap: 33554428 total, 32369528 free,  1184900 used. 62740624 avail Mem 
--
top - 11:26:05 up 105 days,  3:09,  0 users,  load average: 0.95, 0.55, 1.05
Tasks: 403 total,   1 running, 402 sleeping,   0 stopped,   0 zombie
%Cpu(s):  0.1 us,  0.1 sy,  0.0 ni, 99.7 id,  0.1 wa,  0.0 hi,  0.0 si,  0.0 st
KiB Mem : 65877692 total, 49099284 free,  1958132 used, 14820276 buff/cache
KiB Swap: 33554428 total, 32369528 free,  1184900 used. 62700156 avail Mem 
--
top - 11:26:10 up 105 days,  3:10,  0 users,  load average: 3.19, 1.02, 1.20
Tasks: 403 total,   2 running, 401 sleeping,   0 stopped,   0 zombie
%Cpu(s): 91.0 us,  0.7 sy,  0.0 ni,  8.3 id,  0.0 wa,  0.0 hi,  0.0 si,  0.0 st
KiB Mem : 65877692 total, 48920052 free,  2137364 used, 14820276 buff/cache
KiB Swap: 33554428 total, 32369528 free,  1184900 used. 62520924 avail Mem 
--
top - 11:26:15 up 105 days,  3:10,  0 users,  load average: 2.94, 1.00, 1.20
Tasks: 403 total,   1 running, 402 sleeping,   0 stopped,   0 zombie
%Cpu(s): 17.6 us,  0.1 sy,  0.0 ni, 82.3 id,  0.0 wa,  0.0 hi,  0.0 si,  0.0 st
KiB Mem : 65877692 total, 48888896 free,  2168520 used, 14820276 buff/cache
KiB Swap: 33554428 total, 32369528 free,  1184900 used. 62489768 avail Mem 
--
top - 11:26:20 up 105 days,  3:10,  0 users,  load average: 2.70, 0.99, 1.19
Tasks: 403 total,   1 running, 402 sleeping,   0 stopped,   0 zombie
%Cpu(s):  0.0 us,  0.0 sy,  0.0 ni, 99.9 id,  0.0 wa,  0.0 hi,  0.0 si,  0.0 st
KiB Mem : 65877692 total, 49128296 free,  1929120 used, 14820276 buff/cache
KiB Swap: 33554428 total, 32369528 free,  1184900 used. 62729168 avail Mem 
--
top - 11:26:25 up 105 days,  3:10,  0 users,  load average: 2.49, 0.97, 1.18
Tasks: 403 total,   1 running, 402 sleeping,   0 stopped,   0 zombie
%Cpu(s):  0.0 us,  0.0 sy,  0.0 ni,100.0 id,  0.0 wa,  0.0 hi,  0.0 si,  0.0 st
KiB Mem : 65877692 total, 49129412 free,  1928004 used, 14820276 buff/cache
KiB Swap: 33554428 total, 32369528 free,  1184900 used. 62730284 avail Mem 
--
top - 11:26:30 up 105 days,  3:10,  0 users,  load average: 2.29, 0.95, 1.18
Tasks: 403 total,   2 running, 401 sleeping,   0 stopped,   0 zombie
%Cpu(s):  0.1 us,  0.0 sy,  0.0 ni, 99.9 id,  0.0 wa,  0.0 hi,  0.0 si,  0.0 st
KiB Mem : 65877692 total, 49105624 free,  1951792 used, 14820276 buff/cache
KiB Swap: 33554428 total, 32369528 free,  1184900 used. 62706496 avail Mem 
--
top - 11:26:35 up 105 days,  3:10,  0 users,  load average: 2.10, 0.94, 1.17
Tasks: 402 total,   1 running, 401 sleeping,   0 stopped,   0 zombie
%Cpu(s):  0.1 us,  0.1 sy,  0.0 ni, 99.9 id,  0.0 wa,  0.0 hi,  0.0 si,  0.0 st
KiB Mem : 65877692 total, 49071012 free,  1986400 used, 14820280 buff/cache
KiB Swap: 33554428 total, 32369528 free,  1184900 used. 62671888 avail Mem 
--
top - 11:26:40 up 105 days,  3:10,  0 users,  load average: 1.94, 0.92, 1.17
Tasks: 402 total,   1 running, 401 sleeping,   0 stopped,   0 zombie
%Cpu(s):  0.1 us,  0.1 sy,  0.0 ni, 99.9 id,  0.0 wa,  0.0 hi,  0.0 si,  0.0 st
KiB Mem : 65877692 total, 49037164 free,  2020248 used, 14820280 buff/cache
KiB Swap: 33554428 total, 32369528 free,  1184900 used. 62638040 avail Mem 
--
top - 11:26:45 up 105 days,  3:10,  0 users,  load average: 1.78, 0.91, 1.16
Tasks: 402 total,   1 running, 401 sleeping,   0 stopped,   0 zombie
%Cpu(s):  0.1 us,  0.1 sy,  0.0 ni, 99.9 id,  0.0 wa,  0.0 hi,  0.0 si,  0.0 st
KiB Mem : 65877692 total, 48992368 free,  2065044 used, 14820280 buff/cache
KiB Swap: 33554428 total, 32369528 free,  1184900 used. 62593244 avail Mem 
--
top - 11:26:50 up 105 days,  3:10,  0 users,  load average: 1.64, 0.89, 1.15
Tasks: 402 total,   1 running, 401 sleeping,   0 stopped,   0 zombie
%Cpu(s):  0.1 us,  0.1 sy,  0.0 ni, 99.9 id,  0.0 wa,  0.0 hi,  0.0 si,  0.0 st
KiB Mem : 65877692 total, 48947016 free,  2110396 used, 14820280 buff/cache
KiB Swap: 33554428 total, 32369528 free,  1184900 used. 62547892 avail Mem 
--
top - 11:26:55 up 105 days,  3:10,  0 users,  load average: 1.51, 0.88, 1.15
Tasks: 402 total,   1 running, 401 sleeping,   0 stopped,   0 zombie
%Cpu(s):  0.1 us,  0.0 sy,  0.0 ni, 99.9 id,  0.0 wa,  0.0 hi,  0.0 si,  0.0 st
KiB Mem : 65877692 total, 48922120 free,  2135292 used, 14820280 buff/cache
KiB Swap: 33554428 total, 32369528 free,  1184900 used. 62522996 avail Mem 
--
top - 11:27:00 up 105 days,  3:10,  0 users,  load average: 1.39, 0.86, 1.14
Tasks: 398 total,   1 running, 397 sleeping,   0 stopped,   0 zombie
%Cpu(s):  0.1 us,  0.1 sy,  0.0 ni, 99.8 id,  0.0 wa,  0.0 hi,  0.0 si,  0.0 st
KiB Mem : 65877692 total, 48897152 free,  2160260 used, 14820280 buff/cache
KiB Swap: 33554428 total, 32369528 free,  1184900 used. 62498028 avail Mem 
--
top - 11:27:05 up 105 days,  3:10,  0 users,  load average: 1.28, 0.85, 1.13
Tasks: 397 total,   2 running, 395 sleeping,   0 stopped,   0 zombie
%Cpu(s): 10.1 us,  0.3 sy,  0.0 ni, 89.6 id,  0.0 wa,  0.0 hi,  0.0 si,  0.0 st
KiB Mem : 65877692 total, 48823332 free,  2234080 used, 14820280 buff/cache
KiB Swap: 33554428 total, 32369528 free,  1184900 used. 62424208 avail Mem 
--
top - 11:27:10 up 105 days,  3:11,  0 users,  load average: 3.42, 1.30, 1.28
Tasks: 397 total,   2 running, 395 sleeping,   0 stopped,   0 zombie
%Cpu(s): 96.0 us,  0.7 sy,  0.0 ni,  3.3 id,  0.0 wa,  0.0 hi,  0.0 si,  0.0 st
KiB Mem : 65877692 total, 48649504 free,  2407908 used, 14820280 buff/cache
KiB Swap: 33554428 total, 32369528 free,  1184900 used. 62250380 avail Mem 
--
top - 11:27:15 up 105 days,  3:11,  0 users,  load average: 3.14, 1.28, 1.27
Tasks: 397 total,   1 running, 396 sleeping,   0 stopped,   0 zombie
%Cpu(s):  6.5 us,  0.1 sy,  0.0 ni, 93.4 id,  0.0 wa,  0.0 hi,  0.0 si,  0.0 st
KiB Mem : 65877692 total, 48761080 free,  2296332 used, 14820280 buff/cache
KiB Swap: 33554428 total, 32369528 free,  1184900 used. 62361956 avail Mem 
--
top - 11:27:20 up 105 days,  3:11,  0 users,  load average: 2.89, 1.26, 1.26
Tasks: 397 total,   1 running, 396 sleeping,   0 stopped,   0 zombie
%Cpu(s):  0.0 us,  0.0 sy,  0.0 ni, 99.9 id,  0.0 wa,  0.0 hi,  0.0 si,  0.0 st
KiB Mem : 65877692 total, 48921008 free,  2136404 used, 14820280 buff/cache
KiB Swap: 33554428 total, 32369528 free,  1184900 used. 62521884 avail Mem 
--
top - 11:27:25 up 105 days,  3:11,  0 users,  load average: 2.66, 1.24, 1.26
Tasks: 397 total,   1 running, 396 sleeping,   0 stopped,   0 zombie
%Cpu(s):  0.0 us,  0.0 sy,  0.0 ni, 99.9 id,  0.0 wa,  0.0 hi,  0.0 si,  0.0 st
KiB Mem : 65877692 total, 48918180 free,  2139228 used, 14820284 buff/cache
KiB Swap: 33554428 total, 32369528 free,  1184900 used. 62519060 avail Mem 
--
top - 11:27:30 up 105 days,  3:11,  0 users,  load average: 2.45, 1.22, 1.25
Tasks: 397 total,   1 running, 396 sleeping,   0 stopped,   0 zombie
%Cpu(s):  0.1 us,  0.1 sy,  0.0 ni, 99.9 id,  0.0 wa,  0.0 hi,  0.0 si,  0.0 st
KiB Mem : 65877692 total, 48880048 free,  2177360 used, 14820284 buff/cache
KiB Swap: 33554428 total, 32369528 free,  1184900 used. 62480928 avail Mem 
--
top - 11:27:35 up 105 days,  3:11,  0 users,  load average: 2.25, 1.20, 1.24
Tasks: 396 total,   1 running, 395 sleeping,   0 stopped,   0 zombie
%Cpu(s):  0.1 us,  0.1 sy,  0.0 ni, 99.9 id,  0.0 wa,  0.0 hi,  0.0 si,  0.0 st
KiB Mem : 65877692 total, 48843036 free,  2214372 used, 14820284 buff/cache
KiB Swap: 33554428 total, 32369528 free,  1184900 used. 62443916 avail Mem 
--
top - 11:27:40 up 105 days,  3:11,  0 users,  load average: 2.07, 1.18, 1.24
Tasks: 396 total,   1 running, 395 sleeping,   0 stopped,   0 zombie
%Cpu(s):  0.1 us,  0.0 sy,  0.0 ni, 99.9 id,  0.0 wa,  0.0 hi,  0.0 si,  0.0 st
KiB Mem : 65877692 total, 48816944 free,  2240464 used, 14820284 buff/cache
KiB Swap: 33554428 total, 32369528 free,  1184900 used. 62417824 avail Mem 
--
top - 11:27:45 up 105 days,  3:11,  0 users,  load average: 1.90, 1.16, 1.23
Tasks: 396 total,   1 running, 395 sleeping,   0 stopped,   0 zombie
%Cpu(s):  0.1 us,  0.1 sy,  0.0 ni, 99.9 id,  0.0 wa,  0.0 hi,  0.0 si,  0.0 st
KiB Mem : 65877692 total, 48766848 free,  2290560 used, 14820284 buff/cache
KiB Swap: 33554428 total, 32369528 free,  1184900 used. 62367728 avail Mem 
--
top - 11:27:50 up 105 days,  3:11,  0 users,  load average: 1.75, 1.14, 1.22
Tasks: 396 total,   1 running, 395 sleeping,   0 stopped,   0 zombie
%Cpu(s):  0.1 us,  0.0 sy,  0.0 ni, 99.9 id,  0.0 wa,  0.0 hi,  0.0 si,  0.0 st
KiB Mem : 65877692 total, 48737576 free,  2319832 used, 14820284 buff/cache
KiB Swap: 33554428 total, 32369528 free,  1184900 used. 62338456 avail Mem 
--
top - 11:27:56 up 105 days,  3:11,  0 users,  load average: 1.61, 1.12, 1.22
Tasks: 396 total,   2 running, 394 sleeping,   0 stopped,   0 zombie
%Cpu(s):  0.1 us,  0.1 sy,  0.0 ni, 99.8 id,  0.0 wa,  0.0 hi,  0.0 si,  0.0 st
KiB Mem : 65877692 total, 48709312 free,  2348096 used, 14820284 buff/cache
KiB Swap: 33554428 total, 32369528 free,  1184900 used. 62310192 avail Mem 
--
top - 11:28:01 up 105 days,  3:11,  0 users,  load average: 1.48, 1.10, 1.21
Tasks: 396 total,   1 running, 395 sleeping,   0 stopped,   0 zombie
%Cpu(s):  0.5 us,  0.3 sy,  0.0 ni, 98.9 id,  0.3 wa,  0.0 hi,  0.0 si,  0.0 st
KiB Mem : 65877692 total, 48650000 free,  2407408 used, 14820284 buff/cache
KiB Swap: 33554428 total, 32369528 free,  1184900 used. 62250880 avail Mem 
--
top - 11:28:06 up 105 days,  3:11,  0 users,  load average: 1.36, 1.08, 1.20
Tasks: 400 total,   2 running, 398 sleeping,   0 stopped,   0 zombie
%Cpu(s): 34.9 us,  0.4 sy,  0.0 ni, 64.7 id,  0.0 wa,  0.0 hi,  0.0 si,  0.0 st
KiB Mem : 65877692 total, 48542692 free,  2514716 used, 14820284 buff/cache
KiB Swap: 33554428 total, 32369528 free,  1184900 used. 62143572 avail Mem 
--
top - 11:28:11 up 105 days,  3:12,  0 users,  load average: 2.78, 1.38, 1.30
Tasks: 400 total,   2 running, 398 sleeping,   0 stopped,   0 zombie
%Cpu(s): 68.1 us,  0.5 sy,  0.0 ni, 31.3 id,  0.0 wa,  0.0 hi,  0.0 si,  0.0 st
KiB Mem : 65877692 total, 48390376 free,  2667032 used, 14820284 buff/cache
KiB Swap: 33554428 total, 32369528 free,  1184900 used. 61991256 avail Mem 
--
top - 11:28:16 up 105 days,  3:12,  0 users,  load average: 2.55, 1.36, 1.29
Tasks: 400 total,   1 running, 399 sleeping,   0 stopped,   0 zombie
%Cpu(s):  0.1 us,  0.0 sy,  0.0 ni, 99.9 id,  0.0 wa,  0.0 hi,  0.0 si,  0.0 st
KiB Mem : 65877692 total, 48706200 free,  2351208 used, 14820284 buff/cache
KiB Swap: 33554428 total, 32369528 free,  1184900 used. 62307080 avail Mem 
--
top - 11:28:21 up 105 days,  3:12,  0 users,  load average: 2.35, 1.33, 1.29
Tasks: 400 total,   1 running, 399 sleeping,   0 stopped,   0 zombie
%Cpu(s):  0.0 us,  0.0 sy,  0.0 ni,100.0 id,  0.0 wa,  0.0 hi,  0.0 si,  0.0 st
KiB Mem : 65877692 total, 48707120 free,  2350284 used, 14820288 buff/cache
KiB Swap: 33554428 total, 32369528 free,  1184900 used. 62308000 avail Mem 
--
top - 11:28:26 up 105 days,  3:12,  0 users,  load average: 2.16, 1.31, 1.28
Tasks: 400 total,   1 running, 399 sleeping,   0 stopped,   0 zombie
%Cpu(s):  0.0 us,  0.0 sy,  0.0 ni, 99.9 id,  0.0 wa,  0.0 hi,  0.0 si,  0.0 st
KiB Mem : 65877692 total, 48691288 free,  2366116 used, 14820288 buff/cache
KiB Swap: 33554428 total, 32369528 free,  1184900 used. 62292172 avail Mem 
--
top - 11:28:31 up 105 days,  3:12,  0 users,  load average: 1.99, 1.29, 1.27
Tasks: 400 total,   1 running, 399 sleeping,   0 stopped,   0 zombie
%Cpu(s):  0.1 us,  0.1 sy,  0.0 ni, 99.8 id,  0.0 wa,  0.0 hi,  0.0 si,  0.0 st
KiB Mem : 65877692 total, 48658744 free,  2398660 used, 14820288 buff/cache
KiB Swap: 33554428 total, 32369528 free,  1184900 used. 62259628 avail Mem 
--
top - 11:28:36 up 105 days,  3:12,  0 users,  load average: 1.83, 1.27, 1.27
Tasks: 400 total,   1 running, 399 sleeping,   0 stopped,   0 zombie
%Cpu(s):  0.1 us,  0.1 sy,  0.0 ni, 99.8 id,  0.0 wa,  0.0 hi,  0.0 si,  0.0 st
KiB Mem : 65877692 total, 48621812 free,  2435592 used, 14820288 buff/cache
KiB Swap: 33554428 total, 32369528 free,  1184900 used. 62222696 avail Mem 
--
top - 11:28:41 up 105 days,  3:12,  0 users,  load average: 1.68, 1.25, 1.26
Tasks: 400 total,   1 running, 399 sleeping,   0 stopped,   0 zombie
%Cpu(s):  0.1 us,  0.1 sy,  0.0 ni, 99.9 id,  0.0 wa,  0.0 hi,  0.0 si,  0.0 st
KiB Mem : 65877692 total, 48575988 free,  2481416 used, 14820288 buff/cache
KiB Swap: 33554428 total, 32369528 free,  1184900 used. 62176872 avail Mem 
--
top - 11:28:46 up 105 days,  3:12,  0 users,  load average: 1.55, 1.23, 1.25
Tasks: 400 total,   1 running, 399 sleeping,   0 stopped,   0 zombie
%Cpu(s):  0.1 us,  0.0 sy,  0.0 ni, 99.9 id,  0.0 wa,  0.0 hi,  0.0 si,  0.0 st
KiB Mem : 65877692 total, 48540028 free,  2517376 used, 14820288 buff/cache
KiB Swap: 33554428 total, 32369528 free,  1184900 used. 62140912 avail Mem 
--
top - 11:28:51 up 105 days,  3:12,  0 users,  load average: 1.42, 1.21, 1.25
Tasks: 400 total,   1 running, 399 sleeping,   0 stopped,   0 zombie
%Cpu(s):  0.1 us,  0.1 sy,  0.0 ni, 99.9 id,  0.0 wa,  0.0 hi,  0.0 si,  0.0 st
KiB Mem : 65877692 total, 48497124 free,  2560280 used, 14820288 buff/cache
KiB Swap: 33554428 total, 32369528 free,  1184900 used. 62098008 avail Mem 
--
top - 11:28:56 up 105 days,  3:12,  0 users,  load average: 1.39, 1.20, 1.24
Tasks: 400 total,   1 running, 399 sleeping,   0 stopped,   0 zombie
%Cpu(s):  0.1 us,  0.1 sy,  0.0 ni, 99.9 id,  0.0 wa,  0.0 hi,  0.0 si,  0.0 st
KiB Mem : 65877692 total, 48472788 free,  2584616 used, 14820288 buff/cache
KiB Swap: 33554428 total, 32369528 free,  1184900 used. 62073672 avail Mem 
--
top - 11:29:01 up 105 days,  3:12,  0 users,  load average: 1.28, 1.18, 1.24
Tasks: 397 total,   2 running, 395 sleeping,   0 stopped,   0 zombie
%Cpu(s): 39.8 us,  0.8 sy,  0.0 ni, 59.4 id,  0.0 wa,  0.0 hi,  0.0 si,  0.0 st
KiB Mem : 65877692 total, 48367260 free,  2690144 used, 14820288 buff/cache
KiB Swap: 33554428 total, 32369528 free,  1184900 used. 61968144 avail Mem 
--
top - 11:29:06 up 105 days,  3:12,  0 users,  load average: 3.18, 1.58, 1.36
Tasks: 396 total,   1 running, 395 sleeping,   0 stopped,   0 zombie
%Cpu(s): 67.2 us,  0.3 sy,  0.0 ni, 32.5 id,  0.0 wa,  0.0 hi,  0.0 si,  0.0 st
KiB Mem : 65877692 total, 48237040 free,  2820364 used, 14820288 buff/cache
KiB Swap: 33554428 total, 32369528 free,  1184900 used. 61837924 avail Mem 
