Job id: 4753147
Worker ip: 10.149.0.63
Master ip: 10.149.0.60
--
top - 11:20:47 up 105 days,  3:04,  0 users,  load average: 0.38, 0.55, 0.77
Tasks: 394 total,   1 running, 393 sleeping,   0 stopped,   0 zombie
%Cpu(s):  2.6 us,  5.6 sy,  0.0 ni, 91.4 id,  0.0 wa,  0.0 hi,  0.4 si,  0.0 st
KiB Mem : 65877712 total, 54923096 free,  1089992 used,  9864624 buff/cache
KiB Swap: 33554428 total, 32365748 free,  1188680 used. 63585888 avail Mem 
--
top - 11:20:52 up 105 days,  3:04,  0 users,  load average: 0.43, 0.56, 0.77
Tasks: 396 total,   1 running, 395 sleeping,   0 stopped,   0 zombie
%Cpu(s):  1.6 us,  0.3 sy,  0.0 ni, 98.0 id,  0.0 wa,  0.0 hi,  0.0 si,  0.0 st
KiB Mem : 65877712 total, 54902828 free,  1104004 used,  9870880 buff/cache
KiB Swap: 33554428 total, 32365748 free,  1188680 used. 63571836 avail Mem 
--
top - 11:20:57 up 105 days,  3:04,  0 users,  load average: 0.39, 0.55, 0.77
Tasks: 396 total,   1 running, 395 sleeping,   0 stopped,   0 zombie
%Cpu(s):  0.0 us,  0.0 sy,  0.0 ni, 99.9 id,  0.0 wa,  0.0 hi,  0.0 si,  0.0 st
KiB Mem : 65877712 total, 54901996 free,  1104836 used,  9870880 buff/cache
KiB Swap: 33554428 total, 32365748 free,  1188680 used. 63571004 avail Mem 
--
top - 11:21:02 up 105 days,  3:05,  0 users,  load average: 0.36, 0.54, 0.77
Tasks: 393 total,   1 running, 392 sleeping,   0 stopped,   0 zombie
%Cpu(s):  0.0 us,  0.0 sy,  0.0 ni,100.0 id,  0.0 wa,  0.0 hi,  0.0 si,  0.0 st
KiB Mem : 65877712 total, 54904912 free,  1101472 used,  9871328 buff/cache
KiB Swap: 33554428 total, 32365748 free,  1188680 used. 63574316 avail Mem 
--
top - 11:21:07 up 105 days,  3:05,  0 users,  load average: 0.33, 0.53, 0.76
Tasks: 393 total,   1 running, 392 sleeping,   0 stopped,   0 zombie
%Cpu(s):  0.0 us,  0.0 sy,  0.0 ni,100.0 id,  0.0 wa,  0.0 hi,  0.0 si,  0.0 st
KiB Mem : 65877712 total, 54905540 free,  1100844 used,  9871328 buff/cache
KiB Swap: 33554428 total, 32365748 free,  1188680 used. 63574944 avail Mem 
--
top - 11:21:12 up 105 days,  3:05,  0 users,  load average: 0.30, 0.53, 0.76
Tasks: 393 total,   1 running, 392 sleeping,   0 stopped,   0 zombie
%Cpu(s):  0.0 us,  0.0 sy,  0.0 ni,100.0 id,  0.0 wa,  0.0 hi,  0.0 si,  0.0 st
KiB Mem : 65877712 total, 54905912 free,  1100472 used,  9871328 buff/cache
KiB Swap: 33554428 total, 32365748 free,  1188680 used. 63575316 avail Mem 
--
top - 11:21:17 up 105 days,  3:05,  0 users,  load average: 0.28, 0.52, 0.75
Tasks: 393 total,   1 running, 392 sleeping,   0 stopped,   0 zombie
%Cpu(s):  0.0 us,  0.0 sy,  0.0 ni,100.0 id,  0.0 wa,  0.0 hi,  0.0 si,  0.0 st
KiB Mem : 65877712 total, 54906084 free,  1100300 used,  9871328 buff/cache
KiB Swap: 33554428 total, 32365748 free,  1188680 used. 63575488 avail Mem 
--
top - 11:21:22 up 105 days,  3:05,  0 users,  load average: 0.26, 0.51, 0.75
Tasks: 393 total,   1 running, 392 sleeping,   0 stopped,   0 zombie
%Cpu(s):  0.0 us,  0.0 sy,  0.0 ni,100.0 id,  0.0 wa,  0.0 hi,  0.0 si,  0.0 st
KiB Mem : 65877712 total, 54906084 free,  1100300 used,  9871328 buff/cache
KiB Swap: 33554428 total, 32365748 free,  1188680 used. 63575488 avail Mem 
--
top - 11:21:27 up 105 days,  3:05,  0 users,  load average: 0.24, 0.50, 0.75
Tasks: 393 total,   1 running, 392 sleeping,   0 stopped,   0 zombie
%Cpu(s):  0.1 us,  0.1 sy,  0.0 ni, 99.9 id,  0.0 wa,  0.0 hi,  0.0 si,  0.0 st
KiB Mem : 65877712 total, 54872280 free,  1134104 used,  9871328 buff/cache
KiB Swap: 33554428 total, 32365748 free,  1188680 used. 63541684 avail Mem 
--
top - 11:21:32 up 105 days,  3:05,  0 users,  load average: 0.22, 0.49, 0.74
Tasks: 393 total,   1 running, 392 sleeping,   0 stopped,   0 zombie
%Cpu(s):  0.1 us,  0.1 sy,  0.0 ni, 99.8 id,  0.0 wa,  0.0 hi,  0.0 si,  0.0 st
KiB Mem : 65877712 total, 54795988 free,  1210396 used,  9871328 buff/cache
KiB Swap: 33554428 total, 32365748 free,  1188680 used. 63465392 avail Mem 
--
top - 11:21:37 up 105 days,  3:05,  0 users,  load average: 0.20, 0.48, 0.74
Tasks: 393 total,   1 running, 392 sleeping,   0 stopped,   0 zombie
%Cpu(s):  0.1 us,  0.1 sy,  0.0 ni, 99.8 id,  0.0 wa,  0.0 hi,  0.0 si,  0.0 st
KiB Mem : 65877712 total, 54697944 free,  1308440 used,  9871328 buff/cache
KiB Swap: 33554428 total, 32365748 free,  1188680 used. 63367348 avail Mem 
--
top - 11:21:42 up 105 days,  3:05,  0 users,  load average: 0.18, 0.48, 0.73
Tasks: 393 total,   2 running, 391 sleeping,   0 stopped,   0 zombie
%Cpu(s): 28.2 us,  0.5 sy,  0.0 ni, 71.3 id,  0.0 wa,  0.0 hi,  0.0 si,  0.0 st
KiB Mem : 65877712 total, 54342664 free,  1663716 used,  9871332 buff/cache
KiB Swap: 33554428 total, 32365748 free,  1188680 used. 63012072 avail Mem 
--
top - 11:21:47 up 105 days,  3:05,  0 users,  load average: 2.65, 0.98, 0.90
Tasks: 393 total,   1 running, 392 sleeping,   0 stopped,   0 zombie
%Cpu(s): 78.2 us,  0.3 sy,  0.0 ni, 21.5 id,  0.0 wa,  0.0 hi,  0.0 si,  0.0 st
KiB Mem : 65877712 total, 54190416 free,  1815964 used,  9871332 buff/cache
KiB Swap: 33554428 total, 32365748 free,  1188680 used. 62859824 avail Mem 
--
top - 11:21:52 up 105 days,  3:05,  0 users,  load average: 2.32, 0.97, 0.89
Tasks: 393 total,   1 running, 392 sleeping,   0 stopped,   0 zombie
%Cpu(s):  0.0 us,  0.0 sy,  0.0 ni, 99.9 id,  0.0 wa,  0.0 hi,  0.0 si,  0.0 st
KiB Mem : 65877712 total, 54427084 free,  1579296 used,  9871332 buff/cache
KiB Swap: 33554428 total, 32365748 free,  1188680 used. 63096492 avail Mem 
--
top - 11:21:57 up 105 days,  3:05,  0 users,  load average: 2.13, 0.95, 0.89
Tasks: 393 total,   1 running, 392 sleeping,   0 stopped,   0 zombie
%Cpu(s):  0.1 us,  0.1 sy,  0.0 ni, 99.8 id,  0.0 wa,  0.0 hi,  0.0 si,  0.0 st
KiB Mem : 65877712 total, 54396544 free,  1609836 used,  9871332 buff/cache
KiB Swap: 33554428 total, 32365748 free,  1188680 used. 63065952 avail Mem 
--
top - 11:22:02 up 105 days,  3:06,  0 users,  load average: 1.96, 0.93, 0.88
Tasks: 397 total,   1 running, 396 sleeping,   0 stopped,   0 zombie
%Cpu(s):  0.5 us,  0.3 sy,  0.0 ni, 98.8 id,  0.4 wa,  0.0 hi,  0.0 si,  0.0 st
KiB Mem : 65877712 total, 54313920 free,  1692452 used,  9871340 buff/cache
KiB Swap: 33554428 total, 32365748 free,  1188680 used. 62983328 avail Mem 
--
top - 11:22:07 up 105 days,  3:06,  0 users,  load average: 1.80, 0.92, 0.88
Tasks: 397 total,   1 running, 396 sleeping,   0 stopped,   0 zombie
%Cpu(s):  0.1 us,  0.1 sy,  0.0 ni, 99.8 id,  0.0 wa,  0.0 hi,  0.0 si,  0.0 st
KiB Mem : 65877712 total, 54236276 free,  1770096 used,  9871340 buff/cache
KiB Swap: 33554428 total, 32365748 free,  1188680 used. 62905684 avail Mem 
--
top - 11:22:12 up 105 days,  3:06,  0 users,  load average: 1.66, 0.90, 0.87
Tasks: 397 total,   1 running, 396 sleeping,   0 stopped,   0 zombie
%Cpu(s):  0.1 us,  0.1 sy,  0.0 ni, 99.7 id,  0.0 wa,  0.0 hi,  0.0 si,  0.0 st
KiB Mem : 65877712 total, 54159612 free,  1846760 used,  9871340 buff/cache
KiB Swap: 33554428 total, 32365748 free,  1188680 used. 62829020 avail Mem 
--
top - 11:22:17 up 105 days,  3:06,  0 users,  load average: 3.61, 1.32, 1.01
Tasks: 397 total,   2 running, 395 sleeping,   0 stopped,   0 zombie
%Cpu(s): 47.8 us,  0.7 sy,  0.0 ni, 51.5 id,  0.0 wa,  0.0 hi,  0.0 si,  0.0 st
KiB Mem : 65877712 total, 53993300 free,  2013080 used,  9871332 buff/cache
KiB Swap: 33554428 total, 32365748 free,  1188680 used. 62662708 avail Mem 
--
top - 11:22:22 up 105 days,  3:06,  0 users,  load average: 3.32, 1.30, 1.00
Tasks: 397 total,   1 running, 396 sleeping,   0 stopped,   0 zombie
%Cpu(s): 54.7 us,  0.5 sy,  0.0 ni, 44.7 id,  0.0 wa,  0.0 hi,  0.0 si,  0.0 st
KiB Mem : 65877712 total, 54184844 free,  1821536 used,  9871332 buff/cache
KiB Swap: 33554428 total, 32365748 free,  1188680 used. 62854252 avail Mem 
--
top - 11:22:27 up 105 days,  3:06,  0 users,  load average: 3.05, 1.28, 1.00
Tasks: 397 total,   1 running, 396 sleeping,   0 stopped,   0 zombie
%Cpu(s):  0.0 us,  0.0 sy,  0.0 ni, 99.9 id,  0.0 wa,  0.0 hi,  0.0 si,  0.0 st
KiB Mem : 65877712 total, 54183616 free,  1822764 used,  9871332 buff/cache
KiB Swap: 33554428 total, 32365748 free,  1188680 used. 62853024 avail Mem 
--
top - 11:22:32 up 105 days,  3:06,  0 users,  load average: 2.81, 1.26, 0.99
Tasks: 397 total,   1 running, 396 sleeping,   0 stopped,   0 zombie
%Cpu(s):  0.1 us,  0.1 sy,  0.0 ni, 99.8 id,  0.0 wa,  0.0 hi,  0.0 si,  0.0 st
KiB Mem : 65877712 total, 54130036 free,  1876344 used,  9871332 buff/cache
KiB Swap: 33554428 total, 32365748 free,  1188680 used. 62799444 avail Mem 
--
top - 11:22:37 up 105 days,  3:06,  0 users,  load average: 2.58, 1.24, 0.99
Tasks: 397 total,   1 running, 396 sleeping,   0 stopped,   0 zombie
%Cpu(s):  0.1 us,  0.1 sy,  0.0 ni, 99.8 id,  0.0 wa,  0.0 hi,  0.0 si,  0.0 st
KiB Mem : 65877712 total, 54055044 free,  1951336 used,  9871332 buff/cache
KiB Swap: 33554428 total, 32365748 free,  1188680 used. 62724452 avail Mem 
--
top - 11:22:42 up 105 days,  3:06,  0 users,  load average: 4.86, 1.73, 1.15
Tasks: 397 total,   2 running, 395 sleeping,   0 stopped,   0 zombie
%Cpu(s):  7.5 us,  0.2 sy,  0.0 ni, 92.3 id,  0.0 wa,  0.0 hi,  0.0 si,  0.0 st
KiB Mem : 65877712 total, 53953544 free,  2052832 used,  9871336 buff/cache
KiB Swap: 33554428 total, 32365748 free,  1188680 used. 62622956 avail Mem 
--
top - 11:22:47 up 105 days,  3:06,  0 users,  load average: 5.91, 2.00, 1.24
Tasks: 397 total,   1 running, 396 sleeping,   0 stopped,   0 zombie
%Cpu(s): 90.7 us,  0.3 sy,  0.0 ni,  9.1 id,  0.0 wa,  0.0 hi,  0.0 si,  0.0 st
KiB Mem : 65877712 total, 53770388 free,  2235988 used,  9871336 buff/cache
KiB Swap: 33554428 total, 32365748 free,  1188680 used. 62439800 avail Mem 
--
top - 11:22:52 up 105 days,  3:06,  0 users,  load average: 5.44, 1.97, 1.23
Tasks: 397 total,   1 running, 396 sleeping,   0 stopped,   0 zombie
%Cpu(s):  1.9 us,  0.1 sy,  0.0 ni, 98.0 id,  0.0 wa,  0.0 hi,  0.0 si,  0.0 st
KiB Mem : 65877712 total, 53948444 free,  2057932 used,  9871336 buff/cache
KiB Swap: 33554428 total, 32365748 free,  1188680 used. 62617856 avail Mem 
--
top - 11:22:57 up 105 days,  3:06,  0 users,  load average: 5.00, 1.93, 1.22
Tasks: 397 total,   1 running, 396 sleeping,   0 stopped,   0 zombie
%Cpu(s):  0.1 us,  0.1 sy,  0.0 ni, 99.8 id,  0.0 wa,  0.0 hi,  0.0 si,  0.0 st
KiB Mem : 65877712 total, 53911040 free,  2095336 used,  9871336 buff/cache
KiB Swap: 33554428 total, 32365748 free,  1188680 used. 62580452 avail Mem 
--
top - 11:23:02 up 105 days,  3:07,  0 users,  load average: 4.60, 1.90, 1.22
Tasks: 397 total,   1 running, 396 sleeping,   0 stopped,   0 zombie
%Cpu(s):  0.1 us,  0.1 sy,  0.0 ni, 99.8 id,  0.0 wa,  0.0 hi,  0.0 si,  0.0 st
KiB Mem : 65877712 total, 53835412 free,  2170964 used,  9871336 buff/cache
KiB Swap: 33554428 total, 32365748 free,  1188680 used. 62504824 avail Mem 
--
top - 11:23:07 up 105 days,  3:07,  0 users,  load average: 4.23, 1.87, 1.21
Tasks: 397 total,   1 running, 396 sleeping,   0 stopped,   0 zombie
%Cpu(s):  0.1 us,  0.1 sy,  0.0 ni, 99.6 id,  0.1 wa,  0.0 hi,  0.0 si,  0.0 st
KiB Mem : 65877712 total, 53769232 free,  2237144 used,  9871336 buff/cache
KiB Swap: 33554428 total, 32365748 free,  1188680 used. 62438644 avail Mem 
--
top - 11:23:12 up 105 days,  3:07,  0 users,  load average: 6.14, 2.30, 1.35
Tasks: 397 total,   2 running, 395 sleeping,   0 stopped,   0 zombie
%Cpu(s): 31.1 us,  0.4 sy,  0.0 ni, 68.5 id,  0.0 wa,  0.0 hi,  0.0 si,  0.0 st
KiB Mem : 65877712 total, 53666780 free,  2339596 used,  9871336 buff/cache
KiB Swap: 33554428 total, 32365748 free,  1188680 used. 62336192 avail Mem 
--
top - 11:23:17 up 105 days,  3:07,  0 users,  load average: 6.29, 2.40, 1.39
Tasks: 397 total,   1 running, 396 sleeping,   0 stopped,   0 zombie
%Cpu(s): 70.6 us,  0.5 sy,  0.0 ni, 28.9 id,  0.0 wa,  0.0 hi,  0.0 si,  0.0 st
KiB Mem : 65877712 total, 53507788 free,  2498588 used,  9871336 buff/cache
KiB Swap: 33554428 total, 32365748 free,  1188680 used. 62177200 avail Mem 
--
top - 11:23:22 up 105 days,  3:07,  0 users,  load average: 5.78, 2.36, 1.38
Tasks: 397 total,   1 running, 396 sleeping,   0 stopped,   0 zombie
%Cpu(s):  0.0 us,  0.0 sy,  0.0 ni, 99.9 id,  0.0 wa,  0.0 hi,  0.0 si,  0.0 st
KiB Mem : 65877712 total, 53746752 free,  2259624 used,  9871336 buff/cache
KiB Swap: 33554428 total, 32365748 free,  1188680 used. 62416164 avail Mem 
--
top - 11:23:27 up 105 days,  3:07,  0 users,  load average: 5.32, 2.32, 1.38
Tasks: 397 total,   1 running, 396 sleeping,   0 stopped,   0 zombie
%Cpu(s):  0.1 us,  0.1 sy,  0.0 ni, 99.8 id,  0.0 wa,  0.0 hi,  0.0 si,  0.0 st
KiB Mem : 65877712 total, 53696996 free,  2309380 used,  9871336 buff/cache
KiB Swap: 33554428 total, 32365748 free,  1188680 used. 62366408 avail Mem 
--
top - 11:23:32 up 105 days,  3:07,  0 users,  load average: 4.89, 2.28, 1.37
Tasks: 397 total,   1 running, 396 sleeping,   0 stopped,   0 zombie
%Cpu(s):  0.1 us,  0.1 sy,  0.0 ni, 99.7 id,  0.0 wa,  0.0 hi,  0.0 si,  0.0 st
KiB Mem : 65877712 total, 53609904 free,  2396472 used,  9871336 buff/cache
KiB Swap: 33554428 total, 32365748 free,  1188680 used. 62279316 avail Mem 
--
top - 11:23:37 up 105 days,  3:07,  0 users,  load average: 4.50, 2.24, 1.36
Tasks: 397 total,   1 running, 396 sleeping,   0 stopped,   0 zombie
%Cpu(s):  0.1 us,  0.1 sy,  0.0 ni, 99.7 id,  0.0 wa,  0.0 hi,  0.0 si,  0.0 st
KiB Mem : 65877712 total, 53555440 free,  2450936 used,  9871336 buff/cache
KiB Swap: 33554428 total, 32365748 free,  1188680 used. 62224852 avail Mem 
--
top - 11:23:42 up 105 days,  3:07,  0 users,  load average: 5.98, 2.59, 1.48
Tasks: 397 total,   2 running, 395 sleeping,   0 stopped,   0 zombie
%Cpu(s): 70.5 us,  0.9 sy,  0.0 ni, 28.6 id,  0.0 wa,  0.0 hi,  0.0 si,  0.0 st
KiB Mem : 65877712 total, 53380256 free,  2626116 used,  9871340 buff/cache
KiB Swap: 33554428 total, 32365748 free,  1188680 used. 62049672 avail Mem 
