10.149.0.35
2023/12/27 11:23:52 Master node address: http://10.149.0.54:8000
2023/12/27 11:23:52 Benchmarking worker...
2023/12/27 11:23:54 Worker registered (1893 MCUPS). Waiting for work...
2023/12/27 11:25:11 Got work. Start calculating alignments...
2023/12/27 11:25:11 Calculating 2059 queries
2023/12/27 11:25:19 Done calculating alignments.
2023/12/27 11:25:19 Waiting for work...
2023/12/27 11:26:06 Got work. Start calculating alignments...
2023/12/27 11:26:06 Calculating 2058 queries
2023/12/27 11:26:15 Done calculating alignments.
2023/12/27 11:26:15 Waiting for work...
2023/12/27 11:27:05 Got work. Start calculating alignments...
2023/12/27 11:27:05 Calculating 2058 queries
2023/12/27 11:27:14 Done calculating alignments.
2023/12/27 11:27:14 Waiting for work...
2023/12/27 11:28:04 Got work. Start calculating alignments...
2023/12/27 11:28:04 Calculating 2060 queries
2023/12/27 11:28:12 Done calculating alignments.
2023/12/27 11:28:12 Waiting for work...
2023/12/27 11:28:59 Got work. Start calculating alignments...
2023/12/27 11:28:59 Calculating 2060 queries
2023/12/27 11:29:07 Done calculating alignments.
2023/12/27 11:29:07 Waiting for work...
slurmstepd: error: *** JOB 4753166 ON node035 CANCELLED AT 2023-12-27T11:29:11 ***
