Job id: 4753164
Worker ip: 10.149.0.33
Master ip: 10.149.0.54
--
top - 11:23:49 up 105 days,  3:07,  0 users,  load average: 0.05, 0.66, 0.79
Tasks: 405 total,   1 running, 404 sleeping,   0 stopped,   0 zombie
%Cpu(s):  0.2 us,  0.4 sy,  0.0 ni, 99.5 id,  0.0 wa,  0.0 hi,  0.0 si,  0.0 st
KiB Mem : 65877712 total, 55444028 free,  1082800 used,  9350884 buff/cache
KiB Swap: 33554428 total, 32341180 free,  1213248 used. 63645108 avail Mem 
--
top - 11:23:55 up 105 days,  3:07,  0 users,  load average: 0.13, 0.66, 0.79
Tasks: 406 total,   1 running, 405 sleeping,   0 stopped,   0 zombie
%Cpu(s):  1.8 us,  0.6 sy,  0.0 ni, 97.6 id,  0.0 wa,  0.0 hi,  0.0 si,  0.0 st
KiB Mem : 65877712 total, 55408588 free,  1111448 used,  9357676 buff/cache
KiB Swap: 33554428 total, 32341180 free,  1213248 used. 63616332 avail Mem 
--
top - 11:24:00 up 105 days,  3:07,  0 users,  load average: 0.12, 0.65, 0.78
Tasks: 414 total,   4 running, 410 sleeping,   0 stopped,   0 zombie
%Cpu(s):  0.1 us,  0.1 sy,  0.0 ni, 99.8 id,  0.0 wa,  0.0 hi,  0.0 si,  0.0 st
KiB Mem : 65877712 total, 55399704 free,  1120332 used,  9357676 buff/cache
KiB Swap: 33554428 total, 32341180 free,  1213248 used. 63606920 avail Mem 
--
top - 11:24:05 up 105 days,  3:07,  0 users,  load average: 0.19, 0.66, 0.78
Tasks: 407 total,   1 running, 406 sleeping,   0 stopped,   0 zombie
%Cpu(s):  0.3 us,  0.2 sy,  0.0 ni, 98.9 id,  0.6 wa,  0.0 hi,  0.0 si,  0.0 st
KiB Mem : 65877712 total, 55406696 free,  1113340 used,  9357676 buff/cache
KiB Swap: 33554428 total, 32341180 free,  1213248 used. 63614440 avail Mem 
--
top - 11:24:10 up 105 days,  3:07,  0 users,  load average: 0.17, 0.65, 0.78
Tasks: 407 total,   1 running, 406 sleeping,   0 stopped,   0 zombie
%Cpu(s):  0.0 us,  0.0 sy,  0.0 ni,100.0 id,  0.0 wa,  0.0 hi,  0.0 si,  0.0 st
KiB Mem : 65877712 total, 55408076 free,  1111960 used,  9357676 buff/cache
KiB Swap: 33554428 total, 32341180 free,  1213248 used. 63615820 avail Mem 
--
top - 11:24:15 up 105 days,  3:07,  0 users,  load average: 0.16, 0.64, 0.78
Tasks: 407 total,   1 running, 406 sleeping,   0 stopped,   0 zombie
%Cpu(s):  0.0 us,  0.0 sy,  0.0 ni,100.0 id,  0.0 wa,  0.0 hi,  0.0 si,  0.0 st
KiB Mem : 65877712 total, 55409224 free,  1110812 used,  9357676 buff/cache
KiB Swap: 33554428 total, 32341180 free,  1213248 used. 63616968 avail Mem 
--
top - 11:24:20 up 105 days,  3:07,  0 users,  load average: 0.15, 0.63, 0.77
Tasks: 409 total,   1 running, 408 sleeping,   0 stopped,   0 zombie
%Cpu(s):  0.0 us,  0.0 sy,  0.0 ni,100.0 id,  0.0 wa,  0.0 hi,  0.0 si,  0.0 st
KiB Mem : 65877712 total, 55409780 free,  1110256 used,  9357676 buff/cache
KiB Swap: 33554428 total, 32341180 free,  1213248 used. 63617524 avail Mem 
--
top - 11:24:25 up 105 days,  3:07,  0 users,  load average: 0.14, 0.62, 0.77
Tasks: 409 total,   1 running, 408 sleeping,   0 stopped,   0 zombie
%Cpu(s):  0.0 us,  0.0 sy,  0.0 ni,100.0 id,  0.0 wa,  0.0 hi,  0.0 si,  0.0 st
KiB Mem : 65877712 total, 55411152 free,  1108884 used,  9357676 buff/cache
KiB Swap: 33554428 total, 32341180 free,  1213248 used. 63618896 avail Mem 
--
top - 11:24:30 up 105 days,  3:07,  0 users,  load average: 0.12, 0.61, 0.76
Tasks: 409 total,   1 running, 408 sleeping,   0 stopped,   0 zombie
%Cpu(s):  0.0 us,  0.0 sy,  0.0 ni,100.0 id,  0.0 wa,  0.0 hi,  0.0 si,  0.0 st
KiB Mem : 65877712 total, 55411772 free,  1108264 used,  9357676 buff/cache
KiB Swap: 33554428 total, 32341180 free,  1213248 used. 63619516 avail Mem 
--
top - 11:24:35 up 105 days,  3:07,  0 users,  load average: 0.11, 0.60, 0.76
Tasks: 409 total,   1 running, 408 sleeping,   0 stopped,   0 zombie
%Cpu(s):  0.0 us,  0.0 sy,  0.0 ni, 99.9 id,  0.0 wa,  0.0 hi,  0.0 si,  0.0 st
KiB Mem : 65877712 total, 55394056 free,  1125980 used,  9357676 buff/cache
KiB Swap: 33554428 total, 32341180 free,  1213248 used. 63601800 avail Mem 
--
top - 11:24:40 up 105 days,  3:07,  0 users,  load average: 0.11, 0.59, 0.76
Tasks: 409 total,   1 running, 408 sleeping,   0 stopped,   0 zombie
%Cpu(s):  0.1 us,  0.1 sy,  0.0 ni, 99.8 id,  0.0 wa,  0.0 hi,  0.0 si,  0.0 st
KiB Mem : 65877712 total, 55354708 free,  1165328 used,  9357676 buff/cache
KiB Swap: 33554428 total, 32341180 free,  1213248 used. 63562452 avail Mem 
--
top - 11:24:45 up 105 days,  3:08,  0 users,  load average: 0.10, 0.58, 0.75
Tasks: 409 total,   1 running, 408 sleeping,   0 stopped,   0 zombie
%Cpu(s):  0.1 us,  0.0 sy,  0.0 ni, 99.9 id,  0.0 wa,  0.0 hi,  0.0 si,  0.0 st
KiB Mem : 65877712 total, 55307180 free,  1212852 used,  9357680 buff/cache
KiB Swap: 33554428 total, 32341180 free,  1213248 used. 63514924 avail Mem 
--
top - 11:24:50 up 105 days,  3:08,  0 users,  load average: 0.09, 0.57, 0.75
Tasks: 409 total,   1 running, 408 sleeping,   0 stopped,   0 zombie
%Cpu(s):  0.1 us,  0.0 sy,  0.0 ni, 99.9 id,  0.0 wa,  0.0 hi,  0.0 si,  0.0 st
KiB Mem : 65877712 total, 55271976 free,  1248056 used,  9357680 buff/cache
KiB Swap: 33554428 total, 32341180 free,  1213248 used. 63479720 avail Mem 
--
top - 11:24:55 up 105 days,  3:08,  0 users,  load average: 0.08, 0.56, 0.74
Tasks: 409 total,   1 running, 408 sleeping,   0 stopped,   0 zombie
%Cpu(s):  0.1 us,  0.0 sy,  0.0 ni, 99.9 id,  0.0 wa,  0.0 hi,  0.0 si,  0.0 st
KiB Mem : 65877712 total, 55238584 free,  1281448 used,  9357680 buff/cache
KiB Swap: 33554428 total, 32341180 free,  1213248 used. 63446328 avail Mem 
--
top - 11:25:00 up 105 days,  3:08,  0 users,  load average: 0.08, 0.55, 0.74
Tasks: 409 total,   1 running, 408 sleeping,   0 stopped,   0 zombie
%Cpu(s):  0.1 us,  0.1 sy,  0.0 ni, 99.9 id,  0.0 wa,  0.0 hi,  0.0 si,  0.0 st
KiB Mem : 65877712 total, 55192800 free,  1327232 used,  9357680 buff/cache
KiB Swap: 33554428 total, 32341180 free,  1213248 used. 63400544 avail Mem 
--
top - 11:25:05 up 105 days,  3:08,  0 users,  load average: 0.06, 0.53, 0.73
Tasks: 408 total,   1 running, 407 sleeping,   0 stopped,   0 zombie
%Cpu(s):  0.1 us,  0.0 sy,  0.0 ni, 99.9 id,  0.0 wa,  0.0 hi,  0.0 si,  0.0 st
KiB Mem : 65877712 total, 55138508 free,  1381524 used,  9357680 buff/cache
KiB Swap: 33554428 total, 32341180 free,  1213248 used. 63346256 avail Mem 
--
top - 11:25:10 up 105 days,  3:08,  0 users,  load average: 2.38, 1.00, 0.88
Tasks: 408 total,   2 running, 406 sleeping,   0 stopped,   0 zombie
%Cpu(s): 11.8 us,  0.4 sy,  0.0 ni, 87.7 id,  0.0 wa,  0.0 hi,  0.0 si,  0.0 st
KiB Mem : 65877712 total, 54878044 free,  1641988 used,  9357680 buff/cache
KiB Swap: 33554428 total, 32341180 free,  1213248 used. 63085792 avail Mem 
--
top - 11:25:15 up 105 days,  3:08,  0 users,  load average: 2.59, 1.07, 0.91
Tasks: 408 total,   2 running, 406 sleeping,   0 stopped,   0 zombie
%Cpu(s): 89.8 us,  0.4 sy,  0.0 ni,  9.8 id,  0.0 wa,  0.0 hi,  0.0 si,  0.0 st
KiB Mem : 65877712 total, 54666292 free,  1853740 used,  9357680 buff/cache
KiB Swap: 33554428 total, 32341180 free,  1213248 used. 62874040 avail Mem 
--
top - 11:25:20 up 105 days,  3:08,  0 users,  load average: 2.38, 1.05, 0.90
Tasks: 408 total,   1 running, 407 sleeping,   0 stopped,   0 zombie
%Cpu(s):  0.2 us,  0.0 sy,  0.0 ni, 99.7 id,  0.0 wa,  0.0 hi,  0.0 si,  0.0 st
KiB Mem : 65877712 total, 54942956 free,  1577076 used,  9357680 buff/cache
KiB Swap: 33554428 total, 32341180 free,  1213248 used. 63150704 avail Mem 
--
top - 11:25:25 up 105 days,  3:08,  0 users,  load average: 2.19, 1.03, 0.90
Tasks: 408 total,   1 running, 407 sleeping,   0 stopped,   0 zombie
%Cpu(s):  0.0 us,  0.0 sy,  0.0 ni,100.0 id,  0.0 wa,  0.0 hi,  0.0 si,  0.0 st
KiB Mem : 65877712 total, 54943096 free,  1576936 used,  9357680 buff/cache
KiB Swap: 33554428 total, 32341180 free,  1213248 used. 63150844 avail Mem 
--
top - 11:25:30 up 105 days,  3:08,  0 users,  load average: 2.02, 1.02, 0.89
Tasks: 408 total,   1 running, 407 sleeping,   0 stopped,   0 zombie
%Cpu(s):  0.0 us,  0.0 sy,  0.0 ni,100.0 id,  0.0 wa,  0.0 hi,  0.0 si,  0.0 st
KiB Mem : 65877712 total, 54942980 free,  1577052 used,  9357680 buff/cache
KiB Swap: 33554428 total, 32341180 free,  1213248 used. 63150728 avail Mem 
--
top - 11:25:35 up 105 days,  3:08,  0 users,  load average: 1.85, 1.00, 0.89
Tasks: 408 total,   1 running, 407 sleeping,   0 stopped,   0 zombie
%Cpu(s):  0.1 us,  0.1 sy,  0.0 ni, 99.8 id,  0.0 wa,  0.0 hi,  0.0 si,  0.0 st
KiB Mem : 65877712 total, 54904536 free,  1615496 used,  9357680 buff/cache
KiB Swap: 33554428 total, 32341180 free,  1213248 used. 63112284 avail Mem 
--
top - 11:25:40 up 105 days,  3:08,  0 users,  load average: 1.71, 0.98, 0.88
Tasks: 406 total,   1 running, 405 sleeping,   0 stopped,   0 zombie
%Cpu(s):  0.1 us,  0.1 sy,  0.0 ni, 99.8 id,  0.0 wa,  0.0 hi,  0.0 si,  0.0 st
KiB Mem : 65877712 total, 54863848 free,  1656180 used,  9357684 buff/cache
KiB Swap: 33554428 total, 32341180 free,  1213248 used. 63071596 avail Mem 
--
top - 11:25:45 up 105 days,  3:09,  0 users,  load average: 1.57, 0.97, 0.88
Tasks: 406 total,   1 running, 405 sleeping,   0 stopped,   0 zombie
%Cpu(s):  0.1 us,  0.1 sy,  0.0 ni, 99.9 id,  0.0 wa,  0.0 hi,  0.0 si,  0.0 st
KiB Mem : 65877712 total, 54821092 free,  1698936 used,  9357684 buff/cache
KiB Swap: 33554428 total, 32341180 free,  1213248 used. 63028844 avail Mem 
--
top - 11:25:50 up 105 days,  3:09,  0 users,  load average: 1.44, 0.95, 0.87
Tasks: 406 total,   1 running, 405 sleeping,   0 stopped,   0 zombie
%Cpu(s):  0.1 us,  0.1 sy,  0.0 ni, 99.9 id,  0.0 wa,  0.0 hi,  0.0 si,  0.0 st
KiB Mem : 65877712 total, 54791760 free,  1728268 used,  9357684 buff/cache
KiB Swap: 33554428 total, 32341180 free,  1213248 used. 62999512 avail Mem 
--
top - 11:25:55 up 105 days,  3:09,  0 users,  load average: 1.41, 0.95, 0.87
Tasks: 406 total,   1 running, 405 sleeping,   0 stopped,   0 zombie
%Cpu(s):  0.1 us,  0.1 sy,  0.0 ni, 99.9 id,  0.0 wa,  0.0 hi,  0.0 si,  0.0 st
KiB Mem : 65877712 total, 54753160 free,  1766868 used,  9357684 buff/cache
KiB Swap: 33554428 total, 32341180 free,  1213248 used. 62960912 avail Mem 
--
top - 11:26:00 up 105 days,  3:09,  0 users,  load average: 1.46, 0.97, 0.88
Tasks: 411 total,   2 running, 409 sleeping,   0 stopped,   0 zombie
%Cpu(s):  0.4 us,  0.3 sy,  0.0 ni, 99.0 id,  0.3 wa,  0.0 hi,  0.0 si,  0.0 st
KiB Mem : 65877712 total, 54687032 free,  1832996 used,  9357684 buff/cache
KiB Swap: 33554428 total, 32341180 free,  1213248 used. 62894784 avail Mem 
--
top - 11:26:05 up 105 days,  3:09,  0 users,  load average: 1.34, 0.95, 0.87
Tasks: 406 total,   1 running, 405 sleeping,   0 stopped,   0 zombie
%Cpu(s):  0.1 us,  0.1 sy,  0.0 ni, 99.5 id,  0.3 wa,  0.0 hi,  0.0 si,  0.0 st
KiB Mem : 65877712 total, 54665928 free,  1854100 used,  9357684 buff/cache
KiB Swap: 33554428 total, 32341180 free,  1213248 used. 62873680 avail Mem 
--
top - 11:26:10 up 105 days,  3:09,  0 users,  load average: 3.23, 1.35, 1.00
Tasks: 406 total,   2 running, 404 sleeping,   0 stopped,   0 zombie
%Cpu(s): 83.8 us,  0.7 sy,  0.0 ni, 15.5 id,  0.0 wa,  0.0 hi,  0.0 si,  0.0 st
KiB Mem : 65877712 total, 54474196 free,  2045832 used,  9357684 buff/cache
KiB Swap: 33554428 total, 32341180 free,  1213248 used. 62681948 avail Mem 
--
top - 11:26:15 up 105 days,  3:09,  0 users,  load average: 2.97, 1.33, 1.00
Tasks: 406 total,   1 running, 405 sleeping,   0 stopped,   0 zombie
%Cpu(s): 11.9 us,  0.1 sy,  0.0 ni, 88.0 id,  0.0 wa,  0.0 hi,  0.0 si,  0.0 st
KiB Mem : 65877712 total, 54691960 free,  1828068 used,  9357684 buff/cache
KiB Swap: 33554428 total, 32341180 free,  1213248 used. 62899712 avail Mem 
--
top - 11:26:20 up 105 days,  3:09,  0 users,  load average: 2.74, 1.31, 0.99
Tasks: 406 total,   1 running, 405 sleeping,   0 stopped,   0 zombie
%Cpu(s):  0.0 us,  0.0 sy,  0.0 ni,100.0 id,  0.0 wa,  0.0 hi,  0.0 si,  0.0 st
KiB Mem : 65877712 total, 54715980 free,  1804048 used,  9357684 buff/cache
KiB Swap: 33554428 total, 32341180 free,  1213248 used. 62923732 avail Mem 
--
top - 11:26:25 up 105 days,  3:09,  0 users,  load average: 2.52, 1.29, 0.99
Tasks: 406 total,   1 running, 405 sleeping,   0 stopped,   0 zombie
%Cpu(s):  0.0 us,  0.0 sy,  0.0 ni,100.0 id,  0.0 wa,  0.0 hi,  0.0 si,  0.0 st
KiB Mem : 65877712 total, 54716344 free,  1803684 used,  9357684 buff/cache
KiB Swap: 33554428 total, 32341180 free,  1213248 used. 62924096 avail Mem 
--
top - 11:26:30 up 105 days,  3:09,  0 users,  load average: 2.32, 1.26, 0.98
Tasks: 406 total,   1 running, 405 sleeping,   0 stopped,   0 zombie
%Cpu(s):  0.1 us,  0.0 sy,  0.0 ni, 99.9 id,  0.0 wa,  0.0 hi,  0.0 si,  0.0 st
KiB Mem : 65877712 total, 54688768 free,  1831260 used,  9357684 buff/cache
KiB Swap: 33554428 total, 32341180 free,  1213248 used. 62896520 avail Mem 
--
top - 11:26:35 up 105 days,  3:09,  0 users,  load average: 2.13, 1.24, 0.98
Tasks: 406 total,   1 running, 405 sleeping,   0 stopped,   0 zombie
%Cpu(s):  0.1 us,  0.0 sy,  0.0 ni, 99.9 id,  0.0 wa,  0.0 hi,  0.0 si,  0.0 st
KiB Mem : 65877712 total, 54654108 free,  1865916 used,  9357688 buff/cache
KiB Swap: 33554428 total, 32341180 free,  1213248 used. 62861864 avail Mem 
--
top - 11:26:40 up 105 days,  3:09,  0 users,  load average: 1.96, 1.22, 0.97
Tasks: 406 total,   1 running, 405 sleeping,   0 stopped,   0 zombie
%Cpu(s):  0.1 us,  0.1 sy,  0.0 ni, 99.8 id,  0.0 wa,  0.0 hi,  0.0 si,  0.0 st
KiB Mem : 65877712 total, 54610088 free,  1909936 used,  9357688 buff/cache
KiB Swap: 33554428 total, 32341180 free,  1213248 used. 62817844 avail Mem 
--
top - 11:26:45 up 105 days,  3:10,  0 users,  load average: 1.80, 1.20, 0.97
Tasks: 406 total,   2 running, 404 sleeping,   0 stopped,   0 zombie
%Cpu(s):  0.1 us,  0.1 sy,  0.0 ni, 99.9 id,  0.0 wa,  0.0 hi,  0.0 si,  0.0 st
KiB Mem : 65877712 total, 54575828 free,  1944196 used,  9357688 buff/cache
KiB Swap: 33554428 total, 32341180 free,  1213248 used. 62783584 avail Mem 
--
top - 11:26:50 up 105 days,  3:10,  0 users,  load average: 1.66, 1.18, 0.96
Tasks: 406 total,   1 running, 405 sleeping,   0 stopped,   0 zombie
%Cpu(s):  0.1 us,  0.1 sy,  0.0 ni, 99.9 id,  0.0 wa,  0.0 hi,  0.0 si,  0.0 st
KiB Mem : 65877712 total, 54541404 free,  1978620 used,  9357688 buff/cache
KiB Swap: 33554428 total, 32341180 free,  1213248 used. 62749160 avail Mem 
--
top - 11:26:55 up 105 days,  3:10,  0 users,  load average: 1.53, 1.16, 0.95
Tasks: 406 total,   1 running, 405 sleeping,   0 stopped,   0 zombie
%Cpu(s):  0.1 us,  0.1 sy,  0.0 ni, 99.9 id,  0.0 wa,  0.0 hi,  0.0 si,  0.0 st
KiB Mem : 65877712 total, 54497300 free,  2022724 used,  9357688 buff/cache
KiB Swap: 33554428 total, 32341180 free,  1213248 used. 62705056 avail Mem 
--
top - 11:27:00 up 105 days,  3:10,  0 users,  load average: 1.48, 1.16, 0.95
Tasks: 406 total,   1 running, 405 sleeping,   0 stopped,   0 zombie
%Cpu(s):  0.1 us,  0.1 sy,  0.0 ni, 99.8 id,  0.1 wa,  0.0 hi,  0.0 si,  0.0 st
KiB Mem : 65877712 total, 54450688 free,  2069336 used,  9357688 buff/cache
KiB Swap: 33554428 total, 32341180 free,  1213248 used. 62658444 avail Mem 
--
top - 11:27:05 up 105 days,  3:10,  0 users,  load average: 3.77, 1.64, 1.11
Tasks: 402 total,   2 running, 400 sleeping,   0 stopped,   0 zombie
%Cpu(s): 15.7 us,  0.3 sy,  0.0 ni, 83.9 id,  0.0 wa,  0.0 hi,  0.0 si,  0.0 st
KiB Mem : 65877712 total, 54415960 free,  2104064 used,  9357688 buff/cache
KiB Swap: 33554428 total, 32341180 free,  1213248 used. 62623716 avail Mem 
--
top - 11:27:10 up 105 days,  3:10,  0 users,  load average: 4.51, 1.83, 1.17
Tasks: 402 total,   1 running, 401 sleeping,   0 stopped,   0 zombie
%Cpu(s): 83.2 us,  0.7 sy,  0.0 ni, 16.0 id,  0.0 wa,  0.0 hi,  0.0 si,  0.0 st
KiB Mem : 65877712 total, 54232392 free,  2287632 used,  9357688 buff/cache
KiB Swap: 33554428 total, 32341180 free,  1213248 used. 62440148 avail Mem 
--
top - 11:27:15 up 105 days,  3:10,  0 users,  load average: 4.15, 1.80, 1.17
Tasks: 402 total,   1 running, 401 sleeping,   0 stopped,   0 zombie
%Cpu(s):  0.0 us,  0.0 sy,  0.0 ni, 99.9 id,  0.0 wa,  0.0 hi,  0.0 si,  0.0 st
KiB Mem : 65877712 total, 54498856 free,  2021168 used,  9357688 buff/cache
KiB Swap: 33554428 total, 32341180 free,  1213248 used. 62706612 avail Mem 
--
top - 11:27:20 up 105 days,  3:10,  0 users,  load average: 3.81, 1.77, 1.16
Tasks: 402 total,   1 running, 401 sleeping,   0 stopped,   0 zombie
%Cpu(s):  0.0 us,  0.0 sy,  0.0 ni,100.0 id,  0.0 wa,  0.0 hi,  0.0 si,  0.0 st
KiB Mem : 65877712 total, 54500216 free,  2019808 used,  9357688 buff/cache
KiB Swap: 33554428 total, 32341180 free,  1213248 used. 62707972 avail Mem 
--
top - 11:27:25 up 105 days,  3:10,  0 users,  load average: 3.51, 1.74, 1.16
Tasks: 402 total,   1 running, 401 sleeping,   0 stopped,   0 zombie
%Cpu(s):  0.0 us,  0.0 sy,  0.0 ni,100.0 id,  0.0 wa,  0.0 hi,  0.0 si,  0.0 st
KiB Mem : 65877712 total, 54496340 free,  2023680 used,  9357692 buff/cache
KiB Swap: 33554428 total, 32341180 free,  1213248 used. 62704096 avail Mem 
--
top - 11:27:30 up 105 days,  3:10,  0 users,  load average: 3.23, 1.71, 1.15
Tasks: 404 total,   1 running, 403 sleeping,   0 stopped,   0 zombie
%Cpu(s):  0.1 us,  0.1 sy,  0.0 ni, 99.9 id,  0.0 wa,  0.0 hi,  0.0 si,  0.0 st
KiB Mem : 65877712 total, 54462528 free,  2057492 used,  9357692 buff/cache
KiB Swap: 33554428 total, 32341180 free,  1213248 used. 62670284 avail Mem 
--
top - 11:27:35 up 105 days,  3:10,  0 users,  load average: 2.97, 1.68, 1.14
Tasks: 403 total,   1 running, 402 sleeping,   0 stopped,   0 zombie
%Cpu(s):  0.1 us,  0.1 sy,  0.0 ni, 99.9 id,  0.0 wa,  0.0 hi,  0.0 si,  0.0 st
KiB Mem : 65877712 total, 54429752 free,  2090268 used,  9357692 buff/cache
KiB Swap: 33554428 total, 32341180 free,  1213248 used. 62637508 avail Mem 
--
top - 11:27:41 up 105 days,  3:10,  0 users,  load average: 2.73, 1.65, 1.14
Tasks: 403 total,   1 running, 402 sleeping,   0 stopped,   0 zombie
%Cpu(s):  0.1 us,  0.1 sy,  0.0 ni, 99.8 id,  0.0 wa,  0.0 hi,  0.0 si,  0.0 st
KiB Mem : 65877712 total, 54388040 free,  2131980 used,  9357692 buff/cache
KiB Swap: 33554428 total, 32341180 free,  1213248 used. 62595800 avail Mem 
--
top - 11:27:46 up 105 days,  3:11,  0 users,  load average: 2.51, 1.63, 1.13
Tasks: 403 total,   1 running, 402 sleeping,   0 stopped,   0 zombie
%Cpu(s):  0.1 us,  0.1 sy,  0.0 ni, 99.9 id,  0.0 wa,  0.0 hi,  0.0 si,  0.0 st
KiB Mem : 65877712 total, 54358304 free,  2161716 used,  9357692 buff/cache
KiB Swap: 33554428 total, 32341180 free,  1213248 used. 62566064 avail Mem 
--
top - 11:27:51 up 105 days,  3:11,  0 users,  load average: 2.31, 1.60, 1.12
Tasks: 403 total,   1 running, 402 sleeping,   0 stopped,   0 zombie
%Cpu(s):  0.1 us,  0.1 sy,  0.0 ni, 99.9 id,  0.0 wa,  0.0 hi,  0.0 si,  0.0 st
KiB Mem : 65877712 total, 54325072 free,  2194948 used,  9357692 buff/cache
KiB Swap: 33554428 total, 32341180 free,  1213248 used. 62532832 avail Mem 
--
top - 11:27:56 up 105 days,  3:11,  0 users,  load average: 2.13, 1.57, 1.12
Tasks: 403 total,   1 running, 402 sleeping,   0 stopped,   0 zombie
%Cpu(s):  0.1 us,  0.1 sy,  0.0 ni, 99.9 id,  0.0 wa,  0.0 hi,  0.0 si,  0.0 st
KiB Mem : 65877712 total, 54281212 free,  2238808 used,  9357692 buff/cache
KiB Swap: 33554428 total, 32341180 free,  1213248 used. 62488972 avail Mem 
--
top - 11:28:01 up 105 days,  3:11,  0 users,  load average: 2.04, 1.56, 1.12
Tasks: 404 total,   1 running, 403 sleeping,   0 stopped,   0 zombie
%Cpu(s):  0.5 us,  0.3 sy,  0.0 ni, 98.6 id,  0.6 wa,  0.0 hi,  0.0 si,  0.0 st
KiB Mem : 65877712 total, 54213892 free,  2306128 used,  9357692 buff/cache
KiB Swap: 33554428 total, 32341180 free,  1213248 used. 62421652 avail Mem 
--
top - 11:28:06 up 105 days,  3:11,  0 users,  load average: 3.72, 1.92, 1.24
Tasks: 404 total,   2 running, 402 sleeping,   0 stopped,   0 zombie
%Cpu(s): 78.0 us,  0.8 sy,  0.0 ni, 21.2 id,  0.0 wa,  0.0 hi,  0.0 si,  0.0 st
KiB Mem : 65877712 total, 54052776 free,  2467244 used,  9357692 buff/cache
KiB Swap: 33554428 total, 32341180 free,  1213248 used. 62260536 avail Mem 
--
top - 11:28:11 up 105 days,  3:11,  0 users,  load average: 3.42, 1.89, 1.23
Tasks: 404 total,   1 running, 403 sleeping,   0 stopped,   0 zombie
%Cpu(s): 23.0 us,  0.2 sy,  0.0 ni, 76.7 id,  0.0 wa,  0.0 hi,  0.0 si,  0.0 st
KiB Mem : 65877712 total, 54278208 free,  2241812 used,  9357692 buff/cache
KiB Swap: 33554428 total, 32341180 free,  1213248 used. 62485968 avail Mem 
--
top - 11:28:16 up 105 days,  3:11,  0 users,  load average: 3.14, 1.86, 1.22
Tasks: 404 total,   1 running, 403 sleeping,   0 stopped,   0 zombie
%Cpu(s):  0.0 us,  0.0 sy,  0.0 ni,100.0 id,  0.0 wa,  0.0 hi,  0.0 si,  0.0 st
KiB Mem : 65877712 total, 54278240 free,  2241780 used,  9357692 buff/cache
KiB Swap: 33554428 total, 32341180 free,  1213248 used. 62486000 avail Mem 
--
top - 11:28:21 up 105 days,  3:11,  0 users,  load average: 2.89, 1.83, 1.22
Tasks: 404 total,   1 running, 403 sleeping,   0 stopped,   0 zombie
%Cpu(s):  0.0 us,  0.0 sy,  0.0 ni, 99.9 id,  0.0 wa,  0.0 hi,  0.0 si,  0.0 st
KiB Mem : 65877712 total, 54280124 free,  2239892 used,  9357696 buff/cache
KiB Swap: 33554428 total, 32341180 free,  1213248 used. 62487884 avail Mem 
--
top - 11:28:26 up 105 days,  3:11,  0 users,  load average: 2.66, 1.80, 1.21
Tasks: 404 total,   1 running, 403 sleeping,   0 stopped,   0 zombie
%Cpu(s):  0.1 us,  0.0 sy,  0.0 ni, 99.9 id,  0.0 wa,  0.0 hi,  0.0 si,  0.0 st
KiB Mem : 65877712 total, 54263484 free,  2256532 used,  9357696 buff/cache
KiB Swap: 33554428 total, 32341180 free,  1213248 used. 62471244 avail Mem 
--
top - 11:28:31 up 105 days,  3:11,  0 users,  load average: 2.45, 1.77, 1.20
Tasks: 404 total,   1 running, 403 sleeping,   0 stopped,   0 zombie
%Cpu(s):  0.1 us,  0.0 sy,  0.0 ni, 99.9 id,  0.0 wa,  0.0 hi,  0.0 si,  0.0 st
KiB Mem : 65877712 total, 54231164 free,  2288852 used,  9357696 buff/cache
KiB Swap: 33554428 total, 32341180 free,  1213248 used. 62438924 avail Mem 
--
top - 11:28:36 up 105 days,  3:11,  0 users,  load average: 2.25, 1.74, 1.20
Tasks: 404 total,   1 running, 403 sleeping,   0 stopped,   0 zombie
%Cpu(s):  0.1 us,  0.0 sy,  0.0 ni, 99.9 id,  0.0 wa,  0.0 hi,  0.0 si,  0.0 st
KiB Mem : 65877712 total, 54197024 free,  2322992 used,  9357696 buff/cache
KiB Swap: 33554428 total, 32341180 free,  1213248 used. 62404784 avail Mem 
--
top - 11:28:41 up 105 days,  3:11,  0 users,  load average: 2.07, 1.71, 1.19
Tasks: 404 total,   1 running, 403 sleeping,   0 stopped,   0 zombie
%Cpu(s):  0.1 us,  0.1 sy,  0.0 ni, 99.8 id,  0.0 wa,  0.0 hi,  0.0 si,  0.0 st
KiB Mem : 65877712 total, 54149684 free,  2370332 used,  9357696 buff/cache
KiB Swap: 33554428 total, 32341180 free,  1213248 used. 62357448 avail Mem 
--
top - 11:28:46 up 105 days,  3:12,  0 users,  load average: 1.91, 1.68, 1.18
Tasks: 404 total,   1 running, 403 sleeping,   0 stopped,   0 zombie
%Cpu(s):  0.1 us,  0.1 sy,  0.0 ni, 99.9 id,  0.0 wa,  0.0 hi,  0.0 si,  0.0 st
KiB Mem : 65877712 total, 54117796 free,  2402220 used,  9357696 buff/cache
KiB Swap: 33554428 total, 32341180 free,  1213248 used. 62325560 avail Mem 
--
top - 11:28:51 up 105 days,  3:12,  0 users,  load average: 1.75, 1.65, 1.18
Tasks: 404 total,   1 running, 403 sleeping,   0 stopped,   0 zombie
%Cpu(s):  0.1 us,  0.1 sy,  0.0 ni, 99.9 id,  0.0 wa,  0.0 hi,  0.0 si,  0.0 st
KiB Mem : 65877712 total, 54076552 free,  2443464 used,  9357696 buff/cache
KiB Swap: 33554428 total, 32341180 free,  1213248 used. 62284316 avail Mem 
--
top - 11:28:56 up 105 days,  3:12,  0 users,  load average: 1.61, 1.62, 1.17
Tasks: 404 total,   1 running, 403 sleeping,   0 stopped,   0 zombie
%Cpu(s):  0.1 us,  0.1 sy,  0.0 ni, 99.8 id,  0.0 wa,  0.0 hi,  0.0 si,  0.0 st
KiB Mem : 65877712 total, 54044376 free,  2475640 used,  9357696 buff/cache
KiB Swap: 33554428 total, 32341180 free,  1213248 used. 62252140 avail Mem 
--
top - 11:29:01 up 105 days,  3:12,  0 users,  load average: 3.97, 2.11, 1.33
Tasks: 401 total,   2 running, 399 sleeping,   0 stopped,   0 zombie
%Cpu(s): 42.2 us,  0.3 sy,  0.0 ni, 57.5 id,  0.0 wa,  0.0 hi,  0.0 si,  0.0 st
KiB Mem : 65877712 total, 53953500 free,  2566516 used,  9357696 buff/cache
KiB Swap: 33554428 total, 32341180 free,  1213248 used. 62161264 avail Mem 
--
top - 11:29:06 up 105 days,  3:12,  0 users,  load average: 3.65, 2.08, 1.32
Tasks: 401 total,   1 running, 400 sleeping,   0 stopped,   0 zombie
%Cpu(s): 50.8 us,  0.5 sy,  0.0 ni, 48.6 id,  0.0 wa,  0.0 hi,  0.0 si,  0.0 st
KiB Mem : 65877712 total, 53910704 free,  2609312 used,  9357696 buff/cache
KiB Swap: 33554428 total, 32341180 free,  1213248 used. 62118468 avail Mem 
