10.149.0.63
2023/12/27 11:07:39 Master node address: http://10.149.0.59:8000
2023/12/27 11:07:39 Benchmarking worker...
2023/12/27 11:07:41 Worker registered (1754 MCUPS). Waiting for work...
2023/12/27 11:08:33 Got work. Start calculating alignments...
2023/12/27 11:08:33 Calculating 1933 queries
2023/12/27 11:08:39 Done calculating alignments.
2023/12/27 11:08:39 Waiting for work...
2023/12/27 11:08:57 Got work. Start calculating alignments...
2023/12/27 11:08:57 Calculating 1933 queries
2023/12/27 11:09:04 Done calculating alignments.
2023/12/27 11:09:04 Waiting for work...
2023/12/27 11:09:29 Got work. Start calculating alignments...
2023/12/27 11:09:29 Calculating 1933 queries
2023/12/27 11:09:37 Done calculating alignments.
2023/12/27 11:09:37 Waiting for work...
2023/12/27 11:10:02 Got work. Start calculating alignments...
2023/12/27 11:10:02 Calculating 1933 queries
2023/12/27 11:10:08 Done calculating alignments.
2023/12/27 11:10:08 Waiting for work...
2023/12/27 11:10:32 Got work. Start calculating alignments...
2023/12/27 11:10:32 Calculating 1933 queries
2023/12/27 11:10:38 Done calculating alignments.
2023/12/27 11:10:38 Waiting for work...
slurmstepd: error: *** JOB 4753085 ON node063 CANCELLED AT 2023-12-27T11:10:41 ***
