Job id: 4753087
Worker ip: 10.149.0.65
Master ip: 10.149.0.59
--
top - 11:07:38 up 105 days,  2:51,  0 users,  load average: 0.02, 0.24, 0.31
Tasks: 394 total,   1 running, 393 sleeping,   0 stopped,   0 zombie
%Cpu(s):  1.8 us,  3.9 sy,  0.0 ni, 93.9 id,  0.0 wa,  0.0 hi,  0.4 si,  0.0 st
KiB Mem : 65877692 total, 58353320 free,  1146844 used,  6377528 buff/cache
KiB Swap: 33554428 total, 32377128 free,  1177300 used. 63519088 avail Mem 
--
top - 11:07:43 up 105 days,  2:51,  0 users,  load average: 0.02, 0.24, 0.31
Tasks: 397 total,   1 running, 396 sleeping,   0 stopped,   0 zombie
%Cpu(s):  1.7 us,  0.5 sy,  0.0 ni, 97.9 id,  0.0 wa,  0.0 hi,  0.0 si,  0.0 st
KiB Mem : 65877692 total, 58331476 free,  1161996 used,  6384220 buff/cache
KiB Swap: 33554428 total, 32377128 free,  1177300 used. 63503864 avail Mem 
--
top - 11:07:48 up 105 days,  2:51,  0 users,  load average: 0.02, 0.24, 0.31
Tasks: 397 total,   1 running, 396 sleeping,   0 stopped,   0 zombie
%Cpu(s):  0.0 us,  0.0 sy,  0.0 ni, 99.9 id,  0.0 wa,  0.0 hi,  0.0 si,  0.0 st
KiB Mem : 65877692 total, 58332012 free,  1161452 used,  6384228 buff/cache
KiB Swap: 33554428 total, 32377128 free,  1177300 used. 63504400 avail Mem 
--
top - 11:07:53 up 105 days,  2:51,  0 users,  load average: 0.02, 0.23, 0.31
Tasks: 397 total,   1 running, 396 sleeping,   0 stopped,   0 zombie
%Cpu(s):  0.0 us,  0.0 sy,  0.0 ni, 99.9 id,  0.0 wa,  0.0 hi,  0.0 si,  0.0 st
KiB Mem : 65877692 total, 58331756 free,  1161708 used,  6384228 buff/cache
KiB Swap: 33554428 total, 32377128 free,  1177300 used. 63504144 avail Mem 
--
top - 11:07:58 up 105 days,  2:51,  0 users,  load average: 0.01, 0.23, 0.31
Tasks: 398 total,   1 running, 397 sleeping,   0 stopped,   0 zombie
%Cpu(s):  0.0 us,  0.0 sy,  0.0 ni,100.0 id,  0.0 wa,  0.0 hi,  0.0 si,  0.0 st
KiB Mem : 65877692 total, 58332608 free,  1160856 used,  6384228 buff/cache
KiB Swap: 33554428 total, 32377128 free,  1177300 used. 63504996 avail Mem 
--
top - 11:08:03 up 105 days,  2:51,  0 users,  load average: 0.09, 0.24, 0.31
Tasks: 402 total,   1 running, 401 sleeping,   0 stopped,   0 zombie
%Cpu(s):  0.4 us,  0.2 sy,  0.0 ni, 99.0 id,  0.4 wa,  0.0 hi,  0.0 si,  0.0 st
KiB Mem : 65877692 total, 58330388 free,  1163068 used,  6384236 buff/cache
KiB Swap: 33554428 total, 32377128 free,  1177300 used. 63502780 avail Mem 
--
top - 11:08:08 up 105 days,  2:52,  0 users,  load average: 0.09, 0.24, 0.31
Tasks: 402 total,   1 running, 401 sleeping,   0 stopped,   0 zombie
%Cpu(s):  0.0 us,  0.0 sy,  0.0 ni,100.0 id,  0.0 wa,  0.0 hi,  0.0 si,  0.0 st
KiB Mem : 65877692 total, 58331836 free,  1161620 used,  6384236 buff/cache
KiB Swap: 33554428 total, 32377128 free,  1177300 used. 63504228 avail Mem 
--
top - 11:08:13 up 105 days,  2:52,  0 users,  load average: 0.08, 0.23, 0.31
Tasks: 402 total,   1 running, 401 sleeping,   0 stopped,   0 zombie
%Cpu(s):  0.0 us,  0.0 sy,  0.0 ni,100.0 id,  0.0 wa,  0.0 hi,  0.0 si,  0.0 st
KiB Mem : 65877692 total, 58332448 free,  1161008 used,  6384236 buff/cache
KiB Swap: 33554428 total, 32377128 free,  1177300 used. 63504840 avail Mem 
--
top - 11:08:18 up 105 days,  2:52,  0 users,  load average: 0.07, 0.23, 0.30
Tasks: 402 total,   1 running, 401 sleeping,   0 stopped,   0 zombie
%Cpu(s):  0.1 us,  0.0 sy,  0.0 ni, 99.9 id,  0.0 wa,  0.0 hi,  0.0 si,  0.0 st
KiB Mem : 65877692 total, 58300152 free,  1193304 used,  6384236 buff/cache
KiB Swap: 33554428 total, 32377128 free,  1177300 used. 63472544 avail Mem 
--
top - 11:08:23 up 105 days,  2:52,  0 users,  load average: 0.07, 0.23, 0.30
Tasks: 402 total,   1 running, 401 sleeping,   0 stopped,   0 zombie
%Cpu(s):  0.1 us,  0.1 sy,  0.0 ni, 99.7 id,  0.0 wa,  0.0 hi,  0.0 si,  0.0 st
KiB Mem : 65877692 total, 58228660 free,  1264796 used,  6384236 buff/cache
KiB Swap: 33554428 total, 32377128 free,  1177300 used. 63401052 avail Mem 
--
top - 11:08:28 up 105 days,  2:52,  0 users,  load average: 0.06, 0.22, 0.30
Tasks: 402 total,   1 running, 401 sleeping,   0 stopped,   0 zombie
%Cpu(s):  0.1 us,  0.1 sy,  0.0 ni, 99.8 id,  0.0 wa,  0.0 hi,  0.0 si,  0.0 st
KiB Mem : 65877692 total, 58129000 free,  1364456 used,  6384236 buff/cache
KiB Swap: 33554428 total, 32377128 free,  1177300 used. 63301392 avail Mem 
--
top - 11:08:33 up 105 days,  2:52,  0 users,  load average: 0.06, 0.22, 0.30
Tasks: 402 total,   2 running, 400 sleeping,   0 stopped,   0 zombie
%Cpu(s):  1.7 us,  0.2 sy,  0.0 ni, 98.0 id,  0.0 wa,  0.0 hi,  0.0 si,  0.0 st
KiB Mem : 65877692 total, 57928048 free,  1565404 used,  6384240 buff/cache
KiB Swap: 33554428 total, 32377128 free,  1177300 used. 63100440 avail Mem 
--
top - 11:08:38 up 105 days,  2:52,  0 users,  load average: 2.29, 0.68, 0.45
Tasks: 402 total,   2 running, 400 sleeping,   0 stopped,   0 zombie
%Cpu(s): 96.2 us,  0.5 sy,  0.0 ni,  3.3 id,  0.0 wa,  0.0 hi,  0.0 si,  0.0 st
KiB Mem : 65877692 total, 57649764 free,  1843688 used,  6384240 buff/cache
KiB Swap: 33554428 total, 32377128 free,  1177300 used. 62822160 avail Mem 
--
top - 11:08:43 up 105 days,  2:52,  0 users,  load average: 2.11, 0.67, 0.45
Tasks: 402 total,   1 running, 401 sleeping,   0 stopped,   0 zombie
%Cpu(s): 11.0 us,  0.1 sy,  0.0 ni, 88.9 id,  0.0 wa,  0.0 hi,  0.0 si,  0.0 st
KiB Mem : 65877692 total, 57867688 free,  1625764 used,  6384240 buff/cache
KiB Swap: 33554428 total, 32377128 free,  1177300 used. 63040084 avail Mem 
--
top - 11:08:48 up 105 days,  2:52,  0 users,  load average: 1.94, 0.66, 0.44
Tasks: 402 total,   1 running, 401 sleeping,   0 stopped,   0 zombie
%Cpu(s):  0.1 us,  0.1 sy,  0.0 ni, 99.9 id,  0.0 wa,  0.0 hi,  0.0 si,  0.0 st
KiB Mem : 65877692 total, 57840564 free,  1652888 used,  6384240 buff/cache
KiB Swap: 33554428 total, 32377128 free,  1177300 used. 63012960 avail Mem 
--
top - 11:08:53 up 105 days,  2:52,  0 users,  load average: 1.79, 0.65, 0.44
Tasks: 403 total,   1 running, 402 sleeping,   0 stopped,   0 zombie
%Cpu(s):  0.1 us,  0.1 sy,  0.0 ni, 99.7 id,  0.0 wa,  0.0 hi,  0.0 si,  0.0 st
KiB Mem : 65877692 total, 57749448 free,  1744004 used,  6384240 buff/cache
KiB Swap: 33554428 total, 32377128 free,  1177300 used. 62921844 avail Mem 
--
top - 11:08:58 up 105 days,  2:52,  0 users,  load average: 1.64, 0.64, 0.44
Tasks: 403 total,   2 running, 401 sleeping,   0 stopped,   0 zombie
%Cpu(s): 12.5 us,  0.2 sy,  0.0 ni, 87.3 id,  0.0 wa,  0.0 hi,  0.0 si,  0.0 st
KiB Mem : 65877692 total, 57647400 free,  1846052 used,  6384240 buff/cache
KiB Swap: 33554428 total, 32377128 free,  1177300 used. 62819796 avail Mem 
--
top - 11:09:03 up 105 days,  2:52,  0 users,  load average: 3.59, 1.06, 0.58
Tasks: 401 total,   2 running, 399 sleeping,   0 stopped,   0 zombie
%Cpu(s): 84.0 us,  0.4 sy,  0.0 ni, 15.6 id,  0.0 wa,  0.0 hi,  0.0 si,  0.0 st
KiB Mem : 65877692 total, 57472632 free,  2020820 used,  6384240 buff/cache
KiB Swap: 33554428 total, 32377128 free,  1177300 used. 62645028 avail Mem 
--
top - 11:09:08 up 105 days,  2:53,  0 users,  load average: 3.31, 1.04, 0.57
Tasks: 401 total,   1 running, 400 sleeping,   0 stopped,   0 zombie
%Cpu(s):  2.7 us,  0.1 sy,  0.0 ni, 97.2 id,  0.0 wa,  0.0 hi,  0.0 si,  0.0 st
KiB Mem : 65877692 total, 57636952 free,  1856500 used,  6384240 buff/cache
KiB Swap: 33554428 total, 32377128 free,  1177300 used. 62809348 avail Mem 
--
top - 11:09:14 up 105 days,  2:53,  0 users,  load average: 3.04, 1.02, 0.57
Tasks: 401 total,   1 running, 400 sleeping,   0 stopped,   0 zombie
%Cpu(s):  0.1 us,  0.1 sy,  0.0 ni, 99.8 id,  0.0 wa,  0.0 hi,  0.0 si,  0.0 st
KiB Mem : 65877692 total, 57589764 free,  1903688 used,  6384240 buff/cache
KiB Swap: 33554428 total, 32377128 free,  1177300 used. 62762160 avail Mem 
--
top - 11:09:19 up 105 days,  2:53,  0 users,  load average: 2.88, 1.02, 0.57
Tasks: 401 total,   1 running, 400 sleeping,   0 stopped,   0 zombie
%Cpu(s):  0.1 us,  0.1 sy,  0.0 ni, 99.8 id,  0.0 wa,  0.0 hi,  0.0 si,  0.0 st
KiB Mem : 65877692 total, 57527596 free,  1965856 used,  6384240 buff/cache
KiB Swap: 33554428 total, 32377128 free,  1177300 used. 62699992 avail Mem 
--
top - 11:09:24 up 105 days,  2:53,  0 users,  load average: 2.65, 1.00, 0.57
Tasks: 401 total,   1 running, 400 sleeping,   0 stopped,   0 zombie
%Cpu(s):  0.1 us,  0.1 sy,  0.0 ni, 99.7 id,  0.0 wa,  0.0 hi,  0.0 si,  0.0 st
KiB Mem : 65877692 total, 57448980 free,  2044472 used,  6384240 buff/cache
KiB Swap: 33554428 total, 32377128 free,  1177300 used. 62621128 avail Mem 
--
top - 11:09:29 up 105 days,  2:53,  0 users,  load average: 2.44, 0.99, 0.57
Tasks: 401 total,   1 running, 400 sleeping,   0 stopped,   0 zombie
%Cpu(s):  0.1 us,  0.1 sy,  0.0 ni, 99.8 id,  0.0 wa,  0.0 hi,  0.0 si,  0.0 st
KiB Mem : 65877692 total, 57364700 free,  2128748 used,  6384244 buff/cache
KiB Swap: 33554428 total, 32377128 free,  1177300 used. 62537096 avail Mem 
--
top - 11:09:34 up 105 days,  2:53,  0 users,  load average: 4.24, 1.39, 0.70
Tasks: 401 total,   2 running, 399 sleeping,   0 stopped,   0 zombie
%Cpu(s): 75.8 us,  1.0 sy,  0.0 ni, 23.2 id,  0.0 wa,  0.0 hi,  0.0 si,  0.0 st
KiB Mem : 65877692 total, 57217424 free,  2276024 used,  6384244 buff/cache
KiB Swap: 33554428 total, 32377128 free,  1177300 used. 62389824 avail Mem 
--
top - 11:09:39 up 105 days,  2:53,  0 users,  load average: 5.66, 1.73, 0.81
Tasks: 401 total,   1 running, 400 sleeping,   0 stopped,   0 zombie
%Cpu(s): 31.2 us,  0.3 sy,  0.0 ni, 68.5 id,  0.0 wa,  0.0 hi,  0.0 si,  0.0 st
KiB Mem : 65877692 total, 57415876 free,  2077572 used,  6384244 buff/cache
KiB Swap: 33554428 total, 32377128 free,  1177300 used. 62588276 avail Mem 
--
top - 11:09:44 up 105 days,  2:53,  0 users,  load average: 5.21, 1.70, 0.81
Tasks: 401 total,   1 running, 400 sleeping,   0 stopped,   0 zombie
%Cpu(s):  0.0 us,  0.0 sy,  0.0 ni, 99.9 id,  0.0 wa,  0.0 hi,  0.0 si,  0.0 st
KiB Mem : 65877692 total, 57415528 free,  2077920 used,  6384244 buff/cache
KiB Swap: 33554428 total, 32377128 free,  1177300 used. 62587928 avail Mem 
--
top - 11:09:49 up 105 days,  2:53,  0 users,  load average: 4.79, 1.67, 0.80
Tasks: 401 total,   1 running, 400 sleeping,   0 stopped,   0 zombie
%Cpu(s):  0.1 us,  0.1 sy,  0.0 ni, 99.7 id,  0.0 wa,  0.0 hi,  0.0 si,  0.0 st
KiB Mem : 65877692 total, 57355228 free,  2138220 used,  6384244 buff/cache
KiB Swap: 33554428 total, 32377128 free,  1177300 used. 62527628 avail Mem 
--
top - 11:09:54 up 105 days,  2:53,  0 users,  load average: 4.41, 1.64, 0.80
Tasks: 401 total,   1 running, 400 sleeping,   0 stopped,   0 zombie
%Cpu(s):  0.1 us,  0.1 sy,  0.0 ni, 99.7 id,  0.0 wa,  0.0 hi,  0.0 si,  0.0 st
KiB Mem : 65877692 total, 57276352 free,  2217096 used,  6384244 buff/cache
KiB Swap: 33554428 total, 32377128 free,  1177300 used. 62448752 avail Mem 
--
top - 11:09:59 up 105 days,  2:53,  0 users,  load average: 4.06, 1.62, 0.80
Tasks: 401 total,   1 running, 400 sleeping,   0 stopped,   0 zombie
%Cpu(s):  0.1 us,  0.1 sy,  0.0 ni, 99.7 id,  0.0 wa,  0.0 hi,  0.0 si,  0.0 st
KiB Mem : 65877692 total, 57198624 free,  2294824 used,  6384244 buff/cache
KiB Swap: 33554428 total, 32377128 free,  1177300 used. 62371024 avail Mem 
--
top - 11:10:04 up 105 days,  2:53,  0 users,  load average: 3.81, 1.61, 0.80
Tasks: 402 total,   2 running, 400 sleeping,   0 stopped,   0 zombie
%Cpu(s): 40.2 us,  0.7 sy,  0.0 ni, 58.8 id,  0.3 wa,  0.0 hi,  0.0 si,  0.0 st
KiB Mem : 65877692 total, 57083696 free,  2409736 used,  6384260 buff/cache
KiB Swap: 33554428 total, 32377128 free,  1177300 used. 62256108 avail Mem 
--
top - 11:10:09 up 105 days,  2:54,  0 users,  load average: 5.75, 2.04, 0.94
Tasks: 402 total,   1 running, 401 sleeping,   0 stopped,   0 zombie
%Cpu(s): 62.2 us,  0.4 sy,  0.0 ni, 37.4 id,  0.0 wa,  0.0 hi,  0.0 si,  0.0 st
KiB Mem : 65877692 total, 56944892 free,  2548540 used,  6384260 buff/cache
KiB Swap: 33554428 total, 32377128 free,  1177300 used. 62117304 avail Mem 
--
top - 11:10:14 up 105 days,  2:54,  0 users,  load average: 5.29, 2.01, 0.94
Tasks: 402 total,   1 running, 401 sleeping,   0 stopped,   0 zombie
%Cpu(s):  0.0 us,  0.1 sy,  0.0 ni, 99.9 id,  0.0 wa,  0.0 hi,  0.0 si,  0.0 st
KiB Mem : 65877692 total, 57215320 free,  2278112 used,  6384260 buff/cache
KiB Swap: 33554428 total, 32377128 free,  1177300 used. 62387732 avail Mem 
--
top - 11:10:19 up 105 days,  2:54,  0 users,  load average: 4.87, 1.98, 0.93
Tasks: 402 total,   1 running, 401 sleeping,   0 stopped,   0 zombie
%Cpu(s):  0.1 us,  0.1 sy,  0.0 ni, 99.8 id,  0.0 wa,  0.0 hi,  0.0 si,  0.0 st
KiB Mem : 65877692 total, 57162752 free,  2330680 used,  6384260 buff/cache
KiB Swap: 33554428 total, 32377128 free,  1177300 used. 62335164 avail Mem 
--
top - 11:10:24 up 105 days,  2:54,  0 users,  load average: 4.48, 1.94, 0.93
Tasks: 402 total,   1 running, 401 sleeping,   0 stopped,   0 zombie
%Cpu(s):  0.2 us,  0.1 sy,  0.0 ni, 99.7 id,  0.0 wa,  0.0 hi,  0.0 si,  0.0 st
KiB Mem : 65877692 total, 57080724 free,  2412704 used,  6384264 buff/cache
KiB Swap: 33554428 total, 32377128 free,  1177300 used. 62253140 avail Mem 
--
top - 11:10:29 up 105 days,  2:54,  0 users,  load average: 4.12, 1.91, 0.92
Tasks: 402 total,   1 running, 401 sleeping,   0 stopped,   0 zombie
%Cpu(s):  0.1 us,  0.1 sy,  0.0 ni, 99.7 id,  0.0 wa,  0.0 hi,  0.0 si,  0.0 st
KiB Mem : 65877692 total, 57004928 free,  2488500 used,  6384264 buff/cache
KiB Swap: 33554428 total, 32377128 free,  1177300 used. 62177344 avail Mem 
--
top - 11:10:34 up 105 days,  2:54,  0 users,  load average: 3.79, 1.88, 0.92
Tasks: 402 total,   2 running, 400 sleeping,   0 stopped,   0 zombie
%Cpu(s): 42.9 us,  0.9 sy,  0.0 ni, 56.2 id,  0.0 wa,  0.0 hi,  0.0 si,  0.0 st
KiB Mem : 65877692 total, 56870792 free,  2622636 used,  6384264 buff/cache
KiB Swap: 33554428 total, 32377128 free,  1177300 used. 62043208 avail Mem 
--
top - 11:10:39 up 105 days,  2:54,  0 users,  load average: 5.09, 2.18, 1.02
Tasks: 402 total,   1 running, 401 sleeping,   0 stopped,   0 zombie
%Cpu(s): 65.5 us,  0.5 sy,  0.0 ni, 34.0 id,  0.0 wa,  0.0 hi,  0.0 si,  0.0 st
KiB Mem : 65877692 total, 56727416 free,  2766012 used,  6384264 buff/cache
KiB Swap: 33554428 total, 32377128 free,  1177300 used. 61899832 avail Mem 
