Job id: 4753120
Worker ip: 10.149.0.56
Master ip: 10.149.0.59
--
top - 11:16:00 up 105 days,  2:58,  0 users,  load average: 3.63, 2.22, 1.36
Tasks: 399 total,   1 running, 398 sleeping,   0 stopped,   0 zombie
%Cpu(s):  0.7 us,  1.3 sy,  0.0 ni, 98.0 id,  0.0 wa,  0.0 hi,  0.0 si,  0.0 st
KiB Mem : 65877712 total, 54140060 free,  1129844 used, 10607808 buff/cache
KiB Swap: 33554428 total, 32291280 free,  1263148 used. 63506064 avail Mem 
--
top - 11:16:05 up 105 days,  2:58,  0 users,  load average: 3.34, 2.18, 1.36
Tasks: 404 total,   1 running, 403 sleeping,   0 stopped,   0 zombie
%Cpu(s):  1.7 us,  0.5 sy,  0.0 ni, 97.8 id,  0.0 wa,  0.0 hi,  0.0 si,  0.0 st
KiB Mem : 65877712 total, 54119620 free,  1143648 used, 10614444 buff/cache
KiB Swap: 33554428 total, 32291280 free,  1263148 used. 63492224 avail Mem 
--
top - 11:16:10 up 105 days,  2:58,  0 users,  load average: 3.07, 2.14, 1.35
Tasks: 404 total,   1 running, 403 sleeping,   0 stopped,   0 zombie
%Cpu(s):  0.0 us,  0.0 sy,  0.0 ni,100.0 id,  0.0 wa,  0.0 hi,  0.0 si,  0.0 st
KiB Mem : 65877712 total, 54119744 free,  1143524 used, 10614444 buff/cache
KiB Swap: 33554428 total, 32291280 free,  1263148 used. 63492348 avail Mem 
--
top - 11:16:16 up 105 days,  2:58,  0 users,  load average: 2.82, 2.11, 1.34
Tasks: 404 total,   1 running, 403 sleeping,   0 stopped,   0 zombie
%Cpu(s):  0.0 us,  0.0 sy,  0.0 ni,100.0 id,  0.0 wa,  0.0 hi,  0.0 si,  0.0 st
KiB Mem : 65877712 total, 54119744 free,  1143524 used, 10614444 buff/cache
KiB Swap: 33554428 total, 32291280 free,  1263148 used. 63492348 avail Mem 
--
top - 11:16:21 up 105 days,  2:58,  0 users,  load average: 2.60, 2.07, 1.33
Tasks: 403 total,   1 running, 402 sleeping,   0 stopped,   0 zombie
%Cpu(s):  0.0 us,  0.0 sy,  0.0 ni,100.0 id,  0.0 wa,  0.0 hi,  0.0 si,  0.0 st
KiB Mem : 65877712 total, 54119744 free,  1143524 used, 10614444 buff/cache
KiB Swap: 33554428 total, 32291280 free,  1263148 used. 63492348 avail Mem 
--
top - 11:16:26 up 105 days,  2:58,  0 users,  load average: 2.39, 2.04, 1.33
Tasks: 403 total,   1 running, 402 sleeping,   0 stopped,   0 zombie
%Cpu(s):  0.0 us,  0.0 sy,  0.0 ni,100.0 id,  0.0 wa,  0.0 hi,  0.0 si,  0.0 st
KiB Mem : 65877712 total, 54119744 free,  1143524 used, 10614444 buff/cache
KiB Swap: 33554428 total, 32291280 free,  1263148 used. 63492348 avail Mem 
--
top - 11:16:31 up 105 days,  2:58,  0 users,  load average: 2.20, 2.00, 1.32
Tasks: 403 total,   1 running, 402 sleeping,   0 stopped,   0 zombie
%Cpu(s):  0.0 us,  0.0 sy,  0.0 ni,100.0 id,  0.0 wa,  0.0 hi,  0.0 si,  0.0 st
KiB Mem : 65877712 total, 54118736 free,  1144532 used, 10614444 buff/cache
KiB Swap: 33554428 total, 32291280 free,  1263148 used. 63491340 avail Mem 
--
top - 11:16:36 up 105 days,  2:58,  0 users,  load average: 2.02, 1.97, 1.31
Tasks: 403 total,   1 running, 402 sleeping,   0 stopped,   0 zombie
%Cpu(s):  5.8 us,  0.4 sy,  0.0 ni, 93.8 id,  0.0 wa,  0.0 hi,  0.0 si,  0.0 st
KiB Mem : 65877712 total, 53825440 free,  1437828 used, 10614444 buff/cache
KiB Swap: 33554428 total, 32291280 free,  1263148 used. 63198044 avail Mem 
--
top - 11:16:41 up 105 days,  2:58,  0 users,  load average: 3.86, 2.35, 1.44
Tasks: 403 total,   1 running, 402 sleeping,   0 stopped,   0 zombie
%Cpu(s): 93.2 us,  0.4 sy,  0.0 ni,  6.3 id,  0.0 wa,  0.0 hi,  0.0 si,  0.0 st
KiB Mem : 65877712 total, 53606596 free,  1656672 used, 10614444 buff/cache
KiB Swap: 33554428 total, 32291280 free,  1263148 used. 62979200 avail Mem 
--
top - 11:16:46 up 105 days,  2:58,  0 users,  load average: 3.55, 2.31, 1.43
Tasks: 403 total,   1 running, 402 sleeping,   0 stopped,   0 zombie
%Cpu(s): 33.0 us,  0.4 sy,  0.0 ni, 66.5 id,  0.0 wa,  0.0 hi,  0.0 si,  0.0 st
KiB Mem : 65877712 total, 53537964 free,  1725304 used, 10614444 buff/cache
KiB Swap: 33554428 total, 32291280 free,  1263148 used. 62910568 avail Mem 
--
top - 11:16:51 up 105 days,  2:58,  0 users,  load average: 4.39, 2.51, 1.50
Tasks: 403 total,   1 running, 402 sleeping,   0 stopped,   0 zombie
%Cpu(s): 65.3 us,  0.4 sy,  0.0 ni, 34.3 id,  0.0 wa,  0.0 hi,  0.0 si,  0.0 st
KiB Mem : 65877712 total, 53394424 free,  1868844 used, 10614444 buff/cache
KiB Swap: 33554428 total, 32291280 free,  1263148 used. 62767028 avail Mem 
--
top - 11:16:56 up 105 days,  2:59,  0 users,  load average: 6.52, 2.98, 1.66
Tasks: 403 total,   1 running, 402 sleeping,   0 stopped,   0 zombie
%Cpu(s): 55.1 us,  0.4 sy,  0.0 ni, 44.4 id,  0.0 wa,  0.0 hi,  0.0 si,  0.0 st
KiB Mem : 65877712 total, 53291692 free,  1971572 used, 10614448 buff/cache
KiB Swap: 33554428 total, 32291280 free,  1263148 used. 62664300 avail Mem 
--
top - 11:17:01 up 105 days,  2:59,  0 users,  load average: 6.80, 3.10, 1.70
Tasks: 400 total,   1 running, 399 sleeping,   0 stopped,   0 zombie
%Cpu(s): 39.4 us,  0.2 sy,  0.0 ni, 60.3 id,  0.0 wa,  0.0 hi,  0.0 si,  0.0 st
KiB Mem : 65877712 total, 53236720 free,  2026544 used, 10614448 buff/cache
KiB Swap: 33554428 total, 32291280 free,  1263148 used. 62609328 avail Mem 
--
top - 11:17:06 up 105 days,  2:59,  0 users,  load average: 7.94, 3.39, 1.81
Tasks: 398 total,   1 running, 397 sleeping,   0 stopped,   0 zombie
%Cpu(s): 69.0 us,  1.0 sy,  0.0 ni, 30.0 id,  0.0 wa,  0.0 hi,  0.0 si,  0.0 st
KiB Mem : 65877712 total, 53062472 free,  2200792 used, 10614448 buff/cache
KiB Swap: 33554428 total, 32291280 free,  1263148 used. 62435080 avail Mem 
--
top - 11:17:11 up 105 days,  2:59,  0 users,  load average: 7.46, 3.37, 1.81
Tasks: 398 total,   1 running, 397 sleeping,   0 stopped,   0 zombie
%Cpu(s): 34.1 us,  0.2 sy,  0.0 ni, 65.7 id,  0.0 wa,  0.0 hi,  0.0 si,  0.0 st
KiB Mem : 65877712 total, 53034272 free,  2228992 used, 10614448 buff/cache
KiB Swap: 33554428 total, 32291280 free,  1263148 used. 62406880 avail Mem 
--
top - 11:17:16 up 105 days,  2:59,  0 users,  load average: 8.55, 3.66, 1.91
Tasks: 399 total,   2 running, 397 sleeping,   0 stopped,   0 zombie
%Cpu(s): 80.4 us,  0.5 sy,  0.0 ni, 18.0 id,  1.0 wa,  0.0 hi,  0.0 si,  0.0 st
KiB Mem : 65877712 total, 52814292 free,  2448972 used, 10614448 buff/cache
KiB Swap: 33554428 total, 32291280 free,  1263148 used. 62186900 avail Mem 
