Job id: 4753107
Worker ip: 10.149.0.37
Master ip: 10.149.0.62
--
top - 11:10:43 up 105 days,  2:55,  0 users,  load average: 0.05, 0.37, 0.38
Tasks: 398 total,   1 running, 397 sleeping,   0 stopped,   0 zombie
%Cpu(s):  0.7 us,  1.6 sy,  0.0 ni, 97.4 id,  0.2 wa,  0.0 hi,  0.0 si,  0.0 st
KiB Mem : 65877712 total, 55815584 free,  1054680 used,  9007448 buff/cache
KiB Swap: 33554428 total, 32470436 free,  1083992 used. 63610984 avail Mem 
--
top - 11:10:48 up 105 days,  2:55,  0 users,  load average: 0.05, 0.37, 0.38
Tasks: 400 total,   1 running, 399 sleeping,   0 stopped,   0 zombie
%Cpu(s):  1.7 us,  0.6 sy,  0.0 ni, 97.7 id,  0.0 wa,  0.0 hi,  0.0 si,  0.0 st
KiB Mem : 65877712 total, 55796308 free,  1067392 used,  9014012 buff/cache
KiB Swap: 33554428 total, 32470436 free,  1083992 used. 63598252 avail Mem 
--
top - 11:10:53 up 105 days,  2:55,  0 users,  load average: 0.05, 0.36, 0.38
Tasks: 400 total,   1 running, 399 sleeping,   0 stopped,   0 zombie
%Cpu(s):  0.0 us,  0.0 sy,  0.0 ni,100.0 id,  0.0 wa,  0.0 hi,  0.0 si,  0.0 st
KiB Mem : 65877712 total, 55796640 free,  1067060 used,  9014012 buff/cache
KiB Swap: 33554428 total, 32470436 free,  1083992 used. 63598584 avail Mem 
--
top - 11:10:58 up 105 days,  2:55,  0 users,  load average: 0.04, 0.35, 0.38
Tasks: 401 total,   1 running, 400 sleeping,   0 stopped,   0 zombie
%Cpu(s):  0.0 us,  0.0 sy,  0.0 ni,100.0 id,  0.0 wa,  0.0 hi,  0.0 si,  0.0 st
KiB Mem : 65877712 total, 55796840 free,  1066860 used,  9014012 buff/cache
KiB Swap: 33554428 total, 32470436 free,  1083992 used. 63598784 avail Mem 
--
top - 11:11:03 up 105 days,  2:55,  0 users,  load average: 0.04, 0.35, 0.37
Tasks: 402 total,   1 running, 401 sleeping,   0 stopped,   0 zombie
%Cpu(s):  0.0 us,  0.0 sy,  0.0 ni,100.0 id,  0.0 wa,  0.0 hi,  0.0 si,  0.0 st
KiB Mem : 65877712 total, 55797560 free,  1066140 used,  9014012 buff/cache
KiB Swap: 33554428 total, 32470436 free,  1083992 used. 63599504 avail Mem 
--
top - 11:11:08 up 105 days,  2:55,  0 users,  load average: 0.04, 0.34, 0.37
Tasks: 402 total,   1 running, 401 sleeping,   0 stopped,   0 zombie
%Cpu(s):  0.0 us,  0.0 sy,  0.0 ni,100.0 id,  0.0 wa,  0.0 hi,  0.0 si,  0.0 st
KiB Mem : 65877712 total, 55798692 free,  1065008 used,  9014012 buff/cache
KiB Swap: 33554428 total, 32470436 free,  1083992 used. 63600636 avail Mem 
--
top - 11:11:13 up 105 days,  2:56,  0 users,  load average: 0.03, 0.34, 0.37
Tasks: 402 total,   1 running, 401 sleeping,   0 stopped,   0 zombie
%Cpu(s):  0.0 us,  0.0 sy,  0.0 ni,100.0 id,  0.0 wa,  0.0 hi,  0.0 si,  0.0 st
KiB Mem : 65877712 total, 55799316 free,  1064384 used,  9014012 buff/cache
KiB Swap: 33554428 total, 32470436 free,  1083992 used. 63601260 avail Mem 
--
top - 11:11:18 up 105 days,  2:56,  0 users,  load average: 0.03, 0.33, 0.37
Tasks: 402 total,   1 running, 401 sleeping,   0 stopped,   0 zombie
%Cpu(s):  0.0 us,  0.0 sy,  0.0 ni, 99.9 id,  0.0 wa,  0.0 hi,  0.0 si,  0.0 st
KiB Mem : 65877712 total, 55798460 free,  1065240 used,  9014012 buff/cache
KiB Swap: 33554428 total, 32470436 free,  1083992 used. 63600404 avail Mem 
--
top - 11:11:24 up 105 days,  2:56,  0 users,  load average: 0.03, 0.33, 0.37
Tasks: 402 total,   2 running, 400 sleeping,   0 stopped,   0 zombie
%Cpu(s):  0.0 us,  0.0 sy,  0.0 ni,100.0 id,  0.0 wa,  0.0 hi,  0.0 si,  0.0 st
KiB Mem : 65877712 total, 55798888 free,  1064812 used,  9014012 buff/cache
KiB Swap: 33554428 total, 32470436 free,  1083992 used. 63600832 avail Mem 
--
top - 11:11:29 up 105 days,  2:56,  0 users,  load average: 0.03, 0.32, 0.36
Tasks: 402 total,   1 running, 401 sleeping,   0 stopped,   0 zombie
%Cpu(s):  0.1 us,  0.0 sy,  0.0 ni, 99.9 id,  0.0 wa,  0.0 hi,  0.0 si,  0.0 st
KiB Mem : 65877712 total, 55773952 free,  1089748 used,  9014012 buff/cache
KiB Swap: 33554428 total, 32470436 free,  1083992 used. 63575896 avail Mem 
--
top - 11:11:34 up 105 days,  2:56,  0 users,  load average: 0.02, 0.32, 0.36
Tasks: 402 total,   1 running, 401 sleeping,   0 stopped,   0 zombie
%Cpu(s):  0.1 us,  0.0 sy,  0.0 ni, 99.9 id,  0.0 wa,  0.0 hi,  0.0 si,  0.0 st
KiB Mem : 65877712 total, 55736332 free,  1127368 used,  9014012 buff/cache
KiB Swap: 33554428 total, 32470436 free,  1083992 used. 63538276 avail Mem 
--
top - 11:11:39 up 105 days,  2:56,  0 users,  load average: 0.02, 0.31, 0.36
Tasks: 402 total,   1 running, 401 sleeping,   0 stopped,   0 zombie
%Cpu(s):  0.1 us,  0.0 sy,  0.0 ni, 99.9 id,  0.0 wa,  0.0 hi,  0.0 si,  0.0 st
KiB Mem : 65877712 total, 55699120 free,  1164576 used,  9014016 buff/cache
KiB Swap: 33554428 total, 32470436 free,  1083992 used. 63501064 avail Mem 
--
top - 11:11:44 up 105 days,  2:56,  0 users,  load average: 0.02, 0.30, 0.36
Tasks: 402 total,   1 running, 401 sleeping,   0 stopped,   0 zombie
%Cpu(s):  0.1 us,  0.0 sy,  0.0 ni, 99.9 id,  0.0 wa,  0.0 hi,  0.0 si,  0.0 st
KiB Mem : 65877712 total, 55646020 free,  1217676 used,  9014016 buff/cache
KiB Swap: 33554428 total, 32470436 free,  1083992 used. 63447964 avail Mem 
--
top - 11:11:49 up 105 days,  2:56,  0 users,  load average: 0.02, 0.30, 0.36
Tasks: 402 total,   1 running, 401 sleeping,   0 stopped,   0 zombie
%Cpu(s):  0.1 us,  0.0 sy,  0.0 ni, 99.9 id,  0.0 wa,  0.0 hi,  0.0 si,  0.0 st
KiB Mem : 65877712 total, 55609224 free,  1254472 used,  9014016 buff/cache
KiB Swap: 33554428 total, 32470436 free,  1083992 used. 63411168 avail Mem 
--
top - 11:11:54 up 105 days,  2:56,  0 users,  load average: 0.02, 0.29, 0.35
Tasks: 402 total,   1 running, 401 sleeping,   0 stopped,   0 zombie
%Cpu(s):  0.1 us,  0.0 sy,  0.0 ni, 99.9 id,  0.0 wa,  0.0 hi,  0.0 si,  0.0 st
KiB Mem : 65877712 total, 55561604 free,  1302092 used,  9014016 buff/cache
KiB Swap: 33554428 total, 32470436 free,  1083992 used. 63363548 avail Mem 
--
top - 11:11:59 up 105 days,  2:56,  0 users,  load average: 0.02, 0.29, 0.35
Tasks: 402 total,   1 running, 401 sleeping,   0 stopped,   0 zombie
%Cpu(s):  0.1 us,  0.0 sy,  0.0 ni, 99.9 id,  0.0 wa,  0.0 hi,  0.0 si,  0.0 st
KiB Mem : 65877712 total, 55547040 free,  1316656 used,  9014016 buff/cache
KiB Swap: 33554428 total, 32470436 free,  1083992 used. 63348984 avail Mem 
--
top - 11:12:04 up 105 days,  2:56,  0 users,  load average: 1.94, 0.68, 0.48
Tasks: 402 total,   2 running, 400 sleeping,   0 stopped,   0 zombie
%Cpu(s): 69.1 us,  0.8 sy,  0.0 ni, 29.7 id,  0.4 wa,  0.0 hi,  0.0 si,  0.0 st
KiB Mem : 65877712 total, 55115348 free,  1748344 used,  9014020 buff/cache
KiB Swap: 33554428 total, 32470436 free,  1083992 used. 62917300 avail Mem 
--
top - 11:12:09 up 105 days,  2:56,  0 users,  load average: 1.78, 0.67, 0.48
Tasks: 402 total,   1 running, 401 sleeping,   0 stopped,   0 zombie
%Cpu(s): 34.3 us,  0.2 sy,  0.0 ni, 65.5 id,  0.0 wa,  0.0 hi,  0.0 si,  0.0 st
KiB Mem : 65877712 total, 55138316 free,  1725376 used,  9014020 buff/cache
KiB Swap: 33554428 total, 32470436 free,  1083992 used. 62940268 avail Mem 
--
top - 11:12:14 up 105 days,  2:57,  0 users,  load average: 1.64, 0.66, 0.47
Tasks: 402 total,   1 running, 401 sleeping,   0 stopped,   0 zombie
%Cpu(s):  0.0 us,  0.0 sy,  0.0 ni, 99.9 id,  0.0 wa,  0.0 hi,  0.0 si,  0.0 st
KiB Mem : 65877712 total, 55323660 free,  1540032 used,  9014020 buff/cache
KiB Swap: 33554428 total, 32470436 free,  1083992 used. 63125612 avail Mem 
--
top - 11:12:19 up 105 days,  2:57,  0 users,  load average: 1.51, 0.65, 0.47
Tasks: 402 total,   1 running, 401 sleeping,   0 stopped,   0 zombie
%Cpu(s):  0.0 us,  0.0 sy,  0.0 ni, 99.9 id,  0.0 wa,  0.0 hi,  0.0 si,  0.0 st
KiB Mem : 65877712 total, 55322312 free,  1541380 used,  9014020 buff/cache
KiB Swap: 33554428 total, 32470436 free,  1083992 used. 63124264 avail Mem 
--
top - 11:12:24 up 105 days,  2:57,  0 users,  load average: 1.39, 0.64, 0.47
Tasks: 402 total,   1 running, 401 sleeping,   0 stopped,   0 zombie
%Cpu(s):  0.1 us,  0.0 sy,  0.0 ni, 99.8 id,  0.1 wa,  0.0 hi,  0.0 si,  0.0 st
KiB Mem : 65877712 total, 55296352 free,  1567340 used,  9014020 buff/cache
KiB Swap: 33554428 total, 32470436 free,  1083992 used. 63098304 avail Mem 
--
top - 11:12:29 up 105 days,  2:57,  0 users,  load average: 1.28, 0.63, 0.47
Tasks: 402 total,   1 running, 401 sleeping,   0 stopped,   0 zombie
%Cpu(s):  0.1 us,  0.0 sy,  0.0 ni, 99.9 id,  0.0 wa,  0.0 hi,  0.0 si,  0.0 st
KiB Mem : 65877712 total, 55258020 free,  1605672 used,  9014020 buff/cache
KiB Swap: 33554428 total, 32470436 free,  1083992 used. 63059972 avail Mem 
--
top - 11:12:34 up 105 days,  2:57,  0 users,  load average: 1.17, 0.62, 0.46
Tasks: 402 total,   1 running, 401 sleeping,   0 stopped,   0 zombie
%Cpu(s):  0.1 us,  0.1 sy,  0.0 ni, 99.9 id,  0.0 wa,  0.0 hi,  0.0 si,  0.0 st
KiB Mem : 65877712 total, 55221576 free,  1642112 used,  9014024 buff/cache
KiB Swap: 33554428 total, 32470436 free,  1083992 used. 63023528 avail Mem 
--
top - 11:12:39 up 105 days,  2:57,  0 users,  load average: 1.08, 0.61, 0.46
Tasks: 400 total,   1 running, 399 sleeping,   0 stopped,   0 zombie
%Cpu(s):  0.1 us,  0.1 sy,  0.0 ni, 99.9 id,  0.0 wa,  0.0 hi,  0.0 si,  0.0 st
KiB Mem : 65877712 total, 55183564 free,  1680124 used,  9014024 buff/cache
KiB Swap: 33554428 total, 32470436 free,  1083992 used. 62985520 avail Mem 
--
top - 11:12:44 up 105 days,  2:57,  0 users,  load average: 0.99, 0.60, 0.46
Tasks: 400 total,   1 running, 399 sleeping,   0 stopped,   0 zombie
%Cpu(s):  0.1 us,  0.1 sy,  0.0 ni, 99.9 id,  0.0 wa,  0.0 hi,  0.0 si,  0.0 st
KiB Mem : 65877712 total, 55145940 free,  1717748 used,  9014024 buff/cache
KiB Swap: 33554428 total, 32470436 free,  1083992 used. 62947896 avail Mem 
--
top - 11:12:49 up 105 days,  2:57,  0 users,  load average: 0.91, 0.59, 0.46
Tasks: 400 total,   1 running, 399 sleeping,   0 stopped,   0 zombie
%Cpu(s):  0.1 us,  0.1 sy,  0.0 ni, 99.9 id,  0.0 wa,  0.0 hi,  0.0 si,  0.0 st
KiB Mem : 65877712 total, 55121736 free,  1741952 used,  9014024 buff/cache
KiB Swap: 33554428 total, 32470436 free,  1083992 used. 62923692 avail Mem 
--
top - 11:12:54 up 105 days,  2:57,  0 users,  load average: 0.84, 0.58, 0.45
Tasks: 400 total,   1 running, 399 sleeping,   0 stopped,   0 zombie
%Cpu(s):  0.1 us,  0.1 sy,  0.0 ni, 99.9 id,  0.0 wa,  0.0 hi,  0.0 si,  0.0 st
KiB Mem : 65877712 total, 55073732 free,  1789956 used,  9014024 buff/cache
KiB Swap: 33554428 total, 32470436 free,  1083992 used. 62875688 avail Mem 
--
top - 11:12:59 up 105 days,  2:57,  0 users,  load average: 0.77, 0.57, 0.45
Tasks: 400 total,   1 running, 399 sleeping,   0 stopped,   0 zombie
%Cpu(s): 33.1 us,  0.5 sy,  0.0 ni, 66.4 id,  0.0 wa,  0.0 hi,  0.0 si,  0.0 st
KiB Mem : 65877712 total, 54930596 free,  1933092 used,  9014024 buff/cache
KiB Swap: 33554428 total, 32470436 free,  1083992 used. 62732056 avail Mem 
--
top - 11:13:04 up 105 days,  2:57,  0 users,  load average: 2.47, 0.92, 0.57
Tasks: 400 total,   1 running, 399 sleeping,   0 stopped,   0 zombie
%Cpu(s): 66.6 us,  0.2 sy,  0.0 ni, 33.1 id,  0.0 wa,  0.0 hi,  0.0 si,  0.0 st
KiB Mem : 65877712 total, 54789232 free,  2074456 used,  9014024 buff/cache
KiB Swap: 33554428 total, 32470436 free,  1083992 used. 62591188 avail Mem 
--
top - 11:13:09 up 105 days,  2:57,  0 users,  load average: 2.27, 0.91, 0.56
Tasks: 400 total,   1 running, 399 sleeping,   0 stopped,   0 zombie
%Cpu(s):  0.0 us,  0.1 sy,  0.0 ni, 99.9 id,  0.0 wa,  0.0 hi,  0.0 si,  0.0 st
KiB Mem : 65877712 total, 55100504 free,  1763184 used,  9014024 buff/cache
KiB Swap: 33554428 total, 32470436 free,  1083992 used. 62902460 avail Mem 
--
top - 11:13:14 up 105 days,  2:58,  0 users,  load average: 2.09, 0.89, 0.56
Tasks: 400 total,   1 running, 399 sleeping,   0 stopped,   0 zombie
%Cpu(s):  0.0 us,  0.0 sy,  0.0 ni, 99.9 id,  0.0 wa,  0.0 hi,  0.0 si,  0.0 st
KiB Mem : 65877712 total, 55101236 free,  1762452 used,  9014024 buff/cache
KiB Swap: 33554428 total, 32470436 free,  1083992 used. 62903192 avail Mem 
--
top - 11:13:19 up 105 days,  2:58,  0 users,  load average: 1.92, 0.88, 0.56
Tasks: 400 total,   1 running, 399 sleeping,   0 stopped,   0 zombie
%Cpu(s):  0.1 us,  0.1 sy,  0.0 ni, 99.9 id,  0.0 wa,  0.0 hi,  0.0 si,  0.0 st
KiB Mem : 65877712 total, 55079928 free,  1783760 used,  9014024 buff/cache
KiB Swap: 33554428 total, 32470436 free,  1083992 used. 62881884 avail Mem 
--
top - 11:13:24 up 105 days,  2:58,  0 users,  load average: 1.77, 0.87, 0.56
Tasks: 400 total,   1 running, 399 sleeping,   0 stopped,   0 zombie
%Cpu(s):  0.1 us,  0.0 sy,  0.0 ni, 99.9 id,  0.0 wa,  0.0 hi,  0.0 si,  0.0 st
KiB Mem : 65877712 total, 55048620 free,  1815068 used,  9014024 buff/cache
KiB Swap: 33554428 total, 32470436 free,  1083992 used. 62850576 avail Mem 
--
top - 11:13:29 up 105 days,  2:58,  0 users,  load average: 1.63, 0.85, 0.55
Tasks: 400 total,   1 running, 399 sleeping,   0 stopped,   0 zombie
%Cpu(s):  0.0 us,  0.1 sy,  0.0 ni, 99.9 id,  0.0 wa,  0.0 hi,  0.0 si,  0.0 st
KiB Mem : 65877712 total, 55007644 free,  1856040 used,  9014028 buff/cache
KiB Swap: 33554428 total, 32470436 free,  1083992 used. 62809604 avail Mem 
--
top - 11:13:34 up 105 days,  2:58,  0 users,  load average: 1.50, 0.84, 0.55
Tasks: 400 total,   1 running, 399 sleeping,   0 stopped,   0 zombie
%Cpu(s):  0.1 us,  0.1 sy,  0.0 ni, 99.9 id,  0.0 wa,  0.0 hi,  0.0 si,  0.0 st
KiB Mem : 65877712 total, 54974820 free,  1888864 used,  9014028 buff/cache
KiB Swap: 33554428 total, 32470436 free,  1083992 used. 62776780 avail Mem 
--
top - 11:13:39 up 105 days,  2:58,  0 users,  load average: 1.38, 0.82, 0.55
Tasks: 400 total,   1 running, 399 sleeping,   0 stopped,   0 zombie
%Cpu(s):  0.1 us,  0.0 sy,  0.0 ni, 99.9 id,  0.0 wa,  0.0 hi,  0.0 si,  0.0 st
KiB Mem : 65877712 total, 54943596 free,  1920088 used,  9014028 buff/cache
KiB Swap: 33554428 total, 32470436 free,  1083992 used. 62745556 avail Mem 
--
top - 11:13:44 up 105 days,  2:58,  0 users,  load average: 1.27, 0.81, 0.54
Tasks: 400 total,   1 running, 399 sleeping,   0 stopped,   0 zombie
%Cpu(s):  0.1 us,  0.1 sy,  0.0 ni, 99.9 id,  0.0 wa,  0.0 hi,  0.0 si,  0.0 st
KiB Mem : 65877712 total, 54903436 free,  1960248 used,  9014028 buff/cache
KiB Swap: 33554428 total, 32470436 free,  1083992 used. 62705396 avail Mem 
--
top - 11:13:49 up 105 days,  2:58,  0 users,  load average: 1.17, 0.80, 0.54
Tasks: 400 total,   1 running, 399 sleeping,   0 stopped,   0 zombie
%Cpu(s):  0.1 us,  0.1 sy,  0.0 ni, 99.8 id,  0.0 wa,  0.0 hi,  0.0 si,  0.0 st
KiB Mem : 65877712 total, 54854048 free,  2009636 used,  9014028 buff/cache
KiB Swap: 33554428 total, 32470436 free,  1083992 used. 62656008 avail Mem 
--
top - 11:13:54 up 105 days,  2:58,  0 users,  load average: 1.07, 0.78, 0.54
Tasks: 400 total,   2 running, 398 sleeping,   0 stopped,   0 zombie
%Cpu(s):  0.1 us,  0.1 sy,  0.0 ni, 99.8 id,  0.0 wa,  0.0 hi,  0.0 si,  0.0 st
KiB Mem : 65877712 total, 54791676 free,  2072008 used,  9014028 buff/cache
KiB Swap: 33554428 total, 32470436 free,  1083992 used. 62593636 avail Mem 
--
top - 11:13:59 up 105 days,  2:58,  0 users,  load average: 3.15, 1.22, 0.68
Tasks: 400 total,   1 running, 399 sleeping,   0 stopped,   0 zombie
%Cpu(s): 91.4 us,  0.7 sy,  0.0 ni,  7.9 id,  0.0 wa,  0.0 hi,  0.0 si,  0.0 st
KiB Mem : 65877712 total, 54595652 free,  2268032 used,  9014028 buff/cache
KiB Swap: 33554428 total, 32470436 free,  1083992 used. 62397612 avail Mem 
--
top - 11:14:04 up 105 days,  2:58,  0 users,  load average: 2.90, 1.20, 0.68
Tasks: 404 total,   1 running, 403 sleeping,   0 stopped,   0 zombie
%Cpu(s):  7.1 us,  0.2 sy,  0.0 ni, 92.0 id,  0.6 wa,  0.0 hi,  0.0 si,  0.0 st
KiB Mem : 65877712 total, 54869292 free,  1994392 used,  9014028 buff/cache
KiB Swap: 33554428 total, 32470436 free,  1083992 used. 62671252 avail Mem 
--
top - 11:14:09 up 105 days,  2:58,  0 users,  load average: 2.66, 1.18, 0.67
Tasks: 404 total,   1 running, 403 sleeping,   0 stopped,   0 zombie
%Cpu(s):  0.0 us,  0.0 sy,  0.0 ni,100.0 id,  0.0 wa,  0.0 hi,  0.0 si,  0.0 st
KiB Mem : 65877712 total, 54873552 free,  1990132 used,  9014028 buff/cache
KiB Swap: 33554428 total, 32470436 free,  1083992 used. 62675512 avail Mem 
--
top - 11:14:14 up 105 days,  2:59,  0 users,  load average: 2.45, 1.16, 0.67
Tasks: 404 total,   1 running, 403 sleeping,   0 stopped,   0 zombie
%Cpu(s):  0.0 us,  0.0 sy,  0.0 ni, 99.9 id,  0.0 wa,  0.0 hi,  0.0 si,  0.0 st
KiB Mem : 65877712 total, 54872136 free,  1991548 used,  9014028 buff/cache
KiB Swap: 33554428 total, 32470436 free,  1083992 used. 62674096 avail Mem 
--
top - 11:14:19 up 105 days,  2:59,  0 users,  load average: 2.34, 1.16, 0.67
Tasks: 404 total,   1 running, 403 sleeping,   0 stopped,   0 zombie
%Cpu(s):  0.1 us,  0.1 sy,  0.0 ni, 99.8 id,  0.0 wa,  0.0 hi,  0.0 si,  0.0 st
KiB Mem : 65877712 total, 54834496 free,  2029184 used,  9014032 buff/cache
KiB Swap: 33554428 total, 32470436 free,  1083992 used. 62636460 avail Mem 
--
top - 11:14:24 up 105 days,  2:59,  0 users,  load average: 2.15, 1.14, 0.67
Tasks: 404 total,   1 running, 403 sleeping,   0 stopped,   0 zombie
%Cpu(s):  0.1 us,  0.1 sy,  0.0 ni, 99.9 id,  0.0 wa,  0.0 hi,  0.0 si,  0.0 st
KiB Mem : 65877712 total, 54797100 free,  2066580 used,  9014032 buff/cache
KiB Swap: 33554428 total, 32470436 free,  1083992 used. 62599064 avail Mem 
--
top - 11:14:29 up 105 days,  2:59,  0 users,  load average: 1.98, 1.12, 0.67
Tasks: 404 total,   1 running, 403 sleeping,   0 stopped,   0 zombie
%Cpu(s):  0.1 us,  0.0 sy,  0.0 ni, 99.9 id,  0.0 wa,  0.0 hi,  0.0 si,  0.0 st
KiB Mem : 65877712 total, 54754248 free,  2109432 used,  9014032 buff/cache
KiB Swap: 33554428 total, 32470436 free,  1083992 used. 62556212 avail Mem 
--
top - 11:14:34 up 105 days,  2:59,  0 users,  load average: 1.82, 1.10, 0.66
Tasks: 404 total,   1 running, 403 sleeping,   0 stopped,   0 zombie
%Cpu(s):  0.1 us,  0.1 sy,  0.0 ni, 99.9 id,  0.0 wa,  0.0 hi,  0.0 si,  0.0 st
KiB Mem : 65877712 total, 54721612 free,  2142068 used,  9014032 buff/cache
KiB Swap: 33554428 total, 32470436 free,  1083992 used. 62523576 avail Mem 
--
top - 11:14:39 up 105 days,  2:59,  0 users,  load average: 1.67, 1.08, 0.66
Tasks: 404 total,   1 running, 403 sleeping,   0 stopped,   0 zombie
%Cpu(s):  0.1 us,  0.0 sy,  0.0 ni, 99.9 id,  0.0 wa,  0.0 hi,  0.0 si,  0.0 st
KiB Mem : 65877712 total, 54682696 free,  2180984 used,  9014032 buff/cache
KiB Swap: 33554428 total, 32470436 free,  1083992 used. 62484660 avail Mem 
--
top - 11:14:44 up 105 days,  2:59,  0 users,  load average: 1.54, 1.06, 0.66
Tasks: 404 total,   1 running, 403 sleeping,   0 stopped,   0 zombie
%Cpu(s):  0.0 us,  0.1 sy,  0.0 ni, 99.9 id,  0.0 wa,  0.0 hi,  0.0 si,  0.0 st
KiB Mem : 65877712 total, 54635408 free,  2228272 used,  9014032 buff/cache
KiB Swap: 33554428 total, 32470436 free,  1083992 used. 62437372 avail Mem 
--
top - 11:14:49 up 105 days,  2:59,  0 users,  load average: 1.50, 1.06, 0.66
Tasks: 405 total,   1 running, 404 sleeping,   0 stopped,   0 zombie
%Cpu(s):  0.1 us,  0.1 sy,  0.0 ni, 94.9 id,  5.0 wa,  0.0 hi,  0.0 si,  0.0 st
KiB Mem : 65877712 total, 54611116 free,  2252564 used,  9014032 buff/cache
KiB Swap: 33554428 total, 32470436 free,  1083992 used. 62413080 avail Mem 
--
top - 11:14:54 up 105 days,  2:59,  0 users,  load average: 4.42, 1.68, 0.86
Tasks: 406 total,   3 running, 403 sleeping,   0 stopped,   0 zombie
%Cpu(s): 88.7 us,  1.2 sy,  0.0 ni,  9.4 id,  0.7 wa,  0.0 hi,  0.0 si,  0.0 st
KiB Mem : 65877712 total, 54424212 free,  2439468 used,  9014032 buff/cache
KiB Swap: 33554428 total, 32470436 free,  1083992 used. 62226176 avail Mem 
--
top - 11:14:59 up 105 days,  2:59,  0 users,  load average: 4.07, 1.65, 0.85
Tasks: 406 total,   1 running, 405 sleeping,   0 stopped,   0 zombie
%Cpu(s):  9.2 us,  0.0 sy,  0.0 ni, 89.0 id,  1.8 wa,  0.0 hi,  0.0 si,  0.0 st
KiB Mem : 65877712 total, 54390880 free,  2472800 used,  9014032 buff/cache
KiB Swap: 33554428 total, 32470436 free,  1083992 used. 62192844 avail Mem 
--
top - 11:15:04 up 105 days,  2:59,  0 users,  load average: 3.74, 1.62, 0.85
Tasks: 406 total,   1 running, 405 sleeping,   0 stopped,   0 zombie
%Cpu(s):  0.0 us,  0.0 sy,  0.0 ni, 99.9 id,  0.0 wa,  0.0 hi,  0.0 si,  0.0 st
KiB Mem : 65877712 total, 54666652 free,  2197028 used,  9014032 buff/cache
KiB Swap: 33554428 total, 32470436 free,  1083992 used. 62468616 avail Mem 
--
top - 11:15:09 up 105 days,  2:59,  0 users,  load average: 3.44, 1.59, 0.84
Tasks: 406 total,   1 running, 405 sleeping,   0 stopped,   0 zombie
%Cpu(s):  0.0 us,  0.0 sy,  0.0 ni, 99.9 id,  0.0 wa,  0.0 hi,  0.0 si,  0.0 st
KiB Mem : 65877712 total, 54666764 free,  2196916 used,  9014032 buff/cache
KiB Swap: 33554428 total, 32470436 free,  1083992 used. 62468728 avail Mem 
--
top - 11:15:14 up 105 days,  3:00,  0 users,  load average: 3.16, 1.57, 0.84
Tasks: 406 total,   1 running, 405 sleeping,   0 stopped,   0 zombie
%Cpu(s):  0.1 us,  0.1 sy,  0.0 ni, 99.8 id,  0.0 wa,  0.0 hi,  0.0 si,  0.0 st
KiB Mem : 65877712 total, 54635996 free,  2227680 used,  9014036 buff/cache
KiB Swap: 33554428 total, 32470436 free,  1083992 used. 62437960 avail Mem 
--
top - 11:15:20 up 105 days,  3:00,  0 users,  load average: 2.91, 1.54, 0.84
Tasks: 406 total,   1 running, 405 sleeping,   0 stopped,   0 zombie
%Cpu(s):  0.0 us,  0.1 sy,  0.0 ni, 99.9 id,  0.0 wa,  0.0 hi,  0.0 si,  0.0 st
KiB Mem : 65877712 total, 54599816 free,  2263860 used,  9014036 buff/cache
KiB Swap: 33554428 total, 32470436 free,  1083992 used. 62401784 avail Mem 
--
top - 11:15:25 up 105 days,  3:00,  0 users,  load average: 2.68, 1.52, 0.83
Tasks: 406 total,   1 running, 405 sleeping,   0 stopped,   0 zombie
%Cpu(s):  0.1 us,  0.1 sy,  0.0 ni, 99.9 id,  0.0 wa,  0.0 hi,  0.0 si,  0.0 st
KiB Mem : 65877712 total, 54561548 free,  2302128 used,  9014036 buff/cache
KiB Swap: 33554428 total, 32470436 free,  1083992 used. 62363516 avail Mem 
--
top - 11:15:30 up 105 days,  3:00,  0 users,  load average: 2.46, 1.49, 0.83
Tasks: 406 total,   1 running, 405 sleeping,   0 stopped,   0 zombie
%Cpu(s):  0.1 us,  0.1 sy,  0.0 ni, 99.9 id,  0.0 wa,  0.0 hi,  0.0 si,  0.0 st
KiB Mem : 65877712 total, 54534140 free,  2329536 used,  9014036 buff/cache
KiB Swap: 33554428 total, 32470436 free,  1083992 used. 62336108 avail Mem 
--
top - 11:15:35 up 105 days,  3:00,  0 users,  load average: 2.27, 1.47, 0.82
Tasks: 406 total,   1 running, 405 sleeping,   0 stopped,   0 zombie
%Cpu(s):  0.1 us,  0.1 sy,  0.0 ni, 99.9 id,  0.0 wa,  0.0 hi,  0.0 si,  0.0 st
KiB Mem : 65877712 total, 54500200 free,  2363476 used,  9014036 buff/cache
KiB Swap: 33554428 total, 32470436 free,  1083992 used. 62302168 avail Mem 
--
top - 11:15:40 up 105 days,  3:00,  0 users,  load average: 2.08, 1.44, 0.82
Tasks: 406 total,   2 running, 404 sleeping,   0 stopped,   0 zombie
%Cpu(s):  0.1 us,  0.1 sy,  0.0 ni, 99.9 id,  0.0 wa,  0.0 hi,  0.0 si,  0.0 st
KiB Mem : 65877712 total, 54456940 free,  2406736 used,  9014036 buff/cache
KiB Swap: 33554428 total, 32470436 free,  1083992 used. 62258908 avail Mem 
--
top - 11:15:45 up 105 days,  3:00,  0 users,  load average: 1.92, 1.42, 0.81
Tasks: 405 total,   1 running, 404 sleeping,   0 stopped,   0 zombie
%Cpu(s):  0.1 us,  0.1 sy,  0.0 ni, 99.8 id,  0.0 wa,  0.0 hi,  0.0 si,  0.0 st
KiB Mem : 65877712 total, 54412116 free,  2451560 used,  9014036 buff/cache
KiB Swap: 33554428 total, 32470436 free,  1083992 used. 62214084 avail Mem 
--
top - 11:15:50 up 105 days,  3:00,  0 users,  load average: 4.25, 1.91, 0.98
Tasks: 405 total,   2 running, 403 sleeping,   0 stopped,   0 zombie
%Cpu(s): 77.6 us,  0.5 sy,  0.0 ni, 21.9 id,  0.0 wa,  0.0 hi,  0.0 si,  0.0 st
KiB Mem : 65877712 total, 54245800 free,  2617892 used,  9014020 buff/cache
KiB Swap: 33554428 total, 32470436 free,  1083992 used. 62047760 avail Mem 
--
top - 11:15:55 up 105 days,  3:00,  0 users,  load average: 4.39, 1.98, 1.00
Tasks: 405 total,   1 running, 404 sleeping,   0 stopped,   0 zombie
%Cpu(s): 20.0 us,  0.1 sy,  0.0 ni, 79.9 id,  0.0 wa,  0.0 hi,  0.0 si,  0.0 st
KiB Mem : 65877712 total, 54306552 free,  2557140 used,  9014020 buff/cache
KiB Swap: 33554428 total, 32470436 free,  1083992 used. 62108512 avail Mem 
