10.149.0.31
2023/12/27 11:23:51 Master node address: http://10.149.0.54:8000
2023/12/27 11:23:51 Benchmarking worker...
2023/12/27 11:23:53 Worker registered (1797 MCUPS). Waiting for work...
2023/12/27 11:25:11 Got work. Start calculating alignments...
2023/12/27 11:25:11 Calculating 1955 queries
2023/12/27 11:25:19 Done calculating alignments.
2023/12/27 11:25:19 Waiting for work...
2023/12/27 11:26:06 Got work. Start calculating alignments...
2023/12/27 11:26:06 Calculating 1955 queries
2023/12/27 11:26:15 Done calculating alignments.
2023/12/27 11:26:15 Waiting for work...
2023/12/27 11:27:04 Got work. Start calculating alignments...
2023/12/27 11:27:04 Calculating 1955 queries
2023/12/27 11:27:12 Done calculating alignments.
2023/12/27 11:27:12 Waiting for work...
2023/12/27 11:28:03 Got work. Start calculating alignments...
2023/12/27 11:28:03 Calculating 1954 queries
2023/12/27 11:28:10 Done calculating alignments.
2023/12/27 11:28:10 Waiting for work...
2023/12/27 11:28:58 Got work. Start calculating alignments...
2023/12/27 11:28:58 Calculating 1955 queries
2023/12/27 11:29:05 Done calculating alignments.
2023/12/27 11:29:05 Waiting for work...
slurmstepd: error: *** JOB 4753162 ON node031 CANCELLED AT 2023-12-27T11:29:11 ***
