10.149.0.54
2023/12/27 11:05:44 Master node address: http://10.149.0.68:8000
2023/12/27 11:05:44 Benchmarking worker...
2023/12/27 11:05:46 Worker registered (1786 MCUPS). Waiting for work...
2023/12/27 11:06:21 Got work. Start calculating alignments...
2023/12/27 11:06:21 Calculating 1943 queries
2023/12/27 11:06:27 Done calculating alignments.
2023/12/27 11:06:27 Waiting for work...
2023/12/27 11:06:38 Got work. Start calculating alignments...
2023/12/27 11:06:38 Calculating 1942 queries
2023/12/27 11:06:44 Done calculating alignments.
2023/12/27 11:06:44 Waiting for work...
2023/12/27 11:06:55 Got work. Start calculating alignments...
2023/12/27 11:06:55 Calculating 1943 queries
2023/12/27 11:07:02 Done calculating alignments.
2023/12/27 11:07:02 Waiting for work...
2023/12/27 11:07:12 Got work. Start calculating alignments...
2023/12/27 11:07:12 Calculating 1942 queries
2023/12/27 11:07:17 Done calculating alignments.
2023/12/27 11:07:17 Waiting for work...
2023/12/27 11:07:29 Got work. Start calculating alignments...
2023/12/27 11:07:29 Calculating 1943 queries
2023/12/27 11:07:35 Done calculating alignments.
2023/12/27 11:07:35 Waiting for work...
slurmstepd: error: *** JOB 4753074 ON node054 CANCELLED AT 2023-12-27T11:07:36 ***
