10.149.0.54
2023/12/27 11:04:36 Master node address: http://10.149.0.60:8000
2023/12/27 11:04:36 Benchmarking worker...
2023/12/27 11:04:38 Worker registered (1858 MCUPS). Waiting for work...
2023/12/27 11:04:47 Got work. Start calculating alignments...
2023/12/27 11:04:47 Calculating 2023 queries
2023/12/27 11:04:53 Done calculating alignments.
2023/12/27 11:04:53 Waiting for work...
2023/12/27 11:04:59 Got work. Start calculating alignments...
2023/12/27 11:04:59 Calculating 2023 queries
2023/12/27 11:05:05 Done calculating alignments.
2023/12/27 11:05:05 Waiting for work...
2023/12/27 11:05:12 Got work. Start calculating alignments...
2023/12/27 11:05:12 Calculating 2022 queries
2023/12/27 11:05:18 Done calculating alignments.
2023/12/27 11:05:18 Waiting for work...
2023/12/27 11:05:23 Got work. Start calculating alignments...
2023/12/27 11:05:23 Calculating 2022 queries
2023/12/27 11:05:29 Done calculating alignments.
2023/12/27 11:05:29 Waiting for work...
2023/12/27 11:05:34 Got work. Start calculating alignments...
2023/12/27 11:05:34 Calculating 2022 queries
2023/12/27 11:05:40 Done calculating alignments.
2023/12/27 11:05:40 Waiting for work...
slurmstepd: error: *** JOB 4753067 ON node054 CANCELLED AT 2023-12-27T11:05:41 ***
