Job id: 4753171
Worker ip: 10.149.0.40
Master ip: 10.149.0.54
--
top - 11:23:50 up 105 days,  3:07,  0 users,  load average: 0.07, 0.62, 0.69
Tasks: 402 total,   1 running, 401 sleeping,   0 stopped,   0 zombie
%Cpu(s):  0.0 us,  0.4 sy,  0.0 ni, 99.6 id,  0.0 wa,  0.0 hi,  0.0 si,  0.0 st
KiB Mem : 65877712 total, 61438356 free,  1033964 used,  3405392 buff/cache
KiB Swap: 33554428 total, 32457308 free,  1097120 used. 63654536 avail Mem 
--
top - 11:23:55 up 105 days,  3:07,  0 users,  load average: 0.14, 0.63, 0.69
Tasks: 404 total,   1 running, 403 sleeping,   0 stopped,   0 zombie
%Cpu(s):  1.6 us,  0.5 sy,  0.0 ni, 97.8 id,  0.0 wa,  0.0 hi,  0.0 si,  0.0 st
KiB Mem : 65877712 total, 61409176 free,  1056448 used,  3412088 buff/cache
KiB Swap: 33554428 total, 32457308 free,  1097120 used. 63631984 avail Mem 
--
top - 11:24:00 up 105 days,  3:07,  0 users,  load average: 0.13, 0.62, 0.69
Tasks: 409 total,   1 running, 408 sleeping,   0 stopped,   0 zombie
%Cpu(s):  0.3 us,  0.1 sy,  0.0 ni, 99.4 id,  0.2 wa,  0.0 hi,  0.0 si,  0.0 st
KiB Mem : 65877712 total, 61404808 free,  1060792 used,  3412112 buff/cache
KiB Swap: 33554428 total, 32457308 free,  1097120 used. 63627616 avail Mem 
--
top - 11:24:05 up 105 days,  3:07,  0 users,  load average: 0.12, 0.61, 0.69
Tasks: 404 total,   1 running, 403 sleeping,   0 stopped,   0 zombie
%Cpu(s):  0.1 us,  0.1 sy,  0.0 ni, 99.3 id,  0.5 wa,  0.0 hi,  0.0 si,  0.0 st
KiB Mem : 65877712 total, 61406844 free,  1058756 used,  3412112 buff/cache
KiB Swap: 33554428 total, 32457308 free,  1097120 used. 63629652 avail Mem 
--
top - 11:24:10 up 105 days,  3:07,  0 users,  load average: 0.11, 0.60, 0.68
Tasks: 404 total,   1 running, 403 sleeping,   0 stopped,   0 zombie
%Cpu(s):  0.0 us,  0.0 sy,  0.0 ni,100.0 id,  0.0 wa,  0.0 hi,  0.0 si,  0.0 st
KiB Mem : 65877712 total, 61408744 free,  1056856 used,  3412112 buff/cache
KiB Swap: 33554428 total, 32457308 free,  1097120 used. 63631552 avail Mem 
--
top - 11:24:15 up 105 days,  3:07,  0 users,  load average: 0.10, 0.59, 0.68
Tasks: 405 total,   1 running, 404 sleeping,   0 stopped,   0 zombie
%Cpu(s):  0.0 us,  0.0 sy,  0.0 ni,100.0 id,  0.0 wa,  0.0 hi,  0.0 si,  0.0 st
KiB Mem : 65877712 total, 61409760 free,  1055840 used,  3412112 buff/cache
KiB Swap: 33554428 total, 32457308 free,  1097120 used. 63632568 avail Mem 
--
top - 11:24:20 up 105 days,  3:07,  0 users,  load average: 0.09, 0.58, 0.67
Tasks: 405 total,   1 running, 404 sleeping,   0 stopped,   0 zombie
%Cpu(s):  0.0 us,  0.0 sy,  0.0 ni,100.0 id,  0.0 wa,  0.0 hi,  0.0 si,  0.0 st
KiB Mem : 65877712 total, 61410336 free,  1055264 used,  3412112 buff/cache
KiB Swap: 33554428 total, 32457308 free,  1097120 used. 63633144 avail Mem 
--
top - 11:24:25 up 105 days,  3:07,  0 users,  load average: 0.09, 0.57, 0.67
Tasks: 405 total,   1 running, 404 sleeping,   0 stopped,   0 zombie
%Cpu(s):  0.0 us,  0.0 sy,  0.0 ni,100.0 id,  0.0 wa,  0.0 hi,  0.0 si,  0.0 st
KiB Mem : 65877712 total, 61410892 free,  1054708 used,  3412112 buff/cache
KiB Swap: 33554428 total, 32457308 free,  1097120 used. 63633700 avail Mem 
--
top - 11:24:30 up 105 days,  3:07,  0 users,  load average: 0.08, 0.56, 0.67
Tasks: 405 total,   1 running, 404 sleeping,   0 stopped,   0 zombie
%Cpu(s):  0.0 us,  0.0 sy,  0.0 ni,100.0 id,  0.0 wa,  0.0 hi,  0.0 si,  0.0 st
KiB Mem : 65877712 total, 61411544 free,  1054056 used,  3412112 buff/cache
KiB Swap: 33554428 total, 32457308 free,  1097120 used. 63634352 avail Mem 
--
top - 11:24:35 up 105 days,  3:07,  0 users,  load average: 0.07, 0.55, 0.66
Tasks: 405 total,   1 running, 404 sleeping,   0 stopped,   0 zombie
%Cpu(s):  0.1 us,  0.0 sy,  0.0 ni, 99.9 id,  0.0 wa,  0.0 hi,  0.0 si,  0.0 st
KiB Mem : 65877712 total, 61388556 free,  1077044 used,  3412112 buff/cache
KiB Swap: 33554428 total, 32457308 free,  1097120 used. 63611364 avail Mem 
--
top - 11:24:40 up 105 days,  3:07,  0 users,  load average: 0.07, 0.54, 0.66
Tasks: 405 total,   1 running, 404 sleeping,   0 stopped,   0 zombie
%Cpu(s):  0.1 us,  0.0 sy,  0.0 ni, 99.9 id,  0.0 wa,  0.0 hi,  0.0 si,  0.0 st
KiB Mem : 65877712 total, 61345168 free,  1120432 used,  3412112 buff/cache
KiB Swap: 33554428 total, 32457308 free,  1097120 used. 63567976 avail Mem 
--
top - 11:24:45 up 105 days,  3:08,  0 users,  load average: 0.06, 0.53, 0.66
Tasks: 405 total,   1 running, 404 sleeping,   0 stopped,   0 zombie
%Cpu(s):  0.1 us,  0.0 sy,  0.0 ni, 99.9 id,  0.0 wa,  0.0 hi,  0.0 si,  0.0 st
KiB Mem : 65877712 total, 61305648 free,  1159948 used,  3412116 buff/cache
KiB Swap: 33554428 total, 32457308 free,  1097120 used. 63528456 avail Mem 
--
top - 11:24:50 up 105 days,  3:08,  0 users,  load average: 0.06, 0.52, 0.65
Tasks: 405 total,   1 running, 404 sleeping,   0 stopped,   0 zombie
%Cpu(s):  0.1 us,  0.1 sy,  0.0 ni, 99.9 id,  0.0 wa,  0.0 hi,  0.0 si,  0.0 st
KiB Mem : 65877712 total, 61276748 free,  1188848 used,  3412116 buff/cache
KiB Swap: 33554428 total, 32457308 free,  1097120 used. 63499556 avail Mem 
--
top - 11:24:55 up 105 days,  3:08,  0 users,  load average: 0.05, 0.51, 0.65
Tasks: 405 total,   1 running, 404 sleeping,   0 stopped,   0 zombie
%Cpu(s):  0.1 us,  0.0 sy,  0.0 ni, 99.9 id,  0.0 wa,  0.0 hi,  0.0 si,  0.0 st
KiB Mem : 65877712 total, 61231016 free,  1234580 used,  3412116 buff/cache
KiB Swap: 33554428 total, 32457308 free,  1097120 used. 63453824 avail Mem 
--
top - 11:25:00 up 105 days,  3:08,  0 users,  load average: 0.05, 0.50, 0.65
Tasks: 404 total,   1 running, 403 sleeping,   0 stopped,   0 zombie
%Cpu(s):  0.1 us,  0.0 sy,  0.0 ni, 99.9 id,  0.0 wa,  0.0 hi,  0.0 si,  0.0 st
KiB Mem : 65877712 total, 61210180 free,  1255416 used,  3412116 buff/cache
KiB Swap: 33554428 total, 32457308 free,  1097120 used. 63432992 avail Mem 
--
top - 11:25:05 up 105 days,  3:08,  0 users,  load average: 0.04, 0.50, 0.64
Tasks: 403 total,   1 running, 402 sleeping,   0 stopped,   0 zombie
%Cpu(s):  0.1 us,  0.1 sy,  0.0 ni, 99.8 id,  0.0 wa,  0.0 hi,  0.0 si,  0.0 st
KiB Mem : 65877712 total, 61156448 free,  1309148 used,  3412116 buff/cache
KiB Swap: 33554428 total, 32457308 free,  1097120 used. 63379260 avail Mem 
--
top - 11:25:10 up 105 days,  3:08,  0 users,  load average: 0.04, 0.49, 0.64
Tasks: 402 total,   1 running, 401 sleeping,   0 stopped,   0 zombie
%Cpu(s):  0.1 us,  0.1 sy,  0.0 ni, 99.9 id,  0.0 wa,  0.0 hi,  0.0 si,  0.0 st
KiB Mem : 65877712 total, 61094888 free,  1370708 used,  3412116 buff/cache
KiB Swap: 33554428 total, 32457308 free,  1097120 used. 63317700 avail Mem 
--
top - 11:25:15 up 105 days,  3:08,  0 users,  load average: 2.28, 0.94, 0.79
Tasks: 402 total,   2 running, 400 sleeping,   0 stopped,   0 zombie
%Cpu(s): 91.7 us,  0.7 sy,  0.0 ni,  7.6 id,  0.0 wa,  0.0 hi,  0.0 si,  0.0 st
KiB Mem : 65877712 total, 60659224 free,  1806372 used,  3412116 buff/cache
KiB Swap: 33554428 total, 32457308 free,  1097120 used. 62882036 avail Mem 
--
top - 11:25:20 up 105 days,  3:08,  0 users,  load average: 3.14, 1.14, 0.85
Tasks: 402 total,   1 running, 401 sleeping,   0 stopped,   0 zombie
%Cpu(s): 12.2 us,  0.1 sy,  0.0 ni, 87.7 id,  0.0 wa,  0.0 hi,  0.0 si,  0.0 st
KiB Mem : 65877712 total, 60775128 free,  1690468 used,  3412116 buff/cache
KiB Swap: 33554428 total, 32457308 free,  1097120 used. 62997940 avail Mem 
--
top - 11:25:25 up 105 days,  3:08,  0 users,  load average: 2.89, 1.12, 0.85
Tasks: 402 total,   1 running, 401 sleeping,   0 stopped,   0 zombie
%Cpu(s):  0.0 us,  0.0 sy,  0.0 ni,100.0 id,  0.0 wa,  0.0 hi,  0.0 si,  0.0 st
KiB Mem : 65877712 total, 60926780 free,  1538816 used,  3412116 buff/cache
KiB Swap: 33554428 total, 32457308 free,  1097120 used. 63149592 avail Mem 
--
top - 11:25:30 up 105 days,  3:08,  0 users,  load average: 2.66, 1.11, 0.84
Tasks: 402 total,   1 running, 401 sleeping,   0 stopped,   0 zombie
%Cpu(s):  0.0 us,  0.0 sy,  0.0 ni,100.0 id,  0.0 wa,  0.0 hi,  0.0 si,  0.0 st
KiB Mem : 65877712 total, 60925156 free,  1540440 used,  3412116 buff/cache
KiB Swap: 33554428 total, 32457308 free,  1097120 used. 63147968 avail Mem 
--
top - 11:25:35 up 105 days,  3:08,  0 users,  load average: 2.44, 1.09, 0.84
Tasks: 402 total,   1 running, 401 sleeping,   0 stopped,   0 zombie
%Cpu(s):  0.1 us,  0.1 sy,  0.0 ni, 99.9 id,  0.0 wa,  0.0 hi,  0.0 si,  0.0 st
KiB Mem : 65877712 total, 60890180 free,  1575416 used,  3412116 buff/cache
KiB Swap: 33554428 total, 32457308 free,  1097120 used. 63112992 avail Mem 
--
top - 11:25:40 up 105 days,  3:08,  0 users,  load average: 2.25, 1.07, 0.84
Tasks: 402 total,   1 running, 401 sleeping,   0 stopped,   0 zombie
%Cpu(s):  0.1 us,  0.1 sy,  0.0 ni, 99.9 id,  0.0 wa,  0.0 hi,  0.0 si,  0.0 st
KiB Mem : 65877712 total, 60854144 free,  1611448 used,  3412120 buff/cache
KiB Swap: 33554428 total, 32457308 free,  1097120 used. 63076956 avail Mem 
--
top - 11:25:45 up 105 days,  3:09,  0 users,  load average: 2.07, 1.05, 0.83
Tasks: 402 total,   1 running, 401 sleeping,   0 stopped,   0 zombie
%Cpu(s):  0.1 us,  0.0 sy,  0.0 ni, 99.9 id,  0.0 wa,  0.0 hi,  0.0 si,  0.0 st
KiB Mem : 65877712 total, 60823568 free,  1642024 used,  3412120 buff/cache
KiB Swap: 33554428 total, 32457308 free,  1097120 used. 63046380 avail Mem 
--
top - 11:25:50 up 105 days,  3:09,  0 users,  load average: 1.90, 1.03, 0.83
Tasks: 402 total,   1 running, 401 sleeping,   0 stopped,   0 zombie
%Cpu(s):  0.1 us,  0.1 sy,  0.0 ni, 99.8 id,  0.0 wa,  0.0 hi,  0.0 si,  0.0 st
KiB Mem : 65877712 total, 60783232 free,  1682360 used,  3412120 buff/cache
KiB Swap: 33554428 total, 32457308 free,  1097120 used. 63006044 avail Mem 
--
top - 11:25:55 up 105 days,  3:09,  0 users,  load average: 1.75, 1.02, 0.82
Tasks: 402 total,   1 running, 401 sleeping,   0 stopped,   0 zombie
%Cpu(s):  0.1 us,  0.1 sy,  0.0 ni, 99.9 id,  0.0 wa,  0.0 hi,  0.0 si,  0.0 st
KiB Mem : 65877712 total, 60747160 free,  1718432 used,  3412120 buff/cache
KiB Swap: 33554428 total, 32457308 free,  1097120 used. 62969972 avail Mem 
--
top - 11:26:00 up 105 days,  3:09,  0 users,  load average: 1.61, 1.00, 0.82
Tasks: 403 total,   2 running, 401 sleeping,   0 stopped,   0 zombie
%Cpu(s):  0.4 us,  0.2 sy,  0.0 ni, 98.9 id,  0.4 wa,  0.0 hi,  0.0 si,  0.0 st
KiB Mem : 65877712 total, 60710512 free,  1755080 used,  3412120 buff/cache
KiB Swap: 33554428 total, 32457308 free,  1097120 used. 62933324 avail Mem 
--
top - 11:26:05 up 105 days,  3:09,  0 users,  load average: 1.48, 0.98, 0.81
Tasks: 402 total,   1 running, 401 sleeping,   0 stopped,   0 zombie
%Cpu(s):  0.1 us,  0.1 sy,  0.0 ni, 99.6 id,  0.2 wa,  0.0 hi,  0.0 si,  0.0 st
KiB Mem : 65877712 total, 60659228 free,  1806360 used,  3412124 buff/cache
KiB Swap: 33554428 total, 32457308 free,  1097120 used. 62882048 avail Mem 
--
top - 11:26:10 up 105 days,  3:09,  0 users,  load average: 3.76, 1.47, 0.97
Tasks: 402 total,   2 running, 400 sleeping,   0 stopped,   0 zombie
%Cpu(s): 86.7 us,  0.7 sy,  0.0 ni, 12.6 id,  0.0 wa,  0.0 hi,  0.0 si,  0.0 st
KiB Mem : 65877712 total, 60480972 free,  1984616 used,  3412124 buff/cache
KiB Swap: 33554428 total, 32457308 free,  1097120 used. 62703792 avail Mem 
--
top - 11:26:15 up 105 days,  3:09,  0 users,  load average: 5.38, 1.84, 1.09
Tasks: 402 total,   1 running, 401 sleeping,   0 stopped,   0 zombie
%Cpu(s): 16.1 us,  0.1 sy,  0.0 ni, 83.8 id,  0.0 wa,  0.0 hi,  0.0 si,  0.0 st
KiB Mem : 65877712 total, 60460212 free,  2005376 used,  3412124 buff/cache
KiB Swap: 33554428 total, 32457308 free,  1097120 used. 62683032 avail Mem 
--
top - 11:26:20 up 105 days,  3:09,  0 users,  load average: 4.95, 1.81, 1.09
Tasks: 402 total,   1 running, 401 sleeping,   0 stopped,   0 zombie
%Cpu(s):  0.0 us,  0.0 sy,  0.0 ni, 99.9 id,  0.0 wa,  0.0 hi,  0.0 si,  0.0 st
KiB Mem : 65877712 total, 60692152 free,  1773436 used,  3412124 buff/cache
KiB Swap: 33554428 total, 32457308 free,  1097120 used. 62914972 avail Mem 
--
top - 11:26:25 up 105 days,  3:09,  0 users,  load average: 4.56, 1.78, 1.08
Tasks: 402 total,   1 running, 401 sleeping,   0 stopped,   0 zombie
%Cpu(s):  0.0 us,  0.0 sy,  0.0 ni,100.0 id,  0.0 wa,  0.0 hi,  0.0 si,  0.0 st
KiB Mem : 65877712 total, 60693260 free,  1772328 used,  3412124 buff/cache
KiB Swap: 33554428 total, 32457308 free,  1097120 used. 62916080 avail Mem 
--
top - 11:26:30 up 105 days,  3:09,  0 users,  load average: 4.19, 1.75, 1.08
Tasks: 402 total,   1 running, 401 sleeping,   0 stopped,   0 zombie
%Cpu(s):  0.1 us,  0.0 sy,  0.0 ni, 99.9 id,  0.0 wa,  0.0 hi,  0.0 si,  0.0 st
KiB Mem : 65877712 total, 60663936 free,  1801652 used,  3412124 buff/cache
KiB Swap: 33554428 total, 32457308 free,  1097120 used. 62886756 avail Mem 
--
top - 11:26:35 up 105 days,  3:09,  0 users,  load average: 3.86, 1.72, 1.07
Tasks: 402 total,   1 running, 401 sleeping,   0 stopped,   0 zombie
%Cpu(s):  0.1 us,  0.0 sy,  0.0 ni, 99.9 id,  0.0 wa,  0.0 hi,  0.0 si,  0.0 st
KiB Mem : 65877712 total, 60629892 free,  1835692 used,  3412128 buff/cache
KiB Swap: 33554428 total, 32457308 free,  1097120 used. 62852716 avail Mem 
--
top - 11:26:40 up 105 days,  3:09,  0 users,  load average: 3.55, 1.69, 1.06
Tasks: 402 total,   1 running, 401 sleeping,   0 stopped,   0 zombie
%Cpu(s):  0.1 us,  0.1 sy,  0.0 ni, 99.9 id,  0.0 wa,  0.0 hi,  0.0 si,  0.0 st
KiB Mem : 65877712 total, 60587724 free,  1877860 used,  3412128 buff/cache
KiB Swap: 33554428 total, 32457308 free,  1097120 used. 62810548 avail Mem 
--
top - 11:26:45 up 105 days,  3:10,  0 users,  load average: 3.26, 1.66, 1.06
Tasks: 402 total,   1 running, 401 sleeping,   0 stopped,   0 zombie
%Cpu(s):  0.1 us,  0.0 sy,  0.0 ni, 99.8 id,  0.1 wa,  0.0 hi,  0.0 si,  0.0 st
KiB Mem : 65877712 total, 60553544 free,  1912040 used,  3412128 buff/cache
KiB Swap: 33554428 total, 32457308 free,  1097120 used. 62776368 avail Mem 
--
top - 11:26:50 up 105 days,  3:10,  0 users,  load average: 3.00, 1.64, 1.05
Tasks: 402 total,   1 running, 401 sleeping,   0 stopped,   0 zombie
%Cpu(s):  0.1 us,  0.1 sy,  0.0 ni, 99.9 id,  0.0 wa,  0.0 hi,  0.0 si,  0.0 st
KiB Mem : 65877712 total, 60517448 free,  1948136 used,  3412128 buff/cache
KiB Swap: 33554428 total, 32457308 free,  1097120 used. 62740272 avail Mem 
--
top - 11:26:55 up 105 days,  3:10,  0 users,  load average: 2.76, 1.61, 1.05
Tasks: 402 total,   1 running, 401 sleeping,   0 stopped,   0 zombie
%Cpu(s):  0.1 us,  0.1 sy,  0.0 ni, 99.9 id,  0.0 wa,  0.0 hi,  0.0 si,  0.0 st
KiB Mem : 65877712 total, 60472672 free,  1992912 used,  3412128 buff/cache
KiB Swap: 33554428 total, 32457308 free,  1097120 used. 62695496 avail Mem 
--
top - 11:27:00 up 105 days,  3:10,  0 users,  load average: 2.54, 1.58, 1.04
Tasks: 402 total,   1 running, 401 sleeping,   0 stopped,   0 zombie
%Cpu(s):  0.1 us,  0.0 sy,  0.0 ni, 99.9 id,  0.0 wa,  0.0 hi,  0.0 si,  0.0 st
KiB Mem : 65877712 total, 60444468 free,  2021116 used,  3412128 buff/cache
KiB Swap: 33554428 total, 32457308 free,  1097120 used. 62667292 avail Mem 
--
top - 11:27:05 up 105 days,  3:10,  0 users,  load average: 2.34, 1.56, 1.04
Tasks: 399 total,   2 running, 397 sleeping,   0 stopped,   0 zombie
%Cpu(s): 10.1 us,  0.3 sy,  0.0 ni, 89.6 id,  0.0 wa,  0.0 hi,  0.0 si,  0.0 st
KiB Mem : 65877712 total, 60385412 free,  2080172 used,  3412128 buff/cache
KiB Swap: 33554428 total, 32457308 free,  1097120 used. 62608236 avail Mem 
--
top - 11:27:10 up 105 days,  3:10,  0 users,  load average: 4.31, 1.98, 1.18
Tasks: 399 total,   2 running, 397 sleeping,   0 stopped,   0 zombie
%Cpu(s): 89.8 us,  0.5 sy,  0.0 ni,  9.7 id,  0.0 wa,  0.0 hi,  0.0 si,  0.0 st
KiB Mem : 65877712 total, 60195928 free,  2269656 used,  3412128 buff/cache
KiB Swap: 33554428 total, 32457308 free,  1097120 used. 62418752 avail Mem 
--
top - 11:27:15 up 105 days,  3:10,  0 users,  load average: 4.21, 1.99, 1.18
Tasks: 399 total,   1 running, 398 sleeping,   0 stopped,   0 zombie
%Cpu(s):  1.1 us,  0.0 sy,  0.0 ni, 98.8 id,  0.0 wa,  0.0 hi,  0.0 si,  0.0 st
KiB Mem : 65877712 total, 60417936 free,  2047648 used,  3412128 buff/cache
KiB Swap: 33554428 total, 32457308 free,  1097120 used. 62640760 avail Mem 
--
top - 11:27:21 up 105 days,  3:10,  0 users,  load average: 3.87, 1.96, 1.18
Tasks: 399 total,   1 running, 398 sleeping,   0 stopped,   0 zombie
%Cpu(s):  0.0 us,  0.0 sy,  0.0 ni, 99.9 id,  0.0 wa,  0.0 hi,  0.0 si,  0.0 st
KiB Mem : 65877712 total, 60463148 free,  2002436 used,  3412128 buff/cache
KiB Swap: 33554428 total, 32457308 free,  1097120 used. 62685972 avail Mem 
--
top - 11:27:26 up 105 days,  3:10,  0 users,  load average: 3.56, 1.93, 1.17
Tasks: 399 total,   1 running, 398 sleeping,   0 stopped,   0 zombie
%Cpu(s):  0.0 us,  0.0 sy,  0.0 ni, 99.9 id,  0.0 wa,  0.0 hi,  0.0 si,  0.0 st
KiB Mem : 65877712 total, 60460280 free,  2005300 used,  3412132 buff/cache
KiB Swap: 33554428 total, 32457308 free,  1097120 used. 62683104 avail Mem 
--
top - 11:27:31 up 105 days,  3:10,  0 users,  load average: 3.28, 1.90, 1.17
Tasks: 399 total,   1 running, 398 sleeping,   0 stopped,   0 zombie
%Cpu(s):  0.1 us,  0.1 sy,  0.0 ni, 99.8 id,  0.0 wa,  0.0 hi,  0.0 si,  0.0 st
KiB Mem : 65877712 total, 60426188 free,  2039392 used,  3412132 buff/cache
KiB Swap: 33554428 total, 32457308 free,  1097120 used. 62649012 avail Mem 
--
top - 11:27:36 up 105 days,  3:10,  0 users,  load average: 3.01, 1.87, 1.16
Tasks: 399 total,   1 running, 398 sleeping,   0 stopped,   0 zombie
%Cpu(s):  0.1 us,  0.1 sy,  0.0 ni, 99.9 id,  0.0 wa,  0.0 hi,  0.0 si,  0.0 st
KiB Mem : 65877712 total, 60388544 free,  2077036 used,  3412132 buff/cache
KiB Swap: 33554428 total, 32457308 free,  1097120 used. 62611368 avail Mem 
--
top - 11:27:41 up 105 days,  3:10,  0 users,  load average: 2.77, 1.83, 1.15
Tasks: 399 total,   1 running, 398 sleeping,   0 stopped,   0 zombie
%Cpu(s):  0.1 us,  0.1 sy,  0.0 ni, 99.9 id,  0.0 wa,  0.0 hi,  0.0 si,  0.0 st
KiB Mem : 65877712 total, 60354704 free,  2110876 used,  3412132 buff/cache
KiB Swap: 33554428 total, 32457308 free,  1097120 used. 62577528 avail Mem 
--
top - 11:27:46 up 105 days,  3:11,  0 users,  load average: 2.55, 1.80, 1.15
Tasks: 399 total,   1 running, 398 sleeping,   0 stopped,   0 zombie
%Cpu(s):  0.1 us,  0.1 sy,  0.0 ni, 99.9 id,  0.0 wa,  0.0 hi,  0.0 si,  0.0 st
KiB Mem : 65877712 total, 60315208 free,  2150372 used,  3412132 buff/cache
KiB Swap: 33554428 total, 32457308 free,  1097120 used. 62538032 avail Mem 
--
top - 11:27:51 up 105 days,  3:11,  0 users,  load average: 2.35, 1.77, 1.14
Tasks: 399 total,   1 running, 398 sleeping,   0 stopped,   0 zombie
%Cpu(s):  0.1 us,  0.1 sy,  0.0 ni, 99.9 id,  0.0 wa,  0.0 hi,  0.0 si,  0.0 st
KiB Mem : 65877712 total, 60291204 free,  2174376 used,  3412132 buff/cache
KiB Swap: 33554428 total, 32457308 free,  1097120 used. 62514028 avail Mem 
--
top - 11:27:56 up 105 days,  3:11,  0 users,  load average: 2.16, 1.75, 1.13
Tasks: 399 total,   1 running, 398 sleeping,   0 stopped,   0 zombie
%Cpu(s):  0.1 us,  0.1 sy,  0.0 ni, 99.9 id,  0.0 wa,  0.0 hi,  0.0 si,  0.0 st
KiB Mem : 65877712 total, 60249552 free,  2216028 used,  3412132 buff/cache
KiB Swap: 33554428 total, 32457308 free,  1097120 used. 62472376 avail Mem 
--
top - 11:28:01 up 105 days,  3:11,  0 users,  load average: 1.98, 1.72, 1.13
Tasks: 399 total,   1 running, 398 sleeping,   0 stopped,   0 zombie
%Cpu(s):  0.5 us,  0.3 sy,  0.0 ni, 98.7 id,  0.6 wa,  0.0 hi,  0.0 si,  0.0 st
KiB Mem : 65877712 total, 60182384 free,  2283180 used,  3412148 buff/cache
KiB Swap: 33554428 total, 32457308 free,  1097120 used. 62405220 avail Mem 
--
top - 11:28:06 up 105 days,  3:11,  0 users,  load average: 1.83, 1.69, 1.12
Tasks: 399 total,   2 running, 397 sleeping,   0 stopped,   0 zombie
%Cpu(s): 34.7 us,  0.7 sy,  0.0 ni, 64.5 id,  0.0 wa,  0.0 hi,  0.0 si,  0.0 st
KiB Mem : 65877712 total, 60098792 free,  2366772 used,  3412148 buff/cache
KiB Swap: 33554428 total, 32457308 free,  1097120 used. 62321628 avail Mem 
--
top - 11:28:11 up 105 days,  3:11,  0 users,  load average: 3.84, 2.11, 1.26
Tasks: 400 total,   1 running, 399 sleeping,   0 stopped,   0 zombie
%Cpu(s): 69.8 us,  0.6 sy,  0.0 ni, 29.5 id,  0.0 wa,  0.0 hi,  0.0 si,  0.0 st
KiB Mem : 65877712 total, 59940700 free,  2524864 used,  3412148 buff/cache
KiB Swap: 33554428 total, 32457308 free,  1097120 used. 62163536 avail Mem 
--
top - 11:28:16 up 105 days,  3:11,  0 users,  load average: 3.53, 2.07, 1.25
Tasks: 401 total,   1 running, 400 sleeping,   0 stopped,   0 zombie
%Cpu(s):  0.0 us,  0.1 sy,  0.0 ni, 99.8 id,  0.1 wa,  0.0 hi,  0.0 si,  0.0 st
KiB Mem : 65877712 total, 60242220 free,  2223344 used,  3412148 buff/cache
KiB Swap: 33554428 total, 32457308 free,  1097120 used. 62465052 avail Mem 
--
top - 11:28:21 up 105 days,  3:11,  0 users,  load average: 3.25, 2.04, 1.25
Tasks: 401 total,   1 running, 400 sleeping,   0 stopped,   0 zombie
%Cpu(s):  0.0 us,  0.0 sy,  0.0 ni, 99.9 id,  0.0 wa,  0.0 hi,  0.0 si,  0.0 st
KiB Mem : 65877712 total, 60243048 free,  2222512 used,  3412152 buff/cache
KiB Swap: 33554428 total, 32457308 free,  1097120 used. 62465884 avail Mem 
--
top - 11:28:26 up 105 days,  3:11,  0 users,  load average: 2.99, 2.01, 1.24
Tasks: 401 total,   1 running, 400 sleeping,   0 stopped,   0 zombie
%Cpu(s):  0.1 us,  0.0 sy,  0.0 ni, 99.9 id,  0.0 wa,  0.0 hi,  0.0 si,  0.0 st
KiB Mem : 65877712 total, 60224908 free,  2240652 used,  3412152 buff/cache
KiB Swap: 33554428 total, 32457308 free,  1097120 used. 62447744 avail Mem 
--
top - 11:28:31 up 105 days,  3:11,  0 users,  load average: 2.75, 1.97, 1.23
Tasks: 402 total,   1 running, 401 sleeping,   0 stopped,   0 zombie
%Cpu(s):  0.0 us,  0.1 sy,  0.0 ni, 96.7 id,  3.2 wa,  0.0 hi,  0.0 si,  0.0 st
KiB Mem : 65877712 total, 60193644 free,  2271916 used,  3412152 buff/cache
KiB Swap: 33554428 total, 32457308 free,  1097120 used. 62416480 avail Mem 
--
top - 11:28:36 up 105 days,  3:11,  0 users,  load average: 3.09, 2.06, 1.27
Tasks: 402 total,   1 running, 401 sleeping,   0 stopped,   0 zombie
%Cpu(s):  0.1 us,  0.0 sy,  0.0 ni, 90.5 id,  9.3 wa,  0.0 hi,  0.0 si,  0.0 st
KiB Mem : 65877712 total, 60161436 free,  2304124 used,  3412152 buff/cache
KiB Swap: 33554428 total, 32457308 free,  1097120 used. 62384272 avail Mem 
--
top - 11:28:41 up 105 days,  3:11,  0 users,  load average: 3.21, 2.12, 1.29
Tasks: 402 total,   1 running, 401 sleeping,   0 stopped,   0 zombie
%Cpu(s):  0.1 us,  0.1 sy,  0.0 ni, 93.7 id,  6.2 wa,  0.0 hi,  0.0 si,  0.0 st
KiB Mem : 65877712 total, 60119148 free,  2346412 used,  3412152 buff/cache
KiB Swap: 33554428 total, 32457308 free,  1097120 used. 62341984 avail Mem 
--
top - 11:28:46 up 105 days,  3:12,  0 users,  load average: 2.95, 2.08, 1.29
Tasks: 402 total,   1 running, 401 sleeping,   0 stopped,   0 zombie
%Cpu(s):  0.0 us,  0.0 sy,  0.0 ni, 99.9 id,  0.0 wa,  0.0 hi,  0.0 si,  0.0 st
KiB Mem : 65877712 total, 60086976 free,  2378584 used,  3412152 buff/cache
KiB Swap: 33554428 total, 32457308 free,  1097120 used. 62309812 avail Mem 
--
top - 11:28:51 up 105 days,  3:12,  0 users,  load average: 2.71, 2.05, 1.28
Tasks: 402 total,   1 running, 401 sleeping,   0 stopped,   0 zombie
%Cpu(s):  0.1 us,  0.1 sy,  0.0 ni, 99.8 id,  0.0 wa,  0.0 hi,  0.0 si,  0.0 st
KiB Mem : 65877712 total, 60046592 free,  2418968 used,  3412152 buff/cache
KiB Swap: 33554428 total, 32457308 free,  1097120 used. 62269428 avail Mem 
--
top - 11:28:56 up 105 days,  3:12,  0 users,  load average: 2.50, 2.01, 1.27
Tasks: 401 total,   1 running, 400 sleeping,   0 stopped,   0 zombie
%Cpu(s):  0.1 us,  0.1 sy,  0.0 ni, 99.9 id,  0.0 wa,  0.0 hi,  0.0 si,  0.0 st
KiB Mem : 65877712 total, 59997668 free,  2467892 used,  3412152 buff/cache
KiB Swap: 33554428 total, 32457308 free,  1097120 used. 62220504 avail Mem 
--
top - 11:29:01 up 105 days,  3:12,  0 users,  load average: 4.62, 2.46, 1.42
Tasks: 401 total,   2 running, 399 sleeping,   0 stopped,   0 zombie
%Cpu(s): 26.5 us,  0.6 sy,  0.0 ni, 72.9 id,  0.0 wa,  0.0 hi,  0.0 si,  0.0 st
KiB Mem : 65877712 total, 59937188 free,  2528372 used,  3412152 buff/cache
KiB Swap: 33554428 total, 32457308 free,  1097120 used. 62160028 avail Mem 
--
top - 11:29:06 up 105 days,  3:12,  0 users,  load average: 4.25, 2.42, 1.41
Tasks: 401 total,   1 running, 400 sleeping,   0 stopped,   0 zombie
%Cpu(s): 78.7 us,  0.4 sy,  0.0 ni, 20.9 id,  0.0 wa,  0.0 hi,  0.0 si,  0.0 st
KiB Mem : 65877712 total, 59790892 free,  2674668 used,  3412152 buff/cache
KiB Swap: 33554428 total, 32457308 free,  1097120 used. 62013732 avail Mem 
