10.149.0.62
2023/12/27 11:05:44 Master node address: http://10.149.0.68:8000
2023/12/27 11:05:44 Benchmarking worker...
2023/12/27 11:05:46 Worker registered (1845 MCUPS). Waiting for work...
2023/12/27 11:06:21 Got work. Start calculating alignments...
2023/12/27 11:06:21 Calculating 2008 queries
2023/12/27 11:06:27 Done calculating alignments.
2023/12/27 11:06:27 Waiting for work...
2023/12/27 11:06:39 Got work. Start calculating alignments...
2023/12/27 11:06:39 Calculating 2008 queries
2023/12/27 11:06:44 Done calculating alignments.
2023/12/27 11:06:44 Waiting for work...
2023/12/27 11:06:55 Got work. Start calculating alignments...
2023/12/27 11:06:55 Calculating 2007 queries
2023/12/27 11:07:01 Done calculating alignments.
2023/12/27 11:07:01 Waiting for work...
2023/12/27 11:07:12 Got work. Start calculating alignments...
2023/12/27 11:07:12 Calculating 2008 queries
2023/12/27 11:07:18 Done calculating alignments.
2023/12/27 11:07:18 Waiting for work...
2023/12/27 11:07:28 Got work. Start calculating alignments...
2023/12/27 11:07:28 Calculating 2008 queries
2023/12/27 11:07:35 Done calculating alignments.
2023/12/27 11:07:35 Waiting for work...
slurmstepd: error: *** JOB 4753077 ON node062 CANCELLED AT 2023-12-27T11:07:36 ***
