10.149.0.56
2023/12/27 11:16:01 Master node address: http://10.149.0.59:8000
2023/12/27 11:16:01 Benchmarking worker...
2023/12/27 11:16:03 Worker registered (1818 MCUPS). Waiting for work...
2023/12/27 11:16:35 Got work. Start calculating alignments...
2023/12/27 11:16:35 Calculating 2000 queries
2023/12/27 11:16:41 Done calculating alignments.
2023/12/27 11:16:41 Waiting for work...
2023/12/27 11:16:44 Got work. Start calculating alignments...
2023/12/27 11:16:44 Calculating 2000 queries
2023/12/27 11:16:50 Done calculating alignments.
2023/12/27 11:16:50 Waiting for work...
2023/12/27 11:16:53 Got work. Start calculating alignments...
2023/12/27 11:16:53 Calculating 2000 queries
2023/12/27 11:16:59 Done calculating alignments.
2023/12/27 11:16:59 Waiting for work...
2023/12/27 11:17:02 Got work. Start calculating alignments...
2023/12/27 11:17:02 Calculating 2000 queries
2023/12/27 11:17:09 Done calculating alignments.
2023/12/27 11:17:09 Waiting for work...
2023/12/27 11:17:12 Got work. Start calculating alignments...
2023/12/27 11:17:12 Calculating 2000 queries
2023/12/27 11:17:18 Done calculating alignments.
2023/12/27 11:17:18 Waiting for work...
slurmstepd: error: *** JOB 4753120 ON node056 CANCELLED AT 2023-12-27T11:17:18 ***
