10.149.0.54
2023/12/27 11:17:22 Master node address: http://10.149.0.60:8000
2023/12/27 11:17:22 Benchmarking worker...
2023/12/27 11:17:23 Worker registered (1808 MCUPS). Waiting for work...
2023/12/27 11:17:58 Got work. Start calculating alignments...
2023/12/27 11:17:58 Calculating 1976 queries
2023/12/27 11:18:03 Done calculating alignments.
2023/12/27 11:18:03 Waiting for work...
2023/12/27 11:18:09 Got work. Start calculating alignments...
2023/12/27 11:18:09 Calculating 1976 queries
2023/12/27 11:18:15 Done calculating alignments.
2023/12/27 11:18:15 Waiting for work...
2023/12/27 11:18:20 Got work. Start calculating alignments...
2023/12/27 11:18:20 Calculating 1976 queries
2023/12/27 11:18:26 Done calculating alignments.
2023/12/27 11:18:26 Waiting for work...
2023/12/27 11:18:32 Got work. Start calculating alignments...
2023/12/27 11:18:32 Calculating 1975 queries
2023/12/27 11:18:37 Done calculating alignments.
2023/12/27 11:18:37 Waiting for work...
2023/12/27 11:18:42 Got work. Start calculating alignments...
2023/12/27 11:18:42 Calculating 1975 queries
2023/12/27 11:18:48 Done calculating alignments.
2023/12/27 11:18:48 Waiting for work...
slurmstepd: error: *** JOB 4753128 ON node054 CANCELLED AT 2023-12-27T11:18:50 ***
