10.149.0.68
2023/12/27 11:10:44 Master node address: http://10.149.0.62:8000
2023/12/27 11:10:44 Benchmarking worker...
2023/12/27 11:10:46 Worker registered (1794 MCUPS). Waiting for work...
2023/12/27 11:12:00 Got work. Start calculating alignments...
2023/12/27 11:12:00 Calculating 1953 queries
2023/12/27 11:12:08 Done calculating alignments.
2023/12/27 11:12:08 Waiting for work...
2023/12/27 11:12:55 Got work. Start calculating alignments...
2023/12/27 11:12:55 Calculating 1954 queries
2023/12/27 11:13:03 Done calculating alignments.
2023/12/27 11:13:03 Waiting for work...
2023/12/27 11:13:49 Got work. Start calculating alignments...
2023/12/27 11:13:49 Calculating 1954 queries
2023/12/27 11:13:56 Done calculating alignments.
2023/12/27 11:13:56 Waiting for work...
2023/12/27 11:14:49 Got work. Start calculating alignments...
2023/12/27 11:14:49 Calculating 1953 queries
2023/12/27 11:14:59 Done calculating alignments.
2023/12/27 11:14:59 Waiting for work...
2023/12/27 11:15:45 Got work. Start calculating alignments...
2023/12/27 11:15:45 Calculating 1954 queries
2023/12/27 11:15:52 Done calculating alignments.
2023/12/27 11:15:52 Waiting for work...
slurmstepd: error: *** JOB 4753098 ON node068 CANCELLED AT 2023-12-27T11:15:58 ***
