Job id: 4753074
Worker ip: 10.149.0.54
Master ip: 10.149.0.68
--
top - 11:05:44 up 105 days,  2:48,  0 users,  load average: 9.02, 2.86, 1.28
Tasks: 396 total,   1 running, 395 sleeping,   0 stopped,   0 zombie
%Cpu(s):  0.7 us,  2.9 sy,  0.0 ni, 96.2 id,  0.0 wa,  0.0 hi,  0.2 si,  0.0 st
KiB Mem : 65877712 total, 51448580 free,  1162664 used, 13266468 buff/cache
KiB Swap: 33554428 total, 32099488 free,  1454940 used. 63540356 avail Mem 
--
top - 11:05:49 up 105 days,  2:48,  0 users,  load average: 8.29, 2.81, 1.27
Tasks: 397 total,   1 running, 396 sleeping,   0 stopped,   0 zombie
%Cpu(s):  1.7 us,  0.5 sy,  0.0 ni, 97.8 id,  0.0 wa,  0.0 hi,  0.0 si,  0.0 st
KiB Mem : 65877712 total, 51429556 free,  1175012 used, 13273144 buff/cache
KiB Swap: 33554428 total, 32099488 free,  1454940 used. 63527940 avail Mem 
--
top - 11:05:54 up 105 days,  2:48,  0 users,  load average: 7.63, 2.77, 1.27
Tasks: 397 total,   1 running, 396 sleeping,   0 stopped,   0 zombie
%Cpu(s):  0.0 us,  0.0 sy,  0.0 ni, 99.9 id,  0.0 wa,  0.0 hi,  0.0 si,  0.0 st
KiB Mem : 65877712 total, 51430284 free,  1174284 used, 13273144 buff/cache
KiB Swap: 33554428 total, 32099488 free,  1454940 used. 63528668 avail Mem 
--
top - 11:05:59 up 105 days,  2:48,  0 users,  load average: 7.02, 2.72, 1.26
Tasks: 397 total,   1 running, 396 sleeping,   0 stopped,   0 zombie
%Cpu(s):  0.0 us,  0.0 sy,  0.0 ni,100.0 id,  0.0 wa,  0.0 hi,  0.0 si,  0.0 st
KiB Mem : 65877712 total, 51430904 free,  1173664 used, 13273144 buff/cache
KiB Swap: 33554428 total, 32099488 free,  1454940 used. 63529288 avail Mem 
--
top - 11:06:04 up 105 days,  2:48,  0 users,  load average: 6.46, 2.68, 1.25
Tasks: 401 total,   1 running, 400 sleeping,   0 stopped,   0 zombie
%Cpu(s):  0.4 us,  0.2 sy,  0.0 ni, 99.0 id,  0.3 wa,  0.0 hi,  0.0 si,  0.0 st
KiB Mem : 65877712 total, 51428608 free,  1175960 used, 13273144 buff/cache
KiB Swap: 33554428 total, 32099488 free,  1454940 used. 63526992 avail Mem 
--
top - 11:06:09 up 105 days,  2:48,  0 users,  load average: 5.94, 2.63, 1.25
Tasks: 401 total,   1 running, 400 sleeping,   0 stopped,   0 zombie
%Cpu(s):  0.0 us,  0.0 sy,  0.0 ni, 99.9 id,  0.0 wa,  0.0 hi,  0.0 si,  0.0 st
KiB Mem : 65877712 total, 51429324 free,  1175244 used, 13273144 buff/cache
KiB Swap: 33554428 total, 32099488 free,  1454940 used. 63527708 avail Mem 
--
top - 11:06:14 up 105 days,  2:48,  0 users,  load average: 5.46, 2.59, 1.24
Tasks: 401 total,   1 running, 400 sleeping,   0 stopped,   0 zombie
%Cpu(s):  0.0 us,  0.0 sy,  0.0 ni,100.0 id,  0.0 wa,  0.0 hi,  0.0 si,  0.0 st
KiB Mem : 65877712 total, 51430228 free,  1174340 used, 13273144 buff/cache
KiB Swap: 33554428 total, 32099488 free,  1454940 used. 63528612 avail Mem 
--
top - 11:06:19 up 105 days,  2:48,  0 users,  load average: 5.03, 2.55, 1.23
Tasks: 401 total,   1 running, 400 sleeping,   0 stopped,   0 zombie
%Cpu(s):  0.2 us,  0.1 sy,  0.0 ni, 99.6 id,  0.1 wa,  0.0 hi,  0.0 si,  0.0 st
KiB Mem : 65877712 total, 51317600 free,  1286968 used, 13273144 buff/cache
KiB Swap: 33554428 total, 32099488 free,  1454940 used. 63415984 avail Mem 
--
top - 11:06:24 up 105 days,  2:48,  0 users,  load average: 4.62, 2.50, 1.22
Tasks: 401 total,   2 running, 399 sleeping,   0 stopped,   0 zombie
%Cpu(s): 59.2 us,  0.6 sy,  0.0 ni, 40.2 id,  0.0 wa,  0.0 hi,  0.0 si,  0.0 st
KiB Mem : 65877712 total, 50891520 free,  1713048 used, 13273144 buff/cache
KiB Swap: 33554428 total, 32099488 free,  1454940 used. 62989904 avail Mem 
--
top - 11:06:29 up 105 days,  2:48,  0 users,  load average: 6.42, 2.91, 1.36
Tasks: 401 total,   1 running, 400 sleeping,   0 stopped,   0 zombie
%Cpu(s): 41.4 us,  0.1 sy,  0.0 ni, 58.5 id,  0.0 wa,  0.0 hi,  0.0 si,  0.0 st
KiB Mem : 65877712 total, 50959988 free,  1644580 used, 13273144 buff/cache
KiB Swap: 33554428 total, 32099488 free,  1454940 used. 63058372 avail Mem 
--
top - 11:06:34 up 105 days,  2:48,  0 users,  load average: 5.90, 2.86, 1.36
Tasks: 400 total,   1 running, 399 sleeping,   0 stopped,   0 zombie
%Cpu(s):  0.1 us,  0.1 sy,  0.0 ni, 99.7 id,  0.0 wa,  0.0 hi,  0.0 si,  0.0 st
KiB Mem : 65877712 total, 50883864 free,  1720704 used, 13273144 buff/cache
KiB Swap: 33554428 total, 32099488 free,  1454940 used. 62982248 avail Mem 
--
top - 11:06:39 up 105 days,  2:49,  0 users,  load average: 5.43, 2.81, 1.35
Tasks: 400 total,   1 running, 399 sleeping,   0 stopped,   0 zombie
%Cpu(s):  7.8 us,  0.3 sy,  0.0 ni, 91.9 id,  0.0 wa,  0.0 hi,  0.0 si,  0.0 st
KiB Mem : 65877712 total, 50699444 free,  1905120 used, 13273148 buff/cache
KiB Swap: 33554428 total, 32099488 free,  1454940 used. 62797832 avail Mem 
--
top - 11:06:44 up 105 days,  2:49,  0 users,  load average: 7.32, 3.25, 1.50
Tasks: 400 total,   1 running, 399 sleeping,   0 stopped,   0 zombie
%Cpu(s): 88.8 us,  0.5 sy,  0.0 ni, 10.6 id,  0.0 wa,  0.0 hi,  0.0 si,  0.0 st
KiB Mem : 65877712 total, 50513192 free,  2091372 used, 13273148 buff/cache
KiB Swap: 33554428 total, 32099488 free,  1454940 used. 62611580 avail Mem 
--
top - 11:06:49 up 105 days,  2:49,  0 users,  load average: 6.73, 3.20, 1.49
Tasks: 400 total,   1 running, 399 sleeping,   0 stopped,   0 zombie
%Cpu(s):  0.4 us,  0.0 sy,  0.0 ni, 99.5 id,  0.0 wa,  0.0 hi,  0.0 si,  0.0 st
KiB Mem : 65877712 total, 50737972 free,  1866592 used, 13273148 buff/cache
KiB Swap: 33554428 total, 32099488 free,  1454940 used. 62836360 avail Mem 
--
top - 11:06:54 up 105 days,  2:49,  0 users,  load average: 6.19, 3.14, 1.48
Tasks: 400 total,   1 running, 399 sleeping,   0 stopped,   0 zombie
%Cpu(s):  0.2 us,  0.2 sy,  0.0 ni, 99.6 id,  0.0 wa,  0.0 hi,  0.0 si,  0.0 st
KiB Mem : 65877712 total, 50589856 free,  2014708 used, 13273148 buff/cache
KiB Swap: 33554428 total, 32099488 free,  1454940 used. 62688244 avail Mem 
--
top - 11:06:59 up 105 days,  2:49,  0 users,  load average: 5.70, 3.09, 1.47
Tasks: 398 total,   1 running, 397 sleeping,   0 stopped,   0 zombie
%Cpu(s): 76.1 us,  0.7 sy,  0.0 ni, 23.2 id,  0.0 wa,  0.0 hi,  0.0 si,  0.0 st
KiB Mem : 65877712 total, 50414036 free,  2190528 used, 13273148 buff/cache
KiB Swap: 33554428 total, 32099488 free,  1454940 used. 62512424 avail Mem 
--
top - 11:07:04 up 105 days,  2:49,  0 users,  load average: 6.36, 3.27, 1.54
Tasks: 399 total,   1 running, 398 sleeping,   0 stopped,   0 zombie
%Cpu(s): 27.6 us,  0.4 sy,  0.0 ni, 72.0 id,  0.0 wa,  0.0 hi,  0.0 si,  0.0 st
KiB Mem : 65877712 total, 50522336 free,  2082228 used, 13273148 buff/cache
KiB Swap: 33554428 total, 32099488 free,  1454940 used. 62620724 avail Mem 
--
top - 11:07:09 up 105 days,  2:49,  0 users,  load average: 5.85, 3.22, 1.53
Tasks: 399 total,   2 running, 397 sleeping,   0 stopped,   0 zombie
%Cpu(s):  0.2 us,  0.1 sy,  0.0 ni, 99.7 id,  0.0 wa,  0.0 hi,  0.0 si,  0.0 st
KiB Mem : 65877712 total, 50422844 free,  2181720 used, 13273148 buff/cache
KiB Swap: 33554428 total, 32099488 free,  1454940 used. 62521232 avail Mem 
--
top - 11:07:14 up 105 days,  2:49,  0 users,  load average: 5.38, 3.16, 1.52
Tasks: 399 total,   1 running, 398 sleeping,   0 stopped,   0 zombie
%Cpu(s): 44.3 us,  0.9 sy,  0.0 ni, 54.8 id,  0.0 wa,  0.0 hi,  0.0 si,  0.0 st
KiB Mem : 65877712 total, 50255704 free,  2348860 used, 13273148 buff/cache
KiB Swap: 33554428 total, 32099488 free,  1454940 used. 62354092 avail Mem 
--
top - 11:07:19 up 105 days,  2:49,  0 users,  load average: 7.27, 3.59, 1.67
Tasks: 399 total,   1 running, 398 sleeping,   0 stopped,   0 zombie
%Cpu(s): 56.0 us,  0.2 sy,  0.0 ni, 43.8 id,  0.0 wa,  0.0 hi,  0.0 si,  0.0 st
KiB Mem : 65877712 total, 50311796 free,  2292768 used, 13273148 buff/cache
KiB Swap: 33554428 total, 32099488 free,  1454940 used. 62410184 avail Mem 
--
top - 11:07:24 up 105 days,  2:49,  0 users,  load average: 6.69, 3.53, 1.66
Tasks: 399 total,   1 running, 398 sleeping,   0 stopped,   0 zombie
%Cpu(s):  0.1 us,  0.1 sy,  0.0 ni, 99.8 id,  0.0 wa,  0.0 hi,  0.0 si,  0.0 st
KiB Mem : 65877712 total, 50253376 free,  2351188 used, 13273148 buff/cache
KiB Swap: 33554428 total, 32099488 free,  1454940 used. 62351764 avail Mem 
--
top - 11:07:29 up 105 days,  2:49,  0 users,  load average: 6.16, 3.47, 1.65
Tasks: 399 total,   1 running, 398 sleeping,   0 stopped,   0 zombie
%Cpu(s):  5.9 us,  0.2 sy,  0.0 ni, 93.8 id,  0.0 wa,  0.0 hi,  0.0 si,  0.0 st
KiB Mem : 65877712 total, 50093700 free,  2510864 used, 13273148 buff/cache
KiB Swap: 33554428 total, 32099488 free,  1454940 used. 62192088 avail Mem 
--
top - 11:07:34 up 105 days,  2:49,  0 users,  load average: 8.15, 3.93, 1.81
Tasks: 399 total,   1 running, 398 sleeping,   0 stopped,   0 zombie
%Cpu(s): 92.1 us,  0.3 sy,  0.0 ni,  7.6 id,  0.0 wa,  0.0 hi,  0.0 si,  0.0 st
KiB Mem : 65877712 total, 49913632 free,  2690928 used, 13273152 buff/cache
KiB Swap: 33554428 total, 32099488 free,  1454940 used. 62012024 avail Mem 
