Job id: 4753174
Worker ip: 10.149.0.43
Master ip: 10.149.0.54
--
top - 11:23:50 up 105 days,  3:06,  0 users,  load average: 0.00, 0.45, 0.67
Tasks: 399 total,   1 running, 398 sleeping,   0 stopped,   0 zombie
%Cpu(s):  0.2 us,  0.4 sy,  0.0 ni, 99.5 id,  0.0 wa,  0.0 hi,  0.0 si,  0.0 st
KiB Mem : 65877712 total, 61909140 free,  1101408 used,  2867164 buff/cache
KiB Swap: 33554428 total, 32413980 free,  1140448 used. 63596688 avail Mem 
--
top - 11:23:55 up 105 days,  3:07,  0 users,  load average: 0.08, 0.45, 0.68
Tasks: 401 total,   1 running, 400 sleeping,   0 stopped,   0 zombie
%Cpu(s):  1.7 us,  0.6 sy,  0.0 ni, 97.8 id,  0.0 wa,  0.0 hi,  0.0 si,  0.0 st
KiB Mem : 65877712 total, 61876460 free,  1127372 used,  2873880 buff/cache
KiB Swap: 33554428 total, 32413980 free,  1140448 used. 63570636 avail Mem 
--
top - 11:24:00 up 105 days,  3:07,  0 users,  load average: 0.08, 0.45, 0.67
Tasks: 411 total,   1 running, 410 sleeping,   0 stopped,   0 zombie
%Cpu(s):  0.3 us,  0.1 sy,  0.0 ni, 99.4 id,  0.2 wa,  0.0 hi,  0.0 si,  0.0 st
KiB Mem : 65877712 total, 61862212 free,  1141620 used,  2873880 buff/cache
KiB Swap: 33554428 total, 32413980 free,  1140448 used. 63556388 avail Mem 
--
top - 11:24:05 up 105 days,  3:07,  0 users,  load average: 0.07, 0.44, 0.67
Tasks: 403 total,   1 running, 402 sleeping,   0 stopped,   0 zombie
%Cpu(s):  0.1 us,  0.1 sy,  0.0 ni, 99.4 id,  0.4 wa,  0.0 hi,  0.0 si,  0.0 st
KiB Mem : 65877712 total, 61870252 free,  1133580 used,  2873880 buff/cache
KiB Swap: 33554428 total, 32413980 free,  1140448 used. 63564428 avail Mem 
--
top - 11:24:10 up 105 days,  3:07,  0 users,  load average: 0.06, 0.43, 0.67
Tasks: 402 total,   1 running, 401 sleeping,   0 stopped,   0 zombie
%Cpu(s):  0.0 us,  0.0 sy,  0.0 ni,100.0 id,  0.0 wa,  0.0 hi,  0.0 si,  0.0 st
KiB Mem : 65877712 total, 61876104 free,  1127728 used,  2873880 buff/cache
KiB Swap: 33554428 total, 32413980 free,  1140448 used. 63570280 avail Mem 
--
top - 11:24:15 up 105 days,  3:07,  0 users,  load average: 0.06, 0.43, 0.66
Tasks: 403 total,   1 running, 402 sleeping,   0 stopped,   0 zombie
%Cpu(s):  0.0 us,  0.0 sy,  0.0 ni,100.0 id,  0.0 wa,  0.0 hi,  0.0 si,  0.0 st
KiB Mem : 65877712 total, 61877196 free,  1126636 used,  2873880 buff/cache
KiB Swap: 33554428 total, 32413980 free,  1140448 used. 63571372 avail Mem 
--
top - 11:24:20 up 105 days,  3:07,  0 users,  load average: 0.05, 0.42, 0.66
Tasks: 403 total,   1 running, 402 sleeping,   0 stopped,   0 zombie
%Cpu(s):  0.0 us,  0.0 sy,  0.0 ni,100.0 id,  0.0 wa,  0.0 hi,  0.0 si,  0.0 st
KiB Mem : 65877712 total, 61878024 free,  1125808 used,  2873880 buff/cache
KiB Swap: 33554428 total, 32413980 free,  1140448 used. 63572200 avail Mem 
--
top - 11:24:25 up 105 days,  3:07,  0 users,  load average: 0.05, 0.41, 0.66
Tasks: 403 total,   1 running, 402 sleeping,   0 stopped,   0 zombie
%Cpu(s):  0.0 us,  0.0 sy,  0.0 ni,100.0 id,  0.0 wa,  0.0 hi,  0.0 si,  0.0 st
KiB Mem : 65877712 total, 61878280 free,  1125552 used,  2873880 buff/cache
KiB Swap: 33554428 total, 32413980 free,  1140448 used. 63572456 avail Mem 
--
top - 11:24:30 up 105 days,  3:07,  0 users,  load average: 0.05, 0.40, 0.65
Tasks: 403 total,   1 running, 402 sleeping,   0 stopped,   0 zombie
%Cpu(s):  0.0 us,  0.0 sy,  0.0 ni,100.0 id,  0.0 wa,  0.0 hi,  0.0 si,  0.0 st
KiB Mem : 65877712 total, 61879076 free,  1124756 used,  2873880 buff/cache
KiB Swap: 33554428 total, 32413980 free,  1140448 used. 63573252 avail Mem 
--
top - 11:24:35 up 105 days,  3:07,  0 users,  load average: 0.04, 0.40, 0.65
Tasks: 403 total,   1 running, 402 sleeping,   0 stopped,   0 zombie
%Cpu(s):  0.1 us,  0.0 sy,  0.0 ni, 99.9 id,  0.0 wa,  0.0 hi,  0.0 si,  0.0 st
KiB Mem : 65877712 total, 61860684 free,  1143148 used,  2873880 buff/cache
KiB Swap: 33554428 total, 32413980 free,  1140448 used. 63554860 avail Mem 
--
top - 11:24:40 up 105 days,  3:07,  0 users,  load average: 0.12, 0.41, 0.65
Tasks: 403 total,   1 running, 402 sleeping,   0 stopped,   0 zombie
%Cpu(s):  0.1 us,  0.1 sy,  0.0 ni, 99.9 id,  0.0 wa,  0.0 hi,  0.0 si,  0.0 st
KiB Mem : 65877712 total, 61823148 free,  1180684 used,  2873880 buff/cache
KiB Swap: 33554428 total, 32413980 free,  1140448 used. 63517324 avail Mem 
--
top - 11:24:45 up 105 days,  3:07,  0 users,  load average: 0.11, 0.40, 0.65
Tasks: 403 total,   1 running, 402 sleeping,   0 stopped,   0 zombie
%Cpu(s):  0.1 us,  0.0 sy,  0.0 ni, 99.9 id,  0.0 wa,  0.0 hi,  0.0 si,  0.0 st
KiB Mem : 65877712 total, 61781296 free,  1222532 used,  2873884 buff/cache
KiB Swap: 33554428 total, 32413980 free,  1140448 used. 63475472 avail Mem 
--
top - 11:24:50 up 105 days,  3:07,  0 users,  load average: 0.10, 0.39, 0.64
Tasks: 403 total,   1 running, 402 sleeping,   0 stopped,   0 zombie
%Cpu(s):  0.1 us,  0.0 sy,  0.0 ni, 99.9 id,  0.0 wa,  0.0 hi,  0.0 si,  0.0 st
KiB Mem : 65877712 total, 61740384 free,  1263444 used,  2873884 buff/cache
KiB Swap: 33554428 total, 32413980 free,  1140448 used. 63434564 avail Mem 
--
top - 11:24:55 up 105 days,  3:08,  0 users,  load average: 0.09, 0.39, 0.64
Tasks: 403 total,   1 running, 402 sleeping,   0 stopped,   0 zombie
%Cpu(s):  0.1 us,  0.0 sy,  0.0 ni, 99.9 id,  0.0 wa,  0.0 hi,  0.0 si,  0.0 st
KiB Mem : 65877712 total, 61704928 free,  1298900 used,  2873884 buff/cache
KiB Swap: 33554428 total, 32413980 free,  1140448 used. 63399108 avail Mem 
--
top - 11:25:00 up 105 days,  3:08,  0 users,  load average: 0.09, 0.38, 0.64
Tasks: 403 total,   1 running, 402 sleeping,   0 stopped,   0 zombie
%Cpu(s):  0.1 us,  0.0 sy,  0.0 ni, 99.9 id,  0.0 wa,  0.0 hi,  0.0 si,  0.0 st
KiB Mem : 65877712 total, 61659332 free,  1344496 used,  2873884 buff/cache
KiB Swap: 33554428 total, 32413980 free,  1140448 used. 63353512 avail Mem 
--
top - 11:25:05 up 105 days,  3:08,  0 users,  load average: 0.08, 0.37, 0.63
Tasks: 403 total,   1 running, 402 sleeping,   0 stopped,   0 zombie
%Cpu(s):  0.1 us,  0.1 sy,  0.0 ni, 99.9 id,  0.0 wa,  0.0 hi,  0.0 si,  0.0 st
KiB Mem : 65877712 total, 61604604 free,  1399224 used,  2873884 buff/cache
KiB Swap: 33554428 total, 32413980 free,  1140448 used. 63298784 avail Mem 
--
top - 11:25:10 up 105 days,  3:08,  0 users,  load average: 0.07, 0.37, 0.63
Tasks: 403 total,   1 running, 402 sleeping,   0 stopped,   0 zombie
%Cpu(s):  0.1 us,  0.1 sy,  0.0 ni, 99.8 id,  0.0 wa,  0.0 hi,  0.0 si,  0.0 st
KiB Mem : 65877712 total, 61591964 free,  1411864 used,  2873884 buff/cache
KiB Swap: 33554428 total, 32413980 free,  1140448 used. 63286144 avail Mem 
--
top - 11:25:15 up 105 days,  3:08,  0 users,  load average: 2.47, 0.86, 0.79
Tasks: 403 total,   2 running, 401 sleeping,   0 stopped,   0 zombie
%Cpu(s): 95.6 us,  0.7 sy,  0.0 ni,  3.7 id,  0.0 wa,  0.0 hi,  0.0 si,  0.0 st
KiB Mem : 65877712 total, 61149184 free,  1854644 used,  2873884 buff/cache
KiB Swap: 33554428 total, 32413980 free,  1140448 used. 62843364 avail Mem 
--
top - 11:25:20 up 105 days,  3:08,  0 users,  load average: 2.27, 0.85, 0.78
Tasks: 403 total,   1 running, 402 sleeping,   0 stopped,   0 zombie
%Cpu(s):  9.3 us,  0.1 sy,  0.0 ni, 90.6 id,  0.0 wa,  0.0 hi,  0.0 si,  0.0 st
KiB Mem : 65877712 total, 61221892 free,  1781936 used,  2873884 buff/cache
KiB Swap: 33554428 total, 32413980 free,  1140448 used. 62916052 avail Mem 
--
top - 11:25:25 up 105 days,  3:08,  0 users,  load average: 2.09, 0.83, 0.78
Tasks: 403 total,   1 running, 402 sleeping,   0 stopped,   0 zombie
%Cpu(s):  0.0 us,  0.0 sy,  0.0 ni,100.0 id,  0.0 wa,  0.0 hi,  0.0 si,  0.0 st
KiB Mem : 65877712 total, 61408456 free,  1595372 used,  2873884 buff/cache
KiB Swap: 33554428 total, 32413980 free,  1140448 used. 63102632 avail Mem 
--
top - 11:25:30 up 105 days,  3:08,  0 users,  load average: 1.92, 0.82, 0.77
Tasks: 403 total,   1 running, 402 sleeping,   0 stopped,   0 zombie
%Cpu(s):  0.0 us,  0.0 sy,  0.0 ni,100.0 id,  0.0 wa,  0.0 hi,  0.0 si,  0.0 st
KiB Mem : 65877712 total, 61407596 free,  1596232 used,  2873884 buff/cache
KiB Swap: 33554428 total, 32413980 free,  1140448 used. 63101772 avail Mem 
--
top - 11:25:35 up 105 days,  3:08,  0 users,  load average: 1.77, 0.80, 0.77
Tasks: 403 total,   1 running, 402 sleeping,   0 stopped,   0 zombie
%Cpu(s):  0.1 us,  0.1 sy,  0.0 ni, 99.8 id,  0.0 wa,  0.0 hi,  0.0 si,  0.0 st
KiB Mem : 65877712 total, 61369096 free,  1634732 used,  2873884 buff/cache
KiB Swap: 33554428 total, 32413980 free,  1140448 used. 63063272 avail Mem 
--
top - 11:25:40 up 105 days,  3:08,  0 users,  load average: 1.63, 0.79, 0.77
Tasks: 403 total,   1 running, 402 sleeping,   0 stopped,   0 zombie
%Cpu(s):  0.1 us,  0.1 sy,  0.0 ni, 99.9 id,  0.0 wa,  0.0 hi,  0.0 si,  0.0 st
KiB Mem : 65877712 total, 61331636 free,  1672188 used,  2873888 buff/cache
KiB Swap: 33554428 total, 32413980 free,  1140448 used. 63025812 avail Mem 
--
top - 11:25:45 up 105 days,  3:08,  0 users,  load average: 1.50, 0.78, 0.76
Tasks: 403 total,   1 running, 402 sleeping,   0 stopped,   0 zombie
%Cpu(s):  0.1 us,  0.1 sy,  0.0 ni, 99.9 id,  0.0 wa,  0.0 hi,  0.0 si,  0.0 st
KiB Mem : 65877712 total, 61288504 free,  1715320 used,  2873888 buff/cache
KiB Swap: 33554428 total, 32413980 free,  1140448 used. 62982680 avail Mem 
--
top - 11:25:50 up 105 days,  3:08,  0 users,  load average: 1.38, 0.77, 0.76
Tasks: 402 total,   1 running, 401 sleeping,   0 stopped,   0 zombie
%Cpu(s):  0.1 us,  0.1 sy,  0.0 ni, 99.8 id,  0.0 wa,  0.0 hi,  0.0 si,  0.0 st
KiB Mem : 65877712 total, 61257016 free,  1746808 used,  2873888 buff/cache
KiB Swap: 33554428 total, 32413980 free,  1140448 used. 62951196 avail Mem 
--
top - 11:25:55 up 105 days,  3:09,  0 users,  load average: 1.35, 0.77, 0.76
Tasks: 402 total,   1 running, 401 sleeping,   0 stopped,   0 zombie
%Cpu(s):  0.1 us,  0.1 sy,  0.0 ni, 99.9 id,  0.0 wa,  0.0 hi,  0.0 si,  0.0 st
KiB Mem : 65877712 total, 61218584 free,  1785240 used,  2873888 buff/cache
KiB Swap: 33554428 total, 32413980 free,  1140448 used. 62912764 avail Mem 
--
top - 11:26:00 up 105 days,  3:09,  0 users,  load average: 1.24, 0.76, 0.76
Tasks: 403 total,   1 running, 402 sleeping,   0 stopped,   0 zombie
%Cpu(s):  0.4 us,  0.3 sy,  0.0 ni, 98.8 id,  0.4 wa,  0.0 hi,  0.0 si,  0.0 st
KiB Mem : 65877712 total, 61158360 free,  1845464 used,  2873888 buff/cache
KiB Swap: 33554428 total, 32413980 free,  1140448 used. 62852540 avail Mem 
--
top - 11:26:05 up 105 days,  3:09,  0 users,  load average: 1.14, 0.74, 0.75
Tasks: 401 total,   1 running, 400 sleeping,   0 stopped,   0 zombie
%Cpu(s):  0.1 us,  0.1 sy,  0.0 ni, 99.6 id,  0.3 wa,  0.0 hi,  0.0 si,  0.0 st
KiB Mem : 65877712 total, 61136736 free,  1867088 used,  2873888 buff/cache
KiB Swap: 33554428 total, 32413980 free,  1140448 used. 62830920 avail Mem 
--
top - 11:26:10 up 105 days,  3:09,  0 users,  load average: 3.53, 1.25, 0.91
Tasks: 401 total,   2 running, 399 sleeping,   0 stopped,   0 zombie
%Cpu(s): 90.7 us,  1.1 sy,  0.0 ni,  8.2 id,  0.0 wa,  0.0 hi,  0.0 si,  0.0 st
KiB Mem : 65877712 total, 60942308 free,  2061516 used,  2873888 buff/cache
KiB Swap: 33554428 total, 32413980 free,  1140448 used. 62636492 avail Mem 
--
top - 11:26:15 up 105 days,  3:09,  0 users,  load average: 3.25, 1.23, 0.91
Tasks: 401 total,   1 running, 400 sleeping,   0 stopped,   0 zombie
%Cpu(s): 10.6 us,  0.1 sy,  0.0 ni, 89.3 id,  0.0 wa,  0.0 hi,  0.0 si,  0.0 st
KiB Mem : 65877712 total, 60987976 free,  2015848 used,  2873888 buff/cache
KiB Swap: 33554428 total, 32413980 free,  1140448 used. 62682160 avail Mem 
--
top - 11:26:20 up 105 days,  3:09,  0 users,  load average: 2.99, 1.21, 0.90
Tasks: 401 total,   1 running, 400 sleeping,   0 stopped,   0 zombie
%Cpu(s):  0.0 us,  0.0 sy,  0.0 ni, 99.9 id,  0.0 wa,  0.0 hi,  0.0 si,  0.0 st
KiB Mem : 65877712 total, 61187172 free,  1816652 used,  2873888 buff/cache
KiB Swap: 33554428 total, 32413980 free,  1140448 used. 62881356 avail Mem 
--
top - 11:26:25 up 105 days,  3:09,  0 users,  load average: 2.75, 1.19, 0.90
Tasks: 401 total,   1 running, 400 sleeping,   0 stopped,   0 zombie
%Cpu(s):  0.0 us,  0.0 sy,  0.0 ni,100.0 id,  0.0 wa,  0.0 hi,  0.0 si,  0.0 st
KiB Mem : 65877712 total, 61187680 free,  1816144 used,  2873888 buff/cache
KiB Swap: 33554428 total, 32413980 free,  1140448 used. 62881864 avail Mem 
--
top - 11:26:30 up 105 days,  3:09,  0 users,  load average: 2.53, 1.17, 0.89
Tasks: 401 total,   1 running, 400 sleeping,   0 stopped,   0 zombie
%Cpu(s):  0.1 us,  0.0 sy,  0.0 ni, 99.9 id,  0.0 wa,  0.0 hi,  0.0 si,  0.0 st
KiB Mem : 65877712 total, 61160220 free,  1843604 used,  2873888 buff/cache
KiB Swap: 33554428 total, 32413980 free,  1140448 used. 62853908 avail Mem 
--
top - 11:26:35 up 105 days,  3:09,  0 users,  load average: 2.33, 1.15, 0.89
Tasks: 401 total,   1 running, 400 sleeping,   0 stopped,   0 zombie
%Cpu(s):  0.1 us,  0.1 sy,  0.0 ni, 99.9 id,  0.0 wa,  0.0 hi,  0.0 si,  0.0 st
KiB Mem : 65877712 total, 61119868 free,  1883952 used,  2873892 buff/cache
KiB Swap: 33554428 total, 32413980 free,  1140448 used. 62814056 avail Mem 
--
top - 11:26:40 up 105 days,  3:09,  0 users,  load average: 2.14, 1.13, 0.89
Tasks: 401 total,   2 running, 399 sleeping,   0 stopped,   0 zombie
%Cpu(s):  0.1 us,  0.1 sy,  0.0 ni, 99.9 id,  0.0 wa,  0.0 hi,  0.0 si,  0.0 st
KiB Mem : 65877712 total, 61082180 free,  1921640 used,  2873892 buff/cache
KiB Swap: 33554428 total, 32413980 free,  1140448 used. 62776368 avail Mem 
--
top - 11:26:45 up 105 days,  3:09,  0 users,  load average: 1.97, 1.11, 0.88
Tasks: 401 total,   1 running, 400 sleeping,   0 stopped,   0 zombie
%Cpu(s):  0.1 us,  0.0 sy,  0.0 ni, 99.9 id,  0.0 wa,  0.0 hi,  0.0 si,  0.0 st
KiB Mem : 65877712 total, 61053660 free,  1950160 used,  2873892 buff/cache
KiB Swap: 33554428 total, 32413980 free,  1140448 used. 62747848 avail Mem 
--
top - 11:26:50 up 105 days,  3:10,  0 users,  load average: 1.81, 1.09, 0.88
Tasks: 401 total,   1 running, 400 sleeping,   0 stopped,   0 zombie
%Cpu(s):  0.1 us,  0.1 sy,  0.0 ni, 99.8 id,  0.0 wa,  0.0 hi,  0.0 si,  0.0 st
KiB Mem : 65877712 total, 61018192 free,  1985628 used,  2873892 buff/cache
KiB Swap: 33554428 total, 32413980 free,  1140448 used. 62712380 avail Mem 
--
top - 11:26:56 up 105 days,  3:10,  0 users,  load average: 1.66, 1.07, 0.87
Tasks: 401 total,   1 running, 400 sleeping,   0 stopped,   0 zombie
%Cpu(s):  0.1 us,  0.1 sy,  0.0 ni, 99.9 id,  0.0 wa,  0.0 hi,  0.0 si,  0.0 st
KiB Mem : 65877712 total, 60974916 free,  2028904 used,  2873892 buff/cache
KiB Swap: 33554428 total, 32413980 free,  1140448 used. 62669104 avail Mem 
--
top - 11:27:01 up 105 days,  3:10,  0 users,  load average: 1.53, 1.05, 0.87
Tasks: 401 total,   1 running, 400 sleeping,   0 stopped,   0 zombie
%Cpu(s):  0.1 us,  0.1 sy,  0.0 ni, 99.9 id,  0.0 wa,  0.0 hi,  0.0 si,  0.0 st
KiB Mem : 65877712 total, 60922076 free,  2081744 used,  2873892 buff/cache
KiB Swap: 33554428 total, 32413980 free,  1140448 used. 62616264 avail Mem 
--
top - 11:27:06 up 105 days,  3:10,  0 users,  load average: 1.41, 1.04, 0.86
Tasks: 401 total,   2 running, 399 sleeping,   0 stopped,   0 zombie
%Cpu(s): 14.0 us,  0.2 sy,  0.0 ni, 85.8 id,  0.0 wa,  0.0 hi,  0.0 si,  0.0 st
KiB Mem : 65877712 total, 60877508 free,  2126312 used,  2873892 buff/cache
KiB Swap: 33554428 total, 32413980 free,  1140448 used. 62571696 avail Mem 
--
top - 11:27:11 up 105 days,  3:10,  0 users,  load average: 3.78, 1.53, 1.02
Tasks: 401 total,   2 running, 399 sleeping,   0 stopped,   0 zombie
%Cpu(s): 89.6 us,  0.6 sy,  0.0 ni,  9.8 id,  0.0 wa,  0.0 hi,  0.0 si,  0.0 st
KiB Mem : 65877712 total, 60679692 free,  2324128 used,  2873892 buff/cache
KiB Swap: 33554428 total, 32413980 free,  1140448 used. 62373880 avail Mem 
--
top - 11:27:16 up 105 days,  3:10,  0 users,  load average: 3.48, 1.51, 1.02
Tasks: 401 total,   1 running, 400 sleeping,   0 stopped,   0 zombie
%Cpu(s):  1.1 us,  0.0 sy,  0.0 ni, 98.9 id,  0.0 wa,  0.0 hi,  0.0 si,  0.0 st
KiB Mem : 65877712 total, 60952520 free,  2051300 used,  2873892 buff/cache
KiB Swap: 33554428 total, 32413980 free,  1140448 used. 62646708 avail Mem 
--
top - 11:27:21 up 105 days,  3:10,  0 users,  load average: 3.20, 1.48, 1.01
Tasks: 401 total,   1 running, 400 sleeping,   0 stopped,   0 zombie
%Cpu(s):  0.0 us,  0.0 sy,  0.0 ni,100.0 id,  0.0 wa,  0.0 hi,  0.0 si,  0.0 st
KiB Mem : 65877712 total, 60956940 free,  2046880 used,  2873892 buff/cache
KiB Swap: 33554428 total, 32413980 free,  1140448 used. 62651128 avail Mem 
--
top - 11:27:26 up 105 days,  3:10,  0 users,  load average: 2.94, 1.46, 1.01
Tasks: 401 total,   1 running, 400 sleeping,   0 stopped,   0 zombie
%Cpu(s):  0.0 us,  0.0 sy,  0.0 ni, 99.9 id,  0.0 wa,  0.0 hi,  0.0 si,  0.0 st
KiB Mem : 65877712 total, 60952284 free,  2051532 used,  2873896 buff/cache
KiB Swap: 33554428 total, 32413980 free,  1140448 used. 62646476 avail Mem 
--
top - 11:27:31 up 105 days,  3:10,  0 users,  load average: 2.71, 1.44, 1.00
Tasks: 401 total,   1 running, 400 sleeping,   0 stopped,   0 zombie
%Cpu(s):  0.1 us,  0.1 sy,  0.0 ni, 99.9 id,  0.0 wa,  0.0 hi,  0.0 si,  0.0 st
KiB Mem : 65877712 total, 60913264 free,  2090552 used,  2873896 buff/cache
KiB Swap: 33554428 total, 32413980 free,  1140448 used. 62607456 avail Mem 
--
top - 11:27:36 up 105 days,  3:10,  0 users,  load average: 2.49, 1.41, 1.00
Tasks: 401 total,   1 running, 400 sleeping,   0 stopped,   0 zombie
%Cpu(s):  0.1 us,  0.1 sy,  0.0 ni, 99.9 id,  0.0 wa,  0.0 hi,  0.0 si,  0.0 st
KiB Mem : 65877712 total, 60880952 free,  2122864 used,  2873896 buff/cache
KiB Swap: 33554428 total, 32413980 free,  1140448 used. 62575144 avail Mem 
--
top - 11:27:41 up 105 days,  3:10,  0 users,  load average: 2.29, 1.39, 0.99
Tasks: 401 total,   1 running, 400 sleeping,   0 stopped,   0 zombie
%Cpu(s):  0.1 us,  0.0 sy,  0.0 ni, 99.9 id,  0.0 wa,  0.0 hi,  0.0 si,  0.0 st
KiB Mem : 65877712 total, 60842744 free,  2161072 used,  2873896 buff/cache
KiB Swap: 33554428 total, 32413980 free,  1140448 used. 62536936 avail Mem 
--
top - 11:27:46 up 105 days,  3:10,  0 users,  load average: 2.11, 1.37, 0.99
Tasks: 401 total,   1 running, 400 sleeping,   0 stopped,   0 zombie
%Cpu(s):  0.1 us,  0.0 sy,  0.0 ni, 99.8 id,  0.0 wa,  0.0 hi,  0.0 si,  0.0 st
KiB Mem : 65877712 total, 60811880 free,  2191948 used,  2873884 buff/cache
KiB Swap: 33554428 total, 32414000 free,  1140428 used. 62506072 avail Mem 
--
top - 11:27:51 up 105 days,  3:11,  0 users,  load average: 1.94, 1.34, 0.98
Tasks: 401 total,   1 running, 400 sleeping,   0 stopped,   0 zombie
%Cpu(s):  0.1 us,  0.1 sy,  0.0 ni, 99.8 id,  0.0 wa,  0.0 hi,  0.0 si,  0.0 st
KiB Mem : 65877712 total, 60773632 free,  2230184 used,  2873896 buff/cache
KiB Swap: 33554428 total, 32414000 free,  1140428 used. 62467824 avail Mem 
--
top - 11:27:56 up 105 days,  3:11,  0 users,  load average: 1.86, 1.34, 0.98
Tasks: 401 total,   1 running, 400 sleeping,   0 stopped,   0 zombie
%Cpu(s):  0.1 us,  0.1 sy,  0.0 ni, 99.9 id,  0.0 wa,  0.0 hi,  0.0 si,  0.0 st
KiB Mem : 65877712 total, 60727356 free,  2276460 used,  2873896 buff/cache
KiB Swap: 33554428 total, 32414000 free,  1140428 used. 62421548 avail Mem 
--
top - 11:28:01 up 105 days,  3:11,  0 users,  load average: 1.71, 1.31, 0.97
Tasks: 401 total,   1 running, 400 sleeping,   0 stopped,   0 zombie
%Cpu(s):  0.5 us,  0.3 sy,  0.0 ni, 98.6 id,  0.6 wa,  0.0 hi,  0.0 si,  0.0 st
KiB Mem : 65877712 total, 60671296 free,  2332520 used,  2873896 buff/cache
KiB Swap: 33554428 total, 32414000 free,  1140428 used. 62365488 avail Mem 
--
top - 11:28:06 up 105 days,  3:11,  0 users,  load average: 1.58, 1.29, 0.97
Tasks: 401 total,   2 running, 399 sleeping,   0 stopped,   0 zombie
%Cpu(s): 42.5 us,  0.6 sy,  0.0 ni, 56.9 id,  0.0 wa,  0.0 hi,  0.0 si,  0.0 st
KiB Mem : 65877712 total, 60584288 free,  2419528 used,  2873896 buff/cache
KiB Swap: 33554428 total, 32414000 free,  1140428 used. 62278480 avail Mem 
--
top - 11:28:11 up 105 days,  3:11,  0 users,  load average: 3.37, 1.67, 1.09
Tasks: 401 total,   1 running, 400 sleeping,   0 stopped,   0 zombie
%Cpu(s): 58.5 us,  0.3 sy,  0.0 ni, 41.2 id,  0.0 wa,  0.0 hi,  0.0 si,  0.0 st
KiB Mem : 65877712 total, 60463380 free,  2540436 used,  2873896 buff/cache
KiB Swap: 33554428 total, 32414000 free,  1140428 used. 62157572 avail Mem 
--
top - 11:28:16 up 105 days,  3:11,  0 users,  load average: 3.10, 1.64, 1.09
Tasks: 401 total,   1 running, 400 sleeping,   0 stopped,   0 zombie
%Cpu(s):  0.0 us,  0.0 sy,  0.0 ni, 99.9 id,  0.0 wa,  0.0 hi,  0.0 si,  0.0 st
KiB Mem : 65877712 total, 60750208 free,  2253608 used,  2873896 buff/cache
KiB Swap: 33554428 total, 32414000 free,  1140428 used. 62444400 avail Mem 
--
top - 11:28:21 up 105 days,  3:11,  0 users,  load average: 2.85, 1.61, 1.08
Tasks: 401 total,   1 running, 400 sleeping,   0 stopped,   0 zombie
%Cpu(s):  0.0 us,  0.0 sy,  0.0 ni, 99.9 id,  0.0 wa,  0.0 hi,  0.0 si,  0.0 st
KiB Mem : 65877712 total, 60750748 free,  2253064 used,  2873900 buff/cache
KiB Swap: 33554428 total, 32414000 free,  1140428 used. 62444940 avail Mem 
--
top - 11:28:26 up 105 days,  3:11,  0 users,  load average: 2.62, 1.59, 1.08
Tasks: 401 total,   1 running, 400 sleeping,   0 stopped,   0 zombie
%Cpu(s):  0.1 us,  0.0 sy,  0.0 ni, 99.9 id,  0.0 wa,  0.0 hi,  0.0 si,  0.0 st
KiB Mem : 65877712 total, 60732784 free,  2271028 used,  2873900 buff/cache
KiB Swap: 33554428 total, 32414000 free,  1140428 used. 62426976 avail Mem 
--
top - 11:28:31 up 105 days,  3:11,  0 users,  load average: 2.41, 1.56, 1.07
Tasks: 401 total,   1 running, 400 sleeping,   0 stopped,   0 zombie
%Cpu(s):  0.1 us,  0.1 sy,  0.0 ni, 99.9 id,  0.0 wa,  0.0 hi,  0.0 si,  0.0 st
KiB Mem : 65877712 total, 60698208 free,  2305604 used,  2873900 buff/cache
KiB Swap: 33554428 total, 32414000 free,  1140428 used. 62392400 avail Mem 
--
top - 11:28:36 up 105 days,  3:11,  0 users,  load average: 2.22, 1.54, 1.06
Tasks: 402 total,   1 running, 401 sleeping,   0 stopped,   0 zombie
%Cpu(s):  0.1 us,  0.1 sy,  0.0 ni, 99.9 id,  0.0 wa,  0.0 hi,  0.0 si,  0.0 st
KiB Mem : 65877712 total, 60658668 free,  2345144 used,  2873900 buff/cache
KiB Swap: 33554428 total, 32414000 free,  1140428 used. 62352860 avail Mem 
--
top - 11:28:41 up 105 days,  3:11,  0 users,  load average: 2.04, 1.51, 1.06
Tasks: 402 total,   2 running, 400 sleeping,   0 stopped,   0 zombie
%Cpu(s):  0.1 us,  0.0 sy,  0.0 ni, 99.9 id,  0.0 wa,  0.0 hi,  0.0 si,  0.0 st
KiB Mem : 65877712 total, 60633964 free,  2369848 used,  2873900 buff/cache
KiB Swap: 33554428 total, 32414000 free,  1140428 used. 62328156 avail Mem 
--
top - 11:28:46 up 105 days,  3:11,  0 users,  load average: 1.88, 1.49, 1.05
Tasks: 402 total,   2 running, 400 sleeping,   0 stopped,   0 zombie
%Cpu(s):  0.1 us,  0.1 sy,  0.0 ni, 99.9 id,  0.0 wa,  0.0 hi,  0.0 si,  0.0 st
KiB Mem : 65877712 total, 60603088 free,  2400724 used,  2873900 buff/cache
KiB Swap: 33554428 total, 32414000 free,  1140428 used. 62297280 avail Mem 
--
top - 11:28:51 up 105 days,  3:12,  0 users,  load average: 1.73, 1.46, 1.05
Tasks: 402 total,   1 running, 401 sleeping,   0 stopped,   0 zombie
%Cpu(s):  0.1 us,  0.1 sy,  0.0 ni, 99.8 id,  0.0 wa,  0.0 hi,  0.0 si,  0.0 st
KiB Mem : 65877712 total, 60566912 free,  2436900 used,  2873900 buff/cache
KiB Swap: 33554428 total, 32414000 free,  1140428 used. 62261104 avail Mem 
--
top - 11:28:56 up 105 days,  3:12,  0 users,  load average: 1.59, 1.44, 1.04
Tasks: 401 total,   1 running, 400 sleeping,   0 stopped,   0 zombie
%Cpu(s):  0.1 us,  0.1 sy,  0.0 ni, 99.9 id,  0.0 wa,  0.0 hi,  0.0 si,  0.0 st
KiB Mem : 65877712 total, 60520960 free,  2482852 used,  2873900 buff/cache
KiB Swap: 33554428 total, 32414000 free,  1140428 used. 62215152 avail Mem 
--
top - 11:29:01 up 105 days,  3:12,  0 users,  load average: 1.46, 1.41, 1.03
Tasks: 401 total,   2 running, 399 sleeping,   0 stopped,   0 zombie
%Cpu(s):  9.3 us,  0.2 sy,  0.0 ni, 90.4 id,  0.0 wa,  0.0 hi,  0.0 si,  0.0 st
KiB Mem : 65877712 total, 60441288 free,  2562524 used,  2873900 buff/cache
KiB Swap: 33554428 total, 32414000 free,  1140428 used. 62135484 avail Mem 
--
top - 11:29:06 up 105 days,  3:12,  0 users,  load average: 3.67, 1.87, 1.18
Tasks: 400 total,   2 running, 398 sleeping,   0 stopped,   0 zombie
%Cpu(s): 92.9 us,  0.6 sy,  0.0 ni,  6.4 id,  0.0 wa,  0.0 hi,  0.0 si,  0.0 st
KiB Mem : 65877712 total, 60249680 free,  2754132 used,  2873900 buff/cache
KiB Swap: 33554428 total, 32414000 free,  1140428 used. 61943876 avail Mem 
