Job id: 4753159
Worker ip: 10.149.0.56
Master ip: 10.149.0.54
--
top - 11:23:50 up 105 days,  3:05,  0 users,  load average: 0.33, 2.11, 1.87
Tasks: 404 total,   1 running, 403 sleeping,   0 stopped,   0 zombie
%Cpu(s):  0.2 us,  0.2 sy,  0.0 ni, 99.6 id,  0.0 wa,  0.0 hi,  0.0 si,  0.0 st
KiB Mem : 65877712 total, 53812144 free,  1116044 used, 10949524 buff/cache
KiB Swap: 33554428 total, 32291280 free,  1263148 used. 63519392 avail Mem 
--
top - 11:23:55 up 105 days,  3:06,  0 users,  load average: 0.31, 2.08, 1.86
Tasks: 406 total,   1 running, 405 sleeping,   0 stopped,   0 zombie
%Cpu(s):  1.7 us,  0.5 sy,  0.0 ni, 97.7 id,  0.0 wa,  0.0 hi,  0.0 si,  0.0 st
KiB Mem : 65877712 total, 53781680 free,  1140396 used, 10955636 buff/cache
KiB Swap: 33554428 total, 32291280 free,  1263148 used. 63495076 avail Mem 
--
top - 11:24:00 up 105 days,  3:06,  0 users,  load average: 0.28, 2.04, 1.85
Tasks: 415 total,   4 running, 411 sleeping,   0 stopped,   0 zombie
%Cpu(s):  0.2 us,  0.1 sy,  0.0 ni, 99.7 id,  0.0 wa,  0.0 hi,  0.0 si,  0.0 st
KiB Mem : 65877712 total, 53771084 free,  1150252 used, 10956376 buff/cache
KiB Swap: 33554428 total, 32291280 free,  1263148 used. 63485048 avail Mem 
--
top - 11:24:05 up 105 days,  3:06,  0 users,  load average: 0.26, 2.01, 1.84
Tasks: 410 total,   1 running, 409 sleeping,   0 stopped,   0 zombie
%Cpu(s):  0.3 us,  0.1 sy,  0.0 ni, 99.3 id,  0.3 wa,  0.0 hi,  0.0 si,  0.0 st
KiB Mem : 65877712 total, 53775380 free,  1145956 used, 10956376 buff/cache
KiB Swap: 33554428 total, 32291280 free,  1263148 used. 63489344 avail Mem 
--
top - 11:24:10 up 105 days,  3:06,  0 users,  load average: 0.24, 1.97, 1.83
Tasks: 409 total,   1 running, 408 sleeping,   0 stopped,   0 zombie
%Cpu(s):  0.0 us,  0.0 sy,  0.0 ni,100.0 id,  0.0 wa,  0.0 hi,  0.0 si,  0.0 st
KiB Mem : 65877712 total, 53777112 free,  1144224 used, 10956376 buff/cache
KiB Swap: 33554428 total, 32291280 free,  1263148 used. 63491076 avail Mem 
--
top - 11:24:15 up 105 days,  3:06,  0 users,  load average: 0.22, 1.94, 1.82
Tasks: 409 total,   1 running, 408 sleeping,   0 stopped,   0 zombie
%Cpu(s):  0.0 us,  0.0 sy,  0.0 ni,100.0 id,  0.0 wa,  0.0 hi,  0.0 si,  0.0 st
KiB Mem : 65877712 total, 53777112 free,  1144224 used, 10956376 buff/cache
KiB Swap: 33554428 total, 32291280 free,  1263148 used. 63491076 avail Mem 
--
top - 11:24:20 up 105 days,  3:06,  0 users,  load average: 0.20, 1.91, 1.81
Tasks: 409 total,   1 running, 408 sleeping,   0 stopped,   0 zombie
%Cpu(s):  0.0 us,  0.0 sy,  0.0 ni,100.0 id,  0.0 wa,  0.0 hi,  0.0 si,  0.0 st
KiB Mem : 65877712 total, 53777168 free,  1144168 used, 10956376 buff/cache
KiB Swap: 33554428 total, 32291280 free,  1263148 used. 63491132 avail Mem 
--
top - 11:24:25 up 105 days,  3:06,  0 users,  load average: 0.19, 1.88, 1.80
Tasks: 409 total,   1 running, 408 sleeping,   0 stopped,   0 zombie
%Cpu(s):  0.0 us,  0.0 sy,  0.0 ni,100.0 id,  0.0 wa,  0.0 hi,  0.0 si,  0.0 st
KiB Mem : 65877712 total, 53777168 free,  1144168 used, 10956376 buff/cache
KiB Swap: 33554428 total, 32291280 free,  1263148 used. 63491132 avail Mem 
--
top - 11:24:30 up 105 days,  3:06,  0 users,  load average: 0.17, 1.85, 1.79
Tasks: 409 total,   1 running, 408 sleeping,   0 stopped,   0 zombie
%Cpu(s):  0.0 us,  0.0 sy,  0.0 ni,100.0 id,  0.0 wa,  0.0 hi,  0.0 si,  0.0 st
KiB Mem : 65877712 total, 53777168 free,  1144168 used, 10956376 buff/cache
KiB Swap: 33554428 total, 32291280 free,  1263148 used. 63491132 avail Mem 
--
top - 11:24:35 up 105 days,  3:06,  0 users,  load average: 0.16, 1.82, 1.78
Tasks: 409 total,   1 running, 408 sleeping,   0 stopped,   0 zombie
%Cpu(s):  0.1 us,  0.0 sy,  0.0 ni, 99.9 id,  0.0 wa,  0.0 hi,  0.0 si,  0.0 st
KiB Mem : 65877712 total, 53756180 free,  1165156 used, 10956376 buff/cache
KiB Swap: 33554428 total, 32291280 free,  1263148 used. 63470144 avail Mem 
--
top - 11:24:40 up 105 days,  3:06,  0 users,  load average: 0.15, 1.79, 1.77
Tasks: 409 total,   1 running, 408 sleeping,   0 stopped,   0 zombie
%Cpu(s):  0.1 us,  0.1 sy,  0.0 ni, 99.8 id,  0.0 wa,  0.0 hi,  0.0 si,  0.0 st
KiB Mem : 65877712 total, 53715336 free,  1206000 used, 10956376 buff/cache
KiB Swap: 33554428 total, 32291280 free,  1263148 used. 63429300 avail Mem 
--
top - 11:24:45 up 105 days,  3:06,  0 users,  load average: 0.13, 1.76, 1.76
Tasks: 409 total,   1 running, 408 sleeping,   0 stopped,   0 zombie
%Cpu(s):  0.1 us,  0.0 sy,  0.0 ni, 99.9 id,  0.0 wa,  0.0 hi,  0.0 si,  0.0 st
KiB Mem : 65877712 total, 53677160 free,  1244176 used, 10956376 buff/cache
KiB Swap: 33554428 total, 32291280 free,  1263148 used. 63391124 avail Mem 
--
top - 11:24:50 up 105 days,  3:06,  0 users,  load average: 0.12, 1.73, 1.76
Tasks: 409 total,   1 running, 408 sleeping,   0 stopped,   0 zombie
%Cpu(s):  0.1 us,  0.0 sy,  0.0 ni, 99.9 id,  0.0 wa,  0.0 hi,  0.0 si,  0.0 st
KiB Mem : 65877712 total, 53631420 free,  1289916 used, 10956376 buff/cache
KiB Swap: 33554428 total, 32291280 free,  1263148 used. 63345384 avail Mem 
--
top - 11:24:55 up 105 days,  3:07,  0 users,  load average: 0.11, 1.70, 1.75
Tasks: 409 total,   1 running, 408 sleeping,   0 stopped,   0 zombie
%Cpu(s):  0.1 us,  0.0 sy,  0.0 ni, 99.9 id,  0.0 wa,  0.0 hi,  0.0 si,  0.0 st
KiB Mem : 65877712 total, 53595648 free,  1325688 used, 10956376 buff/cache
KiB Swap: 33554428 total, 32291280 free,  1263148 used. 63309612 avail Mem 
--
top - 11:25:00 up 105 days,  3:07,  0 users,  load average: 0.10, 1.67, 1.74
Tasks: 406 total,   1 running, 405 sleeping,   0 stopped,   0 zombie
%Cpu(s):  0.1 us,  0.0 sy,  0.0 ni, 99.9 id,  0.0 wa,  0.0 hi,  0.0 si,  0.0 st
KiB Mem : 65877712 total, 53550016 free,  1371320 used, 10956376 buff/cache
KiB Swap: 33554428 total, 32291280 free,  1263148 used. 63263980 avail Mem 
--
top - 11:25:05 up 105 days,  3:07,  0 users,  load average: 0.10, 1.64, 1.73
Tasks: 406 total,   1 running, 405 sleeping,   0 stopped,   0 zombie
%Cpu(s):  0.1 us,  0.1 sy,  0.0 ni, 99.9 id,  0.0 wa,  0.0 hi,  0.0 si,  0.0 st
KiB Mem : 65877712 total, 53500640 free,  1420696 used, 10956376 buff/cache
KiB Swap: 33554428 total, 32291280 free,  1263148 used. 63212804 avail Mem 
--
top - 11:25:10 up 105 days,  3:07,  0 users,  load average: 0.09, 1.61, 1.72
Tasks: 406 total,   1 running, 405 sleeping,   0 stopped,   0 zombie
%Cpu(s):  0.1 us,  0.0 sy,  0.0 ni, 99.9 id,  0.0 wa,  0.0 hi,  0.0 si,  0.0 st
KiB Mem : 65877712 total, 53494208 free,  1427128 used, 10956376 buff/cache
KiB Swap: 33554428 total, 32291280 free,  1263148 used. 63208172 avail Mem 
--
top - 11:25:15 up 105 days,  3:07,  0 users,  load average: 2.48, 2.09, 1.87
Tasks: 406 total,   2 running, 404 sleeping,   0 stopped,   0 zombie
%Cpu(s): 79.1 us,  0.7 sy,  0.0 ni, 20.2 id,  0.0 wa,  0.0 hi,  0.0 si,  0.0 st
KiB Mem : 65877712 total, 53059020 free,  1862312 used, 10956380 buff/cache
KiB Swap: 33554428 total, 32291280 free,  1263148 used. 62772988 avail Mem 
--
top - 11:25:20 up 105 days,  3:07,  0 users,  load average: 2.28, 2.05, 1.86
Tasks: 406 total,   1 running, 405 sleeping,   0 stopped,   0 zombie
%Cpu(s): 21.4 us,  0.1 sy,  0.0 ni, 78.5 id,  0.0 wa,  0.0 hi,  0.0 si,  0.0 st
KiB Mem : 65877712 total, 52996500 free,  1924832 used, 10956380 buff/cache
KiB Swap: 33554428 total, 32291280 free,  1263148 used. 62710468 avail Mem 
--
top - 11:25:25 up 105 days,  3:07,  0 users,  load average: 2.10, 2.02, 1.85
Tasks: 406 total,   1 running, 405 sleeping,   0 stopped,   0 zombie
%Cpu(s):  0.0 us,  0.1 sy,  0.0 ni, 99.9 id,  0.0 wa,  0.0 hi,  0.0 si,  0.0 st
KiB Mem : 65877712 total, 53307712 free,  1613620 used, 10956380 buff/cache
KiB Swap: 33554428 total, 32291280 free,  1263148 used. 63021680 avail Mem 
--
top - 11:25:30 up 105 days,  3:07,  0 users,  load average: 1.93, 1.98, 1.84
Tasks: 406 total,   1 running, 405 sleeping,   0 stopped,   0 zombie
%Cpu(s):  0.0 us,  0.0 sy,  0.0 ni,100.0 id,  0.0 wa,  0.0 hi,  0.0 si,  0.0 st
KiB Mem : 65877712 total, 53306720 free,  1614612 used, 10956380 buff/cache
KiB Swap: 33554428 total, 32291280 free,  1263148 used. 63020688 avail Mem 
--
top - 11:25:35 up 105 days,  3:07,  0 users,  load average: 1.78, 1.95, 1.83
Tasks: 406 total,   1 running, 405 sleeping,   0 stopped,   0 zombie
%Cpu(s):  0.1 us,  0.1 sy,  0.0 ni, 99.8 id,  0.0 wa,  0.0 hi,  0.0 si,  0.0 st
KiB Mem : 65877712 total, 53268860 free,  1652472 used, 10956380 buff/cache
KiB Swap: 33554428 total, 32291280 free,  1263148 used. 62982828 avail Mem 
--
top - 11:25:40 up 105 days,  3:07,  0 users,  load average: 1.64, 1.92, 1.82
Tasks: 406 total,   1 running, 405 sleeping,   0 stopped,   0 zombie
%Cpu(s):  0.1 us,  0.1 sy,  0.0 ni, 99.9 id,  0.0 wa,  0.0 hi,  0.0 si,  0.0 st
KiB Mem : 65877712 total, 53230848 free,  1690484 used, 10956380 buff/cache
KiB Swap: 33554428 total, 32291280 free,  1263148 used. 62944816 avail Mem 
--
top - 11:25:45 up 105 days,  3:07,  0 users,  load average: 1.50, 1.89, 1.81
Tasks: 406 total,   1 running, 405 sleeping,   0 stopped,   0 zombie
%Cpu(s):  0.1 us,  0.1 sy,  0.0 ni, 99.9 id,  0.0 wa,  0.0 hi,  0.0 si,  0.0 st
KiB Mem : 65877712 total, 53196376 free,  1724956 used, 10956380 buff/cache
KiB Swap: 33554428 total, 32291280 free,  1263148 used. 62910344 avail Mem 
--
top - 11:25:50 up 105 days,  3:07,  0 users,  load average: 1.38, 1.86, 1.80
Tasks: 406 total,   1 running, 405 sleeping,   0 stopped,   0 zombie
%Cpu(s):  0.1 us,  0.1 sy,  0.0 ni, 99.9 id,  0.0 wa,  0.0 hi,  0.0 si,  0.0 st
KiB Mem : 65877712 total, 53149840 free,  1771492 used, 10956380 buff/cache
KiB Swap: 33554428 total, 32291280 free,  1263148 used. 62863808 avail Mem 
--
top - 11:25:55 up 105 days,  3:08,  0 users,  load average: 1.27, 1.82, 1.79
Tasks: 406 total,   1 running, 405 sleeping,   0 stopped,   0 zombie
%Cpu(s):  0.1 us,  0.0 sy,  0.0 ni, 99.9 id,  0.0 wa,  0.0 hi,  0.0 si,  0.0 st
KiB Mem : 65877712 total, 53114780 free,  1806552 used, 10956380 buff/cache
KiB Swap: 33554428 total, 32291280 free,  1263148 used. 62828748 avail Mem 
--
top - 11:26:00 up 105 days,  3:08,  0 users,  load average: 1.17, 1.79, 1.78
Tasks: 411 total,   1 running, 410 sleeping,   0 stopped,   0 zombie
%Cpu(s):  0.4 us,  0.2 sy,  0.0 ni, 99.1 id,  0.3 wa,  0.0 hi,  0.0 si,  0.0 st
KiB Mem : 65877712 total, 53080060 free,  1841268 used, 10956384 buff/cache
KiB Swap: 33554428 total, 32291280 free,  1263148 used. 62794032 avail Mem 
--
top - 11:26:05 up 105 days,  3:08,  0 users,  load average: 1.08, 1.76, 1.77
Tasks: 410 total,   1 running, 409 sleeping,   0 stopped,   0 zombie
%Cpu(s):  0.1 us,  0.1 sy,  0.0 ni, 99.7 id,  0.1 wa,  0.0 hi,  0.0 si,  0.0 st
KiB Mem : 65877712 total, 53031268 free,  1890060 used, 10956384 buff/cache
KiB Swap: 33554428 total, 32291280 free,  1263148 used. 62745240 avail Mem 
--
top - 11:26:10 up 105 days,  3:08,  0 users,  load average: 3.23, 2.20, 1.91
Tasks: 410 total,   2 running, 408 sleeping,   0 stopped,   0 zombie
%Cpu(s): 86.7 us,  0.7 sy,  0.0 ni, 12.5 id,  0.0 wa,  0.0 hi,  0.0 si,  0.0 st
KiB Mem : 65877712 total, 52849300 free,  2072028 used, 10956384 buff/cache
KiB Swap: 33554428 total, 32291280 free,  1263148 used. 62563272 avail Mem 
--
top - 11:26:15 up 105 days,  3:08,  0 users,  load average: 2.97, 2.16, 1.90
Tasks: 410 total,   1 running, 409 sleeping,   0 stopped,   0 zombie
%Cpu(s): 10.5 us,  0.1 sy,  0.0 ni, 89.4 id,  0.0 wa,  0.0 hi,  0.0 si,  0.0 st
KiB Mem : 65877712 total, 52853120 free,  2068208 used, 10956384 buff/cache
KiB Swap: 33554428 total, 32291280 free,  1263148 used. 62567092 avail Mem 
--
top - 11:26:20 up 105 days,  3:08,  0 users,  load average: 2.74, 2.13, 1.89
Tasks: 410 total,   1 running, 409 sleeping,   0 stopped,   0 zombie
%Cpu(s):  0.0 us,  0.1 sy,  0.0 ni, 99.9 id,  0.0 wa,  0.0 hi,  0.0 si,  0.0 st
KiB Mem : 65877712 total, 53080372 free,  1840956 used, 10956384 buff/cache
KiB Swap: 33554428 total, 32291280 free,  1263148 used. 62794344 avail Mem 
--
top - 11:26:25 up 105 days,  3:08,  0 users,  load average: 2.52, 2.09, 1.88
Tasks: 410 total,   1 running, 409 sleeping,   0 stopped,   0 zombie
%Cpu(s):  0.0 us,  0.0 sy,  0.0 ni,100.0 id,  0.0 wa,  0.0 hi,  0.0 si,  0.0 st
KiB Mem : 65877712 total, 53080808 free,  1840520 used, 10956384 buff/cache
KiB Swap: 33554428 total, 32291280 free,  1263148 used. 62794780 avail Mem 
--
top - 11:26:30 up 105 days,  3:08,  0 users,  load average: 2.32, 2.06, 1.87
Tasks: 408 total,   1 running, 407 sleeping,   0 stopped,   0 zombie
%Cpu(s):  0.1 us,  0.1 sy,  0.0 ni, 99.9 id,  0.0 wa,  0.0 hi,  0.0 si,  0.0 st
KiB Mem : 65877712 total, 53049368 free,  1871960 used, 10956384 buff/cache
KiB Swap: 33554428 total, 32291280 free,  1263148 used. 62763340 avail Mem 
--
top - 11:26:35 up 105 days,  3:08,  0 users,  load average: 2.13, 2.02, 1.86
Tasks: 408 total,   1 running, 407 sleeping,   0 stopped,   0 zombie
%Cpu(s):  0.1 us,  0.1 sy,  0.0 ni, 99.8 id,  0.0 wa,  0.0 hi,  0.0 si,  0.0 st
KiB Mem : 65877712 total, 53017524 free,  1903804 used, 10956384 buff/cache
KiB Swap: 33554428 total, 32291280 free,  1263148 used. 62731496 avail Mem 
--
top - 11:26:40 up 105 days,  3:08,  0 users,  load average: 1.96, 1.99, 1.85
Tasks: 408 total,   1 running, 407 sleeping,   0 stopped,   0 zombie
%Cpu(s):  0.0 us,  0.1 sy,  0.0 ni, 99.9 id,  0.0 wa,  0.0 hi,  0.0 si,  0.0 st
KiB Mem : 65877712 total, 52982668 free,  1938660 used, 10956384 buff/cache
KiB Swap: 33554428 total, 32291280 free,  1263148 used. 62696640 avail Mem 
--
top - 11:26:45 up 105 days,  3:08,  0 users,  load average: 1.80, 1.96, 1.84
Tasks: 408 total,   1 running, 407 sleeping,   0 stopped,   0 zombie
%Cpu(s):  0.1 us,  0.1 sy,  0.0 ni, 99.9 id,  0.0 wa,  0.0 hi,  0.0 si,  0.0 st
KiB Mem : 65877712 total, 52935480 free,  1985848 used, 10956384 buff/cache
KiB Swap: 33554428 total, 32291280 free,  1263148 used. 62649452 avail Mem 
--
top - 11:26:50 up 105 days,  3:08,  0 users,  load average: 1.66, 1.92, 1.83
Tasks: 404 total,   1 running, 403 sleeping,   0 stopped,   0 zombie
%Cpu(s):  0.1 us,  0.1 sy,  0.0 ni, 99.9 id,  0.0 wa,  0.0 hi,  0.0 si,  0.0 st
KiB Mem : 65877712 total, 52893272 free,  2028056 used, 10956384 buff/cache
KiB Swap: 33554428 total, 32291280 free,  1263148 used. 62607244 avail Mem 
--
top - 11:26:55 up 105 days,  3:09,  0 users,  load average: 1.53, 1.89, 1.82
Tasks: 402 total,   1 running, 401 sleeping,   0 stopped,   0 zombie
%Cpu(s):  0.1 us,  0.0 sy,  0.0 ni, 99.9 id,  0.0 wa,  0.0 hi,  0.0 si,  0.0 st
KiB Mem : 65877712 total, 52868384 free,  2052944 used, 10956384 buff/cache
KiB Swap: 33554428 total, 32291280 free,  1263148 used. 62582356 avail Mem 
--
top - 11:27:00 up 105 days,  3:09,  0 users,  load average: 1.40, 1.86, 1.81
Tasks: 401 total,   1 running, 400 sleeping,   0 stopped,   0 zombie
%Cpu(s):  0.1 us,  0.1 sy,  0.0 ni, 99.8 id,  0.0 wa,  0.0 hi,  0.0 si,  0.0 st
KiB Mem : 65877712 total, 52845852 free,  2075476 used, 10956384 buff/cache
KiB Swap: 33554428 total, 32291280 free,  1263148 used. 62559824 avail Mem 
--
top - 11:27:05 up 105 days,  3:09,  0 users,  load average: 1.29, 1.83, 1.80
Tasks: 399 total,   2 running, 397 sleeping,   0 stopped,   0 zombie
%Cpu(s): 14.8 us,  0.4 sy,  0.0 ni, 84.8 id,  0.0 wa,  0.0 hi,  0.0 si,  0.0 st
KiB Mem : 65877712 total, 52753568 free,  2167756 used, 10956388 buff/cache
KiB Swap: 33554428 total, 32291280 free,  1263148 used. 62467544 avail Mem 
--
top - 11:27:10 up 105 days,  3:09,  0 users,  load average: 2.87, 2.15, 1.91
Tasks: 399 total,   1 running, 398 sleeping,   0 stopped,   0 zombie
%Cpu(s): 83.1 us,  0.7 sy,  0.0 ni, 16.2 id,  0.0 wa,  0.0 hi,  0.0 si,  0.0 st
KiB Mem : 65877712 total, 52579012 free,  2342312 used, 10956388 buff/cache
KiB Swap: 33554428 total, 32291280 free,  1263148 used. 62292988 avail Mem 
--
top - 11:27:15 up 105 days,  3:09,  0 users,  load average: 2.64, 2.11, 1.90
Tasks: 399 total,   1 running, 398 sleeping,   0 stopped,   0 zombie
%Cpu(s):  0.0 us,  0.0 sy,  0.0 ni, 99.9 id,  0.0 wa,  0.0 hi,  0.0 si,  0.0 st
KiB Mem : 65877712 total, 52865980 free,  2055344 used, 10956388 buff/cache
KiB Swap: 33554428 total, 32291280 free,  1263148 used. 62579956 avail Mem 
--
top - 11:27:20 up 105 days,  3:09,  0 users,  load average: 2.43, 2.08, 1.89
Tasks: 399 total,   1 running, 398 sleeping,   0 stopped,   0 zombie
%Cpu(s):  0.0 us,  0.0 sy,  0.0 ni,100.0 id,  0.0 wa,  0.0 hi,  0.0 si,  0.0 st
KiB Mem : 65877712 total, 52866408 free,  2054916 used, 10956388 buff/cache
KiB Swap: 33554428 total, 32291280 free,  1263148 used. 62580384 avail Mem 
--
top - 11:27:25 up 105 days,  3:09,  0 users,  load average: 2.23, 2.04, 1.88
Tasks: 399 total,   1 running, 398 sleeping,   0 stopped,   0 zombie
%Cpu(s):  0.0 us,  0.0 sy,  0.0 ni, 99.9 id,  0.0 wa,  0.0 hi,  0.0 si,  0.0 st
KiB Mem : 65877712 total, 52860872 free,  2060452 used, 10956388 buff/cache
KiB Swap: 33554428 total, 32291280 free,  1263148 used. 62574848 avail Mem 
--
top - 11:27:30 up 105 days,  3:09,  0 users,  load average: 2.05, 2.01, 1.87
Tasks: 399 total,   2 running, 397 sleeping,   0 stopped,   0 zombie
%Cpu(s):  0.1 us,  0.1 sy,  0.0 ni, 99.8 id,  0.0 wa,  0.0 hi,  0.0 si,  0.0 st
KiB Mem : 65877712 total, 52826332 free,  2094992 used, 10956388 buff/cache
KiB Swap: 33554428 total, 32291280 free,  1263148 used. 62540308 avail Mem 
--
top - 11:27:35 up 105 days,  3:09,  0 users,  load average: 1.89, 1.98, 1.85
Tasks: 399 total,   1 running, 398 sleeping,   0 stopped,   0 zombie
%Cpu(s):  0.1 us,  0.1 sy,  0.0 ni, 99.8 id,  0.0 wa,  0.0 hi,  0.0 si,  0.0 st
KiB Mem : 65877712 total, 52787508 free,  2133812 used, 10956392 buff/cache
KiB Swap: 33554428 total, 32291280 free,  1263148 used. 62501488 avail Mem 
--
top - 11:27:40 up 105 days,  3:09,  0 users,  load average: 1.74, 1.94, 1.85
Tasks: 399 total,   1 running, 398 sleeping,   0 stopped,   0 zombie
%Cpu(s):  0.0 us,  0.0 sy,  0.0 ni, 99.9 id,  0.0 wa,  0.0 hi,  0.0 si,  0.0 st
KiB Mem : 65877712 total, 52759852 free,  2161468 used, 10956392 buff/cache
KiB Swap: 33554428 total, 32291280 free,  1263148 used. 62473832 avail Mem 
--
top - 11:27:45 up 105 days,  3:09,  0 users,  load average: 1.60, 1.91, 1.84
Tasks: 399 total,   1 running, 398 sleeping,   0 stopped,   0 zombie
%Cpu(s):  0.1 us,  0.1 sy,  0.0 ni, 99.9 id,  0.0 wa,  0.0 hi,  0.0 si,  0.0 st
KiB Mem : 65877712 total, 52710696 free,  2210624 used, 10956392 buff/cache
KiB Swap: 33554428 total, 32291280 free,  1263148 used. 62424676 avail Mem 
--
top - 11:27:51 up 105 days,  3:09,  0 users,  load average: 1.47, 1.88, 1.83
Tasks: 398 total,   1 running, 397 sleeping,   0 stopped,   0 zombie
%Cpu(s):  0.1 us,  0.1 sy,  0.0 ni, 99.9 id,  0.0 wa,  0.0 hi,  0.0 si,  0.0 st
KiB Mem : 65877712 total, 52672132 free,  2249188 used, 10956392 buff/cache
KiB Swap: 33554428 total, 32291280 free,  1263148 used. 62386112 avail Mem 
--
top - 11:27:56 up 105 days,  3:10,  0 users,  load average: 1.35, 1.85, 1.82
Tasks: 398 total,   1 running, 397 sleeping,   0 stopped,   0 zombie
%Cpu(s):  0.1 us,  0.0 sy,  0.0 ni, 99.8 id,  0.1 wa,  0.0 hi,  0.0 si,  0.0 st
KiB Mem : 65877712 total, 52640748 free,  2280572 used, 10956392 buff/cache
KiB Swap: 33554428 total, 32291280 free,  1263148 used. 62354728 avail Mem 
--
top - 11:28:01 up 105 days,  3:10,  0 users,  load average: 1.25, 1.82, 1.81
Tasks: 398 total,   1 running, 397 sleeping,   0 stopped,   0 zombie
%Cpu(s):  0.5 us,  0.2 sy,  0.0 ni, 98.9 id,  0.3 wa,  0.0 hi,  0.0 si,  0.0 st
KiB Mem : 65877712 total, 52609584 free,  2311736 used, 10956392 buff/cache
KiB Swap: 33554428 total, 32291280 free,  1263148 used. 62323564 avail Mem 
--
top - 11:28:06 up 105 days,  3:10,  0 users,  load average: 3.55, 2.29, 1.96
Tasks: 401 total,   2 running, 399 sleeping,   0 stopped,   0 zombie
%Cpu(s): 79.6 us,  0.6 sy,  0.0 ni, 19.8 id,  0.0 wa,  0.0 hi,  0.0 si,  0.0 st
KiB Mem : 65877712 total, 52445184 free,  2476136 used, 10956392 buff/cache
KiB Swap: 33554428 total, 32291280 free,  1263148 used. 62159164 avail Mem 
--
top - 11:28:11 up 105 days,  3:10,  0 users,  load average: 3.26, 2.25, 1.95
Tasks: 401 total,   1 running, 400 sleeping,   0 stopped,   0 zombie
%Cpu(s): 16.5 us,  0.1 sy,  0.0 ni, 83.4 id,  0.0 wa,  0.0 hi,  0.0 si,  0.0 st
KiB Mem : 65877712 total, 52653140 free,  2268180 used, 10956392 buff/cache
KiB Swap: 33554428 total, 32291280 free,  1263148 used. 62367120 avail Mem 
--
top - 11:28:16 up 105 days,  3:10,  0 users,  load average: 3.00, 2.21, 1.94
Tasks: 401 total,   1 running, 400 sleeping,   0 stopped,   0 zombie
%Cpu(s):  0.0 us,  0.0 sy,  0.0 ni, 99.9 id,  0.0 wa,  0.0 hi,  0.0 si,  0.0 st
KiB Mem : 65877712 total, 52653264 free,  2268056 used, 10956392 buff/cache
KiB Swap: 33554428 total, 32291280 free,  1263148 used. 62367244 avail Mem 
--
top - 11:28:21 up 105 days,  3:10,  0 users,  load average: 2.76, 2.17, 1.93
Tasks: 401 total,   1 running, 400 sleeping,   0 stopped,   0 zombie
%Cpu(s):  0.0 us,  0.0 sy,  0.0 ni,100.0 id,  0.0 wa,  0.0 hi,  0.0 si,  0.0 st
KiB Mem : 65877712 total, 52653264 free,  2268056 used, 10956392 buff/cache
KiB Swap: 33554428 total, 32291280 free,  1263148 used. 62367244 avail Mem 
--
top - 11:28:26 up 105 days,  3:10,  0 users,  load average: 2.54, 2.14, 1.92
Tasks: 401 total,   1 running, 400 sleeping,   0 stopped,   0 zombie
%Cpu(s):  0.1 us,  0.0 sy,  0.0 ni, 99.9 id,  0.0 wa,  0.0 hi,  0.0 si,  0.0 st
KiB Mem : 65877712 total, 52635264 free,  2286056 used, 10956392 buff/cache
KiB Swap: 33554428 total, 32291280 free,  1263148 used. 62349244 avail Mem 
--
top - 11:28:31 up 105 days,  3:10,  0 users,  load average: 2.34, 2.10, 1.91
Tasks: 401 total,   1 running, 400 sleeping,   0 stopped,   0 zombie
%Cpu(s):  0.1 us,  0.1 sy,  0.0 ni, 99.8 id,  0.0 wa,  0.0 hi,  0.0 si,  0.0 st
KiB Mem : 65877712 total, 52604784 free,  2316536 used, 10956392 buff/cache
KiB Swap: 33554428 total, 32291280 free,  1263148 used. 62318764 avail Mem 
--
top - 11:28:36 up 105 days,  3:10,  0 users,  load average: 2.15, 2.07, 1.90
Tasks: 401 total,   1 running, 400 sleeping,   0 stopped,   0 zombie
%Cpu(s):  0.1 us,  0.1 sy,  0.0 ni, 99.8 id,  0.0 wa,  0.0 hi,  0.0 si,  0.0 st
KiB Mem : 65877712 total, 52557984 free,  2363336 used, 10956392 buff/cache
KiB Swap: 33554428 total, 32291280 free,  1263148 used. 62271964 avail Mem 
--
top - 11:28:41 up 105 days,  3:10,  0 users,  load average: 2.06, 2.05, 1.89
Tasks: 401 total,   1 running, 400 sleeping,   0 stopped,   0 zombie
%Cpu(s):  0.1 us,  0.0 sy,  0.0 ni, 99.8 id,  0.1 wa,  0.0 hi,  0.0 si,  0.0 st
KiB Mem : 65877712 total, 52533384 free,  2387936 used, 10956392 buff/cache
KiB Swap: 33554428 total, 32291280 free,  1263148 used. 62246868 avail Mem 
--
top - 11:28:46 up 105 days,  3:10,  0 users,  load average: 1.89, 2.02, 1.88
Tasks: 401 total,   1 running, 400 sleeping,   0 stopped,   0 zombie
%Cpu(s):  0.1 us,  0.0 sy,  0.0 ni, 99.9 id,  0.0 wa,  0.0 hi,  0.0 si,  0.0 st
KiB Mem : 65877712 total, 52501856 free,  2419464 used, 10956392 buff/cache
KiB Swap: 33554428 total, 32291280 free,  1263148 used. 62215836 avail Mem 
--
top - 11:28:51 up 105 days,  3:10,  0 users,  load average: 1.74, 1.98, 1.87
Tasks: 400 total,   1 running, 399 sleeping,   0 stopped,   0 zombie
%Cpu(s):  0.1 us,  0.1 sy,  0.0 ni, 99.9 id,  0.0 wa,  0.0 hi,  0.0 si,  0.0 st
KiB Mem : 65877712 total, 52463232 free,  2458088 used, 10956392 buff/cache
KiB Swap: 33554428 total, 32291280 free,  1263148 used. 62177212 avail Mem 
--
top - 11:28:56 up 105 days,  3:11,  0 users,  load average: 1.60, 1.95, 1.86
Tasks: 400 total,   2 running, 398 sleeping,   0 stopped,   0 zombie
%Cpu(s):  0.1 us,  0.1 sy,  0.0 ni, 99.9 id,  0.0 wa,  0.0 hi,  0.0 si,  0.0 st
KiB Mem : 65877712 total, 52421532 free,  2499788 used, 10956392 buff/cache
KiB Swap: 33554428 total, 32291280 free,  1263148 used. 62135512 avail Mem 
--
top - 11:29:01 up 105 days,  3:11,  0 users,  load average: 1.47, 1.92, 1.85
Tasks: 397 total,   2 running, 395 sleeping,   0 stopped,   0 zombie
%Cpu(s): 13.5 us,  0.4 sy,  0.0 ni, 86.1 id,  0.0 wa,  0.0 hi,  0.0 si,  0.0 st
KiB Mem : 65877712 total, 52346292 free,  2575024 used, 10956396 buff/cache
KiB Swap: 33554428 total, 32291280 free,  1263148 used. 62060276 avail Mem 
--
top - 11:29:06 up 105 days,  3:11,  0 users,  load average: 3.44, 2.32, 1.98
Tasks: 396 total,   1 running, 395 sleeping,   0 stopped,   0 zombie
%Cpu(s): 86.0 us,  0.9 sy,  0.0 ni, 13.1 id,  0.0 wa,  0.0 hi,  0.0 si,  0.0 st
KiB Mem : 65877712 total, 52154888 free,  2766428 used, 10956396 buff/cache
KiB Swap: 33554428 total, 32291280 free,  1263148 used. 61868872 avail Mem 
