Job id: 4755545
Worker ip: 10.149.0.55
Master ip: 10.149.0.56
--
top - 14:28:56 up 112 days,  6:11,  0 users,  load average: 0.08, 0.11, 0.13
Tasks: 408 total,   2 running, 406 sleeping,   0 stopped,   0 zombie
%Cpu(s): 11.2 us,  7.7 sy,  0.0 ni, 80.9 id,  0.0 wa,  0.0 hi,  0.2 si,  0.0 st
KiB Mem : 65877712 total, 50746160 free,  1134192 used, 13997360 buff/cache
KiB Swap: 33554428 total, 32323136 free,  1231292 used. 63504544 avail Mem 
--
top - 14:29:01 up 112 days,  6:11,  0 users,  load average: 0.07, 0.11, 0.13
Tasks: 408 total,   1 running, 407 sleeping,   0 stopped,   0 zombie
%Cpu(s):  1.3 us,  0.2 sy,  0.0 ni, 98.5 id,  0.0 wa,  0.0 hi,  0.0 si,  0.0 st
KiB Mem : 65877712 total, 50738688 free,  1135028 used, 14003996 buff/cache
KiB Swap: 33554428 total, 32323136 free,  1231292 used. 63503668 avail Mem 
--
top - 14:29:06 up 112 days,  6:11,  0 users,  load average: 0.07, 0.11, 0.13
Tasks: 408 total,   1 running, 407 sleeping,   0 stopped,   0 zombie
%Cpu(s):  0.0 us,  0.0 sy,  0.0 ni,100.0 id,  0.0 wa,  0.0 hi,  0.0 si,  0.0 st
KiB Mem : 65877712 total, 50739456 free,  1134260 used, 14003996 buff/cache
KiB Swap: 33554428 total, 32323136 free,  1231292 used. 63504436 avail Mem 
--
top - 14:29:11 up 112 days,  6:11,  0 users,  load average: 0.06, 0.10, 0.13
Tasks: 408 total,   1 running, 407 sleeping,   0 stopped,   0 zombie
%Cpu(s):  0.0 us,  0.0 sy,  0.0 ni,100.0 id,  0.0 wa,  0.0 hi,  0.0 si,  0.0 st
KiB Mem : 65877712 total, 50740100 free,  1133616 used, 14003996 buff/cache
KiB Swap: 33554428 total, 32323136 free,  1231292 used. 63505080 avail Mem 
--
top - 14:29:17 up 112 days,  6:11,  0 users,  load average: 0.38, 0.17, 0.15
Tasks: 408 total,   1 running, 407 sleeping,   0 stopped,   0 zombie
%Cpu(s):  6.1 us,  0.3 sy,  0.0 ni, 93.5 id,  0.0 wa,  0.0 hi,  0.0 si,  0.0 st
KiB Mem : 65877712 total, 50495800 free,  1377916 used, 14003996 buff/cache
KiB Swap: 33554428 total, 32323136 free,  1231292 used. 63260780 avail Mem 
--
top - 14:29:22 up 112 days,  6:11,  0 users,  load average: 0.83, 0.27, 0.18
Tasks: 407 total,   2 running, 405 sleeping,   0 stopped,   0 zombie
%Cpu(s):  3.7 us,  0.4 sy,  0.0 ni, 95.9 id,  0.0 wa,  0.0 hi,  0.0 si,  0.0 st
KiB Mem : 65877712 total, 49527596 free,  2346120 used, 14003996 buff/cache
KiB Swap: 33554428 total, 32323136 free,  1231292 used. 62292576 avail Mem 
--
top - 14:29:27 up 112 days,  6:11,  0 users,  load average: 0.92, 0.29, 0.19
Tasks: 407 total,   1 running, 406 sleeping,   0 stopped,   0 zombie
%Cpu(s):  2.6 us,  0.1 sy,  0.0 ni, 97.3 id,  0.0 wa,  0.0 hi,  0.0 si,  0.0 st
KiB Mem : 65877712 total, 50327912 free,  1545804 used, 14003996 buff/cache
KiB Swap: 33554428 total, 32323136 free,  1231292 used. 63092892 avail Mem 
--
top - 14:29:32 up 112 days,  6:11,  0 users,  load average: 1.33, 0.39, 0.22
Tasks: 408 total,   1 running, 407 sleeping,   0 stopped,   0 zombie
%Cpu(s):  0.0 us,  0.0 sy,  0.0 ni, 95.7 id,  4.3 wa,  0.0 hi,  0.0 si,  0.0 st
KiB Mem : 65877712 total, 50329568 free,  1544148 used, 14003996 buff/cache
KiB Swap: 33554428 total, 32323136 free,  1231292 used. 63094548 avail Mem 
