Job id: 4755508
Worker ip: 10.149.0.63
Master ip: 10.149.0.59
--
top - 14:26:20 up 112 days,  6:10,  0 users,  load average: 0.25, 0.34, 0.27
Tasks: 400 total,   1 running, 399 sleeping,   0 stopped,   0 zombie
%Cpu(s):  2.8 us,  4.9 sy,  0.0 ni, 89.6 id,  2.4 wa,  0.0 hi,  0.2 si,  0.0 st
KiB Mem : 65877712 total, 52980928 free,  1118920 used, 11777864 buff/cache
KiB Swap: 33554428 total, 32368328 free,  1186100 used. 63476296 avail Mem 
--
top - 14:26:25 up 112 days,  6:10,  0 users,  load average: 0.55, 0.40, 0.29
Tasks: 414 total,   1 running, 413 sleeping,   0 stopped,   0 zombie
%Cpu(s):  1.6 us,  0.5 sy,  0.0 ni, 97.8 id,  0.1 wa,  0.0 hi,  0.0 si,  0.0 st
KiB Mem : 65877712 total, 52953988 free,  1128380 used, 11795344 buff/cache
KiB Swap: 33554428 total, 32368328 free,  1186100 used. 63469732 avail Mem 
--
top - 14:26:30 up 112 days,  6:10,  0 users,  load average: 0.51, 0.39, 0.29
Tasks: 414 total,   1 running, 413 sleeping,   0 stopped,   0 zombie
%Cpu(s):  0.0 us,  0.0 sy,  0.0 ni,100.0 id,  0.0 wa,  0.0 hi,  0.0 si,  0.0 st
KiB Mem : 65877712 total, 52955360 free,  1127704 used, 11794648 buff/cache
KiB Swap: 33554428 total, 32368328 free,  1186100 used. 63470384 avail Mem 
--
top - 14:26:35 up 112 days,  6:10,  0 users,  load average: 0.46, 0.39, 0.29
Tasks: 412 total,   1 running, 411 sleeping,   0 stopped,   0 zombie
%Cpu(s):  6.0 us,  0.4 sy,  0.0 ni, 93.6 id,  0.0 wa,  0.0 hi,  0.0 si,  0.0 st
KiB Mem : 65877712 total, 52831412 free,  1251588 used, 11794712 buff/cache
KiB Swap: 33554428 total, 32368328 free,  1186100 used. 63345260 avail Mem 
--
top - 14:26:40 up 112 days,  6:10,  0 users,  load average: 0.43, 0.38, 0.29
Tasks: 412 total,   1 running, 411 sleeping,   0 stopped,   0 zombie
%Cpu(s):  0.0 us,  0.0 sy,  0.0 ni, 99.9 id,  0.0 wa,  0.0 hi,  0.0 si,  0.0 st
KiB Mem : 65877712 total, 52832212 free,  1251104 used, 11794396 buff/cache
KiB Swap: 33554428 total, 32368328 free,  1186100 used. 63345748 avail Mem 
--
top - 14:26:45 up 112 days,  6:10,  0 users,  load average: 0.39, 0.37, 0.29
Tasks: 413 total,   1 running, 412 sleeping,   0 stopped,   0 zombie
%Cpu(s):  0.0 us,  0.0 sy,  0.0 ni,100.0 id,  0.0 wa,  0.0 hi,  0.0 si,  0.0 st
KiB Mem : 65877712 total, 52832648 free,  1250668 used, 11794396 buff/cache
KiB Swap: 33554428 total, 32368328 free,  1186100 used. 63346184 avail Mem 
--
top - 14:26:50 up 112 days,  6:10,  0 users,  load average: 0.36, 0.37, 0.28
Tasks: 413 total,   1 running, 412 sleeping,   0 stopped,   0 zombie
%Cpu(s):  0.0 us,  0.0 sy,  0.0 ni, 99.9 id,  0.0 wa,  0.0 hi,  0.0 si,  0.0 st
KiB Mem : 65877712 total, 52833088 free,  1250228 used, 11794396 buff/cache
KiB Swap: 33554428 total, 32368328 free,  1186100 used. 63346624 avail Mem 
--
top - 14:26:55 up 112 days,  6:10,  0 users,  load average: 0.33, 0.36, 0.28
Tasks: 413 total,   1 running, 412 sleeping,   0 stopped,   0 zombie
%Cpu(s):  0.0 us,  0.0 sy,  0.0 ni, 99.9 id,  0.0 wa,  0.0 hi,  0.0 si,  0.0 st
KiB Mem : 65877712 total, 52833088 free,  1250228 used, 11794396 buff/cache
KiB Swap: 33554428 total, 32368328 free,  1186100 used. 63346624 avail Mem 
