Job id: 4755541
Master ip: 10.149.0.56
--
top - 14:28:54 up 112 days,  6:11,  0 users,  load average: 0.01, 0.06, 0.10
Tasks: 406 total,   1 running, 405 sleeping,   0 stopped,   0 zombie
%Cpu(s):  2.2 us,  0.9 sy,  0.0 ni, 96.9 id,  0.0 wa,  0.0 hi,  0.0 si,  0.0 st
KiB Mem : 65877712 total, 52557332 free,  1127852 used, 12192528 buff/cache
KiB Swap: 33554428 total, 32294856 free,  1259572 used. 63420248 avail Mem 
--
top - 14:28:59 up 112 days,  6:11,  0 users,  load average: 0.01, 0.06, 0.10
Tasks: 404 total,   1 running, 403 sleeping,   0 stopped,   0 zombie
%Cpu(s):  0.8 us,  0.1 sy,  0.0 ni, 99.1 id,  0.0 wa,  0.0 hi,  0.0 si,  0.0 st
KiB Mem : 65877712 total, 52532032 free,  1153152 used, 12192528 buff/cache
KiB Swap: 33554428 total, 32294856 free,  1259572 used. 63394948 avail Mem 
--
top - 14:29:04 up 112 days,  6:11,  0 users,  load average: 0.01, 0.05, 0.10
Tasks: 403 total,   1 running, 402 sleeping,   0 stopped,   0 zombie
%Cpu(s):  0.3 us,  0.0 sy,  0.0 ni, 99.7 id,  0.0 wa,  0.0 hi,  0.0 si,  0.0 st
KiB Mem : 65877712 total, 52531348 free,  1153836 used, 12192528 buff/cache
KiB Swap: 33554428 total, 32294856 free,  1259572 used. 63394264 avail Mem 
--
top - 14:29:09 up 112 days,  6:11,  0 users,  load average: 0.09, 0.07, 0.11
Tasks: 403 total,   1 running, 402 sleeping,   0 stopped,   0 zombie
%Cpu(s):  1.5 us,  0.2 sy,  0.0 ni, 98.2 id,  0.0 wa,  0.0 hi,  0.0 si,  0.0 st
KiB Mem : 65877712 total, 52383168 free,  1301568 used, 12192976 buff/cache
KiB Swap: 33554428 total, 32294856 free,  1259572 used. 63246744 avail Mem 
--
top - 14:29:15 up 112 days,  6:11,  0 users,  load average: 0.08, 0.07, 0.11
Tasks: 403 total,   1 running, 402 sleeping,   0 stopped,   0 zombie
%Cpu(s):  1.5 us,  0.2 sy,  0.0 ni, 98.2 id,  0.0 wa,  0.0 hi,  0.0 si,  0.0 st
KiB Mem : 65877712 total, 52281092 free,  1403644 used, 12192976 buff/cache
KiB Swap: 33554428 total, 32294856 free,  1259572 used. 63144668 avail Mem 
--
top - 14:29:20 up 112 days,  6:11,  0 users,  load average: 0.07, 0.07, 0.11
Tasks: 403 total,   2 running, 401 sleeping,   0 stopped,   0 zombie
%Cpu(s):  1.1 us,  0.2 sy,  0.0 ni, 98.7 id,  0.0 wa,  0.0 hi,  0.0 si,  0.0 st
KiB Mem : 65877712 total, 52169272 free,  1509596 used, 12198844 buff/cache
KiB Swap: 33554428 total, 32294856 free,  1259572 used. 63038760 avail Mem 
--
top - 14:29:25 up 112 days,  6:11,  0 users,  load average: 0.07, 0.07, 0.11
Tasks: 403 total,   2 running, 401 sleeping,   0 stopped,   0 zombie
%Cpu(s):  0.9 us,  0.1 sy,  0.0 ni, 99.0 id,  0.0 wa,  0.0 hi,  0.0 si,  0.0 st
KiB Mem : 65877712 total, 52139160 free,  1512100 used, 12226452 buff/cache
KiB Swap: 33554428 total, 32294856 free,  1259572 used. 63035324 avail Mem 
--
top - 14:29:30 up 112 days,  6:11,  0 users,  load average: 0.06, 0.07, 0.11
Tasks: 403 total,   1 running, 402 sleeping,   0 stopped,   0 zombie
%Cpu(s):  1.1 us,  0.2 sy,  0.0 ni, 98.7 id,  0.0 wa,  0.0 hi,  0.0 si,  0.0 st
KiB Mem : 65877712 total, 52075744 free,  1608992 used, 12192976 buff/cache
KiB Swap: 33554428 total, 32294856 free,  1259572 used. 62939564 avail Mem 
--
top - 14:29:35 up 112 days,  6:11,  0 users,  load average: 0.14, 0.08, 0.11
Tasks: 403 total,   1 running, 402 sleeping,   0 stopped,   0 zombie
%Cpu(s):  1.5 us,  0.2 sy,  0.0 ni, 98.2 id,  0.0 wa,  0.0 hi,  0.0 si,  0.0 st
KiB Mem : 65877712 total, 51974884 free,  1709848 used, 12192980 buff/cache
KiB Swap: 33554428 total, 32294856 free,  1259572 used. 62838708 avail Mem 
