Job id: 4755542
Worker ip: 10.149.0.59
Master ip: 10.149.0.56
--
top - 14:28:55 up 112 days,  6:12,  0 users,  load average: 0.52, 0.36, 0.22
Tasks: 405 total,   1 running, 404 sleeping,   0 stopped,   0 zombie
%Cpu(s):  4.6 us,  7.4 sy,  0.0 ni, 87.5 id,  0.0 wa,  0.0 hi,  0.6 si,  0.0 st
KiB Mem : 65877692 total, 48518064 free,  1237032 used, 16122596 buff/cache
KiB Swap: 33554428 total, 32379684 free,  1174744 used. 63314268 avail Mem 
--
top - 14:29:00 up 112 days,  6:12,  0 users,  load average: 0.56, 0.37, 0.23
Tasks: 403 total,   1 running, 402 sleeping,   0 stopped,   0 zombie
%Cpu(s):  1.5 us,  0.3 sy,  0.0 ni, 98.2 id,  0.0 wa,  0.0 hi,  0.0 si,  0.0 st
KiB Mem : 65877692 total, 48527560 free,  1220840 used, 16129292 buff/cache
KiB Swap: 33554428 total, 32379684 free,  1174744 used. 63330388 avail Mem 
--
top - 14:29:06 up 112 days,  6:12,  0 users,  load average: 0.51, 0.36, 0.23
Tasks: 402 total,   1 running, 401 sleeping,   0 stopped,   0 zombie
%Cpu(s):  0.0 us,  0.0 sy,  0.0 ni,100.0 id,  0.0 wa,  0.0 hi,  0.0 si,  0.0 st
KiB Mem : 65877692 total, 48528352 free,  1220048 used, 16129292 buff/cache
KiB Swap: 33554428 total, 32379684 free,  1174744 used. 63331180 avail Mem 
--
top - 14:29:11 up 112 days,  6:13,  0 users,  load average: 0.47, 0.36, 0.23
Tasks: 402 total,   1 running, 401 sleeping,   0 stopped,   0 zombie
%Cpu(s):  0.0 us,  0.0 sy,  0.0 ni, 99.9 id,  0.0 wa,  0.0 hi,  0.0 si,  0.0 st
KiB Mem : 65877692 total, 48528820 free,  1219580 used, 16129292 buff/cache
KiB Swap: 33554428 total, 32379684 free,  1174744 used. 63331648 avail Mem 
--
top - 14:29:16 up 112 days,  6:13,  0 users,  load average: 0.43, 0.35, 0.23
Tasks: 402 total,   1 running, 401 sleeping,   0 stopped,   0 zombie
%Cpu(s):  0.0 us,  0.0 sy,  0.0 ni,100.0 id,  0.0 wa,  0.0 hi,  0.0 si,  0.0 st
KiB Mem : 65877692 total, 48529160 free,  1219240 used, 16129292 buff/cache
KiB Swap: 33554428 total, 32379684 free,  1174744 used. 63331988 avail Mem 
--
top - 14:29:21 up 112 days,  6:13,  0 users,  load average: 0.40, 0.35, 0.22
Tasks: 401 total,   1 running, 400 sleeping,   0 stopped,   0 zombie
%Cpu(s):  0.0 us,  0.0 sy,  0.0 ni,100.0 id,  0.0 wa,  0.0 hi,  0.0 si,  0.0 st
KiB Mem : 65877692 total, 48529956 free,  1218444 used, 16129292 buff/cache
KiB Swap: 33554428 total, 32379684 free,  1174744 used. 63332784 avail Mem 
--
top - 14:29:26 up 112 days,  6:13,  0 users,  load average: 0.37, 0.34, 0.22
Tasks: 400 total,   1 running, 399 sleeping,   0 stopped,   0 zombie
%Cpu(s):  0.0 us,  0.0 sy,  0.0 ni, 99.9 id,  0.0 wa,  0.0 hi,  0.0 si,  0.0 st
KiB Mem : 65877692 total, 48530924 free,  1217476 used, 16129292 buff/cache
KiB Swap: 33554428 total, 32379684 free,  1174744 used. 63333752 avail Mem 
--
top - 14:29:31 up 112 days,  6:13,  0 users,  load average: 0.34, 0.33, 0.22
Tasks: 402 total,   1 running, 401 sleeping,   0 stopped,   0 zombie
%Cpu(s):  0.0 us,  0.0 sy,  0.0 ni, 97.9 id,  2.0 wa,  0.0 hi,  0.0 si,  0.0 st
KiB Mem : 65877692 total, 48530708 free,  1217692 used, 16129292 buff/cache
KiB Swap: 33554428 total, 32379684 free,  1174744 used. 63333536 avail Mem 
