Job id: 4755496
Worker ip: 10.149.0.60
Master ip: 10.149.0.68
--
top - 14:25:43 up 112 days,  6:09,  0 users,  load average: 0.23, 0.42, 0.32
Tasks: 399 total,   1 running, 398 sleeping,   0 stopped,   0 zombie
%Cpu(s):  2.9 us,  5.0 sy,  0.0 ni, 88.9 id,  2.7 wa,  0.0 hi,  0.5 si,  0.0 st
KiB Mem : 65877692 total, 52208548 free,  1279592 used, 12389552 buff/cache
KiB Swap: 33554428 total, 31913380 free,  1641048 used. 63321340 avail Mem 
--
top - 14:25:48 up 112 days,  6:09,  0 users,  load average: 0.21, 0.41, 0.31
Tasks: 409 total,   1 running, 408 sleeping,   0 stopped,   0 zombie
%Cpu(s):  1.7 us,  0.5 sy,  0.0 ni, 97.7 id,  0.1 wa,  0.0 hi,  0.0 si,  0.0 st
KiB Mem : 65877692 total, 52173912 free,  1298208 used, 12405572 buff/cache
KiB Swap: 33554428 total, 31913380 free,  1641048 used. 63302508 avail Mem 
--
top - 14:25:53 up 112 days,  6:09,  0 users,  load average: 0.19, 0.41, 0.31
Tasks: 409 total,   1 running, 408 sleeping,   0 stopped,   0 zombie
%Cpu(s):  0.0 us,  0.0 sy,  0.0 ni, 99.9 id,  0.0 wa,  0.0 hi,  0.0 si,  0.0 st
KiB Mem : 65877692 total, 52174292 free,  1297796 used, 12405604 buff/cache
KiB Swap: 33554428 total, 31913380 free,  1641048 used. 63302940 avail Mem 
--
top - 14:25:58 up 112 days,  6:09,  0 users,  load average: 0.18, 0.40, 0.31
Tasks: 409 total,   1 running, 408 sleeping,   0 stopped,   0 zombie
%Cpu(s):  0.0 us,  0.0 sy,  0.0 ni,100.0 id,  0.0 wa,  0.0 hi,  0.0 si,  0.0 st
KiB Mem : 65877692 total, 52174292 free,  1297796 used, 12405604 buff/cache
KiB Swap: 33554428 total, 31913380 free,  1641048 used. 63302940 avail Mem 
--
top - 14:26:03 up 112 days,  6:09,  0 users,  load average: 0.16, 0.39, 0.31
Tasks: 411 total,   1 running, 410 sleeping,   0 stopped,   0 zombie
%Cpu(s):  0.4 us,  0.2 sy,  0.0 ni, 99.0 id,  0.3 wa,  0.0 hi,  0.0 si,  0.0 st
KiB Mem : 65877692 total, 52169824 free,  1302264 used, 12405604 buff/cache
KiB Swap: 33554428 total, 31913380 free,  1641048 used. 63298564 avail Mem 
--
top - 14:26:08 up 112 days,  6:10,  0 users,  load average: 0.15, 0.39, 0.31
Tasks: 411 total,   1 running, 410 sleeping,   0 stopped,   0 zombie
%Cpu(s):  0.0 us,  0.0 sy,  0.0 ni,100.0 id,  0.0 wa,  0.0 hi,  0.0 si,  0.0 st
KiB Mem : 65877692 total, 52172036 free,  1300020 used, 12405636 buff/cache
KiB Swap: 33554428 total, 31913380 free,  1641048 used. 63300808 avail Mem 
--
top - 14:26:13 up 112 days,  6:10,  0 users,  load average: 0.14, 0.38, 0.31
Tasks: 411 total,   1 running, 410 sleeping,   0 stopped,   0 zombie
%Cpu(s):  0.0 us,  0.0 sy,  0.0 ni,100.0 id,  0.0 wa,  0.0 hi,  0.0 si,  0.0 st
KiB Mem : 65877692 total, 52172036 free,  1300020 used, 12405636 buff/cache
KiB Swap: 33554428 total, 31913380 free,  1641048 used. 63300808 avail Mem 
