10.149.0.64
2024/01/03 14:27:01 Master node address: http://10.149.0.66:8000
2024/01/03 14:27:01 Benchmarking worker...
2024/01/03 14:27:03 Worker registered (1851 MCUPS). Waiting for work...
2024/01/03 14:27:08 Got work. Start calculating alignments...
2024/01/03 14:27:08 Calculating 7 queries
2024/01/03 14:27:10 Done calculating alignments.
2024/01/03 14:27:10 Waiting for work...
2024/01/03 14:27:14 Got work. Start calculating alignments...
2024/01/03 14:27:14 Calculating 7 queries
2024/01/03 14:27:16 Done calculating alignments.
2024/01/03 14:27:16 Waiting for work...
2024/01/03 14:27:21 Got work. Start calculating alignments...
2024/01/03 14:27:21 Calculating 7 queries
2024/01/03 14:27:23 Done calculating alignments.
2024/01/03 14:27:23 Waiting for work...
2024/01/03 14:27:27 Got work. Start calculating alignments...
2024/01/03 14:27:27 Calculating 7 queries
2024/01/03 14:27:29 Done calculating alignments.
2024/01/03 14:27:29 Waiting for work...
2024/01/03 14:27:33 Got work. Start calculating alignments...
2024/01/03 14:27:33 Calculating 7 queries
2024/01/03 14:27:35 Done calculating alignments.
2024/01/03 14:27:35 Waiting for work...
slurmstepd: error: *** JOB 4755517 ON node064 CANCELLED AT 2024-01-03T14:27:36 ***
