Job id: 4755534
Worker ip: 10.149.0.54
Master ip: 10.149.0.60
--
top - 14:28:18 up 112 days,  6:10,  0 users,  load average: 0.02, 0.13, 0.13
Tasks: 411 total,   1 running, 410 sleeping,   0 stopped,   0 zombie
%Cpu(s):  3.0 us,  5.0 sy,  0.0 ni, 91.8 id,  0.0 wa,  0.0 hi,  0.2 si,  0.0 st
KiB Mem : 65877712 total, 49950048 free,  1212844 used, 14714820 buff/cache
KiB Swap: 33554428 total, 32105564 free,  1448864 used. 63400236 avail Mem 
--
top - 14:28:23 up 112 days,  6:10,  0 users,  load average: 0.01, 0.13, 0.13
Tasks: 412 total,   1 running, 411 sleeping,   0 stopped,   0 zombie
%Cpu(s):  1.5 us,  0.3 sy,  0.0 ni, 98.1 id,  0.0 wa,  0.0 hi,  0.0 si,  0.0 st
KiB Mem : 65877712 total, 49926676 free,  1229468 used, 14721568 buff/cache
KiB Swap: 33554428 total, 32105564 free,  1448864 used. 63383516 avail Mem 
--
top - 14:28:29 up 112 days,  6:10,  0 users,  load average: 0.01, 0.12, 0.13
Tasks: 412 total,   1 running, 411 sleeping,   0 stopped,   0 zombie
%Cpu(s):  0.0 us,  0.0 sy,  0.0 ni,100.0 id,  0.0 wa,  0.0 hi,  0.0 si,  0.0 st
KiB Mem : 65877712 total, 49927964 free,  1228180 used, 14721568 buff/cache
KiB Swap: 33554428 total, 32105564 free,  1448864 used. 63384804 avail Mem 
--
top - 14:28:34 up 112 days,  6:10,  0 users,  load average: 0.01, 0.12, 0.13
Tasks: 412 total,   1 running, 411 sleeping,   0 stopped,   0 zombie
%Cpu(s):  0.0 us,  0.0 sy,  0.0 ni,100.0 id,  0.0 wa,  0.0 hi,  0.0 si,  0.0 st
KiB Mem : 65877712 total, 49928832 free,  1227312 used, 14721568 buff/cache
KiB Swap: 33554428 total, 32105564 free,  1448864 used. 63385672 avail Mem 
--
top - 14:28:39 up 112 days,  6:11,  0 users,  load average: 0.01, 0.12, 0.13
Tasks: 412 total,   1 running, 411 sleeping,   0 stopped,   0 zombie
%Cpu(s):  0.0 us,  0.0 sy,  0.0 ni, 99.9 id,  0.0 wa,  0.0 hi,  0.0 si,  0.0 st
KiB Mem : 65877712 total, 49929576 free,  1226568 used, 14721568 buff/cache
KiB Swap: 33554428 total, 32105564 free,  1448864 used. 63386416 avail Mem 
--
top - 14:28:44 up 112 days,  6:11,  0 users,  load average: 0.01, 0.12, 0.13
Tasks: 412 total,   1 running, 411 sleeping,   0 stopped,   0 zombie
%Cpu(s):  0.0 us,  0.0 sy,  0.0 ni, 99.9 id,  0.0 wa,  0.0 hi,  0.0 si,  0.0 st
KiB Mem : 65877712 total, 49930552 free,  1225592 used, 14721568 buff/cache
KiB Swap: 33554428 total, 32105564 free,  1448864 used. 63387392 avail Mem 
--
top - 14:28:49 up 112 days,  6:11,  0 users,  load average: 0.01, 0.12, 0.13
Tasks: 412 total,   1 running, 411 sleeping,   0 stopped,   0 zombie
%Cpu(s):  0.0 us,  0.0 sy,  0.0 ni,100.0 id,  0.0 wa,  0.0 hi,  0.0 si,  0.0 st
KiB Mem : 65877712 total, 49931020 free,  1225124 used, 14721568 buff/cache
KiB Swap: 33554428 total, 32105564 free,  1448864 used. 63387860 avail Mem 
--
top - 14:28:54 up 112 days,  6:11,  0 users,  load average: 0.01, 0.11, 0.13
Tasks: 412 total,   1 running, 411 sleeping,   0 stopped,   0 zombie
%Cpu(s):  0.0 us,  0.0 sy,  0.0 ni,100.0 id,  0.0 wa,  0.0 hi,  0.0 si,  0.0 st
KiB Mem : 65877712 total, 49932012 free,  1224132 used, 14721568 buff/cache
KiB Swap: 33554428 total, 32105564 free,  1448864 used. 63388852 avail Mem 
