Job id: 4755503
Worker ip: 10.149.0.60
Master ip: 10.149.0.59
--
top - 14:26:19 up 112 days,  6:10,  0 users,  load average: 0.13, 0.37, 0.31
Tasks: 410 total,   2 running, 408 sleeping,   0 stopped,   0 zombie
%Cpu(s): 12.7 us,  7.3 sy,  0.0 ni, 79.8 id,  0.0 wa,  0.0 hi,  0.2 si,  0.0 st
KiB Mem : 65877692 total, 52180728 free,  1291320 used, 12405644 buff/cache
KiB Swap: 33554428 total, 31913380 free,  1641048 used. 63309516 avail Mem 
--
top - 14:26:24 up 112 days,  6:10,  0 users,  load average: 0.12, 0.37, 0.30
Tasks: 411 total,   1 running, 410 sleeping,   0 stopped,   0 zombie
%Cpu(s):  1.2 us,  0.2 sy,  0.0 ni, 98.6 id,  0.0 wa,  0.0 hi,  0.0 si,  0.0 st
KiB Mem : 65877692 total, 52168108 free,  1297404 used, 12412180 buff/cache
KiB Swap: 33554428 total, 31913380 free,  1641048 used. 63303432 avail Mem 
--
top - 14:26:29 up 112 days,  6:10,  0 users,  load average: 0.11, 0.36, 0.30
Tasks: 411 total,   2 running, 409 sleeping,   0 stopped,   0 zombie
%Cpu(s):  0.0 us,  0.0 sy,  0.0 ni, 99.9 id,  0.0 wa,  0.0 hi,  0.0 si,  0.0 st
KiB Mem : 65877692 total, 52169744 free,  1295768 used, 12412180 buff/cache
KiB Swap: 33554428 total, 31913380 free,  1641048 used. 63305068 avail Mem 
--
top - 14:26:34 up 112 days,  6:10,  0 users,  load average: 0.10, 0.35, 0.30
Tasks: 411 total,   1 running, 410 sleeping,   0 stopped,   0 zombie
%Cpu(s):  0.0 us,  0.0 sy,  0.0 ni,100.0 id,  0.0 wa,  0.0 hi,  0.0 si,  0.0 st
KiB Mem : 65877692 total, 52170844 free,  1294668 used, 12412180 buff/cache
KiB Swap: 33554428 total, 31913380 free,  1641048 used. 63306168 avail Mem 
--
top - 14:26:39 up 112 days,  6:10,  0 users,  load average: 0.09, 0.35, 0.30
Tasks: 411 total,   1 running, 410 sleeping,   0 stopped,   0 zombie
%Cpu(s):  0.0 us,  0.0 sy,  0.0 ni, 99.9 id,  0.0 wa,  0.0 hi,  0.0 si,  0.0 st
KiB Mem : 65877692 total, 52172348 free,  1293164 used, 12412180 buff/cache
KiB Swap: 33554428 total, 31913380 free,  1641048 used. 63307672 avail Mem 
--
top - 14:26:44 up 112 days,  6:10,  0 users,  load average: 0.08, 0.34, 0.30
Tasks: 411 total,   1 running, 410 sleeping,   0 stopped,   0 zombie
%Cpu(s):  0.0 us,  0.0 sy,  0.0 ni,100.0 id,  0.0 wa,  0.0 hi,  0.0 si,  0.0 st
KiB Mem : 65877692 total, 52172856 free,  1292656 used, 12412180 buff/cache
KiB Swap: 33554428 total, 31913380 free,  1641048 used. 63308180 avail Mem 
--
top - 14:26:49 up 112 days,  6:10,  0 users,  load average: 0.08, 0.34, 0.30
Tasks: 411 total,   1 running, 410 sleeping,   0 stopped,   0 zombie
%Cpu(s):  0.0 us,  0.0 sy,  0.0 ni,100.0 id,  0.0 wa,  0.0 hi,  0.0 si,  0.0 st
KiB Mem : 65877692 total, 52172856 free,  1292656 used, 12412180 buff/cache
KiB Swap: 33554428 total, 31913380 free,  1641048 used. 63308180 avail Mem 
--
top - 14:26:54 up 112 days,  6:10,  0 users,  load average: 0.07, 0.33, 0.30
Tasks: 411 total,   1 running, 410 sleeping,   0 stopped,   0 zombie
%Cpu(s):  0.0 us,  0.0 sy,  0.0 ni, 99.9 id,  0.0 wa,  0.0 hi,  0.0 si,  0.0 st
KiB Mem : 65877692 total, 52172856 free,  1292656 used, 12412180 buff/cache
KiB Swap: 33554428 total, 31913380 free,  1641048 used. 63308180 avail Mem 
