Job id: 4755523
Master ip: 10.149.0.65
--
top - 14:27:36 up 112 days,  6:11,  0 users,  load average: 0.05, 0.10, 0.15
Tasks: 406 total,   2 running, 404 sleeping,   0 stopped,   0 zombie
%Cpu(s):  2.3 us,  0.7 sy,  0.0 ni, 97.0 id,  0.0 wa,  0.0 hi,  0.0 si,  0.0 st
KiB Mem : 65877692 total, 58177596 free,  1145016 used,  6555080 buff/cache
KiB Swap: 33554428 total, 32385964 free,  1168464 used. 63434040 avail Mem 
--
top - 14:27:41 up 112 days,  6:11,  0 users,  load average: 0.04, 0.10, 0.15
Tasks: 407 total,   1 running, 406 sleeping,   0 stopped,   0 zombie
%Cpu(s):  0.8 us,  0.1 sy,  0.0 ni, 99.1 id,  0.0 wa,  0.0 hi,  0.0 si,  0.0 st
KiB Mem : 65877692 total, 58153196 free,  1169124 used,  6555372 buff/cache
KiB Swap: 33554428 total, 32385964 free,  1168464 used. 63409868 avail Mem 
--
top - 14:27:46 up 112 days,  6:11,  0 users,  load average: 0.04, 0.10, 0.15
Tasks: 407 total,   2 running, 405 sleeping,   0 stopped,   0 zombie
%Cpu(s):  0.1 us,  0.0 sy,  0.0 ni, 99.9 id,  0.0 wa,  0.0 hi,  0.0 si,  0.0 st
KiB Mem : 65877692 total, 58153428 free,  1168892 used,  6555372 buff/cache
KiB Swap: 33554428 total, 32385964 free,  1168464 used. 63410100 avail Mem 
--
top - 14:27:51 up 112 days,  6:11,  0 users,  load average: 0.12, 0.11, 0.15
Tasks: 407 total,   1 running, 406 sleeping,   0 stopped,   0 zombie
%Cpu(s):  1.2 us,  0.2 sy,  0.0 ni, 98.5 id,  0.0 wa,  0.0 hi,  0.0 si,  0.0 st
KiB Mem : 65877692 total, 58004476 free,  1317652 used,  6555564 buff/cache
KiB Swap: 33554428 total, 32385964 free,  1168464 used. 63261244 avail Mem 
--
top - 14:27:56 up 112 days,  6:11,  0 users,  load average: 0.19, 0.12, 0.16
Tasks: 407 total,   1 running, 406 sleeping,   0 stopped,   0 zombie
%Cpu(s):  1.4 us,  0.2 sy,  0.0 ni, 98.4 id,  0.0 wa,  0.0 hi,  0.0 si,  0.0 st
KiB Mem : 65877692 total, 57877624 free,  1444020 used,  6556048 buff/cache
KiB Swap: 33554428 total, 32385964 free,  1168464 used. 63135368 avail Mem 
--
top - 14:28:01 up 112 days,  6:11,  0 users,  load average: 0.17, 0.12, 0.15
Tasks: 407 total,   2 running, 405 sleeping,   0 stopped,   0 zombie
%Cpu(s):  1.4 us,  0.4 sy,  0.0 ni, 97.8 id,  0.4 wa,  0.0 hi,  0.0 si,  0.0 st
KiB Mem : 65877692 total, 57750456 free,  1571096 used,  6556140 buff/cache
KiB Swap: 33554428 total, 32385964 free,  1168464 used. 63007512 avail Mem 
--
top - 14:28:07 up 112 days,  6:12,  0 users,  load average: 0.16, 0.12, 0.15
Tasks: 408 total,   2 running, 406 sleeping,   0 stopped,   0 zombie
%Cpu(s):  0.7 us,  0.1 sy,  0.0 ni, 99.2 id,  0.0 wa,  0.0 hi,  0.0 si,  0.0 st
KiB Mem : 65877692 total, 57719976 free,  1575512 used,  6582204 buff/cache
KiB Swap: 33554428 total, 32385964 free,  1168464 used. 63002800 avail Mem 
--
top - 14:28:12 up 112 days,  6:12,  0 users,  load average: 0.22, 0.14, 0.16
Tasks: 408 total,   1 running, 407 sleeping,   0 stopped,   0 zombie
%Cpu(s):  1.1 us,  0.2 sy,  0.0 ni, 98.7 id,  0.0 wa,  0.0 hi,  0.0 si,  0.0 st
KiB Mem : 65877692 total, 57658520 free,  1662536 used,  6556636 buff/cache
KiB Swap: 33554428 total, 32385964 free,  1168464 used. 62915788 avail Mem 
--
top - 14:28:17 up 112 days,  6:12,  0 users,  load average: 0.29, 0.15, 0.16
Tasks: 408 total,   1 running, 407 sleeping,   0 stopped,   0 zombie
%Cpu(s):  1.1 us,  0.2 sy,  0.0 ni, 98.7 id,  0.0 wa,  0.0 hi,  0.0 si,  0.0 st
KiB Mem : 65877692 total, 57551880 free,  1770104 used,  6555708 buff/cache
KiB Swap: 33554428 total, 32385964 free,  1168464 used. 62808776 avail Mem 
