Job id: 4755532
Worker ip: 10.149.0.59
Master ip: 10.149.0.60
--
top - 14:28:19 up 112 days,  6:12,  0 users,  load average: 0.36, 0.30, 0.20
Tasks: 405 total,   1 running, 404 sleeping,   0 stopped,   0 zombie
%Cpu(s): 11.6 us,  8.1 sy,  0.0 ni, 79.8 id,  0.0 wa,  0.0 hi,  0.6 si,  0.0 st
KiB Mem : 65877692 total, 48540348 free,  1221452 used, 16115892 buff/cache
KiB Swap: 33554428 total, 32379684 free,  1174744 used. 63329928 avail Mem 
--
top - 14:28:24 up 112 days,  6:12,  0 users,  load average: 0.33, 0.30, 0.20
Tasks: 406 total,   1 running, 405 sleeping,   0 stopped,   0 zombie
%Cpu(s):  1.3 us,  0.2 sy,  0.0 ni, 98.5 id,  0.0 wa,  0.0 hi,  0.0 si,  0.0 st
KiB Mem : 65877692 total, 48533012 free,  1222092 used, 16122588 buff/cache
KiB Swap: 33554428 total, 32379684 free,  1174744 used. 63329212 avail Mem 
--
top - 14:28:29 up 112 days,  6:12,  0 users,  load average: 0.79, 0.39, 0.23
Tasks: 406 total,   1 running, 405 sleeping,   0 stopped,   0 zombie
%Cpu(s):  6.2 us,  0.3 sy,  0.0 ni, 93.4 id,  0.0 wa,  0.0 hi,  0.0 si,  0.0 st
KiB Mem : 65877692 total, 48320988 free,  1434116 used, 16122588 buff/cache
KiB Swap: 33554428 total, 32379684 free,  1174744 used. 63117188 avail Mem 
--
top - 14:28:34 up 112 days,  6:12,  0 users,  load average: 0.72, 0.38, 0.23
Tasks: 406 total,   1 running, 405 sleeping,   0 stopped,   0 zombie
%Cpu(s):  4.5 us,  0.5 sy,  0.0 ni, 95.0 id,  0.0 wa,  0.0 hi,  0.0 si,  0.0 st
KiB Mem : 65877692 total, 47321112 free,  2433992 used, 16122588 buff/cache
KiB Swap: 33554428 total, 32379684 free,  1174744 used. 62117312 avail Mem 
--
top - 14:28:39 up 112 days,  6:12,  0 users,  load average: 0.67, 0.38, 0.23
Tasks: 406 total,   1 running, 405 sleeping,   0 stopped,   0 zombie
%Cpu(s):  1.7 us,  0.0 sy,  0.0 ni, 98.3 id,  0.0 wa,  0.0 hi,  0.0 si,  0.0 st
KiB Mem : 65877692 total, 48116748 free,  1638356 used, 16122588 buff/cache
KiB Swap: 33554428 total, 32379684 free,  1174744 used. 62912948 avail Mem 
--
top - 14:28:44 up 112 days,  6:12,  0 users,  load average: 0.61, 0.37, 0.23
Tasks: 406 total,   1 running, 405 sleeping,   0 stopped,   0 zombie
%Cpu(s):  0.0 us,  0.0 sy,  0.0 ni, 99.9 id,  0.0 wa,  0.0 hi,  0.0 si,  0.0 st
KiB Mem : 65877692 total, 48119048 free,  1636056 used, 16122588 buff/cache
KiB Swap: 33554428 total, 32379684 free,  1174744 used. 62915248 avail Mem 
--
top - 14:28:49 up 112 days,  6:12,  0 users,  load average: 0.56, 0.37, 0.23
Tasks: 406 total,   1 running, 405 sleeping,   0 stopped,   0 zombie
%Cpu(s):  0.0 us,  0.0 sy,  0.0 ni, 99.9 id,  0.0 wa,  0.0 hi,  0.0 si,  0.0 st
KiB Mem : 65877692 total, 48120180 free,  1634924 used, 16122588 buff/cache
KiB Swap: 33554428 total, 32379684 free,  1174744 used. 62916380 avail Mem 
--
top - 14:28:54 up 112 days,  6:12,  0 users,  load average: 0.52, 0.36, 0.22
Tasks: 406 total,   1 running, 405 sleeping,   0 stopped,   0 zombie
%Cpu(s):  0.0 us,  0.0 sy,  0.0 ni, 99.9 id,  0.0 wa,  0.0 hi,  0.0 si,  0.0 st
KiB Mem : 65877692 total, 48121704 free,  1633400 used, 16122588 buff/cache
KiB Swap: 33554428 total, 32379684 free,  1174744 used. 62917904 avail Mem 
