Job id: 4755494
Worker ip: 10.149.0.55
Master ip: 10.149.0.68
--
top - 14:25:42 up 112 days,  6:08,  0 users,  load average: 0.00, 0.06, 0.11
Tasks: 395 total,   2 running, 393 sleeping,   0 stopped,   0 zombie
%Cpu(s):  2.8 us,  5.4 sy,  0.0 ni, 88.6 id,  2.8 wa,  0.0 hi,  0.4 si,  0.0 st
KiB Mem : 65877712 total, 50789824 free,  1119980 used, 13967908 buff/cache
KiB Swap: 33554428 total, 32323136 free,  1231292 used. 63518992 avail Mem 
--
top - 14:25:47 up 112 days,  6:08,  0 users,  load average: 0.00, 0.06, 0.10
Tasks: 407 total,   1 running, 406 sleeping,   0 stopped,   0 zombie
%Cpu(s):  1.6 us,  0.5 sy,  0.0 ni, 97.8 id,  0.1 wa,  0.0 hi,  0.0 si,  0.0 st
KiB Mem : 65877712 total, 50759584 free,  1134184 used, 13983944 buff/cache
KiB Swap: 33554428 total, 32323136 free,  1231292 used. 63504648 avail Mem 
--
top - 14:25:52 up 112 days,  6:08,  0 users,  load average: 0.48, 0.16, 0.14
Tasks: 407 total,   1 running, 406 sleeping,   0 stopped,   0 zombie
%Cpu(s):  6.0 us,  0.3 sy,  0.0 ni, 93.5 id,  0.1 wa,  0.0 hi,  0.0 si,  0.0 st
KiB Mem : 65877712 total, 50488576 free,  1405192 used, 13983944 buff/cache
KiB Swap: 33554428 total, 32323136 free,  1231292 used. 63233652 avail Mem 
--
top - 14:25:57 up 112 days,  6:08,  0 users,  load average: 0.44, 0.15, 0.14
Tasks: 407 total,   1 running, 406 sleeping,   0 stopped,   0 zombie
%Cpu(s):  3.1 us,  0.4 sy,  0.0 ni, 96.4 id,  0.0 wa,  0.0 hi,  0.0 si,  0.0 st
KiB Mem : 65877712 total, 49537448 free,  2356320 used, 13983944 buff/cache
KiB Swap: 33554428 total, 32323136 free,  1231292 used. 62282556 avail Mem 
--
top - 14:26:02 up 112 days,  6:08,  0 users,  load average: 0.41, 0.15, 0.14
Tasks: 409 total,   1 running, 408 sleeping,   0 stopped,   0 zombie
%Cpu(s):  3.5 us,  0.2 sy,  0.0 ni, 95.9 id,  0.4 wa,  0.0 hi,  0.0 si,  0.0 st
KiB Mem : 65877712 total, 50333640 free,  1560096 used, 13983976 buff/cache
KiB Swap: 33554428 total, 32323136 free,  1231292 used. 63078788 avail Mem 
--
top - 14:26:07 up 112 days,  6:08,  0 users,  load average: 0.38, 0.15, 0.13
Tasks: 409 total,   1 running, 408 sleeping,   0 stopped,   0 zombie
%Cpu(s):  0.1 us,  0.0 sy,  0.0 ni, 99.9 id,  0.0 wa,  0.0 hi,  0.0 si,  0.0 st
KiB Mem : 65877712 total, 50335860 free,  1557876 used, 13983976 buff/cache
KiB Swap: 33554428 total, 32323136 free,  1231292 used. 63081008 avail Mem 
--
top - 14:26:12 up 112 days,  6:08,  0 users,  load average: 0.35, 0.15, 0.13
Tasks: 409 total,   1 running, 408 sleeping,   0 stopped,   0 zombie
%Cpu(s):  0.0 us,  0.0 sy,  0.0 ni, 99.9 id,  0.0 wa,  0.0 hi,  0.0 si,  0.0 st
KiB Mem : 65877712 total, 50337084 free,  1556652 used, 13983976 buff/cache
KiB Swap: 33554428 total, 32323136 free,  1231292 used. 63082232 avail Mem 
