Job id: 4755549
Worker ip: 10.149.0.65
Master ip: 10.149.0.56
--
top - 14:28:57 up 112 days,  6:12,  0 users,  load average: 0.15, 0.13, 0.15
Tasks: 408 total,   2 running, 406 sleeping,   0 stopped,   0 zombie
%Cpu(s):  2.1 us,  4.9 sy,  0.0 ni, 93.0 id,  0.0 wa,  0.0 hi,  0.0 si,  0.0 st
KiB Mem : 65877692 total, 58169952 free,  1152036 used,  6555704 buff/cache
KiB Swap: 33554428 total, 32385964 free,  1168464 used. 63426812 avail Mem 
--
top - 14:29:02 up 112 days,  6:12,  0 users,  load average: 0.22, 0.14, 0.16
Tasks: 408 total,   1 running, 407 sleeping,   0 stopped,   0 zombie
%Cpu(s):  1.6 us,  0.4 sy,  0.0 ni, 97.9 id,  0.0 wa,  0.0 hi,  0.0 si,  0.0 st
KiB Mem : 65877692 total, 58154404 free,  1160920 used,  6562368 buff/cache
KiB Swap: 33554428 total, 32385964 free,  1168464 used. 63417872 avail Mem 
--
top - 14:29:07 up 112 days,  6:13,  0 users,  load average: 0.20, 0.14, 0.16
Tasks: 407 total,   1 running, 406 sleeping,   0 stopped,   0 zombie
%Cpu(s):  0.0 us,  0.0 sy,  0.0 ni, 99.9 id,  0.0 wa,  0.0 hi,  0.0 si,  0.0 st
KiB Mem : 65877692 total, 58156092 free,  1159232 used,  6562368 buff/cache
KiB Swap: 33554428 total, 32385964 free,  1168464 used. 63419560 avail Mem 
--
top - 14:29:12 up 112 days,  6:13,  0 users,  load average: 0.18, 0.14, 0.16
Tasks: 407 total,   1 running, 406 sleeping,   0 stopped,   0 zombie
%Cpu(s):  0.0 us,  0.0 sy,  0.0 ni,100.0 id,  0.0 wa,  0.0 hi,  0.0 si,  0.0 st
KiB Mem : 65877692 total, 58157224 free,  1158100 used,  6562368 buff/cache
KiB Swap: 33554428 total, 32385964 free,  1168464 used. 63420692 avail Mem 
--
top - 14:29:17 up 112 days,  6:13,  0 users,  load average: 0.17, 0.14, 0.16
Tasks: 407 total,   1 running, 406 sleeping,   0 stopped,   0 zombie
%Cpu(s):  0.0 us,  0.0 sy,  0.0 ni,100.0 id,  0.0 wa,  0.0 hi,  0.0 si,  0.0 st
KiB Mem : 65877692 total, 58158388 free,  1156936 used,  6562368 buff/cache
KiB Swap: 33554428 total, 32385964 free,  1168464 used. 63421856 avail Mem 
--
top - 14:29:22 up 112 days,  6:13,  0 users,  load average: 0.15, 0.14, 0.15
Tasks: 407 total,   1 running, 406 sleeping,   0 stopped,   0 zombie
%Cpu(s):  0.0 us,  0.0 sy,  0.0 ni,100.0 id,  0.0 wa,  0.0 hi,  0.0 si,  0.0 st
KiB Mem : 65877692 total, 58160404 free,  1154920 used,  6562368 buff/cache
KiB Swap: 33554428 total, 32385964 free,  1168464 used. 63423872 avail Mem 
--
top - 14:29:27 up 112 days,  6:13,  0 users,  load average: 0.14, 0.13, 0.15
Tasks: 407 total,   1 running, 406 sleeping,   0 stopped,   0 zombie
%Cpu(s):  0.0 us,  0.0 sy,  0.0 ni, 99.9 id,  0.0 wa,  0.0 hi,  0.0 si,  0.0 st
KiB Mem : 65877692 total, 58159124 free,  1156200 used,  6562368 buff/cache
KiB Swap: 33554428 total, 32385964 free,  1168464 used. 63422592 avail Mem 
--
top - 14:29:32 up 112 days,  6:13,  0 users,  load average: 0.13, 0.13, 0.15
Tasks: 407 total,   2 running, 405 sleeping,   0 stopped,   0 zombie
%Cpu(s):  0.0 us,  0.0 sy,  0.0 ni,100.0 id,  0.0 wa,  0.0 hi,  0.0 si,  0.0 st
KiB Mem : 65877692 total, 58159816 free,  1155508 used,  6562368 buff/cache
KiB Swap: 33554428 total, 32385964 free,  1168464 used. 63423284 avail Mem 
