Job id: 4755524
Worker ip: 10.149.0.68
Master ip: 10.149.0.65
--
top - 14:27:38 up 112 days,  6:09,  0 users,  load average: 0.36, 0.31, 0.18
Tasks: 399 total,   1 running, 398 sleeping,   0 stopped,   0 zombie
%Cpu(s):  3.6 us,  5.6 sy,  0.0 ni, 88.0 id,  2.5 wa,  0.0 hi,  0.2 si,  0.0 st
KiB Mem : 65877692 total, 50759156 free,  1163632 used, 13954904 buff/cache
KiB Swap: 33554428 total, 32275796 free,  1278632 used. 63436008 avail Mem 
--
top - 14:27:43 up 112 days,  6:09,  0 users,  load average: 0.33, 0.31, 0.18
Tasks: 410 total,   1 running, 409 sleeping,   0 stopped,   0 zombie
%Cpu(s):  1.6 us,  0.5 sy,  0.0 ni, 97.7 id,  0.1 wa,  0.0 hi,  0.0 si,  0.0 st
KiB Mem : 65877692 total, 50729456 free,  1177500 used, 13970736 buff/cache
KiB Swap: 33554428 total, 32275796 free,  1278632 used. 63421988 avail Mem 
--
top - 14:27:48 up 112 days,  6:09,  0 users,  load average: 0.30, 0.30, 0.18
Tasks: 410 total,   1 running, 409 sleeping,   0 stopped,   0 zombie
%Cpu(s):  0.0 us,  0.0 sy,  0.0 ni, 99.9 id,  0.0 wa,  0.0 hi,  0.0 si,  0.0 st
KiB Mem : 65877692 total, 50730532 free,  1176424 used, 13970736 buff/cache
KiB Swap: 33554428 total, 32275816 free,  1278612 used. 63423108 avail Mem 
--
top - 14:27:53 up 112 days,  6:10,  0 users,  load average: 0.28, 0.30, 0.18
Tasks: 411 total,   1 running, 410 sleeping,   0 stopped,   0 zombie
%Cpu(s):  6.0 us,  0.4 sy,  0.0 ni, 93.6 id,  0.0 wa,  0.0 hi,  0.0 si,  0.0 st
KiB Mem : 65877692 total, 50609276 free,  1297680 used, 13970736 buff/cache
KiB Swap: 33554428 total, 32275816 free,  1278612 used. 63301924 avail Mem 
--
top - 14:27:58 up 112 days,  6:10,  0 users,  load average: 0.26, 0.29, 0.18
Tasks: 411 total,   1 running, 410 sleeping,   0 stopped,   0 zombie
%Cpu(s):  0.0 us,  0.0 sy,  0.0 ni, 99.9 id,  0.0 wa,  0.0 hi,  0.0 si,  0.0 st
KiB Mem : 65877692 total, 50611260 free,  1295696 used, 13970736 buff/cache
KiB Swap: 33554428 total, 32275816 free,  1278612 used. 63303912 avail Mem 
--
top - 14:28:03 up 112 days,  6:10,  0 users,  load average: 0.24, 0.29, 0.18
Tasks: 413 total,   3 running, 410 sleeping,   0 stopped,   0 zombie
%Cpu(s):  4.9 us,  0.6 sy,  0.0 ni, 94.1 id,  0.3 wa,  0.0 hi,  0.0 si,  0.0 st
KiB Mem : 65877692 total, 49530696 free,  2376260 used, 13970736 buff/cache
KiB Swap: 33554428 total, 32275816 free,  1278612 used. 62223408 avail Mem 
--
top - 14:28:08 up 112 days,  6:10,  0 users,  load average: 0.22, 0.28, 0.17
Tasks: 413 total,   1 running, 412 sleeping,   0 stopped,   0 zombie
%Cpu(s):  2.1 us,  0.2 sy,  0.0 ni, 97.7 id,  0.0 wa,  0.0 hi,  0.0 si,  0.0 st
KiB Mem : 65877692 total, 50194044 free,  1712912 used, 13970736 buff/cache
KiB Swap: 33554428 total, 32275816 free,  1278612 used. 62886756 avail Mem 
--
top - 14:28:14 up 112 days,  6:10,  0 users,  load average: 0.20, 0.28, 0.17
Tasks: 413 total,   2 running, 411 sleeping,   0 stopped,   0 zombie
%Cpu(s):  6.0 us,  0.3 sy,  0.0 ni, 93.7 id,  0.0 wa,  0.0 hi,  0.0 si,  0.0 st
KiB Mem : 65877692 total, 50076932 free,  1830024 used, 13970736 buff/cache
KiB Swap: 33554428 total, 32275816 free,  1278612 used. 62769644 avail Mem 
