10.149.0.64
2023/12/27 14:41:19 Master node address: http://10.149.0.54:8000
2023/12/27 14:41:19 Benchmarking worker...
2023/12/27 14:41:21 Worker registered (1844 MCUPS). Waiting for work...
2023/12/27 14:41:58 Got work. Start calculating alignments...
2023/12/27 14:41:58 Calculating 998 queries
2023/12/27 14:42:01 Done calculating alignments.
2023/12/27 14:42:01 Waiting for work...
2023/12/27 14:42:11 Got work. Start calculating alignments...
2023/12/27 14:42:11 Calculating 996 queries
2023/12/27 14:42:15 Done calculating alignments.
2023/12/27 14:42:15 Waiting for work...
2023/12/27 14:42:25 Got work. Start calculating alignments...
2023/12/27 14:42:25 Calculating 998 queries
2023/12/27 14:42:28 Done calculating alignments.
2023/12/27 14:42:28 Waiting for work...
2023/12/27 14:42:38 Got work. Start calculating alignments...
2023/12/27 14:42:38 Calculating 998 queries
2023/12/27 14:42:41 Done calculating alignments.
2023/12/27 14:42:41 Waiting for work...
2023/12/27 14:42:51 Got work. Start calculating alignments...
2023/12/27 14:42:51 Calculating 997 queries
2023/12/27 14:42:55 Done calculating alignments.
2023/12/27 14:42:55 Waiting for work...
slurmstepd: error: *** JOB 4753585 ON node064 CANCELLED AT 2023-12-27T14:42:56 ***
