Job id: 4753635
Worker ip: 10.149.0.59
Master ip: 10.149.0.55
--
top - 14:49:57 up 105 days,  6:33,  0 users,  load average: 0.06, 0.72, 0.81
Tasks: 398 total,   1 running, 397 sleeping,   0 stopped,   0 zombie
%Cpu(s):  0.2 us,  0.4 sy,  0.0 ni, 99.5 id,  0.0 wa,  0.0 hi,  0.0 si,  0.0 st
KiB Mem : 65877692 total, 48949592 free,  1183224 used, 15744876 buff/cache
KiB Swap: 33554428 total, 32369816 free,  1184612 used. 63472500 avail Mem 
--
top - 14:50:02 up 105 days,  6:33,  0 users,  load average: 0.05, 0.71, 0.80
Tasks: 402 total,   1 running, 401 sleeping,   0 stopped,   0 zombie
%Cpu(s):  2.1 us,  0.8 sy,  0.0 ni, 96.7 id,  0.4 wa,  0.0 hi,  0.0 si,  0.0 st
KiB Mem : 65877692 total, 48911004 free,  1215192 used, 15751496 buff/cache
KiB Swap: 33554428 total, 32369816 free,  1184612 used. 63440492 avail Mem 
--
top - 14:50:07 up 105 days,  6:34,  0 users,  load average: 0.05, 0.69, 0.80
Tasks: 402 total,   1 running, 401 sleeping,   0 stopped,   0 zombie
%Cpu(s):  0.0 us,  0.0 sy,  0.0 ni,100.0 id,  0.0 wa,  0.0 hi,  0.0 si,  0.0 st
KiB Mem : 65877692 total, 48912652 free,  1213536 used, 15751504 buff/cache
KiB Swap: 33554428 total, 32369816 free,  1184612 used. 63442148 avail Mem 
--
top - 14:50:12 up 105 days,  6:34,  0 users,  load average: 0.04, 0.68, 0.79
Tasks: 402 total,   1 running, 401 sleeping,   0 stopped,   0 zombie
%Cpu(s):  0.0 us,  0.0 sy,  0.0 ni,100.0 id,  0.0 wa,  0.0 hi,  0.0 si,  0.0 st
KiB Mem : 65877692 total, 48913700 free,  1212488 used, 15751504 buff/cache
KiB Swap: 33554428 total, 32369816 free,  1184612 used. 63443196 avail Mem 
--
top - 14:50:17 up 105 days,  6:34,  0 users,  load average: 0.04, 0.67, 0.79
Tasks: 403 total,   1 running, 402 sleeping,   0 stopped,   0 zombie
%Cpu(s):  0.0 us,  0.0 sy,  0.0 ni,100.0 id,  0.0 wa,  0.0 hi,  0.0 si,  0.0 st
KiB Mem : 65877692 total, 48915232 free,  1210956 used, 15751504 buff/cache
KiB Swap: 33554428 total, 32369816 free,  1184612 used. 63444728 avail Mem 
--
top - 14:50:22 up 105 days,  6:34,  0 users,  load average: 0.04, 0.66, 0.78
Tasks: 403 total,   1 running, 402 sleeping,   0 stopped,   0 zombie
%Cpu(s):  0.0 us,  0.0 sy,  0.0 ni,100.0 id,  0.0 wa,  0.0 hi,  0.0 si,  0.0 st
KiB Mem : 65877692 total, 48916124 free,  1210064 used, 15751504 buff/cache
KiB Swap: 33554428 total, 32369816 free,  1184612 used. 63445620 avail Mem 
--
top - 14:50:27 up 105 days,  6:34,  0 users,  load average: 0.03, 0.65, 0.78
Tasks: 403 total,   1 running, 402 sleeping,   0 stopped,   0 zombie
%Cpu(s):  0.0 us,  0.0 sy,  0.0 ni, 99.9 id,  0.0 wa,  0.0 hi,  0.0 si,  0.0 st
KiB Mem : 65877692 total, 48916976 free,  1209212 used, 15751504 buff/cache
KiB Swap: 33554428 total, 32369816 free,  1184612 used. 63446472 avail Mem 
--
top - 14:50:32 up 105 days,  6:34,  0 users,  load average: 0.03, 0.64, 0.77
Tasks: 403 total,   1 running, 402 sleeping,   0 stopped,   0 zombie
%Cpu(s):  0.1 us,  0.0 sy,  0.0 ni, 99.9 id,  0.0 wa,  0.0 hi,  0.0 si,  0.0 st
KiB Mem : 65877692 total, 48898592 free,  1227596 used, 15751504 buff/cache
KiB Swap: 33554428 total, 32369816 free,  1184612 used. 63428088 avail Mem 
--
top - 14:50:37 up 105 days,  6:34,  0 users,  load average: 2.19, 1.08, 0.92
Tasks: 403 total,   2 running, 401 sleeping,   0 stopped,   0 zombie
%Cpu(s): 36.2 us,  0.6 sy,  0.0 ni, 63.1 id,  0.0 wa,  0.0 hi,  0.0 si,  0.0 st
KiB Mem : 65877692 total, 48487060 free,  1639128 used, 15751504 buff/cache
KiB Swap: 33554428 total, 32369816 free,  1184612 used. 63016556 avail Mem 
--
top - 14:50:42 up 105 days,  6:34,  0 users,  load average: 4.42, 1.56, 1.07
Tasks: 403 total,   1 running, 402 sleeping,   0 stopped,   0 zombie
%Cpu(s): 86.2 us,  0.2 sy,  0.0 ni, 13.6 id,  0.0 wa,  0.0 hi,  0.0 si,  0.0 st
KiB Mem : 65877692 total, 48358280 free,  1767908 used, 15751504 buff/cache
KiB Swap: 33554428 total, 32369816 free,  1184612 used. 62887776 avail Mem 
--
top - 14:50:47 up 105 days,  6:34,  0 users,  load average: 4.06, 1.53, 1.07
Tasks: 403 total,   1 running, 402 sleeping,   0 stopped,   0 zombie
%Cpu(s):  0.1 us,  0.1 sy,  0.0 ni, 99.8 id,  0.0 wa,  0.0 hi,  0.0 si,  0.0 st
KiB Mem : 65877692 total, 48402584 free,  1723604 used, 15751504 buff/cache
KiB Swap: 33554428 total, 32369816 free,  1184612 used. 62932080 avail Mem 
--
top - 14:50:52 up 105 days,  6:34,  0 users,  load average: 6.06, 1.99, 1.22
Tasks: 403 total,   2 running, 401 sleeping,   0 stopped,   0 zombie
%Cpu(s): 61.3 us,  0.5 sy,  0.0 ni, 38.2 id,  0.0 wa,  0.0 hi,  0.0 si,  0.0 st
KiB Mem : 65877692 total, 48216120 free,  1910064 used, 15751508 buff/cache
KiB Swap: 33554428 total, 32369816 free,  1184612 used. 62745620 avail Mem 
--
top - 14:50:57 up 105 days,  6:34,  0 users,  load average: 6.22, 2.09, 1.25
Tasks: 403 total,   1 running, 402 sleeping,   0 stopped,   0 zombie
%Cpu(s): 50.4 us,  0.3 sy,  0.0 ni, 49.3 id,  0.0 wa,  0.0 hi,  0.0 si,  0.0 st
KiB Mem : 65877692 total, 48225500 free,  1900684 used, 15751508 buff/cache
KiB Swap: 33554428 total, 32369816 free,  1184612 used. 62755000 avail Mem 
--
top - 14:51:02 up 105 days,  6:34,  0 users,  load average: 5.72, 2.05, 1.25
Tasks: 399 total,   1 running, 398 sleeping,   0 stopped,   0 zombie
%Cpu(s):  0.2 us,  0.2 sy,  0.0 ni, 99.6 id,  0.0 wa,  0.0 hi,  0.0 si,  0.0 st
KiB Mem : 65877692 total, 48126316 free,  1999868 used, 15751508 buff/cache
KiB Swap: 33554428 total, 32369816 free,  1184612 used. 62655816 avail Mem 
--
top - 14:51:07 up 105 days,  6:35,  0 users,  load average: 7.26, 2.43, 1.37
Tasks: 399 total,   1 running, 398 sleeping,   0 stopped,   0 zombie
%Cpu(s): 93.8 us,  0.8 sy,  0.0 ni,  5.4 id,  0.0 wa,  0.0 hi,  0.0 si,  0.0 st
KiB Mem : 65877692 total, 47969940 free,  2156244 used, 15751508 buff/cache
KiB Swap: 33554428 total, 32369816 free,  1184612 used. 62499440 avail Mem 
--
top - 14:51:12 up 105 days,  6:35,  0 users,  load average: 6.68, 2.39, 1.37
Tasks: 399 total,   1 running, 398 sleeping,   0 stopped,   0 zombie
%Cpu(s): 17.5 us,  0.1 sy,  0.0 ni, 82.3 id,  0.0 wa,  0.0 hi,  0.0 si,  0.0 st
KiB Mem : 65877692 total, 48006740 free,  2119444 used, 15751508 buff/cache
KiB Swap: 33554428 total, 32369816 free,  1184612 used. 62536240 avail Mem 
--
top - 14:51:17 up 105 days,  6:35,  0 users,  load average: 6.15, 2.35, 1.36
Tasks: 399 total,   3 running, 396 sleeping,   0 stopped,   0 zombie
%Cpu(s): 26.8 us,  0.7 sy,  0.0 ni, 72.5 id,  0.0 wa,  0.0 hi,  0.0 si,  0.0 st
KiB Mem : 65877692 total, 47851324 free,  2274860 used, 15751508 buff/cache
KiB Swap: 33554428 total, 32369816 free,  1184612 used. 62380824 avail Mem 
--
top - 14:51:22 up 105 days,  6:35,  0 users,  load average: 8.06, 2.81, 1.51
Tasks: 399 total,   1 running, 398 sleeping,   0 stopped,   0 zombie
%Cpu(s): 87.4 us,  0.4 sy,  0.0 ni, 12.1 id,  0.0 wa,  0.0 hi,  0.0 si,  0.0 st
KiB Mem : 65877692 total, 47686520 free,  2439664 used, 15751508 buff/cache
KiB Swap: 33554428 total, 32369816 free,  1184612 used. 62216020 avail Mem 
--
top - 14:51:27 up 105 days,  6:35,  0 users,  load average: 7.41, 2.76, 1.50
Tasks: 399 total,   1 running, 398 sleeping,   0 stopped,   0 zombie
%Cpu(s):  0.8 us,  0.1 sy,  0.0 ni, 99.0 id,  0.0 wa,  0.0 hi,  0.0 si,  0.0 st
KiB Mem : 65877692 total, 47747568 free,  2378616 used, 15751508 buff/cache
KiB Swap: 33554428 total, 32369816 free,  1184612 used. 62277068 avail Mem 
--
top - 14:51:32 up 105 days,  6:35,  0 users,  load average: 8.74, 3.12, 1.62
Tasks: 399 total,   2 running, 397 sleeping,   0 stopped,   0 zombie
%Cpu(s): 46.8 us,  0.6 sy,  0.0 ni, 52.5 id,  0.0 wa,  0.0 hi,  0.0 si,  0.0 st
KiB Mem : 65877692 total, 47584272 free,  2541912 used, 15751508 buff/cache
KiB Swap: 33554428 total, 32369816 free,  1184612 used. 62113772 avail Mem 
--
top - 14:51:37 up 105 days,  6:35,  0 users,  load average: 9.96, 3.46, 1.74
Tasks: 399 total,   1 running, 398 sleeping,   0 stopped,   0 zombie
%Cpu(s): 69.5 us,  0.2 sy,  0.0 ni, 30.3 id,  0.0 wa,  0.0 hi,  0.0 si,  0.0 st
KiB Mem : 65877692 total, 47443504 free,  2682680 used, 15751508 buff/cache
KiB Swap: 33554428 total, 32369816 free,  1184612 used. 61973004 avail Mem 
