Job id: 4753603
Worker ip: 10.149.0.35
Master ip: 10.149.0.56
--
top - 14:42:59 up 105 days,  6:27,  0 users,  load average: 0.28, 0.20, 0.14
Tasks: 399 total,   1 running, 398 sleeping,   0 stopped,   0 zombie
%Cpu(s):  0.4 us,  0.7 sy,  0.0 ni, 98.7 id,  0.0 wa,  0.0 hi,  0.2 si,  0.0 st
KiB Mem : 65877712 total, 52353812 free,  1046592 used, 12477308 buff/cache
KiB Swap: 33554428 total, 32448476 free,  1105952 used. 63591548 avail Mem 
--
top - 14:43:04 up 105 days,  6:28,  0 users,  load average: 0.50, 0.25, 0.16
Tasks: 409 total,   1 running, 408 sleeping,   0 stopped,   0 zombie
%Cpu(s):  1.8 us,  0.6 sy,  0.0 ni, 97.3 id,  0.3 wa,  0.0 hi,  0.0 si,  0.0 st
KiB Mem : 65877712 total, 52324448 free,  1069424 used, 12483840 buff/cache
KiB Swap: 33554428 total, 32448476 free,  1105952 used. 63569384 avail Mem 
--
top - 14:43:09 up 105 days,  6:28,  0 users,  load average: 0.46, 0.25, 0.16
Tasks: 409 total,   1 running, 408 sleeping,   0 stopped,   0 zombie
%Cpu(s):  0.0 us,  0.0 sy,  0.0 ni,100.0 id,  0.0 wa,  0.0 hi,  0.0 si,  0.0 st
KiB Mem : 65877712 total, 52324592 free,  1069080 used, 12484040 buff/cache
KiB Swap: 33554428 total, 32448476 free,  1105952 used. 63568860 avail Mem 
--
top - 14:43:14 up 105 days,  6:28,  0 users,  load average: 0.42, 0.24, 0.16
Tasks: 409 total,   1 running, 408 sleeping,   0 stopped,   0 zombie
%Cpu(s):  0.0 us,  0.0 sy,  0.0 ni,100.0 id,  0.0 wa,  0.0 hi,  0.0 si,  0.0 st
KiB Mem : 65877712 total, 52324940 free,  1068732 used, 12484040 buff/cache
KiB Swap: 33554428 total, 32448476 free,  1105952 used. 63569212 avail Mem 
--
top - 14:43:19 up 105 days,  6:28,  0 users,  load average: 0.39, 0.24, 0.15
Tasks: 410 total,   1 running, 409 sleeping,   0 stopped,   0 zombie
%Cpu(s):  0.0 us,  0.0 sy,  0.0 ni,100.0 id,  0.0 wa,  0.0 hi,  0.0 si,  0.0 st
KiB Mem : 65877712 total, 52324940 free,  1068732 used, 12484040 buff/cache
KiB Swap: 33554428 total, 32448476 free,  1105952 used. 63569212 avail Mem 
--
top - 14:43:24 up 105 days,  6:28,  0 users,  load average: 0.36, 0.24, 0.15
Tasks: 411 total,   1 running, 410 sleeping,   0 stopped,   0 zombie
%Cpu(s):  0.0 us,  0.0 sy,  0.0 ni,100.0 id,  0.0 wa,  0.0 hi,  0.0 si,  0.0 st
KiB Mem : 65877712 total, 52324412 free,  1069260 used, 12484040 buff/cache
KiB Swap: 33554428 total, 32448476 free,  1105952 used. 63568692 avail Mem 
--
top - 14:43:29 up 105 days,  6:28,  0 users,  load average: 0.33, 0.23, 0.15
Tasks: 411 total,   1 running, 410 sleeping,   0 stopped,   0 zombie
%Cpu(s):  0.0 us,  0.0 sy,  0.0 ni,100.0 id,  0.0 wa,  0.0 hi,  0.0 si,  0.0 st
KiB Mem : 65877712 total, 52324776 free,  1068896 used, 12484040 buff/cache
KiB Swap: 33554428 total, 32448476 free,  1105952 used. 63569056 avail Mem 
--
top - 14:43:34 up 105 days,  6:28,  0 users,  load average: 0.30, 0.23, 0.15
Tasks: 411 total,   1 running, 410 sleeping,   0 stopped,   0 zombie
%Cpu(s):  0.0 us,  0.0 sy,  0.0 ni,100.0 id,  0.0 wa,  0.0 hi,  0.0 si,  0.0 st
KiB Mem : 65877712 total, 52319176 free,  1074496 used, 12484040 buff/cache
KiB Swap: 33554428 total, 32448476 free,  1105952 used. 63563456 avail Mem 
--
top - 14:43:39 up 105 days,  6:28,  0 users,  load average: 0.36, 0.24, 0.16
Tasks: 411 total,   1 running, 410 sleeping,   0 stopped,   0 zombie
%Cpu(s):  0.1 us,  0.1 sy,  0.0 ni, 99.9 id,  0.0 wa,  0.0 hi,  0.0 si,  0.0 st
KiB Mem : 65877712 total, 52277632 free,  1116040 used, 12484040 buff/cache
KiB Swap: 33554428 total, 32448476 free,  1105952 used. 63521916 avail Mem 
--
top - 14:43:44 up 105 days,  6:28,  0 users,  load average: 0.33, 0.24, 0.15
Tasks: 411 total,   1 running, 410 sleeping,   0 stopped,   0 zombie
%Cpu(s): 27.5 us,  0.4 sy,  0.0 ni, 72.1 id,  0.0 wa,  0.0 hi,  0.0 si,  0.0 st
KiB Mem : 65877712 total, 51949992 free,  1443680 used, 12484040 buff/cache
KiB Swap: 33554428 total, 32448476 free,  1105952 used. 63194284 avail Mem 
--
top - 14:43:49 up 105 days,  6:28,  0 users,  load average: 0.30, 0.23, 0.15
Tasks: 411 total,   1 running, 410 sleeping,   0 stopped,   0 zombie
%Cpu(s):  0.1 us,  0.0 sy,  0.0 ni, 99.9 id,  0.0 wa,  0.0 hi,  0.0 si,  0.0 st
KiB Mem : 65877712 total, 51991944 free,  1401728 used, 12484040 buff/cache
KiB Swap: 33554428 total, 32448476 free,  1105952 used. 63236236 avail Mem 
--
top - 14:43:54 up 105 days,  6:28,  0 users,  load average: 0.28, 0.23, 0.15
Tasks: 411 total,   2 running, 409 sleeping,   0 stopped,   0 zombie
%Cpu(s):  5.5 us,  0.2 sy,  0.0 ni, 94.3 id,  0.0 wa,  0.0 hi,  0.0 si,  0.0 st
KiB Mem : 65877712 total, 51919796 free,  1473872 used, 12484044 buff/cache
KiB Swap: 33554428 total, 32448476 free,  1105952 used. 63164168 avail Mem 
--
top - 14:43:59 up 105 days,  6:28,  0 users,  load average: 2.58, 0.71, 0.31
Tasks: 408 total,   1 running, 407 sleeping,   0 stopped,   0 zombie
%Cpu(s): 19.6 us,  0.2 sy,  0.0 ni, 80.2 id,  0.0 wa,  0.0 hi,  0.0 si,  0.0 st
KiB Mem : 65877712 total, 51938928 free,  1454740 used, 12484044 buff/cache
KiB Swap: 33554428 total, 32448476 free,  1105952 used. 63183300 avail Mem 
--
top - 14:44:04 up 105 days,  6:29,  0 users,  load average: 2.37, 0.69, 0.31
Tasks: 408 total,   1 running, 407 sleeping,   0 stopped,   0 zombie
%Cpu(s):  0.5 us,  0.3 sy,  0.0 ni, 98.6 id,  0.6 wa,  0.0 hi,  0.0 si,  0.0 st
KiB Mem : 65877712 total, 51897332 free,  1496336 used, 12484044 buff/cache
KiB Swap: 33554428 total, 32448476 free,  1105952 used. 63141704 avail Mem 
--
top - 14:44:09 up 105 days,  6:29,  0 users,  load average: 2.18, 0.68, 0.30
Tasks: 408 total,   1 running, 407 sleeping,   0 stopped,   0 zombie
%Cpu(s): 23.9 us,  0.2 sy,  0.0 ni, 75.9 id,  0.0 wa,  0.0 hi,  0.0 si,  0.0 st
KiB Mem : 65877712 total, 51826260 free,  1567408 used, 12484044 buff/cache
KiB Swap: 33554428 total, 32448476 free,  1105952 used. 63070632 avail Mem 
--
top - 14:44:14 up 105 days,  6:29,  0 users,  load average: 2.17, 0.70, 0.31
Tasks: 408 total,   1 running, 407 sleeping,   0 stopped,   0 zombie
%Cpu(s):  1.1 us,  0.0 sy,  0.0 ni, 98.8 id,  0.0 wa,  0.0 hi,  0.0 si,  0.0 st
KiB Mem : 65877712 total, 51876792 free,  1516876 used, 12484044 buff/cache
KiB Swap: 33554428 total, 32448476 free,  1105952 used. 63121164 avail Mem 
--
top - 14:44:19 up 105 days,  6:29,  0 users,  load average: 2.07, 0.71, 0.32
Tasks: 408 total,   2 running, 406 sleeping,   0 stopped,   0 zombie
%Cpu(s):  0.1 us,  0.1 sy,  0.0 ni, 99.9 id,  0.0 wa,  0.0 hi,  0.0 si,  0.0 st
KiB Mem : 65877712 total, 51836100 free,  1557568 used, 12484044 buff/cache
KiB Swap: 33554428 total, 32448476 free,  1105952 used. 63080472 avail Mem 
--
top - 14:44:24 up 105 days,  6:29,  0 users,  load average: 1.91, 0.70, 0.32
Tasks: 408 total,   1 running, 407 sleeping,   0 stopped,   0 zombie
%Cpu(s): 28.8 us,  0.4 sy,  0.0 ni, 70.8 id,  0.0 wa,  0.0 hi,  0.0 si,  0.0 st
KiB Mem : 65877712 total, 51761368 free,  1632300 used, 12484044 buff/cache
KiB Swap: 33554428 total, 32448476 free,  1105952 used. 63005740 avail Mem 
--
top - 14:44:29 up 105 days,  6:29,  0 users,  load average: 1.76, 0.69, 0.31
Tasks: 409 total,   1 running, 408 sleeping,   0 stopped,   0 zombie
%Cpu(s):  0.1 us,  0.0 sy,  0.0 ni, 99.9 id,  0.0 wa,  0.0 hi,  0.0 si,  0.0 st
KiB Mem : 65877712 total, 51809176 free,  1584492 used, 12484044 buff/cache
KiB Swap: 33554428 total, 32448476 free,  1105952 used. 63053548 avail Mem 
--
top - 14:44:34 up 105 days,  6:29,  0 users,  load average: 1.61, 0.67, 0.31
Tasks: 409 total,   1 running, 408 sleeping,   0 stopped,   0 zombie
%Cpu(s):  0.1 us,  0.1 sy,  0.0 ni, 99.9 id,  0.0 wa,  0.0 hi,  0.0 si,  0.0 st
KiB Mem : 65877712 total, 51773124 free,  1620544 used, 12484044 buff/cache
KiB Swap: 33554428 total, 32448476 free,  1105952 used. 63017496 avail Mem 
