Job id: 4753650
Worker ip: 10.149.0.30
Master ip: 10.149.0.56
--
top - 14:51:41 up 105 days,  6:35,  0 users,  load average: 0.01, 0.29, 0.35
Tasks: 397 total,   2 running, 395 sleeping,   0 stopped,   0 zombie
%Cpu(s):  2.2 us,  4.5 sy,  0.0 ni, 92.9 id,  0.0 wa,  0.0 hi,  0.4 si,  0.0 st
KiB Mem : 65877712 total, 58026936 free,  1119432 used,  6731344 buff/cache
KiB Swap: 33554428 total, 32340284 free,  1214144 used. 63590880 avail Mem 
--
top - 14:51:46 up 105 days,  6:35,  0 users,  load average: 0.09, 0.30, 0.35
Tasks: 399 total,   1 running, 398 sleeping,   0 stopped,   0 zombie
%Cpu(s):  1.7 us,  0.4 sy,  0.0 ni, 97.9 id,  0.0 wa,  0.0 hi,  0.0 si,  0.0 st
KiB Mem : 65877712 total, 58006868 free,  1132588 used,  6738256 buff/cache
KiB Swap: 33554428 total, 32340284 free,  1214144 used. 63577752 avail Mem 
--
top - 14:51:51 up 105 days,  6:35,  0 users,  load average: 0.08, 0.29, 0.35
Tasks: 401 total,   1 running, 400 sleeping,   0 stopped,   0 zombie
%Cpu(s):  0.0 us,  0.0 sy,  0.0 ni,100.0 id,  0.0 wa,  0.0 hi,  0.0 si,  0.0 st
KiB Mem : 65877712 total, 58008552 free,  1131140 used,  6738020 buff/cache
KiB Swap: 33554428 total, 32340284 free,  1214144 used. 63579096 avail Mem 
--
top - 14:51:56 up 105 days,  6:35,  0 users,  load average: 0.07, 0.29, 0.35
Tasks: 401 total,   1 running, 400 sleeping,   0 stopped,   0 zombie
%Cpu(s):  0.0 us,  0.0 sy,  0.0 ni,100.0 id,  0.0 wa,  0.0 hi,  0.0 si,  0.0 st
KiB Mem : 65877712 total, 58009384 free,  1130308 used,  6738020 buff/cache
KiB Swap: 33554428 total, 32340284 free,  1214144 used. 63579928 avail Mem 
--
top - 14:52:01 up 105 days,  6:35,  0 users,  load average: 0.07, 0.28, 0.35
Tasks: 401 total,   1 running, 400 sleeping,   0 stopped,   0 zombie
%Cpu(s):  0.4 us,  0.2 sy,  0.0 ni, 98.8 id,  0.6 wa,  0.0 hi,  0.0 si,  0.0 st
KiB Mem : 65877712 total, 58002236 free,  1137456 used,  6738020 buff/cache
KiB Swap: 33554428 total, 32340284 free,  1214144 used. 63572780 avail Mem 
--
top - 14:52:06 up 105 days,  6:35,  0 users,  load average: 0.06, 0.28, 0.34
Tasks: 402 total,   1 running, 401 sleeping,   0 stopped,   0 zombie
%Cpu(s):  0.0 us,  0.0 sy,  0.0 ni,100.0 id,  0.0 wa,  0.0 hi,  0.0 si,  0.0 st
KiB Mem : 65877712 total, 58002236 free,  1137456 used,  6738020 buff/cache
KiB Swap: 33554428 total, 32340284 free,  1214144 used. 63572780 avail Mem 
--
top - 14:52:11 up 105 days,  6:35,  0 users,  load average: 0.06, 0.27, 0.34
Tasks: 402 total,   1 running, 401 sleeping,   0 stopped,   0 zombie
%Cpu(s):  0.0 us,  0.0 sy,  0.0 ni, 99.9 id,  0.0 wa,  0.0 hi,  0.0 si,  0.0 st
KiB Mem : 65877712 total, 58001688 free,  1138004 used,  6738020 buff/cache
KiB Swap: 33554428 total, 32340284 free,  1214144 used. 63572232 avail Mem 
--
top - 14:52:16 up 105 days,  6:35,  0 users,  load average: 0.05, 0.27, 0.34
Tasks: 402 total,   1 running, 401 sleeping,   0 stopped,   0 zombie
%Cpu(s):  0.1 us,  0.0 sy,  0.0 ni, 99.9 id,  0.0 wa,  0.0 hi,  0.0 si,  0.0 st
KiB Mem : 65877712 total, 57984080 free,  1155612 used,  6738020 buff/cache
KiB Swap: 33554428 total, 32340284 free,  1214144 used. 63554624 avail Mem 
--
top - 14:52:21 up 105 days,  6:35,  0 users,  load average: 0.05, 0.27, 0.34
Tasks: 402 total,   2 running, 400 sleeping,   0 stopped,   0 zombie
%Cpu(s):  6.9 us,  0.3 sy,  0.0 ni, 92.7 id,  0.0 wa,  0.0 hi,  0.0 si,  0.0 st
KiB Mem : 65877712 total, 57690168 free,  1449524 used,  6738020 buff/cache
KiB Swap: 33554428 total, 32340284 free,  1214144 used. 63260712 avail Mem 
--
top - 14:52:26 up 105 days,  6:35,  0 users,  load average: 2.37, 0.74, 0.49
Tasks: 402 total,   1 running, 401 sleeping,   0 stopped,   0 zombie
%Cpu(s): 45.7 us,  0.2 sy,  0.0 ni, 54.1 id,  0.0 wa,  0.0 hi,  0.0 si,  0.0 st
KiB Mem : 65877712 total, 57641704 free,  1497988 used,  6738020 buff/cache
KiB Swap: 33554428 total, 32340284 free,  1214144 used. 63212232 avail Mem 
--
top - 14:52:31 up 105 days,  6:35,  0 users,  load average: 2.18, 0.73, 0.49
Tasks: 402 total,   1 running, 401 sleeping,   0 stopped,   0 zombie
%Cpu(s):  0.1 us,  0.1 sy,  0.0 ni, 99.8 id,  0.0 wa,  0.0 hi,  0.0 si,  0.0 st
KiB Mem : 65877712 total, 57581840 free,  1557852 used,  6738020 buff/cache
KiB Swap: 33554428 total, 32340284 free,  1214144 used. 63152384 avail Mem 
--
top - 14:52:36 up 105 days,  6:35,  0 users,  load average: 2.00, 0.72, 0.49
Tasks: 402 total,   1 running, 401 sleeping,   0 stopped,   0 zombie
%Cpu(s): 54.7 us,  0.5 sy,  0.0 ni, 44.8 id,  0.0 wa,  0.0 hi,  0.0 si,  0.0 st
KiB Mem : 65877712 total, 57439640 free,  1700048 used,  6738024 buff/cache
KiB Swap: 33554428 total, 32340284 free,  1214144 used. 63010188 avail Mem 
--
top - 14:52:41 up 105 days,  6:36,  0 users,  load average: 1.84, 0.71, 0.48
Tasks: 402 total,   1 running, 401 sleeping,   0 stopped,   0 zombie
%Cpu(s):  0.1 us,  0.1 sy,  0.0 ni, 99.9 id,  0.0 wa,  0.0 hi,  0.0 si,  0.0 st
KiB Mem : 65877712 total, 57501892 free,  1637796 used,  6738024 buff/cache
KiB Swap: 33554428 total, 32340284 free,  1214144 used. 63072440 avail Mem 
--
top - 14:52:46 up 105 days,  6:36,  0 users,  load average: 1.70, 0.70, 0.48
Tasks: 402 total,   2 running, 400 sleeping,   0 stopped,   0 zombie
%Cpu(s):  5.8 us,  0.4 sy,  0.0 ni, 93.9 id,  0.0 wa,  0.0 hi,  0.0 si,  0.0 st
KiB Mem : 65877712 total, 57418456 free,  1721232 used,  6738024 buff/cache
KiB Swap: 33554428 total, 32340284 free,  1214144 used. 62989004 avail Mem 
--
top - 14:52:51 up 105 days,  6:36,  0 users,  load average: 3.80, 1.15, 0.63
Tasks: 402 total,   1 running, 401 sleeping,   0 stopped,   0 zombie
%Cpu(s): 45.1 us,  0.2 sy,  0.0 ni, 54.6 id,  0.0 wa,  0.0 hi,  0.0 si,  0.0 st
KiB Mem : 65877712 total, 57404896 free,  1734792 used,  6738024 buff/cache
KiB Swap: 33554428 total, 32340284 free,  1214144 used. 62975444 avail Mem 
--
top - 14:52:56 up 105 days,  6:36,  0 users,  load average: 3.50, 1.13, 0.63
Tasks: 402 total,   1 running, 401 sleeping,   0 stopped,   0 zombie
%Cpu(s):  0.1 us,  0.1 sy,  0.0 ni, 99.8 id,  0.0 wa,  0.0 hi,  0.0 si,  0.0 st
KiB Mem : 65877712 total, 57357836 free,  1781852 used,  6738024 buff/cache
KiB Swap: 33554428 total, 32340284 free,  1214144 used. 62928384 avail Mem 
--
top - 14:53:01 up 105 days,  6:36,  0 users,  load average: 3.22, 1.11, 0.62
Tasks: 403 total,   2 running, 401 sleeping,   0 stopped,   0 zombie
%Cpu(s): 34.7 us,  0.5 sy,  0.0 ni, 64.7 id,  0.0 wa,  0.0 hi,  0.0 si,  0.0 st
KiB Mem : 65877712 total, 57241820 free,  1897868 used,  6738024 buff/cache
KiB Swap: 33554428 total, 32340284 free,  1214144 used. 62812368 avail Mem 
--
top - 14:53:06 up 105 days,  6:36,  0 users,  load average: 4.00, 1.31, 0.69
Tasks: 403 total,   1 running, 402 sleeping,   0 stopped,   0 zombie
%Cpu(s): 20.3 us,  0.2 sy,  0.0 ni, 79.4 id,  0.0 wa,  0.0 hi,  0.0 si,  0.0 st
KiB Mem : 65877712 total, 57289256 free,  1850432 used,  6738024 buff/cache
KiB Swap: 33554428 total, 32340284 free,  1214144 used. 62859804 avail Mem 
--
top - 14:53:11 up 105 days,  6:36,  0 users,  load average: 3.68, 1.29, 0.69
Tasks: 403 total,   1 running, 402 sleeping,   0 stopped,   0 zombie
%Cpu(s):  0.2 us,  0.1 sy,  0.0 ni, 99.7 id,  0.0 wa,  0.0 hi,  0.0 si,  0.0 st
KiB Mem : 65877712 total, 57220184 free,  1919504 used,  6738024 buff/cache
KiB Swap: 33554428 total, 32340284 free,  1214144 used. 62790732 avail Mem 
--
top - 14:53:16 up 105 days,  6:36,  0 users,  load average: 3.39, 1.27, 0.68
Tasks: 403 total,   1 running, 402 sleeping,   0 stopped,   0 zombie
%Cpu(s): 53.5 us,  0.7 sy,  0.0 ni, 45.8 id,  0.0 wa,  0.0 hi,  0.0 si,  0.0 st
KiB Mem : 65877712 total, 57096212 free,  2043476 used,  6738024 buff/cache
KiB Swap: 33554428 total, 32340284 free,  1214144 used. 62666760 avail Mem 
