10.149.0.40
2023/12/27 14:43:00 Master node address: http://10.149.0.56:8000
2023/12/27 14:43:00 Benchmarking worker...
2023/12/27 14:43:02 Worker registered (1822 MCUPS). Waiting for work...
2023/12/27 14:43:40 Got work. Start calculating alignments...
2023/12/27 14:43:40 Calculating 497 queries
2023/12/27 14:43:42 Done calculating alignments.
2023/12/27 14:43:42 Waiting for work...
2023/12/27 14:43:53 Got work. Start calculating alignments...
2023/12/27 14:43:53 Calculating 497 queries
2023/12/27 14:43:55 Done calculating alignments.
2023/12/27 14:43:55 Waiting for work...
2023/12/27 14:44:07 Got work. Start calculating alignments...
2023/12/27 14:44:07 Calculating 497 queries
2023/12/27 14:44:10 Done calculating alignments.
2023/12/27 14:44:10 Waiting for work...
2023/12/27 14:44:21 Got work. Start calculating alignments...
2023/12/27 14:44:21 Calculating 497 queries
2023/12/27 14:44:24 Done calculating alignments.
2023/12/27 14:44:24 Waiting for work...
2023/12/27 14:44:36 Got work. Start calculating alignments...
2023/12/27 14:44:36 Calculating 497 queries
2023/12/27 14:44:39 Done calculating alignments.
2023/12/27 14:44:39 Waiting for work...
slurmstepd: error: *** JOB 4753608 ON node040 CANCELLED AT 2023-12-27T14:44:39 ***
