Job id: 4753589
Worker ip: 10.149.0.31
Master ip: 10.149.0.54
--
top - 14:41:19 up 105 days,  6:24,  0 users,  load average: 0.00, 0.11, 0.16
Tasks: 398 total,   1 running, 397 sleeping,   0 stopped,   0 zombie
%Cpu(s):  1.5 us,  3.6 sy,  0.0 ni, 92.9 id,  1.7 wa,  0.0 hi,  0.4 si,  0.0 st
KiB Mem : 65877712 total, 56792128 free,  1106852 used,  7978732 buff/cache
KiB Swap: 33554428 total, 32348760 free,  1205668 used. 63604952 avail Mem 
--
top - 14:41:24 up 105 days,  6:24,  0 users,  load average: 0.00, 0.10, 0.16
Tasks: 407 total,   1 running, 406 sleeping,   0 stopped,   0 zombie
%Cpu(s):  1.7 us,  0.6 sy,  0.0 ni, 97.6 id,  0.1 wa,  0.0 hi,  0.0 si,  0.0 st
KiB Mem : 65877712 total, 56771988 free,  1120196 used,  7985528 buff/cache
KiB Swap: 33554428 total, 32348760 free,  1205668 used. 63591432 avail Mem 
--
top - 14:41:29 up 105 days,  6:24,  0 users,  load average: 0.00, 0.10, 0.16
Tasks: 408 total,   1 running, 407 sleeping,   0 stopped,   0 zombie
%Cpu(s):  0.0 us,  0.0 sy,  0.0 ni, 99.9 id,  0.0 wa,  0.0 hi,  0.0 si,  0.0 st
KiB Mem : 65877712 total, 56773692 free,  1118492 used,  7985528 buff/cache
KiB Swap: 33554428 total, 32348760 free,  1205668 used. 63593136 avail Mem 
--
top - 14:41:34 up 105 days,  6:24,  0 users,  load average: 0.00, 0.10, 0.16
Tasks: 409 total,   1 running, 408 sleeping,   0 stopped,   0 zombie
%Cpu(s):  0.0 us,  0.0 sy,  0.0 ni,100.0 id,  0.0 wa,  0.0 hi,  0.0 si,  0.0 st
KiB Mem : 65877712 total, 56774692 free,  1117492 used,  7985528 buff/cache
KiB Swap: 33554428 total, 32348760 free,  1205668 used. 63594136 avail Mem 
--
top - 14:41:39 up 105 days,  6:25,  0 users,  load average: 0.00, 0.10, 0.16
Tasks: 409 total,   1 running, 408 sleeping,   0 stopped,   0 zombie
%Cpu(s):  0.0 us,  0.0 sy,  0.0 ni,100.0 id,  0.0 wa,  0.0 hi,  0.0 si,  0.0 st
KiB Mem : 65877712 total, 56775856 free,  1116328 used,  7985528 buff/cache
KiB Swap: 33554428 total, 32348760 free,  1205668 used. 63595300 avail Mem 
--
top - 14:41:44 up 105 days,  6:25,  0 users,  load average: 0.00, 0.10, 0.16
Tasks: 409 total,   1 running, 408 sleeping,   0 stopped,   0 zombie
%Cpu(s):  0.0 us,  0.0 sy,  0.0 ni,100.0 id,  0.0 wa,  0.0 hi,  0.0 si,  0.0 st
KiB Mem : 65877712 total, 56776476 free,  1115708 used,  7985528 buff/cache
KiB Swap: 33554428 total, 32348760 free,  1205668 used. 63595920 avail Mem 
--
top - 14:41:49 up 105 days,  6:25,  0 users,  load average: 0.00, 0.10, 0.15
Tasks: 409 total,   1 running, 408 sleeping,   0 stopped,   0 zombie
%Cpu(s):  0.0 us,  0.0 sy,  0.0 ni,100.0 id,  0.0 wa,  0.0 hi,  0.0 si,  0.0 st
KiB Mem : 65877712 total, 56777204 free,  1114980 used,  7985528 buff/cache
KiB Swap: 33554428 total, 32348760 free,  1205668 used. 63596648 avail Mem 
--
top - 14:41:54 up 105 days,  6:25,  0 users,  load average: 0.00, 0.10, 0.15
Tasks: 409 total,   1 running, 408 sleeping,   0 stopped,   0 zombie
%Cpu(s):  0.0 us,  0.0 sy,  0.0 ni, 99.9 id,  0.0 wa,  0.0 hi,  0.0 si,  0.0 st
KiB Mem : 65877712 total, 56771648 free,  1120536 used,  7985528 buff/cache
KiB Swap: 33554428 total, 32348760 free,  1205668 used. 63591092 avail Mem 
--
top - 14:41:59 up 105 days,  6:25,  0 users,  load average: 0.00, 0.09, 0.15
Tasks: 409 total,   1 running, 408 sleeping,   0 stopped,   0 zombie
%Cpu(s):  1.8 us,  0.3 sy,  0.0 ni, 97.9 id,  0.0 wa,  0.0 hi,  0.0 si,  0.0 st
KiB Mem : 65877712 total, 56494592 free,  1397592 used,  7985528 buff/cache
KiB Swap: 33554428 total, 32348760 free,  1205668 used. 63314044 avail Mem 
--
top - 14:42:04 up 105 days,  6:25,  0 users,  load average: 0.00, 0.09, 0.15
Tasks: 413 total,   1 running, 412 sleeping,   0 stopped,   0 zombie
%Cpu(s): 51.4 us,  0.8 sy,  0.0 ni, 47.7 id,  0.0 wa,  0.0 hi,  0.0 si,  0.0 st
KiB Mem : 65877712 total, 56403680 free,  1488728 used,  7985304 buff/cache
KiB Swap: 33554428 total, 32348760 free,  1205668 used. 63223096 avail Mem 
--
top - 14:42:09 up 105 days,  6:25,  0 users,  load average: 0.00, 0.09, 0.15
Tasks: 413 total,   1 running, 412 sleeping,   0 stopped,   0 zombie
%Cpu(s):  0.1 us,  0.1 sy,  0.0 ni, 99.8 id,  0.0 wa,  0.0 hi,  0.0 si,  0.0 st
KiB Mem : 65877712 total, 56357572 free,  1534836 used,  7985304 buff/cache
KiB Swap: 33554428 total, 32348760 free,  1205668 used. 63176988 avail Mem 
--
top - 14:42:14 up 105 days,  6:25,  0 users,  load average: 2.49, 0.60, 0.32
Tasks: 413 total,   2 running, 411 sleeping,   0 stopped,   0 zombie
%Cpu(s): 39.0 us,  0.6 sy,  0.0 ni, 60.4 id,  0.0 wa,  0.0 hi,  0.0 si,  0.0 st
KiB Mem : 65877712 total, 56234820 free,  1657584 used,  7985308 buff/cache
KiB Swap: 33554428 total, 32348760 free,  1205668 used. 63054240 avail Mem 
--
top - 14:42:19 up 105 days,  6:25,  0 users,  load average: 2.29, 0.59, 0.31
Tasks: 413 total,   1 running, 412 sleeping,   0 stopped,   0 zombie
%Cpu(s): 15.6 us,  0.2 sy,  0.0 ni, 84.2 id,  0.0 wa,  0.0 hi,  0.0 si,  0.0 st
KiB Mem : 65877712 total, 56277076 free,  1615328 used,  7985308 buff/cache
KiB Swap: 33554428 total, 32348760 free,  1205668 used. 63096496 avail Mem 
--
top - 14:42:24 up 105 days,  6:25,  0 users,  load average: 2.10, 0.58, 0.31
Tasks: 413 total,   2 running, 411 sleeping,   0 stopped,   0 zombie
%Cpu(s):  0.1 us,  0.1 sy,  0.0 ni, 99.7 id,  0.0 wa,  0.0 hi,  0.0 si,  0.0 st
KiB Mem : 65877712 total, 56200200 free,  1692204 used,  7985308 buff/cache
KiB Swap: 33554428 total, 32348760 free,  1205668 used. 63019620 avail Mem 
--
top - 14:42:29 up 105 days,  6:25,  0 users,  load average: 3.86, 0.97, 0.44
Tasks: 413 total,   1 running, 412 sleeping,   0 stopped,   0 zombie
%Cpu(s): 54.2 us,  0.4 sy,  0.0 ni, 45.3 id,  0.1 wa,  0.0 hi,  0.0 si,  0.0 st
KiB Mem : 65877712 total, 56167884 free,  1724520 used,  7985308 buff/cache
KiB Swap: 33554428 total, 32348760 free,  1205668 used. 62987304 avail Mem 
--
top - 14:42:34 up 105 days,  6:25,  0 users,  load average: 3.55, 0.96, 0.44
Tasks: 413 total,   1 running, 412 sleeping,   0 stopped,   0 zombie
%Cpu(s):  0.1 us,  0.1 sy,  0.0 ni, 99.8 id,  0.0 wa,  0.0 hi,  0.0 si,  0.0 st
KiB Mem : 65877712 total, 56149752 free,  1742652 used,  7985308 buff/cache
KiB Swap: 33554428 total, 32348760 free,  1205668 used. 62969172 avail Mem 
--
top - 14:42:39 up 105 days,  6:26,  0 users,  load average: 3.26, 0.94, 0.44
Tasks: 413 total,   2 running, 411 sleeping,   0 stopped,   0 zombie
%Cpu(s): 33.5 us,  0.7 sy,  0.0 ni, 65.9 id,  0.0 wa,  0.0 hi,  0.0 si,  0.0 st
KiB Mem : 65877712 total, 56036228 free,  1856176 used,  7985308 buff/cache
KiB Swap: 33554428 total, 32348760 free,  1205668 used. 62855648 avail Mem 
--
top - 14:42:44 up 105 days,  6:26,  0 users,  load average: 3.00, 0.92, 0.43
Tasks: 413 total,   1 running, 412 sleeping,   0 stopped,   0 zombie
%Cpu(s): 18.2 us,  0.1 sy,  0.0 ni, 81.6 id,  0.0 wa,  0.0 hi,  0.0 si,  0.0 st
KiB Mem : 65877712 total, 56072860 free,  1819544 used,  7985308 buff/cache
KiB Swap: 33554428 total, 32348760 free,  1205668 used. 62892280 avail Mem 
--
top - 14:42:49 up 105 days,  6:26,  0 users,  load average: 2.76, 0.91, 0.43
Tasks: 413 total,   1 running, 412 sleeping,   0 stopped,   0 zombie
%Cpu(s):  0.1 us,  0.1 sy,  0.0 ni, 99.8 id,  0.0 wa,  0.0 hi,  0.0 si,  0.0 st
KiB Mem : 65877712 total, 56009528 free,  1882876 used,  7985308 buff/cache
KiB Swap: 33554428 total, 32348760 free,  1205668 used. 62828948 avail Mem 
--
top - 14:42:54 up 105 days,  6:26,  0 users,  load average: 4.94, 1.39, 0.59
Tasks: 414 total,   1 running, 413 sleeping,   0 stopped,   0 zombie
%Cpu(s): 51.4 us,  0.5 sy,  0.0 ni, 48.1 id,  0.0 wa,  0.0 hi,  0.0 si,  0.0 st
KiB Mem : 65877712 total, 55863716 free,  2028688 used,  7985308 buff/cache
KiB Swap: 33554428 total, 32348760 free,  1205668 used. 62683136 avail Mem 
