10.149.0.59
2024/01/02 12:06:14 Master node address: http://10.149.0.68:8000
2024/01/02 12:06:14 Benchmarking worker...
2024/01/02 12:06:15 Worker registered (1879 MCUPS). Waiting for work...
2024/01/02 12:06:32 Got work. Start calculating alignments...
2024/01/02 12:06:32 Calculating 32000 queries
2024/01/02 12:08:29 Done calculating alignments.
2024/01/02 12:08:29 Waiting for work...
2024/01/02 12:08:43 Got work. Start calculating alignments...
2024/01/02 12:08:43 Calculating 32000 queries
2024/01/02 12:10:39 Done calculating alignments.
2024/01/02 12:10:39 Waiting for work...
2024/01/02 12:10:54 Got work. Start calculating alignments...
2024/01/02 12:10:54 Calculating 32000 queries
2024/01/02 12:12:48 Done calculating alignments.
2024/01/02 12:12:48 Waiting for work...
2024/01/02 12:13:02 Got work. Start calculating alignments...
2024/01/02 12:13:02 Calculating 32000 queries
2024/01/02 12:14:56 Done calculating alignments.
2024/01/02 12:14:56 Waiting for work...
2024/01/02 12:15:11 Got work. Start calculating alignments...
2024/01/02 12:15:11 Calculating 32000 queries
2024/01/02 12:17:11 Done calculating alignments.
2024/01/02 12:17:11 Waiting for work...
slurmstepd: error: *** JOB 4754902 ON node059 CANCELLED AT 2024-01-02T12:17:13 ***
