10.149.0.43
2024/01/02 12:33:31 Master node address: http://10.149.0.55:8000
2024/01/02 12:33:31 Benchmarking worker...
2024/01/02 12:33:32 Worker registered (1839 MCUPS). Waiting for work...
2024/01/02 12:34:36 Got work. Start calculating alignments...
2024/01/02 12:34:36 Calculating 2019 queries
2024/01/02 12:34:46 Done calculating alignments.
2024/01/02 12:34:46 Waiting for work...
2024/01/02 12:35:24 Got work. Start calculating alignments...
2024/01/02 12:35:24 Calculating 2019 queries
2024/01/02 12:35:33 Done calculating alignments.
2024/01/02 12:35:33 Waiting for work...
2024/01/02 12:36:12 Got work. Start calculating alignments...
2024/01/02 12:36:12 Calculating 2019 queries
2024/01/02 12:36:22 Done calculating alignments.
2024/01/02 12:36:22 Waiting for work...
2024/01/02 12:37:02 Got work. Start calculating alignments...
2024/01/02 12:37:02 Calculating 2019 queries
2024/01/02 12:37:10 Done calculating alignments.
2024/01/02 12:37:10 Waiting for work...
2024/01/02 12:37:48 Got work. Start calculating alignments...
2024/01/02 12:37:48 Calculating 2018 queries
2024/01/02 12:37:56 Done calculating alignments.
2024/01/02 12:37:56 Waiting for work...
slurmstepd: error: *** JOB 4754956 ON node043 CANCELLED AT 2024-01-02T12:38:00 ***
