10.149.0.56
2024/01/02 12:23:41 Master node address: http://10.149.0.68:8000
2024/01/02 12:23:41 Benchmarking worker...
2024/01/02 12:23:42 Worker registered (1829 MCUPS). Waiting for work...
2024/01/02 12:24:30 Got work. Start calculating alignments...
2024/01/02 12:24:30 Calculating 8104 queries
2024/01/02 12:24:57 Done calculating alignments.
2024/01/02 12:24:57 Waiting for work...
2024/01/02 12:25:21 Got work. Start calculating alignments...
2024/01/02 12:25:21 Calculating 8102 queries
2024/01/02 12:25:49 Done calculating alignments.
2024/01/02 12:25:49 Waiting for work...
2024/01/02 12:26:13 Got work. Start calculating alignments...
2024/01/02 12:26:13 Calculating 8103 queries
2024/01/02 12:26:42 Done calculating alignments.
2024/01/02 12:26:42 Waiting for work...
2024/01/02 12:27:11 Got work. Start calculating alignments...
2024/01/02 12:27:11 Calculating 8104 queries
2024/01/02 12:27:38 Done calculating alignments.
2024/01/02 12:27:38 Waiting for work...
2024/01/02 12:28:06 Got work. Start calculating alignments...
2024/01/02 12:28:06 Calculating 8104 queries
2024/01/02 12:28:33 Done calculating alignments.
2024/01/02 12:28:33 Waiting for work...
slurmstepd: error: *** JOB 4754919 ON node056 CANCELLED AT 2024-01-02T12:28:37 ***
