Job id: 4754980
Worker ip: 10.149.0.59
Master ip: 10.149.0.68
--
top - 12:56:24 up 111 days,  4:40,  0 users,  load average: 0.12, 0.30, 2.98
Tasks: 407 total,   1 running, 406 sleeping,   0 stopped,   0 zombie
%Cpu(s):  2.7 us,  5.1 sy,  0.0 ni, 91.6 id,  0.2 wa,  0.0 hi,  0.4 si,  0.0 st
KiB Mem : 65877692 total, 48399520 free,  1192476 used, 16285696 buff/cache
KiB Swap: 33554428 total, 32377040 free,  1177388 used. 63369360 avail Mem 
--
top - 12:56:29 up 111 days,  4:40,  0 users,  load average: 0.11, 0.29, 2.97
Tasks: 410 total,   1 running, 409 sleeping,   0 stopped,   0 zombie
%Cpu(s):  1.6 us,  0.4 sy,  0.0 ni, 98.0 id,  0.0 wa,  0.0 hi,  0.0 si,  0.0 st
KiB Mem : 65877692 total, 48379976 free,  1205304 used, 16292412 buff/cache
KiB Swap: 33554428 total, 32377040 free,  1177388 used. 63356440 avail Mem 
--
top - 12:56:34 up 111 days,  4:40,  0 users,  load average: 0.10, 0.29, 2.95
Tasks: 410 total,   1 running, 409 sleeping,   0 stopped,   0 zombie
%Cpu(s):  0.0 us,  0.0 sy,  0.0 ni,100.0 id,  0.0 wa,  0.0 hi,  0.0 si,  0.0 st
KiB Mem : 65877692 total, 48381144 free,  1204136 used, 16292412 buff/cache
KiB Swap: 33554428 total, 32377040 free,  1177388 used. 63357608 avail Mem 
--
top - 12:56:39 up 111 days,  4:40,  0 users,  load average: 0.09, 0.28, 2.93
Tasks: 410 total,   1 running, 409 sleeping,   0 stopped,   0 zombie
%Cpu(s):  0.0 us,  0.0 sy,  0.0 ni,100.0 id,  0.0 wa,  0.0 hi,  0.0 si,  0.0 st
KiB Mem : 65877692 total, 48381896 free,  1203384 used, 16292412 buff/cache
KiB Swap: 33554428 total, 32377040 free,  1177388 used. 63358360 avail Mem 
--
top - 12:56:44 up 111 days,  4:40,  0 users,  load average: 0.09, 0.28, 2.92
Tasks: 410 total,   1 running, 409 sleeping,   0 stopped,   0 zombie
%Cpu(s):  0.0 us,  0.0 sy,  0.0 ni, 99.9 id,  0.0 wa,  0.0 hi,  0.0 si,  0.0 st
KiB Mem : 65877692 total, 48382428 free,  1202844 used, 16292420 buff/cache
KiB Swap: 33554428 total, 32377040 free,  1177388 used. 63358896 avail Mem 
--
top - 12:56:49 up 111 days,  4:40,  0 users,  load average: 0.08, 0.27, 2.90
Tasks: 410 total,   1 running, 409 sleeping,   0 stopped,   0 zombie
%Cpu(s):  0.0 us,  0.0 sy,  0.0 ni,100.0 id,  0.0 wa,  0.0 hi,  0.0 si,  0.0 st
KiB Mem : 65877692 total, 48382924 free,  1202348 used, 16292420 buff/cache
KiB Swap: 33554428 total, 32377040 free,  1177388 used. 63359392 avail Mem 
--
top - 12:56:55 up 111 days,  4:40,  0 users,  load average: 0.07, 0.27, 2.89
Tasks: 410 total,   1 running, 409 sleeping,   0 stopped,   0 zombie
%Cpu(s):  0.0 us,  0.0 sy,  0.0 ni,100.0 id,  0.0 wa,  0.0 hi,  0.0 si,  0.0 st
KiB Mem : 65877692 total, 48383668 free,  1201604 used, 16292420 buff/cache
KiB Swap: 33554428 total, 32377040 free,  1177388 used. 63360136 avail Mem 
--
top - 12:57:00 up 111 days,  4:40,  0 users,  load average: 0.07, 0.26, 2.87
Tasks: 410 total,   1 running, 409 sleeping,   0 stopped,   0 zombie
%Cpu(s):  0.1 us,  0.0 sy,  0.0 ni, 99.9 id,  0.0 wa,  0.0 hi,  0.0 si,  0.0 st
KiB Mem : 65877692 total, 48362020 free,  1223252 used, 16292420 buff/cache
KiB Swap: 33554428 total, 32377040 free,  1177388 used. 63338488 avail Mem 
--
top - 12:57:05 up 111 days,  4:40,  0 users,  load average: 0.06, 0.26, 2.86
Tasks: 409 total,   1 running, 408 sleeping,   0 stopped,   0 zombie
%Cpu(s):  0.2 us,  0.1 sy,  0.0 ni, 99.6 id,  0.0 wa,  0.0 hi,  0.0 si,  0.0 st
KiB Mem : 65877692 total, 48199076 free,  1386196 used, 16292420 buff/cache
KiB Swap: 33554428 total, 32377040 free,  1177388 used. 63175544 avail Mem 
--
top - 12:57:10 up 111 days,  4:41,  0 users,  load average: 0.06, 0.25, 2.84
Tasks: 409 total,   1 running, 408 sleeping,   0 stopped,   0 zombie
%Cpu(s):  0.2 us,  0.1 sy,  0.0 ni, 99.6 id,  0.0 wa,  0.0 hi,  0.0 si,  0.0 st
KiB Mem : 65877692 total, 48038560 free,  1546712 used, 16292420 buff/cache
KiB Swap: 33554428 total, 32377040 free,  1177388 used. 63015028 avail Mem 
--
top - 12:57:15 up 111 days,  4:41,  0 users,  load average: 2.37, 0.73, 2.98
Tasks: 406 total,   2 running, 404 sleeping,   0 stopped,   0 zombie
%Cpu(s): 56.9 us,  0.6 sy,  0.0 ni, 42.5 id,  0.0 wa,  0.0 hi,  0.0 si,  0.0 st
KiB Mem : 65877692 total, 47630988 free,  1954284 used, 16292420 buff/cache
KiB Swap: 33554428 total, 32377040 free,  1177388 used. 62607456 avail Mem 
--
top - 12:57:20 up 111 days,  4:41,  0 users,  load average: 4.67, 1.23, 3.13
Tasks: 407 total,   2 running, 405 sleeping,   0 stopped,   0 zombie
%Cpu(s): 96.6 us,  0.4 sy,  0.0 ni,  3.1 id,  0.0 wa,  0.0 hi,  0.0 si,  0.0 st
KiB Mem : 65877692 total, 47468788 free,  2116480 used, 16292424 buff/cache
KiB Swap: 33554428 total, 32377040 free,  1177388 used. 62445260 avail Mem 
--
top - 12:57:25 up 111 days,  4:41,  0 users,  load average: 6.70, 1.71, 3.28
Tasks: 407 total,   2 running, 405 sleeping,   0 stopped,   0 zombie
%Cpu(s): 96.6 us,  0.3 sy,  0.0 ni,  3.1 id,  0.0 wa,  0.0 hi,  0.0 si,  0.0 st
KiB Mem : 65877692 total, 47299500 free,  2285768 used, 16292424 buff/cache
KiB Swap: 33554428 total, 32377040 free,  1177388 used. 62275972 avail Mem 
--
top - 12:57:30 up 111 days,  4:41,  0 users,  load average: 8.64, 2.20, 3.43
Tasks: 407 total,   2 running, 405 sleeping,   0 stopped,   0 zombie
%Cpu(s): 96.7 us,  0.3 sy,  0.0 ni,  3.0 id,  0.0 wa,  0.0 hi,  0.0 si,  0.0 st
KiB Mem : 65877692 total, 47135376 free,  2449892 used, 16292424 buff/cache
KiB Swap: 33554428 total, 32377040 free,  1177388 used. 62111352 avail Mem 
--
top - 12:57:35 up 111 days,  4:41,  0 users,  load average: 10.43, 2.68, 3.57
Tasks: 407 total,   2 running, 405 sleeping,   0 stopped,   0 zombie
%Cpu(s): 96.7 us,  0.3 sy,  0.0 ni,  3.1 id,  0.0 wa,  0.0 hi,  0.0 si,  0.0 st
KiB Mem : 65877692 total, 46960388 free,  2624880 used, 16292424 buff/cache
KiB Swap: 33554428 total, 32377040 free,  1177388 used. 61936860 avail Mem 
--
top - 12:57:40 up 111 days,  4:41,  0 users,  load average: 10.64, 2.85, 3.62
Tasks: 407 total,   1 running, 406 sleeping,   0 stopped,   0 zombie
%Cpu(s): 53.6 us,  0.1 sy,  0.0 ni, 46.3 id,  0.0 wa,  0.0 hi,  0.0 si,  0.0 st
KiB Mem : 65877692 total, 46844288 free,  2740980 used, 16292424 buff/cache
KiB Swap: 33554428 total, 32377040 free,  1177388 used. 61820760 avail Mem 
--
top - 12:57:45 up 111 days,  4:41,  0 users,  load average: 9.79, 2.80, 3.60
Tasks: 407 total,   1 running, 406 sleeping,   0 stopped,   0 zombie
%Cpu(s):  0.0 us,  0.1 sy,  0.0 ni, 99.9 id,  0.0 wa,  0.0 hi,  0.0 si,  0.0 st
KiB Mem : 65877692 total, 47253488 free,  2331780 used, 16292424 buff/cache
KiB Swap: 33554428 total, 32377040 free,  1177388 used. 62229960 avail Mem 
--
top - 12:57:50 up 111 days,  4:41,  0 users,  load average: 9.00, 2.75, 3.58
Tasks: 407 total,   1 running, 406 sleeping,   0 stopped,   0 zombie
%Cpu(s):  0.1 us,  0.0 sy,  0.0 ni, 97.9 id,  2.0 wa,  0.0 hi,  0.0 si,  0.0 st
KiB Mem : 65877692 total, 47245804 free,  2339464 used, 16292424 buff/cache
KiB Swap: 33554428 total, 32377040 free,  1177388 used. 62222276 avail Mem 
--
top - 12:57:55 up 111 days,  4:41,  0 users,  load average: 8.84, 2.82, 3.60
Tasks: 407 total,   1 running, 406 sleeping,   0 stopped,   0 zombie
%Cpu(s):  0.2 us,  0.2 sy,  0.0 ni, 90.5 id,  9.0 wa,  0.0 hi,  0.0 si,  0.0 st
KiB Mem : 65877692 total, 47086896 free,  2498372 used, 16292424 buff/cache
KiB Swap: 33554428 total, 32377040 free,  1177388 used. 62063368 avail Mem 
--
top - 12:58:00 up 111 days,  4:41,  0 users,  load average: 8.70, 2.89, 3.62
Tasks: 411 total,   2 running, 409 sleeping,   0 stopped,   0 zombie
%Cpu(s):  0.5 us,  0.4 sy,  0.0 ni, 92.4 id,  6.6 wa,  0.0 hi,  0.0 si,  0.0 st
KiB Mem : 65877692 total, 46902436 free,  2682832 used, 16292424 buff/cache
KiB Swap: 33554428 total, 32377040 free,  1177388 used. 61878908 avail Mem 
--
top - 12:58:05 up 111 days,  4:41,  0 users,  load average: 8.00, 2.85, 3.60
Tasks: 410 total,   1 running, 409 sleeping,   0 stopped,   0 zombie
%Cpu(s):  0.3 us,  0.2 sy,  0.0 ni, 99.3 id,  0.2 wa,  0.0 hi,  0.0 si,  0.0 st
KiB Mem : 65877692 total, 46779276 free,  2805964 used, 16292452 buff/cache
KiB Swap: 33554428 total, 32377040 free,  1177388 used. 61755760 avail Mem 
--
top - 12:58:10 up 111 days,  4:42,  0 users,  load average: 9.20, 3.18, 3.71
Tasks: 408 total,   2 running, 406 sleeping,   0 stopped,   0 zombie
%Cpu(s): 85.2 us,  0.7 sy,  0.0 ni, 14.1 id,  0.0 wa,  0.0 hi,  0.0 si,  0.0 st
KiB Mem : 65877692 total, 46577800 free,  3007440 used, 16292452 buff/cache
KiB Swap: 33554428 total, 32377040 free,  1177388 used. 61554288 avail Mem 
--
top - 12:58:15 up 111 days,  4:42,  0 users,  load average: 10.95, 3.64, 3.85
Tasks: 407 total,   2 running, 405 sleeping,   0 stopped,   0 zombie
%Cpu(s): 96.4 us,  0.5 sy,  0.0 ni,  3.1 id,  0.0 wa,  0.0 hi,  0.0 si,  0.0 st
KiB Mem : 65877692 total, 46412024 free,  3173212 used, 16292456 buff/cache
KiB Swap: 33554428 total, 32377040 free,  1177388 used. 61388516 avail Mem 
--
top - 12:58:20 up 111 days,  4:42,  0 users,  load average: 12.55, 4.10, 4.00
Tasks: 407 total,   2 running, 405 sleeping,   0 stopped,   0 zombie
%Cpu(s): 96.5 us,  0.4 sy,  0.0 ni,  3.1 id,  0.0 wa,  0.0 hi,  0.0 si,  0.0 st
KiB Mem : 65877692 total, 46247348 free,  3337888 used, 16292456 buff/cache
KiB Swap: 33554428 total, 32377040 free,  1177388 used. 61223840 avail Mem 
--
top - 12:58:25 up 111 days,  4:42,  0 users,  load average: 13.95, 4.53, 4.14
Tasks: 407 total,   2 running, 405 sleeping,   0 stopped,   0 zombie
%Cpu(s): 96.5 us,  0.4 sy,  0.0 ni,  3.1 id,  0.0 wa,  0.0 hi,  0.0 si,  0.0 st
KiB Mem : 65877692 total, 46087900 free,  3497336 used, 16292456 buff/cache
KiB Swap: 33554428 total, 32377040 free,  1177388 used. 61064392 avail Mem 
--
top - 12:58:30 up 111 days,  4:42,  0 users,  load average: 15.31, 4.97, 4.28
Tasks: 407 total,   1 running, 406 sleeping,   0 stopped,   0 zombie
%Cpu(s): 96.2 us,  0.5 sy,  0.0 ni,  3.4 id,  0.0 wa,  0.0 hi,  0.0 si,  0.0 st
KiB Mem : 65877692 total, 45938648 free,  3646588 used, 16292456 buff/cache
KiB Swap: 33554428 total, 32377040 free,  1177388 used. 60915140 avail Mem 
--
top - 12:58:35 up 111 days,  4:42,  0 users,  load average: 14.17, 4.90, 4.26
Tasks: 407 total,   1 running, 406 sleeping,   0 stopped,   0 zombie
%Cpu(s): 32.7 us,  0.2 sy,  0.0 ni, 67.1 id,  0.0 wa,  0.0 hi,  0.0 si,  0.0 st
KiB Mem : 65877692 total, 46372600 free,  3212636 used, 16292456 buff/cache
KiB Swap: 33554428 total, 32377040 free,  1177388 used. 61349092 avail Mem 
--
top - 12:58:40 up 111 days,  4:42,  0 users,  load average: 13.03, 4.82, 4.24
Tasks: 407 total,   1 running, 406 sleeping,   0 stopped,   0 zombie
%Cpu(s):  0.0 us,  0.0 sy,  0.0 ni,100.0 id,  0.0 wa,  0.0 hi,  0.0 si,  0.0 st
KiB Mem : 65877692 total, 46374080 free,  3211156 used, 16292456 buff/cache
KiB Swap: 33554428 total, 32377040 free,  1177388 used. 61350572 avail Mem 
--
top - 12:58:45 up 111 days,  4:42,  0 users,  load average: 11.99, 4.74, 4.22
Tasks: 407 total,   1 running, 406 sleeping,   0 stopped,   0 zombie
%Cpu(s):  0.2 us,  0.2 sy,  0.0 ni, 99.6 id,  0.0 wa,  0.0 hi,  0.0 si,  0.0 st
KiB Mem : 65877692 total, 46258224 free,  3327012 used, 16292456 buff/cache
KiB Swap: 33554428 total, 32377040 free,  1177388 used. 61234716 avail Mem 
--
top - 12:58:50 up 111 days,  4:42,  0 users,  load average: 11.03, 4.66, 4.20
Tasks: 407 total,   1 running, 406 sleeping,   0 stopped,   0 zombie
%Cpu(s):  0.2 us,  0.2 sy,  0.0 ni, 99.6 id,  0.0 wa,  0.0 hi,  0.0 si,  0.0 st
KiB Mem : 65877692 total, 46097940 free,  3487296 used, 16292456 buff/cache
KiB Swap: 33554428 total, 32377040 free,  1177388 used. 61074432 avail Mem 
--
top - 12:58:55 up 111 days,  4:42,  0 users,  load average: 10.15, 4.58, 4.17
Tasks: 407 total,   1 running, 406 sleeping,   0 stopped,   0 zombie
%Cpu(s):  0.2 us,  0.2 sy,  0.0 ni, 99.5 id,  0.0 wa,  0.0 hi,  0.0 si,  0.0 st
KiB Mem : 65877692 total, 45931220 free,  3654016 used, 16292456 buff/cache
KiB Swap: 33554428 total, 32377040 free,  1177388 used. 60907712 avail Mem 
--
top - 12:59:00 up 111 days,  4:42,  0 users,  load average: 11.66, 4.99, 4.31
Tasks: 404 total,   1 running, 403 sleeping,   0 stopped,   0 zombie
%Cpu(s): 51.8 us,  0.6 sy,  0.0 ni, 47.6 id,  0.0 wa,  0.0 hi,  0.0 si,  0.0 st
KiB Mem : 65877692 total, 45838800 free,  3746436 used, 16292456 buff/cache
KiB Swap: 33554428 total, 32377040 free,  1177388 used. 60815292 avail Mem 
--
top - 12:59:05 up 111 days,  4:42,  0 users,  load average: 13.20, 5.42, 4.45
Tasks: 403 total,   1 running, 402 sleeping,   0 stopped,   0 zombie
%Cpu(s): 96.0 us,  0.8 sy,  0.0 ni,  3.2 id,  0.0 wa,  0.0 hi,  0.0 si,  0.0 st
KiB Mem : 65877692 total, 45607464 free,  3977772 used, 16292456 buff/cache
KiB Swap: 33554428 total, 32377040 free,  1177388 used. 60583956 avail Mem 
--
top - 12:59:10 up 111 days,  4:43,  0 users,  load average: 14.63, 5.84, 4.59
Tasks: 403 total,   2 running, 401 sleeping,   0 stopped,   0 zombie
%Cpu(s): 96.1 us,  0.8 sy,  0.0 ni,  3.1 id,  0.0 wa,  0.0 hi,  0.0 si,  0.0 st
KiB Mem : 65877692 total, 45500340 free,  4084892 used, 16292460 buff/cache
KiB Swap: 33554428 total, 32377040 free,  1177388 used. 60476836 avail Mem 
--
top - 12:59:15 up 111 days,  4:43,  0 users,  load average: 16.02, 6.28, 4.74
Tasks: 403 total,   2 running, 401 sleeping,   0 stopped,   0 zombie
%Cpu(s): 95.3 us,  0.5 sy,  0.0 ni,  4.2 id,  0.0 wa,  0.0 hi,  0.0 si,  0.0 st
KiB Mem : 65877692 total, 45344840 free,  4240392 used, 16292460 buff/cache
KiB Swap: 33554428 total, 32377040 free,  1177388 used. 60321336 avail Mem 
--
top - 12:59:20 up 111 days,  4:43,  0 users,  load average: 17.14, 6.67, 4.88
Tasks: 403 total,   2 running, 401 sleeping,   0 stopped,   0 zombie
%Cpu(s): 96.6 us,  0.3 sy,  0.0 ni,  3.0 id,  0.0 wa,  0.0 hi,  0.0 si,  0.0 st
KiB Mem : 65877692 total, 45215904 free,  4369328 used, 16292460 buff/cache
KiB Swap: 33554428 total, 32377040 free,  1177388 used. 60192400 avail Mem 
--
top - 12:59:25 up 111 days,  4:43,  0 users,  load average: 18.25, 7.08, 5.02
Tasks: 403 total,   2 running, 401 sleeping,   0 stopped,   0 zombie
%Cpu(s): 87.3 us,  0.5 sy,  0.0 ni, 12.2 id,  0.0 wa,  0.0 hi,  0.0 si,  0.0 st
KiB Mem : 65877692 total, 45038424 free,  4546808 used, 16292460 buff/cache
KiB Swap: 33554428 total, 32377040 free,  1177388 used. 60014920 avail Mem 
--
top - 12:59:30 up 111 days,  4:43,  0 users,  load average: 17.43, 7.09, 5.03
Tasks: 403 total,   1 running, 402 sleeping,   0 stopped,   0 zombie
%Cpu(s): 19.0 us,  0.2 sy,  0.0 ni, 80.8 id,  0.0 wa,  0.0 hi,  0.0 si,  0.0 st
KiB Mem : 65877692 total, 45054548 free,  4530684 used, 16292460 buff/cache
KiB Swap: 33554428 total, 32377040 free,  1177388 used. 60031044 avail Mem 
--
top - 12:59:35 up 111 days,  4:43,  0 users,  load average: 16.03, 6.97, 5.01
Tasks: 403 total,   1 running, 402 sleeping,   0 stopped,   0 zombie
%Cpu(s):  0.0 us,  0.1 sy,  0.0 ni, 99.9 id,  0.0 wa,  0.0 hi,  0.0 si,  0.0 st
KiB Mem : 65877692 total, 45451128 free,  4134104 used, 16292460 buff/cache
KiB Swap: 33554428 total, 32377040 free,  1177388 used. 60427624 avail Mem 
--
top - 12:59:40 up 111 days,  4:43,  0 users,  load average: 14.75, 6.86, 4.98
Tasks: 403 total,   1 running, 402 sleeping,   0 stopped,   0 zombie
%Cpu(s):  0.2 us,  0.2 sy,  0.0 ni, 99.6 id,  0.0 wa,  0.0 hi,  0.0 si,  0.0 st
KiB Mem : 65877692 total, 45348528 free,  4236704 used, 16292460 buff/cache
KiB Swap: 33554428 total, 32377040 free,  1177388 used. 60325024 avail Mem 
--
top - 12:59:45 up 111 days,  4:43,  0 users,  load average: 13.57, 6.74, 4.95
Tasks: 403 total,   1 running, 402 sleeping,   0 stopped,   0 zombie
%Cpu(s):  0.2 us,  0.2 sy,  0.0 ni, 99.6 id,  0.0 wa,  0.0 hi,  0.0 si,  0.0 st
KiB Mem : 65877692 total, 45199896 free,  4385336 used, 16292460 buff/cache
KiB Swap: 33554428 total, 32377040 free,  1177388 used. 60176392 avail Mem 
--
top - 12:59:50 up 111 days,  4:43,  0 users,  load average: 12.48, 6.63, 4.93
Tasks: 403 total,   1 running, 402 sleeping,   0 stopped,   0 zombie
%Cpu(s):  0.3 us,  0.2 sy,  0.0 ni, 99.5 id,  0.0 wa,  0.0 hi,  0.0 si,  0.0 st
KiB Mem : 65877692 total, 45055912 free,  4529320 used, 16292460 buff/cache
KiB Swap: 33554428 total, 32377040 free,  1177388 used. 60032408 avail Mem 
--
top - 12:59:56 up 111 days,  4:43,  0 users,  load average: 11.48, 6.52, 4.90
Tasks: 403 total,   2 running, 401 sleeping,   0 stopped,   0 zombie
%Cpu(s): 34.5 us,  0.5 sy,  0.0 ni, 65.0 id,  0.0 wa,  0.0 hi,  0.0 si,  0.0 st
KiB Mem : 65877692 total, 44916696 free,  4668536 used, 16292460 buff/cache
KiB Swap: 33554428 total, 32377040 free,  1177388 used. 59893192 avail Mem 
--
top - 13:00:01 up 111 days,  4:43,  0 users,  load average: 12.97, 6.91, 5.03
Tasks: 405 total,   3 running, 402 sleeping,   0 stopped,   0 zombie
%Cpu(s): 96.4 us,  0.9 sy,  0.0 ni,  2.7 id,  0.0 wa,  0.0 hi,  0.0 si,  0.0 st
KiB Mem : 65877692 total, 44767564 free,  4817656 used, 16292472 buff/cache
KiB Swap: 33554428 total, 32377040 free,  1177388 used. 59744068 avail Mem 
--
top - 13:00:06 up 111 days,  4:43,  0 users,  load average: 14.41, 7.31, 5.17
Tasks: 407 total,   2 running, 405 sleeping,   0 stopped,   0 zombie
%Cpu(s): 96.4 us,  0.5 sy,  0.0 ni,  3.1 id,  0.0 wa,  0.0 hi,  0.0 si,  0.0 st
KiB Mem : 65877692 total, 44613856 free,  4971352 used, 16292484 buff/cache
KiB Swap: 33554428 total, 32377040 free,  1177388 used. 59590372 avail Mem 
--
top - 13:00:11 up 111 days,  4:44,  0 users,  load average: 15.74, 7.70, 5.31
Tasks: 408 total,   2 running, 406 sleeping,   0 stopped,   0 zombie
%Cpu(s): 96.3 us,  0.6 sy,  0.0 ni,  3.1 id,  0.0 wa,  0.0 hi,  0.0 si,  0.0 st
KiB Mem : 65877692 total, 44457948 free,  5127260 used, 16292484 buff/cache
KiB Swap: 33554428 total, 32377040 free,  1177388 used. 59434464 avail Mem 
--
top - 13:00:16 up 111 days,  4:44,  0 users,  load average: 16.80, 8.06, 5.44
Tasks: 407 total,   2 running, 405 sleeping,   0 stopped,   0 zombie
%Cpu(s): 91.3 us,  0.5 sy,  0.0 ni,  8.2 id,  0.0 wa,  0.0 hi,  0.0 si,  0.0 st
KiB Mem : 65877692 total, 44305948 free,  5279260 used, 16292484 buff/cache
KiB Swap: 33554428 total, 32377040 free,  1177388 used. 59282464 avail Mem 
--
top - 13:00:21 up 111 days,  4:44,  0 users,  load average: 17.30, 8.31, 5.53
Tasks: 407 total,   1 running, 406 sleeping,   0 stopped,   0 zombie
%Cpu(s): 59.8 us,  0.3 sy,  0.0 ni, 39.9 id,  0.0 wa,  0.0 hi,  0.0 si,  0.0 st
KiB Mem : 65877692 total, 44156484 free,  5428724 used, 16292484 buff/cache
KiB Swap: 33554428 total, 32377040 free,  1177388 used. 59133000 avail Mem 
--
top - 13:00:26 up 111 days,  4:44,  0 users,  load average: 15.91, 8.17, 5.50
Tasks: 407 total,   1 running, 406 sleeping,   0 stopped,   0 zombie
%Cpu(s):  3.9 us,  0.1 sy,  0.0 ni, 96.0 id,  0.0 wa,  0.0 hi,  0.0 si,  0.0 st
KiB Mem : 65877692 total, 44618308 free,  4966900 used, 16292484 buff/cache
KiB Swap: 33554428 total, 32377040 free,  1177388 used. 59594824 avail Mem 
--
top - 13:00:31 up 111 days,  4:44,  0 users,  load average: 14.64, 8.03, 5.47
Tasks: 407 total,   1 running, 406 sleeping,   0 stopped,   0 zombie
%Cpu(s):  0.0 us,  0.0 sy,  0.0 ni, 99.9 id,  0.0 wa,  0.0 hi,  0.0 si,  0.0 st
KiB Mem : 65877692 total, 44618188 free,  4967020 used, 16292484 buff/cache
KiB Swap: 33554428 total, 32377040 free,  1177388 used. 59594704 avail Mem 
--
top - 13:00:36 up 111 days,  4:44,  0 users,  load average: 13.47, 7.90, 5.44
Tasks: 407 total,   1 running, 406 sleeping,   0 stopped,   0 zombie
%Cpu(s):  0.2 us,  0.2 sy,  0.0 ni, 99.6 id,  0.0 wa,  0.0 hi,  0.0 si,  0.0 st
KiB Mem : 65877692 total, 44504108 free,  5081100 used, 16292484 buff/cache
KiB Swap: 33554428 total, 32377040 free,  1177388 used. 59480624 avail Mem 
--
top - 13:00:41 up 111 days,  4:44,  0 users,  load average: 12.39, 7.77, 5.42
Tasks: 407 total,   1 running, 406 sleeping,   0 stopped,   0 zombie
%Cpu(s):  0.2 us,  0.2 sy,  0.0 ni, 99.5 id,  0.0 wa,  0.0 hi,  0.0 si,  0.0 st
KiB Mem : 65877692 total, 44364116 free,  5221092 used, 16292484 buff/cache
KiB Swap: 33554428 total, 32377040 free,  1177388 used. 59340632 avail Mem 
--
top - 13:00:46 up 111 days,  4:44,  0 users,  load average: 11.39, 7.64, 5.39
Tasks: 407 total,   1 running, 406 sleeping,   0 stopped,   0 zombie
%Cpu(s):  0.2 us,  0.2 sy,  0.0 ni, 99.5 id,  0.0 wa,  0.0 hi,  0.0 si,  0.0 st
KiB Mem : 65877692 total, 44213532 free,  5371676 used, 16292484 buff/cache
KiB Swap: 33554428 total, 32377040 free,  1177388 used. 59190048 avail Mem 
--
top - 13:00:51 up 111 days,  4:44,  0 users,  load average: 10.48, 7.51, 5.36
Tasks: 407 total,   1 running, 406 sleeping,   0 stopped,   0 zombie
%Cpu(s): 55.2 us,  0.7 sy,  0.0 ni, 44.0 id,  0.0 wa,  0.0 hi,  0.0 si,  0.0 st
KiB Mem : 65877692 total, 44039676 free,  5545532 used, 16292484 buff/cache
KiB Swap: 33554428 total, 32377040 free,  1177388 used. 59016192 avail Mem 
--
top - 13:00:56 up 111 days,  4:44,  0 users,  load average: 11.97, 7.87, 5.48
Tasks: 405 total,   1 running, 404 sleeping,   0 stopped,   0 zombie
%Cpu(s): 96.4 us,  0.5 sy,  0.0 ni,  3.1 id,  0.0 wa,  0.0 hi,  0.0 si,  0.0 st
KiB Mem : 65877692 total, 43905388 free,  5679816 used, 16292488 buff/cache
KiB Swap: 33554428 total, 32377040 free,  1177388 used. 58881908 avail Mem 
--
top - 13:01:01 up 111 days,  4:44,  0 users,  load average: 13.57, 8.27, 5.63
Tasks: 404 total,   2 running, 402 sleeping,   0 stopped,   0 zombie
%Cpu(s): 96.4 us,  0.5 sy,  0.0 ni,  3.0 id,  0.0 wa,  0.0 hi,  0.0 si,  0.0 st
KiB Mem : 65877692 total, 43780116 free,  5805088 used, 16292488 buff/cache
KiB Swap: 33554428 total, 32377040 free,  1177388 used. 58756636 avail Mem 
--
top - 13:01:06 up 111 days,  4:44,  0 users,  load average: 14.97, 8.65, 5.76
Tasks: 402 total,   2 running, 400 sleeping,   0 stopped,   0 zombie
%Cpu(s): 96.1 us,  0.8 sy,  0.0 ni,  3.1 id,  0.0 wa,  0.0 hi,  0.0 si,  0.0 st
KiB Mem : 65877692 total, 43671788 free,  5913408 used, 16292496 buff/cache
KiB Swap: 33554428 total, 32377040 free,  1177388 used. 58648312 avail Mem 
--
top - 13:01:11 up 111 days,  4:45,  0 users,  load average: 16.25, 9.02, 5.90
Tasks: 402 total,   2 running, 400 sleeping,   0 stopped,   0 zombie
%Cpu(s): 91.1 us,  0.4 sy,  0.0 ni,  8.5 id,  0.0 wa,  0.0 hi,  0.0 si,  0.0 st
KiB Mem : 65877692 total, 43567748 free,  6017448 used, 16292496 buff/cache
KiB Swap: 33554428 total, 32377040 free,  1177388 used. 58544272 avail Mem 
--
top - 13:01:16 up 111 days,  4:45,  0 users,  load average: 17.11, 9.32, 6.01
Tasks: 402 total,   2 running, 400 sleeping,   0 stopped,   0 zombie
%Cpu(s): 78.3 us,  0.6 sy,  0.0 ni, 21.1 id,  0.0 wa,  0.0 hi,  0.0 si,  0.0 st
KiB Mem : 65877692 total, 43440008 free,  6145188 used, 16292496 buff/cache
KiB Swap: 33554428 total, 32377040 free,  1177388 used. 58416532 avail Mem 
--
top - 13:01:21 up 111 days,  4:45,  0 users,  load average: 16.54, 9.33, 6.03
Tasks: 402 total,   1 running, 401 sleeping,   0 stopped,   0 zombie
%Cpu(s): 23.4 us,  0.2 sy,  0.0 ni, 76.4 id,  0.0 wa,  0.0 hi,  0.0 si,  0.0 st
KiB Mem : 65877692 total, 43318696 free,  6266500 used, 16292496 buff/cache
KiB Swap: 33554428 total, 32377040 free,  1177388 used. 58295220 avail Mem 
