Job id: 4754933
Worker ip: 10.149.0.30
Master ip: 10.149.0.54
--
top - 12:28:40 up 111 days,  4:12,  0 users,  load average: 0.00, 0.14, 0.20
Tasks: 398 total,   2 running, 396 sleeping,   0 stopped,   0 zombie
%Cpu(s):  3.1 us,  5.2 sy,  0.0 ni, 89.0 id,  2.6 wa,  0.0 hi,  0.2 si,  0.0 st
KiB Mem : 65877712 total, 56386756 free,  1109636 used,  8381320 buff/cache
KiB Swap: 33554428 total, 32344252 free,  1210176 used. 63521500 avail Mem 
--
top - 12:28:45 up 111 days,  4:12,  0 users,  load average: 0.00, 0.14, 0.20
Tasks: 407 total,   1 running, 406 sleeping,   0 stopped,   0 zombie
%Cpu(s):  1.6 us,  0.5 sy,  0.0 ni, 97.7 id,  0.1 wa,  0.0 hi,  0.0 si,  0.0 st
KiB Mem : 65877712 total, 56369460 free,  1118588 used,  8389664 buff/cache
KiB Swap: 33554428 total, 32344252 free,  1210176 used. 63514076 avail Mem 
--
top - 12:28:50 up 111 days,  4:12,  0 users,  load average: 0.00, 0.13, 0.20
Tasks: 407 total,   1 running, 406 sleeping,   0 stopped,   0 zombie
%Cpu(s):  0.0 us,  0.0 sy,  0.0 ni,100.0 id,  0.0 wa,  0.0 hi,  0.0 si,  0.0 st
KiB Mem : 65877712 total, 56369340 free,  1118460 used,  8389912 buff/cache
KiB Swap: 33554428 total, 32344252 free,  1210176 used. 63514120 avail Mem 
--
top - 12:28:55 up 111 days,  4:12,  0 users,  load average: 0.00, 0.13, 0.20
Tasks: 408 total,   2 running, 406 sleeping,   0 stopped,   0 zombie
%Cpu(s):  0.0 us,  0.0 sy,  0.0 ni,100.0 id,  0.0 wa,  0.0 hi,  0.0 si,  0.0 st
KiB Mem : 65877712 total, 56369340 free,  1118460 used,  8389912 buff/cache
KiB Swap: 33554428 total, 32344252 free,  1210176 used. 63514120 avail Mem 
--
top - 12:29:00 up 111 days,  4:12,  0 users,  load average: 0.00, 0.13, 0.20
Tasks: 408 total,   1 running, 407 sleeping,   0 stopped,   0 zombie
%Cpu(s):  0.0 us,  0.0 sy,  0.0 ni,100.0 id,  0.0 wa,  0.0 hi,  0.0 si,  0.0 st
KiB Mem : 65877712 total, 56370796 free,  1118280 used,  8388636 buff/cache
KiB Swap: 33554428 total, 32344252 free,  1210176 used. 63513600 avail Mem 
--
top - 12:29:05 up 111 days,  4:12,  0 users,  load average: 0.00, 0.13, 0.19
Tasks: 408 total,   1 running, 407 sleeping,   0 stopped,   0 zombie
%Cpu(s):  0.0 us,  0.0 sy,  0.0 ni, 99.9 id,  0.0 wa,  0.0 hi,  0.0 si,  0.0 st
KiB Mem : 65877712 total, 56371320 free,  1118388 used,  8388004 buff/cache
KiB Swap: 33554428 total, 32344252 free,  1210176 used. 63512640 avail Mem 
--
top - 12:29:10 up 111 days,  4:12,  0 users,  load average: 0.00, 0.13, 0.19
Tasks: 409 total,   1 running, 408 sleeping,   0 stopped,   0 zombie
%Cpu(s):  0.0 us,  0.0 sy,  0.0 ni,100.0 id,  0.0 wa,  0.0 hi,  0.0 si,  0.0 st
KiB Mem : 65877712 total, 56372052 free,  1117656 used,  8388004 buff/cache
KiB Swap: 33554428 total, 32344252 free,  1210176 used. 63513372 avail Mem 
--
top - 12:29:15 up 111 days,  4:12,  0 users,  load average: 0.00, 0.12, 0.19
Tasks: 409 total,   1 running, 408 sleeping,   0 stopped,   0 zombie
%Cpu(s):  0.0 us,  0.0 sy,  0.0 ni, 99.9 id,  0.0 wa,  0.0 hi,  0.0 si,  0.0 st
KiB Mem : 65877712 total, 56371960 free,  1117748 used,  8388004 buff/cache
KiB Swap: 33554428 total, 32344252 free,  1210176 used. 63513280 avail Mem 
--
top - 12:29:20 up 111 days,  4:12,  0 users,  load average: 0.00, 0.12, 0.19
Tasks: 409 total,   1 running, 408 sleeping,   0 stopped,   0 zombie
%Cpu(s):  0.1 us,  0.0 sy,  0.0 ni, 99.9 id,  0.0 wa,  0.0 hi,  0.0 si,  0.0 st
KiB Mem : 65877712 total, 56346776 free,  1142932 used,  8388004 buff/cache
KiB Swap: 33554428 total, 32344252 free,  1210176 used. 63488096 avail Mem 
--
top - 12:29:25 up 111 days,  4:12,  0 users,  load average: 0.00, 0.12, 0.19
Tasks: 409 total,   1 running, 408 sleeping,   0 stopped,   0 zombie
%Cpu(s):  0.1 us,  0.1 sy,  0.0 ni, 99.8 id,  0.0 wa,  0.0 hi,  0.0 si,  0.0 st
KiB Mem : 65877712 total, 56268700 free,  1221008 used,  8388004 buff/cache
KiB Swap: 33554428 total, 32344252 free,  1210176 used. 63410020 avail Mem 
--
top - 12:29:30 up 111 days,  4:12,  0 users,  load average: 0.00, 0.12, 0.19
Tasks: 409 total,   1 running, 408 sleeping,   0 stopped,   0 zombie
%Cpu(s):  0.1 us,  0.1 sy,  0.0 ni, 99.8 id,  0.0 wa,  0.0 hi,  0.0 si,  0.0 st
KiB Mem : 65877712 total, 56183936 free,  1305772 used,  8388004 buff/cache
KiB Swap: 33554428 total, 32344252 free,  1210176 used. 63325260 avail Mem 
--
top - 12:29:35 up 111 days,  4:12,  0 users,  load average: 0.00, 0.12, 0.19
Tasks: 409 total,   1 running, 408 sleeping,   0 stopped,   0 zombie
%Cpu(s):  0.1 us,  0.1 sy,  0.0 ni, 99.8 id,  0.0 wa,  0.0 hi,  0.0 si,  0.0 st
KiB Mem : 65877712 total, 56129900 free,  1359804 used,  8388008 buff/cache
KiB Swap: 33554428 total, 32344252 free,  1210176 used. 63271224 avail Mem 
--
top - 12:29:40 up 111 days,  4:13,  0 users,  load average: 0.00, 0.11, 0.19
Tasks: 409 total,   1 running, 408 sleeping,   0 stopped,   0 zombie
%Cpu(s):  0.1 us,  0.1 sy,  0.0 ni, 99.8 id,  0.0 wa,  0.0 hi,  0.0 si,  0.0 st
KiB Mem : 65877712 total, 56027948 free,  1461756 used,  8388008 buff/cache
KiB Swap: 33554428 total, 32344252 free,  1210176 used. 63169272 avail Mem 
--
top - 12:29:45 up 111 days,  4:13,  0 users,  load average: 2.49, 0.63, 0.35
Tasks: 409 total,   2 running, 407 sleeping,   0 stopped,   0 zombie
%Cpu(s): 24.9 us,  0.5 sy,  0.0 ni, 74.6 id,  0.0 wa,  0.0 hi,  0.0 si,  0.0 st
KiB Mem : 65877712 total, 55675516 free,  1814188 used,  8388008 buff/cache
KiB Swap: 33554428 total, 32344252 free,  1210176 used. 62816920 avail Mem 
--
top - 12:29:50 up 111 days,  4:13,  0 users,  load average: 4.77, 1.13, 0.52
Tasks: 409 total,   2 running, 407 sleeping,   0 stopped,   0 zombie
%Cpu(s): 96.5 us,  0.4 sy,  0.0 ni,  3.1 id,  0.0 wa,  0.0 hi,  0.0 si,  0.0 st
KiB Mem : 65877712 total, 55499336 free,  1990368 used,  8388008 buff/cache
KiB Swap: 33554428 total, 32344264 free,  1210164 used. 62640748 avail Mem 
--
top - 12:29:55 up 111 days,  4:13,  0 users,  load average: 6.79, 1.61, 0.68
Tasks: 409 total,   1 running, 408 sleeping,   0 stopped,   0 zombie
%Cpu(s): 95.9 us,  0.3 sy,  0.0 ni,  3.8 id,  0.0 wa,  0.0 hi,  0.0 si,  0.0 st
KiB Mem : 65877712 total, 55292368 free,  2197336 used,  8388008 buff/cache
KiB Swap: 33554428 total, 32344264 free,  1210164 used. 62433780 avail Mem 
--
top - 12:30:00 up 111 days,  4:13,  0 users,  load average: 6.25, 1.58, 0.67
Tasks: 412 total,   2 running, 410 sleeping,   0 stopped,   0 zombie
%Cpu(s): 10.5 us,  0.2 sy,  0.0 ni, 88.9 id,  0.4 wa,  0.0 hi,  0.0 si,  0.0 st
KiB Mem : 65877712 total, 55245132 free,  2244572 used,  8388008 buff/cache
KiB Swap: 33554428 total, 32344264 free,  1210164 used. 62386544 avail Mem 
--
top - 12:30:05 up 111 days,  4:13,  0 users,  load average: 5.75, 1.56, 0.67
Tasks: 409 total,   1 running, 408 sleeping,   0 stopped,   0 zombie
%Cpu(s):  0.1 us,  0.1 sy,  0.0 ni, 99.6 id,  0.2 wa,  0.0 hi,  0.0 si,  0.0 st
KiB Mem : 65877712 total, 55633412 free,  1856292 used,  8388008 buff/cache
KiB Swap: 33554428 total, 32344264 free,  1210164 used. 62774824 avail Mem 
--
top - 12:30:10 up 111 days,  4:13,  0 users,  load average: 5.29, 1.53, 0.67
Tasks: 409 total,   1 running, 408 sleeping,   0 stopped,   0 zombie
%Cpu(s):  0.1 us,  0.0 sy,  0.0 ni, 99.9 id,  0.0 wa,  0.0 hi,  0.0 si,  0.0 st
KiB Mem : 65877712 total, 55626672 free,  1863032 used,  8388008 buff/cache
KiB Swap: 33554428 total, 32344264 free,  1210164 used. 62768084 avail Mem 
--
top - 12:30:15 up 111 days,  4:13,  0 users,  load average: 4.86, 1.51, 0.66
Tasks: 409 total,   1 running, 408 sleeping,   0 stopped,   0 zombie
%Cpu(s):  0.1 us,  0.1 sy,  0.0 ni, 99.7 id,  0.0 wa,  0.0 hi,  0.0 si,  0.0 st
KiB Mem : 65877712 total, 55550728 free,  1938976 used,  8388008 buff/cache
KiB Swap: 33554428 total, 32344264 free,  1210164 used. 62692140 avail Mem 
--
top - 12:30:20 up 111 days,  4:13,  0 users,  load average: 4.47, 1.48, 0.66
Tasks: 409 total,   1 running, 408 sleeping,   0 stopped,   0 zombie
%Cpu(s):  0.1 us,  0.1 sy,  0.0 ni, 99.8 id,  0.0 wa,  0.0 hi,  0.0 si,  0.0 st
KiB Mem : 65877712 total, 55470304 free,  2019400 used,  8388008 buff/cache
KiB Swap: 33554428 total, 32344264 free,  1210164 used. 62611716 avail Mem 
--
top - 12:30:25 up 111 days,  4:13,  0 users,  load average: 4.11, 1.46, 0.66
Tasks: 409 total,   1 running, 408 sleeping,   0 stopped,   0 zombie
%Cpu(s):  0.1 us,  0.1 sy,  0.0 ni, 99.8 id,  0.0 wa,  0.0 hi,  0.0 si,  0.0 st
KiB Mem : 65877712 total, 55413488 free,  2076216 used,  8388008 buff/cache
KiB Swap: 33554428 total, 32344264 free,  1210164 used. 62554900 avail Mem 
--
top - 12:30:30 up 111 days,  4:13,  0 users,  load average: 3.79, 1.43, 0.65
Tasks: 409 total,   1 running, 408 sleeping,   0 stopped,   0 zombie
%Cpu(s):  0.1 us,  0.1 sy,  0.0 ni, 99.7 id,  0.0 wa,  0.0 hi,  0.0 si,  0.0 st
KiB Mem : 65877712 total, 55319420 free,  2170272 used,  8388020 buff/cache
KiB Swap: 33554428 total, 32344264 free,  1210164 used. 62460840 avail Mem 
--
top - 12:30:35 up 111 days,  4:13,  0 users,  load average: 3.48, 1.41, 0.65
Tasks: 409 total,   1 running, 408 sleeping,   0 stopped,   0 zombie
%Cpu(s):  0.1 us,  0.1 sy,  0.0 ni, 99.8 id,  0.0 wa,  0.0 hi,  0.0 si,  0.0 st
KiB Mem : 65877712 total, 55226724 free,  2262968 used,  8388020 buff/cache
KiB Swap: 33554428 total, 32344264 free,  1210164 used. 62368148 avail Mem 
--
top - 12:30:40 up 111 days,  4:14,  0 users,  load average: 5.45, 1.85, 0.80
Tasks: 409 total,   2 running, 407 sleeping,   0 stopped,   0 zombie
%Cpu(s): 72.1 us,  0.4 sy,  0.0 ni, 27.6 id,  0.0 wa,  0.0 hi,  0.0 si,  0.0 st
KiB Mem : 65877712 total, 55111112 free,  2378580 used,  8388020 buff/cache
KiB Swap: 33554428 total, 32344264 free,  1210164 used. 62252536 avail Mem 
--
top - 12:30:45 up 111 days,  4:14,  0 users,  load average: 7.49, 2.33, 0.96
Tasks: 409 total,   2 running, 407 sleeping,   0 stopped,   0 zombie
%Cpu(s): 95.8 us,  1.1 sy,  0.0 ni,  3.1 id,  0.0 wa,  0.0 hi,  0.0 si,  0.0 st
KiB Mem : 65877712 total, 54933728 free,  2555964 used,  8388020 buff/cache
KiB Swap: 33554428 total, 32344264 free,  1210164 used. 62075152 avail Mem 
--
top - 12:30:50 up 111 days,  4:14,  0 users,  load average: 7.85, 2.50, 1.02
Tasks: 409 total,   2 running, 407 sleeping,   0 stopped,   0 zombie
%Cpu(s): 53.4 us,  0.4 sy,  0.0 ni, 46.1 id,  0.0 wa,  0.0 hi,  0.0 si,  0.0 st
KiB Mem : 65877712 total, 54786664 free,  2703028 used,  8388020 buff/cache
KiB Swap: 33554428 total, 32344264 free,  1210164 used. 61928080 avail Mem 
--
top - 12:30:55 up 111 days,  4:14,  0 users,  load average: 7.22, 2.45, 1.01
Tasks: 409 total,   1 running, 408 sleeping,   0 stopped,   0 zombie
%Cpu(s):  0.8 us,  0.1 sy,  0.0 ni, 99.1 id,  0.0 wa,  0.0 hi,  0.0 si,  0.0 st
KiB Mem : 65877712 total, 55188664 free,  2301028 used,  8388020 buff/cache
KiB Swap: 33554428 total, 32344264 free,  1210164 used. 62330084 avail Mem 
--
top - 12:31:00 up 111 days,  4:14,  0 users,  load average: 6.64, 2.41, 1.01
Tasks: 409 total,   1 running, 408 sleeping,   0 stopped,   0 zombie
%Cpu(s):  0.0 us,  0.0 sy,  0.0 ni,100.0 id,  0.0 wa,  0.0 hi,  0.0 si,  0.0 st
KiB Mem : 65877712 total, 55190184 free,  2299508 used,  8388020 buff/cache
KiB Swap: 33554428 total, 32344264 free,  1210164 used. 62331604 avail Mem 
--
top - 12:31:05 up 111 days,  4:14,  0 users,  load average: 6.11, 2.37, 1.00
Tasks: 410 total,   1 running, 409 sleeping,   0 stopped,   0 zombie
%Cpu(s):  0.1 us,  0.1 sy,  0.0 ni, 99.8 id,  0.0 wa,  0.0 hi,  0.0 si,  0.0 st
KiB Mem : 65877712 total, 55134068 free,  2355624 used,  8388020 buff/cache
KiB Swap: 33554428 total, 32344264 free,  1210164 used. 62275488 avail Mem 
--
top - 12:31:10 up 111 days,  4:14,  0 users,  load average: 5.62, 2.33, 1.00
Tasks: 410 total,   1 running, 409 sleeping,   0 stopped,   0 zombie
%Cpu(s):  0.1 us,  0.1 sy,  0.0 ni, 99.7 id,  0.0 wa,  0.0 hi,  0.0 si,  0.0 st
KiB Mem : 65877712 total, 55054040 free,  2435652 used,  8388020 buff/cache
KiB Swap: 33554428 total, 32344264 free,  1210164 used. 62195460 avail Mem 
--
top - 12:31:15 up 111 days,  4:14,  0 users,  load average: 5.17, 2.29, 0.99
Tasks: 410 total,   1 running, 409 sleeping,   0 stopped,   0 zombie
%Cpu(s):  0.1 us,  0.1 sy,  0.0 ni, 99.7 id,  0.0 wa,  0.0 hi,  0.0 si,  0.0 st
KiB Mem : 65877712 total, 54976844 free,  2512848 used,  8388020 buff/cache
KiB Swap: 33554428 total, 32344264 free,  1210164 used. 62118264 avail Mem 
--
top - 12:31:21 up 111 days,  4:14,  0 users,  load average: 4.76, 2.26, 0.98
Tasks: 410 total,   1 running, 409 sleeping,   0 stopped,   0 zombie
%Cpu(s):  0.1 us,  0.1 sy,  0.0 ni, 99.7 id,  0.0 wa,  0.0 hi,  0.0 si,  0.0 st
KiB Mem : 65877712 total, 54913712 free,  2575980 used,  8388020 buff/cache
KiB Swap: 33554428 total, 32344264 free,  1210164 used. 62055132 avail Mem 
--
top - 12:31:26 up 111 days,  4:14,  0 users,  load average: 4.38, 2.22, 0.98
Tasks: 410 total,   2 running, 408 sleeping,   0 stopped,   0 zombie
%Cpu(s): 14.9 us,  0.5 sy,  0.0 ni, 84.6 id,  0.0 wa,  0.0 hi,  0.0 si,  0.0 st
KiB Mem : 65877712 total, 54827928 free,  2661760 used,  8388024 buff/cache
KiB Swap: 33554428 total, 32344264 free,  1210164 used. 61969352 avail Mem 
--
top - 12:31:31 up 111 days,  4:14,  0 users,  load average: 6.27, 2.65, 1.12
Tasks: 410 total,   2 running, 408 sleeping,   0 stopped,   0 zombie
%Cpu(s): 96.0 us,  0.9 sy,  0.0 ni,  3.1 id,  0.0 wa,  0.0 hi,  0.0 si,  0.0 st
KiB Mem : 65877712 total, 54654724 free,  2834964 used,  8388024 buff/cache
KiB Swap: 33554428 total, 32344264 free,  1210164 used. 61796152 avail Mem 
--
top - 12:31:36 up 111 days,  4:14,  0 users,  load average: 8.25, 3.12, 1.29
Tasks: 410 total,   2 running, 408 sleeping,   0 stopped,   0 zombie
%Cpu(s): 95.4 us,  0.5 sy,  0.0 ni,  4.1 id,  0.0 wa,  0.0 hi,  0.0 si,  0.0 st
KiB Mem : 65877712 total, 54486236 free,  3003452 used,  8388024 buff/cache
KiB Swap: 33554428 total, 32344264 free,  1210164 used. 61627664 avail Mem 
--
top - 12:31:41 up 111 days,  4:15,  0 users,  load average: 7.59, 3.07, 1.28
Tasks: 410 total,   1 running, 409 sleeping,   0 stopped,   0 zombie
%Cpu(s): 18.2 us,  0.1 sy,  0.0 ni, 81.6 id,  0.0 wa,  0.0 hi,  0.0 si,  0.0 st
KiB Mem : 65877712 total, 54417884 free,  3071804 used,  8388024 buff/cache
KiB Swap: 33554428 total, 32344264 free,  1210164 used. 61559312 avail Mem 
--
top - 12:31:46 up 111 days,  4:15,  0 users,  load average: 6.98, 3.02, 1.27
Tasks: 410 total,   1 running, 409 sleeping,   0 stopped,   0 zombie
%Cpu(s):  0.1 us,  0.1 sy,  0.0 ni, 99.9 id,  0.0 wa,  0.0 hi,  0.0 si,  0.0 st
KiB Mem : 65877712 total, 54757536 free,  2732152 used,  8388024 buff/cache
KiB Swap: 33554428 total, 32344264 free,  1210164 used. 61898964 avail Mem 
--
top - 12:31:51 up 111 days,  4:15,  0 users,  load average: 6.42, 2.97, 1.26
Tasks: 410 total,   1 running, 409 sleeping,   0 stopped,   0 zombie
%Cpu(s):  0.1 us,  0.0 sy,  0.0 ni, 99.9 id,  0.0 wa,  0.0 hi,  0.0 si,  0.0 st
KiB Mem : 65877712 total, 54745188 free,  2744500 used,  8388024 buff/cache
KiB Swap: 33554428 total, 32344264 free,  1210164 used. 61886616 avail Mem 
--
top - 12:31:56 up 111 days,  4:15,  0 users,  load average: 5.91, 2.92, 1.26
Tasks: 410 total,   1 running, 409 sleeping,   0 stopped,   0 zombie
%Cpu(s):  0.1 us,  0.1 sy,  0.0 ni, 99.8 id,  0.0 wa,  0.0 hi,  0.0 si,  0.0 st
KiB Mem : 65877712 total, 54670316 free,  2819372 used,  8388024 buff/cache
KiB Swap: 33554428 total, 32344264 free,  1210164 used. 61811744 avail Mem 
--
top - 12:32:01 up 111 days,  4:15,  0 users,  load average: 5.43, 2.87, 1.25
Tasks: 410 total,   1 running, 409 sleeping,   0 stopped,   0 zombie
%Cpu(s):  0.5 us,  0.3 sy,  0.0 ni, 98.5 id,  0.7 wa,  0.0 hi,  0.0 si,  0.0 st
KiB Mem : 65877712 total, 54574884 free,  2914804 used,  8388024 buff/cache
KiB Swap: 33554428 total, 32344264 free,  1210164 used. 61716312 avail Mem 
--
top - 12:32:06 up 111 days,  4:15,  0 users,  load average: 5.00, 2.82, 1.24
Tasks: 410 total,   1 running, 409 sleeping,   0 stopped,   0 zombie
%Cpu(s):  0.1 us,  0.1 sy,  0.0 ni, 99.8 id,  0.0 wa,  0.0 hi,  0.0 si,  0.0 st
KiB Mem : 65877712 total, 54533056 free,  2956624 used,  8388032 buff/cache
KiB Swap: 33554428 total, 32344264 free,  1210164 used. 61674484 avail Mem 
--
top - 12:32:11 up 111 days,  4:15,  0 users,  load average: 4.60, 2.77, 1.24
Tasks: 410 total,   1 running, 409 sleeping,   0 stopped,   0 zombie
%Cpu(s):  0.1 us,  0.1 sy,  0.0 ni, 99.7 id,  0.0 wa,  0.0 hi,  0.0 si,  0.0 st
KiB Mem : 65877712 total, 54432340 free,  3057348 used,  8388024 buff/cache
KiB Swap: 33554428 total, 32344264 free,  1210164 used. 61573768 avail Mem 
--
top - 12:32:16 up 111 days,  4:15,  0 users,  load average: 4.23, 2.73, 1.23
Tasks: 410 total,   1 running, 409 sleeping,   0 stopped,   0 zombie
%Cpu(s):  0.1 us,  0.1 sy,  0.0 ni, 99.7 id,  0.0 wa,  0.0 hi,  0.0 si,  0.0 st
KiB Mem : 65877712 total, 54343144 free,  3146544 used,  8388024 buff/cache
KiB Swap: 33554428 total, 32344264 free,  1210164 used. 61484572 avail Mem 
--
top - 12:32:21 up 111 days,  4:15,  0 users,  load average: 6.29, 3.18, 1.38
Tasks: 410 total,   2 running, 408 sleeping,   0 stopped,   0 zombie
%Cpu(s): 82.8 us,  0.7 sy,  0.0 ni, 16.4 id,  0.0 wa,  0.0 hi,  0.0 si,  0.0 st
KiB Mem : 65877712 total, 54194488 free,  3295196 used,  8388028 buff/cache
KiB Swap: 33554428 total, 32344264 free,  1210164 used. 61335920 avail Mem 
--
top - 12:32:26 up 111 days,  4:15,  0 users,  load average: 8.27, 3.64, 1.54
Tasks: 410 total,   2 running, 408 sleeping,   0 stopped,   0 zombie
%Cpu(s): 96.7 us,  0.2 sy,  0.0 ni,  3.1 id,  0.0 wa,  0.0 hi,  0.0 si,  0.0 st
KiB Mem : 65877712 total, 54017144 free,  3472540 used,  8388028 buff/cache
KiB Swap: 33554428 total, 32344264 free,  1210164 used. 61158576 avail Mem 
--
top - 12:32:31 up 111 days,  4:15,  0 users,  load average: 7.85, 3.63, 1.55
Tasks: 410 total,   1 running, 409 sleeping,   0 stopped,   0 zombie
%Cpu(s): 50.4 us,  0.2 sy,  0.0 ni, 49.4 id,  0.0 wa,  0.0 hi,  0.0 si,  0.0 st
KiB Mem : 65877712 total, 53915648 free,  3574036 used,  8388028 buff/cache
KiB Swap: 33554428 total, 32344264 free,  1210164 used. 61057080 avail Mem 
--
top - 12:32:36 up 111 days,  4:15,  0 users,  load average: 7.22, 3.57, 1.54
Tasks: 410 total,   2 running, 408 sleeping,   0 stopped,   0 zombie
%Cpu(s):  0.0 us,  0.1 sy,  0.0 ni, 99.9 id,  0.0 wa,  0.0 hi,  0.0 si,  0.0 st
KiB Mem : 65877712 total, 54339464 free,  3150220 used,  8388028 buff/cache
KiB Swap: 33554428 total, 32344264 free,  1210164 used. 61480896 avail Mem 
--
top - 12:32:41 up 111 days,  4:16,  0 users,  load average: 6.64, 3.51, 1.54
Tasks: 410 total,   1 running, 409 sleeping,   0 stopped,   0 zombie
%Cpu(s):  0.0 us,  0.0 sy,  0.0 ni, 99.9 id,  0.0 wa,  0.0 hi,  0.0 si,  0.0 st
KiB Mem : 65877712 total, 54339752 free,  3149932 used,  8388028 buff/cache
KiB Swap: 33554428 total, 32344264 free,  1210164 used. 61481184 avail Mem 
--
top - 12:32:46 up 111 days,  4:16,  0 users,  load average: 6.11, 3.45, 1.53
Tasks: 410 total,   1 running, 409 sleeping,   0 stopped,   0 zombie
%Cpu(s):  0.1 us,  0.1 sy,  0.0 ni, 99.8 id,  0.0 wa,  0.0 hi,  0.0 si,  0.0 st
KiB Mem : 65877712 total, 54285372 free,  3204312 used,  8388028 buff/cache
KiB Swap: 33554428 total, 32344264 free,  1210164 used. 61426804 avail Mem 
--
top - 12:32:51 up 111 days,  4:16,  0 users,  load average: 5.62, 3.40, 1.52
Tasks: 410 total,   1 running, 409 sleeping,   0 stopped,   0 zombie
%Cpu(s):  0.1 us,  0.1 sy,  0.0 ni, 99.7 id,  0.0 wa,  0.0 hi,  0.0 si,  0.0 st
KiB Mem : 65877712 total, 54202480 free,  3287204 used,  8388028 buff/cache
KiB Swap: 33554428 total, 32344264 free,  1210164 used. 61343912 avail Mem 
--
top - 12:32:56 up 111 days,  4:16,  0 users,  load average: 5.17, 3.34, 1.51
Tasks: 410 total,   1 running, 409 sleeping,   0 stopped,   0 zombie
%Cpu(s):  0.1 us,  0.1 sy,  0.0 ni, 99.8 id,  0.0 wa,  0.0 hi,  0.0 si,  0.0 st
KiB Mem : 65877712 total, 54125888 free,  3363796 used,  8388028 buff/cache
KiB Swap: 33554428 total, 32344264 free,  1210164 used. 61267320 avail Mem 
--
top - 12:33:01 up 111 days,  4:16,  0 users,  load average: 4.76, 3.28, 1.50
Tasks: 410 total,   1 running, 409 sleeping,   0 stopped,   0 zombie
%Cpu(s):  0.1 us,  0.1 sy,  0.0 ni, 99.7 id,  0.0 wa,  0.0 hi,  0.0 si,  0.0 st
KiB Mem : 65877712 total, 54068044 free,  3421640 used,  8388028 buff/cache
KiB Swap: 33554428 total, 32344264 free,  1210164 used. 61209476 avail Mem 
--
top - 12:33:06 up 111 days,  4:16,  0 users,  load average: 4.38, 3.23, 1.49
Tasks: 410 total,   1 running, 409 sleeping,   0 stopped,   0 zombie
%Cpu(s):  0.1 us,  0.1 sy,  0.0 ni, 99.7 id,  0.0 wa,  0.0 hi,  0.0 si,  0.0 st
KiB Mem : 65877712 total, 53989500 free,  3500184 used,  8388028 buff/cache
KiB Swap: 33554428 total, 32344264 free,  1210164 used. 61130932 avail Mem 
--
top - 12:33:11 up 111 days,  4:16,  0 users,  load average: 6.51, 3.69, 1.65
Tasks: 408 total,   2 running, 406 sleeping,   0 stopped,   0 zombie
%Cpu(s): 89.7 us,  1.4 sy,  0.0 ni,  8.9 id,  0.0 wa,  0.0 hi,  0.0 si,  0.0 st
KiB Mem : 65877712 total, 53753660 free,  3736020 used,  8388032 buff/cache
KiB Swap: 33554428 total, 32344264 free,  1210164 used. 60895096 avail Mem 
--
top - 12:33:16 up 111 days,  4:16,  0 users,  load average: 8.47, 4.14, 1.81
Tasks: 408 total,   2 running, 406 sleeping,   0 stopped,   0 zombie
%Cpu(s): 95.7 us,  1.2 sy,  0.0 ni,  3.1 id,  0.0 wa,  0.0 hi,  0.0 si,  0.0 st
KiB Mem : 65877712 total, 53644836 free,  3844844 used,  8388032 buff/cache
KiB Swap: 33554428 total, 32344264 free,  1210164 used. 60786272 avail Mem 
--
top - 12:33:21 up 111 days,  4:16,  0 users,  load average: 8.67, 4.26, 1.86
Tasks: 408 total,   1 running, 407 sleeping,   0 stopped,   0 zombie
%Cpu(s): 46.2 us,  0.5 sy,  0.0 ni, 53.3 id,  0.0 wa,  0.0 hi,  0.0 si,  0.0 st
KiB Mem : 65877712 total, 53427536 free,  4062144 used,  8388032 buff/cache
KiB Swap: 33554428 total, 32344264 free,  1210164 used. 60568972 avail Mem 
--
top - 12:33:26 up 111 days,  4:16,  0 users,  load average: 7.98, 4.19, 1.85
Tasks: 408 total,   1 running, 407 sleeping,   0 stopped,   0 zombie
%Cpu(s):  0.0 us,  0.1 sy,  0.0 ni, 99.9 id,  0.0 wa,  0.0 hi,  0.0 si,  0.0 st
KiB Mem : 65877712 total, 53822072 free,  3667608 used,  8388032 buff/cache
KiB Swap: 33554428 total, 32344264 free,  1210164 used. 60963508 avail Mem 
