10.149.0.59
2024/01/02 12:56:25 Master node address: http://10.149.0.68:8000
2024/01/02 12:56:25 Benchmarking worker...
2024/01/02 12:56:27 Worker registered (1791 MCUPS). Waiting for work...
2024/01/02 12:57:12 Got work. Start calculating alignments...
2024/01/02 12:57:12 Calculating 7827 queries
2024/01/02 12:57:40 Done calculating alignments.
2024/01/02 12:57:40 Waiting for work...
2024/01/02 12:58:05 Got work. Start calculating alignments...
2024/01/02 12:58:05 Calculating 7827 queries
2024/01/02 12:58:34 Done calculating alignments.
2024/01/02 12:58:34 Waiting for work...
2024/01/02 12:58:57 Got work. Start calculating alignments...
2024/01/02 12:58:57 Calculating 7827 queries
2024/01/02 12:59:29 Done calculating alignments.
2024/01/02 12:59:29 Waiting for work...
2024/01/02 12:59:54 Got work. Start calculating alignments...
2024/01/02 12:59:54 Calculating 7826 queries
2024/01/02 13:00:23 Done calculating alignments.
2024/01/02 13:00:23 Waiting for work...
2024/01/02 13:00:48 Got work. Start calculating alignments...
2024/01/02 13:00:48 Calculating 7827 queries
2024/01/02 13:01:21 Done calculating alignments.
2024/01/02 13:01:21 Waiting for work...
slurmstepd: error: *** JOB 4754980 ON node059 CANCELLED AT 2024-01-02T13:01:23 ***
