10.149.0.54
2024/01/02 12:17:17 Master node address: http://10.149.0.60:8000
2024/01/02 12:17:17 Benchmarking worker...
2024/01/02 12:17:18 Worker registered (1887 MCUPS). Waiting for work...
2024/01/02 12:17:38 Got work. Start calculating alignments...
2024/01/02 12:17:38 Calculating 16408 queries
2024/01/02 12:18:35 Done calculating alignments.
2024/01/02 12:18:35 Waiting for work...
2024/01/02 12:18:53 Got work. Start calculating alignments...
2024/01/02 12:18:53 Calculating 16408 queries
2024/01/02 12:19:51 Done calculating alignments.
2024/01/02 12:19:51 Waiting for work...
2024/01/02 12:20:09 Got work. Start calculating alignments...
2024/01/02 12:20:09 Calculating 16409 queries
2024/01/02 12:21:08 Done calculating alignments.
2024/01/02 12:21:08 Waiting for work...
2024/01/02 12:21:25 Got work. Start calculating alignments...
2024/01/02 12:21:25 Calculating 16408 queries
2024/01/02 12:22:20 Done calculating alignments.
2024/01/02 12:22:20 Waiting for work...
2024/01/02 12:22:38 Got work. Start calculating alignments...
2024/01/02 12:22:38 Calculating 16408 queries
2024/01/02 12:23:31 Done calculating alignments.
2024/01/02 12:23:31 Waiting for work...
slurmstepd: error: *** JOB 4754910 ON node054 CANCELLED AT 2024-01-02T12:23:37 ***
