Job id: 4754942
Worker ip: 10.149.0.62
Master ip: 10.149.0.55
--
top - 12:33:29 up 111 days,  4:15,  0 users,  load average: 0.11, 3.01, 2.48
Tasks: 398 total,   1 running, 397 sleeping,   0 stopped,   0 zombie
%Cpu(s):  1.3 us,  3.7 sy,  0.0 ni, 95.0 id,  0.0 wa,  0.0 hi,  0.0 si,  0.0 st
KiB Mem : 65877712 total, 52649428 free,  1148416 used, 12079868 buff/cache
KiB Swap: 33554428 total, 32232624 free,  1321804 used. 63447164 avail Mem 
--
top - 12:33:34 up 111 days,  4:15,  0 users,  load average: 0.10, 2.96, 2.47
Tasks: 399 total,   1 running, 398 sleeping,   0 stopped,   0 zombie
%Cpu(s):  1.7 us,  0.5 sy,  0.0 ni, 97.8 id,  0.0 wa,  0.0 hi,  0.0 si,  0.0 st
KiB Mem : 65877712 total, 52631108 free,  1160028 used, 12086576 buff/cache
KiB Swap: 33554428 total, 32232624 free,  1321804 used. 63435464 avail Mem 
--
top - 12:33:39 up 111 days,  4:15,  0 users,  load average: 0.09, 2.91, 2.45
Tasks: 399 total,   1 running, 398 sleeping,   0 stopped,   0 zombie
%Cpu(s):  0.0 us,  0.0 sy,  0.0 ni, 99.9 id,  0.0 wa,  0.0 hi,  0.0 si,  0.0 st
KiB Mem : 65877712 total, 52631952 free,  1159184 used, 12086576 buff/cache
KiB Swap: 33554428 total, 32232624 free,  1321804 used. 63436308 avail Mem 
--
top - 12:33:44 up 111 days,  4:16,  0 users,  load average: 0.09, 2.86, 2.44
Tasks: 399 total,   1 running, 398 sleeping,   0 stopped,   0 zombie
%Cpu(s):  0.0 us,  0.0 sy,  0.0 ni,100.0 id,  0.0 wa,  0.0 hi,  0.0 si,  0.0 st
KiB Mem : 65877712 total, 52632756 free,  1158380 used, 12086576 buff/cache
KiB Swap: 33554428 total, 32232624 free,  1321804 used. 63437112 avail Mem 
--
top - 12:33:49 up 111 days,  4:16,  0 users,  load average: 0.08, 2.81, 2.43
Tasks: 400 total,   1 running, 399 sleeping,   0 stopped,   0 zombie
%Cpu(s):  0.0 us,  0.0 sy,  0.0 ni,100.0 id,  0.0 wa,  0.0 hi,  0.0 si,  0.0 st
KiB Mem : 65877712 total, 52633188 free,  1157948 used, 12086576 buff/cache
KiB Swap: 33554428 total, 32232640 free,  1321788 used. 63437544 avail Mem 
--
top - 12:33:54 up 111 days,  4:16,  0 users,  load average: 0.07, 2.76, 2.41
Tasks: 401 total,   1 running, 400 sleeping,   0 stopped,   0 zombie
%Cpu(s):  0.0 us,  0.0 sy,  0.0 ni,100.0 id,  0.0 wa,  0.0 hi,  0.0 si,  0.0 st
KiB Mem : 65877712 total, 52633552 free,  1157584 used, 12086576 buff/cache
KiB Swap: 33554428 total, 32232640 free,  1321788 used. 63437908 avail Mem 
--
top - 12:33:59 up 111 days,  4:16,  0 users,  load average: 0.07, 2.72, 2.40
Tasks: 401 total,   1 running, 400 sleeping,   0 stopped,   0 zombie
%Cpu(s):  0.0 us,  0.0 sy,  0.0 ni,100.0 id,  0.0 wa,  0.0 hi,  0.0 si,  0.0 st
KiB Mem : 65877712 total, 52633784 free,  1157352 used, 12086576 buff/cache
KiB Swap: 33554428 total, 32232640 free,  1321788 used. 63438140 avail Mem 
--
top - 12:34:04 up 111 days,  4:16,  0 users,  load average: 0.06, 2.67, 2.39
Tasks: 403 total,   1 running, 402 sleeping,   0 stopped,   0 zombie
%Cpu(s):  0.4 us,  0.2 sy,  0.0 ni, 99.0 id,  0.3 wa,  0.0 hi,  0.0 si,  0.0 st
KiB Mem : 65877712 total, 52627632 free,  1163488 used, 12086592 buff/cache
KiB Swap: 33554428 total, 32232640 free,  1321788 used. 63431996 avail Mem 
--
top - 12:34:09 up 111 days,  4:16,  0 users,  load average: 0.06, 2.63, 2.37
Tasks: 403 total,   1 running, 402 sleeping,   0 stopped,   0 zombie
%Cpu(s):  0.1 us,  0.0 sy,  0.0 ni, 99.9 id,  0.1 wa,  0.0 hi,  0.0 si,  0.0 st
KiB Mem : 65877712 total, 52616060 free,  1175060 used, 12086592 buff/cache
KiB Swap: 33554428 total, 32232640 free,  1321788 used. 63420424 avail Mem 
--
top - 12:34:14 up 111 days,  4:16,  0 users,  load average: 0.05, 2.59, 2.36
Tasks: 403 total,   1 running, 402 sleeping,   0 stopped,   0 zombie
%Cpu(s):  0.1 us,  0.1 sy,  0.0 ni, 99.8 id,  0.0 wa,  0.0 hi,  0.0 si,  0.0 st
KiB Mem : 65877712 total, 52576112 free,  1215008 used, 12086592 buff/cache
KiB Swap: 33554428 total, 32232640 free,  1321788 used. 63380476 avail Mem 
--
top - 12:34:19 up 111 days,  4:16,  0 users,  load average: 0.13, 2.56, 2.35
Tasks: 404 total,   1 running, 403 sleeping,   0 stopped,   0 zombie
%Cpu(s):  0.1 us,  0.0 sy,  0.0 ni, 99.9 id,  0.0 wa,  0.0 hi,  0.0 si,  0.0 st
KiB Mem : 65877712 total, 52536844 free,  1254276 used, 12086592 buff/cache
KiB Swap: 33554428 total, 32232640 free,  1321788 used. 63341208 avail Mem 
--
top - 12:34:24 up 111 days,  4:16,  0 users,  load average: 0.12, 2.52, 2.34
Tasks: 404 total,   1 running, 403 sleeping,   0 stopped,   0 zombie
%Cpu(s):  0.1 us,  0.0 sy,  0.0 ni, 99.9 id,  0.0 wa,  0.0 hi,  0.0 si,  0.0 st
KiB Mem : 65877712 total, 52499964 free,  1291152 used, 12086596 buff/cache
KiB Swap: 33554428 total, 32232640 free,  1321788 used. 63304328 avail Mem 
--
top - 12:34:29 up 111 days,  4:16,  0 users,  load average: 0.11, 2.47, 2.33
Tasks: 405 total,   1 running, 404 sleeping,   0 stopped,   0 zombie
%Cpu(s):  0.1 us,  0.0 sy,  0.0 ni, 99.9 id,  0.0 wa,  0.0 hi,  0.0 si,  0.0 st
KiB Mem : 65877712 total, 52469052 free,  1322064 used, 12086596 buff/cache
KiB Swap: 33554428 total, 32232640 free,  1321788 used. 63273416 avail Mem 
--
top - 12:34:34 up 111 days,  4:16,  0 users,  load average: 0.10, 2.43, 2.32
Tasks: 405 total,   1 running, 404 sleeping,   0 stopped,   0 zombie
%Cpu(s):  0.1 us,  0.0 sy,  0.0 ni, 99.9 id,  0.0 wa,  0.0 hi,  0.0 si,  0.0 st
KiB Mem : 65877712 total, 52429616 free,  1361500 used, 12086596 buff/cache
KiB Swap: 33554428 total, 32232640 free,  1321788 used. 63233980 avail Mem 
--
top - 12:34:39 up 111 days,  4:16,  0 users,  load average: 2.66, 2.92, 2.48
Tasks: 405 total,   2 running, 403 sleeping,   0 stopped,   0 zombie
%Cpu(s): 65.3 us,  0.7 sy,  0.0 ni, 34.0 id,  0.0 wa,  0.0 hi,  0.0 si,  0.0 st
KiB Mem : 65877712 total, 51992340 free,  1798776 used, 12086596 buff/cache
KiB Swap: 33554428 total, 32232640 free,  1321788 used. 62796708 avail Mem 
--
top - 12:34:44 up 111 days,  4:17,  0 users,  load average: 4.93, 3.39, 2.63
Tasks: 405 total,   1 running, 404 sleeping,   0 stopped,   0 zombie
%Cpu(s): 48.6 us,  0.2 sy,  0.0 ni, 51.2 id,  0.0 wa,  0.0 hi,  0.0 si,  0.0 st
KiB Mem : 65877712 total, 51896584 free,  1894532 used, 12086596 buff/cache
KiB Swap: 33554428 total, 32232640 free,  1321788 used. 62700952 avail Mem 
--
top - 12:34:49 up 111 days,  4:17,  0 users,  load average: 4.53, 3.33, 2.62
Tasks: 405 total,   1 running, 404 sleeping,   0 stopped,   0 zombie
%Cpu(s):  0.0 us,  0.0 sy,  0.0 ni, 99.9 id,  0.0 wa,  0.0 hi,  0.0 si,  0.0 st
KiB Mem : 65877712 total, 52133520 free,  1657596 used, 12086596 buff/cache
KiB Swap: 33554428 total, 32232640 free,  1321788 used. 62937888 avail Mem 
--
top - 12:34:54 up 111 days,  4:17,  0 users,  load average: 4.17, 3.28, 2.60
Tasks: 405 total,   1 running, 404 sleeping,   0 stopped,   0 zombie
%Cpu(s):  0.0 us,  0.0 sy,  0.0 ni, 99.9 id,  0.0 wa,  0.0 hi,  0.0 si,  0.0 st
KiB Mem : 65877712 total, 52129384 free,  1661732 used, 12086596 buff/cache
KiB Swap: 33554428 total, 32232640 free,  1321788 used. 62933752 avail Mem 
--
top - 12:34:59 up 111 days,  4:17,  0 users,  load average: 3.83, 3.22, 2.59
Tasks: 405 total,   1 running, 404 sleeping,   0 stopped,   0 zombie
%Cpu(s):  0.1 us,  0.1 sy,  0.0 ni, 99.9 id,  0.0 wa,  0.0 hi,  0.0 si,  0.0 st
KiB Mem : 65877712 total, 52092716 free,  1698400 used, 12086596 buff/cache
KiB Swap: 33554428 total, 32232640 free,  1321788 used. 62897084 avail Mem 
--
top - 12:35:04 up 111 days,  4:17,  0 users,  load average: 3.53, 3.17, 2.57
Tasks: 401 total,   1 running, 400 sleeping,   0 stopped,   0 zombie
%Cpu(s):  0.1 us,  0.0 sy,  0.0 ni, 99.9 id,  0.0 wa,  0.0 hi,  0.0 si,  0.0 st
KiB Mem : 65877712 total, 52054076 free,  1737040 used, 12086596 buff/cache
KiB Swap: 33554428 total, 32232640 free,  1321788 used. 62858444 avail Mem 
--
top - 12:35:09 up 111 days,  4:17,  0 users,  load average: 3.24, 3.12, 2.56
Tasks: 401 total,   1 running, 400 sleeping,   0 stopped,   0 zombie
%Cpu(s):  0.1 us,  0.1 sy,  0.0 ni, 99.9 id,  0.0 wa,  0.0 hi,  0.0 si,  0.0 st
KiB Mem : 65877712 total, 52019416 free,  1771700 used, 12086596 buff/cache
KiB Swap: 33554428 total, 32232640 free,  1321788 used. 62823784 avail Mem 
--
top - 12:35:14 up 111 days,  4:17,  0 users,  load average: 2.98, 3.07, 2.55
Tasks: 401 total,   1 running, 400 sleeping,   0 stopped,   0 zombie
%Cpu(s):  0.1 us,  0.1 sy,  0.0 ni, 99.8 id,  0.0 wa,  0.0 hi,  0.0 si,  0.0 st
KiB Mem : 65877712 total, 51975156 free,  1815960 used, 12086596 buff/cache
KiB Swap: 33554428 total, 32232640 free,  1321788 used. 62779524 avail Mem 
--
top - 12:35:19 up 111 days,  4:17,  0 users,  load average: 2.75, 3.02, 2.53
Tasks: 401 total,   1 running, 400 sleeping,   0 stopped,   0 zombie
%Cpu(s):  0.1 us,  0.0 sy,  0.0 ni, 99.9 id,  0.0 wa,  0.0 hi,  0.0 si,  0.0 st
KiB Mem : 65877712 total, 51936460 free,  1854652 used, 12086600 buff/cache
KiB Swap: 33554428 total, 32232640 free,  1321788 used. 62740828 avail Mem 
--
top - 12:35:24 up 111 days,  4:17,  0 users,  load average: 2.53, 2.97, 2.52
Tasks: 401 total,   2 running, 399 sleeping,   0 stopped,   0 zombie
%Cpu(s): 22.1 us,  0.4 sy,  0.0 ni, 77.5 id,  0.0 wa,  0.0 hi,  0.0 si,  0.0 st
KiB Mem : 65877712 total, 51859240 free,  1931872 used, 12086600 buff/cache
KiB Swap: 33554428 total, 32232640 free,  1321788 used. 62663608 avail Mem 
--
top - 12:35:29 up 111 days,  4:17,  0 users,  load average: 4.57, 3.38, 2.66
Tasks: 401 total,   1 running, 400 sleeping,   0 stopped,   0 zombie
%Cpu(s): 88.8 us,  0.3 sy,  0.0 ni, 10.9 id,  0.0 wa,  0.0 hi,  0.0 si,  0.0 st
KiB Mem : 65877712 total, 51682624 free,  2108488 used, 12086600 buff/cache
KiB Swap: 33554428 total, 32232640 free,  1321788 used. 62486996 avail Mem 
--
top - 12:35:34 up 111 days,  4:17,  0 users,  load average: 4.20, 3.33, 2.64
Tasks: 401 total,   1 running, 400 sleeping,   0 stopped,   0 zombie
%Cpu(s):  0.1 us,  0.0 sy,  0.0 ni, 99.9 id,  0.0 wa,  0.0 hi,  0.0 si,  0.0 st
KiB Mem : 65877712 total, 51917176 free,  1873936 used, 12086600 buff/cache
KiB Swap: 33554428 total, 32232640 free,  1321788 used. 62721548 avail Mem 
--
top - 12:35:40 up 111 days,  4:17,  0 users,  load average: 3.86, 3.27, 2.63
Tasks: 401 total,   1 running, 400 sleeping,   0 stopped,   0 zombie
%Cpu(s):  0.0 us,  0.0 sy,  0.0 ni, 99.9 id,  0.0 wa,  0.0 hi,  0.0 si,  0.0 st
KiB Mem : 65877712 total, 51917420 free,  1873692 used, 12086600 buff/cache
KiB Swap: 33554428 total, 32232640 free,  1321788 used. 62721792 avail Mem 
--
top - 12:35:45 up 111 days,  4:18,  0 users,  load average: 3.55, 3.22, 2.61
Tasks: 401 total,   1 running, 400 sleeping,   0 stopped,   0 zombie
%Cpu(s):  0.1 us,  0.1 sy,  0.0 ni, 99.9 id,  0.0 wa,  0.0 hi,  0.0 si,  0.0 st
KiB Mem : 65877712 total, 51886060 free,  1905052 used, 12086600 buff/cache
KiB Swap: 33554428 total, 32232640 free,  1321788 used. 62690432 avail Mem 
--
top - 12:35:50 up 111 days,  4:18,  0 users,  load average: 3.27, 3.16, 2.60
Tasks: 401 total,   1 running, 400 sleeping,   0 stopped,   0 zombie
%Cpu(s):  0.1 us,  0.1 sy,  0.0 ni, 99.9 id,  0.0 wa,  0.0 hi,  0.0 si,  0.0 st
KiB Mem : 65877712 total, 51856644 free,  1934468 used, 12086600 buff/cache
KiB Swap: 33554428 total, 32232640 free,  1321788 used. 62661016 avail Mem 
--
top - 12:35:55 up 111 days,  4:18,  0 users,  load average: 3.01, 3.11, 2.58
Tasks: 401 total,   1 running, 400 sleeping,   0 stopped,   0 zombie
%Cpu(s):  0.1 us,  0.0 sy,  0.0 ni, 99.9 id,  0.0 wa,  0.0 hi,  0.0 si,  0.0 st
KiB Mem : 65877712 total, 51819520 free,  1971592 used, 12086600 buff/cache
KiB Swap: 33554428 total, 32232640 free,  1321788 used. 62623892 avail Mem 
--
top - 12:36:00 up 111 days,  4:18,  0 users,  load average: 2.77, 3.06, 2.57
Tasks: 415 total,   6 running, 408 sleeping,   0 stopped,   1 zombie
%Cpu(s):  0.3 us,  0.2 sy,  0.0 ni, 99.5 id,  0.0 wa,  0.0 hi,  0.0 si,  0.0 st
KiB Mem : 65877712 total, 51745916 free,  2045196 used, 12086600 buff/cache
KiB Swap: 33554428 total, 32232640 free,  1321788 used. 62550288 avail Mem 
--
top - 12:36:05 up 111 days,  4:18,  0 users,  load average: 2.55, 3.01, 2.56
Tasks: 405 total,   1 running, 404 sleeping,   0 stopped,   0 zombie
%Cpu(s):  0.2 us,  0.1 sy,  0.0 ni, 99.3 id,  0.3 wa,  0.0 hi,  0.0 si,  0.0 st
KiB Mem : 65877712 total, 51720248 free,  2070864 used, 12086600 buff/cache
KiB Swap: 33554428 total, 32232640 free,  1321788 used. 62524620 avail Mem 
--
top - 12:36:10 up 111 days,  4:18,  0 users,  load average: 2.34, 2.96, 2.54
Tasks: 405 total,   1 running, 404 sleeping,   0 stopped,   0 zombie
%Cpu(s):  0.1 us,  0.1 sy,  0.0 ni, 99.8 id,  0.0 wa,  0.0 hi,  0.0 si,  0.0 st
KiB Mem : 65877712 total, 51675508 free,  2115604 used, 12086600 buff/cache
KiB Swap: 33554428 total, 32232640 free,  1321788 used. 62479880 avail Mem 
--
top - 12:36:15 up 111 days,  4:18,  0 users,  load average: 2.15, 2.91, 2.53
Tasks: 405 total,   2 running, 403 sleeping,   0 stopped,   0 zombie
%Cpu(s): 54.9 us,  1.0 sy,  0.0 ni, 44.1 id,  0.0 wa,  0.0 hi,  0.0 si,  0.0 st
KiB Mem : 65877712 total, 51567552 free,  2223556 used, 12086604 buff/cache
KiB Swap: 33554428 total, 32232640 free,  1321788 used. 62371928 avail Mem 
--
top - 12:36:20 up 111 days,  4:18,  0 users,  load average: 3.50, 3.18, 2.62
Tasks: 405 total,   1 running, 404 sleeping,   0 stopped,   0 zombie
%Cpu(s): 60.4 us,  0.3 sy,  0.0 ni, 39.3 id,  0.0 wa,  0.0 hi,  0.0 si,  0.0 st
KiB Mem : 65877712 total, 51458248 free,  2332860 used, 12086604 buff/cache
KiB Swap: 33554428 total, 32232640 free,  1321788 used. 62262624 avail Mem 
--
top - 12:36:25 up 111 days,  4:18,  0 users,  load average: 3.22, 3.12, 2.60
Tasks: 405 total,   2 running, 403 sleeping,   0 stopped,   0 zombie
%Cpu(s):  0.0 us,  0.0 sy,  0.0 ni, 99.9 id,  0.0 wa,  0.0 hi,  0.0 si,  0.0 st
KiB Mem : 65877712 total, 51683360 free,  2107748 used, 12086604 buff/cache
KiB Swap: 33554428 total, 32232640 free,  1321788 used. 62487736 avail Mem 
--
top - 12:36:30 up 111 days,  4:18,  0 users,  load average: 2.96, 3.07, 2.59
Tasks: 405 total,   1 running, 404 sleeping,   0 stopped,   0 zombie
%Cpu(s):  0.0 us,  0.0 sy,  0.0 ni,100.0 id,  0.0 wa,  0.0 hi,  0.0 si,  0.0 st
KiB Mem : 65877712 total, 51683860 free,  2107248 used, 12086604 buff/cache
KiB Swap: 33554428 total, 32232640 free,  1321788 used. 62488236 avail Mem 
--
top - 12:36:35 up 111 days,  4:18,  0 users,  load average: 2.73, 3.02, 2.58
Tasks: 405 total,   1 running, 404 sleeping,   0 stopped,   0 zombie
%Cpu(s):  0.1 us,  0.1 sy,  0.0 ni, 99.9 id,  0.0 wa,  0.0 hi,  0.0 si,  0.0 st
KiB Mem : 65877712 total, 51655236 free,  2135872 used, 12086604 buff/cache
KiB Swap: 33554428 total, 32232640 free,  1321788 used. 62459612 avail Mem 
--
top - 12:36:40 up 111 days,  4:18,  0 users,  load average: 2.51, 2.97, 2.56
Tasks: 405 total,   2 running, 403 sleeping,   0 stopped,   0 zombie
%Cpu(s):  0.1 us,  0.1 sy,  0.0 ni, 99.8 id,  0.0 wa,  0.0 hi,  0.0 si,  0.0 st
KiB Mem : 65877712 total, 51614116 free,  2176992 used, 12086604 buff/cache
KiB Swap: 33554428 total, 32232640 free,  1321788 used. 62418492 avail Mem 
--
top - 12:36:45 up 111 days,  4:19,  0 users,  load average: 2.31, 2.92, 2.55
Tasks: 405 total,   1 running, 404 sleeping,   0 stopped,   0 zombie
%Cpu(s):  0.1 us,  0.1 sy,  0.0 ni, 99.9 id,  0.0 wa,  0.0 hi,  0.0 si,  0.0 st
KiB Mem : 65877712 total, 51574792 free,  2216316 used, 12086604 buff/cache
KiB Swap: 33554428 total, 32232640 free,  1321788 used. 62379168 avail Mem 
--
top - 12:36:50 up 111 days,  4:19,  0 users,  load average: 2.20, 2.89, 2.54
Tasks: 405 total,   1 running, 404 sleeping,   0 stopped,   0 zombie
%Cpu(s):  0.1 us,  0.0 sy,  0.0 ni, 99.9 id,  0.0 wa,  0.0 hi,  0.0 si,  0.0 st
KiB Mem : 65877712 total, 51548736 free,  2242372 used, 12086604 buff/cache
KiB Swap: 33554428 total, 32232640 free,  1321788 used. 62353112 avail Mem 
--
top - 12:36:55 up 111 days,  4:19,  0 users,  load average: 2.03, 2.84, 2.53
Tasks: 405 total,   1 running, 404 sleeping,   0 stopped,   0 zombie
%Cpu(s):  0.1 us,  0.1 sy,  0.0 ni, 99.9 id,  0.0 wa,  0.0 hi,  0.0 si,  0.0 st
KiB Mem : 65877712 total, 51514600 free,  2276508 used, 12086604 buff/cache
KiB Swap: 33554428 total, 32232640 free,  1321788 used. 62318976 avail Mem 
--
top - 12:37:00 up 111 days,  4:19,  0 users,  load average: 1.86, 2.79, 2.51
Tasks: 402 total,   1 running, 401 sleeping,   0 stopped,   0 zombie
%Cpu(s):  0.1 us,  0.1 sy,  0.0 ni, 99.9 id,  0.0 wa,  0.0 hi,  0.0 si,  0.0 st
KiB Mem : 65877712 total, 51472340 free,  2318768 used, 12086604 buff/cache
KiB Swap: 33554428 total, 32232640 free,  1321788 used. 62276716 avail Mem 
--
top - 12:37:05 up 111 days,  4:19,  0 users,  load average: 4.04, 3.23, 2.66
Tasks: 401 total,   2 running, 399 sleeping,   0 stopped,   0 zombie
%Cpu(s): 81.1 us,  0.6 sy,  0.0 ni, 18.2 id,  0.0 wa,  0.0 hi,  0.0 si,  0.0 st
KiB Mem : 65877712 total, 51322352 free,  2468752 used, 12086608 buff/cache
KiB Swap: 33554428 total, 32232640 free,  1321788 used. 62126732 avail Mem 
--
top - 12:37:10 up 111 days,  4:19,  0 users,  load average: 5.88, 3.62, 2.79
Tasks: 401 total,   1 running, 400 sleeping,   0 stopped,   0 zombie
%Cpu(s): 29.1 us,  0.1 sy,  0.0 ni, 70.7 id,  0.0 wa,  0.0 hi,  0.0 si,  0.0 st
KiB Mem : 65877712 total, 51258712 free,  2532392 used, 12086608 buff/cache
KiB Swap: 33554428 total, 32232640 free,  1321788 used. 62063092 avail Mem 
--
top - 12:37:15 up 111 days,  4:19,  0 users,  load average: 5.41, 3.56, 2.77
Tasks: 401 total,   1 running, 400 sleeping,   0 stopped,   0 zombie
%Cpu(s):  0.0 us,  0.0 sy,  0.0 ni, 99.9 id,  0.0 wa,  0.0 hi,  0.0 si,  0.0 st
KiB Mem : 65877712 total, 51468016 free,  2323088 used, 12086608 buff/cache
KiB Swap: 33554428 total, 32232640 free,  1321788 used. 62272396 avail Mem 
--
top - 12:37:20 up 111 days,  4:19,  0 users,  load average: 4.97, 3.50, 2.76
Tasks: 401 total,   1 running, 400 sleeping,   0 stopped,   0 zombie
%Cpu(s):  0.1 us,  0.0 sy,  0.0 ni, 99.9 id,  0.0 wa,  0.0 hi,  0.0 si,  0.0 st
KiB Mem : 65877712 total, 51462040 free,  2329064 used, 12086608 buff/cache
KiB Swap: 33554428 total, 32232640 free,  1321788 used. 62266420 avail Mem 
--
top - 12:37:25 up 111 days,  4:19,  0 users,  load average: 4.57, 3.45, 2.74
Tasks: 401 total,   1 running, 400 sleeping,   0 stopped,   0 zombie
%Cpu(s):  0.1 us,  0.1 sy,  0.0 ni, 99.9 id,  0.0 wa,  0.0 hi,  0.0 si,  0.0 st
KiB Mem : 65877712 total, 51424860 free,  2366244 used, 12086608 buff/cache
KiB Swap: 33554428 total, 32232640 free,  1321788 used. 62229240 avail Mem 
--
top - 12:37:30 up 111 days,  4:19,  0 users,  load average: 4.21, 3.39, 2.73
Tasks: 401 total,   1 running, 400 sleeping,   0 stopped,   0 zombie
%Cpu(s):  0.1 us,  0.1 sy,  0.0 ni, 99.9 id,  0.0 wa,  0.0 hi,  0.0 si,  0.0 st
KiB Mem : 65877712 total, 51389504 free,  2401600 used, 12086608 buff/cache
KiB Swap: 33554428 total, 32232640 free,  1321788 used. 62193884 avail Mem 
--
top - 12:37:35 up 111 days,  4:19,  0 users,  load average: 3.87, 3.33, 2.71
Tasks: 401 total,   1 running, 400 sleeping,   0 stopped,   0 zombie
%Cpu(s):  0.1 us,  0.1 sy,  0.0 ni, 99.9 id,  0.0 wa,  0.0 hi,  0.0 si,  0.0 st
KiB Mem : 65877712 total, 51360624 free,  2430480 used, 12086608 buff/cache
KiB Swap: 33554428 total, 32232640 free,  1321788 used. 62165004 avail Mem 
--
top - 12:37:40 up 111 days,  4:19,  0 users,  load average: 3.56, 3.28, 2.70
Tasks: 401 total,   1 running, 400 sleeping,   0 stopped,   0 zombie
%Cpu(s):  0.1 us,  0.1 sy,  0.0 ni, 99.9 id,  0.0 wa,  0.0 hi,  0.0 si,  0.0 st
KiB Mem : 65877712 total, 51321532 free,  2469572 used, 12086608 buff/cache
KiB Swap: 33554428 total, 32232640 free,  1321788 used. 62125912 avail Mem 
--
top - 12:37:45 up 111 days,  4:20,  0 users,  load average: 3.28, 3.22, 2.68
Tasks: 401 total,   1 running, 400 sleeping,   0 stopped,   0 zombie
%Cpu(s):  0.0 us,  0.1 sy,  0.0 ni, 99.9 id,  0.0 wa,  0.0 hi,  0.0 si,  0.0 st
KiB Mem : 65877712 total, 51285348 free,  2505756 used, 12086608 buff/cache
KiB Swap: 33554428 total, 32232640 free,  1321788 used. 62089728 avail Mem 
--
top - 12:37:50 up 111 days,  4:20,  0 users,  load average: 3.01, 3.17, 2.67
Tasks: 399 total,   2 running, 397 sleeping,   0 stopped,   0 zombie
%Cpu(s): 38.0 us,  0.8 sy,  0.0 ni, 61.2 id,  0.0 wa,  0.0 hi,  0.0 si,  0.0 st
KiB Mem : 65877712 total, 51195852 free,  2595252 used, 12086608 buff/cache
KiB Swap: 33554428 total, 32232640 free,  1321788 used. 62000232 avail Mem 
--
top - 12:37:55 up 111 days,  4:20,  0 users,  load average: 5.09, 3.60, 2.81
Tasks: 399 total,   2 running, 397 sleeping,   0 stopped,   0 zombie
%Cpu(s): 80.2 us,  0.6 sy,  0.0 ni, 19.2 id,  0.0 wa,  0.0 hi,  0.0 si,  0.0 st
KiB Mem : 65877712 total, 51067764 free,  2723340 used, 12086608 buff/cache
KiB Swap: 33554428 total, 32232640 free,  1321788 used. 61872144 avail Mem 
--
top - 12:38:00 up 111 days,  4:20,  0 users,  load average: 4.93, 3.59, 2.81
Tasks: 402 total,   1 running, 401 sleeping,   0 stopped,   0 zombie
%Cpu(s):  4.3 us,  0.3 sy,  0.0 ni, 95.1 id,  0.3 wa,  0.0 hi,  0.0 si,  0.0 st
KiB Mem : 65877712 total, 51246916 free,  2544128 used, 12086668 buff/cache
KiB Swap: 33554428 total, 32232640 free,  1321788 used. 62051300 avail Mem 
