10.149.0.56
2024/01/02 12:49:48 Master node address: http://10.149.0.55:8000
2024/01/02 12:49:48 Benchmarking worker...
2024/01/02 12:49:50 Worker registered (1887 MCUPS). Waiting for work...
2024/01/02 12:50:34 Got work. Start calculating alignments...
2024/01/02 12:50:34 Calculating 16229 queries
2024/01/02 12:51:29 Done calculating alignments.
2024/01/02 12:51:29 Waiting for work...
2024/01/02 12:51:45 Got work. Start calculating alignments...
2024/01/02 12:51:45 Calculating 16228 queries
2024/01/02 12:52:41 Done calculating alignments.
2024/01/02 12:52:41 Waiting for work...
2024/01/02 12:52:59 Got work. Start calculating alignments...
2024/01/02 12:52:59 Calculating 16229 queries
2024/01/02 12:53:55 Done calculating alignments.
2024/01/02 12:53:55 Waiting for work...
2024/01/02 12:54:12 Got work. Start calculating alignments...
2024/01/02 12:54:12 Calculating 16229 queries
2024/01/02 12:55:06 Done calculating alignments.
2024/01/02 12:55:06 Waiting for work...
2024/01/02 12:55:24 Got work. Start calculating alignments...
2024/01/02 12:55:24 Calculating 16229 queries
2024/01/02 12:56:19 Done calculating alignments.
2024/01/02 12:56:19 Waiting for work...
slurmstepd: error: *** JOB 4754971 ON node056 CANCELLED AT 2024-01-02T12:56:22 ***
