Job id: 4754979
Worker ip: 10.149.0.54
Master ip: 10.149.0.68
--
top - 12:56:24 up 111 days,  4:38,  0 users,  load average: 20.92, 14.98, 7.93
Tasks: 400 total,   2 running, 398 sleeping,   0 stopped,   0 zombie
%Cpu(s):  3.0 us,  4.9 sy,  0.0 ni, 91.7 id,  0.2 wa,  0.0 hi,  0.2 si,  0.0 st
KiB Mem : 65877712 total, 49802308 free,  1203164 used, 14872240 buff/cache
KiB Swap: 33554428 total, 32105460 free,  1448968 used. 63420212 avail Mem 
--
top - 12:56:29 up 111 days,  4:38,  0 users,  load average: 19.25, 14.73, 7.88
Tasks: 401 total,   1 running, 400 sleeping,   0 stopped,   0 zombie
%Cpu(s):  1.6 us,  0.4 sy,  0.0 ni, 98.0 id,  0.0 wa,  0.0 hi,  0.0 si,  0.0 st
KiB Mem : 65877712 total, 49782084 free,  1216732 used, 14878896 buff/cache
KiB Swap: 33554428 total, 32105460 free,  1448968 used. 63406584 avail Mem 
--
top - 12:56:34 up 111 days,  4:38,  0 users,  load average: 17.71, 14.49, 7.84
Tasks: 402 total,   1 running, 401 sleeping,   0 stopped,   0 zombie
%Cpu(s):  0.0 us,  0.0 sy,  0.0 ni,100.0 id,  0.0 wa,  0.0 hi,  0.0 si,  0.0 st
KiB Mem : 65877712 total, 49783100 free,  1215716 used, 14878896 buff/cache
KiB Swap: 33554428 total, 32105460 free,  1448968 used. 63407600 avail Mem 
--
top - 12:56:39 up 111 days,  4:39,  0 users,  load average: 16.29, 14.25, 7.80
Tasks: 402 total,   1 running, 401 sleeping,   0 stopped,   0 zombie
%Cpu(s):  0.0 us,  0.0 sy,  0.0 ni,100.0 id,  0.0 wa,  0.0 hi,  0.0 si,  0.0 st
KiB Mem : 65877712 total, 49782260 free,  1216556 used, 14878896 buff/cache
KiB Swap: 33554428 total, 32105460 free,  1448968 used. 63406760 avail Mem 
--
top - 12:56:44 up 111 days,  4:39,  0 users,  load average: 14.98, 14.01, 7.76
Tasks: 402 total,   1 running, 401 sleeping,   0 stopped,   0 zombie
%Cpu(s):  0.0 us,  0.0 sy,  0.0 ni, 99.9 id,  0.0 wa,  0.0 hi,  0.0 si,  0.0 st
KiB Mem : 65877712 total, 49782164 free,  1216644 used, 14878904 buff/cache
KiB Swap: 33554428 total, 32105460 free,  1448968 used. 63406668 avail Mem 
--
top - 12:56:49 up 111 days,  4:39,  0 users,  load average: 13.78, 13.78, 7.72
Tasks: 403 total,   1 running, 402 sleeping,   0 stopped,   0 zombie
%Cpu(s):  0.0 us,  0.0 sy,  0.0 ni,100.0 id,  0.0 wa,  0.0 hi,  0.0 si,  0.0 st
KiB Mem : 65877712 total, 49781052 free,  1217756 used, 14878904 buff/cache
KiB Swap: 33554428 total, 32105460 free,  1448968 used. 63405556 avail Mem 
--
top - 12:56:55 up 111 days,  4:39,  0 users,  load average: 12.68, 13.55, 7.68
Tasks: 403 total,   1 running, 402 sleeping,   0 stopped,   0 zombie
%Cpu(s):  0.0 us,  0.0 sy,  0.0 ni,100.0 id,  0.0 wa,  0.0 hi,  0.0 si,  0.0 st
KiB Mem : 65877712 total, 49781692 free,  1217116 used, 14878904 buff/cache
KiB Swap: 33554428 total, 32105460 free,  1448968 used. 63406196 avail Mem 
--
top - 12:57:00 up 111 days,  4:39,  0 users,  load average: 11.66, 13.32, 7.63
Tasks: 400 total,   1 running, 399 sleeping,   0 stopped,   0 zombie
%Cpu(s):  0.1 us,  0.0 sy,  0.0 ni, 99.9 id,  0.0 wa,  0.0 hi,  0.0 si,  0.0 st
KiB Mem : 65877712 total, 49763568 free,  1235240 used, 14878904 buff/cache
KiB Swap: 33554428 total, 32105460 free,  1448968 used. 63388072 avail Mem 
--
top - 12:57:05 up 111 days,  4:39,  0 users,  load average: 10.73, 13.10, 7.59
Tasks: 400 total,   1 running, 399 sleeping,   0 stopped,   0 zombie
%Cpu(s):  0.2 us,  0.1 sy,  0.0 ni, 99.6 id,  0.0 wa,  0.0 hi,  0.0 si,  0.0 st
KiB Mem : 65877712 total, 49607840 free,  1390968 used, 14878904 buff/cache
KiB Swap: 33554428 total, 32105460 free,  1448968 used. 63232344 avail Mem 
--
top - 12:57:10 up 111 days,  4:39,  0 users,  load average: 9.87, 12.88, 7.55
Tasks: 400 total,   1 running, 399 sleeping,   0 stopped,   0 zombie
%Cpu(s):  0.2 us,  0.2 sy,  0.0 ni, 99.6 id,  0.0 wa,  0.0 hi,  0.0 si,  0.0 st
KiB Mem : 65877712 total, 49438344 free,  1560464 used, 14878904 buff/cache
KiB Swap: 33554428 total, 32105460 free,  1448968 used. 63062848 avail Mem 
--
top - 12:57:15 up 111 days,  4:39,  0 users,  load average: 11.08, 13.09, 7.65
Tasks: 400 total,   2 running, 398 sleeping,   0 stopped,   0 zombie
%Cpu(s): 29.1 us,  0.5 sy,  0.0 ni, 70.4 id,  0.0 wa,  0.0 hi,  0.0 si,  0.0 st
KiB Mem : 65877712 total, 49025056 free,  1973752 used, 14878904 buff/cache
KiB Swap: 33554428 total, 32105460 free,  1448968 used. 62649560 avail Mem 
--
top - 12:57:20 up 111 days,  4:39,  0 users,  load average: 12.68, 13.38, 7.77
Tasks: 399 total,   2 running, 397 sleeping,   0 stopped,   0 zombie
%Cpu(s): 96.6 us,  0.4 sy,  0.0 ni,  3.1 id,  0.0 wa,  0.0 hi,  0.0 si,  0.0 st
KiB Mem : 65877712 total, 48830984 free,  2167820 used, 14878908 buff/cache
KiB Swap: 33554428 total, 32105460 free,  1448968 used. 62455492 avail Mem 
--
top - 12:57:25 up 111 days,  4:39,  0 users,  load average: 14.06, 13.66, 7.89
Tasks: 397 total,   2 running, 395 sleeping,   0 stopped,   0 zombie
%Cpu(s): 96.6 us,  0.3 sy,  0.0 ni,  3.1 id,  0.0 wa,  0.0 hi,  0.0 si,  0.0 st
KiB Mem : 65877712 total, 48645680 free,  2353124 used, 14878908 buff/cache
KiB Swap: 33554428 total, 32105460 free,  1448968 used. 62270188 avail Mem 
--
top - 12:57:30 up 111 days,  4:39,  0 users,  load average: 15.42, 13.95, 8.02
Tasks: 397 total,   2 running, 395 sleeping,   0 stopped,   0 zombie
%Cpu(s): 96.5 us,  0.4 sy,  0.0 ni,  3.1 id,  0.0 wa,  0.0 hi,  0.0 si,  0.0 st
KiB Mem : 65877712 total, 48477440 free,  2521364 used, 14878908 buff/cache
KiB Swap: 33554428 total, 32105460 free,  1448968 used. 62101948 avail Mem 
--
top - 12:57:35 up 111 days,  4:39,  0 users,  load average: 16.59, 14.21, 8.13
Tasks: 397 total,   2 running, 395 sleeping,   0 stopped,   0 zombie
%Cpu(s): 96.6 us,  0.3 sy,  0.0 ni,  3.1 id,  0.0 wa,  0.0 hi,  0.0 si,  0.0 st
KiB Mem : 65877712 total, 48280784 free,  2718020 used, 14878908 buff/cache
KiB Swap: 33554428 total, 32105460 free,  1448968 used. 61905292 avail Mem 
--
top - 12:57:40 up 111 days,  4:40,  0 users,  load average: 15.26, 13.98, 8.09
Tasks: 397 total,   1 running, 396 sleeping,   0 stopped,   0 zombie
%Cpu(s): 39.4 us,  0.2 sy,  0.0 ni, 60.4 id,  0.0 wa,  0.0 hi,  0.0 si,  0.0 st
KiB Mem : 65877712 total, 48583016 free,  2415788 used, 14878908 buff/cache
KiB Swap: 33554428 total, 32105460 free,  1448968 used. 62207524 avail Mem 
--
top - 12:57:45 up 111 days,  4:40,  0 users,  load average: 14.04, 13.75, 8.05
Tasks: 397 total,   1 running, 396 sleeping,   0 stopped,   0 zombie
%Cpu(s):  0.0 us,  0.0 sy,  0.0 ni,100.0 id,  0.0 wa,  0.0 hi,  0.0 si,  0.0 st
KiB Mem : 65877712 total, 48630720 free,  2368084 used, 14878908 buff/cache
KiB Swap: 33554428 total, 32105460 free,  1448968 used. 62255228 avail Mem 
--
top - 12:57:50 up 111 days,  4:40,  0 users,  load average: 12.91, 13.52, 8.00
Tasks: 397 total,   1 running, 396 sleeping,   0 stopped,   0 zombie
%Cpu(s):  0.1 us,  0.0 sy,  0.0 ni, 99.9 id,  0.0 wa,  0.0 hi,  0.0 si,  0.0 st
KiB Mem : 65877712 total, 48623376 free,  2375428 used, 14878908 buff/cache
KiB Swap: 33554428 total, 32105460 free,  1448968 used. 62247884 avail Mem 
--
top - 12:57:55 up 111 days,  4:40,  0 users,  load average: 11.88, 13.29, 7.96
Tasks: 397 total,   1 running, 396 sleeping,   0 stopped,   0 zombie
%Cpu(s):  0.2 us,  0.2 sy,  0.0 ni, 99.5 id,  0.1 wa,  0.0 hi,  0.0 si,  0.0 st
KiB Mem : 65877712 total, 48482972 free,  2515832 used, 14878908 buff/cache
KiB Swap: 33554428 total, 32105460 free,  1448968 used. 62107480 avail Mem 
--
top - 12:58:00 up 111 days,  4:40,  0 users,  load average: 10.93, 13.07, 7.92
Tasks: 403 total,   1 running, 402 sleeping,   0 stopped,   0 zombie
%Cpu(s):  0.6 us,  0.4 sy,  0.0 ni, 98.9 id,  0.2 wa,  0.0 hi,  0.0 si,  0.0 st
KiB Mem : 65877712 total, 48323728 free,  2675076 used, 14878908 buff/cache
KiB Swap: 33554428 total, 32105460 free,  1448968 used. 61948236 avail Mem 
--
top - 12:58:05 up 111 days,  4:40,  0 users,  load average: 10.05, 12.86, 7.87
Tasks: 401 total,   1 running, 400 sleeping,   0 stopped,   0 zombie
%Cpu(s):  0.3 us,  0.3 sy,  0.0 ni, 99.2 id,  0.2 wa,  0.0 hi,  0.0 si,  0.0 st
KiB Mem : 65877712 total, 48159300 free,  2839496 used, 14878916 buff/cache
KiB Swap: 33554428 total, 32105460 free,  1448968 used. 61783812 avail Mem 
--
top - 12:58:10 up 111 days,  4:40,  0 users,  load average: 11.57, 13.12, 7.99
Tasks: 401 total,   2 running, 399 sleeping,   0 stopped,   0 zombie
%Cpu(s): 83.5 us,  0.7 sy,  0.0 ni, 15.8 id,  0.0 wa,  0.0 hi,  0.0 si,  0.0 st
KiB Mem : 65877712 total, 48003464 free,  2995332 used, 14878916 buff/cache
KiB Swap: 33554428 total, 32105460 free,  1448968 used. 61627976 avail Mem 
--
top - 12:58:15 up 111 days,  4:40,  0 users,  load average: 13.13, 13.42, 8.11
Tasks: 401 total,   3 running, 398 sleeping,   0 stopped,   0 zombie
%Cpu(s): 96.6 us,  0.3 sy,  0.0 ni,  3.1 id,  0.0 wa,  0.0 hi,  0.0 si,  0.0 st
KiB Mem : 65877712 total, 47837168 free,  3161624 used, 14878920 buff/cache
KiB Swap: 33554428 total, 32105460 free,  1448968 used. 61461684 avail Mem 
--
top - 12:58:20 up 111 days,  4:40,  0 users,  load average: 14.56, 13.71, 8.23
Tasks: 402 total,   3 running, 399 sleeping,   0 stopped,   0 zombie
%Cpu(s): 96.3 us,  0.5 sy,  0.0 ni,  3.3 id,  0.0 wa,  0.0 hi,  0.0 si,  0.0 st
KiB Mem : 65877712 total, 47647288 free,  3351504 used, 14878920 buff/cache
KiB Swap: 33554428 total, 32105460 free,  1448968 used. 61271804 avail Mem 
--
top - 12:58:25 up 111 days,  4:40,  0 users,  load average: 15.87, 14.00, 8.36
Tasks: 403 total,   2 running, 401 sleeping,   0 stopped,   0 zombie
%Cpu(s): 96.4 us,  0.5 sy,  0.0 ni,  3.1 id,  0.0 wa,  0.0 hi,  0.0 si,  0.0 st
KiB Mem : 65877712 total, 47473244 free,  3525548 used, 14878920 buff/cache
KiB Swap: 33554428 total, 32105460 free,  1448968 used. 61097760 avail Mem 
--
top - 12:58:30 up 111 days,  4:40,  0 users,  load average: 15.96, 14.05, 8.40
Tasks: 403 total,   1 running, 402 sleeping,   0 stopped,   0 zombie
%Cpu(s): 77.7 us,  0.3 sy,  0.0 ni, 22.0 id,  0.0 wa,  0.0 hi,  0.0 si,  0.0 st
KiB Mem : 65877712 total, 47293172 free,  3705620 used, 14878920 buff/cache
KiB Swap: 33554428 total, 32105460 free,  1448968 used. 60917688 avail Mem 
--
top - 12:58:35 up 111 days,  4:40,  0 users,  load average: 14.69, 13.82, 8.36
Tasks: 403 total,   1 running, 402 sleeping,   0 stopped,   0 zombie
%Cpu(s):  1.7 us,  0.1 sy,  0.0 ni, 98.2 id,  0.0 wa,  0.0 hi,  0.0 si,  0.0 st
KiB Mem : 65877712 total, 47759220 free,  3239572 used, 14878920 buff/cache
KiB Swap: 33554428 total, 32105460 free,  1448968 used. 61383736 avail Mem 
--
top - 12:58:40 up 111 days,  4:41,  0 users,  load average: 13.51, 13.59, 8.31
Tasks: 403 total,   1 running, 402 sleeping,   0 stopped,   0 zombie
%Cpu(s):  0.0 us,  0.0 sy,  0.0 ni, 99.9 id,  0.0 wa,  0.0 hi,  0.0 si,  0.0 st
KiB Mem : 65877712 total, 47759344 free,  3239448 used, 14878920 buff/cache
KiB Swap: 33554428 total, 32105460 free,  1448968 used. 61383860 avail Mem 
--
top - 12:58:45 up 111 days,  4:41,  0 users,  load average: 12.43, 13.36, 8.27
Tasks: 402 total,   1 running, 401 sleeping,   0 stopped,   0 zombie
%Cpu(s):  0.2 us,  0.1 sy,  0.0 ni, 99.6 id,  0.0 wa,  0.0 hi,  0.0 si,  0.0 st
KiB Mem : 65877712 total, 47648624 free,  3350168 used, 14878920 buff/cache
KiB Swap: 33554428 total, 32105460 free,  1448968 used. 61273140 avail Mem 
--
top - 12:58:50 up 111 days,  4:41,  0 users,  load average: 11.43, 13.14, 8.22
Tasks: 402 total,   1 running, 401 sleeping,   0 stopped,   0 zombie
%Cpu(s):  0.3 us,  0.2 sy,  0.0 ni, 99.5 id,  0.0 wa,  0.0 hi,  0.0 si,  0.0 st
KiB Mem : 65877712 total, 47513008 free,  3485784 used, 14878920 buff/cache
KiB Swap: 33554428 total, 32105460 free,  1448968 used. 61137524 avail Mem 
--
top - 12:58:55 up 111 days,  4:41,  0 users,  load average: 10.52, 12.92, 8.18
Tasks: 402 total,   2 running, 400 sleeping,   0 stopped,   0 zombie
%Cpu(s):  0.2 us,  0.2 sy,  0.0 ni, 99.5 id,  0.0 wa,  0.0 hi,  0.0 si,  0.0 st
KiB Mem : 65877712 total, 47374532 free,  3624260 used, 14878920 buff/cache
KiB Swap: 33554428 total, 32105460 free,  1448968 used. 60999048 avail Mem 
--
top - 12:59:00 up 111 days,  4:41,  0 users,  load average: 11.52, 13.09, 8.26
Tasks: 402 total,   2 running, 400 sleeping,   0 stopped,   0 zombie
%Cpu(s): 51.7 us,  0.5 sy,  0.0 ni, 47.8 id,  0.0 wa,  0.0 hi,  0.0 si,  0.0 st
KiB Mem : 65877712 total, 47176172 free,  3822620 used, 14878920 buff/cache
KiB Swap: 33554428 total, 32105460 free,  1448968 used. 60800688 avail Mem 
--
top - 12:59:05 up 111 days,  4:41,  0 users,  load average: 13.08, 13.39, 8.38
Tasks: 403 total,   2 running, 401 sleeping,   0 stopped,   0 zombie
%Cpu(s): 96.1 us,  0.8 sy,  0.0 ni,  3.2 id,  0.0 wa,  0.0 hi,  0.0 si,  0.0 st
KiB Mem : 65877712 total, 46983012 free,  4015776 used, 14878924 buff/cache
KiB Swap: 33554428 total, 32105460 free,  1448968 used. 60607532 avail Mem 
--
top - 12:59:10 up 111 days,  4:41,  0 users,  load average: 14.51, 13.68, 8.50
Tasks: 403 total,   2 running, 401 sleeping,   0 stopped,   0 zombie
%Cpu(s): 96.1 us,  0.9 sy,  0.0 ni,  3.0 id,  0.0 wa,  0.0 hi,  0.0 si,  0.0 st
KiB Mem : 65877712 total, 46853872 free,  4144916 used, 14878924 buff/cache
KiB Swap: 33554428 total, 32105460 free,  1448968 used. 60478392 avail Mem 
--
top - 12:59:15 up 111 days,  4:41,  0 users,  load average: 15.83, 13.97, 8.62
Tasks: 403 total,   2 running, 401 sleeping,   0 stopped,   0 zombie
%Cpu(s): 95.8 us,  1.0 sy,  0.0 ni,  3.2 id,  0.0 wa,  0.0 hi,  0.0 si,  0.0 st
KiB Mem : 65877712 total, 46652384 free,  4346404 used, 14878924 buff/cache
KiB Swap: 33554428 total, 32105460 free,  1448968 used. 60276904 avail Mem 
--
top - 12:59:20 up 111 days,  4:41,  0 users,  load average: 17.05, 14.25, 8.74
Tasks: 403 total,   2 running, 401 sleeping,   0 stopped,   0 zombie
%Cpu(s): 95.4 us,  0.6 sy,  0.0 ni,  4.0 id,  0.0 wa,  0.0 hi,  0.0 si,  0.0 st
KiB Mem : 65877712 total, 46461076 free,  4537712 used, 14878924 buff/cache
KiB Swap: 33554428 total, 32105460 free,  1448968 used. 60085596 avail Mem 
--
top - 12:59:25 up 111 days,  4:41,  0 users,  load average: 15.92, 14.06, 8.71
Tasks: 403 total,   1 running, 402 sleeping,   0 stopped,   0 zombie
%Cpu(s): 35.4 us,  0.2 sy,  0.0 ni, 64.4 id,  0.0 wa,  0.0 hi,  0.0 si,  0.0 st
KiB Mem : 65877712 total, 46427992 free,  4570796 used, 14878924 buff/cache
KiB Swap: 33554428 total, 32105460 free,  1448968 used. 60052512 avail Mem 
--
top - 12:59:30 up 111 days,  4:41,  0 users,  load average: 14.65, 13.83, 8.67
Tasks: 403 total,   1 running, 402 sleeping,   0 stopped,   0 zombie
%Cpu(s):  0.0 us,  0.1 sy,  0.0 ni, 99.9 id,  0.0 wa,  0.0 hi,  0.0 si,  0.0 st
KiB Mem : 65877712 total, 46850624 free,  4148164 used, 14878924 buff/cache
KiB Swap: 33554428 total, 32105460 free,  1448968 used. 60475144 avail Mem 
--
top - 12:59:35 up 111 days,  4:41,  0 users,  load average: 13.47, 13.60, 8.62
Tasks: 403 total,   1 running, 402 sleeping,   0 stopped,   0 zombie
%Cpu(s):  0.0 us,  0.0 sy,  0.0 ni, 99.9 id,  0.0 wa,  0.0 hi,  0.0 si,  0.0 st
KiB Mem : 65877712 total, 46851568 free,  4147220 used, 14878924 buff/cache
KiB Swap: 33554428 total, 32105460 free,  1448968 used. 60476088 avail Mem 
--
top - 12:59:40 up 111 days,  4:42,  0 users,  load average: 12.39, 13.37, 8.57
Tasks: 403 total,   1 running, 402 sleeping,   0 stopped,   0 zombie
%Cpu(s):  0.2 us,  0.1 sy,  0.0 ni, 99.6 id,  0.0 wa,  0.0 hi,  0.0 si,  0.0 st
KiB Mem : 65877712 total, 46756648 free,  4242140 used, 14878924 buff/cache
KiB Swap: 33554428 total, 32105460 free,  1448968 used. 60381168 avail Mem 
--
top - 12:59:45 up 111 days,  4:42,  0 users,  load average: 11.40, 13.15, 8.53
Tasks: 403 total,   1 running, 402 sleeping,   0 stopped,   0 zombie
%Cpu(s):  0.2 us,  0.2 sy,  0.0 ni, 99.6 id,  0.0 wa,  0.0 hi,  0.0 si,  0.0 st
KiB Mem : 65877712 total, 46618272 free,  4380516 used, 14878924 buff/cache
KiB Swap: 33554428 total, 32105460 free,  1448968 used. 60242792 avail Mem 
--
top - 12:59:50 up 111 days,  4:42,  0 users,  load average: 10.49, 12.93, 8.48
Tasks: 403 total,   1 running, 402 sleeping,   0 stopped,   0 zombie
%Cpu(s):  0.2 us,  0.2 sy,  0.0 ni, 99.5 id,  0.0 wa,  0.0 hi,  0.0 si,  0.0 st
KiB Mem : 65877712 total, 46481344 free,  4517444 used, 14878924 buff/cache
KiB Swap: 33554428 total, 32105460 free,  1448968 used. 60105864 avail Mem 
--
top - 12:59:55 up 111 days,  4:42,  0 users,  load average: 12.21, 13.25, 8.61
Tasks: 404 total,   2 running, 402 sleeping,   0 stopped,   0 zombie
%Cpu(s): 31.0 us,  0.7 sy,  0.0 ni, 68.3 id,  0.0 wa,  0.0 hi,  0.0 si,  0.0 st
KiB Mem : 65877712 total, 46324800 free,  4673988 used, 14878924 buff/cache
KiB Swap: 33554428 total, 32105460 free,  1448968 used. 59948824 avail Mem 
--
top - 13:00:01 up 111 days,  4:42,  0 users,  load average: 13.72, 13.54, 8.73
Tasks: 404 total,   2 running, 402 sleeping,   0 stopped,   0 zombie
%Cpu(s): 96.3 us,  1.0 sy,  0.0 ni,  2.6 id,  0.1 wa,  0.0 hi,  0.0 si,  0.0 st
KiB Mem : 65877712 total, 46184464 free,  4814332 used, 14878916 buff/cache
KiB Swap: 33554428 total, 32105460 free,  1448968 used. 59808996 avail Mem 
--
top - 13:00:06 up 111 days,  4:42,  0 users,  load average: 15.10, 13.83, 8.85
Tasks: 407 total,   2 running, 405 sleeping,   0 stopped,   0 zombie
%Cpu(s): 96.6 us,  0.4 sy,  0.0 ni,  3.0 id,  0.0 wa,  0.0 hi,  0.0 si,  0.0 st
KiB Mem : 65877712 total, 45988324 free,  5010440 used, 14878948 buff/cache
KiB Swap: 33554428 total, 32105460 free,  1448968 used. 59612868 avail Mem 
--
top - 13:00:11 up 111 days,  4:42,  0 users,  load average: 16.29, 14.10, 8.96
Tasks: 409 total,   2 running, 407 sleeping,   0 stopped,   0 zombie
%Cpu(s): 96.6 us,  0.3 sy,  0.0 ni,  3.1 id,  0.0 wa,  0.0 hi,  0.0 si,  0.0 st
KiB Mem : 65877712 total, 45847512 free,  5151252 used, 14878948 buff/cache
KiB Swap: 33554428 total, 32105460 free,  1448968 used. 59472056 avail Mem 
--
top - 13:00:16 up 111 days,  4:42,  0 users,  load average: 17.39, 14.37, 9.07
Tasks: 409 total,   2 running, 407 sleeping,   0 stopped,   0 zombie
%Cpu(s): 94.0 us,  0.4 sy,  0.0 ni,  5.6 id,  0.0 wa,  0.0 hi,  0.0 si,  0.0 st
KiB Mem : 65877712 total, 45665544 free,  5333220 used, 14878948 buff/cache
KiB Swap: 33554428 total, 32105460 free,  1448968 used. 59290088 avail Mem 
--
top - 13:00:21 up 111 days,  4:42,  0 users,  load average: 16.00, 14.13, 9.03
Tasks: 409 total,   1 running, 408 sleeping,   0 stopped,   0 zombie
%Cpu(s): 31.8 us,  0.1 sy,  0.0 ni, 68.1 id,  0.0 wa,  0.0 hi,  0.0 si,  0.0 st
KiB Mem : 65877712 total, 45565016 free,  5433748 used, 14878948 buff/cache
KiB Swap: 33554428 total, 32105460 free,  1448968 used. 59189560 avail Mem 
--
top - 13:00:26 up 111 days,  4:42,  0 users,  load average: 14.72, 13.89, 8.98
Tasks: 409 total,   1 running, 408 sleeping,   0 stopped,   0 zombie
%Cpu(s):  0.0 us,  0.1 sy,  0.0 ni, 99.9 id,  0.0 wa,  0.0 hi,  0.0 si,  0.0 st
KiB Mem : 65877712 total, 46041452 free,  4957312 used, 14878948 buff/cache
KiB Swap: 33554428 total, 32105460 free,  1448968 used. 59665996 avail Mem 
--
top - 13:00:31 up 111 days,  4:42,  0 users,  load average: 13.54, 13.66, 8.93
Tasks: 409 total,   1 running, 408 sleeping,   0 stopped,   0 zombie
%Cpu(s):  0.0 us,  0.0 sy,  0.0 ni, 99.9 id,  0.0 wa,  0.0 hi,  0.0 si,  0.0 st
KiB Mem : 65877712 total, 46041708 free,  4957056 used, 14878948 buff/cache
KiB Swap: 33554428 total, 32105460 free,  1448968 used. 59666252 avail Mem 
--
top - 13:00:36 up 111 days,  4:42,  0 users,  load average: 12.45, 13.44, 8.88
Tasks: 409 total,   1 running, 408 sleeping,   0 stopped,   0 zombie
%Cpu(s):  0.2 us,  0.2 sy,  0.0 ni, 99.6 id,  0.0 wa,  0.0 hi,  0.0 si,  0.0 st
KiB Mem : 65877712 total, 45928692 free,  5070072 used, 14878948 buff/cache
KiB Swap: 33554428 total, 32105460 free,  1448968 used. 59553236 avail Mem 
--
top - 13:00:41 up 111 days,  4:43,  0 users,  load average: 11.46, 13.21, 8.83
Tasks: 409 total,   1 running, 408 sleeping,   0 stopped,   0 zombie
%Cpu(s):  0.3 us,  0.2 sy,  0.0 ni, 99.5 id,  0.0 wa,  0.0 hi,  0.0 si,  0.0 st
KiB Mem : 65877712 total, 45771996 free,  5226768 used, 14878948 buff/cache
KiB Swap: 33554428 total, 32105460 free,  1448968 used. 59396540 avail Mem 
--
top - 13:00:46 up 111 days,  4:43,  0 users,  load average: 10.54, 12.99, 8.79
Tasks: 409 total,   1 running, 408 sleeping,   0 stopped,   0 zombie
%Cpu(s):  0.3 us,  0.2 sy,  0.0 ni, 99.5 id,  0.0 wa,  0.0 hi,  0.0 si,  0.0 st
KiB Mem : 65877712 total, 45621776 free,  5376988 used, 14878948 buff/cache
KiB Swap: 33554428 total, 32105460 free,  1448968 used. 59246320 avail Mem 
--
top - 13:00:51 up 111 days,  4:43,  0 users,  load average: 12.18, 13.29, 8.91
Tasks: 409 total,   2 running, 407 sleeping,   0 stopped,   0 zombie
%Cpu(s): 54.1 us,  0.6 sy,  0.0 ni, 45.3 id,  0.0 wa,  0.0 hi,  0.0 si,  0.0 st
KiB Mem : 65877712 total, 45477632 free,  5521132 used, 14878948 buff/cache
KiB Swap: 33554428 total, 32105460 free,  1448968 used. 59102176 avail Mem 
--
top - 13:00:56 up 111 days,  4:43,  0 users,  load average: 13.69, 13.59, 9.02
Tasks: 409 total,   2 running, 407 sleeping,   0 stopped,   0 zombie
%Cpu(s): 96.5 us,  0.4 sy,  0.0 ni,  3.1 id,  0.0 wa,  0.0 hi,  0.0 si,  0.0 st
KiB Mem : 65877712 total, 45347324 free,  5651436 used, 14878952 buff/cache
KiB Swap: 33554428 total, 32105460 free,  1448968 used. 58971872 avail Mem 
--
top - 13:01:01 up 111 days,  4:43,  0 users,  load average: 15.07, 13.88, 9.14
Tasks: 405 total,   2 running, 403 sleeping,   0 stopped,   0 zombie
%Cpu(s): 96.0 us,  0.6 sy,  0.0 ni,  3.4 id,  0.0 wa,  0.0 hi,  0.0 si,  0.0 st
KiB Mem : 65877712 total, 45173412 free,  5825348 used, 14878952 buff/cache
KiB Swap: 33554428 total, 32105460 free,  1448968 used. 58797960 avail Mem 
--
top - 13:01:06 up 111 days,  4:43,  0 users,  load average: 16.27, 14.14, 9.25
Tasks: 404 total,   2 running, 402 sleeping,   0 stopped,   0 zombie
%Cpu(s): 96.5 us,  0.4 sy,  0.0 ni,  3.1 id,  0.0 wa,  0.0 hi,  0.0 si,  0.0 st
KiB Mem : 65877712 total, 45011308 free,  5987452 used, 14878952 buff/cache
KiB Swap: 33554428 total, 32105460 free,  1448968 used. 58635856 avail Mem 
--
top - 13:01:11 up 111 days,  4:43,  0 users,  load average: 17.29, 14.39, 9.36
Tasks: 404 total,   2 running, 402 sleeping,   0 stopped,   0 zombie
%Cpu(s): 93.8 us,  0.5 sy,  0.0 ni,  5.7 id,  0.0 wa,  0.0 hi,  0.0 si,  0.0 st
KiB Mem : 65877712 total, 44897588 free,  6101172 used, 14878952 buff/cache
KiB Swap: 33554428 total, 32105460 free,  1448968 used. 58522136 avail Mem 
--
top - 13:01:16 up 111 days,  4:43,  0 users,  load average: 16.22, 14.22, 9.33
Tasks: 404 total,   1 running, 403 sleeping,   0 stopped,   0 zombie
%Cpu(s): 29.7 us,  0.2 sy,  0.0 ni, 70.1 id,  0.0 wa,  0.0 hi,  0.0 si,  0.0 st
KiB Mem : 65877712 total, 44775372 free,  6223388 used, 14878952 buff/cache
KiB Swap: 33554428 total, 32105460 free,  1448968 used. 58399920 avail Mem 
--
top - 13:01:21 up 111 days,  4:43,  0 users,  load average: 14.92, 13.98, 9.28
Tasks: 404 total,   1 running, 403 sleeping,   0 stopped,   0 zombie
%Cpu(s):  0.1 us,  0.1 sy,  0.0 ni, 99.8 id,  0.0 wa,  0.0 hi,  0.0 si,  0.0 st
KiB Mem : 65877712 total, 45248096 free,  5750664 used, 14878952 buff/cache
KiB Swap: 33554428 total, 32105460 free,  1448968 used. 58872644 avail Mem 
