Job id: 4755012
Worker ip: 10.149.0.59
Master ip: 10.149.0.68
--
top - 13:25:47 up 111 days,  5:09,  0 users,  load average: 0.55, 0.27, 1.32
Tasks: 401 total,   1 running, 400 sleeping,   0 stopped,   0 zombie
%Cpu(s):  2.2 us,  3.8 sy,  0.0 ni, 91.8 id,  1.8 wa,  0.0 hi,  0.4 si,  0.0 st
KiB Mem : 65877692 total, 48388420 free,  1196768 used, 16292504 buff/cache
KiB Swap: 33554428 total, 32377044 free,  1177384 used. 63364960 avail Mem 
--
top - 13:25:52 up 111 days,  5:09,  0 users,  load average: 0.59, 0.28, 1.31
Tasks: 408 total,   1 running, 407 sleeping,   0 stopped,   0 zombie
%Cpu(s):  1.8 us,  0.6 sy,  0.0 ni, 97.4 id,  0.2 wa,  0.0 hi,  0.0 si,  0.0 st
KiB Mem : 65877692 total, 48363244 free,  1215296 used, 16299152 buff/cache
KiB Swap: 33554428 total, 32377044 free,  1177384 used. 63346304 avail Mem 
--
top - 13:25:57 up 111 days,  5:09,  0 users,  load average: 0.54, 0.28, 1.31
Tasks: 408 total,   1 running, 407 sleeping,   0 stopped,   0 zombie
%Cpu(s):  0.0 us,  0.0 sy,  0.0 ni,100.0 id,  0.0 wa,  0.0 hi,  0.0 si,  0.0 st
KiB Mem : 65877692 total, 48364312 free,  1214228 used, 16299152 buff/cache
KiB Swap: 33554428 total, 32377044 free,  1177384 used. 63347404 avail Mem 
--
top - 13:26:02 up 111 days,  5:09,  0 users,  load average: 0.50, 0.27, 1.30
Tasks: 408 total,   1 running, 407 sleeping,   0 stopped,   0 zombie
%Cpu(s):  0.4 us,  0.2 sy,  0.0 ni, 99.0 id,  0.3 wa,  0.0 hi,  0.0 si,  0.0 st
KiB Mem : 65877692 total, 48362452 free,  1216088 used, 16299152 buff/cache
KiB Swap: 33554428 total, 32377044 free,  1177384 used. 63345584 avail Mem 
--
top - 13:26:07 up 111 days,  5:10,  0 users,  load average: 0.46, 0.27, 1.29
Tasks: 413 total,   1 running, 412 sleeping,   0 stopped,   0 zombie
%Cpu(s):  0.0 us,  0.0 sy,  0.0 ni,100.0 id,  0.0 wa,  0.0 hi,  0.0 si,  0.0 st
KiB Mem : 65877692 total, 48364208 free,  1214332 used, 16299152 buff/cache
KiB Swap: 33554428 total, 32377044 free,  1177384 used. 63347340 avail Mem 
--
top - 13:26:12 up 111 days,  5:10,  0 users,  load average: 0.42, 0.26, 1.29
Tasks: 413 total,   1 running, 412 sleeping,   0 stopped,   0 zombie
%Cpu(s):  0.0 us,  0.0 sy,  0.0 ni,100.0 id,  0.0 wa,  0.0 hi,  0.0 si,  0.0 st
KiB Mem : 65877692 total, 48365208 free,  1213332 used, 16299152 buff/cache
KiB Swap: 33554428 total, 32377044 free,  1177384 used. 63348340 avail Mem 
--
top - 13:26:17 up 111 days,  5:10,  0 users,  load average: 0.39, 0.26, 1.28
Tasks: 413 total,   1 running, 412 sleeping,   0 stopped,   0 zombie
%Cpu(s):  0.0 us,  0.0 sy,  0.0 ni,100.0 id,  0.0 wa,  0.0 hi,  0.0 si,  0.0 st
KiB Mem : 65877692 total, 48365820 free,  1212720 used, 16299152 buff/cache
KiB Swap: 33554428 total, 32377044 free,  1177384 used. 63348952 avail Mem 
--
top - 13:26:22 up 111 days,  5:10,  0 users,  load average: 0.36, 0.26, 1.27
Tasks: 413 total,   1 running, 412 sleeping,   0 stopped,   0 zombie
%Cpu(s):  0.0 us,  0.0 sy,  0.0 ni, 99.9 id,  0.0 wa,  0.0 hi,  0.0 si,  0.0 st
KiB Mem : 65877692 total, 48350820 free,  1227720 used, 16299152 buff/cache
KiB Swap: 33554428 total, 32377044 free,  1177384 used. 63333952 avail Mem 
--
top - 13:26:27 up 111 days,  5:10,  0 users,  load average: 0.33, 0.25, 1.27
Tasks: 413 total,   1 running, 412 sleeping,   0 stopped,   0 zombie
%Cpu(s):  0.1 us,  0.0 sy,  0.0 ni, 99.9 id,  0.0 wa,  0.0 hi,  0.0 si,  0.0 st
KiB Mem : 65877692 total, 48315120 free,  1263420 used, 16299152 buff/cache
KiB Swap: 33554428 total, 32377044 free,  1177384 used. 63298252 avail Mem 
--
top - 13:26:32 up 111 days,  5:10,  0 users,  load average: 0.30, 0.25, 1.26
Tasks: 413 total,   1 running, 412 sleeping,   0 stopped,   0 zombie
%Cpu(s):  0.1 us,  0.1 sy,  0.0 ni, 99.8 id,  0.0 wa,  0.0 hi,  0.0 si,  0.0 st
KiB Mem : 65877692 total, 48267280 free,  1311260 used, 16299152 buff/cache
KiB Swap: 33554428 total, 32377044 free,  1177384 used. 63250412 avail Mem 
--
top - 13:26:37 up 111 days,  5:10,  0 users,  load average: 0.28, 0.24, 1.25
Tasks: 413 total,   1 running, 412 sleeping,   0 stopped,   0 zombie
%Cpu(s):  0.1 us,  0.0 sy,  0.0 ni, 99.9 id,  0.0 wa,  0.0 hi,  0.0 si,  0.0 st
KiB Mem : 65877692 total, 48238376 free,  1340164 used, 16299152 buff/cache
KiB Swap: 33554428 total, 32377044 free,  1177384 used. 63221508 avail Mem 
--
top - 13:26:42 up 111 days,  5:10,  0 users,  load average: 0.26, 0.24, 1.25
Tasks: 411 total,   1 running, 410 sleeping,   0 stopped,   0 zombie
%Cpu(s):  0.1 us,  0.0 sy,  0.0 ni, 99.9 id,  0.0 wa,  0.0 hi,  0.0 si,  0.0 st
KiB Mem : 65877692 total, 48194528 free,  1384008 used, 16299156 buff/cache
KiB Swap: 33554428 total, 32377044 free,  1177384 used. 63177660 avail Mem 
--
top - 13:26:47 up 111 days,  5:10,  0 users,  load average: 0.23, 0.24, 1.24
Tasks: 411 total,   1 running, 410 sleeping,   0 stopped,   0 zombie
%Cpu(s):  0.1 us,  0.1 sy,  0.0 ni, 99.9 id,  0.0 wa,  0.0 hi,  0.0 si,  0.0 st
KiB Mem : 65877692 total, 48162292 free,  1416244 used, 16299156 buff/cache
KiB Swap: 33554428 total, 32377044 free,  1177384 used. 63145428 avail Mem 
--
top - 13:26:52 up 111 days,  5:10,  0 users,  load average: 0.22, 0.23, 1.23
Tasks: 411 total,   2 running, 409 sleeping,   0 stopped,   0 zombie
%Cpu(s): 49.1 us,  0.6 sy,  0.0 ni, 50.3 id,  0.0 wa,  0.0 hi,  0.0 si,  0.0 st
KiB Mem : 65877692 total, 47760816 free,  1817720 used, 16299156 buff/cache
KiB Swap: 33554428 total, 32377044 free,  1177384 used. 62743952 avail Mem 
--
top - 13:26:57 up 111 days,  5:10,  0 users,  load average: 2.12, 0.63, 1.35
Tasks: 411 total,   1 running, 410 sleeping,   0 stopped,   0 zombie
%Cpu(s): 76.7 us,  0.2 sy,  0.0 ni, 23.1 id,  0.0 wa,  0.0 hi,  0.0 si,  0.0 st
KiB Mem : 65877692 total, 47638288 free,  1940248 used, 16299156 buff/cache
KiB Swap: 33554428 total, 32377044 free,  1177384 used. 62621424 avail Mem 
--
top - 13:27:02 up 111 days,  5:10,  0 users,  load average: 1.95, 0.62, 1.35
Tasks: 408 total,   1 running, 407 sleeping,   0 stopped,   0 zombie
%Cpu(s):  0.0 us,  0.0 sy,  0.0 ni, 99.9 id,  0.0 wa,  0.0 hi,  0.0 si,  0.0 st
KiB Mem : 65877692 total, 47871604 free,  1706932 used, 16299156 buff/cache
KiB Swap: 33554428 total, 32377044 free,  1177384 used. 62854740 avail Mem 
--
top - 13:27:07 up 111 days,  5:11,  0 users,  load average: 1.79, 0.61, 1.34
Tasks: 408 total,   1 running, 407 sleeping,   0 stopped,   0 zombie
%Cpu(s):  0.0 us,  0.0 sy,  0.0 ni,100.0 id,  0.0 wa,  0.0 hi,  0.0 si,  0.0 st
KiB Mem : 65877692 total, 47870368 free,  1708168 used, 16299156 buff/cache
KiB Swap: 33554428 total, 32377044 free,  1177384 used. 62853504 avail Mem 
--
top - 13:27:12 up 111 days,  5:11,  0 users,  load average: 1.65, 0.60, 1.33
Tasks: 407 total,   1 running, 406 sleeping,   0 stopped,   0 zombie
%Cpu(s):  0.1 us,  0.1 sy,  0.0 ni, 99.8 id,  0.0 wa,  0.0 hi,  0.0 si,  0.0 st
KiB Mem : 65877692 total, 47832736 free,  1745800 used, 16299156 buff/cache
KiB Swap: 33554428 total, 32377044 free,  1177384 used. 62815872 avail Mem 
--
top - 13:27:17 up 111 days,  5:11,  0 users,  load average: 1.52, 0.59, 1.32
Tasks: 407 total,   1 running, 406 sleeping,   0 stopped,   0 zombie
%Cpu(s):  0.1 us,  0.1 sy,  0.0 ni, 99.9 id,  0.0 wa,  0.0 hi,  0.0 si,  0.0 st
KiB Mem : 65877692 total, 47795032 free,  1783504 used, 16299156 buff/cache
KiB Swap: 33554428 total, 32377044 free,  1177384 used. 62778168 avail Mem 
--
top - 13:27:22 up 111 days,  5:11,  0 users,  load average: 1.40, 0.58, 1.32
Tasks: 407 total,   2 running, 405 sleeping,   0 stopped,   0 zombie
%Cpu(s):  0.1 us,  0.1 sy,  0.0 ni, 99.9 id,  0.0 wa,  0.0 hi,  0.0 si,  0.0 st
KiB Mem : 65877692 total, 47756436 free,  1822100 used, 16299156 buff/cache
KiB Swap: 33554428 total, 32377044 free,  1177384 used. 62739572 avail Mem 
--
top - 13:27:27 up 111 days,  5:11,  0 users,  load average: 1.29, 0.57, 1.31
Tasks: 407 total,   1 running, 406 sleeping,   0 stopped,   0 zombie
%Cpu(s):  0.1 us,  0.0 sy,  0.0 ni, 99.9 id,  0.0 wa,  0.0 hi,  0.0 si,  0.0 st
KiB Mem : 65877692 total, 47719944 free,  1858592 used, 16299156 buff/cache
KiB Swap: 33554428 total, 32377044 free,  1177384 used. 62703080 avail Mem 
--
top - 13:27:32 up 111 days,  5:11,  0 users,  load average: 1.18, 0.56, 1.30
Tasks: 407 total,   1 running, 406 sleeping,   0 stopped,   0 zombie
%Cpu(s):  0.1 us,  0.1 sy,  0.0 ni, 99.9 id,  0.0 wa,  0.0 hi,  0.0 si,  0.0 st
KiB Mem : 65877692 total, 47680800 free,  1897736 used, 16299156 buff/cache
KiB Swap: 33554428 total, 32377044 free,  1177384 used. 62663936 avail Mem 
--
top - 13:27:37 up 111 days,  5:11,  0 users,  load average: 1.09, 0.55, 1.30
Tasks: 407 total,   1 running, 406 sleeping,   0 stopped,   0 zombie
%Cpu(s):  0.1 us,  0.1 sy,  0.0 ni, 99.9 id,  0.0 wa,  0.0 hi,  0.0 si,  0.0 st
KiB Mem : 65877692 total, 47630936 free,  1947596 used, 16299160 buff/cache
KiB Swap: 33554428 total, 32377044 free,  1177384 used. 62614072 avail Mem 
--
top - 13:27:42 up 111 days,  5:11,  0 users,  load average: 1.00, 0.54, 1.29
Tasks: 407 total,   2 running, 405 sleeping,   0 stopped,   0 zombie
%Cpu(s): 41.7 us,  0.3 sy,  0.0 ni, 58.0 id,  0.0 wa,  0.0 hi,  0.0 si,  0.0 st
KiB Mem : 65877692 total, 47558360 free,  2020172 used, 16299160 buff/cache
KiB Swap: 33554428 total, 32377044 free,  1177384 used. 62541500 avail Mem 
--
top - 13:27:47 up 111 days,  5:11,  0 users,  load average: 3.08, 0.98, 1.43
Tasks: 407 total,   2 running, 405 sleeping,   0 stopped,   0 zombie
%Cpu(s): 81.8 us,  0.4 sy,  0.0 ni, 17.8 id,  0.0 wa,  0.0 hi,  0.0 si,  0.0 st
KiB Mem : 65877692 total, 47404432 free,  2174100 used, 16299160 buff/cache
KiB Swap: 33554428 total, 32377044 free,  1177384 used. 62387572 avail Mem 
--
top - 13:27:52 up 111 days,  5:11,  0 users,  load average: 2.84, 0.96, 1.42
Tasks: 407 total,   1 running, 406 sleeping,   0 stopped,   0 zombie
%Cpu(s):  0.0 us,  0.0 sy,  0.0 ni, 99.9 id,  0.0 wa,  0.0 hi,  0.0 si,  0.0 st
KiB Mem : 65877692 total, 47642996 free,  1935536 used, 16299160 buff/cache
KiB Swap: 33554428 total, 32377044 free,  1177384 used. 62626136 avail Mem 
--
top - 13:27:57 up 111 days,  5:11,  0 users,  load average: 2.61, 0.95, 1.41
Tasks: 407 total,   1 running, 406 sleeping,   0 stopped,   0 zombie
%Cpu(s):  0.0 us,  0.0 sy,  0.0 ni,100.0 id,  0.0 wa,  0.0 hi,  0.0 si,  0.0 st
KiB Mem : 65877692 total, 47645296 free,  1933236 used, 16299160 buff/cache
KiB Swap: 33554428 total, 32377044 free,  1177384 used. 62628436 avail Mem 
--
top - 13:28:02 up 111 days,  5:11,  0 users,  load average: 2.40, 0.93, 1.40
Tasks: 410 total,   1 running, 409 sleeping,   0 stopped,   0 zombie
%Cpu(s):  0.4 us,  0.3 sy,  0.0 ni, 98.9 id,  0.3 wa,  0.0 hi,  0.0 si,  0.0 st
KiB Mem : 65877692 total, 47604712 free,  1973816 used, 16299164 buff/cache
KiB Swap: 33554428 total, 32377044 free,  1177384 used. 62587852 avail Mem 
--
top - 13:28:07 up 111 days,  5:12,  0 users,  load average: 2.21, 0.91, 1.40
Tasks: 410 total,   1 running, 409 sleeping,   0 stopped,   0 zombie
%Cpu(s):  0.1 us,  0.1 sy,  0.0 ni, 99.9 id,  0.0 wa,  0.0 hi,  0.0 si,  0.0 st
KiB Mem : 65877692 total, 47563752 free,  2014776 used, 16299164 buff/cache
KiB Swap: 33554428 total, 32377044 free,  1177384 used. 62546892 avail Mem 
--
top - 13:28:12 up 111 days,  5:12,  0 users,  load average: 2.03, 0.90, 1.39
Tasks: 410 total,   1 running, 409 sleeping,   0 stopped,   0 zombie
%Cpu(s):  0.1 us,  0.0 sy,  0.0 ni, 99.9 id,  0.0 wa,  0.0 hi,  0.0 si,  0.0 st
KiB Mem : 65877692 total, 47533724 free,  2044804 used, 16299164 buff/cache
KiB Swap: 33554428 total, 32377044 free,  1177384 used. 62516864 avail Mem 
--
top - 13:28:17 up 111 days,  5:12,  0 users,  load average: 1.87, 0.88, 1.38
Tasks: 410 total,   1 running, 409 sleeping,   0 stopped,   0 zombie
%Cpu(s):  0.0 us,  0.1 sy,  0.0 ni, 99.9 id,  0.0 wa,  0.0 hi,  0.0 si,  0.0 st
KiB Mem : 65877692 total, 47485684 free,  2092844 used, 16299164 buff/cache
KiB Swap: 33554428 total, 32377044 free,  1177384 used. 62468824 avail Mem 
--
top - 13:28:22 up 111 days,  5:12,  0 users,  load average: 1.72, 0.87, 1.38
Tasks: 410 total,   1 running, 409 sleeping,   0 stopped,   0 zombie
%Cpu(s):  0.1 us,  0.1 sy,  0.0 ni, 99.8 id,  0.0 wa,  0.0 hi,  0.0 si,  0.0 st
KiB Mem : 65877692 total, 47445260 free,  2133268 used, 16299164 buff/cache
KiB Swap: 33554428 total, 32377044 free,  1177384 used. 62428400 avail Mem 
--
top - 13:28:27 up 111 days,  5:12,  0 users,  load average: 1.58, 0.85, 1.37
Tasks: 410 total,   1 running, 409 sleeping,   0 stopped,   0 zombie
%Cpu(s):  0.1 us,  0.0 sy,  0.0 ni, 99.9 id,  0.0 wa,  0.0 hi,  0.0 si,  0.0 st
KiB Mem : 65877692 total, 47406404 free,  2172124 used, 16299164 buff/cache
KiB Swap: 33554428 total, 32377044 free,  1177384 used. 62389544 avail Mem 
--
top - 13:28:32 up 111 days,  5:12,  0 users,  load average: 1.45, 0.84, 1.36
Tasks: 410 total,   2 running, 408 sleeping,   0 stopped,   0 zombie
%Cpu(s):  0.4 us,  0.2 sy,  0.0 ni, 99.4 id,  0.0 wa,  0.0 hi,  0.0 si,  0.0 st
KiB Mem : 65877692 total, 47380672 free,  2197852 used, 16299168 buff/cache
KiB Swap: 33554428 total, 32377044 free,  1177384 used. 62363816 avail Mem 
--
top - 13:28:37 up 111 days,  5:12,  0 users,  load average: 3.58, 1.29, 1.50
Tasks: 410 total,   2 running, 408 sleeping,   0 stopped,   0 zombie
%Cpu(s): 95.0 us,  1.0 sy,  0.0 ni,  4.0 id,  0.0 wa,  0.0 hi,  0.0 si,  0.0 st
KiB Mem : 65877692 total, 47225160 free,  2353364 used, 16299168 buff/cache
KiB Swap: 33554428 total, 32377044 free,  1177384 used. 62208308 avail Mem 
--
top - 13:28:42 up 111 days,  5:12,  0 users,  load average: 5.38, 1.70, 1.64
Tasks: 410 total,   1 running, 409 sleeping,   0 stopped,   0 zombie
%Cpu(s): 30.2 us,  0.2 sy,  0.0 ni, 69.5 id,  0.0 wa,  0.0 hi,  0.0 si,  0.0 st
KiB Mem : 65877692 total, 47142564 free,  2435960 used, 16299168 buff/cache
KiB Swap: 33554428 total, 32377044 free,  1177384 used. 62125712 avail Mem 
--
top - 13:28:47 up 111 days,  5:12,  0 users,  load average: 4.94, 1.67, 1.63
Tasks: 410 total,   1 running, 409 sleeping,   0 stopped,   0 zombie
%Cpu(s):  0.0 us,  0.1 sy,  0.0 ni, 99.9 id,  0.0 wa,  0.0 hi,  0.0 si,  0.0 st
KiB Mem : 65877692 total, 47404804 free,  2173720 used, 16299168 buff/cache
KiB Swap: 33554428 total, 32377044 free,  1177384 used. 62387952 avail Mem 
--
top - 13:28:52 up 111 days,  5:12,  0 users,  load average: 4.55, 1.64, 1.62
Tasks: 410 total,   1 running, 409 sleeping,   0 stopped,   0 zombie
%Cpu(s):  0.1 us,  0.0 sy,  0.0 ni, 99.9 id,  0.0 wa,  0.0 hi,  0.0 si,  0.0 st
KiB Mem : 65877692 total, 47394256 free,  2184268 used, 16299168 buff/cache
KiB Swap: 33554428 total, 32377044 free,  1177384 used. 62377404 avail Mem 
--
top - 13:28:57 up 111 days,  5:12,  0 users,  load average: 4.18, 1.62, 1.61
Tasks: 410 total,   1 running, 409 sleeping,   0 stopped,   0 zombie
%Cpu(s):  0.1 us,  0.1 sy,  0.0 ni, 99.9 id,  0.0 wa,  0.0 hi,  0.0 si,  0.0 st
KiB Mem : 65877692 total, 47358572 free,  2219952 used, 16299168 buff/cache
KiB Swap: 33554428 total, 32377044 free,  1177384 used. 62341720 avail Mem 
--
top - 13:29:03 up 111 days,  5:12,  0 users,  load average: 3.85, 1.59, 1.60
Tasks: 410 total,   1 running, 409 sleeping,   0 stopped,   0 zombie
%Cpu(s):  0.1 us,  0.1 sy,  0.0 ni, 99.9 id,  0.0 wa,  0.0 hi,  0.0 si,  0.0 st
KiB Mem : 65877692 total, 47326836 free,  2251688 used, 16299168 buff/cache
KiB Swap: 33554428 total, 32377044 free,  1177384 used. 62309984 avail Mem 
--
top - 13:29:08 up 111 days,  5:13,  0 users,  load average: 3.54, 1.56, 1.59
Tasks: 407 total,   1 running, 406 sleeping,   0 stopped,   0 zombie
%Cpu(s):  0.1 us,  0.1 sy,  0.0 ni, 99.9 id,  0.0 wa,  0.0 hi,  0.0 si,  0.0 st
KiB Mem : 65877692 total, 47290264 free,  2288260 used, 16299168 buff/cache
KiB Swap: 33554428 total, 32377044 free,  1177384 used. 62273412 avail Mem 
--
top - 13:29:13 up 111 days,  5:13,  0 users,  load average: 3.26, 1.54, 1.58
Tasks: 407 total,   1 running, 406 sleeping,   0 stopped,   0 zombie
%Cpu(s):  0.1 us,  0.1 sy,  0.0 ni, 99.9 id,  0.0 wa,  0.0 hi,  0.0 si,  0.0 st
KiB Mem : 65877692 total, 47257652 free,  2320872 used, 16299168 buff/cache
KiB Swap: 33554428 total, 32377044 free,  1177384 used. 62240800 avail Mem 
--
top - 13:29:18 up 111 days,  5:13,  0 users,  load average: 3.00, 1.51, 1.57
Tasks: 407 total,   1 running, 406 sleeping,   0 stopped,   0 zombie
%Cpu(s):  0.1 us,  0.1 sy,  0.0 ni, 99.9 id,  0.0 wa,  0.0 hi,  0.0 si,  0.0 st
KiB Mem : 65877692 total, 47223988 free,  2354536 used, 16299168 buff/cache
KiB Swap: 33554428 total, 32377044 free,  1177384 used. 62207136 avail Mem 
--
top - 13:29:23 up 111 days,  5:13,  0 users,  load average: 2.76, 1.49, 1.57
Tasks: 407 total,   2 running, 405 sleeping,   0 stopped,   0 zombie
%Cpu(s): 15.7 us,  0.3 sy,  0.0 ni, 84.0 id,  0.0 wa,  0.0 hi,  0.0 si,  0.0 st
KiB Mem : 65877692 total, 47139448 free,  2439072 used, 16299172 buff/cache
KiB Swap: 33554428 total, 32377044 free,  1177384 used. 62122600 avail Mem 
--
top - 13:29:28 up 111 days,  5:13,  0 users,  load average: 4.86, 1.94, 1.71
Tasks: 407 total,   2 running, 405 sleeping,   0 stopped,   0 zombie
%Cpu(s): 93.6 us,  0.4 sy,  0.0 ni,  6.0 id,  0.0 wa,  0.0 hi,  0.0 si,  0.0 st
KiB Mem : 65877692 total, 46995876 free,  2582644 used, 16299172 buff/cache
KiB Swap: 33554428 total, 32377044 free,  1177384 used. 61979028 avail Mem 
--
top - 13:29:33 up 111 days,  5:13,  0 users,  load average: 5.91, 2.21, 1.80
Tasks: 407 total,   1 running, 406 sleeping,   0 stopped,   0 zombie
%Cpu(s): 12.0 us,  0.1 sy,  0.0 ni, 87.9 id,  0.0 wa,  0.0 hi,  0.0 si,  0.0 st
KiB Mem : 65877692 total, 47028268 free,  2550252 used, 16299172 buff/cache
KiB Swap: 33554428 total, 32377044 free,  1177384 used. 62011420 avail Mem 
--
top - 13:29:38 up 111 days,  5:13,  0 users,  load average: 5.44, 2.17, 1.79
Tasks: 407 total,   1 running, 406 sleeping,   0 stopped,   0 zombie
%Cpu(s):  0.0 us,  0.0 sy,  0.0 ni,100.0 id,  0.0 wa,  0.0 hi,  0.0 si,  0.0 st
KiB Mem : 65877692 total, 47187984 free,  2390536 used, 16299172 buff/cache
KiB Swap: 33554428 total, 32377044 free,  1177384 used. 62171136 avail Mem 
--
top - 13:29:43 up 111 days,  5:13,  0 users,  load average: 5.00, 2.14, 1.78
Tasks: 407 total,   1 running, 406 sleeping,   0 stopped,   0 zombie
%Cpu(s):  0.1 us,  0.0 sy,  0.0 ni, 99.9 id,  0.0 wa,  0.0 hi,  0.0 si,  0.0 st
KiB Mem : 65877692 total, 47172108 free,  2406412 used, 16299172 buff/cache
KiB Swap: 33554428 total, 32377044 free,  1177384 used. 62155260 avail Mem 
--
top - 13:29:48 up 111 days,  5:13,  0 users,  load average: 4.60, 2.10, 1.77
Tasks: 407 total,   1 running, 406 sleeping,   0 stopped,   0 zombie
%Cpu(s):  0.1 us,  0.1 sy,  0.0 ni, 99.8 id,  0.0 wa,  0.0 hi,  0.0 si,  0.0 st
KiB Mem : 65877692 total, 47119140 free,  2459380 used, 16299172 buff/cache
KiB Swap: 33554428 total, 32377044 free,  1177384 used. 62102292 avail Mem 
--
top - 13:29:53 up 111 days,  5:13,  0 users,  load average: 4.23, 2.07, 1.76
Tasks: 407 total,   1 running, 406 sleeping,   0 stopped,   0 zombie
%Cpu(s):  0.1 us,  0.1 sy,  0.0 ni, 99.8 id,  0.0 wa,  0.0 hi,  0.0 si,  0.0 st
KiB Mem : 65877692 total, 47080352 free,  2498168 used, 16299172 buff/cache
KiB Swap: 33554428 total, 32377044 free,  1177384 used. 62063504 avail Mem 
--
top - 13:29:58 up 111 days,  5:13,  0 users,  load average: 3.89, 2.03, 1.75
Tasks: 407 total,   2 running, 405 sleeping,   0 stopped,   0 zombie
%Cpu(s):  0.1 us,  0.0 sy,  0.0 ni, 99.9 id,  0.0 wa,  0.0 hi,  0.0 si,  0.0 st
KiB Mem : 65877692 total, 47063188 free,  2515332 used, 16299172 buff/cache
KiB Swap: 33554428 total, 32377044 free,  1177384 used. 62046340 avail Mem 
--
top - 13:30:03 up 111 days,  5:13,  0 users,  load average: 3.58, 2.00, 1.74
Tasks: 408 total,   1 running, 407 sleeping,   0 stopped,   0 zombie
%Cpu(s):  0.5 us,  0.3 sy,  0.0 ni, 98.9 id,  0.4 wa,  0.0 hi,  0.0 si,  0.0 st
KiB Mem : 65877692 total, 47023476 free,  2554988 used, 16299228 buff/cache
KiB Swap: 33554428 total, 32377044 free,  1177384 used. 62006636 avail Mem 
--
top - 13:30:08 up 111 days,  5:14,  0 users,  load average: 3.30, 1.97, 1.73
Tasks: 406 total,   1 running, 405 sleeping,   0 stopped,   0 zombie
%Cpu(s):  0.1 us,  0.1 sy,  0.0 ni, 99.9 id,  0.0 wa,  0.0 hi,  0.0 si,  0.0 st
KiB Mem : 65877692 total, 46981696 free,  2596800 used, 16299196 buff/cache
KiB Swap: 33554428 total, 32377044 free,  1177384 used. 61964860 avail Mem 
--
top - 13:30:13 up 111 days,  5:14,  0 users,  load average: 3.03, 1.93, 1.72
Tasks: 405 total,   1 running, 404 sleeping,   0 stopped,   0 zombie
%Cpu(s):  0.1 us,  0.1 sy,  0.0 ni, 99.9 id,  0.0 wa,  0.0 hi,  0.0 si,  0.0 st
KiB Mem : 65877692 total, 46932292 free,  2646204 used, 16299196 buff/cache
KiB Swap: 33554428 total, 32377044 free,  1177384 used. 61915460 avail Mem 
--
top - 13:30:18 up 111 days,  5:14,  0 users,  load average: 2.79, 1.90, 1.72
Tasks: 405 total,   2 running, 403 sleeping,   0 stopped,   0 zombie
%Cpu(s): 81.9 us,  1.0 sy,  0.0 ni, 17.1 id,  0.0 wa,  0.0 hi,  0.0 si,  0.0 st
KiB Mem : 65877692 total, 46796512 free,  2781980 used, 16299200 buff/cache
KiB Swap: 33554428 total, 32377044 free,  1177384 used. 61779684 avail Mem 
--
top - 13:30:23 up 111 days,  5:14,  0 users,  load average: 4.33, 2.24, 1.82
Tasks: 405 total,   1 running, 404 sleeping,   0 stopped,   0 zombie
%Cpu(s): 42.9 us,  0.3 sy,  0.0 ni, 56.8 id,  0.0 wa,  0.0 hi,  0.0 si,  0.0 st
KiB Mem : 65877692 total, 46724596 free,  2853896 used, 16299200 buff/cache
KiB Swap: 33554428 total, 32377044 free,  1177384 used. 61707768 avail Mem 
