10.149.0.68
2024/01/02 12:38:05 Master node address: http://10.149.0.54:8000
2024/01/02 12:38:05 Benchmarking worker...
2024/01/02 12:38:06 Worker registered (1878 MCUPS). Waiting for work...
2024/01/02 12:38:48 Got work. Start calculating alignments...
2024/01/02 12:38:48 Calculating 32000 queries
2024/01/02 12:40:47 Done calculating alignments.
2024/01/02 12:40:47 Waiting for work...
2024/01/02 12:41:00 Got work. Start calculating alignments...
2024/01/02 12:41:00 Calculating 32000 queries
2024/01/02 12:42:55 Done calculating alignments.
2024/01/02 12:42:55 Waiting for work...
2024/01/02 12:43:09 Got work. Start calculating alignments...
2024/01/02 12:43:09 Calculating 32000 queries
2024/01/02 12:45:06 Done calculating alignments.
2024/01/02 12:45:06 Waiting for work...
2024/01/02 12:45:21 Got work. Start calculating alignments...
2024/01/02 12:45:21 Calculating 32000 queries
2024/01/02 12:47:19 Done calculating alignments.
2024/01/02 12:47:19 Waiting for work...
2024/01/02 12:47:33 Got work. Start calculating alignments...
2024/01/02 12:47:33 Calculating 32000 queries
2024/01/02 12:49:42 Done calculating alignments.
2024/01/02 12:49:42 Waiting for work...
slurmstepd: error: *** JOB 4754963 ON node068 CANCELLED AT 2024-01-02T12:49:45 ***
