10.149.0.63
2024/01/02 13:01:27 Master node address: http://10.149.0.55:8000
2024/01/02 13:01:27 Benchmarking worker...
2024/01/02 13:01:28 Worker registered (1766 MCUPS). Waiting for work...
2024/01/02 13:02:28 Got work. Start calculating alignments...
2024/01/02 13:02:28 Calculating 3875 queries
2024/01/02 13:02:44 Done calculating alignments.
2024/01/02 13:02:44 Waiting for work...
2024/01/02 13:03:20 Got work. Start calculating alignments...
2024/01/02 13:03:20 Calculating 3875 queries
2024/01/02 13:03:37 Done calculating alignments.
2024/01/02 13:03:37 Waiting for work...
2024/01/02 13:04:12 Got work. Start calculating alignments...
2024/01/02 13:04:12 Calculating 3875 queries
2024/01/02 13:04:29 Done calculating alignments.
2024/01/02 13:04:29 Waiting for work...
2024/01/02 13:04:59 Got work. Start calculating alignments...
2024/01/02 13:04:59 Calculating 3875 queries
2024/01/02 13:05:13 Done calculating alignments.
2024/01/02 13:05:13 Waiting for work...
2024/01/02 13:05:45 Got work. Start calculating alignments...
2024/01/02 13:05:45 Calculating 3875 queries
2024/01/02 13:06:01 Done calculating alignments.
2024/01/02 13:06:01 Waiting for work...
slurmstepd: error: *** JOB 4754994 ON node063 CANCELLED AT 2024-01-02T13:06:06 ***
