Job id: 4754999
Worker ip: 10.149.0.31
Master ip: 10.149.0.55
--
top - 13:01:26 up 111 days,  4:44,  0 users,  load average: 0.04, 0.09, 0.52
Tasks: 396 total,   1 running, 395 sleeping,   0 stopped,   0 zombie
%Cpu(s):  3.7 us,  5.2 sy,  0.0 ni, 90.9 id,  0.0 wa,  0.0 hi,  0.2 si,  0.0 st
KiB Mem : 65877712 total, 56771604 free,  1118412 used,  7987696 buff/cache
KiB Swap: 33554428 total, 32356164 free,  1198264 used. 63517436 avail Mem 
--
top - 13:01:31 up 111 days,  4:44,  0 users,  load average: 0.04, 0.09, 0.51
Tasks: 397 total,   1 running, 396 sleeping,   0 stopped,   0 zombie
%Cpu(s):  1.6 us,  0.4 sy,  0.0 ni, 97.9 id,  0.0 wa,  0.0 hi,  0.0 si,  0.0 st
KiB Mem : 65877712 total, 56752336 free,  1130920 used,  7994456 buff/cache
KiB Swap: 33554428 total, 32356164 free,  1198264 used. 63504820 avail Mem 
--
top - 13:01:36 up 111 days,  4:44,  0 users,  load average: 0.04, 0.09, 0.51
Tasks: 397 total,   1 running, 396 sleeping,   0 stopped,   0 zombie
%Cpu(s):  0.0 us,  0.0 sy,  0.0 ni,100.0 id,  0.0 wa,  0.0 hi,  0.0 si,  0.0 st
KiB Mem : 65877712 total, 56753496 free,  1129760 used,  7994456 buff/cache
KiB Swap: 33554428 total, 32356164 free,  1198264 used. 63505980 avail Mem 
--
top - 13:01:41 up 111 days,  4:45,  0 users,  load average: 0.03, 0.08, 0.51
Tasks: 398 total,   2 running, 396 sleeping,   0 stopped,   0 zombie
%Cpu(s):  0.0 us,  0.0 sy,  0.0 ni,100.0 id,  0.0 wa,  0.0 hi,  0.0 si,  0.0 st
KiB Mem : 65877712 total, 56753892 free,  1129364 used,  7994456 buff/cache
KiB Swap: 33554428 total, 32356164 free,  1198264 used. 63506376 avail Mem 
--
top - 13:01:46 up 111 days,  4:45,  0 users,  load average: 0.03, 0.08, 0.50
Tasks: 399 total,   1 running, 398 sleeping,   0 stopped,   0 zombie
%Cpu(s):  0.0 us,  0.0 sy,  0.0 ni,100.0 id,  0.0 wa,  0.0 hi,  0.0 si,  0.0 st
KiB Mem : 65877712 total, 56755100 free,  1128156 used,  7994456 buff/cache
KiB Swap: 33554428 total, 32356164 free,  1198264 used. 63507584 avail Mem 
--
top - 13:01:51 up 111 days,  4:45,  0 users,  load average: 0.11, 0.10, 0.51
Tasks: 399 total,   1 running, 398 sleeping,   0 stopped,   0 zombie
%Cpu(s):  0.0 us,  0.0 sy,  0.0 ni, 98.8 id,  1.2 wa,  0.0 hi,  0.0 si,  0.0 st
KiB Mem : 65877712 total, 56755612 free,  1127644 used,  7994456 buff/cache
KiB Swap: 33554428 total, 32356164 free,  1198264 used. 63508096 avail Mem 
--
top - 13:01:56 up 111 days,  4:45,  0 users,  load average: 0.66, 0.21, 0.54
Tasks: 402 total,   1 running, 401 sleeping,   0 stopped,   0 zombie
%Cpu(s):  0.0 us,  0.0 sy,  0.0 ni, 91.0 id,  9.0 wa,  0.0 hi,  0.0 si,  0.0 st
KiB Mem : 65877712 total, 56756268 free,  1126988 used,  7994456 buff/cache
KiB Swap: 33554428 total, 32356164 free,  1198264 used. 63508752 avail Mem 
--
top - 13:02:01 up 111 days,  4:45,  0 users,  load average: 0.85, 0.26, 0.56
Tasks: 402 total,   1 running, 401 sleeping,   0 stopped,   0 zombie
%Cpu(s):  0.4 us,  0.2 sy,  0.0 ni, 92.1 id,  7.2 wa,  0.0 hi,  0.0 si,  0.0 st
KiB Mem : 65877712 total, 56749592 free,  1133664 used,  7994456 buff/cache
KiB Swap: 33554428 total, 32356164 free,  1198264 used. 63502076 avail Mem 
--
top - 13:02:06 up 111 days,  4:45,  0 users,  load average: 0.78, 0.25, 0.55
Tasks: 402 total,   1 running, 401 sleeping,   0 stopped,   0 zombie
%Cpu(s):  0.1 us,  0.0 sy,  0.0 ni, 99.9 id,  0.0 wa,  0.0 hi,  0.0 si,  0.0 st
KiB Mem : 65877712 total, 56737004 free,  1146252 used,  7994456 buff/cache
KiB Swap: 33554428 total, 32356164 free,  1198264 used. 63489488 avail Mem 
--
top - 13:02:11 up 111 days,  4:45,  0 users,  load average: 0.72, 0.25, 0.55
Tasks: 402 total,   1 running, 401 sleeping,   0 stopped,   0 zombie
%Cpu(s):  0.1 us,  0.1 sy,  0.0 ni, 99.8 id,  0.0 wa,  0.0 hi,  0.0 si,  0.0 st
KiB Mem : 65877712 total, 56657784 free,  1225472 used,  7994456 buff/cache
KiB Swap: 33554428 total, 32356164 free,  1198264 used. 63410268 avail Mem 
--
top - 13:02:16 up 111 days,  4:45,  0 users,  load average: 0.66, 0.25, 0.55
Tasks: 402 total,   1 running, 401 sleeping,   0 stopped,   0 zombie
%Cpu(s):  0.1 us,  0.1 sy,  0.0 ni, 99.8 id,  0.0 wa,  0.0 hi,  0.0 si,  0.0 st
KiB Mem : 65877712 total, 56568656 free,  1314600 used,  7994456 buff/cache
KiB Swap: 33554428 total, 32356164 free,  1198264 used. 63321140 avail Mem 
--
top - 13:02:21 up 111 days,  4:45,  0 users,  load average: 0.61, 0.24, 0.54
Tasks: 402 total,   1 running, 401 sleeping,   0 stopped,   0 zombie
%Cpu(s):  0.1 us,  0.1 sy,  0.0 ni, 99.8 id,  0.0 wa,  0.0 hi,  0.0 si,  0.0 st
KiB Mem : 65877712 total, 56516460 free,  1366792 used,  7994460 buff/cache
KiB Swap: 33554428 total, 32356164 free,  1198264 used. 63268944 avail Mem 
--
top - 13:02:26 up 111 days,  4:45,  0 users,  load average: 0.56, 0.24, 0.54
Tasks: 402 total,   1 running, 401 sleeping,   0 stopped,   0 zombie
%Cpu(s):  0.1 us,  0.1 sy,  0.0 ni, 99.8 id,  0.0 wa,  0.0 hi,  0.0 si,  0.0 st
KiB Mem : 65877712 total, 56427064 free,  1456188 used,  7994460 buff/cache
KiB Swap: 33554428 total, 32356164 free,  1198264 used. 63179548 avail Mem 
--
top - 13:02:31 up 111 days,  4:45,  0 users,  load average: 0.51, 0.23, 0.54
Tasks: 402 total,   2 running, 400 sleeping,   0 stopped,   0 zombie
%Cpu(s): 25.8 us,  0.5 sy,  0.0 ni, 73.7 id,  0.0 wa,  0.0 hi,  0.0 si,  0.0 st
KiB Mem : 65877712 total, 56001532 free,  1881720 used,  7994460 buff/cache
KiB Swap: 33554428 total, 32356164 free,  1198264 used. 62754016 avail Mem 
--
top - 13:02:36 up 111 days,  4:45,  0 users,  load average: 2.79, 0.71, 0.69
Tasks: 402 total,   3 running, 399 sleeping,   0 stopped,   0 zombie
%Cpu(s): 96.6 us,  0.3 sy,  0.0 ni,  3.1 id,  0.0 wa,  0.0 hi,  0.0 si,  0.0 st
KiB Mem : 65877712 total, 55825068 free,  2058184 used,  7994460 buff/cache
KiB Swap: 33554428 total, 32356164 free,  1198264 used. 62577556 avail Mem 
--
top - 13:02:41 up 111 days,  4:46,  0 users,  load average: 5.05, 1.21, 0.85
Tasks: 402 total,   2 running, 400 sleeping,   0 stopped,   0 zombie
%Cpu(s): 95.9 us,  0.3 sy,  0.0 ni,  3.8 id,  0.0 wa,  0.0 hi,  0.0 si,  0.0 st
KiB Mem : 65877712 total, 55619180 free,  2264072 used,  7994460 buff/cache
KiB Swap: 33554428 total, 32356164 free,  1198264 used. 62371668 avail Mem 
--
top - 13:02:46 up 111 days,  4:46,  0 users,  load average: 4.65, 1.19, 0.85
Tasks: 402 total,   1 running, 401 sleeping,   0 stopped,   0 zombie
%Cpu(s): 14.8 us,  0.1 sy,  0.0 ni, 85.2 id,  0.0 wa,  0.0 hi,  0.0 si,  0.0 st
KiB Mem : 65877712 total, 55580352 free,  2302900 used,  7994460 buff/cache
KiB Swap: 33554428 total, 32356164 free,  1198264 used. 62332840 avail Mem 
--
top - 13:02:51 up 111 days,  4:46,  0 users,  load average: 4.60, 1.24, 0.87
Tasks: 402 total,   1 running, 401 sleeping,   0 stopped,   0 zombie
%Cpu(s):  0.0 us,  0.1 sy,  0.0 ni, 96.8 id,  3.1 wa,  0.0 hi,  0.0 si,  0.0 st
KiB Mem : 65877712 total, 56025332 free,  1857920 used,  7994460 buff/cache
KiB Swap: 33554428 total, 32356164 free,  1198264 used. 62777820 avail Mem 
--
top - 13:02:56 up 111 days,  4:46,  0 users,  load average: 4.79, 1.34, 0.90
Tasks: 402 total,   1 running, 401 sleeping,   0 stopped,   0 zombie
%Cpu(s):  0.1 us,  0.1 sy,  0.0 ni, 90.5 id,  9.3 wa,  0.0 hi,  0.0 si,  0.0 st
KiB Mem : 65877712 total, 55990332 free,  1892920 used,  7994460 buff/cache
KiB Swap: 33554428 total, 32356164 free,  1198264 used. 62742820 avail Mem 
--
top - 13:03:01 up 111 days,  4:46,  0 users,  load average: 4.41, 1.31, 0.89
Tasks: 402 total,   1 running, 401 sleeping,   0 stopped,   0 zombie
%Cpu(s):  0.1 us,  0.1 sy,  0.0 ni, 94.8 id,  5.0 wa,  0.0 hi,  0.0 si,  0.0 st
KiB Mem : 65877712 total, 55917404 free,  1965848 used,  7994460 buff/cache
KiB Swap: 33554428 total, 32356164 free,  1198264 used. 62669892 avail Mem 
--
top - 13:03:06 up 111 days,  4:46,  0 users,  load average: 4.05, 1.29, 0.89
Tasks: 402 total,   1 running, 401 sleeping,   0 stopped,   0 zombie
%Cpu(s):  0.1 us,  0.1 sy,  0.0 ni, 99.7 id,  0.0 wa,  0.0 hi,  0.0 si,  0.0 st
KiB Mem : 65877712 total, 55836084 free,  2047168 used,  7994460 buff/cache
KiB Swap: 33554428 total, 32356164 free,  1198264 used. 62588572 avail Mem 
--
top - 13:03:11 up 111 days,  4:46,  0 users,  load average: 3.73, 1.27, 0.88
Tasks: 402 total,   1 running, 401 sleeping,   0 stopped,   0 zombie
%Cpu(s):  0.1 us,  0.1 sy,  0.0 ni, 99.8 id,  0.0 wa,  0.0 hi,  0.0 si,  0.0 st
KiB Mem : 65877712 total, 55762216 free,  2121036 used,  7994460 buff/cache
KiB Swap: 33554428 total, 32356164 free,  1198264 used. 62514704 avail Mem 
--
top - 13:03:16 up 111 days,  4:46,  0 users,  load average: 3.43, 1.25, 0.88
Tasks: 402 total,   1 running, 401 sleeping,   0 stopped,   0 zombie
%Cpu(s):  0.1 us,  0.1 sy,  0.0 ni, 99.8 id,  0.0 wa,  0.0 hi,  0.0 si,  0.0 st
KiB Mem : 65877712 total, 55696476 free,  2186772 used,  7994464 buff/cache
KiB Swap: 33554428 total, 32356164 free,  1198264 used. 62448964 avail Mem 
--
top - 13:03:21 up 111 days,  4:46,  0 users,  load average: 3.16, 1.23, 0.87
Tasks: 402 total,   2 running, 400 sleeping,   0 stopped,   0 zombie
%Cpu(s): 25.6 us,  0.4 sy,  0.0 ni, 74.0 id,  0.0 wa,  0.0 hi,  0.0 si,  0.0 st
KiB Mem : 65877712 total, 55569372 free,  2313876 used,  7994464 buff/cache
KiB Swap: 33554428 total, 32356164 free,  1198264 used. 62321864 avail Mem 
--
top - 13:03:26 up 111 days,  4:46,  0 users,  load average: 5.31, 1.71, 1.03
Tasks: 402 total,   2 running, 400 sleeping,   0 stopped,   0 zombie
%Cpu(s): 96.3 us,  0.6 sy,  0.0 ni,  3.1 id,  0.0 wa,  0.0 hi,  0.0 si,  0.0 st
KiB Mem : 65877712 total, 55392392 free,  2490856 used,  7994464 buff/cache
KiB Swap: 33554428 total, 32356164 free,  1198264 used. 62144884 avail Mem 
--
top - 13:03:31 up 111 days,  4:46,  0 users,  load average: 7.36, 2.19, 1.19
Tasks: 402 total,   2 running, 400 sleeping,   0 stopped,   0 zombie
%Cpu(s): 94.6 us,  0.4 sy,  0.0 ni,  5.0 id,  0.0 wa,  0.0 hi,  0.0 si,  0.0 st
KiB Mem : 65877712 total, 55201068 free,  2682180 used,  7994464 buff/cache
KiB Swap: 33554428 total, 32356164 free,  1198264 used. 61953560 avail Mem 
--
top - 13:03:36 up 111 days,  4:46,  0 users,  load average: 6.77, 2.16, 1.18
Tasks: 402 total,   1 running, 401 sleeping,   0 stopped,   0 zombie
%Cpu(s): 11.6 us,  0.1 sy,  0.0 ni, 88.4 id,  0.0 wa,  0.0 hi,  0.0 si,  0.0 st
KiB Mem : 65877712 total, 55154364 free,  2728884 used,  7994464 buff/cache
KiB Swap: 33554428 total, 32356164 free,  1198264 used. 61906856 avail Mem 
--
top - 13:03:41 up 111 days,  4:47,  0 users,  load average: 6.23, 2.12, 1.18
Tasks: 402 total,   1 running, 401 sleeping,   0 stopped,   0 zombie
%Cpu(s):  0.0 us,  0.1 sy,  0.0 ni, 99.9 id,  0.0 wa,  0.0 hi,  0.0 si,  0.0 st
KiB Mem : 65877712 total, 55561980 free,  2321268 used,  7994464 buff/cache
KiB Swap: 33554428 total, 32356164 free,  1198264 used. 62314472 avail Mem 
--
top - 13:03:46 up 111 days,  4:47,  0 users,  load average: 5.73, 2.09, 1.17
Tasks: 402 total,   1 running, 401 sleeping,   0 stopped,   0 zombie
%Cpu(s):  0.1 us,  0.0 sy,  0.0 ni, 99.9 id,  0.0 wa,  0.0 hi,  0.0 si,  0.0 st
KiB Mem : 65877712 total, 55550832 free,  2332416 used,  7994464 buff/cache
KiB Swap: 33554428 total, 32356164 free,  1198264 used. 62303324 avail Mem 
--
top - 13:03:51 up 111 days,  4:47,  0 users,  load average: 5.27, 2.05, 1.17
Tasks: 402 total,   1 running, 401 sleeping,   0 stopped,   0 zombie
%Cpu(s):  0.1 us,  0.1 sy,  0.0 ni, 99.7 id,  0.0 wa,  0.0 hi,  0.0 si,  0.0 st
KiB Mem : 65877712 total, 55476908 free,  2406340 used,  7994464 buff/cache
KiB Swap: 33554428 total, 32356164 free,  1198264 used. 62229400 avail Mem 
--
top - 13:03:56 up 111 days,  4:47,  0 users,  load average: 4.85, 2.02, 1.16
Tasks: 402 total,   1 running, 401 sleeping,   0 stopped,   0 zombie
%Cpu(s):  0.1 us,  0.1 sy,  0.0 ni, 99.7 id,  0.0 wa,  0.0 hi,  0.0 si,  0.0 st
KiB Mem : 65877712 total, 55406976 free,  2476272 used,  7994464 buff/cache
KiB Swap: 33554428 total, 32356164 free,  1198264 used. 62159468 avail Mem 
--
top - 13:04:02 up 111 days,  4:47,  0 users,  load average: 4.78, 2.05, 1.17
Tasks: 402 total,   1 running, 401 sleeping,   0 stopped,   0 zombie
%Cpu(s):  0.5 us,  0.3 sy,  0.0 ni, 98.6 id,  0.6 wa,  0.0 hi,  0.0 si,  0.0 st
KiB Mem : 65877712 total, 55309644 free,  2573596 used,  7994472 buff/cache
KiB Swap: 33554428 total, 32356164 free,  1198264 used. 62062140 avail Mem 
--
top - 13:04:07 up 111 days,  4:47,  0 users,  load average: 4.40, 2.02, 1.17
Tasks: 402 total,   1 running, 401 sleeping,   0 stopped,   0 zombie
%Cpu(s):  0.1 us,  0.1 sy,  0.0 ni, 99.7 id,  0.0 wa,  0.0 hi,  0.0 si,  0.0 st
KiB Mem : 65877712 total, 55249040 free,  2634200 used,  7994472 buff/cache
KiB Swap: 33554428 total, 32356164 free,  1198264 used. 62001536 avail Mem 
--
top - 13:04:12 up 111 days,  4:47,  0 users,  load average: 4.13, 2.00, 1.17
Tasks: 402 total,   2 running, 400 sleeping,   0 stopped,   0 zombie
%Cpu(s):  6.9 us,  0.3 sy,  0.0 ni, 92.8 id,  0.0 wa,  0.0 hi,  0.0 si,  0.0 st
KiB Mem : 65877712 total, 55170528 free,  2712708 used,  7994476 buff/cache
KiB Swap: 33554428 total, 32356164 free,  1198264 used. 61923024 avail Mem 
--
top - 13:04:17 up 111 days,  4:47,  0 users,  load average: 6.20, 2.46, 1.32
Tasks: 402 total,   2 running, 400 sleeping,   0 stopped,   0 zombie
%Cpu(s): 95.8 us,  1.1 sy,  0.0 ni,  3.1 id,  0.0 wa,  0.0 hi,  0.0 si,  0.0 st
KiB Mem : 65877712 total, 55013136 free,  2870100 used,  7994476 buff/cache
KiB Swap: 33554428 total, 32356164 free,  1198264 used. 61765636 avail Mem 
--
top - 13:04:22 up 111 days,  4:47,  0 users,  load average: 8.18, 2.94, 1.48
Tasks: 402 total,   2 running, 400 sleeping,   0 stopped,   0 zombie
%Cpu(s): 93.0 us,  0.8 sy,  0.0 ni,  6.2 id,  0.0 wa,  0.0 hi,  0.0 si,  0.0 st
KiB Mem : 65877712 total, 54844584 free,  3038652 used,  7994476 buff/cache
KiB Swap: 33554428 total, 32356164 free,  1198264 used. 61597084 avail Mem 
--
top - 13:04:27 up 111 days,  4:47,  0 users,  load average: 7.85, 2.95, 1.50
Tasks: 402 total,   1 running, 401 sleeping,   0 stopped,   0 zombie
%Cpu(s): 29.2 us,  0.2 sy,  0.0 ni, 70.5 id,  0.0 wa,  0.0 hi,  0.0 si,  0.0 st
KiB Mem : 65877712 total, 54746816 free,  3136420 used,  7994476 buff/cache
KiB Swap: 33554428 total, 32356164 free,  1198264 used. 61499316 avail Mem 
--
top - 13:04:32 up 111 days,  4:47,  0 users,  load average: 7.22, 2.91, 1.49
Tasks: 402 total,   1 running, 401 sleeping,   0 stopped,   0 zombie
%Cpu(s):  0.0 us,  0.1 sy,  0.0 ni, 99.9 id,  0.0 wa,  0.0 hi,  0.0 si,  0.0 st
KiB Mem : 65877712 total, 55123644 free,  2759592 used,  7994476 buff/cache
KiB Swap: 33554428 total, 32356164 free,  1198264 used. 61876144 avail Mem 
--
top - 13:04:37 up 111 days,  4:47,  0 users,  load average: 6.64, 2.86, 1.48
Tasks: 402 total,   1 running, 401 sleeping,   0 stopped,   0 zombie
%Cpu(s):  0.0 us,  0.0 sy,  0.0 ni, 99.9 id,  0.0 wa,  0.0 hi,  0.0 si,  0.0 st
KiB Mem : 65877712 total, 55116684 free,  2766552 used,  7994476 buff/cache
KiB Swap: 33554428 total, 32356164 free,  1198264 used. 61869184 avail Mem 
--
top - 13:04:42 up 111 days,  4:48,  0 users,  load average: 6.11, 2.81, 1.47
Tasks: 402 total,   1 running, 401 sleeping,   0 stopped,   0 zombie
%Cpu(s):  0.1 us,  0.1 sy,  0.0 ni, 99.8 id,  0.0 wa,  0.0 hi,  0.0 si,  0.0 st
KiB Mem : 65877712 total, 55055612 free,  2827624 used,  7994476 buff/cache
KiB Swap: 33554428 total, 32356164 free,  1198264 used. 61808112 avail Mem 
--
top - 13:04:47 up 111 days,  4:48,  0 users,  load average: 5.62, 2.76, 1.46
Tasks: 402 total,   1 running, 401 sleeping,   0 stopped,   0 zombie
%Cpu(s):  0.1 us,  0.1 sy,  0.0 ni, 99.8 id,  0.0 wa,  0.0 hi,  0.0 si,  0.0 st
KiB Mem : 65877712 total, 54978852 free,  2904384 used,  7994476 buff/cache
KiB Swap: 33554428 total, 32356164 free,  1198264 used. 61731352 avail Mem 
--
top - 13:04:52 up 111 days,  4:48,  0 users,  load average: 5.17, 2.72, 1.46
Tasks: 402 total,   1 running, 401 sleeping,   0 stopped,   0 zombie
%Cpu(s):  0.1 us,  0.1 sy,  0.0 ni, 99.8 id,  0.0 wa,  0.0 hi,  0.0 si,  0.0 st
KiB Mem : 65877712 total, 54912656 free,  2970580 used,  7994476 buff/cache
KiB Swap: 33554428 total, 32356164 free,  1198264 used. 61665156 avail Mem 
--
top - 13:04:57 up 111 days,  4:48,  0 users,  load average: 4.76, 2.67, 1.45
Tasks: 402 total,   2 running, 400 sleeping,   0 stopped,   0 zombie
%Cpu(s): 23.2 us,  0.3 sy,  0.0 ni, 76.5 id,  0.0 wa,  0.0 hi,  0.0 si,  0.0 st
KiB Mem : 65877712 total, 54801712 free,  3081524 used,  7994476 buff/cache
KiB Swap: 33554428 total, 32356164 free,  1198264 used. 61554212 avail Mem 
--
top - 13:05:02 up 111 days,  4:48,  0 users,  load average: 6.14, 2.99, 1.56
Tasks: 401 total,   2 running, 399 sleeping,   0 stopped,   0 zombie
%Cpu(s): 96.2 us,  0.7 sy,  0.0 ni,  3.1 id,  0.0 wa,  0.0 hi,  0.0 si,  0.0 st
KiB Mem : 65877712 total, 54639092 free,  3244140 used,  7994480 buff/cache
KiB Swap: 33554428 total, 32356164 free,  1198264 used. 61391596 avail Mem 
--
top - 13:05:07 up 111 days,  4:48,  0 users,  load average: 8.05, 3.44, 1.71
Tasks: 401 total,   2 running, 399 sleeping,   0 stopped,   0 zombie
%Cpu(s): 95.6 us,  0.4 sy,  0.0 ni,  4.0 id,  0.0 wa,  0.0 hi,  0.0 si,  0.0 st
KiB Mem : 65877712 total, 54463632 free,  3419600 used,  7994480 buff/cache
KiB Swap: 33554428 total, 32356164 free,  1198264 used. 61216136 avail Mem 
--
top - 13:05:12 up 111 days,  4:48,  0 users,  load average: 7.40, 3.38, 1.70
Tasks: 401 total,   1 running, 400 sleeping,   0 stopped,   0 zombie
%Cpu(s): 13.9 us,  0.1 sy,  0.0 ni, 86.0 id,  0.0 wa,  0.0 hi,  0.0 si,  0.0 st
KiB Mem : 65877712 total, 54688144 free,  3195088 used,  7994480 buff/cache
KiB Swap: 33554428 total, 32356164 free,  1198264 used. 61440648 avail Mem 
--
top - 13:05:17 up 111 days,  4:48,  0 users,  load average: 6.81, 3.33, 1.69
Tasks: 401 total,   1 running, 400 sleeping,   0 stopped,   0 zombie
%Cpu(s):  0.0 us,  0.0 sy,  0.0 ni,100.0 id,  0.0 wa,  0.0 hi,  0.0 si,  0.0 st
KiB Mem : 65877712 total, 54690732 free,  3192500 used,  7994480 buff/cache
KiB Swap: 33554428 total, 32356164 free,  1198264 used. 61443236 avail Mem 
--
top - 13:05:22 up 111 days,  4:48,  0 users,  load average: 6.27, 3.27, 1.68
Tasks: 401 total,   1 running, 400 sleeping,   0 stopped,   0 zombie
%Cpu(s):  0.0 us,  0.0 sy,  0.0 ni,100.0 id,  0.0 wa,  0.0 hi,  0.0 si,  0.0 st
KiB Mem : 65877712 total, 54691672 free,  3191560 used,  7994480 buff/cache
KiB Swap: 33554428 total, 32356164 free,  1198264 used. 61444176 avail Mem 
--
top - 13:05:27 up 111 days,  4:48,  0 users,  load average: 5.76, 3.22, 1.67
Tasks: 401 total,   1 running, 400 sleeping,   0 stopped,   0 zombie
%Cpu(s):  0.1 us,  0.1 sy,  0.0 ni, 99.8 id,  0.0 wa,  0.0 hi,  0.0 si,  0.0 st
KiB Mem : 65877712 total, 54633212 free,  3250020 used,  7994480 buff/cache
KiB Swap: 33554428 total, 32356164 free,  1198264 used. 61385716 avail Mem 
--
top - 13:05:32 up 111 days,  4:48,  0 users,  load average: 5.30, 3.17, 1.67
Tasks: 402 total,   1 running, 401 sleeping,   0 stopped,   0 zombie
%Cpu(s):  0.1 us,  0.1 sy,  0.0 ni, 99.7 id,  0.0 wa,  0.0 hi,  0.0 si,  0.0 st
KiB Mem : 65877712 total, 54548036 free,  3335196 used,  7994480 buff/cache
KiB Swap: 33554428 total, 32356164 free,  1198264 used. 61300540 avail Mem 
--
top - 13:05:37 up 111 days,  4:48,  0 users,  load average: 4.88, 3.11, 1.66
Tasks: 402 total,   1 running, 401 sleeping,   0 stopped,   0 zombie
%Cpu(s):  0.1 us,  0.1 sy,  0.0 ni, 99.7 id,  0.0 wa,  0.0 hi,  0.0 si,  0.0 st
KiB Mem : 65877712 total, 54467752 free,  3415480 used,  7994480 buff/cache
KiB Swap: 33554428 total, 32356164 free,  1198264 used. 61220256 avail Mem 
--
top - 13:05:42 up 111 days,  4:49,  0 users,  load average: 4.49, 3.06, 1.65
Tasks: 402 total,   1 running, 401 sleeping,   0 stopped,   0 zombie
%Cpu(s):  0.1 us,  0.1 sy,  0.0 ni, 99.7 id,  0.0 wa,  0.0 hi,  0.0 si,  0.0 st
KiB Mem : 65877712 total, 54409932 free,  3473300 used,  7994480 buff/cache
KiB Swap: 33554428 total, 32356164 free,  1198264 used. 61162436 avail Mem 
--
top - 13:05:47 up 111 days,  4:49,  0 users,  load average: 4.13, 3.01, 1.64
Tasks: 402 total,   2 running, 400 sleeping,   0 stopped,   0 zombie
%Cpu(s): 13.8 us,  0.4 sy,  0.0 ni, 85.8 id,  0.0 wa,  0.0 hi,  0.0 si,  0.0 st
KiB Mem : 65877712 total, 54288608 free,  3594624 used,  7994480 buff/cache
KiB Swap: 33554428 total, 32356164 free,  1198264 used. 61041112 avail Mem 
--
top - 13:05:52 up 111 days,  4:49,  0 users,  load average: 6.12, 3.44, 1.79
Tasks: 402 total,   2 running, 400 sleeping,   0 stopped,   0 zombie
%Cpu(s): 96.4 us,  0.5 sy,  0.0 ni,  3.1 id,  0.0 wa,  0.0 hi,  0.0 si,  0.0 st
KiB Mem : 65877712 total, 54058368 free,  3824864 used,  7994480 buff/cache
KiB Swap: 33554428 total, 32356164 free,  1198264 used. 60810872 avail Mem 
--
top - 13:05:57 up 111 days,  4:49,  0 users,  load average: 8.11, 3.90, 1.94
Tasks: 402 total,   2 running, 400 sleeping,   0 stopped,   0 zombie
%Cpu(s): 94.5 us,  1.2 sy,  0.0 ni,  4.2 id,  0.0 wa,  0.0 hi,  0.0 si,  0.0 st
KiB Mem : 65877712 total, 53922344 free,  3960884 used,  7994484 buff/cache
KiB Swap: 33554428 total, 32356164 free,  1198264 used. 60674852 avail Mem 
--
top - 13:06:02 up 111 days,  4:49,  0 users,  load average: 8.74, 4.10, 2.02
Tasks: 402 total,   1 running, 401 sleeping,   0 stopped,   0 zombie
%Cpu(s): 39.2 us,  0.5 sy,  0.0 ni, 59.7 id,  0.6 wa,  0.0 hi,  0.0 si,  0.0 st
KiB Mem : 65877712 total, 53787372 free,  4095840 used,  7994500 buff/cache
KiB Swap: 33554428 total, 32356164 free,  1198264 used. 60539888 avail Mem 
