Job id: 4754998
Worker ip: 10.149.0.30
Master ip: 10.149.0.55
--
top - 13:01:26 up 111 days,  4:44,  0 users,  load average: 0.06, 0.08, 0.38
Tasks: 397 total,   2 running, 395 sleeping,   0 stopped,   0 zombie
%Cpu(s):  1.5 us,  4.1 sy,  0.0 ni, 94.0 id,  0.0 wa,  0.0 hi,  0.4 si,  0.0 st
KiB Mem : 65877712 total, 56385072 free,  1104560 used,  8388080 buff/cache
KiB Swap: 33554428 total, 32344292 free,  1210136 used. 63526556 avail Mem 
--
top - 13:01:31 up 111 days,  4:44,  0 users,  load average: 0.06, 0.08, 0.37
Tasks: 399 total,   1 running, 398 sleeping,   0 stopped,   0 zombie
%Cpu(s):  1.6 us,  0.4 sy,  0.0 ni, 97.9 id,  0.0 wa,  0.0 hi,  0.0 si,  0.0 st
KiB Mem : 65877712 total, 56366436 free,  1117252 used,  8394024 buff/cache
KiB Swap: 33554428 total, 32344292 free,  1210136 used. 63513976 avail Mem 
--
top - 13:01:36 up 111 days,  4:44,  0 users,  load average: 0.05, 0.08, 0.37
Tasks: 399 total,   1 running, 398 sleeping,   0 stopped,   0 zombie
%Cpu(s):  0.0 us,  0.0 sy,  0.0 ni,100.0 id,  0.0 wa,  0.0 hi,  0.0 si,  0.0 st
KiB Mem : 65877712 total, 56368672 free,  1114216 used,  8394824 buff/cache
KiB Swap: 33554428 total, 32344292 free,  1210136 used. 63516792 avail Mem 
--
top - 13:01:41 up 111 days,  4:45,  0 users,  load average: 0.05, 0.07, 0.37
Tasks: 399 total,   1 running, 398 sleeping,   0 stopped,   0 zombie
%Cpu(s):  0.0 us,  0.0 sy,  0.0 ni,100.0 id,  0.0 wa,  0.0 hi,  0.0 si,  0.0 st
KiB Mem : 65877712 total, 56369344 free,  1113544 used,  8394824 buff/cache
KiB Swap: 33554428 total, 32344292 free,  1210136 used. 63517464 avail Mem 
--
top - 13:01:46 up 111 days,  4:45,  0 users,  load average: 0.04, 0.07, 0.37
Tasks: 400 total,   1 running, 399 sleeping,   0 stopped,   0 zombie
%Cpu(s):  0.0 us,  0.0 sy,  0.0 ni, 99.9 id,  0.0 wa,  0.0 hi,  0.0 si,  0.0 st
KiB Mem : 65877712 total, 56369804 free,  1113084 used,  8394824 buff/cache
KiB Swap: 33554428 total, 32344292 free,  1210136 used. 63517924 avail Mem 
--
top - 13:01:51 up 111 days,  4:45,  0 users,  load average: 0.04, 0.07, 0.37
Tasks: 400 total,   1 running, 399 sleeping,   0 stopped,   0 zombie
%Cpu(s):  0.0 us,  0.0 sy,  0.0 ni,100.0 id,  0.0 wa,  0.0 hi,  0.0 si,  0.0 st
KiB Mem : 65877712 total, 56369804 free,  1113084 used,  8394824 buff/cache
KiB Swap: 33554428 total, 32344292 free,  1210136 used. 63517924 avail Mem 
--
top - 13:01:56 up 111 days,  4:45,  0 users,  load average: 0.04, 0.07, 0.36
Tasks: 401 total,   1 running, 400 sleeping,   0 stopped,   0 zombie
%Cpu(s):  0.0 us,  0.0 sy,  0.0 ni,100.0 id,  0.0 wa,  0.0 hi,  0.0 si,  0.0 st
KiB Mem : 65877712 total, 56369552 free,  1113336 used,  8394824 buff/cache
KiB Swap: 33554428 total, 32344292 free,  1210136 used. 63517672 avail Mem 
--
top - 13:02:01 up 111 days,  4:45,  0 users,  load average: 0.19, 0.10, 0.37
Tasks: 401 total,   2 running, 399 sleeping,   0 stopped,   0 zombie
%Cpu(s):  0.4 us,  0.2 sy,  0.0 ni, 98.8 id,  0.6 wa,  0.0 hi,  0.0 si,  0.0 st
KiB Mem : 65877712 total, 56364008 free,  1118880 used,  8394824 buff/cache
KiB Swap: 33554428 total, 32344292 free,  1210136 used. 63512128 avail Mem 
--
top - 13:02:06 up 111 days,  4:45,  0 users,  load average: 0.18, 0.10, 0.37
Tasks: 400 total,   1 running, 399 sleeping,   0 stopped,   0 zombie
%Cpu(s):  0.1 us,  0.0 sy,  0.0 ni, 99.9 id,  0.0 wa,  0.0 hi,  0.0 si,  0.0 st
KiB Mem : 65877712 total, 56345564 free,  1137356 used,  8394792 buff/cache
KiB Swap: 33554428 total, 32344292 free,  1210136 used. 63493668 avail Mem 
--
top - 13:02:11 up 111 days,  4:45,  0 users,  load average: 0.16, 0.10, 0.37
Tasks: 400 total,   1 running, 399 sleeping,   0 stopped,   0 zombie
%Cpu(s):  0.1 us,  0.1 sy,  0.0 ni, 99.8 id,  0.0 wa,  0.0 hi,  0.0 si,  0.0 st
KiB Mem : 65877712 total, 56268616 free,  1214304 used,  8394792 buff/cache
KiB Swap: 33554428 total, 32344292 free,  1210136 used. 63416720 avail Mem 
--
top - 13:02:16 up 111 days,  4:45,  0 users,  load average: 0.15, 0.10, 0.37
Tasks: 400 total,   1 running, 399 sleeping,   0 stopped,   0 zombie
%Cpu(s):  0.1 us,  0.1 sy,  0.0 ni, 99.8 id,  0.0 wa,  0.0 hi,  0.0 si,  0.0 st
KiB Mem : 65877712 total, 56182200 free,  1300720 used,  8394792 buff/cache
KiB Swap: 33554428 total, 32344292 free,  1210136 used. 63330304 avail Mem 
--
top - 13:02:21 up 111 days,  4:45,  0 users,  load average: 0.22, 0.11, 0.37
Tasks: 400 total,   1 running, 399 sleeping,   0 stopped,   0 zombie
%Cpu(s):  0.1 us,  0.1 sy,  0.0 ni, 99.8 id,  0.0 wa,  0.0 hi,  0.0 si,  0.0 st
KiB Mem : 65877712 total, 56127664 free,  1355256 used,  8394792 buff/cache
KiB Swap: 33554428 total, 32344292 free,  1210136 used. 63275768 avail Mem 
--
top - 13:02:26 up 111 days,  4:45,  0 users,  load average: 0.20, 0.11, 0.37
Tasks: 400 total,   1 running, 399 sleeping,   0 stopped,   0 zombie
%Cpu(s):  0.1 us,  0.1 sy,  0.0 ni, 99.8 id,  0.0 wa,  0.0 hi,  0.0 si,  0.0 st
KiB Mem : 65877712 total, 56031620 free,  1451300 used,  8394792 buff/cache
KiB Swap: 33554428 total, 32344292 free,  1210136 used. 63179724 avail Mem 
--
top - 13:02:31 up 111 days,  4:45,  0 users,  load average: 1.95, 0.47, 0.48
Tasks: 400 total,   2 running, 398 sleeping,   0 stopped,   0 zombie
%Cpu(s): 65.7 us,  0.6 sy,  0.0 ni, 33.7 id,  0.0 wa,  0.0 hi,  0.0 si,  0.0 st
KiB Mem : 65877712 total, 55590940 free,  1891976 used,  8394796 buff/cache
KiB Swap: 33554428 total, 32344292 free,  1210136 used. 62739048 avail Mem 
--
top - 13:02:36 up 111 days,  4:45,  0 users,  load average: 4.27, 0.98, 0.65
Tasks: 400 total,   2 running, 398 sleeping,   0 stopped,   0 zombie
%Cpu(s): 96.6 us,  0.3 sy,  0.0 ni,  3.1 id,  0.0 wa,  0.0 hi,  0.0 si,  0.0 st
KiB Mem : 65877712 total, 55425864 free,  2057052 used,  8394796 buff/cache
KiB Swap: 33554428 total, 32344292 free,  1210136 used. 62573972 avail Mem 
--
top - 13:02:41 up 111 days,  4:46,  0 users,  load average: 5.21, 1.23, 0.73
Tasks: 400 total,   2 running, 398 sleeping,   0 stopped,   0 zombie
%Cpu(s): 64.7 us,  0.2 sy,  0.0 ni, 35.1 id,  0.0 wa,  0.0 hi,  0.0 si,  0.0 st
KiB Mem : 65877712 total, 55274664 free,  2208252 used,  8394796 buff/cache
KiB Swap: 33554428 total, 32344292 free,  1210136 used. 62422772 avail Mem 
--
top - 13:02:46 up 111 days,  4:46,  0 users,  load average: 4.80, 1.21, 0.73
Tasks: 400 total,   1 running, 399 sleeping,   0 stopped,   0 zombie
%Cpu(s):  0.0 us,  0.0 sy,  0.0 ni, 99.9 id,  0.0 wa,  0.0 hi,  0.0 si,  0.0 st
KiB Mem : 65877712 total, 55365256 free,  2117660 used,  8394796 buff/cache
KiB Swap: 33554428 total, 32344292 free,  1210136 used. 62513364 avail Mem 
--
top - 13:02:51 up 111 days,  4:46,  0 users,  load average: 4.41, 1.19, 0.72
Tasks: 400 total,   1 running, 399 sleeping,   0 stopped,   0 zombie
%Cpu(s):  0.0 us,  0.0 sy,  0.0 ni, 99.9 id,  0.0 wa,  0.0 hi,  0.0 si,  0.0 st
KiB Mem : 65877712 total, 55626356 free,  1856560 used,  8394796 buff/cache
KiB Swap: 33554428 total, 32344292 free,  1210136 used. 62774464 avail Mem 
--
top - 13:02:56 up 111 days,  4:46,  0 users,  load average: 4.06, 1.17, 0.72
Tasks: 400 total,   1 running, 399 sleeping,   0 stopped,   0 zombie
%Cpu(s):  0.1 us,  0.1 sy,  0.0 ni, 99.8 id,  0.0 wa,  0.0 hi,  0.0 si,  0.0 st
KiB Mem : 65877712 total, 55591344 free,  1891572 used,  8394796 buff/cache
KiB Swap: 33554428 total, 32344292 free,  1210136 used. 62739452 avail Mem 
--
top - 13:03:01 up 111 days,  4:46,  0 users,  load average: 3.73, 1.15, 0.72
Tasks: 400 total,   1 running, 399 sleeping,   0 stopped,   0 zombie
%Cpu(s):  0.1 us,  0.1 sy,  0.0 ni, 99.8 id,  0.0 wa,  0.0 hi,  0.0 si,  0.0 st
KiB Mem : 65877712 total, 55510312 free,  1972604 used,  8394796 buff/cache
KiB Swap: 33554428 total, 32344292 free,  1210136 used. 62658420 avail Mem 
--
top - 13:03:06 up 111 days,  4:46,  0 users,  load average: 3.99, 1.25, 0.75
Tasks: 403 total,   1 running, 402 sleeping,   0 stopped,   0 zombie
%Cpu(s):  0.1 us,  0.1 sy,  0.0 ni, 93.4 id,  6.3 wa,  0.0 hi,  0.0 si,  0.0 st
KiB Mem : 65877712 total, 55443428 free,  2039488 used,  8394796 buff/cache
KiB Swap: 33554428 total, 32344292 free,  1210136 used. 62591536 avail Mem 
--
top - 13:03:11 up 111 days,  4:46,  0 users,  load average: 4.24, 1.34, 0.78
Tasks: 403 total,   1 running, 402 sleeping,   0 stopped,   0 zombie
%Cpu(s):  0.1 us,  0.1 sy,  0.0 ni, 90.4 id,  9.3 wa,  0.0 hi,  0.0 si,  0.0 st
KiB Mem : 65877712 total, 55345220 free,  2137696 used,  8394796 buff/cache
KiB Swap: 33554428 total, 32344292 free,  1210136 used. 62493328 avail Mem 
--
top - 13:03:16 up 111 days,  4:46,  0 users,  load average: 3.90, 1.32, 0.78
Tasks: 403 total,   1 running, 402 sleeping,   0 stopped,   0 zombie
%Cpu(s):  0.1 us,  0.1 sy,  0.0 ni, 98.3 id,  1.5 wa,  0.0 hi,  0.0 si,  0.0 st
KiB Mem : 65877712 total, 55269528 free,  2213384 used,  8394800 buff/cache
KiB Swap: 33554428 total, 32344292 free,  1210136 used. 62417636 avail Mem 
--
top - 13:03:21 up 111 days,  4:46,  0 users,  load average: 5.91, 1.78, 0.93
Tasks: 403 total,   2 running, 401 sleeping,   0 stopped,   0 zombie
%Cpu(s): 36.2 us,  0.4 sy,  0.0 ni, 63.3 id,  0.0 wa,  0.0 hi,  0.0 si,  0.0 st
KiB Mem : 65877712 total, 55196408 free,  2286504 used,  8394800 buff/cache
KiB Swap: 33554428 total, 32344292 free,  1210136 used. 62344520 avail Mem 
--
top - 13:03:27 up 111 days,  4:46,  0 users,  load average: 7.92, 2.27, 1.09
Tasks: 403 total,   2 running, 401 sleeping,   0 stopped,   0 zombie
%Cpu(s): 96.5 us,  0.4 sy,  0.0 ni,  3.1 id,  0.0 wa,  0.0 hi,  0.0 si,  0.0 st
KiB Mem : 65877712 total, 55014592 free,  2468320 used,  8394800 buff/cache
KiB Swap: 33554428 total, 32344292 free,  1210136 used. 62162704 avail Mem 
--
top - 13:03:32 up 111 days,  4:46,  0 users,  load average: 9.76, 2.74, 1.25
Tasks: 404 total,   1 running, 403 sleeping,   0 stopped,   0 zombie
%Cpu(s): 92.0 us,  0.4 sy,  0.0 ni,  7.6 id,  0.0 wa,  0.0 hi,  0.0 si,  0.0 st
KiB Mem : 65877712 total, 54796580 free,  2686332 used,  8394800 buff/cache
KiB Swap: 33554428 total, 32344292 free,  1210136 used. 61944692 avail Mem 
--
top - 13:03:37 up 111 days,  4:46,  0 users,  load average: 8.98, 2.70, 1.25
Tasks: 404 total,   1 running, 403 sleeping,   0 stopped,   0 zombie
%Cpu(s):  0.9 us,  0.0 sy,  0.0 ni, 99.1 id,  0.0 wa,  0.0 hi,  0.0 si,  0.0 st
KiB Mem : 65877712 total, 54787928 free,  2694984 used,  8394800 buff/cache
KiB Swap: 33554428 total, 32344292 free,  1210136 used. 61936040 avail Mem 
--
top - 13:03:42 up 111 days,  4:47,  0 users,  load average: 8.26, 2.65, 1.24
Tasks: 404 total,   1 running, 403 sleeping,   0 stopped,   0 zombie
%Cpu(s):  0.0 us,  0.1 sy,  0.0 ni, 99.9 id,  0.0 wa,  0.0 hi,  0.0 si,  0.0 st
KiB Mem : 65877712 total, 55176992 free,  2305920 used,  8394800 buff/cache
KiB Swap: 33554428 total, 32344292 free,  1210136 used. 62325104 avail Mem 
--
top - 13:03:47 up 111 days,  4:47,  0 users,  load average: 7.60, 2.61, 1.23
Tasks: 404 total,   1 running, 403 sleeping,   0 stopped,   0 zombie
%Cpu(s):  0.1 us,  0.0 sy,  0.0 ni, 99.9 id,  0.0 wa,  0.0 hi,  0.0 si,  0.0 st
KiB Mem : 65877712 total, 55163032 free,  2319880 used,  8394800 buff/cache
KiB Swap: 33554428 total, 32344292 free,  1210136 used. 62311144 avail Mem 
--
top - 13:03:52 up 111 days,  4:47,  0 users,  load average: 6.99, 2.57, 1.22
Tasks: 404 total,   1 running, 403 sleeping,   0 stopped,   0 zombie
%Cpu(s):  0.1 us,  0.1 sy,  0.0 ni, 99.8 id,  0.0 wa,  0.0 hi,  0.0 si,  0.0 st
KiB Mem : 65877712 total, 55088260 free,  2394652 used,  8394800 buff/cache
KiB Swap: 33554428 total, 32344292 free,  1210136 used. 62236372 avail Mem 
--
top - 13:03:57 up 111 days,  4:47,  0 users,  load average: 6.43, 2.52, 1.22
Tasks: 404 total,   1 running, 403 sleeping,   0 stopped,   0 zombie
%Cpu(s):  0.1 us,  0.1 sy,  0.0 ni, 99.8 id,  0.0 wa,  0.0 hi,  0.0 si,  0.0 st
KiB Mem : 65877712 total, 55007040 free,  2475872 used,  8394800 buff/cache
KiB Swap: 33554428 total, 32344292 free,  1210136 used. 62155152 avail Mem 
--
top - 13:04:02 up 111 days,  4:47,  0 users,  load average: 6.24, 2.55, 1.23
Tasks: 405 total,   1 running, 404 sleeping,   0 stopped,   0 zombie
%Cpu(s):  0.5 us,  0.3 sy,  0.0 ni, 98.6 id,  0.6 wa,  0.0 hi,  0.0 si,  0.0 st
KiB Mem : 65877712 total, 54948708 free,  2534204 used,  8394800 buff/cache
KiB Swap: 33554428 total, 32344292 free,  1210136 used. 62096820 avail Mem 
--
top - 13:04:07 up 111 days,  4:47,  0 users,  load average: 5.74, 2.50, 1.23
Tasks: 405 total,   1 running, 404 sleeping,   0 stopped,   0 zombie
%Cpu(s):  0.1 us,  0.1 sy,  0.0 ni, 99.7 id,  0.0 wa,  0.0 hi,  0.0 si,  0.0 st
KiB Mem : 65877712 total, 54859036 free,  2623876 used,  8394800 buff/cache
KiB Swap: 33554428 total, 32344292 free,  1210136 used. 62007148 avail Mem 
--
top - 13:04:12 up 111 days,  4:47,  0 users,  load average: 5.28, 2.46, 1.22
Tasks: 405 total,   1 running, 404 sleeping,   0 stopped,   0 zombie
%Cpu(s):  0.1 us,  0.1 sy,  0.0 ni, 99.7 id,  0.0 wa,  0.0 hi,  0.0 si,  0.0 st
KiB Mem : 65877712 total, 54762208 free,  2720700 used,  8394804 buff/cache
KiB Swap: 33554428 total, 32344292 free,  1210136 used. 61910320 avail Mem 
--
top - 13:04:17 up 111 days,  4:47,  0 users,  load average: 7.18, 2.90, 1.37
Tasks: 405 total,   2 running, 403 sleeping,   0 stopped,   0 zombie
%Cpu(s): 77.6 us,  1.0 sy,  0.0 ni, 21.4 id,  0.0 wa,  0.0 hi,  0.0 si,  0.0 st
KiB Mem : 65877712 total, 54606916 free,  2875992 used,  8394804 buff/cache
KiB Swap: 33554428 total, 32344292 free,  1210136 used. 61755032 avail Mem 
--
top - 13:04:22 up 111 days,  4:47,  0 users,  load average: 9.09, 3.37, 1.53
Tasks: 405 total,   2 running, 403 sleeping,   0 stopped,   0 zombie
%Cpu(s): 96.4 us,  0.4 sy,  0.0 ni,  3.1 id,  0.0 wa,  0.0 hi,  0.0 si,  0.0 st
KiB Mem : 65877712 total, 54435648 free,  3047260 used,  8394804 buff/cache
KiB Swap: 33554428 total, 32344292 free,  1210136 used. 61583764 avail Mem 
--
top - 13:04:27 up 111 days,  4:47,  0 users,  load average: 9.64, 3.58, 1.61
Tasks: 405 total,   1 running, 404 sleeping,   0 stopped,   0 zombie
%Cpu(s): 53.8 us,  0.2 sy,  0.0 ni, 46.0 id,  0.0 wa,  0.0 hi,  0.0 si,  0.0 st
KiB Mem : 65877712 total, 54324568 free,  3158340 used,  8394804 buff/cache
KiB Swap: 33554428 total, 32344292 free,  1210136 used. 61472684 avail Mem 
--
top - 13:04:32 up 111 days,  4:47,  0 users,  load average: 8.87, 3.52, 1.60
Tasks: 405 total,   1 running, 404 sleeping,   0 stopped,   0 zombie
%Cpu(s):  0.0 us,  0.1 sy,  0.0 ni, 99.9 id,  0.0 wa,  0.0 hi,  0.0 si,  0.0 st
KiB Mem : 65877712 total, 54742204 free,  2740704 used,  8394804 buff/cache
KiB Swap: 33554428 total, 32344292 free,  1210136 used. 61890320 avail Mem 
--
top - 13:04:37 up 111 days,  4:47,  0 users,  load average: 8.16, 3.46, 1.59
Tasks: 405 total,   1 running, 404 sleeping,   0 stopped,   0 zombie
%Cpu(s):  0.1 us,  0.0 sy,  0.0 ni, 99.9 id,  0.0 wa,  0.0 hi,  0.0 si,  0.0 st
KiB Mem : 65877712 total, 54735124 free,  2747784 used,  8394804 buff/cache
KiB Swap: 33554428 total, 32344292 free,  1210136 used. 61883240 avail Mem 
--
top - 13:04:42 up 111 days,  4:48,  0 users,  load average: 7.50, 3.40, 1.58
Tasks: 404 total,   1 running, 403 sleeping,   0 stopped,   0 zombie
%Cpu(s):  0.1 us,  0.1 sy,  0.0 ni, 99.8 id,  0.0 wa,  0.0 hi,  0.0 si,  0.0 st
KiB Mem : 65877712 total, 54669080 free,  2813828 used,  8394804 buff/cache
KiB Swap: 33554428 total, 32344292 free,  1210136 used. 61817196 avail Mem 
--
top - 13:04:47 up 111 days,  4:48,  0 users,  load average: 6.90, 3.35, 1.57
Tasks: 404 total,   1 running, 403 sleeping,   0 stopped,   0 zombie
%Cpu(s):  0.1 us,  0.1 sy,  0.0 ni, 99.7 id,  0.0 wa,  0.0 hi,  0.0 si,  0.0 st
KiB Mem : 65877712 total, 54607580 free,  2875328 used,  8394804 buff/cache
KiB Swap: 33554428 total, 32344292 free,  1210136 used. 61755696 avail Mem 
--
top - 13:04:52 up 111 days,  4:48,  0 users,  load average: 6.35, 3.29, 1.56
Tasks: 404 total,   1 running, 403 sleeping,   0 stopped,   0 zombie
%Cpu(s):  0.1 us,  0.1 sy,  0.0 ni, 99.8 id,  0.0 wa,  0.0 hi,  0.0 si,  0.0 st
KiB Mem : 65877712 total, 54520552 free,  2962356 used,  8394804 buff/cache
KiB Swap: 33554428 total, 32344292 free,  1210136 used. 61668668 avail Mem 
--
top - 13:04:57 up 111 days,  4:48,  0 users,  load average: 5.84, 3.24, 1.56
Tasks: 404 total,   1 running, 403 sleeping,   0 stopped,   0 zombie
%Cpu(s):  0.1 us,  0.1 sy,  0.0 ni, 99.8 id,  0.0 wa,  0.0 hi,  0.0 si,  0.0 st
KiB Mem : 65877712 total, 54457348 free,  3025560 used,  8394804 buff/cache
KiB Swap: 33554428 total, 32344292 free,  1210136 used. 61605464 avail Mem 
--
top - 13:05:02 up 111 days,  4:48,  0 users,  load average: 7.30, 3.58, 1.68
Tasks: 404 total,   3 running, 401 sleeping,   0 stopped,   0 zombie
%Cpu(s): 45.3 us,  0.6 sy,  0.0 ni, 54.1 id,  0.0 wa,  0.0 hi,  0.0 si,  0.0 st
KiB Mem : 65877712 total, 54296040 free,  3186864 used,  8394808 buff/cache
KiB Swap: 33554428 total, 32344292 free,  1210136 used. 61444160 avail Mem 
--
top - 13:05:07 up 111 days,  4:48,  0 users,  load average: 9.27, 4.05, 1.84
Tasks: 404 total,   2 running, 402 sleeping,   0 stopped,   0 zombie
%Cpu(s): 96.4 us,  0.5 sy,  0.0 ni,  3.1 id,  0.0 wa,  0.0 hi,  0.0 si,  0.0 st
KiB Mem : 65877712 total, 54134260 free,  3348644 used,  8394808 buff/cache
KiB Swap: 33554428 total, 32344292 free,  1210136 used. 61282380 avail Mem 
--
top - 13:05:12 up 111 days,  4:48,  0 users,  load average: 11.01, 4.50, 2.00
Tasks: 404 total,   1 running, 403 sleeping,   0 stopped,   0 zombie
%Cpu(s): 82.5 us,  0.2 sy,  0.0 ni, 17.2 id,  0.0 wa,  0.0 hi,  0.0 si,  0.0 st
KiB Mem : 65877712 total, 53958328 free,  3524576 used,  8394808 buff/cache
KiB Swap: 33554428 total, 32344292 free,  1210136 used. 61106448 avail Mem 
--
top - 13:05:17 up 111 days,  4:48,  0 users,  load average: 10.13, 4.43, 1.99
Tasks: 404 total,   1 running, 403 sleeping,   0 stopped,   0 zombie
%Cpu(s):  0.6 us,  0.1 sy,  0.0 ni, 99.3 id,  0.0 wa,  0.0 hi,  0.0 si,  0.0 st
KiB Mem : 65877712 total, 54327224 free,  3155680 used,  8394808 buff/cache
KiB Swap: 33554428 total, 32344292 free,  1210136 used. 61475344 avail Mem 
--
top - 13:05:22 up 111 days,  4:48,  0 users,  load average: 9.32, 4.35, 1.97
Tasks: 404 total,   1 running, 403 sleeping,   0 stopped,   0 zombie
%Cpu(s):  0.0 us,  0.0 sy,  0.0 ni, 99.9 id,  0.0 wa,  0.0 hi,  0.0 si,  0.0 st
KiB Mem : 65877712 total, 54323840 free,  3159064 used,  8394808 buff/cache
KiB Swap: 33554428 total, 32344292 free,  1210136 used. 61471960 avail Mem 
--
top - 13:05:27 up 111 days,  4:48,  0 users,  load average: 8.57, 4.28, 1.96
Tasks: 404 total,   1 running, 403 sleeping,   0 stopped,   0 zombie
%Cpu(s):  0.2 us,  0.1 sy,  0.0 ni, 99.7 id,  0.0 wa,  0.0 hi,  0.0 si,  0.0 st
KiB Mem : 65877712 total, 54261032 free,  3221872 used,  8394808 buff/cache
KiB Swap: 33554428 total, 32344292 free,  1210136 used. 61409152 avail Mem 
--
top - 13:05:32 up 111 days,  4:48,  0 users,  load average: 7.89, 4.21, 1.95
Tasks: 404 total,   1 running, 403 sleeping,   0 stopped,   0 zombie
%Cpu(s):  0.1 us,  0.1 sy,  0.0 ni, 99.8 id,  0.0 wa,  0.0 hi,  0.0 si,  0.0 st
KiB Mem : 65877712 total, 54190380 free,  3292524 used,  8394808 buff/cache
KiB Swap: 33554428 total, 32344292 free,  1210136 used. 61338500 avail Mem 
--
top - 13:05:37 up 111 days,  4:48,  0 users,  load average: 7.34, 4.16, 1.95
Tasks: 404 total,   1 running, 403 sleeping,   0 stopped,   0 zombie
%Cpu(s):  0.1 us,  0.1 sy,  0.0 ni, 99.8 id,  0.0 wa,  0.0 hi,  0.0 si,  0.0 st
KiB Mem : 65877712 total, 54120612 free,  3362292 used,  8394808 buff/cache
KiB Swap: 33554428 total, 32344292 free,  1210136 used. 61268732 avail Mem 
--
top - 13:05:42 up 111 days,  4:49,  0 users,  load average: 6.75, 4.09, 1.94
Tasks: 405 total,   1 running, 404 sleeping,   0 stopped,   0 zombie
%Cpu(s):  0.1 us,  0.1 sy,  0.0 ni, 99.7 id,  0.0 wa,  0.0 hi,  0.0 si,  0.0 st
KiB Mem : 65877712 total, 54028872 free,  3454032 used,  8394808 buff/cache
KiB Swap: 33554428 total, 32344292 free,  1210136 used. 61176992 avail Mem 
--
top - 13:05:47 up 111 days,  4:49,  0 users,  load average: 6.21, 4.02, 1.93
Tasks: 405 total,   3 running, 402 sleeping,   0 stopped,   0 zombie
%Cpu(s): 39.6 us,  1.0 sy,  0.0 ni, 59.4 id,  0.0 wa,  0.0 hi,  0.0 si,  0.0 st
KiB Mem : 65877712 total, 53904368 free,  3578536 used,  8394808 buff/cache
KiB Swap: 33554428 total, 32344292 free,  1210136 used. 61052488 avail Mem 
--
top - 13:05:52 up 111 days,  4:49,  0 users,  load average: 7.95, 4.42, 2.07
Tasks: 405 total,   2 running, 403 sleeping,   0 stopped,   0 zombie
%Cpu(s): 96.1 us,  0.8 sy,  0.0 ni,  3.1 id,  0.0 wa,  0.0 hi,  0.0 si,  0.0 st
KiB Mem : 65877712 total, 53717292 free,  3765612 used,  8394808 buff/cache
KiB Swap: 33554428 total, 32344292 free,  1210136 used. 60865412 avail Mem 
--
top - 13:05:57 up 111 days,  4:49,  0 users,  load average: 9.64, 4.83, 2.21
Tasks: 405 total,   2 running, 403 sleeping,   0 stopped,   0 zombie
%Cpu(s): 84.3 us,  0.9 sy,  0.0 ni, 14.8 id,  0.0 wa,  0.0 hi,  0.0 si,  0.0 st
KiB Mem : 65877712 total, 53597032 free,  3885868 used,  8394812 buff/cache
KiB Swap: 33554428 total, 32344292 free,  1210136 used. 60745156 avail Mem 
--
top - 13:06:02 up 111 days,  4:49,  0 users,  load average: 9.11, 4.79, 2.22
Tasks: 405 total,   1 running, 404 sleeping,   0 stopped,   0 zombie
%Cpu(s): 12.5 us,  0.4 sy,  0.0 ni, 86.5 id,  0.6 wa,  0.0 hi,  0.0 si,  0.0 st
KiB Mem : 65877712 total, 53499136 free,  3983764 used,  8394812 buff/cache
KiB Swap: 33554428 total, 32344292 free,  1210136 used. 60647260 avail Mem 
