10.149.0.65
2024/01/02 12:28:41 Master node address: http://10.149.0.54:8000
2024/01/02 12:28:41 Benchmarking worker...
2024/01/02 12:28:42 Worker registered (1785 MCUPS). Waiting for work...
2024/01/02 12:29:44 Got work. Start calculating alignments...
2024/01/02 12:29:44 Calculating 3926 queries
2024/01/02 12:30:01 Done calculating alignments.
2024/01/02 12:30:01 Waiting for work...
2024/01/02 12:30:36 Got work. Start calculating alignments...
2024/01/02 12:30:36 Calculating 3927 queries
2024/01/02 12:30:53 Done calculating alignments.
2024/01/02 12:30:53 Waiting for work...
2024/01/02 12:31:24 Got work. Start calculating alignments...
2024/01/02 12:31:24 Calculating 3927 queries
2024/01/02 12:31:42 Done calculating alignments.
2024/01/02 12:31:42 Waiting for work...
2024/01/02 12:32:17 Got work. Start calculating alignments...
2024/01/02 12:32:17 Calculating 3927 queries
2024/01/02 12:32:33 Done calculating alignments.
2024/01/02 12:32:33 Waiting for work...
2024/01/02 12:33:05 Got work. Start calculating alignments...
2024/01/02 12:33:05 Calculating 3925 queries
2024/01/02 12:33:24 Done calculating alignments.
2024/01/02 12:33:24 Waiting for work...
slurmstepd: error: *** JOB 4754931 ON node065 CANCELLED AT 2024-01-02T12:33:26 ***
