Job id: 4754953
Worker ip: 10.149.0.40
Master ip: 10.149.0.55
--
top - 12:33:29 up 111 days,  4:16,  0 users,  load average: 0.02, 0.08, 0.10
Tasks: 396 total,   1 running, 395 sleeping,   0 stopped,   0 zombie
%Cpu(s):  0.9 us,  1.8 sy,  0.0 ni, 96.9 id,  0.4 wa,  0.0 hi,  0.0 si,  0.0 st
KiB Mem : 65877712 total, 61404696 free,  1039828 used,  3433188 buff/cache
KiB Swap: 33554428 total, 32464160 free,  1090268 used. 63580804 avail Mem 
--
top - 12:33:34 up 111 days,  4:16,  0 users,  load average: 0.02, 0.08, 0.10
Tasks: 407 total,   1 running, 406 sleeping,   0 stopped,   0 zombie
%Cpu(s):  1.8 us,  0.6 sy,  0.0 ni, 97.3 id,  0.2 wa,  0.0 hi,  0.0 si,  0.0 st
KiB Mem : 65877712 total, 61377276 free,  1060564 used,  3439872 buff/cache
KiB Swap: 33554428 total, 32464160 free,  1090268 used. 63559916 avail Mem 
--
top - 12:33:39 up 111 days,  4:16,  0 users,  load average: 0.02, 0.08, 0.10
Tasks: 407 total,   1 running, 406 sleeping,   0 stopped,   0 zombie
%Cpu(s):  0.0 us,  0.0 sy,  0.0 ni,100.0 id,  0.0 wa,  0.0 hi,  0.0 si,  0.0 st
KiB Mem : 65877712 total, 61378452 free,  1059388 used,  3439872 buff/cache
KiB Swap: 33554428 total, 32464160 free,  1090268 used. 63561100 avail Mem 
--
top - 12:33:44 up 111 days,  4:16,  0 users,  load average: 0.02, 0.08, 0.10
Tasks: 407 total,   1 running, 406 sleeping,   0 stopped,   0 zombie
%Cpu(s):  0.0 us,  0.0 sy,  0.0 ni,100.0 id,  0.0 wa,  0.0 hi,  0.0 si,  0.0 st
KiB Mem : 65877712 total, 61378956 free,  1058884 used,  3439872 buff/cache
KiB Swap: 33554428 total, 32464160 free,  1090268 used. 63561640 avail Mem 
--
top - 12:33:49 up 111 days,  4:17,  0 users,  load average: 0.02, 0.08, 0.10
Tasks: 407 total,   1 running, 406 sleeping,   0 stopped,   0 zombie
%Cpu(s):  0.0 us,  0.0 sy,  0.0 ni, 99.9 id,  0.0 wa,  0.0 hi,  0.0 si,  0.0 st
KiB Mem : 65877712 total, 61379368 free,  1058464 used,  3439880 buff/cache
KiB Swap: 33554428 total, 32464160 free,  1090268 used. 63562064 avail Mem 
--
top - 12:33:54 up 111 days,  4:17,  0 users,  load average: 0.01, 0.08, 0.10
Tasks: 408 total,   1 running, 407 sleeping,   0 stopped,   0 zombie
%Cpu(s):  0.0 us,  0.0 sy,  0.0 ni,100.0 id,  0.0 wa,  0.0 hi,  0.0 si,  0.0 st
KiB Mem : 65877712 total, 61379088 free,  1058744 used,  3439880 buff/cache
KiB Swap: 33554428 total, 32464160 free,  1090268 used. 63561792 avail Mem 
--
top - 12:33:59 up 111 days,  4:17,  0 users,  load average: 0.01, 0.08, 0.10
Tasks: 408 total,   1 running, 407 sleeping,   0 stopped,   0 zombie
%Cpu(s):  0.0 us,  0.0 sy,  0.0 ni,100.0 id,  0.0 wa,  0.0 hi,  0.0 si,  0.0 st
KiB Mem : 65877712 total, 61380080 free,  1057752 used,  3439880 buff/cache
KiB Swap: 33554428 total, 32464160 free,  1090268 used. 63562784 avail Mem 
--
top - 12:34:04 up 111 days,  4:17,  0 users,  load average: 0.09, 0.09, 0.10
Tasks: 408 total,   1 running, 407 sleeping,   0 stopped,   0 zombie
%Cpu(s):  0.4 us,  0.2 sy,  0.0 ni, 98.8 id,  0.6 wa,  0.0 hi,  0.0 si,  0.0 st
KiB Mem : 65877712 total, 61379236 free,  1058652 used,  3439824 buff/cache
KiB Swap: 33554428 total, 32464160 free,  1090268 used. 63561932 avail Mem 
--
top - 12:34:09 up 111 days,  4:17,  0 users,  load average: 0.08, 0.09, 0.10
Tasks: 408 total,   1 running, 407 sleeping,   0 stopped,   0 zombie
%Cpu(s):  0.1 us,  0.0 sy,  0.0 ni, 99.9 id,  0.0 wa,  0.0 hi,  0.0 si,  0.0 st
KiB Mem : 65877712 total, 61364996 free,  1072892 used,  3439824 buff/cache
KiB Swap: 33554428 total, 32464160 free,  1090268 used. 63547692 avail Mem 
--
top - 12:34:14 up 111 days,  4:17,  0 users,  load average: 0.08, 0.09, 0.10
Tasks: 408 total,   2 running, 406 sleeping,   0 stopped,   0 zombie
%Cpu(s):  0.1 us,  0.0 sy,  0.0 ni, 99.9 id,  0.0 wa,  0.0 hi,  0.0 si,  0.0 st
KiB Mem : 65877712 total, 61332476 free,  1105412 used,  3439824 buff/cache
KiB Swap: 33554428 total, 32464160 free,  1090268 used. 63515172 avail Mem 
--
top - 12:34:19 up 111 days,  4:17,  0 users,  load average: 0.07, 0.09, 0.10
Tasks: 408 total,   1 running, 407 sleeping,   0 stopped,   0 zombie
%Cpu(s):  0.1 us,  0.0 sy,  0.0 ni, 99.9 id,  0.0 wa,  0.0 hi,  0.0 si,  0.0 st
KiB Mem : 65877712 total, 61286660 free,  1151228 used,  3439824 buff/cache
KiB Swap: 33554428 total, 32464160 free,  1090268 used. 63469356 avail Mem 
--
top - 12:34:24 up 111 days,  4:17,  0 users,  load average: 0.07, 0.08, 0.10
Tasks: 408 total,   2 running, 406 sleeping,   0 stopped,   0 zombie
%Cpu(s):  0.1 us,  0.0 sy,  0.0 ni, 99.9 id,  0.0 wa,  0.0 hi,  0.0 si,  0.0 st
KiB Mem : 65877712 total, 61248872 free,  1189012 used,  3439828 buff/cache
KiB Swap: 33554428 total, 32464160 free,  1090268 used. 63431568 avail Mem 
--
top - 12:34:29 up 111 days,  4:17,  0 users,  load average: 0.06, 0.08, 0.10
Tasks: 408 total,   1 running, 407 sleeping,   0 stopped,   0 zombie
%Cpu(s):  0.1 us,  0.0 sy,  0.0 ni, 99.9 id,  0.0 wa,  0.0 hi,  0.0 si,  0.0 st
KiB Mem : 65877712 total, 61203120 free,  1234764 used,  3439828 buff/cache
KiB Swap: 33554428 total, 32464160 free,  1090268 used. 63385816 avail Mem 
--
top - 12:34:34 up 111 days,  4:17,  0 users,  load average: 0.06, 0.08, 0.10
Tasks: 408 total,   1 running, 407 sleeping,   0 stopped,   0 zombie
%Cpu(s):  0.1 us,  0.0 sy,  0.0 ni, 99.9 id,  0.0 wa,  0.0 hi,  0.0 si,  0.0 st
KiB Mem : 65877712 total, 61157948 free,  1279936 used,  3439828 buff/cache
KiB Swap: 33554428 total, 32464160 free,  1090268 used. 63340648 avail Mem 
--
top - 12:34:39 up 111 days,  4:17,  0 users,  load average: 0.05, 0.08, 0.10
Tasks: 408 total,   2 running, 406 sleeping,   0 stopped,   0 zombie
%Cpu(s): 57.3 us,  0.5 sy,  0.0 ni, 42.1 id,  0.0 wa,  0.0 hi,  0.0 si,  0.0 st
KiB Mem : 65877712 total, 60776636 free,  1661248 used,  3439828 buff/cache
KiB Swap: 33554428 total, 32464160 free,  1090268 used. 62959336 avail Mem 
--
top - 12:34:44 up 111 days,  4:17,  0 users,  load average: 2.37, 0.56, 0.26
Tasks: 408 total,   1 running, 407 sleeping,   0 stopped,   0 zombie
%Cpu(s): 55.6 us,  0.3 sy,  0.0 ni, 44.1 id,  0.0 wa,  0.0 hi,  0.0 si,  0.0 st
KiB Mem : 65877712 total, 60673684 free,  1764200 used,  3439828 buff/cache
KiB Swap: 33554428 total, 32464160 free,  1090268 used. 62856384 avail Mem 
--
top - 12:34:49 up 111 days,  4:18,  0 users,  load average: 2.18, 0.55, 0.25
Tasks: 408 total,   1 running, 407 sleeping,   0 stopped,   0 zombie
%Cpu(s):  0.0 us,  0.1 sy,  0.0 ni, 99.9 id,  0.0 wa,  0.0 hi,  0.0 si,  0.0 st
KiB Mem : 65877712 total, 60884640 free,  1553244 used,  3439828 buff/cache
KiB Swap: 33554428 total, 32464160 free,  1090268 used. 63067340 avail Mem 
--
top - 12:34:54 up 111 days,  4:18,  0 users,  load average: 2.01, 0.54, 0.25
Tasks: 408 total,   1 running, 407 sleeping,   0 stopped,   0 zombie
%Cpu(s):  0.0 us,  0.0 sy,  0.0 ni, 99.9 id,  0.0 wa,  0.0 hi,  0.0 si,  0.0 st
KiB Mem : 65877712 total, 60881184 free,  1556700 used,  3439828 buff/cache
KiB Swap: 33554428 total, 32464160 free,  1090268 used. 63063884 avail Mem 
--
top - 12:34:59 up 111 days,  4:18,  0 users,  load average: 1.84, 0.53, 0.25
Tasks: 408 total,   1 running, 407 sleeping,   0 stopped,   0 zombie
%Cpu(s):  0.1 us,  0.1 sy,  0.0 ni, 99.8 id,  0.0 wa,  0.0 hi,  0.0 si,  0.0 st
KiB Mem : 65877712 total, 60843228 free,  1594656 used,  3439828 buff/cache
KiB Swap: 33554428 total, 32464160 free,  1090268 used. 63025928 avail Mem 
--
top - 12:35:04 up 111 days,  4:18,  0 users,  load average: 1.70, 0.52, 0.25
Tasks: 408 total,   1 running, 407 sleeping,   0 stopped,   0 zombie
%Cpu(s):  0.1 us,  0.0 sy,  0.0 ni, 99.9 id,  0.0 wa,  0.0 hi,  0.0 si,  0.0 st
KiB Mem : 65877712 total, 60803468 free,  1634416 used,  3439828 buff/cache
KiB Swap: 33554428 total, 32464160 free,  1090268 used. 62986168 avail Mem 
--
top - 12:35:10 up 111 days,  4:18,  0 users,  load average: 1.56, 0.52, 0.25
Tasks: 408 total,   1 running, 407 sleeping,   0 stopped,   0 zombie
%Cpu(s):  0.1 us,  0.0 sy,  0.0 ni, 99.9 id,  0.0 wa,  0.0 hi,  0.0 si,  0.0 st
KiB Mem : 65877712 total, 60772836 free,  1665048 used,  3439828 buff/cache
KiB Swap: 33554428 total, 32464160 free,  1090268 used. 62955536 avail Mem 
--
top - 12:35:15 up 111 days,  4:18,  0 users,  load average: 1.44, 0.51, 0.25
Tasks: 408 total,   1 running, 407 sleeping,   0 stopped,   0 zombie
%Cpu(s):  0.1 us,  0.1 sy,  0.0 ni, 99.9 id,  0.0 wa,  0.0 hi,  0.0 si,  0.0 st
KiB Mem : 65877712 total, 60726988 free,  1710896 used,  3439828 buff/cache
KiB Swap: 33554428 total, 32464160 free,  1090268 used. 62909688 avail Mem 
--
top - 12:35:20 up 111 days,  4:18,  0 users,  load average: 1.32, 0.50, 0.25
Tasks: 408 total,   1 running, 407 sleeping,   0 stopped,   0 zombie
%Cpu(s):  0.1 us,  0.0 sy,  0.0 ni, 99.9 id,  0.0 wa,  0.0 hi,  0.0 si,  0.0 st
KiB Mem : 65877712 total, 60686012 free,  1751868 used,  3439832 buff/cache
KiB Swap: 33554428 total, 32464160 free,  1090268 used. 62868716 avail Mem 
--
top - 12:35:25 up 111 days,  4:18,  0 users,  load average: 1.21, 0.49, 0.24
Tasks: 408 total,   2 running, 406 sleeping,   0 stopped,   0 zombie
%Cpu(s): 10.6 us,  0.2 sy,  0.0 ni, 89.2 id,  0.0 wa,  0.0 hi,  0.0 si,  0.0 st
KiB Mem : 65877712 total, 60611524 free,  1826356 used,  3439832 buff/cache
KiB Swap: 33554428 total, 32464160 free,  1090268 used. 62794228 avail Mem 
--
top - 12:35:30 up 111 days,  4:18,  0 users,  load average: 3.28, 0.93, 0.39
Tasks: 408 total,   2 running, 406 sleeping,   0 stopped,   0 zombie
%Cpu(s): 90.1 us,  0.6 sy,  0.0 ni,  9.3 id,  0.0 wa,  0.0 hi,  0.0 si,  0.0 st
KiB Mem : 65877712 total, 60445812 free,  1992068 used,  3439832 buff/cache
KiB Swap: 33554428 total, 32464160 free,  1090268 used. 62628516 avail Mem 
--
top - 12:35:35 up 111 days,  4:18,  0 users,  load average: 3.74, 1.06, 0.43
Tasks: 408 total,   1 running, 407 sleeping,   0 stopped,   0 zombie
%Cpu(s):  7.1 us,  0.1 sy,  0.0 ni, 92.8 id,  0.0 wa,  0.0 hi,  0.0 si,  0.0 st
KiB Mem : 65877712 total, 60671100 free,  1766780 used,  3439832 buff/cache
KiB Swap: 33554428 total, 32464160 free,  1090268 used. 62853804 avail Mem 
--
top - 12:35:40 up 111 days,  4:18,  0 users,  load average: 3.44, 1.05, 0.43
Tasks: 408 total,   1 running, 407 sleeping,   0 stopped,   0 zombie
%Cpu(s):  0.0 us,  0.0 sy,  0.0 ni,100.0 id,  0.0 wa,  0.0 hi,  0.0 si,  0.0 st
KiB Mem : 65877712 total, 60672076 free,  1765804 used,  3439832 buff/cache
KiB Swap: 33554428 total, 32464160 free,  1090268 used. 62854780 avail Mem 
--
top - 12:35:45 up 111 days,  4:19,  0 users,  load average: 3.16, 1.03, 0.43
Tasks: 408 total,   1 running, 407 sleeping,   0 stopped,   0 zombie
%Cpu(s):  0.1 us,  0.0 sy,  0.0 ni, 99.9 id,  0.0 wa,  0.0 hi,  0.0 si,  0.0 st
KiB Mem : 65877712 total, 60642752 free,  1795128 used,  3439832 buff/cache
KiB Swap: 33554428 total, 32464160 free,  1090268 used. 62825456 avail Mem 
--
top - 12:35:50 up 111 days,  4:19,  0 users,  load average: 2.91, 1.01, 0.43
Tasks: 408 total,   1 running, 407 sleeping,   0 stopped,   0 zombie
%Cpu(s):  0.1 us,  0.1 sy,  0.0 ni, 99.8 id,  0.0 wa,  0.0 hi,  0.0 si,  0.0 st
KiB Mem : 65877712 total, 60603248 free,  1834632 used,  3439832 buff/cache
KiB Swap: 33554428 total, 32464160 free,  1090268 used. 62785952 avail Mem 
--
top - 12:35:55 up 111 days,  4:19,  0 users,  load average: 2.68, 1.00, 0.42
Tasks: 411 total,   1 running, 410 sleeping,   0 stopped,   0 zombie
%Cpu(s):  0.1 us,  0.1 sy,  0.0 ni, 92.9 id,  7.0 wa,  0.0 hi,  0.0 si,  0.0 st
KiB Mem : 65877712 total, 60563952 free,  1873928 used,  3439832 buff/cache
KiB Swap: 33554428 total, 32464160 free,  1090268 used. 62746656 avail Mem 
--
top - 12:36:00 up 111 days,  4:19,  0 users,  load average: 3.02, 1.09, 0.46
Tasks: 420 total,   1 running, 419 sleeping,   0 stopped,   0 zombie
%Cpu(s):  0.3 us,  0.2 sy,  0.0 ni, 90.0 id,  9.5 wa,  0.0 hi,  0.0 si,  0.0 st
KiB Mem : 65877712 total, 60521272 free,  1916608 used,  3439832 buff/cache
KiB Swap: 33554428 total, 32464160 free,  1090268 used. 62703976 avail Mem 
--
top - 12:36:05 up 111 days,  4:19,  0 users,  load average: 3.50, 1.23, 0.51
Tasks: 415 total,   2 running, 413 sleeping,   0 stopped,   0 zombie
%Cpu(s):  0.2 us,  0.1 sy,  0.0 ni, 98.4 id,  1.3 wa,  0.0 hi,  0.0 si,  0.0 st
KiB Mem : 65877712 total, 60492804 free,  1945076 used,  3439832 buff/cache
KiB Swap: 33554428 total, 32464160 free,  1090268 used. 62675508 avail Mem 
--
top - 12:36:10 up 111 days,  4:19,  0 users,  load average: 3.22, 1.21, 0.50
Tasks: 415 total,   1 running, 414 sleeping,   0 stopped,   0 zombie
%Cpu(s):  0.1 us,  0.1 sy,  0.0 ni, 99.9 id,  0.0 wa,  0.0 hi,  0.0 si,  0.0 st
KiB Mem : 65877712 total, 60452604 free,  1985276 used,  3439832 buff/cache
KiB Swap: 33554428 total, 32464160 free,  1090268 used. 62635308 avail Mem 
--
top - 12:36:15 up 111 days,  4:19,  0 users,  load average: 2.96, 1.19, 0.50
Tasks: 415 total,   1 running, 414 sleeping,   0 stopped,   0 zombie
%Cpu(s): 62.0 us,  0.5 sy,  0.0 ni, 37.4 id,  0.0 wa,  0.0 hi,  0.0 si,  0.0 st
KiB Mem : 65877712 total, 60312532 free,  2125344 used,  3439836 buff/cache
KiB Swap: 33554428 total, 32464160 free,  1090268 used. 62495240 avail Mem 
--
top - 12:36:20 up 111 days,  4:19,  0 users,  load average: 4.65, 1.56, 0.63
Tasks: 415 total,   1 running, 414 sleeping,   0 stopped,   0 zombie
%Cpu(s): 49.7 us,  0.2 sy,  0.0 ni, 50.2 id,  0.0 wa,  0.0 hi,  0.0 si,  0.0 st
KiB Mem : 65877712 total, 60209180 free,  2228696 used,  3439836 buff/cache
KiB Swap: 33554428 total, 32464160 free,  1090268 used. 62391888 avail Mem 
--
top - 12:36:25 up 111 days,  4:19,  0 users,  load average: 4.28, 1.54, 0.62
Tasks: 415 total,   1 running, 414 sleeping,   0 stopped,   0 zombie
%Cpu(s):  0.0 us,  0.0 sy,  0.0 ni, 99.9 id,  0.0 wa,  0.0 hi,  0.0 si,  0.0 st
KiB Mem : 65877712 total, 60442640 free,  1995236 used,  3439836 buff/cache
KiB Swap: 33554428 total, 32464160 free,  1090268 used. 62625348 avail Mem 
--
top - 12:36:30 up 111 days,  4:19,  0 users,  load average: 3.93, 1.51, 0.62
Tasks: 415 total,   1 running, 414 sleeping,   0 stopped,   0 zombie
%Cpu(s):  0.0 us,  0.0 sy,  0.0 ni,100.0 id,  0.0 wa,  0.0 hi,  0.0 si,  0.0 st
KiB Mem : 65877712 total, 60443852 free,  1994024 used,  3439836 buff/cache
KiB Swap: 33554428 total, 32464160 free,  1090268 used. 62626560 avail Mem 
--
top - 12:36:35 up 111 days,  4:19,  0 users,  load average: 3.62, 1.49, 0.62
Tasks: 415 total,   1 running, 414 sleeping,   0 stopped,   0 zombie
%Cpu(s):  0.1 us,  0.1 sy,  0.0 ni, 99.9 id,  0.0 wa,  0.0 hi,  0.0 si,  0.0 st
KiB Mem : 65877712 total, 60412944 free,  2024932 used,  3439836 buff/cache
KiB Swap: 33554428 total, 32464160 free,  1090268 used. 62595652 avail Mem 
--
top - 12:36:40 up 111 days,  4:19,  0 users,  load average: 3.33, 1.46, 0.61
Tasks: 415 total,   1 running, 414 sleeping,   0 stopped,   0 zombie
%Cpu(s):  0.1 us,  0.1 sy,  0.0 ni, 99.8 id,  0.0 wa,  0.0 hi,  0.0 si,  0.0 st
KiB Mem : 65877712 total, 60375068 free,  2062808 used,  3439836 buff/cache
KiB Swap: 33554428 total, 32464160 free,  1090268 used. 62557776 avail Mem 
--
top - 12:36:45 up 111 days,  4:20,  0 users,  load average: 3.06, 1.44, 0.61
Tasks: 415 total,   1 running, 414 sleeping,   0 stopped,   0 zombie
%Cpu(s):  0.1 us,  0.1 sy,  0.0 ni, 99.9 id,  0.0 wa,  0.0 hi,  0.0 si,  0.0 st
KiB Mem : 65877712 total, 60343848 free,  2094028 used,  3439836 buff/cache
KiB Swap: 33554428 total, 32464160 free,  1090268 used. 62526556 avail Mem 
--
top - 12:36:50 up 111 days,  4:20,  0 users,  load average: 2.82, 1.41, 0.61
Tasks: 415 total,   1 running, 414 sleeping,   0 stopped,   0 zombie
%Cpu(s):  0.1 us,  0.1 sy,  0.0 ni, 99.8 id,  0.0 wa,  0.0 hi,  0.0 si,  0.0 st
KiB Mem : 65877712 total, 60299936 free,  2137932 used,  3439844 buff/cache
KiB Swap: 33554428 total, 32464160 free,  1090268 used. 62482648 avail Mem 
--
top - 12:36:55 up 111 days,  4:20,  0 users,  load average: 2.59, 1.39, 0.60
Tasks: 415 total,   1 running, 414 sleeping,   0 stopped,   0 zombie
%Cpu(s):  0.1 us,  0.1 sy,  0.0 ni, 99.9 id,  0.0 wa,  0.0 hi,  0.0 si,  0.0 st
KiB Mem : 65877712 total, 60267020 free,  2170848 used,  3439844 buff/cache
KiB Swap: 33554428 total, 32464160 free,  1090268 used. 62449732 avail Mem 
--
top - 12:37:00 up 111 days,  4:20,  0 users,  load average: 2.38, 1.37, 0.60
Tasks: 415 total,   1 running, 414 sleeping,   0 stopped,   0 zombie
%Cpu(s):  0.1 us,  0.1 sy,  0.0 ni, 99.9 id,  0.0 wa,  0.0 hi,  0.0 si,  0.0 st
KiB Mem : 65877712 total, 60235432 free,  2202436 used,  3439844 buff/cache
KiB Swap: 33554428 total, 32464160 free,  1090268 used. 62418144 avail Mem 
--
top - 12:37:05 up 111 days,  4:20,  0 users,  load average: 2.19, 1.35, 0.60
Tasks: 415 total,   1 running, 414 sleeping,   0 stopped,   0 zombie
%Cpu(s): 65.1 us,  0.4 sy,  0.0 ni, 34.5 id,  0.0 wa,  0.0 hi,  0.0 si,  0.0 st
KiB Mem : 65877712 total, 60081988 free,  2355876 used,  3439848 buff/cache
KiB Swap: 33554428 total, 32464160 free,  1090268 used. 62264704 avail Mem 
--
top - 12:37:10 up 111 days,  4:20,  0 users,  load average: 3.62, 1.66, 0.70
Tasks: 415 total,   1 running, 414 sleeping,   0 stopped,   0 zombie
%Cpu(s): 43.4 us,  0.1 sy,  0.0 ni, 56.5 id,  0.0 wa,  0.0 hi,  0.0 si,  0.0 st
KiB Mem : 65877712 total, 59985500 free,  2452364 used,  3439848 buff/cache
KiB Swap: 33554428 total, 32464160 free,  1090268 used. 62168216 avail Mem 
--
top - 12:37:15 up 111 days,  4:20,  0 users,  load average: 3.33, 1.63, 0.70
Tasks: 415 total,   1 running, 414 sleeping,   0 stopped,   0 zombie
%Cpu(s):  0.0 us,  0.0 sy,  0.0 ni, 99.9 id,  0.0 wa,  0.0 hi,  0.0 si,  0.0 st
KiB Mem : 65877712 total, 60234268 free,  2203596 used,  3439848 buff/cache
KiB Swap: 33554428 total, 32464160 free,  1090268 used. 62416984 avail Mem 
--
top - 12:37:20 up 111 days,  4:20,  0 users,  load average: 3.06, 1.60, 0.69
Tasks: 415 total,   1 running, 414 sleeping,   0 stopped,   0 zombie
%Cpu(s):  0.0 us,  0.0 sy,  0.0 ni, 99.9 id,  0.0 wa,  0.0 hi,  0.0 si,  0.0 st
KiB Mem : 65877712 total, 60227980 free,  2209884 used,  3439848 buff/cache
KiB Swap: 33554428 total, 32464160 free,  1090268 used. 62410696 avail Mem 
--
top - 12:37:25 up 111 days,  4:20,  0 users,  load average: 2.82, 1.57, 0.69
Tasks: 415 total,   1 running, 414 sleeping,   0 stopped,   0 zombie
%Cpu(s):  0.1 us,  0.1 sy,  0.0 ni, 99.9 id,  0.0 wa,  0.0 hi,  0.0 si,  0.0 st
KiB Mem : 65877712 total, 60186632 free,  2251232 used,  3439848 buff/cache
KiB Swap: 33554428 total, 32464160 free,  1090268 used. 62369348 avail Mem 
--
top - 12:37:30 up 111 days,  4:20,  0 users,  load average: 2.59, 1.55, 0.68
Tasks: 415 total,   1 running, 414 sleeping,   0 stopped,   0 zombie
%Cpu(s):  0.1 us,  0.0 sy,  0.0 ni, 99.9 id,  0.0 wa,  0.0 hi,  0.0 si,  0.0 st
KiB Mem : 65877712 total, 60156816 free,  2281048 used,  3439848 buff/cache
KiB Swap: 33554428 total, 32464160 free,  1090268 used. 62339532 avail Mem 
--
top - 12:37:35 up 111 days,  4:20,  0 users,  load average: 2.38, 1.52, 0.68
Tasks: 415 total,   1 running, 414 sleeping,   0 stopped,   0 zombie
%Cpu(s):  0.1 us,  0.0 sy,  0.0 ni, 99.8 id,  0.1 wa,  0.0 hi,  0.0 si,  0.0 st
KiB Mem : 65877712 total, 60113876 free,  2323988 used,  3439848 buff/cache
KiB Swap: 33554428 total, 32464160 free,  1090268 used. 62296592 avail Mem 
--
top - 12:37:40 up 111 days,  4:20,  0 users,  load average: 2.19, 1.50, 0.68
Tasks: 415 total,   1 running, 414 sleeping,   0 stopped,   0 zombie
%Cpu(s):  0.1 us,  0.0 sy,  0.0 ni, 99.9 id,  0.0 wa,  0.0 hi,  0.0 si,  0.0 st
KiB Mem : 65877712 total, 60082348 free,  2355516 used,  3439848 buff/cache
KiB Swap: 33554428 total, 32464160 free,  1090268 used. 62265064 avail Mem 
--
top - 12:37:45 up 111 days,  4:21,  0 users,  load average: 2.02, 1.47, 0.67
Tasks: 415 total,   1 running, 414 sleeping,   0 stopped,   0 zombie
%Cpu(s):  0.1 us,  0.1 sy,  0.0 ni, 99.9 id,  0.0 wa,  0.0 hi,  0.0 si,  0.0 st
KiB Mem : 65877712 total, 60043348 free,  2394516 used,  3439848 buff/cache
KiB Swap: 33554428 total, 32464160 free,  1090268 used. 62226064 avail Mem 
--
top - 12:37:50 up 111 days,  4:21,  0 users,  load average: 1.86, 1.45, 0.67
Tasks: 415 total,   1 running, 414 sleeping,   0 stopped,   0 zombie
%Cpu(s): 33.9 us,  0.6 sy,  0.0 ni, 65.5 id,  0.0 wa,  0.0 hi,  0.0 si,  0.0 st
KiB Mem : 65877712 total, 59953784 free,  2484080 used,  3439848 buff/cache
KiB Swap: 33554428 total, 32464160 free,  1090268 used. 62136500 avail Mem 
--
top - 12:37:55 up 111 days,  4:21,  0 users,  load average: 4.19, 1.94, 0.83
Tasks: 415 total,   1 running, 414 sleeping,   0 stopped,   0 zombie
%Cpu(s): 78.9 us,  0.4 sy,  0.0 ni, 20.6 id,  0.0 wa,  0.0 hi,  0.0 si,  0.0 st
KiB Mem : 65877712 total, 59796136 free,  2641728 used,  3439848 buff/cache
KiB Swap: 33554428 total, 32464160 free,  1090268 used. 61978852 avail Mem 
