Job id: 4755027
Worker ip: 10.149.0.35
Master ip: 10.149.0.68
--
top - 13:25:47 up 111 days,  5:10,  0 users,  load average: 0.00, 0.01, 0.09
Tasks: 400 total,   2 running, 398 sleeping,   0 stopped,   0 zombie
%Cpu(s):  1.3 us,  2.3 sy,  0.0 ni, 95.2 id,  1.1 wa,  0.0 hi,  0.2 si,  0.0 st
KiB Mem : 65877712 total, 52314740 free,  1061016 used, 12501956 buff/cache
KiB Swap: 33554428 total, 32450300 free,  1104128 used. 63508880 avail Mem 
--
top - 13:25:52 up 111 days,  5:10,  0 users,  load average: 0.74, 0.18, 0.14
Tasks: 411 total,   1 running, 410 sleeping,   0 stopped,   0 zombie
%Cpu(s):  1.7 us,  0.6 sy,  0.0 ni, 97.4 id,  0.2 wa,  0.0 hi,  0.0 si,  0.0 st
KiB Mem : 65877712 total, 52296760 free,  1072276 used, 12508676 buff/cache
KiB Swap: 33554428 total, 32450300 free,  1104128 used. 63497388 avail Mem 
--
top - 13:25:57 up 111 days,  5:10,  0 users,  load average: 0.68, 0.17, 0.14
Tasks: 411 total,   1 running, 410 sleeping,   0 stopped,   0 zombie
%Cpu(s):  0.0 us,  0.0 sy,  0.0 ni, 99.9 id,  0.0 wa,  0.0 hi,  0.0 si,  0.0 st
KiB Mem : 65877712 total, 52295824 free,  1073212 used, 12508676 buff/cache
KiB Swap: 33554428 total, 32450300 free,  1104128 used. 63496452 avail Mem 
--
top - 13:26:02 up 111 days,  5:11,  0 users,  load average: 0.63, 0.17, 0.14
Tasks: 411 total,   1 running, 410 sleeping,   0 stopped,   0 zombie
%Cpu(s):  0.4 us,  0.2 sy,  0.0 ni, 98.8 id,  0.6 wa,  0.0 hi,  0.0 si,  0.0 st
KiB Mem : 65877712 total, 52291556 free,  1077440 used, 12508716 buff/cache
KiB Swap: 33554428 total, 32450300 free,  1104128 used. 63492304 avail Mem 
--
top - 13:26:07 up 111 days,  5:11,  0 users,  load average: 0.58, 0.17, 0.14
Tasks: 412 total,   1 running, 411 sleeping,   0 stopped,   0 zombie
%Cpu(s):  0.0 us,  0.0 sy,  0.0 ni,100.0 id,  0.0 wa,  0.0 hi,  0.0 si,  0.0 st
KiB Mem : 65877712 total, 52295284 free,  1073712 used, 12508716 buff/cache
KiB Swap: 33554428 total, 32450300 free,  1104128 used. 63496072 avail Mem 
--
top - 13:26:12 up 111 days,  5:11,  0 users,  load average: 0.53, 0.17, 0.14
Tasks: 412 total,   1 running, 411 sleeping,   0 stopped,   0 zombie
%Cpu(s):  0.0 us,  0.0 sy,  0.0 ni,100.0 id,  0.0 wa,  0.0 hi,  0.0 si,  0.0 st
KiB Mem : 65877712 total, 52296284 free,  1072712 used, 12508716 buff/cache
KiB Swap: 33554428 total, 32450300 free,  1104128 used. 63497072 avail Mem 
--
top - 13:26:17 up 111 days,  5:11,  0 users,  load average: 0.49, 0.16, 0.14
Tasks: 412 total,   1 running, 411 sleeping,   0 stopped,   0 zombie
%Cpu(s):  0.0 us,  0.0 sy,  0.0 ni, 99.9 id,  0.0 wa,  0.0 hi,  0.0 si,  0.0 st
KiB Mem : 65877712 total, 52295724 free,  1073272 used, 12508716 buff/cache
KiB Swap: 33554428 total, 32450300 free,  1104128 used. 63496512 avail Mem 
--
top - 13:26:22 up 111 days,  5:11,  0 users,  load average: 0.45, 0.16, 0.14
Tasks: 412 total,   1 running, 411 sleeping,   0 stopped,   0 zombie
%Cpu(s):  0.1 us,  0.0 sy,  0.0 ni, 99.9 id,  0.0 wa,  0.0 hi,  0.0 si,  0.0 st
KiB Mem : 65877712 total, 52275700 free,  1093296 used, 12508716 buff/cache
KiB Swap: 33554428 total, 32450300 free,  1104128 used. 63476488 avail Mem 
--
top - 13:26:27 up 111 days,  5:11,  0 users,  load average: 0.41, 0.16, 0.14
Tasks: 412 total,   1 running, 411 sleeping,   0 stopped,   0 zombie
%Cpu(s):  0.1 us,  0.1 sy,  0.0 ni, 99.9 id,  0.0 wa,  0.0 hi,  0.0 si,  0.0 st
KiB Mem : 65877712 total, 52236176 free,  1132820 used, 12508716 buff/cache
KiB Swap: 33554428 total, 32450300 free,  1104128 used. 63436964 avail Mem 
--
top - 13:26:32 up 111 days,  5:11,  0 users,  load average: 0.38, 0.16, 0.14
Tasks: 412 total,   1 running, 411 sleeping,   0 stopped,   0 zombie
%Cpu(s):  0.1 us,  0.1 sy,  0.0 ni, 99.9 id,  0.0 wa,  0.0 hi,  0.0 si,  0.0 st
KiB Mem : 65877712 total, 52198624 free,  1170372 used, 12508716 buff/cache
KiB Swap: 33554428 total, 32450300 free,  1104128 used. 63399412 avail Mem 
--
top - 13:26:37 up 111 days,  5:11,  0 users,  load average: 0.35, 0.15, 0.14
Tasks: 412 total,   1 running, 411 sleeping,   0 stopped,   0 zombie
%Cpu(s):  0.1 us,  0.0 sy,  0.0 ni, 99.9 id,  0.0 wa,  0.0 hi,  0.0 si,  0.0 st
KiB Mem : 65877712 total, 52158700 free,  1210296 used, 12508716 buff/cache
KiB Swap: 33554428 total, 32450300 free,  1104128 used. 63359488 avail Mem 
--
top - 13:26:42 up 111 days,  5:11,  0 users,  load average: 0.32, 0.15, 0.14
Tasks: 412 total,   2 running, 410 sleeping,   0 stopped,   0 zombie
%Cpu(s):  0.1 us,  0.0 sy,  0.0 ni, 99.8 id,  0.1 wa,  0.0 hi,  0.0 si,  0.0 st
KiB Mem : 65877712 total, 52126764 free,  1242244 used, 12508704 buff/cache
KiB Swap: 33554428 total, 32450300 free,  1104128 used. 63327544 avail Mem 
--
top - 13:26:47 up 111 days,  5:11,  0 users,  load average: 0.29, 0.15, 0.13
Tasks: 413 total,   1 running, 412 sleeping,   0 stopped,   0 zombie
%Cpu(s):  0.1 us,  0.0 sy,  0.0 ni, 99.9 id,  0.0 wa,  0.0 hi,  0.0 si,  0.0 st
KiB Mem : 65877712 total, 52084824 free,  1284184 used, 12508704 buff/cache
KiB Swap: 33554428 total, 32450300 free,  1104128 used. 63285604 avail Mem 
--
top - 13:26:52 up 111 days,  5:11,  0 users,  load average: 2.51, 0.61, 0.28
Tasks: 413 total,   2 running, 411 sleeping,   0 stopped,   0 zombie
%Cpu(s): 53.8 us,  0.6 sy,  0.0 ni, 45.6 id,  0.0 wa,  0.0 hi,  0.0 si,  0.0 st
KiB Mem : 65877712 total, 51677484 free,  1691524 used, 12508704 buff/cache
KiB Swap: 33554428 total, 32450300 free,  1104128 used. 62878272 avail Mem 
--
top - 13:26:57 up 111 days,  5:11,  0 users,  load average: 2.31, 0.60, 0.28
Tasks: 413 total,   1 running, 412 sleeping,   0 stopped,   0 zombie
%Cpu(s): 59.2 us,  0.2 sy,  0.0 ni, 40.6 id,  0.0 wa,  0.0 hi,  0.0 si,  0.0 st
KiB Mem : 65877712 total, 51553748 free,  1815260 used, 12508704 buff/cache
KiB Swap: 33554428 total, 32450300 free,  1104128 used. 62754536 avail Mem 
--
top - 13:27:02 up 111 days,  5:12,  0 users,  load average: 2.13, 0.59, 0.28
Tasks: 412 total,   1 running, 411 sleeping,   0 stopped,   0 zombie
%Cpu(s):  0.0 us,  0.0 sy,  0.0 ni, 99.9 id,  0.0 wa,  0.0 hi,  0.0 si,  0.0 st
KiB Mem : 65877712 total, 51797748 free,  1571260 used, 12508704 buff/cache
KiB Swap: 33554428 total, 32450300 free,  1104128 used. 62998536 avail Mem 
--
top - 13:27:07 up 111 days,  5:12,  0 users,  load average: 1.96, 0.58, 0.28
Tasks: 412 total,   1 running, 411 sleeping,   0 stopped,   0 zombie
%Cpu(s):  0.0 us,  0.0 sy,  0.0 ni,100.0 id,  0.0 wa,  0.0 hi,  0.0 si,  0.0 st
KiB Mem : 65877712 total, 51796000 free,  1573008 used, 12508704 buff/cache
KiB Swap: 33554428 total, 32450300 free,  1104128 used. 62996788 avail Mem 
--
top - 13:27:12 up 111 days,  5:12,  0 users,  load average: 1.80, 0.57, 0.28
Tasks: 412 total,   1 running, 411 sleeping,   0 stopped,   0 zombie
%Cpu(s):  0.1 us,  0.1 sy,  0.0 ni, 99.9 id,  0.0 wa,  0.0 hi,  0.0 si,  0.0 st
KiB Mem : 65877712 total, 51759776 free,  1609232 used, 12508704 buff/cache
KiB Swap: 33554428 total, 32450300 free,  1104128 used. 62960564 avail Mem 
--
top - 13:27:17 up 111 days,  5:12,  0 users,  load average: 1.66, 0.56, 0.28
Tasks: 412 total,   1 running, 411 sleeping,   0 stopped,   0 zombie
%Cpu(s):  0.1 us,  0.1 sy,  0.0 ni, 99.8 id,  0.0 wa,  0.0 hi,  0.0 si,  0.0 st
KiB Mem : 65877712 total, 51719664 free,  1649344 used, 12508704 buff/cache
KiB Swap: 33554428 total, 32450300 free,  1104128 used. 62920452 avail Mem 
--
top - 13:27:22 up 111 days,  5:12,  0 users,  load average: 1.52, 0.55, 0.28
Tasks: 412 total,   1 running, 411 sleeping,   0 stopped,   0 zombie
%Cpu(s):  0.1 us,  0.1 sy,  0.0 ni, 99.8 id,  0.0 wa,  0.0 hi,  0.0 si,  0.0 st
KiB Mem : 65877712 total, 51677356 free,  1691652 used, 12508704 buff/cache
KiB Swap: 33554428 total, 32450300 free,  1104128 used. 62878144 avail Mem 
--
top - 13:27:27 up 111 days,  5:12,  0 users,  load average: 1.40, 0.54, 0.27
Tasks: 412 total,   1 running, 411 sleeping,   0 stopped,   0 zombie
%Cpu(s):  0.1 us,  0.1 sy,  0.0 ni, 99.9 id,  0.0 wa,  0.0 hi,  0.0 si,  0.0 st
KiB Mem : 65877712 total, 51647132 free,  1721876 used, 12508704 buff/cache
KiB Swap: 33554428 total, 32450300 free,  1104128 used. 62847920 avail Mem 
--
top - 13:27:32 up 111 days,  5:12,  0 users,  load average: 1.29, 0.53, 0.27
Tasks: 412 total,   1 running, 411 sleeping,   0 stopped,   0 zombie
%Cpu(s):  0.1 us,  0.1 sy,  0.0 ni, 99.9 id,  0.0 wa,  0.0 hi,  0.0 si,  0.0 st
KiB Mem : 65877712 total, 51610864 free,  1758144 used, 12508704 buff/cache
KiB Swap: 33554428 total, 32450300 free,  1104128 used. 62811652 avail Mem 
--
top - 13:27:37 up 111 days,  5:12,  0 users,  load average: 1.19, 0.53, 0.27
Tasks: 412 total,   1 running, 411 sleeping,   0 stopped,   0 zombie
%Cpu(s):  0.1 us,  0.1 sy,  0.0 ni, 99.9 id,  0.0 wa,  0.0 hi,  0.0 si,  0.0 st
KiB Mem : 65877712 total, 51566720 free,  1802288 used, 12508704 buff/cache
KiB Swap: 33554428 total, 32450300 free,  1104128 used. 62767508 avail Mem 
--
top - 13:27:42 up 111 days,  5:12,  0 users,  load average: 3.09, 0.93, 0.40
Tasks: 412 total,   2 running, 410 sleeping,   0 stopped,   0 zombie
%Cpu(s): 42.8 us,  0.5 sy,  0.0 ni, 56.7 id,  0.0 wa,  0.0 hi,  0.0 si,  0.0 st
KiB Mem : 65877712 total, 51468372 free,  1900632 used, 12508708 buff/cache
KiB Swap: 33554428 total, 32450300 free,  1104128 used. 62669164 avail Mem 
--
top - 13:27:47 up 111 days,  5:12,  0 users,  load average: 2.85, 0.92, 0.40
Tasks: 412 total,   1 running, 411 sleeping,   0 stopped,   0 zombie
%Cpu(s): 63.1 us,  0.2 sy,  0.0 ni, 36.6 id,  0.0 wa,  0.0 hi,  0.0 si,  0.0 st
KiB Mem : 65877712 total, 51331340 free,  2037664 used, 12508708 buff/cache
KiB Swap: 33554428 total, 32450300 free,  1104128 used. 62532132 avail Mem 
--
top - 13:27:52 up 111 days,  5:12,  0 users,  load average: 2.62, 0.90, 0.40
Tasks: 412 total,   1 running, 411 sleeping,   0 stopped,   0 zombie
%Cpu(s):  0.0 us,  0.0 sy,  0.0 ni, 99.9 id,  0.0 wa,  0.0 hi,  0.0 si,  0.0 st
KiB Mem : 65877712 total, 51572604 free,  1796400 used, 12508708 buff/cache
KiB Swap: 33554428 total, 32450300 free,  1104128 used. 62773396 avail Mem 
--
top - 13:27:57 up 111 days,  5:12,  0 users,  load average: 2.41, 0.89, 0.40
Tasks: 412 total,   1 running, 411 sleeping,   0 stopped,   0 zombie
%Cpu(s):  0.0 us,  0.0 sy,  0.0 ni, 99.9 id,  0.0 wa,  0.0 hi,  0.0 si,  0.0 st
KiB Mem : 65877712 total, 51572896 free,  1796108 used, 12508708 buff/cache
KiB Swap: 33554428 total, 32450300 free,  1104128 used. 62773688 avail Mem 
--
top - 13:28:03 up 111 days,  5:13,  0 users,  load average: 2.21, 0.87, 0.40
Tasks: 412 total,   1 running, 411 sleeping,   0 stopped,   0 zombie
%Cpu(s):  0.4 us,  0.3 sy,  0.0 ni, 98.7 id,  0.6 wa,  0.0 hi,  0.0 si,  0.0 st
KiB Mem : 65877712 total, 51528712 free,  1840292 used, 12508708 buff/cache
KiB Swap: 33554428 total, 32450300 free,  1104128 used. 62729504 avail Mem 
--
top - 13:28:08 up 111 days,  5:13,  0 users,  load average: 2.04, 0.86, 0.39
Tasks: 412 total,   1 running, 411 sleeping,   0 stopped,   0 zombie
%Cpu(s):  0.1 us,  0.1 sy,  0.0 ni, 99.9 id,  0.0 wa,  0.0 hi,  0.0 si,  0.0 st
KiB Mem : 65877712 total, 51490228 free,  1878776 used, 12508708 buff/cache
KiB Swap: 33554428 total, 32450300 free,  1104128 used. 62691020 avail Mem 
--
top - 13:28:13 up 111 days,  5:13,  0 users,  load average: 1.87, 0.84, 0.39
Tasks: 412 total,   1 running, 411 sleeping,   0 stopped,   0 zombie
%Cpu(s):  0.1 us,  0.1 sy,  0.0 ni, 99.9 id,  0.0 wa,  0.0 hi,  0.0 si,  0.0 st
KiB Mem : 65877712 total, 51455844 free,  1913160 used, 12508708 buff/cache
KiB Swap: 33554428 total, 32450300 free,  1104128 used. 62656636 avail Mem 
--
top - 13:28:18 up 111 days,  5:13,  0 users,  load average: 1.72, 0.83, 0.39
Tasks: 412 total,   1 running, 411 sleeping,   0 stopped,   0 zombie
%Cpu(s):  0.1 us,  0.1 sy,  0.0 ni, 99.8 id,  0.0 wa,  0.0 hi,  0.0 si,  0.0 st
KiB Mem : 65877712 total, 51416688 free,  1952316 used, 12508708 buff/cache
KiB Swap: 33554428 total, 32450300 free,  1104128 used. 62617480 avail Mem 
--
top - 13:28:23 up 111 days,  5:13,  0 users,  load average: 1.59, 0.81, 0.39
Tasks: 412 total,   2 running, 410 sleeping,   0 stopped,   0 zombie
%Cpu(s):  0.1 us,  0.1 sy,  0.0 ni, 99.9 id,  0.0 wa,  0.0 hi,  0.0 si,  0.0 st
KiB Mem : 65877712 total, 51379276 free,  1989728 used, 12508708 buff/cache
KiB Swap: 33554428 total, 32450300 free,  1104128 used. 62580068 avail Mem 
--
top - 13:28:28 up 111 days,  5:13,  0 users,  load average: 1.46, 0.80, 0.39
Tasks: 412 total,   1 running, 411 sleeping,   0 stopped,   0 zombie
%Cpu(s):  0.1 us,  0.1 sy,  0.0 ni, 99.9 id,  0.0 wa,  0.0 hi,  0.0 si,  0.0 st
KiB Mem : 65877712 total, 51336420 free,  2032584 used, 12508708 buff/cache
KiB Swap: 33554428 total, 32450300 free,  1104128 used. 62537212 avail Mem 
--
top - 13:28:33 up 111 days,  5:13,  0 users,  load average: 1.34, 0.79, 0.38
Tasks: 412 total,   2 running, 410 sleeping,   0 stopped,   0 zombie
%Cpu(s):  6.0 us,  0.2 sy,  0.0 ni, 93.7 id,  0.0 wa,  0.0 hi,  0.0 si,  0.0 st
KiB Mem : 65877712 total, 51295348 free,  2073652 used, 12508712 buff/cache
KiB Swap: 33554428 total, 32450300 free,  1104128 used. 62496140 avail Mem 
--
top - 13:28:38 up 111 days,  5:13,  0 users,  load average: 3.64, 1.27, 0.54
Tasks: 412 total,   2 running, 410 sleeping,   0 stopped,   0 zombie
%Cpu(s): 94.6 us,  0.9 sy,  0.0 ni,  4.5 id,  0.0 wa,  0.0 hi,  0.0 si,  0.0 st
KiB Mem : 65877712 total, 51107716 free,  2261284 used, 12508712 buff/cache
KiB Swap: 33554428 total, 32450300 free,  1104128 used. 62308512 avail Mem 
--
top - 13:28:43 up 111 days,  5:13,  0 users,  load average: 3.35, 1.25, 0.54
Tasks: 412 total,   1 running, 411 sleeping,   0 stopped,   0 zombie
%Cpu(s):  7.4 us,  0.1 sy,  0.0 ni, 92.6 id,  0.0 wa,  0.0 hi,  0.0 si,  0.0 st
KiB Mem : 65877712 total, 51072740 free,  2296260 used, 12508712 buff/cache
KiB Swap: 33554428 total, 32450300 free,  1104128 used. 62273536 avail Mem 
--
top - 13:28:48 up 111 days,  5:13,  0 users,  load average: 3.08, 1.23, 0.54
Tasks: 412 total,   1 running, 411 sleeping,   0 stopped,   0 zombie
%Cpu(s):  0.0 us,  0.1 sy,  0.0 ni, 99.9 id,  0.0 wa,  0.0 hi,  0.0 si,  0.0 st
KiB Mem : 65877712 total, 51339616 free,  2029384 used, 12508712 buff/cache
KiB Swap: 33554428 total, 32450300 free,  1104128 used. 62540412 avail Mem 
--
top - 13:28:53 up 111 days,  5:13,  0 users,  load average: 2.83, 1.21, 0.54
Tasks: 412 total,   1 running, 411 sleeping,   0 stopped,   0 zombie
%Cpu(s):  0.1 us,  0.0 sy,  0.0 ni, 99.9 id,  0.0 wa,  0.0 hi,  0.0 si,  0.0 st
KiB Mem : 65877712 total, 51322100 free,  2046900 used, 12508712 buff/cache
KiB Swap: 33554428 total, 32450300 free,  1104128 used. 62522896 avail Mem 
--
top - 13:28:58 up 111 days,  5:13,  0 users,  load average: 2.60, 1.19, 0.53
Tasks: 412 total,   1 running, 411 sleeping,   0 stopped,   0 zombie
%Cpu(s):  0.1 us,  0.1 sy,  0.0 ni, 99.8 id,  0.0 wa,  0.0 hi,  0.0 si,  0.0 st
KiB Mem : 65877712 total, 51282564 free,  2086436 used, 12508712 buff/cache
KiB Swap: 33554428 total, 32450300 free,  1104128 used. 62483360 avail Mem 
--
top - 13:29:03 up 111 days,  5:14,  0 users,  load average: 2.40, 1.17, 0.53
Tasks: 412 total,   1 running, 411 sleeping,   0 stopped,   0 zombie
%Cpu(s):  0.0 us,  0.1 sy,  0.0 ni, 99.9 id,  0.0 wa,  0.0 hi,  0.0 si,  0.0 st
KiB Mem : 65877712 total, 51248768 free,  2120232 used, 12508712 buff/cache
KiB Swap: 33554428 total, 32450300 free,  1104128 used. 62449564 avail Mem 
--
top - 13:29:08 up 111 days,  5:14,  0 users,  load average: 2.28, 1.17, 0.53
Tasks: 412 total,   1 running, 411 sleeping,   0 stopped,   0 zombie
%Cpu(s):  0.1 us,  0.0 sy,  0.0 ni, 99.9 id,  0.0 wa,  0.0 hi,  0.0 si,  0.0 st
KiB Mem : 65877712 total, 51217040 free,  2151960 used, 12508712 buff/cache
KiB Swap: 33554428 total, 32450300 free,  1104128 used. 62417836 avail Mem 
--
top - 13:29:13 up 111 days,  5:14,  0 users,  load average: 2.10, 1.15, 0.53
Tasks: 412 total,   1 running, 411 sleeping,   0 stopped,   0 zombie
%Cpu(s):  0.1 us,  0.1 sy,  0.0 ni, 99.9 id,  0.0 wa,  0.0 hi,  0.0 si,  0.0 st
KiB Mem : 65877712 total, 51168940 free,  2200060 used, 12508712 buff/cache
KiB Swap: 33554428 total, 32450300 free,  1104128 used. 62369736 avail Mem 
--
top - 13:29:18 up 111 days,  5:14,  0 users,  load average: 1.93, 1.13, 0.53
Tasks: 412 total,   2 running, 410 sleeping,   0 stopped,   0 zombie
%Cpu(s):  0.1 us,  0.1 sy,  0.0 ni, 99.9 id,  0.0 wa,  0.0 hi,  0.0 si,  0.0 st
KiB Mem : 65877712 total, 51144948 free,  2224052 used, 12508712 buff/cache
KiB Swap: 33554428 total, 32450300 free,  1104128 used. 62345744 avail Mem 
--
top - 13:29:23 up 111 days,  5:14,  0 users,  load average: 4.26, 1.62, 0.69
Tasks: 412 total,   2 running, 410 sleeping,   0 stopped,   0 zombie
%Cpu(s): 21.8 us,  0.5 sy,  0.0 ni, 77.7 id,  0.0 wa,  0.0 hi,  0.0 si,  0.0 st
KiB Mem : 65877712 total, 51081372 free,  2287624 used, 12508716 buff/cache
KiB Swap: 33554428 total, 32450300 free,  1104128 used. 62282168 avail Mem 
--
top - 13:29:28 up 111 days,  5:14,  0 users,  load average: 6.32, 2.10, 0.85
Tasks: 412 total,   1 running, 411 sleeping,   0 stopped,   0 zombie
%Cpu(s): 92.0 us,  0.4 sy,  0.0 ni,  7.6 id,  0.0 wa,  0.0 hi,  0.0 si,  0.0 st
KiB Mem : 65877712 total, 50917564 free,  2451432 used, 12508716 buff/cache
KiB Swap: 33554428 total, 32450300 free,  1104128 used. 62118364 avail Mem 
--
top - 13:29:33 up 111 days,  5:14,  0 users,  load average: 5.82, 2.06, 0.84
Tasks: 412 total,   1 running, 411 sleeping,   0 stopped,   0 zombie
%Cpu(s):  1.6 us,  0.1 sy,  0.0 ni, 98.3 id,  0.0 wa,  0.0 hi,  0.0 si,  0.0 st
KiB Mem : 65877712 total, 51133292 free,  2235704 used, 12508716 buff/cache
KiB Swap: 33554428 total, 32450300 free,  1104128 used. 62334092 avail Mem 
--
top - 13:29:38 up 111 days,  5:14,  0 users,  load average: 5.35, 2.03, 0.84
Tasks: 412 total,   1 running, 411 sleeping,   0 stopped,   0 zombie
%Cpu(s):  0.0 us,  0.0 sy,  0.0 ni,100.0 id,  0.0 wa,  0.0 hi,  0.0 si,  0.0 st
KiB Mem : 65877712 total, 51135976 free,  2233020 used, 12508716 buff/cache
KiB Swap: 33554428 total, 32450300 free,  1104128 used. 62336776 avail Mem 
--
top - 13:29:43 up 111 days,  5:14,  0 users,  load average: 4.92, 1.99, 0.83
Tasks: 412 total,   1 running, 411 sleeping,   0 stopped,   0 zombie
%Cpu(s):  0.1 us,  0.0 sy,  0.0 ni, 99.9 id,  0.0 wa,  0.0 hi,  0.0 si,  0.0 st
KiB Mem : 65877712 total, 51122072 free,  2246924 used, 12508716 buff/cache
KiB Swap: 33554428 total, 32450300 free,  1104128 used. 62322872 avail Mem 
--
top - 13:29:48 up 111 days,  5:14,  0 users,  load average: 4.53, 1.96, 0.83
Tasks: 412 total,   1 running, 411 sleeping,   0 stopped,   0 zombie
%Cpu(s):  0.1 us,  0.1 sy,  0.0 ni, 99.8 id,  0.0 wa,  0.0 hi,  0.0 si,  0.0 st
KiB Mem : 65877712 total, 51079308 free,  2289700 used, 12508704 buff/cache
KiB Swap: 33554428 total, 32450320 free,  1104108 used. 62280108 avail Mem 
--
top - 13:29:53 up 111 days,  5:14,  0 users,  load average: 4.16, 1.93, 0.82
Tasks: 412 total,   1 running, 411 sleeping,   0 stopped,   0 zombie
%Cpu(s):  0.1 us,  0.1 sy,  0.0 ni, 99.9 id,  0.0 wa,  0.0 hi,  0.0 si,  0.0 st
KiB Mem : 65877712 total, 51041304 free,  2327704 used, 12508704 buff/cache
KiB Swap: 33554428 total, 32450320 free,  1104108 used. 62242104 avail Mem 
--
top - 13:29:58 up 111 days,  5:14,  0 users,  load average: 3.83, 1.90, 0.82
Tasks: 412 total,   1 running, 411 sleeping,   0 stopped,   0 zombie
%Cpu(s):  0.1 us,  0.0 sy,  0.0 ni, 99.9 id,  0.0 wa,  0.0 hi,  0.0 si,  0.0 st
KiB Mem : 65877712 total, 51017104 free,  2351904 used, 12508704 buff/cache
KiB Swap: 33554428 total, 32450320 free,  1104108 used. 62217904 avail Mem 
--
top - 13:30:03 up 111 days,  5:15,  0 users,  load average: 3.52, 1.86, 0.82
Tasks: 412 total,   1 running, 411 sleeping,   0 stopped,   0 zombie
%Cpu(s):  0.5 us,  0.3 sy,  0.0 ni, 98.5 id,  0.7 wa,  0.0 hi,  0.0 si,  0.0 st
KiB Mem : 65877712 total, 50971248 free,  2397736 used, 12508728 buff/cache
KiB Swap: 33554428 total, 32450320 free,  1104108 used. 62172060 avail Mem 
--
top - 13:30:08 up 111 days,  5:15,  0 users,  load average: 3.24, 1.83, 0.81
Tasks: 412 total,   1 running, 411 sleeping,   0 stopped,   0 zombie
%Cpu(s):  0.1 us,  0.1 sy,  0.0 ni, 99.9 id,  0.0 wa,  0.0 hi,  0.0 si,  0.0 st
KiB Mem : 65877712 total, 50938756 free,  2430228 used, 12508728 buff/cache
KiB Swap: 33554428 total, 32450320 free,  1104108 used. 62139568 avail Mem 
--
top - 13:30:13 up 111 days,  5:15,  0 users,  load average: 2.98, 1.80, 0.81
Tasks: 412 total,   1 running, 411 sleeping,   0 stopped,   0 zombie
%Cpu(s):  0.1 us,  0.0 sy,  0.0 ni, 99.9 id,  0.0 wa,  0.0 hi,  0.0 si,  0.0 st
KiB Mem : 65877712 total, 50893164 free,  2475820 used, 12508728 buff/cache
KiB Swap: 33554428 total, 32450320 free,  1104108 used. 62093976 avail Mem 
--
top - 13:30:18 up 111 days,  5:15,  0 users,  load average: 4.43, 2.12, 0.92
Tasks: 412 total,   2 running, 410 sleeping,   0 stopped,   0 zombie
%Cpu(s): 76.7 us,  0.7 sy,  0.0 ni, 22.6 id,  0.0 wa,  0.0 hi,  0.0 si,  0.0 st
KiB Mem : 65877712 total, 50752372 free,  2616608 used, 12508732 buff/cache
KiB Swap: 33554428 total, 32450320 free,  1104108 used. 61953188 avail Mem 
--
top - 13:30:23 up 111 days,  5:15,  0 users,  load average: 4.07, 2.09, 0.91
Tasks: 412 total,   1 running, 411 sleeping,   0 stopped,   0 zombie
%Cpu(s): 30.5 us,  0.3 sy,  0.0 ni, 69.2 id,  0.0 wa,  0.0 hi,  0.0 si,  0.0 st
KiB Mem : 65877712 total, 50676500 free,  2692480 used, 12508732 buff/cache
KiB Swap: 33554428 total, 32450320 free,  1104108 used. 61877316 avail Mem 
