Job id: 4754994
Worker ip: 10.149.0.63
Master ip: 10.149.0.55
--
top - 13:01:26 up 111 days,  4:45,  0 users,  load average: 0.00, 0.02, 0.33
Tasks: 396 total,   1 running, 395 sleeping,   0 stopped,   0 zombie
%Cpu(s):  2.6 us,  5.1 sy,  0.0 ni, 91.9 id,  0.0 wa,  0.0 hi,  0.4 si,  0.0 st
KiB Mem : 65877712 total, 53029052 free,  1110792 used, 11737868 buff/cache
KiB Swap: 33554428 total, 32368256 free,  1186172 used. 63494004 avail Mem 
--
top - 13:01:31 up 111 days,  4:45,  0 users,  load average: 0.00, 0.02, 0.33
Tasks: 397 total,   1 running, 396 sleeping,   0 stopped,   0 zombie
%Cpu(s):  1.7 us,  0.4 sy,  0.0 ni, 97.9 id,  0.0 wa,  0.0 hi,  0.0 si,  0.0 st
KiB Mem : 65877712 total, 53014908 free,  1119208 used, 11743596 buff/cache
KiB Swap: 33554428 total, 32368256 free,  1186172 used. 63486076 avail Mem 
--
top - 13:01:36 up 111 days,  4:45,  0 users,  load average: 0.00, 0.02, 0.33
Tasks: 397 total,   1 running, 396 sleeping,   0 stopped,   0 zombie
%Cpu(s):  0.0 us,  0.0 sy,  0.0 ni,100.0 id,  0.0 wa,  0.0 hi,  0.0 si,  0.0 st
KiB Mem : 65877712 total, 53014908 free,  1119208 used, 11743596 buff/cache
KiB Swap: 33554428 total, 32368256 free,  1186172 used. 63486076 avail Mem 
--
top - 13:01:41 up 111 days,  4:45,  0 users,  load average: 0.00, 0.02, 0.32
Tasks: 397 total,   1 running, 396 sleeping,   0 stopped,   0 zombie
%Cpu(s):  0.0 us,  0.0 sy,  0.0 ni,100.0 id,  0.0 wa,  0.0 hi,  0.0 si,  0.0 st
KiB Mem : 65877712 total, 53014908 free,  1119208 used, 11743596 buff/cache
KiB Swap: 33554428 total, 32368256 free,  1186172 used. 63486076 avail Mem 
--
top - 13:01:46 up 111 days,  4:45,  0 users,  load average: 0.00, 0.01, 0.32
Tasks: 397 total,   1 running, 396 sleeping,   0 stopped,   0 zombie
%Cpu(s):  0.0 us,  0.0 sy,  0.0 ni,100.0 id,  0.0 wa,  0.0 hi,  0.0 si,  0.0 st
KiB Mem : 65877712 total, 53014908 free,  1119208 used, 11743596 buff/cache
KiB Swap: 33554428 total, 32368256 free,  1186172 used. 63486076 avail Mem 
--
top - 13:01:51 up 111 days,  4:45,  0 users,  load average: 0.00, 0.01, 0.32
Tasks: 397 total,   1 running, 396 sleeping,   0 stopped,   0 zombie
%Cpu(s):  0.0 us,  0.0 sy,  0.0 ni, 99.9 id,  0.0 wa,  0.0 hi,  0.0 si,  0.0 st
KiB Mem : 65877712 total, 53014908 free,  1119208 used, 11743596 buff/cache
KiB Swap: 33554428 total, 32368256 free,  1186172 used. 63486076 avail Mem 
--
top - 13:01:56 up 111 days,  4:45,  0 users,  load average: 0.00, 0.01, 0.32
Tasks: 398 total,   1 running, 397 sleeping,   0 stopped,   0 zombie
%Cpu(s):  0.0 us,  0.0 sy,  0.0 ni,100.0 id,  0.0 wa,  0.0 hi,  0.0 si,  0.0 st
KiB Mem : 65877712 total, 53015352 free,  1118764 used, 11743596 buff/cache
KiB Swap: 33554428 total, 32368256 free,  1186172 used. 63486520 avail Mem 
--
top - 13:02:01 up 111 days,  4:46,  0 users,  load average: 0.00, 0.01, 0.32
Tasks: 398 total,   2 running, 396 sleeping,   0 stopped,   0 zombie
%Cpu(s):  0.4 us,  0.2 sy,  0.0 ni, 99.0 id,  0.3 wa,  0.0 hi,  0.0 si,  0.0 st
KiB Mem : 65877712 total, 53007976 free,  1125260 used, 11744476 buff/cache
KiB Swap: 33554428 total, 32368256 free,  1186172 used. 63479512 avail Mem 
--
top - 13:02:06 up 111 days,  4:46,  0 users,  load average: 0.00, 0.01, 0.32
Tasks: 402 total,   1 running, 401 sleeping,   0 stopped,   0 zombie
%Cpu(s):  0.1 us,  0.0 sy,  0.0 ni, 99.9 id,  0.0 wa,  0.0 hi,  0.0 si,  0.0 st
KiB Mem : 65877712 total, 52990364 free,  1142852 used, 11744496 buff/cache
KiB Swap: 33554428 total, 32368256 free,  1186172 used. 63461900 avail Mem 
--
top - 13:02:11 up 111 days,  4:46,  0 users,  load average: 0.00, 0.01, 0.31
Tasks: 402 total,   1 running, 401 sleeping,   0 stopped,   0 zombie
%Cpu(s):  0.1 us,  0.1 sy,  0.0 ni, 99.8 id,  0.0 wa,  0.0 hi,  0.0 si,  0.0 st
KiB Mem : 65877712 total, 52904436 free,  1228780 used, 11744496 buff/cache
KiB Swap: 33554428 total, 32368256 free,  1186172 used. 63375972 avail Mem 
--
top - 13:02:16 up 111 days,  4:46,  0 users,  load average: 0.00, 0.01, 0.31
Tasks: 402 total,   1 running, 401 sleeping,   0 stopped,   0 zombie
%Cpu(s):  0.1 us,  0.1 sy,  0.0 ni, 99.8 id,  0.0 wa,  0.0 hi,  0.0 si,  0.0 st
KiB Mem : 65877712 total, 52834928 free,  1298288 used, 11744496 buff/cache
KiB Swap: 33554428 total, 32368256 free,  1186172 used. 63306464 avail Mem 
--
top - 13:02:21 up 111 days,  4:46,  0 users,  load average: 0.00, 0.01, 0.31
Tasks: 402 total,   1 running, 401 sleeping,   0 stopped,   0 zombie
%Cpu(s):  0.1 us,  0.1 sy,  0.0 ni, 99.8 id,  0.0 wa,  0.0 hi,  0.0 si,  0.0 st
KiB Mem : 65877712 total, 52757312 free,  1375904 used, 11744496 buff/cache
KiB Swap: 33554428 total, 32368256 free,  1186172 used. 63228848 avail Mem 
--
top - 13:02:26 up 111 days,  4:46,  0 users,  load average: 0.00, 0.01, 0.31
Tasks: 402 total,   1 running, 401 sleeping,   0 stopped,   0 zombie
%Cpu(s):  0.1 us,  0.1 sy,  0.0 ni, 99.8 id,  0.0 wa,  0.0 hi,  0.0 si,  0.0 st
KiB Mem : 65877712 total, 52692864 free,  1440352 used, 11744496 buff/cache
KiB Swap: 33554428 total, 32368256 free,  1186172 used. 63164400 avail Mem 
--
top - 13:02:31 up 111 days,  4:46,  0 users,  load average: 0.00, 0.01, 0.31
Tasks: 400 total,   2 running, 398 sleeping,   0 stopped,   0 zombie
%Cpu(s): 61.4 us,  0.6 sy,  0.0 ni, 38.0 id,  0.0 wa,  0.0 hi,  0.0 si,  0.0 st
KiB Mem : 65877712 total, 52232448 free,  1900756 used, 11744508 buff/cache
KiB Swap: 33554428 total, 32368256 free,  1186172 used. 62703992 avail Mem 
--
top - 13:02:36 up 111 days,  4:46,  0 users,  load average: 2.33, 0.50, 0.46
Tasks: 400 total,   2 running, 398 sleeping,   0 stopped,   0 zombie
%Cpu(s): 96.6 us,  0.3 sy,  0.0 ni,  3.1 id,  0.0 wa,  0.0 hi,  0.0 si,  0.0 st
KiB Mem : 65877712 total, 52064540 free,  2068664 used, 11744508 buff/cache
KiB Swap: 33554428 total, 32368256 free,  1186172 used. 62536084 avail Mem 
--
top - 13:02:41 up 111 days,  4:46,  0 users,  load average: 4.62, 1.00, 0.63
Tasks: 400 total,   1 running, 399 sleeping,   0 stopped,   0 zombie
%Cpu(s): 69.7 us,  0.2 sy,  0.0 ni, 30.0 id,  0.0 wa,  0.0 hi,  0.0 si,  0.0 st
KiB Mem : 65877712 total, 51905328 free,  2227876 used, 11744508 buff/cache
KiB Swap: 33554428 total, 32368256 free,  1186172 used. 62376872 avail Mem 
--
top - 13:02:46 up 111 days,  4:46,  0 users,  load average: 4.25, 0.99, 0.62
Tasks: 400 total,   1 running, 399 sleeping,   0 stopped,   0 zombie
%Cpu(s):  0.0 us,  0.0 sy,  0.0 ni, 99.9 id,  0.0 wa,  0.0 hi,  0.0 si,  0.0 st
KiB Mem : 65877712 total, 51992332 free,  2140872 used, 11744508 buff/cache
KiB Swap: 33554428 total, 32368256 free,  1186172 used. 62463876 avail Mem 
--
top - 13:02:51 up 111 days,  4:46,  0 users,  load average: 3.91, 0.97, 0.62
Tasks: 400 total,   1 running, 399 sleeping,   0 stopped,   0 zombie
%Cpu(s):  0.0 us,  0.0 sy,  0.0 ni, 99.9 id,  0.0 wa,  0.0 hi,  0.0 si,  0.0 st
KiB Mem : 65877712 total, 52282832 free,  1850372 used, 11744508 buff/cache
KiB Swap: 33554428 total, 32368256 free,  1186172 used. 62754376 avail Mem 
--
top - 13:02:56 up 111 days,  4:46,  0 users,  load average: 3.60, 0.95, 0.62
Tasks: 400 total,   1 running, 399 sleeping,   0 stopped,   0 zombie
%Cpu(s):  0.1 us,  0.0 sy,  0.0 ni, 99.8 id,  0.0 wa,  0.0 hi,  0.0 si,  0.0 st
KiB Mem : 65877712 total, 52246872 free,  1886332 used, 11744508 buff/cache
KiB Swap: 33554428 total, 32368256 free,  1186172 used. 62718416 avail Mem 
--
top - 13:03:01 up 111 days,  4:47,  0 users,  load average: 3.31, 0.94, 0.61
Tasks: 397 total,   1 running, 396 sleeping,   0 stopped,   0 zombie
%Cpu(s):  0.1 us,  0.1 sy,  0.0 ni, 99.8 id,  0.0 wa,  0.0 hi,  0.0 si,  0.0 st
KiB Mem : 65877712 total, 52168508 free,  1964696 used, 11744508 buff/cache
KiB Swap: 33554428 total, 32368256 free,  1186172 used. 62640052 avail Mem 
--
top - 13:03:06 up 111 days,  4:47,  0 users,  load average: 3.04, 0.92, 0.61
Tasks: 396 total,   1 running, 395 sleeping,   0 stopped,   0 zombie
%Cpu(s):  0.1 us,  0.1 sy,  0.0 ni, 99.8 id,  0.0 wa,  0.0 hi,  0.0 si,  0.0 st
KiB Mem : 65877712 total, 52103504 free,  2029700 used, 11744508 buff/cache
KiB Swap: 33554428 total, 32368256 free,  1186172 used. 62575048 avail Mem 
--
top - 13:03:11 up 111 days,  4:47,  0 users,  load average: 2.80, 0.91, 0.61
Tasks: 397 total,   1 running, 396 sleeping,   0 stopped,   0 zombie
%Cpu(s):  0.1 us,  0.1 sy,  0.0 ni, 99.7 id,  0.0 wa,  0.0 hi,  0.0 si,  0.0 st
KiB Mem : 65877712 total, 52013260 free,  2119944 used, 11744508 buff/cache
KiB Swap: 33554428 total, 32368256 free,  1186172 used. 62484804 avail Mem 
--
top - 13:03:16 up 111 days,  4:47,  0 users,  load average: 2.58, 0.89, 0.60
Tasks: 397 total,   1 running, 396 sleeping,   0 stopped,   0 zombie
%Cpu(s):  0.1 us,  0.1 sy,  0.0 ni, 99.7 id,  0.0 wa,  0.0 hi,  0.0 si,  0.0 st
KiB Mem : 65877712 total, 51927360 free,  2205844 used, 11744508 buff/cache
KiB Swap: 33554428 total, 32368256 free,  1186172 used. 62398904 avail Mem 
--
top - 13:03:21 up 111 days,  4:47,  0 users,  load average: 2.37, 0.88, 0.60
Tasks: 397 total,   2 running, 395 sleeping,   0 stopped,   0 zombie
%Cpu(s): 18.1 us,  0.4 sy,  0.0 ni, 81.5 id,  0.0 wa,  0.0 hi,  0.0 si,  0.0 st
KiB Mem : 65877712 total, 51816916 free,  2316284 used, 11744512 buff/cache
KiB Swap: 33554428 total, 32368256 free,  1186172 used. 62288464 avail Mem 
--
top - 13:03:26 up 111 days,  4:47,  0 users,  load average: 4.50, 1.34, 0.75
Tasks: 397 total,   2 running, 395 sleeping,   0 stopped,   0 zombie
%Cpu(s): 96.3 us,  0.6 sy,  0.0 ni,  3.1 id,  0.0 wa,  0.0 hi,  0.0 si,  0.0 st
KiB Mem : 65877712 total, 51645036 free,  2488164 used, 11744512 buff/cache
KiB Swap: 33554428 total, 32368256 free,  1186172 used. 62116584 avail Mem 
--
top - 13:03:31 up 111 days,  4:47,  0 users,  load average: 6.62, 1.84, 0.91
Tasks: 397 total,   2 running, 395 sleeping,   0 stopped,   0 zombie
%Cpu(s): 95.2 us,  0.5 sy,  0.0 ni,  4.3 id,  0.0 wa,  0.0 hi,  0.0 si,  0.0 st
KiB Mem : 65877712 total, 51457968 free,  2675232 used, 11744512 buff/cache
KiB Swap: 33554428 total, 32368256 free,  1186172 used. 61929516 avail Mem 
--
top - 13:03:36 up 111 days,  4:47,  0 users,  load average: 7.70, 2.14, 1.02
Tasks: 397 total,   1 running, 396 sleeping,   0 stopped,   0 zombie
%Cpu(s): 13.5 us,  0.1 sy,  0.0 ni, 86.3 id,  0.0 wa,  0.0 hi,  0.0 si,  0.0 st
KiB Mem : 65877712 total, 51414416 free,  2718784 used, 11744512 buff/cache
KiB Swap: 33554428 total, 32368256 free,  1186172 used. 61885964 avail Mem 
--
top - 13:03:41 up 111 days,  4:47,  0 users,  load average: 7.08, 2.10, 1.01
Tasks: 397 total,   1 running, 396 sleeping,   0 stopped,   0 zombie
%Cpu(s):  0.0 us,  0.1 sy,  0.0 ni, 99.9 id,  0.0 wa,  0.0 hi,  0.0 si,  0.0 st
KiB Mem : 65877712 total, 51852760 free,  2280440 used, 11744512 buff/cache
KiB Swap: 33554428 total, 32368256 free,  1186172 used. 62324308 avail Mem 
--
top - 13:03:47 up 111 days,  4:47,  0 users,  load average: 6.51, 2.07, 1.01
Tasks: 397 total,   1 running, 396 sleeping,   0 stopped,   0 zombie
%Cpu(s):  0.1 us,  0.0 sy,  0.0 ni, 99.9 id,  0.0 wa,  0.0 hi,  0.0 si,  0.0 st
KiB Mem : 65877712 total, 51842212 free,  2290988 used, 11744512 buff/cache
KiB Swap: 33554428 total, 32368256 free,  1186172 used. 62313760 avail Mem 
--
top - 13:03:52 up 111 days,  4:47,  0 users,  load average: 5.99, 2.03, 1.00
Tasks: 397 total,   1 running, 396 sleeping,   0 stopped,   0 zombie
%Cpu(s):  0.1 us,  0.1 sy,  0.0 ni, 99.8 id,  0.0 wa,  0.0 hi,  0.0 si,  0.0 st
KiB Mem : 65877712 total, 51759072 free,  2374128 used, 11744512 buff/cache
KiB Swap: 33554428 total, 32368256 free,  1186172 used. 62230620 avail Mem 
--
top - 13:03:57 up 111 days,  4:47,  0 users,  load average: 5.51, 2.00, 1.00
Tasks: 397 total,   1 running, 396 sleeping,   0 stopped,   0 zombie
%Cpu(s):  0.1 us,  0.1 sy,  0.0 ni, 99.8 id,  0.0 wa,  0.0 hi,  0.0 si,  0.0 st
KiB Mem : 65877712 total, 51682064 free,  2451136 used, 11744512 buff/cache
KiB Swap: 33554428 total, 32368256 free,  1186172 used. 62153612 avail Mem 
--
top - 13:04:02 up 111 days,  4:48,  0 users,  load average: 5.07, 1.97, 0.99
Tasks: 397 total,   1 running, 396 sleeping,   0 stopped,   0 zombie
%Cpu(s):  0.5 us,  0.3 sy,  0.0 ni, 98.8 id,  0.3 wa,  0.0 hi,  0.0 si,  0.0 st
KiB Mem : 65877712 total, 51615772 free,  2517432 used, 11744508 buff/cache
KiB Swap: 33554428 total, 32368256 free,  1186172 used. 62087320 avail Mem 
--
top - 13:04:07 up 111 days,  4:48,  0 users,  load average: 4.66, 1.93, 0.98
Tasks: 398 total,   1 running, 397 sleeping,   0 stopped,   0 zombie
%Cpu(s):  0.1 us,  0.1 sy,  0.0 ni, 99.7 id,  0.0 wa,  0.0 hi,  0.0 si,  0.0 st
KiB Mem : 65877712 total, 51535416 free,  2597784 used, 11744512 buff/cache
KiB Swap: 33554428 total, 32368256 free,  1186172 used. 62006964 avail Mem 
--
top - 13:04:12 up 111 days,  4:48,  0 users,  load average: 4.29, 1.90, 0.98
Tasks: 398 total,   1 running, 397 sleeping,   0 stopped,   0 zombie
%Cpu(s):  0.1 us,  0.1 sy,  0.0 ni, 99.7 id,  0.1 wa,  0.0 hi,  0.0 si,  0.0 st
KiB Mem : 65877712 total, 51459220 free,  2673976 used, 11744516 buff/cache
KiB Swap: 33554428 total, 32368256 free,  1186172 used. 61930772 avail Mem 
--
top - 13:04:17 up 111 days,  4:48,  0 users,  load average: 3.95, 1.87, 0.97
Tasks: 398 total,   2 running, 396 sleeping,   0 stopped,   0 zombie
%Cpu(s): 78.8 us,  0.5 sy,  0.0 ni, 20.7 id,  0.0 wa,  0.0 hi,  0.0 si,  0.0 st
KiB Mem : 65877712 total, 51270868 free,  2862328 used, 11744516 buff/cache
KiB Swap: 33554428 total, 32368256 free,  1186172 used. 61742420 avail Mem 
--
top - 13:04:22 up 111 days,  4:48,  0 users,  load average: 6.03, 2.34, 1.13
Tasks: 398 total,   1 running, 397 sleeping,   0 stopped,   0 zombie
%Cpu(s): 96.4 us,  0.2 sy,  0.0 ni,  3.3 id,  0.0 wa,  0.0 hi,  0.0 si,  0.0 st
KiB Mem : 65877712 total, 51107500 free,  3025696 used, 11744516 buff/cache
KiB Swap: 33554428 total, 32368256 free,  1186172 used. 61579052 avail Mem 
--
top - 13:04:27 up 111 days,  4:48,  0 users,  load average: 7.95, 2.80, 1.28
Tasks: 398 total,   1 running, 397 sleeping,   0 stopped,   0 zombie
%Cpu(s): 36.9 us,  0.1 sy,  0.0 ni, 62.9 id,  0.1 wa,  0.0 hi,  0.0 si,  0.0 st
KiB Mem : 65877712 total, 51009676 free,  3123520 used, 11744516 buff/cache
KiB Swap: 33554428 total, 32368256 free,  1186172 used. 61481228 avail Mem 
--
top - 13:04:32 up 111 days,  4:48,  0 users,  load average: 7.32, 2.75, 1.28
Tasks: 398 total,   1 running, 397 sleeping,   0 stopped,   0 zombie
%Cpu(s):  0.0 us,  0.1 sy,  0.0 ni, 99.9 id,  0.0 wa,  0.0 hi,  0.0 si,  0.0 st
KiB Mem : 65877712 total, 51456884 free,  2676312 used, 11744516 buff/cache
KiB Swap: 33554428 total, 32368256 free,  1186172 used. 61928436 avail Mem 
--
top - 13:04:37 up 111 days,  4:48,  0 users,  load average: 6.73, 2.70, 1.27
Tasks: 398 total,   1 running, 397 sleeping,   0 stopped,   0 zombie
%Cpu(s):  0.1 us,  0.0 sy,  0.0 ni, 99.9 id,  0.0 wa,  0.0 hi,  0.0 si,  0.0 st
KiB Mem : 65877712 total, 51449484 free,  2683712 used, 11744516 buff/cache
KiB Swap: 33554428 total, 32368256 free,  1186172 used. 61921036 avail Mem 
--
top - 13:04:42 up 111 days,  4:48,  0 users,  load average: 6.19, 2.66, 1.26
Tasks: 398 total,   1 running, 397 sleeping,   0 stopped,   0 zombie
%Cpu(s):  0.1 us,  0.1 sy,  0.0 ni, 99.8 id,  0.0 wa,  0.0 hi,  0.0 si,  0.0 st
KiB Mem : 65877712 total, 51381036 free,  2752160 used, 11744516 buff/cache
KiB Swap: 33554428 total, 32368256 free,  1186172 used. 61852588 avail Mem 
--
top - 13:04:47 up 111 days,  4:48,  0 users,  load average: 5.31, 2.59, 1.26
Tasks: 398 total,   1 running, 397 sleeping,   0 stopped,   0 zombie
%Cpu(s):  0.1 us,  0.1 sy,  0.0 ni, 99.8 id,  0.0 wa,  0.0 hi,  0.0 si,  0.0 st
KiB Mem : 65877712 total, 51306264 free,  2826932 used, 11744516 buff/cache
KiB Swap: 33554428 total, 32368256 free,  1186172 used. 61777816 avail Mem 
--
top - 13:04:52 up 111 days,  4:48,  0 users,  load average: 4.89, 2.55, 1.25
Tasks: 398 total,   2 running, 396 sleeping,   0 stopped,   0 zombie
%Cpu(s):  0.1 us,  0.1 sy,  0.0 ni, 99.7 id,  0.0 wa,  0.0 hi,  0.0 si,  0.0 st
KiB Mem : 65877712 total, 51220176 free,  2913020 used, 11744516 buff/cache
KiB Swap: 33554428 total, 32368256 free,  1186172 used. 61691728 avail Mem 
--
top - 13:04:57 up 111 days,  4:48,  0 users,  load average: 4.50, 2.50, 1.24
Tasks: 398 total,   1 running, 397 sleeping,   0 stopped,   0 zombie
%Cpu(s):  0.1 us,  0.1 sy,  0.0 ni, 99.7 id,  0.0 wa,  0.0 hi,  0.0 si,  0.0 st
KiB Mem : 65877712 total, 51158104 free,  2975092 used, 11744516 buff/cache
KiB Swap: 33554428 total, 32368256 free,  1186172 used. 61629656 avail Mem 
--
top - 13:05:02 up 111 days,  4:49,  0 users,  load average: 6.14, 2.88, 1.37
Tasks: 395 total,   1 running, 394 sleeping,   0 stopped,   0 zombie
%Cpu(s): 52.3 us,  1.1 sy,  0.0 ni, 46.6 id,  0.0 wa,  0.0 hi,  0.0 si,  0.0 st
KiB Mem : 65877712 total, 50979488 free,  3153704 used, 11744520 buff/cache
KiB Swap: 33554428 total, 32368256 free,  1186172 used. 61450548 avail Mem 
--
top - 13:05:07 up 111 days,  4:49,  0 users,  load average: 8.13, 3.34, 1.53
Tasks: 394 total,   1 running, 393 sleeping,   0 stopped,   0 zombie
%Cpu(s): 96.5 us,  0.5 sy,  0.0 ni,  3.1 id,  0.0 wa,  0.0 hi,  0.0 si,  0.0 st
KiB Mem : 65877712 total, 50807308 free,  3325884 used, 11744520 buff/cache
KiB Swap: 33554428 total, 32368256 free,  1186172 used. 61278864 avail Mem 
--
top - 13:05:12 up 111 days,  4:49,  0 users,  load average: 7.48, 3.29, 1.52
Tasks: 394 total,   1 running, 393 sleeping,   0 stopped,   0 zombie
%Cpu(s): 75.2 us,  0.4 sy,  0.0 ni, 24.4 id,  0.0 wa,  0.0 hi,  0.0 si,  0.0 st
KiB Mem : 65877712 total, 50657860 free,  3475332 used, 11744520 buff/cache
KiB Swap: 33554428 total, 32368256 free,  1186172 used. 61129416 avail Mem 
--
top - 13:05:17 up 111 days,  4:49,  0 users,  load average: 6.88, 3.23, 1.51
Tasks: 394 total,   1 running, 393 sleeping,   0 stopped,   0 zombie
%Cpu(s):  0.0 us,  0.1 sy,  0.0 ni, 99.9 id,  0.0 wa,  0.0 hi,  0.0 si,  0.0 st
KiB Mem : 65877712 total, 51028220 free,  3104972 used, 11744520 buff/cache
KiB Swap: 33554428 total, 32368256 free,  1186172 used. 61499776 avail Mem 
--
top - 13:05:22 up 111 days,  4:49,  0 users,  load average: 6.41, 3.20, 1.51
Tasks: 394 total,   1 running, 393 sleeping,   0 stopped,   0 zombie
%Cpu(s):  0.0 us,  0.0 sy,  0.0 ni, 99.9 id,  0.0 wa,  0.0 hi,  0.0 si,  0.0 st
KiB Mem : 65877712 total, 51032684 free,  3100508 used, 11744520 buff/cache
KiB Swap: 33554428 total, 32368256 free,  1186172 used. 61504240 avail Mem 
--
top - 13:05:27 up 111 days,  4:49,  0 users,  load average: 5.98, 3.16, 1.51
Tasks: 394 total,   1 running, 393 sleeping,   0 stopped,   0 zombie
%Cpu(s):  0.1 us,  0.1 sy,  0.0 ni, 99.7 id,  0.0 wa,  0.0 hi,  0.0 si,  0.0 st
KiB Mem : 65877712 total, 50975392 free,  3157800 used, 11744520 buff/cache
KiB Swap: 33554428 total, 32368256 free,  1186172 used. 61446948 avail Mem 
--
top - 13:05:32 up 111 days,  4:49,  0 users,  load average: 5.50, 3.11, 1.50
Tasks: 394 total,   1 running, 393 sleeping,   0 stopped,   0 zombie
%Cpu(s):  0.2 us,  0.1 sy,  0.0 ni, 99.7 id,  0.0 wa,  0.0 hi,  0.0 si,  0.0 st
KiB Mem : 65877712 total, 50890728 free,  3242464 used, 11744520 buff/cache
KiB Swap: 33554428 total, 32368256 free,  1186172 used. 61362284 avail Mem 
--
top - 13:05:37 up 111 days,  4:49,  0 users,  load average: 5.06, 3.06, 1.49
Tasks: 393 total,   1 running, 392 sleeping,   0 stopped,   0 zombie
%Cpu(s):  0.1 us,  0.1 sy,  0.0 ni, 99.8 id,  0.0 wa,  0.0 hi,  0.0 si,  0.0 st
KiB Mem : 65877712 total, 50811160 free,  3322032 used, 11744520 buff/cache
KiB Swap: 33554428 total, 32368256 free,  1186172 used. 61282716 avail Mem 
--
top - 13:05:42 up 111 days,  4:49,  0 users,  load average: 4.65, 3.00, 1.48
Tasks: 394 total,   1 running, 393 sleeping,   0 stopped,   0 zombie
%Cpu(s):  0.1 us,  0.1 sy,  0.0 ni, 99.8 id,  0.0 wa,  0.0 hi,  0.0 si,  0.0 st
KiB Mem : 65877712 total, 50755604 free,  3377588 used, 11744520 buff/cache
KiB Swap: 33554428 total, 32368256 free,  1186172 used. 61227160 avail Mem 
--
top - 13:05:47 up 111 days,  4:49,  0 users,  load average: 6.28, 3.37, 1.61
Tasks: 394 total,   1 running, 393 sleeping,   0 stopped,   0 zombie
%Cpu(s): 44.8 us,  0.8 sy,  0.0 ni, 54.4 id,  0.0 wa,  0.0 hi,  0.0 si,  0.0 st
KiB Mem : 65877712 total, 50613084 free,  3520108 used, 11744520 buff/cache
KiB Swap: 33554428 total, 32368256 free,  1186172 used. 61084640 avail Mem 
--
top - 13:05:52 up 111 days,  4:49,  0 users,  load average: 8.34, 3.84, 1.77
Tasks: 394 total,   1 running, 393 sleeping,   0 stopped,   0 zombie
%Cpu(s): 96.0 us,  0.8 sy,  0.0 ni,  3.2 id,  0.0 wa,  0.0 hi,  0.0 si,  0.0 st
KiB Mem : 65877712 total, 50393444 free,  3739748 used, 11744520 buff/cache
KiB Swap: 33554428 total, 32368256 free,  1186172 used. 60865000 avail Mem 
--
top - 13:05:57 up 111 days,  4:49,  0 users,  load average: 8.71, 4.00, 1.83
Tasks: 394 total,   1 running, 393 sleeping,   0 stopped,   0 zombie
%Cpu(s): 83.2 us,  0.9 sy,  0.0 ni, 15.9 id,  0.0 wa,  0.0 hi,  0.0 si,  0.0 st
KiB Mem : 65877712 total, 50327328 free,  3805860 used, 11744524 buff/cache
KiB Swap: 33554428 total, 32368256 free,  1186172 used. 60798888 avail Mem 
--
top - 13:06:02 up 111 days,  4:50,  0 users,  load average: 8.02, 3.93, 1.82
Tasks: 396 total,   1 running, 395 sleeping,   0 stopped,   0 zombie
%Cpu(s):  3.3 us,  0.2 sy,  0.0 ni, 96.1 id,  0.4 wa,  0.0 hi,  0.0 si,  0.0 st
KiB Mem : 65877712 total, 50294744 free,  3838444 used, 11744524 buff/cache
KiB Swap: 33554428 total, 32368256 free,  1186172 used. 60766304 avail Mem 
