Job id: 4755024
Worker ip: 10.149.0.32
Master ip: 10.149.0.68
--
top - 13:25:47 up 111 days,  5:09,  0 users,  load average: 0.78, 0.32, 0.24
Tasks: 399 total,   1 running, 398 sleeping,   0 stopped,   0 zombie
%Cpu(s):  1.1 us,  2.2 sy,  0.0 ni, 95.8 id,  0.7 wa,  0.0 hi,  0.2 si,  0.0 st
KiB Mem : 65877712 total, 56964972 free,  1191428 used,  7721312 buff/cache
KiB Swap: 33554428 total, 32289672 free,  1264756 used. 63452500 avail Mem 
--
top - 13:25:52 up 111 days,  5:09,  0 users,  load average: 0.80, 0.34, 0.24
Tasks: 406 total,   1 running, 405 sleeping,   0 stopped,   0 zombie
%Cpu(s):  1.8 us,  0.6 sy,  0.0 ni, 97.4 id,  0.2 wa,  0.0 hi,  0.0 si,  0.0 st
KiB Mem : 65877712 total, 56942524 free,  1207240 used,  7727948 buff/cache
KiB Swap: 33554428 total, 32289672 free,  1264756 used. 63436592 avail Mem 
--
top - 13:25:57 up 111 days,  5:09,  0 users,  load average: 0.73, 0.33, 0.24
Tasks: 406 total,   1 running, 405 sleeping,   0 stopped,   0 zombie
%Cpu(s):  0.0 us,  0.0 sy,  0.0 ni,100.0 id,  0.0 wa,  0.0 hi,  0.0 si,  0.0 st
KiB Mem : 65877712 total, 56943656 free,  1206108 used,  7727948 buff/cache
KiB Swap: 33554428 total, 32289672 free,  1264756 used. 63437724 avail Mem 
--
top - 13:26:02 up 111 days,  5:09,  0 users,  load average: 0.68, 0.33, 0.24
Tasks: 405 total,   1 running, 404 sleeping,   0 stopped,   0 zombie
%Cpu(s):  0.4 us,  0.2 sy,  0.0 ni, 98.7 id,  0.6 wa,  0.0 hi,  0.0 si,  0.0 st
KiB Mem : 65877712 total, 56939056 free,  1210708 used,  7727948 buff/cache
KiB Swap: 33554428 total, 32289672 free,  1264756 used. 63433168 avail Mem 
--
top - 13:26:07 up 111 days,  5:09,  0 users,  load average: 0.62, 0.32, 0.24
Tasks: 403 total,   1 running, 402 sleeping,   0 stopped,   0 zombie
%Cpu(s):  0.0 us,  0.0 sy,  0.0 ni,100.0 id,  0.0 wa,  0.0 hi,  0.0 si,  0.0 st
KiB Mem : 65877712 total, 56941404 free,  1208360 used,  7727948 buff/cache
KiB Swap: 33554428 total, 32289672 free,  1264756 used. 63435520 avail Mem 
--
top - 13:26:12 up 111 days,  5:09,  0 users,  load average: 0.57, 0.31, 0.24
Tasks: 405 total,   1 running, 404 sleeping,   0 stopped,   0 zombie
%Cpu(s):  0.0 us,  0.0 sy,  0.0 ni,100.0 id,  0.0 wa,  0.0 hi,  0.0 si,  0.0 st
KiB Mem : 65877712 total, 56942008 free,  1207756 used,  7727948 buff/cache
KiB Swap: 33554428 total, 32289672 free,  1264756 used. 63436124 avail Mem 
--
top - 13:26:17 up 111 days,  5:09,  0 users,  load average: 0.53, 0.31, 0.23
Tasks: 405 total,   1 running, 404 sleeping,   0 stopped,   0 zombie
%Cpu(s):  0.0 us,  0.0 sy,  0.0 ni,100.0 id,  0.0 wa,  0.0 hi,  0.0 si,  0.0 st
KiB Mem : 65877712 total, 56943036 free,  1206728 used,  7727948 buff/cache
KiB Swap: 33554428 total, 32289672 free,  1264756 used. 63437152 avail Mem 
--
top - 13:26:22 up 111 days,  5:09,  0 users,  load average: 0.48, 0.30, 0.23
Tasks: 405 total,   1 running, 404 sleeping,   0 stopped,   0 zombie
%Cpu(s):  0.0 us,  0.0 sy,  0.0 ni, 99.9 id,  0.0 wa,  0.0 hi,  0.0 si,  0.0 st
KiB Mem : 65877712 total, 56927236 free,  1222528 used,  7727948 buff/cache
KiB Swap: 33554428 total, 32289672 free,  1264756 used. 63421352 avail Mem 
--
top - 13:26:27 up 111 days,  5:09,  0 users,  load average: 0.44, 0.30, 0.23
Tasks: 405 total,   1 running, 404 sleeping,   0 stopped,   0 zombie
%Cpu(s):  0.1 us,  0.0 sy,  0.0 ni, 99.9 id,  0.0 wa,  0.0 hi,  0.0 si,  0.0 st
KiB Mem : 65877712 total, 56889664 free,  1260100 used,  7727948 buff/cache
KiB Swap: 33554428 total, 32289672 free,  1264756 used. 63383780 avail Mem 
--
top - 13:26:32 up 111 days,  5:09,  0 users,  load average: 0.41, 0.29, 0.23
Tasks: 405 total,   1 running, 404 sleeping,   0 stopped,   0 zombie
%Cpu(s):  0.1 us,  0.0 sy,  0.0 ni, 99.9 id,  0.0 wa,  0.0 hi,  0.0 si,  0.0 st
KiB Mem : 65877712 total, 56853064 free,  1296700 used,  7727948 buff/cache
KiB Swap: 33554428 total, 32289672 free,  1264756 used. 63347180 avail Mem 
--
top - 13:26:37 up 111 days,  5:09,  0 users,  load average: 0.38, 0.29, 0.23
Tasks: 405 total,   1 running, 404 sleeping,   0 stopped,   0 zombie
%Cpu(s):  0.1 us,  0.0 sy,  0.0 ni, 99.9 id,  0.0 wa,  0.0 hi,  0.0 si,  0.0 st
KiB Mem : 65877712 total, 56809020 free,  1340744 used,  7727948 buff/cache
KiB Swap: 33554428 total, 32289672 free,  1264756 used. 63303136 avail Mem 
--
top - 13:26:42 up 111 days,  5:09,  0 users,  load average: 0.35, 0.28, 0.23
Tasks: 405 total,   1 running, 404 sleeping,   0 stopped,   0 zombie
%Cpu(s):  0.1 us,  0.0 sy,  0.0 ni, 99.9 id,  0.0 wa,  0.0 hi,  0.0 si,  0.0 st
KiB Mem : 65877712 total, 56776256 free,  1373504 used,  7727952 buff/cache
KiB Swap: 33554428 total, 32289672 free,  1264756 used. 63270372 avail Mem 
--
top - 13:26:47 up 111 days,  5:10,  0 users,  load average: 0.32, 0.28, 0.23
Tasks: 405 total,   1 running, 404 sleeping,   0 stopped,   0 zombie
%Cpu(s):  0.1 us,  0.1 sy,  0.0 ni, 99.8 id,  0.0 wa,  0.0 hi,  0.0 si,  0.0 st
KiB Mem : 65877712 total, 56733296 free,  1416464 used,  7727952 buff/cache
KiB Swap: 33554428 total, 32289672 free,  1264756 used. 63227412 avail Mem 
--
top - 13:26:52 up 111 days,  5:10,  0 users,  load average: 0.29, 0.27, 0.22
Tasks: 404 total,   2 running, 402 sleeping,   0 stopped,   0 zombie
%Cpu(s): 58.3 us,  0.6 sy,  0.0 ni, 41.1 id,  0.0 wa,  0.0 hi,  0.0 si,  0.0 st
KiB Mem : 65877712 total, 56311688 free,  1838072 used,  7727952 buff/cache
KiB Swap: 33554428 total, 32289672 free,  1264756 used. 62805808 avail Mem 
--
top - 13:26:57 up 111 days,  5:10,  0 users,  load average: 2.59, 0.75, 0.38
Tasks: 404 total,   1 running, 403 sleeping,   0 stopped,   0 zombie
%Cpu(s): 53.5 us,  0.2 sy,  0.0 ni, 46.3 id,  0.0 wa,  0.0 hi,  0.0 si,  0.0 st
KiB Mem : 65877712 total, 56199536 free,  1950224 used,  7727952 buff/cache
KiB Swap: 33554428 total, 32289672 free,  1264756 used. 62693652 avail Mem 
--
top - 13:27:02 up 111 days,  5:10,  0 users,  load average: 2.38, 0.74, 0.38
Tasks: 404 total,   1 running, 403 sleeping,   0 stopped,   0 zombie
%Cpu(s):  0.0 us,  0.0 sy,  0.0 ni, 99.9 id,  0.0 wa,  0.0 hi,  0.0 si,  0.0 st
KiB Mem : 65877712 total, 56443220 free,  1706540 used,  7727952 buff/cache
KiB Swap: 33554428 total, 32289672 free,  1264756 used. 62937336 avail Mem 
--
top - 13:27:07 up 111 days,  5:10,  0 users,  load average: 2.19, 0.73, 0.38
Tasks: 404 total,   1 running, 403 sleeping,   0 stopped,   0 zombie
%Cpu(s):  0.0 us,  0.0 sy,  0.0 ni, 99.9 id,  0.0 wa,  0.0 hi,  0.0 si,  0.0 st
KiB Mem : 65877712 total, 56442064 free,  1707696 used,  7727952 buff/cache
KiB Swap: 33554428 total, 32289672 free,  1264756 used. 62936180 avail Mem 
--
top - 13:27:12 up 111 days,  5:10,  0 users,  load average: 2.02, 0.71, 0.37
Tasks: 404 total,   1 running, 403 sleeping,   0 stopped,   0 zombie
%Cpu(s):  0.1 us,  0.1 sy,  0.0 ni, 99.9 id,  0.0 wa,  0.0 hi,  0.0 si,  0.0 st
KiB Mem : 65877712 total, 56402728 free,  1747032 used,  7727952 buff/cache
KiB Swap: 33554428 total, 32289672 free,  1264756 used. 62896844 avail Mem 
--
top - 13:27:17 up 111 days,  5:10,  0 users,  load average: 1.86, 0.70, 0.37
Tasks: 404 total,   1 running, 403 sleeping,   0 stopped,   0 zombie
%Cpu(s):  0.1 us,  0.1 sy,  0.0 ni, 99.9 id,  0.0 wa,  0.0 hi,  0.0 si,  0.0 st
KiB Mem : 65877712 total, 56363680 free,  1786080 used,  7727952 buff/cache
KiB Swap: 33554428 total, 32289672 free,  1264756 used. 62857796 avail Mem 
--
top - 13:27:22 up 111 days,  5:10,  0 users,  load average: 1.71, 0.69, 0.37
Tasks: 404 total,   1 running, 403 sleeping,   0 stopped,   0 zombie
%Cpu(s):  0.1 us,  0.1 sy,  0.0 ni, 99.9 id,  0.0 wa,  0.0 hi,  0.0 si,  0.0 st
KiB Mem : 65877712 total, 56323708 free,  1826052 used,  7727952 buff/cache
KiB Swap: 33554428 total, 32289672 free,  1264756 used. 62817824 avail Mem 
--
top - 13:27:27 up 111 days,  5:10,  0 users,  load average: 1.57, 0.68, 0.37
Tasks: 404 total,   1 running, 403 sleeping,   0 stopped,   0 zombie
%Cpu(s):  0.1 us,  0.0 sy,  0.0 ni, 99.9 id,  0.0 wa,  0.0 hi,  0.0 si,  0.0 st
KiB Mem : 65877712 total, 56294564 free,  1855196 used,  7727952 buff/cache
KiB Swap: 33554428 total, 32289672 free,  1264756 used. 62788680 avail Mem 
--
top - 13:27:32 up 111 days,  5:10,  0 users,  load average: 1.44, 0.67, 0.37
Tasks: 404 total,   2 running, 402 sleeping,   0 stopped,   0 zombie
%Cpu(s):  0.1 us,  0.1 sy,  0.0 ni, 99.9 id,  0.0 wa,  0.0 hi,  0.0 si,  0.0 st
KiB Mem : 65877712 total, 56259584 free,  1890176 used,  7727952 buff/cache
KiB Swap: 33554428 total, 32289672 free,  1264756 used. 62753700 avail Mem 
--
top - 13:27:37 up 111 days,  5:10,  0 users,  load average: 1.33, 0.66, 0.36
Tasks: 404 total,   1 running, 403 sleeping,   0 stopped,   0 zombie
%Cpu(s):  0.1 us,  0.1 sy,  0.0 ni, 99.9 id,  0.0 wa,  0.0 hi,  0.0 si,  0.0 st
KiB Mem : 65877712 total, 56213352 free,  1936404 used,  7727956 buff/cache
KiB Swap: 33554428 total, 32289672 free,  1264756 used. 62707468 avail Mem 
--
top - 13:27:42 up 111 days,  5:10,  0 users,  load average: 1.22, 0.65, 0.36
Tasks: 406 total,   3 running, 403 sleeping,   0 stopped,   0 zombie
%Cpu(s): 41.8 us,  0.4 sy,  0.0 ni, 57.9 id,  0.0 wa,  0.0 hi,  0.0 si,  0.0 st
KiB Mem : 65877712 total, 56122512 free,  2027244 used,  7727956 buff/cache
KiB Swap: 33554428 total, 32289672 free,  1264756 used. 62616636 avail Mem 
--
top - 13:27:47 up 111 days,  5:11,  0 users,  load average: 3.29, 1.08, 0.50
Tasks: 404 total,   1 running, 403 sleeping,   0 stopped,   0 zombie
%Cpu(s): 64.3 us,  0.4 sy,  0.0 ni, 35.3 id,  0.0 wa,  0.0 hi,  0.0 si,  0.0 st
KiB Mem : 65877712 total, 55989524 free,  2160232 used,  7727956 buff/cache
KiB Swap: 33554428 total, 32289672 free,  1264756 used. 62483648 avail Mem 
--
top - 13:27:52 up 111 days,  5:11,  0 users,  load average: 3.02, 1.07, 0.50
Tasks: 405 total,   1 running, 404 sleeping,   0 stopped,   0 zombie
%Cpu(s):  0.0 us,  0.0 sy,  0.0 ni, 99.9 id,  0.0 wa,  0.0 hi,  0.0 si,  0.0 st
KiB Mem : 65877712 total, 56229744 free,  1920012 used,  7727956 buff/cache
KiB Swap: 33554428 total, 32289672 free,  1264756 used. 62723868 avail Mem 
--
top - 13:27:57 up 111 days,  5:11,  0 users,  load average: 2.78, 1.05, 0.50
Tasks: 405 total,   1 running, 404 sleeping,   0 stopped,   0 zombie
%Cpu(s):  0.0 us,  0.0 sy,  0.0 ni,100.0 id,  0.0 wa,  0.0 hi,  0.0 si,  0.0 st
KiB Mem : 65877712 total, 56231292 free,  1918464 used,  7727956 buff/cache
KiB Swap: 33554428 total, 32289672 free,  1264756 used. 62725416 avail Mem 
--
top - 13:28:02 up 111 days,  5:11,  0 users,  load average: 2.56, 1.03, 0.50
Tasks: 405 total,   1 running, 404 sleeping,   0 stopped,   0 zombie
%Cpu(s):  0.5 us,  0.3 sy,  0.0 ni, 98.6 id,  0.6 wa,  0.0 hi,  0.0 si,  0.0 st
KiB Mem : 65877712 total, 56186992 free,  1962764 used,  7727956 buff/cache
KiB Swap: 33554428 total, 32289672 free,  1264756 used. 62681116 avail Mem 
--
top - 13:28:07 up 111 days,  5:11,  0 users,  load average: 2.35, 1.01, 0.49
Tasks: 405 total,   2 running, 403 sleeping,   0 stopped,   0 zombie
%Cpu(s):  0.1 us,  0.1 sy,  0.0 ni, 99.9 id,  0.0 wa,  0.0 hi,  0.0 si,  0.0 st
KiB Mem : 65877712 total, 56145656 free,  2004096 used,  7727960 buff/cache
KiB Swap: 33554428 total, 32289672 free,  1264756 used. 62639780 avail Mem 
--
top - 13:28:12 up 111 days,  5:11,  0 users,  load average: 2.16, 1.00, 0.49
Tasks: 405 total,   1 running, 404 sleeping,   0 stopped,   0 zombie
%Cpu(s):  0.1 us,  0.1 sy,  0.0 ni, 99.9 id,  0.0 wa,  0.0 hi,  0.0 si,  0.0 st
KiB Mem : 65877712 total, 56117196 free,  2032556 used,  7727960 buff/cache
KiB Swap: 33554428 total, 32289672 free,  1264756 used. 62611320 avail Mem 
--
top - 13:28:18 up 111 days,  5:11,  0 users,  load average: 1.99, 0.98, 0.49
Tasks: 405 total,   1 running, 404 sleeping,   0 stopped,   0 zombie
%Cpu(s):  0.1 us,  0.1 sy,  0.0 ni, 99.9 id,  0.0 wa,  0.0 hi,  0.0 si,  0.0 st
KiB Mem : 65877712 total, 56069428 free,  2080324 used,  7727960 buff/cache
KiB Swap: 33554428 total, 32289672 free,  1264756 used. 62563552 avail Mem 
--
top - 13:28:23 up 111 days,  5:11,  0 users,  load average: 1.83, 0.96, 0.49
Tasks: 405 total,   1 running, 404 sleeping,   0 stopped,   0 zombie
%Cpu(s):  0.1 us,  0.1 sy,  0.0 ni, 99.9 id,  0.0 wa,  0.0 hi,  0.0 si,  0.0 st
KiB Mem : 65877712 total, 56030092 free,  2119660 used,  7727960 buff/cache
KiB Swap: 33554428 total, 32289672 free,  1264756 used. 62524216 avail Mem 
--
top - 13:28:28 up 111 days,  5:11,  0 users,  load average: 1.69, 0.95, 0.48
Tasks: 407 total,   1 running, 406 sleeping,   0 stopped,   0 zombie
%Cpu(s):  0.1 us,  0.1 sy,  0.0 ni, 99.9 id,  0.0 wa,  0.0 hi,  0.0 si,  0.0 st
KiB Mem : 65877712 total, 55999728 free,  2150024 used,  7727960 buff/cache
KiB Swap: 33554428 total, 32289672 free,  1264756 used. 62493852 avail Mem 
--
top - 13:28:33 up 111 days,  5:11,  0 users,  load average: 1.55, 0.93, 0.48
Tasks: 407 total,   2 running, 405 sleeping,   0 stopped,   0 zombie
%Cpu(s):  9.7 us,  0.2 sy,  0.0 ni, 90.1 id,  0.0 wa,  0.0 hi,  0.0 si,  0.0 st
KiB Mem : 65877712 total, 55955132 free,  2194616 used,  7727964 buff/cache
KiB Swap: 33554428 total, 32289672 free,  1264756 used. 62449260 avail Mem 
--
top - 13:28:38 up 111 days,  5:11,  0 users,  load average: 3.43, 1.33, 0.61
Tasks: 407 total,   2 running, 405 sleeping,   0 stopped,   0 zombie
%Cpu(s): 95.6 us,  0.6 sy,  0.0 ni,  3.8 id,  0.0 wa,  0.0 hi,  0.0 si,  0.0 st
KiB Mem : 65877712 total, 55784564 free,  2365184 used,  7727964 buff/cache
KiB Swap: 33554428 total, 32289672 free,  1264756 used. 62278696 avail Mem 
--
top - 13:28:43 up 111 days,  5:12,  0 users,  load average: 3.15, 1.31, 0.61
Tasks: 407 total,   1 running, 406 sleeping,   0 stopped,   0 zombie
%Cpu(s):  7.1 us,  0.1 sy,  0.0 ni, 92.8 id,  0.0 wa,  0.0 hi,  0.0 si,  0.0 st
KiB Mem : 65877712 total, 55758024 free,  2391724 used,  7727964 buff/cache
KiB Swap: 33554428 total, 32289672 free,  1264756 used. 62252156 avail Mem 
--
top - 13:28:48 up 111 days,  5:12,  0 users,  load average: 2.90, 1.29, 0.61
Tasks: 407 total,   1 running, 406 sleeping,   0 stopped,   0 zombie
%Cpu(s):  0.0 us,  0.0 sy,  0.0 ni, 99.9 id,  0.0 wa,  0.0 hi,  0.0 si,  0.0 st
KiB Mem : 65877712 total, 56008156 free,  2141592 used,  7727964 buff/cache
KiB Swap: 33554428 total, 32289672 free,  1264756 used. 62502288 avail Mem 
--
top - 13:28:53 up 111 days,  5:12,  0 users,  load average: 2.67, 1.27, 0.60
Tasks: 407 total,   1 running, 406 sleeping,   0 stopped,   0 zombie
%Cpu(s):  0.1 us,  0.0 sy,  0.0 ni, 99.9 id,  0.0 wa,  0.0 hi,  0.0 si,  0.0 st
KiB Mem : 65877712 total, 55995324 free,  2154424 used,  7727964 buff/cache
KiB Swap: 33554428 total, 32289672 free,  1264756 used. 62489456 avail Mem 
--
top - 13:28:58 up 111 days,  5:12,  0 users,  load average: 2.46, 1.25, 0.60
Tasks: 407 total,   1 running, 406 sleeping,   0 stopped,   0 zombie
%Cpu(s):  0.1 us,  0.1 sy,  0.0 ni, 99.9 id,  0.0 wa,  0.0 hi,  0.0 si,  0.0 st
KiB Mem : 65877712 total, 55959544 free,  2190204 used,  7727964 buff/cache
KiB Swap: 33554428 total, 32289672 free,  1264756 used. 62453676 avail Mem 
--
top - 13:29:03 up 111 days,  5:12,  0 users,  load average: 2.34, 1.24, 0.60
Tasks: 407 total,   1 running, 406 sleeping,   0 stopped,   0 zombie
%Cpu(s):  0.1 us,  0.1 sy,  0.0 ni, 99.9 id,  0.0 wa,  0.0 hi,  0.0 si,  0.0 st
KiB Mem : 65877712 total, 55925568 free,  2224180 used,  7727964 buff/cache
KiB Swap: 33554428 total, 32289672 free,  1264756 used. 62419700 avail Mem 
--
top - 13:29:08 up 111 days,  5:12,  0 users,  load average: 2.15, 1.22, 0.60
Tasks: 407 total,   1 running, 406 sleeping,   0 stopped,   0 zombie
%Cpu(s):  0.1 us,  0.1 sy,  0.0 ni, 99.9 id,  0.0 wa,  0.0 hi,  0.0 si,  0.0 st
KiB Mem : 65877712 total, 55891956 free,  2257792 used,  7727964 buff/cache
KiB Swap: 33554428 total, 32289672 free,  1264756 used. 62386088 avail Mem 
--
top - 13:29:13 up 111 days,  5:12,  0 users,  load average: 1.98, 1.20, 0.60
Tasks: 407 total,   1 running, 406 sleeping,   0 stopped,   0 zombie
%Cpu(s):  0.1 us,  0.0 sy,  0.0 ni, 99.9 id,  0.0 wa,  0.0 hi,  0.0 si,  0.0 st
KiB Mem : 65877712 total, 55861004 free,  2288744 used,  7727964 buff/cache
KiB Swap: 33554428 total, 32289672 free,  1264756 used. 62355136 avail Mem 
--
top - 13:29:18 up 111 days,  5:12,  0 users,  load average: 1.82, 1.18, 0.59
Tasks: 407 total,   1 running, 406 sleeping,   0 stopped,   0 zombie
%Cpu(s):  0.1 us,  0.1 sy,  0.0 ni, 99.9 id,  0.0 wa,  0.0 hi,  0.0 si,  0.0 st
KiB Mem : 65877712 total, 55823180 free,  2326568 used,  7727964 buff/cache
KiB Swap: 33554428 total, 32289672 free,  1264756 used. 62317312 avail Mem 
--
top - 13:29:23 up 111 days,  5:12,  0 users,  load average: 1.75, 1.18, 0.59
Tasks: 407 total,   1 running, 406 sleeping,   0 stopped,   0 zombie
%Cpu(s):  0.1 us,  0.1 sy,  0.0 ni, 99.8 id,  0.0 wa,  0.0 hi,  0.0 si,  0.0 st
KiB Mem : 65877712 total, 55773600 free,  2376144 used,  7727968 buff/cache
KiB Swap: 33554428 total, 32289672 free,  1264756 used. 62267732 avail Mem 
--
top - 13:29:28 up 111 days,  5:12,  0 users,  load average: 3.78, 1.61, 0.74
Tasks: 407 total,   2 running, 405 sleeping,   0 stopped,   0 zombie
%Cpu(s): 91.5 us,  0.7 sy,  0.0 ni,  7.8 id,  0.0 wa,  0.0 hi,  0.0 si,  0.0 st
KiB Mem : 65877712 total, 55617492 free,  2532252 used,  7727968 buff/cache
KiB Swap: 33554428 total, 32289672 free,  1264756 used. 62111628 avail Mem 
--
top - 13:29:33 up 111 days,  5:12,  0 users,  load average: 4.59, 1.81, 0.81
Tasks: 407 total,   1 running, 406 sleeping,   0 stopped,   0 zombie
%Cpu(s): 19.6 us,  0.1 sy,  0.0 ni, 80.3 id,  0.0 wa,  0.0 hi,  0.0 si,  0.0 st
KiB Mem : 65877712 total, 55805192 free,  2344552 used,  7727968 buff/cache
KiB Swap: 33554428 total, 32289672 free,  1264756 used. 62299328 avail Mem 
--
top - 13:29:38 up 111 days,  5:12,  0 users,  load average: 4.23, 1.78, 0.80
Tasks: 407 total,   1 running, 406 sleeping,   0 stopped,   0 zombie
%Cpu(s):  0.0 us,  0.0 sy,  0.0 ni,100.0 id,  0.0 wa,  0.0 hi,  0.0 si,  0.0 st
KiB Mem : 65877712 total, 55798092 free,  2351652 used,  7727968 buff/cache
KiB Swap: 33554428 total, 32289672 free,  1264756 used. 62292228 avail Mem 
--
top - 13:29:43 up 111 days,  5:13,  0 users,  load average: 3.89, 1.75, 0.80
Tasks: 407 total,   1 running, 406 sleeping,   0 stopped,   0 zombie
%Cpu(s):  0.1 us,  0.0 sy,  0.0 ni, 99.9 id,  0.0 wa,  0.0 hi,  0.0 si,  0.0 st
KiB Mem : 65877712 total, 55780328 free,  2369416 used,  7727968 buff/cache
KiB Swap: 33554428 total, 32289672 free,  1264756 used. 62274464 avail Mem 
--
top - 13:29:48 up 111 days,  5:13,  0 users,  load average: 3.58, 1.72, 0.79
Tasks: 407 total,   1 running, 406 sleeping,   0 stopped,   0 zombie
%Cpu(s):  0.1 us,  0.0 sy,  0.0 ni, 99.9 id,  0.0 wa,  0.0 hi,  0.0 si,  0.0 st
KiB Mem : 65877712 total, 55734568 free,  2415176 used,  7727968 buff/cache
KiB Swap: 33554428 total, 32289672 free,  1264756 used. 62228704 avail Mem 
--
top - 13:29:53 up 111 days,  5:13,  0 users,  load average: 3.29, 1.69, 0.79
Tasks: 407 total,   1 running, 406 sleeping,   0 stopped,   0 zombie
%Cpu(s):  0.1 us,  0.1 sy,  0.0 ni, 99.8 id,  0.0 wa,  0.0 hi,  0.0 si,  0.0 st
KiB Mem : 65877712 total, 55697132 free,  2452612 used,  7727968 buff/cache
KiB Swap: 33554428 total, 32289672 free,  1264756 used. 62191268 avail Mem 
--
top - 13:29:58 up 111 days,  5:13,  0 users,  load average: 3.03, 1.67, 0.78
Tasks: 407 total,   1 running, 406 sleeping,   0 stopped,   0 zombie
%Cpu(s):  0.1 us,  0.1 sy,  0.0 ni, 99.9 id,  0.0 wa,  0.0 hi,  0.0 si,  0.0 st
KiB Mem : 65877712 total, 55650392 free,  2499352 used,  7727968 buff/cache
KiB Swap: 33554428 total, 32289672 free,  1264756 used. 62144528 avail Mem 
--
top - 13:30:03 up 111 days,  5:13,  0 users,  load average: 2.78, 1.64, 0.78
Tasks: 407 total,   1 running, 406 sleeping,   0 stopped,   0 zombie
%Cpu(s):  0.5 us,  0.3 sy,  0.0 ni, 98.6 id,  0.7 wa,  0.0 hi,  0.0 si,  0.0 st
KiB Mem : 65877712 total, 55609640 free,  2540096 used,  7727976 buff/cache
KiB Swap: 33554428 total, 32289672 free,  1264756 used. 62103784 avail Mem 
--
top - 13:30:08 up 111 days,  5:13,  0 users,  load average: 2.56, 1.61, 0.78
Tasks: 407 total,   1 running, 406 sleeping,   0 stopped,   0 zombie
%Cpu(s):  0.1 us,  0.1 sy,  0.0 ni, 99.9 id,  0.0 wa,  0.0 hi,  0.0 si,  0.0 st
KiB Mem : 65877712 total, 55567672 free,  2582064 used,  7727976 buff/cache
KiB Swap: 33554428 total, 32289672 free,  1264756 used. 62061816 avail Mem 
--
top - 13:30:13 up 111 days,  5:13,  0 users,  load average: 2.36, 1.58, 0.77
Tasks: 407 total,   1 running, 406 sleeping,   0 stopped,   0 zombie
%Cpu(s):  0.0 us,  0.0 sy,  0.0 ni, 99.9 id,  0.0 wa,  0.0 hi,  0.0 si,  0.0 st
KiB Mem : 65877712 total, 55544424 free,  2605312 used,  7727976 buff/cache
KiB Swap: 33554428 total, 32289672 free,  1264756 used. 62038568 avail Mem 
--
top - 13:30:18 up 111 days,  5:13,  0 users,  load average: 2.17, 1.56, 0.77
Tasks: 407 total,   2 running, 405 sleeping,   0 stopped,   0 zombie
%Cpu(s): 66.6 us,  0.3 sy,  0.0 ni, 33.1 id,  0.0 wa,  0.0 hi,  0.0 si,  0.0 st
KiB Mem : 65877712 total, 55431484 free,  2718248 used,  7727980 buff/cache
KiB Swap: 33554428 total, 32289672 free,  1264756 used. 61925632 avail Mem 
--
top - 13:30:23 up 111 days,  5:13,  0 users,  load average: 3.84, 1.91, 0.89
Tasks: 407 total,   1 running, 406 sleeping,   0 stopped,   0 zombie
%Cpu(s): 39.5 us,  0.1 sy,  0.0 ni, 60.4 id,  0.0 wa,  0.0 hi,  0.0 si,  0.0 st
KiB Mem : 65877712 total, 55347164 free,  2802568 used,  7727980 buff/cache
KiB Swap: 33554428 total, 32289672 free,  1264756 used. 61841312 avail Mem 
