Job id: 4754940
Master ip: 10.149.0.55
--
top - 12:33:27 up 111 days,  4:15,  0 users,  load average: 1.04, 3.47, 2.71
Tasks: 399 total,   1 running, 398 sleeping,   0 stopped,   0 zombie
%Cpu(s):  2.0 us,  0.9 sy,  0.0 ni, 97.1 id,  0.0 wa,  0.0 hi,  0.0 si,  0.0 st
KiB Mem : 65877712 total, 50748088 free,  1128236 used, 14001388 buff/cache
KiB Swap: 33554428 total, 32320736 free,  1233692 used. 63524948 avail Mem 
--
top - 12:33:32 up 111 days,  4:15,  0 users,  load average: 1.04, 3.43, 2.70
Tasks: 399 total,   1 running, 398 sleeping,   0 stopped,   0 zombie
%Cpu(s):  0.7 us,  0.1 sy,  0.0 ni, 99.2 id,  0.0 wa,  0.0 hi,  0.0 si,  0.0 st
KiB Mem : 65877712 total, 50726192 free,  1149976 used, 14001544 buff/cache
KiB Swap: 33554428 total, 32320736 free,  1233692 used. 63503180 avail Mem 
--
top - 12:33:37 up 111 days,  4:15,  0 users,  load average: 0.96, 3.37, 2.69
Tasks: 399 total,   1 running, 398 sleeping,   0 stopped,   0 zombie
%Cpu(s):  0.3 us,  0.0 sy,  0.0 ni, 99.7 id,  0.0 wa,  0.0 hi,  0.0 si,  0.0 st
KiB Mem : 65877712 total, 50724364 free,  1151804 used, 14001544 buff/cache
KiB Swap: 33554428 total, 32320736 free,  1233692 used. 63501352 avail Mem 
--
top - 12:33:42 up 111 days,  4:16,  0 users,  load average: 0.88, 3.31, 2.67
Tasks: 399 total,   1 running, 398 sleeping,   0 stopped,   0 zombie
%Cpu(s):  0.3 us,  0.0 sy,  0.0 ni, 99.7 id,  0.0 wa,  0.0 hi,  0.0 si,  0.0 st
KiB Mem : 65877712 total, 50724720 free,  1151448 used, 14001544 buff/cache
KiB Swap: 33554428 total, 32320736 free,  1233692 used. 63501708 avail Mem 
--
top - 12:33:47 up 111 days,  4:16,  0 users,  load average: 0.81, 3.26, 2.66
Tasks: 399 total,   1 running, 398 sleeping,   0 stopped,   0 zombie
%Cpu(s):  0.3 us,  0.0 sy,  0.0 ni, 99.7 id,  0.0 wa,  0.0 hi,  0.0 si,  0.0 st
KiB Mem : 65877712 total, 50724968 free,  1151200 used, 14001544 buff/cache
KiB Swap: 33554428 total, 32320736 free,  1233692 used. 63501956 avail Mem 
--
top - 12:33:52 up 111 days,  4:16,  0 users,  load average: 0.74, 3.20, 2.65
Tasks: 399 total,   1 running, 398 sleeping,   0 stopped,   0 zombie
%Cpu(s):  0.3 us,  0.0 sy,  0.0 ni, 99.7 id,  0.0 wa,  0.0 hi,  0.0 si,  0.0 st
KiB Mem : 65877712 total, 50725312 free,  1150856 used, 14001544 buff/cache
KiB Swap: 33554428 total, 32320736 free,  1233692 used. 63502300 avail Mem 
--
top - 12:33:57 up 111 days,  4:16,  0 users,  load average: 0.68, 3.15, 2.63
Tasks: 399 total,   1 running, 398 sleeping,   0 stopped,   0 zombie
%Cpu(s):  0.3 us,  0.0 sy,  0.0 ni, 99.7 id,  0.0 wa,  0.0 hi,  0.0 si,  0.0 st
KiB Mem : 65877712 total, 50724336 free,  1151832 used, 14001544 buff/cache
KiB Swap: 33554428 total, 32320736 free,  1233692 used. 63501324 avail Mem 
--
top - 12:34:02 up 111 days,  4:16,  0 users,  load average: 0.63, 3.10, 2.62
Tasks: 399 total,   1 running, 398 sleeping,   0 stopped,   0 zombie
%Cpu(s):  0.6 us,  0.2 sy,  0.0 ni, 98.8 id,  0.3 wa,  0.0 hi,  0.0 si,  0.0 st
KiB Mem : 65877712 total, 50718016 free,  1158148 used, 14001548 buff/cache
KiB Swap: 33554428 total, 32320736 free,  1233692 used. 63495008 avail Mem 
--
top - 12:34:07 up 111 days,  4:16,  0 users,  load average: 0.58, 3.05, 2.60
Tasks: 399 total,   2 running, 397 sleeping,   0 stopped,   0 zombie
%Cpu(s):  2.0 us,  0.3 sy,  0.0 ni, 97.6 id,  0.0 wa,  0.0 hi,  0.0 si,  0.0 st
KiB Mem : 65877712 total, 49995436 free,  1880728 used, 14001548 buff/cache
KiB Swap: 33554428 total, 32320736 free,  1233692 used. 62772428 avail Mem 
--
top - 12:34:12 up 111 days,  4:16,  0 users,  load average: 0.61, 3.01, 2.60
Tasks: 399 total,   2 running, 397 sleeping,   0 stopped,   0 zombie
%Cpu(s):  3.0 us,  0.1 sy,  0.0 ni, 96.2 id,  0.6 wa,  0.0 hi,  0.1 si,  0.0 st
KiB Mem : 65877712 total, 49998424 free,  1877736 used, 14001552 buff/cache
KiB Swap: 33554428 total, 32320736 free,  1233692 used. 62775420 avail Mem 
--
top - 12:34:17 up 111 days,  4:16,  0 users,  load average: 1.04, 3.06, 2.61
Tasks: 399 total,   2 running, 397 sleeping,   0 stopped,   0 zombie
%Cpu(s):  3.0 us,  0.1 sy,  0.0 ni, 88.2 id,  8.7 wa,  0.0 hi,  0.0 si,  0.0 st
KiB Mem : 65877712 total, 49998852 free,  1877308 used, 14001552 buff/cache
KiB Swap: 33554428 total, 32320736 free,  1233692 used. 62775848 avail Mem 
--
top - 12:34:22 up 111 days,  4:16,  0 users,  load average: 1.68, 3.16, 2.65
Tasks: 399 total,   2 running, 397 sleeping,   0 stopped,   0 zombie
%Cpu(s):  3.0 us,  0.1 sy,  0.0 ni, 89.3 id,  7.5 wa,  0.0 hi,  0.1 si,  0.0 st
KiB Mem : 65877712 total, 49999168 free,  1876988 used, 14001556 buff/cache
KiB Swap: 33554428 total, 32320736 free,  1233692 used. 62776164 avail Mem 
--
top - 12:34:27 up 111 days,  4:16,  0 users,  load average: 1.63, 3.13, 2.64
Tasks: 400 total,   2 running, 398 sleeping,   0 stopped,   0 zombie
%Cpu(s):  3.0 us,  0.1 sy,  0.0 ni, 96.8 id,  0.0 wa,  0.0 hi,  0.0 si,  0.0 st
KiB Mem : 65877712 total, 49999512 free,  1876644 used, 14001556 buff/cache
KiB Swap: 33554428 total, 32320736 free,  1233692 used. 62776512 avail Mem 
--
top - 12:34:32 up 111 days,  4:16,  0 users,  load average: 1.58, 3.09, 2.63
Tasks: 400 total,   2 running, 398 sleeping,   0 stopped,   0 zombie
%Cpu(s):  3.0 us,  0.1 sy,  0.0 ni, 96.9 id,  0.0 wa,  0.0 hi,  0.1 si,  0.0 st
KiB Mem : 65877712 total, 49999884 free,  1876272 used, 14001556 buff/cache
KiB Swap: 33554428 total, 32320736 free,  1233692 used. 62776884 avail Mem 
--
top - 12:34:37 up 111 days,  4:16,  0 users,  load average: 1.53, 3.06, 2.62
Tasks: 400 total,   1 running, 399 sleeping,   0 stopped,   0 zombie
%Cpu(s):  2.7 us,  0.1 sy,  0.0 ni, 97.2 id,  0.0 wa,  0.0 hi,  0.0 si,  0.0 st
KiB Mem : 65877712 total, 50000304 free,  1875852 used, 14001556 buff/cache
KiB Swap: 33554428 total, 32320736 free,  1233692 used. 62777304 avail Mem 
--
top - 12:34:42 up 111 days,  4:17,  0 users,  load average: 1.41, 3.01, 2.61
Tasks: 400 total,   2 running, 398 sleeping,   0 stopped,   0 zombie
%Cpu(s):  0.6 us,  0.0 sy,  0.0 ni, 99.4 id,  0.0 wa,  0.0 hi,  0.0 si,  0.0 st
KiB Mem : 65877712 total, 49994520 free,  1881636 used, 14001556 buff/cache
KiB Swap: 33554428 total, 32320736 free,  1233692 used. 62771520 avail Mem 
--
top - 12:34:47 up 111 days,  4:17,  0 users,  load average: 1.27, 2.92, 2.58
Tasks: 400 total,   3 running, 397 sleeping,   0 stopped,   0 zombie
%Cpu(s):  3.1 us,  0.0 sy,  0.0 ni, 96.8 id,  0.0 wa,  0.0 hi,  0.0 si,  0.0 st
KiB Mem : 65877712 total, 49924112 free,  1951980 used, 14001620 buff/cache
KiB Swap: 33554428 total, 32320736 free,  1233692 used. 62701144 avail Mem 
--
top - 12:34:52 up 111 days,  4:17,  0 users,  load average: 1.17, 2.87, 2.57
Tasks: 400 total,   2 running, 398 sleeping,   0 stopped,   0 zombie
%Cpu(s):  1.5 us,  0.1 sy,  0.0 ni, 98.3 id,  0.0 wa,  0.0 hi,  0.1 si,  0.0 st
KiB Mem : 65877712 total, 49914208 free,  1961884 used, 14001620 buff/cache
KiB Swap: 33554428 total, 32320736 free,  1233692 used. 62691240 avail Mem 
--
top - 12:34:57 up 111 days,  4:17,  0 users,  load average: 1.16, 2.84, 2.56
Tasks: 400 total,   2 running, 398 sleeping,   0 stopped,   0 zombie
%Cpu(s):  2.9 us,  0.2 sy,  0.0 ni, 96.9 id,  0.0 wa,  0.0 hi,  0.0 si,  0.0 st
KiB Mem : 65877712 total, 49528740 free,  2347316 used, 14001656 buff/cache
KiB Swap: 33554428 total, 32320736 free,  1233692 used. 62305772 avail Mem 
--
top - 12:35:02 up 111 days,  4:17,  0 users,  load average: 1.14, 2.81, 2.55
Tasks: 397 total,   2 running, 395 sleeping,   0 stopped,   0 zombie
%Cpu(s):  3.0 us,  0.1 sy,  0.0 ni, 96.8 id,  0.0 wa,  0.0 hi,  0.0 si,  0.0 st
KiB Mem : 65877712 total, 49530744 free,  2345312 used, 14001656 buff/cache
KiB Swap: 33554428 total, 32320736 free,  1233692 used. 62307776 avail Mem 
--
top - 12:35:07 up 111 days,  4:17,  0 users,  load average: 1.45, 2.85, 2.57
Tasks: 397 total,   2 running, 395 sleeping,   0 stopped,   0 zombie
%Cpu(s):  3.0 us,  0.1 sy,  0.0 ni, 95.7 id,  1.2 wa,  0.0 hi,  0.1 si,  0.0 st
KiB Mem : 65877712 total, 49530248 free,  2345808 used, 14001656 buff/cache
KiB Swap: 33554428 total, 32320736 free,  1233692 used. 62307280 avail Mem 
--
top - 12:35:12 up 111 days,  4:17,  0 users,  load average: 1.98, 2.93, 2.60
Tasks: 397 total,   2 running, 395 sleeping,   0 stopped,   0 zombie
%Cpu(s):  3.0 us,  0.1 sy,  0.0 ni, 88.2 id,  8.7 wa,  0.0 hi,  0.1 si,  0.0 st
KiB Mem : 65877712 total, 49530960 free,  2345096 used, 14001656 buff/cache
KiB Swap: 33554428 total, 32320736 free,  1233692 used. 62307992 avail Mem 
--
top - 12:35:17 up 111 days,  4:17,  0 users,  load average: 1.90, 2.90, 2.59
Tasks: 397 total,   2 running, 395 sleeping,   0 stopped,   0 zombie
%Cpu(s):  3.0 us,  0.1 sy,  0.0 ni, 89.2 id,  7.6 wa,  0.0 hi,  0.0 si,  0.0 st
KiB Mem : 65877712 total, 49530516 free,  2345536 used, 14001660 buff/cache
KiB Swap: 33554428 total, 32320736 free,  1233692 used. 62307548 avail Mem 
--
top - 12:35:22 up 111 days,  4:17,  0 users,  load average: 1.83, 2.87, 2.58
Tasks: 397 total,   2 running, 395 sleeping,   0 stopped,   0 zombie
%Cpu(s):  3.0 us,  0.1 sy,  0.0 ni, 96.8 id,  0.0 wa,  0.0 hi,  0.1 si,  0.0 st
KiB Mem : 65877712 total, 49530872 free,  2345180 used, 14001660 buff/cache
KiB Swap: 33554428 total, 32320736 free,  1233692 used. 62307908 avail Mem 
--
top - 12:35:27 up 111 days,  4:17,  0 users,  load average: 1.68, 2.82, 2.57
Tasks: 396 total,   1 running, 395 sleeping,   0 stopped,   0 zombie
%Cpu(s):  1.2 us,  0.1 sy,  0.0 ni, 98.7 id,  0.0 wa,  0.0 hi,  0.0 si,  0.0 st
KiB Mem : 65877712 total, 49531276 free,  2344776 used, 14001660 buff/cache
KiB Swap: 33554428 total, 32320736 free,  1233692 used. 62308348 avail Mem 
--
top - 12:35:32 up 111 days,  4:17,  0 users,  load average: 1.63, 2.79, 2.56
Tasks: 396 total,   2 running, 394 sleeping,   0 stopped,   0 zombie
%Cpu(s):  2.9 us,  0.0 sy,  0.0 ni, 97.0 id,  0.0 wa,  0.0 hi,  0.0 si,  0.0 st
KiB Mem : 65877712 total, 49508656 free,  2367268 used, 14001788 buff/cache
KiB Swap: 33554428 total, 32320736 free,  1233692 used. 62285808 avail Mem 
--
top - 12:35:37 up 111 days,  4:17,  0 users,  load average: 1.58, 2.76, 2.55
Tasks: 396 total,   2 running, 394 sleeping,   0 stopped,   0 zombie
%Cpu(s):  1.5 us,  0.1 sy,  0.0 ni, 98.4 id,  0.0 wa,  0.0 hi,  0.0 si,  0.0 st
KiB Mem : 65877712 total, 49505124 free,  2370800 used, 14001788 buff/cache
KiB Swap: 33554428 total, 32320736 free,  1233692 used. 62282276 avail Mem 
--
top - 12:35:42 up 111 days,  4:18,  0 users,  load average: 2.09, 2.85, 2.58
Tasks: 396 total,   2 running, 394 sleeping,   0 stopped,   0 zombie
%Cpu(s):  2.9 us,  0.2 sy,  0.0 ni, 94.5 id,  2.3 wa,  0.0 hi,  0.1 si,  0.0 st
KiB Mem : 65877712 total, 49082044 free,  2793876 used, 14001792 buff/cache
KiB Swap: 33554428 total, 32320736 free,  1233692 used. 61859200 avail Mem 
--
top - 12:35:47 up 111 days,  4:18,  0 users,  load average: 2.56, 2.93, 2.61
Tasks: 396 total,   2 running, 394 sleeping,   0 stopped,   0 zombie
%Cpu(s):  3.0 us,  0.1 sy,  0.0 ni, 87.5 id,  9.3 wa,  0.0 hi,  0.1 si,  0.0 st
KiB Mem : 65877712 total, 49081964 free,  2793936 used, 14001812 buff/cache
KiB Swap: 33554428 total, 32320756 free,  1233672 used. 61859120 avail Mem 
--
top - 12:35:52 up 111 days,  4:18,  0 users,  load average: 2.44, 2.90, 2.60
Tasks: 396 total,   2 running, 394 sleeping,   0 stopped,   0 zombie
%Cpu(s):  3.0 us,  0.1 sy,  0.0 ni, 89.8 id,  7.0 wa,  0.0 hi,  0.1 si,  0.0 st
KiB Mem : 65877712 total, 49081064 free,  2794856 used, 14001792 buff/cache
KiB Swap: 33554428 total, 32320756 free,  1233672 used. 61858220 avail Mem 
--
top - 12:35:57 up 111 days,  4:18,  0 users,  load average: 2.32, 2.87, 2.59
Tasks: 396 total,   2 running, 394 sleeping,   0 stopped,   0 zombie
%Cpu(s):  3.0 us,  0.1 sy,  0.0 ni, 96.8 id,  0.0 wa,  0.0 hi,  0.1 si,  0.0 st
KiB Mem : 65877712 total, 49081256 free,  2794664 used, 14001792 buff/cache
KiB Swap: 33554428 total, 32320756 free,  1233672 used. 61858412 avail Mem 
--
top - 12:36:02 up 111 days,  4:18,  0 users,  load average: 2.22, 2.84, 2.58
Tasks: 399 total,   2 running, 397 sleeping,   0 stopped,   0 zombie
%Cpu(s):  3.4 us,  0.3 sy,  0.0 ni, 95.9 id,  0.4 wa,  0.0 hi,  0.1 si,  0.0 st
KiB Mem : 65877712 total, 49079040 free,  2796880 used, 14001792 buff/cache
KiB Swap: 33554428 total, 32320756 free,  1233672 used. 61856196 avail Mem 
--
top - 12:36:07 up 111 days,  4:18,  0 users,  load average: 2.12, 2.81, 2.57
Tasks: 399 total,   2 running, 397 sleeping,   0 stopped,   0 zombie
%Cpu(s):  3.0 us,  0.1 sy,  0.0 ni, 96.8 id,  0.0 wa,  0.0 hi,  0.1 si,  0.0 st
KiB Mem : 65877712 total, 49079344 free,  2796576 used, 14001792 buff/cache
KiB Swap: 33554428 total, 32320756 free,  1233672 used. 61856500 avail Mem 
--
top - 12:36:12 up 111 days,  4:18,  0 users,  load average: 2.03, 2.78, 2.56
Tasks: 399 total,   1 running, 398 sleeping,   0 stopped,   0 zombie
%Cpu(s):  2.9 us,  0.1 sy,  0.0 ni, 96.9 id,  0.0 wa,  0.0 hi,  0.1 si,  0.0 st
KiB Mem : 65877712 total, 49080152 free,  2795764 used, 14001796 buff/cache
KiB Swap: 33554428 total, 32320756 free,  1233672 used. 61857308 avail Mem 
--
top - 12:36:17 up 111 days,  4:18,  0 users,  load average: 1.95, 2.75, 2.56
Tasks: 399 total,   2 running, 397 sleeping,   0 stopped,   0 zombie
%Cpu(s):  0.7 us,  0.0 sy,  0.0 ni, 99.3 id,  0.0 wa,  0.0 hi,  0.0 si,  0.0 st
KiB Mem : 65877712 total, 49070892 free,  2805024 used, 14001796 buff/cache
KiB Swap: 33554428 total, 32320756 free,  1233672 used. 61848048 avail Mem 
--
top - 12:36:22 up 111 days,  4:18,  0 users,  load average: 1.87, 2.72, 2.55
Tasks: 399 total,   1 running, 398 sleeping,   0 stopped,   0 zombie
%Cpu(s):  2.9 us,  0.0 sy,  0.0 ni, 97.0 id,  0.0 wa,  0.0 hi,  0.0 si,  0.0 st
KiB Mem : 65877712 total, 49066088 free,  2809700 used, 14001924 buff/cache
KiB Swap: 33554428 total, 32320756 free,  1233672 used. 61843324 avail Mem 
--
top - 12:36:27 up 111 days,  4:18,  0 users,  load average: 1.80, 2.69, 2.54
Tasks: 399 total,   2 running, 397 sleeping,   0 stopped,   0 zombie
%Cpu(s):  1.5 us,  0.1 sy,  0.0 ni, 98.4 id,  0.0 wa,  0.0 hi,  0.0 si,  0.0 st
KiB Mem : 65877712 total, 49059360 free,  2816428 used, 14001924 buff/cache
KiB Swap: 33554428 total, 32320756 free,  1233672 used. 61836600 avail Mem 
--
top - 12:36:33 up 111 days,  4:18,  0 users,  load average: 1.74, 2.66, 2.53
Tasks: 399 total,   2 running, 397 sleeping,   0 stopped,   0 zombie
%Cpu(s):  2.9 us,  0.2 sy,  0.0 ni, 96.9 id,  0.0 wa,  0.0 hi,  0.0 si,  0.0 st
KiB Mem : 65877712 total, 48658452 free,  3217332 used, 14001928 buff/cache
KiB Swap: 33554428 total, 32320756 free,  1233672 used. 61435692 avail Mem 
--
top - 12:36:38 up 111 days,  4:18,  0 users,  load average: 1.68, 2.64, 2.52
Tasks: 401 total,   2 running, 399 sleeping,   0 stopped,   0 zombie
%Cpu(s):  3.0 us,  0.1 sy,  0.0 ni, 96.8 id,  0.0 wa,  0.0 hi,  0.1 si,  0.0 st
KiB Mem : 65877712 total, 48658572 free,  3217212 used, 14001928 buff/cache
KiB Swap: 33554428 total, 32320756 free,  1233672 used. 61435812 avail Mem 
--
top - 12:36:43 up 111 days,  4:19,  0 users,  load average: 1.62, 2.61, 2.52
Tasks: 401 total,   2 running, 399 sleeping,   0 stopped,   0 zombie
%Cpu(s):  3.0 us,  0.1 sy,  0.0 ni, 96.9 id,  0.0 wa,  0.0 hi,  0.0 si,  0.0 st
KiB Mem : 65877712 total, 48658604 free,  3217180 used, 14001928 buff/cache
KiB Swap: 33554428 total, 32320756 free,  1233672 used. 61435844 avail Mem 
--
top - 12:36:48 up 111 days,  4:19,  0 users,  load average: 1.57, 2.58, 2.51
Tasks: 401 total,   2 running, 399 sleeping,   0 stopped,   0 zombie
%Cpu(s):  3.0 us,  0.1 sy,  0.0 ni, 96.8 id,  0.0 wa,  0.0 hi,  0.1 si,  0.0 st
KiB Mem : 65877712 total, 48658852 free,  3216932 used, 14001928 buff/cache
KiB Swap: 33554428 total, 32320756 free,  1233672 used. 61436092 avail Mem 
--
top - 12:36:53 up 111 days,  4:19,  0 users,  load average: 1.53, 2.56, 2.50
Tasks: 401 total,   2 running, 399 sleeping,   0 stopped,   0 zombie
%Cpu(s):  3.0 us,  0.1 sy,  0.0 ni, 96.8 id,  0.0 wa,  0.0 hi,  0.0 si,  0.0 st
KiB Mem : 65877712 total, 48658072 free,  3217712 used, 14001928 buff/cache
KiB Swap: 33554428 total, 32320756 free,  1233672 used. 61435316 avail Mem 
--
top - 12:36:58 up 111 days,  4:19,  0 users,  load average: 1.49, 2.53, 2.49
Tasks: 401 total,   2 running, 399 sleeping,   0 stopped,   0 zombie
%Cpu(s):  3.0 us,  0.1 sy,  0.0 ni, 96.8 id,  0.0 wa,  0.0 hi,  0.0 si,  0.0 st
KiB Mem : 65877712 total, 48658308 free,  3217476 used, 14001928 buff/cache
KiB Swap: 33554428 total, 32320756 free,  1233672 used. 61435552 avail Mem 
--
top - 12:37:03 up 111 days,  4:19,  0 users,  load average: 1.93, 2.60, 2.52
Tasks: 401 total,   1 running, 400 sleeping,   0 stopped,   0 zombie
%Cpu(s):  2.5 us,  0.1 sy,  0.0 ni, 90.4 id,  7.0 wa,  0.0 hi,  0.1 si,  0.0 st
KiB Mem : 65877712 total, 48658888 free,  3216892 used, 14001932 buff/cache
KiB Swap: 33554428 total, 32320756 free,  1233672 used. 61436132 avail Mem 
--
top - 12:37:08 up 111 days,  4:19,  0 users,  load average: 2.41, 2.69, 2.54
Tasks: 401 total,   2 running, 399 sleeping,   0 stopped,   0 zombie
%Cpu(s):  1.7 us,  0.0 sy,  0.0 ni, 88.9 id,  9.3 wa,  0.0 hi,  0.0 si,  0.0 st
KiB Mem : 65877712 total, 48649032 free,  3226684 used, 14001996 buff/cache
KiB Swap: 33554428 total, 32320756 free,  1233672 used. 61426308 avail Mem 
--
top - 12:37:13 up 111 days,  4:19,  0 users,  load average: 2.30, 2.66, 2.54
Tasks: 401 total,   1 running, 400 sleeping,   0 stopped,   0 zombie
%Cpu(s):  2.8 us,  0.1 sy,  0.0 ni, 94.8 id,  2.3 wa,  0.0 hi,  0.0 si,  0.0 st
KiB Mem : 65877712 total, 48630588 free,  3245096 used, 14002028 buff/cache
KiB Swap: 33554428 total, 32320756 free,  1233672 used. 61407896 avail Mem 
--
top - 12:37:18 up 111 days,  4:19,  0 users,  load average: 2.20, 2.64, 2.53
Tasks: 401 total,   2 running, 399 sleeping,   0 stopped,   0 zombie
%Cpu(s):  1.6 us,  0.2 sy,  0.0 ni, 98.2 id,  0.0 wa,  0.0 hi,  0.0 si,  0.0 st
KiB Mem : 65877712 total, 48225892 free,  3649792 used, 14002028 buff/cache
KiB Swap: 33554428 total, 32320756 free,  1233672 used. 61003200 avail Mem 
--
top - 12:37:23 up 111 days,  4:19,  0 users,  load average: 2.10, 2.61, 2.52
Tasks: 401 total,   2 running, 399 sleeping,   0 stopped,   0 zombie
%Cpu(s):  3.0 us,  0.1 sy,  0.0 ni, 96.8 id,  0.0 wa,  0.0 hi,  0.0 si,  0.0 st
KiB Mem : 65877712 total, 48223140 free,  3652540 used, 14002032 buff/cache
KiB Swap: 33554428 total, 32320756 free,  1233672 used. 61000452 avail Mem 
--
top - 12:37:28 up 111 days,  4:19,  0 users,  load average: 2.01, 2.58, 2.51
Tasks: 401 total,   2 running, 399 sleeping,   0 stopped,   0 zombie
%Cpu(s):  3.0 us,  0.1 sy,  0.0 ni, 96.8 id,  0.0 wa,  0.0 hi,  0.1 si,  0.0 st
KiB Mem : 65877712 total, 48222884 free,  3652796 used, 14002032 buff/cache
KiB Swap: 33554428 total, 32320756 free,  1233672 used. 61000200 avail Mem 
--
top - 12:37:33 up 111 days,  4:19,  0 users,  load average: 1.93, 2.56, 2.50
Tasks: 398 total,   2 running, 396 sleeping,   0 stopped,   0 zombie
%Cpu(s):  3.0 us,  0.1 sy,  0.0 ni, 96.8 id,  0.0 wa,  0.0 hi,  0.0 si,  0.0 st
KiB Mem : 65877712 total, 48223380 free,  3652300 used, 14002032 buff/cache
KiB Swap: 33554428 total, 32320756 free,  1233672 used. 61000696 avail Mem 
--
top - 12:37:38 up 111 days,  4:19,  0 users,  load average: 1.86, 2.53, 2.49
Tasks: 398 total,   2 running, 396 sleeping,   0 stopped,   0 zombie
%Cpu(s):  3.0 us,  0.1 sy,  0.0 ni, 96.8 id,  0.0 wa,  0.0 hi,  0.1 si,  0.0 st
KiB Mem : 65877712 total, 48223464 free,  3652216 used, 14002032 buff/cache
KiB Swap: 33554428 total, 32320756 free,  1233672 used. 61000780 avail Mem 
--
top - 12:37:43 up 111 days,  4:20,  0 users,  load average: 1.79, 2.50, 2.49
Tasks: 398 total,   2 running, 396 sleeping,   0 stopped,   0 zombie
%Cpu(s):  3.0 us,  0.1 sy,  0.0 ni, 96.9 id,  0.0 wa,  0.0 hi,  0.1 si,  0.0 st
KiB Mem : 65877712 total, 48223496 free,  3652184 used, 14002032 buff/cache
KiB Swap: 33554428 total, 32320756 free,  1233672 used. 61000812 avail Mem 
--
top - 12:37:48 up 111 days,  4:20,  0 users,  load average: 1.72, 2.48, 2.48
Tasks: 398 total,   2 running, 396 sleeping,   0 stopped,   0 zombie
%Cpu(s):  3.0 us,  0.1 sy,  0.0 ni, 96.8 id,  0.0 wa,  0.0 hi,  0.0 si,  0.0 st
KiB Mem : 65877712 total, 48223480 free,  3652200 used, 14002032 buff/cache
KiB Swap: 33554428 total, 32320756 free,  1233672 used. 61000796 avail Mem 
--
top - 12:37:53 up 111 days,  4:20,  0 users,  load average: 1.59, 2.44, 2.47
Tasks: 398 total,   2 running, 396 sleeping,   0 stopped,   0 zombie
%Cpu(s):  0.7 us,  0.0 sy,  0.0 ni, 99.3 id,  0.0 wa,  0.0 hi,  0.0 si,  0.0 st
KiB Mem : 65877712 total, 48223768 free,  3651912 used, 14002032 buff/cache
KiB Swap: 33554428 total, 32320756 free,  1233672 used. 61001084 avail Mem 
--
top - 12:37:58 up 111 days,  4:20,  0 users,  load average: 1.54, 2.41, 2.46
Tasks: 398 total,   2 running, 396 sleeping,   0 stopped,   0 zombie
%Cpu(s):  3.0 us,  0.0 sy,  0.0 ni, 96.9 id,  0.0 wa,  0.0 hi,  0.0 si,  0.0 st
KiB Mem : 65877712 total, 48202868 free,  3672776 used, 14002068 buff/cache
KiB Swap: 33554428 total, 32320756 free,  1233672 used. 60980216 avail Mem 
