10.149.0.31
2024/01/02 12:33:30 Master node address: http://10.149.0.55:8000
2024/01/02 12:33:30 Benchmarking worker...
2024/01/02 12:33:32 Worker registered (1788 MCUPS). Waiting for work...
2024/01/02 12:34:36 Got work. Start calculating alignments...
2024/01/02 12:34:36 Calculating 1964 queries
2024/01/02 12:34:45 Done calculating alignments.
2024/01/02 12:34:45 Waiting for work...
2024/01/02 12:35:23 Got work. Start calculating alignments...
2024/01/02 12:35:23 Calculating 1963 queries
2024/01/02 12:35:32 Done calculating alignments.
2024/01/02 12:35:32 Waiting for work...
2024/01/02 12:36:12 Got work. Start calculating alignments...
2024/01/02 12:36:12 Calculating 1964 queries
2024/01/02 12:36:22 Done calculating alignments.
2024/01/02 12:36:22 Waiting for work...
2024/01/02 12:37:01 Got work. Start calculating alignments...
2024/01/02 12:37:01 Calculating 1963 queries
2024/01/02 12:37:10 Done calculating alignments.
2024/01/02 12:37:10 Waiting for work...
2024/01/02 12:37:47 Got work. Start calculating alignments...
2024/01/02 12:37:47 Calculating 1963 queries
2024/01/02 12:37:56 Done calculating alignments.
2024/01/02 12:37:56 Waiting for work...
slurmstepd: error: *** JOB 4754944 ON node031 CANCELLED AT 2024-01-02T12:38:00 ***
