10.149.0.54
2024/01/02 13:01:27 Master node address: http://10.149.0.55:8000
2024/01/02 13:01:27 Benchmarking worker...
2024/01/02 13:01:28 Worker registered (1829 MCUPS). Waiting for work...
2024/01/02 13:02:29 Got work. Start calculating alignments...
2024/01/02 13:02:29 Calculating 4013 queries
2024/01/02 13:02:45 Done calculating alignments.
2024/01/02 13:02:45 Waiting for work...
2024/01/02 13:03:21 Got work. Start calculating alignments...
2024/01/02 13:03:21 Calculating 4013 queries
2024/01/02 13:03:37 Done calculating alignments.
2024/01/02 13:03:37 Waiting for work...
2024/01/02 13:04:13 Got work. Start calculating alignments...
2024/01/02 13:04:13 Calculating 4013 queries
2024/01/02 13:04:29 Done calculating alignments.
2024/01/02 13:04:29 Waiting for work...
2024/01/02 13:05:00 Got work. Start calculating alignments...
2024/01/02 13:05:00 Calculating 4013 queries
2024/01/02 13:05:15 Done calculating alignments.
2024/01/02 13:05:15 Waiting for work...
2024/01/02 13:05:45 Got work. Start calculating alignments...
2024/01/02 13:05:45 Calculating 4013 queries
2024/01/02 13:06:02 Done calculating alignments.
2024/01/02 13:06:02 Waiting for work...
slurmstepd: error: *** JOB 4754992 ON node054 CANCELLED AT 2024-01-02T13:06:06 ***
