10.149.0.32
2024/01/02 13:25:48 Master node address: http://10.149.0.68:8000
2024/01/02 13:25:48 Benchmarking worker...
2024/01/02 13:25:50 Worker registered (1783 MCUPS). Waiting for work...
2024/01/02 13:26:49 Got work. Start calculating alignments...
2024/01/02 13:26:49 Calculating 1968 queries
2024/01/02 13:26:59 Done calculating alignments.
2024/01/02 13:26:59 Waiting for work...
2024/01/02 13:27:40 Got work. Start calculating alignments...
2024/01/02 13:27:40 Calculating 1966 queries
2024/01/02 13:27:50 Done calculating alignments.
2024/01/02 13:27:50 Waiting for work...
2024/01/02 13:28:32 Got work. Start calculating alignments...
2024/01/02 13:28:32 Calculating 1968 queries
2024/01/02 13:28:41 Done calculating alignments.
2024/01/02 13:28:41 Waiting for work...
2024/01/02 13:29:23 Got work. Start calculating alignments...
2024/01/02 13:29:23 Calculating 1967 queries
2024/01/02 13:29:32 Done calculating alignments.
2024/01/02 13:29:32 Waiting for work...
2024/01/02 13:30:15 Got work. Start calculating alignments...
2024/01/02 13:30:15 Calculating 1968 queries
2024/01/02 13:30:24 Done calculating alignments.
2024/01/02 13:30:24 Waiting for work...
slurmstepd: error: *** JOB 4755024 ON node032 CANCELLED AT 2024-01-02T13:30:26 ***
