Job id: 4754993
Worker ip: 10.149.0.56
Master ip: 10.149.0.55
--
top - 13:01:26 up 111 days,  4:43,  0 users,  load average: 0.25, 5.34, 5.57
Tasks: 397 total,   1 running, 396 sleeping,   0 stopped,   0 zombie
%Cpu(s):  3.0 us,  4.8 sy,  0.0 ni, 92.0 id,  0.0 wa,  0.0 hi,  0.2 si,  0.0 st
KiB Mem : 65877712 total, 52370872 free,  1123052 used, 12383788 buff/cache
KiB Swap: 33554428 total, 32294500 free,  1259928 used. 63434552 avail Mem 
--
top - 13:01:31 up 111 days,  4:43,  0 users,  load average: 0.23, 5.25, 5.54
Tasks: 398 total,   1 running, 397 sleeping,   0 stopped,   0 zombie
%Cpu(s):  1.5 us,  0.3 sy,  0.0 ni, 98.1 id,  0.0 wa,  0.0 hi,  0.0 si,  0.0 st
KiB Mem : 65877712 total, 52353908 free,  1133672 used, 12390132 buff/cache
KiB Swap: 33554428 total, 32294500 free,  1259928 used. 63424144 avail Mem 
--
top - 13:01:36 up 111 days,  4:43,  0 users,  load average: 0.21, 5.16, 5.51
Tasks: 398 total,   1 running, 397 sleeping,   0 stopped,   0 zombie
%Cpu(s):  0.0 us,  0.0 sy,  0.0 ni,100.0 id,  0.0 wa,  0.0 hi,  0.0 si,  0.0 st
KiB Mem : 65877712 total, 52354388 free,  1133184 used, 12390140 buff/cache
KiB Swap: 33554428 total, 32294500 free,  1259928 used. 63424624 avail Mem 
--
top - 13:01:41 up 111 days,  4:43,  0 users,  load average: 0.19, 5.08, 5.48
Tasks: 398 total,   1 running, 397 sleeping,   0 stopped,   0 zombie
%Cpu(s):  0.0 us,  0.0 sy,  0.0 ni,100.0 id,  0.0 wa,  0.0 hi,  0.0 si,  0.0 st
KiB Mem : 65877712 total, 52354388 free,  1133184 used, 12390140 buff/cache
KiB Swap: 33554428 total, 32294500 free,  1259928 used. 63424624 avail Mem 
--
top - 13:01:46 up 111 days,  4:43,  0 users,  load average: 0.18, 4.99, 5.45
Tasks: 398 total,   1 running, 397 sleeping,   0 stopped,   0 zombie
%Cpu(s):  0.0 us,  0.0 sy,  0.0 ni,100.0 id,  0.0 wa,  0.0 hi,  0.0 si,  0.0 st
KiB Mem : 65877712 total, 52354796 free,  1132800 used, 12390116 buff/cache
KiB Swap: 33554428 total, 32294500 free,  1259928 used. 63425008 avail Mem 
--
top - 13:01:51 up 111 days,  4:43,  0 users,  load average: 0.16, 4.91, 5.42
Tasks: 398 total,   1 running, 397 sleeping,   0 stopped,   0 zombie
%Cpu(s):  0.0 us,  0.0 sy,  0.0 ni,100.0 id,  0.0 wa,  0.0 hi,  0.0 si,  0.0 st
KiB Mem : 65877712 total, 52354796 free,  1132800 used, 12390116 buff/cache
KiB Swap: 33554428 total, 32294500 free,  1259928 used. 63425008 avail Mem 
--
top - 13:01:56 up 111 days,  4:44,  0 users,  load average: 0.15, 4.83, 5.39
Tasks: 399 total,   1 running, 398 sleeping,   0 stopped,   0 zombie
%Cpu(s):  0.0 us,  0.0 sy,  0.0 ni,100.0 id,  0.0 wa,  0.0 hi,  0.0 si,  0.0 st
KiB Mem : 65877712 total, 52354796 free,  1132800 used, 12390116 buff/cache
KiB Swap: 33554428 total, 32294500 free,  1259928 used. 63425008 avail Mem 
--
top - 13:02:01 up 111 days,  4:44,  0 users,  load average: 0.14, 4.75, 5.36
Tasks: 399 total,   1 running, 398 sleeping,   0 stopped,   0 zombie
%Cpu(s):  0.4 us,  0.2 sy,  0.0 ni, 99.0 id,  0.4 wa,  0.0 hi,  0.0 si,  0.0 st
KiB Mem : 65877712 total, 52347796 free,  1139404 used, 12390512 buff/cache
KiB Swap: 33554428 total, 32294500 free,  1259928 used. 63418084 avail Mem 
--
top - 13:02:06 up 111 days,  4:44,  0 users,  load average: 0.13, 4.67, 5.33
Tasks: 399 total,   1 running, 398 sleeping,   0 stopped,   0 zombie
%Cpu(s):  0.0 us,  0.0 sy,  0.0 ni, 99.9 id,  0.0 wa,  0.0 hi,  0.0 si,  0.0 st
KiB Mem : 65877712 total, 52335752 free,  1151472 used, 12390488 buff/cache
KiB Swap: 33554428 total, 32294500 free,  1259928 used. 63406040 avail Mem 
--
top - 13:02:11 up 111 days,  4:44,  0 users,  load average: 0.12, 4.59, 5.30
Tasks: 399 total,   1 running, 398 sleeping,   0 stopped,   0 zombie
%Cpu(s):  0.1 us,  0.1 sy,  0.0 ni, 99.8 id,  0.0 wa,  0.0 hi,  0.0 si,  0.0 st
KiB Mem : 65877712 total, 52260792 free,  1226432 used, 12390488 buff/cache
KiB Swap: 33554428 total, 32294500 free,  1259928 used. 63331080 avail Mem 
--
top - 13:02:16 up 111 days,  4:44,  0 users,  load average: 0.11, 4.52, 5.27
Tasks: 399 total,   1 running, 398 sleeping,   0 stopped,   0 zombie
%Cpu(s):  0.1 us,  0.1 sy,  0.0 ni, 99.8 id,  0.0 wa,  0.0 hi,  0.0 si,  0.0 st
KiB Mem : 65877712 total, 52188940 free,  1298284 used, 12390488 buff/cache
KiB Swap: 33554428 total, 32294500 free,  1259928 used. 63259228 avail Mem 
--
top - 13:02:21 up 111 days,  4:44,  0 users,  load average: 0.10, 4.44, 5.25
Tasks: 399 total,   1 running, 398 sleeping,   0 stopped,   0 zombie
%Cpu(s):  0.1 us,  0.1 sy,  0.0 ni, 99.8 id,  0.0 wa,  0.0 hi,  0.0 si,  0.0 st
KiB Mem : 65877712 total, 52091912 free,  1395312 used, 12390488 buff/cache
KiB Swap: 33554428 total, 32294500 free,  1259928 used. 63162200 avail Mem 
--
top - 13:02:26 up 111 days,  4:44,  0 users,  load average: 0.09, 4.37, 5.22
Tasks: 399 total,   1 running, 398 sleeping,   0 stopped,   0 zombie
%Cpu(s):  0.1 us,  0.1 sy,  0.0 ni, 99.8 id,  0.0 wa,  0.0 hi,  0.0 si,  0.0 st
KiB Mem : 65877712 total, 52028668 free,  1458556 used, 12390488 buff/cache
KiB Swap: 33554428 total, 32294500 free,  1259928 used. 63098956 avail Mem 
--
top - 13:02:31 up 111 days,  4:44,  0 users,  load average: 0.08, 4.29, 5.19
Tasks: 399 total,   2 running, 397 sleeping,   0 stopped,   0 zombie
%Cpu(s): 27.2 us,  0.5 sy,  0.0 ni, 72.3 id,  0.0 wa,  0.0 hi,  0.0 si,  0.0 st
KiB Mem : 65877712 total, 51618280 free,  1868948 used, 12390484 buff/cache
KiB Swap: 33554428 total, 32294500 free,  1259928 used. 62688568 avail Mem 
--
top - 13:02:36 up 111 days,  4:44,  0 users,  load average: 2.24, 4.67, 5.31
Tasks: 399 total,   2 running, 397 sleeping,   0 stopped,   0 zombie
%Cpu(s): 96.5 us,  0.4 sy,  0.0 ni,  3.1 id,  0.0 wa,  0.0 hi,  0.0 si,  0.0 st
KiB Mem : 65877712 total, 51451748 free,  2035480 used, 12390484 buff/cache
KiB Swap: 33554428 total, 32294500 free,  1259928 used. 62522040 avail Mem 
--
top - 13:02:41 up 111 days,  4:44,  0 users,  load average: 4.46, 5.09, 5.44
Tasks: 399 total,   2 running, 397 sleeping,   0 stopped,   0 zombie
%Cpu(s): 96.1 us,  0.3 sy,  0.0 ni,  3.6 id,  0.0 wa,  0.0 hi,  0.0 si,  0.0 st
KiB Mem : 65877712 total, 51273344 free,  2213884 used, 12390484 buff/cache
KiB Swap: 33554428 total, 32294500 free,  1259928 used. 62343636 avail Mem 
--
top - 13:02:46 up 111 days,  4:44,  0 users,  load average: 4.10, 5.01, 5.41
Tasks: 399 total,   1 running, 398 sleeping,   0 stopped,   0 zombie
%Cpu(s): 11.6 us,  0.0 sy,  0.0 ni, 88.4 id,  0.0 wa,  0.0 hi,  0.0 si,  0.0 st
KiB Mem : 65877712 total, 51253532 free,  2233696 used, 12390484 buff/cache
KiB Swap: 33554428 total, 32294500 free,  1259928 used. 62323824 avail Mem 
--
top - 13:02:51 up 111 days,  4:44,  0 users,  load average: 3.78, 4.92, 5.38
Tasks: 399 total,   1 running, 398 sleeping,   0 stopped,   0 zombie
%Cpu(s):  0.0 us,  0.1 sy,  0.0 ni, 99.9 id,  0.0 wa,  0.0 hi,  0.0 si,  0.0 st
KiB Mem : 65877712 total, 51632112 free,  1855116 used, 12390484 buff/cache
KiB Swap: 33554428 total, 32294500 free,  1259928 used. 62702404 avail Mem 
--
top - 13:02:56 up 111 days,  4:45,  0 users,  load average: 3.47, 4.84, 5.35
Tasks: 399 total,   1 running, 398 sleeping,   0 stopped,   0 zombie
%Cpu(s):  0.1 us,  0.1 sy,  0.0 ni, 99.9 id,  0.0 wa,  0.0 hi,  0.0 si,  0.0 st
KiB Mem : 65877712 total, 51597460 free,  1889768 used, 12390484 buff/cache
KiB Swap: 33554428 total, 32294500 free,  1259928 used. 62667752 avail Mem 
--
top - 13:03:01 up 111 days,  4:45,  0 users,  load average: 3.20, 4.76, 5.32
Tasks: 396 total,   1 running, 395 sleeping,   0 stopped,   0 zombie
%Cpu(s):  0.1 us,  0.1 sy,  0.0 ni, 99.8 id,  0.0 wa,  0.0 hi,  0.0 si,  0.0 st
KiB Mem : 65877712 total, 51518132 free,  1969096 used, 12390484 buff/cache
KiB Swap: 33554428 total, 32294500 free,  1259928 used. 62588424 avail Mem 
--
top - 13:03:06 up 111 days,  4:45,  0 users,  load average: 2.94, 4.68, 5.29
Tasks: 396 total,   1 running, 395 sleeping,   0 stopped,   0 zombie
%Cpu(s):  0.1 us,  0.1 sy,  0.0 ni, 99.8 id,  0.0 wa,  0.0 hi,  0.0 si,  0.0 st
KiB Mem : 65877712 total, 51451288 free,  2035940 used, 12390484 buff/cache
KiB Swap: 33554428 total, 32294500 free,  1259928 used. 62521580 avail Mem 
--
top - 13:03:11 up 111 days,  4:45,  0 users,  load average: 2.70, 4.61, 5.27
Tasks: 396 total,   1 running, 395 sleeping,   0 stopped,   0 zombie
%Cpu(s):  0.1 us,  0.1 sy,  0.0 ni, 99.8 id,  0.0 wa,  0.0 hi,  0.0 si,  0.0 st
KiB Mem : 65877712 total, 51370132 free,  2117096 used, 12390484 buff/cache
KiB Swap: 33554428 total, 32294500 free,  1259928 used. 62440424 avail Mem 
--
top - 13:03:16 up 111 days,  4:45,  0 users,  load average: 2.49, 4.53, 5.24
Tasks: 396 total,   1 running, 395 sleeping,   0 stopped,   0 zombie
%Cpu(s):  0.1 us,  0.1 sy,  0.0 ni, 99.8 id,  0.0 wa,  0.0 hi,  0.0 si,  0.0 st
KiB Mem : 65877712 total, 51277796 free,  2209432 used, 12390484 buff/cache
KiB Swap: 33554428 total, 32294500 free,  1259928 used. 62348088 avail Mem 
--
top - 13:03:21 up 111 days,  4:45,  0 users,  load average: 2.29, 4.45, 5.21
Tasks: 396 total,   2 running, 394 sleeping,   0 stopped,   0 zombie
%Cpu(s): 42.1 us,  0.6 sy,  0.0 ni, 57.3 id,  0.0 wa,  0.0 hi,  0.0 si,  0.0 st
KiB Mem : 65877712 total, 51177192 free,  2310032 used, 12390488 buff/cache
KiB Swap: 33554428 total, 32294500 free,  1259928 used. 62247488 avail Mem 
--
top - 13:03:26 up 111 days,  4:45,  0 users,  load average: 4.51, 4.88, 5.34
Tasks: 396 total,   2 running, 394 sleeping,   0 stopped,   0 zombie
%Cpu(s): 96.4 us,  0.5 sy,  0.0 ni,  3.1 id,  0.0 wa,  0.0 hi,  0.0 si,  0.0 st
KiB Mem : 65877712 total, 51014348 free,  2472876 used, 12390488 buff/cache
KiB Swap: 33554428 total, 32294500 free,  1259928 used. 62084644 avail Mem 
--
top - 13:03:31 up 111 days,  4:45,  0 users,  load average: 6.63, 5.31, 5.48
Tasks: 396 total,   1 running, 395 sleeping,   0 stopped,   0 zombie
%Cpu(s): 87.5 us,  0.5 sy,  0.0 ni, 12.0 id,  0.0 wa,  0.0 hi,  0.0 si,  0.0 st
KiB Mem : 65877712 total, 50826392 free,  2660832 used, 12390488 buff/cache
KiB Swap: 33554428 total, 32294500 free,  1259928 used. 61896688 avail Mem 
--
top - 13:03:36 up 111 days,  4:45,  0 users,  load average: 6.10, 5.22, 5.45
Tasks: 396 total,   1 running, 395 sleeping,   0 stopped,   0 zombie
%Cpu(s):  3.2 us,  0.1 sy,  0.0 ni, 96.7 id,  0.0 wa,  0.0 hi,  0.0 si,  0.0 st
KiB Mem : 65877712 total, 50806272 free,  2680952 used, 12390488 buff/cache
KiB Swap: 33554428 total, 32294500 free,  1259928 used. 61876568 avail Mem 
--
top - 13:03:41 up 111 days,  4:45,  0 users,  load average: 6.17, 5.25, 5.46
Tasks: 396 total,   1 running, 395 sleeping,   0 stopped,   0 zombie
%Cpu(s):  0.0 us,  0.0 sy,  0.0 ni, 91.7 id,  8.2 wa,  0.0 hi,  0.0 si,  0.0 st
KiB Mem : 65877712 total, 51168260 free,  2318964 used, 12390488 buff/cache
KiB Swap: 33554428 total, 32294500 free,  1259928 used. 62238556 avail Mem 
--
top - 13:03:46 up 111 days,  4:45,  0 users,  load average: 6.24, 5.28, 5.47
Tasks: 396 total,   2 running, 394 sleeping,   0 stopped,   0 zombie
%Cpu(s):  0.1 us,  0.0 sy,  0.0 ni, 90.6 id,  9.3 wa,  0.0 hi,  0.0 si,  0.0 st
KiB Mem : 65877712 total, 51158196 free,  2329028 used, 12390488 buff/cache
KiB Swap: 33554428 total, 32294500 free,  1259928 used. 62228492 avail Mem 
--
top - 13:03:51 up 111 days,  4:45,  0 users,  load average: 5.74, 5.19, 5.44
Tasks: 395 total,   1 running, 394 sleeping,   0 stopped,   0 zombie
%Cpu(s):  0.1 us,  0.1 sy,  0.0 ni, 99.6 id,  0.2 wa,  0.0 hi,  0.0 si,  0.0 st
KiB Mem : 65877712 total, 51088036 free,  2399188 used, 12390488 buff/cache
KiB Swap: 33554428 total, 32294500 free,  1259928 used. 62158332 avail Mem 
--
top - 13:03:57 up 111 days,  4:46,  0 users,  load average: 5.28, 5.11, 5.41
Tasks: 395 total,   2 running, 393 sleeping,   0 stopped,   0 zombie
%Cpu(s):  0.1 us,  0.1 sy,  0.0 ni, 99.8 id,  0.0 wa,  0.0 hi,  0.0 si,  0.0 st
KiB Mem : 65877712 total, 51012728 free,  2474496 used, 12390488 buff/cache
KiB Swap: 33554428 total, 32294500 free,  1259928 used. 62083024 avail Mem 
--
top - 13:04:02 up 111 days,  4:46,  0 users,  load average: 4.86, 5.02, 5.38
Tasks: 395 total,   1 running, 394 sleeping,   0 stopped,   0 zombie
%Cpu(s):  0.5 us,  0.3 sy,  0.0 ni, 98.8 id,  0.3 wa,  0.0 hi,  0.0 si,  0.0 st
KiB Mem : 65877712 total, 50911816 free,  2575408 used, 12390488 buff/cache
KiB Swap: 33554428 total, 32294500 free,  1259928 used. 61982112 avail Mem 
--
top - 13:04:07 up 111 days,  4:46,  0 users,  load average: 4.47, 4.94, 5.35
Tasks: 399 total,   1 running, 398 sleeping,   0 stopped,   0 zombie
%Cpu(s):  0.1 us,  0.1 sy,  0.0 ni, 99.7 id,  0.0 wa,  0.0 hi,  0.0 si,  0.0 st
KiB Mem : 65877712 total, 50851392 free,  2635832 used, 12390488 buff/cache
KiB Swap: 33554428 total, 32294500 free,  1259928 used. 61921688 avail Mem 
--
top - 13:04:12 up 111 days,  4:46,  0 users,  load average: 4.11, 4.86, 5.32
Tasks: 399 total,   1 running, 398 sleeping,   0 stopped,   0 zombie
%Cpu(s):  0.1 us,  0.1 sy,  0.0 ni, 99.8 id,  0.0 wa,  0.0 hi,  0.0 si,  0.0 st
KiB Mem : 65877712 total, 50773788 free,  2713432 used, 12390492 buff/cache
KiB Swap: 33554428 total, 32294500 free,  1259928 used. 61844084 avail Mem 
--
top - 13:04:17 up 111 days,  4:46,  0 users,  load average: 6.02, 5.24, 5.44
Tasks: 399 total,   2 running, 397 sleeping,   0 stopped,   0 zombie
%Cpu(s): 88.0 us,  0.8 sy,  0.0 ni, 11.3 id,  0.0 wa,  0.0 hi,  0.0 si,  0.0 st
KiB Mem : 65877712 total, 50616940 free,  2870280 used, 12390492 buff/cache
KiB Swap: 33554428 total, 32294500 free,  1259928 used. 61687240 avail Mem 
--
top - 13:04:22 up 111 days,  4:46,  0 users,  load average: 8.02, 5.67, 5.58
Tasks: 399 total,   2 running, 397 sleeping,   0 stopped,   0 zombie
%Cpu(s): 96.5 us,  0.5 sy,  0.0 ni,  3.0 id,  0.0 wa,  0.0 hi,  0.0 si,  0.0 st
KiB Mem : 65877712 total, 50445960 free,  3041260 used, 12390492 buff/cache
KiB Swap: 33554428 total, 32294500 free,  1259928 used. 61516260 avail Mem 
--
top - 13:04:27 up 111 days,  4:46,  0 users,  load average: 9.54, 6.02, 5.70
Tasks: 399 total,   1 running, 398 sleeping,   0 stopped,   0 zombie
%Cpu(s): 42.5 us,  0.2 sy,  0.0 ni, 57.3 id,  0.0 wa,  0.0 hi,  0.0 si,  0.0 st
KiB Mem : 65877712 total, 50350976 free,  3136244 used, 12390492 buff/cache
KiB Swap: 33554428 total, 32294500 free,  1259928 used. 61421276 avail Mem 
--
top - 13:04:32 up 111 days,  4:46,  0 users,  load average: 8.78, 5.92, 5.67
Tasks: 399 total,   1 running, 398 sleeping,   0 stopped,   0 zombie
%Cpu(s):  0.1 us,  0.1 sy,  0.0 ni, 99.9 id,  0.0 wa,  0.0 hi,  0.0 si,  0.0 st
KiB Mem : 65877712 total, 50733160 free,  2754060 used, 12390492 buff/cache
KiB Swap: 33554428 total, 32294500 free,  1259928 used. 61803460 avail Mem 
--
top - 13:04:37 up 111 days,  4:46,  0 users,  load average: 8.07, 5.82, 5.64
Tasks: 399 total,   1 running, 398 sleeping,   0 stopped,   0 zombie
%Cpu(s):  0.1 us,  0.0 sy,  0.0 ni, 99.9 id,  0.0 wa,  0.0 hi,  0.0 si,  0.0 st
KiB Mem : 65877712 total, 50725964 free,  2761256 used, 12390492 buff/cache
KiB Swap: 33554428 total, 32294500 free,  1259928 used. 61796264 avail Mem 
--
top - 13:04:42 up 111 days,  4:46,  0 users,  load average: 7.51, 5.74, 5.61
Tasks: 399 total,   1 running, 398 sleeping,   0 stopped,   0 zombie
%Cpu(s):  0.1 us,  0.1 sy,  0.0 ni, 99.8 id,  0.0 wa,  0.0 hi,  0.0 si,  0.0 st
KiB Mem : 65877712 total, 50660508 free,  2826712 used, 12390492 buff/cache
KiB Swap: 33554428 total, 32294500 free,  1259928 used. 61730808 avail Mem 
--
top - 13:04:47 up 111 days,  4:46,  0 users,  load average: 6.91, 5.65, 5.58
Tasks: 399 total,   1 running, 398 sleeping,   0 stopped,   0 zombie
%Cpu(s):  0.1 us,  0.1 sy,  0.0 ni, 99.7 id,  0.0 wa,  0.0 hi,  0.0 si,  0.0 st
KiB Mem : 65877712 total, 50589648 free,  2897572 used, 12390492 buff/cache
KiB Swap: 33554428 total, 32294500 free,  1259928 used. 61659948 avail Mem 
--
top - 13:04:52 up 111 days,  4:46,  0 users,  load average: 6.43, 5.57, 5.56
Tasks: 399 total,   1 running, 398 sleeping,   0 stopped,   0 zombie
%Cpu(s):  0.1 us,  0.1 sy,  0.0 ni, 99.8 id,  0.0 wa,  0.0 hi,  0.0 si,  0.0 st
KiB Mem : 65877712 total, 50507704 free,  2979516 used, 12390492 buff/cache
KiB Swap: 33554428 total, 32294500 free,  1259928 used. 61578004 avail Mem 
--
top - 13:04:57 up 111 days,  4:47,  0 users,  load average: 6.00, 5.50, 5.53
Tasks: 399 total,   2 running, 397 sleeping,   0 stopped,   0 zombie
%Cpu(s): 20.3 us,  0.4 sy,  0.0 ni, 79.3 id,  0.0 wa,  0.0 hi,  0.0 si,  0.0 st
KiB Mem : 65877712 total, 50409508 free,  3077712 used, 12390492 buff/cache
KiB Swap: 33554428 total, 32294500 free,  1259928 used. 61479808 avail Mem 
--
top - 13:05:02 up 111 days,  4:47,  0 users,  load average: 8.00, 5.92, 5.67
Tasks: 399 total,   2 running, 397 sleeping,   0 stopped,   0 zombie
%Cpu(s): 96.2 us,  0.6 sy,  0.0 ni,  3.1 id,  0.0 wa,  0.0 hi,  0.0 si,  0.0 st
KiB Mem : 65877712 total, 50230732 free,  3256484 used, 12390496 buff/cache
KiB Swap: 33554428 total, 32294500 free,  1259928 used. 61301036 avail Mem 
--
top - 13:05:07 up 111 days,  4:47,  0 users,  load average: 9.84, 6.34, 5.80
Tasks: 398 total,   1 running, 397 sleeping,   0 stopped,   0 zombie
%Cpu(s): 96.3 us,  0.5 sy,  0.0 ni,  3.2 id,  0.0 wa,  0.0 hi,  0.0 si,  0.0 st
KiB Mem : 65877712 total, 50072552 free,  3414664 used, 12390496 buff/cache
KiB Swap: 33554428 total, 32294500 free,  1259928 used. 61142856 avail Mem 
--
top - 13:05:12 up 111 days,  4:47,  0 users,  load average: 9.29, 6.28, 5.79
Tasks: 398 total,   1 running, 397 sleeping,   0 stopped,   0 zombie
%Cpu(s): 17.4 us,  0.1 sy,  0.0 ni, 82.5 id,  0.0 wa,  0.0 hi,  0.0 si,  0.0 st
KiB Mem : 65877712 total, 50065208 free,  3422008 used, 12390496 buff/cache
KiB Swap: 33554428 total, 32294500 free,  1259928 used. 61135512 avail Mem 
--
top - 13:05:17 up 111 days,  4:47,  0 users,  load average: 8.55, 6.18, 5.76
Tasks: 398 total,   1 running, 397 sleeping,   0 stopped,   0 zombie
%Cpu(s):  0.0 us,  0.0 sy,  0.0 ni, 99.9 id,  0.0 wa,  0.0 hi,  0.0 si,  0.0 st
KiB Mem : 65877712 total, 50305264 free,  3181952 used, 12390496 buff/cache
KiB Swap: 33554428 total, 32294500 free,  1259928 used. 61375568 avail Mem 
--
top - 13:05:22 up 111 days,  4:47,  0 users,  load average: 7.87, 6.07, 5.73
Tasks: 398 total,   1 running, 397 sleeping,   0 stopped,   0 zombie
%Cpu(s):  0.0 us,  0.0 sy,  0.0 ni, 99.9 id,  0.0 wa,  0.0 hi,  0.0 si,  0.0 st
KiB Mem : 65877712 total, 50300204 free,  3187012 used, 12390496 buff/cache
KiB Swap: 33554428 total, 32294500 free,  1259928 used. 61370508 avail Mem 
--
top - 13:05:27 up 111 days,  4:47,  0 users,  load average: 7.24, 5.97, 5.70
Tasks: 398 total,   1 running, 397 sleeping,   0 stopped,   0 zombie
%Cpu(s):  0.1 us,  0.1 sy,  0.0 ni, 99.8 id,  0.0 wa,  0.0 hi,  0.0 si,  0.0 st
KiB Mem : 65877712 total, 50246740 free,  3240476 used, 12390496 buff/cache
KiB Swap: 33554428 total, 32294500 free,  1259928 used. 61317044 avail Mem 
--
top - 13:05:32 up 111 days,  4:47,  0 users,  load average: 6.66, 5.87, 5.67
Tasks: 398 total,   1 running, 397 sleeping,   0 stopped,   0 zombie
%Cpu(s):  0.1 us,  0.1 sy,  0.0 ni, 99.7 id,  0.0 wa,  0.0 hi,  0.0 si,  0.0 st
KiB Mem : 65877712 total, 50178608 free,  3308608 used, 12390496 buff/cache
KiB Swap: 33554428 total, 32294500 free,  1259928 used. 61248912 avail Mem 
--
top - 13:05:37 up 111 days,  4:47,  0 users,  load average: 6.12, 5.78, 5.64
Tasks: 398 total,   1 running, 397 sleeping,   0 stopped,   0 zombie
%Cpu(s):  0.1 us,  0.1 sy,  0.0 ni, 99.8 id,  0.0 wa,  0.0 hi,  0.0 si,  0.0 st
KiB Mem : 65877712 total, 50098164 free,  3389052 used, 12390496 buff/cache
KiB Swap: 33554428 total, 32294500 free,  1259928 used. 61168468 avail Mem 
--
top - 13:05:42 up 111 days,  4:47,  0 users,  load average: 5.63, 5.68, 5.60
Tasks: 398 total,   1 running, 397 sleeping,   0 stopped,   0 zombie
%Cpu(s):  0.1 us,  0.1 sy,  0.0 ni, 99.7 id,  0.0 wa,  0.0 hi,  0.0 si,  0.0 st
KiB Mem : 65877712 total, 50016276 free,  3470940 used, 12390496 buff/cache
KiB Swap: 33554428 total, 32294500 free,  1259928 used. 61086580 avail Mem 
--
top - 13:05:47 up 111 days,  4:47,  0 users,  load average: 5.18, 5.59, 5.57
Tasks: 398 total,   1 running, 397 sleeping,   0 stopped,   0 zombie
%Cpu(s): 41.5 us,  0.4 sy,  0.0 ni, 58.1 id,  0.0 wa,  0.0 hi,  0.0 si,  0.0 st
KiB Mem : 65877712 total, 49870960 free,  3616256 used, 12390496 buff/cache
KiB Swap: 33554428 total, 32294500 free,  1259928 used. 60941264 avail Mem 
--
top - 13:05:52 up 111 days,  4:47,  0 users,  load average: 7.33, 6.02, 5.72
Tasks: 398 total,   1 running, 397 sleeping,   0 stopped,   0 zombie
%Cpu(s): 96.3 us,  0.5 sy,  0.0 ni,  3.2 id,  0.0 wa,  0.0 hi,  0.0 si,  0.0 st
KiB Mem : 65877712 total, 49766420 free,  3720796 used, 12390496 buff/cache
KiB Swap: 33554428 total, 32294500 free,  1259928 used. 60836724 avail Mem 
--
top - 13:05:57 up 111 days,  4:48,  0 users,  load average: 9.22, 6.44, 5.85
Tasks: 398 total,   1 running, 397 sleeping,   0 stopped,   0 zombie
%Cpu(s): 92.0 us,  1.2 sy,  0.0 ni,  6.8 id,  0.0 wa,  0.0 hi,  0.0 si,  0.0 st
KiB Mem : 65877712 total, 49647028 free,  3840184 used, 12390500 buff/cache
KiB Swap: 33554428 total, 32294500 free,  1259928 used. 60717336 avail Mem 
--
top - 13:06:02 up 111 days,  4:48,  0 users,  load average: 10.17, 6.68, 5.93
Tasks: 403 total,   1 running, 402 sleeping,   0 stopped,   0 zombie
%Cpu(s): 40.0 us,  0.7 sy,  0.0 ni, 59.0 id,  0.3 wa,  0.0 hi,  0.0 si,  0.0 st
KiB Mem : 65877712 total, 49501952 free,  3985232 used, 12390528 buff/cache
KiB Swap: 33554428 total, 32294500 free,  1259928 used. 60572260 avail Mem 
