Job id: 4754952
Worker ip: 10.149.0.39
Master ip: 10.149.0.55
--
top - 12:33:29 up 111 days,  4:16,  0 users,  load average: 0.01, 0.18, 0.19
Tasks: 395 total,   1 running, 394 sleeping,   0 stopped,   0 zombie
%Cpu(s):  0.7 us,  1.9 sy,  0.0 ni, 97.4 id,  0.0 wa,  0.0 hi,  0.0 si,  0.0 st
KiB Mem : 65877712 total, 61031492 free,  1094136 used,  3752084 buff/cache
KiB Swap: 33554428 total, 32383824 free,  1170604 used. 63591772 avail Mem 
--
top - 12:33:34 up 111 days,  4:16,  0 users,  load average: 0.00, 0.18, 0.19
Tasks: 406 total,   1 running, 405 sleeping,   0 stopped,   0 zombie
%Cpu(s):  1.8 us,  0.6 sy,  0.0 ni, 97.3 id,  0.3 wa,  0.0 hi,  0.0 si,  0.0 st
KiB Mem : 65877712 total, 61009980 free,  1109004 used,  3758728 buff/cache
KiB Swap: 33554428 total, 32383824 free,  1170604 used. 63576692 avail Mem 
--
top - 12:33:39 up 111 days,  4:16,  0 users,  load average: 0.00, 0.17, 0.19
Tasks: 406 total,   1 running, 405 sleeping,   0 stopped,   0 zombie
%Cpu(s):  0.0 us,  0.0 sy,  0.0 ni,100.0 id,  0.0 wa,  0.0 hi,  0.0 si,  0.0 st
KiB Mem : 65877712 total, 61010076 free,  1108908 used,  3758728 buff/cache
KiB Swap: 33554428 total, 32383824 free,  1170604 used. 63576788 avail Mem 
--
top - 12:33:44 up 111 days,  4:17,  0 users,  load average: 0.00, 0.17, 0.19
Tasks: 407 total,   1 running, 406 sleeping,   0 stopped,   0 zombie
%Cpu(s):  0.0 us,  0.0 sy,  0.0 ni,100.0 id,  0.0 wa,  0.0 hi,  0.0 si,  0.0 st
KiB Mem : 65877712 total, 61009564 free,  1109420 used,  3758728 buff/cache
KiB Swap: 33554428 total, 32383824 free,  1170604 used. 63576276 avail Mem 
--
top - 12:33:49 up 111 days,  4:17,  0 users,  load average: 0.00, 0.17, 0.19
Tasks: 407 total,   1 running, 406 sleeping,   0 stopped,   0 zombie
%Cpu(s):  0.0 us,  0.0 sy,  0.0 ni,100.0 id,  0.0 wa,  0.0 hi,  0.0 si,  0.0 st
KiB Mem : 65877712 total, 61009564 free,  1109420 used,  3758728 buff/cache
KiB Swap: 33554428 total, 32383824 free,  1170604 used. 63576276 avail Mem 
--
top - 12:33:54 up 111 days,  4:17,  0 users,  load average: 0.00, 0.17, 0.18
Tasks: 407 total,   1 running, 406 sleeping,   0 stopped,   0 zombie
%Cpu(s):  0.0 us,  0.0 sy,  0.0 ni,100.0 id,  0.0 wa,  0.0 hi,  0.0 si,  0.0 st
KiB Mem : 65877712 total, 61009564 free,  1109420 used,  3758728 buff/cache
KiB Swap: 33554428 total, 32383824 free,  1170604 used. 63576276 avail Mem 
--
top - 12:33:59 up 111 days,  4:17,  0 users,  load average: 0.00, 0.16, 0.18
Tasks: 407 total,   1 running, 406 sleeping,   0 stopped,   0 zombie
%Cpu(s):  0.0 us,  0.0 sy,  0.0 ni,100.0 id,  0.0 wa,  0.0 hi,  0.0 si,  0.0 st
KiB Mem : 65877712 total, 61009512 free,  1109472 used,  3758728 buff/cache
KiB Swap: 33554428 total, 32383824 free,  1170604 used. 63576224 avail Mem 
--
top - 12:34:04 up 111 days,  4:17,  0 users,  load average: 0.00, 0.16, 0.18
Tasks: 407 total,   1 running, 406 sleeping,   0 stopped,   0 zombie
%Cpu(s):  0.4 us,  0.2 sy,  0.0 ni, 98.8 id,  0.6 wa,  0.0 hi,  0.0 si,  0.0 st
KiB Mem : 65877712 total, 61004232 free,  1114752 used,  3758728 buff/cache
KiB Swap: 33554428 total, 32383824 free,  1170604 used. 63570960 avail Mem 
--
top - 12:34:09 up 111 days,  4:17,  0 users,  load average: 0.00, 0.16, 0.18
Tasks: 407 total,   1 running, 406 sleeping,   0 stopped,   0 zombie
%Cpu(s):  0.1 us,  0.0 sy,  0.0 ni, 99.9 id,  0.0 wa,  0.0 hi,  0.0 si,  0.0 st
KiB Mem : 65877712 total, 60989592 free,  1129392 used,  3758728 buff/cache
KiB Swap: 33554428 total, 32383824 free,  1170604 used. 63556320 avail Mem 
--
top - 12:34:14 up 111 days,  4:17,  0 users,  load average: 0.00, 0.15, 0.18
Tasks: 407 total,   1 running, 406 sleeping,   0 stopped,   0 zombie
%Cpu(s):  0.1 us,  0.0 sy,  0.0 ni, 99.9 id,  0.0 wa,  0.0 hi,  0.0 si,  0.0 st
KiB Mem : 65877712 total, 60949876 free,  1169108 used,  3758728 buff/cache
KiB Swap: 33554428 total, 32383824 free,  1170604 used. 63516604 avail Mem 
--
top - 12:34:19 up 111 days,  4:17,  0 users,  load average: 0.00, 0.15, 0.18
Tasks: 407 total,   1 running, 406 sleeping,   0 stopped,   0 zombie
%Cpu(s):  0.1 us,  0.0 sy,  0.0 ni, 99.9 id,  0.0 wa,  0.0 hi,  0.0 si,  0.0 st
KiB Mem : 65877712 total, 60906004 free,  1212980 used,  3758728 buff/cache
KiB Swap: 33554428 total, 32383824 free,  1170604 used. 63472732 avail Mem 
--
top - 12:34:24 up 111 days,  4:17,  0 users,  load average: 0.00, 0.15, 0.18
Tasks: 407 total,   1 running, 406 sleeping,   0 stopped,   0 zombie
%Cpu(s):  0.1 us,  0.0 sy,  0.0 ni, 99.9 id,  0.0 wa,  0.0 hi,  0.0 si,  0.0 st
KiB Mem : 65877712 total, 60870292 free,  1248692 used,  3758728 buff/cache
KiB Swap: 33554428 total, 32383824 free,  1170604 used. 63437020 avail Mem 
--
top - 12:34:29 up 111 days,  4:17,  0 users,  load average: 0.00, 0.15, 0.18
Tasks: 407 total,   1 running, 406 sleeping,   0 stopped,   0 zombie
%Cpu(s):  0.1 us,  0.0 sy,  0.0 ni, 99.9 id,  0.0 wa,  0.0 hi,  0.0 si,  0.0 st
KiB Mem : 65877712 total, 60821908 free,  1297076 used,  3758728 buff/cache
KiB Swap: 33554428 total, 32383824 free,  1170604 used. 63388636 avail Mem 
--
top - 12:34:34 up 111 days,  4:17,  0 users,  load average: 0.00, 0.14, 0.18
Tasks: 407 total,   1 running, 406 sleeping,   0 stopped,   0 zombie
%Cpu(s):  0.1 us,  0.0 sy,  0.0 ni, 99.9 id,  0.0 wa,  0.0 hi,  0.0 si,  0.0 st
KiB Mem : 65877712 total, 60783996 free,  1334988 used,  3758728 buff/cache
KiB Swap: 33554428 total, 32383824 free,  1170604 used. 63350724 avail Mem 
--
top - 12:34:39 up 111 days,  4:17,  0 users,  load average: 0.00, 0.14, 0.18
Tasks: 409 total,   2 running, 407 sleeping,   0 stopped,   0 zombie
%Cpu(s): 58.6 us,  0.6 sy,  0.0 ni, 40.7 id,  0.0 wa,  0.0 hi,  0.0 si,  0.0 st
KiB Mem : 65877712 total, 60386888 free,  1732184 used,  3758640 buff/cache
KiB Swap: 33554428 total, 32383824 free,  1170604 used. 62953720 avail Mem 
--
top - 12:34:44 up 111 days,  4:18,  0 users,  load average: 2.41, 0.64, 0.34
Tasks: 409 total,   1 running, 408 sleeping,   0 stopped,   0 zombie
%Cpu(s): 57.5 us,  0.2 sy,  0.0 ni, 42.4 id,  0.0 wa,  0.0 hi,  0.0 si,  0.0 st
KiB Mem : 65877712 total, 60286716 free,  1832356 used,  3758640 buff/cache
KiB Swap: 33554428 total, 32383824 free,  1170604 used. 62853548 avail Mem 
--
top - 12:34:49 up 111 days,  4:18,  0 users,  load average: 2.21, 0.63, 0.33
Tasks: 409 total,   1 running, 408 sleeping,   0 stopped,   0 zombie
%Cpu(s):  0.0 us,  0.0 sy,  0.0 ni, 99.9 id,  0.0 wa,  0.0 hi,  0.0 si,  0.0 st
KiB Mem : 65877712 total, 60513532 free,  1605540 used,  3758640 buff/cache
KiB Swap: 33554428 total, 32383824 free,  1170604 used. 63080364 avail Mem 
--
top - 12:34:54 up 111 days,  4:18,  0 users,  load average: 2.04, 0.62, 0.33
Tasks: 409 total,   1 running, 408 sleeping,   0 stopped,   0 zombie
%Cpu(s):  0.0 us,  0.0 sy,  0.0 ni,100.0 id,  0.0 wa,  0.0 hi,  0.0 si,  0.0 st
KiB Mem : 65877712 total, 60510996 free,  1608076 used,  3758640 buff/cache
KiB Swap: 33554428 total, 32383824 free,  1170604 used. 63077828 avail Mem 
--
top - 12:34:59 up 111 days,  4:18,  0 users,  load average: 1.87, 0.61, 0.33
Tasks: 409 total,   1 running, 408 sleeping,   0 stopped,   0 zombie
%Cpu(s):  0.1 us,  0.1 sy,  0.0 ni, 99.9 id,  0.0 wa,  0.0 hi,  0.0 si,  0.0 st
KiB Mem : 65877712 total, 60476920 free,  1642152 used,  3758640 buff/cache
KiB Swap: 33554428 total, 32383824 free,  1170604 used. 63043752 avail Mem 
--
top - 12:35:04 up 111 days,  4:18,  0 users,  load average: 1.72, 0.60, 0.33
Tasks: 409 total,   1 running, 408 sleeping,   0 stopped,   0 zombie
%Cpu(s):  0.1 us,  0.1 sy,  0.0 ni, 99.8 id,  0.0 wa,  0.0 hi,  0.0 si,  0.0 st
KiB Mem : 65877712 total, 60441940 free,  1677132 used,  3758640 buff/cache
KiB Swap: 33554428 total, 32383824 free,  1170604 used. 63008772 avail Mem 
--
top - 12:35:10 up 111 days,  4:18,  0 users,  load average: 1.58, 0.59, 0.33
Tasks: 409 total,   1 running, 408 sleeping,   0 stopped,   0 zombie
%Cpu(s):  0.1 us,  0.1 sy,  0.0 ni, 99.9 id,  0.0 wa,  0.0 hi,  0.0 si,  0.0 st
KiB Mem : 65877712 total, 60399672 free,  1719400 used,  3758640 buff/cache
KiB Swap: 33554428 total, 32383824 free,  1170604 used. 62966504 avail Mem 
--
top - 12:35:15 up 111 days,  4:18,  0 users,  load average: 1.46, 0.58, 0.32
Tasks: 409 total,   1 running, 408 sleeping,   0 stopped,   0 zombie
%Cpu(s):  0.1 us,  0.1 sy,  0.0 ni, 99.9 id,  0.0 wa,  0.0 hi,  0.0 si,  0.0 st
KiB Mem : 65877712 total, 60369400 free,  1749672 used,  3758640 buff/cache
KiB Swap: 33554428 total, 32383824 free,  1170604 used. 62936232 avail Mem 
--
top - 12:35:20 up 111 days,  4:18,  0 users,  load average: 1.34, 0.57, 0.32
Tasks: 409 total,   1 running, 408 sleeping,   0 stopped,   0 zombie
%Cpu(s):  0.1 us,  0.0 sy,  0.0 ni, 99.9 id,  0.0 wa,  0.0 hi,  0.0 si,  0.0 st
KiB Mem : 65877712 total, 60332976 free,  1786096 used,  3758640 buff/cache
KiB Swap: 33554428 total, 32383824 free,  1170604 used. 62899808 avail Mem 
--
top - 12:35:25 up 111 days,  4:18,  0 users,  load average: 1.23, 0.56, 0.32
Tasks: 409 total,   2 running, 407 sleeping,   0 stopped,   0 zombie
%Cpu(s): 10.2 us,  0.2 sy,  0.0 ni, 89.6 id,  0.0 wa,  0.0 hi,  0.0 si,  0.0 st
KiB Mem : 65877712 total, 60254176 free,  1864892 used,  3758644 buff/cache
KiB Swap: 33554428 total, 32383824 free,  1170604 used. 62821008 avail Mem 
--
top - 12:35:30 up 111 days,  4:18,  0 users,  load average: 3.30, 1.00, 0.46
Tasks: 409 total,   2 running, 407 sleeping,   0 stopped,   0 zombie
%Cpu(s): 94.7 us,  0.4 sy,  0.0 ni,  4.9 id,  0.0 wa,  0.0 hi,  0.0 si,  0.0 st
KiB Mem : 65877712 total, 60082428 free,  2036640 used,  3758644 buff/cache
KiB Swap: 33554428 total, 32383824 free,  1170604 used. 62649264 avail Mem 
--
top - 12:35:35 up 111 days,  4:18,  0 users,  load average: 3.03, 0.98, 0.46
Tasks: 409 total,   1 running, 408 sleeping,   0 stopped,   0 zombie
%Cpu(s):  7.0 us,  0.1 sy,  0.0 ni, 92.9 id,  0.0 wa,  0.0 hi,  0.0 si,  0.0 st
KiB Mem : 65877712 total, 60277572 free,  1841496 used,  3758644 buff/cache
KiB Swap: 33554428 total, 32383824 free,  1170604 used. 62844408 avail Mem 
--
top - 12:35:40 up 111 days,  4:18,  0 users,  load average: 2.79, 0.96, 0.46
Tasks: 409 total,   1 running, 408 sleeping,   0 stopped,   0 zombie
%Cpu(s):  0.0 us,  0.0 sy,  0.0 ni,100.0 id,  0.0 wa,  0.0 hi,  0.0 si,  0.0 st
KiB Mem : 65877712 total, 60278048 free,  1841020 used,  3758644 buff/cache
KiB Swap: 33554428 total, 32383824 free,  1170604 used. 62844884 avail Mem 
--
top - 12:35:45 up 111 days,  4:19,  0 users,  load average: 2.57, 0.95, 0.46
Tasks: 409 total,   1 running, 408 sleeping,   0 stopped,   0 zombie
%Cpu(s):  0.1 us,  0.1 sy,  0.0 ni, 99.9 id,  0.0 wa,  0.0 hi,  0.0 si,  0.0 st
KiB Mem : 65877712 total, 60247788 free,  1871280 used,  3758644 buff/cache
KiB Swap: 33554428 total, 32383824 free,  1170604 used. 62814624 avail Mem 
--
top - 12:35:50 up 111 days,  4:19,  0 users,  load average: 2.36, 0.93, 0.45
Tasks: 409 total,   1 running, 408 sleeping,   0 stopped,   0 zombie
%Cpu(s):  0.1 us,  0.0 sy,  0.0 ni, 99.9 id,  0.0 wa,  0.0 hi,  0.0 si,  0.0 st
KiB Mem : 65877712 total, 60212580 free,  1906488 used,  3758644 buff/cache
KiB Swap: 33554428 total, 32383824 free,  1170604 used. 62779416 avail Mem 
--
top - 12:35:55 up 111 days,  4:19,  0 users,  load average: 2.17, 0.92, 0.45
Tasks: 409 total,   1 running, 408 sleeping,   0 stopped,   0 zombie
%Cpu(s):  0.1 us,  0.0 sy,  0.0 ni, 99.9 id,  0.0 wa,  0.0 hi,  0.0 si,  0.0 st
KiB Mem : 65877712 total, 60181828 free,  1937240 used,  3758644 buff/cache
KiB Swap: 33554428 total, 32383824 free,  1170604 used. 62748664 avail Mem 
--
top - 12:36:00 up 111 days,  4:19,  0 users,  load average: 2.00, 0.90, 0.45
Tasks: 418 total,   1 running, 417 sleeping,   0 stopped,   0 zombie
%Cpu(s):  0.3 us,  0.2 sy,  0.0 ni, 99.2 id,  0.2 wa,  0.0 hi,  0.0 si,  0.0 st
KiB Mem : 65877712 total, 60117068 free,  2002000 used,  3758644 buff/cache
KiB Swap: 33554428 total, 32383824 free,  1170604 used. 62683904 avail Mem 
--
top - 12:36:05 up 111 days,  4:19,  0 users,  load average: 1.84, 0.89, 0.45
Tasks: 409 total,   1 running, 408 sleeping,   0 stopped,   0 zombie
%Cpu(s):  0.2 us,  0.1 sy,  0.0 ni, 99.3 id,  0.4 wa,  0.0 hi,  0.0 si,  0.0 st
KiB Mem : 65877712 total, 60086220 free,  2032848 used,  3758644 buff/cache
KiB Swap: 33554428 total, 32383824 free,  1170604 used. 62653056 avail Mem 
--
top - 12:36:10 up 111 days,  4:19,  0 users,  load average: 1.69, 0.87, 0.44
Tasks: 409 total,   1 running, 408 sleeping,   0 stopped,   0 zombie
%Cpu(s):  0.1 us,  0.1 sy,  0.0 ni, 99.8 id,  0.0 wa,  0.0 hi,  0.0 si,  0.0 st
KiB Mem : 65877712 total, 60042956 free,  2076112 used,  3758644 buff/cache
KiB Swap: 33554428 total, 32383824 free,  1170604 used. 62609792 avail Mem 
--
top - 12:36:15 up 111 days,  4:19,  0 users,  load average: 1.56, 0.86, 0.44
Tasks: 409 total,   2 running, 407 sleeping,   0 stopped,   0 zombie
%Cpu(s): 48.1 us,  0.8 sy,  0.0 ni, 51.1 id,  0.0 wa,  0.0 hi,  0.0 si,  0.0 st
KiB Mem : 65877712 total, 59945616 free,  2173448 used,  3758648 buff/cache
KiB Swap: 33554428 total, 32383824 free,  1170604 used. 62512456 avail Mem 
--
top - 12:36:20 up 111 days,  4:19,  0 users,  load average: 3.27, 1.22, 0.56
Tasks: 409 total,   1 running, 408 sleeping,   0 stopped,   0 zombie
%Cpu(s): 67.9 us,  0.4 sy,  0.0 ni, 31.7 id,  0.0 wa,  0.0 hi,  0.0 si,  0.0 st
KiB Mem : 65877712 total, 59811856 free,  2307208 used,  3758648 buff/cache
KiB Swap: 33554428 total, 32383824 free,  1170604 used. 62378696 avail Mem 
--
top - 12:36:25 up 111 days,  4:19,  0 users,  load average: 3.01, 1.20, 0.56
Tasks: 409 total,   1 running, 408 sleeping,   0 stopped,   0 zombie
%Cpu(s):  0.0 us,  0.0 sy,  0.0 ni, 99.9 id,  0.0 wa,  0.0 hi,  0.0 si,  0.0 st
KiB Mem : 65877712 total, 60036268 free,  2082796 used,  3758648 buff/cache
KiB Swap: 33554428 total, 32383824 free,  1170604 used. 62603108 avail Mem 
--
top - 12:36:30 up 111 days,  4:19,  0 users,  load average: 2.77, 1.18, 0.56
Tasks: 409 total,   1 running, 408 sleeping,   0 stopped,   0 zombie
%Cpu(s):  0.0 us,  0.0 sy,  0.0 ni, 99.9 id,  0.0 wa,  0.0 hi,  0.0 si,  0.0 st
KiB Mem : 65877712 total, 60036268 free,  2082796 used,  3758648 buff/cache
KiB Swap: 33554428 total, 32383824 free,  1170604 used. 62603108 avail Mem 
--
top - 12:36:35 up 111 days,  4:19,  0 users,  load average: 2.55, 1.16, 0.55
Tasks: 409 total,   1 running, 408 sleeping,   0 stopped,   0 zombie
%Cpu(s):  0.1 us,  0.1 sy,  0.0 ni, 99.9 id,  0.0 wa,  0.0 hi,  0.0 si,  0.0 st
KiB Mem : 65877712 total, 60003292 free,  2115772 used,  3758648 buff/cache
KiB Swap: 33554428 total, 32383824 free,  1170604 used. 62570132 avail Mem 
--
top - 12:36:40 up 111 days,  4:19,  0 users,  load average: 2.34, 1.15, 0.55
Tasks: 409 total,   2 running, 407 sleeping,   0 stopped,   0 zombie
%Cpu(s):  0.1 us,  0.1 sy,  0.0 ni, 99.8 id,  0.0 wa,  0.0 hi,  0.0 si,  0.0 st
KiB Mem : 65877712 total, 59963360 free,  2155704 used,  3758648 buff/cache
KiB Swap: 33554428 total, 32383824 free,  1170604 used. 62530200 avail Mem 
--
top - 12:36:45 up 111 days,  4:20,  0 users,  load average: 2.16, 1.13, 0.55
Tasks: 409 total,   1 running, 408 sleeping,   0 stopped,   0 zombie
%Cpu(s):  0.1 us,  0.1 sy,  0.0 ni, 99.9 id,  0.0 wa,  0.0 hi,  0.0 si,  0.0 st
KiB Mem : 65877712 total, 59932700 free,  2186364 used,  3758648 buff/cache
KiB Swap: 33554428 total, 32383824 free,  1170604 used. 62499540 avail Mem 
--
top - 12:36:50 up 111 days,  4:20,  0 users,  load average: 1.98, 1.11, 0.54
Tasks: 409 total,   1 running, 408 sleeping,   0 stopped,   0 zombie
%Cpu(s):  0.1 us,  0.1 sy,  0.0 ni, 99.9 id,  0.0 wa,  0.0 hi,  0.0 si,  0.0 st
KiB Mem : 65877712 total, 59892536 free,  2226528 used,  3758648 buff/cache
KiB Swap: 33554428 total, 32383824 free,  1170604 used. 62459376 avail Mem 
--
top - 12:36:55 up 111 days,  4:20,  0 users,  load average: 1.82, 1.09, 0.54
Tasks: 409 total,   1 running, 408 sleeping,   0 stopped,   0 zombie
%Cpu(s):  0.1 us,  0.0 sy,  0.0 ni, 99.9 id,  0.0 wa,  0.0 hi,  0.0 si,  0.0 st
KiB Mem : 65877712 total, 59863040 free,  2256024 used,  3758648 buff/cache
KiB Swap: 33554428 total, 32383824 free,  1170604 used. 62429880 avail Mem 
--
top - 12:37:00 up 111 days,  4:20,  0 users,  load average: 1.68, 1.07, 0.54
Tasks: 409 total,   2 running, 407 sleeping,   0 stopped,   0 zombie
%Cpu(s):  4.0 us,  0.4 sy,  0.0 ni, 95.6 id,  0.0 wa,  0.0 hi,  0.0 si,  0.0 st
KiB Mem : 65877712 total, 59829112 free,  2289952 used,  3758648 buff/cache
KiB Swap: 33554428 total, 32383824 free,  1170604 used. 62395948 avail Mem 
--
top - 12:37:05 up 111 days,  4:20,  0 users,  load average: 3.79, 1.52, 0.69
Tasks: 409 total,   2 running, 407 sleeping,   0 stopped,   0 zombie
%Cpu(s): 96.5 us,  0.4 sy,  0.0 ni,  3.1 id,  0.0 wa,  0.0 hi,  0.0 si,  0.0 st
KiB Mem : 65877712 total, 59660832 free,  2458228 used,  3758652 buff/cache
KiB Swap: 33554428 total, 32383824 free,  1170604 used. 62227676 avail Mem 
--
top - 12:37:10 up 111 days,  4:20,  0 users,  load average: 3.64, 1.53, 0.69
Tasks: 409 total,   1 running, 408 sleeping,   0 stopped,   0 zombie
%Cpu(s): 18.0 us,  0.1 sy,  0.0 ni, 81.9 id,  0.0 wa,  0.0 hi,  0.0 si,  0.0 st
KiB Mem : 65877712 total, 59618016 free,  2501044 used,  3758652 buff/cache
KiB Swap: 33554428 total, 32383824 free,  1170604 used. 62184860 avail Mem 
--
top - 12:37:15 up 111 days,  4:20,  0 users,  load average: 3.35, 1.50, 0.69
Tasks: 409 total,   1 running, 408 sleeping,   0 stopped,   0 zombie
%Cpu(s):  0.0 us,  0.0 sy,  0.0 ni, 99.9 id,  0.0 wa,  0.0 hi,  0.0 si,  0.0 st
KiB Mem : 65877712 total, 59828352 free,  2290708 used,  3758652 buff/cache
KiB Swap: 33554428 total, 32383824 free,  1170604 used. 62395196 avail Mem 
--
top - 12:37:20 up 111 days,  4:20,  0 users,  load average: 3.08, 1.48, 0.69
Tasks: 409 total,   1 running, 408 sleeping,   0 stopped,   0 zombie
%Cpu(s):  0.0 us,  0.0 sy,  0.0 ni, 99.9 id,  0.0 wa,  0.0 hi,  0.0 si,  0.0 st
KiB Mem : 65877712 total, 59821252 free,  2297808 used,  3758652 buff/cache
KiB Swap: 33554428 total, 32383824 free,  1170604 used. 62388096 avail Mem 
--
top - 12:37:25 up 111 days,  4:20,  0 users,  load average: 2.84, 1.45, 0.68
Tasks: 409 total,   1 running, 408 sleeping,   0 stopped,   0 zombie
%Cpu(s):  0.1 us,  0.1 sy,  0.0 ni, 99.8 id,  0.0 wa,  0.0 hi,  0.0 si,  0.0 st
KiB Mem : 65877712 total, 59784836 free,  2334224 used,  3758652 buff/cache
KiB Swap: 33554428 total, 32383824 free,  1170604 used. 62351680 avail Mem 
--
top - 12:37:30 up 111 days,  4:20,  0 users,  load average: 2.61, 1.43, 0.68
Tasks: 409 total,   1 running, 408 sleeping,   0 stopped,   0 zombie
%Cpu(s):  0.1 us,  0.1 sy,  0.0 ni, 99.8 id,  0.0 wa,  0.0 hi,  0.0 si,  0.0 st
KiB Mem : 65877712 total, 59744500 free,  2374560 used,  3758652 buff/cache
KiB Swap: 33554428 total, 32383824 free,  1170604 used. 62311344 avail Mem 
--
top - 12:37:35 up 111 days,  4:20,  0 users,  load average: 2.40, 1.40, 0.67
Tasks: 409 total,   1 running, 408 sleeping,   0 stopped,   0 zombie
%Cpu(s):  0.1 us,  0.1 sy,  0.0 ni, 99.9 id,  0.0 wa,  0.0 hi,  0.0 si,  0.0 st
KiB Mem : 65877712 total, 59717716 free,  2401344 used,  3758652 buff/cache
KiB Swap: 33554428 total, 32383824 free,  1170604 used. 62284560 avail Mem 
--
top - 12:37:40 up 111 days,  4:20,  0 users,  load average: 2.21, 1.38, 0.67
Tasks: 409 total,   1 running, 408 sleeping,   0 stopped,   0 zombie
%Cpu(s):  0.1 us,  0.1 sy,  0.0 ni, 99.8 id,  0.0 wa,  0.0 hi,  0.0 si,  0.0 st
KiB Mem : 65877712 total, 59665168 free,  2453892 used,  3758652 buff/cache
KiB Swap: 33554428 total, 32383824 free,  1170604 used. 62232012 avail Mem 
--
top - 12:37:45 up 111 days,  4:21,  0 users,  load average: 2.03, 1.36, 0.67
Tasks: 409 total,   1 running, 408 sleeping,   0 stopped,   0 zombie
%Cpu(s):  0.1 us,  0.1 sy,  0.0 ni, 99.9 id,  0.0 wa,  0.0 hi,  0.0 si,  0.0 st
KiB Mem : 65877712 total, 59625560 free,  2493500 used,  3758652 buff/cache
KiB Swap: 33554428 total, 32383824 free,  1170604 used. 62192404 avail Mem 
--
top - 12:37:50 up 111 days,  4:21,  0 users,  load average: 1.87, 1.33, 0.66
Tasks: 409 total,   2 running, 407 sleeping,   0 stopped,   0 zombie
%Cpu(s): 32.6 us,  0.6 sy,  0.0 ni, 66.7 id,  0.0 wa,  0.0 hi,  0.0 si,  0.0 st
KiB Mem : 65877712 total, 59560456 free,  2558604 used,  3758652 buff/cache
KiB Swap: 33554428 total, 32383824 free,  1170604 used. 62127300 avail Mem 
--
top - 12:37:55 up 111 days,  4:21,  0 users,  load average: 3.56, 1.69, 0.78
Tasks: 409 total,   1 running, 408 sleeping,   0 stopped,   0 zombie
%Cpu(s): 83.2 us,  0.4 sy,  0.0 ni, 16.4 id,  0.0 wa,  0.0 hi,  0.0 si,  0.0 st
KiB Mem : 65877712 total, 59402220 free,  2716840 used,  3758652 buff/cache
KiB Swap: 33554428 total, 32383824 free,  1170604 used. 61969064 avail Mem 
--
top - 12:38:00 up 111 days,  4:21,  0 users,  load average: 3.28, 1.67, 0.78
Tasks: 412 total,   2 running, 410 sleeping,   0 stopped,   0 zombie
%Cpu(s):  0.4 us,  0.2 sy,  0.0 ni, 98.9 id,  0.4 wa,  0.0 hi,  0.0 si,  0.0 st
KiB Mem : 65877712 total, 59590996 free,  2528060 used,  3758656 buff/cache
KiB Swap: 33554428 total, 32383824 free,  1170604 used. 62157844 avail Mem 
