10.149.0.36
2024/01/02 12:33:30 Master node address: http://10.149.0.55:8000
2024/01/02 12:33:30 Benchmarking worker...
2024/01/02 12:33:32 Worker registered (1837 MCUPS). Waiting for work...
2024/01/02 12:34:36 Got work. Start calculating alignments...
2024/01/02 12:34:36 Calculating 2017 queries
2024/01/02 12:34:46 Done calculating alignments.
2024/01/02 12:34:46 Waiting for work...
2024/01/02 12:35:24 Got work. Start calculating alignments...
2024/01/02 12:35:24 Calculating 2018 queries
2024/01/02 12:35:32 Done calculating alignments.
2024/01/02 12:35:32 Waiting for work...
2024/01/02 12:36:12 Got work. Start calculating alignments...
2024/01/02 12:36:12 Calculating 2017 queries
2024/01/02 12:36:22 Done calculating alignments.
2024/01/02 12:36:22 Waiting for work...
2024/01/02 12:37:00 Got work. Start calculating alignments...
2024/01/02 12:37:00 Calculating 2017 queries
2024/01/02 12:37:06 Done calculating alignments.
2024/01/02 12:37:06 Waiting for work...
2024/01/02 12:37:48 Got work. Start calculating alignments...
2024/01/02 12:37:48 Calculating 2018 queries
2024/01/02 12:37:57 Done calculating alignments.
2024/01/02 12:37:57 Waiting for work...
slurmstepd: error: *** JOB 4754949 ON node036 CANCELLED AT 2024-01-02T12:38:00 ***
