10.149.0.31
2024/01/02 13:01:27 Master node address: http://10.149.0.55:8000
2024/01/02 13:01:27 Benchmarking worker...
2024/01/02 13:01:28 Worker registered (1862 MCUPS). Waiting for work...
2024/01/02 13:02:30 Got work. Start calculating alignments...
2024/01/02 13:02:30 Calculating 4085 queries
2024/01/02 13:02:46 Done calculating alignments.
2024/01/02 13:02:46 Waiting for work...
2024/01/02 13:03:20 Got work. Start calculating alignments...
2024/01/02 13:03:20 Calculating 4084 queries
2024/01/02 13:03:37 Done calculating alignments.
2024/01/02 13:03:37 Waiting for work...
2024/01/02 13:04:11 Got work. Start calculating alignments...
2024/01/02 13:04:11 Calculating 4084 queries
2024/01/02 13:04:29 Done calculating alignments.
2024/01/02 13:04:29 Waiting for work...
2024/01/02 13:04:56 Got work. Start calculating alignments...
2024/01/02 13:04:56 Calculating 4085 queries
2024/01/02 13:05:09 Done calculating alignments.
2024/01/02 13:05:09 Waiting for work...
2024/01/02 13:05:46 Got work. Start calculating alignments...
2024/01/02 13:05:46 Calculating 4085 queries
2024/01/02 13:06:03 Done calculating alignments.
2024/01/02 13:06:03 Waiting for work...
slurmstepd: error: *** JOB 4754999 ON node031 CANCELLED AT 2024-01-02T13:06:06 ***
