Job id: 4755013
Worker ip: 10.149.0.60
Master ip: 10.149.0.68
--
top - 13:25:47 up 111 days,  5:09,  0 users,  load average: 0.00, 0.07, 0.89
Tasks: 393 total,   1 running, 392 sleeping,   0 stopped,   0 zombie
%Cpu(s):  1.7 us,  3.0 sy,  0.0 ni, 93.5 id,  1.7 wa,  0.0 hi,  0.2 si,  0.0 st
KiB Mem : 65877692 total, 52014144 free,  1274364 used, 12589184 buff/cache
KiB Swap: 33554428 total, 31912172 free,  1642256 used. 63344140 avail Mem 
--
top - 13:25:52 up 111 days,  5:09,  0 users,  load average: 0.08, 0.08, 0.89
Tasks: 398 total,   1 running, 397 sleeping,   0 stopped,   0 zombie
%Cpu(s):  1.9 us,  0.6 sy,  0.0 ni, 97.3 id,  0.2 wa,  0.0 hi,  0.0 si,  0.0 st
KiB Mem : 65877692 total, 51989920 free,  1291860 used, 12595912 buff/cache
KiB Swap: 33554428 total, 31912172 free,  1642256 used. 63326508 avail Mem 
--
top - 13:25:57 up 111 days,  5:09,  0 users,  load average: 0.08, 0.08, 0.89
Tasks: 399 total,   1 running, 398 sleeping,   0 stopped,   0 zombie
%Cpu(s):  0.0 us,  0.0 sy,  0.0 ni,100.0 id,  0.0 wa,  0.0 hi,  0.0 si,  0.0 st
KiB Mem : 65877692 total, 51991096 free,  1290684 used, 12595912 buff/cache
KiB Swap: 33554428 total, 31912172 free,  1642256 used. 63327696 avail Mem 
--
top - 13:26:02 up 111 days,  5:09,  0 users,  load average: 0.07, 0.08, 0.88
Tasks: 402 total,   1 running, 401 sleeping,   0 stopped,   0 zombie
%Cpu(s):  0.4 us,  0.2 sy,  0.0 ni, 99.0 id,  0.3 wa,  0.0 hi,  0.0 si,  0.0 st
KiB Mem : 65877692 total, 51985244 free,  1296532 used, 12595916 buff/cache
KiB Swap: 33554428 total, 31912172 free,  1642256 used. 63321872 avail Mem 
--
top - 13:26:07 up 111 days,  5:09,  0 users,  load average: 0.06, 0.08, 0.88
Tasks: 402 total,   1 running, 401 sleeping,   0 stopped,   0 zombie
%Cpu(s):  0.0 us,  0.0 sy,  0.0 ni,100.0 id,  0.0 wa,  0.0 hi,  0.0 si,  0.0 st
KiB Mem : 65877692 total, 51986548 free,  1295228 used, 12595916 buff/cache
KiB Swap: 33554428 total, 31912172 free,  1642256 used. 63323176 avail Mem 
--
top - 13:26:12 up 111 days,  5:10,  0 users,  load average: 0.06, 0.08, 0.87
Tasks: 402 total,   1 running, 401 sleeping,   0 stopped,   0 zombie
%Cpu(s):  0.0 us,  0.0 sy,  0.0 ni,100.0 id,  0.0 wa,  0.0 hi,  0.0 si,  0.0 st
KiB Mem : 65877692 total, 51987084 free,  1294692 used, 12595916 buff/cache
KiB Swap: 33554428 total, 31912172 free,  1642256 used. 63323712 avail Mem 
--
top - 13:26:17 up 111 days,  5:10,  0 users,  load average: 0.05, 0.08, 0.87
Tasks: 403 total,   1 running, 402 sleeping,   0 stopped,   0 zombie
%Cpu(s):  0.0 us,  0.0 sy,  0.0 ni,100.0 id,  0.0 wa,  0.0 hi,  0.0 si,  0.0 st
KiB Mem : 65877692 total, 51987084 free,  1294692 used, 12595916 buff/cache
KiB Swap: 33554428 total, 31912172 free,  1642256 used. 63323712 avail Mem 
--
top - 13:26:22 up 111 days,  5:10,  0 users,  load average: 0.05, 0.08, 0.86
Tasks: 403 total,   1 running, 402 sleeping,   0 stopped,   0 zombie
%Cpu(s):  0.1 us,  0.0 sy,  0.0 ni, 99.9 id,  0.0 wa,  0.0 hi,  0.0 si,  0.0 st
KiB Mem : 65877692 total, 51970316 free,  1311460 used, 12595916 buff/cache
KiB Swap: 33554428 total, 31912172 free,  1642256 used. 63306944 avail Mem 
--
top - 13:26:27 up 111 days,  5:10,  0 users,  load average: 0.05, 0.07, 0.86
Tasks: 403 total,   1 running, 402 sleeping,   0 stopped,   0 zombie
%Cpu(s):  0.1 us,  0.1 sy,  0.0 ni, 99.9 id,  0.0 wa,  0.0 hi,  0.0 si,  0.0 st
KiB Mem : 65877692 total, 51932080 free,  1349696 used, 12595916 buff/cache
KiB Swap: 33554428 total, 31912172 free,  1642256 used. 63268708 avail Mem 
--
top - 13:26:32 up 111 days,  5:10,  0 users,  load average: 0.04, 0.07, 0.85
Tasks: 403 total,   1 running, 402 sleeping,   0 stopped,   0 zombie
%Cpu(s):  0.1 us,  0.0 sy,  0.0 ni, 99.9 id,  0.0 wa,  0.0 hi,  0.0 si,  0.0 st
KiB Mem : 65877692 total, 51888476 free,  1393300 used, 12595916 buff/cache
KiB Swap: 33554428 total, 31912172 free,  1642256 used. 63225104 avail Mem 
--
top - 13:26:37 up 111 days,  5:10,  0 users,  load average: 0.04, 0.07, 0.85
Tasks: 403 total,   1 running, 402 sleeping,   0 stopped,   0 zombie
%Cpu(s):  0.1 us,  0.0 sy,  0.0 ni, 99.9 id,  0.0 wa,  0.0 hi,  0.0 si,  0.0 st
KiB Mem : 65877692 total, 51852508 free,  1429268 used, 12595916 buff/cache
KiB Swap: 33554428 total, 31912172 free,  1642256 used. 63189136 avail Mem 
--
top - 13:26:42 up 111 days,  5:10,  0 users,  load average: 0.04, 0.07, 0.84
Tasks: 403 total,   1 running, 402 sleeping,   0 stopped,   0 zombie
%Cpu(s):  0.1 us,  0.0 sy,  0.0 ni, 99.9 id,  0.0 wa,  0.0 hi,  0.0 si,  0.0 st
KiB Mem : 65877692 total, 51804460 free,  1477316 used, 12595916 buff/cache
KiB Swap: 33554428 total, 31912172 free,  1642256 used. 63141088 avail Mem 
--
top - 13:26:47 up 111 days,  5:10,  0 users,  load average: 0.03, 0.07, 0.84
Tasks: 403 total,   1 running, 402 sleeping,   0 stopped,   0 zombie
%Cpu(s):  0.1 us,  0.0 sy,  0.0 ni, 99.9 id,  0.0 wa,  0.0 hi,  0.0 si,  0.0 st
KiB Mem : 65877692 total, 51766724 free,  1515052 used, 12595916 buff/cache
KiB Swap: 33554428 total, 31912172 free,  1642256 used. 63103352 avail Mem 
--
top - 13:26:52 up 111 days,  5:10,  0 users,  load average: 2.43, 0.57, 1.00
Tasks: 403 total,   2 running, 401 sleeping,   0 stopped,   0 zombie
%Cpu(s): 69.2 us,  0.7 sy,  0.0 ni, 30.1 id,  0.0 wa,  0.0 hi,  0.0 si,  0.0 st
KiB Mem : 65877692 total, 51369060 free,  1912712 used, 12595920 buff/cache
KiB Swap: 33554428 total, 31912172 free,  1642256 used. 62705696 avail Mem 
--
top - 13:26:57 up 111 days,  5:10,  0 users,  load average: 4.72, 1.07, 1.16
Tasks: 403 total,   1 running, 402 sleeping,   0 stopped,   0 zombie
%Cpu(s): 49.5 us,  0.2 sy,  0.0 ni, 50.3 id,  0.0 wa,  0.0 hi,  0.0 si,  0.0 st
KiB Mem : 65877692 total, 51360188 free,  1921584 used, 12595920 buff/cache
KiB Swap: 33554428 total, 31912172 free,  1642256 used. 62696824 avail Mem 
--
top - 13:27:02 up 111 days,  5:10,  0 users,  load average: 4.34, 1.06, 1.15
Tasks: 403 total,   1 running, 402 sleeping,   0 stopped,   0 zombie
%Cpu(s):  0.0 us,  0.0 sy,  0.0 ni,100.0 id,  0.0 wa,  0.0 hi,  0.0 si,  0.0 st
KiB Mem : 65877692 total, 51498672 free,  1783100 used, 12595920 buff/cache
KiB Swap: 33554428 total, 31912172 free,  1642256 used. 62835308 avail Mem 
--
top - 13:27:07 up 111 days,  5:11,  0 users,  load average: 3.99, 1.04, 1.15
Tasks: 403 total,   1 running, 402 sleeping,   0 stopped,   0 zombie
%Cpu(s):  0.0 us,  0.0 sy,  0.0 ni, 99.9 id,  0.0 wa,  0.0 hi,  0.0 si,  0.0 st
KiB Mem : 65877692 total, 51496720 free,  1785052 used, 12595920 buff/cache
KiB Swap: 33554428 total, 31912172 free,  1642256 used. 62833356 avail Mem 
--
top - 13:27:12 up 111 days,  5:11,  0 users,  load average: 3.67, 1.02, 1.14
Tasks: 403 total,   1 running, 402 sleeping,   0 stopped,   0 zombie
%Cpu(s):  0.1 us,  0.1 sy,  0.0 ni, 99.8 id,  0.0 wa,  0.0 hi,  0.0 si,  0.0 st
KiB Mem : 65877692 total, 51460816 free,  1820956 used, 12595920 buff/cache
KiB Swap: 33554428 total, 31912172 free,  1642256 used. 62797452 avail Mem 
--
top - 13:27:17 up 111 days,  5:11,  0 users,  load average: 3.38, 1.00, 1.13
Tasks: 403 total,   1 running, 402 sleeping,   0 stopped,   0 zombie
%Cpu(s):  0.1 us,  0.1 sy,  0.0 ni, 99.9 id,  0.0 wa,  0.0 hi,  0.0 si,  0.0 st
KiB Mem : 65877692 total, 51424824 free,  1856948 used, 12595920 buff/cache
KiB Swap: 33554428 total, 31912172 free,  1642256 used. 62761460 avail Mem 
--
top - 13:27:22 up 111 days,  5:11,  0 users,  load average: 3.11, 0.99, 1.13
Tasks: 403 total,   2 running, 401 sleeping,   0 stopped,   0 zombie
%Cpu(s):  0.1 us,  0.1 sy,  0.0 ni, 99.8 id,  0.0 wa,  0.0 hi,  0.0 si,  0.0 st
KiB Mem : 65877692 total, 51382972 free,  1898800 used, 12595920 buff/cache
KiB Swap: 33554428 total, 31912172 free,  1642256 used. 62719608 avail Mem 
--
top - 13:27:27 up 111 days,  5:11,  0 users,  load average: 2.86, 0.97, 1.12
Tasks: 403 total,   1 running, 402 sleeping,   0 stopped,   0 zombie
%Cpu(s):  0.1 us,  0.0 sy,  0.0 ni, 99.9 id,  0.0 wa,  0.0 hi,  0.0 si,  0.0 st
KiB Mem : 65877692 total, 51348868 free,  1932904 used, 12595920 buff/cache
KiB Swap: 33554428 total, 31912172 free,  1642256 used. 62685504 avail Mem 
--
top - 13:27:32 up 111 days,  5:11,  0 users,  load average: 2.63, 0.95, 1.12
Tasks: 403 total,   1 running, 402 sleeping,   0 stopped,   0 zombie
%Cpu(s):  0.1 us,  0.1 sy,  0.0 ni, 99.8 id,  0.0 wa,  0.0 hi,  0.0 si,  0.0 st
KiB Mem : 65877692 total, 51310272 free,  1971500 used, 12595920 buff/cache
KiB Swap: 33554428 total, 31912172 free,  1642256 used. 62646908 avail Mem 
--
top - 13:27:37 up 111 days,  5:11,  0 users,  load average: 2.42, 0.94, 1.11
Tasks: 403 total,   1 running, 402 sleeping,   0 stopped,   0 zombie
%Cpu(s):  0.1 us,  0.0 sy,  0.0 ni, 99.9 id,  0.0 wa,  0.0 hi,  0.0 si,  0.0 st
KiB Mem : 65877692 total, 51278420 free,  2003352 used, 12595920 buff/cache
KiB Swap: 33554428 total, 31912172 free,  1642256 used. 62615056 avail Mem 
--
top - 13:27:42 up 111 days,  5:11,  0 users,  load average: 2.23, 0.92, 1.10
Tasks: 400 total,   1 running, 399 sleeping,   0 stopped,   0 zombie
%Cpu(s): 61.6 us,  0.5 sy,  0.0 ni, 37.9 id,  0.0 wa,  0.0 hi,  0.0 si,  0.0 st
KiB Mem : 65877692 total, 51139032 free,  2142736 used, 12595924 buff/cache
KiB Swap: 33554428 total, 31912172 free,  1642256 used. 62475672 avail Mem 
--
top - 13:27:47 up 111 days,  5:11,  0 users,  load average: 4.05, 1.32, 1.23
Tasks: 400 total,   1 running, 399 sleeping,   0 stopped,   0 zombie
%Cpu(s): 53.2 us,  0.2 sy,  0.0 ni, 46.6 id,  0.0 wa,  0.0 hi,  0.0 si,  0.0 st
KiB Mem : 65877692 total, 51035804 free,  2245964 used, 12595924 buff/cache
KiB Swap: 33554428 total, 31912172 free,  1642256 used. 62372444 avail Mem 
--
top - 13:27:52 up 111 days,  5:11,  0 users,  load average: 3.73, 1.30, 1.22
Tasks: 400 total,   1 running, 399 sleeping,   0 stopped,   0 zombie
%Cpu(s):  0.0 us,  0.1 sy,  0.0 ni, 99.9 id,  0.0 wa,  0.0 hi,  0.0 si,  0.0 st
KiB Mem : 65877692 total, 51282804 free,  1998964 used, 12595924 buff/cache
KiB Swap: 33554428 total, 31912172 free,  1642256 used. 62619444 avail Mem 
--
top - 13:27:57 up 111 days,  5:11,  0 users,  load average: 3.43, 1.28, 1.22
Tasks: 401 total,   1 running, 400 sleeping,   0 stopped,   0 zombie
%Cpu(s):  0.0 us,  0.0 sy,  0.0 ni,100.0 id,  0.0 wa,  0.0 hi,  0.0 si,  0.0 st
KiB Mem : 65877692 total, 51284140 free,  1997628 used, 12595924 buff/cache
KiB Swap: 33554428 total, 31912172 free,  1642256 used. 62620780 avail Mem 
--
top - 13:28:02 up 111 days,  5:11,  0 users,  load average: 3.15, 1.26, 1.21
Tasks: 404 total,   1 running, 403 sleeping,   0 stopped,   0 zombie
%Cpu(s):  0.5 us,  0.3 sy,  0.0 ni, 98.9 id,  0.4 wa,  0.0 hi,  0.0 si,  0.0 st
KiB Mem : 65877692 total, 51224316 free,  2057452 used, 12595924 buff/cache
KiB Swap: 33554428 total, 31912172 free,  1642256 used. 62560956 avail Mem 
--
top - 13:28:07 up 111 days,  5:12,  0 users,  load average: 2.90, 1.24, 1.21
Tasks: 404 total,   1 running, 403 sleeping,   0 stopped,   0 zombie
%Cpu(s):  0.1 us,  0.0 sy,  0.0 ni, 99.9 id,  0.0 wa,  0.0 hi,  0.0 si,  0.0 st
KiB Mem : 65877692 total, 51202448 free,  2079320 used, 12595924 buff/cache
KiB Swap: 33554428 total, 31912172 free,  1642256 used. 62539088 avail Mem 
--
top - 13:28:12 up 111 days,  5:12,  0 users,  load average: 2.67, 1.22, 1.20
Tasks: 404 total,   1 running, 403 sleeping,   0 stopped,   0 zombie
%Cpu(s):  0.1 us,  0.0 sy,  0.0 ni, 99.9 id,  0.0 wa,  0.0 hi,  0.0 si,  0.0 st
KiB Mem : 65877692 total, 51169408 free,  2112360 used, 12595924 buff/cache
KiB Swap: 33554428 total, 31912172 free,  1642256 used. 62506048 avail Mem 
--
top - 13:28:17 up 111 days,  5:12,  0 users,  load average: 2.45, 1.20, 1.19
Tasks: 404 total,   1 running, 403 sleeping,   0 stopped,   0 zombie
%Cpu(s):  0.1 us,  0.1 sy,  0.0 ni, 99.9 id,  0.0 wa,  0.0 hi,  0.0 si,  0.0 st
KiB Mem : 65877692 total, 51121212 free,  2160556 used, 12595924 buff/cache
KiB Swap: 33554428 total, 31912172 free,  1642256 used. 62457852 avail Mem 
--
top - 13:28:22 up 111 days,  5:12,  0 users,  load average: 2.26, 1.18, 1.19
Tasks: 403 total,   1 running, 402 sleeping,   0 stopped,   0 zombie
%Cpu(s):  0.1 us,  0.1 sy,  0.0 ni, 99.8 id,  0.0 wa,  0.0 hi,  0.0 si,  0.0 st
KiB Mem : 65877692 total, 51072672 free,  2209096 used, 12595924 buff/cache
KiB Swap: 33554428 total, 31912172 free,  1642256 used. 62409312 avail Mem 
--
top - 13:28:27 up 111 days,  5:12,  0 users,  load average: 2.08, 1.16, 1.18
Tasks: 403 total,   1 running, 402 sleeping,   0 stopped,   0 zombie
%Cpu(s):  0.1 us,  0.0 sy,  0.0 ni, 99.9 id,  0.0 wa,  0.0 hi,  0.0 si,  0.0 st
KiB Mem : 65877692 total, 51052616 free,  2229152 used, 12595924 buff/cache
KiB Swap: 33554428 total, 31912172 free,  1642256 used. 62389256 avail Mem 
--
top - 13:28:32 up 111 days,  5:12,  0 users,  load average: 1.91, 1.14, 1.17
Tasks: 403 total,   1 running, 402 sleeping,   0 stopped,   0 zombie
%Cpu(s): 18.3 us,  0.6 sy,  0.0 ni, 81.1 id,  0.0 wa,  0.0 hi,  0.0 si,  0.0 st
KiB Mem : 65877692 total, 50985252 free,  2296512 used, 12595928 buff/cache
KiB Swap: 33554428 total, 31912172 free,  1642256 used. 62321892 avail Mem 
--
top - 13:28:37 up 111 days,  5:12,  0 users,  load average: 3.76, 1.53, 1.30
Tasks: 403 total,   1 running, 402 sleeping,   0 stopped,   0 zombie
%Cpu(s): 94.5 us,  0.6 sy,  0.0 ni,  4.9 id,  0.0 wa,  0.0 hi,  0.0 si,  0.0 st
KiB Mem : 65877692 total, 50824616 free,  2457148 used, 12595928 buff/cache
KiB Swap: 33554428 total, 31912172 free,  1642256 used. 62161260 avail Mem 
--
top - 13:28:42 up 111 days,  5:12,  0 users,  load average: 3.46, 1.51, 1.30
Tasks: 403 total,   1 running, 402 sleeping,   0 stopped,   0 zombie
%Cpu(s):  3.6 us,  0.0 sy,  0.0 ni, 96.4 id,  0.0 wa,  0.0 hi,  0.0 si,  0.0 st
KiB Mem : 65877692 total, 50836996 free,  2444768 used, 12595928 buff/cache
KiB Swap: 33554428 total, 31912172 free,  1642256 used. 62173640 avail Mem 
--
top - 13:28:47 up 111 days,  5:12,  0 users,  load average: 3.18, 1.48, 1.29
Tasks: 403 total,   1 running, 402 sleeping,   0 stopped,   0 zombie
%Cpu(s):  0.0 us,  0.1 sy,  0.0 ni, 99.9 id,  0.0 wa,  0.0 hi,  0.0 si,  0.0 st
KiB Mem : 65877692 total, 51055204 free,  2226560 used, 12595928 buff/cache
KiB Swap: 33554428 total, 31912172 free,  1642256 used. 62391848 avail Mem 
--
top - 13:28:52 up 111 days,  5:12,  0 users,  load average: 2.93, 1.46, 1.28
Tasks: 403 total,   1 running, 402 sleeping,   0 stopped,   0 zombie
%Cpu(s):  0.1 us,  0.0 sy,  0.0 ni, 99.9 id,  0.0 wa,  0.0 hi,  0.0 si,  0.0 st
KiB Mem : 65877692 total, 51030500 free,  2251264 used, 12595928 buff/cache
KiB Swap: 33554428 total, 31912172 free,  1642256 used. 62367144 avail Mem 
--
top - 13:28:57 up 111 days,  5:12,  0 users,  load average: 2.69, 1.43, 1.27
Tasks: 403 total,   1 running, 402 sleeping,   0 stopped,   0 zombie
%Cpu(s):  0.1 us,  0.1 sy,  0.0 ni, 99.9 id,  0.0 wa,  0.0 hi,  0.0 si,  0.0 st
KiB Mem : 65877692 total, 50996988 free,  2284776 used, 12595928 buff/cache
KiB Swap: 33554428 total, 31912172 free,  1642256 used. 62333632 avail Mem 
--
top - 13:29:03 up 111 days,  5:12,  0 users,  load average: 2.48, 1.41, 1.27
Tasks: 403 total,   1 running, 402 sleeping,   0 stopped,   0 zombie
%Cpu(s):  0.1 us,  0.0 sy,  0.0 ni, 99.9 id,  0.0 wa,  0.0 hi,  0.0 si,  0.0 st
KiB Mem : 65877692 total, 50957356 free,  2324408 used, 12595928 buff/cache
KiB Swap: 33554428 total, 31912172 free,  1642256 used. 62294000 avail Mem 
--
top - 13:29:08 up 111 days,  5:13,  0 users,  load average: 2.28, 1.39, 1.26
Tasks: 403 total,   1 running, 402 sleeping,   0 stopped,   0 zombie
%Cpu(s):  0.1 us,  0.1 sy,  0.0 ni, 99.9 id,  0.0 wa,  0.0 hi,  0.0 si,  0.0 st
KiB Mem : 65877692 total, 50924372 free,  2357392 used, 12595928 buff/cache
KiB Swap: 33554428 total, 31912172 free,  1642256 used. 62261016 avail Mem 
--
top - 13:29:13 up 111 days,  5:13,  0 users,  load average: 2.10, 1.36, 1.25
Tasks: 403 total,   1 running, 402 sleeping,   0 stopped,   0 zombie
%Cpu(s):  0.1 us,  0.0 sy,  0.0 ni, 99.9 id,  0.0 wa,  0.0 hi,  0.0 si,  0.0 st
KiB Mem : 65877692 total, 50901136 free,  2380628 used, 12595928 buff/cache
KiB Swap: 33554428 total, 31912172 free,  1642256 used. 62237780 avail Mem 
--
top - 13:29:18 up 111 days,  5:13,  0 users,  load average: 1.93, 1.34, 1.25
Tasks: 400 total,   1 running, 399 sleeping,   0 stopped,   0 zombie
%Cpu(s):  0.1 us,  0.1 sy,  0.0 ni, 99.9 id,  0.0 wa,  0.0 hi,  0.0 si,  0.0 st
KiB Mem : 65877692 total, 50871752 free,  2410012 used, 12595928 buff/cache
KiB Swap: 33554428 total, 31912172 free,  1642256 used. 62208396 avail Mem 
--
top - 13:29:23 up 111 days,  5:13,  0 users,  load average: 1.77, 1.32, 1.24
Tasks: 400 total,   1 running, 399 sleeping,   0 stopped,   0 zombie
%Cpu(s):  0.1 us,  0.1 sy,  0.0 ni, 99.8 id,  0.0 wa,  0.0 hi,  0.0 si,  0.0 st
KiB Mem : 65877692 total, 50826016 free,  2455748 used, 12595928 buff/cache
KiB Swap: 33554428 total, 31912172 free,  1642256 used. 62162660 avail Mem 
--
top - 13:29:28 up 111 days,  5:13,  0 users,  load average: 3.39, 1.66, 1.35
Tasks: 399 total,   3 running, 396 sleeping,   0 stopped,   0 zombie
%Cpu(s): 89.4 us,  0.7 sy,  0.0 ni, 10.0 id,  0.0 wa,  0.0 hi,  0.0 si,  0.0 st
KiB Mem : 65877692 total, 50695188 free,  2586572 used, 12595932 buff/cache
KiB Swap: 33554428 total, 31912172 free,  1642256 used. 62031836 avail Mem 
--
top - 13:29:33 up 111 days,  5:13,  0 users,  load average: 4.96, 2.02, 1.47
Tasks: 399 total,   1 running, 398 sleeping,   0 stopped,   0 zombie
%Cpu(s): 23.9 us,  0.2 sy,  0.0 ni, 75.9 id,  0.0 wa,  0.0 hi,  0.0 si,  0.0 st
KiB Mem : 65877692 total, 50861864 free,  2419896 used, 12595932 buff/cache
KiB Swap: 33554428 total, 31912172 free,  1642256 used. 62198512 avail Mem 
--
top - 13:29:38 up 111 days,  5:13,  0 users,  load average: 4.57, 1.98, 1.46
Tasks: 399 total,   1 running, 398 sleeping,   0 stopped,   0 zombie
%Cpu(s):  0.0 us,  0.0 sy,  0.0 ni,100.0 id,  0.0 wa,  0.0 hi,  0.0 si,  0.0 st
KiB Mem : 65877692 total, 50863856 free,  2417904 used, 12595932 buff/cache
KiB Swap: 33554428 total, 31912172 free,  1642256 used. 62200504 avail Mem 
--
top - 13:29:43 up 111 days,  5:13,  0 users,  load average: 4.20, 1.95, 1.45
Tasks: 399 total,   1 running, 398 sleeping,   0 stopped,   0 zombie
%Cpu(s):  0.1 us,  0.0 sy,  0.0 ni, 99.9 id,  0.0 wa,  0.0 hi,  0.0 si,  0.0 st
KiB Mem : 65877692 total, 50845360 free,  2436400 used, 12595932 buff/cache
KiB Swap: 33554428 total, 31912172 free,  1642256 used. 62182008 avail Mem 
--
top - 13:29:48 up 111 days,  5:13,  0 users,  load average: 3.86, 1.92, 1.44
Tasks: 399 total,   1 running, 398 sleeping,   0 stopped,   0 zombie
%Cpu(s):  0.1 us,  0.1 sy,  0.0 ni, 99.8 id,  0.0 wa,  0.0 hi,  0.0 si,  0.0 st
KiB Mem : 65877692 total, 50810328 free,  2471432 used, 12595932 buff/cache
KiB Swap: 33554428 total, 31912172 free,  1642256 used. 62146976 avail Mem 
--
top - 13:29:53 up 111 days,  5:13,  0 users,  load average: 3.55, 1.89, 1.44
Tasks: 399 total,   1 running, 398 sleeping,   0 stopped,   0 zombie
%Cpu(s):  0.1 us,  0.1 sy,  0.0 ni, 99.8 id,  0.0 wa,  0.0 hi,  0.0 si,  0.0 st
KiB Mem : 65877692 total, 50754544 free,  2527216 used, 12595932 buff/cache
KiB Swap: 33554428 total, 31912172 free,  1642256 used. 62091192 avail Mem 
--
top - 13:29:58 up 111 days,  5:13,  0 users,  load average: 3.27, 1.86, 1.43
Tasks: 399 total,   1 running, 398 sleeping,   0 stopped,   0 zombie
%Cpu(s):  0.1 us,  0.0 sy,  0.0 ni, 99.9 id,  0.0 wa,  0.0 hi,  0.0 si,  0.0 st
KiB Mem : 65877692 total, 50723824 free,  2557936 used, 12595932 buff/cache
KiB Swap: 33554428 total, 31912172 free,  1642256 used. 62060472 avail Mem 
--
top - 13:30:03 up 111 days,  5:13,  0 users,  load average: 3.01, 1.82, 1.42
Tasks: 402 total,   1 running, 401 sleeping,   0 stopped,   0 zombie
%Cpu(s):  0.5 us,  0.3 sy,  0.0 ni, 98.9 id,  0.3 wa,  0.0 hi,  0.0 si,  0.0 st
KiB Mem : 65877692 total, 50673040 free,  2608728 used, 12595924 buff/cache
KiB Swap: 33554428 total, 31912172 free,  1642256 used. 62009700 avail Mem 
--
top - 13:30:08 up 111 days,  5:14,  0 users,  load average: 2.77, 1.79, 1.41
Tasks: 402 total,   1 running, 401 sleeping,   0 stopped,   0 zombie
%Cpu(s):  0.1 us,  0.1 sy,  0.0 ni, 99.9 id,  0.0 wa,  0.0 hi,  0.0 si,  0.0 st
KiB Mem : 65877692 total, 50632896 free,  2648872 used, 12595924 buff/cache
KiB Swap: 33554428 total, 31912172 free,  1642256 used. 61969556 avail Mem 
--
top - 13:30:13 up 111 days,  5:14,  0 users,  load average: 2.55, 1.76, 1.41
Tasks: 402 total,   1 running, 401 sleeping,   0 stopped,   0 zombie
%Cpu(s):  0.1 us,  0.0 sy,  0.0 ni, 98.3 id,  1.6 wa,  0.0 hi,  0.0 si,  0.0 st
KiB Mem : 65877692 total, 50605920 free,  2675848 used, 12595924 buff/cache
KiB Swap: 33554428 total, 31912172 free,  1642256 used. 61942580 avail Mem 
--
top - 13:30:18 up 111 days,  5:14,  0 users,  load average: 2.90, 1.85, 1.44
Tasks: 403 total,   2 running, 401 sleeping,   0 stopped,   0 zombie
%Cpu(s): 81.0 us,  1.0 sy,  0.0 ni, 14.5 id,  3.5 wa,  0.0 hi,  0.0 si,  0.0 st
KiB Mem : 65877692 total, 50499024 free,  2782704 used, 12595964 buff/cache
KiB Swap: 33554428 total, 31912172 free,  1642256 used. 61835696 avail Mem 
--
top - 13:30:23 up 111 days,  5:14,  0 users,  load average: 3.71, 2.04, 1.50
Tasks: 403 total,   1 running, 402 sleeping,   0 stopped,   0 zombie
%Cpu(s): 35.0 us,  0.2 sy,  0.0 ni, 60.6 id,  4.2 wa,  0.0 hi,  0.0 si,  0.0 st
KiB Mem : 65877692 total, 50411492 free,  2870236 used, 12595964 buff/cache
KiB Swap: 33554428 total, 31912172 free,  1642256 used. 61748164 avail Mem 
