10.149.0.55
2024/01/02 12:23:41 Master node address: http://10.149.0.68:8000
2024/01/02 12:23:41 Benchmarking worker...
2024/01/02 12:23:42 Worker registered (1809 MCUPS). Waiting for work...
2024/01/02 12:24:30 Got work. Start calculating alignments...
2024/01/02 12:24:30 Calculating 8012 queries
2024/01/02 12:24:58 Done calculating alignments.
2024/01/02 12:24:58 Waiting for work...
2024/01/02 12:25:21 Got work. Start calculating alignments...
2024/01/02 12:25:21 Calculating 8012 queries
2024/01/02 12:25:49 Done calculating alignments.
2024/01/02 12:25:49 Waiting for work...
2024/01/02 12:26:13 Got work. Start calculating alignments...
2024/01/02 12:26:13 Calculating 8012 queries
2024/01/02 12:26:44 Done calculating alignments.
2024/01/02 12:26:44 Waiting for work...
2024/01/02 12:27:10 Got work. Start calculating alignments...
2024/01/02 12:27:10 Calculating 8011 queries
2024/01/02 12:27:38 Done calculating alignments.
2024/01/02 12:27:38 Waiting for work...
2024/01/02 12:28:05 Got work. Start calculating alignments...
2024/01/02 12:28:05 Calculating 8012 queries
2024/01/02 12:28:32 Done calculating alignments.
2024/01/02 12:28:32 Waiting for work...
slurmstepd: error: *** JOB 4754918 ON node055 CANCELLED AT 2024-01-02T12:28:37 ***
