Job id: 4754945
Worker ip: 10.149.0.32
Master ip: 10.149.0.55
--
top - 12:33:29 up 111 days,  4:16,  0 users,  load average: 0.00, 0.06, 0.07
Tasks: 399 total,   2 running, 397 sleeping,   0 stopped,   0 zombie
%Cpu(s):  2.5 us,  5.3 sy,  0.0 ni, 89.4 id,  2.6 wa,  0.0 hi,  0.2 si,  0.0 st
KiB Mem : 65877712 total, 56964908 free,  1198276 used,  7714528 buff/cache
KiB Swap: 33554428 total, 32289668 free,  1264760 used. 63445732 avail Mem 
--
top - 12:33:34 up 111 days,  4:16,  0 users,  load average: 0.00, 0.06, 0.07
Tasks: 407 total,   1 running, 406 sleeping,   0 stopped,   0 zombie
%Cpu(s):  1.7 us,  0.5 sy,  0.0 ni, 97.5 id,  0.2 wa,  0.0 hi,  0.0 si,  0.0 st
KiB Mem : 65877712 total, 56942600 free,  1213884 used,  7721228 buff/cache
KiB Swap: 33554428 total, 32289668 free,  1264760 used. 63429988 avail Mem 
--
top - 12:33:39 up 111 days,  4:16,  0 users,  load average: 0.00, 0.06, 0.07
Tasks: 407 total,   1 running, 406 sleeping,   0 stopped,   0 zombie
%Cpu(s):  0.0 us,  0.0 sy,  0.0 ni,100.0 id,  0.0 wa,  0.0 hi,  0.0 si,  0.0 st
KiB Mem : 65877712 total, 56943352 free,  1213132 used,  7721228 buff/cache
KiB Swap: 33554428 total, 32289668 free,  1264760 used. 63430756 avail Mem 
--
top - 12:33:44 up 111 days,  4:17,  0 users,  load average: 0.00, 0.05, 0.07
Tasks: 407 total,   1 running, 406 sleeping,   0 stopped,   0 zombie
%Cpu(s):  0.0 us,  0.0 sy,  0.0 ni,100.0 id,  0.0 wa,  0.0 hi,  0.0 si,  0.0 st
KiB Mem : 65877712 total, 56944064 free,  1212420 used,  7721228 buff/cache
KiB Swap: 33554428 total, 32289668 free,  1264760 used. 63431472 avail Mem 
--
top - 12:33:49 up 111 days,  4:17,  0 users,  load average: 0.00, 0.05, 0.07
Tasks: 407 total,   1 running, 406 sleeping,   0 stopped,   0 zombie
%Cpu(s):  0.0 us,  0.0 sy,  0.0 ni,100.0 id,  0.0 wa,  0.0 hi,  0.0 si,  0.0 st
KiB Mem : 65877712 total, 56940340 free,  1216144 used,  7721228 buff/cache
KiB Swap: 33554428 total, 32289668 free,  1264760 used. 63427748 avail Mem 
--
top - 12:33:54 up 111 days,  4:17,  0 users,  load average: 0.00, 0.05, 0.07
Tasks: 407 total,   1 running, 406 sleeping,   0 stopped,   0 zombie
%Cpu(s):  0.0 us,  0.0 sy,  0.0 ni,100.0 id,  0.0 wa,  0.0 hi,  0.0 si,  0.0 st
KiB Mem : 65877712 total, 56940820 free,  1215664 used,  7721228 buff/cache
KiB Swap: 33554428 total, 32289668 free,  1264760 used. 63428228 avail Mem 
--
top - 12:33:59 up 111 days,  4:17,  0 users,  load average: 0.00, 0.05, 0.07
Tasks: 407 total,   2 running, 405 sleeping,   0 stopped,   0 zombie
%Cpu(s):  0.0 us,  0.0 sy,  0.0 ni,100.0 id,  0.0 wa,  0.0 hi,  0.0 si,  0.0 st
KiB Mem : 65877712 total, 56939764 free,  1216720 used,  7721228 buff/cache
KiB Swap: 33554428 total, 32289668 free,  1264760 used. 63427172 avail Mem 
--
top - 12:34:04 up 111 days,  4:17,  0 users,  load average: 0.00, 0.05, 0.07
Tasks: 407 total,   1 running, 406 sleeping,   0 stopped,   0 zombie
%Cpu(s):  0.4 us,  0.2 sy,  0.0 ni, 98.7 id,  0.6 wa,  0.0 hi,  0.0 si,  0.0 st
KiB Mem : 65877712 total, 56938512 free,  1217972 used,  7721228 buff/cache
KiB Swap: 33554428 total, 32289668 free,  1264760 used. 63425952 avail Mem 
--
top - 12:34:09 up 111 days,  4:17,  0 users,  load average: 0.00, 0.05, 0.07
Tasks: 407 total,   1 running, 406 sleeping,   0 stopped,   0 zombie
%Cpu(s):  0.0 us,  0.0 sy,  0.0 ni, 99.9 id,  0.0 wa,  0.0 hi,  0.0 si,  0.0 st
KiB Mem : 65877712 total, 56927492 free,  1228992 used,  7721228 buff/cache
KiB Swap: 33554428 total, 32289668 free,  1264760 used. 63414932 avail Mem 
--
top - 12:34:14 up 111 days,  4:17,  0 users,  load average: 0.00, 0.05, 0.07
Tasks: 407 total,   1 running, 406 sleeping,   0 stopped,   0 zombie
%Cpu(s):  0.1 us,  0.0 sy,  0.0 ni, 99.9 id,  0.0 wa,  0.0 hi,  0.0 si,  0.0 st
KiB Mem : 65877712 total, 56886284 free,  1270200 used,  7721228 buff/cache
KiB Swap: 33554428 total, 32289668 free,  1264760 used. 63373724 avail Mem 
--
top - 12:34:19 up 111 days,  4:17,  0 users,  load average: 0.00, 0.05, 0.07
Tasks: 407 total,   1 running, 406 sleeping,   0 stopped,   0 zombie
%Cpu(s):  0.1 us,  0.0 sy,  0.0 ni, 99.9 id,  0.0 wa,  0.0 hi,  0.0 si,  0.0 st
KiB Mem : 65877712 total, 56854896 free,  1301588 used,  7721228 buff/cache
KiB Swap: 33554428 total, 32289668 free,  1264760 used. 63342336 avail Mem 
--
top - 12:34:24 up 111 days,  4:17,  0 users,  load average: 0.00, 0.05, 0.07
Tasks: 407 total,   2 running, 405 sleeping,   0 stopped,   0 zombie
%Cpu(s):  0.1 us,  0.0 sy,  0.0 ni, 99.9 id,  0.0 wa,  0.0 hi,  0.0 si,  0.0 st
KiB Mem : 65877712 total, 56809720 free,  1346760 used,  7721232 buff/cache
KiB Swap: 33554428 total, 32289668 free,  1264760 used. 63297160 avail Mem 
--
top - 12:34:29 up 111 days,  4:17,  0 users,  load average: 0.00, 0.05, 0.07
Tasks: 407 total,   1 running, 406 sleeping,   0 stopped,   0 zombie
%Cpu(s):  0.1 us,  0.0 sy,  0.0 ni, 99.9 id,  0.0 wa,  0.0 hi,  0.0 si,  0.0 st
KiB Mem : 65877712 total, 56778592 free,  1377888 used,  7721232 buff/cache
KiB Swap: 33554428 total, 32289668 free,  1264760 used. 63266032 avail Mem 
--
top - 12:34:34 up 111 days,  4:17,  0 users,  load average: 0.00, 0.04, 0.07
Tasks: 407 total,   1 running, 406 sleeping,   0 stopped,   0 zombie
%Cpu(s):  0.1 us,  0.0 sy,  0.0 ni, 99.9 id,  0.0 wa,  0.0 hi,  0.0 si,  0.0 st
KiB Mem : 65877712 total, 56739944 free,  1416536 used,  7721232 buff/cache
KiB Swap: 33554428 total, 32289668 free,  1264760 used. 63227384 avail Mem 
--
top - 12:34:39 up 111 days,  4:17,  0 users,  load average: 2.08, 0.48, 0.21
Tasks: 407 total,   2 running, 405 sleeping,   0 stopped,   0 zombie
%Cpu(s): 53.0 us,  0.5 sy,  0.0 ni, 46.5 id,  0.0 wa,  0.0 hi,  0.0 si,  0.0 st
KiB Mem : 65877712 total, 56332100 free,  1824380 used,  7721232 buff/cache
KiB Swap: 33554428 total, 32289668 free,  1264760 used. 62819548 avail Mem 
--
top - 12:34:44 up 111 days,  4:18,  0 users,  load average: 1.92, 0.47, 0.21
Tasks: 407 total,   1 running, 406 sleeping,   0 stopped,   0 zombie
%Cpu(s): 60.3 us,  0.2 sy,  0.0 ni, 39.5 id,  0.0 wa,  0.0 hi,  0.0 si,  0.0 st
KiB Mem : 65877712 total, 56203372 free,  1953108 used,  7721232 buff/cache
KiB Swap: 33554428 total, 32289668 free,  1264760 used. 62690820 avail Mem 
--
top - 12:34:49 up 111 days,  4:18,  0 users,  load average: 1.76, 0.46, 0.20
Tasks: 407 total,   1 running, 406 sleeping,   0 stopped,   0 zombie
%Cpu(s):  0.0 us,  0.0 sy,  0.0 ni, 99.9 id,  0.0 wa,  0.0 hi,  0.0 si,  0.0 st
KiB Mem : 65877712 total, 56448172 free,  1708308 used,  7721232 buff/cache
KiB Swap: 33554428 total, 32289668 free,  1264760 used. 62935620 avail Mem 
--
top - 12:34:54 up 111 days,  4:18,  0 users,  load average: 1.62, 0.45, 0.20
Tasks: 407 total,   1 running, 406 sleeping,   0 stopped,   0 zombie
%Cpu(s):  0.0 us,  0.0 sy,  0.0 ni,100.0 id,  0.0 wa,  0.0 hi,  0.0 si,  0.0 st
KiB Mem : 65877712 total, 56446788 free,  1709692 used,  7721232 buff/cache
KiB Swap: 33554428 total, 32289668 free,  1264760 used. 62934236 avail Mem 
--
top - 12:34:59 up 111 days,  4:18,  0 users,  load average: 1.49, 0.44, 0.20
Tasks: 407 total,   1 running, 406 sleeping,   0 stopped,   0 zombie
%Cpu(s):  0.1 us,  0.1 sy,  0.0 ni, 99.8 id,  0.0 wa,  0.0 hi,  0.0 si,  0.0 st
KiB Mem : 65877712 total, 56412136 free,  1744344 used,  7721232 buff/cache
KiB Swap: 33554428 total, 32289668 free,  1264760 used. 62899584 avail Mem 
--
top - 12:35:04 up 111 days,  4:18,  0 users,  load average: 1.37, 0.44, 0.20
Tasks: 407 total,   1 running, 406 sleeping,   0 stopped,   0 zombie
%Cpu(s):  0.1 us,  0.1 sy,  0.0 ni, 99.8 id,  0.0 wa,  0.0 hi,  0.0 si,  0.0 st
KiB Mem : 65877712 total, 56375556 free,  1780924 used,  7721232 buff/cache
KiB Swap: 33554428 total, 32289668 free,  1264760 used. 62863004 avail Mem 
--
top - 12:35:09 up 111 days,  4:18,  0 users,  load average: 1.26, 0.43, 0.20
Tasks: 407 total,   1 running, 406 sleeping,   0 stopped,   0 zombie
%Cpu(s):  0.1 us,  0.0 sy,  0.0 ni, 99.9 id,  0.0 wa,  0.0 hi,  0.0 si,  0.0 st
KiB Mem : 65877712 total, 56339640 free,  1816840 used,  7721232 buff/cache
KiB Swap: 33554428 total, 32289668 free,  1264760 used. 62827088 avail Mem 
--
top - 12:35:14 up 111 days,  4:18,  0 users,  load average: 1.16, 0.42, 0.20
Tasks: 407 total,   1 running, 406 sleeping,   0 stopped,   0 zombie
%Cpu(s):  0.1 us,  0.1 sy,  0.0 ni, 99.9 id,  0.0 wa,  0.0 hi,  0.0 si,  0.0 st
KiB Mem : 65877712 total, 56306872 free,  1849608 used,  7721232 buff/cache
KiB Swap: 33554428 total, 32289668 free,  1264760 used. 62794320 avail Mem 
--
top - 12:35:19 up 111 days,  4:18,  0 users,  load average: 1.07, 0.42, 0.20
Tasks: 407 total,   1 running, 406 sleeping,   0 stopped,   0 zombie
%Cpu(s):  0.1 us,  0.0 sy,  0.0 ni, 99.9 id,  0.0 wa,  0.0 hi,  0.0 si,  0.0 st
KiB Mem : 65877712 total, 56275356 free,  1881120 used,  7721236 buff/cache
KiB Swap: 33554428 total, 32289668 free,  1264760 used. 62762804 avail Mem 
--
top - 12:35:24 up 111 days,  4:18,  0 users,  load average: 3.47, 0.92, 0.36
Tasks: 407 total,   2 running, 405 sleeping,   0 stopped,   0 zombie
%Cpu(s): 40.8 us,  0.4 sy,  0.0 ni, 58.8 id,  0.0 wa,  0.0 hi,  0.0 si,  0.0 st
KiB Mem : 65877712 total, 56144980 free,  2011496 used,  7721236 buff/cache
KiB Swap: 33554428 total, 32289668 free,  1264760 used. 62632432 avail Mem 
--
top - 12:35:29 up 111 days,  4:18,  0 users,  load average: 3.91, 1.06, 0.41
Tasks: 407 total,   1 running, 406 sleeping,   0 stopped,   0 zombie
%Cpu(s): 69.3 us,  0.6 sy,  0.0 ni, 30.1 id,  0.0 wa,  0.0 hi,  0.0 si,  0.0 st
KiB Mem : 65877712 total, 56001080 free,  2155396 used,  7721236 buff/cache
KiB Swap: 33554428 total, 32289668 free,  1264760 used. 62488532 avail Mem 
--
top - 12:35:34 up 111 days,  4:18,  0 users,  load average: 3.60, 1.04, 0.41
Tasks: 407 total,   1 running, 406 sleeping,   0 stopped,   0 zombie
%Cpu(s):  0.0 us,  0.1 sy,  0.0 ni, 99.9 id,  0.0 wa,  0.0 hi,  0.0 si,  0.0 st
KiB Mem : 65877712 total, 56212536 free,  1943940 used,  7721236 buff/cache
KiB Swap: 33554428 total, 32289668 free,  1264760 used. 62699988 avail Mem 
--
top - 12:35:40 up 111 days,  4:18,  0 users,  load average: 3.31, 1.02, 0.41
Tasks: 407 total,   1 running, 406 sleeping,   0 stopped,   0 zombie
%Cpu(s):  0.0 us,  0.0 sy,  0.0 ni,100.0 id,  0.0 wa,  0.0 hi,  0.0 si,  0.0 st
KiB Mem : 65877712 total, 56213688 free,  1942788 used,  7721236 buff/cache
KiB Swap: 33554428 total, 32289668 free,  1264760 used. 62701140 avail Mem 
--
top - 12:35:45 up 111 days,  4:19,  0 users,  load average: 3.04, 1.01, 0.40
Tasks: 407 total,   1 running, 406 sleeping,   0 stopped,   0 zombie
%Cpu(s):  0.1 us,  0.1 sy,  0.0 ni, 99.9 id,  0.0 wa,  0.0 hi,  0.0 si,  0.0 st
KiB Mem : 65877712 total, 56182812 free,  1973664 used,  7721236 buff/cache
KiB Swap: 33554428 total, 32289668 free,  1264760 used. 62670264 avail Mem 
--
top - 12:35:50 up 111 days,  4:19,  0 users,  load average: 2.80, 0.99, 0.40
Tasks: 407 total,   1 running, 406 sleeping,   0 stopped,   0 zombie
%Cpu(s):  0.1 us,  0.0 sy,  0.0 ni, 99.9 id,  0.0 wa,  0.0 hi,  0.0 si,  0.0 st
KiB Mem : 65877712 total, 56151000 free,  2005476 used,  7721236 buff/cache
KiB Swap: 33554428 total, 32289668 free,  1264760 used. 62638452 avail Mem 
--
top - 12:35:55 up 111 days,  4:19,  0 users,  load average: 2.58, 0.97, 0.40
Tasks: 407 total,   1 running, 406 sleeping,   0 stopped,   0 zombie
%Cpu(s):  0.1 us,  0.1 sy,  0.0 ni, 99.9 id,  0.0 wa,  0.0 hi,  0.0 si,  0.0 st
KiB Mem : 65877712 total, 56116808 free,  2039668 used,  7721236 buff/cache
KiB Swap: 33554428 total, 32289668 free,  1264760 used. 62604260 avail Mem 
--
top - 12:36:00 up 111 days,  4:19,  0 users,  load average: 2.37, 0.96, 0.40
Tasks: 417 total,   3 running, 414 sleeping,   0 stopped,   0 zombie
%Cpu(s):  0.3 us,  0.1 sy,  0.0 ni, 99.5 id,  0.1 wa,  0.0 hi,  0.0 si,  0.0 st
KiB Mem : 65877712 total, 56055948 free,  2100528 used,  7721236 buff/cache
KiB Swap: 33554428 total, 32289668 free,  1264760 used. 62543400 avail Mem 
--
top - 12:36:05 up 111 days,  4:19,  0 users,  load average: 2.18, 0.94, 0.40
Tasks: 407 total,   1 running, 406 sleeping,   0 stopped,   0 zombie
%Cpu(s):  0.3 us,  0.2 sy,  0.0 ni, 99.0 id,  0.6 wa,  0.0 hi,  0.0 si,  0.0 st
KiB Mem : 65877712 total, 56026192 free,  2130284 used,  7721236 buff/cache
KiB Swap: 33554428 total, 32289668 free,  1264760 used. 62513644 avail Mem 
--
top - 12:36:10 up 111 days,  4:19,  0 users,  load average: 2.01, 0.93, 0.39
Tasks: 407 total,   1 running, 406 sleeping,   0 stopped,   0 zombie
%Cpu(s):  0.1 us,  0.0 sy,  0.0 ni, 99.9 id,  0.0 wa,  0.0 hi,  0.0 si,  0.0 st
KiB Mem : 65877712 total, 55993264 free,  2163212 used,  7721236 buff/cache
KiB Swap: 33554428 total, 32289668 free,  1264760 used. 62480716 avail Mem 
--
top - 12:36:15 up 111 days,  4:19,  0 users,  load average: 4.17, 1.39, 0.55
Tasks: 407 total,   2 running, 405 sleeping,   0 stopped,   0 zombie
%Cpu(s): 44.5 us,  0.6 sy,  0.0 ni, 54.9 id,  0.0 wa,  0.0 hi,  0.0 si,  0.0 st
KiB Mem : 65877712 total, 55897400 free,  2259072 used,  7721240 buff/cache
KiB Swap: 33554428 total, 32289668 free,  1264760 used. 62384856 avail Mem 
--
top - 12:36:20 up 111 days,  4:19,  0 users,  load average: 4.87, 1.58, 0.62
Tasks: 407 total,   2 running, 405 sleeping,   0 stopped,   0 zombie
%Cpu(s): 67.9 us,  0.2 sy,  0.0 ni, 31.9 id,  0.0 wa,  0.0 hi,  0.0 si,  0.0 st
KiB Mem : 65877712 total, 55762056 free,  2394416 used,  7721240 buff/cache
KiB Swap: 33554428 total, 32289668 free,  1264760 used. 62249512 avail Mem 
--
top - 12:36:25 up 111 days,  4:19,  0 users,  load average: 4.48, 1.56, 0.61
Tasks: 407 total,   1 running, 406 sleeping,   0 stopped,   0 zombie
%Cpu(s):  0.0 us,  0.0 sy,  0.0 ni, 99.8 id,  0.1 wa,  0.0 hi,  0.0 si,  0.0 st
KiB Mem : 65877712 total, 55998968 free,  2157504 used,  7721240 buff/cache
KiB Swap: 33554428 total, 32289668 free,  1264760 used. 62486424 avail Mem 
--
top - 12:36:30 up 111 days,  4:19,  0 users,  load average: 4.13, 1.53, 0.61
Tasks: 407 total,   1 running, 406 sleeping,   0 stopped,   0 zombie
%Cpu(s):  0.0 us,  0.0 sy,  0.0 ni,100.0 id,  0.0 wa,  0.0 hi,  0.0 si,  0.0 st
KiB Mem : 65877712 total, 56000260 free,  2156212 used,  7721240 buff/cache
KiB Swap: 33554428 total, 32289668 free,  1264760 used. 62487716 avail Mem 
--
top - 12:36:35 up 111 days,  4:19,  0 users,  load average: 3.79, 1.51, 0.61
Tasks: 407 total,   1 running, 406 sleeping,   0 stopped,   0 zombie
%Cpu(s):  0.1 us,  0.1 sy,  0.0 ni, 99.9 id,  0.0 wa,  0.0 hi,  0.0 si,  0.0 st
KiB Mem : 65877712 total, 55970384 free,  2186088 used,  7721240 buff/cache
KiB Swap: 33554428 total, 32289668 free,  1264760 used. 62457840 avail Mem 
--
top - 12:36:40 up 111 days,  4:19,  0 users,  load average: 3.49, 1.48, 0.60
Tasks: 407 total,   1 running, 406 sleeping,   0 stopped,   0 zombie
%Cpu(s):  0.1 us,  0.0 sy,  0.0 ni, 99.9 id,  0.0 wa,  0.0 hi,  0.0 si,  0.0 st
KiB Mem : 65877712 total, 55933884 free,  2222588 used,  7721240 buff/cache
KiB Swap: 33554428 total, 32289668 free,  1264760 used. 62421340 avail Mem 
--
top - 12:36:45 up 111 days,  4:20,  0 users,  load average: 3.21, 1.46, 0.60
Tasks: 407 total,   1 running, 406 sleeping,   0 stopped,   0 zombie
%Cpu(s):  0.1 us,  0.1 sy,  0.0 ni, 99.8 id,  0.0 wa,  0.0 hi,  0.0 si,  0.0 st
KiB Mem : 65877712 total, 55893692 free,  2262780 used,  7721240 buff/cache
KiB Swap: 33554428 total, 32289668 free,  1264760 used. 62381148 avail Mem 
--
top - 12:36:50 up 111 days,  4:20,  0 users,  load average: 2.95, 1.43, 0.60
Tasks: 407 total,   1 running, 406 sleeping,   0 stopped,   0 zombie
%Cpu(s):  0.1 us,  0.1 sy,  0.0 ni, 99.8 id,  0.0 wa,  0.0 hi,  0.0 si,  0.0 st
KiB Mem : 65877712 total, 55866788 free,  2289684 used,  7721240 buff/cache
KiB Swap: 33554428 total, 32289668 free,  1264760 used. 62354244 avail Mem 
--
top - 12:36:55 up 111 days,  4:20,  0 users,  load average: 2.72, 1.41, 0.59
Tasks: 407 total,   1 running, 406 sleeping,   0 stopped,   0 zombie
%Cpu(s):  0.1 us,  0.1 sy,  0.0 ni, 99.9 id,  0.0 wa,  0.0 hi,  0.0 si,  0.0 st
KiB Mem : 65877712 total, 55833004 free,  2323468 used,  7721240 buff/cache
KiB Swap: 33554428 total, 32289668 free,  1264760 used. 62320460 avail Mem 
--
top - 12:37:00 up 111 days,  4:20,  0 users,  load average: 2.50, 1.39, 0.59
Tasks: 407 total,   1 running, 406 sleeping,   0 stopped,   0 zombie
%Cpu(s):  0.1 us,  0.1 sy,  0.0 ni, 99.9 id,  0.0 wa,  0.0 hi,  0.0 si,  0.0 st
KiB Mem : 65877712 total, 55792100 free,  2364372 used,  7721240 buff/cache
KiB Swap: 33554428 total, 32289668 free,  1264760 used. 62279556 avail Mem 
--
top - 12:37:05 up 111 days,  4:20,  0 users,  load average: 4.62, 1.84, 0.74
Tasks: 407 total,   2 running, 405 sleeping,   0 stopped,   0 zombie
%Cpu(s): 60.9 us,  0.6 sy,  0.0 ni, 38.5 id,  0.0 wa,  0.0 hi,  0.0 si,  0.0 st
KiB Mem : 65877712 total, 55632028 free,  2524440 used,  7721244 buff/cache
KiB Swap: 33554428 total, 32289668 free,  1264760 used. 62119488 avail Mem 
--
top - 12:37:10 up 111 days,  4:20,  0 users,  load average: 4.41, 1.85, 0.75
Tasks: 407 total,   1 running, 406 sleeping,   0 stopped,   0 zombie
%Cpu(s): 49.5 us,  0.2 sy,  0.0 ni, 50.3 id,  0.0 wa,  0.0 hi,  0.0 si,  0.0 st
KiB Mem : 65877712 total, 55524432 free,  2632036 used,  7721244 buff/cache
KiB Swap: 33554428 total, 32289668 free,  1264760 used. 62011892 avail Mem 
--
top - 12:37:15 up 111 days,  4:20,  0 users,  load average: 4.06, 1.82, 0.74
Tasks: 407 total,   1 running, 406 sleeping,   0 stopped,   0 zombie
%Cpu(s):  0.0 us,  0.0 sy,  0.0 ni, 99.9 id,  0.0 wa,  0.0 hi,  0.0 si,  0.0 st
KiB Mem : 65877712 total, 55784984 free,  2371484 used,  7721244 buff/cache
KiB Swap: 33554428 total, 32289668 free,  1264760 used. 62272444 avail Mem 
--
top - 12:37:20 up 111 days,  4:20,  0 users,  load average: 3.73, 1.79, 0.74
Tasks: 406 total,   1 running, 405 sleeping,   0 stopped,   0 zombie
%Cpu(s):  0.0 us,  0.0 sy,  0.0 ni, 99.9 id,  0.0 wa,  0.0 hi,  0.0 si,  0.0 st
KiB Mem : 65877712 total, 55780212 free,  2376256 used,  7721244 buff/cache
KiB Swap: 33554428 total, 32289668 free,  1264760 used. 62267672 avail Mem 
--
top - 12:37:25 up 111 days,  4:20,  0 users,  load average: 3.43, 1.76, 0.74
Tasks: 405 total,   1 running, 404 sleeping,   0 stopped,   0 zombie
%Cpu(s):  0.1 us,  0.1 sy,  0.0 ni, 99.9 id,  0.0 wa,  0.0 hi,  0.0 si,  0.0 st
KiB Mem : 65877712 total, 55742344 free,  2414124 used,  7721244 buff/cache
KiB Swap: 33554428 total, 32289668 free,  1264760 used. 62229804 avail Mem 
--
top - 12:37:30 up 111 days,  4:20,  0 users,  load average: 3.16, 1.73, 0.73
Tasks: 405 total,   1 running, 404 sleeping,   0 stopped,   0 zombie
%Cpu(s):  0.1 us,  0.1 sy,  0.0 ni, 99.9 id,  0.0 wa,  0.0 hi,  0.0 si,  0.0 st
KiB Mem : 65877712 total, 55703328 free,  2453140 used,  7721244 buff/cache
KiB Swap: 33554428 total, 32289668 free,  1264760 used. 62190788 avail Mem 
--
top - 12:37:35 up 111 days,  4:20,  0 users,  load average: 2.91, 1.70, 0.73
Tasks: 405 total,   1 running, 404 sleeping,   0 stopped,   0 zombie
%Cpu(s):  0.1 us,  0.0 sy,  0.0 ni, 99.9 id,  0.0 wa,  0.0 hi,  0.0 si,  0.0 st
KiB Mem : 65877712 total, 55676972 free,  2479496 used,  7721244 buff/cache
KiB Swap: 33554428 total, 32289668 free,  1264760 used. 62164432 avail Mem 
--
top - 12:37:40 up 111 days,  4:20,  0 users,  load average: 2.67, 1.67, 0.72
Tasks: 405 total,   1 running, 404 sleeping,   0 stopped,   0 zombie
%Cpu(s):  0.1 us,  0.1 sy,  0.0 ni, 99.9 id,  0.0 wa,  0.0 hi,  0.0 si,  0.0 st
KiB Mem : 65877712 total, 55642788 free,  2513680 used,  7721244 buff/cache
KiB Swap: 33554428 total, 32289668 free,  1264760 used. 62130248 avail Mem 
--
top - 12:37:45 up 111 days,  4:21,  0 users,  load average: 2.46, 1.64, 0.72
Tasks: 405 total,   1 running, 404 sleeping,   0 stopped,   0 zombie
%Cpu(s):  0.1 us,  0.1 sy,  0.0 ni, 99.8 id,  0.0 wa,  0.0 hi,  0.0 si,  0.0 st
KiB Mem : 65877712 total, 55604100 free,  2552368 used,  7721244 buff/cache
KiB Swap: 33554428 total, 32289668 free,  1264760 used. 62091560 avail Mem 
--
top - 12:37:50 up 111 days,  4:21,  0 users,  load average: 4.66, 2.11, 0.88
Tasks: 405 total,   2 running, 403 sleeping,   0 stopped,   0 zombie
%Cpu(s): 37.7 us,  0.7 sy,  0.0 ni, 61.5 id,  0.0 wa,  0.0 hi,  0.0 si,  0.0 st
KiB Mem : 65877712 total, 55472448 free,  2684020 used,  7721244 buff/cache
KiB Swap: 33554428 total, 32289668 free,  1264760 used. 61959908 avail Mem 
--
top - 12:37:55 up 111 days,  4:21,  0 users,  load average: 6.69, 2.58, 1.03
Tasks: 405 total,   1 running, 404 sleeping,   0 stopped,   0 zombie
%Cpu(s): 74.4 us,  0.4 sy,  0.0 ni, 25.2 id,  0.0 wa,  0.0 hi,  0.0 si,  0.0 st
KiB Mem : 65877712 total, 55336040 free,  2820428 used,  7721244 buff/cache
KiB Swap: 33554428 total, 32289668 free,  1264760 used. 61823500 avail Mem 
--
top - 12:38:00 up 111 days,  4:21,  0 users,  load average: 6.16, 2.53, 1.03
Tasks: 408 total,   1 running, 407 sleeping,   0 stopped,   0 zombie
%Cpu(s):  0.4 us,  0.2 sy,  0.0 ni, 99.0 id,  0.3 wa,  0.0 hi,  0.0 si,  0.0 st
KiB Mem : 65877712 total, 55532660 free,  2623804 used,  7721248 buff/cache
KiB Swap: 33554428 total, 32289668 free,  1264760 used. 62020120 avail Mem 
