10.149.0.63
2024/01/02 13:25:48 Master node address: http://10.149.0.68:8000
2024/01/02 13:25:48 Benchmarking worker...
2024/01/02 13:25:50 Worker registered (1852 MCUPS). Waiting for work...
2024/01/02 13:26:49 Got work. Start calculating alignments...
2024/01/02 13:26:49 Calculating 2045 queries
2024/01/02 13:26:59 Done calculating alignments.
2024/01/02 13:26:59 Waiting for work...
2024/01/02 13:27:40 Got work. Start calculating alignments...
2024/01/02 13:27:40 Calculating 2045 queries
2024/01/02 13:27:50 Done calculating alignments.
2024/01/02 13:27:50 Waiting for work...
2024/01/02 13:28:30 Got work. Start calculating alignments...
2024/01/02 13:28:30 Calculating 2045 queries
2024/01/02 13:28:37 Done calculating alignments.
2024/01/02 13:28:37 Waiting for work...
2024/01/02 13:29:22 Got work. Start calculating alignments...
2024/01/02 13:29:22 Calculating 2045 queries
2024/01/02 13:29:32 Done calculating alignments.
2024/01/02 13:29:32 Waiting for work...
2024/01/02 13:30:14 Got work. Start calculating alignments...
2024/01/02 13:30:14 Calculating 2045 queries
2024/01/02 13:30:24 Done calculating alignments.
2024/01/02 13:30:24 Waiting for work...
slurmstepd: error: *** JOB 4755018 ON node063 CANCELLED AT 2024-01-02T13:30:26 ***
