10.149.0.56
2024/01/02 12:28:41 Master node address: http://10.149.0.54:8000
2024/01/02 12:28:41 Benchmarking worker...
2024/01/02 12:28:42 Worker registered (1788 MCUPS). Waiting for work...
2024/01/02 12:29:44 Got work. Start calculating alignments...
2024/01/02 12:29:44 Calculating 3933 queries
2024/01/02 12:30:00 Done calculating alignments.
2024/01/02 12:30:00 Waiting for work...
2024/01/02 12:30:36 Got work. Start calculating alignments...
2024/01/02 12:30:36 Calculating 3933 queries
2024/01/02 12:30:53 Done calculating alignments.
2024/01/02 12:30:53 Waiting for work...
2024/01/02 12:31:25 Got work. Start calculating alignments...
2024/01/02 12:31:25 Calculating 3932 queries
2024/01/02 12:31:42 Done calculating alignments.
2024/01/02 12:31:42 Waiting for work...
2024/01/02 12:32:16 Got work. Start calculating alignments...
2024/01/02 12:32:16 Calculating 3933 queries
2024/01/02 12:32:33 Done calculating alignments.
2024/01/02 12:32:33 Waiting for work...
2024/01/02 12:33:06 Got work. Start calculating alignments...
2024/01/02 12:33:06 Calculating 3933 queries
2024/01/02 12:33:24 Done calculating alignments.
2024/01/02 12:33:24 Waiting for work...
slurmstepd: error: *** JOB 4754927 ON node056 CANCELLED AT 2024-01-02T12:33:26 ***
