10.149.0.59
2024/01/02 12:17:17 Master node address: http://10.149.0.60:8000
2024/01/02 12:17:17 Benchmarking worker...
2024/01/02 12:17:19 Worker registered (1793 MCUPS). Waiting for work...
2024/01/02 12:17:38 Got work. Start calculating alignments...
2024/01/02 12:17:38 Calculating 15592 queries
2024/01/02 12:18:35 Done calculating alignments.
2024/01/02 12:18:35 Waiting for work...
2024/01/02 12:18:53 Got work. Start calculating alignments...
2024/01/02 12:18:53 Calculating 15592 queries
2024/01/02 12:19:52 Done calculating alignments.
2024/01/02 12:19:52 Waiting for work...
2024/01/02 12:20:09 Got work. Start calculating alignments...
2024/01/02 12:20:09 Calculating 15591 queries
2024/01/02 12:21:08 Done calculating alignments.
2024/01/02 12:21:08 Waiting for work...
2024/01/02 12:21:25 Got work. Start calculating alignments...
2024/01/02 12:21:25 Calculating 15592 queries
2024/01/02 12:22:22 Done calculating alignments.
2024/01/02 12:22:22 Waiting for work...
2024/01/02 12:22:38 Got work. Start calculating alignments...
2024/01/02 12:22:38 Calculating 15592 queries
2024/01/02 12:23:35 Done calculating alignments.
2024/01/02 12:23:35 Waiting for work...
slurmstepd: error: *** JOB 4754909 ON node059 CANCELLED AT 2024-01-02T12:23:37 ***
