Job id: 4755026
Worker ip: 10.149.0.34
Master ip: 10.149.0.68
--
top - 13:25:47 up 111 days,  5:08,  0 users,  load average: 0.00, 0.03, 0.13
Tasks: 399 total,   1 running, 398 sleeping,   0 stopped,   0 zombie
%Cpu(s):  1.0 us,  2.3 sy,  0.0 ni, 95.6 id,  0.9 wa,  0.0 hi,  0.2 si,  0.0 st
KiB Mem : 65877712 total, 58116536 free,  1124308 used,  6636868 buff/cache
KiB Swap: 33554428 total, 32345232 free,  1209196 used. 63528428 avail Mem 
--
top - 13:25:52 up 111 days,  5:09,  0 users,  load average: 1.60, 0.36, 0.24
Tasks: 407 total,   1 running, 406 sleeping,   0 stopped,   0 zombie
%Cpu(s):  1.8 us,  0.6 sy,  0.0 ni, 97.3 id,  0.3 wa,  0.0 hi,  0.0 si,  0.0 st
KiB Mem : 65877712 total, 58099184 free,  1134912 used,  6643616 buff/cache
KiB Swap: 33554428 total, 32345232 free,  1209196 used. 63517608 avail Mem 
--
top - 13:25:57 up 111 days,  5:09,  0 users,  load average: 1.48, 0.35, 0.24
Tasks: 407 total,   1 running, 406 sleeping,   0 stopped,   0 zombie
%Cpu(s):  0.0 us,  0.0 sy,  0.0 ni,100.0 id,  0.0 wa,  0.0 hi,  0.0 si,  0.0 st
KiB Mem : 65877712 total, 58099232 free,  1134864 used,  6643616 buff/cache
KiB Swap: 33554428 total, 32345232 free,  1209196 used. 63517660 avail Mem 
--
top - 13:26:02 up 111 days,  5:09,  0 users,  load average: 1.36, 0.35, 0.23
Tasks: 407 total,   1 running, 406 sleeping,   0 stopped,   0 zombie
%Cpu(s):  0.4 us,  0.2 sy,  0.0 ni, 98.8 id,  0.6 wa,  0.0 hi,  0.0 si,  0.0 st
KiB Mem : 65877712 total, 58095188 free,  1138908 used,  6643616 buff/cache
KiB Swap: 33554428 total, 32345232 free,  1209196 used. 63513684 avail Mem 
--
top - 13:26:07 up 111 days,  5:09,  0 users,  load average: 1.22, 0.35, 0.24
Tasks: 407 total,   1 running, 406 sleeping,   0 stopped,   0 zombie
%Cpu(s):  0.0 us,  0.0 sy,  0.0 ni,100.0 id,  0.0 wa,  0.0 hi,  0.0 si,  0.0 st
KiB Mem : 65877712 total, 58096012 free,  1138092 used,  6643608 buff/cache
KiB Swap: 33554428 total, 32345232 free,  1209196 used. 63514504 avail Mem 
--
top - 13:26:12 up 111 days,  5:09,  0 users,  load average: 1.12, 0.35, 0.24
Tasks: 408 total,   1 running, 407 sleeping,   0 stopped,   0 zombie
%Cpu(s):  0.0 us,  0.0 sy,  0.0 ni,100.0 id,  0.0 wa,  0.0 hi,  0.0 si,  0.0 st
KiB Mem : 65877712 total, 58096104 free,  1138000 used,  6643608 buff/cache
KiB Swap: 33554428 total, 32345232 free,  1209196 used. 63514596 avail Mem 
--
top - 13:26:17 up 111 days,  5:09,  0 users,  load average: 1.03, 0.34, 0.23
Tasks: 408 total,   1 running, 407 sleeping,   0 stopped,   0 zombie
%Cpu(s):  0.0 us,  0.0 sy,  0.0 ni,100.0 id,  0.0 wa,  0.0 hi,  0.0 si,  0.0 st
KiB Mem : 65877712 total, 58099104 free,  1135000 used,  6643608 buff/cache
KiB Swap: 33554428 total, 32345232 free,  1209196 used. 63517616 avail Mem 
--
top - 13:26:22 up 111 days,  5:09,  0 users,  load average: 0.95, 0.33, 0.23
Tasks: 408 total,   1 running, 407 sleeping,   0 stopped,   0 zombie
%Cpu(s):  0.0 us,  0.0 sy,  0.0 ni, 99.9 id,  0.0 wa,  0.0 hi,  0.0 si,  0.0 st
KiB Mem : 65877712 total, 58079312 free,  1154792 used,  6643608 buff/cache
KiB Swap: 33554428 total, 32345232 free,  1209196 used. 63497840 avail Mem 
--
top - 13:26:27 up 111 days,  5:09,  0 users,  load average: 0.88, 0.33, 0.23
Tasks: 408 total,   1 running, 407 sleeping,   0 stopped,   0 zombie
%Cpu(s):  0.1 us,  0.1 sy,  0.0 ni, 99.9 id,  0.0 wa,  0.0 hi,  0.0 si,  0.0 st
KiB Mem : 65877712 total, 58041456 free,  1192648 used,  6643608 buff/cache
KiB Swap: 33554428 total, 32345232 free,  1209196 used. 63459984 avail Mem 
--
top - 13:26:32 up 111 days,  5:09,  0 users,  load average: 0.81, 0.32, 0.23
Tasks: 408 total,   1 running, 407 sleeping,   0 stopped,   0 zombie
%Cpu(s):  0.1 us,  0.0 sy,  0.0 ni, 99.9 id,  0.0 wa,  0.0 hi,  0.0 si,  0.0 st
KiB Mem : 65877712 total, 57998104 free,  1236000 used,  6643608 buff/cache
KiB Swap: 33554428 total, 32345232 free,  1209196 used. 63416632 avail Mem 
--
top - 13:26:37 up 111 days,  5:09,  0 users,  load average: 0.74, 0.32, 0.23
Tasks: 408 total,   1 running, 407 sleeping,   0 stopped,   0 zombie
%Cpu(s):  0.1 us,  0.0 sy,  0.0 ni, 99.9 id,  0.0 wa,  0.0 hi,  0.0 si,  0.0 st
KiB Mem : 65877712 total, 57967780 free,  1266324 used,  6643608 buff/cache
KiB Swap: 33554428 total, 32345232 free,  1209196 used. 63386308 avail Mem 
--
top - 13:26:42 up 111 days,  5:09,  0 users,  load average: 0.68, 0.31, 0.23
Tasks: 408 total,   1 running, 407 sleeping,   0 stopped,   0 zombie
%Cpu(s):  0.1 us,  0.0 sy,  0.0 ni, 99.9 id,  0.0 wa,  0.0 hi,  0.0 si,  0.0 st
KiB Mem : 65877712 total, 57927708 free,  1306396 used,  6643608 buff/cache
KiB Swap: 33554428 total, 32345232 free,  1209196 used. 63346236 avail Mem 
--
top - 13:26:47 up 111 days,  5:09,  0 users,  load average: 0.63, 0.31, 0.23
Tasks: 408 total,   1 running, 407 sleeping,   0 stopped,   0 zombie
%Cpu(s):  0.1 us,  0.0 sy,  0.0 ni, 99.9 id,  0.0 wa,  0.0 hi,  0.0 si,  0.0 st
KiB Mem : 65877712 total, 57896532 free,  1337568 used,  6643612 buff/cache
KiB Swap: 33554428 total, 32345232 free,  1209196 used. 63315060 avail Mem 
--
top - 13:26:52 up 111 days,  5:10,  0 users,  load average: 2.82, 0.77, 0.37
Tasks: 408 total,   2 running, 406 sleeping,   0 stopped,   0 zombie
%Cpu(s): 71.9 us,  0.7 sy,  0.0 ni, 27.4 id,  0.0 wa,  0.0 hi,  0.0 si,  0.0 st
KiB Mem : 65877712 total, 57461824 free,  1772276 used,  6643612 buff/cache
KiB Swap: 33554428 total, 32345232 free,  1209196 used. 62880360 avail Mem 
--
top - 13:26:57 up 111 days,  5:10,  0 users,  load average: 2.59, 0.75, 0.37
Tasks: 408 total,   1 running, 407 sleeping,   0 stopped,   0 zombie
%Cpu(s): 40.5 us,  0.2 sy,  0.0 ni, 59.3 id,  0.0 wa,  0.0 hi,  0.0 si,  0.0 st
KiB Mem : 65877712 total, 57374740 free,  1859360 used,  6643612 buff/cache
KiB Swap: 33554428 total, 32345232 free,  1209196 used. 62793276 avail Mem 
--
top - 13:27:02 up 111 days,  5:10,  0 users,  load average: 2.39, 0.74, 0.37
Tasks: 408 total,   2 running, 406 sleeping,   0 stopped,   0 zombie
%Cpu(s):  0.0 us,  0.0 sy,  0.0 ni, 99.9 id,  0.0 wa,  0.0 hi,  0.0 si,  0.0 st
KiB Mem : 65877712 total, 57605696 free,  1628404 used,  6643612 buff/cache
KiB Swap: 33554428 total, 32345232 free,  1209196 used. 63024232 avail Mem 
--
top - 13:27:07 up 111 days,  5:10,  0 users,  load average: 2.19, 0.73, 0.37
Tasks: 408 total,   1 running, 407 sleeping,   0 stopped,   0 zombie
%Cpu(s):  0.0 us,  0.0 sy,  0.0 ni,100.0 id,  0.0 wa,  0.0 hi,  0.0 si,  0.0 st
KiB Mem : 65877712 total, 57602968 free,  1631132 used,  6643612 buff/cache
KiB Swap: 33554428 total, 32345232 free,  1209196 used. 63021504 avail Mem 
--
top - 13:27:12 up 111 days,  5:10,  0 users,  load average: 2.02, 0.72, 0.37
Tasks: 408 total,   1 running, 407 sleeping,   0 stopped,   0 zombie
%Cpu(s):  0.1 us,  0.0 sy,  0.0 ni, 99.9 id,  0.0 wa,  0.0 hi,  0.0 si,  0.0 st
KiB Mem : 65877712 total, 57566264 free,  1667836 used,  6643612 buff/cache
KiB Swap: 33554428 total, 32345232 free,  1209196 used. 62984800 avail Mem 
--
top - 13:27:17 up 111 days,  5:10,  0 users,  load average: 1.86, 0.70, 0.37
Tasks: 408 total,   1 running, 407 sleeping,   0 stopped,   0 zombie
%Cpu(s):  0.1 us,  0.1 sy,  0.0 ni, 99.9 id,  0.0 wa,  0.0 hi,  0.0 si,  0.0 st
KiB Mem : 65877712 total, 57530892 free,  1703208 used,  6643612 buff/cache
KiB Swap: 33554428 total, 32345232 free,  1209196 used. 62949428 avail Mem 
--
top - 13:27:22 up 111 days,  5:10,  0 users,  load average: 1.71, 0.69, 0.36
Tasks: 408 total,   1 running, 407 sleeping,   0 stopped,   0 zombie
%Cpu(s):  0.1 us,  0.1 sy,  0.0 ni, 99.9 id,  0.0 wa,  0.0 hi,  0.0 si,  0.0 st
KiB Mem : 65877712 total, 57489240 free,  1744860 used,  6643612 buff/cache
KiB Swap: 33554428 total, 32345232 free,  1209196 used. 62907776 avail Mem 
--
top - 13:27:27 up 111 days,  5:10,  0 users,  load average: 1.57, 0.68, 0.36
Tasks: 408 total,   1 running, 407 sleeping,   0 stopped,   0 zombie
%Cpu(s):  0.1 us,  0.1 sy,  0.0 ni, 99.9 id,  0.0 wa,  0.0 hi,  0.0 si,  0.0 st
KiB Mem : 65877712 total, 57459092 free,  1775008 used,  6643612 buff/cache
KiB Swap: 33554428 total, 32345232 free,  1209196 used. 62877628 avail Mem 
--
top - 13:27:32 up 111 days,  5:10,  0 users,  load average: 1.45, 0.67, 0.36
Tasks: 408 total,   1 running, 407 sleeping,   0 stopped,   0 zombie
%Cpu(s):  0.1 us,  0.1 sy,  0.0 ni, 99.9 id,  0.0 wa,  0.0 hi,  0.0 si,  0.0 st
KiB Mem : 65877712 total, 57422116 free,  1811984 used,  6643612 buff/cache
KiB Swap: 33554428 total, 32345232 free,  1209196 used. 62840652 avail Mem 
--
top - 13:27:37 up 111 days,  5:10,  0 users,  load average: 1.33, 0.66, 0.36
Tasks: 408 total,   1 running, 407 sleeping,   0 stopped,   0 zombie
%Cpu(s):  0.1 us,  0.0 sy,  0.0 ni, 99.9 id,  0.0 wa,  0.0 hi,  0.0 si,  0.0 st
KiB Mem : 65877712 total, 57379304 free,  1854796 used,  6643612 buff/cache
KiB Swap: 33554428 total, 32345232 free,  1209196 used. 62797840 avail Mem 
--
top - 13:27:42 up 111 days,  5:10,  0 users,  load average: 2.83, 0.98, 0.46
Tasks: 408 total,   2 running, 406 sleeping,   0 stopped,   0 zombie
%Cpu(s): 50.0 us,  0.4 sy,  0.0 ni, 49.6 id,  0.0 wa,  0.0 hi,  0.0 si,  0.0 st
KiB Mem : 65877712 total, 57274668 free,  1959428 used,  6643616 buff/cache
KiB Swap: 33554428 total, 32345232 free,  1209196 used. 62693208 avail Mem 
--
top - 13:27:47 up 111 days,  5:10,  0 users,  load average: 2.60, 0.96, 0.46
Tasks: 408 total,   1 running, 407 sleeping,   0 stopped,   0 zombie
%Cpu(s): 54.6 us,  0.3 sy,  0.0 ni, 45.1 id,  0.0 wa,  0.0 hi,  0.0 si,  0.0 st
KiB Mem : 65877712 total, 57143248 free,  2090848 used,  6643616 buff/cache
KiB Swap: 33554428 total, 32345232 free,  1209196 used. 62561788 avail Mem 
--
top - 13:27:52 up 111 days,  5:11,  0 users,  load average: 2.39, 0.95, 0.46
Tasks: 408 total,   1 running, 407 sleeping,   0 stopped,   0 zombie
%Cpu(s):  0.0 us,  0.0 sy,  0.0 ni, 99.9 id,  0.0 wa,  0.0 hi,  0.0 si,  0.0 st
KiB Mem : 65877712 total, 57380764 free,  1853332 used,  6643616 buff/cache
KiB Swap: 33554428 total, 32345232 free,  1209196 used. 62799304 avail Mem 
--
top - 13:27:57 up 111 days,  5:11,  0 users,  load average: 2.20, 0.93, 0.46
Tasks: 408 total,   1 running, 407 sleeping,   0 stopped,   0 zombie
%Cpu(s):  0.0 us,  0.0 sy,  0.0 ni,100.0 id,  0.0 wa,  0.0 hi,  0.0 si,  0.0 st
KiB Mem : 65877712 total, 57381324 free,  1852772 used,  6643616 buff/cache
KiB Swap: 33554428 total, 32345232 free,  1209196 used. 62799864 avail Mem 
--
top - 13:28:02 up 111 days,  5:11,  0 users,  load average: 2.02, 0.92, 0.45
Tasks: 408 total,   1 running, 407 sleeping,   0 stopped,   0 zombie
%Cpu(s):  0.5 us,  0.3 sy,  0.0 ni, 98.6 id,  0.6 wa,  0.0 hi,  0.0 si,  0.0 st
KiB Mem : 65877712 total, 57335244 free,  1898848 used,  6643620 buff/cache
KiB Swap: 33554428 total, 32345232 free,  1209196 used. 62753788 avail Mem 
--
top - 13:28:07 up 111 days,  5:11,  0 users,  load average: 1.86, 0.90, 0.45
Tasks: 408 total,   1 running, 407 sleeping,   0 stopped,   0 zombie
%Cpu(s):  0.1 us,  0.1 sy,  0.0 ni, 99.8 id,  0.0 wa,  0.0 hi,  0.0 si,  0.0 st
KiB Mem : 65877712 total, 57297044 free,  1937100 used,  6643568 buff/cache
KiB Swap: 33554428 total, 32345232 free,  1209196 used. 62715584 avail Mem 
--
top - 13:28:12 up 111 days,  5:11,  0 users,  load average: 1.71, 0.89, 0.45
Tasks: 408 total,   1 running, 407 sleeping,   0 stopped,   0 zombie
%Cpu(s):  0.1 us,  0.1 sy,  0.0 ni, 99.9 id,  0.0 wa,  0.0 hi,  0.0 si,  0.0 st
KiB Mem : 65877712 total, 57255996 free,  1978100 used,  6643616 buff/cache
KiB Swap: 33554428 total, 32345232 free,  1209196 used. 62674536 avail Mem 
--
top - 13:28:17 up 111 days,  5:11,  0 users,  load average: 1.58, 0.87, 0.45
Tasks: 408 total,   1 running, 407 sleeping,   0 stopped,   0 zombie
%Cpu(s):  0.1 us,  0.1 sy,  0.0 ni, 99.9 id,  0.0 wa,  0.0 hi,  0.0 si,  0.0 st
KiB Mem : 65877712 total, 57226212 free,  2007884 used,  6643616 buff/cache
KiB Swap: 33554428 total, 32345232 free,  1209196 used. 62644752 avail Mem 
--
top - 13:28:23 up 111 days,  5:11,  0 users,  load average: 1.45, 0.86, 0.44
Tasks: 409 total,   1 running, 408 sleeping,   0 stopped,   0 zombie
%Cpu(s):  0.1 us,  0.1 sy,  0.0 ni, 99.8 id,  0.0 wa,  0.0 hi,  0.0 si,  0.0 st
KiB Mem : 65877712 total, 57190400 free,  2043696 used,  6643616 buff/cache
KiB Swap: 33554428 total, 32345232 free,  1209196 used. 62608940 avail Mem 
--
top - 13:28:28 up 111 days,  5:11,  0 users,  load average: 1.33, 0.84, 0.44
Tasks: 409 total,   1 running, 408 sleeping,   0 stopped,   0 zombie
%Cpu(s):  0.1 us,  0.1 sy,  0.0 ni, 99.8 id,  0.0 wa,  0.0 hi,  0.0 si,  0.0 st
KiB Mem : 65877712 total, 57141928 free,  2092168 used,  6643616 buff/cache
KiB Swap: 33554428 total, 32345232 free,  1209196 used. 62560468 avail Mem 
--
top - 13:28:33 up 111 days,  5:11,  0 users,  load average: 1.23, 0.83, 0.44
Tasks: 409 total,   2 running, 407 sleeping,   0 stopped,   0 zombie
%Cpu(s):  5.1 us,  0.3 sy,  0.0 ni, 94.6 id,  0.0 wa,  0.0 hi,  0.0 si,  0.0 st
KiB Mem : 65877712 total, 57088304 free,  2145788 used,  6643620 buff/cache
KiB Swap: 33554428 total, 32345232 free,  1209196 used. 62506848 avail Mem 
--
top - 13:28:38 up 111 days,  5:11,  0 users,  load average: 3.05, 1.21, 0.56
Tasks: 409 total,   2 running, 407 sleeping,   0 stopped,   0 zombie
%Cpu(s): 92.1 us,  1.1 sy,  0.0 ni,  6.8 id,  0.0 wa,  0.0 hi,  0.0 si,  0.0 st
KiB Mem : 65877712 total, 56915652 free,  2318440 used,  6643620 buff/cache
KiB Swap: 33554428 total, 32345232 free,  1209196 used. 62334196 avail Mem 
--
top - 13:28:43 up 111 days,  5:11,  0 users,  load average: 2.81, 1.19, 0.56
Tasks: 409 total,   1 running, 408 sleeping,   0 stopped,   0 zombie
%Cpu(s): 12.6 us,  0.1 sy,  0.0 ni, 87.3 id,  0.0 wa,  0.0 hi,  0.0 si,  0.0 st
KiB Mem : 65877712 total, 56864924 free,  2369168 used,  6643620 buff/cache
KiB Swap: 33554428 total, 32345232 free,  1209196 used. 62283468 avail Mem 
--
top - 13:28:48 up 111 days,  5:11,  0 users,  load average: 2.58, 1.17, 0.56
Tasks: 409 total,   1 running, 408 sleeping,   0 stopped,   0 zombie
%Cpu(s):  0.0 us,  0.0 sy,  0.0 ni, 99.9 id,  0.0 wa,  0.0 hi,  0.0 si,  0.0 st
KiB Mem : 65877712 total, 57149284 free,  2084808 used,  6643620 buff/cache
KiB Swap: 33554428 total, 32345232 free,  1209196 used. 62567828 avail Mem 
--
top - 13:28:53 up 111 days,  5:12,  0 users,  load average: 2.37, 1.15, 0.56
Tasks: 409 total,   1 running, 408 sleeping,   0 stopped,   0 zombie
%Cpu(s):  0.1 us,  0.0 sy,  0.0 ni, 99.9 id,  0.0 wa,  0.0 hi,  0.0 si,  0.0 st
KiB Mem : 65877712 total, 57133316 free,  2100776 used,  6643620 buff/cache
KiB Swap: 33554428 total, 32345232 free,  1209196 used. 62551860 avail Mem 
--
top - 13:28:58 up 111 days,  5:12,  0 users,  load average: 2.18, 1.14, 0.55
Tasks: 409 total,   1 running, 408 sleeping,   0 stopped,   0 zombie
%Cpu(s):  0.1 us,  0.1 sy,  0.0 ni, 99.9 id,  0.0 wa,  0.0 hi,  0.0 si,  0.0 st
KiB Mem : 65877712 total, 57097728 free,  2136364 used,  6643620 buff/cache
KiB Swap: 33554428 total, 32345232 free,  1209196 used. 62516272 avail Mem 
--
top - 13:29:03 up 111 days,  5:12,  0 users,  load average: 2.01, 1.12, 0.55
Tasks: 409 total,   1 running, 408 sleeping,   0 stopped,   0 zombie
%Cpu(s):  0.1 us,  0.0 sy,  0.0 ni, 99.9 id,  0.0 wa,  0.0 hi,  0.0 si,  0.0 st
KiB Mem : 65877712 total, 57067472 free,  2166620 used,  6643620 buff/cache
KiB Swap: 33554428 total, 32345232 free,  1209196 used. 62486016 avail Mem 
--
top - 13:29:08 up 111 days,  5:12,  0 users,  load average: 1.85, 1.10, 0.55
Tasks: 409 total,   1 running, 408 sleeping,   0 stopped,   0 zombie
%Cpu(s):  0.1 us,  0.1 sy,  0.0 ni, 99.9 id,  0.0 wa,  0.0 hi,  0.0 si,  0.0 st
KiB Mem : 65877712 total, 57022088 free,  2212004 used,  6643620 buff/cache
KiB Swap: 33554428 total, 32345232 free,  1209196 used. 62440632 avail Mem 
--
top - 13:29:13 up 111 days,  5:12,  0 users,  load average: 1.70, 1.08, 0.54
Tasks: 409 total,   1 running, 408 sleeping,   0 stopped,   0 zombie
%Cpu(s):  0.1 us,  0.0 sy,  0.0 ni, 99.9 id,  0.0 wa,  0.0 hi,  0.0 si,  0.0 st
KiB Mem : 65877712 total, 56991312 free,  2242780 used,  6643620 buff/cache
KiB Swap: 33554428 total, 32345232 free,  1209196 used. 62409856 avail Mem 
--
top - 13:29:18 up 111 days,  5:12,  0 users,  load average: 1.56, 1.06, 0.54
Tasks: 409 total,   1 running, 408 sleeping,   0 stopped,   0 zombie
%Cpu(s):  0.1 us,  0.1 sy,  0.0 ni, 99.9 id,  0.0 wa,  0.0 hi,  0.0 si,  0.0 st
KiB Mem : 65877712 total, 56951604 free,  2282488 used,  6643620 buff/cache
KiB Swap: 33554428 total, 32345232 free,  1209196 used. 62370148 avail Mem 
--
top - 13:29:23 up 111 days,  5:12,  0 users,  load average: 1.44, 1.04, 0.54
Tasks: 409 total,   1 running, 408 sleeping,   0 stopped,   0 zombie
%Cpu(s): 12.3 us,  0.3 sy,  0.0 ni, 87.4 id,  0.0 wa,  0.0 hi,  0.0 si,  0.0 st
KiB Mem : 65877712 total, 56871016 free,  2363072 used,  6643624 buff/cache
KiB Swap: 33554428 total, 32345232 free,  1209196 used. 62289560 avail Mem 
--
top - 13:29:28 up 111 days,  5:12,  0 users,  load average: 2.68, 1.31, 0.63
Tasks: 409 total,   1 running, 408 sleeping,   0 stopped,   0 zombie
%Cpu(s): 91.1 us,  0.5 sy,  0.0 ni,  8.3 id,  0.0 wa,  0.0 hi,  0.0 si,  0.0 st
KiB Mem : 65877712 total, 56712000 free,  2522088 used,  6643624 buff/cache
KiB Swap: 33554428 total, 32345232 free,  1209196 used. 62130548 avail Mem 
--
top - 13:29:33 up 111 days,  5:12,  0 users,  load average: 2.47, 1.29, 0.62
Tasks: 409 total,   1 running, 408 sleeping,   0 stopped,   0 zombie
%Cpu(s):  3.7 us,  0.0 sy,  0.0 ni, 96.2 id,  0.0 wa,  0.0 hi,  0.0 si,  0.0 st
KiB Mem : 65877712 total, 56838588 free,  2395500 used,  6643624 buff/cache
KiB Swap: 33554428 total, 32345232 free,  1209196 used. 62257136 avail Mem 
--
top - 13:29:38 up 111 days,  5:12,  0 users,  load average: 2.27, 1.27, 0.62
Tasks: 409 total,   1 running, 408 sleeping,   0 stopped,   0 zombie
%Cpu(s):  0.0 us,  0.0 sy,  0.0 ni, 99.9 id,  0.0 wa,  0.0 hi,  0.0 si,  0.0 st
KiB Mem : 65877712 total, 56940904 free,  2293184 used,  6643624 buff/cache
KiB Swap: 33554428 total, 32345232 free,  1209196 used. 62359452 avail Mem 
--
top - 13:29:43 up 111 days,  5:12,  0 users,  load average: 2.09, 1.24, 0.62
Tasks: 409 total,   1 running, 408 sleeping,   0 stopped,   0 zombie
%Cpu(s):  0.1 us,  0.0 sy,  0.0 ni, 99.9 id,  0.0 wa,  0.0 hi,  0.0 si,  0.0 st
KiB Mem : 65877712 total, 56925060 free,  2309028 used,  6643624 buff/cache
KiB Swap: 33554428 total, 32345232 free,  1209196 used. 62343608 avail Mem 
--
top - 13:29:48 up 111 days,  5:12,  0 users,  load average: 1.92, 1.22, 0.61
Tasks: 409 total,   2 running, 407 sleeping,   0 stopped,   0 zombie
%Cpu(s):  0.1 us,  0.1 sy,  0.0 ni, 99.8 id,  0.0 wa,  0.0 hi,  0.0 si,  0.0 st
KiB Mem : 65877712 total, 56889036 free,  2345052 used,  6643624 buff/cache
KiB Swap: 33554428 total, 32345232 free,  1209196 used. 62307584 avail Mem 
--
top - 13:29:53 up 111 days,  5:13,  0 users,  load average: 1.77, 1.20, 0.61
Tasks: 409 total,   1 running, 408 sleeping,   0 stopped,   0 zombie
%Cpu(s):  0.1 us,  0.1 sy,  0.0 ni, 99.8 id,  0.0 wa,  0.0 hi,  0.0 si,  0.0 st
KiB Mem : 65877712 total, 56848976 free,  2385112 used,  6643624 buff/cache
KiB Swap: 33554428 total, 32345232 free,  1209196 used. 62267524 avail Mem 
--
top - 13:29:58 up 111 days,  5:13,  0 users,  load average: 1.63, 1.18, 0.61
Tasks: 409 total,   1 running, 408 sleeping,   0 stopped,   0 zombie
%Cpu(s):  0.1 us,  0.1 sy,  0.0 ni, 99.9 id,  0.0 wa,  0.0 hi,  0.0 si,  0.0 st
KiB Mem : 65877712 total, 56811496 free,  2422592 used,  6643624 buff/cache
KiB Swap: 33554428 total, 32345232 free,  1209196 used. 62230044 avail Mem 
--
top - 13:30:03 up 111 days,  5:13,  0 users,  load average: 1.50, 1.16, 0.60
Tasks: 409 total,   1 running, 408 sleeping,   0 stopped,   0 zombie
%Cpu(s):  0.5 us,  0.2 sy,  0.0 ni, 98.6 id,  0.7 wa,  0.0 hi,  0.0 si,  0.0 st
KiB Mem : 65877712 total, 56768836 free,  2465244 used,  6643632 buff/cache
KiB Swap: 33554428 total, 32345232 free,  1209196 used. 62187392 avail Mem 
--
top - 13:30:08 up 111 days,  5:13,  0 users,  load average: 1.38, 1.14, 0.60
Tasks: 409 total,   1 running, 408 sleeping,   0 stopped,   0 zombie
%Cpu(s):  0.1 us,  0.1 sy,  0.0 ni, 99.9 id,  0.0 wa,  0.0 hi,  0.0 si,  0.0 st
KiB Mem : 65877712 total, 56727148 free,  2506932 used,  6643632 buff/cache
KiB Swap: 33554428 total, 32345232 free,  1209196 used. 62145704 avail Mem 
--
top - 13:30:13 up 111 days,  5:13,  0 users,  load average: 1.27, 1.13, 0.60
Tasks: 409 total,   1 running, 408 sleeping,   0 stopped,   0 zombie
%Cpu(s):  0.0 us,  0.1 sy,  0.0 ni, 99.9 id,  0.0 wa,  0.0 hi,  0.0 si,  0.0 st
KiB Mem : 65877712 total, 56685244 free,  2548876 used,  6643592 buff/cache
KiB Swap: 33554428 total, 32345232 free,  1209196 used. 62103800 avail Mem 
--
top - 13:30:18 up 111 days,  5:13,  0 users,  load average: 3.17, 1.52, 0.73
Tasks: 408 total,   2 running, 406 sleeping,   0 stopped,   0 zombie
%Cpu(s): 64.9 us,  0.4 sy,  0.0 ni, 34.7 id,  0.0 wa,  0.0 hi,  0.0 si,  0.0 st
KiB Mem : 65877712 total, 56579704 free,  2654372 used,  6643636 buff/cache
KiB Swap: 33554428 total, 32345232 free,  1209196 used. 61998264 avail Mem 
--
top - 13:30:23 up 111 days,  5:13,  0 users,  load average: 2.91, 1.50, 0.72
Tasks: 408 total,   1 running, 407 sleeping,   0 stopped,   0 zombie
%Cpu(s): 44.5 us,  0.1 sy,  0.0 ni, 55.3 id,  0.0 wa,  0.0 hi,  0.0 si,  0.0 st
KiB Mem : 65877712 total, 56480740 free,  2753336 used,  6643636 buff/cache
KiB Swap: 33554428 total, 32345232 free,  1209196 used. 61899300 avail Mem 
