10.149.0.54
2024/01/02 12:49:48 Master node address: http://10.149.0.55:8000
2024/01/02 12:49:48 Benchmarking worker...
2024/01/02 12:49:50 Worker registered (1834 MCUPS). Waiting for work...
2024/01/02 12:50:34 Got work. Start calculating alignments...
2024/01/02 12:50:34 Calculating 15771 queries
2024/01/02 12:51:28 Done calculating alignments.
2024/01/02 12:51:28 Waiting for work...
2024/01/02 12:51:45 Got work. Start calculating alignments...
2024/01/02 12:51:45 Calculating 15772 queries
2024/01/02 12:52:41 Done calculating alignments.
2024/01/02 12:52:41 Waiting for work...
2024/01/02 12:52:59 Got work. Start calculating alignments...
2024/01/02 12:52:59 Calculating 15771 queries
2024/01/02 12:53:53 Done calculating alignments.
2024/01/02 12:53:53 Waiting for work...
2024/01/02 12:54:12 Got work. Start calculating alignments...
2024/01/02 12:54:12 Calculating 15771 queries
2024/01/02 12:55:05 Done calculating alignments.
2024/01/02 12:55:05 Waiting for work...
2024/01/02 12:55:24 Got work. Start calculating alignments...
2024/01/02 12:55:24 Calculating 15771 queries
2024/01/02 12:56:19 Done calculating alignments.
2024/01/02 12:56:19 Waiting for work...
slurmstepd: error: *** JOB 4754970 ON node054 CANCELLED AT 2024-01-02T12:56:22 ***
