Job id: 4754995
Worker ip: 10.149.0.64
Master ip: 10.149.0.55
--
top - 13:01:26 up 111 days,  4:43,  0 users,  load average: 0.30, 0.48, 0.61
Tasks: 398 total,   1 running, 397 sleeping,   0 stopped,   0 zombie
%Cpu(s):  3.2 us,  5.2 sy,  0.0 ni, 91.3 id,  0.0 wa,  0.0 hi,  0.4 si,  0.0 st
KiB Mem : 65877712 total, 58126576 free,  1138304 used,  6612832 buff/cache
KiB Swap: 33554428 total, 32362872 free,  1191556 used. 63476216 avail Mem 
--
top - 13:01:31 up 111 days,  4:43,  0 users,  load average: 0.28, 0.47, 0.61
Tasks: 398 total,   1 running, 397 sleeping,   0 stopped,   0 zombie
%Cpu(s):  1.6 us,  0.4 sy,  0.0 ni, 98.0 id,  0.0 wa,  0.0 hi,  0.0 si,  0.0 st
KiB Mem : 65877712 total, 58109308 free,  1148872 used,  6619532 buff/cache
KiB Swap: 33554428 total, 32362872 free,  1191556 used. 63465564 avail Mem 
--
top - 13:01:36 up 111 days,  4:43,  0 users,  load average: 0.26, 0.47, 0.61
Tasks: 399 total,   1 running, 398 sleeping,   0 stopped,   0 zombie
%Cpu(s):  0.0 us,  0.0 sy,  0.0 ni,100.0 id,  0.0 wa,  0.0 hi,  0.0 si,  0.0 st
KiB Mem : 65877712 total, 58110040 free,  1148140 used,  6619532 buff/cache
KiB Swap: 33554428 total, 32362872 free,  1191556 used. 63466300 avail Mem 
--
top - 13:01:41 up 111 days,  4:43,  0 users,  load average: 0.23, 0.46, 0.60
Tasks: 399 total,   1 running, 398 sleeping,   0 stopped,   0 zombie
%Cpu(s):  0.0 us,  0.0 sy,  0.0 ni,100.0 id,  0.0 wa,  0.0 hi,  0.0 si,  0.0 st
KiB Mem : 65877712 total, 58110720 free,  1147460 used,  6619532 buff/cache
KiB Swap: 33554428 total, 32362872 free,  1191556 used. 63466980 avail Mem 
--
top - 13:01:46 up 111 days,  4:44,  0 users,  load average: 0.22, 0.45, 0.60
Tasks: 399 total,   1 running, 398 sleeping,   0 stopped,   0 zombie
%Cpu(s):  0.0 us,  0.0 sy,  0.0 ni, 99.9 id,  0.0 wa,  0.0 hi,  0.0 si,  0.0 st
KiB Mem : 65877712 total, 58111780 free,  1146400 used,  6619532 buff/cache
KiB Swap: 33554428 total, 32362872 free,  1191556 used. 63468040 avail Mem 
--
top - 13:01:51 up 111 days,  4:44,  0 users,  load average: 0.20, 0.44, 0.60
Tasks: 399 total,   1 running, 398 sleeping,   0 stopped,   0 zombie
%Cpu(s):  0.0 us,  0.0 sy,  0.0 ni, 99.9 id,  0.0 wa,  0.0 hi,  0.0 si,  0.0 st
KiB Mem : 65877712 total, 58112044 free,  1146136 used,  6619532 buff/cache
KiB Swap: 33554428 total, 32362872 free,  1191556 used. 63468304 avail Mem 
--
top - 13:01:56 up 111 days,  4:44,  0 users,  load average: 0.18, 0.43, 0.59
Tasks: 398 total,   2 running, 396 sleeping,   0 stopped,   0 zombie
%Cpu(s):  0.0 us,  0.0 sy,  0.0 ni,100.0 id,  0.0 wa,  0.0 hi,  0.0 si,  0.0 st
KiB Mem : 65877712 total, 58112368 free,  1145812 used,  6619532 buff/cache
KiB Swap: 33554428 total, 32362872 free,  1191556 used. 63468628 avail Mem 
--
top - 13:02:01 up 111 days,  4:44,  0 users,  load average: 0.17, 0.43, 0.59
Tasks: 398 total,   1 running, 397 sleeping,   0 stopped,   0 zombie
%Cpu(s):  0.4 us,  0.2 sy,  0.0 ni, 99.0 id,  0.3 wa,  0.0 hi,  0.0 si,  0.0 st
KiB Mem : 65877712 total, 58106300 free,  1151880 used,  6619532 buff/cache
KiB Swap: 33554428 total, 32362872 free,  1191556 used. 63462560 avail Mem 
--
top - 13:02:06 up 111 days,  4:44,  0 users,  load average: 0.15, 0.42, 0.59
Tasks: 402 total,   1 running, 401 sleeping,   0 stopped,   0 zombie
%Cpu(s):  0.1 us,  0.0 sy,  0.0 ni, 99.9 id,  0.0 wa,  0.0 hi,  0.0 si,  0.0 st
KiB Mem : 65877712 total, 58089612 free,  1168568 used,  6619532 buff/cache
KiB Swap: 33554428 total, 32362872 free,  1191556 used. 63445872 avail Mem 
--
top - 13:02:11 up 111 days,  4:44,  0 users,  load average: 0.14, 0.41, 0.58
Tasks: 402 total,   1 running, 401 sleeping,   0 stopped,   0 zombie
%Cpu(s):  0.1 us,  0.1 sy,  0.0 ni, 99.8 id,  0.0 wa,  0.0 hi,  0.0 si,  0.0 st
KiB Mem : 65877712 total, 58005928 free,  1252252 used,  6619532 buff/cache
KiB Swap: 33554428 total, 32362872 free,  1191556 used. 63362188 avail Mem 
--
top - 13:02:16 up 111 days,  4:44,  0 users,  load average: 0.13, 0.41, 0.58
Tasks: 402 total,   1 running, 401 sleeping,   0 stopped,   0 zombie
%Cpu(s):  0.1 us,  0.1 sy,  0.0 ni, 99.8 id,  0.0 wa,  0.0 hi,  0.0 si,  0.0 st
KiB Mem : 65877712 total, 57928680 free,  1329500 used,  6619532 buff/cache
KiB Swap: 33554428 total, 32362872 free,  1191556 used. 63284940 avail Mem 
--
top - 13:02:21 up 111 days,  4:44,  0 users,  load average: 0.20, 0.42, 0.58
Tasks: 402 total,   1 running, 401 sleeping,   0 stopped,   0 zombie
%Cpu(s):  0.1 us,  0.1 sy,  0.0 ni, 99.8 id,  0.0 wa,  0.0 hi,  0.0 si,  0.0 st
KiB Mem : 65877712 total, 57861292 free,  1396884 used,  6619536 buff/cache
KiB Swap: 33554428 total, 32362872 free,  1191556 used. 63217552 avail Mem 
--
top - 13:02:26 up 111 days,  4:44,  0 users,  load average: 0.18, 0.41, 0.58
Tasks: 402 total,   1 running, 401 sleeping,   0 stopped,   0 zombie
%Cpu(s):  0.1 us,  0.1 sy,  0.0 ni, 99.8 id,  0.0 wa,  0.0 hi,  0.0 si,  0.0 st
KiB Mem : 65877712 total, 57788724 free,  1469452 used,  6619536 buff/cache
KiB Swap: 33554428 total, 32362872 free,  1191556 used. 63144984 avail Mem 
--
top - 13:02:31 up 111 days,  4:44,  0 users,  load average: 2.41, 0.87, 0.73
Tasks: 402 total,   2 running, 400 sleeping,   0 stopped,   0 zombie
%Cpu(s): 66.2 us,  0.7 sy,  0.0 ni, 33.1 id,  0.0 wa,  0.0 hi,  0.0 si,  0.0 st
KiB Mem : 65877712 total, 57327280 free,  1930896 used,  6619536 buff/cache
KiB Swap: 33554428 total, 32362872 free,  1191556 used. 62683544 avail Mem 
--
top - 13:02:36 up 111 days,  4:44,  0 users,  load average: 4.70, 1.37, 0.89
Tasks: 402 total,   2 running, 400 sleeping,   0 stopped,   0 zombie
%Cpu(s): 96.6 us,  0.3 sy,  0.0 ni,  3.1 id,  0.0 wa,  0.0 hi,  0.0 si,  0.0 st
KiB Mem : 65877712 total, 57158836 free,  2099340 used,  6619536 buff/cache
KiB Swap: 33554428 total, 32362872 free,  1191556 used. 62515100 avail Mem 
--
top - 13:02:41 up 111 days,  4:44,  0 users,  load average: 4.32, 1.34, 0.89
Tasks: 402 total,   1 running, 401 sleeping,   0 stopped,   0 zombie
%Cpu(s): 62.1 us,  0.2 sy,  0.0 ni, 37.7 id,  0.0 wa,  0.0 hi,  0.0 si,  0.0 st
KiB Mem : 65877712 total, 56995640 free,  2262536 used,  6619536 buff/cache
KiB Swap: 33554428 total, 32362872 free,  1191556 used. 62351904 avail Mem 
--
top - 13:02:46 up 111 days,  4:45,  0 users,  load average: 3.98, 1.32, 0.88
Tasks: 402 total,   1 running, 401 sleeping,   0 stopped,   0 zombie
%Cpu(s):  0.0 us,  0.1 sy,  0.0 ni, 99.9 id,  0.0 wa,  0.0 hi,  0.0 si,  0.0 st
KiB Mem : 65877712 total, 57266472 free,  1991704 used,  6619536 buff/cache
KiB Swap: 33554428 total, 32362872 free,  1191556 used. 62622736 avail Mem 
--
top - 13:02:51 up 111 days,  4:45,  0 users,  load average: 3.66, 1.30, 0.88
Tasks: 402 total,   1 running, 401 sleeping,   0 stopped,   0 zombie
%Cpu(s):  0.0 us,  0.0 sy,  0.0 ni, 99.9 id,  0.0 wa,  0.0 hi,  0.0 si,  0.0 st
KiB Mem : 65877712 total, 57370376 free,  1887800 used,  6619536 buff/cache
KiB Swap: 33554428 total, 32362872 free,  1191556 used. 62726640 avail Mem 
--
top - 13:02:56 up 111 days,  4:45,  0 users,  load average: 3.37, 1.28, 0.87
Tasks: 402 total,   1 running, 401 sleeping,   0 stopped,   0 zombie
%Cpu(s):  0.1 us,  0.1 sy,  0.0 ni, 99.8 id,  0.0 wa,  0.0 hi,  0.0 si,  0.0 st
KiB Mem : 65877712 total, 57335600 free,  1922576 used,  6619536 buff/cache
KiB Swap: 33554428 total, 32362872 free,  1191556 used. 62691864 avail Mem 
--
top - 13:03:01 up 111 days,  4:45,  0 users,  load average: 3.10, 1.26, 0.87
Tasks: 401 total,   1 running, 400 sleeping,   0 stopped,   0 zombie
%Cpu(s):  0.1 us,  0.1 sy,  0.0 ni, 99.8 id,  0.0 wa,  0.0 hi,  0.0 si,  0.0 st
KiB Mem : 65877712 total, 57258560 free,  1999616 used,  6619536 buff/cache
KiB Swap: 33554428 total, 32362872 free,  1191556 used. 62614824 avail Mem 
--
top - 13:03:06 up 111 days,  4:45,  0 users,  load average: 2.85, 1.24, 0.86
Tasks: 401 total,   1 running, 400 sleeping,   0 stopped,   0 zombie
%Cpu(s):  0.1 us,  0.1 sy,  0.0 ni, 99.8 id,  0.0 wa,  0.0 hi,  0.0 si,  0.0 st
KiB Mem : 65877712 total, 57192512 free,  2065664 used,  6619536 buff/cache
KiB Swap: 33554428 total, 32362872 free,  1191556 used. 62548776 avail Mem 
--
top - 13:03:11 up 111 days,  4:45,  0 users,  load average: 2.62, 1.22, 0.86
Tasks: 401 total,   1 running, 400 sleeping,   0 stopped,   0 zombie
%Cpu(s):  0.1 us,  0.1 sy,  0.0 ni, 99.8 id,  0.0 wa,  0.0 hi,  0.0 si,  0.0 st
KiB Mem : 65877712 total, 57095820 free,  2162356 used,  6619536 buff/cache
KiB Swap: 33554428 total, 32362872 free,  1191556 used. 62452084 avail Mem 
--
top - 13:03:16 up 111 days,  4:45,  0 users,  load average: 2.41, 1.20, 0.85
Tasks: 401 total,   1 running, 400 sleeping,   0 stopped,   0 zombie
%Cpu(s):  0.1 us,  0.1 sy,  0.0 ni, 99.8 id,  0.0 wa,  0.0 hi,  0.0 si,  0.0 st
KiB Mem : 65877712 total, 57024600 free,  2233572 used,  6619540 buff/cache
KiB Swap: 33554428 total, 32362872 free,  1191556 used. 62380868 avail Mem 
--
top - 13:03:21 up 111 days,  4:45,  0 users,  load average: 2.22, 1.18, 0.85
Tasks: 400 total,   2 running, 398 sleeping,   0 stopped,   0 zombie
%Cpu(s): 17.9 us,  0.5 sy,  0.0 ni, 81.6 id,  0.0 wa,  0.0 hi,  0.0 si,  0.0 st
KiB Mem : 65877712 total, 56894300 free,  2363872 used,  6619540 buff/cache
KiB Swap: 33554428 total, 32362872 free,  1191556 used. 62250568 avail Mem 
--
top - 13:03:26 up 111 days,  4:45,  0 users,  load average: 3.96, 1.56, 0.97
Tasks: 400 total,   3 running, 397 sleeping,   0 stopped,   0 zombie
%Cpu(s): 96.3 us,  0.5 sy,  0.0 ni,  3.2 id,  0.0 wa,  0.0 hi,  0.0 si,  0.0 st
KiB Mem : 65877712 total, 56723500 free,  2534672 used,  6619540 buff/cache
KiB Swap: 33554428 total, 32362872 free,  1191556 used. 62079768 avail Mem 
--
top - 13:03:31 up 111 days,  4:45,  0 users,  load average: 6.13, 2.04, 1.13
Tasks: 400 total,   2 running, 398 sleeping,   0 stopped,   0 zombie
%Cpu(s): 96.4 us,  0.4 sy,  0.0 ni,  3.2 id,  0.0 wa,  0.0 hi,  0.0 si,  0.0 st
KiB Mem : 65877712 total, 56552408 free,  2705764 used,  6619540 buff/cache
KiB Swap: 33554428 total, 32362872 free,  1191556 used. 61908676 avail Mem 
--
top - 13:03:36 up 111 days,  4:45,  0 users,  load average: 5.64, 2.01, 1.13
Tasks: 400 total,   1 running, 399 sleeping,   0 stopped,   0 zombie
%Cpu(s): 15.9 us,  0.1 sy,  0.0 ni, 83.9 id,  0.0 wa,  0.0 hi,  0.0 si,  0.0 st
KiB Mem : 65877712 total, 56501412 free,  2756760 used,  6619540 buff/cache
KiB Swap: 33554428 total, 32362872 free,  1191556 used. 61857680 avail Mem 
--
top - 13:03:42 up 111 days,  4:45,  0 users,  load average: 5.19, 1.98, 1.12
Tasks: 400 total,   1 running, 399 sleeping,   0 stopped,   0 zombie
%Cpu(s):  0.0 us,  0.1 sy,  0.0 ni, 99.9 id,  0.0 wa,  0.0 hi,  0.0 si,  0.0 st
KiB Mem : 65877712 total, 56936932 free,  2321240 used,  6619540 buff/cache
KiB Swap: 33554428 total, 32362872 free,  1191556 used. 62293200 avail Mem 
--
top - 13:03:47 up 111 days,  4:46,  0 users,  load average: 4.77, 1.94, 1.12
Tasks: 400 total,   1 running, 399 sleeping,   0 stopped,   0 zombie
%Cpu(s):  0.1 us,  0.1 sy,  0.0 ni, 99.8 id,  0.0 wa,  0.0 hi,  0.0 si,  0.0 st
KiB Mem : 65877712 total, 56925272 free,  2332900 used,  6619540 buff/cache
KiB Swap: 33554428 total, 32362872 free,  1191556 used. 62281540 avail Mem 
--
top - 13:03:52 up 111 days,  4:46,  0 users,  load average: 4.39, 1.91, 1.11
Tasks: 400 total,   1 running, 399 sleeping,   0 stopped,   0 zombie
%Cpu(s):  0.2 us,  0.1 sy,  0.0 ni, 99.7 id,  0.0 wa,  0.0 hi,  0.0 si,  0.0 st
KiB Mem : 65877712 total, 56845944 free,  2412228 used,  6619540 buff/cache
KiB Swap: 33554428 total, 32362872 free,  1191556 used. 62202212 avail Mem 
--
top - 13:03:57 up 111 days,  4:46,  0 users,  load average: 4.04, 1.88, 1.10
Tasks: 400 total,   1 running, 399 sleeping,   0 stopped,   0 zombie
%Cpu(s):  0.1 us,  0.1 sy,  0.0 ni, 99.7 id,  0.0 wa,  0.0 hi,  0.0 si,  0.0 st
KiB Mem : 65877712 total, 56760748 free,  2497424 used,  6619540 buff/cache
KiB Swap: 33554428 total, 32362872 free,  1191556 used. 62117016 avail Mem 
--
top - 13:04:02 up 111 days,  4:46,  0 users,  load average: 3.71, 1.85, 1.10
Tasks: 400 total,   1 running, 399 sleeping,   0 stopped,   0 zombie
%Cpu(s):  0.5 us,  0.3 sy,  0.0 ni, 98.8 id,  0.4 wa,  0.0 hi,  0.0 si,  0.0 st
KiB Mem : 65877712 total, 56702708 free,  2555464 used,  6619540 buff/cache
KiB Swap: 33554428 total, 32362872 free,  1191556 used. 62058976 avail Mem 
--
top - 13:04:07 up 111 days,  4:46,  0 users,  load average: 3.42, 1.82, 1.09
Tasks: 404 total,   1 running, 403 sleeping,   0 stopped,   0 zombie
%Cpu(s):  0.1 us,  0.1 sy,  0.0 ni, 99.8 id,  0.0 wa,  0.0 hi,  0.0 si,  0.0 st
KiB Mem : 65877712 total, 56624632 free,  2633540 used,  6619540 buff/cache
KiB Swap: 33554428 total, 32362872 free,  1191556 used. 61980900 avail Mem 
--
top - 13:04:12 up 111 days,  4:46,  0 users,  load average: 3.14, 1.79, 1.09
Tasks: 404 total,   2 running, 402 sleeping,   0 stopped,   0 zombie
%Cpu(s): 18.0 us,  0.5 sy,  0.0 ni, 81.5 id,  0.0 wa,  0.0 hi,  0.0 si,  0.0 st
KiB Mem : 65877712 total, 56547604 free,  2710564 used,  6619544 buff/cache
KiB Swap: 33554428 total, 32362872 free,  1191556 used. 61903876 avail Mem 
--
top - 13:04:17 up 111 days,  4:46,  0 users,  load average: 5.21, 2.24, 1.24
Tasks: 404 total,   2 running, 402 sleeping,   0 stopped,   0 zombie
%Cpu(s): 96.3 us,  0.5 sy,  0.0 ni,  3.1 id,  0.0 wa,  0.0 hi,  0.0 si,  0.0 st
KiB Mem : 65877712 total, 56385344 free,  2872824 used,  6619544 buff/cache
KiB Swap: 33554428 total, 32362872 free,  1191556 used. 61741616 avail Mem 
--
top - 13:04:22 up 111 days,  4:46,  0 users,  load average: 7.28, 2.72, 1.40
Tasks: 405 total,   2 running, 403 sleeping,   0 stopped,   0 zombie
%Cpu(s): 95.4 us,  0.3 sy,  0.0 ni,  4.2 id,  0.0 wa,  0.0 hi,  0.0 si,  0.0 st
KiB Mem : 65877712 total, 56209620 free,  3048548 used,  6619544 buff/cache
KiB Swap: 33554428 total, 32362872 free,  1191556 used. 61565892 avail Mem 
--
top - 13:04:27 up 111 days,  4:46,  0 users,  load average: 6.70, 2.67, 1.39
Tasks: 405 total,   1 running, 404 sleeping,   0 stopped,   0 zombie
%Cpu(s): 10.3 us,  0.0 sy,  0.0 ni, 89.7 id,  0.0 wa,  0.0 hi,  0.0 si,  0.0 st
KiB Mem : 65877712 total, 56173628 free,  3084540 used,  6619544 buff/cache
KiB Swap: 33554428 total, 32362872 free,  1191556 used. 61529900 avail Mem 
--
top - 13:04:32 up 111 days,  4:46,  0 users,  load average: 6.16, 2.63, 1.38
Tasks: 405 total,   1 running, 404 sleeping,   0 stopped,   0 zombie
%Cpu(s):  0.0 us,  0.0 sy,  0.0 ni, 99.9 id,  0.0 wa,  0.0 hi,  0.0 si,  0.0 st
KiB Mem : 65877712 total, 56532992 free,  2725176 used,  6619544 buff/cache
KiB Swap: 33554428 total, 32362872 free,  1191556 used. 61889264 avail Mem 
--
top - 13:04:37 up 111 days,  4:46,  0 users,  load average: 5.67, 2.58, 1.37
Tasks: 405 total,   1 running, 404 sleeping,   0 stopped,   0 zombie
%Cpu(s):  0.1 us,  0.0 sy,  0.0 ni, 99.9 id,  0.0 wa,  0.0 hi,  0.0 si,  0.0 st
KiB Mem : 65877712 total, 56526792 free,  2731376 used,  6619544 buff/cache
KiB Swap: 33554428 total, 32362872 free,  1191556 used. 61883064 avail Mem 
--
top - 13:04:42 up 111 days,  4:46,  0 users,  load average: 5.21, 2.54, 1.37
Tasks: 405 total,   1 running, 404 sleeping,   0 stopped,   0 zombie
%Cpu(s):  0.1 us,  0.1 sy,  0.0 ni, 99.7 id,  0.0 wa,  0.0 hi,  0.0 si,  0.0 st
KiB Mem : 65877712 total, 56462516 free,  2795652 used,  6619544 buff/cache
KiB Swap: 33554428 total, 32362872 free,  1191556 used. 61818788 avail Mem 
--
top - 13:04:47 up 111 days,  4:47,  0 users,  load average: 4.80, 2.50, 1.36
Tasks: 405 total,   1 running, 404 sleeping,   0 stopped,   0 zombie
%Cpu(s):  0.1 us,  0.1 sy,  0.0 ni, 99.7 id,  0.0 wa,  0.0 hi,  0.0 si,  0.0 st
KiB Mem : 65877712 total, 56391852 free,  2866316 used,  6619544 buff/cache
KiB Swap: 33554428 total, 32362872 free,  1191556 used. 61748124 avail Mem 
--
top - 13:04:52 up 111 days,  4:47,  0 users,  load average: 4.41, 2.46, 1.35
Tasks: 405 total,   1 running, 404 sleeping,   0 stopped,   0 zombie
%Cpu(s):  0.1 us,  0.1 sy,  0.0 ni, 99.7 id,  0.0 wa,  0.0 hi,  0.0 si,  0.0 st
KiB Mem : 65877712 total, 56312552 free,  2945616 used,  6619544 buff/cache
KiB Swap: 33554428 total, 32362872 free,  1191556 used. 61668824 avail Mem 
--
top - 13:04:57 up 111 days,  4:47,  0 users,  load average: 4.14, 2.43, 1.35
Tasks: 405 total,   1 running, 404 sleeping,   0 stopped,   0 zombie
%Cpu(s):  0.1 us,  0.1 sy,  0.0 ni, 99.7 id,  0.0 wa,  0.0 hi,  0.0 si,  0.0 st
KiB Mem : 65877712 total, 56220576 free,  3037592 used,  6619544 buff/cache
KiB Swap: 33554428 total, 32362872 free,  1191556 used. 61576848 avail Mem 
--
top - 13:05:02 up 111 days,  4:47,  0 users,  load average: 5.65, 2.77, 1.47
Tasks: 403 total,   1 running, 402 sleeping,   0 stopped,   0 zombie
%Cpu(s): 52.2 us,  0.7 sy,  0.0 ni, 47.1 id,  0.0 wa,  0.0 hi,  0.0 si,  0.0 st
KiB Mem : 65877712 total, 56103248 free,  3154916 used,  6619548 buff/cache
KiB Swap: 33554428 total, 32362872 free,  1191556 used. 61459524 avail Mem 
--
top - 13:05:07 up 111 days,  4:47,  0 users,  load average: 7.68, 3.24, 1.62
Tasks: 399 total,   1 running, 398 sleeping,   0 stopped,   0 zombie
%Cpu(s): 96.5 us,  0.3 sy,  0.0 ni,  3.1 id,  0.0 wa,  0.0 hi,  0.0 si,  0.0 st
KiB Mem : 65877712 total, 55954568 free,  3303596 used,  6619548 buff/cache
KiB Swap: 33554428 total, 32362872 free,  1191556 used. 61310596 avail Mem 
--
top - 13:05:12 up 111 days,  4:47,  0 users,  load average: 7.70, 3.32, 1.66
Tasks: 399 total,   1 running, 398 sleeping,   0 stopped,   0 zombie
%Cpu(s): 59.1 us,  0.5 sy,  0.0 ni, 40.4 id,  0.0 wa,  0.0 hi,  0.0 si,  0.0 st
KiB Mem : 65877712 total, 55778056 free,  3480108 used,  6619548 buff/cache
KiB Swap: 33554428 total, 32362872 free,  1191556 used. 61134332 avail Mem 
--
top - 13:05:17 up 111 days,  4:47,  0 users,  load average: 7.09, 3.27, 1.65
Tasks: 399 total,   1 running, 398 sleeping,   0 stopped,   0 zombie
%Cpu(s):  2.3 us,  0.1 sy,  0.0 ni, 97.5 id,  0.1 wa,  0.0 hi,  0.0 si,  0.0 st
KiB Mem : 65877712 total, 56118068 free,  3140096 used,  6619548 buff/cache
KiB Swap: 33554428 total, 32362872 free,  1191556 used. 61474344 avail Mem 
--
top - 13:05:22 up 111 days,  4:47,  0 users,  load average: 6.52, 3.21, 1.64
Tasks: 399 total,   1 running, 398 sleeping,   0 stopped,   0 zombie
%Cpu(s):  0.0 us,  0.0 sy,  0.0 ni, 99.9 id,  0.0 wa,  0.0 hi,  0.0 si,  0.0 st
KiB Mem : 65877712 total, 56119432 free,  3138732 used,  6619548 buff/cache
KiB Swap: 33554428 total, 32362872 free,  1191556 used. 61475708 avail Mem 
--
top - 13:05:27 up 111 days,  4:47,  0 users,  load average: 6.00, 3.16, 1.63
Tasks: 399 total,   1 running, 398 sleeping,   0 stopped,   0 zombie
%Cpu(s):  0.2 us,  0.1 sy,  0.0 ni, 99.8 id,  0.0 wa,  0.0 hi,  0.0 si,  0.0 st
KiB Mem : 65877712 total, 56065620 free,  3192544 used,  6619548 buff/cache
KiB Swap: 33554428 total, 32362872 free,  1191556 used. 61421896 avail Mem 
--
top - 13:05:32 up 111 days,  4:47,  0 users,  load average: 5.52, 3.11, 1.62
Tasks: 398 total,   1 running, 397 sleeping,   0 stopped,   0 zombie
%Cpu(s):  0.1 us,  0.1 sy,  0.0 ni, 99.7 id,  0.0 wa,  0.0 hi,  0.0 si,  0.0 st
KiB Mem : 65877712 total, 55986904 free,  3271260 used,  6619548 buff/cache
KiB Swap: 33554428 total, 32362872 free,  1191556 used. 61343180 avail Mem 
--
top - 13:05:37 up 111 days,  4:47,  0 users,  load average: 5.08, 3.06, 1.62
Tasks: 398 total,   1 running, 397 sleeping,   0 stopped,   0 zombie
%Cpu(s):  0.1 us,  0.1 sy,  0.0 ni, 99.7 id,  0.0 wa,  0.0 hi,  0.0 si,  0.0 st
KiB Mem : 65877712 total, 55911652 free,  3346512 used,  6619548 buff/cache
KiB Swap: 33554428 total, 32362872 free,  1191556 used. 61267928 avail Mem 
--
top - 13:05:42 up 111 days,  4:47,  0 users,  load average: 4.67, 3.01, 1.61
Tasks: 398 total,   1 running, 397 sleeping,   0 stopped,   0 zombie
%Cpu(s):  0.1 us,  0.1 sy,  0.0 ni, 99.8 id,  0.0 wa,  0.0 hi,  0.0 si,  0.0 st
KiB Mem : 65877712 total, 55856488 free,  3401676 used,  6619548 buff/cache
KiB Swap: 33554428 total, 32362872 free,  1191556 used. 61212764 avail Mem 
--
top - 13:05:47 up 111 days,  4:48,  0 users,  load average: 4.30, 2.96, 1.60
Tasks: 398 total,   1 running, 397 sleeping,   0 stopped,   0 zombie
%Cpu(s): 19.3 us,  0.7 sy,  0.0 ni, 80.1 id,  0.0 wa,  0.0 hi,  0.0 si,  0.0 st
KiB Mem : 65877712 total, 55715656 free,  3542508 used,  6619548 buff/cache
KiB Swap: 33554428 total, 32362872 free,  1191556 used. 61072368 avail Mem 
--
top - 13:05:52 up 111 days,  4:48,  0 users,  load average: 6.35, 3.40, 1.75
Tasks: 398 total,   1 running, 397 sleeping,   0 stopped,   0 zombie
%Cpu(s): 96.3 us,  0.6 sy,  0.0 ni,  3.1 id,  0.0 wa,  0.0 hi,  0.0 si,  0.0 st
KiB Mem : 65877712 total, 55527960 free,  3730204 used,  6619548 buff/cache
KiB Swap: 33554428 total, 32362872 free,  1191556 used. 60884236 avail Mem 
--
top - 13:05:57 up 111 days,  4:48,  0 users,  load average: 8.09, 3.81, 1.89
Tasks: 398 total,   1 running, 397 sleeping,   0 stopped,   0 zombie
%Cpu(s): 91.3 us,  0.8 sy,  0.0 ni,  7.8 id,  0.0 wa,  0.0 hi,  0.0 si,  0.0 st
KiB Mem : 65877712 total, 55389128 free,  3869032 used,  6619552 buff/cache
KiB Swap: 33554428 total, 32362872 free,  1191556 used. 60745408 avail Mem 
--
top - 13:06:02 up 111 days,  4:48,  0 users,  load average: 7.44, 3.75, 1.88
Tasks: 403 total,   1 running, 402 sleeping,   0 stopped,   0 zombie
%Cpu(s): 20.0 us,  0.5 sy,  0.0 ni, 79.1 id,  0.4 wa,  0.0 hi,  0.0 si,  0.0 st
KiB Mem : 65877712 total, 55338328 free,  3919828 used,  6619556 buff/cache
KiB Swap: 33554428 total, 32362872 free,  1191556 used. 60694608 avail Mem 
