10.149.0.30
2024/01/02 13:25:48 Master node address: http://10.149.0.68:8000
2024/01/02 13:25:48 Benchmarking worker...
2024/01/02 13:25:50 Worker registered (1811 MCUPS). Waiting for work...
2024/01/02 13:26:49 Got work. Start calculating alignments...
2024/01/02 13:26:49 Calculating 1999 queries
2024/01/02 13:26:59 Done calculating alignments.
2024/01/02 13:26:59 Waiting for work...
2024/01/02 13:27:40 Got work. Start calculating alignments...
2024/01/02 13:27:40 Calculating 1999 queries
2024/01/02 13:27:50 Done calculating alignments.
2024/01/02 13:27:50 Waiting for work...
2024/01/02 13:28:32 Got work. Start calculating alignments...
2024/01/02 13:28:32 Calculating 1997 queries
2024/01/02 13:28:42 Done calculating alignments.
2024/01/02 13:28:42 Waiting for work...
2024/01/02 13:29:22 Got work. Start calculating alignments...
2024/01/02 13:29:22 Calculating 1999 queries
2024/01/02 13:29:29 Done calculating alignments.
2024/01/02 13:29:29 Waiting for work...
2024/01/02 13:30:14 Got work. Start calculating alignments...
2024/01/02 13:30:14 Calculating 1998 queries
2024/01/02 13:30:23 Done calculating alignments.
2024/01/02 13:30:23 Waiting for work...
slurmstepd: error: *** JOB 4755022 ON node030 CANCELLED AT 2024-01-02T13:30:26 ***
