10.149.0.30
2024/01/02 13:01:27 Master node address: http://10.149.0.55:8000
2024/01/02 13:01:27 Benchmarking worker...
2024/01/02 13:01:28 Worker registered (1818 MCUPS). Waiting for work...
2024/01/02 13:02:28 Got work. Start calculating alignments...
2024/01/02 13:02:28 Calculating 3988 queries
2024/01/02 13:02:44 Done calculating alignments.
2024/01/02 13:02:44 Waiting for work...
2024/01/02 13:03:20 Got work. Start calculating alignments...
2024/01/02 13:03:20 Calculating 3989 queries
2024/01/02 13:03:36 Done calculating alignments.
2024/01/02 13:03:36 Waiting for work...
2024/01/02 13:04:13 Got work. Start calculating alignments...
2024/01/02 13:04:13 Calculating 3989 queries
2024/01/02 13:04:29 Done calculating alignments.
2024/01/02 13:04:29 Waiting for work...
2024/01/02 13:05:00 Got work. Start calculating alignments...
2024/01/02 13:05:00 Calculating 3989 queries
2024/01/02 13:05:15 Done calculating alignments.
2024/01/02 13:05:15 Waiting for work...
2024/01/02 13:05:45 Got work. Start calculating alignments...
2024/01/02 13:05:45 Calculating 3987 queries
2024/01/02 13:06:01 Done calculating alignments.
2024/01/02 13:06:01 Waiting for work...
slurmstepd: error: *** JOB 4754998 ON node030 CANCELLED AT 2024-01-02T13:06:06 ***
