Job id: 4755022
Worker ip: 10.149.0.30
Master ip: 10.149.0.68
--
top - 13:25:47 up 111 days,  5:09,  0 users,  load average: 0.06, 0.28, 0.76
Tasks: 399 total,   1 running, 398 sleeping,   0 stopped,   0 zombie
%Cpu(s):  0.4 us,  0.9 sy,  0.0 ni, 98.8 id,  0.0 wa,  0.0 hi,  0.0 si,  0.0 st
KiB Mem : 65877712 total, 56385492 free,  1097404 used,  8394816 buff/cache
KiB Swap: 33554428 total, 32344312 free,  1210116 used. 63533628 avail Mem 
--
top - 13:25:52 up 111 days,  5:09,  0 users,  load average: 0.06, 0.27, 0.76
Tasks: 406 total,   1 running, 405 sleeping,   0 stopped,   0 zombie
%Cpu(s):  1.8 us,  0.7 sy,  0.0 ni, 97.2 id,  0.3 wa,  0.0 hi,  0.0 si,  0.0 st
KiB Mem : 65877712 total, 56346672 free,  1129832 used,  8401208 buff/cache
KiB Swap: 33554428 total, 32344312 free,  1210116 used. 63507932 avail Mem 
--
top - 13:25:57 up 111 days,  5:09,  0 users,  load average: 0.05, 0.27, 0.76
Tasks: 406 total,   1 running, 405 sleeping,   0 stopped,   0 zombie
%Cpu(s):  0.0 us,  0.0 sy,  0.0 ni, 99.9 id,  0.1 wa,  0.0 hi,  0.0 si,  0.0 st
KiB Mem : 65877712 total, 56347012 free,  1129772 used,  8400928 buff/cache
KiB Swap: 33554428 total, 32344312 free,  1210116 used. 63507564 avail Mem 
--
top - 13:26:02 up 111 days,  5:09,  0 users,  load average: 0.13, 0.28, 0.76
Tasks: 406 total,   1 running, 405 sleeping,   0 stopped,   0 zombie
%Cpu(s):  0.4 us,  0.2 sy,  0.0 ni, 98.8 id,  0.6 wa,  0.0 hi,  0.0 si,  0.0 st
KiB Mem : 65877712 total, 56344192 free,  1131968 used,  8401552 buff/cache
KiB Swap: 33554428 total, 32344312 free,  1210116 used. 63498944 avail Mem 
--
top - 13:26:07 up 111 days,  5:09,  0 users,  load average: 0.12, 0.28, 0.75
Tasks: 406 total,   1 running, 405 sleeping,   0 stopped,   0 zombie
%Cpu(s):  0.0 us,  0.0 sy,  0.0 ni, 99.9 id,  0.0 wa,  0.0 hi,  0.0 si,  0.0 st
KiB Mem : 65877712 total, 56347812 free,  1128368 used,  8401532 buff/cache
KiB Swap: 33554428 total, 32344312 free,  1210116 used. 63502564 avail Mem 
--
top - 13:26:12 up 111 days,  5:09,  0 users,  load average: 0.11, 0.27, 0.75
Tasks: 406 total,   1 running, 405 sleeping,   0 stopped,   0 zombie
%Cpu(s):  0.0 us,  0.0 sy,  0.0 ni,100.0 id,  0.0 wa,  0.0 hi,  0.0 si,  0.0 st
KiB Mem : 65877712 total, 56349360 free,  1126820 used,  8401532 buff/cache
KiB Swap: 33554428 total, 32344312 free,  1210116 used. 63504116 avail Mem 
--
top - 13:26:17 up 111 days,  5:09,  0 users,  load average: 0.10, 0.27, 0.75
Tasks: 406 total,   1 running, 405 sleeping,   0 stopped,   0 zombie
%Cpu(s):  0.0 us,  0.0 sy,  0.0 ni, 99.9 id,  0.0 wa,  0.0 hi,  0.0 si,  0.0 st
KiB Mem : 65877712 total, 56350460 free,  1125720 used,  8401532 buff/cache
KiB Swap: 33554428 total, 32344312 free,  1210116 used. 63505216 avail Mem 
--
top - 13:26:22 up 111 days,  5:09,  0 users,  load average: 0.09, 0.26, 0.74
Tasks: 406 total,   1 running, 405 sleeping,   0 stopped,   0 zombie
%Cpu(s):  0.0 us,  0.0 sy,  0.0 ni, 99.9 id,  0.0 wa,  0.0 hi,  0.0 si,  0.0 st
KiB Mem : 65877712 total, 56335908 free,  1140272 used,  8401532 buff/cache
KiB Swap: 33554428 total, 32344312 free,  1210116 used. 63490664 avail Mem 
--
top - 13:26:27 up 111 days,  5:09,  0 users,  load average: 0.09, 0.26, 0.74
Tasks: 406 total,   2 running, 404 sleeping,   0 stopped,   0 zombie
%Cpu(s):  0.1 us,  0.0 sy,  0.0 ni, 99.9 id,  0.0 wa,  0.0 hi,  0.0 si,  0.0 st
KiB Mem : 65877712 total, 56289292 free,  1186888 used,  8401532 buff/cache
KiB Swap: 33554428 total, 32344312 free,  1210116 used. 63444048 avail Mem 
--
top - 13:26:32 up 111 days,  5:09,  0 users,  load average: 0.08, 0.25, 0.73
Tasks: 406 total,   1 running, 405 sleeping,   0 stopped,   0 zombie
%Cpu(s):  0.1 us,  0.0 sy,  0.0 ni, 99.9 id,  0.0 wa,  0.0 hi,  0.0 si,  0.0 st
KiB Mem : 65877712 total, 56255532 free,  1220648 used,  8401532 buff/cache
KiB Swap: 33554428 total, 32344312 free,  1210116 used. 63410288 avail Mem 
--
top - 13:26:37 up 111 days,  5:09,  0 users,  load average: 0.07, 0.25, 0.73
Tasks: 406 total,   1 running, 405 sleeping,   0 stopped,   0 zombie
%Cpu(s):  0.1 us,  0.0 sy,  0.0 ni, 99.9 id,  0.0 wa,  0.0 hi,  0.0 si,  0.0 st
KiB Mem : 65877712 total, 56205304 free,  1270876 used,  8401532 buff/cache
KiB Swap: 33554428 total, 32344312 free,  1210116 used. 63360060 avail Mem 
--
top - 13:26:42 up 111 days,  5:10,  0 users,  load average: 0.07, 0.25, 0.73
Tasks: 406 total,   1 running, 405 sleeping,   0 stopped,   0 zombie
%Cpu(s):  0.1 us,  0.0 sy,  0.0 ni, 99.9 id,  0.0 wa,  0.0 hi,  0.0 si,  0.0 st
KiB Mem : 65877712 total, 56170120 free,  1306056 used,  8401536 buff/cache
KiB Swap: 33554428 total, 32344312 free,  1210116 used. 63324876 avail Mem 
--
top - 13:26:47 up 111 days,  5:10,  0 users,  load average: 0.06, 0.24, 0.72
Tasks: 406 total,   1 running, 405 sleeping,   0 stopped,   0 zombie
%Cpu(s):  0.1 us,  0.1 sy,  0.0 ni, 99.9 id,  0.0 wa,  0.0 hi,  0.0 si,  0.0 st
KiB Mem : 65877712 total, 56125364 free,  1350812 used,  8401536 buff/cache
KiB Swap: 33554428 total, 32344312 free,  1210116 used. 63280120 avail Mem 
--
top - 13:26:52 up 111 days,  5:10,  0 users,  load average: 2.54, 0.75, 0.89
Tasks: 406 total,   1 running, 405 sleeping,   0 stopped,   0 zombie
%Cpu(s): 51.9 us,  0.6 sy,  0.0 ni, 47.5 id,  0.0 wa,  0.0 hi,  0.0 si,  0.0 st
KiB Mem : 65877712 total, 55752944 free,  1723232 used,  8401536 buff/cache
KiB Swap: 33554428 total, 32344312 free,  1210116 used. 62907712 avail Mem 
--
top - 13:26:57 up 111 days,  5:10,  0 users,  load average: 4.42, 1.17, 1.02
Tasks: 406 total,   1 running, 405 sleeping,   0 stopped,   0 zombie
%Cpu(s): 59.9 us,  0.2 sy,  0.0 ni, 39.9 id,  0.0 wa,  0.0 hi,  0.0 si,  0.0 st
KiB Mem : 65877712 total, 55625800 free,  1850376 used,  8401536 buff/cache
KiB Swap: 33554428 total, 32344312 free,  1210116 used. 62780568 avail Mem 
--
top - 13:27:02 up 111 days,  5:10,  0 users,  load average: 4.14, 1.17, 1.02
Tasks: 406 total,   1 running, 405 sleeping,   0 stopped,   0 zombie
%Cpu(s):  0.0 us,  0.0 sy,  0.0 ni, 99.9 id,  0.0 wa,  0.0 hi,  0.0 si,  0.0 st
KiB Mem : 65877712 total, 55851980 free,  1624196 used,  8401536 buff/cache
KiB Swap: 33554428 total, 32344312 free,  1210116 used. 63006748 avail Mem 
--
top - 13:27:07 up 111 days,  5:10,  0 users,  load average: 3.81, 1.15, 1.01
Tasks: 406 total,   1 running, 405 sleeping,   0 stopped,   0 zombie
%Cpu(s):  0.0 us,  0.0 sy,  0.0 ni, 99.9 id,  0.0 wa,  0.0 hi,  0.0 si,  0.0 st
KiB Mem : 65877712 total, 55850420 free,  1625756 used,  8401536 buff/cache
KiB Swap: 33554428 total, 32344312 free,  1210116 used. 63005188 avail Mem 
--
top - 13:27:12 up 111 days,  5:10,  0 users,  load average: 3.51, 1.13, 1.01
Tasks: 405 total,   1 running, 404 sleeping,   0 stopped,   0 zombie
%Cpu(s):  0.1 us,  0.1 sy,  0.0 ni, 99.8 id,  0.0 wa,  0.0 hi,  0.0 si,  0.0 st
KiB Mem : 65877712 total, 55817864 free,  1658312 used,  8401536 buff/cache
KiB Swap: 33554428 total, 32344312 free,  1210116 used. 62972632 avail Mem 
--
top - 13:27:17 up 111 days,  5:10,  0 users,  load average: 3.23, 1.11, 1.00
Tasks: 405 total,   1 running, 404 sleeping,   0 stopped,   0 zombie
%Cpu(s):  0.1 us,  0.1 sy,  0.0 ni, 99.8 id,  0.0 wa,  0.0 hi,  0.0 si,  0.0 st
KiB Mem : 65877712 total, 55772224 free,  1703952 used,  8401536 buff/cache
KiB Swap: 33554428 total, 32344312 free,  1210116 used. 62926992 avail Mem 
--
top - 13:27:22 up 111 days,  5:10,  0 users,  load average: 2.97, 1.09, 1.00
Tasks: 405 total,   1 running, 404 sleeping,   0 stopped,   0 zombie
%Cpu(s):  0.1 us,  0.1 sy,  0.0 ni, 99.9 id,  0.0 wa,  0.0 hi,  0.0 si,  0.0 st
KiB Mem : 65877712 total, 55741612 free,  1734564 used,  8401536 buff/cache
KiB Swap: 33554428 total, 32344312 free,  1210116 used. 62896380 avail Mem 
--
top - 13:27:27 up 111 days,  5:10,  0 users,  load average: 2.73, 1.07, 0.99
Tasks: 405 total,   1 running, 404 sleeping,   0 stopped,   0 zombie
%Cpu(s):  0.1 us,  0.1 sy,  0.0 ni, 99.9 id,  0.0 wa,  0.0 hi,  0.0 si,  0.0 st
KiB Mem : 65877712 total, 55695592 free,  1780584 used,  8401536 buff/cache
KiB Swap: 33554428 total, 32344312 free,  1210116 used. 62850360 avail Mem 
--
top - 13:27:32 up 111 days,  5:10,  0 users,  load average: 2.51, 1.06, 0.99
Tasks: 405 total,   1 running, 404 sleeping,   0 stopped,   0 zombie
%Cpu(s):  0.1 us,  0.1 sy,  0.0 ni, 99.9 id,  0.0 wa,  0.0 hi,  0.0 si,  0.0 st
KiB Mem : 65877712 total, 55655756 free,  1820420 used,  8401536 buff/cache
KiB Swap: 33554428 total, 32344312 free,  1210116 used. 62810524 avail Mem 
--
top - 13:27:37 up 111 days,  5:10,  0 users,  load average: 2.31, 1.04, 0.98
Tasks: 405 total,   1 running, 404 sleeping,   0 stopped,   0 zombie
%Cpu(s):  0.1 us,  0.1 sy,  0.0 ni, 99.9 id,  0.0 wa,  0.0 hi,  0.0 si,  0.0 st
KiB Mem : 65877712 total, 55639636 free,  1836540 used,  8401536 buff/cache
KiB Swap: 33554428 total, 32344312 free,  1210116 used. 62794404 avail Mem 
--
top - 13:27:42 up 111 days,  5:11,  0 users,  load average: 2.12, 1.02, 0.98
Tasks: 404 total,   1 running, 403 sleeping,   0 stopped,   0 zombie
%Cpu(s): 38.4 us,  0.4 sy,  0.0 ni, 61.3 id,  0.0 wa,  0.0 hi,  0.0 si,  0.0 st
KiB Mem : 65877712 total, 55523436 free,  1952736 used,  8401540 buff/cache
KiB Swap: 33554428 total, 32344312 free,  1210116 used. 62678208 avail Mem 
--
top - 13:27:47 up 111 days,  5:11,  0 users,  load average: 4.04, 1.44, 1.11
Tasks: 404 total,   1 running, 403 sleeping,   0 stopped,   0 zombie
%Cpu(s): 73.9 us,  0.4 sy,  0.0 ni, 25.7 id,  0.0 wa,  0.0 hi,  0.0 si,  0.0 st
KiB Mem : 65877712 total, 55378436 free,  2097736 used,  8401540 buff/cache
KiB Swap: 33554428 total, 32344312 free,  1210116 used. 62533208 avail Mem 
--
top - 13:27:52 up 111 days,  5:11,  0 users,  load average: 3.71, 1.41, 1.11
Tasks: 404 total,   1 running, 403 sleeping,   0 stopped,   0 zombie
%Cpu(s):  0.0 us,  0.0 sy,  0.0 ni, 99.9 id,  0.0 wa,  0.0 hi,  0.0 si,  0.0 st
KiB Mem : 65877712 total, 55627976 free,  1848196 used,  8401540 buff/cache
KiB Swap: 33554428 total, 32344312 free,  1210116 used. 62782748 avail Mem 
--
top - 13:27:57 up 111 days,  5:11,  0 users,  load average: 3.42, 1.39, 1.10
Tasks: 404 total,   1 running, 403 sleeping,   0 stopped,   0 zombie
%Cpu(s):  0.0 us,  0.0 sy,  0.0 ni, 99.9 id,  0.0 wa,  0.0 hi,  0.0 si,  0.0 st
KiB Mem : 65877712 total, 55630700 free,  1845472 used,  8401540 buff/cache
KiB Swap: 33554428 total, 32344312 free,  1210116 used. 62785472 avail Mem 
--
top - 13:28:02 up 111 days,  5:11,  0 users,  load average: 3.22, 1.38, 1.10
Tasks: 404 total,   1 running, 403 sleeping,   0 stopped,   0 zombie
%Cpu(s):  0.5 us,  0.3 sy,  0.0 ni, 98.7 id,  0.6 wa,  0.0 hi,  0.0 si,  0.0 st
KiB Mem : 65877712 total, 55579716 free,  1896456 used,  8401540 buff/cache
KiB Swap: 33554428 total, 32344312 free,  1210116 used. 62734488 avail Mem 
--
top - 13:28:07 up 111 days,  5:11,  0 users,  load average: 3.12, 1.39, 1.10
Tasks: 404 total,   1 running, 403 sleeping,   0 stopped,   0 zombie
%Cpu(s):  0.1 us,  0.1 sy,  0.0 ni, 99.9 id,  0.0 wa,  0.0 hi,  0.0 si,  0.0 st
KiB Mem : 65877712 total, 55545628 free,  1930544 used,  8401540 buff/cache
KiB Swap: 33554428 total, 32344312 free,  1210116 used. 62700400 avail Mem 
--
top - 13:28:12 up 111 days,  5:11,  0 users,  load average: 2.87, 1.37, 1.10
Tasks: 406 total,   1 running, 405 sleeping,   0 stopped,   0 zombie
%Cpu(s):  0.1 us,  0.0 sy,  0.0 ni, 99.9 id,  0.0 wa,  0.0 hi,  0.0 si,  0.0 st
KiB Mem : 65877712 total, 55514740 free,  1961428 used,  8401544 buff/cache
KiB Swap: 33554428 total, 32344312 free,  1210116 used. 62669516 avail Mem 
--
top - 13:28:17 up 111 days,  5:11,  0 users,  load average: 2.64, 1.35, 1.09
Tasks: 406 total,   1 running, 405 sleeping,   0 stopped,   0 zombie
%Cpu(s):  0.1 us,  0.1 sy,  0.0 ni, 99.9 id,  0.0 wa,  0.0 hi,  0.0 si,  0.0 st
KiB Mem : 65877712 total, 55482064 free,  1994104 used,  8401544 buff/cache
KiB Swap: 33554428 total, 32344312 free,  1210116 used. 62636840 avail Mem 
--
top - 13:28:22 up 111 days,  5:11,  0 users,  load average: 2.43, 1.32, 1.09
Tasks: 406 total,   1 running, 405 sleeping,   0 stopped,   0 zombie
%Cpu(s):  0.1 us,  0.1 sy,  0.0 ni, 99.9 id,  0.0 wa,  0.0 hi,  0.0 si,  0.0 st
KiB Mem : 65877712 total, 55439148 free,  2037020 used,  8401544 buff/cache
KiB Swap: 33554428 total, 32344312 free,  1210116 used. 62593924 avail Mem 
--
top - 13:28:27 up 111 days,  5:11,  0 users,  load average: 2.24, 1.30, 1.08
Tasks: 406 total,   1 running, 405 sleeping,   0 stopped,   0 zombie
%Cpu(s):  0.1 us,  0.1 sy,  0.0 ni, 99.9 id,  0.0 wa,  0.0 hi,  0.0 si,  0.0 st
KiB Mem : 65877712 total, 55416068 free,  2060100 used,  8401544 buff/cache
KiB Swap: 33554428 total, 32344312 free,  1210116 used. 62570844 avail Mem 
--
top - 13:28:33 up 111 days,  5:11,  0 users,  load average: 2.14, 1.30, 1.08
Tasks: 406 total,   1 running, 405 sleeping,   0 stopped,   0 zombie
%Cpu(s):  0.2 us,  0.2 sy,  0.0 ni, 99.6 id,  0.0 wa,  0.0 hi,  0.0 si,  0.0 st
KiB Mem : 65877712 total, 55363384 free,  2112784 used,  8401544 buff/cache
KiB Swap: 33554428 total, 32344312 free,  1210116 used. 62518160 avail Mem 
--
top - 13:28:38 up 111 days,  5:11,  0 users,  load average: 3.81, 1.66, 1.20
Tasks: 406 total,   1 running, 405 sleeping,   0 stopped,   0 zombie
%Cpu(s): 94.0 us,  1.0 sy,  0.0 ni,  5.0 id,  0.0 wa,  0.0 hi,  0.0 si,  0.0 st
KiB Mem : 65877712 total, 55199064 free,  2277100 used,  8401548 buff/cache
KiB Swap: 33554428 total, 32344312 free,  1210116 used. 62353844 avail Mem 
--
top - 13:28:43 up 111 days,  5:12,  0 users,  load average: 3.50, 1.63, 1.19
Tasks: 406 total,   1 running, 405 sleeping,   0 stopped,   0 zombie
%Cpu(s):  9.4 us,  0.0 sy,  0.0 ni, 90.6 id,  0.0 wa,  0.0 hi,  0.0 si,  0.0 st
KiB Mem : 65877712 total, 55175000 free,  2301164 used,  8401548 buff/cache
KiB Swap: 33554428 total, 32344312 free,  1210116 used. 62329780 avail Mem 
--
top - 13:28:48 up 111 days,  5:12,  0 users,  load average: 3.22, 1.60, 1.18
Tasks: 406 total,   1 running, 405 sleeping,   0 stopped,   0 zombie
%Cpu(s):  0.0 us,  0.1 sy,  0.0 ni, 99.9 id,  0.0 wa,  0.0 hi,  0.0 si,  0.0 st
KiB Mem : 65877712 total, 55416648 free,  2059516 used,  8401548 buff/cache
KiB Swap: 33554428 total, 32344312 free,  1210116 used. 62571428 avail Mem 
--
top - 13:28:53 up 111 days,  5:12,  0 users,  load average: 2.97, 1.58, 1.18
Tasks: 406 total,   1 running, 405 sleeping,   0 stopped,   0 zombie
%Cpu(s):  0.1 us,  0.0 sy,  0.0 ni, 99.9 id,  0.0 wa,  0.0 hi,  0.0 si,  0.0 st
KiB Mem : 65877712 total, 55393920 free,  2082244 used,  8401548 buff/cache
KiB Swap: 33554428 total, 32344312 free,  1210116 used. 62548700 avail Mem 
--
top - 13:28:58 up 111 days,  5:12,  0 users,  load average: 2.73, 1.55, 1.17
Tasks: 406 total,   1 running, 405 sleeping,   0 stopped,   0 zombie
%Cpu(s):  0.1 us,  0.1 sy,  0.0 ni, 99.9 id,  0.0 wa,  0.0 hi,  0.0 si,  0.0 st
KiB Mem : 65877712 total, 55355728 free,  2120436 used,  8401548 buff/cache
KiB Swap: 33554428 total, 32344312 free,  1210116 used. 62510508 avail Mem 
--
top - 13:29:03 up 111 days,  5:12,  0 users,  load average: 2.51, 1.52, 1.17
Tasks: 406 total,   1 running, 405 sleeping,   0 stopped,   0 zombie
%Cpu(s):  0.1 us,  0.1 sy,  0.0 ni, 99.9 id,  0.0 wa,  0.0 hi,  0.0 si,  0.0 st
KiB Mem : 65877712 total, 55324432 free,  2151732 used,  8401548 buff/cache
KiB Swap: 33554428 total, 32344312 free,  1210116 used. 62479212 avail Mem 
--
top - 13:29:08 up 111 days,  5:12,  0 users,  load average: 2.31, 1.50, 1.16
Tasks: 406 total,   1 running, 405 sleeping,   0 stopped,   0 zombie
%Cpu(s):  0.1 us,  0.1 sy,  0.0 ni, 99.9 id,  0.0 wa,  0.0 hi,  0.0 si,  0.0 st
KiB Mem : 65877712 total, 55276420 free,  2199744 used,  8401548 buff/cache
KiB Swap: 33554428 total, 32344312 free,  1210116 used. 62431200 avail Mem 
--
top - 13:29:13 up 111 days,  5:12,  0 users,  load average: 2.12, 1.47, 1.15
Tasks: 405 total,   1 running, 404 sleeping,   0 stopped,   0 zombie
%Cpu(s):  0.1 us,  0.1 sy,  0.0 ni, 99.9 id,  0.0 wa,  0.0 hi,  0.0 si,  0.0 st
KiB Mem : 65877712 total, 55236164 free,  2240000 used,  8401548 buff/cache
KiB Swap: 33554428 total, 32344312 free,  1210116 used. 62390944 avail Mem 
--
top - 13:29:18 up 111 days,  5:12,  0 users,  load average: 1.95, 1.45, 1.15
Tasks: 405 total,   1 running, 404 sleeping,   0 stopped,   0 zombie
%Cpu(s):  0.1 us,  0.1 sy,  0.0 ni, 99.9 id,  0.0 wa,  0.0 hi,  0.0 si,  0.0 st
KiB Mem : 65877712 total, 55206780 free,  2269384 used,  8401548 buff/cache
KiB Swap: 33554428 total, 32344312 free,  1210116 used. 62361560 avail Mem 
--
top - 13:29:23 up 111 days,  5:12,  0 users,  load average: 1.80, 1.43, 1.14
Tasks: 405 total,   2 running, 403 sleeping,   0 stopped,   0 zombie
%Cpu(s): 23.4 us,  0.4 sy,  0.0 ni, 76.1 id,  0.0 wa,  0.0 hi,  0.0 si,  0.0 st
KiB Mem : 65877712 total, 55142068 free,  2334092 used,  8401552 buff/cache
KiB Swap: 33554428 total, 32344312 free,  1210116 used. 62296848 avail Mem 
--
top - 13:29:28 up 111 days,  5:12,  0 users,  load average: 3.41, 1.77, 1.25
Tasks: 405 total,   1 running, 404 sleeping,   0 stopped,   0 zombie
%Cpu(s): 81.8 us,  0.5 sy,  0.0 ni, 17.7 id,  0.0 wa,  0.0 hi,  0.0 si,  0.0 st
KiB Mem : 65877712 total, 54978060 free,  2498100 used,  8401552 buff/cache
KiB Swap: 33554428 total, 32344312 free,  1210116 used. 62132844 avail Mem 
--
top - 13:29:33 up 111 days,  5:12,  0 users,  load average: 3.14, 1.74, 1.25
Tasks: 405 total,   1 running, 404 sleeping,   0 stopped,   0 zombie
%Cpu(s):  0.4 us,  0.0 sy,  0.0 ni, 99.6 id,  0.0 wa,  0.0 hi,  0.0 si,  0.0 st
KiB Mem : 65877712 total, 55183948 free,  2292212 used,  8401552 buff/cache
KiB Swap: 33554428 total, 32344312 free,  1210116 used. 62338732 avail Mem 
--
top - 13:29:38 up 111 days,  5:12,  0 users,  load average: 2.89, 1.71, 1.24
Tasks: 405 total,   1 running, 404 sleeping,   0 stopped,   0 zombie
%Cpu(s):  0.0 us,  0.0 sy,  0.0 ni,100.0 id,  0.0 wa,  0.0 hi,  0.0 si,  0.0 st
KiB Mem : 65877712 total, 55184300 free,  2291860 used,  8401552 buff/cache
KiB Swap: 33554428 total, 32344312 free,  1210116 used. 62339084 avail Mem 
--
top - 13:29:43 up 111 days,  5:13,  0 users,  load average: 2.66, 1.68, 1.23
Tasks: 405 total,   1 running, 404 sleeping,   0 stopped,   0 zombie
%Cpu(s):  0.1 us,  0.1 sy,  0.0 ni, 99.9 id,  0.0 wa,  0.0 hi,  0.0 si,  0.0 st
KiB Mem : 65877712 total, 55167988 free,  2308172 used,  8401552 buff/cache
KiB Swap: 33554428 total, 32344312 free,  1210116 used. 62322772 avail Mem 
--
top - 13:29:48 up 111 days,  5:13,  0 users,  load average: 2.45, 1.65, 1.22
Tasks: 405 total,   1 running, 404 sleeping,   0 stopped,   0 zombie
%Cpu(s):  0.1 us,  0.1 sy,  0.0 ni, 99.8 id,  0.0 wa,  0.0 hi,  0.0 si,  0.0 st
KiB Mem : 65877712 total, 55131280 free,  2344864 used,  8401568 buff/cache
KiB Swap: 33554428 total, 32344328 free,  1210100 used. 62286064 avail Mem 
--
top - 13:29:53 up 111 days,  5:13,  0 users,  load average: 2.25, 1.63, 1.22
Tasks: 405 total,   1 running, 404 sleeping,   0 stopped,   0 zombie
%Cpu(s):  0.1 us,  0.1 sy,  0.0 ni, 99.9 id,  0.0 wa,  0.0 hi,  0.0 si,  0.0 st
KiB Mem : 65877712 total, 55088000 free,  2388160 used,  8401552 buff/cache
KiB Swap: 33554428 total, 32344328 free,  1210100 used. 62242784 avail Mem 
--
top - 13:29:58 up 111 days,  5:13,  0 users,  load average: 2.07, 1.60, 1.21
Tasks: 405 total,   1 running, 404 sleeping,   0 stopped,   0 zombie
%Cpu(s):  0.1 us,  0.0 sy,  0.0 ni, 99.9 id,  0.0 wa,  0.0 hi,  0.0 si,  0.0 st
KiB Mem : 65877712 total, 55059976 free,  2416184 used,  8401552 buff/cache
KiB Swap: 33554428 total, 32344328 free,  1210100 used. 62214760 avail Mem 
--
top - 13:30:03 up 111 days,  5:13,  0 users,  load average: 1.98, 1.59, 1.21
Tasks: 405 total,   1 running, 404 sleeping,   0 stopped,   0 zombie
%Cpu(s):  0.5 us,  0.3 sy,  0.0 ni, 98.6 id,  0.6 wa,  0.0 hi,  0.0 si,  0.0 st
KiB Mem : 65877712 total, 55019092 free,  2457064 used,  8401556 buff/cache
KiB Swap: 33554428 total, 32344328 free,  1210100 used. 62173880 avail Mem 
--
top - 13:30:08 up 111 days,  5:13,  0 users,  load average: 1.83, 1.56, 1.20
Tasks: 405 total,   1 running, 404 sleeping,   0 stopped,   0 zombie
%Cpu(s):  0.1 us,  0.1 sy,  0.0 ni, 99.7 id,  0.1 wa,  0.0 hi,  0.0 si,  0.0 st
KiB Mem : 65877712 total, 54978084 free,  2498072 used,  8401556 buff/cache
KiB Swap: 33554428 total, 32344328 free,  1210100 used. 62132872 avail Mem 
--
top - 13:30:13 up 111 days,  5:13,  0 users,  load average: 2.24, 1.65, 1.24
Tasks: 406 total,   1 running, 405 sleeping,   0 stopped,   0 zombie
%Cpu(s):  0.1 us,  0.1 sy,  0.0 ni, 91.9 id,  8.0 wa,  0.0 hi,  0.0 si,  0.0 st
KiB Mem : 65877712 total, 54951328 free,  2524820 used,  8401564 buff/cache
KiB Swap: 33554428 total, 32344328 free,  1210100 used. 62106124 avail Mem 
--
top - 13:30:18 up 111 days,  5:13,  0 users,  load average: 5.10, 2.26, 1.43
Tasks: 406 total,   1 running, 405 sleeping,   0 stopped,   0 zombie
%Cpu(s): 74.4 us,  1.1 sy,  0.0 ni, 20.3 id,  4.2 wa,  0.0 hi,  0.0 si,  0.0 st
KiB Mem : 65877712 total, 54815916 free,  2660228 used,  8401568 buff/cache
KiB Swap: 33554428 total, 32344328 free,  1210100 used. 61970716 avail Mem 
--
top - 13:30:23 up 111 days,  5:13,  0 users,  load average: 6.22, 2.53, 1.53
Tasks: 406 total,   1 running, 405 sleeping,   0 stopped,   0 zombie
%Cpu(s): 39.1 us,  0.2 sy,  0.0 ni, 60.7 id,  0.0 wa,  0.0 hi,  0.0 si,  0.0 st
KiB Mem : 65877712 total, 54782548 free,  2693596 used,  8401568 buff/cache
KiB Swap: 33554428 total, 32344328 free,  1210100 used. 61937348 avail Mem 
