Job id: 4754951
Worker ip: 10.149.0.38
Master ip: 10.149.0.55
--
top - 12:33:29 up 111 days,  4:16,  0 users,  load average: 0.01, 0.21, 0.30
Tasks: 400 total,   1 running, 399 sleeping,   0 stopped,   0 zombie
%Cpu(s):  0.5 us,  1.4 sy,  0.0 ni, 97.8 id,  0.2 wa,  0.0 hi,  0.0 si,  0.0 st
KiB Mem : 65877712 total, 60615852 free,  1151624 used,  4110236 buff/cache
KiB Swap: 33554428 total, 32297552 free,  1256876 used. 63532800 avail Mem 
--
top - 12:33:34 up 111 days,  4:16,  0 users,  load average: 0.01, 0.21, 0.30
Tasks: 412 total,   1 running, 411 sleeping,   0 stopped,   0 zombie
%Cpu(s):  1.9 us,  0.7 sy,  0.0 ni, 97.1 id,  0.3 wa,  0.0 hi,  0.0 si,  0.0 st
KiB Mem : 65877712 total, 60588744 free,  1171116 used,  4117852 buff/cache
KiB Swap: 33554428 total, 32297552 free,  1256876 used. 63512788 avail Mem 
--
top - 12:33:39 up 111 days,  4:16,  0 users,  load average: 0.01, 0.20, 0.30
Tasks: 413 total,   2 running, 411 sleeping,   0 stopped,   0 zombie
%Cpu(s):  0.6 us,  0.0 sy,  0.0 ni, 99.4 id,  0.0 wa,  0.0 hi,  0.0 si,  0.0 st
KiB Mem : 65877712 total, 60588840 free,  1171020 used,  4117852 buff/cache
KiB Swap: 33554428 total, 32297552 free,  1256876 used. 63512940 avail Mem 
--
top - 12:33:44 up 111 days,  4:17,  0 users,  load average: 0.01, 0.20, 0.29
Tasks: 413 total,   1 running, 412 sleeping,   0 stopped,   0 zombie
%Cpu(s):  0.2 us,  0.0 sy,  0.0 ni, 99.8 id,  0.0 wa,  0.0 hi,  0.0 si,  0.0 st
KiB Mem : 65877712 total, 60589308 free,  1170552 used,  4117852 buff/cache
KiB Swap: 33554428 total, 32297552 free,  1256876 used. 63513408 avail Mem 
--
top - 12:33:49 up 111 days,  4:17,  0 users,  load average: 0.01, 0.20, 0.29
Tasks: 413 total,   1 running, 412 sleeping,   0 stopped,   0 zombie
%Cpu(s):  0.0 us,  0.0 sy,  0.0 ni,100.0 id,  0.0 wa,  0.0 hi,  0.0 si,  0.0 st
KiB Mem : 65877712 total, 60589308 free,  1170552 used,  4117852 buff/cache
KiB Swap: 33554428 total, 32297552 free,  1256876 used. 63513408 avail Mem 
--
top - 12:33:54 up 111 days,  4:17,  0 users,  load average: 0.01, 0.19, 0.29
Tasks: 413 total,   1 running, 412 sleeping,   0 stopped,   0 zombie
%Cpu(s):  0.0 us,  0.0 sy,  0.0 ni,100.0 id,  0.0 wa,  0.0 hi,  0.0 si,  0.0 st
KiB Mem : 65877712 total, 60588812 free,  1171048 used,  4117852 buff/cache
KiB Swap: 33554428 total, 32297552 free,  1256876 used. 63512912 avail Mem 
--
top - 12:33:59 up 111 days,  4:17,  0 users,  load average: 0.01, 0.19, 0.29
Tasks: 413 total,   1 running, 412 sleeping,   0 stopped,   0 zombie
%Cpu(s):  0.0 us,  0.0 sy,  0.0 ni, 99.9 id,  0.0 wa,  0.0 hi,  0.0 si,  0.0 st
KiB Mem : 65877712 total, 60589148 free,  1170712 used,  4117852 buff/cache
KiB Swap: 33554428 total, 32297552 free,  1256876 used. 63513320 avail Mem 
--
top - 12:34:04 up 111 days,  4:17,  0 users,  load average: 0.01, 0.19, 0.29
Tasks: 413 total,   1 running, 412 sleeping,   0 stopped,   0 zombie
%Cpu(s):  0.4 us,  0.2 sy,  0.0 ni, 98.8 id,  0.6 wa,  0.0 hi,  0.0 si,  0.0 st
KiB Mem : 65877712 total, 60584580 free,  1175676 used,  4117456 buff/cache
KiB Swap: 33554428 total, 32297552 free,  1256876 used. 63508592 avail Mem 
--
top - 12:34:09 up 111 days,  4:17,  0 users,  load average: 0.01, 0.18, 0.29
Tasks: 411 total,   1 running, 410 sleeping,   0 stopped,   0 zombie
%Cpu(s):  0.1 us,  0.0 sy,  0.0 ni, 99.9 id,  0.0 wa,  0.0 hi,  0.0 si,  0.0 st
KiB Mem : 65877712 total, 60569784 free,  1190472 used,  4117456 buff/cache
KiB Swap: 33554428 total, 32297552 free,  1256876 used. 63493796 avail Mem 
--
top - 12:34:14 up 111 days,  4:17,  0 users,  load average: 0.01, 0.18, 0.29
Tasks: 411 total,   1 running, 410 sleeping,   0 stopped,   0 zombie
%Cpu(s):  0.1 us,  0.0 sy,  0.0 ni, 99.9 id,  0.0 wa,  0.0 hi,  0.0 si,  0.0 st
KiB Mem : 65877712 total, 60529420 free,  1230836 used,  4117456 buff/cache
KiB Swap: 33554428 total, 32297552 free,  1256876 used. 63453432 avail Mem 
--
top - 12:34:19 up 111 days,  4:17,  0 users,  load average: 0.01, 0.18, 0.28
Tasks: 411 total,   1 running, 410 sleeping,   0 stopped,   0 zombie
%Cpu(s):  0.1 us,  0.0 sy,  0.0 ni, 99.9 id,  0.0 wa,  0.0 hi,  0.0 si,  0.0 st
KiB Mem : 65877712 total, 60489212 free,  1271044 used,  4117456 buff/cache
KiB Swap: 33554428 total, 32297552 free,  1256876 used. 63413224 avail Mem 
--
top - 12:34:24 up 111 days,  4:17,  0 users,  load average: 0.01, 0.18, 0.28
Tasks: 411 total,   1 running, 410 sleeping,   0 stopped,   0 zombie
%Cpu(s):  0.1 us,  0.0 sy,  0.0 ni, 99.9 id,  0.0 wa,  0.0 hi,  0.0 si,  0.0 st
KiB Mem : 65877712 total, 60449892 free,  1310364 used,  4117456 buff/cache
KiB Swap: 33554428 total, 32297552 free,  1256876 used. 63373904 avail Mem 
--
top - 12:34:29 up 111 days,  4:17,  0 users,  load average: 0.01, 0.17, 0.28
Tasks: 411 total,   1 running, 410 sleeping,   0 stopped,   0 zombie
%Cpu(s):  0.1 us,  0.0 sy,  0.0 ni, 99.9 id,  0.0 wa,  0.0 hi,  0.0 si,  0.0 st
KiB Mem : 65877712 total, 60418812 free,  1341440 used,  4117460 buff/cache
KiB Swap: 33554428 total, 32297552 free,  1256876 used. 63342876 avail Mem 
--
top - 12:34:34 up 111 days,  4:17,  0 users,  load average: 0.00, 0.17, 0.28
Tasks: 411 total,   1 running, 410 sleeping,   0 stopped,   0 zombie
%Cpu(s):  0.1 us,  0.0 sy,  0.0 ni, 99.9 id,  0.0 wa,  0.0 hi,  0.0 si,  0.0 st
KiB Mem : 65877712 total, 60375012 free,  1385240 used,  4117460 buff/cache
KiB Swap: 33554428 total, 32297552 free,  1256876 used. 63299076 avail Mem 
--
top - 12:34:39 up 111 days,  4:17,  0 users,  load average: 2.49, 0.68, 0.44
Tasks: 411 total,   2 running, 409 sleeping,   0 stopped,   0 zombie
%Cpu(s): 64.7 us,  0.6 sy,  0.0 ni, 34.6 id,  0.0 wa,  0.0 hi,  0.0 si,  0.0 st
KiB Mem : 65877712 total, 59978488 free,  1781764 used,  4117460 buff/cache
KiB Swap: 33554428 total, 32297552 free,  1256876 used. 62902560 avail Mem 
--
top - 12:34:44 up 111 days,  4:18,  0 users,  load average: 4.69, 1.17, 0.60
Tasks: 411 total,   1 running, 410 sleeping,   0 stopped,   0 zombie
%Cpu(s): 46.1 us,  0.2 sy,  0.0 ni, 53.7 id,  0.0 wa,  0.0 hi,  0.0 si,  0.0 st
KiB Mem : 65877712 total, 59875372 free,  1884880 used,  4117460 buff/cache
KiB Swap: 33554428 total, 32297552 free,  1256876 used. 62799444 avail Mem 
--
top - 12:34:49 up 111 days,  4:18,  0 users,  load average: 4.31, 1.15, 0.60
Tasks: 411 total,   1 running, 410 sleeping,   0 stopped,   0 zombie
%Cpu(s):  0.0 us,  0.0 sy,  0.0 ni, 99.9 id,  0.0 wa,  0.0 hi,  0.0 si,  0.0 st
KiB Mem : 65877712 total, 60090520 free,  1669732 used,  4117460 buff/cache
KiB Swap: 33554428 total, 32297552 free,  1256876 used. 63014592 avail Mem 
--
top - 12:34:54 up 111 days,  4:18,  0 users,  load average: 3.97, 1.13, 0.60
Tasks: 411 total,   1 running, 410 sleeping,   0 stopped,   0 zombie
%Cpu(s):  0.0 us,  0.0 sy,  0.0 ni,100.0 id,  0.0 wa,  0.0 hi,  0.0 si,  0.0 st
KiB Mem : 65877712 total, 60086956 free,  1673296 used,  4117460 buff/cache
KiB Swap: 33554428 total, 32297552 free,  1256876 used. 63011028 avail Mem 
--
top - 12:34:59 up 111 days,  4:18,  0 users,  load average: 3.65, 1.11, 0.59
Tasks: 411 total,   1 running, 410 sleeping,   0 stopped,   0 zombie
%Cpu(s):  0.1 us,  0.1 sy,  0.0 ni, 99.8 id,  0.0 wa,  0.0 hi,  0.0 si,  0.0 st
KiB Mem : 65877712 total, 60047428 free,  1712824 used,  4117460 buff/cache
KiB Swap: 33554428 total, 32297552 free,  1256876 used. 62971500 avail Mem 
--
top - 12:35:04 up 111 days,  4:18,  0 users,  load average: 3.36, 1.09, 0.59
Tasks: 410 total,   1 running, 409 sleeping,   0 stopped,   0 zombie
%Cpu(s):  0.1 us,  0.1 sy,  0.0 ni, 99.9 id,  0.0 wa,  0.0 hi,  0.0 si,  0.0 st
KiB Mem : 65877712 total, 60006160 free,  1754092 used,  4117460 buff/cache
KiB Swap: 33554428 total, 32297552 free,  1256876 used. 62930232 avail Mem 
--
top - 12:35:09 up 111 days,  4:18,  0 users,  load average: 3.09, 1.08, 0.59
Tasks: 410 total,   1 running, 409 sleeping,   0 stopped,   0 zombie
%Cpu(s):  0.1 us,  0.1 sy,  0.0 ni, 99.9 id,  0.0 wa,  0.0 hi,  0.0 si,  0.0 st
KiB Mem : 65877712 total, 59973556 free,  1786696 used,  4117460 buff/cache
KiB Swap: 33554428 total, 32297552 free,  1256876 used. 62897628 avail Mem 
--
top - 12:35:14 up 111 days,  4:18,  0 users,  load average: 2.84, 1.06, 0.58
Tasks: 410 total,   1 running, 409 sleeping,   0 stopped,   0 zombie
%Cpu(s):  0.1 us,  0.1 sy,  0.0 ni, 99.9 id,  0.0 wa,  0.0 hi,  0.0 si,  0.0 st
KiB Mem : 65877712 total, 59927300 free,  1832952 used,  4117460 buff/cache
KiB Swap: 33554428 total, 32297552 free,  1256876 used. 62851372 avail Mem 
--
top - 12:35:20 up 111 days,  4:18,  0 users,  load average: 2.61, 1.04, 0.58
Tasks: 410 total,   1 running, 409 sleeping,   0 stopped,   0 zombie
%Cpu(s):  0.1 us,  0.0 sy,  0.0 ni, 99.9 id,  0.0 wa,  0.0 hi,  0.0 si,  0.0 st
KiB Mem : 65877712 total, 59892832 free,  1867420 used,  4117460 buff/cache
KiB Swap: 33554428 total, 32297552 free,  1256876 used. 62816904 avail Mem 
--
top - 12:35:25 up 111 days,  4:18,  0 users,  load average: 2.40, 1.02, 0.58
Tasks: 410 total,   2 running, 408 sleeping,   0 stopped,   0 zombie
%Cpu(s): 32.2 us,  0.2 sy,  0.0 ni, 67.6 id,  0.0 wa,  0.0 hi,  0.0 si,  0.0 st
KiB Mem : 65877712 total, 59832436 free,  1927812 used,  4117464 buff/cache
KiB Swap: 33554428 total, 32297552 free,  1256876 used. 62756512 avail Mem 
--
top - 12:35:30 up 111 days,  4:18,  0 users,  load average: 4.61, 1.50, 0.74
Tasks: 410 total,   1 running, 409 sleeping,   0 stopped,   0 zombie
%Cpu(s): 74.6 us,  0.7 sy,  0.0 ni, 24.6 id,  0.0 wa,  0.0 hi,  0.0 si,  0.0 st
KiB Mem : 65877712 total, 59668876 free,  2091372 used,  4117464 buff/cache
KiB Swap: 33554428 total, 32297552 free,  1256876 used. 62592952 avail Mem 
--
top - 12:35:35 up 111 days,  4:18,  0 users,  load average: 4.25, 1.48, 0.73
Tasks: 410 total,   1 running, 409 sleeping,   0 stopped,   0 zombie
%Cpu(s):  0.0 us,  0.0 sy,  0.0 ni, 99.9 id,  0.0 wa,  0.0 hi,  0.0 si,  0.0 st
KiB Mem : 65877712 total, 59874252 free,  1885996 used,  4117464 buff/cache
KiB Swap: 33554428 total, 32297552 free,  1256876 used. 62798328 avail Mem 
--
top - 12:35:40 up 111 days,  4:18,  0 users,  load average: 3.91, 1.45, 0.73
Tasks: 410 total,   1 running, 409 sleeping,   0 stopped,   0 zombie
%Cpu(s):  0.0 us,  0.0 sy,  0.0 ni, 99.3 id,  0.6 wa,  0.0 hi,  0.0 si,  0.0 st
KiB Mem : 65877712 total, 59877124 free,  1883124 used,  4117464 buff/cache
KiB Swap: 33554428 total, 32297552 free,  1256876 used. 62801200 avail Mem 
--
top - 12:35:45 up 111 days,  4:19,  0 users,  load average: 4.15, 1.55, 0.76
Tasks: 410 total,   1 running, 409 sleeping,   0 stopped,   0 zombie
%Cpu(s):  0.1 us,  0.1 sy,  0.0 ni, 91.5 id,  8.4 wa,  0.0 hi,  0.0 si,  0.0 st
KiB Mem : 65877712 total, 59848516 free,  1911732 used,  4117464 buff/cache
KiB Swap: 33554428 total, 32297552 free,  1256876 used. 62772592 avail Mem 
--
top - 12:35:50 up 111 days,  4:19,  0 users,  load average: 4.38, 1.64, 0.80
Tasks: 410 total,   1 running, 409 sleeping,   0 stopped,   0 zombie
%Cpu(s):  0.1 us,  0.1 sy,  0.0 ni, 92.4 id,  7.5 wa,  0.0 hi,  0.0 si,  0.0 st
KiB Mem : 65877712 total, 59812152 free,  1948100 used,  4117460 buff/cache
KiB Swap: 33554428 total, 32297568 free,  1256860 used. 62736228 avail Mem 
--
top - 12:35:55 up 111 days,  4:19,  0 users,  load average: 4.03, 1.61, 0.79
Tasks: 409 total,   1 running, 408 sleeping,   0 stopped,   0 zombie
%Cpu(s):  0.1 us,  0.1 sy,  0.0 ni, 99.9 id,  0.0 wa,  0.0 hi,  0.0 si,  0.0 st
KiB Mem : 65877712 total, 59776160 free,  1984092 used,  4117460 buff/cache
KiB Swap: 33554428 total, 32297568 free,  1256860 used. 62700236 avail Mem 
--
top - 12:36:00 up 111 days,  4:19,  0 users,  load average: 3.71, 1.58, 0.79
Tasks: 416 total,   1 running, 415 sleeping,   0 stopped,   0 zombie
%Cpu(s):  0.3 us,  0.2 sy,  0.0 ni, 99.2 id,  0.2 wa,  0.0 hi,  0.0 si,  0.0 st
KiB Mem : 65877712 total, 59733460 free,  2026780 used,  4117472 buff/cache
KiB Swap: 33554428 total, 32297568 free,  1256860 used. 62657540 avail Mem 
--
top - 12:36:05 up 111 days,  4:19,  0 users,  load average: 3.41, 1.56, 0.78
Tasks: 409 total,   1 running, 408 sleeping,   0 stopped,   0 zombie
%Cpu(s):  0.2 us,  0.1 sy,  0.0 ni, 99.2 id,  0.5 wa,  0.0 hi,  0.0 si,  0.0 st
KiB Mem : 65877712 total, 59698052 free,  2062172 used,  4117488 buff/cache
KiB Swap: 33554428 total, 32297568 free,  1256860 used. 62622136 avail Mem 
--
top - 12:36:10 up 111 days,  4:19,  0 users,  load average: 3.14, 1.53, 0.78
Tasks: 409 total,   1 running, 408 sleeping,   0 stopped,   0 zombie
%Cpu(s):  0.1 us,  0.1 sy,  0.0 ni, 99.9 id,  0.0 wa,  0.0 hi,  0.0 si,  0.0 st
KiB Mem : 65877712 total, 59665680 free,  2094544 used,  4117488 buff/cache
KiB Swap: 33554428 total, 32297568 free,  1256860 used. 62589764 avail Mem 
--
top - 12:36:15 up 111 days,  4:19,  0 users,  load average: 2.89, 1.50, 0.77
Tasks: 409 total,   2 running, 407 sleeping,   0 stopped,   0 zombie
%Cpu(s): 62.1 us,  0.6 sy,  0.0 ni, 37.3 id,  0.0 wa,  0.0 hi,  0.0 si,  0.0 st
KiB Mem : 65877712 total, 59520840 free,  2239388 used,  4117484 buff/cache
KiB Swap: 33554428 total, 32297568 free,  1256860 used. 62444928 avail Mem 
--
top - 12:36:20 up 111 days,  4:19,  0 users,  load average: 3.22, 1.60, 0.81
Tasks: 410 total,   1 running, 409 sleeping,   0 stopped,   0 zombie
%Cpu(s): 41.9 us,  0.1 sy,  0.0 ni, 57.9 id,  0.0 wa,  0.0 hi,  0.0 si,  0.0 st
KiB Mem : 65877712 total, 59424536 free,  2335692 used,  4117484 buff/cache
KiB Swap: 33554428 total, 32297568 free,  1256860 used. 62348624 avail Mem 
--
top - 12:36:25 up 111 days,  4:19,  0 users,  load average: 2.96, 1.57, 0.80
Tasks: 410 total,   1 running, 409 sleeping,   0 stopped,   0 zombie
%Cpu(s):  0.0 us,  0.0 sy,  0.0 ni, 99.9 id,  0.0 wa,  0.0 hi,  0.0 si,  0.0 st
KiB Mem : 65877712 total, 59667172 free,  2093056 used,  4117484 buff/cache
KiB Swap: 33554428 total, 32297568 free,  1256860 used. 62591260 avail Mem 
--
top - 12:36:30 up 111 days,  4:19,  0 users,  load average: 2.72, 1.54, 0.80
Tasks: 410 total,   1 running, 409 sleeping,   0 stopped,   0 zombie
%Cpu(s):  0.0 us,  0.0 sy,  0.0 ni,100.0 id,  0.0 wa,  0.0 hi,  0.0 si,  0.0 st
KiB Mem : 65877712 total, 59667048 free,  2093180 used,  4117484 buff/cache
KiB Swap: 33554428 total, 32297568 free,  1256860 used. 62591136 avail Mem 
--
top - 12:36:35 up 111 days,  4:19,  0 users,  load average: 2.50, 1.52, 0.79
Tasks: 410 total,   1 running, 409 sleeping,   0 stopped,   0 zombie
%Cpu(s):  0.1 us,  0.1 sy,  0.0 ni, 99.8 id,  0.0 wa,  0.0 hi,  0.0 si,  0.0 st
KiB Mem : 65877712 total, 59634776 free,  2125452 used,  4117484 buff/cache
KiB Swap: 33554428 total, 32297568 free,  1256860 used. 62558864 avail Mem 
--
top - 12:36:40 up 111 days,  4:19,  0 users,  load average: 2.30, 1.49, 0.79
Tasks: 410 total,   1 running, 409 sleeping,   0 stopped,   0 zombie
%Cpu(s):  0.1 us,  0.1 sy,  0.0 ni, 99.9 id,  0.0 wa,  0.0 hi,  0.0 si,  0.0 st
KiB Mem : 65877712 total, 59597440 free,  2162788 used,  4117484 buff/cache
KiB Swap: 33554428 total, 32297568 free,  1256860 used. 62521528 avail Mem 
--
top - 12:36:45 up 111 days,  4:20,  0 users,  load average: 2.12, 1.47, 0.79
Tasks: 410 total,   1 running, 409 sleeping,   0 stopped,   0 zombie
%Cpu(s):  0.1 us,  0.0 sy,  0.0 ni, 99.9 id,  0.0 wa,  0.0 hi,  0.0 si,  0.0 st
KiB Mem : 65877712 total, 59558076 free,  2202152 used,  4117484 buff/cache
KiB Swap: 33554428 total, 32297568 free,  1256860 used. 62482164 avail Mem 
--
top - 12:36:50 up 111 days,  4:20,  0 users,  load average: 1.95, 1.44, 0.78
Tasks: 410 total,   1 running, 409 sleeping,   0 stopped,   0 zombie
%Cpu(s):  0.1 us,  0.0 sy,  0.0 ni, 98.4 id,  1.5 wa,  0.0 hi,  0.0 si,  0.0 st
KiB Mem : 65877712 total, 59528840 free,  2231388 used,  4117484 buff/cache
KiB Swap: 33554428 total, 32297568 free,  1256860 used. 62452928 avail Mem 
--
top - 12:36:55 up 111 days,  4:20,  0 users,  load average: 2.35, 1.54, 0.81
Tasks: 410 total,   1 running, 409 sleeping,   0 stopped,   0 zombie
%Cpu(s):  0.1 us,  0.1 sy,  0.0 ni, 90.7 id,  9.1 wa,  0.0 hi,  0.0 si,  0.0 st
KiB Mem : 65877712 total, 59494068 free,  2266160 used,  4117484 buff/cache
KiB Swap: 33554428 total, 32297568 free,  1256860 used. 62418156 avail Mem 
--
top - 12:37:00 up 111 days,  4:20,  0 users,  load average: 2.73, 1.63, 0.85
Tasks: 412 total,   1 running, 411 sleeping,   0 stopped,   0 zombie
%Cpu(s):  0.1 us,  0.1 sy,  0.0 ni, 93.7 id,  6.2 wa,  0.0 hi,  0.0 si,  0.0 st
KiB Mem : 65877712 total, 59447436 free,  2312792 used,  4117484 buff/cache
KiB Swap: 33554428 total, 32297568 free,  1256860 used. 62371524 avail Mem 
--
top - 12:37:05 up 111 days,  4:20,  0 users,  load average: 2.51, 1.60, 0.84
Tasks: 412 total,   2 running, 410 sleeping,   0 stopped,   0 zombie
%Cpu(s): 67.6 us,  0.7 sy,  0.0 ni, 31.7 id,  0.0 wa,  0.0 hi,  0.0 si,  0.0 st
KiB Mem : 65877712 total, 59354408 free,  2405816 used,  4117488 buff/cache
KiB Swap: 33554428 total, 32297568 free,  1256860 used. 62278500 avail Mem 
--
top - 12:37:10 up 111 days,  4:20,  0 users,  load average: 4.39, 2.01, 0.98
Tasks: 412 total,   1 running, 411 sleeping,   0 stopped,   0 zombie
%Cpu(s): 55.1 us,  0.6 sy,  0.0 ni, 44.2 id,  0.0 wa,  0.0 hi,  0.0 si,  0.0 st
KiB Mem : 65877712 total, 59233868 free,  2526356 used,  4117488 buff/cache
KiB Swap: 33554428 total, 32297568 free,  1256860 used. 62157960 avail Mem 
--
top - 12:37:15 up 111 days,  4:20,  0 users,  load average: 4.04, 1.97, 0.97
Tasks: 412 total,   1 running, 411 sleeping,   0 stopped,   0 zombie
%Cpu(s):  0.0 us,  0.0 sy,  0.0 ni, 99.9 id,  0.0 wa,  0.0 hi,  0.0 si,  0.0 st
KiB Mem : 65877712 total, 59449224 free,  2311000 used,  4117488 buff/cache
KiB Swap: 33554428 total, 32297568 free,  1256860 used. 62373316 avail Mem 
--
top - 12:37:20 up 111 days,  4:20,  0 users,  load average: 3.71, 1.94, 0.97
Tasks: 412 total,   1 running, 411 sleeping,   0 stopped,   0 zombie
%Cpu(s):  0.0 us,  0.0 sy,  0.0 ni, 99.9 id,  0.0 wa,  0.0 hi,  0.0 si,  0.0 st
KiB Mem : 65877712 total, 59442000 free,  2318224 used,  4117488 buff/cache
KiB Swap: 33554428 total, 32297568 free,  1256860 used. 62366092 avail Mem 
--
top - 12:37:25 up 111 days,  4:20,  0 users,  load average: 3.42, 1.91, 0.96
Tasks: 412 total,   1 running, 411 sleeping,   0 stopped,   0 zombie
%Cpu(s):  0.1 us,  0.1 sy,  0.0 ni, 99.8 id,  0.0 wa,  0.0 hi,  0.0 si,  0.0 st
KiB Mem : 65877712 total, 59404932 free,  2355292 used,  4117488 buff/cache
KiB Swap: 33554428 total, 32297568 free,  1256860 used. 62329024 avail Mem 
--
top - 12:37:30 up 111 days,  4:20,  0 users,  load average: 3.14, 1.88, 0.96
Tasks: 412 total,   1 running, 411 sleeping,   0 stopped,   0 zombie
%Cpu(s):  0.1 us,  0.1 sy,  0.0 ni, 99.8 id,  0.0 wa,  0.0 hi,  0.0 si,  0.0 st
KiB Mem : 65877712 total, 59367012 free,  2393212 used,  4117488 buff/cache
KiB Swap: 33554428 total, 32297568 free,  1256860 used. 62291104 avail Mem 
--
top - 12:37:35 up 111 days,  4:20,  0 users,  load average: 2.89, 1.84, 0.95
Tasks: 412 total,   1 running, 411 sleeping,   0 stopped,   0 zombie
%Cpu(s):  0.1 us,  0.1 sy,  0.0 ni, 99.9 id,  0.0 wa,  0.0 hi,  0.0 si,  0.0 st
KiB Mem : 65877712 total, 59330556 free,  2429668 used,  4117488 buff/cache
KiB Swap: 33554428 total, 32297568 free,  1256860 used. 62254648 avail Mem 
--
top - 12:37:40 up 111 days,  4:20,  0 users,  load average: 2.66, 1.81, 0.95
Tasks: 412 total,   1 running, 411 sleeping,   0 stopped,   0 zombie
%Cpu(s):  0.1 us,  0.1 sy,  0.0 ni, 99.9 id,  0.0 wa,  0.0 hi,  0.0 si,  0.0 st
KiB Mem : 65877712 total, 59287284 free,  2472940 used,  4117488 buff/cache
KiB Swap: 33554428 total, 32297568 free,  1256860 used. 62211376 avail Mem 
--
top - 12:37:45 up 111 days,  4:21,  0 users,  load average: 2.53, 1.80, 0.95
Tasks: 412 total,   1 running, 411 sleeping,   0 stopped,   0 zombie
%Cpu(s):  0.1 us,  0.1 sy,  0.0 ni, 99.9 id,  0.0 wa,  0.0 hi,  0.0 si,  0.0 st
KiB Mem : 65877712 total, 59246120 free,  2514104 used,  4117488 buff/cache
KiB Swap: 33554428 total, 32297568 free,  1256860 used. 62170212 avail Mem 
--
top - 12:37:50 up 111 days,  4:21,  0 users,  load average: 2.33, 1.77, 0.94
Tasks: 412 total,   2 running, 410 sleeping,   0 stopped,   0 zombie
%Cpu(s): 52.8 us,  0.7 sy,  0.0 ni, 46.5 id,  0.0 wa,  0.0 hi,  0.0 si,  0.0 st
KiB Mem : 65877712 total, 59156772 free,  2603452 used,  4117488 buff/cache
KiB Swap: 33554428 total, 32297568 free,  1256860 used. 62080864 avail Mem 
--
top - 12:37:55 up 111 days,  4:21,  0 users,  load average: 4.14, 2.16, 1.07
Tasks: 412 total,   1 running, 411 sleeping,   0 stopped,   0 zombie
%Cpu(s): 57.3 us,  0.3 sy,  0.0 ni, 42.4 id,  0.0 wa,  0.0 hi,  0.0 si,  0.0 st
KiB Mem : 65877712 total, 59061744 free,  2698480 used,  4117488 buff/cache
KiB Swap: 33554428 total, 32297568 free,  1256860 used. 61985836 avail Mem 
--
top - 12:38:00 up 111 days,  4:21,  0 users,  load average: 3.81, 2.12, 1.07
Tasks: 415 total,   1 running, 414 sleeping,   0 stopped,   0 zombie
%Cpu(s):  0.4 us,  0.3 sy,  0.0 ni, 98.9 id,  0.4 wa,  0.0 hi,  0.0 si,  0.0 st
KiB Mem : 65877712 total, 59228876 free,  2531344 used,  4117492 buff/cache
KiB Swap: 33554428 total, 32297568 free,  1256860 used. 62152968 avail Mem 
