Job id: 4755015
Worker ip: 10.149.0.55
Master ip: 10.149.0.68
--
top - 13:25:47 up 111 days,  5:08,  0 users,  load average: 0.09, 0.27, 0.37
Tasks: 397 total,   2 running, 395 sleeping,   0 stopped,   0 zombie
%Cpu(s):  1.7 us,  4.0 sy,  0.0 ni, 91.9 id,  2.3 wa,  0.0 hi,  0.2 si,  0.0 st
KiB Mem : 65877712 total, 50557940 free,  1137816 used, 14181956 buff/cache
KiB Swap: 33554428 total, 32320792 free,  1233636 used. 63511016 avail Mem 
--
top - 13:25:52 up 111 days,  5:08,  0 users,  load average: 0.16, 0.28, 0.37
Tasks: 405 total,   1 running, 404 sleeping,   0 stopped,   0 zombie
%Cpu(s):  1.7 us,  0.6 sy,  0.0 ni, 97.4 id,  0.2 wa,  0.0 hi,  0.0 si,  0.0 st
KiB Mem : 65877712 total, 50540040 free,  1148908 used, 14188764 buff/cache
KiB Swap: 33554428 total, 32320792 free,  1233636 used. 63499720 avail Mem 
--
top - 13:25:57 up 111 days,  5:08,  0 users,  load average: 0.15, 0.28, 0.37
Tasks: 405 total,   1 running, 404 sleeping,   0 stopped,   0 zombie
%Cpu(s):  0.0 us,  0.0 sy,  0.0 ni,100.0 id,  0.0 wa,  0.0 hi,  0.0 si,  0.0 st
KiB Mem : 65877712 total, 50539884 free,  1149056 used, 14188772 buff/cache
KiB Swap: 33554428 total, 32320792 free,  1233636 used. 63499572 avail Mem 
--
top - 13:26:02 up 111 days,  5:08,  0 users,  load average: 0.14, 0.27, 0.37
Tasks: 405 total,   1 running, 404 sleeping,   0 stopped,   0 zombie
%Cpu(s):  0.4 us,  0.2 sy,  0.0 ni, 99.0 id,  0.4 wa,  0.0 hi,  0.0 si,  0.0 st
KiB Mem : 65877712 total, 50534816 free,  1154144 used, 14188752 buff/cache
KiB Swap: 33554428 total, 32320792 free,  1233636 used. 63494572 avail Mem 
--
top - 13:26:07 up 111 days,  5:08,  0 users,  load average: 0.13, 0.27, 0.37
Tasks: 405 total,   1 running, 404 sleeping,   0 stopped,   0 zombie
%Cpu(s):  0.0 us,  0.0 sy,  0.0 ni,100.0 id,  0.0 wa,  0.0 hi,  0.0 si,  0.0 st
KiB Mem : 65877712 total, 50536704 free,  1152224 used, 14188784 buff/cache
KiB Swap: 33554428 total, 32320792 free,  1233636 used. 63496464 avail Mem 
--
top - 13:26:12 up 111 days,  5:08,  0 users,  load average: 0.12, 0.26, 0.36
Tasks: 404 total,   1 running, 403 sleeping,   0 stopped,   0 zombie
%Cpu(s):  0.0 us,  0.0 sy,  0.0 ni,100.0 id,  0.0 wa,  0.0 hi,  0.0 si,  0.0 st
KiB Mem : 65877712 total, 50537836 free,  1151092 used, 14188784 buff/cache
KiB Swap: 33554428 total, 32320792 free,  1233636 used. 63497596 avail Mem 
--
top - 13:26:17 up 111 days,  5:08,  0 users,  load average: 0.11, 0.26, 0.36
Tasks: 404 total,   1 running, 403 sleeping,   0 stopped,   0 zombie
%Cpu(s):  0.0 us,  0.0 sy,  0.0 ni,100.0 id,  0.0 wa,  0.0 hi,  0.0 si,  0.0 st
KiB Mem : 65877712 total, 50539240 free,  1149688 used, 14188784 buff/cache
KiB Swap: 33554428 total, 32320792 free,  1233636 used. 63499000 avail Mem 
--
top - 13:26:22 up 111 days,  5:08,  0 users,  load average: 0.10, 0.26, 0.36
Tasks: 404 total,   1 running, 403 sleeping,   0 stopped,   0 zombie
%Cpu(s):  0.0 us,  0.0 sy,  0.0 ni, 99.9 id,  0.0 wa,  0.0 hi,  0.0 si,  0.0 st
KiB Mem : 65877712 total, 50525648 free,  1163280 used, 14188784 buff/cache
KiB Swap: 33554428 total, 32320792 free,  1233636 used. 63485408 avail Mem 
--
top - 13:26:27 up 111 days,  5:08,  0 users,  load average: 0.09, 0.25, 0.36
Tasks: 404 total,   1 running, 403 sleeping,   0 stopped,   0 zombie
%Cpu(s):  0.1 us,  0.1 sy,  0.0 ni, 99.8 id,  0.0 wa,  0.0 hi,  0.0 si,  0.0 st
KiB Mem : 65877712 total, 50483160 free,  1205768 used, 14188784 buff/cache
KiB Swap: 33554428 total, 32320792 free,  1233636 used. 63442920 avail Mem 
--
top - 13:26:32 up 111 days,  5:08,  0 users,  load average: 0.08, 0.25, 0.36
Tasks: 404 total,   1 running, 403 sleeping,   0 stopped,   0 zombie
%Cpu(s):  0.1 us,  0.0 sy,  0.0 ni, 99.9 id,  0.0 wa,  0.0 hi,  0.0 si,  0.0 st
KiB Mem : 65877712 total, 50454324 free,  1234604 used, 14188784 buff/cache
KiB Swap: 33554428 total, 32320792 free,  1233636 used. 63414084 avail Mem 
--
top - 13:26:37 up 111 days,  5:08,  0 users,  load average: 0.08, 0.24, 0.35
Tasks: 404 total,   1 running, 403 sleeping,   0 stopped,   0 zombie
%Cpu(s):  0.1 us,  0.0 sy,  0.0 ni, 99.9 id,  0.0 wa,  0.0 hi,  0.0 si,  0.0 st
KiB Mem : 65877712 total, 50406908 free,  1282020 used, 14188784 buff/cache
KiB Swap: 33554428 total, 32320792 free,  1233636 used. 63366668 avail Mem 
--
top - 13:26:42 up 111 days,  5:09,  0 users,  load average: 0.07, 0.24, 0.35
Tasks: 404 total,   1 running, 403 sleeping,   0 stopped,   0 zombie
%Cpu(s):  0.1 us,  0.0 sy,  0.0 ni, 99.9 id,  0.0 wa,  0.0 hi,  0.0 si,  0.0 st
KiB Mem : 65877712 total, 50372776 free,  1316148 used, 14188788 buff/cache
KiB Swap: 33554428 total, 32320792 free,  1233636 used. 63332536 avail Mem 
--
top - 13:26:47 up 111 days,  5:09,  0 users,  load average: 0.06, 0.23, 0.35
Tasks: 404 total,   1 running, 403 sleeping,   0 stopped,   0 zombie
%Cpu(s):  0.1 us,  0.0 sy,  0.0 ni, 99.9 id,  0.0 wa,  0.0 hi,  0.0 si,  0.0 st
KiB Mem : 65877712 total, 50331612 free,  1357312 used, 14188788 buff/cache
KiB Swap: 33554428 total, 32320792 free,  1233636 used. 63291372 avail Mem 
--
top - 13:26:52 up 111 days,  5:09,  0 users,  load average: 0.06, 0.23, 0.35
Tasks: 404 total,   2 running, 402 sleeping,   0 stopped,   0 zombie
%Cpu(s): 55.2 us,  0.5 sy,  0.0 ni, 44.2 id,  0.0 wa,  0.0 hi,  0.0 si,  0.0 st
KiB Mem : 65877712 total, 49927600 free,  1761324 used, 14188788 buff/cache
KiB Swap: 33554428 total, 32320792 free,  1233636 used. 62887364 avail Mem 
--
top - 13:26:57 up 111 days,  5:09,  0 users,  load average: 2.14, 0.66, 0.49
Tasks: 404 total,   1 running, 403 sleeping,   0 stopped,   0 zombie
%Cpu(s): 61.7 us,  0.2 sy,  0.0 ni, 35.9 id,  2.2 wa,  0.0 hi,  0.0 si,  0.0 st
KiB Mem : 65877712 total, 49807364 free,  1881560 used, 14188788 buff/cache
KiB Swap: 33554428 total, 32320792 free,  1233636 used. 62767128 avail Mem 
--
top - 13:27:02 up 111 days,  5:09,  0 users,  load average: 2.53, 0.76, 0.52
Tasks: 401 total,   1 running, 400 sleeping,   0 stopped,   0 zombie
%Cpu(s):  0.0 us,  0.0 sy,  0.0 ni, 90.7 id,  9.2 wa,  0.0 hi,  0.0 si,  0.0 st
KiB Mem : 65877712 total, 50047472 free,  1641452 used, 14188788 buff/cache
KiB Swap: 33554428 total, 32320792 free,  1233636 used. 63007236 avail Mem 
--
top - 13:27:07 up 111 days,  5:09,  0 users,  load average: 2.88, 0.87, 0.56
Tasks: 401 total,   1 running, 400 sleeping,   0 stopped,   0 zombie
%Cpu(s):  0.0 us,  0.0 sy,  0.0 ni, 94.1 id,  5.9 wa,  0.0 hi,  0.0 si,  0.0 st
KiB Mem : 65877712 total, 50045196 free,  1643728 used, 14188788 buff/cache
KiB Swap: 33554428 total, 32320792 free,  1233636 used. 63004960 avail Mem 
--
top - 13:27:12 up 111 days,  5:09,  0 users,  load average: 2.65, 0.85, 0.55
Tasks: 399 total,   1 running, 398 sleeping,   0 stopped,   0 zombie
%Cpu(s):  0.1 us,  0.1 sy,  0.0 ni, 99.9 id,  0.0 wa,  0.0 hi,  0.0 si,  0.0 st
KiB Mem : 65877712 total, 50007812 free,  1681112 used, 14188788 buff/cache
KiB Swap: 33554428 total, 32320792 free,  1233636 used. 62967080 avail Mem 
--
top - 13:27:17 up 111 days,  5:09,  0 users,  load average: 2.44, 0.84, 0.55
Tasks: 399 total,   1 running, 398 sleeping,   0 stopped,   0 zombie
%Cpu(s):  0.1 us,  0.1 sy,  0.0 ni, 99.9 id,  0.0 wa,  0.0 hi,  0.0 si,  0.0 st
KiB Mem : 65877712 total, 49968072 free,  1720852 used, 14188788 buff/cache
KiB Swap: 33554428 total, 32320792 free,  1233636 used. 62927836 avail Mem 
--
top - 13:27:22 up 111 days,  5:09,  0 users,  load average: 2.25, 0.82, 0.55
Tasks: 399 total,   1 running, 398 sleeping,   0 stopped,   0 zombie
%Cpu(s):  0.1 us,  0.1 sy,  0.0 ni, 99.9 id,  0.0 wa,  0.0 hi,  0.0 si,  0.0 st
KiB Mem : 65877712 total, 49936044 free,  1752880 used, 14188788 buff/cache
KiB Swap: 33554428 total, 32320792 free,  1233636 used. 62895808 avail Mem 
--
top - 13:27:27 up 111 days,  5:09,  0 users,  load average: 2.07, 0.81, 0.54
Tasks: 399 total,   1 running, 398 sleeping,   0 stopped,   0 zombie
%Cpu(s):  0.1 us,  0.1 sy,  0.0 ni, 99.8 id,  0.0 wa,  0.0 hi,  0.0 si,  0.0 st
KiB Mem : 65877712 total, 49889764 free,  1799160 used, 14188788 buff/cache
KiB Swap: 33554428 total, 32320792 free,  1233636 used. 62849528 avail Mem 
--
top - 13:27:32 up 111 days,  5:09,  0 users,  load average: 1.90, 0.80, 0.54
Tasks: 399 total,   1 running, 398 sleeping,   0 stopped,   0 zombie
%Cpu(s):  0.1 us,  0.1 sy,  0.0 ni, 99.9 id,  0.0 wa,  0.0 hi,  0.0 si,  0.0 st
KiB Mem : 65877712 total, 49850992 free,  1837932 used, 14188788 buff/cache
KiB Swap: 33554428 total, 32320792 free,  1233636 used. 62810756 avail Mem 
--
top - 13:27:37 up 111 days,  5:09,  0 users,  load average: 1.75, 0.78, 0.54
Tasks: 399 total,   1 running, 398 sleeping,   0 stopped,   0 zombie
%Cpu(s):  0.1 us,  0.0 sy,  0.0 ni, 99.9 id,  0.0 wa,  0.0 hi,  0.0 si,  0.0 st
KiB Mem : 65877712 total, 49813296 free,  1875624 used, 14188792 buff/cache
KiB Swap: 33554428 total, 32320792 free,  1233636 used. 62773060 avail Mem 
--
top - 13:27:42 up 111 days,  5:10,  0 users,  load average: 1.61, 0.77, 0.53
Tasks: 399 total,   2 running, 397 sleeping,   0 stopped,   0 zombie
%Cpu(s): 37.1 us,  0.3 sy,  0.0 ni, 62.6 id,  0.0 wa,  0.0 hi,  0.0 si,  0.0 st
KiB Mem : 65877712 total, 49722748 free,  1966172 used, 14188792 buff/cache
KiB Swap: 33554428 total, 32320792 free,  1233636 used. 62682516 avail Mem 
--
top - 13:27:47 up 111 days,  5:10,  0 users,  load average: 3.48, 1.17, 0.67
Tasks: 399 total,   1 running, 398 sleeping,   0 stopped,   0 zombie
%Cpu(s): 73.6 us,  0.3 sy,  0.0 ni, 26.1 id,  0.0 wa,  0.0 hi,  0.0 si,  0.0 st
KiB Mem : 65877712 total, 49578352 free,  2110568 used, 14188792 buff/cache
KiB Swap: 33554428 total, 32320792 free,  1233636 used. 62538120 avail Mem 
--
top - 13:27:52 up 111 days,  5:10,  0 users,  load average: 3.20, 1.15, 0.66
Tasks: 398 total,   1 running, 397 sleeping,   0 stopped,   0 zombie
%Cpu(s):  0.0 us,  0.0 sy,  0.0 ni, 99.9 id,  0.0 wa,  0.0 hi,  0.0 si,  0.0 st
KiB Mem : 65877712 total, 49818288 free,  1870632 used, 14188792 buff/cache
KiB Swap: 33554428 total, 32320792 free,  1233636 used. 62778056 avail Mem 
--
top - 13:27:57 up 111 days,  5:10,  0 users,  load average: 2.95, 1.13, 0.66
Tasks: 398 total,   2 running, 396 sleeping,   0 stopped,   0 zombie
%Cpu(s):  0.0 us,  0.0 sy,  0.0 ni,100.0 id,  0.0 wa,  0.0 hi,  0.0 si,  0.0 st
KiB Mem : 65877712 total, 49819496 free,  1869424 used, 14188792 buff/cache
KiB Swap: 33554428 total, 32320792 free,  1233636 used. 62779264 avail Mem 
--
top - 13:28:02 up 111 days,  5:10,  0 users,  load average: 2.71, 1.12, 0.66
Tasks: 403 total,   1 running, 402 sleeping,   0 stopped,   0 zombie
%Cpu(s):  0.5 us,  0.2 sy,  0.0 ni, 98.9 id,  0.4 wa,  0.0 hi,  0.0 si,  0.0 st
KiB Mem : 65877712 total, 49773084 free,  1915828 used, 14188800 buff/cache
KiB Swap: 33554428 total, 32320792 free,  1233636 used. 62732856 avail Mem 
--
top - 13:28:07 up 111 days,  5:10,  0 users,  load average: 2.49, 1.10, 0.65
Tasks: 403 total,   1 running, 402 sleeping,   0 stopped,   0 zombie
%Cpu(s):  0.1 us,  0.0 sy,  0.0 ni, 99.9 id,  0.0 wa,  0.0 hi,  0.0 si,  0.0 st
KiB Mem : 65877712 total, 49739936 free,  1948976 used, 14188800 buff/cache
KiB Swap: 33554428 total, 32320792 free,  1233636 used. 62699708 avail Mem 
--
top - 13:28:12 up 111 days,  5:10,  0 users,  load average: 2.29, 1.08, 0.65
Tasks: 403 total,   1 running, 402 sleeping,   0 stopped,   0 zombie
%Cpu(s):  0.1 us,  0.0 sy,  0.0 ni, 99.9 id,  0.0 wa,  0.0 hi,  0.0 si,  0.0 st
KiB Mem : 65877712 total, 49706932 free,  1981980 used, 14188800 buff/cache
KiB Swap: 33554428 total, 32320792 free,  1233636 used. 62666704 avail Mem 
--
top - 13:28:17 up 111 days,  5:10,  0 users,  load average: 2.11, 1.06, 0.65
Tasks: 403 total,   1 running, 402 sleeping,   0 stopped,   0 zombie
%Cpu(s):  0.1 us,  0.1 sy,  0.0 ni, 99.9 id,  0.0 wa,  0.0 hi,  0.0 si,  0.0 st
KiB Mem : 65877712 total, 49665204 free,  2023708 used, 14188800 buff/cache
KiB Swap: 33554428 total, 32320792 free,  1233636 used. 62624976 avail Mem 
--
top - 13:28:22 up 111 days,  5:10,  0 users,  load average: 1.94, 1.04, 0.64
Tasks: 403 total,   1 running, 402 sleeping,   0 stopped,   0 zombie
%Cpu(s):  0.1 us,  0.1 sy,  0.0 ni, 99.8 id,  0.0 wa,  0.0 hi,  0.0 si,  0.0 st
KiB Mem : 65877712 total, 49622872 free,  2066040 used, 14188800 buff/cache
KiB Swap: 33554428 total, 32320792 free,  1233636 used. 62582644 avail Mem 
--
top - 13:28:27 up 111 days,  5:10,  0 users,  load average: 1.79, 1.03, 0.64
Tasks: 404 total,   1 running, 403 sleeping,   0 stopped,   0 zombie
%Cpu(s):  0.1 us,  0.1 sy,  0.0 ni, 99.9 id,  0.0 wa,  0.0 hi,  0.0 si,  0.0 st
KiB Mem : 65877712 total, 49598884 free,  2090028 used, 14188800 buff/cache
KiB Swap: 33554428 total, 32320792 free,  1233636 used. 62558656 avail Mem 
--
top - 13:28:32 up 111 days,  5:10,  0 users,  load average: 1.64, 1.01, 0.64
Tasks: 404 total,   2 running, 402 sleeping,   0 stopped,   0 zombie
%Cpu(s):  2.6 us,  0.1 sy,  0.0 ni, 97.2 id,  0.0 wa,  0.0 hi,  0.0 si,  0.0 st
KiB Mem : 65877712 total, 49545436 free,  2143472 used, 14188804 buff/cache
KiB Swap: 33554428 total, 32320792 free,  1233636 used. 62505212 avail Mem 
--
top - 13:28:37 up 111 days,  5:10,  0 users,  load average: 3.91, 1.49, 0.79
Tasks: 404 total,   2 running, 402 sleeping,   0 stopped,   0 zombie
%Cpu(s): 95.5 us,  0.7 sy,  0.0 ni,  3.8 id,  0.0 wa,  0.0 hi,  0.0 si,  0.0 st
KiB Mem : 65877712 total, 49372524 free,  2316384 used, 14188804 buff/cache
KiB Swap: 33554428 total, 32320792 free,  1233636 used. 62332300 avail Mem 
--
top - 13:28:42 up 111 days,  5:11,  0 users,  load average: 5.28, 1.81, 0.90
Tasks: 404 total,   1 running, 403 sleeping,   0 stopped,   0 zombie
%Cpu(s): 11.1 us,  0.1 sy,  0.0 ni, 88.9 id,  0.0 wa,  0.0 hi,  0.0 si,  0.0 st
KiB Mem : 65877712 total, 49360980 free,  2327928 used, 14188804 buff/cache
KiB Swap: 33554428 total, 32320792 free,  1233636 used. 62320756 avail Mem 
--
top - 13:28:47 up 111 days,  5:11,  0 users,  load average: 4.86, 1.78, 0.90
Tasks: 404 total,   1 running, 403 sleeping,   0 stopped,   0 zombie
%Cpu(s):  0.0 us,  0.0 sy,  0.0 ni, 99.9 id,  0.0 wa,  0.0 hi,  0.0 si,  0.0 st
KiB Mem : 65877712 total, 49600872 free,  2088036 used, 14188804 buff/cache
KiB Swap: 33554428 total, 32320792 free,  1233636 used. 62560648 avail Mem 
--
top - 13:28:52 up 111 days,  5:11,  0 users,  load average: 4.47, 1.75, 0.89
Tasks: 404 total,   1 running, 403 sleeping,   0 stopped,   0 zombie
%Cpu(s):  0.1 us,  0.1 sy,  0.0 ni, 99.8 id,  0.0 wa,  0.0 hi,  0.0 si,  0.0 st
KiB Mem : 65877712 total, 49586216 free,  2102692 used, 14188804 buff/cache
KiB Swap: 33554428 total, 32320792 free,  1233636 used. 62545992 avail Mem 
--
top - 13:28:57 up 111 days,  5:11,  0 users,  load average: 4.11, 1.72, 0.89
Tasks: 404 total,   1 running, 403 sleeping,   0 stopped,   0 zombie
%Cpu(s):  0.1 us,  0.0 sy,  0.0 ni, 99.9 id,  0.0 wa,  0.0 hi,  0.0 si,  0.0 st
KiB Mem : 65877712 total, 49549424 free,  2139484 used, 14188804 buff/cache
KiB Swap: 33554428 total, 32320792 free,  1233636 used. 62509200 avail Mem 
--
top - 13:29:02 up 111 days,  5:11,  0 users,  load average: 3.78, 1.70, 0.88
Tasks: 404 total,   1 running, 403 sleeping,   0 stopped,   0 zombie
%Cpu(s):  0.1 us,  0.1 sy,  0.0 ni, 99.9 id,  0.0 wa,  0.0 hi,  0.0 si,  0.0 st
KiB Mem : 65877712 total, 49509136 free,  2179772 used, 14188804 buff/cache
KiB Swap: 33554428 total, 32320792 free,  1233636 used. 62468912 avail Mem 
--
top - 13:29:07 up 111 days,  5:11,  0 users,  load average: 3.48, 1.67, 0.88
Tasks: 403 total,   1 running, 402 sleeping,   0 stopped,   0 zombie
%Cpu(s):  0.1 us,  0.0 sy,  0.0 ni, 99.9 id,  0.0 wa,  0.0 hi,  0.0 si,  0.0 st
KiB Mem : 65877712 total, 49481936 free,  2206972 used, 14188804 buff/cache
KiB Swap: 33554428 total, 32320792 free,  1233636 used. 62441712 avail Mem 
--
top - 13:29:13 up 111 days,  5:11,  0 users,  load average: 3.20, 1.64, 0.87
Tasks: 403 total,   1 running, 402 sleeping,   0 stopped,   0 zombie
%Cpu(s):  0.1 us,  0.1 sy,  0.0 ni, 99.9 id,  0.0 wa,  0.0 hi,  0.0 si,  0.0 st
KiB Mem : 65877712 total, 49435964 free,  2252944 used, 14188804 buff/cache
KiB Swap: 33554428 total, 32320792 free,  1233636 used. 62395740 avail Mem 
--
top - 13:29:18 up 111 days,  5:11,  0 users,  load average: 2.94, 1.61, 0.87
Tasks: 401 total,   2 running, 399 sleeping,   0 stopped,   0 zombie
%Cpu(s):  0.1 us,  0.0 sy,  0.0 ni, 99.9 id,  0.0 wa,  0.0 hi,  0.0 si,  0.0 st
KiB Mem : 65877712 total, 49409748 free,  2279160 used, 14188804 buff/cache
KiB Swap: 33554428 total, 32320792 free,  1233636 used. 62369524 avail Mem 
--
top - 13:29:23 up 111 days,  5:11,  0 users,  load average: 2.71, 1.59, 0.86
Tasks: 401 total,   2 running, 399 sleeping,   0 stopped,   0 zombie
%Cpu(s): 17.9 us,  0.4 sy,  0.0 ni, 81.6 id,  0.0 wa,  0.0 hi,  0.0 si,  0.0 st
KiB Mem : 65877712 total, 49326592 free,  2362312 used, 14188808 buff/cache
KiB Swap: 33554428 total, 32320792 free,  1233636 used. 62286372 avail Mem 
--
top - 13:29:28 up 111 days,  5:11,  0 users,  load average: 4.65, 2.01, 1.00
Tasks: 401 total,   2 running, 399 sleeping,   0 stopped,   0 zombie
%Cpu(s): 90.8 us,  0.6 sy,  0.0 ni,  8.6 id,  0.0 wa,  0.0 hi,  0.0 si,  0.0 st
KiB Mem : 65877712 total, 49150832 free,  2538072 used, 14188808 buff/cache
KiB Swap: 33554428 total, 32320792 free,  1233636 used. 62110612 avail Mem 
--
top - 13:29:33 up 111 days,  5:11,  0 users,  load average: 4.76, 2.07, 1.03
Tasks: 401 total,   1 running, 400 sleeping,   0 stopped,   0 zombie
%Cpu(s):  1.7 us,  0.0 sy,  0.0 ni, 98.2 id,  0.0 wa,  0.0 hi,  0.0 si,  0.0 st
KiB Mem : 65877712 total, 49369152 free,  2319752 used, 14188808 buff/cache
KiB Swap: 33554428 total, 32320792 free,  1233636 used. 62328932 avail Mem 
--
top - 13:29:38 up 111 days,  5:11,  0 users,  load average: 4.38, 2.04, 1.02
Tasks: 401 total,   1 running, 400 sleeping,   0 stopped,   0 zombie
%Cpu(s):  0.0 us,  0.0 sy,  0.0 ni,100.0 id,  0.0 wa,  0.0 hi,  0.0 si,  0.0 st
KiB Mem : 65877712 total, 49372436 free,  2316468 used, 14188808 buff/cache
KiB Swap: 33554428 total, 32320792 free,  1233636 used. 62332216 avail Mem 
--
top - 13:29:43 up 111 days,  5:12,  0 users,  load average: 4.03, 2.01, 1.02
Tasks: 401 total,   1 running, 400 sleeping,   0 stopped,   0 zombie
%Cpu(s):  0.0 us,  0.0 sy,  0.0 ni, 99.9 id,  0.0 wa,  0.0 hi,  0.0 si,  0.0 st
KiB Mem : 65877712 total, 49358280 free,  2330624 used, 14188808 buff/cache
KiB Swap: 33554428 total, 32320792 free,  1233636 used. 62318060 avail Mem 
--
top - 13:29:48 up 111 days,  5:12,  0 users,  load average: 3.71, 1.97, 1.01
Tasks: 401 total,   1 running, 400 sleeping,   0 stopped,   0 zombie
%Cpu(s):  0.1 us,  0.1 sy,  0.0 ni, 99.8 id,  0.0 wa,  0.0 hi,  0.0 si,  0.0 st
KiB Mem : 65877712 total, 49317748 free,  2371156 used, 14188808 buff/cache
KiB Swap: 33554428 total, 32320792 free,  1233636 used. 62277528 avail Mem 
--
top - 13:29:53 up 111 days,  5:12,  0 users,  load average: 3.41, 1.94, 1.01
Tasks: 401 total,   1 running, 400 sleeping,   0 stopped,   0 zombie
%Cpu(s):  0.1 us,  0.1 sy,  0.0 ni, 99.8 id,  0.0 wa,  0.0 hi,  0.0 si,  0.0 st
KiB Mem : 65877712 total, 49283560 free,  2405344 used, 14188808 buff/cache
KiB Swap: 33554428 total, 32320792 free,  1233636 used. 62243340 avail Mem 
--
top - 13:29:58 up 111 days,  5:12,  0 users,  load average: 3.14, 1.91, 1.00
Tasks: 401 total,   1 running, 400 sleeping,   0 stopped,   0 zombie
%Cpu(s):  0.1 us,  0.0 sy,  0.0 ni, 99.9 id,  0.0 wa,  0.0 hi,  0.0 si,  0.0 st
KiB Mem : 65877712 total, 49251140 free,  2437764 used, 14188808 buff/cache
KiB Swap: 33554428 total, 32320792 free,  1233636 used. 62210920 avail Mem 
--
top - 13:30:03 up 111 days,  5:12,  0 users,  load average: 2.89, 1.88, 1.00
Tasks: 404 total,   1 running, 403 sleeping,   0 stopped,   0 zombie
%Cpu(s):  0.5 us,  0.3 sy,  0.0 ni, 98.9 id,  0.4 wa,  0.0 hi,  0.0 si,  0.0 st
KiB Mem : 65877712 total, 49197196 free,  2491692 used, 14188824 buff/cache
KiB Swap: 33554428 total, 32320792 free,  1233636 used. 62156988 avail Mem 
--
top - 13:30:08 up 111 days,  5:12,  0 users,  load average: 2.52, 1.83, 0.99
Tasks: 404 total,   1 running, 403 sleeping,   0 stopped,   0 zombie
%Cpu(s):  0.1 us,  0.1 sy,  0.0 ni, 99.9 id,  0.0 wa,  0.0 hi,  0.0 si,  0.0 st
KiB Mem : 65877712 total, 49165816 free,  2523072 used, 14188824 buff/cache
KiB Swap: 33554428 total, 32320792 free,  1233636 used. 62125608 avail Mem 
--
top - 13:30:13 up 111 days,  5:12,  0 users,  load average: 2.31, 1.80, 0.99
Tasks: 404 total,   1 running, 403 sleeping,   0 stopped,   0 zombie
%Cpu(s):  0.1 us,  0.0 sy,  0.0 ni, 99.9 id,  0.0 wa,  0.0 hi,  0.0 si,  0.0 st
KiB Mem : 65877712 total, 49143600 free,  2545288 used, 14188824 buff/cache
KiB Swap: 33554428 total, 32320792 free,  1233636 used. 62103392 avail Mem 
--
top - 13:30:18 up 111 days,  5:12,  0 users,  load average: 4.45, 2.25, 1.14
Tasks: 404 total,   2 running, 402 sleeping,   0 stopped,   0 zombie
%Cpu(s): 76.2 us,  0.6 sy,  0.0 ni, 23.2 id,  0.0 wa,  0.0 hi,  0.0 si,  0.0 st
KiB Mem : 65877712 total, 49002376 free,  2686508 used, 14188828 buff/cache
KiB Swap: 33554428 total, 32320792 free,  1233636 used. 61962172 avail Mem 
--
top - 13:30:23 up 111 days,  5:12,  0 users,  load average: 4.09, 2.21, 1.13
Tasks: 404 total,   1 running, 403 sleeping,   0 stopped,   0 zombie
%Cpu(s): 38.8 us,  0.2 sy,  0.0 ni, 61.0 id,  0.0 wa,  0.0 hi,  0.0 si,  0.0 st
KiB Mem : 65877712 total, 48908344 free,  2780540 used, 14188828 buff/cache
KiB Swap: 33554428 total, 32320792 free,  1233636 used. 61868140 avail Mem 
