10.149.0.64
2023/12/26 14:12:54 Master node address: http://10.149.0.56:8000
2023/12/26 14:12:54 Benchmarking worker...
2023/12/26 14:12:55 Worker registered (1739 MCUPS). Waiting for work...
2023/12/26 14:14:43 Got work. Start calculating alignments...
2023/12/26 14:14:43 Calculating 85 queries
2023/12/26 14:14:49 Done calculating alignments.
2023/12/26 14:14:49 Waiting for work...
2023/12/26 14:16:43 Got work. Start calculating alignments...
2023/12/26 14:16:43 Calculating 85 queries
2023/12/26 14:17:04 Done calculating alignments.
2023/12/26 14:17:04 Waiting for work...
2023/12/26 14:18:47 Got work. Start calculating alignments...
2023/12/26 14:18:47 Calculating 83 queries
2023/12/26 14:19:08 Done calculating alignments.
2023/12/26 14:19:08 Waiting for work...
2023/12/26 14:20:43 Got work. Start calculating alignments...
2023/12/26 14:20:43 Calculating 85 queries
2023/12/26 14:20:59 Done calculating alignments.
2023/12/26 14:20:59 Waiting for work...
2023/12/26 14:22:33 Got work. Start calculating alignments...
2023/12/26 14:22:33 Calculating 85 queries
2023/12/26 14:22:54 Done calculating alignments.
2023/12/26 14:22:54 Waiting for work...
slurmstepd: error: *** JOB 4751387 ON node064 CANCELLED AT 2023-12-26T14:23:01 ***
