Job id: 4751331
Master ip: 10.149.0.54
--
top - 13:30:51 up 104 days,  5:13,  0 users,  load average: 0.11, 0.25, 0.47
Tasks: 398 total,   2 running, 396 sleeping,   0 stopped,   0 zombie
%Cpu(s):  2.2 us,  0.9 sy,  0.0 ni, 96.9 id,  0.0 wa,  0.0 hi,  0.0 si,  0.0 st
KiB Mem : 65877712 total, 54011944 free,  1156352 used, 10709416 buff/cache
KiB Swap: 33554428 total, 32097544 free,  1456884 used. 63560452 avail Mem 
--
top - 13:30:56 up 104 days,  5:13,  0 users,  load average: 0.10, 0.24, 0.46
Tasks: 399 total,   1 running, 398 sleeping,   0 stopped,   0 zombie
%Cpu(s):  0.8 us,  0.1 sy,  0.0 ni, 99.1 id,  0.0 wa,  0.0 hi,  0.0 si,  0.0 st
KiB Mem : 65877712 total, 53987916 free,  1180072 used, 10709724 buff/cache
KiB Swap: 33554428 total, 32097544 free,  1456884 used. 63536668 avail Mem 
--
top - 13:31:01 up 104 days,  5:13,  0 users,  load average: 0.10, 0.24, 0.46
Tasks: 397 total,   1 running, 396 sleeping,   0 stopped,   0 zombie
%Cpu(s):  0.3 us,  0.0 sy,  0.0 ni, 99.7 id,  0.0 wa,  0.0 hi,  0.0 si,  0.0 st
KiB Mem : 65877712 total, 53987304 free,  1180684 used, 10709724 buff/cache
KiB Swap: 33554428 total, 32097544 free,  1456884 used. 63536056 avail Mem 
--
top - 13:31:06 up 104 days,  5:13,  0 users,  load average: 0.09, 0.23, 0.46
Tasks: 397 total,   1 running, 396 sleeping,   0 stopped,   0 zombie
%Cpu(s):  0.3 us,  0.0 sy,  0.0 ni, 99.7 id,  0.0 wa,  0.0 hi,  0.0 si,  0.0 st
KiB Mem : 65877712 total, 53987660 free,  1180328 used, 10709724 buff/cache
KiB Swap: 33554428 total, 32097544 free,  1456884 used. 63536412 avail Mem 
--
top - 13:31:11 up 104 days,  5:13,  0 users,  load average: 0.08, 0.23, 0.46
Tasks: 397 total,   1 running, 396 sleeping,   0 stopped,   0 zombie
%Cpu(s):  0.3 us,  0.0 sy,  0.0 ni, 99.7 id,  0.0 wa,  0.0 hi,  0.0 si,  0.0 st
KiB Mem : 65877712 total, 53987576 free,  1180404 used, 10709732 buff/cache
KiB Swap: 33554428 total, 32097544 free,  1456884 used. 63536332 avail Mem 
--
top - 13:31:16 up 104 days,  5:13,  0 users,  load average: 0.07, 0.23, 0.45
Tasks: 397 total,   1 running, 396 sleeping,   0 stopped,   0 zombie
%Cpu(s):  0.3 us,  0.0 sy,  0.0 ni, 99.7 id,  0.0 wa,  0.0 hi,  0.0 si,  0.0 st
KiB Mem : 65877712 total, 53987584 free,  1180396 used, 10709732 buff/cache
KiB Swap: 33554428 total, 32097544 free,  1456884 used. 63536340 avail Mem 
--
top - 13:31:21 up 104 days,  5:13,  0 users,  load average: 0.15, 0.24, 0.46
Tasks: 397 total,   1 running, 396 sleeping,   0 stopped,   0 zombie
%Cpu(s):  0.3 us,  0.0 sy,  0.0 ni, 99.7 id,  0.0 wa,  0.0 hi,  0.0 si,  0.0 st
KiB Mem : 65877712 total, 53987672 free,  1180308 used, 10709732 buff/cache
KiB Swap: 33554428 total, 32097544 free,  1456884 used. 63536428 avail Mem 
--
top - 13:31:26 up 104 days,  5:13,  0 users,  load average: 0.14, 0.24, 0.45
Tasks: 397 total,   1 running, 396 sleeping,   0 stopped,   0 zombie
%Cpu(s):  0.2 us,  0.0 sy,  0.0 ni, 99.7 id,  0.0 wa,  0.0 hi,  0.0 si,  0.0 st
KiB Mem : 65877712 total, 53987952 free,  1180028 used, 10709732 buff/cache
KiB Swap: 33554428 total, 32097544 free,  1456884 used. 63536704 avail Mem 
--
top - 13:31:31 up 104 days,  5:13,  0 users,  load average: 0.13, 0.23, 0.45
Tasks: 397 total,   1 running, 396 sleeping,   0 stopped,   0 zombie
%Cpu(s):  0.3 us,  0.0 sy,  0.0 ni, 99.7 id,  0.0 wa,  0.0 hi,  0.0 si,  0.0 st
KiB Mem : 65877712 total, 53987960 free,  1180020 used, 10709732 buff/cache
KiB Swap: 33554428 total, 32097544 free,  1456884 used. 63536712 avail Mem 
--
top - 13:31:36 up 104 days,  5:13,  0 users,  load average: 0.12, 0.23, 0.45
Tasks: 396 total,   1 running, 395 sleeping,   0 stopped,   0 zombie
%Cpu(s):  0.3 us,  0.0 sy,  0.0 ni, 99.7 id,  0.0 wa,  0.0 hi,  0.0 si,  0.0 st
KiB Mem : 65877712 total, 53988092 free,  1179888 used, 10709732 buff/cache
KiB Swap: 33554428 total, 32097544 free,  1456884 used. 63536844 avail Mem 
--
top - 13:31:41 up 104 days,  5:14,  0 users,  load average: 0.11, 0.22, 0.45
Tasks: 396 total,   1 running, 395 sleeping,   0 stopped,   0 zombie
%Cpu(s):  0.3 us,  0.0 sy,  0.0 ni, 99.7 id,  0.0 wa,  0.0 hi,  0.0 si,  0.0 st
KiB Mem : 65877712 total, 53987872 free,  1180108 used, 10709732 buff/cache
KiB Swap: 33554428 total, 32097544 free,  1456884 used. 63536628 avail Mem 
--
top - 13:31:46 up 104 days,  5:14,  0 users,  load average: 0.10, 0.22, 0.44
Tasks: 396 total,   2 running, 394 sleeping,   0 stopped,   0 zombie
%Cpu(s):  1.4 us,  0.3 sy,  0.0 ni, 98.3 id,  0.0 wa,  0.0 hi,  0.0 si,  0.0 st
KiB Mem : 65877712 total, 53667364 free,  1188384 used, 11021964 buff/cache
KiB Swap: 33554428 total, 32097564 free,  1456864 used. 63523384 avail Mem 
--
top - 13:31:51 up 104 days,  5:14,  0 users,  load average: 0.33, 0.27, 0.46
Tasks: 397 total,   2 running, 395 sleeping,   0 stopped,   0 zombie
%Cpu(s):  2.5 us,  0.6 sy,  0.0 ni, 96.6 id,  0.2 wa,  0.0 hi,  0.1 si,  0.0 st
KiB Mem : 65877712 total, 52943520 free,  1190720 used, 11743472 buff/cache
KiB Swap: 33554428 total, 32097564 free,  1456864 used. 63512128 avail Mem 
--
top - 13:31:56 up 104 days,  5:14,  0 users,  load average: 0.38, 0.28, 0.46
Tasks: 399 total,   2 running, 397 sleeping,   0 stopped,   0 zombie
%Cpu(s):  2.4 us,  0.7 sy,  0.0 ni, 95.9 id,  0.9 wa,  0.0 hi,  0.1 si,  0.0 st
KiB Mem : 65877712 total, 52171060 free,  1189256 used, 12517396 buff/cache
KiB Swap: 33554428 total, 32097564 free,  1456864 used. 63502280 avail Mem 
--
top - 13:32:01 up 104 days,  5:14,  0 users,  load average: 0.35, 0.27, 0.46
Tasks: 400 total,   2 running, 398 sleeping,   0 stopped,   0 zombie
%Cpu(s):  2.9 us,  0.8 sy,  0.0 ni, 95.2 id,  1.0 wa,  0.0 hi,  0.1 si,  0.0 st
KiB Mem : 65877712 total, 51503448 free,  1192360 used, 13181904 buff/cache
KiB Swap: 33554428 total, 32097564 free,  1456864 used. 63490020 avail Mem 
--
top - 13:32:06 up 104 days,  5:14,  0 users,  load average: 0.41, 0.29, 0.46
Tasks: 402 total,   2 running, 400 sleeping,   0 stopped,   0 zombie
%Cpu(s):  2.6 us,  0.5 sy,  0.0 ni, 96.9 id,  0.0 wa,  0.0 hi,  0.1 si,  0.0 st
KiB Mem : 65877712 total, 50740852 free,  1289636 used, 13847224 buff/cache
KiB Swap: 33554428 total, 32097564 free,  1456864 used. 63384108 avail Mem 
--
top - 13:32:11 up 104 days,  5:14,  0 users,  load average: 0.45, 0.30, 0.46
Tasks: 401 total,   2 running, 399 sleeping,   0 stopped,   0 zombie
%Cpu(s):  1.7 us,  1.7 sy,  0.0 ni, 96.6 id,  0.0 wa,  0.0 hi,  0.0 si,  0.0 st
KiB Mem : 65877712 total, 48665864 free,  4857612 used, 12354236 buff/cache
KiB Swap: 33554428 total, 32097564 free,  1456864 used. 59836436 avail Mem 
--
top - 13:32:16 up 104 days,  5:14,  0 users,  load average: 0.42, 0.29, 0.46
Tasks: 401 total,   2 running, 399 sleeping,   0 stopped,   0 zombie
%Cpu(s):  2.6 us,  0.7 sy,  0.0 ni, 96.6 id,  0.0 wa,  0.0 hi,  0.0 si,  0.0 st
KiB Mem : 65877712 total, 49183104 free,  5685268 used, 11009340 buff/cache
KiB Swap: 33554428 total, 32097564 free,  1456864 used. 59026996 avail Mem 
--
top - 13:32:21 up 104 days,  5:14,  0 users,  load average: 0.46, 0.31, 0.47
Tasks: 401 total,   2 running, 399 sleeping,   0 stopped,   0 zombie
%Cpu(s):  2.5 us,  0.7 sy,  0.0 ni, 96.7 id,  0.0 wa,  0.0 hi,  0.0 si,  0.0 st
KiB Mem : 65877712 total, 49888328 free,  5277200 used, 10712184 buff/cache
KiB Swap: 33554428 total, 32097564 free,  1456864 used. 59439252 avail Mem 
--
top - 13:32:26 up 104 days,  5:14,  0 users,  load average: 0.51, 0.32, 0.47
Tasks: 401 total,   2 running, 399 sleeping,   0 stopped,   0 zombie
%Cpu(s):  2.6 us,  0.6 sy,  0.0 ni, 96.8 id,  0.0 wa,  0.0 hi,  0.0 si,  0.0 st
KiB Mem : 65877712 total, 50058536 free,  5108732 used, 10710444 buff/cache
KiB Swap: 33554428 total, 32097564 free,  1456864 used. 59607936 avail Mem 
--
top - 13:32:31 up 104 days,  5:14,  0 users,  load average: 0.55, 0.33, 0.47
Tasks: 401 total,   2 running, 399 sleeping,   0 stopped,   0 zombie
%Cpu(s):  2.5 us,  0.6 sy,  0.0 ni, 96.8 id,  0.0 wa,  0.0 hi,  0.1 si,  0.0 st
KiB Mem : 65877712 total, 50581036 free,  4586456 used, 10710220 buff/cache
KiB Swap: 33554428 total, 32097564 free,  1456864 used. 60130132 avail Mem 
--
top - 13:32:36 up 104 days,  5:14,  0 users,  load average: 0.50, 0.32, 0.47
Tasks: 402 total,   1 running, 401 sleeping,   0 stopped,   0 zombie
%Cpu(s):  0.2 us,  0.0 sy,  0.0 ni, 99.7 id,  0.0 wa,  0.0 hi,  0.0 si,  0.0 st
KiB Mem : 65877712 total, 50581188 free,  4586304 used, 10710220 buff/cache
KiB Swap: 33554428 total, 32097564 free,  1456864 used. 60130248 avail Mem 
--
top - 13:32:41 up 104 days,  5:15,  0 users,  load average: 0.46, 0.32, 0.47
Tasks: 402 total,   1 running, 401 sleeping,   0 stopped,   0 zombie
%Cpu(s):  0.2 us,  0.0 sy,  0.0 ni, 99.7 id,  0.0 wa,  0.0 hi,  0.0 si,  0.0 st
KiB Mem : 65877712 total, 50581760 free,  4585728 used, 10710224 buff/cache
KiB Swap: 33554428 total, 32097564 free,  1456864 used. 60130780 avail Mem 
--
top - 13:32:46 up 104 days,  5:15,  0 users,  load average: 0.51, 0.33, 0.47
Tasks: 402 total,   1 running, 401 sleeping,   0 stopped,   0 zombie
%Cpu(s):  0.4 us,  0.0 sy,  0.0 ni, 99.6 id,  0.0 wa,  0.0 hi,  0.0 si,  0.0 st
KiB Mem : 65877712 total, 50581840 free,  4585648 used, 10710224 buff/cache
KiB Swap: 33554428 total, 32097564 free,  1456864 used. 60130860 avail Mem 
--
top - 13:32:51 up 104 days,  5:15,  0 users,  load average: 0.46, 0.32, 0.47
Tasks: 402 total,   2 running, 400 sleeping,   0 stopped,   0 zombie
%Cpu(s):  0.5 us,  0.0 sy,  0.0 ni, 99.5 id,  0.0 wa,  0.0 hi,  0.0 si,  0.0 st
KiB Mem : 65877712 total, 50582076 free,  4585412 used, 10710224 buff/cache
KiB Swap: 33554428 total, 32097564 free,  1456864 used. 60131096 avail Mem 
--
top - 13:32:56 up 104 days,  5:15,  0 users,  load average: 0.43, 0.32, 0.46
Tasks: 402 total,   1 running, 401 sleeping,   0 stopped,   0 zombie
%Cpu(s):  0.3 us,  0.0 sy,  0.0 ni, 99.7 id,  0.0 wa,  0.0 hi,  0.0 si,  0.0 st
KiB Mem : 65877712 total, 50581680 free,  4585800 used, 10710232 buff/cache
KiB Swap: 33554428 total, 32097564 free,  1456864 used. 60130708 avail Mem 
--
top - 13:33:01 up 104 days,  5:15,  0 users,  load average: 0.39, 0.31, 0.46
Tasks: 402 total,   1 running, 401 sleeping,   0 stopped,   0 zombie
%Cpu(s):  0.3 us,  0.0 sy,  0.0 ni, 99.7 id,  0.0 wa,  0.0 hi,  0.0 si,  0.0 st
KiB Mem : 65877712 total, 50581592 free,  4585888 used, 10710232 buff/cache
KiB Swap: 33554428 total, 32097564 free,  1456864 used. 60130620 avail Mem 
--
top - 13:33:06 up 104 days,  5:15,  0 users,  load average: 0.36, 0.31, 0.46
Tasks: 402 total,   2 running, 400 sleeping,   0 stopped,   0 zombie
%Cpu(s):  0.2 us,  0.0 sy,  0.0 ni, 99.7 id,  0.0 wa,  0.0 hi,  0.0 si,  0.0 st
KiB Mem : 65877712 total, 50581664 free,  4585816 used, 10710232 buff/cache
KiB Swap: 33554428 total, 32097564 free,  1456864 used. 60130692 avail Mem 
--
top - 13:33:11 up 104 days,  5:15,  0 users,  load average: 0.33, 0.30, 0.46
Tasks: 401 total,   2 running, 399 sleeping,   0 stopped,   0 zombie
%Cpu(s):  1.0 us,  0.1 sy,  0.0 ni, 98.9 id,  0.0 wa,  0.0 hi,  0.0 si,  0.0 st
KiB Mem : 65877712 total, 50490092 free,  4590820 used, 10796800 buff/cache
KiB Swap: 33554428 total, 32097564 free,  1456864 used. 60124472 avail Mem 
--
top - 13:33:16 up 104 days,  5:15,  0 users,  load average: 0.39, 0.31, 0.46
Tasks: 401 total,   2 running, 399 sleeping,   0 stopped,   0 zombie
%Cpu(s):  2.8 us,  0.4 sy,  0.0 ni, 96.5 id,  0.3 wa,  0.0 hi,  0.1 si,  0.0 st
KiB Mem : 65877712 total, 50145540 free,  4590524 used, 11141648 buff/cache
KiB Swap: 33554428 total, 32097564 free,  1456864 used. 60120912 avail Mem 
--
top - 13:33:21 up 104 days,  5:15,  0 users,  load average: 0.44, 0.33, 0.46
Tasks: 401 total,   2 running, 399 sleeping,   0 stopped,   0 zombie
%Cpu(s):  2.8 us,  0.4 sy,  0.0 ni, 96.5 id,  0.3 wa,  0.0 hi,  0.1 si,  0.0 st
KiB Mem : 65877712 total, 49804648 free,  4590248 used, 11482816 buff/cache
KiB Swap: 33554428 total, 32097564 free,  1456864 used. 60116056 avail Mem 
--
top - 13:33:26 up 104 days,  5:15,  0 users,  load average: 0.48, 0.34, 0.47
Tasks: 398 total,   2 running, 396 sleeping,   0 stopped,   0 zombie
%Cpu(s):  2.8 us,  0.4 sy,  0.0 ni, 96.5 id,  0.3 wa,  0.0 hi,  0.1 si,  0.0 st
KiB Mem : 65877712 total, 49466892 free,  4589688 used, 11821132 buff/cache
KiB Swap: 33554428 total, 32097564 free,  1456864 used. 60112128 avail Mem 
--
top - 13:33:31 up 104 days,  5:15,  0 users,  load average: 0.52, 0.35, 0.47
Tasks: 398 total,   2 running, 396 sleeping,   0 stopped,   0 zombie
%Cpu(s):  2.8 us,  0.3 sy,  0.0 ni, 96.8 id,  0.0 wa,  0.0 hi,  0.1 si,  0.0 st
KiB Mem : 65877712 total, 49133664 free,  4589400 used, 12154648 buff/cache
KiB Swap: 33554428 total, 32097564 free,  1456864 used. 60107564 avail Mem 
--
top - 13:33:36 up 104 days,  5:15,  0 users,  load average: 0.56, 0.36, 0.47
Tasks: 398 total,   2 running, 396 sleeping,   0 stopped,   0 zombie
%Cpu(s):  2.8 us,  0.3 sy,  0.0 ni, 96.8 id,  0.0 wa,  0.0 hi,  0.1 si,  0.0 st
KiB Mem : 65877712 total, 48805844 free,  4589904 used, 12481964 buff/cache
KiB Swap: 33554428 total, 32097564 free,  1456864 used. 60102632 avail Mem 
--
top - 13:33:41 up 104 days,  5:16,  0 users,  load average: 0.60, 0.37, 0.47
Tasks: 398 total,   2 running, 396 sleeping,   0 stopped,   0 zombie
%Cpu(s):  2.8 us,  0.3 sy,  0.0 ni, 96.8 id,  0.0 wa,  0.0 hi,  0.1 si,  0.0 st
KiB Mem : 65877712 total, 48466772 free,  4588588 used, 12822352 buff/cache
KiB Swap: 33554428 total, 32097564 free,  1456864 used. 60098396 avail Mem 
--
top - 13:33:47 up 104 days,  5:16,  0 users,  load average: 0.63, 0.38, 0.48
Tasks: 398 total,   2 running, 396 sleeping,   0 stopped,   0 zombie
%Cpu(s):  2.7 us,  0.4 sy,  0.0 ni, 96.8 id,  0.0 wa,  0.0 hi,  0.1 si,  0.0 st
KiB Mem : 65877712 total, 48110968 free,  4589008 used, 13177736 buff/cache
KiB Swap: 33554428 total, 32097564 free,  1456864 used. 60094208 avail Mem 
--
top - 13:33:52 up 104 days,  5:16,  0 users,  load average: 0.66, 0.39, 0.48
Tasks: 399 total,   2 running, 397 sleeping,   0 stopped,   0 zombie
%Cpu(s):  2.8 us,  0.3 sy,  0.0 ni, 96.8 id,  0.0 wa,  0.0 hi,  0.1 si,  0.0 st
KiB Mem : 65877712 total, 47789432 free,  4589440 used, 13498840 buff/cache
KiB Swap: 33554428 total, 32097564 free,  1456864 used. 60089648 avail Mem 
--
top - 13:33:57 up 104 days,  5:16,  0 users,  load average: 0.77, 0.42, 0.49
Tasks: 399 total,   2 running, 397 sleeping,   0 stopped,   0 zombie
%Cpu(s):  2.8 us,  0.4 sy,  0.0 ni, 95.5 id,  1.3 wa,  0.0 hi,  0.1 si,  0.0 st
KiB Mem : 65877712 total, 47470144 free,  4589556 used, 13818012 buff/cache
KiB Swap: 33554428 total, 32097564 free,  1456864 used. 60084608 avail Mem 
--
top - 13:34:02 up 104 days,  5:16,  0 users,  load average: 0.78, 0.43, 0.49
Tasks: 402 total,   2 running, 400 sleeping,   0 stopped,   0 zombie
%Cpu(s):  2.1 us,  1.8 sy,  0.0 ni, 94.6 id,  1.4 wa,  0.0 hi,  0.0 si,  0.0 st
KiB Mem : 65877712 total, 44959612 free,  7904360 used, 13013740 buff/cache
KiB Swap: 33554428 total, 32097564 free,  1456864 used. 56781228 avail Mem 
--
top - 13:34:07 up 104 days,  5:16,  0 users,  load average: 0.80, 0.44, 0.49
Tasks: 401 total,   2 running, 399 sleeping,   0 stopped,   0 zombie
%Cpu(s):  2.7 us,  0.7 sy,  0.0 ni, 95.9 id,  0.7 wa,  0.0 hi,  0.0 si,  0.0 st
KiB Mem : 65877712 total, 45121564 free,  9059116 used, 11697032 buff/cache
KiB Swap: 33554428 total, 32097564 free,  1456864 used. 55643916 avail Mem 
--
top - 13:34:12 up 104 days,  5:16,  0 users,  load average: 0.82, 0.45, 0.50
Tasks: 401 total,   2 running, 399 sleeping,   0 stopped,   0 zombie
%Cpu(s):  2.4 us,  0.9 sy,  0.0 ni, 96.7 id,  0.0 wa,  0.0 hi,  0.0 si,  0.0 st
KiB Mem : 65877712 total, 46420612 free,  8711284 used, 10745816 buff/cache
KiB Swap: 33554428 total, 32097564 free,  1456864 used. 56004860 avail Mem 
--
top - 13:34:17 up 104 days,  5:16,  0 users,  load average: 0.83, 0.45, 0.50
Tasks: 401 total,   2 running, 399 sleeping,   0 stopped,   0 zombie
%Cpu(s):  2.5 us,  0.6 sy,  0.0 ni, 96.8 id,  0.0 wa,  0.0 hi,  0.0 si,  0.0 st
KiB Mem : 65877712 total, 46872476 free,  8294792 used, 10710444 buff/cache
KiB Swap: 33554428 total, 32097564 free,  1456864 used. 56421656 avail Mem 
--
top - 13:34:22 up 104 days,  5:16,  0 users,  load average: 0.85, 0.46, 0.50
Tasks: 401 total,   2 running, 399 sleeping,   0 stopped,   0 zombie
%Cpu(s):  2.5 us,  0.6 sy,  0.0 ni, 96.8 id,  0.0 wa,  0.0 hi,  0.1 si,  0.0 st
KiB Mem : 65877712 total, 47005088 free,  8162180 used, 10710444 buff/cache
KiB Swap: 33554428 total, 32097564 free,  1456864 used. 56553760 avail Mem 
--
top - 13:34:27 up 104 days,  5:16,  0 users,  load average: 0.78, 0.46, 0.50
Tasks: 401 total,   2 running, 399 sleeping,   0 stopped,   0 zombie
%Cpu(s):  0.3 us,  0.0 sy,  0.0 ni, 99.6 id,  0.0 wa,  0.0 hi,  0.0 si,  0.0 st
KiB Mem : 65877712 total, 47350408 free,  7816856 used, 10710448 buff/cache
KiB Swap: 33554428 total, 32097564 free,  1456864 used. 56899588 avail Mem 
--
top - 13:34:32 up 104 days,  5:16,  0 users,  load average: 0.72, 0.45, 0.50
Tasks: 401 total,   1 running, 400 sleeping,   0 stopped,   0 zombie
%Cpu(s):  0.3 us,  0.0 sy,  0.0 ni, 99.7 id,  0.0 wa,  0.0 hi,  0.0 si,  0.0 st
KiB Mem : 65877712 total, 47350736 free,  7816528 used, 10710448 buff/cache
KiB Swap: 33554428 total, 32097564 free,  1456864 used. 56899916 avail Mem 
--
top - 13:34:37 up 104 days,  5:16,  0 users,  load average: 0.74, 0.46, 0.50
Tasks: 401 total,   1 running, 400 sleeping,   0 stopped,   0 zombie
%Cpu(s):  0.4 us,  0.0 sy,  0.0 ni, 99.6 id,  0.0 wa,  0.0 hi,  0.0 si,  0.0 st
KiB Mem : 65877712 total, 47350720 free,  7816544 used, 10710448 buff/cache
KiB Swap: 33554428 total, 32097564 free,  1456864 used. 56899900 avail Mem 
--
top - 13:34:42 up 104 days,  5:17,  0 users,  load average: 0.76, 0.47, 0.50
Tasks: 401 total,   1 running, 400 sleeping,   0 stopped,   0 zombie
%Cpu(s):  0.5 us,  0.0 sy,  0.0 ni, 99.5 id,  0.0 wa,  0.0 hi,  0.0 si,  0.0 st
KiB Mem : 65877712 total, 47350652 free,  7816612 used, 10710448 buff/cache
KiB Swap: 33554428 total, 32097564 free,  1456864 used. 56899804 avail Mem 
--
top - 13:34:47 up 104 days,  5:17,  0 users,  load average: 0.70, 0.46, 0.50
Tasks: 401 total,   1 running, 400 sleeping,   0 stopped,   0 zombie
%Cpu(s):  0.3 us,  0.0 sy,  0.0 ni, 99.6 id,  0.0 wa,  0.0 hi,  0.0 si,  0.0 st
KiB Mem : 65877712 total, 47350732 free,  7816532 used, 10710448 buff/cache
KiB Swap: 33554428 total, 32097564 free,  1456864 used. 56899884 avail Mem 
--
top - 13:34:52 up 104 days,  5:17,  0 users,  load average: 0.64, 0.45, 0.50
Tasks: 401 total,   1 running, 400 sleeping,   0 stopped,   0 zombie
%Cpu(s):  0.2 us,  0.0 sy,  0.0 ni, 99.7 id,  0.0 wa,  0.0 hi,  0.0 si,  0.0 st
KiB Mem : 65877712 total, 47350968 free,  7816296 used, 10710448 buff/cache
KiB Swap: 33554428 total, 32097564 free,  1456864 used. 56900120 avail Mem 
--
top - 13:34:57 up 104 days,  5:17,  0 users,  load average: 0.67, 0.46, 0.50
Tasks: 401 total,   1 running, 400 sleeping,   0 stopped,   0 zombie
%Cpu(s):  0.3 us,  0.0 sy,  0.0 ni, 99.7 id,  0.0 wa,  0.0 hi,  0.0 si,  0.0 st
KiB Mem : 65877712 total, 47350696 free,  7816568 used, 10710448 buff/cache
KiB Swap: 33554428 total, 32097564 free,  1456864 used. 56899852 avail Mem 
--
top - 13:35:02 up 104 days,  5:17,  0 users,  load average: 0.62, 0.45, 0.50
Tasks: 398 total,   1 running, 397 sleeping,   0 stopped,   0 zombie
%Cpu(s):  0.6 us,  0.1 sy,  0.0 ni, 99.3 id,  0.0 wa,  0.0 hi,  0.0 si,  0.0 st
KiB Mem : 65877712 total, 47307452 free,  7821560 used, 10748700 buff/cache
KiB Swap: 33554428 total, 32097564 free,  1456864 used. 56893888 avail Mem 
--
top - 13:35:07 up 104 days,  5:17,  0 users,  load average: 0.57, 0.44, 0.50
Tasks: 398 total,   2 running, 396 sleeping,   0 stopped,   0 zombie
%Cpu(s):  2.7 us,  0.4 sy,  0.0 ni, 96.6 id,  0.2 wa,  0.0 hi,  0.0 si,  0.0 st
KiB Mem : 65877712 total, 46930832 free,  7823596 used, 11123284 buff/cache
KiB Swap: 33554428 total, 32097564 free,  1456864 used. 56887528 avail Mem 
--
top - 13:35:12 up 104 days,  5:17,  0 users,  load average: 0.60, 0.45, 0.50
Tasks: 397 total,   1 running, 396 sleeping,   0 stopped,   0 zombie
%Cpu(s):  2.7 us,  0.4 sy,  0.0 ni, 96.8 id,  0.0 wa,  0.0 hi,  0.1 si,  0.0 st
KiB Mem : 65877712 total, 46519480 free,  7821640 used, 11536592 buff/cache
KiB Swap: 33554428 total, 32097564 free,  1456864 used. 56883996 avail Mem 
--
top - 13:35:17 up 104 days,  5:17,  0 users,  load average: 0.63, 0.46, 0.50
Tasks: 397 total,   2 running, 395 sleeping,   0 stopped,   0 zombie
%Cpu(s):  2.8 us,  0.4 sy,  0.0 ni, 96.2 id,  0.6 wa,  0.0 hi,  0.1 si,  0.0 st
KiB Mem : 65877712 total, 46163332 free,  7820992 used, 11893388 buff/cache
KiB Swap: 33554428 total, 32097564 free,  1456864 used. 56879468 avail Mem 
--
top - 13:35:22 up 104 days,  5:17,  0 users,  load average: 0.66, 0.47, 0.50
Tasks: 397 total,   2 running, 395 sleeping,   0 stopped,   0 zombie
%Cpu(s):  2.7 us,  0.4 sy,  0.0 ni, 96.8 id,  0.0 wa,  0.0 hi,  0.1 si,  0.0 st
KiB Mem : 65877712 total, 45719568 free,  7821240 used, 12336904 buff/cache
KiB Swap: 33554428 total, 32097564 free,  1456864 used. 56873092 avail Mem 
--
top - 13:35:27 up 104 days,  5:17,  0 users,  load average: 0.69, 0.48, 0.51
Tasks: 397 total,   2 running, 395 sleeping,   0 stopped,   0 zombie
%Cpu(s):  2.7 us,  0.4 sy,  0.0 ni, 96.8 id,  0.0 wa,  0.0 hi,  0.1 si,  0.0 st
KiB Mem : 65877712 total, 45315744 free,  7821148 used, 12740820 buff/cache
KiB Swap: 33554428 total, 32097564 free,  1456864 used. 56867560 avail Mem 
--
top - 13:35:32 up 104 days,  5:17,  0 users,  load average: 0.72, 0.49, 0.51
Tasks: 397 total,   1 running, 396 sleeping,   0 stopped,   0 zombie
%Cpu(s):  2.7 us,  0.4 sy,  0.0 ni, 96.8 id,  0.0 wa,  0.0 hi,  0.0 si,  0.0 st
KiB Mem : 65877712 total, 44841280 free,  7820800 used, 13215632 buff/cache
KiB Swap: 33554428 total, 32097564 free,  1456864 used. 56861316 avail Mem 
--
top - 13:35:37 up 104 days,  5:17,  0 users,  load average: 0.74, 0.50, 0.51
Tasks: 397 total,   2 running, 395 sleeping,   0 stopped,   0 zombie
%Cpu(s):  2.8 us,  0.3 sy,  0.0 ni, 96.8 id,  0.0 wa,  0.0 hi,  0.0 si,  0.0 st
KiB Mem : 65877712 total, 44478380 free,  7820604 used, 13578728 buff/cache
KiB Swap: 33554428 total, 32097564 free,  1456864 used. 56856644 avail Mem 
--
top - 13:35:42 up 104 days,  5:18,  0 users,  load average: 0.76, 0.51, 0.51
Tasks: 397 total,   2 running, 395 sleeping,   0 stopped,   0 zombie
%Cpu(s):  2.8 us,  0.3 sy,  0.0 ni, 96.5 id,  0.3 wa,  0.0 hi,  0.1 si,  0.0 st
KiB Mem : 65877712 total, 44209636 free,  7820752 used, 13847324 buff/cache
KiB Swap: 33554428 total, 32097564 free,  1456864 used. 56852992 avail Mem 
--
top - 13:35:47 up 104 days,  5:18,  0 users,  load average: 0.78, 0.51, 0.52
Tasks: 397 total,   2 running, 395 sleeping,   0 stopped,   0 zombie
%Cpu(s):  1.7 us,  1.5 sy,  0.0 ni, 96.0 id,  0.8 wa,  0.0 hi,  0.0 si,  0.0 st
KiB Mem : 65877712 total, 40948616 free, 11282124 used, 13646972 buff/cache
KiB Swap: 33554428 total, 32097564 free,  1456864 used. 53394408 avail Mem 
--
top - 13:35:52 up 104 days,  5:18,  0 users,  load average: 0.80, 0.52, 0.52
Tasks: 397 total,   2 running, 395 sleeping,   0 stopped,   0 zombie
%Cpu(s):  2.5 us,  1.0 sy,  0.0 ni, 96.5 id,  0.0 wa,  0.0 hi,  0.1 si,  0.0 st
KiB Mem : 65877712 total, 42752644 free, 11728268 used, 11396800 buff/cache
KiB Swap: 33554428 total, 32097564 free,  1456864 used. 52979104 avail Mem 
--
top - 13:35:57 up 104 days,  5:18,  0 users,  load average: 0.81, 0.53, 0.52
Tasks: 398 total,   2 running, 396 sleeping,   0 stopped,   0 zombie
%Cpu(s):  2.5 us,  0.7 sy,  0.0 ni, 95.0 id,  1.7 wa,  0.0 hi,  0.0 si,  0.0 st
KiB Mem : 65877712 total, 43181160 free, 11929440 used, 10767112 buff/cache
KiB Swap: 33554428 total, 32097564 free,  1456864 used. 52785748 avail Mem 
--
top - 13:36:02 up 104 days,  5:18,  0 users,  load average: 1.39, 0.65, 0.56
Tasks: 398 total,   2 running, 396 sleeping,   0 stopped,   0 zombie
%Cpu(s):  2.8 us,  0.9 sy,  0.0 ni, 83.9 id, 12.4 wa,  0.0 hi,  0.0 si,  0.0 st
KiB Mem : 65877712 total, 43543080 free, 11624020 used, 10710612 buff/cache
KiB Swap: 33554428 total, 32097564 free,  1456864 used. 53092336 avail Mem 
--
top - 13:36:07 up 104 days,  5:18,  0 users,  load average: 2.00, 0.79, 0.61
Tasks: 398 total,   1 running, 397 sleeping,   0 stopped,   0 zombie
%Cpu(s):  2.4 us,  0.5 sy,  0.0 ni, 86.2 id, 10.8 wa,  0.0 hi,  0.0 si,  0.0 st
KiB Mem : 65877712 total, 44090972 free, 11076128 used, 10710612 buff/cache
KiB Swap: 33554428 total, 32097564 free,  1456864 used. 53640232 avail Mem 
--
top - 13:36:12 up 104 days,  5:18,  0 users,  load average: 1.84, 0.78, 0.60
Tasks: 398 total,   1 running, 397 sleeping,   0 stopped,   0 zombie
%Cpu(s):  0.2 us,  0.0 sy,  0.0 ni, 99.7 id,  0.0 wa,  0.0 hi,  0.0 si,  0.0 st
KiB Mem : 65877712 total, 44091596 free, 11075504 used, 10710612 buff/cache
KiB Swap: 33554428 total, 32097564 free,  1456864 used. 53640856 avail Mem 
--
top - 13:36:17 up 104 days,  5:18,  0 users,  load average: 1.69, 0.77, 0.60
Tasks: 398 total,   1 running, 397 sleeping,   0 stopped,   0 zombie
%Cpu(s):  0.2 us,  0.0 sy,  0.0 ni, 99.7 id,  0.0 wa,  0.0 hi,  0.0 si,  0.0 st
KiB Mem : 65877712 total, 44092212 free, 11074884 used, 10710616 buff/cache
KiB Swap: 33554428 total, 32097564 free,  1456864 used. 53641472 avail Mem 
--
top - 13:36:22 up 104 days,  5:18,  0 users,  load average: 1.55, 0.75, 0.60
Tasks: 398 total,   1 running, 397 sleeping,   0 stopped,   0 zombie
%Cpu(s):  0.4 us,  0.0 sy,  0.0 ni, 99.6 id,  0.0 wa,  0.0 hi,  0.0 si,  0.0 st
KiB Mem : 65877712 total, 44092580 free, 11074516 used, 10710616 buff/cache
KiB Swap: 33554428 total, 32097564 free,  1456864 used. 53641840 avail Mem 
--
top - 13:36:27 up 104 days,  5:18,  0 users,  load average: 1.43, 0.74, 0.59
Tasks: 398 total,   1 running, 397 sleeping,   0 stopped,   0 zombie
%Cpu(s):  0.4 us,  0.0 sy,  0.0 ni, 99.5 id,  0.0 wa,  0.0 hi,  0.0 si,  0.0 st
KiB Mem : 65877712 total, 44092952 free, 11074144 used, 10710616 buff/cache
KiB Swap: 33554428 total, 32097564 free,  1456864 used. 53642212 avail Mem 
--
top - 13:36:32 up 104 days,  5:18,  0 users,  load average: 1.32, 0.73, 0.59
Tasks: 398 total,   2 running, 396 sleeping,   0 stopped,   0 zombie
%Cpu(s):  0.4 us,  0.0 sy,  0.0 ni, 99.6 id,  0.0 wa,  0.0 hi,  0.0 si,  0.0 st
KiB Mem : 65877712 total, 44092564 free, 11074532 used, 10710616 buff/cache
KiB Swap: 33554428 total, 32097564 free,  1456864 used. 53641824 avail Mem 
--
top - 13:36:37 up 104 days,  5:18,  0 users,  load average: 1.21, 0.72, 0.59
Tasks: 398 total,   1 running, 397 sleeping,   0 stopped,   0 zombie
%Cpu(s):  0.2 us,  0.0 sy,  0.0 ni, 99.7 id,  0.0 wa,  0.0 hi,  0.0 si,  0.0 st
KiB Mem : 65877712 total, 44092596 free, 11074500 used, 10710616 buff/cache
KiB Swap: 33554428 total, 32097564 free,  1456864 used. 53641856 avail Mem 
--
top - 13:36:42 up 104 days,  5:19,  0 users,  load average: 1.11, 0.71, 0.58
Tasks: 398 total,   1 running, 397 sleeping,   0 stopped,   0 zombie
%Cpu(s):  0.3 us,  0.0 sy,  0.0 ni, 99.7 id,  0.0 wa,  0.0 hi,  0.0 si,  0.0 st
KiB Mem : 65877712 total, 44092652 free, 11074444 used, 10710616 buff/cache
KiB Swap: 33554428 total, 32097564 free,  1456864 used. 53641912 avail Mem 
--
top - 13:36:47 up 104 days,  5:19,  0 users,  load average: 1.02, 0.69, 0.58
Tasks: 398 total,   2 running, 396 sleeping,   0 stopped,   0 zombie
%Cpu(s):  0.6 us,  0.1 sy,  0.0 ni, 99.4 id,  0.0 wa,  0.0 hi,  0.0 si,  0.0 st
KiB Mem : 65877712 total, 44049932 free, 11079516 used, 10748264 buff/cache
KiB Swap: 33554428 total, 32097564 free,  1456864 used. 53636568 avail Mem 
--
top - 13:36:52 up 104 days,  5:19,  0 users,  load average: 1.02, 0.70, 0.58
Tasks: 398 total,   2 running, 396 sleeping,   0 stopped,   0 zombie
%Cpu(s):  2.6 us,  0.5 sy,  0.0 ni, 96.6 id,  0.2 wa,  0.0 hi,  0.1 si,  0.0 st
KiB Mem : 65877712 total, 43594228 free, 11079232 used, 11204252 buff/cache
KiB Swap: 33554428 total, 32097564 free,  1456864 used. 53630900 avail Mem 
--
top - 13:36:57 up 104 days,  5:19,  0 users,  load average: 1.02, 0.70, 0.58
Tasks: 397 total,   2 running, 395 sleeping,   0 stopped,   0 zombie
%Cpu(s):  2.7 us,  0.4 sy,  0.0 ni, 96.8 id,  0.0 wa,  0.0 hi,  0.1 si,  0.0 st
KiB Mem : 65877712 total, 43183544 free, 11078660 used, 11615508 buff/cache
KiB Swap: 33554428 total, 32097564 free,  1456864 used. 53626124 avail Mem 
--
top - 13:37:02 up 104 days,  5:19,  0 users,  load average: 1.02, 0.71, 0.59
Tasks: 395 total,   2 running, 393 sleeping,   0 stopped,   0 zombie
%Cpu(s):  2.8 us,  0.4 sy,  0.0 ni, 96.1 id,  0.7 wa,  0.0 hi,  0.1 si,  0.0 st
KiB Mem : 65877712 total, 42834908 free, 11076468 used, 11966336 buff/cache
KiB Swap: 33554428 total, 32097564 free,  1456864 used. 53622528 avail Mem 
--
top - 13:37:07 up 104 days,  5:19,  0 users,  load average: 1.10, 0.73, 0.60
Tasks: 395 total,   2 running, 393 sleeping,   0 stopped,   0 zombie
%Cpu(s):  2.8 us,  0.3 sy,  0.0 ni, 96.8 id,  0.0 wa,  0.0 hi,  0.1 si,  0.0 st
KiB Mem : 65877712 total, 42497240 free, 11076704 used, 12303768 buff/cache
KiB Swap: 33554428 total, 32097564 free,  1456864 used. 53618320 avail Mem 
--
top - 13:37:12 up 104 days,  5:19,  0 users,  load average: 1.09, 0.73, 0.60
Tasks: 395 total,   2 running, 393 sleeping,   0 stopped,   0 zombie
%Cpu(s):  2.8 us,  0.4 sy,  0.0 ni, 96.8 id,  0.0 wa,  0.0 hi,  0.1 si,  0.0 st
KiB Mem : 65877712 total, 42154400 free, 11076780 used, 12646532 buff/cache
KiB Swap: 33554428 total, 32097564 free,  1456864 used. 53613432 avail Mem 
--
top - 13:37:17 up 104 days,  5:19,  0 users,  load average: 1.08, 0.74, 0.60
Tasks: 395 total,   2 running, 393 sleeping,   0 stopped,   0 zombie
%Cpu(s):  2.7 us,  0.4 sy,  0.0 ni, 96.8 id,  0.0 wa,  0.0 hi,  0.1 si,  0.0 st
KiB Mem : 65877712 total, 41772568 free, 11075852 used, 13029292 buff/cache
KiB Swap: 33554428 total, 32097564 free,  1456864 used. 53608804 avail Mem 
--
top - 13:37:22 up 104 days,  5:19,  0 users,  load average: 1.08, 0.74, 0.60
Tasks: 395 total,   2 running, 393 sleeping,   0 stopped,   0 zombie
%Cpu(s):  2.7 us,  0.4 sy,  0.0 ni, 96.8 id,  0.0 wa,  0.0 hi,  0.0 si,  0.0 st
KiB Mem : 65877712 total, 41341332 free, 11076448 used, 13459932 buff/cache
KiB Swap: 33554428 total, 32097564 free,  1456864 used. 53603416 avail Mem 
--
top - 13:37:27 up 104 days,  5:19,  0 users,  load average: 1.15, 0.76, 0.61
Tasks: 395 total,   2 running, 393 sleeping,   0 stopped,   0 zombie
%Cpu(s):  2.8 us,  0.4 sy,  0.0 ni, 96.4 id,  0.4 wa,  0.0 hi,  0.0 si,  0.0 st
KiB Mem : 65877712 total, 40963896 free, 11075008 used, 13838808 buff/cache
KiB Swap: 33554428 total, 32097564 free,  1456864 used. 53599348 avail Mem 
--
top - 13:37:32 up 104 days,  5:19,  0 users,  load average: 1.14, 0.77, 0.61
Tasks: 395 total,   2 running, 393 sleeping,   0 stopped,   0 zombie
%Cpu(s):  1.8 us,  1.5 sy,  0.0 ni, 95.4 id,  1.3 wa,  0.0 hi,  0.0 si,  0.0 st
KiB Mem : 65877712 total, 37825596 free, 14405396 used, 13646720 buff/cache
KiB Swap: 33554428 total, 32097564 free,  1456864 used. 50271312 avail Mem 
--
top - 13:37:37 up 104 days,  5:19,  0 users,  load average: 1.13, 0.77, 0.61
Tasks: 394 total,   2 running, 392 sleeping,   0 stopped,   0 zombie
%Cpu(s):  2.5 us,  0.9 sy,  0.0 ni, 96.5 id,  0.0 wa,  0.0 hi,  0.0 si,  0.0 st
KiB Mem : 65877712 total, 38595644 free, 15469640 used, 11812428 buff/cache
KiB Swap: 33554428 total, 32097564 free,  1456864 used. 49231604 avail Mem 
--
top - 13:37:42 up 104 days,  5:20,  0 users,  load average: 1.12, 0.78, 0.61
Tasks: 393 total,   2 running, 391 sleeping,   0 stopped,   0 zombie
%Cpu(s):  2.6 us,  0.8 sy,  0.0 ni, 96.6 id,  0.0 wa,  0.0 hi,  0.0 si,  0.0 st
KiB Mem : 65877712 total, 40226732 free, 14938820 used, 10712160 buff/cache
KiB Swap: 33554428 total, 32097564 free,  1456864 used. 49777088 avail Mem 
--
top - 13:37:47 up 104 days,  5:20,  0 users,  load average: 1.11, 0.78, 0.62
Tasks: 393 total,   2 running, 391 sleeping,   0 stopped,   0 zombie
%Cpu(s):  2.6 us,  0.6 sy,  0.0 ni, 96.8 id,  0.0 wa,  0.0 hi,  0.0 si,  0.0 st
KiB Mem : 65877712 total, 40233632 free, 14932832 used, 10711248 buff/cache
KiB Swap: 33554428 total, 32097584 free,  1456844 used. 49783256 avail Mem 
--
top - 13:37:52 up 104 days,  5:20,  0 users,  load average: 1.10, 0.78, 0.62
Tasks: 393 total,   2 running, 391 sleeping,   0 stopped,   0 zombie
%Cpu(s):  2.4 us,  0.5 sy,  0.0 ni, 97.0 id,  0.0 wa,  0.0 hi,  0.0 si,  0.0 st
KiB Mem : 65877712 total, 40879208 free, 14287248 used, 10711256 buff/cache
KiB Swap: 33554428 total, 32097584 free,  1456844 used. 50428836 avail Mem 
--
top - 13:37:57 up 104 days,  5:20,  0 users,  load average: 1.01, 0.77, 0.61
Tasks: 393 total,   1 running, 392 sleeping,   0 stopped,   0 zombie
%Cpu(s):  0.2 us,  0.0 sy,  0.0 ni, 99.7 id,  0.0 wa,  0.0 hi,  0.0 si,  0.0 st
KiB Mem : 65877712 total, 40878696 free, 14287760 used, 10711256 buff/cache
KiB Swap: 33554428 total, 32097584 free,  1456844 used. 50428324 avail Mem 
--
top - 13:38:02 up 104 days,  5:20,  0 users,  load average: 0.93, 0.76, 0.61
Tasks: 397 total,   1 running, 396 sleeping,   0 stopped,   0 zombie
%Cpu(s):  0.7 us,  0.2 sy,  0.0 ni, 98.7 id,  0.3 wa,  0.0 hi,  0.0 si,  0.0 st
KiB Mem : 65877712 total, 40877456 free, 14288972 used, 10711284 buff/cache
KiB Swap: 33554428 total, 32097584 free,  1456844 used. 50427104 avail Mem 
--
top - 13:38:07 up 104 days,  5:20,  0 users,  load average: 0.85, 0.74, 0.61
Tasks: 397 total,   2 running, 395 sleeping,   0 stopped,   0 zombie
%Cpu(s):  0.4 us,  0.0 sy,  0.0 ni, 99.6 id,  0.0 wa,  0.0 hi,  0.0 si,  0.0 st
KiB Mem : 65877712 total, 40877584 free, 14288844 used, 10711284 buff/cache
KiB Swap: 33554428 total, 32097584 free,  1456844 used. 50427232 avail Mem 
--
top - 13:38:13 up 104 days,  5:20,  0 users,  load average: 0.87, 0.75, 0.61
Tasks: 397 total,   1 running, 396 sleeping,   0 stopped,   0 zombie
%Cpu(s):  0.5 us,  0.0 sy,  0.0 ni, 99.5 id,  0.0 wa,  0.0 hi,  0.0 si,  0.0 st
KiB Mem : 65877712 total, 40878044 free, 14288384 used, 10711284 buff/cache
KiB Swap: 33554428 total, 32097584 free,  1456844 used. 50427692 avail Mem 
--
top - 13:38:18 up 104 days,  5:20,  0 users,  load average: 0.80, 0.74, 0.61
Tasks: 397 total,   1 running, 396 sleeping,   0 stopped,   0 zombie
%Cpu(s):  0.4 us,  0.0 sy,  0.0 ni, 99.6 id,  0.0 wa,  0.0 hi,  0.0 si,  0.0 st
KiB Mem : 65877712 total, 40878696 free, 14287732 used, 10711284 buff/cache
KiB Swap: 33554428 total, 32097584 free,  1456844 used. 50428344 avail Mem 
--
top - 13:38:23 up 104 days,  5:20,  0 users,  load average: 0.73, 0.72, 0.60
Tasks: 397 total,   1 running, 396 sleeping,   0 stopped,   0 zombie
%Cpu(s):  0.3 us,  0.0 sy,  0.0 ni, 99.7 id,  0.0 wa,  0.0 hi,  0.0 si,  0.0 st
KiB Mem : 65877712 total, 40879024 free, 14287404 used, 10711284 buff/cache
KiB Swap: 33554428 total, 32097584 free,  1456844 used. 50428672 avail Mem 
--
top - 13:38:28 up 104 days,  5:20,  0 users,  load average: 0.67, 0.71, 0.60
Tasks: 397 total,   1 running, 396 sleeping,   0 stopped,   0 zombie
%Cpu(s):  0.2 us,  0.0 sy,  0.0 ni, 99.7 id,  0.0 wa,  0.0 hi,  0.0 si,  0.0 st
KiB Mem : 65877712 total, 40878980 free, 14287448 used, 10711284 buff/cache
KiB Swap: 33554428 total, 32097584 free,  1456844 used. 50428628 avail Mem 
--
top - 13:38:33 up 104 days,  5:20,  0 users,  load average: 0.62, 0.70, 0.60
Tasks: 397 total,   1 running, 396 sleeping,   0 stopped,   0 zombie
%Cpu(s):  0.3 us,  0.0 sy,  0.0 ni, 99.7 id,  0.0 wa,  0.0 hi,  0.0 si,  0.0 st
KiB Mem : 65877712 total, 40879120 free, 14287308 used, 10711284 buff/cache
KiB Swap: 33554428 total, 32097584 free,  1456844 used. 50428768 avail Mem 
--
top - 13:38:38 up 104 days,  5:20,  0 users,  load average: 0.65, 0.71, 0.60
Tasks: 398 total,   2 running, 396 sleeping,   0 stopped,   0 zombie
%Cpu(s):  2.7 us,  0.3 sy,  0.0 ni, 96.9 id,  0.0 wa,  0.0 hi,  0.1 si,  0.0 st
KiB Mem : 65877712 total, 40551924 free, 14292504 used, 11033284 buff/cache
KiB Swap: 33554428 total, 32097584 free,  1456844 used. 50419724 avail Mem 
--
top - 13:38:43 up 104 days,  5:21,  0 users,  load average: 0.68, 0.71, 0.60
Tasks: 398 total,   2 running, 396 sleeping,   0 stopped,   0 zombie
%Cpu(s):  2.8 us,  0.4 sy,  0.0 ni, 96.5 id,  0.3 wa,  0.0 hi,  0.1 si,  0.0 st
KiB Mem : 65877712 total, 40210052 free, 14292572 used, 11375088 buff/cache
KiB Swap: 33554428 total, 32097584 free,  1456844 used. 50415116 avail Mem 
--
top - 13:38:48 up 104 days,  5:21,  0 users,  load average: 0.78, 0.73, 0.61
Tasks: 398 total,   2 running, 396 sleeping,   0 stopped,   0 zombie
%Cpu(s):  2.8 us,  0.4 sy,  0.0 ni, 96.1 id,  0.6 wa,  0.0 hi,  0.1 si,  0.0 st
KiB Mem : 65877712 total, 39814868 free, 14291920 used, 11770924 buff/cache
KiB Swap: 33554428 total, 32097584 free,  1456844 used. 50409924 avail Mem 
--
top - 13:38:53 up 104 days,  5:21,  0 users,  load average: 0.80, 0.74, 0.61
Tasks: 396 total,   2 running, 394 sleeping,   0 stopped,   0 zombie
%Cpu(s):  2.7 us,  0.4 sy,  0.0 ni, 96.8 id,  0.0 wa,  0.0 hi,  0.1 si,  0.0 st
KiB Mem : 65877712 total, 39385932 free, 14290736 used, 12201044 buff/cache
KiB Swap: 33554428 total, 32097584 free,  1456844 used. 50404504 avail Mem 
--
top - 13:38:58 up 104 days,  5:21,  0 users,  load average: 0.82, 0.74, 0.61
Tasks: 396 total,   2 running, 394 sleeping,   0 stopped,   0 zombie
%Cpu(s):  2.7 us,  0.4 sy,  0.0 ni, 96.8 id,  0.0 wa,  0.0 hi,  0.1 si,  0.0 st
KiB Mem : 65877712 total, 38943696 free, 14290756 used, 12643260 buff/cache
KiB Swap: 33554428 total, 32097584 free,  1456844 used. 50399084 avail Mem 
--
top - 13:39:03 up 104 days,  5:21,  0 users,  load average: 0.83, 0.75, 0.61
Tasks: 396 total,   2 running, 394 sleeping,   0 stopped,   0 zombie
%Cpu(s):  2.7 us,  0.4 sy,  0.0 ni, 96.8 id,  0.0 wa,  0.0 hi,  0.1 si,  0.0 st
KiB Mem : 65877712 total, 38491484 free, 14290148 used, 13096080 buff/cache
KiB Swap: 33554428 total, 32097584 free,  1456844 used. 50393336 avail Mem 
--
top - 13:39:08 up 104 days,  5:21,  0 users,  load average: 0.85, 0.75, 0.62
Tasks: 396 total,   2 running, 394 sleeping,   0 stopped,   0 zombie
%Cpu(s):  2.7 us,  0.3 sy,  0.0 ni, 96.9 id,  0.0 wa,  0.0 hi,  0.0 si,  0.0 st
KiB Mem : 65877712 total, 38062472 free, 14290200 used, 13525040 buff/cache
KiB Swap: 33554428 total, 32097584 free,  1456844 used. 50387272 avail Mem 
--
top - 13:39:13 up 104 days,  5:21,  0 users,  load average: 0.86, 0.75, 0.62
Tasks: 396 total,   2 running, 394 sleeping,   0 stopped,   0 zombie
%Cpu(s):  2.8 us,  0.3 sy,  0.0 ni, 96.8 id,  0.0 wa,  0.0 hi,  0.1 si,  0.0 st
KiB Mem : 65877712 total, 37719796 free, 14290396 used, 13867520 buff/cache
KiB Swap: 33554428 total, 32097584 free,  1456844 used. 50383600 avail Mem 
--
top - 13:39:18 up 104 days,  5:21,  0 users,  load average: 0.87, 0.76, 0.62
Tasks: 396 total,   2 running, 394 sleeping,   0 stopped,   0 zombie
%Cpu(s):  1.7 us,  1.6 sy,  0.0 ni, 95.5 id,  1.1 wa,  0.0 hi,  0.0 si,  0.0 st
KiB Mem : 65877712 total, 34788732 free, 17883204 used, 13205776 buff/cache
KiB Swap: 33554428 total, 32097584 free,  1456844 used. 46798864 avail Mem 
--
top - 13:39:23 up 104 days,  5:21,  0 users,  load average: 0.88, 0.76, 0.62
Tasks: 397 total,   2 running, 395 sleeping,   0 stopped,   0 zombie
%Cpu(s):  2.4 us,  1.1 sy,  0.0 ni, 96.5 id,  0.0 wa,  0.0 hi,  0.0 si,  0.0 st
KiB Mem : 65877712 total, 36288584 free, 18577732 used, 11011396 buff/cache
KiB Swap: 33554428 total, 32097584 free,  1456844 used. 46134044 avail Mem 
--
top - 13:39:28 up 104 days,  5:21,  0 users,  load average: 0.89, 0.77, 0.62
Tasks: 397 total,   2 running, 395 sleeping,   0 stopped,   0 zombie
%Cpu(s):  2.6 us,  0.6 sy,  0.0 ni, 96.8 id,  0.0 wa,  0.0 hi,  0.0 si,  0.0 st
KiB Mem : 65877712 total, 36301432 free, 18846820 used, 10729460 buff/cache
KiB Swap: 33554428 total, 32097584 free,  1456844 used. 45868768 avail Mem 
--
top - 13:39:33 up 104 days,  5:21,  0 users,  load average: 0.90, 0.77, 0.62
Tasks: 397 total,   2 running, 395 sleeping,   0 stopped,   0 zombie
%Cpu(s):  2.4 us,  0.7 sy,  0.0 ni, 96.8 id,  0.0 wa,  0.0 hi,  0.0 si,  0.0 st
KiB Mem : 65877712 total, 37628580 free, 17537236 used, 10711896 buff/cache
KiB Swap: 33554428 total, 32097584 free,  1456844 used. 47178540 avail Mem 
--
top - 13:39:38 up 104 days,  5:21,  0 users,  load average: 0.91, 0.77, 0.63
Tasks: 397 total,   2 running, 395 sleeping,   0 stopped,   0 zombie
%Cpu(s):  2.3 us,  0.5 sy,  0.0 ni, 97.1 id,  0.0 wa,  0.0 hi,  0.0 si,  0.0 st
KiB Mem : 65877712 total, 37649896 free, 17515920 used, 10711896 buff/cache
KiB Swap: 33554428 total, 32097584 free,  1456844 used. 47199856 avail Mem 
--
top - 13:39:43 up 104 days,  5:22,  0 users,  load average: 0.83, 0.76, 0.62
Tasks: 397 total,   1 running, 396 sleeping,   0 stopped,   0 zombie
%Cpu(s):  0.2 us,  0.0 sy,  0.0 ni, 99.7 id,  0.0 wa,  0.0 hi,  0.0 si,  0.0 st
KiB Mem : 65877712 total, 37650548 free, 17515268 used, 10711896 buff/cache
KiB Swap: 33554428 total, 32097584 free,  1456844 used. 47200508 avail Mem 
--
top - 13:39:48 up 104 days,  5:22,  0 users,  load average: 0.77, 0.75, 0.62
Tasks: 397 total,   1 running, 396 sleeping,   0 stopped,   0 zombie
%Cpu(s):  0.3 us,  0.0 sy,  0.0 ni, 99.7 id,  0.0 wa,  0.0 hi,  0.0 si,  0.0 st
KiB Mem : 65877712 total, 37650512 free, 17515304 used, 10711896 buff/cache
KiB Swap: 33554428 total, 32097584 free,  1456844 used. 47200472 avail Mem 
--
top - 13:39:53 up 104 days,  5:22,  0 users,  load average: 0.79, 0.75, 0.62
Tasks: 398 total,   1 running, 397 sleeping,   0 stopped,   0 zombie
%Cpu(s):  0.4 us,  0.0 sy,  0.0 ni, 99.6 id,  0.0 wa,  0.0 hi,  0.0 si,  0.0 st
KiB Mem : 65877712 total, 37650100 free, 17515712 used, 10711900 buff/cache
KiB Swap: 33554428 total, 32097584 free,  1456844 used. 47200060 avail Mem 
--
top - 13:39:58 up 104 days,  5:22,  0 users,  load average: 0.72, 0.74, 0.62
Tasks: 398 total,   1 running, 397 sleeping,   0 stopped,   0 zombie
%Cpu(s):  0.5 us,  0.0 sy,  0.0 ni, 99.5 id,  0.0 wa,  0.0 hi,  0.0 si,  0.0 st
KiB Mem : 65877712 total, 37650476 free, 17515336 used, 10711900 buff/cache
KiB Swap: 33554428 total, 32097584 free,  1456844 used. 47200436 avail Mem 
