Job id: 4751320
Worker ip: 10.149.0.63
Master ip: 10.149.0.60
--
top - 13:21:50 up 104 days,  5:05,  0 users,  load average: 0.20, 0.36, 0.33
Tasks: 395 total,   2 running, 393 sleeping,   0 stopped,   0 zombie
%Cpu(s):  2.7 us,  4.9 sy,  0.0 ni, 92.0 id,  0.0 wa,  0.0 hi,  0.4 si,  0.0 st
KiB Mem : 65877712 total, 58255576 free,  1081232 used,  6540904 buff/cache
KiB Swap: 33554428 total, 32363784 free,  1190644 used. 63616376 avail Mem 
--
top - 13:21:55 up 104 days,  5:05,  0 users,  load average: 0.26, 0.37, 0.33
Tasks: 396 total,   1 running, 395 sleeping,   0 stopped,   0 zombie
%Cpu(s):  1.7 us,  0.4 sy,  0.0 ni, 97.9 id,  0.0 wa,  0.0 hi,  0.0 si,  0.0 st
KiB Mem : 65877712 total, 58234844 free,  1095224 used,  6547644 buff/cache
KiB Swap: 33554428 total, 32363784 free,  1190644 used. 63602148 avail Mem 
--
top - 13:22:00 up 104 days,  5:05,  0 users,  load average: 0.24, 0.36, 0.33
Tasks: 402 total,   1 running, 401 sleeping,   0 stopped,   0 zombie
%Cpu(s):  0.3 us,  0.2 sy,  0.0 ni, 99.3 id,  0.2 wa,  0.0 hi,  0.0 si,  0.0 st
KiB Mem : 65877712 total, 58229468 free,  1100616 used,  6547628 buff/cache
KiB Swap: 33554428 total, 32363784 free,  1190644 used. 63596904 avail Mem 
--
top - 13:22:05 up 104 days,  5:06,  0 users,  load average: 0.22, 0.36, 0.33
Tasks: 396 total,   1 running, 395 sleeping,   0 stopped,   0 zombie
%Cpu(s):  0.1 us,  0.0 sy,  0.0 ni, 99.6 id,  0.2 wa,  0.0 hi,  0.0 si,  0.0 st
KiB Mem : 65877712 total, 58232184 free,  1097900 used,  6547628 buff/cache
KiB Swap: 33554428 total, 32363784 free,  1190644 used. 63599620 avail Mem 
--
top - 13:22:10 up 104 days,  5:06,  0 users,  load average: 0.20, 0.35, 0.32
Tasks: 397 total,   1 running, 396 sleeping,   0 stopped,   0 zombie
%Cpu(s):  0.0 us,  0.0 sy,  0.0 ni,100.0 id,  0.0 wa,  0.0 hi,  0.0 si,  0.0 st
KiB Mem : 65877712 total, 58235400 free,  1094684 used,  6547628 buff/cache
KiB Swap: 33554428 total, 32363784 free,  1190644 used. 63602836 avail Mem 
--
top - 13:22:15 up 104 days,  5:06,  0 users,  load average: 0.19, 0.34, 0.32
Tasks: 397 total,   1 running, 396 sleeping,   0 stopped,   0 zombie
%Cpu(s):  0.0 us,  0.0 sy,  0.0 ni,100.0 id,  0.0 wa,  0.0 hi,  0.0 si,  0.0 st
KiB Mem : 65877712 total, 58235400 free,  1094684 used,  6547628 buff/cache
KiB Swap: 33554428 total, 32363784 free,  1190644 used. 63602836 avail Mem 
--
top - 13:22:20 up 104 days,  5:06,  0 users,  load average: 0.17, 0.34, 0.32
Tasks: 398 total,   1 running, 397 sleeping,   0 stopped,   0 zombie
%Cpu(s):  0.0 us,  0.0 sy,  0.0 ni,100.0 id,  0.0 wa,  0.0 hi,  0.0 si,  0.0 st
KiB Mem : 65877712 total, 58235356 free,  1094728 used,  6547628 buff/cache
KiB Swap: 33554428 total, 32363784 free,  1190644 used. 63602792 avail Mem 
--
top - 13:22:25 up 104 days,  5:06,  0 users,  load average: 0.16, 0.33, 0.32
Tasks: 398 total,   1 running, 397 sleeping,   0 stopped,   0 zombie
%Cpu(s):  0.0 us,  0.0 sy,  0.0 ni,100.0 id,  0.0 wa,  0.0 hi,  0.0 si,  0.0 st
KiB Mem : 65877712 total, 58235356 free,  1094728 used,  6547628 buff/cache
KiB Swap: 33554428 total, 32363784 free,  1190644 used. 63602792 avail Mem 
--
top - 13:22:30 up 104 days,  5:06,  0 users,  load average: 0.15, 0.33, 0.32
Tasks: 398 total,   1 running, 397 sleeping,   0 stopped,   0 zombie
%Cpu(s):  0.0 us,  0.0 sy,  0.0 ni,100.0 id,  0.0 wa,  0.0 hi,  0.0 si,  0.0 st
KiB Mem : 65877712 total, 58235076 free,  1095008 used,  6547628 buff/cache
KiB Swap: 33554428 total, 32363784 free,  1190644 used. 63602512 avail Mem 
--
top - 13:22:35 up 104 days,  5:06,  0 users,  load average: 0.13, 0.32, 0.31
Tasks: 398 total,   1 running, 397 sleeping,   0 stopped,   0 zombie
%Cpu(s):  0.0 us,  0.0 sy,  0.0 ni,100.0 id,  0.0 wa,  0.0 hi,  0.0 si,  0.0 st
KiB Mem : 65877712 total, 58235076 free,  1095008 used,  6547628 buff/cache
KiB Swap: 33554428 total, 32363784 free,  1190644 used. 63602512 avail Mem 
--
top - 13:22:40 up 104 days,  5:06,  0 users,  load average: 0.12, 0.32, 0.31
Tasks: 398 total,   1 running, 397 sleeping,   0 stopped,   0 zombie
%Cpu(s):  0.0 us,  0.0 sy,  0.0 ni,100.0 id,  0.0 wa,  0.0 hi,  0.0 si,  0.0 st
KiB Mem : 65877712 total, 58235076 free,  1095008 used,  6547628 buff/cache
KiB Swap: 33554428 total, 32363784 free,  1190644 used. 63602512 avail Mem 
--
top - 13:22:45 up 104 days,  5:06,  0 users,  load average: 0.11, 0.31, 0.31
Tasks: 398 total,   1 running, 397 sleeping,   0 stopped,   0 zombie
%Cpu(s):  0.0 us,  0.0 sy,  0.0 ni, 99.9 id,  0.0 wa,  0.0 hi,  0.0 si,  0.0 st
KiB Mem : 65877712 total, 58234296 free,  1095788 used,  6547628 buff/cache
KiB Swap: 33554428 total, 32363784 free,  1190644 used. 63601732 avail Mem 
--
top - 13:22:50 up 104 days,  5:06,  0 users,  load average: 0.10, 0.31, 0.31
Tasks: 398 total,   1 running, 397 sleeping,   0 stopped,   0 zombie
%Cpu(s):  0.0 us,  0.0 sy,  0.0 ni,100.0 id,  0.0 wa,  0.0 hi,  0.0 si,  0.0 st
KiB Mem : 65877712 total, 58234732 free,  1095352 used,  6547628 buff/cache
KiB Swap: 33554428 total, 32363784 free,  1190644 used. 63602168 avail Mem 
--
top - 13:22:55 up 104 days,  5:06,  0 users,  load average: 0.10, 0.30, 0.31
Tasks: 398 total,   1 running, 397 sleeping,   0 stopped,   0 zombie
%Cpu(s):  0.0 us,  0.0 sy,  0.0 ni,100.0 id,  0.0 wa,  0.0 hi,  0.0 si,  0.0 st
KiB Mem : 65877712 total, 58235172 free,  1094912 used,  6547628 buff/cache
KiB Swap: 33554428 total, 32363784 free,  1190644 used. 63602608 avail Mem 
--
top - 13:23:00 up 104 days,  5:06,  0 users,  load average: 0.09, 0.30, 0.31
Tasks: 398 total,   1 running, 397 sleeping,   0 stopped,   0 zombie
%Cpu(s):  0.0 us,  0.0 sy,  0.0 ni,100.0 id,  0.0 wa,  0.0 hi,  0.0 si,  0.0 st
KiB Mem : 65877712 total, 58234076 free,  1096008 used,  6547628 buff/cache
KiB Swap: 33554428 total, 32363784 free,  1190644 used. 63601512 avail Mem 
--
top - 13:23:05 up 104 days,  5:07,  0 users,  load average: 0.08, 0.29, 0.31
Tasks: 397 total,   1 running, 396 sleeping,   0 stopped,   0 zombie
%Cpu(s):  0.0 us,  0.0 sy,  0.0 ni,100.0 id,  0.0 wa,  0.0 hi,  0.0 si,  0.0 st
KiB Mem : 65877712 total, 58234084 free,  1096000 used,  6547628 buff/cache
KiB Swap: 33554428 total, 32363784 free,  1190644 used. 63601520 avail Mem 
--
top - 13:23:10 up 104 days,  5:07,  0 users,  load average: 0.08, 0.29, 0.30
Tasks: 397 total,   1 running, 396 sleeping,   0 stopped,   0 zombie
%Cpu(s):  0.0 us,  0.0 sy,  0.0 ni,100.0 id,  0.0 wa,  0.0 hi,  0.0 si,  0.0 st
KiB Mem : 65877712 total, 58234084 free,  1096000 used,  6547628 buff/cache
KiB Swap: 33554428 total, 32363784 free,  1190644 used. 63601520 avail Mem 
--
top - 13:23:15 up 104 days,  5:07,  0 users,  load average: 0.07, 0.28, 0.30
Tasks: 397 total,   1 running, 396 sleeping,   0 stopped,   0 zombie
%Cpu(s):  0.0 us,  0.0 sy,  0.0 ni,100.0 id,  0.0 wa,  0.0 hi,  0.0 si,  0.0 st
KiB Mem : 65877712 total, 58234084 free,  1096000 used,  6547628 buff/cache
KiB Swap: 33554428 total, 32363784 free,  1190644 used. 63601520 avail Mem 
--
top - 13:23:20 up 104 days,  5:07,  0 users,  load average: 0.06, 0.28, 0.30
Tasks: 397 total,   1 running, 396 sleeping,   0 stopped,   0 zombie
%Cpu(s):  0.0 us,  0.0 sy,  0.0 ni,100.0 id,  0.0 wa,  0.0 hi,  0.0 si,  0.0 st
KiB Mem : 65877712 total, 58234084 free,  1096000 used,  6547628 buff/cache
KiB Swap: 33554428 total, 32363784 free,  1190644 used. 63601520 avail Mem 
--
top - 13:23:25 up 104 days,  5:07,  0 users,  load average: 0.06, 0.27, 0.30
Tasks: 397 total,   1 running, 396 sleeping,   0 stopped,   0 zombie
%Cpu(s):  0.0 us,  0.0 sy,  0.0 ni,100.0 id,  0.0 wa,  0.0 hi,  0.0 si,  0.0 st
KiB Mem : 65877712 total, 58223840 free,  1106244 used,  6547628 buff/cache
KiB Swap: 33554428 total, 32363784 free,  1190644 used. 63591276 avail Mem 
--
top - 13:23:30 up 104 days,  5:07,  0 users,  load average: 0.21, 0.30, 0.31
Tasks: 397 total,   1 running, 396 sleeping,   0 stopped,   0 zombie
%Cpu(s):  0.3 us,  0.2 sy,  0.0 ni, 99.5 id,  0.0 wa,  0.0 hi,  0.0 si,  0.0 st
KiB Mem : 65877712 total, 57532244 free,  1797840 used,  6547628 buff/cache
KiB Swap: 33554428 total, 32363784 free,  1190644 used. 62899680 avail Mem 
--
top - 13:23:35 up 104 days,  5:07,  0 users,  load average: 0.20, 0.30, 0.31
Tasks: 397 total,   1 running, 396 sleeping,   0 stopped,   0 zombie
%Cpu(s):  0.0 us,  0.0 sy,  0.0 ni,100.0 id,  0.0 wa,  0.0 hi,  0.0 si,  0.0 st
KiB Mem : 65877712 total, 57531476 free,  1798608 used,  6547628 buff/cache
KiB Swap: 33554428 total, 32363784 free,  1190644 used. 62898912 avail Mem 
--
top - 13:23:40 up 104 days,  5:07,  0 users,  load average: 0.18, 0.29, 0.31
Tasks: 396 total,   1 running, 395 sleeping,   0 stopped,   0 zombie
%Cpu(s):  3.4 us,  0.5 sy,  0.0 ni, 96.1 id,  0.0 wa,  0.0 hi,  0.0 si,  0.0 st
KiB Mem : 65877712 total, 56022292 free,  3307784 used,  6547636 buff/cache
KiB Swap: 33554428 total, 32363784 free,  1190644 used. 61389736 avail Mem 
--
top - 13:23:45 up 104 days,  5:07,  0 users,  load average: 0.25, 0.30, 0.31
Tasks: 396 total,   1 running, 395 sleeping,   0 stopped,   0 zombie
%Cpu(s):  3.1 us,  0.0 sy,  0.0 ni, 96.9 id,  0.0 wa,  0.0 hi,  0.0 si,  0.0 st
KiB Mem : 65877712 total, 56021648 free,  3308428 used,  6547636 buff/cache
KiB Swap: 33554428 total, 32363784 free,  1190644 used. 61389092 avail Mem 
--
top - 13:23:50 up 104 days,  5:07,  0 users,  load average: 0.31, 0.31, 0.31
Tasks: 396 total,   1 running, 395 sleeping,   0 stopped,   0 zombie
%Cpu(s):  3.1 us,  0.0 sy,  0.0 ni, 96.9 id,  0.0 wa,  0.0 hi,  0.0 si,  0.0 st
KiB Mem : 65877712 total, 56020708 free,  3309368 used,  6547636 buff/cache
KiB Swap: 33554428 total, 32363784 free,  1190644 used. 61388152 avail Mem 
--
top - 13:23:55 up 104 days,  5:07,  0 users,  load average: 0.36, 0.33, 0.32
Tasks: 396 total,   1 running, 395 sleeping,   0 stopped,   0 zombie
%Cpu(s):  1.0 us,  0.1 sy,  0.0 ni, 98.9 id,  0.0 wa,  0.0 hi,  0.0 si,  0.0 st
KiB Mem : 65877712 total, 57924204 free,  1405872 used,  6547636 buff/cache
KiB Swap: 33554428 total, 32363784 free,  1190644 used. 63291648 avail Mem 
--
top - 13:24:00 up 104 days,  5:07,  0 users,  load average: 0.33, 0.32, 0.32
Tasks: 396 total,   1 running, 395 sleeping,   0 stopped,   0 zombie
%Cpu(s):  0.4 us,  0.2 sy,  0.0 ni, 99.0 id,  0.3 wa,  0.0 hi,  0.0 si,  0.0 st
KiB Mem : 65877712 total, 57915504 free,  1414572 used,  6547636 buff/cache
KiB Swap: 33554428 total, 32363784 free,  1190644 used. 63282948 avail Mem 
--
top - 13:24:05 up 104 days,  5:08,  0 users,  load average: 0.31, 0.32, 0.31
Tasks: 400 total,   1 running, 399 sleeping,   0 stopped,   0 zombie
%Cpu(s):  0.0 us,  0.0 sy,  0.0 ni, 99.9 id,  0.1 wa,  0.0 hi,  0.0 si,  0.0 st
KiB Mem : 65877712 total, 57917972 free,  1412104 used,  6547636 buff/cache
KiB Swap: 33554428 total, 32363784 free,  1190644 used. 63285416 avail Mem 
--
top - 13:24:10 up 104 days,  5:08,  0 users,  load average: 0.28, 0.31, 0.31
Tasks: 400 total,   1 running, 399 sleeping,   0 stopped,   0 zombie
%Cpu(s):  0.0 us,  0.0 sy,  0.0 ni,100.0 id,  0.0 wa,  0.0 hi,  0.0 si,  0.0 st
KiB Mem : 65877712 total, 57918208 free,  1411868 used,  6547636 buff/cache
KiB Swap: 33554428 total, 32363784 free,  1190644 used. 63285652 avail Mem 
--
top - 13:24:15 up 104 days,  5:08,  0 users,  load average: 0.66, 0.39, 0.34
Tasks: 400 total,   1 running, 399 sleeping,   0 stopped,   0 zombie
%Cpu(s):  0.0 us,  0.0 sy,  0.0 ni,100.0 id,  0.0 wa,  0.0 hi,  0.0 si,  0.0 st
KiB Mem : 65877712 total, 57918316 free,  1411760 used,  6547636 buff/cache
KiB Swap: 33554428 total, 32363784 free,  1190644 used. 63285760 avail Mem 
--
top - 13:24:20 up 104 days,  5:08,  0 users,  load average: 0.61, 0.38, 0.34
Tasks: 400 total,   1 running, 399 sleeping,   0 stopped,   0 zombie
%Cpu(s):  0.0 us,  0.0 sy,  0.0 ni,100.0 id,  0.0 wa,  0.0 hi,  0.0 si,  0.0 st
KiB Mem : 65877712 total, 57918316 free,  1411760 used,  6547636 buff/cache
KiB Swap: 33554428 total, 32363784 free,  1190644 used. 63285760 avail Mem 
--
top - 13:24:25 up 104 days,  5:08,  0 users,  load average: 0.56, 0.37, 0.33
Tasks: 400 total,   1 running, 399 sleeping,   0 stopped,   0 zombie
%Cpu(s):  0.0 us,  0.0 sy,  0.0 ni,100.0 id,  0.0 wa,  0.0 hi,  0.0 si,  0.0 st
KiB Mem : 65877712 total, 57918052 free,  1412024 used,  6547636 buff/cache
KiB Swap: 33554428 total, 32363784 free,  1190644 used. 63285496 avail Mem 
--
top - 13:24:30 up 104 days,  5:08,  0 users,  load average: 0.51, 0.37, 0.33
Tasks: 400 total,   1 running, 399 sleeping,   0 stopped,   0 zombie
%Cpu(s):  0.0 us,  0.0 sy,  0.0 ni, 95.4 id,  4.6 wa,  0.0 hi,  0.0 si,  0.0 st
KiB Mem : 65877712 total, 57917420 free,  1412656 used,  6547636 buff/cache
KiB Swap: 33554428 total, 32363784 free,  1190644 used. 63284864 avail Mem 
--
top - 13:24:35 up 104 days,  5:08,  0 users,  load average: 1.03, 0.48, 0.37
Tasks: 400 total,   1 running, 399 sleeping,   0 stopped,   0 zombie
%Cpu(s):  0.0 us,  0.0 sy,  0.0 ni, 90.6 id,  9.3 wa,  0.0 hi,  0.0 si,  0.0 st
KiB Mem : 65877712 total, 57916984 free,  1413092 used,  6547636 buff/cache
KiB Swap: 33554428 total, 32363784 free,  1190644 used. 63284428 avail Mem 
--
top - 13:24:40 up 104 days,  5:08,  0 users,  load average: 1.51, 0.59, 0.40
Tasks: 400 total,   1 running, 399 sleeping,   0 stopped,   0 zombie
%Cpu(s):  0.0 us,  0.0 sy,  0.0 ni, 95.5 id,  4.5 wa,  0.0 hi,  0.0 si,  0.0 st
KiB Mem : 65877712 total, 57915984 free,  1414092 used,  6547636 buff/cache
KiB Swap: 33554428 total, 32363784 free,  1190644 used. 63283428 avail Mem 
--
top - 13:24:45 up 104 days,  5:08,  0 users,  load average: 1.39, 0.58, 0.40
Tasks: 400 total,   1 running, 399 sleeping,   0 stopped,   0 zombie
%Cpu(s):  0.0 us,  0.0 sy,  0.0 ni,100.0 id,  0.0 wa,  0.0 hi,  0.0 si,  0.0 st
KiB Mem : 65877712 total, 57916420 free,  1413656 used,  6547636 buff/cache
KiB Swap: 33554428 total, 32363784 free,  1190644 used. 63283864 avail Mem 
--
top - 13:24:51 up 104 days,  5:08,  0 users,  load average: 1.28, 0.57, 0.40
Tasks: 400 total,   1 running, 399 sleeping,   0 stopped,   0 zombie
%Cpu(s):  0.0 us,  0.0 sy,  0.0 ni, 99.9 id,  0.0 wa,  0.0 hi,  0.0 si,  0.0 st
KiB Mem : 65877712 total, 57916116 free,  1413960 used,  6547636 buff/cache
KiB Swap: 33554428 total, 32363784 free,  1190644 used. 63283560 avail Mem 
--
top - 13:24:56 up 104 days,  5:08,  0 users,  load average: 1.18, 0.56, 0.40
Tasks: 400 total,   1 running, 399 sleeping,   0 stopped,   0 zombie
%Cpu(s):  0.0 us,  0.0 sy,  0.0 ni,100.0 id,  0.0 wa,  0.0 hi,  0.0 si,  0.0 st
KiB Mem : 65877712 total, 57916116 free,  1413960 used,  6547636 buff/cache
KiB Swap: 33554428 total, 32363784 free,  1190644 used. 63283560 avail Mem 
--
top - 13:25:01 up 104 days,  5:08,  0 users,  load average: 1.08, 0.55, 0.40
Tasks: 400 total,   1 running, 399 sleeping,   0 stopped,   0 zombie
%Cpu(s):  0.0 us,  0.0 sy,  0.0 ni,100.0 id,  0.0 wa,  0.0 hi,  0.0 si,  0.0 st
KiB Mem : 65877712 total, 57916132 free,  1413940 used,  6547640 buff/cache
KiB Swap: 33554428 total, 32363784 free,  1190644 used. 63283580 avail Mem 
--
top - 13:25:06 up 104 days,  5:09,  0 users,  load average: 1.00, 0.54, 0.39
Tasks: 400 total,   1 running, 399 sleeping,   0 stopped,   0 zombie
%Cpu(s):  0.0 us,  0.0 sy,  0.0 ni,100.0 id,  0.0 wa,  0.0 hi,  0.0 si,  0.0 st
KiB Mem : 65877712 total, 57914324 free,  1415748 used,  6547640 buff/cache
KiB Swap: 33554428 total, 32363784 free,  1190644 used. 63281772 avail Mem 
--
top - 13:25:11 up 104 days,  5:09,  0 users,  load average: 1.00, 0.55, 0.40
Tasks: 399 total,   1 running, 398 sleeping,   0 stopped,   0 zombie
%Cpu(s):  0.3 us,  0.3 sy,  0.0 ni, 99.4 id,  0.0 wa,  0.0 hi,  0.0 si,  0.0 st
KiB Mem : 65877712 total, 57543848 free,  1786224 used,  6547640 buff/cache
KiB Swap: 33554428 total, 32363784 free,  1190644 used. 62911296 avail Mem 
--
top - 13:25:16 up 104 days,  5:09,  0 users,  load average: 0.92, 0.54, 0.40
Tasks: 399 total,   1 running, 398 sleeping,   0 stopped,   0 zombie
%Cpu(s):  0.1 us,  0.1 sy,  0.0 ni, 99.7 id,  0.0 wa,  0.0 hi,  0.0 si,  0.0 st
KiB Mem : 65877712 total, 57412412 free,  1917660 used,  6547640 buff/cache
KiB Swap: 33554428 total, 32363784 free,  1190644 used. 62779860 avail Mem 
--
top - 13:25:21 up 104 days,  5:09,  0 users,  load average: 0.84, 0.53, 0.39
Tasks: 396 total,   1 running, 395 sleeping,   0 stopped,   0 zombie
%Cpu(s):  5.2 us,  0.6 sy,  0.0 ni, 94.2 id,  0.0 wa,  0.0 hi,  0.0 si,  0.0 st
KiB Mem : 65877712 total, 55237400 free,  4092672 used,  6547640 buff/cache
KiB Swap: 33554428 total, 32363784 free,  1190644 used. 60604848 avail Mem 
--
top - 13:25:26 up 104 days,  5:09,  0 users,  load average: 0.94, 0.55, 0.40
Tasks: 397 total,   1 running, 396 sleeping,   0 stopped,   0 zombie
%Cpu(s):  6.3 us,  0.0 sy,  0.0 ni, 86.4 id,  7.3 wa,  0.0 hi,  0.0 si,  0.0 st
KiB Mem : 65877712 total, 55237276 free,  4092796 used,  6547640 buff/cache
KiB Swap: 33554428 total, 32363784 free,  1190644 used. 60604724 avail Mem 
--
top - 13:25:31 up 104 days,  5:09,  0 users,  load average: 1.58, 0.69, 0.45
Tasks: 397 total,   2 running, 395 sleeping,   0 stopped,   0 zombie
%Cpu(s):  3.7 us,  0.1 sy,  0.0 ni, 86.9 id,  9.3 wa,  0.0 hi,  0.0 si,  0.0 st
KiB Mem : 65877712 total, 57125444 free,  2204628 used,  6547640 buff/cache
KiB Swap: 33554428 total, 32363784 free,  1190644 used. 62493764 avail Mem 
--
top - 13:25:36 up 104 days,  5:09,  0 users,  load average: 2.02, 0.80, 0.48
Tasks: 397 total,   1 running, 396 sleeping,   0 stopped,   0 zombie
%Cpu(s):  0.0 us,  0.1 sy,  0.0 ni, 99.1 id,  0.8 wa,  0.0 hi,  0.0 si,  0.0 st
KiB Mem : 65877712 total, 57594696 free,  1735376 used,  6547640 buff/cache
KiB Swap: 33554428 total, 32363784 free,  1190644 used. 62962144 avail Mem 
--
top - 13:25:41 up 104 days,  5:09,  0 users,  load average: 1.85, 0.79, 0.48
Tasks: 397 total,   1 running, 396 sleeping,   0 stopped,   0 zombie
%Cpu(s):  0.0 us,  0.0 sy,  0.0 ni, 99.9 id,  0.0 wa,  0.0 hi,  0.0 si,  0.0 st
KiB Mem : 65877712 total, 57587492 free,  1742580 used,  6547640 buff/cache
KiB Swap: 33554428 total, 32363784 free,  1190644 used. 62954940 avail Mem 
--
top - 13:25:46 up 104 days,  5:09,  0 users,  load average: 1.71, 0.77, 0.48
Tasks: 397 total,   1 running, 396 sleeping,   0 stopped,   0 zombie
%Cpu(s):  0.0 us,  0.0 sy,  0.0 ni, 99.9 id,  0.0 wa,  0.0 hi,  0.0 si,  0.0 st
KiB Mem : 65877712 total, 57587056 free,  1743016 used,  6547640 buff/cache
KiB Swap: 33554428 total, 32363784 free,  1190644 used. 62954504 avail Mem 
--
top - 13:25:51 up 104 days,  5:09,  0 users,  load average: 1.57, 0.76, 0.48
Tasks: 397 total,   1 running, 396 sleeping,   0 stopped,   0 zombie
%Cpu(s):  0.0 us,  0.0 sy,  0.0 ni,100.0 id,  0.0 wa,  0.0 hi,  0.0 si,  0.0 st
KiB Mem : 65877712 total, 57585008 free,  1745064 used,  6547640 buff/cache
KiB Swap: 33554428 total, 32363784 free,  1190644 used. 62952456 avail Mem 
--
top - 13:25:56 up 104 days,  5:09,  0 users,  load average: 1.44, 0.75, 0.47
Tasks: 397 total,   1 running, 396 sleeping,   0 stopped,   0 zombie
%Cpu(s):  0.0 us,  0.0 sy,  0.0 ni,100.0 id,  0.0 wa,  0.0 hi,  0.0 si,  0.0 st
KiB Mem : 65877712 total, 57585756 free,  1744316 used,  6547640 buff/cache
KiB Swap: 33554428 total, 32363784 free,  1190644 used. 62953204 avail Mem 
--
top - 13:26:01 up 104 days,  5:10,  0 users,  load average: 1.33, 0.73, 0.47
Tasks: 397 total,   1 running, 396 sleeping,   0 stopped,   0 zombie
%Cpu(s):  0.4 us,  0.2 sy,  0.0 ni, 99.0 id,  0.3 wa,  0.0 hi,  0.0 si,  0.0 st
KiB Mem : 65877712 total, 57580984 free,  1749084 used,  6547644 buff/cache
KiB Swap: 33554428 total, 32363784 free,  1190644 used. 62948436 avail Mem 
--
top - 13:26:06 up 104 days,  5:10,  0 users,  load average: 1.22, 0.72, 0.47
Tasks: 401 total,   1 running, 400 sleeping,   0 stopped,   0 zombie
%Cpu(s):  0.0 us,  0.0 sy,  0.0 ni, 99.9 id,  0.0 wa,  0.0 hi,  0.0 si,  0.0 st
KiB Mem : 65877712 total, 57581960 free,  1748020 used,  6547732 buff/cache
KiB Swap: 33554428 total, 32363784 free,  1190644 used. 62949428 avail Mem 
--
top - 13:26:11 up 104 days,  5:10,  0 users,  load average: 1.12, 0.71, 0.47
Tasks: 401 total,   1 running, 400 sleeping,   0 stopped,   0 zombie
%Cpu(s):  0.0 us,  0.0 sy,  0.0 ni,100.0 id,  0.0 wa,  0.0 hi,  0.0 si,  0.0 st
KiB Mem : 65877712 total, 57582724 free,  1747256 used,  6547732 buff/cache
KiB Swap: 33554428 total, 32363784 free,  1190644 used. 62950192 avail Mem 
--
top - 13:26:16 up 104 days,  5:10,  0 users,  load average: 1.03, 0.70, 0.46
Tasks: 401 total,   1 running, 400 sleeping,   0 stopped,   0 zombie
%Cpu(s):  0.0 us,  0.0 sy,  0.0 ni,100.0 id,  0.0 wa,  0.0 hi,  0.0 si,  0.0 st
KiB Mem : 65877712 total, 57582724 free,  1747256 used,  6547732 buff/cache
KiB Swap: 33554428 total, 32363784 free,  1190644 used. 62950192 avail Mem 
--
top - 13:26:21 up 104 days,  5:10,  0 users,  load average: 0.95, 0.69, 0.46
Tasks: 401 total,   1 running, 400 sleeping,   0 stopped,   0 zombie
%Cpu(s):  0.0 us,  0.0 sy,  0.0 ni,100.0 id,  0.0 wa,  0.0 hi,  0.0 si,  0.0 st
KiB Mem : 65877712 total, 57576984 free,  1753044 used,  6547684 buff/cache
KiB Swap: 33554428 total, 32363784 free,  1190644 used. 62944452 avail Mem 
--
top - 13:26:26 up 104 days,  5:10,  0 users,  load average: 0.87, 0.68, 0.46
Tasks: 401 total,   1 running, 400 sleeping,   0 stopped,   0 zombie
%Cpu(s):  0.0 us,  0.0 sy,  0.0 ni, 99.9 id,  0.0 wa,  0.0 hi,  0.0 si,  0.0 st
KiB Mem : 65877712 total, 57576380 free,  1753656 used,  6547676 buff/cache
KiB Swap: 33554428 total, 32363784 free,  1190644 used. 62943848 avail Mem 
--
top - 13:26:31 up 104 days,  5:10,  0 users,  load average: 0.80, 0.66, 0.46
Tasks: 401 total,   1 running, 400 sleeping,   0 stopped,   0 zombie
%Cpu(s):  0.0 us,  0.0 sy,  0.0 ni,100.0 id,  0.0 wa,  0.0 hi,  0.0 si,  0.0 st
KiB Mem : 65877712 total, 57569428 free,  1760608 used,  6547676 buff/cache
KiB Swap: 33554428 total, 32363784 free,  1190644 used. 62936896 avail Mem 
--
top - 13:26:36 up 104 days,  5:10,  0 users,  load average: 0.74, 0.65, 0.45
Tasks: 401 total,   1 running, 400 sleeping,   0 stopped,   0 zombie
%Cpu(s):  0.0 us,  0.0 sy,  0.0 ni,100.0 id,  0.0 wa,  0.0 hi,  0.0 si,  0.0 st
KiB Mem : 65877712 total, 57569428 free,  1760608 used,  6547676 buff/cache
KiB Swap: 33554428 total, 32363784 free,  1190644 used. 62936896 avail Mem 
--
top - 13:26:41 up 104 days,  5:10,  0 users,  load average: 0.68, 0.64, 0.45
Tasks: 401 total,   1 running, 400 sleeping,   0 stopped,   0 zombie
%Cpu(s):  0.0 us,  0.0 sy,  0.0 ni, 99.9 id,  0.0 wa,  0.0 hi,  0.0 si,  0.0 st
KiB Mem : 65877712 total, 57568200 free,  1761836 used,  6547676 buff/cache
KiB Swap: 33554428 total, 32363784 free,  1190644 used. 62935668 avail Mem 
--
top - 13:26:46 up 104 days,  5:10,  0 users,  load average: 0.63, 0.63, 0.45
Tasks: 402 total,   1 running, 401 sleeping,   0 stopped,   0 zombie
%Cpu(s):  0.2 us,  0.2 sy,  0.0 ni, 99.6 id,  0.0 wa,  0.0 hi,  0.0 si,  0.0 st
KiB Mem : 65877712 total, 57430468 free,  1899568 used,  6547676 buff/cache
KiB Swap: 33554428 total, 32363784 free,  1190644 used. 62797936 avail Mem 
--
top - 13:26:51 up 104 days,  5:10,  0 users,  load average: 0.58, 0.62, 0.45
Tasks: 402 total,   1 running, 401 sleeping,   0 stopped,   0 zombie
%Cpu(s):  0.2 us,  0.2 sy,  0.0 ni, 99.5 id,  0.0 wa,  0.0 hi,  0.0 si,  0.0 st
KiB Mem : 65877712 total, 57158820 free,  2171216 used,  6547676 buff/cache
KiB Swap: 33554428 total, 32363784 free,  1190644 used. 62526288 avail Mem 
--
top - 13:26:56 up 104 days,  5:10,  0 users,  load average: 0.53, 0.61, 0.45
Tasks: 402 total,   1 running, 401 sleeping,   0 stopped,   0 zombie
%Cpu(s):  0.3 us,  0.3 sy,  0.0 ni, 99.4 id,  0.0 wa,  0.0 hi,  0.0 si,  0.0 st
KiB Mem : 65877712 total, 56676696 free,  2653340 used,  6547676 buff/cache
KiB Swap: 33554428 total, 32363784 free,  1190644 used. 62044164 avail Mem 
--
top - 13:27:01 up 104 days,  5:11,  0 users,  load average: 0.49, 0.60, 0.44
Tasks: 402 total,   1 running, 401 sleeping,   0 stopped,   0 zombie
%Cpu(s):  4.6 us,  1.0 sy,  0.0 ni, 94.4 id,  0.0 wa,  0.0 hi,  0.0 si,  0.0 st
KiB Mem : 65877712 total, 52958384 free,  6371648 used,  6547680 buff/cache
KiB Swap: 33554428 total, 32363784 free,  1190644 used. 58325856 avail Mem 
--
top - 13:27:06 up 104 days,  5:11,  0 users,  load average: 0.77, 0.66, 0.46
Tasks: 402 total,   1 running, 401 sleeping,   0 stopped,   0 zombie
%Cpu(s): 15.2 us,  0.1 sy,  0.0 ni, 84.7 id,  0.0 wa,  0.0 hi,  0.0 si,  0.0 st
KiB Mem : 65877712 total, 53511304 free,  5818728 used,  6547680 buff/cache
KiB Swap: 33554428 total, 32363784 free,  1190644 used. 58878776 avail Mem 
--
top - 13:27:11 up 104 days,  5:11,  0 users,  load average: 1.03, 0.72, 0.48
Tasks: 400 total,   1 running, 399 sleeping,   0 stopped,   0 zombie
%Cpu(s):  5.1 us,  0.0 sy,  0.0 ni, 94.8 id,  0.0 wa,  0.0 hi,  0.0 si,  0.0 st
KiB Mem : 65877712 total, 54789576 free,  4540456 used,  6547680 buff/cache
KiB Swap: 33554428 total, 32363784 free,  1190644 used. 60157048 avail Mem 
--
top - 13:27:16 up 104 days,  5:11,  0 users,  load average: 0.95, 0.71, 0.48
Tasks: 400 total,   1 running, 399 sleeping,   0 stopped,   0 zombie
%Cpu(s):  1.7 us,  0.2 sy,  0.0 ni, 98.1 id,  0.0 wa,  0.0 hi,  0.0 si,  0.0 st
KiB Mem : 65877712 total, 57051968 free,  2278064 used,  6547680 buff/cache
KiB Swap: 33554428 total, 32363784 free,  1190644 used. 62419440 avail Mem 
--
top - 13:27:21 up 104 days,  5:11,  0 users,  load average: 0.87, 0.69, 0.48
Tasks: 399 total,   1 running, 398 sleeping,   0 stopped,   0 zombie
%Cpu(s):  0.0 us,  0.0 sy,  0.0 ni,100.0 id,  0.0 wa,  0.0 hi,  0.0 si,  0.0 st
KiB Mem : 65877712 total, 57051968 free,  2278064 used,  6547680 buff/cache
KiB Swap: 33554428 total, 32363784 free,  1190644 used. 62419440 avail Mem 
--
top - 13:27:26 up 104 days,  5:11,  0 users,  load average: 0.80, 0.68, 0.48
Tasks: 399 total,   1 running, 398 sleeping,   0 stopped,   0 zombie
%Cpu(s):  0.0 us,  0.0 sy,  0.0 ni, 99.9 id,  0.0 wa,  0.0 hi,  0.0 si,  0.0 st
KiB Mem : 65877712 total, 57052788 free,  2277244 used,  6547680 buff/cache
KiB Swap: 33554428 total, 32363784 free,  1190644 used. 62420260 avail Mem 
--
top - 13:27:31 up 104 days,  5:11,  0 users,  load average: 0.74, 0.67, 0.47
Tasks: 399 total,   1 running, 398 sleeping,   0 stopped,   0 zombie
%Cpu(s):  0.0 us,  0.0 sy,  0.0 ni, 99.9 id,  0.0 wa,  0.0 hi,  0.0 si,  0.0 st
KiB Mem : 65877712 total, 57052788 free,  2277244 used,  6547680 buff/cache
KiB Swap: 33554428 total, 32363784 free,  1190644 used. 62420260 avail Mem 
--
top - 13:27:36 up 104 days,  5:11,  0 users,  load average: 0.68, 0.66, 0.47
Tasks: 399 total,   1 running, 398 sleeping,   0 stopped,   0 zombie
%Cpu(s):  0.0 us,  0.0 sy,  0.0 ni, 99.9 id,  0.0 wa,  0.0 hi,  0.0 si,  0.0 st
KiB Mem : 65877712 total, 57052340 free,  2277692 used,  6547680 buff/cache
KiB Swap: 33554428 total, 32363784 free,  1190644 used. 62419812 avail Mem 
--
top - 13:27:41 up 104 days,  5:11,  0 users,  load average: 0.63, 0.65, 0.47
Tasks: 399 total,   1 running, 398 sleeping,   0 stopped,   0 zombie
%Cpu(s):  0.0 us,  0.0 sy,  0.0 ni, 99.9 id,  0.0 wa,  0.0 hi,  0.0 si,  0.0 st
KiB Mem : 65877712 total, 57051964 free,  2278068 used,  6547680 buff/cache
KiB Swap: 33554428 total, 32363784 free,  1190644 used. 62419436 avail Mem 
--
top - 13:27:46 up 104 days,  5:11,  0 users,  load average: 0.58, 0.64, 0.47
Tasks: 399 total,   1 running, 398 sleeping,   0 stopped,   0 zombie
%Cpu(s):  0.0 us,  0.0 sy,  0.0 ni, 99.9 id,  0.0 wa,  0.0 hi,  0.0 si,  0.0 st
KiB Mem : 65877712 total, 57052404 free,  2277628 used,  6547680 buff/cache
KiB Swap: 33554428 total, 32363784 free,  1190644 used. 62419876 avail Mem 
--
top - 13:27:51 up 104 days,  5:11,  0 users,  load average: 0.53, 0.63, 0.46
Tasks: 399 total,   1 running, 398 sleeping,   0 stopped,   0 zombie
%Cpu(s):  0.0 us,  0.0 sy,  0.0 ni, 99.9 id,  0.0 wa,  0.0 hi,  0.0 si,  0.0 st
KiB Mem : 65877712 total, 57052404 free,  2277628 used,  6547680 buff/cache
KiB Swap: 33554428 total, 32363784 free,  1190644 used. 62419876 avail Mem 
--
top - 13:27:56 up 104 days,  5:11,  0 users,  load average: 0.49, 0.62, 0.46
Tasks: 399 total,   1 running, 398 sleeping,   0 stopped,   0 zombie
%Cpu(s):  0.0 us,  0.0 sy,  0.0 ni, 99.9 id,  0.0 wa,  0.0 hi,  0.0 si,  0.0 st
KiB Mem : 65877712 total, 57052328 free,  2277704 used,  6547680 buff/cache
KiB Swap: 33554428 total, 32363784 free,  1190644 used. 62419800 avail Mem 
--
top - 13:28:01 up 104 days,  5:12,  0 users,  load average: 0.45, 0.61, 0.46
Tasks: 399 total,   1 running, 398 sleeping,   0 stopped,   0 zombie
%Cpu(s):  0.4 us,  0.2 sy,  0.0 ni, 99.0 id,  0.4 wa,  0.0 hi,  0.0 si,  0.0 st
KiB Mem : 65877712 total, 57050340 free,  2279688 used,  6547684 buff/cache
KiB Swap: 33554428 total, 32363784 free,  1190644 used. 62417816 avail Mem 
--
top - 13:28:06 up 104 days,  5:12,  0 users,  load average: 0.41, 0.60, 0.46
Tasks: 401 total,   1 running, 400 sleeping,   0 stopped,   0 zombie
%Cpu(s):  0.0 us,  0.0 sy,  0.0 ni,100.0 id,  0.0 wa,  0.0 hi,  0.0 si,  0.0 st
KiB Mem : 65877712 total, 57050712 free,  2279296 used,  6547704 buff/cache
KiB Swap: 33554428 total, 32363784 free,  1190644 used. 62418188 avail Mem 
--
top - 13:28:11 up 104 days,  5:12,  0 users,  load average: 0.38, 0.59, 0.45
Tasks: 401 total,   1 running, 400 sleeping,   0 stopped,   0 zombie
%Cpu(s):  0.0 us,  0.0 sy,  0.0 ni, 99.9 id,  0.0 wa,  0.0 hi,  0.0 si,  0.0 st
KiB Mem : 65877712 total, 57051664 free,  2278344 used,  6547704 buff/cache
KiB Swap: 33554428 total, 32363784 free,  1190644 used. 62419140 avail Mem 
--
top - 13:28:16 up 104 days,  5:12,  0 users,  load average: 0.35, 0.58, 0.45
Tasks: 401 total,   1 running, 400 sleeping,   0 stopped,   0 zombie
%Cpu(s):  0.0 us,  0.0 sy,  0.0 ni,100.0 id,  0.0 wa,  0.0 hi,  0.0 si,  0.0 st
KiB Mem : 65877712 total, 57051664 free,  2278344 used,  6547704 buff/cache
KiB Swap: 33554428 total, 32363784 free,  1190644 used. 62419140 avail Mem 
--
top - 13:28:21 up 104 days,  5:12,  0 users,  load average: 0.80, 0.67, 0.48
Tasks: 401 total,   1 running, 400 sleeping,   0 stopped,   0 zombie
%Cpu(s):  0.0 us,  0.0 sy,  0.0 ni, 97.2 id,  2.8 wa,  0.0 hi,  0.0 si,  0.0 st
KiB Mem : 65877712 total, 57051168 free,  2278840 used,  6547704 buff/cache
KiB Swap: 33554428 total, 32363784 free,  1190644 used. 62418644 avail Mem 
--
top - 13:28:26 up 104 days,  5:12,  0 users,  load average: 1.30, 0.77, 0.52
Tasks: 402 total,   1 running, 401 sleeping,   0 stopped,   0 zombie
%Cpu(s):  0.0 us,  0.0 sy,  0.0 ni, 87.5 id, 12.4 wa,  0.0 hi,  0.0 si,  0.0 st
KiB Mem : 65877712 total, 57036832 free,  2293176 used,  6547704 buff/cache
KiB Swap: 33554428 total, 32363784 free,  1190644 used. 62404308 avail Mem 
--
top - 13:28:31 up 104 days,  5:12,  0 users,  load average: 1.19, 0.76, 0.51
Tasks: 402 total,   1 running, 401 sleeping,   0 stopped,   0 zombie
%Cpu(s):  0.3 us,  0.3 sy,  0.0 ni, 92.5 id,  7.0 wa,  0.0 hi,  0.0 si,  0.0 st
KiB Mem : 65877712 total, 56643656 free,  2686352 used,  6547704 buff/cache
KiB Swap: 33554428 total, 32363784 free,  1190644 used. 62011132 avail Mem 
--
top - 13:28:36 up 104 days,  5:12,  0 users,  load average: 1.10, 0.75, 0.51
Tasks: 402 total,   1 running, 401 sleeping,   0 stopped,   0 zombie
%Cpu(s):  0.3 us,  0.3 sy,  0.0 ni, 99.3 id,  0.0 wa,  0.0 hi,  0.0 si,  0.0 st
KiB Mem : 65877712 total, 56138928 free,  3191080 used,  6547704 buff/cache
KiB Swap: 33554428 total, 32363784 free,  1190644 used. 61506404 avail Mem 
--
top - 13:28:41 up 104 days,  5:12,  0 users,  load average: 1.01, 0.73, 0.51
Tasks: 402 total,   1 running, 401 sleeping,   0 stopped,   0 zombie
%Cpu(s):  0.0 us,  0.0 sy,  0.0 ni, 99.9 id,  0.0 wa,  0.0 hi,  0.0 si,  0.0 st
KiB Mem : 65877712 total, 56197028 free,  3132980 used,  6547704 buff/cache
KiB Swap: 33554428 total, 32363784 free,  1190644 used. 61564504 avail Mem 
--
top - 13:28:46 up 104 days,  5:12,  0 users,  load average: 0.93, 0.72, 0.51
Tasks: 402 total,   1 running, 401 sleeping,   0 stopped,   0 zombie
%Cpu(s):  0.4 us,  0.3 sy,  0.0 ni, 99.2 id,  0.0 wa,  0.0 hi,  0.0 si,  0.0 st
KiB Mem : 65877712 total, 55406460 free,  3923548 used,  6547704 buff/cache
KiB Swap: 33554428 total, 32363784 free,  1190644 used. 60773936 avail Mem 
--
top - 13:28:51 up 104 days,  5:12,  0 users,  load average: 1.18, 0.78, 0.52
Tasks: 402 total,   2 running, 400 sleeping,   0 stopped,   0 zombie
%Cpu(s): 13.8 us,  1.2 sy,  0.0 ni, 84.9 id,  0.0 wa,  0.0 hi,  0.0 si,  0.0 st
KiB Mem : 65877712 total, 49180180 free, 10149844 used,  6547688 buff/cache
KiB Swap: 33554428 total, 32363784 free,  1190644 used. 54547660 avail Mem 
--
top - 13:28:57 up 104 days,  5:12,  0 users,  load average: 1.40, 0.83, 0.54
Tasks: 402 total,   2 running, 400 sleeping,   0 stopped,   0 zombie
%Cpu(s): 12.5 us,  0.0 sy,  0.0 ni, 87.4 id,  0.0 wa,  0.0 hi,  0.0 si,  0.0 st
KiB Mem : 65877712 total, 49180596 free, 10149428 used,  6547688 buff/cache
KiB Swap: 33554428 total, 32363784 free,  1190644 used. 54548076 avail Mem 
--
top - 13:29:02 up 104 days,  5:13,  0 users,  load average: 1.37, 0.83, 0.54
Tasks: 398 total,   1 running, 397 sleeping,   0 stopped,   0 zombie
%Cpu(s):  9.0 us,  0.1 sy,  0.0 ni, 90.9 id,  0.0 wa,  0.0 hi,  0.0 si,  0.0 st
KiB Mem : 65877712 total, 52783332 free,  6546688 used,  6547692 buff/cache
KiB Swap: 33554428 total, 32363784 free,  1190644 used. 58150812 avail Mem 
--
top - 13:29:07 up 104 days,  5:13,  0 users,  load average: 1.34, 0.84, 0.55
Tasks: 397 total,   1 running, 396 sleeping,   0 stopped,   0 zombie
%Cpu(s):  3.1 us,  0.0 sy,  0.0 ni, 96.9 id,  0.0 wa,  0.0 hi,  0.0 si,  0.0 st
KiB Mem : 65877712 total, 52783672 free,  6546348 used,  6547692 buff/cache
KiB Swap: 33554428 total, 32363784 free,  1190644 used. 58151156 avail Mem 
--
top - 13:29:12 up 104 days,  5:13,  0 users,  load average: 1.23, 0.82, 0.54
Tasks: 397 total,   1 running, 396 sleeping,   0 stopped,   0 zombie
%Cpu(s):  0.4 us,  0.2 sy,  0.0 ni, 99.4 id,  0.0 wa,  0.0 hi,  0.0 si,  0.0 st
KiB Mem : 65877712 total, 56302656 free,  3027364 used,  6547692 buff/cache
KiB Swap: 33554428 total, 32363784 free,  1190644 used. 61670140 avail Mem 
--
top - 13:29:17 up 104 days,  5:13,  0 users,  load average: 1.13, 0.81, 0.54
Tasks: 397 total,   1 running, 396 sleeping,   0 stopped,   0 zombie
%Cpu(s):  0.0 us,  0.0 sy,  0.0 ni,100.0 id,  0.0 wa,  0.0 hi,  0.0 si,  0.0 st
KiB Mem : 65877712 total, 56302608 free,  3027412 used,  6547692 buff/cache
KiB Swap: 33554428 total, 32363784 free,  1190644 used. 61670092 avail Mem 
--
top - 13:29:22 up 104 days,  5:13,  0 users,  load average: 1.04, 0.80, 0.54
Tasks: 397 total,   1 running, 396 sleeping,   0 stopped,   0 zombie
%Cpu(s):  0.0 us,  0.0 sy,  0.0 ni, 99.9 id,  0.0 wa,  0.0 hi,  0.0 si,  0.0 st
KiB Mem : 65877712 total, 56302608 free,  3027412 used,  6547692 buff/cache
KiB Swap: 33554428 total, 32363784 free,  1190644 used. 61670092 avail Mem 
--
top - 13:29:27 up 104 days,  5:13,  0 users,  load average: 0.96, 0.78, 0.54
Tasks: 397 total,   1 running, 396 sleeping,   0 stopped,   0 zombie
%Cpu(s):  0.0 us,  0.0 sy,  0.0 ni, 99.9 id,  0.0 wa,  0.0 hi,  0.0 si,  0.0 st
KiB Mem : 65877712 total, 56301960 free,  3028060 used,  6547692 buff/cache
KiB Swap: 33554428 total, 32363784 free,  1190644 used. 61669444 avail Mem 
--
top - 13:29:32 up 104 days,  5:13,  0 users,  load average: 0.88, 0.77, 0.53
Tasks: 397 total,   1 running, 396 sleeping,   0 stopped,   0 zombie
%Cpu(s):  0.0 us,  0.0 sy,  0.0 ni, 99.9 id,  0.0 wa,  0.0 hi,  0.0 si,  0.0 st
KiB Mem : 65877712 total, 56301520 free,  3028500 used,  6547692 buff/cache
KiB Swap: 33554428 total, 32363784 free,  1190644 used. 61669004 avail Mem 
--
top - 13:29:37 up 104 days,  5:13,  0 users,  load average: 0.81, 0.76, 0.53
Tasks: 397 total,   1 running, 396 sleeping,   0 stopped,   0 zombie
%Cpu(s):  0.0 us,  0.0 sy,  0.0 ni,100.0 id,  0.0 wa,  0.0 hi,  0.0 si,  0.0 st
KiB Mem : 65877712 total, 56301520 free,  3028500 used,  6547692 buff/cache
KiB Swap: 33554428 total, 32363784 free,  1190644 used. 61669004 avail Mem 
--
top - 13:29:42 up 104 days,  5:13,  0 users,  load average: 0.75, 0.74, 0.53
Tasks: 397 total,   1 running, 396 sleeping,   0 stopped,   0 zombie
%Cpu(s):  0.0 us,  0.0 sy,  0.0 ni, 99.9 id,  0.0 wa,  0.0 hi,  0.0 si,  0.0 st
KiB Mem : 65877712 total, 56300052 free,  3029968 used,  6547692 buff/cache
KiB Swap: 33554428 total, 32363784 free,  1190644 used. 61667536 avail Mem 
--
top - 13:29:47 up 104 days,  5:13,  0 users,  load average: 0.69, 0.73, 0.52
Tasks: 397 total,   1 running, 396 sleeping,   0 stopped,   0 zombie
%Cpu(s):  0.0 us,  0.0 sy,  0.0 ni, 99.9 id,  0.0 wa,  0.0 hi,  0.0 si,  0.0 st
KiB Mem : 65877712 total, 56300052 free,  3029968 used,  6547692 buff/cache
KiB Swap: 33554428 total, 32363784 free,  1190644 used. 61667536 avail Mem 
--
top - 13:29:52 up 104 days,  5:13,  0 users,  load average: 0.63, 0.72, 0.52
Tasks: 397 total,   1 running, 396 sleeping,   0 stopped,   0 zombie
%Cpu(s):  0.0 us,  0.0 sy,  0.0 ni, 99.9 id,  0.0 wa,  0.0 hi,  0.0 si,  0.0 st
KiB Mem : 65877712 total, 56300052 free,  3029968 used,  6547692 buff/cache
KiB Swap: 33554428 total, 32363784 free,  1190644 used. 61667536 avail Mem 
--
top - 13:29:57 up 104 days,  5:13,  0 users,  load average: 0.58, 0.71, 0.52
Tasks: 397 total,   1 running, 396 sleeping,   0 stopped,   0 zombie
%Cpu(s):  0.0 us,  0.0 sy,  0.0 ni, 99.9 id,  0.0 wa,  0.0 hi,  0.0 si,  0.0 st
KiB Mem : 65877712 total, 56300436 free,  3029584 used,  6547692 buff/cache
KiB Swap: 33554428 total, 32363784 free,  1190644 used. 61667920 avail Mem 
--
top - 13:30:02 up 104 days,  5:14,  0 users,  load average: 0.53, 0.70, 0.52
Tasks: 401 total,   1 running, 400 sleeping,   0 stopped,   0 zombie
%Cpu(s):  0.4 us,  0.2 sy,  0.0 ni, 99.0 id,  0.3 wa,  0.0 hi,  0.0 si,  0.0 st
KiB Mem : 65877712 total, 56299888 free,  3030128 used,  6547696 buff/cache
KiB Swap: 33554428 total, 32363784 free,  1190644 used. 61667376 avail Mem 
--
top - 13:30:07 up 104 days,  5:14,  0 users,  load average: 0.49, 0.68, 0.51
Tasks: 401 total,   1 running, 400 sleeping,   0 stopped,   0 zombie
%Cpu(s):  0.0 us,  0.0 sy,  0.0 ni, 99.9 id,  0.0 wa,  0.0 hi,  0.0 si,  0.0 st
KiB Mem : 65877712 total, 56293696 free,  3036320 used,  6547696 buff/cache
KiB Swap: 33554428 total, 32363784 free,  1190644 used. 61661184 avail Mem 
--
top - 13:30:12 up 104 days,  5:14,  0 users,  load average: 0.53, 0.69, 0.51
Tasks: 401 total,   1 running, 400 sleeping,   0 stopped,   0 zombie
%Cpu(s):  0.6 us,  0.6 sy,  0.0 ni, 98.8 id,  0.0 wa,  0.0 hi,  0.0 si,  0.0 st
KiB Mem : 65877712 total, 55584236 free,  3745780 used,  6547696 buff/cache
KiB Swap: 33554428 total, 32363784 free,  1190644 used. 60951724 avail Mem 
--
top - 13:30:17 up 104 days,  5:14,  0 users,  load average: 0.49, 0.68, 0.51
Tasks: 401 total,   1 running, 400 sleeping,   0 stopped,   0 zombie
%Cpu(s):  0.1 us,  0.1 sy,  0.0 ni, 99.7 id,  0.0 wa,  0.0 hi,  0.0 si,  0.0 st
KiB Mem : 65877712 total, 55451524 free,  3878492 used,  6547696 buff/cache
KiB Swap: 33554428 total, 32363784 free,  1190644 used. 60819012 avail Mem 
--
top - 13:30:22 up 104 days,  5:14,  0 users,  load average: 0.45, 0.67, 0.51
Tasks: 401 total,   1 running, 400 sleeping,   0 stopped,   0 zombie
%Cpu(s):  0.3 us,  0.2 sy,  0.0 ni, 99.5 id,  0.0 wa,  0.0 hi,  0.0 si,  0.0 st
KiB Mem : 65877712 total, 55433164 free,  3896852 used,  6547696 buff/cache
KiB Swap: 33554428 total, 32363784 free,  1190644 used. 60800652 avail Mem 
--
top - 13:30:27 up 104 days,  5:14,  0 users,  load average: 0.41, 0.66, 0.51
Tasks: 401 total,   1 running, 400 sleeping,   0 stopped,   0 zombie
%Cpu(s):  0.2 us,  0.1 sy,  0.0 ni, 99.7 id,  0.0 wa,  0.0 hi,  0.0 si,  0.0 st
KiB Mem : 65877712 total, 55301948 free,  4028068 used,  6547696 buff/cache
KiB Swap: 33554428 total, 32363784 free,  1190644 used. 60669436 avail Mem 
--
top - 13:30:32 up 104 days,  5:14,  0 users,  load average: 0.70, 0.71, 0.52
Tasks: 400 total,   2 running, 398 sleeping,   0 stopped,   0 zombie
%Cpu(s): 12.6 us,  1.3 sy,  0.0 ni, 86.2 id,  0.0 wa,  0.0 hi,  0.0 si,  0.0 st
KiB Mem : 65877712 total, 50282192 free,  9047816 used,  6547704 buff/cache
KiB Swap: 33554428 total, 32363784 free,  1190644 used. 55649688 avail Mem 
--
top - 13:30:37 up 104 days,  5:14,  0 users,  load average: 0.81, 0.73, 0.53
Tasks: 400 total,   2 running, 398 sleeping,   0 stopped,   0 zombie
%Cpu(s): 11.2 us,  0.0 sy,  0.0 ni, 88.8 id,  0.0 wa,  0.0 hi,  0.0 si,  0.0 st
KiB Mem : 65877712 total, 50934004 free,  8396004 used,  6547704 buff/cache
KiB Swap: 33554428 total, 32363784 free,  1190644 used. 56301500 avail Mem 
--
top - 13:30:42 up 104 days,  5:14,  0 users,  load average: 0.82, 0.74, 0.53
Tasks: 400 total,   2 running, 398 sleeping,   0 stopped,   0 zombie
%Cpu(s):  6.7 us,  0.0 sy,  0.0 ni, 93.2 id,  0.0 wa,  0.0 hi,  0.0 si,  0.0 st
KiB Mem : 65877712 total, 53223440 free,  6106568 used,  6547704 buff/cache
KiB Swap: 33554428 total, 32363784 free,  1190644 used. 58590936 avail Mem 
--
top - 13:30:47 up 104 days,  5:14,  0 users,  load average: 0.76, 0.72, 0.53
Tasks: 400 total,   1 running, 399 sleeping,   0 stopped,   0 zombie
%Cpu(s):  1.3 us,  0.2 sy,  0.0 ni, 98.5 id,  0.0 wa,  0.0 hi,  0.0 si,  0.0 st
KiB Mem : 65877712 total, 55705812 free,  3624196 used,  6547704 buff/cache
KiB Swap: 33554428 total, 32363784 free,  1190644 used. 61073308 avail Mem 
