10.149.0.37
2023/12/26 14:23:05 Master node address: http://10.149.0.62:8000
2023/12/26 14:23:05 Benchmarking worker...
2023/12/26 14:23:06 Worker registered (1782 MCUPS). Waiting for work...
2023/12/26 14:24:52 Got work. Start calculating alignments...
2023/12/26 14:24:52 Calculating 43 queries
2023/12/26 14:25:07 Done calculating alignments.
2023/12/26 14:25:07 Waiting for work...
2023/12/26 14:26:34 Got work. Start calculating alignments...
2023/12/26 14:26:34 Calculating 43 queries
2023/12/26 14:26:44 Done calculating alignments.
2023/12/26 14:26:44 Waiting for work...
2023/12/26 14:28:26 Got work. Start calculating alignments...
2023/12/26 14:28:26 Calculating 43 queries
2023/12/26 14:28:34 Done calculating alignments.
2023/12/26 14:28:34 Waiting for work...
2023/12/26 14:30:25 Got work. Start calculating alignments...
2023/12/26 14:30:25 Calculating 41 queries
2023/12/26 14:30:42 Done calculating alignments.
2023/12/26 14:30:42 Waiting for work...
2023/12/26 14:32:14 Got work. Start calculating alignments...
2023/12/26 14:32:14 Calculating 42 queries
2023/12/26 14:32:16 Done calculating alignments.
2023/12/26 14:32:16 Waiting for work...
slurmstepd: error: *** JOB 4751410 ON node037 CANCELLED AT 2023-12-26T14:32:41 ***
