Job id: 4751301
Worker ip: 10.149.0.54
Master ip: 10.149.0.60
--
top - 13:02:06 up 104 days,  4:44,  0 users,  load average: 0.01, 0.07, 0.15
Tasks: 396 total,   2 running, 394 sleeping,   0 stopped,   0 zombie
%Cpu(s):  3.2 us,  5.2 sy,  0.0 ni, 91.4 id,  0.0 wa,  0.0 hi,  0.2 si,  0.0 st
KiB Mem : 65877712 total, 54020376 free,  1161596 used, 10695740 buff/cache
KiB Swap: 33554428 total, 32097508 free,  1456920 used. 63555444 avail Mem 
--
top - 13:02:11 up 104 days,  4:44,  0 users,  load average: 0.00, 0.07, 0.15
Tasks: 397 total,   1 running, 396 sleeping,   0 stopped,   0 zombie
%Cpu(s):  1.6 us,  0.3 sy,  0.0 ni, 98.0 id,  0.0 wa,  0.0 hi,  0.0 si,  0.0 st
KiB Mem : 65877712 total, 54002136 free,  1173092 used, 10702484 buff/cache
KiB Swap: 33554428 total, 32097508 free,  1456920 used. 63543848 avail Mem 
--
top - 13:02:16 up 104 days,  4:44,  0 users,  load average: 0.00, 0.06, 0.15
Tasks: 398 total,   1 running, 397 sleeping,   0 stopped,   0 zombie
%Cpu(s):  0.0 us,  0.0 sy,  0.0 ni,100.0 id,  0.0 wa,  0.0 hi,  0.0 si,  0.0 st
KiB Mem : 65877712 total, 54003112 free,  1172116 used, 10702484 buff/cache
KiB Swap: 33554428 total, 32097508 free,  1456920 used. 63544824 avail Mem 
--
top - 13:02:21 up 104 days,  4:44,  0 users,  load average: 0.00, 0.06, 0.15
Tasks: 398 total,   1 running, 397 sleeping,   0 stopped,   0 zombie
%Cpu(s):  0.0 us,  0.0 sy,  0.0 ni,100.0 id,  0.0 wa,  0.0 hi,  0.0 si,  0.0 st
KiB Mem : 65877712 total, 54003568 free,  1171660 used, 10702484 buff/cache
KiB Swap: 33554428 total, 32097508 free,  1456920 used. 63545280 avail Mem 
--
top - 13:02:26 up 104 days,  4:44,  0 users,  load average: 0.00, 0.06, 0.15
Tasks: 398 total,   1 running, 397 sleeping,   0 stopped,   0 zombie
%Cpu(s):  0.0 us,  0.0 sy,  0.0 ni,100.0 id,  0.0 wa,  0.0 hi,  0.0 si,  0.0 st
KiB Mem : 65877712 total, 54004296 free,  1170932 used, 10702484 buff/cache
KiB Swap: 33554428 total, 32097508 free,  1456920 used. 63546008 avail Mem 
--
top - 13:02:31 up 104 days,  4:44,  0 users,  load average: 0.00, 0.06, 0.15
Tasks: 398 total,   1 running, 397 sleeping,   0 stopped,   0 zombie
%Cpu(s):  0.0 us,  0.0 sy,  0.0 ni,100.0 id,  0.0 wa,  0.0 hi,  0.0 si,  0.0 st
KiB Mem : 65877712 total, 54005412 free,  1169816 used, 10702484 buff/cache
KiB Swap: 33554428 total, 32097508 free,  1456920 used. 63547124 avail Mem 
--
top - 13:02:36 up 104 days,  4:44,  0 users,  load average: 0.00, 0.06, 0.15
Tasks: 398 total,   1 running, 397 sleeping,   0 stopped,   0 zombie
%Cpu(s):  0.0 us,  0.0 sy,  0.0 ni,100.0 id,  0.0 wa,  0.0 hi,  0.0 si,  0.0 st
KiB Mem : 65877712 total, 54006416 free,  1168812 used, 10702484 buff/cache
KiB Swap: 33554428 total, 32097508 free,  1456920 used. 63548128 avail Mem 
--
top - 13:02:41 up 104 days,  4:45,  0 users,  load average: 0.00, 0.06, 0.15
Tasks: 398 total,   1 running, 397 sleeping,   0 stopped,   0 zombie
%Cpu(s):  0.0 us,  0.0 sy,  0.0 ni,100.0 id,  0.0 wa,  0.0 hi,  0.0 si,  0.0 st
KiB Mem : 65877712 total, 54006788 free,  1168440 used, 10702484 buff/cache
KiB Swap: 33554428 total, 32097508 free,  1456920 used. 63548500 avail Mem 
--
top - 13:02:46 up 104 days,  4:45,  0 users,  load average: 0.00, 0.06, 0.15
Tasks: 398 total,   1 running, 397 sleeping,   0 stopped,   0 zombie
%Cpu(s):  0.0 us,  0.0 sy,  0.0 ni,100.0 id,  0.0 wa,  0.0 hi,  0.0 si,  0.0 st
KiB Mem : 65877712 total, 54007252 free,  1167976 used, 10702484 buff/cache
KiB Swap: 33554428 total, 32097508 free,  1456920 used. 63548964 avail Mem 
--
top - 13:02:51 up 104 days,  4:45,  0 users,  load average: 0.00, 0.06, 0.14
Tasks: 398 total,   1 running, 397 sleeping,   0 stopped,   0 zombie
%Cpu(s):  0.0 us,  0.0 sy,  0.0 ni,100.0 id,  0.0 wa,  0.0 hi,  0.0 si,  0.0 st
KiB Mem : 65877712 total, 54007756 free,  1167472 used, 10702484 buff/cache
KiB Swap: 33554428 total, 32097508 free,  1456920 used. 63549468 avail Mem 
--
top - 13:02:56 up 104 days,  4:45,  0 users,  load average: 0.00, 0.06, 0.14
Tasks: 398 total,   1 running, 397 sleeping,   0 stopped,   0 zombie
%Cpu(s):  0.0 us,  0.0 sy,  0.0 ni, 99.9 id,  0.0 wa,  0.0 hi,  0.0 si,  0.0 st
KiB Mem : 65877712 total, 54006900 free,  1168328 used, 10702484 buff/cache
KiB Swap: 33554428 total, 32097508 free,  1456920 used. 63548612 avail Mem 
--
top - 13:03:01 up 104 days,  4:45,  0 users,  load average: 0.00, 0.06, 0.14
Tasks: 396 total,   1 running, 395 sleeping,   0 stopped,   0 zombie
%Cpu(s):  0.0 us,  0.0 sy,  0.0 ni,100.0 id,  0.0 wa,  0.0 hi,  0.0 si,  0.0 st
KiB Mem : 65877712 total, 54007368 free,  1167856 used, 10702488 buff/cache
KiB Swap: 33554428 total, 32097508 free,  1456920 used. 63549084 avail Mem 
--
top - 13:03:06 up 104 days,  4:45,  0 users,  load average: 0.00, 0.05, 0.14
Tasks: 396 total,   1 running, 395 sleeping,   0 stopped,   0 zombie
%Cpu(s):  0.0 us,  0.0 sy,  0.0 ni,100.0 id,  0.0 wa,  0.0 hi,  0.0 si,  0.0 st
KiB Mem : 65877712 total, 54008096 free,  1167128 used, 10702488 buff/cache
KiB Swap: 33554428 total, 32097508 free,  1456920 used. 63549812 avail Mem 
--
top - 13:03:11 up 104 days,  4:45,  0 users,  load average: 0.00, 0.05, 0.14
Tasks: 396 total,   1 running, 395 sleeping,   0 stopped,   0 zombie
%Cpu(s):  0.0 us,  0.0 sy,  0.0 ni, 99.9 id,  0.0 wa,  0.0 hi,  0.0 si,  0.0 st
KiB Mem : 65877712 total, 54008840 free,  1166384 used, 10702488 buff/cache
KiB Swap: 33554428 total, 32097508 free,  1456920 used. 63550556 avail Mem 
--
top - 13:03:16 up 104 days,  4:45,  0 users,  load average: 0.00, 0.05, 0.14
Tasks: 397 total,   1 running, 396 sleeping,   0 stopped,   0 zombie
%Cpu(s):  0.0 us,  0.0 sy,  0.0 ni,100.0 id,  0.0 wa,  0.0 hi,  0.0 si,  0.0 st
KiB Mem : 65877712 total, 54008940 free,  1166284 used, 10702488 buff/cache
KiB Swap: 33554428 total, 32097508 free,  1456920 used. 63550656 avail Mem 
--
top - 13:03:21 up 104 days,  4:45,  0 users,  load average: 0.00, 0.05, 0.14
Tasks: 397 total,   1 running, 396 sleeping,   0 stopped,   0 zombie
%Cpu(s):  0.0 us,  0.0 sy,  0.0 ni,100.0 id,  0.0 wa,  0.0 hi,  0.0 si,  0.0 st
KiB Mem : 65877712 total, 54008888 free,  1166336 used, 10702488 buff/cache
KiB Swap: 33554428 total, 32097508 free,  1456920 used. 63550604 avail Mem 
--
top - 13:03:26 up 104 days,  4:45,  0 users,  load average: 0.00, 0.05, 0.14
Tasks: 397 total,   1 running, 396 sleeping,   0 stopped,   0 zombie
%Cpu(s):  0.3 us,  0.2 sy,  0.0 ni, 99.4 id,  0.0 wa,  0.0 hi,  0.0 si,  0.0 st
KiB Mem : 65877712 total, 53228012 free,  1947212 used, 10702488 buff/cache
KiB Swap: 33554428 total, 32097508 free,  1456920 used. 62769728 avail Mem 
--
top - 13:03:31 up 104 days,  4:45,  0 users,  load average: 0.08, 0.07, 0.14
Tasks: 398 total,   1 running, 397 sleeping,   0 stopped,   0 zombie
%Cpu(s):  0.3 us,  0.2 sy,  0.0 ni, 99.4 id,  0.0 wa,  0.0 hi,  0.0 si,  0.0 st
KiB Mem : 65877712 total, 52937016 free,  2238208 used, 10702488 buff/cache
KiB Swap: 33554428 total, 32097508 free,  1456920 used. 62478732 avail Mem 
--
top - 13:03:36 up 104 days,  4:45,  0 users,  load average: 0.08, 0.07, 0.14
Tasks: 398 total,   1 running, 397 sleeping,   0 stopped,   0 zombie
%Cpu(s):  0.4 us,  0.3 sy,  0.0 ni, 99.2 id,  0.0 wa,  0.0 hi,  0.1 si,  0.0 st
KiB Mem : 65877712 total, 51924008 free,  3251216 used, 10702488 buff/cache
KiB Swap: 33554428 total, 32097508 free,  1456920 used. 61465724 avail Mem 
--
top - 13:03:41 up 104 days,  4:46,  0 users,  load average: 0.07, 0.06, 0.14
Tasks: 398 total,   1 running, 397 sleeping,   0 stopped,   0 zombie
%Cpu(s):  0.4 us,  0.2 sy,  0.0 ni, 99.4 id,  0.0 wa,  0.0 hi,  0.0 si,  0.0 st
KiB Mem : 65877712 total, 51480796 free,  3694428 used, 10702488 buff/cache
KiB Swap: 33554428 total, 32097508 free,  1456920 used. 61022512 avail Mem 
--
top - 13:03:46 up 104 days,  4:46,  0 users,  load average: 0.06, 0.06, 0.14
Tasks: 398 total,   1 running, 397 sleeping,   0 stopped,   0 zombie
%Cpu(s):  0.3 us,  0.3 sy,  0.0 ni, 99.4 id,  0.0 wa,  0.0 hi,  0.0 si,  0.0 st
KiB Mem : 65877712 total, 50477764 free,  4697460 used, 10702488 buff/cache
KiB Swap: 33554428 total, 32097508 free,  1456920 used. 60019480 avail Mem 
--
top - 13:03:51 up 104 days,  4:46,  0 users,  load average: 0.06, 0.06, 0.14
Tasks: 397 total,   1 running, 396 sleeping,   0 stopped,   0 zombie
%Cpu(s): 21.5 us,  3.2 sy,  0.0 ni, 75.2 id,  0.0 wa,  0.0 hi,  0.0 si,  0.0 st
KiB Mem : 65877712 total, 34049268 free, 21125956 used, 10702488 buff/cache
KiB Swap: 33554428 total, 32097508 free,  1456920 used. 43590984 avail Mem 
--
top - 13:03:56 up 104 days,  4:46,  0 users,  load average: 1.02, 0.26, 0.20
Tasks: 397 total,   1 running, 396 sleeping,   0 stopped,   0 zombie
%Cpu(s): 37.5 us,  0.0 sy,  0.0 ni, 62.4 id,  0.0 wa,  0.0 hi,  0.0 si,  0.0 st
KiB Mem : 65877712 total, 34505692 free, 20669528 used, 10702492 buff/cache
KiB Swap: 33554428 total, 32097508 free,  1456920 used. 44047408 avail Mem 
--
top - 13:04:01 up 104 days,  4:46,  0 users,  load average: 1.65, 0.41, 0.25
Tasks: 397 total,   1 running, 396 sleeping,   0 stopped,   0 zombie
%Cpu(s): 30.1 us,  0.3 sy,  0.0 ni, 69.2 id,  0.3 wa,  0.0 hi,  0.0 si,  0.0 st
KiB Mem : 65877712 total, 35908904 free, 19266300 used, 10702508 buff/cache
KiB Swap: 33554428 total, 32097508 free,  1456920 used. 45450632 avail Mem 
--
top - 13:04:06 up 104 days,  4:46,  0 users,  load average: 2.08, 0.52, 0.29
Tasks: 399 total,   1 running, 398 sleeping,   0 stopped,   0 zombie
%Cpu(s): 25.2 us,  0.2 sy,  0.0 ni, 74.5 id,  0.0 wa,  0.0 hi,  0.0 si,  0.0 st
KiB Mem : 65877712 total, 38107852 free, 17067352 used, 10702508 buff/cache
KiB Swap: 33554428 total, 32097508 free,  1456920 used. 47649580 avail Mem 
--
top - 13:04:11 up 104 days,  4:46,  0 users,  load average: 2.72, 0.67, 0.34
Tasks: 402 total,   1 running, 401 sleeping,   0 stopped,   0 zombie
%Cpu(s): 14.0 us,  0.2 sy,  0.0 ni, 77.4 id,  8.3 wa,  0.0 hi,  0.0 si,  0.0 st
KiB Mem : 65877712 total, 41928064 free, 13247140 used, 10702508 buff/cache
KiB Swap: 33554428 total, 32097508 free,  1456920 used. 51469792 avail Mem 
--
top - 13:04:16 up 104 days,  4:46,  0 users,  load average: 3.14, 0.79, 0.38
Tasks: 403 total,   1 running, 402 sleeping,   0 stopped,   0 zombie
%Cpu(s):  5.7 us,  0.0 sy,  0.0 ni, 81.8 id, 12.4 wa,  0.0 hi,  0.0 si,  0.0 st
KiB Mem : 65877712 total, 46851740 free,  8323464 used, 10702508 buff/cache
KiB Swap: 33554428 total, 32097508 free,  1456920 used. 56393468 avail Mem 
--
top - 13:04:21 up 104 days,  4:46,  0 users,  load average: 2.97, 0.80, 0.38
Tasks: 403 total,   1 running, 402 sleeping,   0 stopped,   0 zombie
%Cpu(s):  2.4 us,  0.1 sy,  0.0 ni, 96.5 id,  1.0 wa,  0.0 hi,  0.0 si,  0.0 st
KiB Mem : 65877712 total, 48311336 free,  6863868 used, 10702508 buff/cache
KiB Swap: 33554428 total, 32097508 free,  1456920 used. 57853064 avail Mem 
--
top - 13:04:26 up 104 days,  4:46,  0 users,  load average: 2.73, 0.78, 0.38
Tasks: 403 total,   1 running, 402 sleeping,   0 stopped,   0 zombie
%Cpu(s):  0.1 us,  0.4 sy,  0.0 ni, 99.4 id,  0.0 wa,  0.0 hi,  0.0 si,  0.0 st
KiB Mem : 65877712 total, 51450628 free,  3724576 used, 10702508 buff/cache
KiB Swap: 33554428 total, 32097508 free,  1456920 used. 60992356 avail Mem 
--
top - 13:04:31 up 104 days,  4:46,  0 users,  load average: 2.51, 0.77, 0.38
Tasks: 403 total,   1 running, 402 sleeping,   0 stopped,   0 zombie
%Cpu(s):  0.0 us,  0.0 sy,  0.0 ni,100.0 id,  0.0 wa,  0.0 hi,  0.0 si,  0.0 st
KiB Mem : 65877712 total, 51451480 free,  3723724 used, 10702508 buff/cache
KiB Swap: 33554428 total, 32097508 free,  1456920 used. 60993208 avail Mem 
--
top - 13:04:36 up 104 days,  4:46,  0 users,  load average: 2.31, 0.76, 0.38
Tasks: 403 total,   1 running, 402 sleeping,   0 stopped,   0 zombie
%Cpu(s):  0.0 us,  0.0 sy,  0.0 ni,100.0 id,  0.0 wa,  0.0 hi,  0.0 si,  0.0 st
KiB Mem : 65877712 total, 51452968 free,  3722236 used, 10702508 buff/cache
KiB Swap: 33554428 total, 32097508 free,  1456920 used. 60994696 avail Mem 
--
top - 13:04:41 up 104 days,  4:47,  0 users,  load average: 2.13, 0.75, 0.37
Tasks: 403 total,   1 running, 402 sleeping,   0 stopped,   0 zombie
%Cpu(s):  0.0 us,  0.0 sy,  0.0 ni, 99.9 id,  0.0 wa,  0.0 hi,  0.0 si,  0.0 st
KiB Mem : 65877712 total, 51454048 free,  3721156 used, 10702508 buff/cache
KiB Swap: 33554428 total, 32097508 free,  1456920 used. 60995776 avail Mem 
--
top - 13:04:46 up 104 days,  4:47,  0 users,  load average: 1.95, 0.73, 0.37
Tasks: 403 total,   1 running, 402 sleeping,   0 stopped,   0 zombie
%Cpu(s):  0.0 us,  0.0 sy,  0.0 ni,100.0 id,  0.0 wa,  0.0 hi,  0.0 si,  0.0 st
KiB Mem : 65877712 total, 51454680 free,  3720524 used, 10702508 buff/cache
KiB Swap: 33554428 total, 32097508 free,  1456920 used. 60996408 avail Mem 
--
top - 13:04:51 up 104 days,  4:47,  0 users,  load average: 1.80, 0.72, 0.37
Tasks: 403 total,   1 running, 402 sleeping,   0 stopped,   0 zombie
%Cpu(s):  0.0 us,  0.0 sy,  0.0 ni,100.0 id,  0.0 wa,  0.0 hi,  0.0 si,  0.0 st
KiB Mem : 65877712 total, 51455052 free,  3720148 used, 10702512 buff/cache
KiB Swap: 33554428 total, 32097508 free,  1456920 used. 60996780 avail Mem 
--
top - 13:04:56 up 104 days,  4:47,  0 users,  load average: 1.65, 0.71, 0.37
Tasks: 403 total,   1 running, 402 sleeping,   0 stopped,   0 zombie
%Cpu(s):  0.0 us,  0.0 sy,  0.0 ni, 99.9 id,  0.0 wa,  0.0 hi,  0.0 si,  0.0 st
KiB Mem : 65877712 total, 51454524 free,  3720676 used, 10702512 buff/cache
KiB Swap: 33554428 total, 32097508 free,  1456920 used. 60996252 avail Mem 
--
top - 13:05:01 up 104 days,  4:47,  0 users,  load average: 1.52, 0.70, 0.37
Tasks: 403 total,   1 running, 402 sleeping,   0 stopped,   0 zombie
%Cpu(s):  0.0 us,  0.0 sy,  0.0 ni,100.0 id,  0.0 wa,  0.0 hi,  0.0 si,  0.0 st
KiB Mem : 65877712 total, 51455584 free,  3719616 used, 10702512 buff/cache
KiB Swap: 33554428 total, 32097508 free,  1456920 used. 60997316 avail Mem 
--
top - 13:05:06 up 104 days,  4:47,  0 users,  load average: 1.40, 0.69, 0.36
Tasks: 403 total,   1 running, 402 sleeping,   0 stopped,   0 zombie
%Cpu(s):  0.0 us,  0.0 sy,  0.0 ni,100.0 id,  0.0 wa,  0.0 hi,  0.0 si,  0.0 st
KiB Mem : 65877712 total, 51456076 free,  3719124 used, 10702512 buff/cache
KiB Swap: 33554428 total, 32097508 free,  1456920 used. 60997808 avail Mem 
--
top - 13:05:11 up 104 days,  4:47,  0 users,  load average: 1.29, 0.67, 0.36
Tasks: 403 total,   1 running, 402 sleeping,   0 stopped,   0 zombie
%Cpu(s):  0.0 us,  0.0 sy,  0.0 ni, 99.9 id,  0.0 wa,  0.0 hi,  0.0 si,  0.0 st
KiB Mem : 65877712 total, 51458492 free,  3716708 used, 10702512 buff/cache
KiB Swap: 33554428 total, 32097508 free,  1456920 used. 61000224 avail Mem 
--
top - 13:05:16 up 104 days,  4:47,  0 users,  load average: 1.18, 0.66, 0.36
Tasks: 403 total,   1 running, 402 sleeping,   0 stopped,   0 zombie
%Cpu(s):  0.0 us,  0.0 sy,  0.0 ni,100.0 id,  0.0 wa,  0.0 hi,  0.0 si,  0.0 st
KiB Mem : 65877712 total, 51458848 free,  3716352 used, 10702512 buff/cache
KiB Swap: 33554428 total, 32097508 free,  1456920 used. 61000580 avail Mem 
--
top - 13:05:21 up 104 days,  4:47,  0 users,  load average: 1.09, 0.65, 0.36
Tasks: 403 total,   1 running, 402 sleeping,   0 stopped,   0 zombie
%Cpu(s):  0.0 us,  0.0 sy,  0.0 ni,100.0 id,  0.0 wa,  0.0 hi,  0.0 si,  0.0 st
KiB Mem : 65877712 total, 51458980 free,  3716220 used, 10702512 buff/cache
KiB Swap: 33554428 total, 32097508 free,  1456920 used. 61000712 avail Mem 
--
top - 13:05:26 up 104 days,  4:47,  0 users,  load average: 1.00, 0.64, 0.36
Tasks: 403 total,   1 running, 402 sleeping,   0 stopped,   0 zombie
%Cpu(s):  0.0 us,  0.0 sy,  0.0 ni,100.0 id,  0.0 wa,  0.0 hi,  0.0 si,  0.0 st
KiB Mem : 65877712 total, 51459352 free,  3715848 used, 10702512 buff/cache
KiB Swap: 33554428 total, 32097508 free,  1456920 used. 61001084 avail Mem 
--
top - 13:05:31 up 104 days,  4:47,  0 users,  load average: 0.92, 0.63, 0.35
Tasks: 403 total,   1 running, 402 sleeping,   0 stopped,   0 zombie
%Cpu(s):  0.5 us,  0.4 sy,  0.0 ni, 99.1 id,  0.0 wa,  0.0 hi,  0.0 si,  0.0 st
KiB Mem : 65877712 total, 50742384 free,  4432816 used, 10702512 buff/cache
KiB Swap: 33554428 total, 32097508 free,  1456920 used. 60284116 avail Mem 
--
top - 13:05:37 up 104 days,  4:47,  0 users,  load average: 0.85, 0.62, 0.35
Tasks: 403 total,   2 running, 401 sleeping,   0 stopped,   0 zombie
%Cpu(s):  0.5 us,  0.4 sy,  0.0 ni, 99.1 id,  0.0 wa,  0.0 hi,  0.1 si,  0.0 st
KiB Mem : 65877712 total, 50597900 free,  4577300 used, 10702512 buff/cache
KiB Swap: 33554428 total, 32097508 free,  1456920 used. 60139632 avail Mem 
--
top - 13:05:42 up 104 days,  4:48,  0 users,  load average: 0.78, 0.61, 0.35
Tasks: 403 total,   1 running, 402 sleeping,   0 stopped,   0 zombie
%Cpu(s):  0.3 us,  0.4 sy,  0.0 ni, 99.2 id,  0.0 wa,  0.0 hi,  0.0 si,  0.0 st
KiB Mem : 65877712 total, 49941000 free,  5234196 used, 10702516 buff/cache
KiB Swap: 33554428 total, 32097508 free,  1456920 used. 59482736 avail Mem 
--
top - 13:05:47 up 104 days,  4:48,  0 users,  load average: 0.72, 0.60, 0.35
Tasks: 403 total,   1 running, 402 sleeping,   0 stopped,   0 zombie
%Cpu(s):  0.4 us,  0.4 sy,  0.0 ni, 99.1 id,  0.0 wa,  0.0 hi,  0.0 si,  0.0 st
KiB Mem : 65877712 total, 49291856 free,  5883340 used, 10702516 buff/cache
KiB Swap: 33554428 total, 32097508 free,  1456920 used. 58833592 avail Mem 
--
top - 13:05:52 up 104 days,  4:48,  0 users,  load average: 3.06, 1.09, 0.51
Tasks: 400 total,   1 running, 399 sleeping,   0 stopped,   0 zombie
%Cpu(s): 22.3 us,  1.8 sy,  0.0 ni, 75.9 id,  0.0 wa,  0.0 hi,  0.0 si,  0.0 st
KiB Mem : 65877712 total, 41012176 free, 14163020 used, 10702516 buff/cache
KiB Swap: 33554428 total, 32097508 free,  1456920 used. 50553912 avail Mem 
--
top - 13:05:57 up 104 days,  4:48,  0 users,  load average: 3.30, 1.17, 0.54
Tasks: 400 total,   1 running, 399 sleeping,   0 stopped,   0 zombie
%Cpu(s): 18.7 us,  0.1 sy,  0.0 ni, 81.2 id,  0.0 wa,  0.0 hi,  0.0 si,  0.0 st
KiB Mem : 65877712 total, 40669392 free, 14505804 used, 10702516 buff/cache
KiB Swap: 33554428 total, 32097508 free,  1456920 used. 50211128 avail Mem 
--
top - 13:06:02 up 104 days,  4:48,  0 users,  load average: 3.43, 1.23, 0.56
Tasks: 400 total,   1 running, 399 sleeping,   0 stopped,   0 zombie
%Cpu(s): 14.8 us,  0.2 sy,  0.0 ni, 84.6 id,  0.4 wa,  0.0 hi,  0.1 si,  0.0 st
KiB Mem : 65877712 total, 41987416 free, 13187800 used, 10702496 buff/cache
KiB Swap: 33554428 total, 32097508 free,  1456920 used. 51529136 avail Mem 
--
top - 13:06:07 up 104 days,  4:48,  0 users,  load average: 3.32, 1.25, 0.57
Tasks: 402 total,   1 running, 401 sleeping,   0 stopped,   0 zombie
%Cpu(s):  9.2 us,  0.5 sy,  0.0 ni, 90.4 id,  0.0 wa,  0.0 hi,  0.0 si,  0.0 st
KiB Mem : 65877712 total, 44058600 free, 11116624 used, 10702488 buff/cache
KiB Swap: 33554428 total, 32097508 free,  1456920 used. 53600324 avail Mem 
--
top - 13:06:12 up 104 days,  4:48,  0 users,  load average: 3.21, 1.26, 0.58
Tasks: 402 total,   1 running, 401 sleeping,   0 stopped,   0 zombie
%Cpu(s):  8.4 us,  0.0 sy,  0.0 ni, 91.6 id,  0.0 wa,  0.0 hi,  0.0 si,  0.0 st
KiB Mem : 65877712 total, 45964000 free,  9211224 used, 10702488 buff/cache
KiB Swap: 33554428 total, 32097508 free,  1456920 used. 55505724 avail Mem 
--
top - 13:06:17 up 104 days,  4:48,  0 users,  load average: 3.12, 1.27, 0.58
Tasks: 402 total,   2 running, 400 sleeping,   0 stopped,   0 zombie
%Cpu(s):  4.8 us,  0.2 sy,  0.0 ni, 95.1 id,  0.0 wa,  0.0 hi,  0.0 si,  0.0 st
KiB Mem : 65877712 total, 47180804 free,  7994420 used, 10702488 buff/cache
KiB Swap: 33554428 total, 32097508 free,  1456920 used. 56722528 avail Mem 
--
top - 13:06:22 up 104 days,  4:48,  0 users,  load average: 2.87, 1.25, 0.58
Tasks: 402 total,   1 running, 401 sleeping,   0 stopped,   0 zombie
%Cpu(s):  1.2 us,  0.3 sy,  0.0 ni, 98.5 id,  0.0 wa,  0.0 hi,  0.0 si,  0.0 st
KiB Mem : 65877712 total, 49875236 free,  5299988 used, 10702488 buff/cache
KiB Swap: 33554428 total, 32097508 free,  1456920 used. 59416960 avail Mem 
--
top - 13:06:27 up 104 days,  4:48,  0 users,  load average: 2.64, 1.23, 0.58
Tasks: 402 total,   1 running, 401 sleeping,   0 stopped,   0 zombie
%Cpu(s):  0.0 us,  0.0 sy,  0.0 ni,100.0 id,  0.0 wa,  0.0 hi,  0.0 si,  0.0 st
KiB Mem : 65877712 total, 49878876 free,  5296348 used, 10702488 buff/cache
KiB Swap: 33554428 total, 32097508 free,  1456920 used. 59420600 avail Mem 
--
top - 13:06:32 up 104 days,  4:48,  0 users,  load average: 2.43, 1.21, 0.58
Tasks: 402 total,   1 running, 401 sleeping,   0 stopped,   0 zombie
%Cpu(s):  0.0 us,  0.0 sy,  0.0 ni,100.0 id,  0.0 wa,  0.0 hi,  0.0 si,  0.0 st
KiB Mem : 65877712 total, 49879232 free,  5295992 used, 10702488 buff/cache
KiB Swap: 33554428 total, 32097508 free,  1456920 used. 59420956 avail Mem 
--
top - 13:06:37 up 104 days,  4:48,  0 users,  load average: 2.23, 1.19, 0.57
Tasks: 402 total,   1 running, 401 sleeping,   0 stopped,   0 zombie
%Cpu(s):  0.0 us,  0.0 sy,  0.0 ni, 99.9 id,  0.0 wa,  0.0 hi,  0.0 si,  0.0 st
KiB Mem : 65877712 total, 49880540 free,  5294680 used, 10702492 buff/cache
KiB Swap: 33554428 total, 32097508 free,  1456920 used. 59422264 avail Mem 
--
top - 13:06:42 up 104 days,  4:49,  0 users,  load average: 2.05, 1.17, 0.57
Tasks: 402 total,   1 running, 401 sleeping,   0 stopped,   0 zombie
%Cpu(s):  0.0 us,  0.0 sy,  0.0 ni, 99.9 id,  0.0 wa,  0.0 hi,  0.0 si,  0.0 st
KiB Mem : 65877712 total, 49880536 free,  5294684 used, 10702492 buff/cache
KiB Swap: 33554428 total, 32097508 free,  1456920 used. 59422264 avail Mem 
--
top - 13:06:47 up 104 days,  4:49,  0 users,  load average: 1.89, 1.15, 0.57
Tasks: 402 total,   1 running, 401 sleeping,   0 stopped,   0 zombie
%Cpu(s):  0.0 us,  0.0 sy,  0.0 ni,100.0 id,  0.0 wa,  0.0 hi,  0.0 si,  0.0 st
KiB Mem : 65877712 total, 49881896 free,  5293324 used, 10702492 buff/cache
KiB Swap: 33554428 total, 32097508 free,  1456920 used. 59423624 avail Mem 
--
top - 13:06:52 up 104 days,  4:49,  0 users,  load average: 1.74, 1.13, 0.56
Tasks: 402 total,   1 running, 401 sleeping,   0 stopped,   0 zombie
%Cpu(s):  0.0 us,  0.0 sy,  0.0 ni, 99.9 id,  0.0 wa,  0.0 hi,  0.0 si,  0.0 st
KiB Mem : 65877712 total, 49876100 free,  5299120 used, 10702492 buff/cache
KiB Swap: 33554428 total, 32097508 free,  1456920 used. 59417828 avail Mem 
--
top - 13:06:57 up 104 days,  4:49,  0 users,  load average: 1.60, 1.11, 0.56
Tasks: 402 total,   1 running, 401 sleeping,   0 stopped,   0 zombie
%Cpu(s):  0.0 us,  0.0 sy,  0.0 ni,100.0 id,  0.0 wa,  0.0 hi,  0.0 si,  0.0 st
KiB Mem : 65877712 total, 49877868 free,  5297352 used, 10702492 buff/cache
KiB Swap: 33554428 total, 32097508 free,  1456920 used. 59419596 avail Mem 
--
top - 13:07:02 up 104 days,  4:49,  0 users,  load average: 1.47, 1.09, 0.56
Tasks: 402 total,   1 running, 401 sleeping,   0 stopped,   0 zombie
%Cpu(s):  0.0 us,  0.0 sy,  0.0 ni, 99.9 id,  0.0 wa,  0.0 hi,  0.0 si,  0.0 st
KiB Mem : 65877712 total, 49878456 free,  5296764 used, 10702492 buff/cache
KiB Swap: 33554428 total, 32097508 free,  1456920 used. 59420184 avail Mem 
--
top - 13:07:07 up 104 days,  4:49,  0 users,  load average: 1.35, 1.08, 0.56
Tasks: 401 total,   1 running, 400 sleeping,   0 stopped,   0 zombie
%Cpu(s):  0.0 us,  0.0 sy,  0.0 ni, 99.9 id,  0.0 wa,  0.0 hi,  0.0 si,  0.0 st
KiB Mem : 65877712 total, 49879280 free,  5295940 used, 10702492 buff/cache
KiB Swap: 33554428 total, 32097508 free,  1456920 used. 59421008 avail Mem 
--
top - 13:07:12 up 104 days,  4:49,  0 users,  load average: 1.24, 1.06, 0.55
Tasks: 401 total,   1 running, 400 sleeping,   0 stopped,   0 zombie
%Cpu(s):  0.0 us,  0.0 sy,  0.0 ni, 99.9 id,  0.0 wa,  0.0 hi,  0.0 si,  0.0 st
KiB Mem : 65877712 total, 49877596 free,  5297624 used, 10702492 buff/cache
KiB Swap: 33554428 total, 32097508 free,  1456920 used. 59419324 avail Mem 
--
top - 13:07:17 up 104 days,  4:49,  0 users,  load average: 1.14, 1.04, 0.55
Tasks: 400 total,   1 running, 399 sleeping,   0 stopped,   0 zombie
%Cpu(s):  0.0 us,  0.0 sy,  0.0 ni, 99.9 id,  0.1 wa,  0.0 hi,  0.0 si,  0.0 st
KiB Mem : 65877712 total, 49879100 free,  5296120 used, 10702492 buff/cache
KiB Swap: 33554428 total, 32097508 free,  1456920 used. 59420828 avail Mem 
--
top - 13:07:22 up 104 days,  4:49,  0 users,  load average: 1.05, 1.02, 0.55
Tasks: 401 total,   1 running, 400 sleeping,   0 stopped,   0 zombie
%Cpu(s):  0.0 us,  0.0 sy,  0.0 ni, 99.9 id,  0.0 wa,  0.0 hi,  0.0 si,  0.0 st
KiB Mem : 65877712 total, 49877532 free,  5297688 used, 10702492 buff/cache
KiB Swap: 33554428 total, 32097508 free,  1456920 used. 59419260 avail Mem 
--
top - 13:07:27 up 104 days,  4:49,  0 users,  load average: 0.97, 1.01, 0.54
Tasks: 401 total,   1 running, 400 sleeping,   0 stopped,   0 zombie
%Cpu(s):  0.0 us,  0.0 sy,  0.0 ni,100.0 id,  0.0 wa,  0.0 hi,  0.0 si,  0.0 st
KiB Mem : 65877712 total, 49877928 free,  5297292 used, 10702492 buff/cache
KiB Swap: 33554428 total, 32097508 free,  1456920 used. 59419656 avail Mem 
--
top - 13:07:32 up 104 days,  4:49,  0 users,  load average: 0.89, 0.99, 0.54
Tasks: 401 total,   1 running, 400 sleeping,   0 stopped,   0 zombie
%Cpu(s):  0.6 us,  0.5 sy,  0.0 ni, 98.9 id,  0.0 wa,  0.0 hi,  0.0 si,  0.0 st
KiB Mem : 65877712 total, 49023416 free,  6151800 used, 10702496 buff/cache
KiB Swap: 33554428 total, 32097508 free,  1456920 used. 58565144 avail Mem 
--
top - 13:07:37 up 104 days,  4:49,  0 users,  load average: 0.82, 0.97, 0.54
Tasks: 401 total,   1 running, 400 sleeping,   0 stopped,   0 zombie
%Cpu(s):  0.2 us,  0.3 sy,  0.0 ni, 99.4 id,  0.0 wa,  0.0 hi,  0.0 si,  0.0 st
KiB Mem : 65877712 total, 48575892 free,  6599324 used, 10702496 buff/cache
KiB Swap: 33554428 total, 32097508 free,  1456920 used. 58117624 avail Mem 
--
top - 13:07:42 up 104 days,  4:50,  0 users,  load average: 0.75, 0.96, 0.53
Tasks: 398 total,   1 running, 397 sleeping,   0 stopped,   0 zombie
%Cpu(s):  0.3 us,  0.3 sy,  0.0 ni, 99.3 id,  0.0 wa,  0.0 hi,  0.1 si,  0.0 st
KiB Mem : 65877712 total, 48091864 free,  7083352 used, 10702496 buff/cache
KiB Swap: 33554428 total, 32097508 free,  1456920 used. 57633596 avail Mem 
--
top - 13:07:47 up 104 days,  4:50,  0 users,  load average: 0.69, 0.94, 0.53
Tasks: 398 total,   1 running, 397 sleeping,   0 stopped,   0 zombie
%Cpu(s):  0.3 us,  0.3 sy,  0.0 ni, 99.3 id,  0.0 wa,  0.0 hi,  0.0 si,  0.0 st
KiB Mem : 65877712 total, 47471332 free,  7703884 used, 10702496 buff/cache
KiB Swap: 33554428 total, 32097524 free,  1456904 used. 57013064 avail Mem 
--
top - 13:07:52 up 104 days,  4:50,  0 users,  load average: 0.72, 0.94, 0.53
Tasks: 398 total,   1 running, 397 sleeping,   0 stopped,   0 zombie
%Cpu(s): 12.3 us,  2.0 sy,  0.0 ni, 85.7 id,  0.0 wa,  0.0 hi,  0.0 si,  0.0 st
KiB Mem : 65877712 total, 38949732 free, 16225484 used, 10702496 buff/cache
KiB Swap: 33554428 total, 32097524 free,  1456904 used. 48491464 avail Mem 
--
top - 13:07:57 up 104 days,  4:50,  0 users,  load average: 1.22, 1.04, 0.57
Tasks: 398 total,   1 running, 397 sleeping,   0 stopped,   0 zombie
%Cpu(s): 27.8 us,  0.5 sy,  0.0 ni, 71.7 id,  0.0 wa,  0.0 hi,  0.0 si,  0.0 st
KiB Mem : 65877712 total, 35158016 free, 20017200 used, 10702496 buff/cache
KiB Swap: 33554428 total, 32097524 free,  1456904 used. 44699748 avail Mem 
--
top - 13:08:02 up 104 days,  4:50,  0 users,  load average: 1.52, 1.11, 0.59
Tasks: 399 total,   1 running, 398 sleeping,   0 stopped,   0 zombie
%Cpu(s): 22.5 us,  0.5 sy,  0.0 ni, 76.6 id,  0.4 wa,  0.0 hi,  0.0 si,  0.0 st
KiB Mem : 65877712 total, 36407636 free, 18767580 used, 10702496 buff/cache
KiB Swap: 33554428 total, 32097524 free,  1456904 used. 45949368 avail Mem 
--
top - 13:08:07 up 104 days,  4:50,  0 users,  load average: 1.88, 1.19, 0.62
Tasks: 399 total,   1 running, 398 sleeping,   0 stopped,   0 zombie
%Cpu(s): 16.7 us,  0.0 sy,  0.0 ni, 83.3 id,  0.0 wa,  0.0 hi,  0.0 si,  0.0 st
KiB Mem : 65877712 total, 37464496 free, 17710720 used, 10702496 buff/cache
KiB Swap: 33554428 total, 32097524 free,  1456904 used. 47006228 avail Mem 
--
top - 13:08:12 up 104 days,  4:50,  0 users,  load average: 1.97, 1.22, 0.63
Tasks: 399 total,   1 running, 398 sleeping,   0 stopped,   0 zombie
%Cpu(s): 12.5 us,  0.2 sy,  0.0 ni, 87.3 id,  0.0 wa,  0.0 hi,  0.0 si,  0.0 st
KiB Mem : 65877712 total, 40507380 free, 14667836 used, 10702496 buff/cache
KiB Swap: 33554428 total, 32097524 free,  1456904 used. 50049112 avail Mem 
--
top - 13:08:17 up 104 days,  4:50,  0 users,  load average: 1.97, 1.23, 0.64
Tasks: 399 total,   1 running, 398 sleeping,   0 stopped,   0 zombie
%Cpu(s):  4.7 us,  0.0 sy,  0.0 ni, 95.3 id,  0.0 wa,  0.0 hi,  0.0 si,  0.0 st
KiB Mem : 65877712 total, 44301920 free, 10873296 used, 10702496 buff/cache
KiB Swap: 33554428 total, 32097524 free,  1456904 used. 53843652 avail Mem 
--
top - 13:08:22 up 104 days,  4:50,  0 users,  load average: 1.90, 1.23, 0.64
Tasks: 399 total,   1 running, 398 sleeping,   0 stopped,   0 zombie
%Cpu(s):  2.1 us,  0.3 sy,  0.0 ni, 97.6 id,  0.0 wa,  0.0 hi,  0.0 si,  0.0 st
KiB Mem : 65877712 total, 48060012 free,  7115204 used, 10702496 buff/cache
KiB Swap: 33554428 total, 32097524 free,  1456904 used. 57601744 avail Mem 
--
top - 13:08:27 up 104 days,  4:50,  0 users,  load average: 1.74, 1.21, 0.64
Tasks: 399 total,   1 running, 398 sleeping,   0 stopped,   0 zombie
%Cpu(s):  0.0 us,  0.0 sy,  0.0 ni, 99.9 id,  0.0 wa,  0.0 hi,  0.0 si,  0.0 st
KiB Mem : 65877712 total, 48062980 free,  7112232 used, 10702500 buff/cache
KiB Swap: 33554428 total, 32097524 free,  1456904 used. 57604712 avail Mem 
--
top - 13:08:32 up 104 days,  4:50,  0 users,  load average: 1.60, 1.19, 0.64
Tasks: 399 total,   1 running, 398 sleeping,   0 stopped,   0 zombie
%Cpu(s):  0.0 us,  0.0 sy,  0.0 ni,100.0 id,  0.0 wa,  0.0 hi,  0.0 si,  0.0 st
KiB Mem : 65877712 total, 48064440 free,  7110772 used, 10702500 buff/cache
KiB Swap: 33554428 total, 32097524 free,  1456904 used. 57606172 avail Mem 
--
top - 13:08:37 up 104 days,  4:50,  0 users,  load average: 1.48, 1.17, 0.63
Tasks: 399 total,   1 running, 398 sleeping,   0 stopped,   0 zombie
%Cpu(s):  0.0 us,  0.0 sy,  0.0 ni, 99.9 id,  0.0 wa,  0.0 hi,  0.0 si,  0.0 st
KiB Mem : 65877712 total, 48065812 free,  7109400 used, 10702500 buff/cache
KiB Swap: 33554428 total, 32097524 free,  1456904 used. 57607544 avail Mem 
--
top - 13:08:42 up 104 days,  4:51,  0 users,  load average: 1.36, 1.15, 0.63
Tasks: 399 total,   1 running, 398 sleeping,   0 stopped,   0 zombie
%Cpu(s):  0.0 us,  0.0 sy,  0.0 ni, 99.9 id,  0.0 wa,  0.0 hi,  0.0 si,  0.0 st
KiB Mem : 65877712 total, 48066744 free,  7108468 used, 10702500 buff/cache
KiB Swap: 33554428 total, 32097524 free,  1456904 used. 57608476 avail Mem 
--
top - 13:08:47 up 104 days,  4:51,  0 users,  load average: 1.25, 1.13, 0.63
Tasks: 399 total,   1 running, 398 sleeping,   0 stopped,   0 zombie
%Cpu(s):  0.0 us,  0.0 sy,  0.0 ni,100.0 id,  0.0 wa,  0.0 hi,  0.0 si,  0.0 st
KiB Mem : 65877712 total, 48067524 free,  7107688 used, 10702500 buff/cache
KiB Swap: 33554428 total, 32097524 free,  1456904 used. 57609256 avail Mem 
--
top - 13:08:52 up 104 days,  4:51,  0 users,  load average: 1.15, 1.11, 0.62
Tasks: 399 total,   1 running, 398 sleeping,   0 stopped,   0 zombie
%Cpu(s):  0.0 us,  0.0 sy,  0.0 ni, 99.9 id,  0.0 wa,  0.0 hi,  0.0 si,  0.0 st
KiB Mem : 65877712 total, 48067208 free,  7108004 used, 10702500 buff/cache
KiB Swap: 33554428 total, 32097524 free,  1456904 used. 57608940 avail Mem 
--
top - 13:08:57 up 104 days,  4:51,  0 users,  load average: 1.06, 1.09, 0.62
Tasks: 399 total,   1 running, 398 sleeping,   0 stopped,   0 zombie
%Cpu(s):  0.0 us,  0.0 sy,  0.0 ni, 99.9 id,  0.0 wa,  0.0 hi,  0.0 si,  0.0 st
KiB Mem : 65877712 total, 48070220 free,  7104992 used, 10702500 buff/cache
KiB Swap: 33554428 total, 32097524 free,  1456904 used. 57611952 avail Mem 
--
top - 13:09:02 up 104 days,  4:51,  0 users,  load average: 0.97, 1.07, 0.62
Tasks: 396 total,   1 running, 395 sleeping,   0 stopped,   0 zombie
%Cpu(s):  0.0 us,  0.0 sy,  0.0 ni,100.0 id,  0.0 wa,  0.0 hi,  0.0 si,  0.0 st
KiB Mem : 65877712 total, 48070072 free,  7105140 used, 10702500 buff/cache
KiB Swap: 33554428 total, 32097524 free,  1456904 used. 57611804 avail Mem 
--
top - 13:09:07 up 104 days,  4:51,  0 users,  load average: 0.89, 1.06, 0.61
Tasks: 396 total,   1 running, 395 sleeping,   0 stopped,   0 zombie
%Cpu(s):  0.0 us,  0.0 sy,  0.0 ni, 99.9 id,  0.0 wa,  0.0 hi,  0.0 si,  0.0 st
KiB Mem : 65877712 total, 48071152 free,  7104060 used, 10702500 buff/cache
KiB Swap: 33554428 total, 32097524 free,  1456904 used. 57612884 avail Mem 
--
top - 13:09:12 up 104 days,  4:51,  0 users,  load average: 0.82, 1.04, 0.61
Tasks: 396 total,   1 running, 395 sleeping,   0 stopped,   0 zombie
%Cpu(s):  0.0 us,  0.0 sy,  0.0 ni, 99.9 id,  0.0 wa,  0.0 hi,  0.0 si,  0.0 st
KiB Mem : 65877712 total, 48071940 free,  7103272 used, 10702500 buff/cache
KiB Swap: 33554428 total, 32097524 free,  1456904 used. 57613672 avail Mem 
--
top - 13:09:17 up 104 days,  4:51,  0 users,  load average: 0.76, 1.02, 0.61
Tasks: 395 total,   1 running, 394 sleeping,   0 stopped,   0 zombie
%Cpu(s):  0.0 us,  0.0 sy,  0.0 ni, 99.9 id,  0.0 wa,  0.0 hi,  0.0 si,  0.0 st
KiB Mem : 65877712 total, 48072428 free,  7102780 used, 10702504 buff/cache
KiB Swap: 33554428 total, 32097524 free,  1456904 used. 57614160 avail Mem 
--
top - 13:09:22 up 104 days,  4:51,  0 users,  load average: 0.70, 1.00, 0.60
Tasks: 395 total,   1 running, 394 sleeping,   0 stopped,   0 zombie
%Cpu(s):  0.0 us,  0.0 sy,  0.0 ni,100.0 id,  0.0 wa,  0.0 hi,  0.0 si,  0.0 st
KiB Mem : 65877712 total, 48073144 free,  7102064 used, 10702504 buff/cache
KiB Swap: 33554428 total, 32097524 free,  1456904 used. 57614876 avail Mem 
--
top - 13:09:27 up 104 days,  4:51,  0 users,  load average: 0.64, 0.99, 0.60
Tasks: 395 total,   1 running, 394 sleeping,   0 stopped,   0 zombie
%Cpu(s):  0.0 us,  0.0 sy,  0.0 ni,100.0 id,  0.0 wa,  0.0 hi,  0.0 si,  0.0 st
KiB Mem : 65877712 total, 48073676 free,  7101532 used, 10702504 buff/cache
KiB Swap: 33554428 total, 32097524 free,  1456904 used. 57615408 avail Mem 
--
top - 13:09:32 up 104 days,  4:51,  0 users,  load average: 0.59, 0.97, 0.60
Tasks: 393 total,   1 running, 392 sleeping,   0 stopped,   0 zombie
%Cpu(s):  0.0 us,  0.0 sy,  0.0 ni,100.0 id,  0.0 wa,  0.0 hi,  0.0 si,  0.0 st
KiB Mem : 65877712 total, 48073948 free,  7101260 used, 10702504 buff/cache
KiB Swap: 33554428 total, 32097524 free,  1456904 used. 57615680 avail Mem 
--
top - 13:09:37 up 104 days,  4:51,  0 users,  load average: 0.54, 0.95, 0.59
Tasks: 393 total,   1 running, 392 sleeping,   0 stopped,   0 zombie
%Cpu(s):  0.4 us,  0.4 sy,  0.0 ni, 99.2 id,  0.0 wa,  0.0 hi,  0.0 si,  0.0 st
KiB Mem : 65877712 total, 47471364 free,  7703844 used, 10702504 buff/cache
KiB Swap: 33554428 total, 32097524 free,  1456904 used. 57013096 avail Mem 
--
top - 13:09:42 up 104 days,  4:52,  0 users,  load average: 0.50, 0.94, 0.59
Tasks: 394 total,   1 running, 393 sleeping,   0 stopped,   0 zombie
%Cpu(s):  0.3 us,  0.3 sy,  0.0 ni, 99.3 id,  0.0 wa,  0.0 hi,  0.0 si,  0.0 st
KiB Mem : 65877712 total, 47117036 free,  8058172 used, 10702504 buff/cache
KiB Swap: 33554428 total, 32097524 free,  1456904 used. 56658768 avail Mem 
--
top - 13:09:48 up 104 days,  4:52,  0 users,  load average: 0.54, 0.94, 0.59
Tasks: 394 total,   1 running, 393 sleeping,   0 stopped,   0 zombie
%Cpu(s):  0.4 us,  0.3 sy,  0.0 ni, 99.3 id,  0.0 wa,  0.0 hi,  0.0 si,  0.0 st
KiB Mem : 65877712 total, 46618248 free,  8556960 used, 10702504 buff/cache
KiB Swap: 33554428 total, 32097524 free,  1456904 used. 56159980 avail Mem 
--
top - 13:09:53 up 104 days,  4:52,  0 users,  load average: 0.50, 0.92, 0.59
Tasks: 394 total,   1 running, 393 sleeping,   0 stopped,   0 zombie
%Cpu(s):  0.4 us,  0.5 sy,  0.0 ni, 99.1 id,  0.0 wa,  0.0 hi,  0.0 si,  0.0 st
KiB Mem : 65877712 total, 45744156 free,  9431052 used, 10702504 buff/cache
KiB Swap: 33554428 total, 32097524 free,  1456904 used. 55285888 avail Mem 
--
top - 13:09:58 up 104 days,  4:52,  0 users,  load average: 0.46, 0.91, 0.58
Tasks: 394 total,   1 running, 393 sleeping,   0 stopped,   0 zombie
%Cpu(s):  0.3 us,  0.2 sy,  0.0 ni, 99.5 id,  0.0 wa,  0.0 hi,  0.0 si,  0.0 st
KiB Mem : 65877712 total, 45624028 free,  9551180 used, 10702504 buff/cache
KiB Swap: 33554428 total, 32097524 free,  1456904 used. 55165760 avail Mem 
--
top - 13:10:03 up 104 days,  4:52,  0 users,  load average: 0.42, 0.89, 0.58
Tasks: 398 total,   2 running, 396 sleeping,   0 stopped,   0 zombie
%Cpu(s): 31.3 us,  2.8 sy,  0.0 ni, 65.5 id,  0.4 wa,  0.0 hi,  0.0 si,  0.0 st
KiB Mem : 65877712 total, 32815920 free, 22359272 used, 10702520 buff/cache
KiB Swap: 33554428 total, 32097524 free,  1456904 used. 42357672 avail Mem 
--
top - 13:10:08 up 104 days,  4:52,  0 users,  load average: 1.11, 1.03, 0.63
Tasks: 398 total,   2 running, 396 sleeping,   0 stopped,   0 zombie
%Cpu(s): 28.6 us,  0.0 sy,  0.0 ni, 71.4 id,  0.0 wa,  0.0 hi,  0.0 si,  0.0 st
KiB Mem : 65877712 total, 34760184 free, 20415008 used, 10702520 buff/cache
KiB Swap: 33554428 total, 32097524 free,  1456904 used. 44301936 avail Mem 
--
top - 13:10:13 up 104 days,  4:52,  0 users,  load average: 1.58, 1.13, 0.66
Tasks: 398 total,   1 running, 397 sleeping,   0 stopped,   0 zombie
%Cpu(s): 18.1 us,  0.2 sy,  0.0 ni, 81.6 id,  0.0 wa,  0.0 hi,  0.0 si,  0.0 st
KiB Mem : 65877712 total, 36064200 free, 19110988 used, 10702524 buff/cache
KiB Swap: 33554428 total, 32097524 free,  1456904 used. 45605956 avail Mem 
--
top - 13:10:18 up 104 days,  4:52,  0 users,  load average: 1.85, 1.19, 0.68
Tasks: 398 total,   1 running, 397 sleeping,   0 stopped,   0 zombie
%Cpu(s): 14.3 us,  0.1 sy,  0.0 ni, 85.6 id,  0.0 wa,  0.0 hi,  0.0 si,  0.0 st
KiB Mem : 65877712 total, 38305492 free, 16869696 used, 10702524 buff/cache
KiB Swap: 33554428 total, 32097524 free,  1456904 used. 47847248 avail Mem 
--
top - 13:10:23 up 104 days,  4:52,  0 users,  load average: 2.02, 1.24, 0.70
Tasks: 398 total,   1 running, 397 sleeping,   0 stopped,   0 zombie
%Cpu(s):  8.5 us,  0.3 sy,  0.0 ni, 91.2 id,  0.0 wa,  0.0 hi,  0.0 si,  0.0 st
KiB Mem : 65877712 total, 42574904 free, 12600284 used, 10702524 buff/cache
KiB Swap: 33554428 total, 32097524 free,  1456904 used. 52116660 avail Mem 
--
top - 13:10:28 up 104 days,  4:52,  0 users,  load average: 1.94, 1.24, 0.70
Tasks: 398 total,   1 running, 397 sleeping,   0 stopped,   0 zombie
%Cpu(s):  3.1 us,  0.1 sy,  0.0 ni, 96.9 id,  0.0 wa,  0.0 hi,  0.0 si,  0.0 st
KiB Mem : 65877712 total, 41945984 free, 13229204 used, 10702524 buff/cache
KiB Swap: 33554428 total, 32097524 free,  1456904 used. 51487740 avail Mem 
--
top - 13:10:33 up 104 days,  4:52,  0 users,  load average: 1.87, 1.23, 0.71
Tasks: 398 total,   1 running, 397 sleeping,   0 stopped,   0 zombie
%Cpu(s):  3.1 us,  0.0 sy,  0.0 ni, 96.8 id,  0.0 wa,  0.0 hi,  0.0 si,  0.0 st
KiB Mem : 65877712 total, 41946424 free, 13228764 used, 10702524 buff/cache
KiB Swap: 33554428 total, 32097524 free,  1456904 used. 51488180 avail Mem 
--
top - 13:10:38 up 104 days,  4:52,  0 users,  load average: 1.80, 1.23, 0.71
Tasks: 398 total,   1 running, 397 sleeping,   0 stopped,   0 zombie
%Cpu(s):  3.1 us,  0.0 sy,  0.0 ni, 96.9 id,  0.0 wa,  0.0 hi,  0.0 si,  0.0 st
KiB Mem : 65877712 total, 41947408 free, 13227780 used, 10702524 buff/cache
KiB Swap: 33554428 total, 32097524 free,  1456904 used. 51489164 avail Mem 
--
top - 13:10:43 up 104 days,  4:53,  0 users,  load average: 1.65, 1.21, 0.70
Tasks: 398 total,   1 running, 397 sleeping,   0 stopped,   0 zombie
%Cpu(s):  0.5 us,  0.4 sy,  0.0 ni, 99.1 id,  0.0 wa,  0.0 hi,  0.0 si,  0.0 st
KiB Mem : 65877712 total, 46199788 free,  8975400 used, 10702524 buff/cache
KiB Swap: 33554428 total, 32097524 free,  1456904 used. 55741544 avail Mem 
--
top - 13:10:48 up 104 days,  4:53,  0 users,  load average: 1.52, 1.19, 0.70
Tasks: 398 total,   1 running, 397 sleeping,   0 stopped,   0 zombie
%Cpu(s):  0.0 us,  0.0 sy,  0.0 ni, 99.9 id,  0.0 wa,  0.0 hi,  0.0 si,  0.0 st
KiB Mem : 65877712 total, 46201492 free,  8973696 used, 10702524 buff/cache
KiB Swap: 33554428 total, 32097524 free,  1456904 used. 55743248 avail Mem 
--
top - 13:10:53 up 104 days,  4:53,  0 users,  load average: 1.40, 1.17, 0.70
Tasks: 398 total,   1 running, 397 sleeping,   0 stopped,   0 zombie
%Cpu(s):  0.0 us,  0.0 sy,  0.0 ni, 99.9 id,  0.0 wa,  0.0 hi,  0.0 si,  0.0 st
KiB Mem : 65877712 total, 46201840 free,  8973348 used, 10702524 buff/cache
KiB Swap: 33554428 total, 32097524 free,  1456904 used. 55743596 avail Mem 
--
top - 13:10:58 up 104 days,  4:53,  0 users,  load average: 1.29, 1.15, 0.69
Tasks: 398 total,   1 running, 397 sleeping,   0 stopped,   0 zombie
%Cpu(s):  0.0 us,  0.0 sy,  0.0 ni, 99.9 id,  0.0 wa,  0.0 hi,  0.0 si,  0.0 st
KiB Mem : 65877712 total, 46202372 free,  8972816 used, 10702524 buff/cache
KiB Swap: 33554428 total, 32097524 free,  1456904 used. 55744128 avail Mem 
--
top - 13:11:03 up 104 days,  4:53,  0 users,  load average: 1.18, 1.13, 0.69
Tasks: 397 total,   1 running, 396 sleeping,   0 stopped,   0 zombie
%Cpu(s):  0.0 us,  0.0 sy,  0.0 ni,100.0 id,  0.0 wa,  0.0 hi,  0.0 si,  0.0 st
KiB Mem : 65877712 total, 46204200 free,  8970988 used, 10702524 buff/cache
KiB Swap: 33554428 total, 32097524 free,  1456904 used. 55745956 avail Mem 
--
top - 13:11:08 up 104 days,  4:53,  0 users,  load average: 1.09, 1.11, 0.68
Tasks: 397 total,   1 running, 396 sleeping,   0 stopped,   0 zombie
%Cpu(s):  0.0 us,  0.0 sy,  0.0 ni, 99.9 id,  0.0 wa,  0.0 hi,  0.0 si,  0.0 st
KiB Mem : 65877712 total, 46205384 free,  8969800 used, 10702528 buff/cache
KiB Swap: 33554428 total, 32097524 free,  1456904 used. 55747144 avail Mem 
--
top - 13:11:13 up 104 days,  4:53,  0 users,  load average: 1.00, 1.09, 0.68
Tasks: 397 total,   1 running, 396 sleeping,   0 stopped,   0 zombie
%Cpu(s):  0.0 us,  0.0 sy,  0.0 ni, 99.9 id,  0.0 wa,  0.0 hi,  0.0 si,  0.0 st
KiB Mem : 65877712 total, 46205752 free,  8969432 used, 10702528 buff/cache
KiB Swap: 33554428 total, 32097524 free,  1456904 used. 55747512 avail Mem 
--
top - 13:11:18 up 104 days,  4:53,  0 users,  load average: 0.92, 1.07, 0.68
Tasks: 397 total,   1 running, 396 sleeping,   0 stopped,   0 zombie
%Cpu(s):  0.0 us,  0.0 sy,  0.0 ni,100.0 id,  0.0 wa,  0.0 hi,  0.0 si,  0.0 st
KiB Mem : 65877712 total, 46206496 free,  8968688 used, 10702528 buff/cache
KiB Swap: 33554428 total, 32097524 free,  1456904 used. 55748256 avail Mem 
--
top - 13:11:23 up 104 days,  4:53,  0 users,  load average: 0.85, 1.06, 0.67
Tasks: 397 total,   1 running, 396 sleeping,   0 stopped,   0 zombie
%Cpu(s):  0.0 us,  0.0 sy,  0.0 ni,100.0 id,  0.0 wa,  0.0 hi,  0.0 si,  0.0 st
KiB Mem : 65877712 total, 46207392 free,  8967792 used, 10702528 buff/cache
KiB Swap: 33554428 total, 32097524 free,  1456904 used. 55749152 avail Mem 
--
top - 13:11:28 up 104 days,  4:53,  0 users,  load average: 0.78, 1.04, 0.67
Tasks: 397 total,   1 running, 396 sleeping,   0 stopped,   0 zombie
%Cpu(s):  0.0 us,  0.0 sy,  0.0 ni,100.0 id,  0.0 wa,  0.0 hi,  0.0 si,  0.0 st
KiB Mem : 65877712 total, 46207748 free,  8967436 used, 10702528 buff/cache
KiB Swap: 33554428 total, 32097524 free,  1456904 used. 55749508 avail Mem 
--
top - 13:11:33 up 104 days,  4:53,  0 users,  load average: 0.72, 1.02, 0.67
Tasks: 397 total,   1 running, 396 sleeping,   0 stopped,   0 zombie
%Cpu(s):  0.4 us,  0.3 sy,  0.0 ni, 99.3 id,  0.0 wa,  0.0 hi,  0.0 si,  0.0 st
KiB Mem : 65877712 total, 45546096 free,  9629088 used, 10702528 buff/cache
KiB Swap: 33554428 total, 32097524 free,  1456904 used. 55087856 avail Mem 
--
top - 13:11:38 up 104 days,  4:53,  0 users,  load average: 0.66, 1.00, 0.66
Tasks: 397 total,   2 running, 395 sleeping,   0 stopped,   0 zombie
%Cpu(s):  0.5 us,  0.4 sy,  0.0 ni, 99.1 id,  0.0 wa,  0.0 hi,  0.0 si,  0.0 st
KiB Mem : 65877712 total, 45095264 free, 10079920 used, 10702528 buff/cache
KiB Swap: 33554428 total, 32097524 free,  1456904 used. 54637024 avail Mem 
--
top - 13:11:43 up 104 days,  4:54,  0 users,  load average: 0.61, 0.99, 0.66
Tasks: 397 total,   1 running, 396 sleeping,   0 stopped,   0 zombie
%Cpu(s):  0.3 us,  0.3 sy,  0.0 ni, 99.4 id,  0.0 wa,  0.0 hi,  0.0 si,  0.0 st
KiB Mem : 65877712 total, 44669876 free, 10505308 used, 10702528 buff/cache
KiB Swap: 33554428 total, 32097524 free,  1456904 used. 54211636 avail Mem 
--
top - 13:11:48 up 104 days,  4:54,  0 users,  load average: 0.56, 0.97, 0.66
Tasks: 397 total,   1 running, 396 sleeping,   0 stopped,   0 zombie
%Cpu(s):  0.3 us,  0.3 sy,  0.0 ni, 99.4 id,  0.0 wa,  0.0 hi,  0.0 si,  0.0 st
KiB Mem : 65877712 total, 44319344 free, 10855840 used, 10702528 buff/cache
KiB Swap: 33554428 total, 32097524 free,  1456904 used. 53861104 avail Mem 
--
top - 13:11:53 up 104 days,  4:54,  0 users,  load average: 0.51, 0.95, 0.65
Tasks: 397 total,   2 running, 395 sleeping,   0 stopped,   0 zombie
%Cpu(s): 19.3 us,  2.7 sy,  0.0 ni, 78.0 id,  0.0 wa,  0.0 hi,  0.0 si,  0.0 st
KiB Mem : 65877712 total, 34075056 free, 21100128 used, 10702528 buff/cache
KiB Swap: 33554428 total, 32097524 free,  1456904 used. 43616816 avail Mem 
--
top - 13:11:58 up 104 days,  4:54,  0 users,  load average: 1.19, 1.09, 0.70
Tasks: 397 total,   2 running, 395 sleeping,   0 stopped,   0 zombie
%Cpu(s): 29.5 us,  0.0 sy,  0.0 ni, 70.5 id,  0.0 wa,  0.0 hi,  0.0 si,  0.0 st
KiB Mem : 65877712 total, 35393220 free, 19781964 used, 10702528 buff/cache
KiB Swap: 33554428 total, 32097524 free,  1456904 used. 44934980 avail Mem 
--
top - 13:12:03 up 104 days,  4:54,  0 users,  load average: 1.66, 1.19, 0.73
Tasks: 397 total,   1 running, 396 sleeping,   0 stopped,   0 zombie
%Cpu(s): 18.9 us,  0.2 sy,  0.0 ni, 80.5 id,  0.4 wa,  0.0 hi,  0.0 si,  0.0 st
KiB Mem : 65877712 total, 37779896 free, 17395244 used, 10702572 buff/cache
KiB Swap: 33554428 total, 32097524 free,  1456904 used. 47321680 avail Mem 
--
top - 13:12:08 up 104 days,  4:54,  0 users,  load average: 1.85, 1.23, 0.75
Tasks: 397 total,   1 running, 396 sleeping,   0 stopped,   0 zombie
%Cpu(s):  7.1 us,  0.1 sy,  0.0 ni, 92.8 id,  0.0 wa,  0.0 hi,  0.0 si,  0.0 st
KiB Mem : 65877712 total, 41181824 free, 13993316 used, 10702572 buff/cache
KiB Swap: 33554428 total, 32097524 free,  1456904 used. 50723608 avail Mem 
--
top - 13:12:13 up 104 days,  4:54,  0 users,  load average: 1.70, 1.21, 0.74
Tasks: 397 total,   1 running, 396 sleeping,   0 stopped,   0 zombie
%Cpu(s):  0.2 us,  0.3 sy,  0.0 ni, 99.5 id,  0.0 wa,  0.0 hi,  0.0 si,  0.0 st
KiB Mem : 65877712 total, 44817680 free, 10357460 used, 10702572 buff/cache
KiB Swap: 33554428 total, 32097524 free,  1456904 used. 54359464 avail Mem 
--
top - 13:12:18 up 104 days,  4:54,  0 users,  load average: 1.56, 1.19, 0.74
Tasks: 396 total,   1 running, 395 sleeping,   0 stopped,   0 zombie
%Cpu(s):  0.0 us,  0.0 sy,  0.0 ni, 99.9 id,  0.0 wa,  0.0 hi,  0.0 si,  0.0 st
KiB Mem : 65877712 total, 44818480 free, 10356660 used, 10702572 buff/cache
KiB Swap: 33554428 total, 32097524 free,  1456904 used. 54360264 avail Mem 
--
top - 13:12:23 up 104 days,  4:54,  0 users,  load average: 1.44, 1.17, 0.74
Tasks: 396 total,   1 running, 395 sleeping,   0 stopped,   0 zombie
%Cpu(s):  0.0 us,  0.0 sy,  0.0 ni, 99.9 id,  0.0 wa,  0.0 hi,  0.0 si,  0.0 st
KiB Mem : 65877712 total, 44819556 free, 10355584 used, 10702572 buff/cache
KiB Swap: 33554428 total, 32097524 free,  1456904 used. 54361340 avail Mem 
--
top - 13:12:28 up 104 days,  4:54,  0 users,  load average: 1.32, 1.15, 0.73
Tasks: 396 total,   2 running, 394 sleeping,   0 stopped,   0 zombie
%Cpu(s):  0.0 us,  0.0 sy,  0.0 ni,100.0 id,  0.0 wa,  0.0 hi,  0.0 si,  0.0 st
KiB Mem : 65877712 total, 44820052 free, 10355088 used, 10702572 buff/cache
KiB Swap: 33554428 total, 32097524 free,  1456904 used. 54361836 avail Mem 
--
top - 13:12:33 up 104 days,  4:54,  0 users,  load average: 1.22, 1.13, 0.73
Tasks: 396 total,   1 running, 395 sleeping,   0 stopped,   0 zombie
%Cpu(s):  0.0 us,  0.0 sy,  0.0 ni, 99.9 id,  0.0 wa,  0.0 hi,  0.0 si,  0.0 st
KiB Mem : 65877712 total, 44820344 free, 10354796 used, 10702572 buff/cache
KiB Swap: 33554428 total, 32097524 free,  1456904 used. 54362128 avail Mem 
