10.149.0.54
2023/12/26 13:02:07 Master node address: http://10.149.0.60:8000
2023/12/26 13:02:07 Benchmarking worker...
2023/12/26 13:02:08 Worker registered (1880 MCUPS). Waiting for work...
2023/12/26 13:03:49 Got work. Start calculating alignments...
2023/12/26 13:03:49 Calculating 360 queries
2023/12/26 13:04:20 Done calculating alignments.
2023/12/26 13:04:20 Waiting for work...
2023/12/26 13:05:48 Got work. Start calculating alignments...
2023/12/26 13:05:48 Calculating 361 queries
2023/12/26 13:06:18 Done calculating alignments.
2023/12/26 13:06:18 Waiting for work...
2023/12/26 13:07:51 Got work. Start calculating alignments...
2023/12/26 13:07:51 Calculating 360 queries
2023/12/26 13:08:20 Done calculating alignments.
2023/12/26 13:08:20 Waiting for work...
2023/12/26 13:09:59 Got work. Start calculating alignments...
2023/12/26 13:09:59 Calculating 360 queries
2023/12/26 13:10:38 Done calculating alignments.
2023/12/26 13:10:38 Waiting for work...
2023/12/26 13:11:51 Got work. Start calculating alignments...
2023/12/26 13:11:51 Calculating 361 queries
2023/12/26 13:12:08 Done calculating alignments.
2023/12/26 13:12:08 Waiting for work...
slurmstepd: error: *** JOB 4751301 ON node054 CANCELLED AT 2023-12-26T13:12:37 ***
