10.149.0.38
2023/12/26 13:30:55 Master node address: http://10.149.0.54:8000
2023/12/26 13:30:55 Benchmarking worker...
2023/12/26 13:30:56 Worker registered (1803 MCUPS). Waiting for work...
2023/12/26 13:32:31 Got work. Start calculating alignments...
2023/12/26 13:32:31 Calculating 44 queries
2023/12/26 13:32:46 Done calculating alignments.
2023/12/26 13:32:46 Waiting for work...
2023/12/26 13:34:22 Got work. Start calculating alignments...
2023/12/26 13:34:22 Calculating 43 queries
2023/12/26 13:34:42 Done calculating alignments.
2023/12/26 13:34:42 Waiting for work...
2023/12/26 13:36:06 Got work. Start calculating alignments...
2023/12/26 13:36:06 Calculating 44 queries
2023/12/26 13:36:27 Done calculating alignments.
2023/12/26 13:36:27 Waiting for work...
2023/12/26 13:37:51 Got work. Start calculating alignments...
2023/12/26 13:37:51 Calculating 44 queries
2023/12/26 13:38:06 Done calculating alignments.
2023/12/26 13:38:06 Waiting for work...
2023/12/26 13:39:38 Got work. Start calculating alignments...
2023/12/26 13:39:38 Calculating 44 queries
2023/12/26 13:39:59 Done calculating alignments.
2023/12/26 13:39:59 Waiting for work...
slurmstepd: error: *** JOB 4751342 ON node038 CANCELLED AT 2023-12-26T13:39:59 ***
