Job id: 4751338
Worker ip: 10.149.0.34
Master ip: 10.149.0.54
--
top - 13:30:53 up 104 days,  5:14,  0 users,  load average: 0.00, 0.01, 0.05
Tasks: 398 total,   1 running, 397 sleeping,   0 stopped,   0 zombie
%Cpu(s):  2.4 us,  3.1 sy,  0.0 ni, 94.3 id,  0.0 wa,  0.0 hi,  0.2 si,  0.0 st
KiB Mem : 65877712 total, 58229772 free,  1109072 used,  6538868 buff/cache
KiB Swap: 33554428 total, 32342180 free,  1212248 used. 63629684 avail Mem 
--
top - 13:30:58 up 104 days,  5:14,  0 users,  load average: 0.00, 0.01, 0.05
Tasks: 400 total,   1 running, 399 sleeping,   0 stopped,   0 zombie
%Cpu(s):  1.7 us,  0.5 sy,  0.0 ni, 97.8 id,  0.0 wa,  0.0 hi,  0.0 si,  0.0 st
KiB Mem : 65877712 total, 58210808 free,  1121284 used,  6545620 buff/cache
KiB Swap: 33554428 total, 32342180 free,  1212248 used. 63617340 avail Mem 
--
top - 13:31:03 up 104 days,  5:14,  0 users,  load average: 0.00, 0.01, 0.05
Tasks: 400 total,   1 running, 399 sleeping,   0 stopped,   0 zombie
%Cpu(s):  0.0 us,  0.0 sy,  0.0 ni, 99.9 id,  0.1 wa,  0.0 hi,  0.0 si,  0.0 st
KiB Mem : 65877712 total, 58211052 free,  1121040 used,  6545620 buff/cache
KiB Swap: 33554428 total, 32342180 free,  1212248 used. 63617608 avail Mem 
--
top - 13:31:08 up 104 days,  5:14,  0 users,  load average: 0.00, 0.01, 0.05
Tasks: 400 total,   1 running, 399 sleeping,   0 stopped,   0 zombie
%Cpu(s):  0.0 us,  0.0 sy,  0.0 ni,100.0 id,  0.0 wa,  0.0 hi,  0.0 si,  0.0 st
KiB Mem : 65877712 total, 58212356 free,  1119736 used,  6545620 buff/cache
KiB Swap: 33554428 total, 32342180 free,  1212248 used. 63618912 avail Mem 
--
top - 13:31:13 up 104 days,  5:14,  0 users,  load average: 0.00, 0.01, 0.05
Tasks: 400 total,   1 running, 399 sleeping,   0 stopped,   0 zombie
%Cpu(s):  0.0 us,  0.0 sy,  0.0 ni,100.0 id,  0.0 wa,  0.0 hi,  0.0 si,  0.0 st
KiB Mem : 65877712 total, 58212480 free,  1119612 used,  6545620 buff/cache
KiB Swap: 33554428 total, 32342180 free,  1212248 used. 63619036 avail Mem 
--
top - 13:31:18 up 104 days,  5:14,  0 users,  load average: 0.00, 0.01, 0.05
Tasks: 400 total,   1 running, 399 sleeping,   0 stopped,   0 zombie
%Cpu(s):  0.0 us,  0.0 sy,  0.0 ni, 99.9 id,  0.0 wa,  0.0 hi,  0.0 si,  0.0 st
KiB Mem : 65877712 total, 58212252 free,  1119840 used,  6545620 buff/cache
KiB Swap: 33554428 total, 32342180 free,  1212248 used. 63618808 avail Mem 
--
top - 13:31:23 up 104 days,  5:14,  0 users,  load average: 0.00, 0.01, 0.05
Tasks: 401 total,   1 running, 400 sleeping,   0 stopped,   0 zombie
%Cpu(s):  0.0 us,  0.0 sy,  0.0 ni,100.0 id,  0.0 wa,  0.0 hi,  0.0 si,  0.0 st
KiB Mem : 65877712 total, 58212936 free,  1119156 used,  6545620 buff/cache
KiB Swap: 33554428 total, 32342180 free,  1212248 used. 63619492 avail Mem 
--
top - 13:31:28 up 104 days,  5:14,  0 users,  load average: 0.00, 0.01, 0.05
Tasks: 401 total,   1 running, 400 sleeping,   0 stopped,   0 zombie
%Cpu(s):  0.0 us,  0.0 sy,  0.0 ni,100.0 id,  0.0 wa,  0.0 hi,  0.0 si,  0.0 st
KiB Mem : 65877712 total, 58213172 free,  1118920 used,  6545620 buff/cache
KiB Swap: 33554428 total, 32342180 free,  1212248 used. 63619728 avail Mem 
--
top - 13:31:33 up 104 days,  5:14,  0 users,  load average: 0.00, 0.01, 0.05
Tasks: 401 total,   1 running, 400 sleeping,   0 stopped,   0 zombie
%Cpu(s):  0.0 us,  0.0 sy,  0.0 ni,100.0 id,  0.0 wa,  0.0 hi,  0.0 si,  0.0 st
KiB Mem : 65877712 total, 58213172 free,  1118920 used,  6545620 buff/cache
KiB Swap: 33554428 total, 32342180 free,  1212248 used. 63619728 avail Mem 
--
top - 13:31:38 up 104 days,  5:14,  0 users,  load average: 0.00, 0.01, 0.05
Tasks: 401 total,   1 running, 400 sleeping,   0 stopped,   0 zombie
%Cpu(s):  0.0 us,  0.0 sy,  0.0 ni,100.0 id,  0.0 wa,  0.0 hi,  0.0 si,  0.0 st
KiB Mem : 65877712 total, 58213172 free,  1118920 used,  6545620 buff/cache
KiB Swap: 33554428 total, 32342180 free,  1212248 used. 63619728 avail Mem 
--
top - 13:31:43 up 104 days,  5:14,  0 users,  load average: 0.00, 0.01, 0.05
Tasks: 400 total,   1 running, 399 sleeping,   0 stopped,   0 zombie
%Cpu(s):  0.0 us,  0.0 sy,  0.0 ni,100.0 id,  0.0 wa,  0.0 hi,  0.0 si,  0.0 st
KiB Mem : 65877712 total, 58212644 free,  1119448 used,  6545620 buff/cache
KiB Swap: 33554428 total, 32342180 free,  1212248 used. 63619200 avail Mem 
--
top - 13:31:48 up 104 days,  5:14,  0 users,  load average: 0.00, 0.01, 0.05
Tasks: 400 total,   1 running, 399 sleeping,   0 stopped,   0 zombie
%Cpu(s):  0.0 us,  0.0 sy,  0.0 ni, 99.9 id,  0.0 wa,  0.0 hi,  0.0 si,  0.0 st
KiB Mem : 65877712 total, 58212500 free,  1119592 used,  6545620 buff/cache
KiB Swap: 33554428 total, 32342180 free,  1212248 used. 63619056 avail Mem 
--
top - 13:31:53 up 104 days,  5:15,  0 users,  load average: 0.00, 0.01, 0.05
Tasks: 400 total,   1 running, 399 sleeping,   0 stopped,   0 zombie
%Cpu(s):  0.0 us,  0.0 sy,  0.0 ni,100.0 id,  0.0 wa,  0.0 hi,  0.0 si,  0.0 st
KiB Mem : 65877712 total, 58213912 free,  1118176 used,  6545624 buff/cache
KiB Swap: 33554428 total, 32342180 free,  1212248 used. 63620468 avail Mem 
--
top - 13:31:58 up 104 days,  5:15,  0 users,  load average: 0.00, 0.01, 0.05
Tasks: 400 total,   1 running, 399 sleeping,   0 stopped,   0 zombie
%Cpu(s):  0.0 us,  0.0 sy,  0.0 ni,100.0 id,  0.0 wa,  0.0 hi,  0.0 si,  0.0 st
KiB Mem : 65877712 total, 58212980 free,  1119108 used,  6545624 buff/cache
KiB Swap: 33554428 total, 32342180 free,  1212248 used. 63619536 avail Mem 
--
top - 13:32:03 up 104 days,  5:15,  0 users,  load average: 0.00, 0.01, 0.05
Tasks: 400 total,   1 running, 399 sleeping,   0 stopped,   0 zombie
%Cpu(s):  0.4 us,  0.2 sy,  0.0 ni, 98.8 id,  0.6 wa,  0.0 hi,  0.0 si,  0.0 st
KiB Mem : 65877712 total, 58206880 free,  1125232 used,  6545600 buff/cache
KiB Swap: 33554428 total, 32342180 free,  1212248 used. 63613424 avail Mem 
--
top - 13:32:08 up 104 days,  5:15,  0 users,  load average: 0.00, 0.01, 0.05
Tasks: 401 total,   1 running, 400 sleeping,   0 stopped,   0 zombie
%Cpu(s):  0.0 us,  0.0 sy,  0.0 ni,100.0 id,  0.0 wa,  0.0 hi,  0.0 si,  0.0 st
KiB Mem : 65877712 total, 58206704 free,  1125408 used,  6545600 buff/cache
KiB Swap: 33554428 total, 32342180 free,  1212248 used. 63613248 avail Mem 
--
top - 13:32:13 up 104 days,  5:15,  0 users,  load average: 0.00, 0.01, 0.05
Tasks: 401 total,   1 running, 400 sleeping,   0 stopped,   0 zombie
%Cpu(s):  0.0 us,  0.0 sy,  0.0 ni,100.0 id,  0.0 wa,  0.0 hi,  0.0 si,  0.0 st
KiB Mem : 65877712 total, 58203032 free,  1129080 used,  6545600 buff/cache
KiB Swap: 33554428 total, 32342180 free,  1212248 used. 63609576 avail Mem 
--
top - 13:32:18 up 104 days,  5:15,  0 users,  load average: 0.00, 0.01, 0.05
Tasks: 401 total,   1 running, 400 sleeping,   0 stopped,   0 zombie
%Cpu(s):  0.0 us,  0.0 sy,  0.0 ni,100.0 id,  0.0 wa,  0.0 hi,  0.0 si,  0.0 st
KiB Mem : 65877712 total, 58202824 free,  1129288 used,  6545600 buff/cache
KiB Swap: 33554428 total, 32342180 free,  1212248 used. 63609372 avail Mem 
--
top - 13:32:23 up 104 days,  5:15,  0 users,  load average: 0.00, 0.01, 0.05
Tasks: 401 total,   1 running, 400 sleeping,   0 stopped,   0 zombie
%Cpu(s):  0.0 us,  0.0 sy,  0.0 ni,100.0 id,  0.0 wa,  0.0 hi,  0.0 si,  0.0 st
KiB Mem : 65877712 total, 58199068 free,  1133044 used,  6545600 buff/cache
KiB Swap: 33554428 total, 32342180 free,  1212248 used. 63605616 avail Mem 
--
top - 13:32:28 up 104 days,  5:15,  0 users,  load average: 0.00, 0.01, 0.05
Tasks: 401 total,   1 running, 400 sleeping,   0 stopped,   0 zombie
%Cpu(s):  0.2 us,  0.2 sy,  0.0 ni, 99.6 id,  0.0 wa,  0.0 hi,  0.0 si,  0.0 st
KiB Mem : 65877712 total, 57797388 free,  1534724 used,  6545600 buff/cache
KiB Swap: 33554428 total, 32342180 free,  1212248 used. 63203936 avail Mem 
--
top - 13:32:33 up 104 days,  5:15,  0 users,  load average: 0.08, 0.03, 0.05
Tasks: 401 total,   1 running, 400 sleeping,   0 stopped,   0 zombie
%Cpu(s):  4.3 us,  0.5 sy,  0.0 ni, 95.2 id,  0.0 wa,  0.0 hi,  0.0 si,  0.0 st
KiB Mem : 65877712 total, 56530272 free,  2801840 used,  6545600 buff/cache
KiB Swap: 33554428 total, 32342180 free,  1212248 used. 61936820 avail Mem 
--
top - 13:32:38 up 104 days,  5:15,  0 users,  load average: 0.16, 0.05, 0.06
Tasks: 401 total,   1 running, 400 sleeping,   0 stopped,   0 zombie
%Cpu(s):  3.1 us,  0.0 sy,  0.0 ni, 96.9 id,  0.0 wa,  0.0 hi,  0.0 si,  0.0 st
KiB Mem : 65877712 total, 56530580 free,  2801532 used,  6545600 buff/cache
KiB Swap: 33554428 total, 32342180 free,  1212248 used. 61937128 avail Mem 
--
top - 13:32:43 up 104 days,  5:15,  0 users,  load average: 0.14, 0.05, 0.06
Tasks: 401 total,   1 running, 400 sleeping,   0 stopped,   0 zombie
%Cpu(s):  0.9 us,  0.1 sy,  0.0 ni, 99.0 id,  0.0 wa,  0.0 hi,  0.0 si,  0.0 st
KiB Mem : 65877712 total, 57977416 free,  1354692 used,  6545604 buff/cache
KiB Swap: 33554428 total, 32342180 free,  1212248 used. 63383964 avail Mem 
--
top - 13:32:48 up 104 days,  5:15,  0 users,  load average: 0.13, 0.05, 0.05
Tasks: 401 total,   1 running, 400 sleeping,   0 stopped,   0 zombie
%Cpu(s):  0.0 us,  0.0 sy,  0.0 ni, 99.9 id,  0.0 wa,  0.0 hi,  0.0 si,  0.0 st
KiB Mem : 65877712 total, 57978276 free,  1353832 used,  6545604 buff/cache
KiB Swap: 33554428 total, 32342180 free,  1212248 used. 63384824 avail Mem 
--
top - 13:32:53 up 104 days,  5:16,  0 users,  load average: 0.12, 0.04, 0.05
Tasks: 401 total,   1 running, 400 sleeping,   0 stopped,   0 zombie
%Cpu(s):  0.0 us,  0.0 sy,  0.0 ni,100.0 id,  0.0 wa,  0.0 hi,  0.0 si,  0.0 st
KiB Mem : 65877712 total, 57980356 free,  1351752 used,  6545604 buff/cache
KiB Swap: 33554428 total, 32342180 free,  1212248 used. 63386904 avail Mem 
--
top - 13:32:59 up 104 days,  5:16,  0 users,  load average: 0.11, 0.04, 0.05
Tasks: 401 total,   1 running, 400 sleeping,   0 stopped,   0 zombie
%Cpu(s):  0.0 us,  0.0 sy,  0.0 ni, 99.9 id,  0.0 wa,  0.0 hi,  0.0 si,  0.0 st
KiB Mem : 65877712 total, 57979948 free,  1352160 used,  6545604 buff/cache
KiB Swap: 33554428 total, 32342180 free,  1212248 used. 63386496 avail Mem 
--
top - 13:33:04 up 104 days,  5:16,  0 users,  load average: 0.10, 0.04, 0.05
Tasks: 401 total,   1 running, 400 sleeping,   0 stopped,   0 zombie
%Cpu(s):  0.0 us,  0.0 sy,  0.0 ni,100.0 id,  0.0 wa,  0.0 hi,  0.0 si,  0.0 st
KiB Mem : 65877712 total, 57980072 free,  1352036 used,  6545604 buff/cache
KiB Swap: 33554428 total, 32342180 free,  1212248 used. 63386620 avail Mem 
--
top - 13:33:09 up 104 days,  5:16,  0 users,  load average: 0.09, 0.04, 0.05
Tasks: 401 total,   1 running, 400 sleeping,   0 stopped,   0 zombie
%Cpu(s):  0.0 us,  0.0 sy,  0.0 ni,100.0 id,  0.0 wa,  0.0 hi,  0.0 si,  0.0 st
KiB Mem : 65877712 total, 57980072 free,  1352036 used,  6545604 buff/cache
KiB Swap: 33554428 total, 32342180 free,  1212248 used. 63386620 avail Mem 
--
top - 13:33:14 up 104 days,  5:16,  0 users,  load average: 0.09, 0.04, 0.05
Tasks: 402 total,   1 running, 401 sleeping,   0 stopped,   0 zombie
%Cpu(s):  0.0 us,  0.0 sy,  0.0 ni,100.0 id,  0.0 wa,  0.0 hi,  0.0 si,  0.0 st
KiB Mem : 65877712 total, 57979852 free,  1352256 used,  6545604 buff/cache
KiB Swap: 33554428 total, 32342180 free,  1212248 used. 63386400 avail Mem 
--
top - 13:33:19 up 104 days,  5:16,  0 users,  load average: 0.08, 0.04, 0.05
Tasks: 402 total,   1 running, 401 sleeping,   0 stopped,   0 zombie
%Cpu(s):  0.0 us,  0.0 sy,  0.0 ni, 99.9 id,  0.0 wa,  0.0 hi,  0.0 si,  0.0 st
KiB Mem : 65877712 total, 57979980 free,  1352128 used,  6545604 buff/cache
KiB Swap: 33554428 total, 32342180 free,  1212248 used. 63386528 avail Mem 
--
top - 13:33:24 up 104 days,  5:16,  0 users,  load average: 0.07, 0.04, 0.05
Tasks: 402 total,   1 running, 401 sleeping,   0 stopped,   0 zombie
%Cpu(s):  0.0 us,  0.0 sy,  0.0 ni,100.0 id,  0.0 wa,  0.0 hi,  0.0 si,  0.0 st
KiB Mem : 65877712 total, 57979980 free,  1352128 used,  6545604 buff/cache
KiB Swap: 33554428 total, 32342180 free,  1212248 used. 63386528 avail Mem 
--
top - 13:33:29 up 104 days,  5:16,  0 users,  load average: 0.07, 0.04, 0.05
Tasks: 402 total,   1 running, 401 sleeping,   0 stopped,   0 zombie
%Cpu(s):  0.0 us,  0.0 sy,  0.0 ni,100.0 id,  0.0 wa,  0.0 hi,  0.0 si,  0.0 st
KiB Mem : 65877712 total, 57980844 free,  1351264 used,  6545604 buff/cache
KiB Swap: 33554428 total, 32342180 free,  1212248 used. 63387392 avail Mem 
--
top - 13:33:34 up 104 days,  5:16,  0 users,  load average: 0.06, 0.04, 0.05
Tasks: 402 total,   1 running, 401 sleeping,   0 stopped,   0 zombie
%Cpu(s):  0.0 us,  0.0 sy,  0.0 ni,100.0 id,  0.0 wa,  0.0 hi,  0.0 si,  0.0 st
KiB Mem : 65877712 total, 57980968 free,  1351140 used,  6545604 buff/cache
KiB Swap: 33554428 total, 32342180 free,  1212248 used. 63387516 avail Mem 
--
top - 13:33:39 up 104 days,  5:16,  0 users,  load average: 0.06, 0.04, 0.05
Tasks: 402 total,   1 running, 401 sleeping,   0 stopped,   0 zombie
%Cpu(s):  0.0 us,  0.0 sy,  0.0 ni,100.0 id,  0.0 wa,  0.0 hi,  0.0 si,  0.0 st
KiB Mem : 65877712 total, 57980596 free,  1351512 used,  6545604 buff/cache
KiB Swap: 33554428 total, 32342180 free,  1212248 used. 63387144 avail Mem 
--
top - 13:33:44 up 104 days,  5:16,  0 users,  load average: 0.05, 0.04, 0.05
Tasks: 402 total,   1 running, 401 sleeping,   0 stopped,   0 zombie
%Cpu(s):  0.0 us,  0.0 sy,  0.0 ni,100.0 id,  0.0 wa,  0.0 hi,  0.0 si,  0.0 st
KiB Mem : 65877712 total, 57980596 free,  1351512 used,  6545604 buff/cache
KiB Swap: 33554428 total, 32342180 free,  1212248 used. 63387144 avail Mem 
--
top - 13:33:49 up 104 days,  5:16,  0 users,  load average: 0.05, 0.04, 0.05
Tasks: 402 total,   1 running, 401 sleeping,   0 stopped,   0 zombie
%Cpu(s):  0.0 us,  0.0 sy,  0.0 ni, 99.9 id,  0.0 wa,  0.0 hi,  0.0 si,  0.0 st
KiB Mem : 65877712 total, 57980272 free,  1351836 used,  6545604 buff/cache
KiB Swap: 33554428 total, 32342180 free,  1212248 used. 63386820 avail Mem 
--
top - 13:33:54 up 104 days,  5:17,  0 users,  load average: 0.04, 0.04, 0.05
Tasks: 402 total,   1 running, 401 sleeping,   0 stopped,   0 zombie
%Cpu(s):  0.0 us,  0.0 sy,  0.0 ni,100.0 id,  0.0 wa,  0.0 hi,  0.0 si,  0.0 st
KiB Mem : 65877712 total, 57980272 free,  1351836 used,  6545604 buff/cache
KiB Swap: 33554428 total, 32342180 free,  1212248 used. 63386820 avail Mem 
--
top - 13:33:59 up 104 days,  5:17,  0 users,  load average: 0.04, 0.04, 0.05
Tasks: 402 total,   1 running, 401 sleeping,   0 stopped,   0 zombie
%Cpu(s):  0.0 us,  0.0 sy,  0.0 ni, 99.9 id,  0.0 wa,  0.0 hi,  0.0 si,  0.0 st
KiB Mem : 65877712 total, 57982964 free,  1349140 used,  6545608 buff/cache
KiB Swap: 33554428 total, 32342180 free,  1212248 used. 63389512 avail Mem 
--
top - 13:34:04 up 104 days,  5:17,  0 users,  load average: 0.04, 0.04, 0.05
Tasks: 402 total,   1 running, 401 sleeping,   0 stopped,   0 zombie
%Cpu(s):  0.4 us,  0.2 sy,  0.0 ni, 98.8 id,  0.6 wa,  0.0 hi,  0.0 si,  0.0 st
KiB Mem : 65877712 total, 57974500 free,  1357604 used,  6545608 buff/cache
KiB Swap: 33554428 total, 32342180 free,  1212248 used. 63381056 avail Mem 
--
top - 13:34:09 up 104 days,  5:17,  0 users,  load average: 0.04, 0.04, 0.05
Tasks: 402 total,   1 running, 401 sleeping,   0 stopped,   0 zombie
%Cpu(s):  0.0 us,  0.0 sy,  0.0 ni, 99.9 id,  0.0 wa,  0.0 hi,  0.0 si,  0.0 st
KiB Mem : 65877712 total, 57954296 free,  1377808 used,  6545608 buff/cache
KiB Swap: 33554428 total, 32342180 free,  1212248 used. 63360852 avail Mem 
--
top - 13:34:14 up 104 days,  5:17,  0 users,  load average: 0.03, 0.04, 0.05
Tasks: 402 total,   1 running, 401 sleeping,   0 stopped,   0 zombie
%Cpu(s):  0.0 us,  0.0 sy,  0.0 ni,100.0 id,  0.0 wa,  0.0 hi,  0.0 si,  0.0 st
KiB Mem : 65877712 total, 57960908 free,  1371196 used,  6545608 buff/cache
KiB Swap: 33554428 total, 32342180 free,  1212248 used. 63367464 avail Mem 
--
top - 13:34:19 up 104 days,  5:17,  0 users,  load average: 0.03, 0.04, 0.05
Tasks: 402 total,   1 running, 401 sleeping,   0 stopped,   0 zombie
%Cpu(s):  1.6 us,  0.2 sy,  0.0 ni, 98.2 id,  0.0 wa,  0.0 hi,  0.0 si,  0.0 st
KiB Mem : 65877712 total, 57920724 free,  1411380 used,  6545608 buff/cache
KiB Swap: 33554428 total, 32342180 free,  1212248 used. 63327280 avail Mem 
--
top - 13:34:24 up 104 days,  5:17,  0 users,  load average: 0.03, 0.04, 0.05
Tasks: 402 total,   1 running, 401 sleeping,   0 stopped,   0 zombie
%Cpu(s):  0.0 us,  0.0 sy,  0.0 ni,100.0 id,  0.0 wa,  0.0 hi,  0.0 si,  0.0 st
KiB Mem : 65877712 total, 57932044 free,  1400060 used,  6545608 buff/cache
KiB Swap: 33554428 total, 32342180 free,  1212248 used. 63338600 avail Mem 
--
top - 13:34:29 up 104 days,  5:17,  0 users,  load average: 0.03, 0.03, 0.05
Tasks: 402 total,   1 running, 401 sleeping,   0 stopped,   0 zombie
%Cpu(s):  0.0 us,  0.0 sy,  0.0 ni,100.0 id,  0.0 wa,  0.0 hi,  0.0 si,  0.0 st
KiB Mem : 65877712 total, 57933576 free,  1398524 used,  6545612 buff/cache
KiB Swap: 33554428 total, 32342180 free,  1212248 used. 63340132 avail Mem 
--
top - 13:34:34 up 104 days,  5:17,  0 users,  load average: 0.02, 0.03, 0.05
Tasks: 402 total,   1 running, 401 sleeping,   0 stopped,   0 zombie
%Cpu(s):  0.0 us,  0.0 sy,  0.0 ni,100.0 id,  0.0 wa,  0.0 hi,  0.0 si,  0.0 st
KiB Mem : 65877712 total, 57934968 free,  1397132 used,  6545612 buff/cache
KiB Swap: 33554428 total, 32342180 free,  1212248 used. 63341524 avail Mem 
--
top - 13:34:39 up 104 days,  5:17,  0 users,  load average: 0.02, 0.03, 0.05
Tasks: 402 total,   1 running, 401 sleeping,   0 stopped,   0 zombie
%Cpu(s):  0.0 us,  0.0 sy,  0.0 ni,100.0 id,  0.0 wa,  0.0 hi,  0.0 si,  0.0 st
KiB Mem : 65877712 total, 57935012 free,  1397088 used,  6545612 buff/cache
KiB Swap: 33554428 total, 32342180 free,  1212248 used. 63341568 avail Mem 
--
top - 13:34:44 up 104 days,  5:17,  0 users,  load average: 0.02, 0.03, 0.05
Tasks: 402 total,   1 running, 401 sleeping,   0 stopped,   0 zombie
%Cpu(s):  0.0 us,  0.0 sy,  0.0 ni,100.0 id,  0.0 wa,  0.0 hi,  0.0 si,  0.0 st
KiB Mem : 65877712 total, 57932656 free,  1399444 used,  6545612 buff/cache
KiB Swap: 33554428 total, 32342180 free,  1212248 used. 63339212 avail Mem 
--
top - 13:34:49 up 104 days,  5:17,  0 users,  load average: 0.02, 0.03, 0.05
Tasks: 402 total,   1 running, 401 sleeping,   0 stopped,   0 zombie
%Cpu(s):  0.0 us,  0.0 sy,  0.0 ni, 99.9 id,  0.0 wa,  0.0 hi,  0.0 si,  0.0 st
KiB Mem : 65877712 total, 57932528 free,  1399572 used,  6545612 buff/cache
KiB Swap: 33554428 total, 32342180 free,  1212248 used. 63339084 avail Mem 
--
top - 13:34:54 up 104 days,  5:18,  0 users,  load average: 0.02, 0.03, 0.05
Tasks: 402 total,   1 running, 401 sleeping,   0 stopped,   0 zombie
%Cpu(s):  0.0 us,  0.0 sy,  0.0 ni,100.0 id,  0.0 wa,  0.0 hi,  0.0 si,  0.0 st
KiB Mem : 65877712 total, 57926188 free,  1405912 used,  6545612 buff/cache
KiB Swap: 33554428 total, 32342180 free,  1212248 used. 63332744 avail Mem 
--
top - 13:34:59 up 104 days,  5:18,  0 users,  load average: 0.02, 0.03, 0.05
Tasks: 402 total,   1 running, 401 sleeping,   0 stopped,   0 zombie
%Cpu(s):  0.0 us,  0.0 sy,  0.0 ni, 99.9 id,  0.0 wa,  0.0 hi,  0.0 si,  0.0 st
KiB Mem : 65877712 total, 57927244 free,  1404856 used,  6545612 buff/cache
KiB Swap: 33554428 total, 32342180 free,  1212248 used. 63333800 avail Mem 
--
top - 13:35:04 up 104 days,  5:18,  0 users,  load average: 0.01, 0.03, 0.05
Tasks: 402 total,   1 running, 401 sleeping,   0 stopped,   0 zombie
%Cpu(s):  0.0 us,  0.0 sy,  0.0 ni,100.0 id,  0.0 wa,  0.0 hi,  0.0 si,  0.0 st
KiB Mem : 65877712 total, 57917620 free,  1414480 used,  6545612 buff/cache
KiB Swap: 33554428 total, 32342180 free,  1212248 used. 63324176 avail Mem 
--
top - 13:35:09 up 104 days,  5:18,  0 users,  load average: 0.01, 0.03, 0.05
Tasks: 402 total,   1 running, 401 sleeping,   0 stopped,   0 zombie
%Cpu(s):  0.0 us,  0.0 sy,  0.0 ni,100.0 id,  0.0 wa,  0.0 hi,  0.0 si,  0.0 st
KiB Mem : 65877712 total, 57917620 free,  1414480 used,  6545612 buff/cache
KiB Swap: 33554428 total, 32342180 free,  1212248 used. 63324176 avail Mem 
--
top - 13:35:14 up 104 days,  5:18,  0 users,  load average: 0.01, 0.03, 0.05
Tasks: 402 total,   1 running, 401 sleeping,   0 stopped,   0 zombie
%Cpu(s):  0.0 us,  0.0 sy,  0.0 ni,100.0 id,  0.0 wa,  0.0 hi,  0.0 si,  0.0 st
KiB Mem : 65877712 total, 57910272 free,  1421828 used,  6545612 buff/cache
KiB Swap: 33554428 total, 32342180 free,  1212248 used. 63316828 avail Mem 
--
top - 13:35:19 up 104 days,  5:18,  0 users,  load average: 0.01, 0.03, 0.05
Tasks: 402 total,   1 running, 401 sleeping,   0 stopped,   0 zombie
%Cpu(s):  0.0 us,  0.0 sy,  0.0 ni,100.0 id,  0.0 wa,  0.0 hi,  0.0 si,  0.0 st
KiB Mem : 65877712 total, 57910196 free,  1421904 used,  6545612 buff/cache
KiB Swap: 33554428 total, 32342180 free,  1212248 used. 63316752 avail Mem 
--
top - 13:35:24 up 104 days,  5:18,  0 users,  load average: 0.57, 0.15, 0.08
Tasks: 402 total,   1 running, 401 sleeping,   0 stopped,   0 zombie
%Cpu(s):  0.0 us,  0.0 sy,  0.0 ni, 91.5 id,  8.5 wa,  0.0 hi,  0.0 si,  0.0 st
KiB Mem : 65877712 total, 57910964 free,  1421132 used,  6545616 buff/cache
KiB Swap: 33554428 total, 32342180 free,  1212248 used. 63317520 avail Mem 
--
top - 13:35:29 up 104 days,  5:18,  0 users,  load average: 1.09, 0.26, 0.12
Tasks: 402 total,   1 running, 401 sleeping,   0 stopped,   0 zombie
%Cpu(s):  0.0 us,  0.0 sy,  0.0 ni, 90.6 id,  9.3 wa,  0.0 hi,  0.0 si,  0.0 st
KiB Mem : 65877712 total, 57912076 free,  1420020 used,  6545616 buff/cache
KiB Swap: 33554428 total, 32342180 free,  1212248 used. 63318632 avail Mem 
--
top - 13:35:34 up 104 days,  5:18,  0 users,  load average: 1.00, 0.25, 0.12
Tasks: 402 total,   1 running, 401 sleeping,   0 stopped,   0 zombie
%Cpu(s):  0.0 us,  0.0 sy,  0.0 ni, 99.4 id,  0.6 wa,  0.0 hi,  0.0 si,  0.0 st
KiB Mem : 65877712 total, 57912944 free,  1419152 used,  6545616 buff/cache
KiB Swap: 33554428 total, 32342180 free,  1212248 used. 63319500 avail Mem 
--
top - 13:35:39 up 104 days,  5:18,  0 users,  load average: 0.92, 0.25, 0.12
Tasks: 402 total,   1 running, 401 sleeping,   0 stopped,   0 zombie
%Cpu(s):  0.0 us,  0.0 sy,  0.0 ni,100.0 id,  0.0 wa,  0.0 hi,  0.0 si,  0.0 st
KiB Mem : 65877712 total, 57913144 free,  1418952 used,  6545616 buff/cache
KiB Swap: 33554428 total, 32342180 free,  1212248 used. 63319700 avail Mem 
--
top - 13:35:44 up 104 days,  5:18,  0 users,  load average: 0.84, 0.25, 0.12
Tasks: 402 total,   1 running, 401 sleeping,   0 stopped,   0 zombie
%Cpu(s):  0.0 us,  0.0 sy,  0.0 ni,100.0 id,  0.0 wa,  0.0 hi,  0.0 si,  0.0 st
KiB Mem : 65877712 total, 57911968 free,  1420128 used,  6545616 buff/cache
KiB Swap: 33554428 total, 32342180 free,  1212248 used. 63318524 avail Mem 
--
top - 13:35:49 up 104 days,  5:18,  0 users,  load average: 0.78, 0.24, 0.12
Tasks: 402 total,   1 running, 401 sleeping,   0 stopped,   0 zombie
%Cpu(s):  0.0 us,  0.0 sy,  0.0 ni, 99.9 id,  0.0 wa,  0.0 hi,  0.0 si,  0.0 st
KiB Mem : 65877712 total, 57910840 free,  1421256 used,  6545616 buff/cache
KiB Swap: 33554428 total, 32342180 free,  1212248 used. 63317396 avail Mem 
--
top - 13:35:54 up 104 days,  5:19,  0 users,  load average: 0.71, 0.24, 0.12
Tasks: 401 total,   1 running, 400 sleeping,   0 stopped,   0 zombie
%Cpu(s):  0.0 us,  0.0 sy,  0.0 ni, 99.9 id,  0.0 wa,  0.0 hi,  0.0 si,  0.0 st
KiB Mem : 65877712 total, 57874668 free,  1457428 used,  6545616 buff/cache
KiB Swap: 33554428 total, 32342180 free,  1212248 used. 63281224 avail Mem 
--
top - 13:35:59 up 104 days,  5:19,  0 users,  load average: 0.66, 0.23, 0.12
Tasks: 400 total,   1 running, 399 sleeping,   0 stopped,   0 zombie
%Cpu(s):  0.1 us,  0.1 sy,  0.0 ni, 99.7 id,  0.0 wa,  0.0 hi,  0.0 si,  0.0 st
KiB Mem : 65877712 total, 57727760 free,  1604336 used,  6545616 buff/cache
KiB Swap: 33554428 total, 32342180 free,  1212248 used. 63134316 avail Mem 
--
top - 13:36:04 up 104 days,  5:19,  0 users,  load average: 0.60, 0.23, 0.12
Tasks: 400 total,   1 running, 399 sleeping,   0 stopped,   0 zombie
%Cpu(s):  0.5 us,  0.3 sy,  0.0 ni, 98.6 id,  0.6 wa,  0.0 hi,  0.0 si,  0.0 st
KiB Mem : 65877712 total, 57666108 free,  1665988 used,  6545616 buff/cache
KiB Swap: 33554428 total, 32342180 free,  1212248 used. 63072664 avail Mem 
--
top - 13:36:09 up 104 days,  5:19,  0 users,  load average: 0.80, 0.28, 0.13
Tasks: 400 total,   1 running, 399 sleeping,   0 stopped,   0 zombie
%Cpu(s):  5.6 us,  0.7 sy,  0.0 ni, 93.6 id,  0.0 wa,  0.0 hi,  0.0 si,  0.0 st
KiB Mem : 65877712 total, 54757288 free,  4574816 used,  6545608 buff/cache
KiB Swap: 33554428 total, 32342180 free,  1212248 used. 60163848 avail Mem 
--
top - 13:36:14 up 104 days,  5:19,  0 users,  load average: 0.81, 0.29, 0.14
Tasks: 400 total,   1 running, 399 sleeping,   0 stopped,   0 zombie
%Cpu(s):  4.1 us,  0.0 sy,  0.0 ni, 95.9 id,  0.0 wa,  0.0 hi,  0.0 si,  0.0 st
KiB Mem : 65877712 total, 55215640 free,  4116464 used,  6545608 buff/cache
KiB Swap: 33554428 total, 32342180 free,  1212248 used. 60622200 avail Mem 
--
top - 13:36:19 up 104 days,  5:19,  0 users,  load average: 0.83, 0.30, 0.14
Tasks: 400 total,   1 running, 399 sleeping,   0 stopped,   0 zombie
%Cpu(s):  3.1 us,  0.0 sy,  0.0 ni, 96.8 id,  0.0 wa,  0.0 hi,  0.0 si,  0.0 st
KiB Mem : 65877712 total, 55215592 free,  4116508 used,  6545612 buff/cache
KiB Swap: 33554428 total, 32342180 free,  1212248 used. 60622152 avail Mem 
--
top - 13:36:24 up 104 days,  5:19,  0 users,  load average: 0.84, 0.31, 0.15
Tasks: 399 total,   1 running, 398 sleeping,   0 stopped,   0 zombie
%Cpu(s):  1.7 us,  0.1 sy,  0.0 ni, 98.2 id,  0.0 wa,  0.0 hi,  0.0 si,  0.0 st
KiB Mem : 65877712 total, 57595860 free,  1736240 used,  6545612 buff/cache
KiB Swap: 33554428 total, 32342180 free,  1212248 used. 63002420 avail Mem 
--
top - 13:36:29 up 104 days,  5:19,  0 users,  load average: 0.77, 0.31, 0.14
Tasks: 399 total,   1 running, 398 sleeping,   0 stopped,   0 zombie
%Cpu(s):  0.0 us,  0.0 sy,  0.0 ni, 99.9 id,  0.0 wa,  0.0 hi,  0.0 si,  0.0 st
KiB Mem : 65877712 total, 57600336 free,  1731764 used,  6545612 buff/cache
KiB Swap: 33554428 total, 32342180 free,  1212248 used. 63006896 avail Mem 
--
top - 13:36:34 up 104 days,  5:19,  0 users,  load average: 0.71, 0.30, 0.14
Tasks: 399 total,   1 running, 398 sleeping,   0 stopped,   0 zombie
%Cpu(s):  0.0 us,  0.0 sy,  0.0 ni,100.0 id,  0.0 wa,  0.0 hi,  0.0 si,  0.0 st
KiB Mem : 65877712 total, 57600972 free,  1731128 used,  6545612 buff/cache
KiB Swap: 33554428 total, 32342180 free,  1212248 used. 63007532 avail Mem 
--
top - 13:36:39 up 104 days,  5:19,  0 users,  load average: 0.66, 0.30, 0.14
Tasks: 399 total,   1 running, 398 sleeping,   0 stopped,   0 zombie
%Cpu(s):  0.0 us,  0.0 sy,  0.0 ni,100.0 id,  0.0 wa,  0.0 hi,  0.0 si,  0.0 st
KiB Mem : 65877712 total, 57601560 free,  1730540 used,  6545612 buff/cache
KiB Swap: 33554428 total, 32342180 free,  1212248 used. 63008120 avail Mem 
--
top - 13:36:44 up 104 days,  5:19,  0 users,  load average: 0.60, 0.29, 0.14
Tasks: 399 total,   1 running, 398 sleeping,   0 stopped,   0 zombie
%Cpu(s):  0.0 us,  0.0 sy,  0.0 ni,100.0 id,  0.0 wa,  0.0 hi,  0.0 si,  0.0 st
KiB Mem : 65877712 total, 57601780 free,  1730320 used,  6545612 buff/cache
KiB Swap: 33554428 total, 32342180 free,  1212248 used. 63008340 avail Mem 
--
top - 13:36:49 up 104 days,  5:19,  0 users,  load average: 0.55, 0.29, 0.14
Tasks: 399 total,   1 running, 398 sleeping,   0 stopped,   0 zombie
%Cpu(s):  0.0 us,  0.0 sy,  0.0 ni, 99.9 id,  0.0 wa,  0.0 hi,  0.0 si,  0.0 st
KiB Mem : 65877712 total, 57601332 free,  1730768 used,  6545612 buff/cache
KiB Swap: 33554428 total, 32342180 free,  1212248 used. 63007892 avail Mem 
--
top - 13:36:54 up 104 days,  5:20,  0 users,  load average: 0.51, 0.28, 0.14
Tasks: 399 total,   1 running, 398 sleeping,   0 stopped,   0 zombie
%Cpu(s):  0.0 us,  0.0 sy,  0.0 ni, 99.9 id,  0.0 wa,  0.0 hi,  0.0 si,  0.0 st
KiB Mem : 65877712 total, 57603236 free,  1728864 used,  6545612 buff/cache
KiB Swap: 33554428 total, 32342180 free,  1212248 used. 63009796 avail Mem 
--
top - 13:36:59 up 104 days,  5:20,  0 users,  load average: 0.47, 0.28, 0.14
Tasks: 399 total,   1 running, 398 sleeping,   0 stopped,   0 zombie
%Cpu(s):  0.0 us,  0.0 sy,  0.0 ni, 99.9 id,  0.0 wa,  0.0 hi,  0.0 si,  0.0 st
KiB Mem : 65877712 total, 57603948 free,  1728152 used,  6545612 buff/cache
KiB Swap: 33554428 total, 32342180 free,  1212248 used. 63010508 avail Mem 
--
top - 13:37:04 up 104 days,  5:20,  0 users,  load average: 0.43, 0.27, 0.14
Tasks: 399 total,   1 running, 398 sleeping,   0 stopped,   0 zombie
%Cpu(s):  0.0 us,  0.0 sy,  0.0 ni,100.0 id,  0.0 wa,  0.0 hi,  0.0 si,  0.0 st
KiB Mem : 65877712 total, 57604376 free,  1727724 used,  6545612 buff/cache
KiB Swap: 33554428 total, 32342180 free,  1212248 used. 63010936 avail Mem 
--
top - 13:37:09 up 104 days,  5:20,  0 users,  load average: 0.40, 0.27, 0.14
Tasks: 398 total,   1 running, 397 sleeping,   0 stopped,   0 zombie
%Cpu(s):  0.0 us,  0.0 sy,  0.0 ni,100.0 id,  0.0 wa,  0.0 hi,  0.0 si,  0.0 st
KiB Mem : 65877712 total, 57604376 free,  1727724 used,  6545612 buff/cache
KiB Swap: 33554428 total, 32342180 free,  1212248 used. 63010936 avail Mem 
--
top - 13:37:14 up 104 days,  5:20,  0 users,  load average: 0.37, 0.26, 0.14
Tasks: 398 total,   1 running, 397 sleeping,   0 stopped,   0 zombie
%Cpu(s):  0.0 us,  0.0 sy,  0.0 ni,100.0 id,  0.0 wa,  0.0 hi,  0.0 si,  0.0 st
KiB Mem : 65877712 total, 57604376 free,  1727724 used,  6545612 buff/cache
KiB Swap: 33554428 total, 32342180 free,  1212248 used. 63010936 avail Mem 
--
top - 13:37:20 up 104 days,  5:20,  0 users,  load average: 0.58, 0.31, 0.15
Tasks: 398 total,   1 running, 397 sleeping,   0 stopped,   0 zombie
%Cpu(s):  0.0 us,  0.0 sy,  0.0 ni, 99.9 id,  0.1 wa,  0.0 hi,  0.0 si,  0.0 st
KiB Mem : 65877712 total, 57603432 free,  1728668 used,  6545612 buff/cache
KiB Swap: 33554428 total, 32342180 free,  1212248 used. 63009992 avail Mem 
--
top - 13:37:25 up 104 days,  5:20,  0 users,  load average: 0.53, 0.30, 0.15
Tasks: 398 total,   1 running, 397 sleeping,   0 stopped,   0 zombie
%Cpu(s):  0.0 us,  0.0 sy,  0.0 ni,100.0 id,  0.0 wa,  0.0 hi,  0.0 si,  0.0 st
KiB Mem : 65877712 total, 57603440 free,  1728660 used,  6545612 buff/cache
KiB Swap: 33554428 total, 32342180 free,  1212248 used. 63010000 avail Mem 
--
top - 13:37:30 up 104 days,  5:20,  0 users,  load average: 0.49, 0.30, 0.15
Tasks: 398 total,   1 running, 397 sleeping,   0 stopped,   0 zombie
%Cpu(s):  0.0 us,  0.0 sy,  0.0 ni,100.0 id,  0.0 wa,  0.0 hi,  0.0 si,  0.0 st
KiB Mem : 65877712 total, 57605108 free,  1726988 used,  6545616 buff/cache
KiB Swap: 33554428 total, 32342180 free,  1212248 used. 63011672 avail Mem 
--
top - 13:37:35 up 104 days,  5:20,  0 users,  load average: 0.45, 0.29, 0.15
Tasks: 398 total,   1 running, 397 sleeping,   0 stopped,   0 zombie
%Cpu(s):  0.0 us,  0.0 sy,  0.0 ni,100.0 id,  0.0 wa,  0.0 hi,  0.0 si,  0.0 st
KiB Mem : 65877712 total, 57600448 free,  1731648 used,  6545616 buff/cache
KiB Swap: 33554428 total, 32342180 free,  1212248 used. 63007012 avail Mem 
--
top - 13:37:40 up 104 days,  5:20,  0 users,  load average: 0.41, 0.29, 0.15
Tasks: 399 total,   1 running, 398 sleeping,   0 stopped,   0 zombie
%Cpu(s):  0.3 us,  0.3 sy,  0.0 ni, 99.4 id,  0.0 wa,  0.0 hi,  0.0 si,  0.0 st
KiB Mem : 65877712 total, 57334260 free,  1997836 used,  6545616 buff/cache
KiB Swap: 33554428 total, 32342180 free,  1212248 used. 62740824 avail Mem 
--
top - 13:37:45 up 104 days,  5:20,  0 users,  load average: 0.38, 0.28, 0.15
Tasks: 399 total,   1 running, 398 sleeping,   0 stopped,   0 zombie
%Cpu(s):  0.1 us,  0.1 sy,  0.0 ni, 99.7 id,  0.0 wa,  0.0 hi,  0.0 si,  0.0 st
KiB Mem : 65877712 total, 57164404 free,  2167692 used,  6545616 buff/cache
KiB Swap: 33554428 total, 32342180 free,  1212248 used. 62570968 avail Mem 
--
top - 13:37:50 up 104 days,  5:20,  0 users,  load average: 0.35, 0.28, 0.15
Tasks: 399 total,   1 running, 398 sleeping,   0 stopped,   0 zombie
%Cpu(s):  0.3 us,  0.2 sy,  0.0 ni, 99.5 id,  0.0 wa,  0.0 hi,  0.0 si,  0.0 st
KiB Mem : 65877712 total, 56734564 free,  2597516 used,  6545632 buff/cache
KiB Swap: 33554428 total, 32342196 free,  1212232 used. 62141128 avail Mem 
--
top - 13:37:55 up 104 days,  5:21,  0 users,  load average: 0.32, 0.27, 0.14
Tasks: 399 total,   1 running, 398 sleeping,   0 stopped,   0 zombie
%Cpu(s):  4.7 us,  1.2 sy,  0.0 ni, 94.0 id,  0.0 wa,  0.0 hi,  0.0 si,  0.0 st
KiB Mem : 65877712 total, 51727960 free,  7604136 used,  6545616 buff/cache
KiB Swap: 33554428 total, 32342196 free,  1212232 used. 57134524 avail Mem 
--
top - 13:38:00 up 104 days,  5:21,  0 users,  load average: 0.46, 0.30, 0.15
Tasks: 406 total,   1 running, 405 sleeping,   0 stopped,   0 zombie
%Cpu(s):  9.6 us,  0.1 sy,  0.0 ni, 90.0 id,  0.2 wa,  0.0 hi,  0.0 si,  0.0 st
KiB Mem : 65877712 total, 51714688 free,  7617408 used,  6545616 buff/cache
KiB Swap: 33554428 total, 32342196 free,  1212232 used. 57121252 avail Mem 
--
top - 13:38:05 up 104 days,  5:21,  0 users,  load average: 0.58, 0.33, 0.16
Tasks: 402 total,   1 running, 401 sleeping,   0 stopped,   0 zombie
%Cpu(s):  7.4 us,  0.1 sy,  0.0 ni, 88.0 id,  4.5 wa,  0.0 hi,  0.0 si,  0.0 st
KiB Mem : 65877712 total, 52556040 free,  6776052 used,  6545620 buff/cache
KiB Swap: 33554428 total, 32342196 free,  1212232 used. 57962608 avail Mem 
--
top - 13:38:10 up 104 days,  5:21,  0 users,  load average: 1.17, 0.46, 0.21
Tasks: 402 total,   1 running, 401 sleeping,   0 stopped,   0 zombie
%Cpu(s):  5.3 us,  0.1 sy,  0.0 ni, 85.5 id,  9.2 wa,  0.0 hi,  0.0 si,  0.0 st
KiB Mem : 65877712 total, 53895400 free,  5436688 used,  6545624 buff/cache
KiB Swap: 33554428 total, 32342196 free,  1212232 used. 59301968 avail Mem 
--
top - 13:38:15 up 104 days,  5:21,  0 users,  load average: 1.64, 0.57, 0.24
Tasks: 401 total,   1 running, 400 sleeping,   0 stopped,   0 zombie
%Cpu(s):  2.6 us,  0.1 sy,  0.0 ni, 93.5 id,  3.7 wa,  0.0 hi,  0.0 si,  0.0 st
KiB Mem : 65877712 total, 56144096 free,  3187992 used,  6545624 buff/cache
KiB Swap: 33554428 total, 32342196 free,  1212232 used. 61550664 avail Mem 
--
top - 13:38:20 up 104 days,  5:21,  0 users,  load average: 1.51, 0.56, 0.24
Tasks: 401 total,   1 running, 400 sleeping,   0 stopped,   0 zombie
%Cpu(s):  0.1 us,  0.1 sy,  0.0 ni, 99.8 id,  0.0 wa,  0.0 hi,  0.0 si,  0.0 st
KiB Mem : 65877712 total, 57053100 free,  2278988 used,  6545624 buff/cache
KiB Swap: 33554428 total, 32342196 free,  1212232 used. 62459676 avail Mem 
--
top - 13:38:25 up 104 days,  5:21,  0 users,  load average: 1.39, 0.55, 0.24
Tasks: 401 total,   1 running, 400 sleeping,   0 stopped,   0 zombie
%Cpu(s):  0.0 us,  0.0 sy,  0.0 ni, 99.9 id,  0.0 wa,  0.0 hi,  0.0 si,  0.0 st
KiB Mem : 65877712 total, 57053184 free,  2278904 used,  6545624 buff/cache
KiB Swap: 33554428 total, 32342196 free,  1212232 used. 62459760 avail Mem 
--
top - 13:38:30 up 104 days,  5:21,  0 users,  load average: 1.28, 0.54, 0.24
Tasks: 401 total,   1 running, 400 sleeping,   0 stopped,   0 zombie
%Cpu(s):  0.0 us,  0.0 sy,  0.0 ni,100.0 id,  0.0 wa,  0.0 hi,  0.0 si,  0.0 st
KiB Mem : 65877712 total, 57054968 free,  2277120 used,  6545624 buff/cache
KiB Swap: 33554428 total, 32342196 free,  1212232 used. 62461544 avail Mem 
--
top - 13:38:35 up 104 days,  5:21,  0 users,  load average: 1.17, 0.53, 0.24
Tasks: 401 total,   1 running, 400 sleeping,   0 stopped,   0 zombie
%Cpu(s):  0.0 us,  0.0 sy,  0.0 ni, 99.9 id,  0.0 wa,  0.0 hi,  0.0 si,  0.0 st
KiB Mem : 65877712 total, 57055944 free,  2276144 used,  6545624 buff/cache
KiB Swap: 33554428 total, 32342196 free,  1212232 used. 62462520 avail Mem 
--
top - 13:38:40 up 104 days,  5:21,  0 users,  load average: 1.08, 0.52, 0.24
Tasks: 401 total,   1 running, 400 sleeping,   0 stopped,   0 zombie
%Cpu(s):  0.0 us,  0.0 sy,  0.0 ni,100.0 id,  0.0 wa,  0.0 hi,  0.0 si,  0.0 st
KiB Mem : 65877712 total, 57055944 free,  2276144 used,  6545624 buff/cache
KiB Swap: 33554428 total, 32342196 free,  1212232 used. 62462520 avail Mem 
--
top - 13:38:45 up 104 days,  5:21,  0 users,  load average: 0.99, 0.51, 0.23
Tasks: 401 total,   1 running, 400 sleeping,   0 stopped,   0 zombie
%Cpu(s):  0.0 us,  0.0 sy,  0.0 ni, 99.9 id,  0.0 wa,  0.0 hi,  0.0 si,  0.0 st
KiB Mem : 65877712 total, 57055448 free,  2276640 used,  6545624 buff/cache
KiB Swap: 33554428 total, 32342196 free,  1212232 used. 62462024 avail Mem 
--
top - 13:38:50 up 104 days,  5:21,  0 users,  load average: 0.91, 0.51, 0.23
Tasks: 401 total,   1 running, 400 sleeping,   0 stopped,   0 zombie
%Cpu(s):  0.0 us,  0.0 sy,  0.0 ni, 99.9 id,  0.0 wa,  0.0 hi,  0.0 si,  0.0 st
KiB Mem : 65877712 total, 57056904 free,  2275184 used,  6545624 buff/cache
KiB Swap: 33554428 total, 32342196 free,  1212232 used. 62463480 avail Mem 
--
top - 13:38:55 up 104 days,  5:22,  0 users,  load average: 0.84, 0.50, 0.23
Tasks: 401 total,   1 running, 400 sleeping,   0 stopped,   0 zombie
%Cpu(s):  0.0 us,  0.0 sy,  0.0 ni, 99.9 id,  0.0 wa,  0.0 hi,  0.0 si,  0.0 st
KiB Mem : 65877712 total, 57056804 free,  2275284 used,  6545624 buff/cache
KiB Swap: 33554428 total, 32342196 free,  1212232 used. 62463380 avail Mem 
--
top - 13:39:00 up 104 days,  5:22,  0 users,  load average: 0.77, 0.49, 0.23
Tasks: 401 total,   1 running, 400 sleeping,   0 stopped,   0 zombie
%Cpu(s):  0.0 us,  0.0 sy,  0.0 ni, 99.9 id,  0.0 wa,  0.0 hi,  0.0 si,  0.0 st
KiB Mem : 65877712 total, 57058636 free,  2273448 used,  6545628 buff/cache
KiB Swap: 33554428 total, 32342196 free,  1212232 used. 62465216 avail Mem 
--
top - 13:39:05 up 104 days,  5:22,  0 users,  load average: 0.71, 0.48, 0.23
Tasks: 401 total,   1 running, 400 sleeping,   0 stopped,   0 zombie
%Cpu(s):  0.0 us,  0.0 sy,  0.0 ni,100.0 id,  0.0 wa,  0.0 hi,  0.0 si,  0.0 st
KiB Mem : 65877712 total, 57058644 free,  2273440 used,  6545628 buff/cache
KiB Swap: 33554428 total, 32342196 free,  1212232 used. 62465224 avail Mem 
--
top - 13:39:10 up 104 days,  5:22,  0 users,  load average: 0.65, 0.47, 0.23
Tasks: 401 total,   1 running, 400 sleeping,   0 stopped,   0 zombie
%Cpu(s):  0.0 us,  0.0 sy,  0.0 ni, 99.1 id,  0.9 wa,  0.0 hi,  0.0 si,  0.0 st
KiB Mem : 65877712 total, 57058644 free,  2273440 used,  6545628 buff/cache
KiB Swap: 33554428 total, 32342196 free,  1212232 used. 62465224 avail Mem 
--
top - 13:39:15 up 104 days,  5:22,  0 users,  load average: 0.92, 0.53, 0.25
Tasks: 402 total,   1 running, 401 sleeping,   0 stopped,   0 zombie
%Cpu(s):  0.0 us,  0.0 sy,  0.0 ni, 91.5 id,  8.5 wa,  0.0 hi,  0.0 si,  0.0 st
KiB Mem : 65877712 total, 57058148 free,  2273936 used,  6545628 buff/cache
KiB Swap: 33554428 total, 32342196 free,  1212232 used. 62464728 avail Mem 
--
top - 13:39:20 up 104 days,  5:22,  0 users,  load average: 1.41, 0.64, 0.28
Tasks: 402 total,   1 running, 401 sleeping,   0 stopped,   0 zombie
%Cpu(s):  0.2 us,  0.2 sy,  0.0 ni, 91.8 id,  7.8 wa,  0.0 hi,  0.0 si,  0.0 st
KiB Mem : 65877712 total, 56876692 free,  2455392 used,  6545628 buff/cache
KiB Swap: 33554428 total, 32342196 free,  1212232 used. 62283272 avail Mem 
--
top - 13:39:25 up 104 days,  5:22,  0 users,  load average: 1.30, 0.63, 0.28
Tasks: 402 total,   1 running, 401 sleeping,   0 stopped,   0 zombie
%Cpu(s):  0.1 us,  0.1 sy,  0.0 ni, 99.8 id,  0.0 wa,  0.0 hi,  0.0 si,  0.0 st
KiB Mem : 65877712 total, 56842736 free,  2489348 used,  6545628 buff/cache
KiB Swap: 33554428 total, 32342196 free,  1212232 used. 62249316 avail Mem 
--
top - 13:39:30 up 104 days,  5:22,  0 users,  load average: 1.19, 0.62, 0.28
Tasks: 402 total,   1 running, 401 sleeping,   0 stopped,   0 zombie
%Cpu(s):  0.1 us,  0.1 sy,  0.0 ni, 99.7 id,  0.0 wa,  0.0 hi,  0.0 si,  0.0 st
KiB Mem : 65877712 total, 56656460 free,  2675624 used,  6545628 buff/cache
KiB Swap: 33554428 total, 32342196 free,  1212232 used. 62063040 avail Mem 
--
top - 13:39:35 up 104 days,  5:22,  0 users,  load average: 1.10, 0.61, 0.28
Tasks: 402 total,   1 running, 401 sleeping,   0 stopped,   0 zombie
%Cpu(s):  0.3 us,  0.2 sy,  0.0 ni, 99.5 id,  0.0 wa,  0.0 hi,  0.0 si,  0.0 st
KiB Mem : 65877712 total, 56262500 free,  3069584 used,  6545628 buff/cache
KiB Swap: 33554428 total, 32342196 free,  1212232 used. 61669080 avail Mem 
--
top - 13:39:40 up 104 days,  5:22,  0 users,  load average: 1.25, 0.65, 0.29
Tasks: 402 total,   1 running, 401 sleeping,   0 stopped,   0 zombie
%Cpu(s):  9.2 us,  0.6 sy,  0.0 ni, 90.2 id,  0.0 wa,  0.0 hi,  0.0 si,  0.0 st
KiB Mem : 65877712 total, 54962692 free,  4369392 used,  6545628 buff/cache
KiB Swap: 33554428 total, 32342196 free,  1212232 used. 60369272 avail Mem 
--
top - 13:39:45 up 104 days,  5:22,  0 users,  load average: 1.23, 0.65, 0.30
Tasks: 402 total,   1 running, 401 sleeping,   0 stopped,   0 zombie
%Cpu(s):  3.1 us,  0.0 sy,  0.0 ni, 96.8 id,  0.0 wa,  0.0 hi,  0.0 si,  0.0 st
KiB Mem : 65877712 total, 54961672 free,  4370412 used,  6545628 buff/cache
KiB Swap: 33554428 total, 32342196 free,  1212232 used. 60368252 avail Mem 
--
top - 13:39:50 up 104 days,  5:22,  0 users,  load average: 1.21, 0.66, 0.30
Tasks: 402 total,   1 running, 401 sleeping,   0 stopped,   0 zombie
%Cpu(s):  0.8 us,  0.1 sy,  0.0 ni, 99.0 id,  0.0 wa,  0.0 hi,  0.0 si,  0.0 st
KiB Mem : 65877712 total, 56812376 free,  2519708 used,  6545628 buff/cache
KiB Swap: 33554428 total, 32342196 free,  1212232 used. 62218956 avail Mem 
--
top - 13:39:55 up 104 days,  5:23,  0 users,  load average: 1.11, 0.65, 0.30
Tasks: 402 total,   1 running, 401 sleeping,   0 stopped,   0 zombie
%Cpu(s):  0.0 us,  0.0 sy,  0.0 ni, 99.9 id,  0.0 wa,  0.0 hi,  0.0 si,  0.0 st
KiB Mem : 65877712 total, 56813652 free,  2518432 used,  6545628 buff/cache
KiB Swap: 33554428 total, 32342196 free,  1212232 used. 62220232 avail Mem 
