10.149.0.34
2023/12/26 14:23:05 Master node address: http://10.149.0.62:8000
2023/12/26 14:23:05 Benchmarking worker...
2023/12/26 14:23:06 Worker registered (1857 MCUPS). Waiting for work...
2023/12/26 14:24:50 Got work. Start calculating alignments...
2023/12/26 14:24:50 Calculating 45 queries
2023/12/26 14:24:55 Done calculating alignments.
2023/12/26 14:24:55 Waiting for work...
2023/12/26 14:26:32 Got work. Start calculating alignments...
2023/12/26 14:26:32 Calculating 45 queries
2023/12/26 14:26:41 Done calculating alignments.
2023/12/26 14:26:41 Waiting for work...
2023/12/26 14:28:26 Got work. Start calculating alignments...
2023/12/26 14:28:26 Calculating 45 queries
2023/12/26 14:28:26 Done calculating alignments.
2023/12/26 14:28:26 Waiting for work...
2023/12/26 14:30:20 Got work. Start calculating alignments...
2023/12/26 14:30:20 Calculating 45 queries
2023/12/26 14:30:22 Done calculating alignments.
2023/12/26 14:30:22 Waiting for work...
2023/12/26 14:32:18 Got work. Start calculating alignments...
2023/12/26 14:32:18 Calculating 44 queries
2023/12/26 14:32:29 Done calculating alignments.
2023/12/26 14:32:29 Waiting for work...
slurmstepd: error: *** JOB 4751407 ON node034 CANCELLED AT 2023-12-26T14:32:41 ***
