Job id: 4751400
Master ip: 10.149.0.62
--
top - 14:23:01 up 104 days,  6:05,  0 users,  load average: 1.09, 0.40, 0.32
Tasks: 397 total,   1 running, 396 sleeping,   0 stopped,   0 zombie
%Cpu(s):  2.2 us,  0.7 sy,  0.0 ni, 97.1 id,  0.0 wa,  0.0 hi,  0.0 si,  0.0 st
KiB Mem : 65877712 total, 53799476 free,  1106324 used, 10971912 buff/cache
KiB Swap: 33554428 total, 32224672 free,  1329756 used. 63591264 avail Mem 
--
top - 14:23:06 up 104 days,  6:05,  0 users,  load average: 1.08, 0.41, 0.33
Tasks: 399 total,   1 running, 398 sleeping,   0 stopped,   0 zombie
%Cpu(s):  0.9 us,  0.2 sy,  0.0 ni, 98.2 id,  0.7 wa,  0.0 hi,  0.0 si,  0.0 st
KiB Mem : 65877712 total, 53761844 free,  1129216 used, 10986652 buff/cache
KiB Swap: 33554428 total, 32224672 free,  1329756 used. 63567964 avail Mem 
--
top - 14:23:11 up 104 days,  6:05,  0 users,  load average: 0.99, 0.40, 0.32
Tasks: 399 total,   1 running, 398 sleeping,   0 stopped,   0 zombie
%Cpu(s):  0.3 us,  0.0 sy,  0.0 ni, 99.7 id,  0.0 wa,  0.0 hi,  0.0 si,  0.0 st
KiB Mem : 65877712 total, 53760368 free,  1130692 used, 10986652 buff/cache
KiB Swap: 33554428 total, 32224672 free,  1329756 used. 63566488 avail Mem 
--
top - 14:23:16 up 104 days,  6:05,  0 users,  load average: 0.91, 0.39, 0.32
Tasks: 399 total,   1 running, 398 sleeping,   0 stopped,   0 zombie
%Cpu(s):  0.3 us,  0.0 sy,  0.0 ni, 99.7 id,  0.0 wa,  0.0 hi,  0.0 si,  0.0 st
KiB Mem : 65877712 total, 53760352 free,  1130708 used, 10986652 buff/cache
KiB Swap: 33554428 total, 32224672 free,  1329756 used. 63566472 avail Mem 
--
top - 14:23:21 up 104 days,  6:05,  0 users,  load average: 0.84, 0.39, 0.32
Tasks: 399 total,   1 running, 398 sleeping,   0 stopped,   0 zombie
%Cpu(s):  0.2 us,  0.0 sy,  0.0 ni, 99.7 id,  0.0 wa,  0.0 hi,  0.0 si,  0.0 st
KiB Mem : 65877712 total, 53760384 free,  1130676 used, 10986652 buff/cache
KiB Swap: 33554428 total, 32224672 free,  1329756 used. 63566504 avail Mem 
--
top - 14:23:26 up 104 days,  6:05,  0 users,  load average: 0.77, 0.38, 0.32
Tasks: 400 total,   1 running, 399 sleeping,   0 stopped,   0 zombie
%Cpu(s):  0.3 us,  0.0 sy,  0.0 ni, 99.7 id,  0.0 wa,  0.0 hi,  0.0 si,  0.0 st
KiB Mem : 65877712 total, 53760368 free,  1130692 used, 10986652 buff/cache
KiB Swap: 33554428 total, 32224672 free,  1329756 used. 63566488 avail Mem 
--
top - 14:23:31 up 104 days,  6:05,  0 users,  load average: 0.71, 0.37, 0.32
Tasks: 400 total,   1 running, 399 sleeping,   0 stopped,   0 zombie
%Cpu(s):  0.3 us,  0.0 sy,  0.0 ni, 99.7 id,  0.0 wa,  0.0 hi,  0.0 si,  0.0 st
KiB Mem : 65877712 total, 53760376 free,  1130684 used, 10986652 buff/cache
KiB Swap: 33554428 total, 32224672 free,  1329756 used. 63566496 avail Mem 
--
top - 14:23:36 up 104 days,  6:05,  0 users,  load average: 0.65, 0.37, 0.32
Tasks: 400 total,   1 running, 399 sleeping,   0 stopped,   0 zombie
%Cpu(s):  0.3 us,  0.0 sy,  0.0 ni, 99.7 id,  0.0 wa,  0.0 hi,  0.0 si,  0.0 st
KiB Mem : 65877712 total, 53759996 free,  1131064 used, 10986652 buff/cache
KiB Swap: 33554428 total, 32224672 free,  1329756 used. 63566116 avail Mem 
--
top - 14:23:41 up 104 days,  6:06,  0 users,  load average: 0.60, 0.36, 0.31
Tasks: 399 total,   2 running, 397 sleeping,   0 stopped,   0 zombie
%Cpu(s):  0.3 us,  0.0 sy,  0.0 ni, 99.7 id,  0.0 wa,  0.0 hi,  0.0 si,  0.0 st
KiB Mem : 65877712 total, 53760584 free,  1130476 used, 10986652 buff/cache
KiB Swap: 33554428 total, 32224672 free,  1329756 used. 63566704 avail Mem 
--
top - 14:23:46 up 104 days,  6:06,  0 users,  load average: 0.63, 0.37, 0.32
Tasks: 399 total,   1 running, 398 sleeping,   0 stopped,   0 zombie
%Cpu(s):  0.3 us,  0.0 sy,  0.0 ni, 99.7 id,  0.0 wa,  0.0 hi,  0.0 si,  0.0 st
KiB Mem : 65877712 total, 53760104 free,  1130956 used, 10986652 buff/cache
KiB Swap: 33554428 total, 32224672 free,  1329756 used. 63566224 avail Mem 
--
top - 14:23:51 up 104 days,  6:06,  0 users,  load average: 0.58, 0.37, 0.32
Tasks: 399 total,   2 running, 397 sleeping,   0 stopped,   0 zombie
%Cpu(s):  0.9 us,  0.1 sy,  0.0 ni, 98.9 id,  0.0 wa,  0.0 hi,  0.0 si,  0.0 st
KiB Mem : 65877712 total, 53666584 free,  1139936 used, 11071192 buff/cache
KiB Swap: 33554428 total, 32224672 free,  1329756 used. 63556360 avail Mem 
--
top - 14:23:56 up 104 days,  6:06,  0 users,  load average: 0.54, 0.36, 0.31
Tasks: 399 total,   2 running, 397 sleeping,   0 stopped,   0 zombie
%Cpu(s):  2.7 us,  0.4 sy,  0.0 ni, 96.6 id,  0.2 wa,  0.0 hi,  0.1 si,  0.0 st
KiB Mem : 65877712 total, 53321908 free,  1140692 used, 11415112 buff/cache
KiB Swap: 33554428 total, 32224672 free,  1329756 used. 63551192 avail Mem 
--
top - 14:24:01 up 104 days,  6:06,  0 users,  load average: 0.57, 0.37, 0.32
Tasks: 399 total,   2 running, 397 sleeping,   0 stopped,   0 zombie
%Cpu(s):  3.1 us,  0.6 sy,  0.0 ni, 95.5 id,  0.7 wa,  0.0 hi,  0.1 si,  0.0 st
KiB Mem : 65877712 total, 52946020 free,  1148068 used, 11783624 buff/cache
KiB Swap: 33554428 total, 32224672 free,  1329756 used. 63538216 avail Mem 
--
top - 14:24:06 up 104 days,  6:06,  0 users,  load average: 0.71, 0.41, 0.33
Tasks: 402 total,   2 running, 400 sleeping,   0 stopped,   0 zombie
%Cpu(s):  2.7 us,  0.5 sy,  0.0 ni, 96.5 id,  0.3 wa,  0.0 hi,  0.1 si,  0.0 st
KiB Mem : 65877712 total, 52514216 free,  1146688 used, 12216808 buff/cache
KiB Swap: 33554428 total, 32224672 free,  1329756 used. 63533828 avail Mem 
--
top - 14:24:11 up 104 days,  6:06,  0 users,  load average: 0.73, 0.42, 0.33
Tasks: 403 total,   2 running, 401 sleeping,   0 stopped,   0 zombie
%Cpu(s):  2.7 us,  0.4 sy,  0.0 ni, 96.8 id,  0.0 wa,  0.0 hi,  0.0 si,  0.0 st
KiB Mem : 65877712 total, 52075904 free,  1146532 used, 12655276 buff/cache
KiB Swap: 33554428 total, 32224672 free,  1329756 used. 63527868 avail Mem 
--
top - 14:24:16 up 104 days,  6:06,  0 users,  load average: 0.76, 0.43, 0.34
Tasks: 404 total,   2 running, 402 sleeping,   0 stopped,   0 zombie
%Cpu(s):  2.7 us,  0.4 sy,  0.0 ni, 96.9 id,  0.0 wa,  0.0 hi,  0.1 si,  0.0 st
KiB Mem : 65877712 total, 51635412 free,  1146684 used, 13095616 buff/cache
KiB Swap: 33554428 total, 32224672 free,  1329756 used. 63522460 avail Mem 
--
top - 14:24:21 up 104 days,  6:06,  0 users,  load average: 0.78, 0.44, 0.34
Tasks: 404 total,   2 running, 402 sleeping,   0 stopped,   0 zombie
%Cpu(s):  2.7 us,  0.4 sy,  0.0 ni, 96.8 id,  0.0 wa,  0.0 hi,  0.1 si,  0.0 st
KiB Mem : 65877712 total, 51183460 free,  1146888 used, 13547364 buff/cache
KiB Swap: 33554428 total, 32224672 free,  1329756 used. 63515356 avail Mem 
--
top - 14:24:26 up 104 days,  6:06,  0 users,  load average: 0.79, 0.45, 0.34
Tasks: 404 total,   1 running, 403 sleeping,   0 stopped,   0 zombie
%Cpu(s):  2.7 us,  0.4 sy,  0.0 ni, 96.8 id,  0.0 wa,  0.0 hi,  0.1 si,  0.0 st
KiB Mem : 65877712 total, 50757260 free,  1148300 used, 13972152 buff/cache
KiB Swap: 33554428 total, 32224672 free,  1329756 used. 63508692 avail Mem 
--
top - 14:24:32 up 104 days,  6:06,  0 users,  load average: 0.81, 0.45, 0.35
Tasks: 404 total,   2 running, 402 sleeping,   0 stopped,   0 zombie
%Cpu(s):  2.0 us,  1.1 sy,  0.0 ni, 96.8 id,  0.0 wa,  0.0 hi,  0.0 si,  0.0 st
KiB Mem : 65877712 total, 48195348 free,  3509932 used, 14172432 buff/cache
KiB Swap: 33554428 total, 32224672 free,  1329756 used. 61144236 avail Mem 
--
top - 14:24:37 up 104 days,  6:06,  0 users,  load average: 0.91, 0.48, 0.36
Tasks: 403 total,   2 running, 401 sleeping,   0 stopped,   0 zombie
%Cpu(s):  2.4 us,  1.2 sy,  0.0 ni, 94.3 id,  2.1 wa,  0.0 hi,  0.0 si,  0.0 st
KiB Mem : 65877712 total, 47981752 free,  5263908 used, 12632052 buff/cache
KiB Swap: 33554428 total, 32224672 free,  1329756 used. 59410616 avail Mem 
--
top - 14:24:42 up 104 days,  6:07,  0 users,  load average: 1.47, 0.61, 0.40
Tasks: 404 total,   2 running, 402 sleeping,   0 stopped,   0 zombie
%Cpu(s):  2.5 us,  0.9 sy,  0.0 ni, 85.2 id, 11.4 wa,  0.0 hi,  0.0 si,  0.0 st
KiB Mem : 65877712 total, 49416700 free,  5392476 used, 11068536 buff/cache
KiB Swap: 33554428 total, 32224672 free,  1329756 used. 59303612 avail Mem 
--
top - 14:24:47 up 104 days,  6:07,  0 users,  load average: 1.44, 0.61, 0.40
Tasks: 404 total,   2 running, 402 sleeping,   0 stopped,   0 zombie
%Cpu(s):  2.6 us,  0.6 sy,  0.0 ni, 86.4 id, 10.4 wa,  0.0 hi,  0.0 si,  0.0 st
KiB Mem : 65877712 total, 49993008 free,  4896612 used, 10988092 buff/cache
KiB Swap: 33554428 total, 32224672 free,  1329756 used. 59800756 avail Mem 
--
top - 14:24:52 up 104 days,  6:07,  0 users,  load average: 1.40, 0.62, 0.40
Tasks: 404 total,   2 running, 402 sleeping,   0 stopped,   0 zombie
%Cpu(s):  2.6 us,  0.6 sy,  0.0 ni, 96.8 id,  0.0 wa,  0.0 hi,  0.0 si,  0.0 st
KiB Mem : 65877712 total, 49342364 free,  5547876 used, 10987472 buff/cache
KiB Swap: 33554428 total, 32224672 free,  1329756 used. 59148940 avail Mem 
--
top - 14:24:57 up 104 days,  6:07,  0 users,  load average: 1.29, 0.61, 0.40
Tasks: 404 total,   1 running, 403 sleeping,   0 stopped,   0 zombie
%Cpu(s):  1.5 us,  0.4 sy,  0.0 ni, 98.1 id,  0.0 wa,  0.0 hi,  0.0 si,  0.0 st
KiB Mem : 65877712 total, 50346116 free,  4544060 used, 10987536 buff/cache
KiB Swap: 33554428 total, 32224672 free,  1329756 used. 60152732 avail Mem 
--
top - 14:25:02 up 104 days,  6:07,  0 users,  load average: 1.19, 0.60, 0.40
Tasks: 404 total,   1 running, 403 sleeping,   0 stopped,   0 zombie
%Cpu(s):  0.3 us,  0.0 sy,  0.0 ni, 99.6 id,  0.0 wa,  0.0 hi,  0.0 si,  0.0 st
KiB Mem : 65877712 total, 50346580 free,  4543596 used, 10987536 buff/cache
KiB Swap: 33554428 total, 32224672 free,  1329756 used. 60153196 avail Mem 
--
top - 14:25:07 up 104 days,  6:07,  0 users,  load average: 1.09, 0.59, 0.40
Tasks: 403 total,   1 running, 402 sleeping,   0 stopped,   0 zombie
%Cpu(s):  0.4 us,  0.0 sy,  0.0 ni, 99.6 id,  0.0 wa,  0.0 hi,  0.0 si,  0.0 st
KiB Mem : 65877712 total, 50346844 free,  4543332 used, 10987536 buff/cache
KiB Swap: 33554428 total, 32224672 free,  1329756 used. 60153460 avail Mem 
--
top - 14:25:12 up 104 days,  6:07,  0 users,  load average: 1.00, 0.58, 0.40
Tasks: 403 total,   1 running, 402 sleeping,   0 stopped,   0 zombie
%Cpu(s):  0.5 us,  0.0 sy,  0.0 ni, 99.5 id,  0.0 wa,  0.0 hi,  0.0 si,  0.0 st
KiB Mem : 65877712 total, 50347904 free,  4542272 used, 10987536 buff/cache
KiB Swap: 33554428 total, 32224672 free,  1329756 used. 60154520 avail Mem 
--
top - 14:25:17 up 104 days,  6:07,  0 users,  load average: 0.92, 0.57, 0.39
Tasks: 402 total,   1 running, 401 sleeping,   0 stopped,   0 zombie
%Cpu(s):  0.4 us,  0.0 sy,  0.0 ni, 99.5 id,  0.0 wa,  0.0 hi,  0.0 si,  0.0 st
KiB Mem : 65877712 total, 50348460 free,  4541716 used, 10987536 buff/cache
KiB Swap: 33554428 total, 32224672 free,  1329756 used. 60155076 avail Mem 
--
top - 14:25:22 up 104 days,  6:07,  0 users,  load average: 0.85, 0.56, 0.39
Tasks: 402 total,   1 running, 401 sleeping,   0 stopped,   0 zombie
%Cpu(s):  0.2 us,  0.0 sy,  0.0 ni, 99.7 id,  0.0 wa,  0.0 hi,  0.0 si,  0.0 st
KiB Mem : 65877712 total, 50348360 free,  4541816 used, 10987536 buff/cache
KiB Swap: 33554428 total, 32224672 free,  1329756 used. 60154976 avail Mem 
--
top - 14:25:27 up 104 days,  6:07,  0 users,  load average: 0.86, 0.57, 0.40
Tasks: 402 total,   1 running, 401 sleeping,   0 stopped,   0 zombie
%Cpu(s):  0.3 us,  0.0 sy,  0.0 ni, 99.7 id,  0.0 wa,  0.0 hi,  0.0 si,  0.0 st
KiB Mem : 65877712 total, 50348376 free,  4541800 used, 10987536 buff/cache
KiB Swap: 33554428 total, 32224672 free,  1329756 used. 60154992 avail Mem 
--
top - 14:25:32 up 104 days,  6:07,  0 users,  load average: 0.79, 0.56, 0.39
Tasks: 402 total,   2 running, 400 sleeping,   0 stopped,   0 zombie
%Cpu(s):  0.3 us,  0.0 sy,  0.0 ni, 99.7 id,  0.0 wa,  0.0 hi,  0.0 si,  0.0 st
KiB Mem : 65877712 total, 50348188 free,  4541988 used, 10987536 buff/cache
KiB Swap: 33554428 total, 32224672 free,  1329756 used. 60154804 avail Mem 
--
top - 14:25:37 up 104 days,  6:07,  0 users,  load average: 0.81, 0.56, 0.40
Tasks: 402 total,   2 running, 400 sleeping,   0 stopped,   0 zombie
%Cpu(s):  1.0 us,  0.1 sy,  0.0 ni, 98.8 id,  0.0 wa,  0.0 hi,  0.0 si,  0.0 st
KiB Mem : 65877712 total, 50219728 free,  4546856 used, 11111128 buff/cache
KiB Swap: 33554428 total, 32224672 free,  1329756 used. 60148352 avail Mem 
--
top - 14:25:42 up 104 days,  6:08,  0 users,  load average: 0.82, 0.57, 0.40
Tasks: 402 total,   2 running, 400 sleeping,   0 stopped,   0 zombie
%Cpu(s):  2.6 us,  0.5 sy,  0.0 ni, 96.8 id,  0.0 wa,  0.0 hi,  0.1 si,  0.0 st
KiB Mem : 65877712 total, 49786980 free,  4545932 used, 11544800 buff/cache
KiB Swap: 33554428 total, 32224672 free,  1329756 used. 60143152 avail Mem 
--
top - 14:25:47 up 104 days,  6:08,  0 users,  load average: 0.84, 0.58, 0.40
Tasks: 402 total,   2 running, 400 sleeping,   0 stopped,   0 zombie
%Cpu(s):  2.6 us,  0.5 sy,  0.0 ni, 96.8 id,  0.0 wa,  0.0 hi,  0.1 si,  0.0 st
KiB Mem : 65877712 total, 49338804 free,  4544264 used, 11994644 buff/cache
KiB Swap: 33554428 total, 32224672 free,  1329756 used. 60138788 avail Mem 
--
top - 14:25:52 up 104 days,  6:08,  0 users,  load average: 0.85, 0.59, 0.41
Tasks: 402 total,   1 running, 401 sleeping,   0 stopped,   0 zombie
%Cpu(s):  2.7 us,  0.4 sy,  0.0 ni, 96.8 id,  0.0 wa,  0.0 hi,  0.1 si,  0.0 st
KiB Mem : 65877712 total, 48892172 free,  4544108 used, 12441432 buff/cache
KiB Swap: 33554428 total, 32224672 free,  1329756 used. 60132848 avail Mem 
--
top - 14:25:57 up 104 days,  6:08,  0 users,  load average: 0.86, 0.59, 0.41
Tasks: 402 total,   2 running, 400 sleeping,   0 stopped,   0 zombie
%Cpu(s):  2.6 us,  0.5 sy,  0.0 ni, 96.8 id,  0.0 wa,  0.0 hi,  0.1 si,  0.0 st
KiB Mem : 65877712 total, 48446532 free,  4543200 used, 12887980 buff/cache
KiB Swap: 33554428 total, 32224672 free,  1329756 used. 60127528 avail Mem 
--
top - 14:26:02 up 104 days,  6:08,  0 users,  load average: 0.87, 0.60, 0.41
Tasks: 405 total,   2 running, 403 sleeping,   0 stopped,   0 zombie
%Cpu(s):  3.0 us,  0.6 sy,  0.0 ni, 95.9 id,  0.4 wa,  0.0 hi,  0.1 si,  0.0 st
KiB Mem : 65877712 total, 47978684 free,  4549280 used, 13349748 buff/cache
KiB Swap: 33554428 total, 32224672 free,  1329756 used. 60115484 avail Mem 
--
top - 14:26:07 up 104 days,  6:08,  0 users,  load average: 0.88, 0.61, 0.42
Tasks: 405 total,   2 running, 403 sleeping,   0 stopped,   0 zombie
%Cpu(s):  2.7 us,  0.5 sy,  0.0 ni, 96.3 id,  0.4 wa,  0.0 hi,  0.1 si,  0.0 st
KiB Mem : 65877712 total, 47520308 free,  4548220 used, 13809184 buff/cache
KiB Swap: 33554428 total, 32224672 free,  1329756 used. 60110484 avail Mem 
--
top - 14:26:12 up 104 days,  6:08,  0 users,  load average: 0.97, 0.63, 0.43
Tasks: 405 total,   2 running, 403 sleeping,   0 stopped,   0 zombie
%Cpu(s):  2.7 us,  0.4 sy,  0.0 ni, 96.5 id,  0.3 wa,  0.0 hi,  0.1 si,  0.0 st
KiB Mem : 65877712 total, 47158556 free,  4547828 used, 14171328 buff/cache
KiB Swap: 33554428 total, 32224672 free,  1329756 used. 60106056 avail Mem 
--
top - 14:26:17 up 104 days,  6:08,  0 users,  load average: 0.90, 0.62, 0.42
Tasks: 405 total,   2 running, 403 sleeping,   0 stopped,   0 zombie
%Cpu(s):  1.7 us,  1.8 sy,  0.0 ni, 96.0 id,  0.6 wa,  0.0 hi,  0.0 si,  0.0 st
KiB Mem : 65877712 total, 44768720 free,  8331996 used, 12776996 buff/cache
KiB Swap: 33554428 total, 32224672 free,  1329756 used. 56340628 avail Mem 
--
top - 14:26:22 up 104 days,  6:08,  0 users,  load average: 0.90, 0.63, 0.43
Tasks: 405 total,   2 running, 403 sleeping,   0 stopped,   0 zombie
%Cpu(s):  2.6 us,  0.7 sy,  0.0 ni, 96.6 id,  0.0 wa,  0.0 hi,  0.0 si,  0.0 st
KiB Mem : 65877712 total, 45219068 free,  9150628 used, 11508016 buff/cache
KiB Swap: 33554428 total, 32224672 free,  1329756 used. 55539224 avail Mem 
--
top - 14:26:27 up 104 days,  6:08,  0 users,  load average: 0.91, 0.63, 0.43
Tasks: 405 total,   2 running, 403 sleeping,   0 stopped,   0 zombie
%Cpu(s):  2.5 us,  0.8 sy,  0.0 ni, 96.7 id,  0.0 wa,  0.0 hi,  0.0 si,  0.0 st
KiB Mem : 65877712 total, 46376020 free,  8513648 used, 10988044 buff/cache
KiB Swap: 33554428 total, 32224672 free,  1329756 used. 56183216 avail Mem 
--
top - 14:26:32 up 104 days,  6:08,  0 users,  load average: 0.92, 0.64, 0.43
Tasks: 405 total,   2 running, 403 sleeping,   0 stopped,   0 zombie
%Cpu(s):  2.6 us,  0.6 sy,  0.0 ni, 96.8 id,  0.0 wa,  0.0 hi,  0.0 si,  0.0 st
KiB Mem : 65877712 total, 47133188 free,  7757052 used, 10987472 buff/cache
KiB Swap: 33554428 total, 32224672 free,  1329756 used. 56939768 avail Mem 
--
top - 14:26:37 up 104 days,  6:08,  0 users,  load average: 0.92, 0.64, 0.43
Tasks: 405 total,   1 running, 404 sleeping,   0 stopped,   0 zombie
%Cpu(s):  2.5 us,  0.4 sy,  0.0 ni, 97.1 id,  0.0 wa,  0.0 hi,  0.0 si,  0.0 st
KiB Mem : 65877712 total, 47111068 free,  7779136 used, 10987508 buff/cache
KiB Swap: 33554428 total, 32224672 free,  1329756 used. 56917668 avail Mem 
--
top - 14:26:42 up 104 days,  6:09,  0 users,  load average: 0.93, 0.65, 0.44
Tasks: 405 total,   1 running, 404 sleeping,   0 stopped,   0 zombie
%Cpu(s):  0.3 us,  0.0 sy,  0.0 ni, 99.7 id,  0.0 wa,  0.0 hi,  0.0 si,  0.0 st
KiB Mem : 65877712 total, 47111700 free,  7778504 used, 10987508 buff/cache
KiB Swap: 33554428 total, 32224672 free,  1329756 used. 56918300 avail Mem 
--
top - 14:26:47 up 104 days,  6:09,  0 users,  load average: 0.86, 0.64, 0.44
Tasks: 405 total,   2 running, 403 sleeping,   0 stopped,   0 zombie
%Cpu(s):  0.3 us,  0.0 sy,  0.0 ni, 99.6 id,  0.0 wa,  0.0 hi,  0.0 si,  0.0 st
KiB Mem : 65877712 total, 47110912 free,  7779292 used, 10987508 buff/cache
KiB Swap: 33554428 total, 32224672 free,  1329756 used. 56917512 avail Mem 
--
top - 14:26:52 up 104 days,  6:09,  0 users,  load average: 0.79, 0.63, 0.43
Tasks: 405 total,   1 running, 404 sleeping,   0 stopped,   0 zombie
%Cpu(s):  0.4 us,  0.0 sy,  0.0 ni, 99.6 id,  0.0 wa,  0.0 hi,  0.0 si,  0.0 st
KiB Mem : 65877712 total, 47110404 free,  7779800 used, 10987508 buff/cache
KiB Swap: 33554428 total, 32224672 free,  1329756 used. 56917004 avail Mem 
--
top - 14:26:57 up 104 days,  6:09,  0 users,  load average: 0.72, 0.62, 0.43
Tasks: 405 total,   1 running, 404 sleeping,   0 stopped,   0 zombie
%Cpu(s):  0.5 us,  0.0 sy,  0.0 ni, 99.5 id,  0.0 wa,  0.0 hi,  0.0 si,  0.0 st
KiB Mem : 65877712 total, 47110280 free,  7779924 used, 10987508 buff/cache
KiB Swap: 33554428 total, 32224672 free,  1329756 used. 56916880 avail Mem 
--
top - 14:27:02 up 104 days,  6:09,  0 users,  load average: 0.67, 0.61, 0.43
Tasks: 403 total,   1 running, 402 sleeping,   0 stopped,   0 zombie
%Cpu(s):  0.4 us,  0.0 sy,  0.0 ni, 99.6 id,  0.0 wa,  0.0 hi,  0.0 si,  0.0 st
KiB Mem : 65877712 total, 47109968 free,  7780236 used, 10987508 buff/cache
KiB Swap: 33554428 total, 32224672 free,  1329756 used. 56916568 avail Mem 
--
top - 14:27:07 up 104 days,  6:09,  0 users,  load average: 0.61, 0.60, 0.43
Tasks: 403 total,   1 running, 402 sleeping,   0 stopped,   0 zombie
%Cpu(s):  0.3 us,  0.0 sy,  0.0 ni, 99.7 id,  0.0 wa,  0.0 hi,  0.0 si,  0.0 st
KiB Mem : 65877712 total, 47110368 free,  7779836 used, 10987508 buff/cache
KiB Swap: 33554428 total, 32224672 free,  1329756 used. 56916968 avail Mem 
--
top - 14:27:12 up 104 days,  6:09,  0 users,  load average: 0.64, 0.60, 0.43
Tasks: 403 total,   2 running, 401 sleeping,   0 stopped,   0 zombie
%Cpu(s):  0.3 us,  0.0 sy,  0.0 ni, 99.7 id,  0.0 wa,  0.0 hi,  0.0 si,  0.0 st
KiB Mem : 65877712 total, 47110776 free,  7779428 used, 10987508 buff/cache
KiB Swap: 33554428 total, 32224672 free,  1329756 used. 56917376 avail Mem 
--
top - 14:27:17 up 104 days,  6:09,  0 users,  load average: 0.59, 0.59, 0.43
Tasks: 403 total,   1 running, 402 sleeping,   0 stopped,   0 zombie
%Cpu(s):  0.2 us,  0.0 sy,  0.0 ni, 99.7 id,  0.0 wa,  0.0 hi,  0.0 si,  0.0 st
KiB Mem : 65877712 total, 47111240 free,  7778964 used, 10987508 buff/cache
KiB Swap: 33554428 total, 32224672 free,  1329756 used. 56917840 avail Mem 
--
top - 14:27:22 up 104 days,  6:09,  0 users,  load average: 0.62, 0.60, 0.43
Tasks: 403 total,   2 running, 401 sleeping,   0 stopped,   0 zombie
%Cpu(s):  2.7 us,  0.3 sy,  0.0 ni, 96.9 id,  0.0 wa,  0.0 hi,  0.1 si,  0.0 st
KiB Mem : 65877712 total, 46780376 free,  7784360 used, 11312976 buff/cache
KiB Swap: 33554428 total, 32224672 free,  1329756 used. 56908044 avail Mem 
--
top - 14:27:27 up 104 days,  6:09,  0 users,  load average: 0.66, 0.61, 0.43
Tasks: 403 total,   2 running, 401 sleeping,   0 stopped,   0 zombie
%Cpu(s):  2.8 us,  0.3 sy,  0.0 ni, 96.8 id,  0.0 wa,  0.0 hi,  0.1 si,  0.0 st
KiB Mem : 65877712 total, 46444400 free,  7783568 used, 11649744 buff/cache
KiB Swap: 33554428 total, 32224672 free,  1329756 used. 56904240 avail Mem 
--
top - 14:27:32 up 104 days,  6:09,  0 users,  load average: 0.68, 0.61, 0.43
Tasks: 403 total,   2 running, 401 sleeping,   0 stopped,   0 zombie
%Cpu(s):  2.8 us,  0.3 sy,  0.0 ni, 96.8 id,  0.0 wa,  0.0 hi,  0.1 si,  0.0 st
KiB Mem : 65877712 total, 46114696 free,  7783252 used, 11979764 buff/cache
KiB Swap: 33554428 total, 32224672 free,  1329756 used. 56900168 avail Mem 
--
top - 14:27:37 up 104 days,  6:09,  0 users,  load average: 0.71, 0.62, 0.44
Tasks: 403 total,   2 running, 401 sleeping,   0 stopped,   0 zombie
%Cpu(s):  2.8 us,  0.3 sy,  0.0 ni, 96.8 id,  0.0 wa,  0.0 hi,  0.1 si,  0.0 st
KiB Mem : 65877712 total, 45792828 free,  7783392 used, 12301492 buff/cache
KiB Swap: 33554428 total, 32224672 free,  1329756 used. 56896112 avail Mem 
--
top - 14:27:42 up 104 days,  6:10,  0 users,  load average: 0.89, 0.66, 0.45
Tasks: 403 total,   2 running, 401 sleeping,   0 stopped,   0 zombie
%Cpu(s):  2.8 us,  0.4 sy,  0.0 ni, 96.8 id,  0.0 wa,  0.0 hi,  0.1 si,  0.0 st
KiB Mem : 65877712 total, 45440596 free,  7783500 used, 12653616 buff/cache
KiB Swap: 33554428 total, 32224672 free,  1329756 used. 56890764 avail Mem 
--
top - 14:27:47 up 104 days,  6:10,  0 users,  load average: 0.90, 0.67, 0.45
Tasks: 403 total,   2 running, 401 sleeping,   0 stopped,   0 zombie
%Cpu(s):  2.8 us,  0.3 sy,  0.0 ni, 96.8 id,  0.0 wa,  0.0 hi,  0.1 si,  0.0 st
KiB Mem : 65877712 total, 45098332 free,  7782692 used, 12996688 buff/cache
KiB Swap: 33554428 total, 32224672 free,  1329756 used. 56886996 avail Mem 
--
top - 14:27:52 up 104 days,  6:10,  0 users,  load average: 0.91, 0.67, 0.46
Tasks: 403 total,   2 running, 401 sleeping,   0 stopped,   0 zombie
%Cpu(s):  2.7 us,  0.4 sy,  0.0 ni, 96.4 id,  0.3 wa,  0.0 hi,  0.1 si,  0.0 st
KiB Mem : 65877712 total, 44742016 free,  7782660 used, 13353036 buff/cache
KiB Swap: 33554428 total, 32224672 free,  1329756 used. 56882516 avail Mem 
--
top - 14:27:57 up 104 days,  6:10,  0 users,  load average: 0.92, 0.68, 0.46
Tasks: 403 total,   2 running, 401 sleeping,   0 stopped,   0 zombie
%Cpu(s):  2.7 us,  0.4 sy,  0.0 ni, 96.4 id,  0.4 wa,  0.0 hi,  0.1 si,  0.0 st
KiB Mem : 65877712 total, 44407528 free,  7780788 used, 13689396 buff/cache
KiB Swap: 33554428 total, 32224672 free,  1329756 used. 56879284 avail Mem 
--
top - 14:28:02 up 104 days,  6:10,  0 users,  load average: 1.08, 0.72, 0.47
Tasks: 408 total,   2 running, 406 sleeping,   0 stopped,   0 zombie
%Cpu(s):  3.2 us,  0.7 sy,  0.0 ni, 93.3 id,  2.9 wa,  0.0 hi,  0.0 si,  0.0 st
KiB Mem : 65877712 total, 44065824 free,  7790984 used, 14020904 buff/cache
KiB Swap: 33554428 total, 32224672 free,  1329756 used. 56864856 avail Mem 
--
top - 14:28:07 up 104 days,  6:10,  0 users,  load average: 1.08, 0.72, 0.48
Tasks: 402 total,   2 running, 400 sleeping,   0 stopped,   0 zombie
%Cpu(s):  2.2 us,  1.0 sy,  0.0 ni, 96.5 id,  0.3 wa,  0.0 hi,  0.0 si,  0.0 st
KiB Mem : 65877712 total, 42147488 free,  9558196 used, 14172028 buff/cache
KiB Swap: 33554428 total, 32224672 free,  1329756 used. 55095732 avail Mem 
--
top - 14:28:12 up 104 days,  6:10,  0 users,  load average: 1.07, 0.72, 0.48
Tasks: 402 total,   2 running, 400 sleeping,   0 stopped,   0 zombie
%Cpu(s):  2.3 us,  1.2 sy,  0.0 ni, 96.1 id,  0.4 wa,  0.0 hi,  0.0 si,  0.0 st
KiB Mem : 65877712 total, 41668720 free, 11850836 used, 12358156 buff/cache
KiB Swap: 33554428 total, 32224672 free,  1329756 used. 52827452 avail Mem 
--
top - 14:28:17 up 104 days,  6:10,  0 users,  load average: 1.06, 0.73, 0.48
Tasks: 402 total,   2 running, 400 sleeping,   0 stopped,   0 zombie
%Cpu(s):  2.5 us,  0.9 sy,  0.0 ni, 96.6 id,  0.0 wa,  0.0 hi,  0.0 si,  0.0 st
KiB Mem : 65877712 total, 43108916 free, 11696056 used, 11072740 buff/cache
KiB Swap: 33554428 total, 32224672 free,  1329756 used. 52999084 avail Mem 
--
top - 14:28:22 up 104 days,  6:10,  0 users,  load average: 1.06, 0.73, 0.49
Tasks: 402 total,   2 running, 400 sleeping,   0 stopped,   0 zombie
%Cpu(s):  2.6 us,  0.6 sy,  0.0 ni, 96.8 id,  0.0 wa,  0.0 hi,  0.0 si,  0.0 st
KiB Mem : 65877712 total, 42214244 free, 12630480 used, 11032988 buff/cache
KiB Swap: 33554428 total, 32224672 free,  1329756 used. 52066056 avail Mem 
--
top - 14:28:27 up 104 days,  6:10,  0 users,  load average: 1.05, 0.74, 0.49
Tasks: 401 total,   2 running, 399 sleeping,   0 stopped,   0 zombie
%Cpu(s):  2.5 us,  0.7 sy,  0.0 ni, 96.8 id,  0.0 wa,  0.0 hi,  0.0 si,  0.0 st
KiB Mem : 65877712 total, 43677884 free, 11212296 used, 10987532 buff/cache
KiB Swap: 33554428 total, 32224672 free,  1329756 used. 53484504 avail Mem 
--
top - 14:28:32 up 104 days,  6:10,  0 users,  load average: 0.97, 0.73, 0.49
Tasks: 401 total,   1 running, 400 sleeping,   0 stopped,   0 zombie
%Cpu(s):  1.2 us,  0.3 sy,  0.0 ni, 98.5 id,  0.0 wa,  0.0 hi,  0.0 si,  0.0 st
KiB Mem : 65877712 total, 43870456 free, 11019692 used, 10987564 buff/cache
KiB Swap: 33554428 total, 32224672 free,  1329756 used. 53677108 avail Mem 
--
top - 14:28:38 up 104 days,  6:10,  0 users,  load average: 0.89, 0.71, 0.48
Tasks: 401 total,   1 running, 400 sleeping,   0 stopped,   0 zombie
%Cpu(s):  0.2 us,  0.0 sy,  0.0 ni, 99.7 id,  0.0 wa,  0.0 hi,  0.0 si,  0.0 st
KiB Mem : 65877712 total, 43869952 free, 11020196 used, 10987564 buff/cache
KiB Swap: 33554428 total, 32224672 free,  1329756 used. 53676604 avail Mem 
--
top - 14:28:43 up 104 days,  6:11,  0 users,  load average: 0.82, 0.70, 0.48
Tasks: 401 total,   2 running, 399 sleeping,   0 stopped,   0 zombie
%Cpu(s):  0.3 us,  0.0 sy,  0.0 ni, 99.7 id,  0.0 wa,  0.0 hi,  0.0 si,  0.0 st
KiB Mem : 65877712 total, 43870412 free, 11019736 used, 10987564 buff/cache
KiB Swap: 33554428 total, 32224672 free,  1329756 used. 53677064 avail Mem 
--
top - 14:28:48 up 104 days,  6:11,  0 users,  load average: 0.75, 0.69, 0.48
Tasks: 401 total,   1 running, 400 sleeping,   0 stopped,   0 zombie
%Cpu(s):  0.4 us,  0.0 sy,  0.0 ni, 99.5 id,  0.0 wa,  0.0 hi,  0.0 si,  0.0 st
KiB Mem : 65877712 total, 43869816 free, 11020332 used, 10987564 buff/cache
KiB Swap: 33554428 total, 32224672 free,  1329756 used. 53676472 avail Mem 
--
top - 14:28:53 up 104 days,  6:11,  0 users,  load average: 0.69, 0.68, 0.48
Tasks: 401 total,   1 running, 400 sleeping,   0 stopped,   0 zombie
%Cpu(s):  0.4 us,  0.0 sy,  0.0 ni, 99.6 id,  0.0 wa,  0.0 hi,  0.0 si,  0.0 st
KiB Mem : 65877712 total, 43869564 free, 11020584 used, 10987564 buff/cache
KiB Swap: 33554428 total, 32224672 free,  1329756 used. 53676220 avail Mem 
--
top - 14:28:58 up 104 days,  6:11,  0 users,  load average: 0.64, 0.67, 0.47
Tasks: 401 total,   1 running, 400 sleeping,   0 stopped,   0 zombie
%Cpu(s):  0.3 us,  0.0 sy,  0.0 ni, 99.7 id,  0.0 wa,  0.0 hi,  0.0 si,  0.0 st
KiB Mem : 65877712 total, 43870020 free, 11020128 used, 10987564 buff/cache
KiB Swap: 33554428 total, 32224672 free,  1329756 used. 53676676 avail Mem 
--
top - 14:29:03 up 104 days,  6:11,  0 users,  load average: 0.59, 0.66, 0.47
Tasks: 400 total,   1 running, 399 sleeping,   0 stopped,   0 zombie
%Cpu(s):  0.3 us,  0.0 sy,  0.0 ni, 99.7 id,  0.0 wa,  0.0 hi,  0.0 si,  0.0 st
KiB Mem : 65877712 total, 43870288 free, 11019860 used, 10987564 buff/cache
KiB Swap: 33554428 total, 32224672 free,  1329756 used. 53676944 avail Mem 
--
top - 14:29:08 up 104 days,  6:11,  0 users,  load average: 0.54, 0.65, 0.47
Tasks: 397 total,   1 running, 396 sleeping,   0 stopped,   0 zombie
%Cpu(s):  0.3 us,  0.0 sy,  0.0 ni, 99.7 id,  0.0 wa,  0.0 hi,  0.0 si,  0.0 st
KiB Mem : 65877712 total, 43870764 free, 11019384 used, 10987564 buff/cache
KiB Swap: 33554428 total, 32224672 free,  1329756 used. 53677420 avail Mem 
--
top - 14:29:13 up 104 days,  6:11,  0 users,  load average: 0.58, 0.65, 0.47
Tasks: 397 total,   2 running, 395 sleeping,   0 stopped,   0 zombie
%Cpu(s):  2.3 us,  0.3 sy,  0.0 ni, 97.4 id,  0.0 wa,  0.0 hi,  0.0 si,  0.0 st
KiB Mem : 65877712 total, 43591440 free, 11025336 used, 11260936 buff/cache
KiB Swap: 33554428 total, 32224672 free,  1329756 used. 53668248 avail Mem 
--
top - 14:29:18 up 104 days,  6:11,  0 users,  load average: 0.61, 0.66, 0.47
Tasks: 397 total,   2 running, 395 sleeping,   0 stopped,   0 zombie
%Cpu(s):  2.8 us,  0.3 sy,  0.0 ni, 96.8 id,  0.0 wa,  0.0 hi,  0.1 si,  0.0 st
KiB Mem : 65877712 total, 43250660 free, 11023956 used, 11603096 buff/cache
KiB Swap: 33554428 total, 32224672 free,  1329756 used. 53664036 avail Mem 
--
top - 14:29:23 up 104 days,  6:11,  0 users,  load average: 0.64, 0.66, 0.48
Tasks: 397 total,   2 running, 395 sleeping,   0 stopped,   0 zombie
%Cpu(s):  2.8 us,  0.3 sy,  0.0 ni, 96.8 id,  0.0 wa,  0.0 hi,  0.1 si,  0.0 st
KiB Mem : 65877712 total, 42925740 free, 11024920 used, 11927052 buff/cache
KiB Swap: 33554428 total, 32224672 free,  1329756 used. 53659056 avail Mem 
--
top - 14:29:28 up 104 days,  6:11,  0 users,  load average: 0.67, 0.67, 0.48
Tasks: 397 total,   2 running, 395 sleeping,   0 stopped,   0 zombie
%Cpu(s):  2.8 us,  0.3 sy,  0.0 ni, 96.8 id,  0.0 wa,  0.0 hi,  0.1 si,  0.0 st
KiB Mem : 65877712 total, 42600148 free, 11024240 used, 12253324 buff/cache
KiB Swap: 33554428 total, 32224672 free,  1329756 used. 53655308 avail Mem 
--
top - 14:29:33 up 104 days,  6:11,  0 users,  load average: 0.70, 0.67, 0.48
Tasks: 397 total,   1 running, 396 sleeping,   0 stopped,   0 zombie
%Cpu(s):  2.8 us,  0.3 sy,  0.0 ni, 96.8 id,  0.0 wa,  0.0 hi,  0.1 si,  0.0 st
KiB Mem : 65877712 total, 42257128 free, 11023924 used, 12596660 buff/cache
KiB Swap: 33554428 total, 32224672 free,  1329756 used. 53651108 avail Mem 
--
top - 14:29:38 up 104 days,  6:11,  0 users,  load average: 0.72, 0.68, 0.49
Tasks: 396 total,   2 running, 394 sleeping,   0 stopped,   0 zombie
%Cpu(s):  2.8 us,  0.3 sy,  0.0 ni, 96.8 id,  0.0 wa,  0.0 hi,  0.1 si,  0.0 st
KiB Mem : 65877712 total, 41911064 free, 11024872 used, 12941776 buff/cache
KiB Swap: 33554428 total, 32224672 free,  1329756 used. 53646024 avail Mem 
--
top - 14:29:43 up 104 days,  6:12,  0 users,  load average: 0.74, 0.68, 0.49
Tasks: 397 total,   1 running, 396 sleeping,   0 stopped,   0 zombie
%Cpu(s):  2.8 us,  0.4 sy,  0.0 ni, 96.4 id,  0.4 wa,  0.0 hi,  0.1 si,  0.0 st
KiB Mem : 65877712 total, 41557908 free, 11024332 used, 13295472 buff/cache
KiB Swap: 33554428 total, 32224672 free,  1329756 used. 53640496 avail Mem 
--
top - 14:29:48 up 104 days,  6:12,  0 users,  load average: 0.76, 0.69, 0.49
Tasks: 396 total,   1 running, 395 sleeping,   0 stopped,   0 zombie
%Cpu(s):  2.8 us,  0.4 sy,  0.0 ni, 96.3 id,  0.4 wa,  0.0 hi,  0.1 si,  0.0 st
KiB Mem : 65877712 total, 41221652 free, 11025168 used, 13630892 buff/cache
KiB Swap: 33554428 total, 32224672 free,  1329756 used. 53635724 avail Mem 
--
top - 14:29:53 up 104 days,  6:12,  0 users,  load average: 0.86, 0.71, 0.50
Tasks: 397 total,   2 running, 395 sleeping,   0 stopped,   0 zombie
%Cpu(s):  2.8 us,  0.4 sy,  0.0 ni, 95.5 id,  1.2 wa,  0.0 hi,  0.1 si,  0.0 st
KiB Mem : 65877712 total, 40887112 free, 11025752 used, 13964848 buff/cache
KiB Swap: 33554428 total, 32224672 free,  1329756 used. 53630748 avail Mem 
--
top - 14:29:58 up 104 days,  6:12,  0 users,  load average: 0.87, 0.72, 0.50
Tasks: 397 total,   2 running, 395 sleeping,   0 stopped,   0 zombie
%Cpu(s):  2.5 us,  0.6 sy,  0.0 ni, 96.7 id,  0.1 wa,  0.0 hi,  0.1 si,  0.0 st
KiB Mem : 65877712 total, 39773864 free, 11931896 used, 14171952 buff/cache
KiB Swap: 33554428 total, 32224672 free,  1329756 used. 52720128 avail Mem 
--
top - 14:30:03 up 104 days,  6:12,  0 users,  load average: 0.88, 0.72, 0.51
Tasks: 400 total,   2 running, 398 sleeping,   0 stopped,   0 zombie
%Cpu(s):  2.1 us,  1.9 sy,  0.0 ni, 94.9 id,  1.1 wa,  0.0 hi,  0.0 si,  0.0 st
KiB Mem : 65877712 total, 38118164 free, 14822200 used, 12937348 buff/cache
KiB Swap: 33554428 total, 32224672 free,  1329756 used. 49848100 avail Mem 
--
top - 14:30:08 up 104 days,  6:12,  0 users,  load average: 0.89, 0.73, 0.51
Tasks: 401 total,   2 running, 399 sleeping,   0 stopped,   0 zombie
%Cpu(s):  2.2 us,  1.2 sy,  0.0 ni, 96.4 id,  0.1 wa,  0.0 hi,  0.0 si,  0.0 st
KiB Mem : 65877712 total, 38191720 free, 16011736 used, 11674256 buff/cache
KiB Swap: 33554428 total, 32224672 free,  1329756 used. 48675516 avail Mem 
--
top - 14:30:13 up 104 days,  6:12,  0 users,  load average: 0.90, 0.73, 0.51
Tasks: 401 total,   2 running, 399 sleeping,   0 stopped,   0 zombie
%Cpu(s):  2.2 us,  1.1 sy,  0.0 ni, 96.7 id,  0.0 wa,  0.0 hi,  0.0 si,  0.0 st
KiB Mem : 65877712 total, 40239216 free, 14648832 used, 10989664 buff/cache
KiB Swap: 33554428 total, 32224672 free,  1329756 used. 50047648 avail Mem 
--
top - 14:30:18 up 104 days,  6:12,  0 users,  load average: 0.91, 0.74, 0.51
Tasks: 401 total,   2 running, 399 sleeping,   0 stopped,   0 zombie
%Cpu(s):  2.4 us,  0.8 sy,  0.0 ni, 96.8 id,  0.0 wa,  0.0 hi,  0.0 si,  0.0 st
KiB Mem : 65877712 total, 39616220 free, 15273744 used, 10987748 buff/cache
KiB Swap: 33554428 total, 32224672 free,  1329756 used. 49423000 avail Mem 
--
top - 14:30:23 up 104 days,  6:12,  0 users,  load average: 0.92, 0.74, 0.52
Tasks: 401 total,   2 running, 399 sleeping,   0 stopped,   0 zombie
%Cpu(s):  2.3 us,  0.9 sy,  0.0 ni, 96.8 id,  0.0 wa,  0.0 hi,  0.0 si,  0.0 st
KiB Mem : 65877712 total, 40502800 free, 14387132 used, 10987780 buff/cache
KiB Swap: 33554428 total, 32224672 free,  1329756 used. 50309612 avail Mem 
--
top - 14:30:28 up 104 days,  6:12,  0 users,  load average: 0.84, 0.73, 0.51
Tasks: 401 total,   1 running, 400 sleeping,   0 stopped,   0 zombie
%Cpu(s):  1.1 us,  0.4 sy,  0.0 ni, 98.5 id,  0.0 wa,  0.0 hi,  0.0 si,  0.0 st
KiB Mem : 65877712 total, 40632172 free, 14257760 used, 10987780 buff/cache
KiB Swap: 33554428 total, 32224672 free,  1329756 used. 50438956 avail Mem 
--
top - 14:30:33 up 104 days,  6:12,  0 users,  load average: 0.78, 0.72, 0.51
Tasks: 401 total,   1 running, 400 sleeping,   0 stopped,   0 zombie
%Cpu(s):  0.2 us,  0.0 sy,  0.0 ni, 99.7 id,  0.0 wa,  0.0 hi,  0.0 si,  0.0 st
KiB Mem : 65877712 total, 40632856 free, 14257076 used, 10987780 buff/cache
KiB Swap: 33554428 total, 32224672 free,  1329756 used. 50439640 avail Mem 
--
top - 14:30:38 up 104 days,  6:12,  0 users,  load average: 0.71, 0.70, 0.51
Tasks: 401 total,   1 running, 400 sleeping,   0 stopped,   0 zombie
%Cpu(s):  0.3 us,  0.0 sy,  0.0 ni, 99.7 id,  0.0 wa,  0.0 hi,  0.0 si,  0.0 st
KiB Mem : 65877712 total, 40633816 free, 14256116 used, 10987780 buff/cache
KiB Swap: 33554428 total, 32224672 free,  1329756 used. 50440600 avail Mem 
--
top - 14:30:43 up 104 days,  6:13,  0 users,  load average: 0.66, 0.69, 0.50
Tasks: 401 total,   2 running, 399 sleeping,   0 stopped,   0 zombie
%Cpu(s):  0.4 us,  0.0 sy,  0.0 ni, 99.5 id,  0.0 wa,  0.0 hi,  0.0 si,  0.0 st
KiB Mem : 65877712 total, 40633964 free, 14255968 used, 10987780 buff/cache
KiB Swap: 33554428 total, 32224672 free,  1329756 used. 50440748 avail Mem 
--
top - 14:30:48 up 104 days,  6:13,  0 users,  load average: 0.68, 0.70, 0.51
Tasks: 401 total,   1 running, 400 sleeping,   0 stopped,   0 zombie
%Cpu(s):  0.4 us,  0.0 sy,  0.0 ni, 99.6 id,  0.0 wa,  0.0 hi,  0.0 si,  0.0 st
KiB Mem : 65877712 total, 40633152 free, 14256780 used, 10987780 buff/cache
KiB Swap: 33554428 total, 32224672 free,  1329756 used. 50439940 avail Mem 
--
top - 14:30:53 up 104 days,  6:13,  0 users,  load average: 0.63, 0.68, 0.50
Tasks: 401 total,   1 running, 400 sleeping,   0 stopped,   0 zombie
%Cpu(s):  0.3 us,  0.0 sy,  0.0 ni, 99.7 id,  0.0 wa,  0.0 hi,  0.0 si,  0.0 st
KiB Mem : 65877712 total, 40633720 free, 14256212 used, 10987780 buff/cache
KiB Swap: 33554428 total, 32224672 free,  1329756 used. 50440508 avail Mem 
--
top - 14:30:58 up 104 days,  6:13,  0 users,  load average: 0.58, 0.67, 0.50
Tasks: 401 total,   1 running, 400 sleeping,   0 stopped,   0 zombie
%Cpu(s):  0.3 us,  0.0 sy,  0.0 ni, 99.7 id,  0.0 wa,  0.0 hi,  0.0 si,  0.0 st
KiB Mem : 65877712 total, 40633844 free, 14256088 used, 10987780 buff/cache
KiB Swap: 33554428 total, 32224672 free,  1329756 used. 50440632 avail Mem 
--
top - 14:31:03 up 104 days,  6:13,  0 users,  load average: 0.53, 0.66, 0.50
Tasks: 399 total,   1 running, 398 sleeping,   0 stopped,   0 zombie
%Cpu(s):  0.2 us,  0.0 sy,  0.0 ni, 99.7 id,  0.0 wa,  0.0 hi,  0.0 si,  0.0 st
KiB Mem : 65877712 total, 40634484 free, 14255448 used, 10987780 buff/cache
KiB Swap: 33554428 total, 32224672 free,  1329756 used. 50441272 avail Mem 
--
top - 14:31:08 up 104 days,  6:13,  0 users,  load average: 0.57, 0.67, 0.50
Tasks: 397 total,   2 running, 395 sleeping,   0 stopped,   0 zombie
%Cpu(s):  2.5 us,  0.3 sy,  0.0 ni, 97.1 id,  0.0 wa,  0.0 hi,  0.1 si,  0.0 st
KiB Mem : 65877712 total, 40325264 free, 14260004 used, 11292444 buff/cache
KiB Swap: 33554428 total, 32224672 free,  1329756 used. 50433048 avail Mem 
--
top - 14:31:13 up 104 days,  6:13,  0 users,  load average: 0.60, 0.67, 0.50
Tasks: 397 total,   1 running, 396 sleeping,   0 stopped,   0 zombie
%Cpu(s):  2.8 us,  0.4 sy,  0.0 ni, 96.5 id,  0.2 wa,  0.0 hi,  0.1 si,  0.0 st
KiB Mem : 65877712 total, 39986376 free, 14258972 used, 11632364 buff/cache
KiB Swap: 33554428 total, 32224672 free,  1329756 used. 50429136 avail Mem 
--
top - 14:31:18 up 104 days,  6:13,  0 users,  load average: 0.64, 0.68, 0.51
Tasks: 397 total,   2 running, 395 sleeping,   0 stopped,   0 zombie
%Cpu(s):  2.8 us,  0.4 sy,  0.0 ni, 96.3 id,  0.5 wa,  0.0 hi,  0.1 si,  0.0 st
KiB Mem : 65877712 total, 39654300 free, 14258496 used, 11964916 buff/cache
KiB Swap: 33554428 total, 32224672 free,  1329756 used. 50425536 avail Mem 
--
top - 14:31:23 up 104 days,  6:13,  0 users,  load average: 0.75, 0.70, 0.51
Tasks: 397 total,   1 running, 396 sleeping,   0 stopped,   0 zombie
%Cpu(s):  2.8 us,  0.3 sy,  0.0 ni, 96.8 id,  0.0 wa,  0.0 hi,  0.0 si,  0.0 st
KiB Mem : 65877712 total, 39324024 free, 14258924 used, 12294764 buff/cache
KiB Swap: 33554428 total, 32224672 free,  1329756 used. 50420040 avail Mem 
--
top - 14:31:28 up 104 days,  6:13,  0 users,  load average: 0.77, 0.71, 0.52
Tasks: 397 total,   2 running, 395 sleeping,   0 stopped,   0 zombie
%Cpu(s):  2.8 us,  0.3 sy,  0.0 ni, 96.8 id,  0.0 wa,  0.0 hi,  0.1 si,  0.0 st
KiB Mem : 65877712 total, 38976492 free, 14259604 used, 12641616 buff/cache
KiB Swap: 33554428 total, 32224672 free,  1329756 used. 50415256 avail Mem 
--
top - 14:31:33 up 104 days,  6:13,  0 users,  load average: 0.79, 0.71, 0.52
Tasks: 397 total,   2 running, 395 sleeping,   0 stopped,   0 zombie
%Cpu(s):  2.8 us,  0.3 sy,  0.0 ni, 96.8 id,  0.0 wa,  0.0 hi,  0.1 si,  0.0 st
KiB Mem : 65877712 total, 38641084 free, 14259672 used, 12976956 buff/cache
KiB Swap: 33554428 total, 32224672 free,  1329756 used. 50410392 avail Mem 
--
top - 14:31:38 up 104 days,  6:13,  0 users,  load average: 0.80, 0.72, 0.52
Tasks: 397 total,   1 running, 396 sleeping,   0 stopped,   0 zombie
%Cpu(s):  2.8 us,  0.4 sy,  0.0 ni, 96.8 id,  0.0 wa,  0.0 hi,  0.1 si,  0.0 st
KiB Mem : 65877712 total, 38283908 free, 14259204 used, 13334600 buff/cache
KiB Swap: 33554428 total, 32224672 free,  1329756 used. 50405756 avail Mem 
--
top - 14:31:43 up 104 days,  6:14,  0 users,  load average: 0.82, 0.72, 0.52
Tasks: 397 total,   2 running, 395 sleeping,   0 stopped,   0 zombie
%Cpu(s):  2.8 us,  0.3 sy,  0.0 ni, 96.8 id,  0.0 wa,  0.0 hi,  0.1 si,  0.0 st
KiB Mem : 65877712 total, 37952424 free, 14258340 used, 13666948 buff/cache
KiB Swap: 33554428 total, 32224672 free,  1329756 used. 50401312 avail Mem 
--
top - 14:31:48 up 104 days,  6:14,  0 users,  load average: 0.91, 0.74, 0.53
Tasks: 397 total,   2 running, 395 sleeping,   0 stopped,   0 zombie
%Cpu(s):  2.8 us,  0.5 sy,  0.0 ni, 95.4 id,  1.3 wa,  0.0 hi,  0.1 si,  0.0 st
KiB Mem : 65877712 total, 37618364 free, 14257572 used, 14001776 buff/cache
KiB Swap: 33554428 total, 32224672 free,  1329756 used. 50398616 avail Mem 
--
top - 14:31:53 up 104 days,  6:14,  0 users,  load average: 0.92, 0.75, 0.53
Tasks: 397 total,   2 running, 395 sleeping,   0 stopped,   0 zombie
%Cpu(s):  2.1 us,  1.0 sy,  0.0 ni, 96.8 id,  0.0 wa,  0.0 hi,  0.0 si,  0.0 st
KiB Mem : 65877712 total, 36153876 free, 15550784 used, 14173052 buff/cache
KiB Swap: 33554428 total, 32224672 free,  1329756 used. 49102756 avail Mem 
--
top - 14:31:58 up 104 days,  6:14,  0 users,  load average: 0.85, 0.73, 0.53
Tasks: 397 total,   2 running, 395 sleeping,   0 stopped,   0 zombie
%Cpu(s):  1.6 us,  1.8 sy,  0.0 ni, 96.1 id,  0.6 wa,  0.0 hi,  0.0 si,  0.0 st
KiB Mem : 65877712 total, 34357088 free, 18229488 used, 13291136 buff/cache
KiB Swap: 33554428 total, 32224672 free,  1329756 used. 46435968 avail Mem 
--
top - 14:32:03 up 104 days,  6:14,  0 users,  load average: 0.86, 0.74, 0.53
Tasks: 398 total,   2 running, 396 sleeping,   0 stopped,   0 zombie
%Cpu(s):  2.7 us,  1.4 sy,  0.0 ni, 95.6 id,  0.3 wa,  0.0 hi,  0.0 si,  0.0 st
KiB Mem : 65877712 total, 36089408 free, 18289508 used, 11498796 buff/cache
KiB Swap: 33554428 total, 32224672 free,  1329756 used. 46401680 avail Mem 
--
top - 14:32:08 up 104 days,  6:14,  0 users,  load average: 0.87, 0.74, 0.54
Tasks: 398 total,   2 running, 396 sleeping,   0 stopped,   0 zombie
%Cpu(s):  2.4 us,  0.9 sy,  0.0 ni, 96.8 id,  0.0 wa,  0.0 hi,  0.0 si,  0.0 st
KiB Mem : 65877712 total, 36269400 free, 18590760 used, 11017552 buff/cache
KiB Swap: 33554428 total, 32224672 free,  1329756 used. 46106076 avail Mem 
--
top - 14:32:13 up 104 days,  6:14,  0 users,  load average: 0.88, 0.75, 0.54
Tasks: 398 total,   2 running, 396 sleeping,   0 stopped,   0 zombie
%Cpu(s):  2.2 us,  0.9 sy,  0.0 ni, 96.8 id,  0.0 wa,  0.0 hi,  0.0 si,  0.0 st
KiB Mem : 65877712 total, 36351160 free, 18537956 used, 10988596 buff/cache
KiB Swap: 33554428 total, 32224672 free,  1329756 used. 46158740 avail Mem 
--
top - 14:32:18 up 104 days,  6:14,  0 users,  load average: 0.89, 0.75, 0.54
Tasks: 398 total,   2 running, 396 sleeping,   0 stopped,   0 zombie
%Cpu(s):  2.1 us,  1.0 sy,  0.0 ni, 96.8 id,  0.0 wa,  0.0 hi,  0.0 si,  0.0 st
KiB Mem : 65877712 total, 37078600 free, 17811300 used, 10987812 buff/cache
KiB Swap: 33554428 total, 32224672 free,  1329756 used. 46885448 avail Mem 
--
top - 14:32:23 up 104 days,  6:14,  0 users,  load average: 0.82, 0.74, 0.54
Tasks: 398 total,   1 running, 397 sleeping,   0 stopped,   0 zombie
%Cpu(s):  1.1 us,  0.3 sy,  0.0 ni, 98.5 id,  0.1 wa,  0.0 hi,  0.0 si,  0.0 st
KiB Mem : 65877712 total, 37402284 free, 17487584 used, 10987844 buff/cache
KiB Swap: 33554428 total, 32224672 free,  1329756 used. 47209164 avail Mem 
--
top - 14:32:28 up 104 days,  6:14,  0 users,  load average: 0.75, 0.73, 0.53
Tasks: 398 total,   1 running, 397 sleeping,   0 stopped,   0 zombie
%Cpu(s):  0.2 us,  0.0 sy,  0.0 ni, 99.8 id,  0.0 wa,  0.0 hi,  0.0 si,  0.0 st
KiB Mem : 65877712 total, 37402332 free, 17487536 used, 10987844 buff/cache
KiB Swap: 33554428 total, 32224672 free,  1329756 used. 47209212 avail Mem 
--
top - 14:32:33 up 104 days,  6:14,  0 users,  load average: 0.69, 0.71, 0.53
Tasks: 398 total,   1 running, 397 sleeping,   0 stopped,   0 zombie
%Cpu(s):  0.3 us,  0.0 sy,  0.0 ni, 99.7 id,  0.0 wa,  0.0 hi,  0.0 si,  0.0 st
KiB Mem : 65877712 total, 37402544 free, 17487324 used, 10987844 buff/cache
KiB Swap: 33554428 total, 32224672 free,  1329756 used. 47209424 avail Mem 
--
top - 14:32:39 up 104 days,  6:14,  0 users,  load average: 1.12, 0.80, 0.56
Tasks: 398 total,   1 running, 397 sleeping,   0 stopped,   0 zombie
%Cpu(s):  0.4 us,  0.0 sy,  0.0 ni, 95.7 id,  3.8 wa,  0.0 hi,  0.0 si,  0.0 st
KiB Mem : 65877712 total, 37402044 free, 17487824 used, 10987844 buff/cache
KiB Swap: 33554428 total, 32224672 free,  1329756 used. 47208924 avail Mem 
