Job id: 4751300
Worker ip: 10.149.0.68
Master ip: 10.149.0.60
--
top - 13:02:06 up 104 days,  4:44,  0 users,  load average: 0.30, 0.59, 0.53
Tasks: 406 total,   1 running, 405 sleeping,   0 stopped,   0 zombie
%Cpu(s):  3.0 us,  5.2 sy,  0.0 ni, 91.4 id,  0.0 wa,  0.0 hi,  0.4 si,  0.0 st
KiB Mem : 65877692 total, 52544780 free,  1151112 used, 12181800 buff/cache
KiB Swap: 33554428 total, 32270076 free,  1284352 used. 63551548 avail Mem 
--
top - 13:02:11 up 104 days,  4:44,  0 users,  load average: 0.28, 0.58, 0.52
Tasks: 408 total,   1 running, 407 sleeping,   0 stopped,   0 zombie
%Cpu(s):  1.6 us,  0.4 sy,  0.0 ni, 98.0 id,  0.0 wa,  0.0 hi,  0.0 si,  0.0 st
KiB Mem : 65877692 total, 52524404 free,  1165036 used, 12188252 buff/cache
KiB Swap: 33554428 total, 32270076 free,  1284352 used. 63537668 avail Mem 
--
top - 13:02:16 up 104 days,  4:44,  0 users,  load average: 0.26, 0.57, 0.52
Tasks: 408 total,   1 running, 407 sleeping,   0 stopped,   0 zombie
%Cpu(s):  0.0 us,  0.0 sy,  0.0 ni,100.0 id,  0.0 wa,  0.0 hi,  0.0 si,  0.0 st
KiB Mem : 65877692 total, 52524744 free,  1164696 used, 12188252 buff/cache
KiB Swap: 33554428 total, 32270076 free,  1284352 used. 63538008 avail Mem 
--
top - 13:02:21 up 104 days,  4:44,  0 users,  load average: 0.24, 0.56, 0.52
Tasks: 409 total,   1 running, 408 sleeping,   0 stopped,   0 zombie
%Cpu(s):  0.0 us,  0.0 sy,  0.0 ni,100.0 id,  0.0 wa,  0.0 hi,  0.0 si,  0.0 st
KiB Mem : 65877692 total, 52525112 free,  1164328 used, 12188252 buff/cache
KiB Swap: 33554428 total, 32270076 free,  1284352 used. 63538376 avail Mem 
--
top - 13:02:26 up 104 days,  4:44,  0 users,  load average: 0.22, 0.55, 0.51
Tasks: 409 total,   1 running, 408 sleeping,   0 stopped,   0 zombie
%Cpu(s):  0.0 us,  0.0 sy,  0.0 ni,100.0 id,  0.0 wa,  0.0 hi,  0.0 si,  0.0 st
KiB Mem : 65877692 total, 52525444 free,  1163996 used, 12188252 buff/cache
KiB Swap: 33554428 total, 32270076 free,  1284352 used. 63538708 avail Mem 
--
top - 13:02:31 up 104 days,  4:44,  0 users,  load average: 0.20, 0.54, 0.51
Tasks: 409 total,   1 running, 408 sleeping,   0 stopped,   0 zombie
%Cpu(s):  0.0 us,  0.0 sy,  0.0 ni, 99.9 id,  0.1 wa,  0.0 hi,  0.0 si,  0.0 st
KiB Mem : 65877692 total, 52523688 free,  1165752 used, 12188252 buff/cache
KiB Swap: 33554428 total, 32270076 free,  1284352 used. 63536952 avail Mem 
--
top - 13:02:36 up 104 days,  4:44,  0 users,  load average: 0.18, 0.54, 0.51
Tasks: 409 total,   1 running, 408 sleeping,   0 stopped,   0 zombie
%Cpu(s):  0.0 us,  0.0 sy,  0.0 ni,100.0 id,  0.0 wa,  0.0 hi,  0.0 si,  0.0 st
KiB Mem : 65877692 total, 52524376 free,  1165064 used, 12188252 buff/cache
KiB Swap: 33554428 total, 32270076 free,  1284352 used. 63537640 avail Mem 
--
top - 13:02:41 up 104 days,  4:44,  0 users,  load average: 0.17, 0.53, 0.50
Tasks: 409 total,   1 running, 408 sleeping,   0 stopped,   0 zombie
%Cpu(s):  0.0 us,  0.0 sy,  0.0 ni, 99.9 id,  0.0 wa,  0.0 hi,  0.0 si,  0.0 st
KiB Mem : 65877692 total, 52523568 free,  1165872 used, 12188252 buff/cache
KiB Swap: 33554428 total, 32270076 free,  1284352 used. 63536832 avail Mem 
--
top - 13:02:46 up 104 days,  4:44,  0 users,  load average: 0.16, 0.52, 0.50
Tasks: 409 total,   1 running, 408 sleeping,   0 stopped,   0 zombie
%Cpu(s):  0.0 us,  0.0 sy,  0.0 ni,100.0 id,  0.0 wa,  0.0 hi,  0.0 si,  0.0 st
KiB Mem : 65877692 total, 52524384 free,  1165056 used, 12188252 buff/cache
KiB Swap: 33554428 total, 32270076 free,  1284352 used. 63537648 avail Mem 
--
top - 13:02:51 up 104 days,  4:44,  0 users,  load average: 0.14, 0.51, 0.50
Tasks: 409 total,   1 running, 408 sleeping,   0 stopped,   0 zombie
%Cpu(s):  0.0 us,  0.0 sy,  0.0 ni,100.0 id,  0.0 wa,  0.0 hi,  0.0 si,  0.0 st
KiB Mem : 65877692 total, 52524876 free,  1164564 used, 12188252 buff/cache
KiB Swap: 33554428 total, 32270076 free,  1284352 used. 63538140 avail Mem 
--
top - 13:02:56 up 104 days,  4:45,  0 users,  load average: 0.13, 0.50, 0.50
Tasks: 410 total,   1 running, 409 sleeping,   0 stopped,   0 zombie
%Cpu(s):  0.0 us,  0.0 sy,  0.0 ni,100.0 id,  0.0 wa,  0.0 hi,  0.0 si,  0.0 st
KiB Mem : 65877692 total, 52525696 free,  1163744 used, 12188252 buff/cache
KiB Swap: 33554428 total, 32270076 free,  1284352 used. 63538960 avail Mem 
--
top - 13:03:01 up 104 days,  4:45,  0 users,  load average: 0.12, 0.49, 0.49
Tasks: 406 total,   1 running, 405 sleeping,   0 stopped,   0 zombie
%Cpu(s):  0.0 us,  0.0 sy,  0.0 ni,100.0 id,  0.0 wa,  0.0 hi,  0.0 si,  0.0 st
KiB Mem : 65877692 total, 52526380 free,  1163056 used, 12188256 buff/cache
KiB Swap: 33554428 total, 32270076 free,  1284352 used. 63539648 avail Mem 
--
top - 13:03:06 up 104 days,  4:45,  0 users,  load average: 0.11, 0.48, 0.49
Tasks: 406 total,   1 running, 405 sleeping,   0 stopped,   0 zombie
%Cpu(s):  0.0 us,  0.0 sy,  0.0 ni,100.0 id,  0.0 wa,  0.0 hi,  0.0 si,  0.0 st
KiB Mem : 65877692 total, 52526256 free,  1163180 used, 12188256 buff/cache
KiB Swap: 33554428 total, 32270076 free,  1284352 used. 63539524 avail Mem 
--
top - 13:03:11 up 104 days,  4:45,  0 users,  load average: 0.10, 0.48, 0.49
Tasks: 406 total,   1 running, 405 sleeping,   0 stopped,   0 zombie
%Cpu(s):  0.0 us,  0.0 sy,  0.0 ni,100.0 id,  0.0 wa,  0.0 hi,  0.0 si,  0.0 st
KiB Mem : 65877692 total, 52527244 free,  1162192 used, 12188256 buff/cache
KiB Swap: 33554428 total, 32270076 free,  1284352 used. 63540512 avail Mem 
--
top - 13:03:16 up 104 days,  4:45,  0 users,  load average: 0.09, 0.47, 0.49
Tasks: 406 total,   2 running, 404 sleeping,   0 stopped,   0 zombie
%Cpu(s):  0.0 us,  0.0 sy,  0.0 ni,100.0 id,  0.0 wa,  0.0 hi,  0.0 si,  0.0 st
KiB Mem : 65877692 total, 52527268 free,  1162168 used, 12188256 buff/cache
KiB Swap: 33554428 total, 32270076 free,  1284352 used. 63540536 avail Mem 
--
top - 13:03:21 up 104 days,  4:45,  0 users,  load average: 0.09, 0.46, 0.48
Tasks: 406 total,   1 running, 405 sleeping,   0 stopped,   0 zombie
%Cpu(s):  0.0 us,  0.0 sy,  0.0 ni,100.0 id,  0.0 wa,  0.0 hi,  0.0 si,  0.0 st
KiB Mem : 65877692 total, 52527320 free,  1162116 used, 12188256 buff/cache
KiB Swap: 33554428 total, 32270076 free,  1284352 used. 63540588 avail Mem 
--
top - 13:03:26 up 104 days,  4:45,  0 users,  load average: 0.08, 0.45, 0.48
Tasks: 407 total,   1 running, 406 sleeping,   0 stopped,   0 zombie
%Cpu(s):  0.2 us,  0.2 sy,  0.0 ni, 99.6 id,  0.0 wa,  0.0 hi,  0.0 si,  0.0 st
KiB Mem : 65877692 total, 52149868 free,  1539568 used, 12188256 buff/cache
KiB Swap: 33554428 total, 32270076 free,  1284352 used. 63163136 avail Mem 
--
top - 13:03:31 up 104 days,  4:45,  0 users,  load average: 0.07, 0.45, 0.48
Tasks: 407 total,   1 running, 406 sleeping,   0 stopped,   0 zombie
%Cpu(s):  0.3 us,  0.3 sy,  0.0 ni, 99.4 id,  0.0 wa,  0.0 hi,  0.0 si,  0.0 st
KiB Mem : 65877692 total, 51613296 free,  2076140 used, 12188256 buff/cache
KiB Swap: 33554428 total, 32270076 free,  1284352 used. 62626564 avail Mem 
--
top - 13:03:36 up 104 days,  4:45,  0 users,  load average: 0.07, 0.44, 0.48
Tasks: 407 total,   1 running, 406 sleeping,   0 stopped,   0 zombie
%Cpu(s):  0.3 us,  0.2 sy,  0.0 ni, 99.5 id,  0.0 wa,  0.0 hi,  0.0 si,  0.0 st
KiB Mem : 65877692 total, 51004884 free,  2684552 used, 12188256 buff/cache
KiB Swap: 33554428 total, 32270076 free,  1284352 used. 62018152 avail Mem 
--
top - 13:03:41 up 104 days,  4:45,  0 users,  load average: 0.06, 0.43, 0.47
Tasks: 406 total,   2 running, 404 sleeping,   0 stopped,   0 zombie
%Cpu(s):  6.8 us,  0.7 sy,  0.0 ni, 92.4 id,  0.0 wa,  0.0 hi,  0.0 si,  0.0 st
KiB Mem : 65877692 total, 49411888 free,  4277548 used, 12188256 buff/cache
KiB Swap: 33554428 total, 32270076 free,  1284352 used. 60425592 avail Mem 
--
top - 13:03:46 up 104 days,  4:45,  0 users,  load average: 0.62, 0.54, 0.51
Tasks: 405 total,   2 running, 403 sleeping,   0 stopped,   0 zombie
%Cpu(s): 27.2 us,  1.1 sy,  0.0 ni, 71.8 id,  0.0 wa,  0.0 hi,  0.0 si,  0.0 st
KiB Mem : 65877692 total, 43952288 free,  9737148 used, 12188256 buff/cache
KiB Swap: 33554428 total, 32270076 free,  1284352 used. 54965556 avail Mem 
--
top - 13:03:51 up 104 days,  4:45,  0 users,  load average: 0.97, 0.61, 0.53
Tasks: 405 total,   2 running, 403 sleeping,   0 stopped,   0 zombie
%Cpu(s): 15.9 us,  0.1 sy,  0.0 ni, 84.0 id,  0.0 wa,  0.0 hi,  0.0 si,  0.0 st
KiB Mem : 65877692 total, 45235512 free,  8453924 used, 12188256 buff/cache
KiB Swap: 33554428 total, 32270076 free,  1284352 used. 56248780 avail Mem 
--
top - 13:03:56 up 104 days,  4:46,  0 users,  load average: 1.13, 0.65, 0.55
Tasks: 405 total,   1 running, 404 sleeping,   0 stopped,   0 zombie
%Cpu(s):  7.9 us,  0.1 sy,  0.0 ni, 91.9 id,  0.0 wa,  0.0 hi,  0.0 si,  0.0 st
KiB Mem : 65877692 total, 49089624 free,  4599808 used, 12188260 buff/cache
KiB Swap: 33554428 total, 32270076 free,  1284352 used. 60102892 avail Mem 
--
top - 13:04:01 up 104 days,  4:46,  0 users,  load average: 1.12, 0.66, 0.55
Tasks: 405 total,   1 running, 404 sleeping,   0 stopped,   0 zombie
%Cpu(s):  1.5 us,  0.4 sy,  0.0 ni, 97.7 id,  0.4 wa,  0.0 hi,  0.0 si,  0.0 st
KiB Mem : 65877692 total, 51222880 free,  2466548 used, 12188264 buff/cache
KiB Swap: 33554428 total, 32270076 free,  1284352 used. 62236156 avail Mem 
--
top - 13:04:06 up 104 days,  4:46,  0 users,  load average: 1.03, 0.65, 0.55
Tasks: 408 total,   1 running, 407 sleeping,   0 stopped,   0 zombie
%Cpu(s):  0.0 us,  0.0 sy,  0.0 ni,100.0 id,  0.0 wa,  0.0 hi,  0.0 si,  0.0 st
KiB Mem : 65877692 total, 51224056 free,  2465372 used, 12188264 buff/cache
KiB Swap: 33554428 total, 32270076 free,  1284352 used. 62237332 avail Mem 
--
top - 13:04:11 up 104 days,  4:46,  0 users,  load average: 0.95, 0.64, 0.54
Tasks: 408 total,   1 running, 407 sleeping,   0 stopped,   0 zombie
%Cpu(s):  0.0 us,  0.0 sy,  0.0 ni,100.0 id,  0.0 wa,  0.0 hi,  0.0 si,  0.0 st
KiB Mem : 65877692 total, 51223940 free,  2465488 used, 12188264 buff/cache
KiB Swap: 33554428 total, 32270076 free,  1284352 used. 62237216 avail Mem 
--
top - 13:04:16 up 104 days,  4:46,  0 users,  load average: 0.87, 0.63, 0.54
Tasks: 408 total,   1 running, 407 sleeping,   0 stopped,   0 zombie
%Cpu(s):  0.0 us,  0.0 sy,  0.0 ni,100.0 id,  0.0 wa,  0.0 hi,  0.0 si,  0.0 st
KiB Mem : 65877692 total, 51225412 free,  2464016 used, 12188264 buff/cache
KiB Swap: 33554428 total, 32270076 free,  1284352 used. 62238688 avail Mem 
--
top - 13:04:21 up 104 days,  4:46,  0 users,  load average: 0.80, 0.62, 0.54
Tasks: 408 total,   2 running, 406 sleeping,   0 stopped,   0 zombie
%Cpu(s):  0.0 us,  0.0 sy,  0.0 ni,100.0 id,  0.0 wa,  0.0 hi,  0.0 si,  0.0 st
KiB Mem : 65877692 total, 51226652 free,  2462776 used, 12188264 buff/cache
KiB Swap: 33554428 total, 32270076 free,  1284352 used. 62239928 avail Mem 
--
top - 13:04:26 up 104 days,  4:46,  0 users,  load average: 0.74, 0.61, 0.53
Tasks: 408 total,   1 running, 407 sleeping,   0 stopped,   0 zombie
%Cpu(s):  0.0 us,  0.0 sy,  0.0 ni,100.0 id,  0.0 wa,  0.0 hi,  0.0 si,  0.0 st
KiB Mem : 65877692 total, 51226732 free,  2462696 used, 12188264 buff/cache
KiB Swap: 33554428 total, 32270076 free,  1284352 used. 62240008 avail Mem 
--
top - 13:04:31 up 104 days,  4:46,  0 users,  load average: 0.68, 0.60, 0.53
Tasks: 408 total,   1 running, 407 sleeping,   0 stopped,   0 zombie
%Cpu(s):  0.0 us,  0.0 sy,  0.0 ni,100.0 id,  0.0 wa,  0.0 hi,  0.0 si,  0.0 st
KiB Mem : 65877692 total, 51227692 free,  2461736 used, 12188264 buff/cache
KiB Swap: 33554428 total, 32270076 free,  1284352 used. 62240968 avail Mem 
--
top - 13:04:36 up 104 days,  4:46,  0 users,  load average: 0.62, 0.59, 0.53
Tasks: 408 total,   1 running, 407 sleeping,   0 stopped,   0 zombie
%Cpu(s):  0.0 us,  0.0 sy,  0.0 ni,100.0 id,  0.0 wa,  0.0 hi,  0.0 si,  0.0 st
KiB Mem : 65877692 total, 51228868 free,  2460560 used, 12188264 buff/cache
KiB Swap: 33554428 total, 32270076 free,  1284352 used. 62242144 avail Mem 
--
top - 13:04:41 up 104 days,  4:46,  0 users,  load average: 0.58, 0.58, 0.53
Tasks: 408 total,   1 running, 407 sleeping,   0 stopped,   0 zombie
%Cpu(s):  0.0 us,  0.0 sy,  0.0 ni, 99.9 id,  0.0 wa,  0.0 hi,  0.0 si,  0.0 st
KiB Mem : 65877692 total, 51229072 free,  2460356 used, 12188264 buff/cache
KiB Swap: 33554428 total, 32270076 free,  1284352 used. 62242348 avail Mem 
--
top - 13:04:46 up 104 days,  4:46,  0 users,  load average: 0.53, 0.57, 0.52
Tasks: 407 total,   1 running, 406 sleeping,   0 stopped,   0 zombie
%Cpu(s):  0.0 us,  0.0 sy,  0.0 ni,100.0 id,  0.0 wa,  0.0 hi,  0.0 si,  0.0 st
KiB Mem : 65877692 total, 51230264 free,  2459164 used, 12188264 buff/cache
KiB Swap: 33554428 total, 32270076 free,  1284352 used. 62243540 avail Mem 
--
top - 13:04:51 up 104 days,  4:46,  0 users,  load average: 0.49, 0.56, 0.52
Tasks: 407 total,   1 running, 406 sleeping,   0 stopped,   0 zombie
%Cpu(s):  0.0 us,  0.0 sy,  0.0 ni,100.0 id,  0.0 wa,  0.0 hi,  0.0 si,  0.0 st
KiB Mem : 65877692 total, 51230528 free,  2458896 used, 12188268 buff/cache
KiB Swap: 33554428 total, 32270076 free,  1284352 used. 62243808 avail Mem 
--
top - 13:04:56 up 104 days,  4:47,  0 users,  load average: 0.45, 0.55, 0.52
Tasks: 407 total,   1 running, 406 sleeping,   0 stopped,   0 zombie
%Cpu(s):  0.0 us,  0.0 sy,  0.0 ni,100.0 id,  0.0 wa,  0.0 hi,  0.0 si,  0.0 st
KiB Mem : 65877692 total, 51230468 free,  2458956 used, 12188268 buff/cache
KiB Swap: 33554428 total, 32270076 free,  1284352 used. 62243748 avail Mem 
--
top - 13:05:01 up 104 days,  4:47,  0 users,  load average: 0.41, 0.54, 0.51
Tasks: 403 total,   1 running, 402 sleeping,   0 stopped,   0 zombie
%Cpu(s):  0.0 us,  0.0 sy,  0.0 ni,100.0 id,  0.0 wa,  0.0 hi,  0.0 si,  0.0 st
KiB Mem : 65877692 total, 51230812 free,  2458612 used, 12188268 buff/cache
KiB Swap: 33554428 total, 32270076 free,  1284352 used. 62244092 avail Mem 
--
top - 13:05:06 up 104 days,  4:47,  0 users,  load average: 0.38, 0.53, 0.51
Tasks: 402 total,   1 running, 401 sleeping,   0 stopped,   0 zombie
%Cpu(s):  0.0 us,  0.0 sy,  0.0 ni, 99.9 id,  0.0 wa,  0.0 hi,  0.0 si,  0.0 st
KiB Mem : 65877692 total, 51231088 free,  2458336 used, 12188268 buff/cache
KiB Swap: 33554428 total, 32270076 free,  1284352 used. 62244368 avail Mem 
--
top - 13:05:11 up 104 days,  4:47,  0 users,  load average: 0.35, 0.52, 0.51
Tasks: 402 total,   1 running, 401 sleeping,   0 stopped,   0 zombie
%Cpu(s):  0.0 us,  0.0 sy,  0.0 ni,100.0 id,  0.0 wa,  0.0 hi,  0.0 si,  0.0 st
KiB Mem : 65877692 total, 51231864 free,  2457560 used, 12188268 buff/cache
KiB Swap: 33554428 total, 32270076 free,  1284352 used. 62245144 avail Mem 
--
top - 13:05:16 up 104 days,  4:47,  0 users,  load average: 0.32, 0.51, 0.51
Tasks: 401 total,   1 running, 400 sleeping,   0 stopped,   0 zombie
%Cpu(s):  0.0 us,  0.0 sy,  0.0 ni,100.0 id,  0.0 wa,  0.0 hi,  0.0 si,  0.0 st
KiB Mem : 65877692 total, 51232764 free,  2456660 used, 12188268 buff/cache
KiB Swap: 33554428 total, 32270076 free,  1284352 used. 62246044 avail Mem 
--
top - 13:05:21 up 104 days,  4:47,  0 users,  load average: 0.29, 0.50, 0.50
Tasks: 401 total,   1 running, 400 sleeping,   0 stopped,   0 zombie
%Cpu(s):  0.0 us,  0.0 sy,  0.0 ni,100.0 id,  0.0 wa,  0.0 hi,  0.0 si,  0.0 st
KiB Mem : 65877692 total, 51233168 free,  2456256 used, 12188268 buff/cache
KiB Swap: 33554428 total, 32270076 free,  1284352 used. 62246448 avail Mem 
--
top - 13:05:26 up 104 days,  4:47,  0 users,  load average: 0.27, 0.50, 0.50
Tasks: 401 total,   1 running, 400 sleeping,   0 stopped,   0 zombie
%Cpu(s):  0.0 us,  0.0 sy,  0.0 ni, 99.9 id,  0.0 wa,  0.0 hi,  0.0 si,  0.0 st
KiB Mem : 65877692 total, 51232360 free,  2457064 used, 12188268 buff/cache
KiB Swap: 33554428 total, 32270076 free,  1284352 used. 62245640 avail Mem 
--
top - 13:05:31 up 104 days,  4:47,  0 users,  load average: 0.25, 0.49, 0.50
Tasks: 401 total,   1 running, 400 sleeping,   0 stopped,   0 zombie
%Cpu(s):  0.5 us,  0.6 sy,  0.0 ni, 98.9 id,  0.0 wa,  0.0 hi,  0.0 si,  0.0 st
KiB Mem : 65877692 total, 50459400 free,  3230024 used, 12188268 buff/cache
KiB Swap: 33554428 total, 32270076 free,  1284352 used. 61472680 avail Mem 
--
top - 13:05:37 up 104 days,  4:47,  0 users,  load average: 0.31, 0.50, 0.50
Tasks: 401 total,   1 running, 400 sleeping,   0 stopped,   0 zombie
%Cpu(s):  0.4 us,  0.3 sy,  0.0 ni, 99.2 id,  0.0 wa,  0.0 hi,  0.0 si,  0.0 st
KiB Mem : 65877692 total, 50220776 free,  3468648 used, 12188268 buff/cache
KiB Swap: 33554428 total, 32270076 free,  1284352 used. 61234052 avail Mem 
--
top - 13:05:42 up 104 days,  4:47,  0 users,  load average: 0.28, 0.49, 0.50
Tasks: 401 total,   1 running, 400 sleeping,   0 stopped,   0 zombie
%Cpu(s):  0.7 us,  0.8 sy,  0.0 ni, 98.4 id,  0.0 wa,  0.0 hi,  0.0 si,  0.0 st
KiB Mem : 65877692 total, 49469796 free,  4219624 used, 12188272 buff/cache
KiB Swap: 33554428 total, 32270076 free,  1284352 used. 60483072 avail Mem 
--
top - 13:05:47 up 104 days,  4:47,  0 users,  load average: 0.26, 0.48, 0.50
Tasks: 401 total,   1 running, 400 sleeping,   0 stopped,   0 zombie
%Cpu(s):  0.4 us,  0.3 sy,  0.0 ni, 99.3 id,  0.0 wa,  0.0 hi,  0.0 si,  0.0 st
KiB Mem : 65877692 total, 48950532 free,  4738888 used, 12188272 buff/cache
KiB Swap: 33554428 total, 32270076 free,  1284352 used. 59963808 avail Mem 
--
top - 13:05:52 up 104 days,  4:47,  0 users,  load average: 0.24, 0.47, 0.49
Tasks: 401 total,   1 running, 400 sleeping,   0 stopped,   0 zombie
%Cpu(s):  0.6 us,  0.4 sy,  0.0 ni, 98.9 id,  0.0 wa,  0.0 hi,  0.1 si,  0.0 st
KiB Mem : 65877692 total, 47668380 free,  6021040 used, 12188272 buff/cache
KiB Swap: 33554428 total, 32270076 free,  1284352 used. 58681660 avail Mem 
--
top - 13:05:57 up 104 days,  4:48,  0 users,  load average: 1.34, 0.70, 0.57
Tasks: 401 total,   3 running, 398 sleeping,   0 stopped,   0 zombie
%Cpu(s): 39.6 us,  2.8 sy,  0.0 ni, 57.5 id,  0.0 wa,  0.0 hi,  0.0 si,  0.0 st
KiB Mem : 65877692 total, 32790320 free, 20899100 used, 12188272 buff/cache
KiB Swap: 33554428 total, 32270076 free,  1284352 used. 43803604 avail Mem 
--
top - 13:06:02 up 104 days,  4:48,  0 users,  load average: 2.20, 0.88, 0.63
Tasks: 402 total,   2 running, 400 sleeping,   0 stopped,   0 zombie
%Cpu(s): 35.1 us,  0.3 sy,  0.0 ni, 60.9 id,  3.7 wa,  0.0 hi,  0.1 si,  0.0 st
KiB Mem : 65877692 total, 33813180 free, 19876240 used, 12188272 buff/cache
KiB Swap: 33554428 total, 32270076 free,  1284352 used. 44826464 avail Mem 
--
top - 13:06:07 up 104 days,  4:48,  0 users,  load average: 3.30, 1.13, 0.71
Tasks: 401 total,   1 running, 400 sleeping,   0 stopped,   0 zombie
%Cpu(s): 26.1 us,  0.4 sy,  0.0 ni, 61.0 id, 12.5 wa,  0.0 hi,  0.0 si,  0.0 st
KiB Mem : 65877692 total, 38683036 free, 15006376 used, 12188280 buff/cache
KiB Swap: 33554428 total, 32270076 free,  1284352 used. 49696324 avail Mem 
--
top - 13:06:12 up 104 days,  4:48,  0 users,  load average: 4.00, 1.31, 0.77
Tasks: 401 total,   1 running, 400 sleeping,   0 stopped,   0 zombie
%Cpu(s): 12.0 us,  0.1 sy,  0.0 ni, 81.0 id,  6.8 wa,  0.0 hi,  0.0 si,  0.0 st
KiB Mem : 65877692 total, 42914036 free, 10775376 used, 12188280 buff/cache
KiB Swap: 33554428 total, 32270076 free,  1284352 used. 53927324 avail Mem 
--
top - 13:06:17 up 104 days,  4:48,  0 users,  load average: 3.84, 1.33, 0.78
Tasks: 404 total,   1 running, 403 sleeping,   0 stopped,   0 zombie
%Cpu(s):  3.7 us,  0.4 sy,  0.0 ni, 95.9 id,  0.0 wa,  0.0 hi,  0.0 si,  0.0 st
KiB Mem : 65877692 total, 48305604 free,  5383808 used, 12188280 buff/cache
KiB Swap: 33554428 total, 32270076 free,  1284352 used. 59318892 avail Mem 
--
top - 13:06:22 up 104 days,  4:48,  0 users,  load average: 3.53, 1.30, 0.77
Tasks: 404 total,   1 running, 403 sleeping,   0 stopped,   0 zombie
%Cpu(s):  0.1 us,  0.1 sy,  0.0 ni, 99.8 id,  0.0 wa,  0.0 hi,  0.0 si,  0.0 st
KiB Mem : 65877692 total, 49129196 free,  4560216 used, 12188280 buff/cache
KiB Swap: 33554428 total, 32270076 free,  1284352 used. 60142484 avail Mem 
--
top - 13:06:27 up 104 days,  4:48,  0 users,  load average: 3.25, 1.28, 0.77
Tasks: 405 total,   1 running, 404 sleeping,   0 stopped,   0 zombie
%Cpu(s):  0.0 us,  0.0 sy,  0.0 ni, 99.9 id,  0.0 wa,  0.0 hi,  0.0 si,  0.0 st
KiB Mem : 65877692 total, 49129872 free,  4559540 used, 12188280 buff/cache
KiB Swap: 33554428 total, 32270076 free,  1284352 used. 60143160 avail Mem 
--
top - 13:06:32 up 104 days,  4:48,  0 users,  load average: 2.99, 1.26, 0.76
Tasks: 405 total,   1 running, 404 sleeping,   0 stopped,   0 zombie
%Cpu(s):  0.0 us,  0.0 sy,  0.0 ni,100.0 id,  0.0 wa,  0.0 hi,  0.0 si,  0.0 st
KiB Mem : 65877692 total, 49130584 free,  4558828 used, 12188280 buff/cache
KiB Swap: 33554428 total, 32270076 free,  1284352 used. 60143872 avail Mem 
--
top - 13:06:37 up 104 days,  4:48,  0 users,  load average: 2.75, 1.24, 0.76
Tasks: 405 total,   1 running, 404 sleeping,   0 stopped,   0 zombie
%Cpu(s):  0.0 us,  0.0 sy,  0.0 ni, 99.9 id,  0.0 wa,  0.0 hi,  0.0 si,  0.0 st
KiB Mem : 65877692 total, 49131884 free,  4557524 used, 12188284 buff/cache
KiB Swap: 33554428 total, 32270076 free,  1284352 used. 60145172 avail Mem 
--
top - 13:06:42 up 104 days,  4:48,  0 users,  load average: 2.53, 1.22, 0.76
Tasks: 405 total,   1 running, 404 sleeping,   0 stopped,   0 zombie
%Cpu(s):  0.0 us,  0.0 sy,  0.0 ni, 99.9 id,  0.0 wa,  0.0 hi,  0.0 si,  0.0 st
KiB Mem : 65877692 total, 49132440 free,  4556968 used, 12188284 buff/cache
KiB Swap: 33554428 total, 32270076 free,  1284352 used. 60145732 avail Mem 
--
top - 13:06:47 up 104 days,  4:48,  0 users,  load average: 2.33, 1.20, 0.75
Tasks: 405 total,   1 running, 404 sleeping,   0 stopped,   0 zombie
%Cpu(s):  0.0 us,  0.0 sy,  0.0 ni, 99.9 id,  0.0 wa,  0.0 hi,  0.0 si,  0.0 st
KiB Mem : 65877692 total, 49133732 free,  4555676 used, 12188284 buff/cache
KiB Swap: 33554428 total, 32270076 free,  1284352 used. 60147024 avail Mem 
--
top - 13:06:52 up 104 days,  4:48,  0 users,  load average: 2.14, 1.18, 0.75
Tasks: 405 total,   1 running, 404 sleeping,   0 stopped,   0 zombie
%Cpu(s):  0.0 us,  0.0 sy,  0.0 ni,100.0 id,  0.0 wa,  0.0 hi,  0.0 si,  0.0 st
KiB Mem : 65877692 total, 49134136 free,  4555272 used, 12188284 buff/cache
KiB Swap: 33554428 total, 32270076 free,  1284352 used. 60147428 avail Mem 
--
top - 13:06:57 up 104 days,  4:49,  0 users,  load average: 1.97, 1.16, 0.75
Tasks: 405 total,   2 running, 403 sleeping,   0 stopped,   0 zombie
%Cpu(s):  0.0 us,  0.0 sy,  0.0 ni, 99.9 id,  0.0 wa,  0.0 hi,  0.0 si,  0.0 st
KiB Mem : 65877692 total, 49134636 free,  4554772 used, 12188284 buff/cache
KiB Swap: 33554428 total, 32270076 free,  1284352 used. 60147928 avail Mem 
--
top - 13:07:02 up 104 days,  4:49,  0 users,  load average: 1.81, 1.14, 0.74
Tasks: 402 total,   1 running, 401 sleeping,   0 stopped,   0 zombie
%Cpu(s):  0.0 us,  0.0 sy,  0.0 ni,100.0 id,  0.0 wa,  0.0 hi,  0.0 si,  0.0 st
KiB Mem : 65877692 total, 49134840 free,  4554568 used, 12188284 buff/cache
KiB Swap: 33554428 total, 32270076 free,  1284352 used. 60148132 avail Mem 
--
top - 13:07:07 up 104 days,  4:49,  0 users,  load average: 1.67, 1.12, 0.74
Tasks: 401 total,   1 running, 400 sleeping,   0 stopped,   0 zombie
%Cpu(s):  0.0 us,  0.0 sy,  0.0 ni,100.0 id,  0.0 wa,  0.0 hi,  0.0 si,  0.0 st
KiB Mem : 65877692 total, 49136380 free,  4553060 used, 12188252 buff/cache
KiB Swap: 33554428 total, 32270076 free,  1284352 used. 60149656 avail Mem 
--
top - 13:07:12 up 104 days,  4:49,  0 users,  load average: 1.53, 1.10, 0.73
Tasks: 401 total,   1 running, 400 sleeping,   0 stopped,   0 zombie
%Cpu(s):  0.0 us,  0.0 sy,  0.0 ni, 99.9 id,  0.0 wa,  0.0 hi,  0.0 si,  0.0 st
KiB Mem : 65877692 total, 49138064 free,  4551376 used, 12188252 buff/cache
KiB Swap: 33554428 total, 32270076 free,  1284352 used. 60151340 avail Mem 
--
top - 13:07:17 up 104 days,  4:49,  0 users,  load average: 1.41, 1.08, 0.73
Tasks: 401 total,   1 running, 400 sleeping,   0 stopped,   0 zombie
%Cpu(s):  0.0 us,  0.0 sy,  0.0 ni,100.0 id,  0.0 wa,  0.0 hi,  0.0 si,  0.0 st
KiB Mem : 65877692 total, 49138680 free,  4550760 used, 12188252 buff/cache
KiB Swap: 33554428 total, 32270076 free,  1284352 used. 60151956 avail Mem 
--
top - 13:07:22 up 104 days,  4:49,  0 users,  load average: 1.30, 1.07, 0.73
Tasks: 400 total,   1 running, 399 sleeping,   0 stopped,   0 zombie
%Cpu(s):  0.0 us,  0.0 sy,  0.0 ni, 99.9 id,  0.0 wa,  0.0 hi,  0.0 si,  0.0 st
KiB Mem : 65877692 total, 49139004 free,  4550436 used, 12188252 buff/cache
KiB Swap: 33554428 total, 32270076 free,  1284352 used. 60152280 avail Mem 
--
top - 13:07:27 up 104 days,  4:49,  0 users,  load average: 1.19, 1.05, 0.72
Tasks: 400 total,   1 running, 399 sleeping,   0 stopped,   0 zombie
%Cpu(s):  0.0 us,  0.0 sy,  0.0 ni, 99.9 id,  0.0 wa,  0.0 hi,  0.0 si,  0.0 st
KiB Mem : 65877692 total, 49138628 free,  4550812 used, 12188252 buff/cache
KiB Swap: 33554428 total, 32270076 free,  1284352 used. 60151904 avail Mem 
--
top - 13:07:32 up 104 days,  4:49,  0 users,  load average: 1.10, 1.03, 0.72
Tasks: 400 total,   1 running, 399 sleeping,   0 stopped,   0 zombie
%Cpu(s):  0.5 us,  0.5 sy,  0.0 ni, 99.0 id,  0.0 wa,  0.0 hi,  0.0 si,  0.0 st
KiB Mem : 65877692 total, 48389072 free,  5300364 used, 12188256 buff/cache
KiB Swap: 33554428 total, 32270076 free,  1284352 used. 59402352 avail Mem 
--
top - 13:07:37 up 104 days,  4:49,  0 users,  load average: 1.01, 1.01, 0.71
Tasks: 400 total,   1 running, 399 sleeping,   0 stopped,   0 zombie
%Cpu(s):  0.3 us,  0.3 sy,  0.0 ni, 99.3 id,  0.0 wa,  0.0 hi,  0.0 si,  0.0 st
KiB Mem : 65877692 total, 48232024 free,  5457412 used, 12188256 buff/cache
KiB Swap: 33554428 total, 32270076 free,  1284352 used. 59245304 avail Mem 
--
top - 13:07:42 up 104 days,  4:49,  0 users,  load average: 0.93, 1.00, 0.71
Tasks: 400 total,   1 running, 399 sleeping,   0 stopped,   0 zombie
%Cpu(s):  0.3 us,  0.4 sy,  0.0 ni, 99.2 id,  0.0 wa,  0.0 hi,  0.0 si,  0.0 st
KiB Mem : 65877692 total, 47609440 free,  6079996 used, 12188256 buff/cache
KiB Swap: 33554428 total, 32270076 free,  1284352 used. 58622720 avail Mem 
--
top - 13:07:47 up 104 days,  4:49,  0 users,  load average: 0.85, 0.98, 0.71
Tasks: 400 total,   1 running, 399 sleeping,   0 stopped,   0 zombie
%Cpu(s):  0.3 us,  0.3 sy,  0.0 ni, 99.4 id,  0.0 wa,  0.0 hi,  0.0 si,  0.0 st
KiB Mem : 65877692 total, 47065668 free,  6623768 used, 12188256 buff/cache
KiB Swap: 33554428 total, 32270096 free,  1284332 used. 58078948 avail Mem 
--
top - 13:07:52 up 104 days,  4:49,  0 users,  load average: 0.79, 0.97, 0.70
Tasks: 398 total,   2 running, 396 sleeping,   0 stopped,   0 zombie
%Cpu(s): 10.8 us,  1.3 sy,  0.0 ni, 87.8 id,  0.0 wa,  0.0 hi,  0.0 si,  0.0 st
KiB Mem : 65877692 total, 43208264 free, 10481172 used, 12188256 buff/cache
KiB Swap: 33554428 total, 32270096 free,  1284332 used. 54221544 avail Mem 
--
top - 13:07:57 up 104 days,  4:50,  0 users,  load average: 1.68, 1.15, 0.76
Tasks: 398 total,   1 running, 397 sleeping,   0 stopped,   0 zombie
%Cpu(s): 30.8 us,  1.4 sy,  0.0 ni, 67.8 id,  0.0 wa,  0.0 hi,  0.0 si,  0.0 st
KiB Mem : 65877692 total, 36559684 free, 17129752 used, 12188256 buff/cache
KiB Swap: 33554428 total, 32270096 free,  1284332 used. 47572964 avail Mem 
--
top - 13:08:02 up 104 days,  4:50,  0 users,  load average: 2.11, 1.25, 0.80
Tasks: 401 total,   1 running, 400 sleeping,   0 stopped,   0 zombie
%Cpu(s): 22.4 us,  0.4 sy,  0.0 ni, 76.8 id,  0.3 wa,  0.0 hi,  0.0 si,  0.0 st
KiB Mem : 65877692 total, 37404288 free, 16285276 used, 12188128 buff/cache
KiB Swap: 33554428 total, 32270096 free,  1284332 used. 48417504 avail Mem 
--
top - 13:08:07 up 104 days,  4:50,  0 users,  load average: 2.34, 1.31, 0.82
Tasks: 401 total,   1 running, 400 sleeping,   0 stopped,   0 zombie
%Cpu(s): 16.6 us,  0.2 sy,  0.0 ni, 83.2 id,  0.0 wa,  0.0 hi,  0.0 si,  0.0 st
KiB Mem : 65877692 total, 40201580 free, 13487984 used, 12188128 buff/cache
KiB Swap: 33554428 total, 32270096 free,  1284332 used. 51214796 avail Mem 
--
top - 13:08:12 up 104 days,  4:50,  0 users,  load average: 2.39, 1.34, 0.83
Tasks: 401 total,   1 running, 400 sleeping,   0 stopped,   0 zombie
%Cpu(s):  6.8 us,  0.0 sy,  0.0 ni, 93.2 id,  0.0 wa,  0.0 hi,  0.0 si,  0.0 st
KiB Mem : 65877692 total, 43418280 free, 10271284 used, 12188128 buff/cache
KiB Swap: 33554428 total, 32270096 free,  1284332 used. 54431496 avail Mem 
--
top - 13:08:17 up 104 days,  4:50,  0 users,  load average: 2.28, 1.33, 0.83
Tasks: 401 total,   2 running, 399 sleeping,   0 stopped,   0 zombie
%Cpu(s):  2.9 us,  0.2 sy,  0.0 ni, 96.9 id,  0.0 wa,  0.0 hi,  0.0 si,  0.0 st
KiB Mem : 65877692 total, 43492516 free, 10197048 used, 12188128 buff/cache
KiB Swap: 33554428 total, 32270096 free,  1284332 used. 54505732 avail Mem 
--
top - 13:08:22 up 104 days,  4:50,  0 users,  load average: 2.18, 1.33, 0.83
Tasks: 401 total,   1 running, 400 sleeping,   0 stopped,   0 zombie
%Cpu(s):  3.1 us,  0.0 sy,  0.0 ni, 96.9 id,  0.0 wa,  0.0 hi,  0.0 si,  0.0 st
KiB Mem : 65877692 total, 43493136 free, 10196428 used, 12188128 buff/cache
KiB Swap: 33554428 total, 32270096 free,  1284332 used. 54506352 avail Mem 
--
top - 13:08:27 up 104 days,  4:50,  0 users,  load average: 2.09, 1.32, 0.83
Tasks: 401 total,   1 running, 400 sleeping,   0 stopped,   0 zombie
%Cpu(s):  2.4 us,  0.3 sy,  0.0 ni, 97.4 id,  0.0 wa,  0.0 hi,  0.0 si,  0.0 st
KiB Mem : 65877692 total, 46427224 free,  7262336 used, 12188132 buff/cache
KiB Swap: 33554428 total, 32270096 free,  1284332 used. 57440880 avail Mem 
--
top - 13:08:32 up 104 days,  4:50,  0 users,  load average: 1.92, 1.30, 0.83
Tasks: 401 total,   1 running, 400 sleeping,   0 stopped,   0 zombie
%Cpu(s):  0.1 us,  0.1 sy,  0.0 ni, 99.8 id,  0.0 wa,  0.0 hi,  0.0 si,  0.0 st
KiB Mem : 65877692 total, 47301924 free,  6387636 used, 12188132 buff/cache
KiB Swap: 33554428 total, 32270096 free,  1284332 used. 58315144 avail Mem 
--
top - 13:08:37 up 104 days,  4:50,  0 users,  load average: 1.76, 1.28, 0.82
Tasks: 401 total,   1 running, 400 sleeping,   0 stopped,   0 zombie
%Cpu(s):  0.0 us,  0.0 sy,  0.0 ni, 99.9 id,  0.0 wa,  0.0 hi,  0.0 si,  0.0 st
KiB Mem : 65877692 total, 47303740 free,  6385820 used, 12188132 buff/cache
KiB Swap: 33554428 total, 32270096 free,  1284332 used. 58316960 avail Mem 
--
top - 13:08:42 up 104 days,  4:50,  0 users,  load average: 1.62, 1.26, 0.82
Tasks: 401 total,   1 running, 400 sleeping,   0 stopped,   0 zombie
%Cpu(s):  0.0 us,  0.0 sy,  0.0 ni, 99.9 id,  0.0 wa,  0.0 hi,  0.0 si,  0.0 st
KiB Mem : 65877692 total, 47305492 free,  6384068 used, 12188132 buff/cache
KiB Swap: 33554428 total, 32270096 free,  1284332 used. 58318712 avail Mem 
--
top - 13:08:47 up 104 days,  4:50,  0 users,  load average: 1.49, 1.23, 0.82
Tasks: 401 total,   1 running, 400 sleeping,   0 stopped,   0 zombie
%Cpu(s):  0.0 us,  0.0 sy,  0.0 ni, 99.9 id,  0.1 wa,  0.0 hi,  0.0 si,  0.0 st
KiB Mem : 65877692 total, 47307112 free,  6382448 used, 12188132 buff/cache
KiB Swap: 33554428 total, 32270096 free,  1284332 used. 58320332 avail Mem 
--
top - 13:08:52 up 104 days,  4:51,  0 users,  load average: 1.37, 1.21, 0.81
Tasks: 401 total,   1 running, 400 sleeping,   0 stopped,   0 zombie
%Cpu(s):  0.0 us,  0.0 sy,  0.0 ni,100.0 id,  0.0 wa,  0.0 hi,  0.0 si,  0.0 st
KiB Mem : 65877692 total, 47307736 free,  6381824 used, 12188132 buff/cache
KiB Swap: 33554428 total, 32270096 free,  1284332 used. 58320956 avail Mem 
--
top - 13:08:57 up 104 days,  4:51,  0 users,  load average: 1.26, 1.19, 0.81
Tasks: 401 total,   1 running, 400 sleeping,   0 stopped,   0 zombie
%Cpu(s):  0.0 us,  0.0 sy,  0.0 ni,100.0 id,  0.0 wa,  0.0 hi,  0.0 si,  0.0 st
KiB Mem : 65877692 total, 47308764 free,  6380796 used, 12188132 buff/cache
KiB Swap: 33554428 total, 32270096 free,  1284332 used. 58321984 avail Mem 
--
top - 13:09:02 up 104 days,  4:51,  0 users,  load average: 1.16, 1.17, 0.80
Tasks: 399 total,   1 running, 398 sleeping,   0 stopped,   0 zombie
%Cpu(s):  0.0 us,  0.0 sy,  0.0 ni, 99.9 id,  0.0 wa,  0.0 hi,  0.0 si,  0.0 st
KiB Mem : 65877692 total, 47309524 free,  6380036 used, 12188132 buff/cache
KiB Swap: 33554428 total, 32270096 free,  1284332 used. 58322744 avail Mem 
--
top - 13:09:07 up 104 days,  4:51,  0 users,  load average: 1.07, 1.15, 0.80
Tasks: 399 total,   1 running, 398 sleeping,   0 stopped,   0 zombie
%Cpu(s):  0.0 us,  0.0 sy,  0.0 ni, 99.9 id,  0.0 wa,  0.0 hi,  0.0 si,  0.0 st
KiB Mem : 65877692 total, 47309836 free,  6379724 used, 12188132 buff/cache
KiB Swap: 33554428 total, 32270096 free,  1284332 used. 58323056 avail Mem 
--
top - 13:09:12 up 104 days,  4:51,  0 users,  load average: 0.98, 1.14, 0.79
Tasks: 399 total,   1 running, 398 sleeping,   0 stopped,   0 zombie
%Cpu(s):  0.0 us,  0.0 sy,  0.0 ni, 99.9 id,  0.0 wa,  0.0 hi,  0.0 si,  0.0 st
KiB Mem : 65877692 total, 47310144 free,  6379416 used, 12188132 buff/cache
KiB Swap: 33554428 total, 32270096 free,  1284332 used. 58323364 avail Mem 
--
top - 13:09:17 up 104 days,  4:51,  0 users,  load average: 0.91, 1.12, 0.79
Tasks: 399 total,   1 running, 398 sleeping,   0 stopped,   0 zombie
%Cpu(s):  0.0 us,  0.0 sy,  0.0 ni, 99.9 id,  0.0 wa,  0.0 hi,  0.0 si,  0.0 st
KiB Mem : 65877692 total, 47310584 free,  6378972 used, 12188136 buff/cache
KiB Swap: 33554428 total, 32270096 free,  1284332 used. 58323808 avail Mem 
--
top - 13:09:22 up 104 days,  4:51,  0 users,  load average: 0.83, 1.10, 0.79
Tasks: 399 total,   1 running, 398 sleeping,   0 stopped,   0 zombie
%Cpu(s):  0.0 us,  0.0 sy,  0.0 ni,100.0 id,  0.0 wa,  0.0 hi,  0.0 si,  0.0 st
KiB Mem : 65877692 total, 47306296 free,  6383260 used, 12188136 buff/cache
KiB Swap: 33554428 total, 32270096 free,  1284332 used. 58319520 avail Mem 
--
top - 13:09:27 up 104 days,  4:51,  0 users,  load average: 0.77, 1.08, 0.78
Tasks: 399 total,   1 running, 398 sleeping,   0 stopped,   0 zombie
%Cpu(s):  0.0 us,  0.0 sy,  0.0 ni, 99.9 id,  0.0 wa,  0.0 hi,  0.0 si,  0.0 st
KiB Mem : 65877692 total, 47305844 free,  6383712 used, 12188136 buff/cache
KiB Swap: 33554428 total, 32270096 free,  1284332 used. 58319068 avail Mem 
--
top - 13:09:32 up 104 days,  4:51,  0 users,  load average: 0.70, 1.06, 0.78
Tasks: 399 total,   1 running, 398 sleeping,   0 stopped,   0 zombie
%Cpu(s):  0.0 us,  0.0 sy,  0.0 ni, 99.9 id,  0.0 wa,  0.0 hi,  0.0 si,  0.0 st
KiB Mem : 65877692 total, 47302380 free,  6387176 used, 12188136 buff/cache
KiB Swap: 33554428 total, 32270096 free,  1284332 used. 58315604 avail Mem 
--
top - 13:09:37 up 104 days,  4:51,  0 users,  load average: 0.65, 1.04, 0.77
Tasks: 399 total,   1 running, 398 sleeping,   0 stopped,   0 zombie
%Cpu(s):  0.4 us,  0.4 sy,  0.0 ni, 99.2 id,  0.0 wa,  0.0 hi,  0.0 si,  0.0 st
KiB Mem : 65877692 total, 46744216 free,  6945340 used, 12188136 buff/cache
KiB Swap: 33554428 total, 32270096 free,  1284332 used. 57757440 avail Mem 
--
top - 13:09:42 up 104 days,  4:51,  0 users,  load average: 0.68, 1.04, 0.77
Tasks: 399 total,   1 running, 398 sleeping,   0 stopped,   0 zombie
%Cpu(s):  0.7 us,  0.6 sy,  0.0 ni, 98.7 id,  0.0 wa,  0.0 hi,  0.0 si,  0.0 st
KiB Mem : 65877692 total, 46354164 free,  7335392 used, 12188136 buff/cache
KiB Swap: 33554428 total, 32270096 free,  1284332 used. 57367388 avail Mem 
--
top - 13:09:48 up 104 days,  4:51,  0 users,  load average: 0.70, 1.04, 0.77
Tasks: 399 total,   1 running, 398 sleeping,   0 stopped,   0 zombie
%Cpu(s):  0.7 us,  0.4 sy,  0.0 ni, 98.8 id,  0.0 wa,  0.0 hi,  0.0 si,  0.0 st
KiB Mem : 65877692 total, 45551840 free,  8137716 used, 12188136 buff/cache
KiB Swap: 33554428 total, 32270096 free,  1284332 used. 56565064 avail Mem 
--
top - 13:09:53 up 104 days,  4:52,  0 users,  load average: 0.73, 1.04, 0.78
Tasks: 399 total,   1 running, 398 sleeping,   0 stopped,   0 zombie
%Cpu(s):  0.3 us,  0.3 sy,  0.0 ni, 99.4 id,  0.0 wa,  0.0 hi,  0.0 si,  0.0 st
KiB Mem : 65877692 total, 45233048 free,  8456508 used, 12188136 buff/cache
KiB Swap: 33554428 total, 32270096 free,  1284332 used. 56246272 avail Mem 
--
top - 13:09:58 up 104 days,  4:52,  0 users,  load average: 0.61, 1.01, 0.77
Tasks: 399 total,   1 running, 398 sleeping,   0 stopped,   0 zombie
%Cpu(s):  0.2 us,  0.2 sy,  0.0 ni, 99.6 id,  0.0 wa,  0.0 hi,  0.0 si,  0.0 st
KiB Mem : 65877692 total, 45008008 free,  8681548 used, 12188136 buff/cache
KiB Swap: 33554428 total, 32270096 free,  1284332 used. 56021232 avail Mem 
--
top - 13:10:03 up 104 days,  4:52,  0 users,  load average: 1.21, 1.12, 0.81
Tasks: 401 total,   2 running, 399 sleeping,   0 stopped,   0 zombie
%Cpu(s): 30.0 us,  1.9 sy,  0.0 ni, 67.7 id,  0.4 wa,  0.0 hi,  0.0 si,  0.0 st
KiB Mem : 65877692 total, 35820868 free, 17868624 used, 12188200 buff/cache
KiB Swap: 33554428 total, 32270096 free,  1284332 used. 46834112 avail Mem 
--
top - 13:10:08 up 104 days,  4:52,  0 users,  load average: 1.51, 1.19, 0.83
Tasks: 401 total,   1 running, 400 sleeping,   0 stopped,   0 zombie
%Cpu(s): 23.7 us,  0.2 sy,  0.0 ni, 76.0 id,  0.0 wa,  0.0 hi,  0.0 si,  0.0 st
KiB Mem : 65877692 total, 36202396 free, 17487124 used, 12188172 buff/cache
KiB Swap: 33554428 total, 32270096 free,  1284332 used. 47215644 avail Mem 
--
top - 13:10:13 up 104 days,  4:52,  0 users,  load average: 1.63, 1.22, 0.84
Tasks: 401 total,   1 running, 400 sleeping,   0 stopped,   0 zombie
%Cpu(s): 16.4 us,  0.1 sy,  0.0 ni, 83.5 id,  0.0 wa,  0.0 hi,  0.0 si,  0.0 st
KiB Mem : 65877692 total, 39439732 free, 14249784 used, 12188176 buff/cache
KiB Swap: 33554428 total, 32270096 free,  1284332 used. 50452980 avail Mem 
--
top - 13:10:18 up 104 days,  4:52,  0 users,  load average: 1.58, 1.22, 0.84
Tasks: 401 total,   1 running, 400 sleeping,   0 stopped,   0 zombie
%Cpu(s):  7.5 us,  0.3 sy,  0.0 ni, 92.3 id,  0.0 wa,  0.0 hi,  0.0 si,  0.0 st
KiB Mem : 65877692 total, 42223804 free, 11465712 used, 12188176 buff/cache
KiB Swap: 33554428 total, 32270096 free,  1284332 used. 53237052 avail Mem 
--
top - 13:10:23 up 104 days,  4:52,  0 users,  load average: 1.53, 1.21, 0.84
Tasks: 402 total,   1 running, 401 sleeping,   0 stopped,   0 zombie
%Cpu(s):  3.1 us,  0.0 sy,  0.0 ni, 96.8 id,  0.0 wa,  0.0 hi,  0.0 si,  0.0 st
KiB Mem : 65877692 total, 42224160 free, 11465356 used, 12188176 buff/cache
KiB Swap: 33554428 total, 32270096 free,  1284332 used. 53237408 avail Mem 
--
top - 13:10:28 up 104 days,  4:52,  0 users,  load average: 1.41, 1.19, 0.84
Tasks: 402 total,   1 running, 401 sleeping,   0 stopped,   0 zombie
%Cpu(s):  1.5 us,  0.3 sy,  0.0 ni, 98.1 id,  0.0 wa,  0.0 hi,  0.0 si,  0.0 st
KiB Mem : 65877692 total, 45765204 free,  7924312 used, 12188176 buff/cache
KiB Swap: 33554428 total, 32270096 free,  1284332 used. 56778456 avail Mem 
--
top - 13:10:33 up 104 days,  4:52,  0 users,  load average: 1.30, 1.17, 0.83
Tasks: 402 total,   1 running, 401 sleeping,   0 stopped,   0 zombie
%Cpu(s):  0.0 us,  0.0 sy,  0.0 ni, 99.9 id,  0.0 wa,  0.0 hi,  0.0 si,  0.0 st
KiB Mem : 65877692 total, 45767248 free,  7922268 used, 12188176 buff/cache
KiB Swap: 33554428 total, 32270096 free,  1284332 used. 56780500 avail Mem 
--
top - 13:10:38 up 104 days,  4:52,  0 users,  load average: 1.19, 1.15, 0.83
Tasks: 402 total,   1 running, 401 sleeping,   0 stopped,   0 zombie
%Cpu(s):  0.0 us,  0.0 sy,  0.0 ni,100.0 id,  0.0 wa,  0.0 hi,  0.0 si,  0.0 st
KiB Mem : 65877692 total, 45769280 free,  7920236 used, 12188176 buff/cache
KiB Swap: 33554428 total, 32270096 free,  1284332 used. 56782532 avail Mem 
--
top - 13:10:43 up 104 days,  4:52,  0 users,  load average: 1.74, 1.27, 0.87
Tasks: 402 total,   1 running, 401 sleeping,   0 stopped,   0 zombie
%Cpu(s):  0.0 us,  0.0 sy,  0.0 ni, 99.9 id,  0.0 wa,  0.0 hi,  0.0 si,  0.0 st
KiB Mem : 65877692 total, 45771136 free,  7918380 used, 12188176 buff/cache
KiB Swap: 33554428 total, 32270096 free,  1284332 used. 56784388 avail Mem 
--
top - 13:10:48 up 104 days,  4:52,  0 users,  load average: 1.60, 1.25, 0.86
Tasks: 402 total,   1 running, 401 sleeping,   0 stopped,   0 zombie
%Cpu(s):  0.0 us,  0.0 sy,  0.0 ni,100.0 id,  0.0 wa,  0.0 hi,  0.0 si,  0.0 st
KiB Mem : 65877692 total, 45772888 free,  7916628 used, 12188176 buff/cache
KiB Swap: 33554428 total, 32270096 free,  1284332 used. 56786140 avail Mem 
--
top - 13:10:53 up 104 days,  4:53,  0 users,  load average: 1.47, 1.22, 0.86
Tasks: 402 total,   1 running, 401 sleeping,   0 stopped,   0 zombie
%Cpu(s):  0.0 us,  0.0 sy,  0.0 ni, 99.9 id,  0.0 wa,  0.0 hi,  0.0 si,  0.0 st
KiB Mem : 65877692 total, 45774000 free,  7915516 used, 12188176 buff/cache
KiB Swap: 33554428 total, 32270096 free,  1284332 used. 56787252 avail Mem 
--
top - 13:10:58 up 104 days,  4:53,  0 users,  load average: 1.35, 1.20, 0.85
Tasks: 402 total,   1 running, 401 sleeping,   0 stopped,   0 zombie
%Cpu(s):  0.0 us,  0.0 sy,  0.0 ni, 99.9 id,  0.0 wa,  0.0 hi,  0.0 si,  0.0 st
KiB Mem : 65877692 total, 45775408 free,  7914108 used, 12188176 buff/cache
KiB Swap: 33554428 total, 32270096 free,  1284332 used. 56788660 avail Mem 
--
top - 13:11:03 up 104 days,  4:53,  0 users,  load average: 1.24, 1.18, 0.85
Tasks: 402 total,   1 running, 401 sleeping,   0 stopped,   0 zombie
%Cpu(s):  0.0 us,  0.0 sy,  0.0 ni, 99.9 id,  0.0 wa,  0.0 hi,  0.0 si,  0.0 st
KiB Mem : 65877692 total, 45776304 free,  7913212 used, 12188176 buff/cache
KiB Swap: 33554428 total, 32270096 free,  1284332 used. 56789556 avail Mem 
--
top - 13:11:08 up 104 days,  4:53,  0 users,  load average: 1.14, 1.16, 0.85
Tasks: 402 total,   1 running, 401 sleeping,   0 stopped,   0 zombie
%Cpu(s):  0.0 us,  0.0 sy,  0.0 ni, 99.9 id,  0.0 wa,  0.0 hi,  0.0 si,  0.0 st
KiB Mem : 65877692 total, 45777100 free,  7912412 used, 12188180 buff/cache
KiB Swap: 33554428 total, 32270096 free,  1284332 used. 56790356 avail Mem 
--
top - 13:11:13 up 104 days,  4:53,  0 users,  load average: 1.05, 1.15, 0.84
Tasks: 400 total,   1 running, 399 sleeping,   0 stopped,   0 zombie
%Cpu(s):  0.0 us,  0.0 sy,  0.0 ni, 99.9 id,  0.0 wa,  0.0 hi,  0.0 si,  0.0 st
KiB Mem : 65877692 total, 45774324 free,  7915188 used, 12188180 buff/cache
KiB Swap: 33554428 total, 32270096 free,  1284332 used. 56787580 avail Mem 
--
top - 13:11:18 up 104 days,  4:53,  0 users,  load average: 0.97, 1.13, 0.84
Tasks: 398 total,   1 running, 397 sleeping,   0 stopped,   0 zombie
%Cpu(s):  0.0 us,  0.0 sy,  0.0 ni,100.0 id,  0.0 wa,  0.0 hi,  0.0 si,  0.0 st
KiB Mem : 65877692 total, 45775272 free,  7914272 used, 12188148 buff/cache
KiB Swap: 33554428 total, 32270096 free,  1284332 used. 56788512 avail Mem 
--
top - 13:11:23 up 104 days,  4:53,  0 users,  load average: 0.89, 1.11, 0.83
Tasks: 398 total,   1 running, 397 sleeping,   0 stopped,   0 zombie
%Cpu(s):  0.0 us,  0.0 sy,  0.0 ni, 99.9 id,  0.0 wa,  0.0 hi,  0.0 si,  0.0 st
KiB Mem : 65877692 total, 45773880 free,  7915664 used, 12188148 buff/cache
KiB Swap: 33554428 total, 32270096 free,  1284332 used. 56787120 avail Mem 
--
top - 13:11:28 up 104 days,  4:53,  0 users,  load average: 0.82, 1.09, 0.83
Tasks: 397 total,   1 running, 396 sleeping,   0 stopped,   0 zombie
%Cpu(s):  0.0 us,  0.0 sy,  0.0 ni, 99.9 id,  0.0 wa,  0.0 hi,  0.0 si,  0.0 st
KiB Mem : 65877692 total, 45773340 free,  7916204 used, 12188148 buff/cache
KiB Swap: 33554428 total, 32270096 free,  1284332 used. 56786580 avail Mem 
--
top - 13:11:33 up 104 days,  4:53,  0 users,  load average: 0.75, 1.07, 0.82
Tasks: 397 total,   1 running, 396 sleeping,   0 stopped,   0 zombie
%Cpu(s):  0.2 us,  0.2 sy,  0.0 ni, 99.6 id,  0.0 wa,  0.0 hi,  0.0 si,  0.0 st
KiB Mem : 65877692 total, 45585356 free,  8104188 used, 12188148 buff/cache
KiB Swap: 33554428 total, 32270096 free,  1284332 used. 56598596 avail Mem 
--
top - 13:11:38 up 104 days,  4:53,  0 users,  load average: 0.69, 1.05, 0.82
Tasks: 397 total,   2 running, 395 sleeping,   0 stopped,   0 zombie
%Cpu(s):  0.6 us,  0.6 sy,  0.0 ni, 98.7 id,  0.0 wa,  0.0 hi,  0.0 si,  0.0 st
KiB Mem : 65877692 total, 44586868 free,  9102676 used, 12188148 buff/cache
KiB Swap: 33554428 total, 32270096 free,  1284332 used. 55600108 avail Mem 
--
top - 13:11:43 up 104 days,  4:53,  0 users,  load average: 0.64, 1.04, 0.81
Tasks: 397 total,   1 running, 396 sleeping,   0 stopped,   0 zombie
%Cpu(s):  0.3 us,  0.2 sy,  0.0 ni, 99.4 id,  0.0 wa,  0.0 hi,  0.0 si,  0.0 st
KiB Mem : 65877692 total, 44467312 free,  9222232 used, 12188148 buff/cache
KiB Swap: 33554428 total, 32270096 free,  1284332 used. 55480552 avail Mem 
--
top - 13:11:48 up 104 days,  4:53,  0 users,  load average: 0.59, 1.02, 0.81
Tasks: 397 total,   1 running, 396 sleeping,   0 stopped,   0 zombie
%Cpu(s):  0.4 us,  0.5 sy,  0.0 ni, 99.0 id,  0.0 wa,  0.0 hi,  0.0 si,  0.0 st
KiB Mem : 65877692 total, 43781556 free,  9907988 used, 12188148 buff/cache
KiB Swap: 33554428 total, 32270096 free,  1284332 used. 54794796 avail Mem 
--
top - 13:11:53 up 104 days,  4:54,  0 users,  load average: 0.54, 1.00, 0.81
Tasks: 397 total,   1 running, 396 sleeping,   0 stopped,   0 zombie
%Cpu(s):  0.4 us,  0.4 sy,  0.0 ni, 99.2 id,  0.0 wa,  0.0 hi,  0.1 si,  0.0 st
KiB Mem : 65877692 total, 43190616 free, 10498928 used, 12188148 buff/cache
KiB Swap: 33554428 total, 32270096 free,  1284332 used. 54203856 avail Mem 
--
top - 13:11:58 up 104 days,  4:54,  0 users,  load average: 1.94, 1.28, 0.90
Tasks: 397 total,   2 running, 395 sleeping,   0 stopped,   0 zombie
%Cpu(s): 12.3 us,  2.7 sy,  0.0 ni, 85.0 id,  0.0 wa,  0.0 hi,  0.1 si,  0.0 st
KiB Mem : 65877692 total, 32854156 free, 20835388 used, 12188148 buff/cache
KiB Swap: 33554428 total, 32270096 free,  1284332 used. 43861252 avail Mem 
--
top - 13:12:03 up 104 days,  4:54,  0 users,  load average: 2.66, 1.45, 0.95
Tasks: 401 total,   1 running, 400 sleeping,   0 stopped,   0 zombie
%Cpu(s): 36.6 us,  1.1 sy,  0.0 ni, 61.9 id,  0.3 wa,  0.0 hi,  0.0 si,  0.0 st
KiB Mem : 65877692 total, 28407460 free, 25282056 used, 12188176 buff/cache
KiB Swap: 33554428 total, 32270096 free,  1284332 used. 39420716 avail Mem 
--
top - 13:12:08 up 104 days,  4:54,  0 users,  load average: 3.01, 1.54, 0.98
Tasks: 401 total,   1 running, 400 sleeping,   0 stopped,   0 zombie
%Cpu(s): 28.2 us,  0.0 sy,  0.0 ni, 71.7 id,  0.0 wa,  0.0 hi,  0.0 si,  0.0 st
KiB Mem : 65877692 total, 30979240 free, 22710276 used, 12188176 buff/cache
KiB Swap: 33554428 total, 32270096 free,  1284332 used. 41992496 avail Mem 
--
top - 13:12:13 up 104 days,  4:54,  0 users,  load average: 3.17, 1.60, 1.01
Tasks: 401 total,   1 running, 400 sleeping,   0 stopped,   0 zombie
%Cpu(s): 19.8 us,  0.4 sy,  0.0 ni, 79.8 id,  0.0 wa,  0.0 hi,  0.0 si,  0.0 st
KiB Mem : 65877692 total, 34098748 free, 19590768 used, 12188176 buff/cache
KiB Swap: 33554428 total, 32270096 free,  1284332 used. 45112004 avail Mem 
--
top - 13:12:18 up 104 days,  4:54,  0 users,  load average: 3.16, 1.62, 1.02
Tasks: 401 total,   1 running, 400 sleeping,   0 stopped,   0 zombie
%Cpu(s): 10.8 us,  0.2 sy,  0.0 ni, 89.0 id,  0.0 wa,  0.0 hi,  0.0 si,  0.0 st
KiB Mem : 65877692 total, 35587264 free, 18102252 used, 12188176 buff/cache
KiB Swap: 33554428 total, 32270096 free,  1284332 used. 46600520 avail Mem 
--
top - 13:12:23 up 104 days,  4:54,  0 users,  load average: 2.98, 1.61, 1.02
Tasks: 401 total,   1 running, 400 sleeping,   0 stopped,   0 zombie
%Cpu(s):  7.3 us,  0.4 sy,  0.0 ni, 92.2 id,  0.0 wa,  0.0 hi,  0.0 si,  0.0 st
KiB Mem : 65877692 total, 38902764 free, 14786752 used, 12188176 buff/cache
KiB Swap: 33554428 total, 32270096 free,  1284332 used. 49916020 avail Mem 
--
top - 13:12:28 up 104 days,  4:54,  0 users,  load average: 2.82, 1.60, 1.02
Tasks: 400 total,   1 running, 399 sleeping,   0 stopped,   0 zombie
%Cpu(s):  3.1 us,  0.0 sy,  0.0 ni, 96.8 id,  0.0 wa,  0.0 hi,  0.0 si,  0.0 st
KiB Mem : 65877692 total, 38903096 free, 14786420 used, 12188176 buff/cache
KiB Swap: 33554428 total, 32270096 free,  1284332 used. 49916352 avail Mem 
--
top - 13:12:33 up 104 days,  4:54,  0 users,  load average: 2.68, 1.59, 1.02
Tasks: 400 total,   1 running, 399 sleeping,   0 stopped,   0 zombie
%Cpu(s):  3.1 us,  0.0 sy,  0.0 ni, 96.9 id,  0.0 wa,  0.0 hi,  0.0 si,  0.0 st
KiB Mem : 65877692 total, 38903220 free, 14786296 used, 12188176 buff/cache
KiB Swap: 33554428 total, 32270096 free,  1284332 used. 49916476 avail Mem 
