10.149.0.31
2023/12/26 13:30:54 Master node address: http://10.149.0.54:8000
2023/12/26 13:30:54 Benchmarking worker...
2023/12/26 13:30:56 Worker registered (1836 MCUPS). Waiting for work...
2023/12/26 13:32:31 Got work. Start calculating alignments...
2023/12/26 13:32:31 Calculating 44 queries
2023/12/26 13:32:45 Done calculating alignments.
2023/12/26 13:32:45 Waiting for work...
2023/12/26 13:34:21 Got work. Start calculating alignments...
2023/12/26 13:34:21 Calculating 45 queries
2023/12/26 13:34:30 Done calculating alignments.
2023/12/26 13:34:30 Waiting for work...
2023/12/26 13:36:06 Got work. Start calculating alignments...
2023/12/26 13:36:06 Calculating 45 queries
2023/12/26 13:36:14 Done calculating alignments.
2023/12/26 13:36:14 Waiting for work...
2023/12/26 13:37:47 Got work. Start calculating alignments...
2023/12/26 13:37:47 Calculating 44 queries
2023/12/26 13:37:49 Done calculating alignments.
2023/12/26 13:37:49 Waiting for work...
2023/12/26 13:39:33 Got work. Start calculating alignments...
2023/12/26 13:39:33 Calculating 45 queries
2023/12/26 13:39:38 Done calculating alignments.
2023/12/26 13:39:38 Waiting for work...
slurmstepd: error: *** JOB 4751335 ON node031 CANCELLED AT 2023-12-26T13:39:59 ***
