10.149.0.43
2023/12/26 14:23:05 Master node address: http://10.149.0.62:8000
2023/12/26 14:23:05 Benchmarking worker...
2023/12/26 14:23:06 Worker registered (1837 MCUPS). Waiting for work...
2023/12/26 14:24:48 Got work. Start calculating alignments...
2023/12/26 14:24:48 Calculating 44 queries
2023/12/26 14:24:50 Done calculating alignments.
2023/12/26 14:24:50 Waiting for work...
2023/12/26 14:26:32 Got work. Start calculating alignments...
2023/12/26 14:26:32 Calculating 44 queries
2023/12/26 14:26:43 Done calculating alignments.
2023/12/26 14:26:43 Waiting for work...
2023/12/26 14:28:28 Got work. Start calculating alignments...
2023/12/26 14:28:28 Calculating 45 queries
2023/12/26 14:28:41 Done calculating alignments.
2023/12/26 14:28:41 Waiting for work...
2023/12/26 14:30:24 Got work. Start calculating alignments...
2023/12/26 14:30:24 Calculating 45 queries
2023/12/26 14:30:36 Done calculating alignments.
2023/12/26 14:30:36 Waiting for work...
2023/12/26 14:32:14 Got work. Start calculating alignments...
2023/12/26 14:32:14 Calculating 44 queries
2023/12/26 14:32:16 Done calculating alignments.
2023/12/26 14:32:16 Waiting for work...
slurmstepd: error: *** JOB 4751416 ON node043 CANCELLED AT 2023-12-26T14:32:41 ***
