Job id: 4751406
Worker ip: 10.149.0.33
Master ip: 10.149.0.62
--
top - 14:23:03 up 104 days,  6:06,  0 users,  load average: 0.08, 0.25, 0.25
Tasks: 396 total,   1 running, 395 sleeping,   0 stopped,   0 zombie
%Cpu(s):  3.0 us,  5.1 sy,  0.0 ni, 89.1 id,  2.6 wa,  0.0 hi,  0.2 si,  0.0 st
KiB Mem : 65877712 total, 55477392 free,  1092392 used,  9307928 buff/cache
KiB Swap: 33554428 total, 32340976 free,  1213452 used. 63653140 avail Mem 
--
top - 14:23:08 up 104 days,  6:06,  0 users,  load average: 0.15, 0.26, 0.26
Tasks: 410 total,   1 running, 409 sleeping,   0 stopped,   0 zombie
%Cpu(s):  1.8 us,  0.6 sy,  0.0 ni, 97.4 id,  0.2 wa,  0.0 hi,  0.0 si,  0.0 st
KiB Mem : 65877712 total, 55458164 free,  1104860 used,  9314688 buff/cache
KiB Swap: 33554428 total, 32340976 free,  1213452 used. 63640408 avail Mem 
--
top - 14:23:13 up 104 days,  6:06,  0 users,  load average: 0.14, 0.26, 0.26
Tasks: 410 total,   1 running, 409 sleeping,   0 stopped,   0 zombie
%Cpu(s):  0.0 us,  0.0 sy,  0.0 ni,100.0 id,  0.0 wa,  0.0 hi,  0.0 si,  0.0 st
KiB Mem : 65877712 total, 55458756 free,  1104268 used,  9314688 buff/cache
KiB Swap: 33554428 total, 32340976 free,  1213452 used. 63641004 avail Mem 
--
top - 14:23:18 up 104 days,  6:06,  0 users,  load average: 0.13, 0.25, 0.26
Tasks: 410 total,   1 running, 409 sleeping,   0 stopped,   0 zombie
%Cpu(s):  0.0 us,  0.0 sy,  0.0 ni,100.0 id,  0.0 wa,  0.0 hi,  0.0 si,  0.0 st
KiB Mem : 65877712 total, 55459412 free,  1103612 used,  9314688 buff/cache
KiB Swap: 33554428 total, 32340976 free,  1213452 used. 63641664 avail Mem 
--
top - 14:23:23 up 104 days,  6:06,  0 users,  load average: 0.12, 0.25, 0.25
Tasks: 410 total,   1 running, 409 sleeping,   0 stopped,   0 zombie
%Cpu(s):  0.0 us,  0.0 sy,  0.0 ni,100.0 id,  0.0 wa,  0.0 hi,  0.0 si,  0.0 st
KiB Mem : 65877712 total, 55460776 free,  1102248 used,  9314688 buff/cache
KiB Swap: 33554428 total, 32340976 free,  1213452 used. 63643028 avail Mem 
--
top - 14:23:28 up 104 days,  6:06,  0 users,  load average: 0.11, 0.24, 0.25
Tasks: 412 total,   1 running, 411 sleeping,   0 stopped,   0 zombie
%Cpu(s):  0.0 us,  0.0 sy,  0.0 ni,100.0 id,  0.0 wa,  0.0 hi,  0.0 si,  0.0 st
KiB Mem : 65877712 total, 55460852 free,  1102172 used,  9314688 buff/cache
KiB Swap: 33554428 total, 32340976 free,  1213452 used. 63643104 avail Mem 
--
top - 14:23:33 up 104 days,  6:06,  0 users,  load average: 0.10, 0.24, 0.25
Tasks: 411 total,   1 running, 410 sleeping,   0 stopped,   0 zombie
%Cpu(s):  0.0 us,  0.0 sy,  0.0 ni,100.0 id,  0.0 wa,  0.0 hi,  0.0 si,  0.0 st
KiB Mem : 65877712 total, 55461964 free,  1101060 used,  9314688 buff/cache
KiB Swap: 33554428 total, 32340976 free,  1213452 used. 63644216 avail Mem 
--
top - 14:23:38 up 104 days,  6:06,  0 users,  load average: 0.09, 0.24, 0.25
Tasks: 411 total,   1 running, 410 sleeping,   0 stopped,   0 zombie
%Cpu(s):  0.0 us,  0.0 sy,  0.0 ni, 99.9 id,  0.0 wa,  0.0 hi,  0.0 si,  0.0 st
KiB Mem : 65877712 total, 55461708 free,  1101316 used,  9314688 buff/cache
KiB Swap: 33554428 total, 32340976 free,  1213452 used. 63643960 avail Mem 
--
top - 14:23:43 up 104 days,  6:06,  0 users,  load average: 0.08, 0.23, 0.25
Tasks: 411 total,   1 running, 410 sleeping,   0 stopped,   0 zombie
%Cpu(s):  0.0 us,  0.0 sy,  0.0 ni,100.0 id,  0.0 wa,  0.0 hi,  0.0 si,  0.0 st
KiB Mem : 65877712 total, 55462580 free,  1100444 used,  9314688 buff/cache
KiB Swap: 33554428 total, 32340976 free,  1213452 used. 63644884 avail Mem 
--
top - 14:23:48 up 104 days,  6:07,  0 users,  load average: 0.08, 0.23, 0.25
Tasks: 411 total,   1 running, 410 sleeping,   0 stopped,   0 zombie
%Cpu(s):  0.0 us,  0.0 sy,  0.0 ni,100.0 id,  0.0 wa,  0.0 hi,  0.0 si,  0.0 st
KiB Mem : 65877712 total, 55463292 free,  1099732 used,  9314688 buff/cache
KiB Swap: 33554428 total, 32340976 free,  1213452 used. 63645596 avail Mem 
--
top - 14:23:53 up 104 days,  6:07,  0 users,  load average: 0.07, 0.22, 0.25
Tasks: 411 total,   1 running, 410 sleeping,   0 stopped,   0 zombie
%Cpu(s):  0.0 us,  0.0 sy,  0.0 ni,100.0 id,  0.0 wa,  0.0 hi,  0.0 si,  0.0 st
KiB Mem : 65877712 total, 55463804 free,  1099220 used,  9314688 buff/cache
KiB Swap: 33554428 total, 32340976 free,  1213452 used. 63646108 avail Mem 
--
top - 14:23:59 up 104 days,  6:07,  0 users,  load average: 0.06, 0.22, 0.24
Tasks: 411 total,   1 running, 410 sleeping,   0 stopped,   0 zombie
%Cpu(s):  0.0 us,  0.0 sy,  0.0 ni, 99.9 id,  0.0 wa,  0.0 hi,  0.0 si,  0.0 st
KiB Mem : 65877712 total, 55463720 free,  1099300 used,  9314692 buff/cache
KiB Swap: 33554428 total, 32340976 free,  1213452 used. 63646028 avail Mem 
--
top - 14:24:04 up 104 days,  6:07,  0 users,  load average: 0.30, 0.27, 0.26
Tasks: 411 total,   1 running, 410 sleeping,   0 stopped,   0 zombie
%Cpu(s):  0.4 us,  0.2 sy,  0.0 ni, 98.7 id,  0.7 wa,  0.0 hi,  0.0 si,  0.0 st
KiB Mem : 65877712 total, 55458816 free,  1104204 used,  9314692 buff/cache
KiB Swap: 33554428 total, 32340976 free,  1213452 used. 63641216 avail Mem 
--
top - 14:24:09 up 104 days,  6:07,  0 users,  load average: 0.28, 0.26, 0.26
Tasks: 411 total,   1 running, 410 sleeping,   0 stopped,   0 zombie
%Cpu(s):  0.0 us,  0.0 sy,  0.0 ni, 99.9 id,  0.0 wa,  0.0 hi,  0.0 si,  0.0 st
KiB Mem : 65877712 total, 55460532 free,  1102488 used,  9314692 buff/cache
KiB Swap: 33554428 total, 32340976 free,  1213452 used. 63642932 avail Mem 
--
top - 14:24:14 up 104 days,  6:07,  0 users,  load average: 0.25, 0.26, 0.26
Tasks: 411 total,   1 running, 410 sleeping,   0 stopped,   0 zombie
%Cpu(s):  0.0 us,  0.0 sy,  0.0 ni,100.0 id,  0.0 wa,  0.0 hi,  0.0 si,  0.0 st
KiB Mem : 65877712 total, 55461544 free,  1101476 used,  9314692 buff/cache
KiB Swap: 33554428 total, 32340976 free,  1213452 used. 63643944 avail Mem 
--
top - 14:24:19 up 104 days,  6:07,  0 users,  load average: 0.23, 0.25, 0.25
Tasks: 411 total,   1 running, 410 sleeping,   0 stopped,   0 zombie
%Cpu(s):  0.0 us,  0.0 sy,  0.0 ni,100.0 id,  0.0 wa,  0.0 hi,  0.0 si,  0.0 st
KiB Mem : 65877712 total, 55462092 free,  1100928 used,  9314692 buff/cache
KiB Swap: 33554428 total, 32340976 free,  1213452 used. 63644492 avail Mem 
--
top - 14:24:24 up 104 days,  6:07,  0 users,  load average: 0.21, 0.25, 0.25
Tasks: 411 total,   1 running, 410 sleeping,   0 stopped,   0 zombie
%Cpu(s):  0.0 us,  0.0 sy,  0.0 ni,100.0 id,  0.0 wa,  0.0 hi,  0.0 si,  0.0 st
KiB Mem : 65877712 total, 55462604 free,  1100416 used,  9314692 buff/cache
KiB Swap: 33554428 total, 32340976 free,  1213452 used. 63645004 avail Mem 
--
top - 14:24:29 up 104 days,  6:07,  0 users,  load average: 0.20, 0.25, 0.25
Tasks: 412 total,   1 running, 411 sleeping,   0 stopped,   0 zombie
%Cpu(s):  0.0 us,  0.0 sy,  0.0 ni,100.0 id,  0.0 wa,  0.0 hi,  0.0 si,  0.0 st
KiB Mem : 65877712 total, 55463192 free,  1099828 used,  9314692 buff/cache
KiB Swap: 33554428 total, 32340976 free,  1213452 used. 63645592 avail Mem 
--
top - 14:24:34 up 104 days,  6:07,  0 users,  load average: 0.18, 0.24, 0.25
Tasks: 412 total,   1 running, 411 sleeping,   0 stopped,   0 zombie
%Cpu(s):  0.0 us,  0.0 sy,  0.0 ni,100.0 id,  0.0 wa,  0.0 hi,  0.0 si,  0.0 st
KiB Mem : 65877712 total, 55455164 free,  1107856 used,  9314692 buff/cache
KiB Swap: 33554428 total, 32340976 free,  1213452 used. 63637564 avail Mem 
--
top - 14:24:39 up 104 days,  6:07,  0 users,  load average: 0.17, 0.24, 0.25
Tasks: 412 total,   1 running, 411 sleeping,   0 stopped,   0 zombie
%Cpu(s):  0.3 us,  0.2 sy,  0.0 ni, 99.4 id,  0.0 wa,  0.0 hi,  0.0 si,  0.0 st
KiB Mem : 65877712 total, 54734364 free,  1828656 used,  9314692 buff/cache
KiB Swap: 33554428 total, 32340976 free,  1213452 used. 62916764 avail Mem 
--
top - 14:24:44 up 104 days,  6:08,  0 users,  load average: 0.15, 0.23, 0.25
Tasks: 412 total,   1 running, 411 sleeping,   0 stopped,   0 zombie
%Cpu(s):  0.0 us,  0.0 sy,  0.0 ni, 99.9 id,  0.0 wa,  0.0 hi,  0.0 si,  0.0 st
KiB Mem : 65877712 total, 54666532 free,  1896488 used,  9314692 buff/cache
KiB Swap: 33554428 total, 32340976 free,  1213452 used. 62848932 avail Mem 
--
top - 14:24:49 up 104 days,  6:08,  0 users,  load average: 0.14, 0.23, 0.25
Tasks: 412 total,   1 running, 411 sleeping,   0 stopped,   0 zombie
%Cpu(s):  0.2 us,  0.1 sy,  0.0 ni, 99.7 id,  0.0 wa,  0.0 hi,  0.0 si,  0.0 st
KiB Mem : 65877712 total, 54632808 free,  1930212 used,  9314692 buff/cache
KiB Swap: 33554428 total, 32340976 free,  1213452 used. 62815208 avail Mem 
--
top - 14:24:54 up 104 days,  6:08,  0 users,  load average: 0.13, 0.23, 0.24
Tasks: 412 total,   1 running, 411 sleeping,   0 stopped,   0 zombie
%Cpu(s):  0.2 us,  0.2 sy,  0.0 ni, 99.5 id,  0.0 wa,  0.0 hi,  0.0 si,  0.0 st
KiB Mem : 65877712 total, 54224028 free,  2338988 used,  9314696 buff/cache
KiB Swap: 33554428 total, 32340976 free,  1213452 used. 62406620 avail Mem 
--
top - 14:24:59 up 104 days,  6:08,  0 users,  load average: 0.12, 0.22, 0.24
Tasks: 412 total,   1 running, 411 sleeping,   0 stopped,   0 zombie
%Cpu(s): 12.2 us,  1.5 sy,  0.0 ni, 86.2 id,  0.0 wa,  0.0 hi,  0.0 si,  0.0 st
KiB Mem : 65877712 total, 46299164 free, 10263852 used,  9314696 buff/cache
KiB Swap: 33554428 total, 32340976 free,  1213452 used. 54481568 avail Mem 
--
top - 14:25:04 up 104 days,  6:08,  0 users,  load average: 0.43, 0.28, 0.26
Tasks: 412 total,   1 running, 411 sleeping,   0 stopped,   0 zombie
%Cpu(s): 15.6 us,  0.0 sy,  0.0 ni, 84.3 id,  0.0 wa,  0.0 hi,  0.0 si,  0.0 st
KiB Mem : 65877712 total, 46300140 free, 10262876 used,  9314696 buff/cache
KiB Swap: 33554428 total, 32340976 free,  1213452 used. 54482544 avail Mem 
--
top - 14:25:09 up 104 days,  6:08,  0 users,  load average: 0.80, 0.36, 0.29
Tasks: 412 total,   1 running, 411 sleeping,   0 stopped,   0 zombie
%Cpu(s): 11.4 us,  0.0 sy,  0.0 ni, 88.5 id,  0.0 wa,  0.0 hi,  0.0 si,  0.0 st
KiB Mem : 65877712 total, 49469480 free,  7093536 used,  9314696 buff/cache
KiB Swap: 33554428 total, 32340976 free,  1213452 used. 57651884 avail Mem 
--
top - 14:25:14 up 104 days,  6:08,  0 users,  load average: 0.73, 0.36, 0.29
Tasks: 412 total,   1 running, 411 sleeping,   0 stopped,   0 zombie
%Cpu(s):  5.9 us,  0.0 sy,  0.0 ni, 94.1 id,  0.0 wa,  0.0 hi,  0.0 si,  0.0 st
KiB Mem : 65877712 total, 50958244 free,  5604772 used,  9314696 buff/cache
KiB Swap: 33554428 total, 32340976 free,  1213452 used. 59140648 avail Mem 
--
top - 14:25:19 up 104 days,  6:08,  0 users,  load average: 0.75, 0.37, 0.29
Tasks: 412 total,   1 running, 411 sleeping,   0 stopped,   0 zombie
%Cpu(s):  1.6 us,  0.3 sy,  0.0 ni, 98.1 id,  0.0 wa,  0.0 hi,  0.0 si,  0.0 st
KiB Mem : 65877712 total, 54504452 free,  2058564 used,  9314696 buff/cache
KiB Swap: 33554428 total, 32340976 free,  1213452 used. 62686856 avail Mem 
--
top - 14:25:24 up 104 days,  6:08,  0 users,  load average: 0.69, 0.36, 0.29
Tasks: 412 total,   1 running, 411 sleeping,   0 stopped,   0 zombie
%Cpu(s):  0.0 us,  0.0 sy,  0.0 ni,100.0 id,  0.0 wa,  0.0 hi,  0.0 si,  0.0 st
KiB Mem : 65877712 total, 54508212 free,  2054804 used,  9314696 buff/cache
KiB Swap: 33554428 total, 32340976 free,  1213452 used. 62690616 avail Mem 
--
top - 14:25:29 up 104 days,  6:08,  0 users,  load average: 0.64, 0.36, 0.29
Tasks: 412 total,   1 running, 411 sleeping,   0 stopped,   0 zombie
%Cpu(s):  0.0 us,  0.0 sy,  0.0 ni,100.0 id,  0.0 wa,  0.0 hi,  0.0 si,  0.0 st
KiB Mem : 65877712 total, 54509204 free,  2053812 used,  9314696 buff/cache
KiB Swap: 33554428 total, 32340976 free,  1213452 used. 62691608 avail Mem 
--
top - 14:25:34 up 104 days,  6:08,  0 users,  load average: 0.59, 0.35, 0.29
Tasks: 412 total,   1 running, 411 sleeping,   0 stopped,   0 zombie
%Cpu(s):  0.0 us,  0.0 sy,  0.0 ni, 99.9 id,  0.1 wa,  0.0 hi,  0.0 si,  0.0 st
KiB Mem : 65877712 total, 54509684 free,  2053332 used,  9314696 buff/cache
KiB Swap: 33554428 total, 32340976 free,  1213452 used. 62692088 avail Mem 
--
top - 14:25:39 up 104 days,  6:08,  0 users,  load average: 0.54, 0.34, 0.28
Tasks: 412 total,   1 running, 411 sleeping,   0 stopped,   0 zombie
%Cpu(s):  0.0 us,  0.0 sy,  0.0 ni, 99.9 id,  0.0 wa,  0.0 hi,  0.0 si,  0.0 st
KiB Mem : 65877712 total, 54508816 free,  2054200 used,  9314696 buff/cache
KiB Swap: 33554428 total, 32340976 free,  1213452 used. 62691220 avail Mem 
--
top - 14:25:44 up 104 days,  6:09,  0 users,  load average: 0.50, 0.34, 0.28
Tasks: 412 total,   1 running, 411 sleeping,   0 stopped,   0 zombie
%Cpu(s):  0.0 us,  0.0 sy,  0.0 ni,100.0 id,  0.0 wa,  0.0 hi,  0.0 si,  0.0 st
KiB Mem : 65877712 total, 54509228 free,  2053788 used,  9314696 buff/cache
KiB Swap: 33554428 total, 32340976 free,  1213452 used. 62691632 avail Mem 
--
top - 14:25:49 up 104 days,  6:09,  0 users,  load average: 0.46, 0.33, 0.28
Tasks: 412 total,   1 running, 411 sleeping,   0 stopped,   0 zombie
%Cpu(s):  0.0 us,  0.0 sy,  0.0 ni, 99.9 id,  0.0 wa,  0.0 hi,  0.0 si,  0.0 st
KiB Mem : 65877712 total, 54503536 free,  2059476 used,  9314700 buff/cache
KiB Swap: 33554428 total, 32340976 free,  1213452 used. 62685940 avail Mem 
--
top - 14:25:54 up 104 days,  6:09,  0 users,  load average: 0.42, 0.33, 0.28
Tasks: 412 total,   1 running, 411 sleeping,   0 stopped,   0 zombie
%Cpu(s):  0.0 us,  0.0 sy,  0.0 ni,100.0 id,  0.0 wa,  0.0 hi,  0.0 si,  0.0 st
KiB Mem : 65877712 total, 54504024 free,  2058988 used,  9314700 buff/cache
KiB Swap: 33554428 total, 32340976 free,  1213452 used. 62686432 avail Mem 
--
top - 14:25:59 up 104 days,  6:09,  0 users,  load average: 0.39, 0.32, 0.28
Tasks: 412 total,   1 running, 411 sleeping,   0 stopped,   0 zombie
%Cpu(s):  0.0 us,  0.0 sy,  0.0 ni, 99.9 id,  0.0 wa,  0.0 hi,  0.0 si,  0.0 st
KiB Mem : 65877712 total, 54494344 free,  2068668 used,  9314700 buff/cache
KiB Swap: 33554428 total, 32340976 free,  1213452 used. 62676752 avail Mem 
--
top - 14:26:04 up 104 days,  6:09,  0 users,  load average: 0.52, 0.35, 0.29
Tasks: 412 total,   1 running, 411 sleeping,   0 stopped,   0 zombie
%Cpu(s):  0.4 us,  0.2 sy,  0.0 ni, 98.7 id,  0.7 wa,  0.0 hi,  0.0 si,  0.0 st
KiB Mem : 65877712 total, 54489048 free,  2073960 used,  9314704 buff/cache
KiB Swap: 33554428 total, 32340976 free,  1213452 used. 62671456 avail Mem 
--
top - 14:26:09 up 104 days,  6:09,  0 users,  load average: 0.47, 0.34, 0.29
Tasks: 412 total,   1 running, 411 sleeping,   0 stopped,   0 zombie
%Cpu(s):  0.0 us,  0.0 sy,  0.0 ni, 99.9 id,  0.0 wa,  0.0 hi,  0.0 si,  0.0 st
KiB Mem : 65877712 total, 54488600 free,  2074408 used,  9314704 buff/cache
KiB Swap: 33554428 total, 32340976 free,  1213452 used. 62671012 avail Mem 
--
top - 14:26:14 up 104 days,  6:09,  0 users,  load average: 0.44, 0.34, 0.28
Tasks: 412 total,   1 running, 411 sleeping,   0 stopped,   0 zombie
%Cpu(s):  0.0 us,  0.0 sy,  0.0 ni,100.0 id,  0.0 wa,  0.0 hi,  0.0 si,  0.0 st
KiB Mem : 65877712 total, 54489112 free,  2073896 used,  9314704 buff/cache
KiB Swap: 33554428 total, 32340976 free,  1213452 used. 62671524 avail Mem 
--
top - 14:26:19 up 104 days,  6:09,  0 users,  load average: 0.40, 0.33, 0.28
Tasks: 412 total,   1 running, 411 sleeping,   0 stopped,   0 zombie
%Cpu(s):  0.1 us,  0.2 sy,  0.0 ni, 99.7 id,  0.0 wa,  0.0 hi,  0.0 si,  0.0 st
KiB Mem : 65877712 total, 54306568 free,  2256440 used,  9314704 buff/cache
KiB Swap: 33554428 total, 32340976 free,  1213452 used. 62488980 avail Mem 
--
top - 14:26:24 up 104 days,  6:09,  0 users,  load average: 0.37, 0.33, 0.28
Tasks: 412 total,   1 running, 411 sleeping,   0 stopped,   0 zombie
%Cpu(s):  0.0 us,  0.0 sy,  0.0 ni,100.0 id,  0.0 wa,  0.0 hi,  0.0 si,  0.0 st
KiB Mem : 65877712 total, 54306424 free,  2256584 used,  9314704 buff/cache
KiB Swap: 33554428 total, 32340976 free,  1213452 used. 62488836 avail Mem 
--
top - 14:26:29 up 104 days,  6:09,  0 users,  load average: 0.34, 0.32, 0.28
Tasks: 412 total,   1 running, 411 sleeping,   0 stopped,   0 zombie
%Cpu(s):  0.4 us,  0.3 sy,  0.0 ni, 99.3 id,  0.0 wa,  0.0 hi,  0.0 si,  0.0 st
KiB Mem : 65877712 total, 53774960 free,  2788048 used,  9314704 buff/cache
KiB Swap: 33554428 total, 32340976 free,  1213452 used. 61957372 avail Mem 
--
top - 14:26:34 up 104 days,  6:09,  0 users,  load average: 0.31, 0.32, 0.28
Tasks: 412 total,   1 running, 411 sleeping,   0 stopped,   0 zombie
%Cpu(s):  1.7 us,  0.4 sy,  0.0 ni, 97.9 id,  0.0 wa,  0.0 hi,  0.0 si,  0.0 st
KiB Mem : 65877712 total, 52715764 free,  3847244 used,  9314704 buff/cache
KiB Swap: 33554428 total, 32340976 free,  1213452 used. 60894080 avail Mem 
--
top - 14:26:39 up 104 days,  6:09,  0 users,  load average: 0.45, 0.34, 0.29
Tasks: 412 total,   1 running, 411 sleeping,   0 stopped,   0 zombie
%Cpu(s):  6.0 us,  0.2 sy,  0.0 ni, 93.9 id,  0.0 wa,  0.0 hi,  0.0 si,  0.0 st
KiB Mem : 65877712 total, 52355884 free,  4207120 used,  9314708 buff/cache
KiB Swap: 33554428 total, 32340976 free,  1213452 used. 60538300 avail Mem 
--
top - 14:26:44 up 104 days,  6:10,  0 users,  load average: 0.49, 0.35, 0.29
Tasks: 412 total,   1 running, 411 sleeping,   0 stopped,   0 zombie
%Cpu(s):  3.1 us,  0.0 sy,  0.0 ni, 96.9 id,  0.0 wa,  0.0 hi,  0.0 si,  0.0 st
KiB Mem : 65877712 total, 52356460 free,  4206544 used,  9314708 buff/cache
KiB Swap: 33554428 total, 32340976 free,  1213452 used. 60538872 avail Mem 
--
top - 14:26:49 up 104 days,  6:10,  0 users,  load average: 0.53, 0.37, 0.30
Tasks: 412 total,   2 running, 410 sleeping,   0 stopped,   0 zombie
%Cpu(s):  1.3 us,  0.1 sy,  0.0 ni, 98.5 id,  0.0 wa,  0.0 hi,  0.0 si,  0.0 st
KiB Mem : 65877712 total, 54218608 free,  2344396 used,  9314708 buff/cache
KiB Swap: 33554428 total, 32340976 free,  1213452 used. 62401024 avail Mem 
--
top - 14:26:54 up 104 days,  6:10,  0 users,  load average: 0.49, 0.36, 0.29
Tasks: 412 total,   1 running, 411 sleeping,   0 stopped,   0 zombie
%Cpu(s):  0.0 us,  0.0 sy,  0.0 ni,100.0 id,  0.0 wa,  0.0 hi,  0.0 si,  0.0 st
KiB Mem : 65877712 total, 54219764 free,  2343240 used,  9314708 buff/cache
KiB Swap: 33554428 total, 32340976 free,  1213452 used. 62402180 avail Mem 
--
top - 14:26:59 up 104 days,  6:10,  0 users,  load average: 0.45, 0.35, 0.29
Tasks: 412 total,   1 running, 411 sleeping,   0 stopped,   0 zombie
%Cpu(s):  0.0 us,  0.0 sy,  0.0 ni, 99.9 id,  0.0 wa,  0.0 hi,  0.0 si,  0.0 st
KiB Mem : 65877712 total, 54219228 free,  2343776 used,  9314708 buff/cache
KiB Swap: 33554428 total, 32340976 free,  1213452 used. 62401644 avail Mem 
--
top - 14:27:04 up 104 days,  6:10,  0 users,  load average: 0.41, 0.35, 0.29
Tasks: 411 total,   1 running, 410 sleeping,   0 stopped,   0 zombie
%Cpu(s):  0.0 us,  0.0 sy,  0.0 ni, 99.9 id,  0.0 wa,  0.0 hi,  0.0 si,  0.0 st
KiB Mem : 65877712 total, 54220788 free,  2342216 used,  9314708 buff/cache
KiB Swap: 33554428 total, 32340976 free,  1213452 used. 62403204 avail Mem 
--
top - 14:27:09 up 104 days,  6:10,  0 users,  load average: 0.38, 0.34, 0.29
Tasks: 411 total,   1 running, 410 sleeping,   0 stopped,   0 zombie
%Cpu(s):  0.0 us,  0.0 sy,  0.0 ni, 99.9 id,  0.0 wa,  0.0 hi,  0.0 si,  0.0 st
KiB Mem : 65877712 total, 54222012 free,  2340992 used,  9314708 buff/cache
KiB Swap: 33554428 total, 32340976 free,  1213452 used. 62404428 avail Mem 
--
top - 14:27:14 up 104 days,  6:10,  0 users,  load average: 0.35, 0.34, 0.29
Tasks: 411 total,   1 running, 410 sleeping,   0 stopped,   0 zombie
%Cpu(s):  0.0 us,  0.0 sy,  0.0 ni,100.0 id,  0.0 wa,  0.0 hi,  0.0 si,  0.0 st
KiB Mem : 65877712 total, 54222472 free,  2340532 used,  9314708 buff/cache
KiB Swap: 33554428 total, 32340976 free,  1213452 used. 62404888 avail Mem 
--
top - 14:27:19 up 104 days,  6:10,  0 users,  load average: 0.32, 0.33, 0.29
Tasks: 411 total,   1 running, 410 sleeping,   0 stopped,   0 zombie
%Cpu(s):  0.0 us,  0.0 sy,  0.0 ni,100.0 id,  0.0 wa,  0.0 hi,  0.0 si,  0.0 st
KiB Mem : 65877712 total, 54222920 free,  2340084 used,  9314708 buff/cache
KiB Swap: 33554428 total, 32340976 free,  1213452 used. 62405336 avail Mem 
--
top - 14:27:24 up 104 days,  6:10,  0 users,  load average: 0.30, 0.33, 0.29
Tasks: 411 total,   1 running, 410 sleeping,   0 stopped,   0 zombie
%Cpu(s):  0.0 us,  0.0 sy,  0.0 ni,100.0 id,  0.0 wa,  0.0 hi,  0.0 si,  0.0 st
KiB Mem : 65877712 total, 54223896 free,  2339108 used,  9314708 buff/cache
KiB Swap: 33554428 total, 32340976 free,  1213452 used. 62406312 avail Mem 
--
top - 14:27:29 up 104 days,  6:10,  0 users,  load average: 0.27, 0.32, 0.28
Tasks: 411 total,   1 running, 410 sleeping,   0 stopped,   0 zombie
%Cpu(s):  0.0 us,  0.0 sy,  0.0 ni,100.0 id,  0.0 wa,  0.0 hi,  0.0 si,  0.0 st
KiB Mem : 65877712 total, 54224764 free,  2338240 used,  9314708 buff/cache
KiB Swap: 33554428 total, 32340976 free,  1213452 used. 62407180 avail Mem 
--
top - 14:27:34 up 104 days,  6:10,  0 users,  load average: 0.25, 0.31, 0.28
Tasks: 411 total,   1 running, 410 sleeping,   0 stopped,   0 zombie
%Cpu(s):  0.0 us,  0.0 sy,  0.0 ni,100.0 id,  0.0 wa,  0.0 hi,  0.0 si,  0.0 st
KiB Mem : 65877712 total, 54225400 free,  2337600 used,  9314712 buff/cache
KiB Swap: 33554428 total, 32340976 free,  1213452 used. 62407820 avail Mem 
--
top - 14:27:39 up 104 days,  6:10,  0 users,  load average: 0.23, 0.31, 0.28
Tasks: 411 total,   1 running, 410 sleeping,   0 stopped,   0 zombie
%Cpu(s):  0.0 us,  0.0 sy,  0.0 ni,100.0 id,  0.0 wa,  0.0 hi,  0.0 si,  0.0 st
KiB Mem : 65877712 total, 54226144 free,  2336856 used,  9314712 buff/cache
KiB Swap: 33554428 total, 32340976 free,  1213452 used. 62408564 avail Mem 
--
top - 14:27:44 up 104 days,  6:11,  0 users,  load average: 0.21, 0.30, 0.28
Tasks: 411 total,   1 running, 410 sleeping,   0 stopped,   0 zombie
%Cpu(s):  0.0 us,  0.0 sy,  0.0 ni,100.0 id,  0.0 wa,  0.0 hi,  0.0 si,  0.0 st
KiB Mem : 65877712 total, 54226440 free,  2336560 used,  9314712 buff/cache
KiB Swap: 33554428 total, 32340976 free,  1213452 used. 62408860 avail Mem 
--
top - 14:27:49 up 104 days,  6:11,  0 users,  load average: 0.20, 0.30, 0.28
Tasks: 411 total,   1 running, 410 sleeping,   0 stopped,   0 zombie
%Cpu(s):  0.0 us,  0.0 sy,  0.0 ni, 99.9 id,  0.1 wa,  0.0 hi,  0.0 si,  0.0 st
KiB Mem : 65877712 total, 54226848 free,  2336152 used,  9314712 buff/cache
KiB Swap: 33554428 total, 32340976 free,  1213452 used. 62409268 avail Mem 
--
top - 14:27:54 up 104 days,  6:11,  0 users,  load average: 0.18, 0.29, 0.28
Tasks: 411 total,   1 running, 410 sleeping,   0 stopped,   0 zombie
%Cpu(s):  0.0 us,  0.0 sy,  0.0 ni,100.0 id,  0.0 wa,  0.0 hi,  0.0 si,  0.0 st
KiB Mem : 65877712 total, 54227008 free,  2335992 used,  9314712 buff/cache
KiB Swap: 33554428 total, 32340976 free,  1213452 used. 62409428 avail Mem 
--
top - 14:27:59 up 104 days,  6:11,  0 users,  load average: 0.17, 0.29, 0.28
Tasks: 411 total,   2 running, 409 sleeping,   0 stopped,   0 zombie
%Cpu(s):  0.0 us,  0.0 sy,  0.0 ni, 99.9 id,  0.0 wa,  0.0 hi,  0.0 si,  0.0 st
KiB Mem : 65877712 total, 54225548 free,  2337452 used,  9314712 buff/cache
KiB Swap: 33554428 total, 32340976 free,  1213452 used. 62407968 avail Mem 
--
top - 14:28:05 up 104 days,  6:11,  0 users,  load average: 0.23, 0.30, 0.28
Tasks: 411 total,   1 running, 410 sleeping,   0 stopped,   0 zombie
%Cpu(s):  0.4 us,  0.2 sy,  0.0 ni, 98.9 id,  0.5 wa,  0.0 hi,  0.0 si,  0.0 st
KiB Mem : 65877712 total, 54217256 free,  2345744 used,  9314712 buff/cache
KiB Swap: 33554428 total, 32340976 free,  1213452 used. 62399676 avail Mem 
--
top - 14:28:10 up 104 days,  6:11,  0 users,  load average: 0.21, 0.30, 0.28
Tasks: 401 total,   1 running, 400 sleeping,   0 stopped,   0 zombie
%Cpu(s):  0.1 us,  0.1 sy,  0.0 ni, 99.8 id,  0.0 wa,  0.0 hi,  0.0 si,  0.0 st
KiB Mem : 65877712 total, 54151444 free,  2411556 used,  9314712 buff/cache
KiB Swap: 33554428 total, 32340976 free,  1213452 used. 62333368 avail Mem 
--
top - 14:28:15 up 104 days,  6:11,  0 users,  load average: 0.20, 0.29, 0.28
Tasks: 400 total,   1 running, 399 sleeping,   0 stopped,   0 zombie
%Cpu(s):  0.4 us,  0.3 sy,  0.0 ni, 99.3 id,  0.0 wa,  0.0 hi,  0.0 si,  0.0 st
KiB Mem : 65877712 total, 53677220 free,  2885812 used,  9314680 buff/cache
KiB Swap: 33554428 total, 32340976 free,  1213452 used. 61859624 avail Mem 
--
top - 14:28:20 up 104 days,  6:11,  0 users,  load average: 0.18, 0.29, 0.27
Tasks: 400 total,   1 running, 399 sleeping,   0 stopped,   0 zombie
%Cpu(s):  0.0 us,  0.0 sy,  0.0 ni,100.0 id,  0.0 wa,  0.0 hi,  0.0 si,  0.0 st
KiB Mem : 65877712 total, 53656516 free,  2906516 used,  9314680 buff/cache
KiB Swap: 33554428 total, 32340976 free,  1213452 used. 61838920 avail Mem 
--
top - 14:28:25 up 104 days,  6:11,  0 users,  load average: 0.17, 0.28, 0.27
Tasks: 400 total,   1 running, 399 sleeping,   0 stopped,   0 zombie
%Cpu(s):  0.4 us,  0.4 sy,  0.0 ni, 99.3 id,  0.0 wa,  0.0 hi,  0.0 si,  0.0 st
KiB Mem : 65877712 total, 53207208 free,  3355824 used,  9314680 buff/cache
KiB Swap: 33554428 total, 32340976 free,  1213452 used. 61389612 avail Mem 
--
top - 14:28:30 up 104 days,  6:11,  0 users,  load average: 0.15, 0.28, 0.27
Tasks: 397 total,   1 running, 396 sleeping,   0 stopped,   0 zombie
%Cpu(s):  2.3 us,  0.6 sy,  0.0 ni, 97.1 id,  0.0 wa,  0.0 hi,  0.0 si,  0.0 st
KiB Mem : 65877712 total, 50690500 free,  5872528 used,  9314684 buff/cache
KiB Swap: 33554428 total, 32340976 free,  1213452 used. 58870860 avail Mem 
--
top - 14:28:35 up 104 days,  6:11,  0 users,  load average: 0.30, 0.31, 0.28
Tasks: 397 total,   1 running, 396 sleeping,   0 stopped,   0 zombie
%Cpu(s):  6.2 us,  0.1 sy,  0.0 ni, 93.7 id,  0.0 wa,  0.0 hi,  0.0 si,  0.0 st
KiB Mem : 65877712 total, 49967328 free,  6595700 used,  9314684 buff/cache
KiB Swap: 33554428 total, 32340976 free,  1213452 used. 58149736 avail Mem 
--
top - 14:28:40 up 104 days,  6:11,  0 users,  load average: 0.36, 0.32, 0.29
Tasks: 397 total,   1 running, 396 sleeping,   0 stopped,   0 zombie
%Cpu(s):  6.3 us,  0.0 sy,  0.0 ni, 93.7 id,  0.0 wa,  0.0 hi,  0.0 si,  0.0 st
KiB Mem : 65877712 total, 49967012 free,  6596016 used,  9314684 buff/cache
KiB Swap: 33554428 total, 32340976 free,  1213452 used. 58149420 avail Mem 
--
top - 14:28:45 up 104 days,  6:12,  0 users,  load average: 0.49, 0.35, 0.29
Tasks: 397 total,   1 running, 396 sleeping,   0 stopped,   0 zombie
%Cpu(s):  3.3 us,  0.0 sy,  0.0 ni, 96.7 id,  0.0 wa,  0.0 hi,  0.0 si,  0.0 st
KiB Mem : 65877712 total, 51048568 free,  5514460 used,  9314684 buff/cache
KiB Swap: 33554428 total, 32340976 free,  1213452 used. 59230976 avail Mem 
--
top - 14:28:50 up 104 days,  6:12,  0 users,  load average: 0.53, 0.36, 0.30
Tasks: 397 total,   1 running, 396 sleeping,   0 stopped,   0 zombie
%Cpu(s):  2.6 us,  0.1 sy,  0.0 ni, 97.3 id,  0.0 wa,  0.0 hi,  0.0 si,  0.0 st
KiB Mem : 65877712 total, 53398332 free,  3164696 used,  9314684 buff/cache
KiB Swap: 33554428 total, 32340976 free,  1213452 used. 61580740 avail Mem 
--
top - 14:28:55 up 104 days,  6:12,  0 users,  load average: 0.49, 0.35, 0.30
Tasks: 397 total,   1 running, 396 sleeping,   0 stopped,   0 zombie
%Cpu(s):  0.1 us,  0.1 sy,  0.0 ni, 99.9 id,  0.0 wa,  0.0 hi,  0.0 si,  0.0 st
KiB Mem : 65877712 total, 53817628 free,  2745400 used,  9314684 buff/cache
KiB Swap: 33554428 total, 32340976 free,  1213452 used. 62000036 avail Mem 
--
top - 14:29:00 up 104 days,  6:12,  0 users,  load average: 0.49, 0.35, 0.30
Tasks: 397 total,   1 running, 396 sleeping,   0 stopped,   0 zombie
%Cpu(s):  0.0 us,  0.0 sy,  0.0 ni, 99.9 id,  0.0 wa,  0.0 hi,  0.0 si,  0.0 st
KiB Mem : 65877712 total, 53816856 free,  2746172 used,  9314684 buff/cache
KiB Swap: 33554428 total, 32340976 free,  1213452 used. 61999264 avail Mem 
--
top - 14:29:05 up 104 days,  6:12,  0 users,  load average: 0.45, 0.35, 0.30
Tasks: 397 total,   1 running, 396 sleeping,   0 stopped,   0 zombie
%Cpu(s):  0.0 us,  0.0 sy,  0.0 ni, 99.9 id,  0.0 wa,  0.0 hi,  0.0 si,  0.0 st
KiB Mem : 65877712 total, 53818652 free,  2744376 used,  9314684 buff/cache
KiB Swap: 33554428 total, 32340976 free,  1213452 used. 62001060 avail Mem 
--
top - 14:29:10 up 104 days,  6:12,  0 users,  load average: 0.41, 0.34, 0.30
Tasks: 397 total,   1 running, 396 sleeping,   0 stopped,   0 zombie
%Cpu(s):  0.0 us,  0.0 sy,  0.0 ni, 99.9 id,  0.0 wa,  0.0 hi,  0.0 si,  0.0 st
KiB Mem : 65877712 total, 53819500 free,  2743528 used,  9314684 buff/cache
KiB Swap: 33554428 total, 32340976 free,  1213452 used. 62001908 avail Mem 
--
top - 14:29:15 up 104 days,  6:12,  0 users,  load average: 0.38, 0.34, 0.29
Tasks: 397 total,   1 running, 396 sleeping,   0 stopped,   0 zombie
%Cpu(s):  0.0 us,  0.0 sy,  0.0 ni,100.0 id,  0.0 wa,  0.0 hi,  0.0 si,  0.0 st
KiB Mem : 65877712 total, 53820284 free,  2742744 used,  9314684 buff/cache
KiB Swap: 33554428 total, 32340976 free,  1213452 used. 62002692 avail Mem 
--
top - 14:29:20 up 104 days,  6:12,  0 users,  load average: 0.35, 0.33, 0.29
Tasks: 397 total,   1 running, 396 sleeping,   0 stopped,   0 zombie
%Cpu(s):  0.0 us,  0.0 sy,  0.0 ni,100.0 id,  0.0 wa,  0.0 hi,  0.0 si,  0.0 st
KiB Mem : 65877712 total, 53821040 free,  2741988 used,  9314684 buff/cache
KiB Swap: 33554428 total, 32340976 free,  1213452 used. 62003448 avail Mem 
--
top - 14:29:25 up 104 days,  6:12,  0 users,  load average: 0.32, 0.33, 0.29
Tasks: 397 total,   1 running, 396 sleeping,   0 stopped,   0 zombie
%Cpu(s):  0.0 us,  0.0 sy,  0.0 ni,100.0 id,  0.0 wa,  0.0 hi,  0.0 si,  0.0 st
KiB Mem : 65877712 total, 53821788 free,  2741236 used,  9314688 buff/cache
KiB Swap: 33554428 total, 32340976 free,  1213452 used. 62004196 avail Mem 
--
top - 14:29:30 up 104 days,  6:12,  0 users,  load average: 0.29, 0.32, 0.29
Tasks: 397 total,   1 running, 396 sleeping,   0 stopped,   0 zombie
%Cpu(s):  0.0 us,  0.0 sy,  0.0 ni,100.0 id,  0.0 wa,  0.0 hi,  0.0 si,  0.0 st
KiB Mem : 65877712 total, 53822888 free,  2740136 used,  9314688 buff/cache
KiB Swap: 33554428 total, 32340976 free,  1213452 used. 62005296 avail Mem 
--
top - 14:29:35 up 104 days,  6:12,  0 users,  load average: 0.27, 0.32, 0.29
Tasks: 398 total,   1 running, 397 sleeping,   0 stopped,   0 zombie
%Cpu(s):  0.0 us,  0.0 sy,  0.0 ni, 99.9 id,  0.0 wa,  0.0 hi,  0.0 si,  0.0 st
KiB Mem : 65877712 total, 53823684 free,  2739340 used,  9314688 buff/cache
KiB Swap: 33554428 total, 32340976 free,  1213452 used. 62006092 avail Mem 
--
top - 14:29:40 up 104 days,  6:12,  0 users,  load average: 0.25, 0.31, 0.29
Tasks: 398 total,   1 running, 397 sleeping,   0 stopped,   0 zombie
%Cpu(s):  0.0 us,  0.0 sy,  0.0 ni, 99.9 id,  0.0 wa,  0.0 hi,  0.0 si,  0.0 st
KiB Mem : 65877712 total, 53824072 free,  2738952 used,  9314688 buff/cache
KiB Swap: 33554428 total, 32340976 free,  1213452 used. 62006480 avail Mem 
--
top - 14:29:45 up 104 days,  6:13,  0 users,  load average: 0.23, 0.31, 0.29
Tasks: 398 total,   1 running, 397 sleeping,   0 stopped,   0 zombie
%Cpu(s):  0.0 us,  0.0 sy,  0.0 ni,100.0 id,  0.0 wa,  0.0 hi,  0.0 si,  0.0 st
KiB Mem : 65877712 total, 53824632 free,  2738392 used,  9314688 buff/cache
KiB Swap: 33554428 total, 32340976 free,  1213452 used. 62007040 avail Mem 
--
top - 14:29:50 up 104 days,  6:13,  0 users,  load average: 0.21, 0.30, 0.28
Tasks: 398 total,   1 running, 397 sleeping,   0 stopped,   0 zombie
%Cpu(s):  0.0 us,  0.0 sy,  0.0 ni, 99.9 id,  0.0 wa,  0.0 hi,  0.0 si,  0.0 st
KiB Mem : 65877712 total, 53824944 free,  2738080 used,  9314688 buff/cache
KiB Swap: 33554428 total, 32340976 free,  1213452 used. 62007352 avail Mem 
--
top - 14:29:55 up 104 days,  6:13,  0 users,  load average: 0.19, 0.30, 0.28
Tasks: 398 total,   1 running, 397 sleeping,   0 stopped,   0 zombie
%Cpu(s):  0.0 us,  0.0 sy,  0.0 ni,100.0 id,  0.0 wa,  0.0 hi,  0.0 si,  0.0 st
KiB Mem : 65877712 total, 53825276 free,  2737748 used,  9314688 buff/cache
KiB Swap: 33554428 total, 32340976 free,  1213452 used. 62007684 avail Mem 
--
top - 14:30:00 up 104 days,  6:13,  0 users,  load average: 0.26, 0.31, 0.29
Tasks: 402 total,   1 running, 401 sleeping,   0 stopped,   0 zombie
%Cpu(s):  0.4 us,  0.2 sy,  0.0 ni, 99.1 id,  0.3 wa,  0.0 hi,  0.0 si,  0.0 st
KiB Mem : 65877712 total, 53809804 free,  2753220 used,  9314688 buff/cache
KiB Swap: 33554428 total, 32340976 free,  1213452 used. 61992212 avail Mem 
--
top - 14:30:05 up 104 days,  6:13,  0 users,  load average: 0.24, 0.30, 0.29
Tasks: 398 total,   1 running, 397 sleeping,   0 stopped,   0 zombie
%Cpu(s):  0.1 us,  0.1 sy,  0.0 ni, 99.5 id,  0.3 wa,  0.0 hi,  0.0 si,  0.0 st
KiB Mem : 65877712 total, 53813528 free,  2749484 used,  9314700 buff/cache
KiB Swap: 33554428 total, 32340976 free,  1213452 used. 61995952 avail Mem 
--
top - 14:30:10 up 104 days,  6:13,  0 users,  load average: 0.22, 0.30, 0.28
Tasks: 398 total,   1 running, 397 sleeping,   0 stopped,   0 zombie
%Cpu(s):  0.0 us,  0.0 sy,  0.0 ni, 99.9 id,  0.0 wa,  0.0 hi,  0.0 si,  0.0 st
KiB Mem : 65877712 total, 53811948 free,  2751064 used,  9314700 buff/cache
KiB Swap: 33554428 total, 32340976 free,  1213452 used. 61994372 avail Mem 
--
top - 14:30:15 up 104 days,  6:13,  0 users,  load average: 0.20, 0.29, 0.28
Tasks: 398 total,   1 running, 397 sleeping,   0 stopped,   0 zombie
%Cpu(s):  0.0 us,  0.0 sy,  0.0 ni,100.0 id,  0.0 wa,  0.0 hi,  0.0 si,  0.0 st
KiB Mem : 65877712 total, 53806940 free,  2756068 used,  9314704 buff/cache
KiB Swap: 33554428 total, 32340976 free,  1213452 used. 61989364 avail Mem 
--
top - 14:30:20 up 104 days,  6:13,  0 users,  load average: 0.18, 0.29, 0.28
Tasks: 398 total,   1 running, 397 sleeping,   0 stopped,   0 zombie
%Cpu(s):  0.0 us,  0.0 sy,  0.0 ni, 99.9 id,  0.0 wa,  0.0 hi,  0.0 si,  0.0 st
KiB Mem : 65877712 total, 53785888 free,  2777120 used,  9314704 buff/cache
KiB Swap: 33554428 total, 32340976 free,  1213452 used. 61968312 avail Mem 
--
top - 14:30:25 up 104 days,  6:13,  0 users,  load average: 0.17, 0.28, 0.28
Tasks: 398 total,   1 running, 397 sleeping,   0 stopped,   0 zombie
%Cpu(s):  1.7 us,  0.2 sy,  0.0 ni, 98.1 id,  0.0 wa,  0.0 hi,  0.0 si,  0.0 st
KiB Mem : 65877712 total, 53797968 free,  2765040 used,  9314704 buff/cache
KiB Swap: 33554428 total, 32340976 free,  1213452 used. 61980396 avail Mem 
--
top - 14:30:30 up 104 days,  6:13,  0 users,  load average: 0.16, 0.28, 0.28
Tasks: 398 total,   1 running, 397 sleeping,   0 stopped,   0 zombie
%Cpu(s):  0.0 us,  0.0 sy,  0.0 ni,100.0 id,  0.0 wa,  0.0 hi,  0.0 si,  0.0 st
KiB Mem : 65877712 total, 53798936 free,  2764072 used,  9314704 buff/cache
KiB Swap: 33554428 total, 32340976 free,  1213452 used. 61981364 avail Mem 
--
top - 14:30:35 up 104 days,  6:13,  0 users,  load average: 0.14, 0.27, 0.28
Tasks: 398 total,   1 running, 397 sleeping,   0 stopped,   0 zombie
%Cpu(s):  0.0 us,  0.0 sy,  0.0 ni, 99.9 id,  0.0 wa,  0.0 hi,  0.0 si,  0.0 st
KiB Mem : 65877712 total, 53799196 free,  2763812 used,  9314704 buff/cache
KiB Swap: 33554428 total, 32340976 free,  1213452 used. 61981624 avail Mem 
--
top - 14:30:40 up 104 days,  6:13,  0 users,  load average: 0.13, 0.27, 0.28
Tasks: 398 total,   2 running, 396 sleeping,   0 stopped,   0 zombie
%Cpu(s):  0.1 us,  0.0 sy,  0.0 ni, 99.9 id,  0.0 wa,  0.0 hi,  0.0 si,  0.0 st
KiB Mem : 65877712 total, 53800552 free,  2762456 used,  9314704 buff/cache
KiB Swap: 33554428 total, 32340976 free,  1213452 used. 61982980 avail Mem 
--
top - 14:30:45 up 104 days,  6:14,  0 users,  load average: 0.12, 0.26, 0.27
Tasks: 398 total,   1 running, 397 sleeping,   0 stopped,   0 zombie
%Cpu(s):  0.0 us,  0.0 sy,  0.0 ni,100.0 id,  0.0 wa,  0.0 hi,  0.0 si,  0.0 st
KiB Mem : 65877712 total, 53801248 free,  2761760 used,  9314704 buff/cache
KiB Swap: 33554428 total, 32340976 free,  1213452 used. 61983676 avail Mem 
--
top - 14:30:50 up 104 days,  6:14,  0 users,  load average: 0.11, 0.26, 0.27
Tasks: 398 total,   1 running, 397 sleeping,   0 stopped,   0 zombie
%Cpu(s):  0.0 us,  0.0 sy,  0.0 ni,100.0 id,  0.0 wa,  0.0 hi,  0.0 si,  0.0 st
KiB Mem : 65877712 total, 53801480 free,  2761528 used,  9314704 buff/cache
KiB Swap: 33554428 total, 32340976 free,  1213452 used. 61983908 avail Mem 
--
top - 14:30:55 up 104 days,  6:14,  0 users,  load average: 0.10, 0.26, 0.27
Tasks: 398 total,   1 running, 397 sleeping,   0 stopped,   0 zombie
%Cpu(s):  0.0 us,  0.0 sy,  0.0 ni,100.0 id,  0.0 wa,  0.0 hi,  0.0 si,  0.0 st
KiB Mem : 65877712 total, 53802300 free,  2760708 used,  9314704 buff/cache
KiB Swap: 33554428 total, 32340976 free,  1213452 used. 61984728 avail Mem 
--
top - 14:31:00 up 104 days,  6:14,  0 users,  load average: 0.09, 0.25, 0.27
Tasks: 398 total,   1 running, 397 sleeping,   0 stopped,   0 zombie
%Cpu(s):  0.0 us,  0.0 sy,  0.0 ni, 99.9 id,  0.0 wa,  0.0 hi,  0.0 si,  0.0 st
KiB Mem : 65877712 total, 53801504 free,  2761504 used,  9314704 buff/cache
KiB Swap: 33554428 total, 32340976 free,  1213452 used. 61983932 avail Mem 
--
top - 14:31:05 up 104 days,  6:14,  0 users,  load average: 0.09, 0.25, 0.27
Tasks: 398 total,   1 running, 397 sleeping,   0 stopped,   0 zombie
%Cpu(s):  0.0 us,  0.0 sy,  0.0 ni, 99.8 id,  0.1 wa,  0.0 hi,  0.0 si,  0.0 st
KiB Mem : 65877712 total, 53802420 free,  2760588 used,  9314704 buff/cache
KiB Swap: 33554428 total, 32340976 free,  1213452 used. 61984848 avail Mem 
--
top - 14:31:10 up 104 days,  6:14,  0 users,  load average: 0.08, 0.24, 0.27
Tasks: 398 total,   1 running, 397 sleeping,   0 stopped,   0 zombie
%Cpu(s):  0.0 us,  0.0 sy,  0.0 ni, 99.9 id,  0.0 wa,  0.0 hi,  0.0 si,  0.0 st
KiB Mem : 65877712 total, 53803208 free,  2759796 used,  9314708 buff/cache
KiB Swap: 33554428 total, 32340976 free,  1213452 used. 61985636 avail Mem 
--
top - 14:31:15 up 104 days,  6:14,  0 users,  load average: 0.07, 0.24, 0.27
Tasks: 398 total,   1 running, 397 sleeping,   0 stopped,   0 zombie
%Cpu(s):  0.0 us,  0.0 sy,  0.0 ni,100.0 id,  0.0 wa,  0.0 hi,  0.0 si,  0.0 st
KiB Mem : 65877712 total, 53803704 free,  2759300 used,  9314708 buff/cache
KiB Swap: 33554428 total, 32340976 free,  1213452 used. 61986132 avail Mem 
--
top - 14:31:20 up 104 days,  6:14,  0 users,  load average: 0.07, 0.24, 0.26
Tasks: 398 total,   1 running, 397 sleeping,   0 stopped,   0 zombie
%Cpu(s):  0.0 us,  0.0 sy,  0.0 ni,100.0 id,  0.0 wa,  0.0 hi,  0.0 si,  0.0 st
KiB Mem : 65877712 total, 53803748 free,  2759256 used,  9314708 buff/cache
KiB Swap: 33554428 total, 32340976 free,  1213452 used. 61986176 avail Mem 
--
top - 14:31:25 up 104 days,  6:14,  0 users,  load average: 0.06, 0.23, 0.26
Tasks: 398 total,   1 running, 397 sleeping,   0 stopped,   0 zombie
%Cpu(s):  0.0 us,  0.0 sy,  0.0 ni,100.0 id,  0.0 wa,  0.0 hi,  0.0 si,  0.0 st
KiB Mem : 65877712 total, 53803624 free,  2759380 used,  9314708 buff/cache
KiB Swap: 33554428 total, 32340976 free,  1213452 used. 61986052 avail Mem 
--
top - 14:31:30 up 104 days,  6:14,  0 users,  load average: 0.06, 0.23, 0.26
Tasks: 398 total,   1 running, 397 sleeping,   0 stopped,   0 zombie
%Cpu(s):  0.0 us,  0.0 sy,  0.0 ni, 99.9 id,  0.0 wa,  0.0 hi,  0.0 si,  0.0 st
KiB Mem : 65877712 total, 53803644 free,  2759360 used,  9314708 buff/cache
KiB Swap: 33554428 total, 32340976 free,  1213452 used. 61986072 avail Mem 
--
top - 14:31:35 up 104 days,  6:14,  0 users,  load average: 0.05, 0.22, 0.26
Tasks: 398 total,   1 running, 397 sleeping,   0 stopped,   0 zombie
%Cpu(s):  0.0 us,  0.0 sy,  0.0 ni,100.0 id,  0.0 wa,  0.0 hi,  0.0 si,  0.0 st
KiB Mem : 65877712 total, 53804456 free,  2758548 used,  9314708 buff/cache
KiB Swap: 33554428 total, 32340976 free,  1213452 used. 61986884 avail Mem 
--
top - 14:31:40 up 104 days,  6:14,  0 users,  load average: 0.05, 0.22, 0.26
Tasks: 398 total,   1 running, 397 sleeping,   0 stopped,   0 zombie
%Cpu(s):  0.0 us,  0.0 sy,  0.0 ni,100.0 id,  0.0 wa,  0.0 hi,  0.0 si,  0.0 st
KiB Mem : 65877712 total, 53804636 free,  2758368 used,  9314708 buff/cache
KiB Swap: 33554428 total, 32340976 free,  1213452 used. 61987064 avail Mem 
--
top - 14:31:45 up 104 days,  6:15,  0 users,  load average: 0.04, 0.22, 0.26
Tasks: 398 total,   1 running, 397 sleeping,   0 stopped,   0 zombie
%Cpu(s):  0.0 us,  0.0 sy,  0.0 ni,100.0 id,  0.0 wa,  0.0 hi,  0.0 si,  0.0 st
KiB Mem : 65877712 total, 53804540 free,  2758464 used,  9314708 buff/cache
KiB Swap: 33554428 total, 32340976 free,  1213452 used. 61986968 avail Mem 
--
top - 14:31:50 up 104 days,  6:15,  0 users,  load average: 0.04, 0.21, 0.25
Tasks: 398 total,   1 running, 397 sleeping,   0 stopped,   0 zombie
%Cpu(s):  0.0 us,  0.0 sy,  0.0 ni, 99.9 id,  0.0 wa,  0.0 hi,  0.0 si,  0.0 st
KiB Mem : 65877712 total, 53804440 free,  2758564 used,  9314708 buff/cache
KiB Swap: 33554428 total, 32340976 free,  1213452 used. 61986868 avail Mem 
--
top - 14:31:55 up 104 days,  6:15,  0 users,  load average: 0.04, 0.21, 0.25
Tasks: 398 total,   1 running, 397 sleeping,   0 stopped,   0 zombie
%Cpu(s):  0.0 us,  0.0 sy,  0.0 ni,100.0 id,  0.0 wa,  0.0 hi,  0.0 si,  0.0 st
KiB Mem : 65877712 total, 53804716 free,  2758288 used,  9314708 buff/cache
KiB Swap: 33554428 total, 32340976 free,  1213452 used. 61987144 avail Mem 
--
top - 14:32:00 up 104 days,  6:15,  0 users,  load average: 0.12, 0.22, 0.26
Tasks: 401 total,   1 running, 400 sleeping,   0 stopped,   0 zombie
%Cpu(s):  0.4 us,  0.2 sy,  0.0 ni, 98.7 id,  0.6 wa,  0.0 hi,  0.0 si,  0.0 st
KiB Mem : 65877712 total, 53785820 free,  2777184 used,  9314708 buff/cache
KiB Swap: 33554428 total, 32340976 free,  1213452 used. 61968248 avail Mem 
--
top - 14:32:05 up 104 days,  6:15,  0 users,  load average: 0.11, 0.22, 0.26
Tasks: 398 total,   1 running, 397 sleeping,   0 stopped,   0 zombie
%Cpu(s):  0.0 us,  0.0 sy,  0.0 ni, 99.9 id,  0.1 wa,  0.0 hi,  0.0 si,  0.0 st
KiB Mem : 65877712 total, 53788452 free,  2774548 used,  9314712 buff/cache
KiB Swap: 33554428 total, 32340976 free,  1213452 used. 61970884 avail Mem 
--
top - 14:32:10 up 104 days,  6:15,  0 users,  load average: 0.18, 0.23, 0.26
Tasks: 398 total,   1 running, 397 sleeping,   0 stopped,   0 zombie
%Cpu(s):  0.4 us,  0.4 sy,  0.0 ni, 99.2 id,  0.0 wa,  0.0 hi,  0.0 si,  0.0 st
KiB Mem : 65877712 total, 53269308 free,  3293692 used,  9314712 buff/cache
KiB Swap: 33554428 total, 32340976 free,  1213452 used. 61451740 avail Mem 
--
top - 14:32:16 up 104 days,  6:15,  0 users,  load average: 0.16, 0.23, 0.26
Tasks: 398 total,   1 running, 397 sleeping,   0 stopped,   0 zombie
%Cpu(s):  0.2 us,  0.2 sy,  0.0 ni, 99.5 id,  0.0 wa,  0.0 hi,  0.0 si,  0.0 st
KiB Mem : 65877712 total, 53006468 free,  3556532 used,  9314712 buff/cache
KiB Swap: 33554428 total, 32340976 free,  1213452 used. 61188900 avail Mem 
--
top - 14:32:21 up 104 days,  6:15,  0 users,  load average: 0.15, 0.22, 0.26
Tasks: 398 total,   1 running, 397 sleeping,   0 stopped,   0 zombie
%Cpu(s):  1.6 us,  0.5 sy,  0.0 ni, 97.9 id,  0.0 wa,  0.0 hi,  0.0 si,  0.0 st
KiB Mem : 65877712 total, 52026748 free,  4536252 used,  9314712 buff/cache
KiB Swap: 33554428 total, 32340976 free,  1213452 used. 60209184 avail Mem 
--
top - 14:32:26 up 104 days,  6:15,  0 users,  load average: 0.30, 0.25, 0.27
Tasks: 398 total,   1 running, 397 sleeping,   0 stopped,   0 zombie
%Cpu(s):  5.9 us,  0.4 sy,  0.0 ni, 93.7 id,  0.0 wa,  0.0 hi,  0.0 si,  0.0 st
KiB Mem : 65877712 total, 49449616 free,  7113384 used,  9314712 buff/cache
KiB Swap: 33554428 total, 32340976 free,  1213452 used. 57632052 avail Mem 
--
top - 14:32:31 up 104 days,  6:15,  0 users,  load average: 0.43, 0.28, 0.28
Tasks: 398 total,   1 running, 397 sleeping,   0 stopped,   0 zombie
%Cpu(s):  6.2 us,  0.0 sy,  0.0 ni, 93.7 id,  0.0 wa,  0.0 hi,  0.0 si,  0.0 st
KiB Mem : 65877712 total, 49449508 free,  7113492 used,  9314712 buff/cache
KiB Swap: 33554428 total, 32340976 free,  1213452 used. 57631944 avail Mem 
--
top - 14:32:36 up 104 days,  6:15,  0 users,  load average: 0.48, 0.29, 0.28
Tasks: 398 total,   1 running, 397 sleeping,   0 stopped,   0 zombie
%Cpu(s):  4.2 us,  0.0 sy,  0.0 ni, 95.7 id,  0.0 wa,  0.0 hi,  0.0 si,  0.0 st
KiB Mem : 65877712 total, 50582948 free,  5980052 used,  9314712 buff/cache
KiB Swap: 33554428 total, 32340976 free,  1213452 used. 58765384 avail Mem 
--
top - 14:32:41 up 104 days,  6:15,  0 users,  load average: 0.52, 0.31, 0.28
Tasks: 398 total,   1 running, 397 sleeping,   0 stopped,   0 zombie
%Cpu(s):  3.1 us,  0.0 sy,  0.0 ni, 96.9 id,  0.0 wa,  0.0 hi,  0.0 si,  0.0 st
KiB Mem : 65877712 total, 51070548 free,  5492452 used,  9314712 buff/cache
KiB Swap: 33554428 total, 32340976 free,  1213452 used. 59253420 avail Mem 
