Job id: 4751384
Master ip: 10.149.0.56
--
top - 14:12:51 up 104 days,  5:54,  0 users,  load average: 0.01, 0.41, 0.70
Tasks: 401 total,   2 running, 399 sleeping,   0 stopped,   0 zombie
%Cpu(s):  2.2 us,  0.7 sy,  0.0 ni, 97.1 id,  0.0 wa,  0.0 hi,  0.0 si,  0.0 st
KiB Mem : 65877712 total, 54344284 free,  1125920 used, 10407508 buff/cache
KiB Swap: 33554428 total, 32291132 free,  1263296 used. 63520248 avail Mem 
--
top - 14:12:56 up 104 days,  5:55,  0 users,  load average: 0.01, 0.41, 0.69
Tasks: 402 total,   1 running, 401 sleeping,   0 stopped,   0 zombie
%Cpu(s):  0.8 us,  0.2 sy,  0.0 ni, 99.0 id,  0.0 wa,  0.0 hi,  0.0 si,  0.0 st
KiB Mem : 65877712 total, 54316676 free,  1152540 used, 10408496 buff/cache
KiB Swap: 33554428 total, 32291132 free,  1263296 used. 63493228 avail Mem 
--
top - 14:13:01 up 104 days,  5:55,  0 users,  load average: 0.01, 0.40, 0.69
Tasks: 399 total,   1 running, 398 sleeping,   0 stopped,   0 zombie
%Cpu(s):  0.1 us,  0.0 sy,  0.0 ni, 99.8 id,  0.0 wa,  0.0 hi,  0.0 si,  0.0 st
KiB Mem : 65877712 total, 54317232 free,  1151984 used, 10408496 buff/cache
KiB Swap: 33554428 total, 32291132 free,  1263296 used. 63493784 avail Mem 
--
top - 14:13:06 up 104 days,  5:55,  0 users,  load average: 0.09, 0.41, 0.69
Tasks: 398 total,   1 running, 397 sleeping,   0 stopped,   0 zombie
%Cpu(s):  0.1 us,  0.0 sy,  0.0 ni, 99.8 id,  0.0 wa,  0.0 hi,  0.0 si,  0.0 st
KiB Mem : 65877712 total, 54317232 free,  1151984 used, 10408496 buff/cache
KiB Swap: 33554428 total, 32291132 free,  1263296 used. 63493784 avail Mem 
--
top - 14:13:11 up 104 days,  5:55,  0 users,  load average: 0.08, 0.40, 0.69
Tasks: 398 total,   1 running, 397 sleeping,   0 stopped,   0 zombie
%Cpu(s):  0.1 us,  0.0 sy,  0.0 ni, 99.8 id,  0.0 wa,  0.0 hi,  0.0 si,  0.0 st
KiB Mem : 65877712 total, 54317264 free,  1151952 used, 10408496 buff/cache
KiB Swap: 33554428 total, 32291132 free,  1263296 used. 63493816 avail Mem 
--
top - 14:13:16 up 104 days,  5:55,  0 users,  load average: 0.08, 0.40, 0.68
Tasks: 398 total,   1 running, 397 sleeping,   0 stopped,   0 zombie
%Cpu(s):  0.1 us,  0.0 sy,  0.0 ni, 99.9 id,  0.0 wa,  0.0 hi,  0.0 si,  0.0 st
KiB Mem : 65877712 total, 54317388 free,  1151828 used, 10408496 buff/cache
KiB Swap: 33554428 total, 32291132 free,  1263296 used. 63493940 avail Mem 
--
top - 14:13:21 up 104 days,  5:55,  0 users,  load average: 0.07, 0.39, 0.68
Tasks: 398 total,   1 running, 397 sleeping,   0 stopped,   0 zombie
%Cpu(s):  0.1 us,  0.0 sy,  0.0 ni, 99.8 id,  0.0 wa,  0.0 hi,  0.0 si,  0.0 st
KiB Mem : 65877712 total, 54317832 free,  1151384 used, 10408496 buff/cache
KiB Swap: 33554428 total, 32291132 free,  1263296 used. 63494384 avail Mem 
--
top - 14:13:26 up 104 days,  5:55,  0 users,  load average: 0.06, 0.38, 0.68
Tasks: 398 total,   2 running, 396 sleeping,   0 stopped,   0 zombie
%Cpu(s):  0.1 us,  0.0 sy,  0.0 ni, 99.9 id,  0.0 wa,  0.0 hi,  0.0 si,  0.0 st
KiB Mem : 65877712 total, 54317832 free,  1151384 used, 10408496 buff/cache
KiB Swap: 33554428 total, 32291132 free,  1263296 used. 63494384 avail Mem 
--
top - 14:13:31 up 104 days,  5:55,  0 users,  load average: 0.06, 0.38, 0.67
Tasks: 398 total,   1 running, 397 sleeping,   0 stopped,   0 zombie
%Cpu(s):  0.2 us,  0.0 sy,  0.0 ni, 99.8 id,  0.0 wa,  0.0 hi,  0.0 si,  0.0 st
KiB Mem : 65877712 total, 54317696 free,  1151520 used, 10408496 buff/cache
KiB Swap: 33554428 total, 32291132 free,  1263296 used. 63494248 avail Mem 
--
top - 14:13:36 up 104 days,  5:55,  0 users,  load average: 0.05, 0.37, 0.67
Tasks: 398 total,   1 running, 397 sleeping,   0 stopped,   0 zombie
%Cpu(s):  0.1 us,  0.0 sy,  0.0 ni, 99.9 id,  0.0 wa,  0.0 hi,  0.0 si,  0.0 st
KiB Mem : 65877712 total, 54317248 free,  1151968 used, 10408496 buff/cache
KiB Swap: 33554428 total, 32291132 free,  1263296 used. 63493800 avail Mem 
--
top - 14:13:42 up 104 days,  5:55,  0 users,  load average: 0.05, 0.37, 0.67
Tasks: 398 total,   2 running, 396 sleeping,   0 stopped,   0 zombie
%Cpu(s):  0.8 us,  0.1 sy,  0.0 ni, 99.0 id,  0.0 wa,  0.0 hi,  0.0 si,  0.0 st
KiB Mem : 65877712 total, 54226052 free,  1160560 used, 10491100 buff/cache
KiB Swap: 33554428 total, 32291132 free,  1263296 used. 63483704 avail Mem 
--
top - 14:13:47 up 104 days,  5:55,  0 users,  load average: 0.05, 0.36, 0.66
Tasks: 398 total,   1 running, 397 sleeping,   0 stopped,   0 zombie
%Cpu(s):  2.7 us,  0.4 sy,  0.0 ni, 96.6 id,  0.2 wa,  0.0 hi,  0.1 si,  0.0 st
KiB Mem : 65877712 total, 53877292 free,  1161320 used, 10839100 buff/cache
KiB Swap: 33554428 total, 32291132 free,  1263296 used. 63478524 avail Mem 
--
top - 14:13:52 up 104 days,  5:55,  0 users,  load average: 0.12, 0.37, 0.66
Tasks: 398 total,   2 running, 396 sleeping,   0 stopped,   0 zombie
%Cpu(s):  2.7 us,  0.4 sy,  0.0 ni, 96.5 id,  0.3 wa,  0.0 hi,  0.1 si,  0.0 st
KiB Mem : 65877712 total, 53535044 free,  1162176 used, 11180492 buff/cache
KiB Swap: 33554428 total, 32291132 free,  1263296 used. 63472896 avail Mem 
--
top - 14:13:57 up 104 days,  5:56,  0 users,  load average: 0.19, 0.38, 0.67
Tasks: 398 total,   2 running, 396 sleeping,   0 stopped,   0 zombie
%Cpu(s):  2.8 us,  0.4 sy,  0.0 ni, 96.5 id,  0.3 wa,  0.0 hi,  0.1 si,  0.0 st
KiB Mem : 65877712 total, 53192184 free,  1163348 used, 11522180 buff/cache
KiB Swap: 33554428 total, 32291132 free,  1263296 used. 63467288 avail Mem 
--
top - 14:14:02 up 104 days,  5:56,  0 users,  load average: 0.26, 0.39, 0.67
Tasks: 398 total,   2 running, 396 sleeping,   0 stopped,   0 zombie
%Cpu(s):  3.2 us,  0.5 sy,  0.0 ni, 95.8 id,  0.4 wa,  0.0 hi,  0.1 si,  0.0 st
KiB Mem : 65877712 total, 52848516 free,  1166100 used, 11863096 buff/cache
KiB Swap: 33554428 total, 32291132 free,  1263296 used. 63459640 avail Mem 
--
top - 14:14:07 up 104 days,  5:56,  0 users,  load average: 0.32, 0.40, 0.67
Tasks: 399 total,   2 running, 397 sleeping,   0 stopped,   0 zombie
%Cpu(s):  2.8 us,  0.3 sy,  0.0 ni, 96.8 id,  0.0 wa,  0.0 hi,  0.1 si,  0.0 st
KiB Mem : 65877712 total, 52493492 free,  1166164 used, 12218056 buff/cache
KiB Swap: 33554428 total, 32291132 free,  1263296 used. 63454404 avail Mem 
--
top - 14:14:12 up 104 days,  5:56,  0 users,  load average: 0.37, 0.41, 0.67
Tasks: 399 total,   2 running, 397 sleeping,   0 stopped,   0 zombie
%Cpu(s):  2.7 us,  0.4 sy,  0.0 ni, 96.8 id,  0.0 wa,  0.0 hi,  0.1 si,  0.0 st
KiB Mem : 65877712 total, 52147108 free,  1164556 used, 12566048 buff/cache
KiB Swap: 33554428 total, 32291132 free,  1263296 used. 63451592 avail Mem 
--
top - 14:14:17 up 104 days,  5:56,  0 users,  load average: 0.42, 0.42, 0.67
Tasks: 399 total,   2 running, 397 sleeping,   0 stopped,   0 zombie
%Cpu(s):  2.7 us,  0.3 sy,  0.0 ni, 96.9 id,  0.0 wa,  0.0 hi,  0.1 si,  0.0 st
KiB Mem : 65877712 total, 51780492 free,  1167524 used, 12929696 buff/cache
KiB Swap: 33554428 total, 32291132 free,  1263296 used. 63443816 avail Mem 
--
top - 14:14:22 up 104 days,  5:56,  0 users,  load average: 0.47, 0.43, 0.68
Tasks: 400 total,   2 running, 398 sleeping,   0 stopped,   0 zombie
%Cpu(s):  2.7 us,  0.3 sy,  0.0 ni, 96.8 id,  0.0 wa,  0.0 hi,  0.1 si,  0.0 st
KiB Mem : 65877712 total, 51434216 free,  1169996 used, 13273500 buff/cache
KiB Swap: 33554428 total, 32291132 free,  1263296 used. 63437132 avail Mem 
--
top - 14:14:27 up 104 days,  5:56,  0 users,  load average: 0.59, 0.46, 0.68
Tasks: 400 total,   2 running, 398 sleeping,   0 stopped,   0 zombie
%Cpu(s):  2.8 us,  0.4 sy,  0.0 ni, 95.5 id,  1.3 wa,  0.0 hi,  0.1 si,  0.0 st
KiB Mem : 65877712 total, 51081616 free,  1253076 used, 13543020 buff/cache
KiB Swap: 33554428 total, 32291132 free,  1263296 used. 63350276 avail Mem 
--
top - 14:14:32 up 104 days,  5:56,  0 users,  load average: 0.62, 0.46, 0.68
Tasks: 400 total,   3 running, 397 sleeping,   0 stopped,   0 zombie
%Cpu(s):  1.7 us,  1.7 sy,  0.0 ni, 95.6 id,  1.0 wa,  0.0 hi,  0.0 si,  0.0 st
KiB Mem : 65877712 total, 48683920 free,  4835148 used, 12358644 buff/cache
KiB Swap: 33554428 total, 32291132 free,  1263296 used. 59784544 avail Mem 
--
top - 14:14:37 up 104 days,  5:56,  0 users,  load average: 0.57, 0.46, 0.68
Tasks: 400 total,   2 running, 398 sleeping,   0 stopped,   0 zombie
%Cpu(s):  2.6 us,  0.9 sy,  0.0 ni, 96.4 id,  0.2 wa,  0.0 hi,  0.0 si,  0.0 st
KiB Mem : 65877712 total, 49929556 free,  5515028 used, 10433128 buff/cache
KiB Swap: 33554428 total, 32291132 free,  1263296 used. 59130304 avail Mem 
--
top - 14:14:42 up 104 days,  5:56,  0 users,  load average: 0.61, 0.47, 0.68
Tasks: 400 total,   3 running, 397 sleeping,   0 stopped,   0 zombie
%Cpu(s):  2.5 us,  0.6 sy,  0.0 ni, 96.8 id,  0.0 wa,  0.0 hi,  0.0 si,  0.0 st
KiB Mem : 65877712 total, 50773152 free,  4695124 used, 10409436 buff/cache
KiB Swap: 33554428 total, 32291132 free,  1263296 used. 59950792 avail Mem 
--
top - 14:14:47 up 104 days,  5:56,  0 users,  load average: 0.64, 0.47, 0.68
Tasks: 400 total,   2 running, 398 sleeping,   0 stopped,   0 zombie
%Cpu(s):  2.7 us,  0.5 sy,  0.0 ni, 96.8 id,  0.0 wa,  0.0 hi,  0.0 si,  0.0 st
KiB Mem : 65877712 total, 50109632 free,  5358644 used, 10409436 buff/cache
KiB Swap: 33554428 total, 32291132 free,  1263296 used. 59287272 avail Mem 
--
top - 14:14:52 up 104 days,  5:56,  0 users,  load average: 0.67, 0.48, 0.69
Tasks: 400 total,   2 running, 398 sleeping,   0 stopped,   0 zombie
%Cpu(s):  2.5 us,  0.5 sy,  0.0 ni, 97.0 id,  0.0 wa,  0.0 hi,  0.0 si,  0.0 st
KiB Mem : 65877712 total, 50703900 free,  4764376 used, 10409436 buff/cache
KiB Swap: 33554428 total, 32291132 free,  1263296 used. 59881540 avail Mem 
--
top - 14:14:57 up 104 days,  5:57,  0 users,  load average: 0.61, 0.48, 0.68
Tasks: 400 total,   1 running, 399 sleeping,   0 stopped,   0 zombie
%Cpu(s):  0.3 us,  0.1 sy,  0.0 ni, 99.5 id,  0.0 wa,  0.0 hi,  0.0 si,  0.0 st
KiB Mem : 65877712 total, 50945868 free,  4522408 used, 10409436 buff/cache
KiB Swap: 33554428 total, 32291132 free,  1263296 used. 60123508 avail Mem 
--
top - 14:15:02 up 104 days,  5:57,  0 users,  load average: 0.56, 0.47, 0.68
Tasks: 399 total,   1 running, 398 sleeping,   0 stopped,   0 zombie
%Cpu(s):  0.2 us,  0.0 sy,  0.0 ni, 99.8 id,  0.0 wa,  0.0 hi,  0.0 si,  0.0 st
KiB Mem : 65877712 total, 50945808 free,  4522468 used, 10409436 buff/cache
KiB Swap: 33554428 total, 32291132 free,  1263296 used. 60123448 avail Mem 
--
top - 14:15:07 up 104 days,  5:57,  0 users,  load average: 0.60, 0.48, 0.68
Tasks: 399 total,   1 running, 398 sleeping,   0 stopped,   0 zombie
%Cpu(s):  0.2 us,  0.0 sy,  0.0 ni, 99.8 id,  0.0 wa,  0.0 hi,  0.0 si,  0.0 st
KiB Mem : 65877712 total, 50945808 free,  4522468 used, 10409436 buff/cache
KiB Swap: 33554428 total, 32291132 free,  1263296 used. 60123448 avail Mem 
--
top - 14:15:12 up 104 days,  5:57,  0 users,  load average: 0.55, 0.47, 0.68
Tasks: 399 total,   2 running, 397 sleeping,   0 stopped,   0 zombie
%Cpu(s):  0.2 us,  0.0 sy,  0.0 ni, 99.8 id,  0.0 wa,  0.0 hi,  0.0 si,  0.0 st
KiB Mem : 65877712 total, 50945808 free,  4522468 used, 10409436 buff/cache
KiB Swap: 33554428 total, 32291132 free,  1263296 used. 60123448 avail Mem 
--
top - 14:15:17 up 104 days,  5:57,  0 users,  load average: 0.51, 0.46, 0.67
Tasks: 399 total,   1 running, 398 sleeping,   0 stopped,   0 zombie
%Cpu(s):  0.2 us,  0.0 sy,  0.0 ni, 99.8 id,  0.0 wa,  0.0 hi,  0.0 si,  0.0 st
KiB Mem : 65877712 total, 50945808 free,  4522468 used, 10409436 buff/cache
KiB Swap: 33554428 total, 32291132 free,  1263296 used. 60123448 avail Mem 
--
top - 14:15:22 up 104 days,  5:57,  0 users,  load average: 0.47, 0.45, 0.67
Tasks: 399 total,   1 running, 398 sleeping,   0 stopped,   0 zombie
%Cpu(s):  0.1 us,  0.0 sy,  0.0 ni, 99.8 id,  0.0 wa,  0.0 hi,  0.0 si,  0.0 st
KiB Mem : 65877712 total, 50946248 free,  4522028 used, 10409436 buff/cache
KiB Swap: 33554428 total, 32291132 free,  1263296 used. 60123888 avail Mem 
--
top - 14:15:27 up 104 days,  5:57,  0 users,  load average: 0.43, 0.45, 0.67
Tasks: 399 total,   2 running, 397 sleeping,   0 stopped,   0 zombie
%Cpu(s):  0.1 us,  0.0 sy,  0.0 ni, 99.8 id,  0.0 wa,  0.0 hi,  0.0 si,  0.0 st
KiB Mem : 65877712 total, 50946248 free,  4522028 used, 10409436 buff/cache
KiB Swap: 33554428 total, 32291132 free,  1263296 used. 60123888 avail Mem 
--
top - 14:15:32 up 104 days,  5:57,  0 users,  load average: 0.40, 0.44, 0.66
Tasks: 399 total,   1 running, 398 sleeping,   0 stopped,   0 zombie
%Cpu(s):  0.2 us,  0.0 sy,  0.0 ni, 99.8 id,  0.0 wa,  0.0 hi,  0.0 si,  0.0 st
KiB Mem : 65877712 total, 50946184 free,  4522092 used, 10409436 buff/cache
KiB Swap: 33554428 total, 32291132 free,  1263296 used. 60123824 avail Mem 
--
top - 14:15:37 up 104 days,  5:57,  0 users,  load average: 0.44, 0.45, 0.66
Tasks: 399 total,   2 running, 397 sleeping,   0 stopped,   0 zombie
%Cpu(s):  2.5 us,  0.3 sy,  0.0 ni, 97.1 id,  0.0 wa,  0.0 hi,  0.1 si,  0.0 st
KiB Mem : 65877712 total, 50624956 free,  4526416 used, 10726340 buff/cache
KiB Swap: 33554428 total, 32291132 free,  1263296 used. 60114340 avail Mem 
--
top - 14:15:42 up 104 days,  5:57,  0 users,  load average: 0.49, 0.46, 0.67
Tasks: 399 total,   2 running, 397 sleeping,   0 stopped,   0 zombie
%Cpu(s):  2.8 us,  0.4 sy,  0.0 ni, 96.6 id,  0.2 wa,  0.0 hi,  0.0 si,  0.0 st
KiB Mem : 65877712 total, 50287972 free,  4526936 used, 11062804 buff/cache
KiB Swap: 33554428 total, 32291132 free,  1263296 used. 60109372 avail Mem 
--
top - 14:15:47 up 104 days,  5:57,  0 users,  load average: 0.61, 0.48, 0.67
Tasks: 399 total,   1 running, 398 sleeping,   0 stopped,   0 zombie
%Cpu(s):  2.8 us,  0.4 sy,  0.0 ni, 96.2 id,  0.6 wa,  0.0 hi,  0.1 si,  0.0 st
KiB Mem : 65877712 total, 49949600 free,  4528632 used, 11399480 buff/cache
KiB Swap: 33554428 total, 32291132 free,  1263296 used. 60103232 avail Mem 
--
top - 14:15:52 up 104 days,  5:57,  0 users,  load average: 0.64, 0.49, 0.68
Tasks: 399 total,   2 running, 397 sleeping,   0 stopped,   0 zombie
%Cpu(s):  2.8 us,  0.3 sy,  0.0 ni, 96.8 id,  0.0 wa,  0.0 hi,  0.1 si,  0.0 st
KiB Mem : 65877712 total, 49611756 free,  4528024 used, 11737932 buff/cache
KiB Swap: 33554428 total, 32291132 free,  1263296 used. 60098728 avail Mem 
--
top - 14:15:57 up 104 days,  5:58,  0 users,  load average: 0.67, 0.50, 0.68
Tasks: 398 total,   2 running, 396 sleeping,   0 stopped,   0 zombie
%Cpu(s):  2.8 us,  0.3 sy,  0.0 ni, 96.8 id,  0.0 wa,  0.0 hi,  0.0 si,  0.0 st
KiB Mem : 65877712 total, 49285752 free,  4524476 used, 12067484 buff/cache
KiB Swap: 33554428 total, 32291132 free,  1263296 used. 60098068 avail Mem 
--
top - 14:16:02 up 104 days,  5:58,  0 users,  load average: 0.70, 0.51, 0.68
Tasks: 402 total,   2 running, 400 sleeping,   0 stopped,   0 zombie
%Cpu(s):  3.1 us,  0.5 sy,  0.0 ni, 95.9 id,  0.3 wa,  0.0 hi,  0.1 si,  0.0 st
KiB Mem : 65877712 total, 48935044 free,  4528540 used, 12414128 buff/cache
KiB Swap: 33554428 total, 32291132 free,  1263296 used. 60089628 avail Mem 
--
top - 14:16:07 up 104 days,  5:58,  0 users,  load average: 0.72, 0.52, 0.68
Tasks: 402 total,   2 running, 400 sleeping,   0 stopped,   0 zombie
%Cpu(s):  2.7 us,  0.4 sy,  0.0 ni, 96.8 id,  0.0 wa,  0.0 hi,  0.1 si,  0.0 st
KiB Mem : 65877712 total, 48567328 free,  4528908 used, 12781476 buff/cache
KiB Swap: 33554428 total, 32291132 free,  1263296 used. 60084020 avail Mem 
--
top - 14:16:12 up 104 days,  5:58,  0 users,  load average: 0.74, 0.52, 0.68
Tasks: 402 total,   2 running, 400 sleeping,   0 stopped,   0 zombie
%Cpu(s):  2.8 us,  0.3 sy,  0.0 ni, 96.8 id,  0.0 wa,  0.0 hi,  0.1 si,  0.0 st
KiB Mem : 65877712 total, 48229788 free,  4528016 used, 13119908 buff/cache
KiB Swap: 33554428 total, 32291132 free,  1263296 used. 60080248 avail Mem 
--
top - 14:16:17 up 104 days,  5:58,  0 users,  load average: 0.76, 0.53, 0.68
Tasks: 402 total,   2 running, 400 sleeping,   0 stopped,   0 zombie
%Cpu(s):  2.8 us,  0.4 sy,  0.0 ni, 95.5 id,  1.3 wa,  0.0 hi,  0.1 si,  0.0 st
KiB Mem : 65877712 total, 47890632 free,  4530048 used, 13457032 buff/cache
KiB Swap: 33554428 total, 32291132 free,  1263296 used. 60073868 avail Mem 
--
top - 14:16:22 up 104 days,  5:58,  0 users,  load average: 0.78, 0.54, 0.69
Tasks: 402 total,   2 running, 400 sleeping,   0 stopped,   0 zombie
%Cpu(s):  2.0 us,  1.1 sy,  0.0 ni, 96.8 id,  0.1 wa,  0.0 hi,  0.0 si,  0.0 st
KiB Mem : 65877712 total, 45639832 free,  6644172 used, 13593708 buff/cache
KiB Swap: 33554428 total, 32291132 free,  1263296 used. 57958624 avail Mem 
--
top - 14:16:27 up 104 days,  5:58,  0 users,  load average: 0.88, 0.56, 0.69
Tasks: 402 total,   2 running, 400 sleeping,   0 stopped,   0 zombie
%Cpu(s):  2.4 us,  1.2 sy,  0.0 ni, 95.5 id,  0.9 wa,  0.0 hi,  0.0 si,  0.0 st
KiB Mem : 65877712 total, 46099776 free,  8682520 used, 11095416 buff/cache
KiB Swap: 33554428 total, 32291132 free,  1263296 used. 55952028 avail Mem 
--
top - 14:16:32 up 104 days,  5:58,  0 users,  load average: 0.97, 0.59, 0.70
Tasks: 402 total,   2 running, 400 sleeping,   0 stopped,   0 zombie
%Cpu(s):  2.5 us,  0.8 sy,  0.0 ni, 96.7 id,  0.0 wa,  0.0 hi,  0.0 si,  0.0 st
KiB Mem : 65877712 total, 46455004 free,  8966060 used, 10456648 buff/cache
KiB Swap: 33554428 total, 32291132 free,  1263296 used. 55677764 avail Mem 
--
top - 14:16:37 up 104 days,  5:58,  0 users,  load average: 0.97, 0.59, 0.70
Tasks: 402 total,   2 running, 400 sleeping,   0 stopped,   0 zombie
%Cpu(s):  2.5 us,  0.6 sy,  0.0 ni, 96.8 id,  0.0 wa,  0.0 hi,  0.0 si,  0.0 st
KiB Mem : 65877712 total, 47115144 free,  8354036 used, 10408532 buff/cache
KiB Swap: 33554428 total, 32291132 free,  1263296 used. 56292440 avail Mem 
--
top - 14:16:42 up 104 days,  5:58,  0 users,  load average: 0.97, 0.60, 0.70
Tasks: 402 total,   2 running, 400 sleeping,   0 stopped,   0 zombie
%Cpu(s):  2.5 us,  0.6 sy,  0.0 ni, 96.8 id,  0.0 wa,  0.0 hi,  0.0 si,  0.0 st
KiB Mem : 65877712 total, 47403152 free,  8066028 used, 10408532 buff/cache
KiB Swap: 33554428 total, 32291132 free,  1263296 used. 56580448 avail Mem 
--
top - 14:16:47 up 104 days,  5:58,  0 users,  load average: 0.98, 0.61, 0.70
Tasks: 402 total,   1 running, 401 sleeping,   0 stopped,   0 zombie
%Cpu(s):  1.2 us,  0.3 sy,  0.0 ni, 98.6 id,  0.0 wa,  0.0 hi,  0.0 si,  0.0 st
KiB Mem : 65877712 total, 47668764 free,  7799972 used, 10408976 buff/cache
KiB Swap: 33554428 total, 32291132 free,  1263296 used. 56846280 avail Mem 
--
top - 14:16:52 up 104 days,  5:59,  0 users,  load average: 0.90, 0.60, 0.70
Tasks: 402 total,   1 running, 401 sleeping,   0 stopped,   0 zombie
%Cpu(s):  0.1 us,  0.0 sy,  0.0 ni, 99.9 id,  0.0 wa,  0.0 hi,  0.0 si,  0.0 st
KiB Mem : 65877712 total, 47668764 free,  7799972 used, 10408976 buff/cache
KiB Swap: 33554428 total, 32291132 free,  1263296 used. 56846280 avail Mem 
--
top - 14:16:57 up 104 days,  5:59,  0 users,  load average: 0.83, 0.59, 0.70
Tasks: 402 total,   1 running, 401 sleeping,   0 stopped,   0 zombie
%Cpu(s):  0.1 us,  0.0 sy,  0.0 ni, 99.9 id,  0.0 wa,  0.0 hi,  0.0 si,  0.0 st
KiB Mem : 65877712 total, 47669120 free,  7799616 used, 10408976 buff/cache
KiB Swap: 33554428 total, 32291132 free,  1263296 used. 56846636 avail Mem 
--
top - 14:17:02 up 104 days,  5:59,  0 users,  load average: 0.76, 0.58, 0.69
Tasks: 397 total,   1 running, 396 sleeping,   0 stopped,   0 zombie
%Cpu(s):  0.2 us,  0.0 sy,  0.0 ni, 99.8 id,  0.0 wa,  0.0 hi,  0.0 si,  0.0 st
KiB Mem : 65877712 total, 47668460 free,  7800276 used, 10408976 buff/cache
KiB Swap: 33554428 total, 32291132 free,  1263296 used. 56845976 avail Mem 
--
top - 14:17:07 up 104 days,  5:59,  0 users,  load average: 0.70, 0.57, 0.69
Tasks: 397 total,   1 running, 396 sleeping,   0 stopped,   0 zombie
%Cpu(s):  0.2 us,  0.0 sy,  0.0 ni, 99.7 id,  0.0 wa,  0.0 hi,  0.0 si,  0.0 st
KiB Mem : 65877712 total, 47668460 free,  7800276 used, 10408976 buff/cache
KiB Swap: 33554428 total, 32291132 free,  1263296 used. 56845976 avail Mem 
--
top - 14:17:12 up 104 days,  5:59,  0 users,  load average: 0.64, 0.56, 0.68
Tasks: 397 total,   1 running, 396 sleeping,   0 stopped,   0 zombie
%Cpu(s):  0.2 us,  0.0 sy,  0.0 ni, 99.7 id,  0.0 wa,  0.0 hi,  0.0 si,  0.0 st
KiB Mem : 65877712 total, 47668456 free,  7800280 used, 10408976 buff/cache
KiB Swap: 33554428 total, 32291132 free,  1263296 used. 56845972 avail Mem 
--
top - 14:17:17 up 104 days,  5:59,  0 users,  load average: 0.59, 0.55, 0.68
Tasks: 397 total,   1 running, 396 sleeping,   0 stopped,   0 zombie
%Cpu(s):  0.2 us,  0.0 sy,  0.0 ni, 99.8 id,  0.0 wa,  0.0 hi,  0.0 si,  0.0 st
KiB Mem : 65877712 total, 47668920 free,  7799816 used, 10408976 buff/cache
KiB Swap: 33554428 total, 32291132 free,  1263296 used. 56846436 avail Mem 
--
top - 14:17:22 up 104 days,  5:59,  0 users,  load average: 0.54, 0.54, 0.68
Tasks: 397 total,   1 running, 396 sleeping,   0 stopped,   0 zombie
%Cpu(s):  0.1 us,  0.0 sy,  0.0 ni, 99.8 id,  0.0 wa,  0.0 hi,  0.0 si,  0.0 st
KiB Mem : 65877712 total, 47668920 free,  7799816 used, 10408976 buff/cache
KiB Swap: 33554428 total, 32291132 free,  1263296 used. 56846436 avail Mem 
--
top - 14:17:27 up 104 days,  5:59,  0 users,  load average: 0.50, 0.53, 0.67
Tasks: 397 total,   1 running, 396 sleeping,   0 stopped,   0 zombie
%Cpu(s):  0.1 us,  0.0 sy,  0.0 ni, 99.9 id,  0.0 wa,  0.0 hi,  0.0 si,  0.0 st
KiB Mem : 65877712 total, 47668920 free,  7799816 used, 10408976 buff/cache
KiB Swap: 33554428 total, 32291132 free,  1263296 used. 56846436 avail Mem 
--
top - 14:17:32 up 104 days,  5:59,  0 users,  load average: 0.46, 0.52, 0.67
Tasks: 396 total,   2 running, 394 sleeping,   0 stopped,   0 zombie
%Cpu(s):  0.4 us,  0.0 sy,  0.0 ni, 99.6 id,  0.0 wa,  0.0 hi,  0.0 si,  0.0 st
KiB Mem : 65877712 total, 47645104 free,  7802116 used, 10430492 buff/cache
KiB Swap: 33554428 total, 32291132 free,  1263296 used. 56843548 avail Mem 
--
top - 14:17:37 up 104 days,  5:59,  0 users,  load average: 0.50, 0.53, 0.67
Tasks: 396 total,   2 running, 394 sleeping,   0 stopped,   0 zombie
%Cpu(s):  2.7 us,  0.4 sy,  0.0 ni, 96.6 id,  0.2 wa,  0.0 hi,  0.1 si,  0.0 st
KiB Mem : 65877712 total, 47295316 free,  7802396 used, 10780000 buff/cache
KiB Swap: 33554428 total, 32291132 free,  1263296 used. 56837988 avail Mem 
--
top - 14:17:43 up 104 days,  5:59,  0 users,  load average: 0.54, 0.54, 0.67
Tasks: 396 total,   2 running, 394 sleeping,   0 stopped,   0 zombie
%Cpu(s):  2.8 us,  0.3 sy,  0.0 ni, 96.8 id,  0.0 wa,  0.0 hi,  0.1 si,  0.0 st
KiB Mem : 65877712 total, 46948704 free,  7802328 used, 11126680 buff/cache
KiB Swap: 33554428 total, 32291132 free,  1263296 used. 56834072 avail Mem 
--
top - 14:17:48 up 104 days,  5:59,  0 users,  load average: 0.66, 0.56, 0.68
Tasks: 396 total,   2 running, 394 sleeping,   0 stopped,   0 zombie
%Cpu(s):  2.8 us,  0.4 sy,  0.0 ni, 96.2 id,  0.5 wa,  0.0 hi,  0.1 si,  0.0 st
KiB Mem : 65877712 total, 46606224 free,  7803096 used, 11468392 buff/cache
KiB Swap: 33554428 total, 32291132 free,  1263296 used. 56828420 avail Mem 
--
top - 14:17:53 up 104 days,  6:00,  0 users,  load average: 0.69, 0.57, 0.68
Tasks: 396 total,   2 running, 394 sleeping,   0 stopped,   0 zombie
%Cpu(s):  2.8 us,  0.3 sy,  0.0 ni, 96.8 id,  0.0 wa,  0.0 hi,  0.1 si,  0.0 st
KiB Mem : 65877712 total, 46265336 free,  7802872 used, 11809504 buff/cache
KiB Swap: 33554428 total, 32291132 free,  1263296 used. 56823964 avail Mem 
--
top - 14:17:58 up 104 days,  6:00,  0 users,  load average: 0.71, 0.58, 0.68
Tasks: 395 total,   2 running, 393 sleeping,   0 stopped,   0 zombie
%Cpu(s):  2.8 us,  0.3 sy,  0.0 ni, 96.7 id,  0.1 wa,  0.0 hi,  0.1 si,  0.0 st
KiB Mem : 65877712 total, 45918332 free,  7799068 used, 12160312 buff/cache
KiB Swap: 33554428 total, 32291132 free,  1263296 used. 56822652 avail Mem 
--
top - 14:18:03 up 104 days,  6:00,  0 users,  load average: 0.74, 0.58, 0.69
Tasks: 400 total,   2 running, 398 sleeping,   0 stopped,   0 zombie
%Cpu(s):  3.1 us,  0.6 sy,  0.0 ni, 95.9 id,  0.3 wa,  0.0 hi,  0.1 si,  0.0 st
KiB Mem : 65877712 total, 45562396 free,  7804132 used, 12511184 buff/cache
KiB Swap: 33554428 total, 32291132 free,  1263296 used. 56813132 avail Mem 
--
top - 14:18:08 up 104 days,  6:00,  0 users,  load average: 0.76, 0.59, 0.69
Tasks: 400 total,   2 running, 398 sleeping,   0 stopped,   0 zombie
%Cpu(s):  2.7 us,  0.3 sy,  0.0 ni, 96.9 id,  0.0 wa,  0.0 hi,  0.1 si,  0.0 st
KiB Mem : 65877712 total, 45203164 free,  7804072 used, 12870476 buff/cache
KiB Swap: 33554428 total, 32291132 free,  1263296 used. 56808256 avail Mem 
--
top - 14:18:13 up 104 days,  6:00,  0 users,  load average: 0.78, 0.60, 0.69
Tasks: 400 total,   2 running, 398 sleeping,   0 stopped,   0 zombie
%Cpu(s):  2.8 us,  0.3 sy,  0.0 ni, 96.8 id,  0.0 wa,  0.0 hi,  0.1 si,  0.0 st
KiB Mem : 65877712 total, 44865796 free,  7804100 used, 13207816 buff/cache
KiB Swap: 33554428 total, 32291132 free,  1263296 used. 56803124 avail Mem 
--
top - 14:18:18 up 104 days,  6:00,  0 users,  load average: 0.79, 0.61, 0.69
Tasks: 400 total,   2 running, 398 sleeping,   0 stopped,   0 zombie
%Cpu(s):  2.8 us,  0.5 sy,  0.0 ni, 95.6 id,  1.1 wa,  0.0 hi,  0.1 si,  0.0 st
KiB Mem : 65877712 total, 44553376 free,  7804608 used, 13519728 buff/cache
KiB Swap: 33554428 total, 32291132 free,  1263296 used. 56798528 avail Mem 
--
top - 14:18:23 up 104 days,  6:00,  0 users,  load average: 0.81, 0.61, 0.69
Tasks: 400 total,   2 running, 398 sleeping,   0 stopped,   0 zombie
%Cpu(s):  1.7 us,  1.6 sy,  0.0 ni, 96.1 id,  0.6 wa,  0.0 hi,  0.0 si,  0.0 st
KiB Mem : 65877712 total, 41981384 free, 10991908 used, 12904420 buff/cache
KiB Swap: 33554428 total, 32291132 free,  1263296 used. 53619320 avail Mem 
--
top - 14:18:28 up 104 days,  6:00,  0 users,  load average: 0.83, 0.62, 0.69
Tasks: 400 total,   2 running, 398 sleeping,   0 stopped,   0 zombie
%Cpu(s):  2.4 us,  1.1 sy,  0.0 ni, 96.0 id,  0.5 wa,  0.0 hi,  0.0 si,  0.0 st
KiB Mem : 65877712 total, 43208308 free, 11909932 used, 10759472 buff/cache
KiB Swap: 33554428 total, 32291132 free,  1263296 used. 52730568 avail Mem 
--
top - 14:18:33 up 104 days,  6:00,  0 users,  load average: 0.84, 0.62, 0.70
Tasks: 401 total,   2 running, 399 sleeping,   0 stopped,   0 zombie
%Cpu(s):  2.2 us,  1.0 sy,  0.0 ni, 96.7 id,  0.0 wa,  0.0 hi,  0.0 si,  0.0 st
KiB Mem : 65877712 total, 43620616 free, 11846708 used, 10410388 buff/cache
KiB Swap: 33554428 total, 32291132 free,  1263296 used. 52798020 avail Mem 
--
top - 14:18:38 up 104 days,  6:00,  0 users,  load average: 0.85, 0.63, 0.70
Tasks: 401 total,   2 running, 399 sleeping,   0 stopped,   0 zombie
%Cpu(s):  2.3 us,  0.9 sy,  0.0 ni, 96.8 id,  0.0 wa,  0.0 hi,  0.0 si,  0.0 st
KiB Mem : 65877712 total, 44436216 free, 11031108 used, 10410388 buff/cache
KiB Swap: 33554428 total, 32291132 free,  1263296 used. 53614116 avail Mem 
--
top - 14:18:43 up 104 days,  6:00,  0 users,  load average: 0.86, 0.64, 0.70
Tasks: 401 total,   2 running, 399 sleeping,   0 stopped,   0 zombie
%Cpu(s):  2.5 us,  0.6 sy,  0.0 ni, 96.8 id,  0.0 wa,  0.0 hi,  0.0 si,  0.0 st
KiB Mem : 65877712 total, 43594888 free, 11872436 used, 10410388 buff/cache
KiB Swap: 33554428 total, 32291132 free,  1263296 used. 52772352 avail Mem 
--
top - 14:18:48 up 104 days,  6:00,  0 users,  load average: 0.87, 0.64, 0.70
Tasks: 401 total,   1 running, 400 sleeping,   0 stopped,   0 zombie
%Cpu(s):  1.7 us,  0.8 sy,  0.0 ni, 97.4 id,  0.0 wa,  0.0 hi,  0.0 si,  0.0 st
KiB Mem : 65877712 total, 44426268 free, 11041056 used, 10410388 buff/cache
KiB Swap: 33554428 total, 32291132 free,  1263296 used. 53603732 avail Mem 
--
top - 14:18:53 up 104 days,  6:01,  0 users,  load average: 0.81, 0.63, 0.70
Tasks: 401 total,   1 running, 400 sleeping,   0 stopped,   0 zombie
%Cpu(s):  0.1 us,  0.0 sy,  0.0 ni, 99.9 id,  0.0 wa,  0.0 hi,  0.0 si,  0.0 st
KiB Mem : 65877712 total, 44426268 free, 11041056 used, 10410388 buff/cache
KiB Swap: 33554428 total, 32291132 free,  1263296 used. 53603732 avail Mem 
--
top - 14:18:58 up 104 days,  6:01,  0 users,  load average: 0.74, 0.62, 0.69
Tasks: 400 total,   1 running, 399 sleeping,   0 stopped,   0 zombie
%Cpu(s):  0.2 us,  0.0 sy,  0.0 ni, 99.8 id,  0.0 wa,  0.0 hi,  0.0 si,  0.0 st
KiB Mem : 65877712 total, 44425308 free, 11042016 used, 10410388 buff/cache
KiB Swap: 33554428 total, 32291132 free,  1263296 used. 53602772 avail Mem 
--
top - 14:19:03 up 104 days,  6:01,  0 users,  load average: 0.68, 0.61, 0.69
Tasks: 396 total,   1 running, 395 sleeping,   0 stopped,   0 zombie
%Cpu(s):  0.2 us,  0.0 sy,  0.0 ni, 99.8 id,  0.0 wa,  0.0 hi,  0.0 si,  0.0 st
KiB Mem : 65877712 total, 44429256 free, 11039240 used, 10409216 buff/cache
KiB Swap: 33554428 total, 32291132 free,  1263296 used. 53606200 avail Mem 
--
top - 14:19:08 up 104 days,  6:01,  0 users,  load average: 0.63, 0.60, 0.68
Tasks: 396 total,   1 running, 395 sleeping,   0 stopped,   0 zombie
%Cpu(s):  0.2 us,  0.0 sy,  0.0 ni, 99.8 id,  0.0 wa,  0.0 hi,  0.0 si,  0.0 st
KiB Mem : 65877712 total, 44429256 free, 11039240 used, 10409216 buff/cache
KiB Swap: 33554428 total, 32291132 free,  1263296 used. 53606200 avail Mem 
--
top - 14:19:13 up 104 days,  6:01,  0 users,  load average: 0.58, 0.59, 0.68
Tasks: 396 total,   1 running, 395 sleeping,   0 stopped,   0 zombie
%Cpu(s):  0.2 us,  0.0 sy,  0.0 ni, 99.8 id,  0.0 wa,  0.0 hi,  0.0 si,  0.0 st
KiB Mem : 65877712 total, 44429524 free, 11038972 used, 10409216 buff/cache
KiB Swap: 33554428 total, 32291132 free,  1263296 used. 53606468 avail Mem 
--
top - 14:19:18 up 104 days,  6:01,  0 users,  load average: 0.53, 0.58, 0.68
Tasks: 395 total,   1 running, 394 sleeping,   0 stopped,   0 zombie
%Cpu(s):  0.1 us,  0.0 sy,  0.0 ni, 99.8 id,  0.0 wa,  0.0 hi,  0.0 si,  0.0 st
KiB Mem : 65877712 total, 44429524 free, 11038972 used, 10409216 buff/cache
KiB Swap: 33554428 total, 32291132 free,  1263296 used. 53606468 avail Mem 
--
top - 14:19:23 up 104 days,  6:01,  0 users,  load average: 0.49, 0.57, 0.67
Tasks: 395 total,   1 running, 394 sleeping,   0 stopped,   0 zombie
%Cpu(s):  0.1 us,  0.0 sy,  0.0 ni, 98.7 id,  1.1 wa,  0.0 hi,  0.0 si,  0.0 st
KiB Mem : 65877712 total, 44429772 free, 11038724 used, 10409216 buff/cache
KiB Swap: 33554428 total, 32291132 free,  1263296 used. 53606716 avail Mem 
--
top - 14:19:28 up 104 days,  6:01,  0 users,  load average: 0.61, 0.60, 0.68
Tasks: 396 total,   2 running, 394 sleeping,   0 stopped,   0 zombie
%Cpu(s):  0.9 us,  0.1 sy,  0.0 ni, 90.1 id,  8.9 wa,  0.0 hi,  0.0 si,  0.0 st
KiB Mem : 65877712 total, 44342788 free, 11042464 used, 10492460 buff/cache
KiB Swap: 33554428 total, 32291132 free,  1263296 used. 53600828 avail Mem 
--
top - 14:19:33 up 104 days,  6:01,  0 users,  load average: 1.20, 0.72, 0.72
Tasks: 396 total,   2 running, 394 sleeping,   0 stopped,   0 zombie
%Cpu(s):  2.8 us,  0.3 sy,  0.0 ni, 89.1 id,  7.7 wa,  0.0 hi,  0.0 si,  0.0 st
KiB Mem : 65877712 total, 43991428 free, 11044312 used, 10841972 buff/cache
KiB Swap: 33554428 total, 32291132 free,  1263296 used. 53595004 avail Mem 
--
top - 14:19:38 up 104 days,  6:01,  0 users,  load average: 1.18, 0.72, 0.72
Tasks: 396 total,   2 running, 394 sleeping,   0 stopped,   0 zombie
%Cpu(s):  2.8 us,  0.3 sy,  0.0 ni, 96.8 id,  0.0 wa,  0.0 hi,  0.1 si,  0.0 st
KiB Mem : 65877712 total, 43646184 free, 11044608 used, 11186920 buff/cache
KiB Swap: 33554428 total, 32291132 free,  1263296 used. 53590064 avail Mem 
--
top - 14:19:43 up 104 days,  6:01,  0 users,  load average: 1.17, 0.73, 0.72
Tasks: 396 total,   2 running, 394 sleeping,   0 stopped,   0 zombie
%Cpu(s):  2.8 us,  0.3 sy,  0.0 ni, 96.8 id,  0.0 wa,  0.0 hi,  0.1 si,  0.0 st
KiB Mem : 65877712 total, 43304436 free, 11044656 used, 11528620 buff/cache
KiB Swap: 33554428 total, 32291132 free,  1263296 used. 53586012 avail Mem 
--
top - 14:19:48 up 104 days,  6:01,  0 users,  load average: 1.16, 0.73, 0.72
Tasks: 396 total,   2 running, 394 sleeping,   0 stopped,   0 zombie
%Cpu(s):  2.8 us,  0.3 sy,  0.0 ni, 96.8 id,  0.0 wa,  0.0 hi,  0.1 si,  0.0 st
KiB Mem : 65877712 total, 42961976 free, 11044116 used, 11871620 buff/cache
KiB Swap: 33554428 total, 32291132 free,  1263296 used. 53581244 avail Mem 
--
top - 14:19:53 up 104 days,  6:02,  0 users,  load average: 1.14, 0.74, 0.73
Tasks: 396 total,   2 running, 394 sleeping,   0 stopped,   0 zombie
%Cpu(s):  2.7 us,  0.4 sy,  0.0 ni, 96.8 id,  0.0 wa,  0.0 hi,  0.1 si,  0.0 st
KiB Mem : 65877712 total, 42607788 free, 11044444 used, 12225480 buff/cache
KiB Swap: 33554428 total, 32291132 free,  1263296 used. 53577168 avail Mem 
--
top - 14:19:58 up 104 days,  6:02,  0 users,  load average: 1.13, 0.74, 0.73
Tasks: 397 total,   1 running, 396 sleeping,   0 stopped,   0 zombie
%Cpu(s):  2.8 us,  0.4 sy,  0.0 ni, 96.4 id,  0.4 wa,  0.0 hi,  0.1 si,  0.0 st
KiB Mem : 65877712 total, 42262392 free, 11041044 used, 12574276 buff/cache
KiB Swap: 33554428 total, 32291132 free,  1263296 used. 53575376 avail Mem 
--
top - 14:20:03 up 104 days,  6:02,  0 users,  load average: 1.12, 0.75, 0.73
Tasks: 400 total,   2 running, 398 sleeping,   0 stopped,   0 zombie
%Cpu(s):  3.1 us,  0.6 sy,  0.0 ni, 95.6 id,  0.6 wa,  0.0 hi,  0.1 si,  0.0 st
KiB Mem : 65877712 total, 41898132 free, 11045028 used, 12934552 buff/cache
KiB Swap: 33554428 total, 32291132 free,  1263296 used. 53565536 avail Mem 
--
top - 14:20:08 up 104 days,  6:02,  0 users,  load average: 1.19, 0.77, 0.74
Tasks: 400 total,   2 running, 398 sleeping,   0 stopped,   0 zombie
%Cpu(s):  2.8 us,  0.3 sy,  0.0 ni, 96.4 id,  0.4 wa,  0.0 hi,  0.1 si,  0.0 st
KiB Mem : 65877712 total, 41558944 free, 11044944 used, 13273824 buff/cache
KiB Swap: 33554428 total, 32291132 free,  1263296 used. 53561408 avail Mem 
--
top - 14:20:13 up 104 days,  6:02,  0 users,  load average: 1.18, 0.77, 0.74
Tasks: 400 total,   2 running, 398 sleeping,   0 stopped,   0 zombie
%Cpu(s):  2.8 us,  0.4 sy,  0.0 ni, 95.5 id,  1.3 wa,  0.0 hi,  0.0 si,  0.0 st
KiB Mem : 65877712 total, 41289792 free, 11044996 used, 13542924 buff/cache
KiB Swap: 33554428 total, 32291132 free,  1263296 used. 53558456 avail Mem 
--
top - 14:20:18 up 104 days,  6:02,  0 users,  load average: 1.16, 0.77, 0.74
Tasks: 400 total,   2 running, 398 sleeping,   0 stopped,   0 zombie
%Cpu(s):  1.1 us,  2.2 sy,  0.0 ni, 95.8 id,  1.0 wa,  0.0 hi,  0.0 si,  0.0 st
KiB Mem : 65877712 total, 38316556 free, 14215728 used, 13345428 buff/cache
KiB Swap: 33554428 total, 32291132 free,  1263296 used. 50390288 avail Mem 
--
top - 14:20:23 up 104 days,  6:02,  0 users,  load average: 1.15, 0.78, 0.74
Tasks: 400 total,   2 running, 398 sleeping,   0 stopped,   0 zombie
%Cpu(s):  2.4 us,  1.1 sy,  0.0 ni, 96.5 id,  0.0 wa,  0.0 hi,  0.0 si,  0.0 st
KiB Mem : 65877712 total, 39345604 free, 15141756 used, 11390352 buff/cache
KiB Swap: 33554428 total, 32291132 free,  1263296 used. 49489268 avail Mem 
--
top - 14:20:28 up 104 days,  6:02,  0 users,  load average: 1.14, 0.78, 0.74
Tasks: 400 total,   2 running, 398 sleeping,   0 stopped,   0 zombie
%Cpu(s):  2.3 us,  1.0 sy,  0.0 ni, 96.7 id,  0.0 wa,  0.0 hi,  0.0 si,  0.0 st
KiB Mem : 65877712 total, 40494260 free, 14973172 used, 10410280 buff/cache
KiB Swap: 33554428 total, 32291132 free,  1263296 used. 49673068 avail Mem 
--
top - 14:20:33 up 104 days,  6:02,  0 users,  load average: 1.13, 0.79, 0.74
Tasks: 400 total,   2 running, 398 sleeping,   0 stopped,   0 zombie
%Cpu(s):  2.3 us,  0.9 sy,  0.0 ni, 96.8 id,  0.0 wa,  0.0 hi,  0.0 si,  0.0 st
KiB Mem : 65877712 total, 40521652 free, 14945780 used, 10410280 buff/cache
KiB Swap: 33554428 total, 32291132 free,  1263296 used. 49700460 avail Mem 
--
top - 14:20:38 up 104 days,  6:02,  0 users,  load average: 1.12, 0.79, 0.74
Tasks: 400 total,   2 running, 398 sleeping,   0 stopped,   0 zombie
%Cpu(s):  2.2 us,  1.0 sy,  0.0 ni, 96.8 id,  0.0 wa,  0.0 hi,  0.0 si,  0.0 st
KiB Mem : 65877712 total, 40758448 free, 14708984 used, 10410280 buff/cache
KiB Swap: 33554428 total, 32291132 free,  1263296 used. 49937256 avail Mem 
--
top - 14:20:43 up 104 days,  6:02,  0 users,  load average: 1.11, 0.79, 0.75
Tasks: 400 total,   1 running, 399 sleeping,   0 stopped,   0 zombie
%Cpu(s):  2.0 us,  0.7 sy,  0.0 ni, 97.2 id,  0.0 wa,  0.0 hi,  0.0 si,  0.0 st
KiB Mem : 65877712 total, 41190776 free, 14276656 used, 10410280 buff/cache
KiB Swap: 33554428 total, 32291132 free,  1263296 used. 50369584 avail Mem 
--
top - 14:20:48 up 104 days,  6:02,  0 users,  load average: 1.02, 0.78, 0.74
Tasks: 400 total,   1 running, 399 sleeping,   0 stopped,   0 zombie
%Cpu(s):  0.1 us,  0.0 sy,  0.0 ni, 99.9 id,  0.0 wa,  0.0 hi,  0.0 si,  0.0 st
KiB Mem : 65877712 total, 41190776 free, 14276656 used, 10410280 buff/cache
KiB Swap: 33554428 total, 32291132 free,  1263296 used. 50369584 avail Mem 
--
top - 14:20:53 up 104 days,  6:03,  0 users,  load average: 0.94, 0.77, 0.74
Tasks: 400 total,   1 running, 399 sleeping,   0 stopped,   0 zombie
%Cpu(s):  0.1 us,  0.0 sy,  0.0 ni, 99.9 id,  0.0 wa,  0.0 hi,  0.0 si,  0.0 st
KiB Mem : 65877712 total, 41190776 free, 14276656 used, 10410280 buff/cache
KiB Swap: 33554428 total, 32291132 free,  1263296 used. 50369584 avail Mem 
--
top - 14:20:58 up 104 days,  6:03,  0 users,  load average: 0.86, 0.75, 0.73
Tasks: 400 total,   1 running, 399 sleeping,   0 stopped,   0 zombie
%Cpu(s):  0.2 us,  0.0 sy,  0.0 ni, 99.8 id,  0.0 wa,  0.0 hi,  0.0 si,  0.0 st
KiB Mem : 65877712 total, 41190528 free, 14276904 used, 10410280 buff/cache
KiB Swap: 33554428 total, 32291132 free,  1263296 used. 50369336 avail Mem 
--
top - 14:21:03 up 104 days,  6:03,  0 users,  load average: 0.81, 0.75, 0.73
Tasks: 400 total,   1 running, 399 sleeping,   0 stopped,   0 zombie
%Cpu(s):  0.3 us,  0.0 sy,  0.0 ni, 99.7 id,  0.0 wa,  0.0 hi,  0.0 si,  0.0 st
KiB Mem : 65877712 total, 41190804 free, 14276628 used, 10410280 buff/cache
KiB Swap: 33554428 total, 32291132 free,  1263296 used. 50369612 avail Mem 
--
top - 14:21:08 up 104 days,  6:03,  0 users,  load average: 0.74, 0.73, 0.73
Tasks: 400 total,   1 running, 399 sleeping,   0 stopped,   0 zombie
%Cpu(s):  0.1 us,  0.0 sy,  0.0 ni, 99.8 id,  0.0 wa,  0.0 hi,  0.0 si,  0.0 st
KiB Mem : 65877712 total, 41190804 free, 14276628 used, 10410280 buff/cache
KiB Swap: 33554428 total, 32291132 free,  1263296 used. 50369612 avail Mem 
--
top - 14:21:13 up 104 days,  6:03,  0 users,  load average: 0.68, 0.72, 0.72
Tasks: 400 total,   1 running, 399 sleeping,   0 stopped,   0 zombie
%Cpu(s):  0.1 us,  0.0 sy,  0.0 ni, 99.8 id,  0.0 wa,  0.0 hi,  0.0 si,  0.0 st
KiB Mem : 65877712 total, 41191252 free, 14276180 used, 10410280 buff/cache
KiB Swap: 33554428 total, 32291132 free,  1263296 used. 50370060 avail Mem 
--
top - 14:21:18 up 104 days,  6:03,  0 users,  load average: 0.63, 0.71, 0.72
Tasks: 400 total,   1 running, 399 sleeping,   0 stopped,   0 zombie
%Cpu(s):  0.1 us,  0.0 sy,  0.0 ni, 99.8 id,  0.0 wa,  0.0 hi,  0.0 si,  0.0 st
KiB Mem : 65877712 total, 41190812 free, 14276620 used, 10410280 buff/cache
KiB Swap: 33554428 total, 32291132 free,  1263296 used. 50369620 avail Mem 
--
top - 14:21:23 up 104 days,  6:03,  0 users,  load average: 0.66, 0.71, 0.72
Tasks: 399 total,   2 running, 397 sleeping,   0 stopped,   0 zombie
%Cpu(s):  0.6 us,  0.1 sy,  0.0 ni, 99.3 id,  0.0 wa,  0.0 hi,  0.0 si,  0.0 st
KiB Mem : 65877712 total, 41131956 free, 14282228 used, 10463528 buff/cache
KiB Swap: 33554428 total, 32291132 free,  1263296 used. 50362428 avail Mem 
--
top - 14:21:28 up 104 days,  6:03,  0 users,  load average: 0.69, 0.72, 0.72
Tasks: 400 total,   1 running, 399 sleeping,   0 stopped,   0 zombie
%Cpu(s):  2.8 us,  0.4 sy,  0.0 ni, 96.6 id,  0.2 wa,  0.0 hi,  0.1 si,  0.0 st
KiB Mem : 65877712 total, 40780608 free, 14282772 used, 10814332 buff/cache
KiB Swap: 33554428 total, 32291132 free,  1263296 used. 50357920 avail Mem 
--
top - 14:21:33 up 104 days,  6:03,  0 users,  load average: 0.79, 0.74, 0.73
Tasks: 400 total,   2 running, 398 sleeping,   0 stopped,   0 zombie
%Cpu(s):  2.8 us,  0.4 sy,  0.0 ni, 96.7 id,  0.1 wa,  0.0 hi,  0.1 si,  0.0 st
KiB Mem : 65877712 total, 40435468 free, 14282312 used, 11159932 buff/cache
KiB Swap: 33554428 total, 32291132 free,  1263296 used. 50352648 avail Mem 
--
top - 14:21:38 up 104 days,  6:03,  0 users,  load average: 0.81, 0.74, 0.73
Tasks: 400 total,   2 running, 398 sleeping,   0 stopped,   0 zombie
%Cpu(s):  2.8 us,  0.4 sy,  0.0 ni, 96.5 id,  0.4 wa,  0.0 hi,  0.1 si,  0.0 st
KiB Mem : 65877712 total, 40091480 free, 14282656 used, 11503576 buff/cache
KiB Swap: 33554428 total, 32291132 free,  1263296 used. 50348092 avail Mem 
--
top - 14:21:44 up 104 days,  6:03,  0 users,  load average: 0.82, 0.75, 0.73
Tasks: 400 total,   2 running, 398 sleeping,   0 stopped,   0 zombie
%Cpu(s):  2.8 us,  0.3 sy,  0.0 ni, 96.8 id,  0.0 wa,  0.0 hi,  0.0 si,  0.0 st
KiB Mem : 65877712 total, 39748080 free, 14281900 used, 11847732 buff/cache
KiB Swap: 33554428 total, 32291132 free,  1263296 used. 50343764 avail Mem 
--
top - 14:21:49 up 104 days,  6:03,  0 users,  load average: 0.84, 0.75, 0.73
Tasks: 400 total,   2 running, 398 sleeping,   0 stopped,   0 zombie
%Cpu(s):  2.8 us,  0.3 sy,  0.0 ni, 96.8 id,  0.0 wa,  0.0 hi,  0.1 si,  0.0 st
KiB Mem : 65877712 total, 39395344 free, 14282732 used, 12199636 buff/cache
KiB Swap: 33554428 total, 32291132 free,  1263296 used. 50338528 avail Mem 
--
top - 14:21:54 up 104 days,  6:04,  0 users,  load average: 0.85, 0.76, 0.74
Tasks: 400 total,   2 running, 398 sleeping,   0 stopped,   0 zombie
%Cpu(s):  2.8 us,  0.3 sy,  0.0 ni, 96.8 id,  0.0 wa,  0.0 hi,  0.1 si,  0.0 st
KiB Mem : 65877712 total, 39042204 free, 14282668 used, 12552840 buff/cache
KiB Swap: 33554428 total, 32291132 free,  1263296 used. 50333320 avail Mem 
--
top - 14:21:59 up 104 days,  6:04,  0 users,  load average: 0.86, 0.76, 0.74
Tasks: 400 total,   2 running, 398 sleeping,   0 stopped,   0 zombie
%Cpu(s):  2.8 us,  0.3 sy,  0.0 ni, 96.8 id,  0.0 wa,  0.0 hi,  0.1 si,  0.0 st
KiB Mem : 65877712 total, 38669460 free, 14283280 used, 12924972 buff/cache
KiB Swap: 33554428 total, 32291132 free,  1263296 used. 50328136 avail Mem 
--
top - 14:22:04 up 104 days,  6:04,  0 users,  load average: 0.87, 0.77, 0.74
Tasks: 402 total,   2 running, 400 sleeping,   0 stopped,   0 zombie
%Cpu(s):  3.1 us,  0.5 sy,  0.0 ni, 95.9 id,  0.3 wa,  0.0 hi,  0.1 si,  0.0 st
KiB Mem : 65877712 total, 38331884 free, 14281584 used, 13264244 buff/cache
KiB Swap: 33554428 total, 32291132 free,  1263296 used. 50325600 avail Mem 
--
top - 14:22:09 up 104 days,  6:04,  0 users,  load average: 0.88, 0.77, 0.74
Tasks: 402 total,   2 running, 400 sleeping,   0 stopped,   0 zombie
%Cpu(s):  2.8 us,  0.4 sy,  0.0 ni, 95.4 id,  1.3 wa,  0.0 hi,  0.0 si,  0.0 st
KiB Mem : 65877712 total, 38043260 free, 14281776 used, 13552676 buff/cache
KiB Swap: 33554428 total, 32291132 free,  1263296 used. 50321472 avail Mem 
--
top - 14:22:14 up 104 days,  6:04,  0 users,  load average: 0.89, 0.77, 0.74
Tasks: 402 total,   2 running, 400 sleeping,   0 stopped,   0 zombie
%Cpu(s):  1.8 us,  1.7 sy,  0.0 ni, 96.1 id,  0.5 wa,  0.0 hi,  0.0 si,  0.0 st
KiB Mem : 65877712 total, 35814208 free, 18008700 used, 12054804 buff/cache
KiB Swap: 33554428 total, 32291132 free,  1263296 used. 46614720 avail Mem 
--
top - 14:22:19 up 104 days,  6:04,  0 users,  load average: 0.90, 0.78, 0.74
Tasks: 402 total,   2 running, 400 sleeping,   0 stopped,   0 zombie
%Cpu(s):  2.5 us,  0.9 sy,  0.0 ni, 96.6 id,  0.0 wa,  0.0 hi,  0.0 si,  0.0 st
KiB Mem : 65877712 total, 37684944 free, 17780572 used, 10412196 buff/cache
KiB Swap: 33554428 total, 32291132 free,  1263296 used. 46864480 avail Mem 
--
top - 14:22:24 up 104 days,  6:04,  0 users,  load average: 0.91, 0.78, 0.74
Tasks: 402 total,   2 running, 400 sleeping,   0 stopped,   0 zombie
%Cpu(s):  2.6 us,  0.5 sy,  0.0 ni, 96.8 id,  0.0 wa,  0.0 hi,  0.0 si,  0.0 st
KiB Mem : 65877712 total, 37171748 free, 18293768 used, 10412196 buff/cache
KiB Swap: 33554428 total, 32291132 free,  1263296 used. 46351284 avail Mem 
--
top - 14:22:29 up 104 days,  6:04,  0 users,  load average: 1.48, 0.90, 0.78
Tasks: 402 total,   2 running, 400 sleeping,   0 stopped,   0 zombie
%Cpu(s):  2.5 us,  0.6 sy,  0.0 ni, 89.9 id,  6.9 wa,  0.0 hi,  0.0 si,  0.0 st
KiB Mem : 65877712 total, 37084080 free, 18381436 used, 10412196 buff/cache
KiB Swap: 33554428 total, 32291132 free,  1263296 used. 46263616 avail Mem 
--
top - 14:22:34 up 104 days,  6:04,  0 users,  load average: 2.00, 1.02, 0.82
Tasks: 402 total,   2 running, 400 sleeping,   0 stopped,   0 zombie
%Cpu(s):  2.0 us,  0.7 sy,  0.0 ni, 85.5 id, 11.7 wa,  0.0 hi,  0.0 si,  0.0 st
KiB Mem : 65877712 total, 37956332 free, 17509184 used, 10412196 buff/cache
KiB Swap: 33554428 total, 32291132 free,  1263296 used. 47135868 avail Mem 
--
top - 14:22:39 up 104 days,  6:04,  0 users,  load average: 1.84, 1.00, 0.82
Tasks: 402 total,   1 running, 401 sleeping,   0 stopped,   0 zombie
%Cpu(s):  0.1 us,  0.0 sy,  0.0 ni, 98.3 id,  1.6 wa,  0.0 hi,  0.0 si,  0.0 st
KiB Mem : 65877712 total, 37955884 free, 17509632 used, 10412196 buff/cache
KiB Swap: 33554428 total, 32291132 free,  1263296 used. 47135420 avail Mem 
--
top - 14:22:44 up 104 days,  6:04,  0 users,  load average: 1.69, 0.98, 0.81
Tasks: 402 total,   1 running, 401 sleeping,   0 stopped,   0 zombie
%Cpu(s):  0.1 us,  0.0 sy,  0.0 ni, 99.9 id,  0.0 wa,  0.0 hi,  0.0 si,  0.0 st
KiB Mem : 65877712 total, 37955884 free, 17509632 used, 10412196 buff/cache
KiB Swap: 33554428 total, 32291132 free,  1263296 used. 47135420 avail Mem 
--
top - 14:22:49 up 104 days,  6:04,  0 users,  load average: 1.56, 0.97, 0.81
Tasks: 402 total,   1 running, 401 sleeping,   0 stopped,   0 zombie
%Cpu(s):  0.2 us,  0.0 sy,  0.0 ni, 99.8 id,  0.0 wa,  0.0 hi,  0.0 si,  0.0 st
KiB Mem : 65877712 total, 37956332 free, 17509184 used, 10412196 buff/cache
KiB Swap: 33554428 total, 32291132 free,  1263296 used. 47135868 avail Mem 
--
top - 14:22:54 up 104 days,  6:05,  0 users,  load average: 1.43, 0.95, 0.80
Tasks: 402 total,   1 running, 401 sleeping,   0 stopped,   0 zombie
%Cpu(s):  0.2 us,  0.0 sy,  0.0 ni, 99.8 id,  0.0 wa,  0.0 hi,  0.0 si,  0.0 st
KiB Mem : 65877712 total, 37959732 free, 17508148 used, 10409832 buff/cache
KiB Swap: 33554428 total, 32291132 free,  1263296 used. 47137012 avail Mem 
--
top - 14:22:59 up 104 days,  6:05,  0 users,  load average: 1.32, 0.94, 0.80
Tasks: 402 total,   1 running, 401 sleeping,   0 stopped,   0 zombie
%Cpu(s):  0.3 us,  0.0 sy,  0.0 ni, 99.7 id,  0.0 wa,  0.0 hi,  0.0 si,  0.0 st
KiB Mem : 65877712 total, 37960832 free, 17507048 used, 10409832 buff/cache
KiB Swap: 33554428 total, 32291132 free,  1263296 used. 47138112 avail Mem 
