10.149.0.37
2023/12/26 13:30:55 Master node address: http://10.149.0.54:8000
2023/12/26 13:30:55 Benchmarking worker...
2023/12/26 13:30:56 Worker registered (1750 MCUPS). Waiting for work...
2023/12/26 13:32:27 Got work. Start calculating alignments...
2023/12/26 13:32:27 Calculating 43 queries
2023/12/26 13:32:39 Done calculating alignments.
2023/12/26 13:32:39 Waiting for work...
2023/12/26 13:34:21 Got work. Start calculating alignments...
2023/12/26 13:34:21 Calculating 43 queries
2023/12/26 13:34:35 Done calculating alignments.
2023/12/26 13:34:35 Waiting for work...
2023/12/26 13:36:06 Got work. Start calculating alignments...
2023/12/26 13:36:06 Calculating 41 queries
2023/12/26 13:36:20 Done calculating alignments.
2023/12/26 13:36:20 Waiting for work...
2023/12/26 13:37:50 Got work. Start calculating alignments...
2023/12/26 13:37:50 Calculating 43 queries
2023/12/26 13:38:01 Done calculating alignments.
2023/12/26 13:38:01 Waiting for work...
2023/12/26 13:39:33 Got work. Start calculating alignments...
2023/12/26 13:39:33 Calculating 42 queries
2023/12/26 13:39:50 Done calculating alignments.
2023/12/26 13:39:50 Waiting for work...
slurmstepd: error: *** JOB 4751341 ON node037 CANCELLED AT 2023-12-26T13:39:59 ***
