10.149.0.60
2023/12/26 13:40:03 Master node address: http://10.149.0.55:8000
2023/12/26 13:40:03 Benchmarking worker...
2023/12/26 13:40:04 Worker registered (1819 MCUPS). Waiting for work...
2023/12/26 13:42:00 Got work. Start calculating alignments...
2023/12/26 13:42:00 Calculating 705 queries
2023/12/26 13:42:49 Done calculating alignments.
2023/12/26 13:42:49 Waiting for work...
2023/12/26 13:44:16 Got work. Start calculating alignments...
2023/12/26 13:44:16 Calculating 705 queries
2023/12/26 13:45:00 Done calculating alignments.
2023/12/26 13:45:00 Waiting for work...
2023/12/26 13:46:41 Got work. Start calculating alignments...
2023/12/26 13:46:41 Calculating 705 queries
2023/12/26 13:47:15 Done calculating alignments.
2023/12/26 13:47:15 Waiting for work...
2023/12/26 13:48:55 Got work. Start calculating alignments...
2023/12/26 13:48:55 Calculating 705 queries
2023/12/26 13:49:50 Done calculating alignments.
2023/12/26 13:49:50 Waiting for work...
2023/12/26 13:51:36 Got work. Start calculating alignments...
2023/12/26 13:51:36 Calculating 705 queries
2023/12/26 13:52:13 Done calculating alignments.
2023/12/26 13:52:13 Waiting for work...
slurmstepd: error: *** JOB 4751354 ON node060 CANCELLED AT 2023-12-26T13:52:13 ***
