10.149.0.66
2023/12/26 14:12:54 Master node address: http://10.149.0.56:8000
2023/12/26 14:12:54 Benchmarking worker...
2023/12/26 14:12:55 Worker registered (1774 MCUPS). Waiting for work...
2023/12/26 14:14:53 Got work. Start calculating alignments...
2023/12/26 14:14:53 Calculating 87 queries
2023/12/26 14:15:14 Done calculating alignments.
2023/12/26 14:15:14 Waiting for work...
2023/12/26 14:16:45 Got work. Start calculating alignments...
2023/12/26 14:16:45 Calculating 85 queries
2023/12/26 14:17:14 Done calculating alignments.
2023/12/26 14:17:14 Waiting for work...
2023/12/26 14:18:37 Got work. Start calculating alignments...
2023/12/26 14:18:37 Calculating 87 queries
2023/12/26 14:18:47 Done calculating alignments.
2023/12/26 14:18:47 Waiting for work...
2023/12/26 14:20:42 Got work. Start calculating alignments...
2023/12/26 14:20:42 Calculating 87 queries
2023/12/26 14:20:54 Done calculating alignments.
2023/12/26 14:20:54 Waiting for work...
2023/12/26 14:22:24 Got work. Start calculating alignments...
2023/12/26 14:22:24 Calculating 85 queries
2023/12/26 14:22:25 Done calculating alignments.
2023/12/26 14:22:25 Waiting for work...
slurmstepd: error: *** JOB 4751389 ON node066 CANCELLED AT 2023-12-26T14:23:01 ***
