Job id: 4751311
Worker ip: 10.149.0.62
Master ip: 10.149.0.59
--
top - 13:12:40 up 104 days,  4:54,  0 users,  load average: 0.00, 0.04, 0.12
Tasks: 399 total,   2 running, 397 sleeping,   0 stopped,   0 zombie
%Cpu(s):  3.7 us,  5.4 sy,  0.0 ni, 90.8 id,  0.0 wa,  0.0 hi,  0.2 si,  0.0 st
KiB Mem : 65877712 total, 53833784 free,  1113788 used, 10930140 buff/cache
KiB Swap: 33554428 total, 32224668 free,  1329760 used. 63584160 avail Mem 
--
top - 13:12:45 up 104 days,  4:55,  0 users,  load average: 0.00, 0.04, 0.12
Tasks: 401 total,   1 running, 400 sleeping,   0 stopped,   0 zombie
%Cpu(s):  1.6 us,  0.4 sy,  0.0 ni, 98.0 id,  0.0 wa,  0.0 hi,  0.0 si,  0.0 st
KiB Mem : 65877712 total, 53817300 free,  1123648 used, 10936764 buff/cache
KiB Swap: 33554428 total, 32224668 free,  1329760 used. 63574256 avail Mem 
--
top - 13:12:50 up 104 days,  4:55,  0 users,  load average: 0.00, 0.04, 0.12
Tasks: 401 total,   1 running, 400 sleeping,   0 stopped,   0 zombie
%Cpu(s):  0.0 us,  0.0 sy,  0.0 ni,100.0 id,  0.0 wa,  0.0 hi,  0.0 si,  0.0 st
KiB Mem : 65877712 total, 53817808 free,  1123140 used, 10936764 buff/cache
KiB Swap: 33554428 total, 32224668 free,  1329760 used. 63574768 avail Mem 
--
top - 13:12:55 up 104 days,  4:55,  0 users,  load average: 0.00, 0.04, 0.12
Tasks: 401 total,   2 running, 399 sleeping,   0 stopped,   0 zombie
%Cpu(s):  0.0 us,  0.0 sy,  0.0 ni,100.0 id,  0.0 wa,  0.0 hi,  0.0 si,  0.0 st
KiB Mem : 65877712 total, 53817692 free,  1123256 used, 10936764 buff/cache
KiB Swap: 33554428 total, 32224668 free,  1329760 used. 63574652 avail Mem 
--
top - 13:13:00 up 104 days,  4:55,  0 users,  load average: 0.00, 0.04, 0.12
Tasks: 401 total,   1 running, 400 sleeping,   0 stopped,   0 zombie
%Cpu(s):  0.0 us,  0.0 sy,  0.0 ni,100.0 id,  0.0 wa,  0.0 hi,  0.0 si,  0.0 st
KiB Mem : 65877712 total, 53818064 free,  1122884 used, 10936764 buff/cache
KiB Swap: 33554428 total, 32224668 free,  1329760 used. 63575024 avail Mem 
--
top - 13:13:05 up 104 days,  4:55,  0 users,  load average: 0.00, 0.04, 0.12
Tasks: 402 total,   1 running, 401 sleeping,   0 stopped,   0 zombie
%Cpu(s):  0.0 us,  0.0 sy,  0.0 ni,100.0 id,  0.0 wa,  0.0 hi,  0.0 si,  0.0 st
KiB Mem : 65877712 total, 53818812 free,  1122136 used, 10936764 buff/cache
KiB Swap: 33554428 total, 32224668 free,  1329760 used. 63575772 avail Mem 
--
top - 13:13:10 up 104 days,  4:55,  0 users,  load average: 0.00, 0.04, 0.12
Tasks: 402 total,   1 running, 401 sleeping,   0 stopped,   0 zombie
%Cpu(s):  0.0 us,  0.0 sy,  0.0 ni, 99.9 id,  0.0 wa,  0.0 hi,  0.0 si,  0.0 st
KiB Mem : 65877712 total, 53819052 free,  1121896 used, 10936764 buff/cache
KiB Swap: 33554428 total, 32224668 free,  1329760 used. 63576012 avail Mem 
--
top - 13:13:15 up 104 days,  4:55,  0 users,  load average: 0.00, 0.04, 0.12
Tasks: 402 total,   1 running, 401 sleeping,   0 stopped,   0 zombie
%Cpu(s):  0.0 us,  0.0 sy,  0.0 ni,100.0 id,  0.0 wa,  0.0 hi,  0.0 si,  0.0 st
KiB Mem : 65877712 total, 53819912 free,  1121036 used, 10936764 buff/cache
KiB Swap: 33554428 total, 32224668 free,  1329760 used. 63576872 avail Mem 
--
top - 13:13:20 up 104 days,  4:55,  0 users,  load average: 0.00, 0.04, 0.12
Tasks: 402 total,   1 running, 401 sleeping,   0 stopped,   0 zombie
%Cpu(s):  0.0 us,  0.0 sy,  0.0 ni,100.0 id,  0.0 wa,  0.0 hi,  0.0 si,  0.0 st
KiB Mem : 65877712 total, 53820344 free,  1120604 used, 10936764 buff/cache
KiB Swap: 33554428 total, 32224668 free,  1329760 used. 63577304 avail Mem 
--
top - 13:13:25 up 104 days,  4:55,  0 users,  load average: 0.00, 0.04, 0.12
Tasks: 402 total,   1 running, 401 sleeping,   0 stopped,   0 zombie
%Cpu(s):  0.0 us,  0.0 sy,  0.0 ni,100.0 id,  0.0 wa,  0.0 hi,  0.0 si,  0.0 st
KiB Mem : 65877712 total, 53821096 free,  1119852 used, 10936764 buff/cache
KiB Swap: 33554428 total, 32224668 free,  1329760 used. 63578056 avail Mem 
--
top - 13:13:30 up 104 days,  4:55,  0 users,  load average: 0.00, 0.04, 0.12
Tasks: 402 total,   1 running, 401 sleeping,   0 stopped,   0 zombie
%Cpu(s):  0.0 us,  0.0 sy,  0.0 ni,100.0 id,  0.0 wa,  0.0 hi,  0.0 si,  0.0 st
KiB Mem : 65877712 total, 53821344 free,  1119604 used, 10936764 buff/cache
KiB Swap: 33554428 total, 32224668 free,  1329760 used. 63578304 avail Mem 
--
top - 13:13:35 up 104 days,  4:55,  0 users,  load average: 0.00, 0.04, 0.12
Tasks: 402 total,   1 running, 401 sleeping,   0 stopped,   0 zombie
%Cpu(s):  0.0 us,  0.0 sy,  0.0 ni,100.0 id,  0.0 wa,  0.0 hi,  0.0 si,  0.0 st
KiB Mem : 65877712 total, 53821576 free,  1119368 used, 10936768 buff/cache
KiB Swap: 33554428 total, 32224668 free,  1329760 used. 63578536 avail Mem 
--
top - 13:13:40 up 104 days,  4:55,  0 users,  load average: 0.00, 0.04, 0.12
Tasks: 402 total,   1 running, 401 sleeping,   0 stopped,   0 zombie
%Cpu(s):  0.0 us,  0.0 sy,  0.0 ni, 99.9 id,  0.0 wa,  0.0 hi,  0.0 si,  0.0 st
KiB Mem : 65877712 total, 53822044 free,  1118900 used, 10936768 buff/cache
KiB Swap: 33554428 total, 32224668 free,  1329760 used. 63579004 avail Mem 
--
top - 13:13:45 up 104 days,  4:56,  0 users,  load average: 0.00, 0.04, 0.12
Tasks: 402 total,   1 running, 401 sleeping,   0 stopped,   0 zombie
%Cpu(s):  0.0 us,  0.0 sy,  0.0 ni,100.0 id,  0.0 wa,  0.0 hi,  0.0 si,  0.0 st
KiB Mem : 65877712 total, 53821368 free,  1119576 used, 10936768 buff/cache
KiB Swap: 33554428 total, 32224668 free,  1329760 used. 63578328 avail Mem 
--
top - 13:13:50 up 104 days,  4:56,  0 users,  load average: 0.00, 0.04, 0.12
Tasks: 402 total,   2 running, 400 sleeping,   0 stopped,   0 zombie
%Cpu(s):  0.0 us,  0.0 sy,  0.0 ni, 99.9 id,  0.0 wa,  0.0 hi,  0.0 si,  0.0 st
KiB Mem : 65877712 total, 53821616 free,  1119328 used, 10936768 buff/cache
KiB Swap: 33554428 total, 32224668 free,  1329760 used. 63578576 avail Mem 
--
top - 13:13:55 up 104 days,  4:56,  0 users,  load average: 0.00, 0.04, 0.11
Tasks: 402 total,   1 running, 401 sleeping,   0 stopped,   0 zombie
%Cpu(s):  0.0 us,  0.0 sy,  0.0 ni,100.0 id,  0.0 wa,  0.0 hi,  0.0 si,  0.0 st
KiB Mem : 65877712 total, 53817272 free,  1123672 used, 10936768 buff/cache
KiB Swap: 33554428 total, 32224668 free,  1329760 used. 63574232 avail Mem 
--
top - 13:14:00 up 104 days,  4:56,  0 users,  load average: 0.00, 0.03, 0.11
Tasks: 398 total,   1 running, 397 sleeping,   0 stopped,   0 zombie
%Cpu(s):  0.4 us,  0.2 sy,  0.0 ni, 99.0 id,  0.4 wa,  0.0 hi,  0.0 si,  0.0 st
KiB Mem : 65877712 total, 53809872 free,  1131072 used, 10936768 buff/cache
KiB Swap: 33554428 total, 32224668 free,  1329760 used. 63566832 avail Mem 
--
top - 13:14:05 up 104 days,  4:56,  0 users,  load average: 0.00, 0.03, 0.11
Tasks: 401 total,   1 running, 400 sleeping,   0 stopped,   0 zombie
%Cpu(s):  0.0 us,  0.0 sy,  0.0 ni, 99.9 id,  0.1 wa,  0.0 hi,  0.0 si,  0.0 st
KiB Mem : 65877712 total, 53810660 free,  1130284 used, 10936768 buff/cache
KiB Swap: 33554428 total, 32224668 free,  1329760 used. 63567624 avail Mem 
--
top - 13:14:10 up 104 days,  4:56,  0 users,  load average: 0.00, 0.03, 0.11
Tasks: 401 total,   1 running, 400 sleeping,   0 stopped,   0 zombie
%Cpu(s):  0.1 us,  0.1 sy,  0.0 ni, 99.9 id,  0.0 wa,  0.0 hi,  0.0 si,  0.0 st
KiB Mem : 65877712 total, 53740688 free,  1200256 used, 10936768 buff/cache
KiB Swap: 33554428 total, 32224668 free,  1329760 used. 63497652 avail Mem 
--
top - 13:14:15 up 104 days,  4:56,  0 users,  load average: 0.00, 0.03, 0.11
Tasks: 401 total,   1 running, 400 sleeping,   0 stopped,   0 zombie
%Cpu(s):  0.2 us,  0.1 sy,  0.0 ni, 99.6 id,  0.0 wa,  0.0 hi,  0.0 si,  0.0 st
KiB Mem : 65877712 total, 53408660 free,  1532284 used, 10936768 buff/cache
KiB Swap: 33554428 total, 32224668 free,  1329760 used. 63165624 avail Mem 
--
top - 13:14:20 up 104 days,  4:56,  0 users,  load average: 0.00, 0.03, 0.11
Tasks: 401 total,   1 running, 400 sleeping,   0 stopped,   0 zombie
%Cpu(s):  0.1 us,  0.1 sy,  0.0 ni, 99.8 id,  0.0 wa,  0.0 hi,  0.0 si,  0.0 st
KiB Mem : 65877712 total, 53158872 free,  1782072 used, 10936768 buff/cache
KiB Swap: 33554428 total, 32224668 free,  1329760 used. 62916272 avail Mem 
--
top - 13:14:25 up 104 days,  4:56,  0 users,  load average: 0.00, 0.03, 0.11
Tasks: 401 total,   1 running, 400 sleeping,   0 stopped,   0 zombie
%Cpu(s):  0.3 us,  0.3 sy,  0.0 ni, 99.3 id,  0.0 wa,  0.0 hi,  0.0 si,  0.0 st
KiB Mem : 65877712 total, 52492660 free,  2448284 used, 10936768 buff/cache
KiB Swap: 33554428 total, 32224668 free,  1329760 used. 62249624 avail Mem 
--
top - 13:14:30 up 104 days,  4:56,  0 users,  load average: 0.00, 0.03, 0.11
Tasks: 401 total,   2 running, 399 sleeping,   0 stopped,   0 zombie
%Cpu(s): 16.7 us,  1.2 sy,  0.0 ni, 82.1 id,  0.0 wa,  0.0 hi,  0.0 si,  0.0 st
KiB Mem : 65877712 total, 46735772 free,  8205168 used, 10936772 buff/cache
KiB Swap: 33554428 total, 32224668 free,  1329760 used. 56492740 avail Mem 
--
top - 13:14:35 up 104 days,  4:56,  0 users,  load average: 0.32, 0.10, 0.13
Tasks: 401 total,   2 running, 399 sleeping,   0 stopped,   0 zombie
%Cpu(s): 12.9 us,  0.0 sy,  0.0 ni, 87.1 id,  0.0 wa,  0.0 hi,  0.0 si,  0.0 st
KiB Mem : 65877712 total, 48654964 free,  6285976 used, 10936772 buff/cache
KiB Swap: 33554428 total, 32224668 free,  1329760 used. 58411932 avail Mem 
--
top - 13:14:40 up 104 days,  4:57,  0 users,  load average: 0.46, 0.13, 0.14
Tasks: 401 total,   2 running, 399 sleeping,   0 stopped,   0 zombie
%Cpu(s):  5.0 us,  0.1 sy,  0.0 ni, 94.9 id,  0.0 wa,  0.0 hi,  0.0 si,  0.0 st
KiB Mem : 65877712 total, 49696900 free,  5244040 used, 10936772 buff/cache
KiB Swap: 33554428 total, 32224668 free,  1329760 used. 59453868 avail Mem 
--
top - 13:14:45 up 104 days,  4:57,  0 users,  load average: 0.50, 0.14, 0.15
Tasks: 402 total,   2 running, 400 sleeping,   0 stopped,   0 zombie
%Cpu(s):  3.1 us,  0.0 sy,  0.0 ni, 94.3 id,  2.5 wa,  0.0 hi,  0.0 si,  0.0 st
KiB Mem : 65877712 total, 49696124 free,  5244816 used, 10936772 buff/cache
KiB Swap: 33554428 total, 32224668 free,  1329760 used. 59453088 avail Mem 
--
top - 13:14:50 up 104 days,  4:57,  0 users,  load average: 1.10, 0.27, 0.19
Tasks: 404 total,   1 running, 403 sleeping,   0 stopped,   0 zombie
%Cpu(s):  1.5 us,  0.2 sy,  0.0 ni, 85.9 id, 12.4 wa,  0.0 hi,  0.0 si,  0.0 st
KiB Mem : 65877712 total, 52914368 free,  2026572 used, 10936772 buff/cache
KiB Swap: 33554428 total, 32224668 free,  1329760 used. 62671332 avail Mem 
--
top - 13:14:55 up 104 days,  4:57,  0 users,  load average: 1.57, 0.39, 0.23
Tasks: 404 total,   1 running, 403 sleeping,   0 stopped,   0 zombie
%Cpu(s):  0.0 us,  0.0 sy,  0.0 ni, 92.5 id,  7.5 wa,  0.0 hi,  0.0 si,  0.0 st
KiB Mem : 65877712 total, 52916120 free,  2024820 used, 10936772 buff/cache
KiB Swap: 33554428 total, 32224668 free,  1329760 used. 62673084 avail Mem 
--
top - 13:15:01 up 104 days,  4:57,  0 users,  load average: 1.45, 0.38, 0.22
Tasks: 404 total,   1 running, 403 sleeping,   0 stopped,   0 zombie
%Cpu(s):  0.0 us,  0.0 sy,  0.0 ni,100.0 id,  0.0 wa,  0.0 hi,  0.0 si,  0.0 st
KiB Mem : 65877712 total, 52916876 free,  2024064 used, 10936772 buff/cache
KiB Swap: 33554428 total, 32224668 free,  1329760 used. 62673840 avail Mem 
--
top - 13:15:06 up 104 days,  4:57,  0 users,  load average: 1.33, 0.37, 0.22
Tasks: 404 total,   1 running, 403 sleeping,   0 stopped,   0 zombie
%Cpu(s):  0.0 us,  0.0 sy,  0.0 ni,100.0 id,  0.0 wa,  0.0 hi,  0.0 si,  0.0 st
KiB Mem : 65877712 total, 52917076 free,  2023864 used, 10936772 buff/cache
KiB Swap: 33554428 total, 32224668 free,  1329760 used. 62674044 avail Mem 
--
top - 13:15:11 up 104 days,  4:57,  0 users,  load average: 1.23, 0.37, 0.22
Tasks: 404 total,   1 running, 403 sleeping,   0 stopped,   0 zombie
%Cpu(s):  0.0 us,  0.0 sy,  0.0 ni, 99.9 id,  0.0 wa,  0.0 hi,  0.0 si,  0.0 st
KiB Mem : 65877712 total, 52917548 free,  2023392 used, 10936772 buff/cache
KiB Swap: 33554428 total, 32224668 free,  1329760 used. 62674516 avail Mem 
--
top - 13:15:16 up 104 days,  4:57,  0 users,  load average: 1.13, 0.36, 0.22
Tasks: 404 total,   1 running, 403 sleeping,   0 stopped,   0 zombie
%Cpu(s):  0.0 us,  0.0 sy,  0.0 ni,100.0 id,  0.0 wa,  0.0 hi,  0.0 si,  0.0 st
KiB Mem : 65877712 total, 52918452 free,  2022488 used, 10936772 buff/cache
KiB Swap: 33554428 total, 32224668 free,  1329760 used. 62675420 avail Mem 
--
top - 13:15:21 up 104 days,  4:57,  0 users,  load average: 0.95, 0.35, 0.22
Tasks: 404 total,   1 running, 403 sleeping,   0 stopped,   0 zombie
%Cpu(s):  0.0 us,  0.0 sy,  0.0 ni,100.0 id,  0.0 wa,  0.0 hi,  0.0 si,  0.0 st
KiB Mem : 65877712 total, 52918480 free,  2022460 used, 10936772 buff/cache
KiB Swap: 33554428 total, 32224668 free,  1329760 used. 62675448 avail Mem 
--
top - 13:15:26 up 104 days,  4:57,  0 users,  load average: 0.88, 0.34, 0.22
Tasks: 404 total,   1 running, 403 sleeping,   0 stopped,   0 zombie
%Cpu(s):  0.0 us,  0.0 sy,  0.0 ni,100.0 id,  0.0 wa,  0.0 hi,  0.0 si,  0.0 st
KiB Mem : 65877712 total, 52919208 free,  2021728 used, 10936776 buff/cache
KiB Swap: 33554428 total, 32224668 free,  1329760 used. 62676176 avail Mem 
--
top - 13:15:31 up 104 days,  4:57,  0 users,  load average: 0.81, 0.34, 0.22
Tasks: 404 total,   1 running, 403 sleeping,   0 stopped,   0 zombie
%Cpu(s):  0.0 us,  0.0 sy,  0.0 ni, 99.9 id,  0.0 wa,  0.0 hi,  0.0 si,  0.0 st
KiB Mem : 65877712 total, 52919568 free,  2021368 used, 10936776 buff/cache
KiB Swap: 33554428 total, 32224668 free,  1329760 used. 62676540 avail Mem 
--
top - 13:15:36 up 104 days,  4:57,  0 users,  load average: 0.74, 0.33, 0.22
Tasks: 404 total,   1 running, 403 sleeping,   0 stopped,   0 zombie
%Cpu(s):  0.0 us,  0.0 sy,  0.0 ni,100.0 id,  0.0 wa,  0.0 hi,  0.0 si,  0.0 st
KiB Mem : 65877712 total, 52919736 free,  2021200 used, 10936776 buff/cache
KiB Swap: 33554428 total, 32224668 free,  1329760 used. 62676708 avail Mem 
--
top - 13:15:41 up 104 days,  4:58,  0 users,  load average: 0.68, 0.33, 0.22
Tasks: 404 total,   1 running, 403 sleeping,   0 stopped,   0 zombie
%Cpu(s):  0.0 us,  0.0 sy,  0.0 ni, 99.9 id,  0.0 wa,  0.0 hi,  0.0 si,  0.0 st
KiB Mem : 65877712 total, 52920332 free,  2020604 used, 10936776 buff/cache
KiB Swap: 33554428 total, 32224668 free,  1329760 used. 62677304 avail Mem 
--
top - 13:15:46 up 104 days,  4:58,  0 users,  load average: 0.63, 0.32, 0.21
Tasks: 404 total,   1 running, 403 sleeping,   0 stopped,   0 zombie
%Cpu(s):  0.1 us,  0.0 sy,  0.0 ni, 99.9 id,  0.0 wa,  0.0 hi,  0.0 si,  0.0 st
KiB Mem : 65877712 total, 52921592 free,  2019344 used, 10936776 buff/cache
KiB Swap: 33554428 total, 32224668 free,  1329760 used. 62678564 avail Mem 
--
top - 13:15:51 up 104 days,  4:58,  0 users,  load average: 0.58, 0.32, 0.21
Tasks: 404 total,   1 running, 403 sleeping,   0 stopped,   0 zombie
%Cpu(s):  0.0 us,  0.0 sy,  0.0 ni,100.0 id,  0.0 wa,  0.0 hi,  0.0 si,  0.0 st
KiB Mem : 65877712 total, 52921592 free,  2019344 used, 10936776 buff/cache
KiB Swap: 33554428 total, 32224668 free,  1329760 used. 62678564 avail Mem 
--
top - 13:15:56 up 104 days,  4:58,  0 users,  load average: 0.53, 0.31, 0.21
Tasks: 404 total,   1 running, 403 sleeping,   0 stopped,   0 zombie
%Cpu(s):  0.0 us,  0.0 sy,  0.0 ni,100.0 id,  0.0 wa,  0.0 hi,  0.0 si,  0.0 st
KiB Mem : 65877712 total, 52921984 free,  2018952 used, 10936776 buff/cache
KiB Swap: 33554428 total, 32224668 free,  1329760 used. 62678956 avail Mem 
--
top - 13:16:01 up 104 days,  4:58,  0 users,  load average: 0.49, 0.31, 0.21
Tasks: 400 total,   1 running, 399 sleeping,   0 stopped,   0 zombie
%Cpu(s):  0.5 us,  0.2 sy,  0.0 ni, 99.0 id,  0.3 wa,  0.0 hi,  0.0 si,  0.0 st
KiB Mem : 65877712 total, 52881972 free,  2058956 used, 10936784 buff/cache
KiB Swap: 33554428 total, 32224668 free,  1329760 used. 62638948 avail Mem 
--
top - 13:16:06 up 104 days,  4:58,  0 users,  load average: 0.45, 0.30, 0.21
Tasks: 404 total,   1 running, 403 sleeping,   0 stopped,   0 zombie
%Cpu(s):  0.5 us,  0.4 sy,  0.0 ni, 99.1 id,  0.0 wa,  0.0 hi,  0.0 si,  0.0 st
KiB Mem : 65877712 total, 52226900 free,  2714028 used, 10936784 buff/cache
KiB Swap: 33554428 total, 32224668 free,  1329760 used. 61983876 avail Mem 
--
top - 13:16:11 up 104 days,  4:58,  0 users,  load average: 0.41, 0.30, 0.21
Tasks: 404 total,   1 running, 403 sleeping,   0 stopped,   0 zombie
%Cpu(s):  0.1 us,  0.1 sy,  0.0 ni, 99.7 id,  0.0 wa,  0.0 hi,  0.0 si,  0.0 st
KiB Mem : 65877712 total, 52079568 free,  2861360 used, 10936784 buff/cache
KiB Swap: 33554428 total, 32224668 free,  1329760 used. 61836544 avail Mem 
--
top - 13:16:16 up 104 days,  4:58,  0 users,  load average: 0.70, 0.36, 0.23
Tasks: 404 total,   1 running, 403 sleeping,   0 stopped,   0 zombie
%Cpu(s):  7.5 us,  1.5 sy,  0.0 ni, 90.9 id,  0.0 wa,  0.0 hi,  0.0 si,  0.0 st
KiB Mem : 65877712 total, 47818764 free,  7122160 used, 10936788 buff/cache
KiB Swap: 33554428 total, 32224668 free,  1329760 used. 57575740 avail Mem 
--
top - 13:16:21 up 104 days,  4:58,  0 users,  load average: 0.81, 0.38, 0.24
Tasks: 404 total,   1 running, 403 sleeping,   0 stopped,   0 zombie
%Cpu(s): 12.1 us,  0.0 sy,  0.0 ni, 87.8 id,  0.0 wa,  0.0 hi,  0.0 si,  0.0 st
KiB Mem : 65877712 total, 48260776 free,  6680148 used, 10936788 buff/cache
KiB Swap: 33554428 total, 32224668 free,  1329760 used. 58017756 avail Mem 
--
top - 13:16:26 up 104 days,  4:58,  0 users,  load average: 0.98, 0.43, 0.25
Tasks: 404 total,   1 running, 403 sleeping,   0 stopped,   0 zombie
%Cpu(s):  9.4 us,  0.0 sy,  0.0 ni, 90.6 id,  0.0 wa,  0.0 hi,  0.0 si,  0.0 st
KiB Mem : 65877712 total, 48261048 free,  6679876 used, 10936788 buff/cache
KiB Swap: 33554428 total, 32224668 free,  1329760 used. 58018028 avail Mem 
--
top - 13:16:31 up 104 days,  4:58,  0 users,  load average: 0.90, 0.42, 0.25
Tasks: 404 total,   1 running, 403 sleeping,   0 stopped,   0 zombie
%Cpu(s):  1.6 us,  0.2 sy,  0.0 ni, 98.3 id,  0.0 wa,  0.0 hi,  0.0 si,  0.0 st
KiB Mem : 65877712 total, 52351184 free,  2589740 used, 10936788 buff/cache
KiB Swap: 33554428 total, 32224668 free,  1329760 used. 62108164 avail Mem 
--
top - 13:16:36 up 104 days,  4:58,  0 users,  load average: 0.83, 0.41, 0.25
Tasks: 404 total,   1 running, 403 sleeping,   0 stopped,   0 zombie
%Cpu(s):  0.0 us,  0.0 sy,  0.0 ni,100.0 id,  0.0 wa,  0.0 hi,  0.0 si,  0.0 st
KiB Mem : 65877712 total, 52352208 free,  2588716 used, 10936788 buff/cache
KiB Swap: 33554428 total, 32224668 free,  1329760 used. 62109188 avail Mem 
--
top - 13:16:41 up 104 days,  4:59,  0 users,  load average: 0.76, 0.41, 0.25
Tasks: 404 total,   1 running, 403 sleeping,   0 stopped,   0 zombie
%Cpu(s):  0.0 us,  0.0 sy,  0.0 ni, 99.9 id,  0.0 wa,  0.0 hi,  0.0 si,  0.0 st
KiB Mem : 65877712 total, 52353828 free,  2587096 used, 10936788 buff/cache
KiB Swap: 33554428 total, 32224668 free,  1329760 used. 62110808 avail Mem 
--
top - 13:16:46 up 104 days,  4:59,  0 users,  load average: 0.70, 0.40, 0.25
Tasks: 404 total,   1 running, 403 sleeping,   0 stopped,   0 zombie
%Cpu(s):  0.0 us,  0.0 sy,  0.0 ni, 99.9 id,  0.0 wa,  0.0 hi,  0.0 si,  0.0 st
KiB Mem : 65877712 total, 52354076 free,  2586848 used, 10936788 buff/cache
KiB Swap: 33554428 total, 32224668 free,  1329760 used. 62111056 avail Mem 
--
top - 13:16:51 up 104 days,  4:59,  0 users,  load average: 0.65, 0.39, 0.25
Tasks: 404 total,   1 running, 403 sleeping,   0 stopped,   0 zombie
%Cpu(s):  0.0 us,  0.0 sy,  0.0 ni,100.0 id,  0.0 wa,  0.0 hi,  0.0 si,  0.0 st
KiB Mem : 65877712 total, 52354900 free,  2586024 used, 10936788 buff/cache
KiB Swap: 33554428 total, 32224668 free,  1329760 used. 62111880 avail Mem 
--
top - 13:16:56 up 104 days,  4:59,  0 users,  load average: 0.60, 0.39, 0.25
Tasks: 404 total,   1 running, 403 sleeping,   0 stopped,   0 zombie
%Cpu(s):  0.0 us,  0.0 sy,  0.0 ni,100.0 id,  0.0 wa,  0.0 hi,  0.0 si,  0.0 st
KiB Mem : 65877712 total, 52355676 free,  2585248 used, 10936788 buff/cache
KiB Swap: 33554428 total, 32224668 free,  1329760 used. 62112656 avail Mem 
--
top - 13:17:01 up 104 days,  4:59,  0 users,  load average: 0.55, 0.38, 0.24
Tasks: 404 total,   1 running, 403 sleeping,   0 stopped,   0 zombie
%Cpu(s):  0.0 us,  0.0 sy,  0.0 ni,100.0 id,  0.0 wa,  0.0 hi,  0.0 si,  0.0 st
KiB Mem : 65877712 total, 52356220 free,  2584704 used, 10936788 buff/cache
KiB Swap: 33554428 total, 32224668 free,  1329760 used. 62113200 avail Mem 
--
top - 13:17:06 up 104 days,  4:59,  0 users,  load average: 0.50, 0.37, 0.24
Tasks: 404 total,   1 running, 403 sleeping,   0 stopped,   0 zombie
%Cpu(s):  0.0 us,  0.0 sy,  0.0 ni,100.0 id,  0.0 wa,  0.0 hi,  0.0 si,  0.0 st
KiB Mem : 65877712 total, 52356796 free,  2584128 used, 10936788 buff/cache
KiB Swap: 33554428 total, 32224668 free,  1329760 used. 62113776 avail Mem 
--
top - 13:17:11 up 104 days,  4:59,  0 users,  load average: 0.46, 0.37, 0.24
Tasks: 404 total,   1 running, 403 sleeping,   0 stopped,   0 zombie
%Cpu(s):  0.0 us,  0.0 sy,  0.0 ni, 99.9 id,  0.0 wa,  0.0 hi,  0.0 si,  0.0 st
KiB Mem : 65877712 total, 52357476 free,  2583444 used, 10936792 buff/cache
KiB Swap: 33554428 total, 32224668 free,  1329760 used. 62114460 avail Mem 
--
top - 13:17:16 up 104 days,  4:59,  0 users,  load average: 0.43, 0.36, 0.24
Tasks: 404 total,   1 running, 403 sleeping,   0 stopped,   0 zombie
%Cpu(s):  0.0 us,  0.0 sy,  0.0 ni,100.0 id,  0.0 wa,  0.0 hi,  0.0 si,  0.0 st
KiB Mem : 65877712 total, 52357756 free,  2583164 used, 10936792 buff/cache
KiB Swap: 33554428 total, 32224668 free,  1329760 used. 62114740 avail Mem 
--
top - 13:17:21 up 104 days,  4:59,  0 users,  load average: 0.39, 0.36, 0.24
Tasks: 404 total,   1 running, 403 sleeping,   0 stopped,   0 zombie
%Cpu(s):  0.0 us,  0.0 sy,  0.0 ni,100.0 id,  0.0 wa,  0.0 hi,  0.0 si,  0.0 st
KiB Mem : 65877712 total, 52358116 free,  2582804 used, 10936792 buff/cache
KiB Swap: 33554428 total, 32224668 free,  1329760 used. 62115100 avail Mem 
--
top - 13:17:26 up 104 days,  4:59,  0 users,  load average: 0.36, 0.35, 0.24
Tasks: 404 total,   1 running, 403 sleeping,   0 stopped,   0 zombie
%Cpu(s):  0.0 us,  0.0 sy,  0.0 ni,100.0 id,  0.0 wa,  0.0 hi,  0.0 si,  0.0 st
KiB Mem : 65877712 total, 52358240 free,  2582680 used, 10936792 buff/cache
KiB Swap: 33554428 total, 32224668 free,  1329760 used. 62115224 avail Mem 
--
top - 13:17:31 up 104 days,  4:59,  0 users,  load average: 0.33, 0.34, 0.24
Tasks: 404 total,   1 running, 403 sleeping,   0 stopped,   0 zombie
%Cpu(s):  0.0 us,  0.0 sy,  0.0 ni,100.0 id,  0.0 wa,  0.0 hi,  0.0 si,  0.0 st
KiB Mem : 65877712 total, 52358348 free,  2582572 used, 10936792 buff/cache
KiB Swap: 33554428 total, 32224668 free,  1329760 used. 62115332 avail Mem 
--
top - 13:17:36 up 104 days,  4:59,  0 users,  load average: 0.31, 0.34, 0.23
Tasks: 404 total,   1 running, 403 sleeping,   0 stopped,   0 zombie
%Cpu(s):  0.0 us,  0.0 sy,  0.0 ni,100.0 id,  0.0 wa,  0.0 hi,  0.0 si,  0.0 st
KiB Mem : 65877712 total, 52358436 free,  2582484 used, 10936792 buff/cache
KiB Swap: 33554428 total, 32224668 free,  1329760 used. 62115420 avail Mem 
--
top - 13:17:41 up 104 days,  5:00,  0 users,  load average: 0.28, 0.33, 0.23
Tasks: 400 total,   1 running, 399 sleeping,   0 stopped,   0 zombie
%Cpu(s):  0.1 us,  0.1 sy,  0.0 ni, 99.7 id,  0.0 wa,  0.0 hi,  0.0 si,  0.0 st
KiB Mem : 65877712 total, 52248068 free,  2692852 used, 10936792 buff/cache
KiB Swap: 33554428 total, 32224668 free,  1329760 used. 62005052 avail Mem 
--
top - 13:17:46 up 104 days,  5:00,  0 users,  load average: 0.42, 0.36, 0.24
Tasks: 399 total,   1 running, 398 sleeping,   0 stopped,   0 zombie
%Cpu(s):  0.6 us,  0.5 sy,  0.0 ni, 98.9 id,  0.0 wa,  0.0 hi,  0.0 si,  0.0 st
KiB Mem : 65877712 total, 51598080 free,  3342840 used, 10936792 buff/cache
KiB Swap: 33554428 total, 32224668 free,  1329760 used. 61355064 avail Mem 
--
top - 13:17:51 up 104 days,  5:00,  0 users,  load average: 0.38, 0.35, 0.24
Tasks: 399 total,   1 running, 398 sleeping,   0 stopped,   0 zombie
%Cpu(s):  0.2 us,  0.3 sy,  0.0 ni, 99.5 id,  0.0 wa,  0.0 hi,  0.0 si,  0.0 st
KiB Mem : 65877712 total, 51181296 free,  3759624 used, 10936792 buff/cache
KiB Swap: 33554428 total, 32224668 free,  1329760 used. 60938280 avail Mem 
--
top - 13:17:56 up 104 days,  5:00,  0 users,  load average: 0.43, 0.37, 0.24
Tasks: 399 total,   1 running, 398 sleeping,   0 stopped,   0 zombie
%Cpu(s):  0.2 us,  0.2 sy,  0.0 ni, 99.5 id,  0.0 wa,  0.0 hi,  0.0 si,  0.0 st
KiB Mem : 65877712 total, 50958780 free,  3982140 used, 10936792 buff/cache
KiB Swap: 33554428 total, 32224668 free,  1329760 used. 60715764 avail Mem 
--
top - 13:18:01 up 104 days,  5:00,  0 users,  load average: 0.88, 0.46, 0.27
Tasks: 399 total,   2 running, 397 sleeping,   0 stopped,   0 zombie
%Cpu(s): 13.6 us,  1.5 sy,  0.0 ni, 84.5 id,  0.3 wa,  0.0 hi,  0.0 si,  0.0 st
KiB Mem : 65877712 total, 44310064 free, 10630848 used, 10936800 buff/cache
KiB Swap: 33554428 total, 32224668 free,  1329760 used. 54067052 avail Mem 
--
top - 13:18:06 up 104 days,  5:00,  0 users,  load average: 1.13, 0.52, 0.29
Tasks: 398 total,   3 running, 395 sleeping,   0 stopped,   0 zombie
%Cpu(s): 16.4 us,  0.1 sy,  0.0 ni, 83.5 id,  0.1 wa,  0.0 hi,  0.0 si,  0.0 st
KiB Mem : 65877712 total, 45834496 free,  9106412 used, 10936804 buff/cache
KiB Swap: 33554428 total, 32224668 free,  1329760 used. 55591484 avail Mem 
--
top - 13:18:11 up 104 days,  5:00,  0 users,  load average: 1.12, 0.53, 0.30
Tasks: 398 total,   2 running, 396 sleeping,   0 stopped,   0 zombie
%Cpu(s):  8.1 us,  0.0 sy,  0.0 ni, 91.9 id,  0.0 wa,  0.0 hi,  0.0 si,  0.0 st
KiB Mem : 65877712 total, 46672552 free,  8268356 used, 10936804 buff/cache
KiB Swap: 33554428 total, 32224668 free,  1329760 used. 56429540 avail Mem 
--
top - 13:18:16 up 104 days,  5:00,  0 users,  load average: 1.19, 0.55, 0.31
Tasks: 398 total,   2 running, 396 sleeping,   0 stopped,   0 zombie
%Cpu(s):  6.2 us,  0.0 sy,  0.0 ni, 93.8 id,  0.0 wa,  0.0 hi,  0.0 si,  0.0 st
KiB Mem : 65877712 total, 48222016 free,  6718892 used, 10936804 buff/cache
KiB Swap: 33554428 total, 32224668 free,  1329760 used. 57979004 avail Mem 
--
top - 13:18:21 up 104 days,  5:00,  0 users,  load average: 1.09, 0.54, 0.31
Tasks: 398 total,   1 running, 397 sleeping,   0 stopped,   0 zombie
%Cpu(s):  1.8 us,  0.2 sy,  0.0 ni, 98.0 id,  0.0 wa,  0.0 hi,  0.0 si,  0.0 st
KiB Mem : 65877712 total, 51553140 free,  3387768 used, 10936804 buff/cache
KiB Swap: 33554428 total, 32224668 free,  1329760 used. 61310128 avail Mem 
--
top - 13:18:26 up 104 days,  5:00,  0 users,  load average: 1.01, 0.53, 0.31
Tasks: 398 total,   1 running, 397 sleeping,   0 stopped,   0 zombie
%Cpu(s):  0.0 us,  0.0 sy,  0.0 ni, 99.9 id,  0.0 wa,  0.0 hi,  0.0 si,  0.0 st
KiB Mem : 65877712 total, 51555912 free,  3384996 used, 10936804 buff/cache
KiB Swap: 33554428 total, 32224668 free,  1329760 used. 61312900 avail Mem 
--
top - 13:18:31 up 104 days,  5:00,  0 users,  load average: 0.93, 0.52, 0.30
Tasks: 398 total,   1 running, 397 sleeping,   0 stopped,   0 zombie
%Cpu(s):  0.0 us,  0.0 sy,  0.0 ni,100.0 id,  0.0 wa,  0.0 hi,  0.0 si,  0.0 st
KiB Mem : 65877712 total, 51557188 free,  3383720 used, 10936804 buff/cache
KiB Swap: 33554428 total, 32224668 free,  1329760 used. 61314176 avail Mem 
--
top - 13:18:36 up 104 days,  5:00,  0 users,  load average: 0.85, 0.51, 0.30
Tasks: 398 total,   1 running, 397 sleeping,   0 stopped,   0 zombie
%Cpu(s):  0.0 us,  0.0 sy,  0.0 ni, 99.9 id,  0.0 wa,  0.0 hi,  0.0 si,  0.0 st
KiB Mem : 65877712 total, 51558660 free,  3382248 used, 10936804 buff/cache
KiB Swap: 33554428 total, 32224668 free,  1329760 used. 61315652 avail Mem 
--
top - 13:18:41 up 104 days,  5:01,  0 users,  load average: 0.78, 0.51, 0.30
Tasks: 398 total,   1 running, 397 sleeping,   0 stopped,   0 zombie
%Cpu(s):  0.0 us,  0.0 sy,  0.0 ni, 99.9 id,  0.0 wa,  0.0 hi,  0.0 si,  0.0 st
KiB Mem : 65877712 total, 51560596 free,  3380312 used, 10936804 buff/cache
KiB Swap: 33554428 total, 32224668 free,  1329760 used. 61317588 avail Mem 
--
top - 13:18:46 up 104 days,  5:01,  0 users,  load average: 0.72, 0.50, 0.30
Tasks: 398 total,   1 running, 397 sleeping,   0 stopped,   0 zombie
%Cpu(s):  0.0 us,  0.0 sy,  0.0 ni, 99.9 id,  0.0 wa,  0.0 hi,  0.0 si,  0.0 st
KiB Mem : 65877712 total, 51560836 free,  3380072 used, 10936804 buff/cache
KiB Swap: 33554428 total, 32224668 free,  1329760 used. 61317828 avail Mem 
--
top - 13:18:51 up 104 days,  5:01,  0 users,  load average: 0.66, 0.49, 0.30
Tasks: 398 total,   1 running, 397 sleeping,   0 stopped,   0 zombie
%Cpu(s):  0.0 us,  0.0 sy,  0.0 ni, 99.9 id,  0.0 wa,  0.0 hi,  0.0 si,  0.0 st
KiB Mem : 65877712 total, 51561720 free,  3379188 used, 10936804 buff/cache
KiB Swap: 33554428 total, 32224668 free,  1329760 used. 61318712 avail Mem 
--
top - 13:18:56 up 104 days,  5:01,  0 users,  load average: 0.61, 0.48, 0.30
Tasks: 398 total,   1 running, 397 sleeping,   0 stopped,   0 zombie
%Cpu(s):  0.0 us,  0.0 sy,  0.0 ni, 99.9 id,  0.0 wa,  0.0 hi,  0.0 si,  0.0 st
KiB Mem : 65877712 total, 51562668 free,  3378240 used, 10936804 buff/cache
KiB Swap: 33554428 total, 32224668 free,  1329760 used. 61319660 avail Mem 
--
top - 13:19:01 up 104 days,  5:01,  0 users,  load average: 0.56, 0.47, 0.29
Tasks: 398 total,   1 running, 397 sleeping,   0 stopped,   0 zombie
%Cpu(s):  0.0 us,  0.0 sy,  0.0 ni,100.0 id,  0.0 wa,  0.0 hi,  0.0 si,  0.0 st
KiB Mem : 65877712 total, 51563884 free,  3377020 used, 10936808 buff/cache
KiB Swap: 33554428 total, 32224668 free,  1329760 used. 61320880 avail Mem 
--
top - 13:19:06 up 104 days,  5:01,  0 users,  load average: 0.52, 0.47, 0.29
Tasks: 397 total,   2 running, 395 sleeping,   0 stopped,   0 zombie
%Cpu(s):  0.0 us,  0.0 sy,  0.0 ni, 99.9 id,  0.0 wa,  0.0 hi,  0.0 si,  0.0 st
KiB Mem : 65877712 total, 51563864 free,  3377040 used, 10936808 buff/cache
KiB Swap: 33554428 total, 32224668 free,  1329760 used. 61320860 avail Mem 
--
top - 13:19:12 up 104 days,  5:01,  0 users,  load average: 0.47, 0.46, 0.29
Tasks: 397 total,   1 running, 396 sleeping,   0 stopped,   0 zombie
%Cpu(s):  0.0 us,  0.0 sy,  0.0 ni,100.0 id,  0.0 wa,  0.0 hi,  0.0 si,  0.0 st
KiB Mem : 65877712 total, 51564164 free,  3376740 used, 10936808 buff/cache
KiB Swap: 33554428 total, 32224668 free,  1329760 used. 61321160 avail Mem 
--
top - 13:19:17 up 104 days,  5:01,  0 users,  load average: 0.44, 0.45, 0.29
Tasks: 397 total,   2 running, 395 sleeping,   0 stopped,   0 zombie
%Cpu(s):  0.1 us,  0.1 sy,  0.0 ni, 99.8 id,  0.0 wa,  0.0 hi,  0.0 si,  0.0 st
KiB Mem : 65877712 total, 51509716 free,  3431188 used, 10936808 buff/cache
KiB Swap: 33554428 total, 32224668 free,  1329760 used. 61266712 avail Mem 
--
top - 13:19:22 up 104 days,  5:01,  0 users,  load average: 0.40, 0.44, 0.29
Tasks: 397 total,   1 running, 396 sleeping,   0 stopped,   0 zombie
%Cpu(s):  0.5 us,  0.4 sy,  0.0 ni, 99.1 id,  0.0 wa,  0.0 hi,  0.0 si,  0.0 st
KiB Mem : 65877712 total, 50819784 free,  4121120 used, 10936808 buff/cache
KiB Swap: 33554428 total, 32224668 free,  1329760 used. 60576780 avail Mem 
--
top - 13:19:27 up 104 days,  5:01,  0 users,  load average: 0.37, 0.43, 0.29
Tasks: 397 total,   1 running, 396 sleeping,   0 stopped,   0 zombie
%Cpu(s):  0.2 us,  0.2 sy,  0.0 ni, 99.6 id,  0.0 wa,  0.0 hi,  0.0 si,  0.0 st
KiB Mem : 65877712 total, 50662116 free,  4278788 used, 10936808 buff/cache
KiB Swap: 33554428 total, 32224668 free,  1329760 used. 60419112 avail Mem 
--
top - 13:19:32 up 104 days,  5:01,  0 users,  load average: 0.34, 0.43, 0.29
Tasks: 397 total,   1 running, 396 sleeping,   0 stopped,   0 zombie
%Cpu(s):  0.1 us,  0.2 sy,  0.0 ni, 99.7 id,  0.0 wa,  0.0 hi,  0.0 si,  0.0 st
KiB Mem : 65877712 total, 50380952 free,  4559952 used, 10936808 buff/cache
KiB Swap: 33554428 total, 32224668 free,  1329760 used. 60137948 avail Mem 
--
top - 13:19:37 up 104 days,  5:01,  0 users,  load average: 0.31, 0.42, 0.28
Tasks: 397 total,   1 running, 396 sleeping,   0 stopped,   0 zombie
%Cpu(s):  0.3 us,  0.3 sy,  0.0 ni, 99.3 id,  0.0 wa,  0.0 hi,  0.0 si,  0.0 st
KiB Mem : 65877712 total, 50060944 free,  4879960 used, 10936808 buff/cache
KiB Swap: 33554428 total, 32224668 free,  1329760 used. 59817940 avail Mem 
--
top - 13:19:42 up 104 days,  5:02,  0 users,  load average: 0.77, 0.51, 0.32
Tasks: 394 total,   1 running, 393 sleeping,   0 stopped,   0 zombie
%Cpu(s): 21.9 us,  1.9 sy,  0.0 ni, 76.1 id,  0.0 wa,  0.0 hi,  0.0 si,  0.0 st
KiB Mem : 65877712 total, 43355296 free, 11585608 used, 10936808 buff/cache
KiB Swap: 33554428 total, 32224668 free,  1329760 used. 53112292 avail Mem 
--
top - 13:19:47 up 104 days,  5:02,  0 users,  load average: 0.95, 0.55, 0.33
Tasks: 394 total,   1 running, 393 sleeping,   0 stopped,   0 zombie
%Cpu(s): 13.2 us,  0.0 sy,  0.0 ni, 86.4 id,  0.3 wa,  0.0 hi,  0.0 si,  0.0 st
KiB Mem : 65877712 total, 45022804 free,  9918100 used, 10936808 buff/cache
KiB Swap: 33554428 total, 32224668 free,  1329760 used. 54779800 avail Mem 
--
top - 13:19:52 up 104 days,  5:02,  0 users,  load average: 1.03, 0.58, 0.34
Tasks: 394 total,   1 running, 393 sleeping,   0 stopped,   0 zombie
%Cpu(s):  9.1 us,  0.0 sy,  0.0 ni, 90.9 id,  0.0 wa,  0.0 hi,  0.0 si,  0.0 st
KiB Mem : 65877712 total, 46269428 free,  8671472 used, 10936812 buff/cache
KiB Swap: 33554428 total, 32224668 free,  1329760 used. 56026424 avail Mem 
--
top - 13:19:57 up 104 days,  5:02,  0 users,  load average: 0.95, 0.57, 0.34
Tasks: 392 total,   1 running, 391 sleeping,   0 stopped,   0 zombie
%Cpu(s):  2.6 us,  0.2 sy,  0.0 ni, 97.2 id,  0.0 wa,  0.0 hi,  0.0 si,  0.0 st
KiB Mem : 65877712 total, 50738392 free,  4202508 used, 10936812 buff/cache
KiB Swap: 33554428 total, 32224668 free,  1329760 used. 60495380 avail Mem 
--
top - 13:20:02 up 104 days,  5:02,  0 users,  load average: 0.87, 0.56, 0.33
Tasks: 392 total,   1 running, 391 sleeping,   0 stopped,   0 zombie
%Cpu(s):  0.4 us,  0.2 sy,  0.0 ni, 98.9 id,  0.4 wa,  0.0 hi,  0.0 si,  0.0 st
KiB Mem : 65877712 total, 50735568 free,  4205308 used, 10936836 buff/cache
KiB Swap: 33554428 total, 32224668 free,  1329760 used. 60492576 avail Mem 
--
top - 13:20:07 up 104 days,  5:02,  0 users,  load average: 0.80, 0.55, 0.33
Tasks: 396 total,   1 running, 395 sleeping,   0 stopped,   0 zombie
%Cpu(s):  0.0 us,  0.0 sy,  0.0 ni, 99.9 id,  0.0 wa,  0.0 hi,  0.0 si,  0.0 st
KiB Mem : 65877712 total, 50738164 free,  4202712 used, 10936836 buff/cache
KiB Swap: 33554428 total, 32224668 free,  1329760 used. 60495180 avail Mem 
--
top - 13:20:12 up 104 days,  5:02,  0 users,  load average: 0.74, 0.54, 0.33
Tasks: 396 total,   1 running, 395 sleeping,   0 stopped,   0 zombie
%Cpu(s):  0.0 us,  0.0 sy,  0.0 ni, 99.9 id,  0.0 wa,  0.0 hi,  0.0 si,  0.0 st
KiB Mem : 65877712 total, 50739144 free,  4201732 used, 10936836 buff/cache
KiB Swap: 33554428 total, 32224668 free,  1329760 used. 60496160 avail Mem 
--
top - 13:20:17 up 104 days,  5:02,  0 users,  load average: 0.68, 0.53, 0.33
Tasks: 396 total,   1 running, 395 sleeping,   0 stopped,   0 zombie
%Cpu(s):  0.0 us,  0.0 sy,  0.0 ni, 99.9 id,  0.0 wa,  0.0 hi,  0.0 si,  0.0 st
KiB Mem : 65877712 total, 50740592 free,  4200284 used, 10936836 buff/cache
KiB Swap: 33554428 total, 32224668 free,  1329760 used. 60497608 avail Mem 
--
top - 13:20:22 up 104 days,  5:02,  0 users,  load average: 0.62, 0.52, 0.33
Tasks: 396 total,   1 running, 395 sleeping,   0 stopped,   0 zombie
%Cpu(s):  0.0 us,  0.0 sy,  0.0 ni,100.0 id,  0.0 wa,  0.0 hi,  0.0 si,  0.0 st
KiB Mem : 65877712 total, 50741724 free,  4199152 used, 10936836 buff/cache
KiB Swap: 33554428 total, 32224668 free,  1329760 used. 60498740 avail Mem 
--
top - 13:20:27 up 104 days,  5:02,  0 users,  load average: 0.57, 0.51, 0.33
Tasks: 396 total,   1 running, 395 sleeping,   0 stopped,   0 zombie
%Cpu(s):  0.0 us,  0.0 sy,  0.0 ni, 99.9 id,  0.0 wa,  0.0 hi,  0.0 si,  0.0 st
KiB Mem : 65877712 total, 50742248 free,  4198628 used, 10936836 buff/cache
KiB Swap: 33554428 total, 32224668 free,  1329760 used. 60499264 avail Mem 
--
top - 13:20:32 up 104 days,  5:02,  0 users,  load average: 0.53, 0.51, 0.32
Tasks: 396 total,   1 running, 395 sleeping,   0 stopped,   0 zombie
%Cpu(s):  0.0 us,  0.0 sy,  0.0 ni, 99.9 id,  0.0 wa,  0.0 hi,  0.0 si,  0.0 st
KiB Mem : 65877712 total, 50742556 free,  4198320 used, 10936836 buff/cache
KiB Swap: 33554428 total, 32224668 free,  1329760 used. 60499572 avail Mem 
--
top - 13:20:37 up 104 days,  5:02,  0 users,  load average: 0.49, 0.50, 0.32
Tasks: 396 total,   1 running, 395 sleeping,   0 stopped,   0 zombie
%Cpu(s):  0.0 us,  0.0 sy,  0.0 ni, 99.9 id,  0.0 wa,  0.0 hi,  0.0 si,  0.0 st
KiB Mem : 65877712 total, 50743144 free,  4197732 used, 10936836 buff/cache
KiB Swap: 33554428 total, 32224668 free,  1329760 used. 60500160 avail Mem 
--
top - 13:20:42 up 104 days,  5:03,  0 users,  load average: 0.45, 0.49, 0.32
Tasks: 396 total,   1 running, 395 sleeping,   0 stopped,   0 zombie
%Cpu(s):  0.0 us,  0.0 sy,  0.0 ni, 99.9 id,  0.0 wa,  0.0 hi,  0.0 si,  0.0 st
KiB Mem : 65877712 total, 50744096 free,  4196780 used, 10936836 buff/cache
KiB Swap: 33554428 total, 32224668 free,  1329760 used. 60501112 avail Mem 
--
top - 13:20:47 up 104 days,  5:03,  0 users,  load average: 0.41, 0.48, 0.32
Tasks: 396 total,   1 running, 395 sleeping,   0 stopped,   0 zombie
%Cpu(s):  0.0 us,  0.0 sy,  0.0 ni, 99.9 id,  0.0 wa,  0.0 hi,  0.0 si,  0.0 st
KiB Mem : 65877712 total, 50743104 free,  4197768 used, 10936840 buff/cache
KiB Swap: 33554428 total, 32224668 free,  1329760 used. 60500124 avail Mem 
--
top - 13:20:52 up 104 days,  5:03,  0 users,  load average: 0.38, 0.47, 0.32
Tasks: 396 total,   1 running, 395 sleeping,   0 stopped,   0 zombie
%Cpu(s):  0.0 us,  0.0 sy,  0.0 ni,100.0 id,  0.0 wa,  0.0 hi,  0.0 si,  0.0 st
KiB Mem : 65877712 total, 50743528 free,  4197344 used, 10936840 buff/cache
KiB Swap: 33554428 total, 32224668 free,  1329760 used. 60500548 avail Mem 
--
top - 13:20:57 up 104 days,  5:03,  0 users,  load average: 0.35, 0.47, 0.31
Tasks: 396 total,   1 running, 395 sleeping,   0 stopped,   0 zombie
%Cpu(s):  0.0 us,  0.0 sy,  0.0 ni,100.0 id,  0.0 wa,  0.0 hi,  0.0 si,  0.0 st
KiB Mem : 65877712 total, 50744008 free,  4196864 used, 10936840 buff/cache
KiB Swap: 33554428 total, 32224668 free,  1329760 used. 60501028 avail Mem 
--
top - 13:21:02 up 104 days,  5:03,  0 users,  load average: 0.32, 0.46, 0.31
Tasks: 396 total,   1 running, 395 sleeping,   0 stopped,   0 zombie
%Cpu(s):  0.1 us,  0.1 sy,  0.0 ni, 99.8 id,  0.0 wa,  0.0 hi,  0.0 si,  0.0 st
KiB Mem : 65877712 total, 50668924 free,  4271948 used, 10936840 buff/cache
KiB Swap: 33554428 total, 32224668 free,  1329760 used. 60425944 avail Mem 
--
top - 13:21:07 up 104 days,  5:03,  0 users,  load average: 0.29, 0.45, 0.31
Tasks: 393 total,   1 running, 392 sleeping,   0 stopped,   0 zombie
%Cpu(s):  0.4 us,  0.4 sy,  0.0 ni, 99.2 id,  0.0 wa,  0.0 hi,  0.0 si,  0.0 st
KiB Mem : 65877712 total, 50000696 free,  4940176 used, 10936840 buff/cache
KiB Swap: 33554428 total, 32224668 free,  1329760 used. 59757716 avail Mem 
--
top - 13:21:12 up 104 days,  5:03,  0 users,  load average: 0.27, 0.44, 0.31
Tasks: 393 total,   1 running, 392 sleeping,   0 stopped,   0 zombie
%Cpu(s):  6.4 us,  0.4 sy,  0.0 ni, 93.1 id,  0.0 wa,  0.0 hi,  0.0 si,  0.0 st
KiB Mem : 65877712 total, 48851448 free,  6089424 used, 10936840 buff/cache
KiB Swap: 33554428 total, 32224668 free,  1329760 used. 58608468 avail Mem 
--
top - 13:21:17 up 104 days,  5:03,  0 users,  load average: 0.33, 0.45, 0.31
Tasks: 393 total,   1 running, 392 sleeping,   0 stopped,   0 zombie
%Cpu(s):  3.5 us,  0.1 sy,  0.0 ni, 96.4 id,  0.0 wa,  0.0 hi,  0.0 si,  0.0 st
KiB Mem : 65877712 total, 48342356 free,  6598516 used, 10936840 buff/cache
KiB Swap: 33554428 total, 32224668 free,  1329760 used. 58099376 avail Mem 
--
top - 13:21:22 up 104 days,  5:03,  0 users,  load average: 0.38, 0.46, 0.32
Tasks: 393 total,   1 running, 392 sleeping,   0 stopped,   0 zombie
%Cpu(s):  3.1 us,  0.0 sy,  0.0 ni, 96.9 id,  0.0 wa,  0.0 hi,  0.0 si,  0.0 st
KiB Mem : 65877712 total, 48340936 free,  6599936 used, 10936840 buff/cache
KiB Swap: 33554428 total, 32224668 free,  1329760 used. 58097956 avail Mem 
--
top - 13:21:27 up 104 days,  5:03,  0 users,  load average: 0.35, 0.45, 0.32
Tasks: 393 total,   1 running, 392 sleeping,   0 stopped,   0 zombie
%Cpu(s):  1.9 us,  0.1 sy,  0.0 ni, 98.0 id,  0.0 wa,  0.0 hi,  0.0 si,  0.0 st
KiB Mem : 65877712 total, 50366116 free,  4574756 used, 10936840 buff/cache
KiB Swap: 33554428 total, 32224668 free,  1329760 used. 60123132 avail Mem 
--
top - 13:21:32 up 104 days,  5:03,  0 users,  load average: 0.32, 0.45, 0.31
Tasks: 393 total,   1 running, 392 sleeping,   0 stopped,   0 zombie
%Cpu(s):  0.0 us,  0.0 sy,  0.0 ni,100.0 id,  0.0 wa,  0.0 hi,  0.0 si,  0.0 st
KiB Mem : 65877712 total, 50369564 free,  4571308 used, 10936840 buff/cache
KiB Swap: 33554428 total, 32224668 free,  1329760 used. 60126580 avail Mem 
--
top - 13:21:37 up 104 days,  5:03,  0 users,  load average: 0.30, 0.44, 0.31
Tasks: 393 total,   1 running, 392 sleeping,   0 stopped,   0 zombie
%Cpu(s):  0.0 us,  0.0 sy,  0.0 ni, 99.9 id,  0.0 wa,  0.0 hi,  0.0 si,  0.0 st
KiB Mem : 65877712 total, 50370564 free,  4570308 used, 10936840 buff/cache
KiB Swap: 33554428 total, 32224668 free,  1329760 used. 60127580 avail Mem 
--
top - 13:21:42 up 104 days,  5:04,  0 users,  load average: 0.27, 0.43, 0.31
Tasks: 393 total,   1 running, 392 sleeping,   0 stopped,   0 zombie
%Cpu(s):  0.0 us,  0.0 sy,  0.0 ni, 99.9 id,  0.0 wa,  0.0 hi,  0.0 si,  0.0 st
KiB Mem : 65877712 total, 50367412 free,  4573456 used, 10936844 buff/cache
KiB Swap: 33554428 total, 32224668 free,  1329760 used. 60124436 avail Mem 
--
top - 13:21:47 up 104 days,  5:04,  0 users,  load average: 0.25, 0.42, 0.31
Tasks: 393 total,   1 running, 392 sleeping,   0 stopped,   0 zombie
%Cpu(s):  0.1 us,  0.0 sy,  0.0 ni, 99.9 id,  0.0 wa,  0.0 hi,  0.0 si,  0.0 st
KiB Mem : 65877712 total, 50367020 free,  4573848 used, 10936844 buff/cache
KiB Swap: 33554428 total, 32224668 free,  1329760 used. 60124044 avail Mem 
