Job id: 4751415
Worker ip: 10.149.0.42
Master ip: 10.149.0.62
--
top - 14:23:04 up 104 days,  6:06,  0 users,  load average: 0.03, 0.07, 0.12
Tasks: 396 total,   2 running, 394 sleeping,   0 stopped,   0 zombie
%Cpu(s):  1.1 us,  2.2 sy,  0.0 ni, 96.0 id,  0.7 wa,  0.0 hi,  0.0 si,  0.0 st
KiB Mem : 65877712 total, 61679776 free,  1047924 used,  3150012 buff/cache
KiB Swap: 33554428 total, 32437460 free,  1116968 used. 63660128 avail Mem 
--
top - 14:23:09 up 104 days,  6:06,  0 users,  load average: 0.03, 0.06, 0.12
Tasks: 412 total,   1 running, 411 sleeping,   0 stopped,   0 zombie
%Cpu(s):  1.8 us,  0.6 sy,  0.0 ni, 97.4 id,  0.2 wa,  0.0 hi,  0.0 si,  0.0 st
KiB Mem : 65877712 total, 61656580 free,  1064632 used,  3156500 buff/cache
KiB Swap: 33554428 total, 32437460 free,  1116968 used. 63642688 avail Mem 
--
top - 14:23:14 up 104 days,  6:06,  0 users,  load average: 0.03, 0.06, 0.11
Tasks: 412 total,   1 running, 411 sleeping,   0 stopped,   0 zombie
%Cpu(s):  0.0 us,  0.0 sy,  0.0 ni,100.0 id,  0.0 wa,  0.0 hi,  0.0 si,  0.0 st
KiB Mem : 65877712 total, 61657392 free,  1063684 used,  3156636 buff/cache
KiB Swap: 33554428 total, 32437460 free,  1116968 used. 63644192 avail Mem 
--
top - 14:23:19 up 104 days,  6:06,  0 users,  load average: 0.02, 0.06, 0.11
Tasks: 412 total,   1 running, 411 sleeping,   0 stopped,   0 zombie
%Cpu(s):  0.0 us,  0.0 sy,  0.0 ni,100.0 id,  0.0 wa,  0.0 hi,  0.0 si,  0.0 st
KiB Mem : 65877712 total, 61658756 free,  1062320 used,  3156636 buff/cache
KiB Swap: 33554428 total, 32437460 free,  1116968 used. 63645560 avail Mem 
--
top - 14:23:24 up 104 days,  6:06,  0 users,  load average: 0.02, 0.06, 0.11
Tasks: 412 total,   1 running, 411 sleeping,   0 stopped,   0 zombie
%Cpu(s):  0.0 us,  0.0 sy,  0.0 ni,100.0 id,  0.0 wa,  0.0 hi,  0.0 si,  0.0 st
KiB Mem : 65877712 total, 61659748 free,  1061328 used,  3156636 buff/cache
KiB Swap: 33554428 total, 32437460 free,  1116968 used. 63646556 avail Mem 
--
top - 14:23:29 up 104 days,  6:06,  0 users,  load average: 0.02, 0.06, 0.11
Tasks: 412 total,   1 running, 411 sleeping,   0 stopped,   0 zombie
%Cpu(s):  0.0 us,  0.0 sy,  0.0 ni,100.0 id,  0.0 wa,  0.0 hi,  0.0 si,  0.0 st
KiB Mem : 65877712 total, 61660896 free,  1060180 used,  3156636 buff/cache
KiB Swap: 33554428 total, 32437460 free,  1116968 used. 63647708 avail Mem 
--
top - 14:23:34 up 104 days,  6:06,  0 users,  load average: 0.02, 0.06, 0.11
Tasks: 412 total,   1 running, 411 sleeping,   0 stopped,   0 zombie
%Cpu(s):  0.0 us,  0.0 sy,  0.0 ni,100.0 id,  0.0 wa,  0.0 hi,  0.0 si,  0.0 st
KiB Mem : 65877712 total, 61661656 free,  1059420 used,  3156636 buff/cache
KiB Swap: 33554428 total, 32437460 free,  1116968 used. 63648468 avail Mem 
--
top - 14:23:39 up 104 days,  6:06,  0 users,  load average: 0.02, 0.06, 0.11
Tasks: 413 total,   1 running, 412 sleeping,   0 stopped,   0 zombie
%Cpu(s):  0.0 us,  0.0 sy,  0.0 ni, 95.3 id,  4.6 wa,  0.0 hi,  0.0 si,  0.0 st
KiB Mem : 65877712 total, 61662536 free,  1058540 used,  3156636 buff/cache
KiB Swap: 33554428 total, 32437460 free,  1116968 used. 63649348 avail Mem 
--
top - 14:23:44 up 104 days,  6:06,  0 users,  load average: 0.58, 0.17, 0.15
Tasks: 413 total,   1 running, 412 sleeping,   0 stopped,   0 zombie
%Cpu(s):  0.0 us,  0.0 sy,  0.0 ni, 90.6 id,  9.3 wa,  0.0 hi,  0.0 si,  0.0 st
KiB Mem : 65877712 total, 61663140 free,  1057936 used,  3156636 buff/cache
KiB Swap: 33554428 total, 32437460 free,  1116968 used. 63649952 avail Mem 
--
top - 14:23:49 up 104 days,  6:06,  0 users,  load average: 1.09, 0.29, 0.19
Tasks: 413 total,   1 running, 412 sleeping,   0 stopped,   0 zombie
%Cpu(s):  0.0 us,  0.0 sy,  0.0 ni, 95.1 id,  4.8 wa,  0.0 hi,  0.0 si,  0.0 st
KiB Mem : 65877712 total, 61664092 free,  1056984 used,  3156636 buff/cache
KiB Swap: 33554428 total, 32437460 free,  1116968 used. 63650904 avail Mem 
--
top - 14:23:54 up 104 days,  6:07,  0 users,  load average: 1.00, 0.28, 0.18
Tasks: 413 total,   1 running, 412 sleeping,   0 stopped,   0 zombie
%Cpu(s):  0.0 us,  0.0 sy,  0.0 ni, 99.9 id,  0.0 wa,  0.0 hi,  0.0 si,  0.0 st
KiB Mem : 65877712 total, 61664496 free,  1056580 used,  3156636 buff/cache
KiB Swap: 33554428 total, 32437460 free,  1116968 used. 63651308 avail Mem 
--
top - 14:23:59 up 104 days,  6:07,  0 users,  load average: 0.92, 0.28, 0.18
Tasks: 413 total,   1 running, 412 sleeping,   0 stopped,   0 zombie
%Cpu(s):  0.0 us,  0.0 sy,  0.0 ni,100.0 id,  0.0 wa,  0.0 hi,  0.0 si,  0.0 st
KiB Mem : 65877712 total, 61663848 free,  1057224 used,  3156640 buff/cache
KiB Swap: 33554428 total, 32437460 free,  1116968 used. 63650668 avail Mem 
--
top - 14:24:04 up 104 days,  6:07,  0 users,  load average: 0.85, 0.27, 0.18
Tasks: 413 total,   1 running, 412 sleeping,   0 stopped,   0 zombie
%Cpu(s):  0.4 us,  0.2 sy,  0.0 ni, 98.8 id,  0.6 wa,  0.0 hi,  0.0 si,  0.0 st
KiB Mem : 65877712 total, 61660272 free,  1060760 used,  3156680 buff/cache
KiB Swap: 33554428 total, 32437460 free,  1116968 used. 63647228 avail Mem 
--
top - 14:24:09 up 104 days,  6:07,  0 users,  load average: 0.78, 0.27, 0.18
Tasks: 413 total,   1 running, 412 sleeping,   0 stopped,   0 zombie
%Cpu(s):  0.0 us,  0.0 sy,  0.0 ni, 99.9 id,  0.0 wa,  0.0 hi,  0.0 si,  0.0 st
KiB Mem : 65877712 total, 61660632 free,  1060400 used,  3156680 buff/cache
KiB Swap: 33554428 total, 32437460 free,  1116968 used. 63647588 avail Mem 
--
top - 14:24:14 up 104 days,  6:07,  0 users,  load average: 0.72, 0.26, 0.18
Tasks: 413 total,   1 running, 412 sleeping,   0 stopped,   0 zombie
%Cpu(s):  0.0 us,  0.0 sy,  0.0 ni,100.0 id,  0.0 wa,  0.0 hi,  0.0 si,  0.0 st
KiB Mem : 65877712 total, 61661500 free,  1059532 used,  3156680 buff/cache
KiB Swap: 33554428 total, 32437460 free,  1116968 used. 63648456 avail Mem 
--
top - 14:24:19 up 104 days,  6:07,  0 users,  load average: 0.66, 0.26, 0.18
Tasks: 413 total,   1 running, 412 sleeping,   0 stopped,   0 zombie
%Cpu(s):  0.0 us,  0.0 sy,  0.0 ni,100.0 id,  0.0 wa,  0.0 hi,  0.0 si,  0.0 st
KiB Mem : 65877712 total, 61662792 free,  1058240 used,  3156680 buff/cache
KiB Swap: 33554428 total, 32437460 free,  1116968 used. 63649748 avail Mem 
--
top - 14:24:24 up 104 days,  6:07,  0 users,  load average: 0.61, 0.26, 0.18
Tasks: 413 total,   1 running, 412 sleeping,   0 stopped,   0 zombie
%Cpu(s):  0.0 us,  0.0 sy,  0.0 ni,100.0 id,  0.0 wa,  0.0 hi,  0.0 si,  0.0 st
KiB Mem : 65877712 total, 61663220 free,  1057812 used,  3156680 buff/cache
KiB Swap: 33554428 total, 32437460 free,  1116968 used. 63650176 avail Mem 
--
top - 14:24:29 up 104 days,  6:07,  0 users,  load average: 0.56, 0.25, 0.18
Tasks: 413 total,   1 running, 412 sleeping,   0 stopped,   0 zombie
%Cpu(s):  0.0 us,  0.0 sy,  0.0 ni,100.0 id,  0.0 wa,  0.0 hi,  0.0 si,  0.0 st
KiB Mem : 65877712 total, 61663552 free,  1057480 used,  3156680 buff/cache
KiB Swap: 33554428 total, 32437460 free,  1116968 used. 63650508 avail Mem 
--
top - 14:24:34 up 104 days,  6:07,  0 users,  load average: 0.51, 0.25, 0.18
Tasks: 413 total,   1 running, 412 sleeping,   0 stopped,   0 zombie
%Cpu(s):  0.0 us,  0.0 sy,  0.0 ni,100.0 id,  0.0 wa,  0.0 hi,  0.0 si,  0.0 st
KiB Mem : 65877712 total, 61658420 free,  1062612 used,  3156680 buff/cache
KiB Swap: 33554428 total, 32437460 free,  1116968 used. 63645376 avail Mem 
--
top - 14:24:39 up 104 days,  6:07,  0 users,  load average: 0.47, 0.24, 0.18
Tasks: 413 total,   1 running, 412 sleeping,   0 stopped,   0 zombie
%Cpu(s):  0.0 us,  0.0 sy,  0.0 ni,100.0 id,  0.0 wa,  0.0 hi,  0.0 si,  0.0 st
KiB Mem : 65877712 total, 61656180 free,  1064852 used,  3156680 buff/cache
KiB Swap: 33554428 total, 32437460 free,  1116968 used. 63643136 avail Mem 
--
top - 14:24:44 up 104 days,  6:07,  0 users,  load average: 0.44, 0.24, 0.18
Tasks: 413 total,   1 running, 412 sleeping,   0 stopped,   0 zombie
%Cpu(s):  0.1 us,  0.1 sy,  0.0 ni, 99.8 id,  0.0 wa,  0.0 hi,  0.0 si,  0.0 st
KiB Mem : 65877712 total, 61519804 free,  1201228 used,  3156680 buff/cache
KiB Swap: 33554428 total, 32437460 free,  1116968 used. 63506760 avail Mem 
--
top - 14:24:49 up 104 days,  6:07,  0 users,  load average: 0.40, 0.23, 0.17
Tasks: 413 total,   1 running, 412 sleeping,   0 stopped,   0 zombie
%Cpu(s):  0.2 us,  0.1 sy,  0.0 ni, 99.7 id,  0.0 wa,  0.0 hi,  0.0 si,  0.0 st
KiB Mem : 65877712 total, 61178488 free,  1542544 used,  3156680 buff/cache
KiB Swap: 33554428 total, 32437460 free,  1116968 used. 63165444 avail Mem 
--
top - 14:24:54 up 104 days,  6:08,  0 users,  load average: 0.37, 0.23, 0.17
Tasks: 413 total,   1 running, 412 sleeping,   0 stopped,   0 zombie
%Cpu(s):  5.6 us,  0.4 sy,  0.0 ni, 94.0 id,  0.0 wa,  0.0 hi,  0.0 si,  0.0 st
KiB Mem : 65877712 total, 59613604 free,  3107424 used,  3156684 buff/cache
KiB Swap: 33554428 total, 32437460 free,  1116968 used. 61600564 avail Mem 
--
top - 14:24:59 up 104 days,  6:08,  0 users,  load average: 0.42, 0.24, 0.18
Tasks: 413 total,   1 running, 412 sleeping,   0 stopped,   0 zombie
%Cpu(s):  4.2 us,  0.0 sy,  0.0 ni, 95.7 id,  0.0 wa,  0.0 hi,  0.0 si,  0.0 st
KiB Mem : 65877712 total, 60070928 free,  2650100 used,  3156684 buff/cache
KiB Swap: 33554428 total, 32437460 free,  1116968 used. 62057888 avail Mem 
--
top - 14:25:04 up 104 days,  6:08,  0 users,  load average: 0.39, 0.24, 0.18
Tasks: 413 total,   1 running, 412 sleeping,   0 stopped,   0 zombie
%Cpu(s):  0.5 us,  0.1 sy,  0.0 ni, 99.4 id,  0.0 wa,  0.0 hi,  0.0 si,  0.0 st
KiB Mem : 65877712 total, 61380444 free,  1340584 used,  3156684 buff/cache
KiB Swap: 33554428 total, 32437460 free,  1116968 used. 63367404 avail Mem 
--
top - 14:25:09 up 104 days,  6:08,  0 users,  load average: 0.35, 0.24, 0.18
Tasks: 413 total,   1 running, 412 sleeping,   0 stopped,   0 zombie
%Cpu(s):  0.0 us,  0.0 sy,  0.0 ni, 99.9 id,  0.0 wa,  0.0 hi,  0.0 si,  0.0 st
KiB Mem : 65877712 total, 61381188 free,  1339840 used,  3156684 buff/cache
KiB Swap: 33554428 total, 32437460 free,  1116968 used. 63368148 avail Mem 
--
top - 14:25:14 up 104 days,  6:08,  0 users,  load average: 0.33, 0.23, 0.17
Tasks: 413 total,   1 running, 412 sleeping,   0 stopped,   0 zombie
%Cpu(s):  0.0 us,  0.0 sy,  0.0 ni,100.0 id,  0.0 wa,  0.0 hi,  0.0 si,  0.0 st
KiB Mem : 65877712 total, 61381832 free,  1339196 used,  3156684 buff/cache
KiB Swap: 33554428 total, 32437460 free,  1116968 used. 63368792 avail Mem 
--
top - 14:25:19 up 104 days,  6:08,  0 users,  load average: 0.30, 0.23, 0.17
Tasks: 413 total,   1 running, 412 sleeping,   0 stopped,   0 zombie
%Cpu(s):  0.0 us,  0.0 sy,  0.0 ni, 99.9 id,  0.0 wa,  0.0 hi,  0.0 si,  0.0 st
KiB Mem : 65877712 total, 61382576 free,  1338452 used,  3156684 buff/cache
KiB Swap: 33554428 total, 32437460 free,  1116968 used. 63369536 avail Mem 
--
top - 14:25:24 up 104 days,  6:08,  0 users,  load average: 0.28, 0.22, 0.17
Tasks: 413 total,   1 running, 412 sleeping,   0 stopped,   0 zombie
%Cpu(s):  0.0 us,  0.0 sy,  0.0 ni,100.0 id,  0.0 wa,  0.0 hi,  0.0 si,  0.0 st
KiB Mem : 65877712 total, 61382832 free,  1338196 used,  3156684 buff/cache
KiB Swap: 33554428 total, 32437460 free,  1116968 used. 63369792 avail Mem 
--
top - 14:25:29 up 104 days,  6:08,  0 users,  load average: 0.25, 0.22, 0.17
Tasks: 413 total,   1 running, 412 sleeping,   0 stopped,   0 zombie
%Cpu(s):  0.0 us,  0.0 sy,  0.0 ni,100.0 id,  0.0 wa,  0.0 hi,  0.0 si,  0.0 st
KiB Mem : 65877712 total, 61383080 free,  1337948 used,  3156684 buff/cache
KiB Swap: 33554428 total, 32437460 free,  1116968 used. 63370040 avail Mem 
--
top - 14:25:34 up 104 days,  6:08,  0 users,  load average: 0.23, 0.22, 0.17
Tasks: 413 total,   1 running, 412 sleeping,   0 stopped,   0 zombie
%Cpu(s):  0.0 us,  0.0 sy,  0.0 ni,100.0 id,  0.0 wa,  0.0 hi,  0.0 si,  0.0 st
KiB Mem : 65877712 total, 61383188 free,  1337840 used,  3156684 buff/cache
KiB Swap: 33554428 total, 32437460 free,  1116968 used. 63370148 avail Mem 
--
top - 14:25:39 up 104 days,  6:08,  0 users,  load average: 0.22, 0.21, 0.17
Tasks: 413 total,   1 running, 412 sleeping,   0 stopped,   0 zombie
%Cpu(s):  0.0 us,  0.0 sy,  0.0 ni, 99.9 id,  0.0 wa,  0.0 hi,  0.0 si,  0.0 st
KiB Mem : 65877712 total, 61383236 free,  1337792 used,  3156684 buff/cache
KiB Swap: 33554428 total, 32437460 free,  1116968 used. 63370196 avail Mem 
--
top - 14:25:44 up 104 days,  6:08,  0 users,  load average: 0.20, 0.21, 0.17
Tasks: 413 total,   1 running, 412 sleeping,   0 stopped,   0 zombie
%Cpu(s):  0.0 us,  0.0 sy,  0.0 ni,100.0 id,  0.0 wa,  0.0 hi,  0.0 si,  0.0 st
KiB Mem : 65877712 total, 61383636 free,  1337392 used,  3156684 buff/cache
KiB Swap: 33554428 total, 32437460 free,  1116968 used. 63370596 avail Mem 
--
top - 14:25:49 up 104 days,  6:08,  0 users,  load average: 0.18, 0.21, 0.17
Tasks: 413 total,   1 running, 412 sleeping,   0 stopped,   0 zombie
%Cpu(s):  0.0 us,  0.0 sy,  0.0 ni, 99.9 id,  0.0 wa,  0.0 hi,  0.0 si,  0.0 st
KiB Mem : 65877712 total, 61383028 free,  1337996 used,  3156688 buff/cache
KiB Swap: 33554428 total, 32437460 free,  1116968 used. 63369988 avail Mem 
--
top - 14:25:54 up 104 days,  6:09,  0 users,  load average: 0.17, 0.20, 0.17
Tasks: 413 total,   1 running, 412 sleeping,   0 stopped,   0 zombie
%Cpu(s):  0.0 us,  0.0 sy,  0.0 ni,100.0 id,  0.0 wa,  0.0 hi,  0.0 si,  0.0 st
KiB Mem : 65877712 total, 61383464 free,  1337560 used,  3156688 buff/cache
KiB Swap: 33554428 total, 32437460 free,  1116968 used. 63370428 avail Mem 
--
top - 14:25:59 up 104 days,  6:09,  0 users,  load average: 0.15, 0.20, 0.17
Tasks: 413 total,   1 running, 412 sleeping,   0 stopped,   0 zombie
%Cpu(s):  0.0 us,  0.0 sy,  0.0 ni, 99.9 id,  0.0 wa,  0.0 hi,  0.0 si,  0.0 st
KiB Mem : 65877712 total, 61375956 free,  1345068 used,  3156688 buff/cache
KiB Swap: 33554428 total, 32437460 free,  1116968 used. 63362920 avail Mem 
--
top - 14:26:04 up 104 days,  6:09,  0 users,  load average: 0.14, 0.20, 0.16
Tasks: 413 total,   1 running, 412 sleeping,   0 stopped,   0 zombie
%Cpu(s):  0.4 us,  0.2 sy,  0.0 ni, 98.8 id,  0.6 wa,  0.0 hi,  0.0 si,  0.0 st
KiB Mem : 65877712 total, 61370512 free,  1350480 used,  3156720 buff/cache
KiB Swap: 33554428 total, 32437460 free,  1116968 used. 63357492 avail Mem 
--
top - 14:26:09 up 104 days,  6:09,  0 users,  load average: 0.13, 0.19, 0.16
Tasks: 413 total,   1 running, 412 sleeping,   0 stopped,   0 zombie
%Cpu(s):  0.0 us,  0.0 sy,  0.0 ni, 99.9 id,  0.0 wa,  0.0 hi,  0.0 si,  0.0 st
KiB Mem : 65877712 total, 61371384 free,  1349608 used,  3156720 buff/cache
KiB Swap: 33554428 total, 32437460 free,  1116968 used. 63358364 avail Mem 
--
top - 14:26:14 up 104 days,  6:09,  0 users,  load average: 0.12, 0.19, 0.16
Tasks: 413 total,   2 running, 411 sleeping,   0 stopped,   0 zombie
%Cpu(s):  0.0 us,  0.0 sy,  0.0 ni,100.0 id,  0.0 wa,  0.0 hi,  0.0 si,  0.0 st
KiB Mem : 65877712 total, 61371868 free,  1349124 used,  3156720 buff/cache
KiB Swap: 33554428 total, 32437460 free,  1116968 used. 63358848 avail Mem 
--
top - 14:26:19 up 104 days,  6:09,  0 users,  load average: 0.11, 0.19, 0.16
Tasks: 413 total,   1 running, 412 sleeping,   0 stopped,   0 zombie
%Cpu(s):  0.1 us,  0.1 sy,  0.0 ni, 99.8 id,  0.0 wa,  0.0 hi,  0.0 si,  0.0 st
KiB Mem : 65877712 total, 61304404 free,  1416588 used,  3156720 buff/cache
KiB Swap: 33554428 total, 32437460 free,  1116968 used. 63291384 avail Mem 
--
top - 14:26:24 up 104 days,  6:09,  0 users,  load average: 0.10, 0.18, 0.16
Tasks: 413 total,   1 running, 412 sleeping,   0 stopped,   0 zombie
%Cpu(s):  0.4 us,  0.3 sy,  0.0 ni, 99.3 id,  0.0 wa,  0.0 hi,  0.0 si,  0.0 st
KiB Mem : 65877712 total, 60673448 free,  2047544 used,  3156720 buff/cache
KiB Swap: 33554428 total, 32437460 free,  1116968 used. 62660428 avail Mem 
--
top - 14:26:29 up 104 days,  6:09,  0 users,  load average: 0.09, 0.18, 0.16
Tasks: 413 total,   1 running, 412 sleeping,   0 stopped,   0 zombie
%Cpu(s):  0.0 us,  0.0 sy,  0.0 ni,100.0 id,  0.0 wa,  0.0 hi,  0.0 si,  0.0 st
KiB Mem : 65877712 total, 60674440 free,  2046552 used,  3156720 buff/cache
KiB Swap: 33554428 total, 32437460 free,  1116968 used. 62661420 avail Mem 
--
top - 14:26:34 up 104 days,  6:09,  0 users,  load average: 0.09, 0.18, 0.16
Tasks: 413 total,   1 running, 412 sleeping,   0 stopped,   0 zombie
%Cpu(s):  0.4 us,  0.3 sy,  0.0 ni, 99.3 id,  0.0 wa,  0.0 hi,  0.0 si,  0.0 st
KiB Mem : 65877712 total, 60372140 free,  2348852 used,  3156720 buff/cache
KiB Swap: 33554428 total, 32437460 free,  1116968 used. 62359120 avail Mem 
--
top - 14:26:39 up 104 days,  6:09,  0 users,  load average: 0.08, 0.17, 0.16
Tasks: 413 total,   1 running, 412 sleeping,   0 stopped,   0 zombie
%Cpu(s):  7.4 us,  1.2 sy,  0.0 ni, 91.4 id,  0.0 wa,  0.0 hi,  0.0 si,  0.0 st
KiB Mem : 65877712 total, 54173684 free,  8547304 used,  3156724 buff/cache
KiB Swap: 33554428 total, 32437460 free,  1116968 used. 56160668 avail Mem 
--
top - 14:26:44 up 104 days,  6:09,  0 users,  load average: 0.39, 0.24, 0.18
Tasks: 413 total,   1 running, 412 sleeping,   0 stopped,   0 zombie
%Cpu(s): 12.5 us,  0.0 sy,  0.0 ni, 87.5 id,  0.0 wa,  0.0 hi,  0.0 si,  0.0 st
KiB Mem : 65877712 total, 54174176 free,  8546812 used,  3156724 buff/cache
KiB Swap: 33554428 total, 32437460 free,  1116968 used. 56161160 avail Mem 
--
top - 14:26:49 up 104 days,  6:09,  0 users,  load average: 0.68, 0.30, 0.20
Tasks: 413 total,   1 running, 412 sleeping,   0 stopped,   0 zombie
%Cpu(s): 11.8 us,  0.0 sy,  0.0 ni, 88.1 id,  0.0 wa,  0.0 hi,  0.0 si,  0.0 st
KiB Mem : 65877712 total, 55216852 free,  7504136 used,  3156724 buff/cache
KiB Swap: 33554428 total, 32437460 free,  1116968 used. 57203836 avail Mem 
--
top - 14:26:54 up 104 days,  6:10,  0 users,  load average: 0.79, 0.33, 0.21
Tasks: 413 total,   1 running, 412 sleeping,   0 stopped,   0 zombie
%Cpu(s):  3.4 us,  0.2 sy,  0.0 ni, 96.3 id,  0.0 wa,  0.0 hi,  0.0 si,  0.0 st
KiB Mem : 65877712 total, 60642868 free,  2078120 used,  3156724 buff/cache
KiB Swap: 33554428 total, 32437460 free,  1116968 used. 62629852 avail Mem 
--
top - 14:26:59 up 104 days,  6:10,  0 users,  load average: 0.72, 0.32, 0.21
Tasks: 413 total,   1 running, 412 sleeping,   0 stopped,   0 zombie
%Cpu(s):  0.0 us,  0.0 sy,  0.0 ni, 99.9 id,  0.0 wa,  0.0 hi,  0.0 si,  0.0 st
KiB Mem : 65877712 total, 60642020 free,  2078968 used,  3156724 buff/cache
KiB Swap: 33554428 total, 32437460 free,  1116968 used. 62629004 avail Mem 
--
top - 14:27:05 up 104 days,  6:10,  0 users,  load average: 0.67, 0.32, 0.21
Tasks: 413 total,   1 running, 412 sleeping,   0 stopped,   0 zombie
%Cpu(s):  0.0 us,  0.0 sy,  0.0 ni,100.0 id,  0.0 wa,  0.0 hi,  0.0 si,  0.0 st
KiB Mem : 65877712 total, 60642856 free,  2078132 used,  3156724 buff/cache
KiB Swap: 33554428 total, 32437460 free,  1116968 used. 62629840 avail Mem 
--
top - 14:27:10 up 104 days,  6:10,  0 users,  load average: 0.61, 0.31, 0.21
Tasks: 413 total,   1 running, 412 sleeping,   0 stopped,   0 zombie
%Cpu(s):  0.0 us,  0.0 sy,  0.0 ni, 99.9 id,  0.0 wa,  0.0 hi,  0.0 si,  0.0 st
KiB Mem : 65877712 total, 60633740 free,  2087248 used,  3156724 buff/cache
KiB Swap: 33554428 total, 32437460 free,  1116968 used. 62620724 avail Mem 
--
top - 14:27:15 up 104 days,  6:10,  0 users,  load average: 0.56, 0.31, 0.20
Tasks: 413 total,   1 running, 412 sleeping,   0 stopped,   0 zombie
%Cpu(s):  0.0 us,  0.0 sy,  0.0 ni,100.0 id,  0.0 wa,  0.0 hi,  0.0 si,  0.0 st
KiB Mem : 65877712 total, 60634388 free,  2086600 used,  3156724 buff/cache
KiB Swap: 33554428 total, 32437460 free,  1116968 used. 62621372 avail Mem 
--
top - 14:27:20 up 104 days,  6:10,  0 users,  load average: 0.52, 0.30, 0.20
Tasks: 413 total,   1 running, 412 sleeping,   0 stopped,   0 zombie
%Cpu(s):  0.0 us,  0.0 sy,  0.0 ni,100.0 id,  0.0 wa,  0.0 hi,  0.0 si,  0.0 st
KiB Mem : 65877712 total, 60635504 free,  2085484 used,  3156724 buff/cache
KiB Swap: 33554428 total, 32437460 free,  1116968 used. 62622488 avail Mem 
--
top - 14:27:25 up 104 days,  6:10,  0 users,  load average: 0.48, 0.30, 0.20
Tasks: 413 total,   1 running, 412 sleeping,   0 stopped,   0 zombie
%Cpu(s):  0.0 us,  0.0 sy,  0.0 ni,100.0 id,  0.0 wa,  0.0 hi,  0.0 si,  0.0 st
KiB Mem : 65877712 total, 60636124 free,  2084864 used,  3156724 buff/cache
KiB Swap: 33554428 total, 32437460 free,  1116968 used. 62623108 avail Mem 
--
top - 14:27:30 up 104 days,  6:10,  0 users,  load average: 0.44, 0.29, 0.20
Tasks: 413 total,   1 running, 412 sleeping,   0 stopped,   0 zombie
%Cpu(s):  0.0 us,  0.0 sy,  0.0 ni, 99.9 id,  0.0 wa,  0.0 hi,  0.0 si,  0.0 st
KiB Mem : 65877712 total, 60637348 free,  2083640 used,  3156724 buff/cache
KiB Swap: 33554428 total, 32437460 free,  1116968 used. 62624332 avail Mem 
--
top - 14:27:35 up 104 days,  6:10,  0 users,  load average: 0.40, 0.29, 0.20
Tasks: 413 total,   1 running, 412 sleeping,   0 stopped,   0 zombie
%Cpu(s):  0.0 us,  0.0 sy,  0.0 ni,100.0 id,  0.0 wa,  0.0 hi,  0.0 si,  0.0 st
KiB Mem : 65877712 total, 60637844 free,  2083140 used,  3156728 buff/cache
KiB Swap: 33554428 total, 32437460 free,  1116968 used. 62624832 avail Mem 
--
top - 14:27:40 up 104 days,  6:10,  0 users,  load average: 0.37, 0.28, 0.20
Tasks: 413 total,   1 running, 412 sleeping,   0 stopped,   0 zombie
%Cpu(s):  0.0 us,  0.0 sy,  0.0 ni, 99.9 id,  0.0 wa,  0.0 hi,  0.0 si,  0.0 st
KiB Mem : 65877712 total, 60638340 free,  2082644 used,  3156728 buff/cache
KiB Swap: 33554428 total, 32437460 free,  1116968 used. 62625328 avail Mem 
--
top - 14:27:45 up 104 days,  6:10,  0 users,  load average: 0.34, 0.28, 0.20
Tasks: 413 total,   1 running, 412 sleeping,   0 stopped,   0 zombie
%Cpu(s):  0.0 us,  0.0 sy,  0.0 ni,100.0 id,  0.0 wa,  0.0 hi,  0.0 si,  0.0 st
KiB Mem : 65877712 total, 60638724 free,  2082260 used,  3156728 buff/cache
KiB Swap: 33554428 total, 32437460 free,  1116968 used. 62625712 avail Mem 
--
top - 14:27:50 up 104 days,  6:11,  0 users,  load average: 0.31, 0.27, 0.20
Tasks: 413 total,   1 running, 412 sleeping,   0 stopped,   0 zombie
%Cpu(s):  0.0 us,  0.0 sy,  0.0 ni,100.0 id,  0.0 wa,  0.0 hi,  0.0 si,  0.0 st
KiB Mem : 65877712 total, 60638972 free,  2082012 used,  3156728 buff/cache
KiB Swap: 33554428 total, 32437460 free,  1116968 used. 62625960 avail Mem 
--
top - 14:27:55 up 104 days,  6:11,  0 users,  load average: 0.29, 0.27, 0.20
Tasks: 413 total,   1 running, 412 sleeping,   0 stopped,   0 zombie
%Cpu(s):  0.0 us,  0.0 sy,  0.0 ni, 99.9 id,  0.0 wa,  0.0 hi,  0.0 si,  0.0 st
KiB Mem : 65877712 total, 60639236 free,  2081748 used,  3156728 buff/cache
KiB Swap: 33554428 total, 32437460 free,  1116968 used. 62626224 avail Mem 
--
top - 14:28:00 up 104 days,  6:11,  0 users,  load average: 0.27, 0.27, 0.20
Tasks: 421 total,   1 running, 420 sleeping,   0 stopped,   0 zombie
%Cpu(s):  0.3 us,  0.2 sy,  0.0 ni, 99.4 id,  0.1 wa,  0.0 hi,  0.0 si,  0.0 st
KiB Mem : 65877712 total, 60626920 free,  2094064 used,  3156728 buff/cache
KiB Swap: 33554428 total, 32437460 free,  1116968 used. 62613908 avail Mem 
--
top - 14:28:05 up 104 days,  6:11,  0 users,  load average: 0.25, 0.26, 0.20
Tasks: 409 total,   1 running, 408 sleeping,   0 stopped,   0 zombie
%Cpu(s):  0.1 us,  0.1 sy,  0.0 ni, 99.3 id,  0.5 wa,  0.0 hi,  0.0 si,  0.0 st
KiB Mem : 65877712 total, 60631096 free,  2089876 used,  3156740 buff/cache
KiB Swap: 33554428 total, 32437460 free,  1116968 used. 62618092 avail Mem 
--
top - 14:28:10 up 104 days,  6:11,  0 users,  load average: 0.23, 0.26, 0.19
Tasks: 400 total,   1 running, 399 sleeping,   0 stopped,   0 zombie
%Cpu(s):  0.0 us,  0.0 sy,  0.0 ni,100.0 id,  0.0 wa,  0.0 hi,  0.0 si,  0.0 st
KiB Mem : 65877712 total, 60632652 free,  2088304 used,  3156756 buff/cache
KiB Swap: 33554428 total, 32437460 free,  1116968 used. 62619656 avail Mem 
--
top - 14:28:15 up 104 days,  6:11,  0 users,  load average: 0.21, 0.25, 0.19
Tasks: 400 total,   1 running, 399 sleeping,   0 stopped,   0 zombie
%Cpu(s):  0.0 us,  0.0 sy,  0.0 ni,100.0 id,  0.0 wa,  0.0 hi,  0.0 si,  0.0 st
KiB Mem : 65877712 total, 60630204 free,  2090752 used,  3156756 buff/cache
KiB Swap: 33554428 total, 32437460 free,  1116968 used. 62617208 avail Mem 
--
top - 14:28:20 up 104 days,  6:11,  0 users,  load average: 0.19, 0.25, 0.19
Tasks: 400 total,   1 running, 399 sleeping,   0 stopped,   0 zombie
%Cpu(s):  0.1 us,  0.1 sy,  0.0 ni, 99.9 id,  0.0 wa,  0.0 hi,  0.0 si,  0.0 st
KiB Mem : 65877712 total, 60561980 free,  2158976 used,  3156756 buff/cache
KiB Swap: 33554428 total, 32437460 free,  1116968 used. 62548984 avail Mem 
--
top - 14:28:25 up 104 days,  6:11,  0 users,  load average: 0.18, 0.24, 0.19
Tasks: 400 total,   1 running, 399 sleeping,   0 stopped,   0 zombie
%Cpu(s):  0.7 us,  0.7 sy,  0.0 ni, 98.6 id,  0.0 wa,  0.0 hi,  0.0 si,  0.0 st
KiB Mem : 65877712 total, 59910944 free,  2810012 used,  3156756 buff/cache
KiB Swap: 33554428 total, 32437460 free,  1116968 used. 61897944 avail Mem 
--
top - 14:28:30 up 104 days,  6:11,  0 users,  load average: 0.16, 0.24, 0.19
Tasks: 398 total,   1 running, 397 sleeping,   0 stopped,   0 zombie
%Cpu(s):  2.1 us,  0.5 sy,  0.0 ni, 97.3 id,  0.0 wa,  0.0 hi,  0.0 si,  0.0 st
KiB Mem : 65877712 total, 58138016 free,  4582936 used,  3156760 buff/cache
KiB Swap: 33554428 total, 32437460 free,  1116968 used. 60125020 avail Mem 
--
top - 14:28:35 up 104 days,  6:11,  0 users,  load average: 0.23, 0.25, 0.19
Tasks: 398 total,   1 running, 397 sleeping,   0 stopped,   0 zombie
%Cpu(s):  3.1 us,  0.0 sy,  0.0 ni, 96.8 id,  0.0 wa,  0.0 hi,  0.0 si,  0.0 st
KiB Mem : 65877712 total, 58138168 free,  4582784 used,  3156760 buff/cache
KiB Swap: 33554428 total, 32437460 free,  1116968 used. 60125176 avail Mem 
--
top - 14:28:40 up 104 days,  6:11,  0 users,  load average: 0.29, 0.26, 0.20
Tasks: 398 total,   1 running, 397 sleeping,   0 stopped,   0 zombie
%Cpu(s):  3.1 us,  0.0 sy,  0.0 ni, 96.8 id,  0.0 wa,  0.0 hi,  0.0 si,  0.0 st
KiB Mem : 65877712 total, 58139192 free,  4581760 used,  3156760 buff/cache
KiB Swap: 33554428 total, 32437460 free,  1116968 used. 60126200 avail Mem 
--
top - 14:28:45 up 104 days,  6:11,  0 users,  load average: 0.35, 0.28, 0.20
Tasks: 398 total,   1 running, 397 sleeping,   0 stopped,   0 zombie
%Cpu(s):  2.9 us,  0.0 sy,  0.0 ni, 97.1 id,  0.0 wa,  0.0 hi,  0.0 si,  0.0 st
KiB Mem : 65877712 total, 59806320 free,  2914632 used,  3156760 buff/cache
KiB Swap: 33554428 total, 32437460 free,  1116968 used. 61793328 avail Mem 
--
top - 14:28:50 up 104 days,  6:12,  0 users,  load average: 0.32, 0.27, 0.20
Tasks: 397 total,   1 running, 396 sleeping,   0 stopped,   0 zombie
%Cpu(s):  0.1 us,  0.1 sy,  0.0 ni, 99.8 id,  0.0 wa,  0.0 hi,  0.0 si,  0.0 st
KiB Mem : 65877712 total, 60416204 free,  2304748 used,  3156760 buff/cache
KiB Swap: 33554428 total, 32437460 free,  1116968 used. 62403212 avail Mem 
--
top - 14:28:55 up 104 days,  6:12,  0 users,  load average: 0.29, 0.27, 0.20
Tasks: 397 total,   1 running, 396 sleeping,   0 stopped,   0 zombie
%Cpu(s):  0.0 us,  0.0 sy,  0.0 ni,100.0 id,  0.0 wa,  0.0 hi,  0.0 si,  0.0 st
KiB Mem : 65877712 total, 60417072 free,  2303880 used,  3156760 buff/cache
KiB Swap: 33554428 total, 32437460 free,  1116968 used. 62404080 avail Mem 
--
top - 14:29:00 up 104 days,  6:12,  0 users,  load average: 0.27, 0.26, 0.20
Tasks: 399 total,   1 running, 398 sleeping,   0 stopped,   0 zombie
%Cpu(s):  0.0 us,  0.0 sy,  0.0 ni, 93.0 id,  6.9 wa,  0.0 hi,  0.0 si,  0.0 st
KiB Mem : 65877712 total, 60418184 free,  2302768 used,  3156760 buff/cache
KiB Swap: 33554428 total, 32437460 free,  1116968 used. 62405192 avail Mem 
--
top - 14:29:05 up 104 days,  6:12,  0 users,  load average: 0.81, 0.38, 0.24
Tasks: 400 total,   1 running, 399 sleeping,   0 stopped,   0 zombie
%Cpu(s):  0.0 us,  0.0 sy,  0.0 ni, 90.6 id,  9.3 wa,  0.0 hi,  0.0 si,  0.0 st
KiB Mem : 65877712 total, 60418668 free,  2302284 used,  3156760 buff/cache
KiB Swap: 33554428 total, 32437460 free,  1116968 used. 62405676 avail Mem 
--
top - 14:29:10 up 104 days,  6:12,  0 users,  load average: 1.31, 0.49, 0.27
Tasks: 400 total,   1 running, 399 sleeping,   0 stopped,   0 zombie
%Cpu(s):  0.0 us,  0.0 sy,  0.0 ni, 98.5 id,  1.5 wa,  0.0 hi,  0.0 si,  0.0 st
KiB Mem : 65877712 total, 60419532 free,  2301420 used,  3156760 buff/cache
KiB Swap: 33554428 total, 32437460 free,  1116968 used. 62406540 avail Mem 
--
top - 14:29:15 up 104 days,  6:12,  0 users,  load average: 1.20, 0.48, 0.27
Tasks: 400 total,   1 running, 399 sleeping,   0 stopped,   0 zombie
%Cpu(s):  0.0 us,  0.0 sy,  0.0 ni, 99.9 id,  0.0 wa,  0.0 hi,  0.0 si,  0.0 st
KiB Mem : 65877712 total, 60420440 free,  2300512 used,  3156760 buff/cache
KiB Swap: 33554428 total, 32437460 free,  1116968 used. 62407448 avail Mem 
--
top - 14:29:20 up 104 days,  6:12,  0 users,  load average: 1.10, 0.47, 0.27
Tasks: 400 total,   1 running, 399 sleeping,   0 stopped,   0 zombie
%Cpu(s):  0.0 us,  0.0 sy,  0.0 ni,100.0 id,  0.0 wa,  0.0 hi,  0.0 si,  0.0 st
KiB Mem : 65877712 total, 60421060 free,  2299892 used,  3156760 buff/cache
KiB Swap: 33554428 total, 32437460 free,  1116968 used. 62408068 avail Mem 
--
top - 14:29:25 up 104 days,  6:12,  0 users,  load average: 1.02, 0.46, 0.27
Tasks: 400 total,   1 running, 399 sleeping,   0 stopped,   0 zombie
%Cpu(s):  0.0 us,  0.0 sy,  0.0 ni,100.0 id,  0.0 wa,  0.0 hi,  0.0 si,  0.0 st
KiB Mem : 65877712 total, 60422120 free,  2298828 used,  3156764 buff/cache
KiB Swap: 33554428 total, 32437460 free,  1116968 used. 62409132 avail Mem 
--
top - 14:29:30 up 104 days,  6:12,  0 users,  load average: 0.93, 0.45, 0.27
Tasks: 400 total,   1 running, 399 sleeping,   0 stopped,   0 zombie
%Cpu(s):  0.0 us,  0.0 sy,  0.0 ni, 99.9 id,  0.0 wa,  0.0 hi,  0.0 si,  0.0 st
KiB Mem : 65877712 total, 60423112 free,  2297836 used,  3156764 buff/cache
KiB Swap: 33554428 total, 32437460 free,  1116968 used. 62410124 avail Mem 
--
top - 14:29:35 up 104 days,  6:12,  0 users,  load average: 0.86, 0.45, 0.27
Tasks: 400 total,   1 running, 399 sleeping,   0 stopped,   0 zombie
%Cpu(s):  0.0 us,  0.0 sy,  0.0 ni,100.0 id,  0.0 wa,  0.0 hi,  0.0 si,  0.0 st
KiB Mem : 65877712 total, 60423356 free,  2297592 used,  3156764 buff/cache
KiB Swap: 33554428 total, 32437460 free,  1116968 used. 62410368 avail Mem 
--
top - 14:29:40 up 104 days,  6:12,  0 users,  load average: 0.79, 0.44, 0.26
Tasks: 400 total,   1 running, 399 sleeping,   0 stopped,   0 zombie
%Cpu(s):  0.0 us,  0.0 sy,  0.0 ni, 99.9 id,  0.0 wa,  0.0 hi,  0.0 si,  0.0 st
KiB Mem : 65877712 total, 60423816 free,  2297132 used,  3156764 buff/cache
KiB Swap: 33554428 total, 32437460 free,  1116968 used. 62410828 avail Mem 
--
top - 14:29:45 up 104 days,  6:12,  0 users,  load average: 0.73, 0.43, 0.26
Tasks: 400 total,   1 running, 399 sleeping,   0 stopped,   0 zombie
%Cpu(s):  0.0 us,  0.0 sy,  0.0 ni, 99.9 id,  0.0 wa,  0.0 hi,  0.0 si,  0.0 st
KiB Mem : 65877712 total, 60423692 free,  2297256 used,  3156764 buff/cache
KiB Swap: 33554428 total, 32437460 free,  1116968 used. 62410704 avail Mem 
--
top - 14:29:50 up 104 days,  6:13,  0 users,  load average: 0.67, 0.42, 0.26
Tasks: 400 total,   1 running, 399 sleeping,   0 stopped,   0 zombie
%Cpu(s):  0.0 us,  0.0 sy,  0.0 ni, 99.9 id,  0.0 wa,  0.0 hi,  0.0 si,  0.0 st
KiB Mem : 65877712 total, 60423752 free,  2297196 used,  3156764 buff/cache
KiB Swap: 33554428 total, 32437476 free,  1116952 used. 62410764 avail Mem 
--
top - 14:29:55 up 104 days,  6:13,  0 users,  load average: 0.62, 0.42, 0.26
Tasks: 400 total,   1 running, 399 sleeping,   0 stopped,   0 zombie
%Cpu(s):  0.0 us,  0.0 sy,  0.0 ni,100.0 id,  0.0 wa,  0.0 hi,  0.0 si,  0.0 st
KiB Mem : 65877712 total, 60424120 free,  2296828 used,  3156764 buff/cache
KiB Swap: 33554428 total, 32437476 free,  1116952 used. 62411132 avail Mem 
--
top - 14:30:00 up 104 days,  6:13,  0 users,  load average: 0.57, 0.41, 0.26
Tasks: 401 total,   1 running, 400 sleeping,   0 stopped,   0 zombie
%Cpu(s):  0.4 us,  0.2 sy,  0.0 ni, 99.0 id,  0.4 wa,  0.0 hi,  0.0 si,  0.0 st
KiB Mem : 65877712 total, 60412048 free,  2308900 used,  3156764 buff/cache
KiB Swap: 33554428 total, 32437476 free,  1116952 used. 62399060 avail Mem 
--
top - 14:30:05 up 104 days,  6:13,  0 users,  load average: 0.52, 0.40, 0.26
Tasks: 400 total,   1 running, 399 sleeping,   0 stopped,   0 zombie
%Cpu(s):  0.0 us,  0.0 sy,  0.0 ni, 99.7 id,  0.2 wa,  0.0 hi,  0.0 si,  0.0 st
KiB Mem : 65877712 total, 60413608 free,  2307388 used,  3156716 buff/cache
KiB Swap: 33554428 total, 32437476 free,  1116952 used. 62400620 avail Mem 
--
top - 14:30:10 up 104 days,  6:13,  0 users,  load average: 0.48, 0.40, 0.26
Tasks: 400 total,   1 running, 399 sleeping,   0 stopped,   0 zombie
%Cpu(s):  0.0 us,  0.0 sy,  0.0 ni, 99.9 id,  0.0 wa,  0.0 hi,  0.0 si,  0.0 st
KiB Mem : 65877712 total, 60393900 free,  2327040 used,  3156772 buff/cache
KiB Swap: 33554428 total, 32437476 free,  1116952 used. 62380920 avail Mem 
--
top - 14:30:15 up 104 days,  6:13,  0 users,  load average: 0.44, 0.39, 0.25
Tasks: 400 total,   1 running, 399 sleeping,   0 stopped,   0 zombie
%Cpu(s):  0.0 us,  0.0 sy,  0.0 ni,100.0 id,  0.0 wa,  0.0 hi,  0.0 si,  0.0 st
KiB Mem : 65877712 total, 60394216 free,  2326720 used,  3156776 buff/cache
KiB Swap: 33554428 total, 32437476 free,  1116952 used. 62381240 avail Mem 
--
top - 14:30:20 up 104 days,  6:13,  0 users,  load average: 0.41, 0.38, 0.25
Tasks: 400 total,   1 running, 399 sleeping,   0 stopped,   0 zombie
%Cpu(s):  0.1 us,  0.1 sy,  0.0 ni, 99.8 id,  0.0 wa,  0.0 hi,  0.0 si,  0.0 st
KiB Mem : 65877712 total, 60263136 free,  2457800 used,  3156776 buff/cache
KiB Swap: 33554428 total, 32437476 free,  1116952 used. 62250160 avail Mem 
--
top - 14:30:25 up 104 days,  6:13,  0 users,  load average: 0.37, 0.38, 0.25
Tasks: 400 total,   1 running, 399 sleeping,   0 stopped,   0 zombie
%Cpu(s):  2.6 us,  0.7 sy,  0.0 ni, 96.7 id,  0.0 wa,  0.0 hi,  0.0 si,  0.0 st
KiB Mem : 65877712 total, 58281072 free,  4439864 used,  3156776 buff/cache
KiB Swap: 33554428 total, 32437476 free,  1116952 used. 60268096 avail Mem 
--
top - 14:30:30 up 104 days,  6:13,  0 users,  load average: 0.42, 0.39, 0.26
Tasks: 400 total,   1 running, 399 sleeping,   0 stopped,   0 zombie
%Cpu(s):  3.1 us,  0.0 sy,  0.0 ni, 96.9 id,  0.0 wa,  0.0 hi,  0.0 si,  0.0 st
KiB Mem : 65877712 total, 58278228 free,  4442708 used,  3156776 buff/cache
KiB Swap: 33554428 total, 32437476 free,  1116952 used. 60265252 avail Mem 
--
top - 14:30:35 up 104 days,  6:13,  0 users,  load average: 0.47, 0.40, 0.26
Tasks: 400 total,   1 running, 399 sleeping,   0 stopped,   0 zombie
%Cpu(s):  3.1 us,  0.0 sy,  0.0 ni, 96.9 id,  0.0 wa,  0.0 hi,  0.0 si,  0.0 st
KiB Mem : 65877712 total, 58278612 free,  4442324 used,  3156776 buff/cache
KiB Swap: 33554428 total, 32437476 free,  1116952 used. 60265636 avail Mem 
--
top - 14:30:40 up 104 days,  6:13,  0 users,  load average: 0.51, 0.41, 0.26
Tasks: 400 total,   1 running, 399 sleeping,   0 stopped,   0 zombie
%Cpu(s):  1.2 us,  0.1 sy,  0.0 ni, 94.8 id,  3.8 wa,  0.0 hi,  0.0 si,  0.0 st
KiB Mem : 65877712 total, 60227408 free,  2493528 used,  3156776 buff/cache
KiB Swap: 33554428 total, 32437476 free,  1116952 used. 62214432 avail Mem 
--
top - 14:30:45 up 104 days,  6:13,  0 users,  load average: 1.03, 0.52, 0.30
Tasks: 400 total,   1 running, 399 sleeping,   0 stopped,   0 zombie
%Cpu(s):  0.0 us,  0.0 sy,  0.0 ni, 90.6 id,  9.3 wa,  0.0 hi,  0.0 si,  0.0 st
KiB Mem : 65877712 total, 60228176 free,  2492760 used,  3156776 buff/cache
KiB Swap: 33554428 total, 32437476 free,  1116952 used. 62215200 avail Mem 
--
top - 14:30:50 up 104 days,  6:14,  0 users,  load average: 1.51, 0.62, 0.34
Tasks: 400 total,   1 running, 399 sleeping,   0 stopped,   0 zombie
%Cpu(s):  0.0 us,  0.0 sy,  0.0 ni, 94.8 id,  5.2 wa,  0.0 hi,  0.0 si,  0.0 st
KiB Mem : 65877712 total, 60229068 free,  2491868 used,  3156776 buff/cache
KiB Swap: 33554428 total, 32437476 free,  1116952 used. 62216092 avail Mem 
--
top - 14:30:55 up 104 days,  6:14,  0 users,  load average: 1.39, 0.61, 0.33
Tasks: 400 total,   1 running, 399 sleeping,   0 stopped,   0 zombie
%Cpu(s):  0.0 us,  0.0 sy,  0.0 ni,100.0 id,  0.0 wa,  0.0 hi,  0.0 si,  0.0 st
KiB Mem : 65877712 total, 60229580 free,  2491356 used,  3156776 buff/cache
KiB Swap: 33554428 total, 32437476 free,  1116952 used. 62216604 avail Mem 
--
top - 14:31:00 up 104 days,  6:14,  0 users,  load average: 1.28, 0.60, 0.33
Tasks: 400 total,   1 running, 399 sleeping,   0 stopped,   0 zombie
%Cpu(s):  0.0 us,  0.0 sy,  0.0 ni, 99.9 id,  0.0 wa,  0.0 hi,  0.0 si,  0.0 st
KiB Mem : 65877712 total, 60229968 free,  2490968 used,  3156776 buff/cache
KiB Swap: 33554428 total, 32437476 free,  1116952 used. 62216992 avail Mem 
--
top - 14:31:05 up 104 days,  6:14,  0 users,  load average: 1.18, 0.59, 0.33
Tasks: 400 total,   1 running, 399 sleeping,   0 stopped,   0 zombie
%Cpu(s):  0.0 us,  0.0 sy,  0.0 ni, 99.9 id,  0.0 wa,  0.0 hi,  0.0 si,  0.0 st
KiB Mem : 65877712 total, 60230480 free,  2490456 used,  3156776 buff/cache
KiB Swap: 33554428 total, 32437476 free,  1116952 used. 62217504 avail Mem 
--
top - 14:31:10 up 104 days,  6:14,  0 users,  load average: 1.08, 0.58, 0.33
Tasks: 400 total,   1 running, 399 sleeping,   0 stopped,   0 zombie
%Cpu(s):  0.0 us,  0.0 sy,  0.0 ni, 99.9 id,  0.0 wa,  0.0 hi,  0.0 si,  0.0 st
KiB Mem : 65877712 total, 60231240 free,  2489692 used,  3156780 buff/cache
KiB Swap: 33554428 total, 32437476 free,  1116952 used. 62218264 avail Mem 
--
top - 14:31:15 up 104 days,  6:14,  0 users,  load average: 0.99, 0.57, 0.33
Tasks: 400 total,   1 running, 399 sleeping,   0 stopped,   0 zombie
%Cpu(s):  0.0 us,  0.0 sy,  0.0 ni,100.0 id,  0.0 wa,  0.0 hi,  0.0 si,  0.0 st
KiB Mem : 65877712 total, 60231508 free,  2489424 used,  3156780 buff/cache
KiB Swap: 33554428 total, 32437476 free,  1116952 used. 62218536 avail Mem 
--
top - 14:31:21 up 104 days,  6:14,  0 users,  load average: 0.91, 0.56, 0.32
Tasks: 400 total,   1 running, 399 sleeping,   0 stopped,   0 zombie
%Cpu(s):  0.0 us,  0.0 sy,  0.0 ni,100.0 id,  0.0 wa,  0.0 hi,  0.0 si,  0.0 st
KiB Mem : 65877712 total, 60232264 free,  2488668 used,  3156780 buff/cache
KiB Swap: 33554428 total, 32437476 free,  1116952 used. 62219292 avail Mem 
--
top - 14:31:26 up 104 days,  6:14,  0 users,  load average: 0.84, 0.56, 0.32
Tasks: 400 total,   1 running, 399 sleeping,   0 stopped,   0 zombie
%Cpu(s):  0.0 us,  0.0 sy,  0.0 ni,100.0 id,  0.0 wa,  0.0 hi,  0.0 si,  0.0 st
KiB Mem : 65877712 total, 60232388 free,  2488544 used,  3156780 buff/cache
KiB Swap: 33554428 total, 32437476 free,  1116952 used. 62219416 avail Mem 
--
top - 14:31:31 up 104 days,  6:14,  0 users,  load average: 0.77, 0.55, 0.32
Tasks: 400 total,   1 running, 399 sleeping,   0 stopped,   0 zombie
%Cpu(s):  0.0 us,  0.0 sy,  0.0 ni,100.0 id,  0.0 wa,  0.0 hi,  0.0 si,  0.0 st
KiB Mem : 65877712 total, 60232616 free,  2488316 used,  3156780 buff/cache
KiB Swap: 33554428 total, 32437476 free,  1116952 used. 62219644 avail Mem 
--
top - 14:31:36 up 104 days,  6:14,  0 users,  load average: 0.71, 0.54, 0.32
Tasks: 400 total,   1 running, 399 sleeping,   0 stopped,   0 zombie
%Cpu(s):  0.0 us,  0.0 sy,  0.0 ni, 93.4 id,  6.5 wa,  0.0 hi,  0.0 si,  0.0 st
KiB Mem : 65877712 total, 60233376 free,  2487556 used,  3156780 buff/cache
KiB Swap: 33554428 total, 32437476 free,  1116952 used. 62220404 avail Mem 
--
top - 14:31:41 up 104 days,  6:14,  0 users,  load average: 1.22, 0.64, 0.35
Tasks: 400 total,   1 running, 399 sleeping,   0 stopped,   0 zombie
%Cpu(s):  0.0 us,  0.0 sy,  0.0 ni, 90.6 id,  9.3 wa,  0.0 hi,  0.0 si,  0.0 st
KiB Mem : 65877712 total, 60233872 free,  2487060 used,  3156780 buff/cache
KiB Swap: 33554428 total, 32437476 free,  1116952 used. 62220900 avail Mem 
--
top - 14:31:46 up 104 days,  6:14,  0 users,  load average: 1.68, 0.75, 0.39
Tasks: 400 total,   1 running, 399 sleeping,   0 stopped,   0 zombie
%Cpu(s):  0.0 us,  0.0 sy,  0.0 ni, 98.4 id,  1.6 wa,  0.0 hi,  0.0 si,  0.0 st
KiB Mem : 65877712 total, 60233820 free,  2487112 used,  3156780 buff/cache
KiB Swap: 33554428 total, 32437476 free,  1116952 used. 62220848 avail Mem 
--
top - 14:31:51 up 104 days,  6:15,  0 users,  load average: 1.54, 0.74, 0.39
Tasks: 400 total,   1 running, 399 sleeping,   0 stopped,   0 zombie
%Cpu(s):  0.0 us,  0.0 sy,  0.0 ni,100.0 id,  0.0 wa,  0.0 hi,  0.0 si,  0.0 st
KiB Mem : 65877712 total, 60233648 free,  2487284 used,  3156780 buff/cache
KiB Swap: 33554428 total, 32437476 free,  1116952 used. 62220676 avail Mem 
--
top - 14:31:56 up 104 days,  6:15,  0 users,  load average: 1.42, 0.73, 0.39
Tasks: 400 total,   1 running, 399 sleeping,   0 stopped,   0 zombie
%Cpu(s):  0.0 us,  0.0 sy,  0.0 ni,100.0 id,  0.0 wa,  0.0 hi,  0.0 si,  0.0 st
KiB Mem : 65877712 total, 60233648 free,  2487284 used,  3156780 buff/cache
KiB Swap: 33554428 total, 32437476 free,  1116952 used. 62220676 avail Mem 
--
top - 14:32:01 up 104 days,  6:15,  0 users,  load average: 1.31, 0.71, 0.38
Tasks: 400 total,   1 running, 399 sleeping,   0 stopped,   0 zombie
%Cpu(s):  0.4 us,  0.2 sy,  0.0 ni, 98.8 id,  0.6 wa,  0.0 hi,  0.0 si,  0.0 st
KiB Mem : 65877712 total, 60201600 free,  2519324 used,  3156788 buff/cache
KiB Swap: 33554428 total, 32437476 free,  1116952 used. 62188632 avail Mem 
--
top - 14:32:06 up 104 days,  6:15,  0 users,  load average: 1.20, 0.70, 0.38
Tasks: 400 total,   1 running, 399 sleeping,   0 stopped,   0 zombie
%Cpu(s):  0.0 us,  0.0 sy,  0.0 ni,100.0 id,  0.0 wa,  0.0 hi,  0.0 si,  0.0 st
KiB Mem : 65877712 total, 60191172 free,  2529748 used,  3156792 buff/cache
KiB Swap: 33554428 total, 32437476 free,  1116952 used. 62178204 avail Mem 
--
top - 14:32:11 up 104 days,  6:15,  0 users,  load average: 1.11, 0.69, 0.38
Tasks: 400 total,   1 running, 399 sleeping,   0 stopped,   0 zombie
%Cpu(s):  0.2 us,  0.2 sy,  0.0 ni, 99.5 id,  0.0 wa,  0.0 hi,  0.0 si,  0.0 st
KiB Mem : 65877712 total, 59868416 free,  2852504 used,  3156792 buff/cache
KiB Swap: 33554428 total, 32437476 free,  1116952 used. 61855448 avail Mem 
--
top - 14:32:16 up 104 days,  6:15,  0 users,  load average: 1.02, 0.68, 0.38
Tasks: 400 total,   1 running, 399 sleeping,   0 stopped,   0 zombie
%Cpu(s):  0.0 us,  0.0 sy,  0.0 ni,100.0 id,  0.0 wa,  0.0 hi,  0.0 si,  0.0 st
KiB Mem : 65877712 total, 59866176 free,  2854744 used,  3156792 buff/cache
KiB Swap: 33554428 total, 32437476 free,  1116952 used. 61853208 avail Mem 
--
top - 14:32:21 up 104 days,  6:15,  0 users,  load average: 0.94, 0.67, 0.38
Tasks: 400 total,   1 running, 399 sleeping,   0 stopped,   0 zombie
%Cpu(s):  3.7 us,  0.3 sy,  0.0 ni, 96.0 id,  0.0 wa,  0.0 hi,  0.0 si,  0.0 st
KiB Mem : 65877712 total, 59102172 free,  3618748 used,  3156792 buff/cache
KiB Swap: 33554428 total, 32437476 free,  1116952 used. 61089204 avail Mem 
--
top - 14:32:26 up 104 days,  6:15,  0 users,  load average: 0.87, 0.66, 0.38
Tasks: 400 total,   1 running, 399 sleeping,   0 stopped,   0 zombie
%Cpu(s):  2.2 us,  0.0 sy,  0.0 ni, 97.7 id,  0.0 wa,  0.0 hi,  0.0 si,  0.0 st
KiB Mem : 65877712 total, 60093628 free,  2627292 used,  3156792 buff/cache
KiB Swap: 33554428 total, 32437476 free,  1116952 used. 62080660 avail Mem 
--
top - 14:32:31 up 104 days,  6:15,  0 users,  load average: 0.80, 0.65, 0.38
Tasks: 400 total,   1 running, 399 sleeping,   0 stopped,   0 zombie
%Cpu(s):  0.0 us,  0.0 sy,  0.0 ni, 99.9 id,  0.0 wa,  0.0 hi,  0.0 si,  0.0 st
KiB Mem : 65877712 total, 60096200 free,  2624720 used,  3156792 buff/cache
KiB Swap: 33554428 total, 32437476 free,  1116952 used. 62083236 avail Mem 
--
top - 14:32:36 up 104 days,  6:15,  0 users,  load average: 0.73, 0.64, 0.37
Tasks: 400 total,   1 running, 399 sleeping,   0 stopped,   0 zombie
%Cpu(s):  0.0 us,  0.0 sy,  0.0 ni, 99.9 id,  0.0 wa,  0.0 hi,  0.0 si,  0.0 st
KiB Mem : 65877712 total, 60096756 free,  2624164 used,  3156792 buff/cache
KiB Swap: 33554428 total, 32437476 free,  1116952 used. 62083792 avail Mem 
--
top - 14:32:41 up 104 days,  6:15,  0 users,  load average: 0.67, 0.63, 0.37
Tasks: 400 total,   2 running, 398 sleeping,   0 stopped,   0 zombie
%Cpu(s):  0.1 us,  0.0 sy,  0.0 ni, 99.9 id,  0.0 wa,  0.0 hi,  0.0 si,  0.0 st
KiB Mem : 65877712 total, 60098436 free,  2622484 used,  3156792 buff/cache
KiB Swap: 33554428 total, 32437476 free,  1116952 used. 62085472 avail Mem 
