10.149.0.64
2023/12/26 13:21:51 Master node address: http://10.149.0.60:8000
2023/12/26 13:21:51 Benchmarking worker...
2023/12/26 13:21:52 Worker registered (1820 MCUPS). Waiting for work...
2023/12/26 13:23:40 Got work. Start calculating alignments...
2023/12/26 13:23:40 Calculating 89 queries
2023/12/26 13:23:48 Done calculating alignments.
2023/12/26 13:23:48 Waiting for work...
2023/12/26 13:25:19 Got work. Start calculating alignments...
2023/12/26 13:25:19 Calculating 89 queries
2023/12/26 13:25:37 Done calculating alignments.
2023/12/26 13:25:37 Waiting for work...
2023/12/26 13:26:59 Got work. Start calculating alignments...
2023/12/26 13:26:59 Calculating 89 queries
2023/12/26 13:27:19 Done calculating alignments.
2023/12/26 13:27:19 Waiting for work...
2023/12/26 13:28:44 Got work. Start calculating alignments...
2023/12/26 13:28:44 Calculating 87 queries
2023/12/26 13:28:51 Done calculating alignments.
2023/12/26 13:28:51 Waiting for work...
2023/12/26 13:30:25 Got work. Start calculating alignments...
2023/12/26 13:30:25 Calculating 89 queries
2023/12/26 13:30:40 Done calculating alignments.
2023/12/26 13:30:40 Waiting for work...
slurmstepd: error: *** JOB 4751321 ON node064 CANCELLED AT 2023-12-26T13:30:50 ***
