10.149.0.35
2023/12/26 14:23:05 Master node address: http://10.149.0.62:8000
2023/12/26 14:23:05 Benchmarking worker...
2023/12/26 14:23:06 Worker registered (1842 MCUPS). Waiting for work...
2023/12/26 14:24:54 Got work. Start calculating alignments...
2023/12/26 14:24:54 Calculating 45 queries
2023/12/26 14:25:15 Done calculating alignments.
2023/12/26 14:25:15 Waiting for work...
2023/12/26 14:26:34 Got work. Start calculating alignments...
2023/12/26 14:26:34 Calculating 44 queries
2023/12/26 14:26:49 Done calculating alignments.
2023/12/26 14:26:49 Waiting for work...
2023/12/26 14:28:26 Got work. Start calculating alignments...
2023/12/26 14:28:26 Calculating 43 queries
2023/12/26 14:28:30 Done calculating alignments.
2023/12/26 14:28:30 Waiting for work...
2023/12/26 14:30:22 Got work. Start calculating alignments...
2023/12/26 14:30:22 Calculating 45 queries
2023/12/26 14:30:32 Done calculating alignments.
2023/12/26 14:30:32 Waiting for work...
2023/12/26 14:32:18 Got work. Start calculating alignments...
2023/12/26 14:32:18 Calculating 44 queries
2023/12/26 14:32:30 Done calculating alignments.
2023/12/26 14:32:30 Waiting for work...
slurmstepd: error: *** JOB 4751408 ON node035 CANCELLED AT 2023-12-26T14:32:41 ***
