Job id: 4751401
Worker ip: 10.149.0.54
Master ip: 10.149.0.62
--
top - 14:23:03 up 104 days,  6:05,  0 users,  load average: 0.05, 0.27, 0.47
Tasks: 397 total,   1 running, 396 sleeping,   0 stopped,   0 zombie
%Cpu(s):  2.3 us,  4.1 sy,  0.0 ni, 93.2 id,  0.0 wa,  0.0 hi,  0.4 si,  0.0 st
KiB Mem : 65877712 total, 53998684 free,  1159344 used, 10719684 buff/cache
KiB Swap: 33554428 total, 32097680 free,  1456748 used. 63556520 avail Mem 
--
top - 14:23:08 up 104 days,  6:05,  0 users,  load average: 0.12, 0.29, 0.48
Tasks: 399 total,   1 running, 398 sleeping,   0 stopped,   0 zombie
%Cpu(s):  1.7 us,  0.5 sy,  0.0 ni, 97.8 id,  0.0 wa,  0.0 hi,  0.0 si,  0.0 st
KiB Mem : 65877712 total, 53977804 free,  1173628 used, 10726280 buff/cache
KiB Swap: 33554428 total, 32097680 free,  1456748 used. 63542208 avail Mem 
--
top - 14:23:13 up 104 days,  6:05,  0 users,  load average: 0.11, 0.28, 0.47
Tasks: 399 total,   1 running, 398 sleeping,   0 stopped,   0 zombie
%Cpu(s):  0.0 us,  0.0 sy,  0.0 ni,100.0 id,  0.0 wa,  0.0 hi,  0.0 si,  0.0 st
KiB Mem : 65877712 total, 53977984 free,  1173448 used, 10726280 buff/cache
KiB Swap: 33554428 total, 32097680 free,  1456748 used. 63542388 avail Mem 
--
top - 14:23:18 up 104 days,  6:05,  0 users,  load average: 0.10, 0.28, 0.47
Tasks: 399 total,   1 running, 398 sleeping,   0 stopped,   0 zombie
%Cpu(s):  0.0 us,  0.0 sy,  0.0 ni,100.0 id,  0.0 wa,  0.0 hi,  0.0 si,  0.0 st
KiB Mem : 65877712 total, 53978340 free,  1173092 used, 10726280 buff/cache
KiB Swap: 33554428 total, 32097680 free,  1456748 used. 63542744 avail Mem 
--
top - 14:23:23 up 104 days,  6:05,  0 users,  load average: 0.10, 0.27, 0.47
Tasks: 399 total,   1 running, 398 sleeping,   0 stopped,   0 zombie
%Cpu(s):  0.0 us,  0.0 sy,  0.0 ni,100.0 id,  0.0 wa,  0.0 hi,  0.0 si,  0.0 st
KiB Mem : 65877712 total, 53979348 free,  1172084 used, 10726280 buff/cache
KiB Swap: 33554428 total, 32097680 free,  1456748 used. 63543752 avail Mem 
--
top - 14:23:28 up 104 days,  6:05,  0 users,  load average: 0.09, 0.27, 0.47
Tasks: 400 total,   1 running, 399 sleeping,   0 stopped,   0 zombie
%Cpu(s):  0.0 us,  0.0 sy,  0.0 ni,100.0 id,  0.0 wa,  0.0 hi,  0.0 si,  0.0 st
KiB Mem : 65877712 total, 53979952 free,  1171480 used, 10726280 buff/cache
KiB Swap: 33554428 total, 32097680 free,  1456748 used. 63544356 avail Mem 
--
top - 14:23:33 up 104 days,  6:05,  0 users,  load average: 0.08, 0.26, 0.46
Tasks: 400 total,   1 running, 399 sleeping,   0 stopped,   0 zombie
%Cpu(s):  0.0 us,  0.0 sy,  0.0 ni, 99.9 id,  0.0 wa,  0.0 hi,  0.0 si,  0.0 st
KiB Mem : 65877712 total, 53980716 free,  1170716 used, 10726280 buff/cache
KiB Swap: 33554428 total, 32097680 free,  1456748 used. 63545120 avail Mem 
--
top - 14:23:38 up 104 days,  6:06,  0 users,  load average: 0.08, 0.26, 0.46
Tasks: 400 total,   1 running, 399 sleeping,   0 stopped,   0 zombie
%Cpu(s):  0.0 us,  0.0 sy,  0.0 ni, 99.9 id,  0.0 wa,  0.0 hi,  0.0 si,  0.0 st
KiB Mem : 65877712 total, 53981280 free,  1170152 used, 10726280 buff/cache
KiB Swap: 33554428 total, 32097680 free,  1456748 used. 63545684 avail Mem 
--
top - 14:23:43 up 104 days,  6:06,  0 users,  load average: 0.07, 0.25, 0.46
Tasks: 400 total,   1 running, 399 sleeping,   0 stopped,   0 zombie
%Cpu(s):  0.0 us,  0.0 sy,  0.0 ni,100.0 id,  0.0 wa,  0.0 hi,  0.0 si,  0.0 st
KiB Mem : 65877712 total, 53981396 free,  1170036 used, 10726280 buff/cache
KiB Swap: 33554428 total, 32097680 free,  1456748 used. 63545800 avail Mem 
--
top - 14:23:48 up 104 days,  6:06,  0 users,  load average: 0.06, 0.25, 0.46
Tasks: 400 total,   1 running, 399 sleeping,   0 stopped,   0 zombie
%Cpu(s):  0.0 us,  0.0 sy,  0.0 ni,100.0 id,  0.0 wa,  0.0 hi,  0.0 si,  0.0 st
KiB Mem : 65877712 total, 53981428 free,  1170004 used, 10726280 buff/cache
KiB Swap: 33554428 total, 32097680 free,  1456748 used. 63545832 avail Mem 
--
top - 14:23:54 up 104 days,  6:06,  0 users,  load average: 0.06, 0.25, 0.45
Tasks: 400 total,   1 running, 399 sleeping,   0 stopped,   0 zombie
%Cpu(s):  0.0 us,  0.0 sy,  0.0 ni,100.0 id,  0.0 wa,  0.0 hi,  0.0 si,  0.0 st
KiB Mem : 65877712 total, 53981768 free,  1169664 used, 10726280 buff/cache
KiB Swap: 33554428 total, 32097680 free,  1456748 used. 63546172 avail Mem 
--
top - 14:23:59 up 104 days,  6:06,  0 users,  load average: 0.05, 0.24, 0.45
Tasks: 400 total,   1 running, 399 sleeping,   0 stopped,   0 zombie
%Cpu(s):  0.0 us,  0.0 sy,  0.0 ni,100.0 id,  0.0 wa,  0.0 hi,  0.0 si,  0.0 st
KiB Mem : 65877712 total, 53981292 free,  1170136 used, 10726284 buff/cache
KiB Swap: 33554428 total, 32097680 free,  1456748 used. 63545696 avail Mem 
--
top - 14:24:04 up 104 days,  6:06,  0 users,  load average: 0.05, 0.24, 0.45
Tasks: 404 total,   1 running, 403 sleeping,   0 stopped,   0 zombie
%Cpu(s):  0.4 us,  0.2 sy,  0.0 ni, 99.0 id,  0.3 wa,  0.0 hi,  0.0 si,  0.0 st
KiB Mem : 65877712 total, 53976264 free,  1175164 used, 10726284 buff/cache
KiB Swap: 33554428 total, 32097680 free,  1456748 used. 63540672 avail Mem 
--
top - 14:24:09 up 104 days,  6:06,  0 users,  load average: 0.05, 0.23, 0.45
Tasks: 404 total,   1 running, 403 sleeping,   0 stopped,   0 zombie
%Cpu(s):  0.0 us,  0.0 sy,  0.0 ni,100.0 id,  0.0 wa,  0.0 hi,  0.0 si,  0.0 st
KiB Mem : 65877712 total, 53976628 free,  1174800 used, 10726284 buff/cache
KiB Swap: 33554428 total, 32097680 free,  1456748 used. 63541036 avail Mem 
--
top - 14:24:14 up 104 days,  6:06,  0 users,  load average: 0.04, 0.23, 0.44
Tasks: 404 total,   1 running, 403 sleeping,   0 stopped,   0 zombie
%Cpu(s):  0.0 us,  0.0 sy,  0.0 ni,100.0 id,  0.0 wa,  0.0 hi,  0.0 si,  0.0 st
KiB Mem : 65877712 total, 53976884 free,  1174544 used, 10726284 buff/cache
KiB Swap: 33554428 total, 32097680 free,  1456748 used. 63541292 avail Mem 
--
top - 14:24:19 up 104 days,  6:06,  0 users,  load average: 0.04, 0.23, 0.44
Tasks: 404 total,   1 running, 403 sleeping,   0 stopped,   0 zombie
%Cpu(s):  0.0 us,  0.0 sy,  0.0 ni, 96.9 id,  3.0 wa,  0.0 hi,  0.0 si,  0.0 st
KiB Mem : 65877712 total, 53977876 free,  1173552 used, 10726284 buff/cache
KiB Swap: 33554428 total, 32097680 free,  1456748 used. 63542284 avail Mem 
--
top - 14:24:24 up 104 days,  6:06,  0 users,  load average: 0.60, 0.34, 0.48
Tasks: 404 total,   1 running, 403 sleeping,   0 stopped,   0 zombie
%Cpu(s):  0.0 us,  0.0 sy,  0.0 ni, 90.7 id,  9.3 wa,  0.0 hi,  0.0 si,  0.0 st
KiB Mem : 65877712 total, 53978616 free,  1172812 used, 10726284 buff/cache
KiB Swap: 33554428 total, 32097680 free,  1456748 used. 63543024 avail Mem 
--
top - 14:24:29 up 104 days,  6:06,  0 users,  load average: 1.11, 0.45, 0.51
Tasks: 404 total,   1 running, 403 sleeping,   0 stopped,   0 zombie
%Cpu(s):  0.0 us,  0.0 sy,  0.0 ni, 94.9 id,  5.0 wa,  0.0 hi,  0.0 si,  0.0 st
KiB Mem : 65877712 total, 53979176 free,  1172252 used, 10726284 buff/cache
KiB Swap: 33554428 total, 32097680 free,  1456748 used. 63543584 avail Mem 
--
top - 14:24:34 up 104 days,  6:06,  0 users,  load average: 1.02, 0.44, 0.51
Tasks: 404 total,   1 running, 403 sleeping,   0 stopped,   0 zombie
%Cpu(s):  0.0 us,  0.0 sy,  0.0 ni,100.0 id,  0.0 wa,  0.0 hi,  0.0 si,  0.0 st
KiB Mem : 65877712 total, 53975928 free,  1175500 used, 10726284 buff/cache
KiB Swap: 33554428 total, 32097680 free,  1456748 used. 63540336 avail Mem 
--
top - 14:24:39 up 104 days,  6:07,  0 users,  load average: 0.94, 0.43, 0.51
Tasks: 404 total,   1 running, 403 sleeping,   0 stopped,   0 zombie
%Cpu(s):  0.0 us,  0.0 sy,  0.0 ni, 99.9 id,  0.0 wa,  0.0 hi,  0.0 si,  0.0 st
KiB Mem : 65877712 total, 53974112 free,  1177316 used, 10726284 buff/cache
KiB Swap: 33554428 total, 32097680 free,  1456748 used. 63538520 avail Mem 
--
top - 14:24:44 up 104 days,  6:07,  0 users,  load average: 0.86, 0.43, 0.50
Tasks: 404 total,   1 running, 403 sleeping,   0 stopped,   0 zombie
%Cpu(s):  0.0 us,  0.0 sy,  0.0 ni,100.0 id,  0.0 wa,  0.0 hi,  0.0 si,  0.0 st
KiB Mem : 65877712 total, 53969992 free,  1181436 used, 10726284 buff/cache
KiB Swap: 33554428 total, 32097680 free,  1456748 used. 63534400 avail Mem 
--
top - 14:24:49 up 104 days,  6:07,  0 users,  load average: 0.79, 0.42, 0.50
Tasks: 404 total,   1 running, 403 sleeping,   0 stopped,   0 zombie
%Cpu(s):  1.0 us,  0.2 sy,  0.0 ni, 98.8 id,  0.0 wa,  0.0 hi,  0.0 si,  0.0 st
KiB Mem : 65877712 total, 53920908 free,  1230520 used, 10726284 buff/cache
KiB Swap: 33554428 total, 32097680 free,  1456748 used. 63485316 avail Mem 
--
top - 14:24:54 up 104 days,  6:07,  0 users,  load average: 0.73, 0.41, 0.50
Tasks: 404 total,   1 running, 403 sleeping,   0 stopped,   0 zombie
%Cpu(s):  0.0 us,  0.0 sy,  0.0 ni,100.0 id,  0.0 wa,  0.0 hi,  0.0 si,  0.0 st
KiB Mem : 65877712 total, 53937260 free,  1214164 used, 10726288 buff/cache
KiB Swap: 33554428 total, 32097680 free,  1456748 used. 63501668 avail Mem 
--
top - 14:24:59 up 104 days,  6:07,  0 users,  load average: 0.67, 0.41, 0.50
Tasks: 404 total,   1 running, 403 sleeping,   0 stopped,   0 zombie
%Cpu(s):  0.0 us,  0.0 sy,  0.0 ni,100.0 id,  0.0 wa,  0.0 hi,  0.0 si,  0.0 st
KiB Mem : 65877712 total, 53937336 free,  1214088 used, 10726288 buff/cache
KiB Swap: 33554428 total, 32097680 free,  1456748 used. 63501744 avail Mem 
--
top - 14:25:04 up 104 days,  6:07,  0 users,  load average: 0.62, 0.40, 0.49
Tasks: 404 total,   1 running, 403 sleeping,   0 stopped,   0 zombie
%Cpu(s):  0.0 us,  0.0 sy,  0.0 ni, 99.9 id,  0.0 wa,  0.0 hi,  0.0 si,  0.0 st
KiB Mem : 65877712 total, 53938504 free,  1212920 used, 10726288 buff/cache
KiB Swap: 33554428 total, 32097680 free,  1456748 used. 63502916 avail Mem 
--
top - 14:25:09 up 104 days,  6:07,  0 users,  load average: 0.57, 0.39, 0.49
Tasks: 403 total,   1 running, 402 sleeping,   0 stopped,   0 zombie
%Cpu(s):  0.0 us,  0.0 sy,  0.0 ni,100.0 id,  0.0 wa,  0.0 hi,  0.0 si,  0.0 st
KiB Mem : 65877712 total, 53939624 free,  1211800 used, 10726288 buff/cache
KiB Swap: 33554428 total, 32097680 free,  1456748 used. 63504036 avail Mem 
--
top - 14:25:14 up 104 days,  6:07,  0 users,  load average: 0.52, 0.39, 0.49
Tasks: 401 total,   1 running, 400 sleeping,   0 stopped,   0 zombie
%Cpu(s):  0.0 us,  0.0 sy,  0.0 ni,100.0 id,  0.0 wa,  0.0 hi,  0.0 si,  0.0 st
KiB Mem : 65877712 total, 53939812 free,  1211612 used, 10726288 buff/cache
KiB Swap: 33554428 total, 32097680 free,  1456748 used. 63504224 avail Mem 
--
top - 14:25:19 up 104 days,  6:07,  0 users,  load average: 0.48, 0.38, 0.49
Tasks: 401 total,   1 running, 400 sleeping,   0 stopped,   0 zombie
%Cpu(s):  0.0 us,  0.0 sy,  0.0 ni,100.0 id,  0.0 wa,  0.0 hi,  0.0 si,  0.0 st
KiB Mem : 65877712 total, 53940324 free,  1211100 used, 10726288 buff/cache
KiB Swap: 33554428 total, 32097680 free,  1456748 used. 63504736 avail Mem 
--
top - 14:25:24 up 104 days,  6:07,  0 users,  load average: 0.44, 0.37, 0.48
Tasks: 401 total,   1 running, 400 sleeping,   0 stopped,   0 zombie
%Cpu(s):  0.0 us,  0.0 sy,  0.0 ni,100.0 id,  0.0 wa,  0.0 hi,  0.0 si,  0.0 st
KiB Mem : 65877712 total, 53941068 free,  1210356 used, 10726288 buff/cache
KiB Swap: 33554428 total, 32097680 free,  1456748 used. 63505480 avail Mem 
--
top - 14:25:29 up 104 days,  6:07,  0 users,  load average: 0.41, 0.37, 0.48
Tasks: 399 total,   1 running, 398 sleeping,   0 stopped,   0 zombie
%Cpu(s):  0.0 us,  0.0 sy,  0.0 ni,100.0 id,  0.0 wa,  0.0 hi,  0.0 si,  0.0 st
KiB Mem : 65877712 total, 53941688 free,  1209736 used, 10726288 buff/cache
KiB Swap: 33554428 total, 32097680 free,  1456748 used. 63506100 avail Mem 
--
top - 14:25:34 up 104 days,  6:07,  0 users,  load average: 0.37, 0.36, 0.48
Tasks: 400 total,   1 running, 399 sleeping,   0 stopped,   0 zombie
%Cpu(s):  0.0 us,  0.0 sy,  0.0 ni,100.0 id,  0.0 wa,  0.0 hi,  0.0 si,  0.0 st
KiB Mem : 65877712 total, 53941744 free,  1209680 used, 10726288 buff/cache
KiB Swap: 33554428 total, 32097680 free,  1456748 used. 63506156 avail Mem 
--
top - 14:25:39 up 104 days,  6:08,  0 users,  load average: 0.34, 0.36, 0.48
Tasks: 400 total,   1 running, 399 sleeping,   0 stopped,   0 zombie
%Cpu(s):  0.0 us,  0.0 sy,  0.0 ni, 99.9 id,  0.0 wa,  0.0 hi,  0.0 si,  0.0 st
KiB Mem : 65877712 total, 53942488 free,  1208936 used, 10726288 buff/cache
KiB Swap: 33554428 total, 32097680 free,  1456748 used. 63506900 avail Mem 
--
top - 14:25:44 up 104 days,  6:08,  0 users,  load average: 0.32, 0.35, 0.47
Tasks: 400 total,   1 running, 399 sleeping,   0 stopped,   0 zombie
%Cpu(s):  0.0 us,  0.0 sy,  0.0 ni,100.0 id,  0.0 wa,  0.0 hi,  0.0 si,  0.0 st
KiB Mem : 65877712 total, 53942860 free,  1208564 used, 10726288 buff/cache
KiB Swap: 33554428 total, 32097680 free,  1456748 used. 63507272 avail Mem 
--
top - 14:25:49 up 104 days,  6:08,  0 users,  load average: 0.29, 0.34, 0.47
Tasks: 400 total,   1 running, 399 sleeping,   0 stopped,   0 zombie
%Cpu(s):  0.0 us,  0.0 sy,  0.0 ni, 99.9 id,  0.0 wa,  0.0 hi,  0.0 si,  0.0 st
KiB Mem : 65877712 total, 53942756 free,  1208664 used, 10726292 buff/cache
KiB Swap: 33554428 total, 32097680 free,  1456748 used. 63507172 avail Mem 
--
top - 14:25:54 up 104 days,  6:08,  0 users,  load average: 0.27, 0.34, 0.47
Tasks: 400 total,   1 running, 399 sleeping,   0 stopped,   0 zombie
%Cpu(s):  0.0 us,  0.0 sy,  0.0 ni,100.0 id,  0.0 wa,  0.0 hi,  0.0 si,  0.0 st
KiB Mem : 65877712 total, 53943100 free,  1208320 used, 10726292 buff/cache
KiB Swap: 33554428 total, 32097680 free,  1456748 used. 63507516 avail Mem 
--
top - 14:25:59 up 104 days,  6:08,  0 users,  load average: 0.25, 0.33, 0.47
Tasks: 400 total,   1 running, 399 sleeping,   0 stopped,   0 zombie
%Cpu(s):  0.0 us,  0.0 sy,  0.0 ni, 99.9 id,  0.0 wa,  0.0 hi,  0.0 si,  0.0 st
KiB Mem : 65877712 total, 53943128 free,  1208292 used, 10726292 buff/cache
KiB Swap: 33554428 total, 32097680 free,  1456748 used. 63507544 avail Mem 
--
top - 14:26:04 up 104 days,  6:08,  0 users,  load average: 0.23, 0.33, 0.46
Tasks: 404 total,   1 running, 403 sleeping,   0 stopped,   0 zombie
%Cpu(s):  0.4 us,  0.2 sy,  0.0 ni, 99.1 id,  0.3 wa,  0.0 hi,  0.0 si,  0.0 st
KiB Mem : 65877712 total, 53936988 free,  1214424 used, 10726300 buff/cache
KiB Swap: 33554428 total, 32097680 free,  1456748 used. 63501408 avail Mem 
--
top - 14:26:09 up 104 days,  6:08,  0 users,  load average: 0.21, 0.32, 0.46
Tasks: 404 total,   1 running, 403 sleeping,   0 stopped,   0 zombie
%Cpu(s):  0.0 us,  0.0 sy,  0.0 ni, 99.9 id,  0.0 wa,  0.0 hi,  0.0 si,  0.0 st
KiB Mem : 65877712 total, 53937932 free,  1213480 used, 10726300 buff/cache
KiB Swap: 33554428 total, 32097680 free,  1456748 used. 63502352 avail Mem 
--
top - 14:26:14 up 104 days,  6:08,  0 users,  load average: 0.19, 0.32, 0.46
Tasks: 404 total,   1 running, 403 sleeping,   0 stopped,   0 zombie
%Cpu(s):  0.0 us,  0.0 sy,  0.0 ni,100.0 id,  0.0 wa,  0.0 hi,  0.0 si,  0.0 st
KiB Mem : 65877712 total, 53938648 free,  1212764 used, 10726300 buff/cache
KiB Swap: 33554428 total, 32097680 free,  1456748 used. 63503068 avail Mem 
--
top - 14:26:19 up 104 days,  6:08,  0 users,  load average: 0.18, 0.31, 0.46
Tasks: 404 total,   1 running, 403 sleeping,   0 stopped,   0 zombie
%Cpu(s):  0.0 us,  0.0 sy,  0.0 ni,100.0 id,  0.0 wa,  0.0 hi,  0.0 si,  0.0 st
KiB Mem : 65877712 total, 53935192 free,  1216220 used, 10726300 buff/cache
KiB Swap: 33554428 total, 32097680 free,  1456748 used. 63499612 avail Mem 
--
top - 14:26:24 up 104 days,  6:08,  0 users,  load average: 0.16, 0.31, 0.45
Tasks: 404 total,   1 running, 403 sleeping,   0 stopped,   0 zombie
%Cpu(s):  0.2 us,  0.1 sy,  0.0 ni, 99.7 id,  0.0 wa,  0.0 hi,  0.0 si,  0.0 st
KiB Mem : 65877712 total, 53587532 free,  1563880 used, 10726300 buff/cache
KiB Swap: 33554428 total, 32097680 free,  1456748 used. 63151952 avail Mem 
--
top - 14:26:29 up 104 days,  6:08,  0 users,  load average: 0.15, 0.30, 0.45
Tasks: 404 total,   1 running, 403 sleeping,   0 stopped,   0 zombie
%Cpu(s):  0.0 us,  0.0 sy,  0.0 ni,100.0 id,  0.0 wa,  0.0 hi,  0.0 si,  0.0 st
KiB Mem : 65877712 total, 53583448 free,  1567964 used, 10726300 buff/cache
KiB Swap: 33554428 total, 32097680 free,  1456748 used. 63147868 avail Mem 
--
top - 14:26:34 up 104 days,  6:08,  0 users,  load average: 0.14, 0.30, 0.45
Tasks: 405 total,   1 running, 404 sleeping,   0 stopped,   0 zombie
%Cpu(s):  2.9 us,  0.2 sy,  0.0 ni, 96.9 id,  0.0 wa,  0.0 hi,  0.0 si,  0.0 st
KiB Mem : 65877712 total, 52805848 free,  2345564 used, 10726300 buff/cache
KiB Swap: 33554428 total, 32097680 free,  1456748 used. 62370268 avail Mem 
--
top - 14:26:39 up 104 days,  6:09,  0 users,  load average: 0.21, 0.31, 0.45
Tasks: 405 total,   1 running, 404 sleeping,   0 stopped,   0 zombie
%Cpu(s):  2.7 us,  0.0 sy,  0.0 ni, 97.3 id,  0.0 wa,  0.0 hi,  0.0 si,  0.0 st
KiB Mem : 65877712 total, 53712500 free,  1438908 used, 10726304 buff/cache
KiB Swap: 33554428 total, 32097680 free,  1456748 used. 63276920 avail Mem 
--
top - 14:26:44 up 104 days,  6:09,  0 users,  load average: 0.19, 0.30, 0.45
Tasks: 405 total,   1 running, 404 sleeping,   0 stopped,   0 zombie
%Cpu(s):  0.0 us,  0.0 sy,  0.0 ni, 99.9 id,  0.0 wa,  0.0 hi,  0.0 si,  0.0 st
KiB Mem : 65877712 total, 53781456 free,  1369952 used, 10726304 buff/cache
KiB Swap: 33554428 total, 32097680 free,  1456748 used. 63345880 avail Mem 
--
top - 14:26:49 up 104 days,  6:09,  0 users,  load average: 0.17, 0.30, 0.45
Tasks: 405 total,   1 running, 404 sleeping,   0 stopped,   0 zombie
%Cpu(s):  0.0 us,  0.0 sy,  0.0 ni,100.0 id,  0.0 wa,  0.0 hi,  0.0 si,  0.0 st
KiB Mem : 65877712 total, 53781828 free,  1369580 used, 10726304 buff/cache
KiB Swap: 33554428 total, 32097680 free,  1456748 used. 63346252 avail Mem 
--
top - 14:26:54 up 104 days,  6:09,  0 users,  load average: 0.16, 0.29, 0.44
Tasks: 405 total,   1 running, 404 sleeping,   0 stopped,   0 zombie
%Cpu(s):  0.0 us,  0.0 sy,  0.0 ni,100.0 id,  0.0 wa,  0.0 hi,  0.0 si,  0.0 st
KiB Mem : 65877712 total, 53782168 free,  1369240 used, 10726304 buff/cache
KiB Swap: 33554428 total, 32097680 free,  1456748 used. 63346592 avail Mem 
--
top - 14:26:59 up 104 days,  6:09,  0 users,  load average: 0.15, 0.29, 0.44
Tasks: 405 total,   1 running, 404 sleeping,   0 stopped,   0 zombie
%Cpu(s):  0.0 us,  0.0 sy,  0.0 ni, 99.9 id,  0.0 wa,  0.0 hi,  0.0 si,  0.0 st
KiB Mem : 65877712 total, 53781712 free,  1369696 used, 10726304 buff/cache
KiB Swap: 33554428 total, 32097680 free,  1456748 used. 63346136 avail Mem 
--
top - 14:27:04 up 104 days,  6:09,  0 users,  load average: 0.14, 0.28, 0.44
Tasks: 401 total,   1 running, 400 sleeping,   0 stopped,   0 zombie
%Cpu(s):  0.0 us,  0.0 sy,  0.0 ni,100.0 id,  0.0 wa,  0.0 hi,  0.0 si,  0.0 st
KiB Mem : 65877712 total, 53782240 free,  1369168 used, 10726304 buff/cache
KiB Swap: 33554428 total, 32097680 free,  1456748 used. 63346664 avail Mem 
--
top - 14:27:09 up 104 days,  6:09,  0 users,  load average: 0.12, 0.28, 0.44
Tasks: 401 total,   1 running, 400 sleeping,   0 stopped,   0 zombie
%Cpu(s):  0.0 us,  0.0 sy,  0.0 ni, 99.9 id,  0.0 wa,  0.0 hi,  0.0 si,  0.0 st
KiB Mem : 65877712 total, 53782752 free,  1368656 used, 10726304 buff/cache
KiB Swap: 33554428 total, 32097680 free,  1456748 used. 63347176 avail Mem 
--
top - 14:27:14 up 104 days,  6:09,  0 users,  load average: 0.12, 0.27, 0.43
Tasks: 401 total,   1 running, 400 sleeping,   0 stopped,   0 zombie
%Cpu(s):  0.0 us,  0.0 sy,  0.0 ni,100.0 id,  0.0 wa,  0.0 hi,  0.0 si,  0.0 st
KiB Mem : 65877712 total, 53782780 free,  1368628 used, 10726304 buff/cache
KiB Swap: 33554428 total, 32097680 free,  1456748 used. 63347204 avail Mem 
--
top - 14:27:19 up 104 days,  6:09,  0 users,  load average: 0.11, 0.27, 0.43
Tasks: 401 total,   1 running, 400 sleeping,   0 stopped,   0 zombie
%Cpu(s):  0.0 us,  0.0 sy,  0.0 ni,100.0 id,  0.0 wa,  0.0 hi,  0.0 si,  0.0 st
KiB Mem : 65877712 total, 53783020 free,  1368388 used, 10726304 buff/cache
KiB Swap: 33554428 total, 32097680 free,  1456748 used. 63347444 avail Mem 
--
top - 14:27:24 up 104 days,  6:09,  0 users,  load average: 0.10, 0.27, 0.43
Tasks: 401 total,   1 running, 400 sleeping,   0 stopped,   0 zombie
%Cpu(s):  0.0 us,  0.0 sy,  0.0 ni,100.0 id,  0.0 wa,  0.0 hi,  0.0 si,  0.0 st
KiB Mem : 65877712 total, 53782764 free,  1368644 used, 10726304 buff/cache
KiB Swap: 33554428 total, 32097680 free,  1456748 used. 63347188 avail Mem 
--
top - 14:27:29 up 104 days,  6:09,  0 users,  load average: 0.09, 0.26, 0.43
Tasks: 401 total,   1 running, 400 sleeping,   0 stopped,   0 zombie
%Cpu(s):  0.0 us,  0.0 sy,  0.0 ni,100.0 id,  0.0 wa,  0.0 hi,  0.0 si,  0.0 st
KiB Mem : 65877712 total, 53783152 free,  1368256 used, 10726304 buff/cache
KiB Swap: 33554428 total, 32097680 free,  1456748 used. 63347576 avail Mem 
--
top - 14:27:34 up 104 days,  6:09,  0 users,  load average: 0.08, 0.26, 0.42
Tasks: 401 total,   1 running, 400 sleeping,   0 stopped,   0 zombie
%Cpu(s):  0.0 us,  0.0 sy,  0.0 ni,100.0 id,  0.0 wa,  0.0 hi,  0.0 si,  0.0 st
KiB Mem : 65877712 total, 53782976 free,  1368428 used, 10726308 buff/cache
KiB Swap: 33554428 total, 32097680 free,  1456748 used. 63347400 avail Mem 
--
top - 14:27:39 up 104 days,  6:10,  0 users,  load average: 0.08, 0.25, 0.42
Tasks: 402 total,   1 running, 401 sleeping,   0 stopped,   0 zombie
%Cpu(s):  0.0 us,  0.0 sy,  0.0 ni, 99.9 id,  0.0 wa,  0.0 hi,  0.0 si,  0.0 st
KiB Mem : 65877712 total, 53783208 free,  1368196 used, 10726308 buff/cache
KiB Swap: 33554428 total, 32097680 free,  1456748 used. 63347636 avail Mem 
--
top - 14:27:44 up 104 days,  6:10,  0 users,  load average: 0.07, 0.25, 0.42
Tasks: 402 total,   1 running, 401 sleeping,   0 stopped,   0 zombie
%Cpu(s):  0.0 us,  0.0 sy,  0.0 ni, 99.9 id,  0.0 wa,  0.0 hi,  0.0 si,  0.0 st
KiB Mem : 65877712 total, 53783440 free,  1367964 used, 10726308 buff/cache
KiB Swap: 33554428 total, 32097680 free,  1456748 used. 63347868 avail Mem 
--
top - 14:27:49 up 104 days,  6:10,  0 users,  load average: 0.06, 0.24, 0.42
Tasks: 402 total,   1 running, 401 sleeping,   0 stopped,   0 zombie
%Cpu(s):  0.0 us,  0.0 sy,  0.0 ni, 99.9 id,  0.0 wa,  0.0 hi,  0.0 si,  0.0 st
KiB Mem : 65877712 total, 53783380 free,  1368024 used, 10726308 buff/cache
KiB Swap: 33554428 total, 32097680 free,  1456748 used. 63347808 avail Mem 
--
top - 14:27:54 up 104 days,  6:10,  0 users,  load average: 0.06, 0.24, 0.41
Tasks: 402 total,   1 running, 401 sleeping,   0 stopped,   0 zombie
%Cpu(s):  0.0 us,  0.0 sy,  0.0 ni, 99.9 id,  0.0 wa,  0.0 hi,  0.0 si,  0.0 st
KiB Mem : 65877712 total, 53781052 free,  1370352 used, 10726308 buff/cache
KiB Swap: 33554428 total, 32097680 free,  1456748 used. 63345480 avail Mem 
--
top - 14:27:59 up 104 days,  6:10,  0 users,  load average: 0.05, 0.23, 0.41
Tasks: 402 total,   1 running, 401 sleeping,   0 stopped,   0 zombie
%Cpu(s):  0.0 us,  0.0 sy,  0.0 ni,100.0 id,  0.0 wa,  0.0 hi,  0.0 si,  0.0 st
KiB Mem : 65877712 total, 53781824 free,  1369580 used, 10726308 buff/cache
KiB Swap: 33554428 total, 32097680 free,  1456748 used. 63346252 avail Mem 
--
top - 14:28:04 up 104 days,  6:10,  0 users,  load average: 0.05, 0.23, 0.41
Tasks: 406 total,   1 running, 405 sleeping,   0 stopped,   0 zombie
%Cpu(s):  0.4 us,  0.2 sy,  0.0 ni, 99.0 id,  0.4 wa,  0.0 hi,  0.0 si,  0.0 st
KiB Mem : 65877712 total, 53767888 free,  1383504 used, 10726320 buff/cache
KiB Swap: 33554428 total, 32097680 free,  1456748 used. 63332324 avail Mem 
--
top - 14:28:10 up 104 days,  6:10,  0 users,  load average: 0.04, 0.22, 0.41
Tasks: 404 total,   1 running, 403 sleeping,   0 stopped,   0 zombie
%Cpu(s):  0.0 us,  0.0 sy,  0.0 ni,100.0 id,  0.0 wa,  0.0 hi,  0.0 si,  0.0 st
KiB Mem : 65877712 total, 53768336 free,  1383056 used, 10726320 buff/cache
KiB Swap: 33554428 total, 32097680 free,  1456748 used. 63332772 avail Mem 
--
top - 14:28:15 up 104 days,  6:10,  0 users,  load average: 0.04, 0.22, 0.40
Tasks: 404 total,   1 running, 403 sleeping,   0 stopped,   0 zombie
%Cpu(s):  0.1 us,  0.1 sy,  0.0 ni, 99.8 id,  0.0 wa,  0.0 hi,  0.0 si,  0.0 st
KiB Mem : 65877712 total, 53694700 free,  1456692 used, 10726320 buff/cache
KiB Swap: 33554428 total, 32097680 free,  1456748 used. 63259136 avail Mem 
--
top - 14:28:20 up 104 days,  6:10,  0 users,  load average: 0.04, 0.22, 0.40
Tasks: 404 total,   1 running, 403 sleeping,   0 stopped,   0 zombie
%Cpu(s):  0.1 us,  0.1 sy,  0.0 ni, 99.8 id,  0.0 wa,  0.0 hi,  0.0 si,  0.0 st
KiB Mem : 65877712 total, 53572924 free,  1578468 used, 10726320 buff/cache
KiB Swap: 33554428 total, 32097680 free,  1456748 used. 63137360 avail Mem 
--
top - 14:28:25 up 104 days,  6:10,  0 users,  load average: 0.03, 0.21, 0.40
Tasks: 404 total,   1 running, 403 sleeping,   0 stopped,   0 zombie
%Cpu(s):  0.0 us,  0.0 sy,  0.0 ni,100.0 id,  0.0 wa,  0.0 hi,  0.0 si,  0.0 st
KiB Mem : 65877712 total, 53566976 free,  1584416 used, 10726320 buff/cache
KiB Swap: 33554428 total, 32097680 free,  1456748 used. 63131412 avail Mem 
--
top - 14:28:30 up 104 days,  6:10,  0 users,  load average: 0.67, 0.34, 0.44
Tasks: 402 total,   1 running, 401 sleeping,   0 stopped,   0 zombie
%Cpu(s):  3.5 us,  0.4 sy,  0.0 ni, 91.0 id,  5.2 wa,  0.0 hi,  0.0 si,  0.0 st
KiB Mem : 65877712 total, 53031136 free,  2120252 used, 10726324 buff/cache
KiB Swap: 33554428 total, 32097680 free,  1456748 used. 62595576 avail Mem 
--
top - 14:28:35 up 104 days,  6:10,  0 users,  load average: 1.18, 0.45, 0.48
Tasks: 403 total,   1 running, 402 sleeping,   0 stopped,   0 zombie
%Cpu(s):  0.8 us,  0.0 sy,  0.0 ni, 89.8 id,  9.3 wa,  0.0 hi,  0.0 si,  0.0 st
KiB Mem : 65877712 total, 53672048 free,  1479340 used, 10726324 buff/cache
KiB Swap: 33554428 total, 32097680 free,  1456748 used. 63236488 avail Mem 
--
top - 14:28:40 up 104 days,  6:11,  0 users,  load average: 1.08, 0.45, 0.47
Tasks: 403 total,   1 running, 402 sleeping,   0 stopped,   0 zombie
%Cpu(s):  0.0 us,  0.0 sy,  0.0 ni, 97.0 id,  2.9 wa,  0.0 hi,  0.0 si,  0.0 st
KiB Mem : 65877712 total, 53673360 free,  1478028 used, 10726324 buff/cache
KiB Swap: 33554428 total, 32097680 free,  1456748 used. 63237800 avail Mem 
--
top - 14:28:45 up 104 days,  6:11,  0 users,  load average: 1.00, 0.44, 0.47
Tasks: 403 total,   1 running, 402 sleeping,   0 stopped,   0 zombie
%Cpu(s):  0.0 us,  0.0 sy,  0.0 ni,100.0 id,  0.0 wa,  0.0 hi,  0.0 si,  0.0 st
KiB Mem : 65877712 total, 53672596 free,  1478792 used, 10726324 buff/cache
KiB Swap: 33554428 total, 32097680 free,  1456748 used. 63237036 avail Mem 
--
top - 14:28:50 up 104 days,  6:11,  0 users,  load average: 0.92, 0.43, 0.47
Tasks: 403 total,   1 running, 402 sleeping,   0 stopped,   0 zombie
%Cpu(s):  0.0 us,  0.0 sy,  0.0 ni, 99.9 id,  0.0 wa,  0.0 hi,  0.0 si,  0.0 st
KiB Mem : 65877712 total, 53673356 free,  1478032 used, 10726324 buff/cache
KiB Swap: 33554428 total, 32097680 free,  1456748 used. 63237796 avail Mem 
--
top - 14:28:55 up 104 days,  6:11,  0 users,  load average: 0.84, 0.42, 0.47
Tasks: 403 total,   1 running, 402 sleeping,   0 stopped,   0 zombie
%Cpu(s):  0.0 us,  0.0 sy,  0.0 ni, 99.9 id,  0.0 wa,  0.0 hi,  0.0 si,  0.0 st
KiB Mem : 65877712 total, 53673660 free,  1477728 used, 10726324 buff/cache
KiB Swap: 33554428 total, 32097680 free,  1456748 used. 63238100 avail Mem 
--
top - 14:29:00 up 104 days,  6:11,  0 users,  load average: 0.78, 0.42, 0.46
Tasks: 400 total,   1 running, 399 sleeping,   0 stopped,   0 zombie
%Cpu(s):  0.0 us,  0.0 sy,  0.0 ni, 99.9 id,  0.0 wa,  0.0 hi,  0.0 si,  0.0 st
KiB Mem : 65877712 total, 53673164 free,  1478224 used, 10726324 buff/cache
KiB Swap: 33554428 total, 32097680 free,  1456748 used. 63237604 avail Mem 
--
top - 14:29:05 up 104 days,  6:11,  0 users,  load average: 0.71, 0.41, 0.46
Tasks: 400 total,   1 running, 399 sleeping,   0 stopped,   0 zombie
%Cpu(s):  0.0 us,  0.0 sy,  0.0 ni, 99.9 id,  0.0 wa,  0.0 hi,  0.0 si,  0.0 st
KiB Mem : 65877712 total, 53674080 free,  1477308 used, 10726324 buff/cache
KiB Swap: 33554428 total, 32097680 free,  1456748 used. 63238520 avail Mem 
--
top - 14:29:10 up 104 days,  6:11,  0 users,  load average: 0.66, 0.40, 0.46
Tasks: 400 total,   1 running, 399 sleeping,   0 stopped,   0 zombie
%Cpu(s):  0.0 us,  0.0 sy,  0.0 ni, 99.9 id,  0.0 wa,  0.0 hi,  0.0 si,  0.0 st
KiB Mem : 65877712 total, 53674304 free,  1477084 used, 10726324 buff/cache
KiB Swap: 33554428 total, 32097680 free,  1456748 used. 63238744 avail Mem 
--
top - 14:29:15 up 104 days,  6:11,  0 users,  load average: 0.60, 0.40, 0.46
Tasks: 400 total,   1 running, 399 sleeping,   0 stopped,   0 zombie
%Cpu(s):  0.0 us,  0.0 sy,  0.0 ni,100.0 id,  0.0 wa,  0.0 hi,  0.0 si,  0.0 st
KiB Mem : 65877712 total, 53675116 free,  1476272 used, 10726324 buff/cache
KiB Swap: 33554428 total, 32097680 free,  1456748 used. 63239556 avail Mem 
--
top - 14:29:20 up 104 days,  6:11,  0 users,  load average: 0.56, 0.39, 0.45
Tasks: 400 total,   1 running, 399 sleeping,   0 stopped,   0 zombie
%Cpu(s):  0.0 us,  0.0 sy,  0.0 ni,100.0 id,  0.0 wa,  0.0 hi,  0.0 si,  0.0 st
KiB Mem : 65877712 total, 53675712 free,  1475676 used, 10726324 buff/cache
KiB Swap: 33554428 total, 32097680 free,  1456748 used. 63240152 avail Mem 
--
top - 14:29:25 up 104 days,  6:11,  0 users,  load average: 0.51, 0.38, 0.45
Tasks: 400 total,   1 running, 399 sleeping,   0 stopped,   0 zombie
%Cpu(s):  0.0 us,  0.0 sy,  0.0 ni,100.0 id,  0.0 wa,  0.0 hi,  0.0 si,  0.0 st
KiB Mem : 65877712 total, 53676172 free,  1475212 used, 10726328 buff/cache
KiB Swap: 33554428 total, 32097680 free,  1456748 used. 63240616 avail Mem 
--
top - 14:29:30 up 104 days,  6:11,  0 users,  load average: 0.47, 0.38, 0.45
Tasks: 400 total,   1 running, 399 sleeping,   0 stopped,   0 zombie
%Cpu(s):  0.0 us,  0.0 sy,  0.0 ni, 99.9 id,  0.0 wa,  0.0 hi,  0.0 si,  0.0 st
KiB Mem : 65877712 total, 53676808 free,  1474576 used, 10726328 buff/cache
KiB Swap: 33554428 total, 32097680 free,  1456748 used. 63241252 avail Mem 
--
top - 14:29:35 up 104 days,  6:11,  0 users,  load average: 0.43, 0.37, 0.45
Tasks: 400 total,   1 running, 399 sleeping,   0 stopped,   0 zombie
%Cpu(s):  0.0 us,  0.0 sy,  0.0 ni, 99.9 id,  0.0 wa,  0.0 hi,  0.0 si,  0.0 st
KiB Mem : 65877712 total, 53677248 free,  1474136 used, 10726328 buff/cache
KiB Swap: 33554428 total, 32097680 free,  1456748 used. 63241692 avail Mem 
--
top - 14:29:40 up 104 days,  6:12,  0 users,  load average: 0.40, 0.36, 0.44
Tasks: 400 total,   1 running, 399 sleeping,   0 stopped,   0 zombie
%Cpu(s):  0.0 us,  0.0 sy,  0.0 ni, 99.9 id,  0.0 wa,  0.0 hi,  0.0 si,  0.0 st
KiB Mem : 65877712 total, 53677612 free,  1473772 used, 10726328 buff/cache
KiB Swap: 33554428 total, 32097680 free,  1456748 used. 63242056 avail Mem 
--
top - 14:29:45 up 104 days,  6:12,  0 users,  load average: 0.37, 0.36, 0.44
Tasks: 400 total,   1 running, 399 sleeping,   0 stopped,   0 zombie
%Cpu(s):  0.0 us,  0.0 sy,  0.0 ni,100.0 id,  0.0 wa,  0.0 hi,  0.0 si,  0.0 st
KiB Mem : 65877712 total, 53677720 free,  1473664 used, 10726328 buff/cache
KiB Swap: 33554428 total, 32097680 free,  1456748 used. 63242164 avail Mem 
--
top - 14:29:50 up 104 days,  6:12,  0 users,  load average: 0.34, 0.35, 0.44
Tasks: 400 total,   2 running, 398 sleeping,   0 stopped,   0 zombie
%Cpu(s):  0.0 us,  0.0 sy,  0.0 ni, 99.9 id,  0.0 wa,  0.0 hi,  0.0 si,  0.0 st
KiB Mem : 65877712 total, 53677640 free,  1473744 used, 10726328 buff/cache
KiB Swap: 33554428 total, 32097696 free,  1456732 used. 63242084 avail Mem 
--
top - 14:29:55 up 104 days,  6:12,  0 users,  load average: 0.31, 0.35, 0.44
Tasks: 400 total,   1 running, 399 sleeping,   0 stopped,   0 zombie
%Cpu(s):  0.0 us,  0.0 sy,  0.0 ni, 99.9 id,  0.0 wa,  0.0 hi,  0.0 si,  0.0 st
KiB Mem : 65877712 total, 53675568 free,  1475816 used, 10726328 buff/cache
KiB Swap: 33554428 total, 32097696 free,  1456732 used. 63240012 avail Mem 
--
top - 14:30:00 up 104 days,  6:12,  0 users,  load average: 0.29, 0.34, 0.43
Tasks: 403 total,   1 running, 402 sleeping,   0 stopped,   0 zombie
%Cpu(s):  0.4 us,  0.2 sy,  0.0 ni, 99.2 id,  0.2 wa,  0.0 hi,  0.0 si,  0.0 st
KiB Mem : 65877712 total, 53663736 free,  1487648 used, 10726328 buff/cache
KiB Swap: 33554428 total, 32097696 free,  1456732 used. 63228180 avail Mem 
--
top - 14:30:05 up 104 days,  6:12,  0 users,  load average: 0.26, 0.34, 0.43
Tasks: 402 total,   1 running, 401 sleeping,   0 stopped,   0 zombie
%Cpu(s):  0.1 us,  0.1 sy,  0.0 ni, 99.7 id,  0.1 wa,  0.0 hi,  0.0 si,  0.0 st
KiB Mem : 65877712 total, 53665592 free,  1485784 used, 10726336 buff/cache
KiB Swap: 33554428 total, 32097696 free,  1456732 used. 63230044 avail Mem 
--
top - 14:30:10 up 104 days,  6:12,  0 users,  load average: 0.24, 0.33, 0.43
Tasks: 402 total,   1 running, 401 sleeping,   0 stopped,   0 zombie
%Cpu(s):  0.3 us,  0.2 sy,  0.0 ni, 99.4 id,  0.0 wa,  0.0 hi,  0.0 si,  0.0 st
KiB Mem : 65877712 total, 53304024 free,  1847352 used, 10726336 buff/cache
KiB Swap: 33554428 total, 32097696 free,  1456732 used. 62868476 avail Mem 
--
top - 14:30:15 up 104 days,  6:12,  0 users,  load average: 0.22, 0.32, 0.43
Tasks: 402 total,   1 running, 401 sleeping,   0 stopped,   0 zombie
%Cpu(s):  0.2 us,  0.1 sy,  0.0 ni, 99.7 id,  0.0 wa,  0.0 hi,  0.0 si,  0.0 st
KiB Mem : 65877712 total, 53104624 free,  2046748 used, 10726340 buff/cache
KiB Swap: 33554428 total, 32097696 free,  1456732 used. 62669076 avail Mem 
--
top - 14:30:20 up 104 days,  6:12,  0 users,  load average: 0.20, 0.32, 0.42
Tasks: 402 total,   1 running, 401 sleeping,   0 stopped,   0 zombie
%Cpu(s):  0.0 us,  0.0 sy,  0.0 ni, 99.9 id,  0.1 wa,  0.0 hi,  0.0 si,  0.0 st
KiB Mem : 65877712 total, 53146716 free,  2004656 used, 10726340 buff/cache
KiB Swap: 33554428 total, 32097696 free,  1456732 used. 62711168 avail Mem 
--
top - 14:30:25 up 104 days,  6:12,  0 users,  load average: 2.11, 0.71, 0.55
Tasks: 402 total,   1 running, 401 sleeping,   0 stopped,   0 zombie
%Cpu(s):  2.4 us,  0.9 sy,  0.0 ni, 96.7 id,  0.0 wa,  0.0 hi,  0.0 si,  0.0 st
KiB Mem : 65877712 total, 50272404 free,  4878968 used, 10726340 buff/cache
KiB Swap: 33554428 total, 32097696 free,  1456732 used. 59836860 avail Mem 
--
top - 14:30:30 up 104 days,  6:12,  0 users,  load average: 2.18, 0.75, 0.56
Tasks: 402 total,   1 running, 401 sleeping,   0 stopped,   0 zombie
%Cpu(s):  9.2 us,  0.2 sy,  0.0 ni, 90.6 id,  0.0 wa,  0.0 hi,  0.0 si,  0.0 st
KiB Mem : 65877712 total, 49158992 free,  5992380 used, 10726340 buff/cache
KiB Swap: 33554428 total, 32097696 free,  1456732 used. 58723448 avail Mem 
--
top - 14:30:35 up 104 days,  6:12,  0 users,  load average: 2.17, 0.77, 0.57
Tasks: 402 total,   1 running, 401 sleeping,   0 stopped,   0 zombie
%Cpu(s):  8.7 us,  0.0 sy,  0.0 ni, 91.2 id,  0.0 wa,  0.0 hi,  0.0 si,  0.0 st
KiB Mem : 65877712 total, 49957064 free,  5194308 used, 10726340 buff/cache
KiB Swap: 33554428 total, 32097696 free,  1456732 used. 59521520 avail Mem 
--
top - 14:30:40 up 104 days,  6:13,  0 users,  load average: 1.99, 0.76, 0.57
Tasks: 402 total,   1 running, 401 sleeping,   0 stopped,   0 zombie
%Cpu(s):  3.1 us,  0.1 sy,  0.0 ni, 96.8 id,  0.0 wa,  0.0 hi,  0.0 si,  0.0 st
KiB Mem : 65877712 total, 52968780 free,  2182592 used, 10726340 buff/cache
KiB Swap: 33554428 total, 32097696 free,  1456732 used. 62533232 avail Mem 
--
top - 14:30:45 up 104 days,  6:13,  0 users,  load average: 1.83, 0.75, 0.57
Tasks: 402 total,   1 running, 401 sleeping,   0 stopped,   0 zombie
%Cpu(s):  0.1 us,  0.0 sy,  0.0 ni, 99.9 id,  0.0 wa,  0.0 hi,  0.0 si,  0.0 st
KiB Mem : 65877712 total, 53231392 free,  1919980 used, 10726340 buff/cache
KiB Swap: 33554428 total, 32097696 free,  1456732 used. 62795848 avail Mem 
--
top - 14:30:50 up 104 days,  6:13,  0 users,  load average: 1.69, 0.73, 0.56
Tasks: 402 total,   1 running, 401 sleeping,   0 stopped,   0 zombie
%Cpu(s):  0.0 us,  0.0 sy,  0.0 ni, 99.9 id,  0.0 wa,  0.0 hi,  0.0 si,  0.0 st
KiB Mem : 65877712 total, 53232904 free,  1918468 used, 10726340 buff/cache
KiB Swap: 33554428 total, 32097696 free,  1456732 used. 62797360 avail Mem 
--
top - 14:30:55 up 104 days,  6:13,  0 users,  load average: 1.63, 0.74, 0.57
Tasks: 402 total,   1 running, 401 sleeping,   0 stopped,   0 zombie
%Cpu(s):  0.0 us,  0.0 sy,  0.0 ni, 99.9 id,  0.0 wa,  0.0 hi,  0.0 si,  0.0 st
KiB Mem : 65877712 total, 53232304 free,  1919068 used, 10726340 buff/cache
KiB Swap: 33554428 total, 32097696 free,  1456732 used. 62796760 avail Mem 
--
top - 14:31:00 up 104 days,  6:13,  0 users,  load average: 1.50, 0.73, 0.56
Tasks: 402 total,   1 running, 401 sleeping,   0 stopped,   0 zombie
%Cpu(s):  0.0 us,  0.0 sy,  0.0 ni,100.0 id,  0.0 wa,  0.0 hi,  0.0 si,  0.0 st
KiB Mem : 65877712 total, 53233832 free,  1917556 used, 10726324 buff/cache
KiB Swap: 33554428 total, 32097696 free,  1456732 used. 62798280 avail Mem 
--
top - 14:31:05 up 104 days,  6:13,  0 users,  load average: 1.38, 0.71, 0.56
Tasks: 402 total,   1 running, 401 sleeping,   0 stopped,   0 zombie
%Cpu(s):  0.0 us,  0.0 sy,  0.0 ni,100.0 id,  0.0 wa,  0.0 hi,  0.0 si,  0.0 st
KiB Mem : 65877712 total, 53234964 free,  1916424 used, 10726324 buff/cache
KiB Swap: 33554428 total, 32097696 free,  1456732 used. 62799412 avail Mem 
--
top - 14:31:10 up 104 days,  6:13,  0 users,  load average: 1.27, 0.70, 0.56
Tasks: 402 total,   1 running, 401 sleeping,   0 stopped,   0 zombie
%Cpu(s):  0.1 us,  0.0 sy,  0.0 ni, 99.9 id,  0.0 wa,  0.0 hi,  0.0 si,  0.0 st
KiB Mem : 65877712 total, 53235828 free,  1915556 used, 10726328 buff/cache
KiB Swap: 33554428 total, 32097696 free,  1456732 used. 62800276 avail Mem 
--
top - 14:31:15 up 104 days,  6:13,  0 users,  load average: 1.17, 0.69, 0.55
Tasks: 402 total,   1 running, 401 sleeping,   0 stopped,   0 zombie
%Cpu(s):  0.0 us,  0.0 sy,  0.0 ni,100.0 id,  0.0 wa,  0.0 hi,  0.0 si,  0.0 st
KiB Mem : 65877712 total, 53236672 free,  1914712 used, 10726328 buff/cache
KiB Swap: 33554428 total, 32097696 free,  1456732 used. 62801124 avail Mem 
--
top - 14:31:20 up 104 days,  6:13,  0 users,  load average: 1.07, 0.68, 0.55
Tasks: 402 total,   1 running, 401 sleeping,   0 stopped,   0 zombie
%Cpu(s):  0.0 us,  0.0 sy,  0.0 ni,100.0 id,  0.0 wa,  0.0 hi,  0.0 si,  0.0 st
KiB Mem : 65877712 total, 53237208 free,  1914176 used, 10726328 buff/cache
KiB Swap: 33554428 total, 32097696 free,  1456732 used. 62801660 avail Mem 
--
top - 14:31:25 up 104 days,  6:13,  0 users,  load average: 0.99, 0.67, 0.55
Tasks: 401 total,   1 running, 400 sleeping,   0 stopped,   0 zombie
%Cpu(s):  0.0 us,  0.0 sy,  0.0 ni, 99.9 id,  0.0 wa,  0.0 hi,  0.0 si,  0.0 st
KiB Mem : 65877712 total, 53237688 free,  1913696 used, 10726328 buff/cache
KiB Swap: 33554428 total, 32097696 free,  1456732 used. 62802140 avail Mem 
--
top - 14:31:30 up 104 days,  6:13,  0 users,  load average: 0.91, 0.66, 0.55
Tasks: 400 total,   1 running, 399 sleeping,   0 stopped,   0 zombie
%Cpu(s):  0.0 us,  0.0 sy,  0.0 ni, 99.9 id,  0.0 wa,  0.0 hi,  0.0 si,  0.0 st
KiB Mem : 65877712 total, 53238040 free,  1913344 used, 10726328 buff/cache
KiB Swap: 33554428 total, 32097696 free,  1456732 used. 62802492 avail Mem 
--
top - 14:31:35 up 104 days,  6:13,  0 users,  load average: 0.84, 0.65, 0.54
Tasks: 400 total,   1 running, 399 sleeping,   0 stopped,   0 zombie
%Cpu(s):  0.0 us,  0.0 sy,  0.0 ni,100.0 id,  0.0 wa,  0.0 hi,  0.0 si,  0.0 st
KiB Mem : 65877712 total, 53238840 free,  1912544 used, 10726328 buff/cache
KiB Swap: 33554428 total, 32097696 free,  1456732 used. 62803292 avail Mem 
--
top - 14:31:40 up 104 days,  6:14,  0 users,  load average: 0.77, 0.63, 0.54
Tasks: 400 total,   1 running, 399 sleeping,   0 stopped,   0 zombie
%Cpu(s):  0.0 us,  0.0 sy,  0.0 ni, 99.9 id,  0.0 wa,  0.0 hi,  0.0 si,  0.0 st
KiB Mem : 65877712 total, 53239172 free,  1912212 used, 10726328 buff/cache
KiB Swap: 33554428 total, 32097696 free,  1456732 used. 62803624 avail Mem 
--
top - 14:31:45 up 104 days,  6:14,  0 users,  load average: 0.71, 0.62, 0.54
Tasks: 400 total,   1 running, 399 sleeping,   0 stopped,   0 zombie
%Cpu(s):  0.0 us,  0.0 sy,  0.0 ni, 99.9 id,  0.0 wa,  0.0 hi,  0.0 si,  0.0 st
KiB Mem : 65877712 total, 53239792 free,  1911592 used, 10726328 buff/cache
KiB Swap: 33554428 total, 32097696 free,  1456732 used. 62804244 avail Mem 
--
top - 14:31:50 up 104 days,  6:14,  0 users,  load average: 0.65, 0.61, 0.53
Tasks: 400 total,   1 running, 399 sleeping,   0 stopped,   0 zombie
%Cpu(s):  0.0 us,  0.0 sy,  0.0 ni,100.0 id,  0.0 wa,  0.0 hi,  0.0 si,  0.0 st
KiB Mem : 65877712 total, 53239720 free,  1911664 used, 10726328 buff/cache
KiB Swap: 33554428 total, 32097696 free,  1456732 used. 62804172 avail Mem 
--
top - 14:31:55 up 104 days,  6:14,  0 users,  load average: 0.60, 0.60, 0.53
Tasks: 400 total,   1 running, 399 sleeping,   0 stopped,   0 zombie
%Cpu(s):  0.0 us,  0.0 sy,  0.0 ni, 99.9 id,  0.0 wa,  0.0 hi,  0.0 si,  0.0 st
KiB Mem : 65877712 total, 53238172 free,  1913212 used, 10726328 buff/cache
KiB Swap: 33554428 total, 32097696 free,  1456732 used. 62802624 avail Mem 
--
top - 14:32:00 up 104 days,  6:14,  0 users,  load average: 0.55, 0.59, 0.53
Tasks: 397 total,   1 running, 396 sleeping,   0 stopped,   0 zombie
%Cpu(s):  0.4 us,  0.2 sy,  0.0 ni, 99.0 id,  0.3 wa,  0.0 hi,  0.0 si,  0.0 st
KiB Mem : 65877712 total, 53224032 free,  1927352 used, 10726328 buff/cache
KiB Swap: 33554428 total, 32097696 free,  1456732 used. 62788484 avail Mem 
--
top - 14:32:05 up 104 days,  6:14,  0 users,  load average: 0.51, 0.58, 0.52
Tasks: 398 total,   1 running, 397 sleeping,   0 stopped,   0 zombie
%Cpu(s):  0.3 us,  0.3 sy,  0.0 ni, 99.4 id,  0.0 wa,  0.0 hi,  0.0 si,  0.0 st
KiB Mem : 65877712 total, 52949292 free,  2202088 used, 10726332 buff/cache
KiB Swap: 33554428 total, 32097696 free,  1456732 used. 62513748 avail Mem 
--
top - 14:32:10 up 104 days,  6:14,  0 users,  load average: 0.47, 0.57, 0.52
Tasks: 398 total,   1 running, 397 sleeping,   0 stopped,   0 zombie
%Cpu(s):  0.0 us,  0.0 sy,  0.0 ni, 99.9 id,  0.0 wa,  0.0 hi,  0.0 si,  0.0 st
KiB Mem : 65877712 total, 52863052 free,  2288328 used, 10726332 buff/cache
KiB Swap: 33554428 total, 32097696 free,  1456732 used. 62427508 avail Mem 
--
top - 14:32:15 up 104 days,  6:14,  0 users,  load average: 0.59, 0.60, 0.53
Tasks: 398 total,   1 running, 397 sleeping,   0 stopped,   0 zombie
%Cpu(s):  0.3 us,  0.2 sy,  0.0 ni, 99.4 id,  0.0 wa,  0.0 hi,  0.0 si,  0.0 st
KiB Mem : 65877712 total, 52506592 free,  2644788 used, 10726332 buff/cache
KiB Swap: 33554428 total, 32097696 free,  1456732 used. 62071048 avail Mem 
--
top - 14:32:21 up 104 days,  6:14,  0 users,  load average: 0.54, 0.59, 0.53
Tasks: 398 total,   1 running, 397 sleeping,   0 stopped,   0 zombie
%Cpu(s):  1.4 us,  0.6 sy,  0.0 ni, 97.9 id,  0.0 wa,  0.0 hi,  0.0 si,  0.0 st
KiB Mem : 65877712 total, 51381768 free,  3769612 used, 10726332 buff/cache
KiB Swap: 33554428 total, 32097696 free,  1456732 used. 60946224 avail Mem 
--
top - 14:32:26 up 104 days,  6:14,  0 users,  load average: 0.66, 0.61, 0.53
Tasks: 398 total,   1 running, 397 sleeping,   0 stopped,   0 zombie
%Cpu(s):  8.8 us,  0.5 sy,  0.0 ni, 90.6 id,  0.0 wa,  0.0 hi,  0.0 si,  0.0 st
KiB Mem : 65877712 total, 48254192 free,  6897188 used, 10726332 buff/cache
KiB Swap: 33554428 total, 32097696 free,  1456732 used. 57818648 avail Mem 
--
top - 14:32:31 up 104 days,  6:14,  0 users,  load average: 0.77, 0.63, 0.54
Tasks: 400 total,   1 running, 399 sleeping,   0 stopped,   0 zombie
%Cpu(s):  7.6 us,  0.1 sy,  0.0 ni, 92.2 id,  0.0 wa,  0.0 hi,  0.0 si,  0.0 st
KiB Mem : 65877712 total, 49796748 free,  5354632 used, 10726332 buff/cache
KiB Swap: 33554428 total, 32097696 free,  1456732 used. 59361204 avail Mem 
--
top - 14:32:36 up 104 days,  6:14,  0 users,  load average: 0.79, 0.64, 0.54
Tasks: 400 total,   1 running, 399 sleeping,   0 stopped,   0 zombie
%Cpu(s):  3.1 us,  0.0 sy,  0.0 ni, 96.8 id,  0.0 wa,  0.0 hi,  0.0 si,  0.0 st
KiB Mem : 65877712 total, 49797472 free,  5353908 used, 10726332 buff/cache
KiB Swap: 33554428 total, 32097696 free,  1456732 used. 59361928 avail Mem 
--
top - 14:32:41 up 104 days,  6:15,  0 users,  load average: 0.80, 0.65, 0.55
Tasks: 399 total,   1 running, 398 sleeping,   0 stopped,   0 zombie
%Cpu(s):  3.0 us,  0.1 sy,  0.0 ni, 96.9 id,  0.0 wa,  0.0 hi,  0.0 si,  0.0 st
KiB Mem : 65877712 total, 51928892 free,  3222488 used, 10726332 buff/cache
KiB Swap: 33554428 total, 32097696 free,  1456732 used. 61493344 avail Mem 
