10.149.0.55
2023/12/26 13:21:51 Master node address: http://10.149.0.60:8000
2023/12/26 13:21:51 Benchmarking worker...
2023/12/26 13:21:52 Worker registered (1821 MCUPS). Waiting for work...
2023/12/26 13:23:41 Got work. Start calculating alignments...
2023/12/26 13:23:41 Calculating 89 queries
2023/12/26 13:24:02 Done calculating alignments.
2023/12/26 13:24:02 Waiting for work...
2023/12/26 13:25:17 Got work. Start calculating alignments...
2023/12/26 13:25:17 Calculating 87 queries
2023/12/26 13:25:25 Done calculating alignments.
2023/12/26 13:25:25 Waiting for work...
2023/12/26 13:26:56 Got work. Start calculating alignments...
2023/12/26 13:26:56 Calculating 89 queries
2023/12/26 13:27:00 Done calculating alignments.
2023/12/26 13:27:00 Waiting for work...
2023/12/26 13:28:46 Got work. Start calculating alignments...
2023/12/26 13:28:46 Calculating 89 queries
2023/12/26 13:28:58 Done calculating alignments.
2023/12/26 13:28:58 Waiting for work...
2023/12/26 13:30:27 Got work. Start calculating alignments...
2023/12/26 13:30:27 Calculating 87 queries
2023/12/26 13:30:50 Done calculating alignments.
2023/12/26 13:30:50 Waiting for work...
slurmstepd: error: *** JOB 4751318 ON node055 CANCELLED AT 2023-12-26T13:30:50 ***
