10.149.0.68
2023/12/26 13:02:06 Master node address: http://10.149.0.60:8000
2023/12/26 13:02:06 Benchmarking worker...
2023/12/26 13:02:08 Worker registered (1796 MCUPS). Waiting for work...
2023/12/26 13:03:41 Got work. Start calculating alignments...
2023/12/26 13:03:41 Calculating 345 queries
2023/12/26 13:03:58 Done calculating alignments.
2023/12/26 13:03:58 Waiting for work...
2023/12/26 13:05:52 Got work. Start calculating alignments...
2023/12/26 13:05:52 Calculating 344 queries
2023/12/26 13:06:15 Done calculating alignments.
2023/12/26 13:06:15 Waiting for work...
2023/12/26 13:07:51 Got work. Start calculating alignments...
2023/12/26 13:07:51 Calculating 345 queries
2023/12/26 13:08:26 Done calculating alignments.
2023/12/26 13:08:26 Waiting for work...
2023/12/26 13:09:58 Got work. Start calculating alignments...
2023/12/26 13:09:58 Calculating 345 queries
2023/12/26 13:10:25 Done calculating alignments.
2023/12/26 13:10:25 Waiting for work...
2023/12/26 13:11:57 Got work. Start calculating alignments...
2023/12/26 13:11:57 Calculating 344 queries
2023/12/26 13:12:37 Done calculating alignments.
2023/12/26 13:12:37 Waiting for work...
slurmstepd: error: *** JOB 4751300 ON node068 CANCELLED AT 2023-12-26T13:12:37 ***
