10.149.0.41
2023/12/26 13:30:55 Master node address: http://10.149.0.54:8000
2023/12/26 13:30:55 Benchmarking worker...
2023/12/26 13:30:56 Worker registered (1771 MCUPS). Waiting for work...
2023/12/26 13:32:28 Got work. Start calculating alignments...
2023/12/26 13:32:28 Calculating 43 queries
2023/12/26 13:32:41 Done calculating alignments.
2023/12/26 13:32:41 Waiting for work...
2023/12/26 13:34:21 Got work. Start calculating alignments...
2023/12/26 13:34:21 Calculating 43 queries
2023/12/26 13:34:31 Done calculating alignments.
2023/12/26 13:34:31 Waiting for work...
2023/12/26 13:36:06 Got work. Start calculating alignments...
2023/12/26 13:36:06 Calculating 43 queries
2023/12/26 13:36:19 Done calculating alignments.
2023/12/26 13:36:19 Waiting for work...
2023/12/26 13:37:52 Got work. Start calculating alignments...
2023/12/26 13:37:52 Calculating 43 queries
2023/12/26 13:38:08 Done calculating alignments.
2023/12/26 13:38:08 Waiting for work...
2023/12/26 13:39:35 Got work. Start calculating alignments...
2023/12/26 13:39:35 Calculating 43 queries
2023/12/26 13:39:55 Done calculating alignments.
2023/12/26 13:39:55 Waiting for work...
slurmstepd: error: *** JOB 4751345 ON node041 CANCELLED AT 2023-12-26T13:39:59 ***
