10.149.0.33
2023/12/26 14:23:05 Master node address: http://10.149.0.62:8000
2023/12/26 14:23:05 Benchmarking worker...
2023/12/26 14:23:06 Worker registered (1812 MCUPS). Waiting for work...
2023/12/26 14:24:55 Got work. Start calculating alignments...
2023/12/26 14:24:55 Calculating 44 queries
2023/12/26 14:25:16 Done calculating alignments.
2023/12/26 14:25:16 Waiting for work...
2023/12/26 14:26:34 Got work. Start calculating alignments...
2023/12/26 14:26:34 Calculating 44 queries
2023/12/26 14:26:46 Done calculating alignments.
2023/12/26 14:26:46 Waiting for work...
2023/12/26 14:28:29 Got work. Start calculating alignments...
2023/12/26 14:28:29 Calculating 43 queries
2023/12/26 14:28:49 Done calculating alignments.
2023/12/26 14:28:49 Waiting for work...
2023/12/26 14:30:20 Got work. Start calculating alignments...
2023/12/26 14:30:20 Calculating 43 queries
2023/12/26 14:30:22 Done calculating alignments.
2023/12/26 14:30:22 Waiting for work...
2023/12/26 14:32:20 Got work. Start calculating alignments...
2023/12/26 14:32:20 Calculating 44 queries
2023/12/26 14:32:41 Done calculating alignments.
2023/12/26 14:32:41 Waiting for work...
slurmstepd: error: *** JOB 4751406 ON node033 CANCELLED AT 2023-12-26T14:32:41 ***
