Job id: 4751372
Worker ip: 10.149.0.60
Master ip: 10.149.0.55
--
top - 14:03:07 up 104 days,  5:46,  0 users,  load average: 0.00, 0.35, 0.87
Tasks: 394 total,   1 running, 393 sleeping,   0 stopped,   0 zombie
%Cpu(s):  3.8 us,  5.3 sy,  0.0 ni, 90.7 id,  0.0 wa,  0.0 hi,  0.2 si,  0.0 st
KiB Mem : 65877692 total, 54135744 free,  1258352 used, 10483596 buff/cache
KiB Swap: 33554428 total, 31902060 free,  1652368 used. 63442992 avail Mem 
--
top - 14:03:12 up 104 days,  5:47,  0 users,  load average: 0.00, 0.35, 0.86
Tasks: 397 total,   1 running, 396 sleeping,   0 stopped,   0 zombie
%Cpu(s):  1.6 us,  0.3 sy,  0.0 ni, 98.1 id,  0.0 wa,  0.0 hi,  0.0 si,  0.0 st
KiB Mem : 65877692 total, 54115360 free,  1272332 used, 10490000 buff/cache
KiB Swap: 33554428 total, 31902060 free,  1652368 used. 63429080 avail Mem 
--
top - 14:03:17 up 104 days,  5:47,  0 users,  load average: 0.00, 0.34, 0.86
Tasks: 397 total,   1 running, 396 sleeping,   0 stopped,   0 zombie
%Cpu(s):  0.0 us,  0.0 sy,  0.0 ni,100.0 id,  0.0 wa,  0.0 hi,  0.0 si,  0.0 st
KiB Mem : 65877692 total, 54117060 free,  1270632 used, 10490000 buff/cache
KiB Swap: 33554428 total, 31902060 free,  1652368 used. 63430780 avail Mem 
--
top - 14:03:22 up 104 days,  5:47,  0 users,  load average: 0.00, 0.34, 0.85
Tasks: 397 total,   1 running, 396 sleeping,   0 stopped,   0 zombie
%Cpu(s):  0.0 us,  0.0 sy,  0.0 ni, 99.9 id,  0.0 wa,  0.0 hi,  0.0 si,  0.0 st
KiB Mem : 65877692 total, 54117588 free,  1270104 used, 10490000 buff/cache
KiB Swap: 33554428 total, 31902060 free,  1652368 used. 63431308 avail Mem 
--
top - 14:03:27 up 104 days,  5:47,  0 users,  load average: 0.00, 0.33, 0.85
Tasks: 397 total,   1 running, 396 sleeping,   0 stopped,   0 zombie
%Cpu(s):  0.0 us,  0.0 sy,  0.0 ni,100.0 id,  0.0 wa,  0.0 hi,  0.0 si,  0.0 st
KiB Mem : 65877692 total, 54118028 free,  1269664 used, 10490000 buff/cache
KiB Swap: 33554428 total, 31902060 free,  1652368 used. 63431748 avail Mem 
--
top - 14:03:32 up 104 days,  5:47,  0 users,  load average: 0.00, 0.33, 0.84
Tasks: 398 total,   1 running, 397 sleeping,   0 stopped,   0 zombie
%Cpu(s):  0.0 us,  0.0 sy,  0.0 ni,100.0 id,  0.0 wa,  0.0 hi,  0.0 si,  0.0 st
KiB Mem : 65877692 total, 54118028 free,  1269664 used, 10490000 buff/cache
KiB Swap: 33554428 total, 31902060 free,  1652368 used. 63431748 avail Mem 
--
top - 14:03:37 up 104 days,  5:47,  0 users,  load average: 0.00, 0.32, 0.84
Tasks: 398 total,   1 running, 397 sleeping,   0 stopped,   0 zombie
%Cpu(s):  0.0 us,  0.0 sy,  0.0 ni, 99.9 id,  0.1 wa,  0.0 hi,  0.0 si,  0.0 st
KiB Mem : 65877692 total, 54118152 free,  1269540 used, 10490000 buff/cache
KiB Swap: 33554428 total, 31902060 free,  1652368 used. 63431872 avail Mem 
--
top - 14:03:42 up 104 days,  5:47,  0 users,  load average: 0.00, 0.31, 0.83
Tasks: 398 total,   1 running, 397 sleeping,   0 stopped,   0 zombie
%Cpu(s):  0.0 us,  0.0 sy,  0.0 ni,100.0 id,  0.0 wa,  0.0 hi,  0.0 si,  0.0 st
KiB Mem : 65877692 total, 54118152 free,  1269540 used, 10490000 buff/cache
KiB Swap: 33554428 total, 31902060 free,  1652368 used. 63431872 avail Mem 
--
top - 14:03:47 up 104 days,  5:47,  0 users,  load average: 0.00, 0.31, 0.83
Tasks: 398 total,   1 running, 397 sleeping,   0 stopped,   0 zombie
%Cpu(s):  0.0 us,  0.0 sy,  0.0 ni,100.0 id,  0.0 wa,  0.0 hi,  0.0 si,  0.0 st
KiB Mem : 65877692 total, 54118748 free,  1268944 used, 10490000 buff/cache
KiB Swap: 33554428 total, 31902060 free,  1652368 used. 63432468 avail Mem 
--
top - 14:03:52 up 104 days,  5:47,  0 users,  load average: 0.00, 0.30, 0.83
Tasks: 398 total,   1 running, 397 sleeping,   0 stopped,   0 zombie
%Cpu(s):  0.0 us,  0.0 sy,  0.0 ni,100.0 id,  0.0 wa,  0.0 hi,  0.0 si,  0.0 st
KiB Mem : 65877692 total, 54118416 free,  1269276 used, 10490000 buff/cache
KiB Swap: 33554428 total, 31902060 free,  1652368 used. 63432136 avail Mem 
--
top - 14:03:57 up 104 days,  5:47,  0 users,  load average: 0.00, 0.30, 0.82
Tasks: 398 total,   1 running, 397 sleeping,   0 stopped,   0 zombie
%Cpu(s):  0.0 us,  0.0 sy,  0.0 ni,100.0 id,  0.0 wa,  0.0 hi,  0.0 si,  0.0 st
KiB Mem : 65877692 total, 54119848 free,  1267844 used, 10490000 buff/cache
KiB Swap: 33554428 total, 31902060 free,  1652368 used. 63433568 avail Mem 
--
top - 14:04:02 up 104 days,  5:47,  0 users,  load average: 0.00, 0.29, 0.82
Tasks: 398 total,   1 running, 397 sleeping,   0 stopped,   0 zombie
%Cpu(s):  0.4 us,  0.2 sy,  0.0 ni, 99.0 id,  0.3 wa,  0.0 hi,  0.0 si,  0.0 st
KiB Mem : 65877692 total, 54115020 free,  1272612 used, 10490060 buff/cache
KiB Swap: 33554428 total, 31902060 free,  1652368 used. 63428744 avail Mem 
--
top - 14:04:07 up 104 days,  5:48,  0 users,  load average: 0.00, 0.29, 0.81
Tasks: 398 total,   1 running, 397 sleeping,   0 stopped,   0 zombie
%Cpu(s):  0.0 us,  0.0 sy,  0.0 ni,100.0 id,  0.0 wa,  0.0 hi,  0.0 si,  0.0 st
KiB Mem : 65877692 total, 54115916 free,  1271772 used, 10490004 buff/cache
KiB Swap: 33554428 total, 31902060 free,  1652368 used. 63429640 avail Mem 
--
top - 14:04:12 up 104 days,  5:48,  0 users,  load average: 0.00, 0.28, 0.81
Tasks: 398 total,   1 running, 397 sleeping,   0 stopped,   0 zombie
%Cpu(s):  0.0 us,  0.0 sy,  0.0 ni,100.0 id,  0.0 wa,  0.0 hi,  0.0 si,  0.0 st
KiB Mem : 65877692 total, 54116164 free,  1271524 used, 10490004 buff/cache
KiB Swap: 33554428 total, 31902060 free,  1652368 used. 63429888 avail Mem 
--
top - 14:04:17 up 104 days,  5:48,  0 users,  load average: 0.00, 0.28, 0.80
Tasks: 398 total,   1 running, 397 sleeping,   0 stopped,   0 zombie
%Cpu(s):  0.0 us,  0.0 sy,  0.0 ni,100.0 id,  0.0 wa,  0.0 hi,  0.0 si,  0.0 st
KiB Mem : 65877692 total, 54116796 free,  1270892 used, 10490004 buff/cache
KiB Swap: 33554428 total, 31902060 free,  1652368 used. 63430520 avail Mem 
--
top - 14:04:22 up 104 days,  5:48,  0 users,  load average: 0.00, 0.27, 0.80
Tasks: 398 total,   1 running, 397 sleeping,   0 stopped,   0 zombie
%Cpu(s):  0.0 us,  0.0 sy,  0.0 ni, 99.9 id,  0.0 wa,  0.0 hi,  0.0 si,  0.0 st
KiB Mem : 65877692 total, 54116832 free,  1270856 used, 10490004 buff/cache
KiB Swap: 33554428 total, 31902060 free,  1652368 used. 63430556 avail Mem 
--
top - 14:04:27 up 104 days,  5:48,  0 users,  load average: 0.00, 0.27, 0.80
Tasks: 398 total,   1 running, 397 sleeping,   0 stopped,   0 zombie
%Cpu(s):  0.0 us,  0.0 sy,  0.0 ni, 99.9 id,  0.0 wa,  0.0 hi,  0.0 si,  0.0 st
KiB Mem : 65877692 total, 54104712 free,  1282976 used, 10490004 buff/cache
KiB Swap: 33554428 total, 31902060 free,  1652368 used. 63418436 avail Mem 
--
top - 14:04:32 up 104 days,  5:48,  0 users,  load average: 0.00, 0.27, 0.79
Tasks: 398 total,   1 running, 397 sleeping,   0 stopped,   0 zombie
%Cpu(s):  0.3 us,  0.2 sy,  0.0 ni, 99.5 id,  0.0 wa,  0.0 hi,  0.0 si,  0.0 st
KiB Mem : 65877692 total, 53432748 free,  1954940 used, 10490004 buff/cache
KiB Swap: 33554428 total, 31902060 free,  1652368 used. 62746472 avail Mem 
--
top - 14:04:37 up 104 days,  5:48,  0 users,  load average: 0.00, 0.26, 0.79
Tasks: 398 total,   1 running, 397 sleeping,   0 stopped,   0 zombie
%Cpu(s):  0.2 us,  0.2 sy,  0.0 ni, 99.6 id,  0.0 wa,  0.0 hi,  0.0 si,  0.0 st
KiB Mem : 65877692 total, 53233508 free,  2154180 used, 10490004 buff/cache
KiB Swap: 33554428 total, 31902060 free,  1652368 used. 62547232 avail Mem 
--
top - 14:04:42 up 104 days,  5:48,  0 users,  load average: 0.00, 0.26, 0.78
Tasks: 398 total,   1 running, 397 sleeping,   0 stopped,   0 zombie
%Cpu(s):  0.2 us,  0.1 sy,  0.0 ni, 99.6 id,  0.0 wa,  0.0 hi,  0.0 si,  0.0 st
KiB Mem : 65877692 total, 52901204 free,  2486484 used, 10490004 buff/cache
KiB Swap: 33554428 total, 31902060 free,  1652368 used. 62214928 avail Mem 
--
top - 14:04:47 up 104 days,  5:48,  0 users,  load average: 1.20, 0.50, 0.86
Tasks: 398 total,   2 running, 396 sleeping,   0 stopped,   0 zombie
%Cpu(s): 17.8 us,  1.2 sy,  0.0 ni, 81.0 id,  0.0 wa,  0.0 hi,  0.0 si,  0.0 st
KiB Mem : 65877692 total, 47616572 free,  7771116 used, 10490004 buff/cache
KiB Swap: 33554428 total, 31902060 free,  1652368 used. 56930296 avail Mem 
--
top - 14:04:52 up 104 days,  5:48,  0 users,  load average: 1.43, 0.56, 0.88
Tasks: 398 total,   1 running, 397 sleeping,   0 stopped,   0 zombie
%Cpu(s): 13.3 us,  0.0 sy,  0.0 ni, 86.7 id,  0.0 wa,  0.0 hi,  0.0 si,  0.0 st
KiB Mem : 65877692 total, 48904860 free,  6482828 used, 10490004 buff/cache
KiB Swap: 33554428 total, 31902060 free,  1652368 used. 58218584 avail Mem 
--
top - 14:04:57 up 104 days,  5:48,  0 users,  load average: 1.47, 0.58, 0.88
Tasks: 398 total,   1 running, 397 sleeping,   0 stopped,   0 zombie
%Cpu(s):  4.7 us,  0.2 sy,  0.0 ni, 95.2 id,  0.0 wa,  0.0 hi,  0.0 si,  0.0 st
KiB Mem : 65877692 total, 52841452 free,  2546232 used, 10490008 buff/cache
KiB Swap: 33554428 total, 31902060 free,  1652368 used. 62155172 avail Mem 
--
top - 14:05:02 up 104 days,  5:48,  0 users,  load average: 1.36, 0.57, 0.88
Tasks: 398 total,   1 running, 397 sleeping,   0 stopped,   0 zombie
%Cpu(s):  0.0 us,  0.1 sy,  0.0 ni, 99.9 id,  0.0 wa,  0.0 hi,  0.0 si,  0.0 st
KiB Mem : 65877692 total, 53316256 free,  2071428 used, 10490008 buff/cache
KiB Swap: 33554428 total, 31902060 free,  1652368 used. 62629976 avail Mem 
--
top - 14:05:07 up 104 days,  5:49,  0 users,  load average: 1.25, 0.56, 0.87
Tasks: 396 total,   1 running, 395 sleeping,   0 stopped,   0 zombie
%Cpu(s):  0.0 us,  0.0 sy,  0.0 ni,100.0 id,  0.0 wa,  0.0 hi,  0.0 si,  0.0 st
KiB Mem : 65877692 total, 53318716 free,  2068968 used, 10490008 buff/cache
KiB Swap: 33554428 total, 31902060 free,  1652368 used. 62632444 avail Mem 
--
top - 14:05:12 up 104 days,  5:49,  0 users,  load average: 1.15, 0.56, 0.87
Tasks: 396 total,   1 running, 395 sleeping,   0 stopped,   0 zombie
%Cpu(s):  0.0 us,  0.0 sy,  0.0 ni,100.0 id,  0.0 wa,  0.0 hi,  0.0 si,  0.0 st
KiB Mem : 65877692 total, 53318840 free,  2068844 used, 10490008 buff/cache
KiB Swap: 33554428 total, 31902060 free,  1652368 used. 62632568 avail Mem 
--
top - 14:05:17 up 104 days,  5:49,  0 users,  load average: 1.06, 0.55, 0.86
Tasks: 396 total,   1 running, 395 sleeping,   0 stopped,   0 zombie
%Cpu(s):  0.0 us,  0.0 sy,  0.0 ni,100.0 id,  0.0 wa,  0.0 hi,  0.0 si,  0.0 st
KiB Mem : 65877692 total, 53319552 free,  2068132 used, 10490008 buff/cache
KiB Swap: 33554428 total, 31902060 free,  1652368 used. 62633280 avail Mem 
--
top - 14:05:22 up 104 days,  5:49,  0 users,  load average: 0.97, 0.54, 0.86
Tasks: 396 total,   1 running, 395 sleeping,   0 stopped,   0 zombie
%Cpu(s):  0.0 us,  0.0 sy,  0.0 ni, 99.9 id,  0.0 wa,  0.0 hi,  0.0 si,  0.0 st
KiB Mem : 65877692 total, 53319856 free,  2067828 used, 10490008 buff/cache
KiB Swap: 33554428 total, 31902060 free,  1652368 used. 62633584 avail Mem 
--
top - 14:05:27 up 104 days,  5:49,  0 users,  load average: 0.89, 0.53, 0.85
Tasks: 396 total,   1 running, 395 sleeping,   0 stopped,   0 zombie
%Cpu(s):  0.0 us,  0.0 sy,  0.0 ni,100.0 id,  0.0 wa,  0.0 hi,  0.0 si,  0.0 st
KiB Mem : 65877692 total, 53321436 free,  2066248 used, 10490008 buff/cache
KiB Swap: 33554428 total, 31902060 free,  1652368 used. 62635164 avail Mem 
--
top - 14:05:32 up 104 days,  5:49,  0 users,  load average: 0.82, 0.52, 0.85
Tasks: 396 total,   1 running, 395 sleeping,   0 stopped,   0 zombie
%Cpu(s):  0.0 us,  0.0 sy,  0.0 ni,100.0 id,  0.0 wa,  0.0 hi,  0.0 si,  0.0 st
KiB Mem : 65877692 total, 53321436 free,  2066248 used, 10490008 buff/cache
KiB Swap: 33554428 total, 31902060 free,  1652368 used. 62635164 avail Mem 
--
top - 14:05:37 up 104 days,  5:49,  0 users,  load average: 0.76, 0.51, 0.84
Tasks: 397 total,   1 running, 396 sleeping,   0 stopped,   0 zombie
%Cpu(s):  0.0 us,  0.0 sy,  0.0 ni,100.0 id,  0.0 wa,  0.0 hi,  0.0 si,  0.0 st
KiB Mem : 65877692 total, 53321652 free,  2066032 used, 10490008 buff/cache
KiB Swap: 33554428 total, 31902060 free,  1652368 used. 62635380 avail Mem 
--
top - 14:05:42 up 104 days,  5:49,  0 users,  load average: 0.70, 0.50, 0.84
Tasks: 395 total,   1 running, 394 sleeping,   0 stopped,   0 zombie
%Cpu(s):  0.0 us,  0.0 sy,  0.0 ni,100.0 id,  0.0 wa,  0.0 hi,  0.0 si,  0.0 st
KiB Mem : 65877692 total, 53321776 free,  2065908 used, 10490008 buff/cache
KiB Swap: 33554428 total, 31902060 free,  1652368 used. 62635504 avail Mem 
--
top - 14:05:48 up 104 days,  5:49,  0 users,  load average: 0.64, 0.49, 0.84
Tasks: 395 total,   1 running, 394 sleeping,   0 stopped,   0 zombie
%Cpu(s):  0.0 us,  0.0 sy,  0.0 ni,100.0 id,  0.0 wa,  0.0 hi,  0.0 si,  0.0 st
KiB Mem : 65877692 total, 53322556 free,  2065128 used, 10490008 buff/cache
KiB Swap: 33554428 total, 31902060 free,  1652368 used. 62636284 avail Mem 
--
top - 14:05:53 up 104 days,  5:49,  0 users,  load average: 0.59, 0.49, 0.83
Tasks: 395 total,   1 running, 394 sleeping,   0 stopped,   0 zombie
%Cpu(s):  0.0 us,  0.0 sy,  0.0 ni, 99.9 id,  0.0 wa,  0.0 hi,  0.0 si,  0.0 st
KiB Mem : 65877692 total, 53322912 free,  2064768 used, 10490012 buff/cache
KiB Swap: 33554428 total, 31902060 free,  1652368 used. 62636644 avail Mem 
--
top - 14:05:58 up 104 days,  5:49,  0 users,  load average: 0.54, 0.48, 0.83
Tasks: 396 total,   1 running, 395 sleeping,   0 stopped,   0 zombie
%Cpu(s):  0.0 us,  0.0 sy,  0.0 ni, 94.5 id,  5.5 wa,  0.0 hi,  0.0 si,  0.0 st
KiB Mem : 65877692 total, 53323936 free,  2063744 used, 10490012 buff/cache
KiB Swap: 33554428 total, 31902060 free,  1652368 used. 62637668 avail Mem 
--
top - 14:06:03 up 104 days,  5:49,  0 users,  load average: 1.06, 0.59, 0.86
Tasks: 396 total,   1 running, 395 sleeping,   0 stopped,   0 zombie
%Cpu(s):  0.4 us,  0.2 sy,  0.0 ni, 89.7 id,  9.7 wa,  0.0 hi,  0.0 si,  0.0 st
KiB Mem : 65877692 total, 53312240 free,  2075432 used, 10490020 buff/cache
KiB Swap: 33554428 total, 31902060 free,  1652368 used. 62625976 avail Mem 
--
top - 14:06:08 up 104 days,  5:50,  0 users,  load average: 1.61, 0.71, 0.90
Tasks: 399 total,   1 running, 398 sleeping,   0 stopped,   0 zombie
%Cpu(s):  0.0 us,  0.0 sy,  0.0 ni, 97.7 id,  2.3 wa,  0.0 hi,  0.0 si,  0.0 st
KiB Mem : 65877692 total, 53314244 free,  2073428 used, 10490020 buff/cache
KiB Swap: 33554428 total, 31902060 free,  1652368 used. 62627980 avail Mem 
--
top - 14:06:13 up 104 days,  5:50,  0 users,  load average: 1.48, 0.70, 0.89
Tasks: 399 total,   1 running, 398 sleeping,   0 stopped,   0 zombie
%Cpu(s):  0.0 us,  0.0 sy,  0.0 ni,100.0 id,  0.0 wa,  0.0 hi,  0.0 si,  0.0 st
KiB Mem : 65877692 total, 53316880 free,  2070792 used, 10490020 buff/cache
KiB Swap: 33554428 total, 31902060 free,  1652368 used. 62630616 avail Mem 
--
top - 14:06:18 up 104 days,  5:50,  0 users,  load average: 1.37, 0.68, 0.89
Tasks: 399 total,   1 running, 398 sleeping,   0 stopped,   0 zombie
%Cpu(s):  0.0 us,  0.0 sy,  0.0 ni,100.0 id,  0.0 wa,  0.0 hi,  0.0 si,  0.0 st
KiB Mem : 65877692 total, 53317108 free,  2070564 used, 10490020 buff/cache
KiB Swap: 33554428 total, 31902060 free,  1652368 used. 62630844 avail Mem 
--
top - 14:06:23 up 104 days,  5:50,  0 users,  load average: 1.26, 0.67, 0.88
Tasks: 399 total,   1 running, 398 sleeping,   0 stopped,   0 zombie
%Cpu(s):  0.0 us,  0.0 sy,  0.0 ni, 99.9 id,  0.0 wa,  0.0 hi,  0.0 si,  0.0 st
KiB Mem : 65877692 total, 53317100 free,  2070572 used, 10490020 buff/cache
KiB Swap: 33554428 total, 31902060 free,  1652368 used. 62630836 avail Mem 
--
top - 14:06:28 up 104 days,  5:50,  0 users,  load average: 1.16, 0.66, 0.88
Tasks: 399 total,   1 running, 398 sleeping,   0 stopped,   0 zombie
%Cpu(s):  0.0 us,  0.0 sy,  0.0 ni,100.0 id,  0.0 wa,  0.0 hi,  0.0 si,  0.0 st
KiB Mem : 65877692 total, 53318228 free,  2069444 used, 10490020 buff/cache
KiB Swap: 33554428 total, 31902060 free,  1652368 used. 62631964 avail Mem 
--
top - 14:06:33 up 104 days,  5:50,  0 users,  load average: 1.06, 0.65, 0.87
Tasks: 399 total,   1 running, 398 sleeping,   0 stopped,   0 zombie
%Cpu(s):  0.0 us,  0.0 sy,  0.0 ni, 99.9 id,  0.0 wa,  0.0 hi,  0.0 si,  0.0 st
KiB Mem : 65877692 total, 53304588 free,  2083084 used, 10490020 buff/cache
KiB Swap: 33554428 total, 31902060 free,  1652368 used. 62618324 avail Mem 
--
top - 14:06:38 up 104 days,  5:50,  0 users,  load average: 0.98, 0.64, 0.87
Tasks: 399 total,   1 running, 398 sleeping,   0 stopped,   0 zombie
%Cpu(s):  0.3 us,  0.3 sy,  0.0 ni, 99.4 id,  0.0 wa,  0.0 hi,  0.0 si,  0.0 st
KiB Mem : 65877692 total, 52891944 free,  2495728 used, 10490020 buff/cache
KiB Swap: 33554428 total, 31902060 free,  1652368 used. 62205680 avail Mem 
--
top - 14:06:43 up 104 days,  5:50,  0 users,  load average: 0.90, 0.63, 0.86
Tasks: 399 total,   1 running, 398 sleeping,   0 stopped,   0 zombie
%Cpu(s):  0.2 us,  0.2 sy,  0.0 ni, 99.5 id,  0.0 wa,  0.0 hi,  0.0 si,  0.0 st
KiB Mem : 65877692 total, 52700236 free,  2687436 used, 10490020 buff/cache
KiB Swap: 33554428 total, 31902060 free,  1652368 used. 62013972 avail Mem 
--
top - 14:06:48 up 104 days,  5:50,  0 users,  load average: 0.91, 0.64, 0.86
Tasks: 399 total,   1 running, 398 sleeping,   0 stopped,   0 zombie
%Cpu(s):  0.4 us,  0.3 sy,  0.0 ni, 99.2 id,  0.0 wa,  0.0 hi,  0.0 si,  0.0 st
KiB Mem : 65877692 total, 52032536 free,  3355132 used, 10490024 buff/cache
KiB Swap: 33554428 total, 31902060 free,  1652368 used. 61346276 avail Mem 
--
top - 14:06:53 up 104 days,  5:50,  0 users,  load average: 0.83, 0.63, 0.86
Tasks: 399 total,   1 running, 398 sleeping,   0 stopped,   0 zombie
%Cpu(s):  0.3 us,  0.2 sy,  0.0 ni, 99.4 id,  0.0 wa,  0.0 hi,  0.0 si,  0.0 st
KiB Mem : 65877692 total, 51706556 free,  3681112 used, 10490024 buff/cache
KiB Swap: 33554428 total, 31902060 free,  1652368 used. 61020296 avail Mem 
--
top - 14:06:58 up 104 days,  5:50,  0 users,  load average: 0.77, 0.62, 0.86
Tasks: 399 total,   2 running, 397 sleeping,   0 stopped,   0 zombie
%Cpu(s): 24.2 us,  1.9 sy,  0.0 ni, 73.9 id,  0.0 wa,  0.0 hi,  0.0 si,  0.0 st
KiB Mem : 65877692 total, 43564668 free, 11823000 used, 10490024 buff/cache
KiB Swap: 33554428 total, 31902060 free,  1652368 used. 52878408 avail Mem 
--
top - 14:07:03 up 104 days,  5:50,  0 users,  load average: 1.19, 0.70, 0.88
Tasks: 396 total,   1 running, 395 sleeping,   0 stopped,   0 zombie
%Cpu(s): 17.2 us,  0.0 sy,  0.0 ni, 82.8 id,  0.0 wa,  0.0 hi,  0.0 si,  0.0 st
KiB Mem : 65877692 total, 44515620 free, 10872048 used, 10490024 buff/cache
KiB Swap: 33554428 total, 31902060 free,  1652368 used. 53829360 avail Mem 
--
top - 14:07:08 up 104 days,  5:51,  0 users,  load average: 1.49, 0.78, 0.91
Tasks: 396 total,   1 running, 395 sleeping,   0 stopped,   0 zombie
%Cpu(s): 12.4 us,  0.1 sy,  0.0 ni, 87.4 id,  0.0 wa,  0.0 hi,  0.0 si,  0.0 st
KiB Mem : 65877692 total, 46801544 free,  8586124 used, 10490024 buff/cache
KiB Swap: 33554428 total, 31902060 free,  1652368 used. 56115284 avail Mem 
--
top - 14:07:13 up 104 days,  5:51,  0 users,  load average: 1.61, 0.81, 0.92
Tasks: 396 total,   1 running, 395 sleeping,   0 stopped,   0 zombie
%Cpu(s):  5.8 us,  0.1 sy,  0.0 ni, 94.1 id,  0.0 wa,  0.0 hi,  0.0 si,  0.0 st
KiB Mem : 65877692 total, 51024676 free,  4362992 used, 10490024 buff/cache
KiB Swap: 33554428 total, 31902060 free,  1652368 used. 60338416 avail Mem 
--
top - 14:07:18 up 104 days,  5:51,  0 users,  load average: 1.48, 0.80, 0.91
Tasks: 396 total,   1 running, 395 sleeping,   0 stopped,   0 zombie
%Cpu(s):  0.1 us,  0.2 sy,  0.0 ni, 99.8 id,  0.0 wa,  0.0 hi,  0.0 si,  0.0 st
KiB Mem : 65877692 total, 52219216 free,  3168452 used, 10490024 buff/cache
KiB Swap: 33554428 total, 31902060 free,  1652368 used. 61532956 avail Mem 
--
top - 14:07:23 up 104 days,  5:51,  0 users,  load average: 1.37, 0.79, 0.91
Tasks: 396 total,   1 running, 395 sleeping,   0 stopped,   0 zombie
%Cpu(s):  0.0 us,  0.0 sy,  0.0 ni, 99.9 id,  0.0 wa,  0.0 hi,  0.0 si,  0.0 st
KiB Mem : 65877692 total, 52222984 free,  3164684 used, 10490024 buff/cache
KiB Swap: 33554428 total, 31902060 free,  1652368 used. 61536724 avail Mem 
--
top - 14:07:28 up 104 days,  5:51,  0 users,  load average: 1.16, 0.76, 0.90
Tasks: 396 total,   1 running, 395 sleeping,   0 stopped,   0 zombie
%Cpu(s):  0.0 us,  0.0 sy,  0.0 ni,100.0 id,  0.0 wa,  0.0 hi,  0.0 si,  0.0 st
KiB Mem : 65877692 total, 52219408 free,  3168260 used, 10490024 buff/cache
KiB Swap: 33554428 total, 31902060 free,  1652368 used. 61533148 avail Mem 
--
top - 14:07:33 up 104 days,  5:51,  0 users,  load average: 1.06, 0.75, 0.89
Tasks: 396 total,   1 running, 395 sleeping,   0 stopped,   0 zombie
%Cpu(s):  0.0 us,  0.0 sy,  0.0 ni,100.0 id,  0.0 wa,  0.0 hi,  0.0 si,  0.0 st
KiB Mem : 65877692 total, 52219408 free,  3168260 used, 10490024 buff/cache
KiB Swap: 33554428 total, 31902060 free,  1652368 used. 61533148 avail Mem 
--
top - 14:07:38 up 104 days,  5:51,  0 users,  load average: 0.98, 0.74, 0.89
Tasks: 396 total,   1 running, 395 sleeping,   0 stopped,   0 zombie
%Cpu(s):  0.0 us,  0.0 sy,  0.0 ni,100.0 id,  0.0 wa,  0.0 hi,  0.0 si,  0.0 st
KiB Mem : 65877692 total, 52217920 free,  3169748 used, 10490024 buff/cache
KiB Swap: 33554428 total, 31902060 free,  1652368 used. 61531660 avail Mem 
--
top - 14:07:43 up 104 days,  5:51,  0 users,  load average: 0.90, 0.72, 0.88
Tasks: 396 total,   1 running, 395 sleeping,   0 stopped,   0 zombie
%Cpu(s):  0.0 us,  0.0 sy,  0.0 ni,100.0 id,  0.0 wa,  0.0 hi,  0.0 si,  0.0 st
KiB Mem : 65877692 total, 52217920 free,  3169748 used, 10490024 buff/cache
KiB Swap: 33554428 total, 31902060 free,  1652368 used. 61531660 avail Mem 
--
top - 14:07:48 up 104 days,  5:51,  0 users,  load average: 0.83, 0.71, 0.88
Tasks: 396 total,   1 running, 395 sleeping,   0 stopped,   0 zombie
%Cpu(s):  0.0 us,  0.0 sy,  0.0 ni,100.0 id,  0.0 wa,  0.0 hi,  0.0 si,  0.0 st
KiB Mem : 65877692 total, 52218028 free,  3169640 used, 10490024 buff/cache
KiB Swap: 33554428 total, 31902060 free,  1652368 used. 61531768 avail Mem 
--
top - 14:07:53 up 104 days,  5:51,  0 users,  load average: 0.76, 0.70, 0.87
Tasks: 396 total,   1 running, 395 sleeping,   0 stopped,   0 zombie
%Cpu(s):  0.0 us,  0.0 sy,  0.0 ni, 99.9 id,  0.0 wa,  0.0 hi,  0.0 si,  0.0 st
KiB Mem : 65877692 total, 52218948 free,  3168716 used, 10490028 buff/cache
KiB Swap: 33554428 total, 31902060 free,  1652368 used. 61532692 avail Mem 
--
top - 14:07:58 up 104 days,  5:51,  0 users,  load average: 0.70, 0.69, 0.87
Tasks: 396 total,   1 running, 395 sleeping,   0 stopped,   0 zombie
%Cpu(s):  0.0 us,  0.0 sy,  0.0 ni,100.0 id,  0.0 wa,  0.0 hi,  0.0 si,  0.0 st
KiB Mem : 65877692 total, 52218948 free,  3168716 used, 10490028 buff/cache
KiB Swap: 33554428 total, 31902060 free,  1652368 used. 61532692 avail Mem 
--
top - 14:08:03 up 104 days,  5:51,  0 users,  load average: 0.64, 0.68, 0.86
Tasks: 400 total,   1 running, 399 sleeping,   0 stopped,   0 zombie
%Cpu(s):  0.4 us,  0.2 sy,  0.0 ni, 99.0 id,  0.4 wa,  0.0 hi,  0.0 si,  0.0 st
KiB Mem : 65877692 total, 52213420 free,  3174244 used, 10490028 buff/cache
KiB Swap: 33554428 total, 31902060 free,  1652368 used. 61527164 avail Mem 
--
top - 14:08:08 up 104 days,  5:52,  0 users,  load average: 0.59, 0.66, 0.86
Tasks: 399 total,   1 running, 398 sleeping,   0 stopped,   0 zombie
%Cpu(s):  0.0 us,  0.0 sy,  0.0 ni, 99.9 id,  0.0 wa,  0.0 hi,  0.0 si,  0.0 st
KiB Mem : 65877692 total, 52213396 free,  3174268 used, 10490028 buff/cache
KiB Swap: 33554428 total, 31902060 free,  1652368 used. 61527140 avail Mem 
--
top - 14:08:13 up 104 days,  5:52,  0 users,  load average: 0.54, 0.65, 0.85
Tasks: 399 total,   1 running, 398 sleeping,   0 stopped,   0 zombie
%Cpu(s):  0.0 us,  0.0 sy,  0.0 ni,100.0 id,  0.0 wa,  0.0 hi,  0.0 si,  0.0 st
KiB Mem : 65877692 total, 52213396 free,  3174268 used, 10490028 buff/cache
KiB Swap: 33554428 total, 31902060 free,  1652368 used. 61527140 avail Mem 
--
top - 14:08:18 up 104 days,  5:52,  0 users,  load average: 0.50, 0.64, 0.85
Tasks: 399 total,   1 running, 398 sleeping,   0 stopped,   0 zombie
%Cpu(s):  0.0 us,  0.0 sy,  0.0 ni,100.0 id,  0.0 wa,  0.0 hi,  0.0 si,  0.0 st
KiB Mem : 65877692 total, 52213396 free,  3174268 used, 10490028 buff/cache
KiB Swap: 33554428 total, 31902060 free,  1652368 used. 61527140 avail Mem 
--
top - 14:08:23 up 104 days,  5:52,  0 users,  load average: 0.46, 0.63, 0.85
Tasks: 399 total,   1 running, 398 sleeping,   0 stopped,   0 zombie
%Cpu(s):  0.0 us,  0.0 sy,  0.0 ni, 99.9 id,  0.0 wa,  0.0 hi,  0.0 si,  0.0 st
KiB Mem : 65877692 total, 52213444 free,  3174220 used, 10490028 buff/cache
KiB Swap: 33554428 total, 31902060 free,  1652368 used. 61527188 avail Mem 
--
top - 14:08:28 up 104 days,  5:52,  0 users,  load average: 0.42, 0.62, 0.84
Tasks: 399 total,   1 running, 398 sleeping,   0 stopped,   0 zombie
%Cpu(s):  0.0 us,  0.0 sy,  0.0 ni,100.0 id,  0.0 wa,  0.0 hi,  0.0 si,  0.0 st
KiB Mem : 65877692 total, 52213524 free,  3174140 used, 10490028 buff/cache
KiB Swap: 33554428 total, 31902060 free,  1652368 used. 61527268 avail Mem 
--
top - 14:08:33 up 104 days,  5:52,  0 users,  load average: 0.39, 0.61, 0.84
Tasks: 399 total,   1 running, 398 sleeping,   0 stopped,   0 zombie
%Cpu(s):  0.5 us,  0.5 sy,  0.0 ni, 99.0 id,  0.0 wa,  0.0 hi,  0.0 si,  0.0 st
KiB Mem : 65877692 total, 51508968 free,  3878696 used, 10490028 buff/cache
KiB Swap: 33554428 total, 31902060 free,  1652368 used. 60822712 avail Mem 
--
top - 14:08:38 up 104 days,  5:52,  0 users,  load average: 0.36, 0.60, 0.83
Tasks: 399 total,   1 running, 398 sleeping,   0 stopped,   0 zombie
%Cpu(s):  0.3 us,  0.3 sy,  0.0 ni, 99.4 id,  0.0 wa,  0.0 hi,  0.0 si,  0.0 st
KiB Mem : 65877692 total, 51176648 free,  4211016 used, 10490028 buff/cache
KiB Swap: 33554428 total, 31902060 free,  1652368 used. 60490392 avail Mem 
--
top - 14:08:43 up 104 days,  5:52,  0 users,  load average: 0.33, 0.59, 0.83
Tasks: 399 total,   1 running, 398 sleeping,   0 stopped,   0 zombie
%Cpu(s):  0.3 us,  0.4 sy,  0.0 ni, 99.2 id,  0.0 wa,  0.0 hi,  0.0 si,  0.0 st
KiB Mem : 65877692 total, 50903204 free,  4484460 used, 10490028 buff/cache
KiB Swap: 33554428 total, 31902060 free,  1652368 used. 60216948 avail Mem 
--
top - 14:08:48 up 104 days,  5:52,  0 users,  load average: 0.30, 0.58, 0.82
Tasks: 399 total,   1 running, 398 sleeping,   0 stopped,   0 zombie
%Cpu(s):  0.2 us,  0.2 sy,  0.0 ni, 99.6 id,  0.0 wa,  0.0 hi,  0.0 si,  0.0 st
KiB Mem : 65877692 total, 50769424 free,  4618236 used, 10490032 buff/cache
KiB Swap: 33554428 total, 31902060 free,  1652368 used. 60083172 avail Mem 
--
top - 14:08:53 up 104 days,  5:52,  0 users,  load average: 0.92, 0.70, 0.86
Tasks: 398 total,   3 running, 395 sleeping,   0 stopped,   0 zombie
%Cpu(s): 15.7 us,  2.4 sy,  0.0 ni, 81.9 id,  0.0 wa,  0.0 hi,  0.0 si,  0.0 st
KiB Mem : 65877692 total, 39880276 free, 15507384 used, 10490032 buff/cache
KiB Swap: 33554428 total, 31902060 free,  1652368 used. 49194024 avail Mem 
--
top - 14:08:58 up 104 days,  5:52,  0 users,  load average: 1.41, 0.81, 0.89
Tasks: 398 total,   2 running, 396 sleeping,   0 stopped,   0 zombie
%Cpu(s): 23.1 us,  0.0 sy,  0.0 ni, 76.9 id,  0.0 wa,  0.0 hi,  0.0 si,  0.0 st
KiB Mem : 65877692 total, 40245484 free, 15142176 used, 10490032 buff/cache
KiB Swap: 33554428 total, 31902060 free,  1652368 used. 49559232 avail Mem 
--
top - 14:09:03 up 104 days,  5:52,  0 users,  load average: 1.69, 0.88, 0.92
Tasks: 398 total,   1 running, 397 sleeping,   0 stopped,   0 zombie
%Cpu(s): 18.3 us,  0.0 sy,  0.0 ni, 81.7 id,  0.0 wa,  0.0 hi,  0.0 si,  0.0 st
KiB Mem : 65877692 total, 41880264 free, 13507396 used, 10490032 buff/cache
KiB Swap: 33554428 total, 31902060 free,  1652368 used. 51194012 avail Mem 
--
top - 14:09:08 up 104 days,  5:53,  0 users,  load average: 1.64, 0.88, 0.92
Tasks: 398 total,   1 running, 397 sleeping,   0 stopped,   0 zombie
%Cpu(s): 10.4 us,  0.1 sy,  0.0 ni, 89.6 id,  0.0 wa,  0.0 hi,  0.0 si,  0.0 st
KiB Mem : 65877692 total, 47180224 free,  8207436 used, 10490032 buff/cache
KiB Swap: 33554428 total, 31902060 free,  1652368 used. 56493972 avail Mem 
--
top - 14:09:13 up 104 days,  5:53,  0 users,  load average: 1.51, 0.87, 0.91
Tasks: 398 total,   1 running, 397 sleeping,   0 stopped,   0 zombie
%Cpu(s):  2.3 us,  0.1 sy,  0.0 ni, 97.6 id,  0.0 wa,  0.0 hi,  0.0 si,  0.0 st
KiB Mem : 65877692 total, 49856880 free,  5530780 used, 10490032 buff/cache
KiB Swap: 33554428 total, 31902060 free,  1652368 used. 59171064 avail Mem 
--
top - 14:09:18 up 104 days,  5:53,  0 users,  load average: 1.39, 0.85, 0.91
Tasks: 398 total,   1 running, 397 sleeping,   0 stopped,   0 zombie
%Cpu(s):  0.1 us,  0.1 sy,  0.0 ni, 99.8 id,  0.0 wa,  0.0 hi,  0.0 si,  0.0 st
KiB Mem : 65877692 total, 51011916 free,  4375744 used, 10490032 buff/cache
KiB Swap: 33554428 total, 31902060 free,  1652368 used. 60325664 avail Mem 
--
top - 14:09:23 up 104 days,  5:53,  0 users,  load average: 1.28, 0.84, 0.90
Tasks: 398 total,   1 running, 397 sleeping,   0 stopped,   0 zombie
%Cpu(s):  0.0 us,  0.0 sy,  0.0 ni, 99.9 id,  0.0 wa,  0.0 hi,  0.0 si,  0.0 st
KiB Mem : 65877692 total, 51016632 free,  4371028 used, 10490032 buff/cache
KiB Swap: 33554428 total, 31902060 free,  1652368 used. 60330380 avail Mem 
--
top - 14:09:28 up 104 days,  5:53,  0 users,  load average: 1.17, 0.82, 0.90
Tasks: 398 total,   1 running, 397 sleeping,   0 stopped,   0 zombie
%Cpu(s):  0.0 us,  0.0 sy,  0.0 ni,100.0 id,  0.0 wa,  0.0 hi,  0.0 si,  0.0 st
KiB Mem : 65877692 total, 51014520 free,  4373140 used, 10490032 buff/cache
KiB Swap: 33554428 total, 31902060 free,  1652368 used. 60328268 avail Mem 
--
top - 14:09:33 up 104 days,  5:53,  0 users,  load average: 1.08, 0.81, 0.89
Tasks: 398 total,   1 running, 397 sleeping,   0 stopped,   0 zombie
%Cpu(s):  0.0 us,  0.0 sy,  0.0 ni, 99.9 id,  0.0 wa,  0.0 hi,  0.0 si,  0.0 st
KiB Mem : 65877692 total, 51014556 free,  4373104 used, 10490032 buff/cache
KiB Swap: 33554428 total, 31902060 free,  1652368 used. 60328304 avail Mem 
--
top - 14:09:38 up 104 days,  5:53,  0 users,  load average: 0.99, 0.80, 0.89
Tasks: 398 total,   1 running, 397 sleeping,   0 stopped,   0 zombie
%Cpu(s):  0.0 us,  0.0 sy,  0.0 ni, 99.9 id,  0.0 wa,  0.0 hi,  0.0 si,  0.0 st
KiB Mem : 65877692 total, 51014556 free,  4373104 used, 10490032 buff/cache
KiB Swap: 33554428 total, 31902060 free,  1652368 used. 60328304 avail Mem 
--
top - 14:09:43 up 104 days,  5:53,  0 users,  load average: 0.91, 0.78, 0.88
Tasks: 398 total,   1 running, 397 sleeping,   0 stopped,   0 zombie
%Cpu(s):  0.0 us,  0.0 sy,  0.0 ni, 99.9 id,  0.0 wa,  0.0 hi,  0.0 si,  0.0 st
KiB Mem : 65877692 total, 51014804 free,  4372856 used, 10490032 buff/cache
KiB Swap: 33554428 total, 31902060 free,  1652368 used. 60328552 avail Mem 
--
top - 14:09:48 up 104 days,  5:53,  0 users,  load average: 0.84, 0.77, 0.88
Tasks: 398 total,   1 running, 397 sleeping,   0 stopped,   0 zombie
%Cpu(s):  0.0 us,  0.0 sy,  0.0 ni,100.0 id,  0.0 wa,  0.0 hi,  0.0 si,  0.0 st
KiB Mem : 65877692 total, 51014804 free,  4372856 used, 10490032 buff/cache
KiB Swap: 33554428 total, 31902060 free,  1652368 used. 60328552 avail Mem 
--
top - 14:09:53 up 104 days,  5:53,  0 users,  load average: 0.77, 0.76, 0.87
Tasks: 398 total,   1 running, 397 sleeping,   0 stopped,   0 zombie
%Cpu(s):  0.0 us,  0.0 sy,  0.0 ni, 99.8 id,  0.1 wa,  0.0 hi,  0.0 si,  0.0 st
KiB Mem : 65877692 total, 51016032 free,  4371624 used, 10490036 buff/cache
KiB Swap: 33554428 total, 31902060 free,  1652368 used. 60329784 avail Mem 
--
top - 14:09:59 up 104 days,  5:53,  0 users,  load average: 0.71, 0.75, 0.87
Tasks: 398 total,   1 running, 397 sleeping,   0 stopped,   0 zombie
%Cpu(s):  0.0 us,  0.0 sy,  0.0 ni, 99.9 id,  0.0 wa,  0.0 hi,  0.0 si,  0.0 st
KiB Mem : 65877692 total, 51016348 free,  4371308 used, 10490036 buff/cache
KiB Swap: 33554428 total, 31902060 free,  1652368 used. 60330100 avail Mem 
--
top - 14:10:04 up 104 days,  5:53,  0 users,  load average: 0.65, 0.73, 0.86
Tasks: 403 total,   1 running, 402 sleeping,   0 stopped,   0 zombie
%Cpu(s):  0.5 us,  0.2 sy,  0.0 ni, 99.0 id,  0.3 wa,  0.0 hi,  0.0 si,  0.0 st
KiB Mem : 65877692 total, 51010752 free,  4376900 used, 10490040 buff/cache
KiB Swap: 33554428 total, 31902060 free,  1652368 used. 60324504 avail Mem 
--
top - 14:10:09 up 104 days,  5:54,  0 users,  load average: 0.60, 0.72, 0.86
Tasks: 403 total,   1 running, 402 sleeping,   0 stopped,   0 zombie
%Cpu(s):  0.0 us,  0.0 sy,  0.0 ni, 99.9 id,  0.0 wa,  0.0 hi,  0.0 si,  0.0 st
KiB Mem : 65877692 total, 51011288 free,  4376364 used, 10490040 buff/cache
KiB Swap: 33554428 total, 31902060 free,  1652368 used. 60325040 avail Mem 
--
top - 14:10:14 up 104 days,  5:54,  0 users,  load average: 0.55, 0.71, 0.85
Tasks: 403 total,   1 running, 402 sleeping,   0 stopped,   0 zombie
%Cpu(s):  0.0 us,  0.0 sy,  0.0 ni,100.0 id,  0.0 wa,  0.0 hi,  0.0 si,  0.0 st
KiB Mem : 65877692 total, 51011288 free,  4376364 used, 10490040 buff/cache
KiB Swap: 33554428 total, 31902060 free,  1652368 used. 60325040 avail Mem 
--
top - 14:10:19 up 104 days,  5:54,  0 users,  load average: 0.51, 0.70, 0.85
Tasks: 403 total,   1 running, 402 sleeping,   0 stopped,   0 zombie
%Cpu(s):  0.0 us,  0.0 sy,  0.0 ni, 99.9 id,  0.0 wa,  0.0 hi,  0.0 si,  0.0 st
KiB Mem : 65877692 total, 51011288 free,  4376364 used, 10490040 buff/cache
KiB Swap: 33554428 total, 31902060 free,  1652368 used. 60325040 avail Mem 
--
top - 14:10:24 up 104 days,  5:54,  0 users,  load average: 0.47, 0.68, 0.85
Tasks: 403 total,   1 running, 402 sleeping,   0 stopped,   0 zombie
%Cpu(s):  0.0 us,  0.0 sy,  0.0 ni, 99.9 id,  0.0 wa,  0.0 hi,  0.0 si,  0.0 st
KiB Mem : 65877692 total, 50993144 free,  4394496 used, 10490052 buff/cache
KiB Swap: 33554428 total, 31902060 free,  1652368 used. 60306912 avail Mem 
--
top - 14:10:29 up 104 days,  5:54,  0 users,  load average: 0.43, 0.67, 0.84
Tasks: 403 total,   1 running, 402 sleeping,   0 stopped,   0 zombie
%Cpu(s):  0.6 us,  0.5 sy,  0.0 ni, 98.9 id,  0.0 wa,  0.0 hi,  0.0 si,  0.0 st
KiB Mem : 65877692 total, 50272960 free,  5114680 used, 10490052 buff/cache
KiB Swap: 33554428 total, 31902060 free,  1652368 used. 59586728 avail Mem 
--
top - 14:10:34 up 104 days,  5:54,  0 users,  load average: 0.40, 0.66, 0.84
Tasks: 403 total,   1 running, 402 sleeping,   0 stopped,   0 zombie
%Cpu(s):  0.6 us,  0.4 sy,  0.0 ni, 98.9 id,  0.0 wa,  0.0 hi,  0.1 si,  0.0 st
KiB Mem : 65877692 total, 49890072 free,  5497568 used, 10490052 buff/cache
KiB Swap: 33554428 total, 31902060 free,  1652368 used. 59203840 avail Mem 
--
top - 14:10:39 up 104 days,  5:54,  0 users,  load average: 0.36, 0.65, 0.83
Tasks: 403 total,   1 running, 402 sleeping,   0 stopped,   0 zombie
%Cpu(s):  0.2 us,  0.2 sy,  0.0 ni, 99.6 id,  0.0 wa,  0.0 hi,  0.0 si,  0.0 st
KiB Mem : 65877692 total, 49475472 free,  5912168 used, 10490052 buff/cache
KiB Swap: 33554428 total, 31902060 free,  1652368 used. 58789240 avail Mem 
--
top - 14:10:44 up 104 days,  5:54,  0 users,  load average: 2.42, 1.07, 0.97
Tasks: 403 total,   1 running, 402 sleeping,   0 stopped,   0 zombie
%Cpu(s):  7.7 us,  2.0 sy,  0.0 ni, 90.3 id,  0.0 wa,  0.0 hi,  0.1 si,  0.0 st
KiB Mem : 65877692 total, 43131256 free, 12256384 used, 10490052 buff/cache
KiB Swap: 33554428 total, 31902060 free,  1652368 used. 52445024 avail Mem 
--
top - 14:10:49 up 104 days,  5:54,  0 users,  load average: 2.78, 1.17, 1.00
Tasks: 403 total,   1 running, 402 sleeping,   0 stopped,   0 zombie
%Cpu(s): 21.3 us,  0.5 sy,  0.0 ni, 78.1 id,  0.0 wa,  0.0 hi,  0.0 si,  0.0 st
KiB Mem : 65877692 total, 39074244 free, 16313396 used, 10490052 buff/cache
KiB Swap: 33554428 total, 31902060 free,  1652368 used. 48388012 avail Mem 
--
top - 14:10:54 up 104 days,  5:54,  0 users,  load average: 2.96, 1.23, 1.02
Tasks: 403 total,   1 running, 402 sleeping,   0 stopped,   0 zombie
%Cpu(s): 18.9 us,  0.0 sy,  0.0 ni, 81.1 id,  0.0 wa,  0.0 hi,  0.0 si,  0.0 st
KiB Mem : 65877692 total, 40498840 free, 14888800 used, 10490052 buff/cache
KiB Swap: 33554428 total, 31902060 free,  1652368 used. 49812608 avail Mem 
--
top - 14:10:59 up 104 days,  5:54,  0 users,  load average: 3.04, 1.28, 1.04
Tasks: 403 total,   1 running, 402 sleeping,   0 stopped,   0 zombie
%Cpu(s): 12.6 us,  0.0 sy,  0.0 ni, 87.3 id,  0.0 wa,  0.0 hi,  0.0 si,  0.0 st
KiB Mem : 65877692 total, 41393372 free, 13994268 used, 10490052 buff/cache
KiB Swap: 33554428 total, 31902060 free,  1652368 used. 50707140 avail Mem 
--
top - 14:11:04 up 104 days,  5:54,  0 users,  load average: 2.88, 1.28, 1.04
Tasks: 403 total,   1 running, 402 sleeping,   0 stopped,   0 zombie
%Cpu(s):  5.0 us,  0.0 sy,  0.0 ni, 95.0 id,  0.0 wa,  0.0 hi,  0.0 si,  0.0 st
KiB Mem : 65877692 total, 45840620 free,  9547020 used, 10490052 buff/cache
KiB Swap: 33554428 total, 31902060 free,  1652368 used. 55154388 avail Mem 
--
top - 14:11:09 up 104 days,  5:55,  0 users,  load average: 2.65, 1.25, 1.03
Tasks: 395 total,   1 running, 394 sleeping,   0 stopped,   0 zombie
%Cpu(s):  0.5 us,  0.3 sy,  0.0 ni, 99.2 id,  0.0 wa,  0.0 hi,  0.0 si,  0.0 st
KiB Mem : 65877692 total, 49857092 free,  5530548 used, 10490052 buff/cache
KiB Swap: 33554428 total, 31902060 free,  1652368 used. 59170860 avail Mem 
--
top - 14:11:14 up 104 days,  5:55,  0 users,  load average: 2.44, 1.23, 1.03
Tasks: 395 total,   1 running, 394 sleeping,   0 stopped,   0 zombie
%Cpu(s):  0.0 us,  0.0 sy,  0.0 ni, 99.9 id,  0.0 wa,  0.0 hi,  0.0 si,  0.0 st
KiB Mem : 65877692 total, 49858472 free,  5529164 used, 10490056 buff/cache
KiB Swap: 33554428 total, 31902060 free,  1652368 used. 59172240 avail Mem 
--
top - 14:11:19 up 104 days,  5:55,  0 users,  load average: 2.24, 1.21, 1.02
Tasks: 395 total,   1 running, 394 sleeping,   0 stopped,   0 zombie
%Cpu(s):  0.0 us,  0.0 sy,  0.0 ni, 99.9 id,  0.0 wa,  0.0 hi,  0.0 si,  0.0 st
KiB Mem : 65877692 total, 49858472 free,  5529164 used, 10490056 buff/cache
KiB Swap: 33554428 total, 31902060 free,  1652368 used. 59172240 avail Mem 
--
top - 14:11:24 up 104 days,  5:55,  0 users,  load average: 2.06, 1.19, 1.02
Tasks: 395 total,   1 running, 394 sleeping,   0 stopped,   0 zombie
%Cpu(s):  0.0 us,  0.0 sy,  0.0 ni, 99.9 id,  0.0 wa,  0.0 hi,  0.0 si,  0.0 st
KiB Mem : 65877692 total, 49858260 free,  5529376 used, 10490056 buff/cache
KiB Swap: 33554428 total, 31902060 free,  1652368 used. 59172028 avail Mem 
--
top - 14:11:29 up 104 days,  5:55,  0 users,  load average: 1.90, 1.17, 1.01
Tasks: 395 total,   1 running, 394 sleeping,   0 stopped,   0 zombie
%Cpu(s):  0.0 us,  0.0 sy,  0.0 ni, 99.9 id,  0.0 wa,  0.0 hi,  0.0 si,  0.0 st
KiB Mem : 65877692 total, 49858260 free,  5529376 used, 10490056 buff/cache
KiB Swap: 33554428 total, 31902060 free,  1652368 used. 59172028 avail Mem 
--
top - 14:11:34 up 104 days,  5:55,  0 users,  load average: 1.75, 1.15, 1.01
Tasks: 395 total,   1 running, 394 sleeping,   0 stopped,   0 zombie
%Cpu(s):  0.0 us,  0.0 sy,  0.0 ni,100.0 id,  0.0 wa,  0.0 hi,  0.0 si,  0.0 st
KiB Mem : 65877692 total, 49858260 free,  5529376 used, 10490056 buff/cache
KiB Swap: 33554428 total, 31902060 free,  1652368 used. 59172028 avail Mem 
--
top - 14:11:39 up 104 days,  5:55,  0 users,  load average: 1.61, 1.13, 1.00
Tasks: 395 total,   1 running, 394 sleeping,   0 stopped,   0 zombie
%Cpu(s):  0.0 us,  0.0 sy,  0.0 ni, 99.9 id,  0.0 wa,  0.0 hi,  0.0 si,  0.0 st
KiB Mem : 65877692 total, 49858260 free,  5529376 used, 10490056 buff/cache
KiB Swap: 33554428 total, 31902060 free,  1652368 used. 59172028 avail Mem 
--
top - 14:11:44 up 104 days,  5:55,  0 users,  load average: 1.48, 1.12, 0.99
Tasks: 395 total,   1 running, 394 sleeping,   0 stopped,   0 zombie
%Cpu(s):  0.0 us,  0.0 sy,  0.0 ni, 99.9 id,  0.0 wa,  0.0 hi,  0.0 si,  0.0 st
KiB Mem : 65877692 total, 49858260 free,  5529376 used, 10490056 buff/cache
KiB Swap: 33554428 total, 31902060 free,  1652368 used. 59172028 avail Mem 
--
top - 14:11:49 up 104 days,  5:55,  0 users,  load average: 1.36, 1.10, 0.99
Tasks: 395 total,   1 running, 394 sleeping,   0 stopped,   0 zombie
%Cpu(s):  0.0 us,  0.0 sy,  0.0 ni, 99.9 id,  0.0 wa,  0.0 hi,  0.0 si,  0.0 st
KiB Mem : 65877692 total, 49859144 free,  5528492 used, 10490056 buff/cache
KiB Swap: 33554428 total, 31902060 free,  1652368 used. 59172912 avail Mem 
--
top - 14:11:54 up 104 days,  5:55,  0 users,  load average: 1.25, 1.08, 0.98
Tasks: 395 total,   1 running, 394 sleeping,   0 stopped,   0 zombie
%Cpu(s):  0.0 us,  0.0 sy,  0.0 ni, 99.9 id,  0.0 wa,  0.0 hi,  0.0 si,  0.0 st
KiB Mem : 65877692 total, 49858572 free,  5529064 used, 10490056 buff/cache
KiB Swap: 33554428 total, 31902060 free,  1652368 used. 59172340 avail Mem 
--
top - 14:11:59 up 104 days,  5:55,  0 users,  load average: 1.15, 1.06, 0.98
Tasks: 395 total,   1 running, 394 sleeping,   0 stopped,   0 zombie
%Cpu(s):  0.0 us,  0.0 sy,  0.0 ni,100.0 id,  0.0 wa,  0.0 hi,  0.0 si,  0.0 st
KiB Mem : 65877692 total, 49858076 free,  5529560 used, 10490056 buff/cache
KiB Swap: 33554428 total, 31902060 free,  1652368 used. 59171844 avail Mem 
--
top - 14:12:04 up 104 days,  5:55,  0 users,  load average: 1.06, 1.04, 0.97
Tasks: 396 total,   1 running, 395 sleeping,   0 stopped,   0 zombie
%Cpu(s):  0.6 us,  0.4 sy,  0.0 ni, 98.7 id,  0.4 wa,  0.0 hi,  0.0 si,  0.0 st
KiB Mem : 65877692 total, 49639588 free,  5748048 used, 10490056 buff/cache
KiB Swap: 33554428 total, 31902060 free,  1652368 used. 58953360 avail Mem 
--
top - 14:12:09 up 104 days,  5:56,  0 users,  load average: 0.97, 1.03, 0.97
Tasks: 396 total,   1 running, 395 sleeping,   0 stopped,   0 zombie
%Cpu(s):  0.4 us,  0.4 sy,  0.0 ni, 99.2 id,  0.0 wa,  0.0 hi,  0.0 si,  0.0 st
KiB Mem : 65877692 total, 48986432 free,  6401204 used, 10490056 buff/cache
KiB Swap: 33554428 total, 31902060 free,  1652368 used. 58300204 avail Mem 
--
top - 14:12:14 up 104 days,  5:56,  0 users,  load average: 0.90, 1.01, 0.96
Tasks: 396 total,   1 running, 395 sleeping,   0 stopped,   0 zombie
%Cpu(s):  0.3 us,  0.2 sy,  0.0 ni, 99.5 id,  0.0 wa,  0.0 hi,  0.0 si,  0.0 st
KiB Mem : 65877692 total, 48588248 free,  6799388 used, 10490056 buff/cache
KiB Swap: 33554428 total, 31902060 free,  1652368 used. 57902020 avail Mem 
--
top - 14:12:19 up 104 days,  5:56,  0 users,  load average: 0.82, 0.99, 0.96
Tasks: 396 total,   1 running, 395 sleeping,   0 stopped,   0 zombie
%Cpu(s):  0.3 us,  0.3 sy,  0.0 ni, 99.4 id,  0.0 wa,  0.0 hi,  0.0 si,  0.0 st
KiB Mem : 65877692 total, 48204636 free,  7183000 used, 10490056 buff/cache
KiB Swap: 33554428 total, 31902060 free,  1652368 used. 57518408 avail Mem 
--
top - 14:12:24 up 104 days,  5:56,  0 users,  load average: 0.76, 0.98, 0.95
Tasks: 396 total,   1 running, 395 sleeping,   0 stopped,   0 zombie
%Cpu(s):  0.3 us,  0.2 sy,  0.0 ni, 99.5 id,  0.0 wa,  0.0 hi,  0.0 si,  0.0 st
KiB Mem : 65877692 total, 48025592 free,  7362044 used, 10490056 buff/cache
KiB Swap: 33554428 total, 31902060 free,  1652368 used. 57339364 avail Mem 
--
top - 14:12:29 up 104 days,  5:56,  0 users,  load average: 1.26, 1.08, 0.98
Tasks: 396 total,   2 running, 394 sleeping,   0 stopped,   0 zombie
%Cpu(s): 15.0 us,  1.9 sy,  0.0 ni, 83.0 id,  0.0 wa,  0.0 hi,  0.0 si,  0.0 st
KiB Mem : 65877692 total, 38153700 free, 17233932 used, 10490060 buff/cache
KiB Swap: 33554428 total, 31902060 free,  1652368 used. 47467476 avail Mem 
--
top - 14:12:34 up 104 days,  5:56,  0 users,  load average: 1.56, 1.14, 1.01
Tasks: 396 total,   1 running, 395 sleeping,   0 stopped,   0 zombie
%Cpu(s): 21.3 us,  0.0 sy,  0.0 ni, 78.7 id,  0.0 wa,  0.0 hi,  0.0 si,  0.0 st
KiB Mem : 65877692 total, 38656708 free, 16730924 used, 10490060 buff/cache
KiB Swap: 33554428 total, 31902060 free,  1652368 used. 47970484 avail Mem 
--
top - 14:12:39 up 104 days,  5:56,  0 users,  load average: 1.59, 1.15, 1.01
Tasks: 396 total,   1 running, 395 sleeping,   0 stopped,   0 zombie
%Cpu(s): 17.3 us,  0.0 sy,  0.0 ni, 82.7 id,  0.0 wa,  0.0 hi,  0.0 si,  0.0 st
KiB Mem : 65877692 total, 39552436 free, 15835196 used, 10490060 buff/cache
KiB Swap: 33554428 total, 31902060 free,  1652368 used. 48866212 avail Mem 
--
top - 14:12:44 up 104 days,  5:56,  0 users,  load average: 1.71, 1.19, 1.02
Tasks: 396 total,   1 running, 395 sleeping,   0 stopped,   0 zombie
%Cpu(s): 10.4 us,  0.2 sy,  0.0 ni, 89.4 id,  0.0 wa,  0.0 hi,  0.0 si,  0.0 st
KiB Mem : 65877692 total, 43748324 free, 11639308 used, 10490060 buff/cache
KiB Swap: 33554428 total, 31902060 free,  1652368 used. 53062096 avail Mem 
--
top - 14:12:49 up 104 days,  5:56,  0 users,  load average: 1.73, 1.20, 1.03
Tasks: 397 total,   1 running, 396 sleeping,   0 stopped,   0 zombie
%Cpu(s):  6.2 us,  0.0 sy,  0.0 ni, 93.7 id,  0.0 wa,  0.0 hi,  0.0 si,  0.0 st
KiB Mem : 65877692 total, 43748724 free, 11638908 used, 10490060 buff/cache
KiB Swap: 33554428 total, 31902060 free,  1652368 used. 53062496 avail Mem 
