10.149.0.30
2023/12/26 13:21:51 Master node address: http://10.149.0.60:8000
2023/12/26 13:21:51 Benchmarking worker...
2023/12/26 13:21:52 Worker registered (1835 MCUPS). Waiting for work...
2023/12/26 13:23:38 Got work. Start calculating alignments...
2023/12/26 13:23:38 Calculating 90 queries
2023/12/26 13:23:45 Done calculating alignments.
2023/12/26 13:23:45 Waiting for work...
2023/12/26 13:25:22 Got work. Start calculating alignments...
2023/12/26 13:25:22 Calculating 90 queries
2023/12/26 13:25:37 Done calculating alignments.
2023/12/26 13:25:37 Waiting for work...
2023/12/26 13:27:02 Got work. Start calculating alignments...
2023/12/26 13:27:02 Calculating 89 queries
2023/12/26 13:27:27 Done calculating alignments.
2023/12/26 13:27:27 Waiting for work...
2023/12/26 13:28:44 Got work. Start calculating alignments...
2023/12/26 13:28:44 Calculating 90 queries
2023/12/26 13:28:56 Done calculating alignments.
2023/12/26 13:28:56 Waiting for work...
2023/12/26 13:30:25 Got work. Start calculating alignments...
2023/12/26 13:30:25 Calculating 90 queries
2023/12/26 13:30:45 Done calculating alignments.
2023/12/26 13:30:45 Waiting for work...
slurmstepd: error: *** JOB 4751324 ON node030 CANCELLED AT 2023-12-26T13:30:50 ***
