Job id: 4751332
Worker ip: 10.149.0.56
Master ip: 10.149.0.54
--
top - 13:30:53 up 104 days,  5:13,  0 users,  load average: 0.02, 0.18, 0.32
Tasks: 400 total,   1 running, 399 sleeping,   0 stopped,   0 zombie
%Cpu(s):  2.5 us,  3.8 sy,  0.0 ni, 93.3 id,  0.0 wa,  0.0 hi,  0.4 si,  0.0 st
KiB Mem : 65877712 total, 54356636 free,  1127148 used, 10393928 buff/cache
KiB Swap: 33554428 total, 32291132 free,  1263296 used. 63519168 avail Mem 
--
top - 13:30:58 up 104 days,  5:13,  0 users,  load average: 0.02, 0.17, 0.31
Tasks: 401 total,   1 running, 400 sleeping,   0 stopped,   0 zombie
%Cpu(s):  1.7 us,  0.4 sy,  0.0 ni, 97.9 id,  0.0 wa,  0.0 hi,  0.0 si,  0.0 st
KiB Mem : 65877712 total, 54335292 free,  1142112 used, 10400308 buff/cache
KiB Swap: 33554428 total, 32291132 free,  1263296 used. 63504064 avail Mem 
--
top - 13:31:03 up 104 days,  5:13,  0 users,  load average: 0.02, 0.17, 0.31
Tasks: 397 total,   1 running, 396 sleeping,   0 stopped,   0 zombie
%Cpu(s):  0.0 us,  0.0 sy,  0.0 ni,100.0 id,  0.0 wa,  0.0 hi,  0.0 si,  0.0 st
KiB Mem : 65877712 total, 54335424 free,  1141980 used, 10400308 buff/cache
KiB Swap: 33554428 total, 32291132 free,  1263296 used. 63504196 avail Mem 
--
top - 13:31:08 up 104 days,  5:13,  0 users,  load average: 0.02, 0.17, 0.31
Tasks: 397 total,   1 running, 396 sleeping,   0 stopped,   0 zombie
%Cpu(s):  0.0 us,  0.0 sy,  0.0 ni,100.0 id,  0.0 wa,  0.0 hi,  0.0 si,  0.0 st
KiB Mem : 65877712 total, 54335424 free,  1141980 used, 10400308 buff/cache
KiB Swap: 33554428 total, 32291132 free,  1263296 used. 63504196 avail Mem 
--
top - 13:31:13 up 104 days,  5:13,  0 users,  load average: 0.02, 0.16, 0.31
Tasks: 397 total,   1 running, 396 sleeping,   0 stopped,   0 zombie
%Cpu(s):  0.0 us,  0.0 sy,  0.0 ni,100.0 id,  0.0 wa,  0.0 hi,  0.0 si,  0.0 st
KiB Mem : 65877712 total, 54335424 free,  1141980 used, 10400308 buff/cache
KiB Swap: 33554428 total, 32291132 free,  1263296 used. 63504196 avail Mem 
--
top - 13:31:18 up 104 days,  5:13,  0 users,  load average: 0.02, 0.16, 0.31
Tasks: 397 total,   1 running, 396 sleeping,   0 stopped,   0 zombie
%Cpu(s):  0.0 us,  0.0 sy,  0.0 ni,100.0 id,  0.0 wa,  0.0 hi,  0.0 si,  0.0 st
KiB Mem : 65877712 total, 54335424 free,  1141980 used, 10400308 buff/cache
KiB Swap: 33554428 total, 32291132 free,  1263296 used. 63504196 avail Mem 
--
top - 13:31:23 up 104 days,  5:13,  0 users,  load average: 0.01, 0.16, 0.31
Tasks: 397 total,   1 running, 396 sleeping,   0 stopped,   0 zombie
%Cpu(s):  0.0 us,  0.0 sy,  0.0 ni,100.0 id,  0.0 wa,  0.0 hi,  0.0 si,  0.0 st
KiB Mem : 65877712 total, 54335424 free,  1141980 used, 10400308 buff/cache
KiB Swap: 33554428 total, 32291132 free,  1263296 used. 63504196 avail Mem 
--
top - 13:31:28 up 104 days,  5:13,  0 users,  load average: 0.01, 0.16, 0.31
Tasks: 397 total,   1 running, 396 sleeping,   0 stopped,   0 zombie
%Cpu(s):  0.0 us,  0.0 sy,  0.0 ni,100.0 id,  0.0 wa,  0.0 hi,  0.0 si,  0.0 st
KiB Mem : 65877712 total, 54334976 free,  1142428 used, 10400308 buff/cache
KiB Swap: 33554428 total, 32291132 free,  1263296 used. 63503748 avail Mem 
--
top - 13:31:33 up 104 days,  5:13,  0 users,  load average: 0.01, 0.15, 0.30
Tasks: 397 total,   2 running, 395 sleeping,   0 stopped,   0 zombie
%Cpu(s):  0.0 us,  0.0 sy,  0.0 ni, 99.9 id,  0.0 wa,  0.0 hi,  0.0 si,  0.0 st
KiB Mem : 65877712 total, 54335792 free,  1141612 used, 10400308 buff/cache
KiB Swap: 33554428 total, 32291132 free,  1263296 used. 63504564 avail Mem 
--
top - 13:31:38 up 104 days,  5:13,  0 users,  load average: 0.01, 0.15, 0.30
Tasks: 397 total,   1 running, 396 sleeping,   0 stopped,   0 zombie
%Cpu(s):  0.0 us,  0.0 sy,  0.0 ni,100.0 id,  0.0 wa,  0.0 hi,  0.0 si,  0.0 st
KiB Mem : 65877712 total, 54335792 free,  1141612 used, 10400308 buff/cache
KiB Swap: 33554428 total, 32291132 free,  1263296 used. 63504564 avail Mem 
--
top - 13:31:43 up 104 days,  5:13,  0 users,  load average: 0.01, 0.15, 0.30
Tasks: 397 total,   1 running, 396 sleeping,   0 stopped,   0 zombie
%Cpu(s):  0.0 us,  0.0 sy,  0.0 ni,100.0 id,  0.0 wa,  0.0 hi,  0.0 si,  0.0 st
KiB Mem : 65877712 total, 54335792 free,  1141612 used, 10400308 buff/cache
KiB Swap: 33554428 total, 32291132 free,  1263296 used. 63504564 avail Mem 
--
top - 13:31:48 up 104 days,  5:13,  0 users,  load average: 0.01, 0.15, 0.30
Tasks: 397 total,   1 running, 396 sleeping,   0 stopped,   0 zombie
%Cpu(s):  0.0 us,  0.0 sy,  0.0 ni,100.0 id,  0.0 wa,  0.0 hi,  0.0 si,  0.0 st
KiB Mem : 65877712 total, 54335792 free,  1141612 used, 10400308 buff/cache
KiB Swap: 33554428 total, 32291132 free,  1263296 used. 63504564 avail Mem 
--
top - 13:31:53 up 104 days,  5:14,  0 users,  load average: 0.01, 0.14, 0.30
Tasks: 397 total,   1 running, 396 sleeping,   0 stopped,   0 zombie
%Cpu(s):  0.0 us,  0.0 sy,  0.0 ni, 99.9 id,  0.0 wa,  0.0 hi,  0.0 si,  0.0 st
KiB Mem : 65877712 total, 54338244 free,  1138856 used, 10400612 buff/cache
KiB Swap: 33554428 total, 32291132 free,  1263296 used. 63507384 avail Mem 
--
top - 13:31:58 up 104 days,  5:14,  0 users,  load average: 0.01, 0.14, 0.30
Tasks: 397 total,   1 running, 396 sleeping,   0 stopped,   0 zombie
%Cpu(s):  0.0 us,  0.0 sy,  0.0 ni,100.0 id,  0.0 wa,  0.0 hi,  0.0 si,  0.0 st
KiB Mem : 65877712 total, 54338244 free,  1138856 used, 10400612 buff/cache
KiB Swap: 33554428 total, 32291132 free,  1263296 used. 63507384 avail Mem 
--
top - 13:32:03 up 104 days,  5:14,  0 users,  load average: 0.01, 0.14, 0.30
Tasks: 402 total,   1 running, 401 sleeping,   0 stopped,   0 zombie
%Cpu(s):  0.4 us,  0.2 sy,  0.0 ni, 99.0 id,  0.3 wa,  0.0 hi,  0.0 si,  0.0 st
KiB Mem : 65877712 total, 54336700 free,  1140388 used, 10400624 buff/cache
KiB Swap: 33554428 total, 32291132 free,  1263296 used. 63505848 avail Mem 
--
top - 13:32:08 up 104 days,  5:14,  0 users,  load average: 0.01, 0.14, 0.29
Tasks: 402 total,   1 running, 401 sleeping,   0 stopped,   0 zombie
%Cpu(s):  0.0 us,  0.0 sy,  0.0 ni,100.0 id,  0.0 wa,  0.0 hi,  0.0 si,  0.0 st
KiB Mem : 65877712 total, 54337024 free,  1140064 used, 10400624 buff/cache
KiB Swap: 33554428 total, 32291132 free,  1263296 used. 63506172 avail Mem 
--
top - 13:32:13 up 104 days,  5:14,  0 users,  load average: 0.01, 0.13, 0.29
Tasks: 402 total,   1 running, 401 sleeping,   0 stopped,   0 zombie
%Cpu(s):  0.0 us,  0.0 sy,  0.0 ni,100.0 id,  0.0 wa,  0.0 hi,  0.0 si,  0.0 st
KiB Mem : 65877712 total, 54326528 free,  1150560 used, 10400624 buff/cache
KiB Swap: 33554428 total, 32291132 free,  1263296 used. 63495676 avail Mem 
--
top - 13:32:18 up 104 days,  5:14,  0 users,  load average: 0.01, 0.13, 0.29
Tasks: 402 total,   2 running, 400 sleeping,   0 stopped,   0 zombie
%Cpu(s):  0.0 us,  0.0 sy,  0.0 ni,100.0 id,  0.0 wa,  0.0 hi,  0.0 si,  0.0 st
KiB Mem : 65877712 total, 54308968 free,  1168120 used, 10400624 buff/cache
KiB Swap: 33554428 total, 32291132 free,  1263296 used. 63478116 avail Mem 
--
top - 13:32:23 up 104 days,  5:14,  0 users,  load average: 0.01, 0.13, 0.29
Tasks: 402 total,   1 running, 401 sleeping,   0 stopped,   0 zombie
%Cpu(s):  0.0 us,  0.0 sy,  0.0 ni,100.0 id,  0.0 wa,  0.0 hi,  0.0 si,  0.0 st
KiB Mem : 65877712 total, 54310476 free,  1166612 used, 10400624 buff/cache
KiB Swap: 33554428 total, 32291132 free,  1263296 used. 63479624 avail Mem 
--
top - 13:32:28 up 104 days,  5:14,  0 users,  load average: 0.00, 0.13, 0.29
Tasks: 402 total,   1 running, 401 sleeping,   0 stopped,   0 zombie
%Cpu(s):  1.6 us,  0.2 sy,  0.0 ni, 98.1 id,  0.0 wa,  0.0 hi,  0.0 si,  0.0 st
KiB Mem : 65877712 total, 54242340 free,  1234740 used, 10400632 buff/cache
KiB Swap: 33554428 total, 32291132 free,  1263296 used. 63411492 avail Mem 
--
top - 13:32:33 up 104 days,  5:14,  0 users,  load average: 0.00, 0.13, 0.29
Tasks: 402 total,   1 running, 401 sleeping,   0 stopped,   0 zombie
%Cpu(s):  0.0 us,  0.0 sy,  0.0 ni, 99.9 id,  0.0 wa,  0.0 hi,  0.0 si,  0.0 st
KiB Mem : 65877712 total, 54241728 free,  1235352 used, 10400632 buff/cache
KiB Swap: 33554428 total, 32291132 free,  1263296 used. 63410880 avail Mem 
--
top - 13:32:38 up 104 days,  5:14,  0 users,  load average: 0.00, 0.12, 0.29
Tasks: 402 total,   1 running, 401 sleeping,   0 stopped,   0 zombie
%Cpu(s):  0.0 us,  0.0 sy,  0.0 ni,100.0 id,  0.0 wa,  0.0 hi,  0.0 si,  0.0 st
KiB Mem : 65877712 total, 54242164 free,  1234916 used, 10400632 buff/cache
KiB Swap: 33554428 total, 32291132 free,  1263296 used. 63411316 avail Mem 
--
top - 13:32:43 up 104 days,  5:14,  0 users,  load average: 0.00, 0.12, 0.28
Tasks: 402 total,   1 running, 401 sleeping,   0 stopped,   0 zombie
%Cpu(s):  0.0 us,  0.0 sy,  0.0 ni,100.0 id,  0.0 wa,  0.0 hi,  0.0 si,  0.0 st
KiB Mem : 65877712 total, 54243092 free,  1233988 used, 10400632 buff/cache
KiB Swap: 33554428 total, 32291132 free,  1263296 used. 63412244 avail Mem 
--
top - 13:32:48 up 104 days,  5:14,  0 users,  load average: 0.00, 0.12, 0.28
Tasks: 402 total,   1 running, 401 sleeping,   0 stopped,   0 zombie
%Cpu(s):  0.0 us,  0.0 sy,  0.0 ni,100.0 id,  0.0 wa,  0.0 hi,  0.0 si,  0.0 st
KiB Mem : 65877712 total, 54243092 free,  1233988 used, 10400632 buff/cache
KiB Swap: 33554428 total, 32291132 free,  1263296 used. 63412244 avail Mem 
--
top - 13:32:53 up 104 days,  5:15,  0 users,  load average: 0.00, 0.12, 0.28
Tasks: 402 total,   1 running, 401 sleeping,   0 stopped,   0 zombie
%Cpu(s):  0.0 us,  0.0 sy,  0.0 ni, 99.9 id,  0.0 wa,  0.0 hi,  0.0 si,  0.0 st
KiB Mem : 65877712 total, 54243820 free,  1233248 used, 10400644 buff/cache
KiB Swap: 33554428 total, 32291132 free,  1263296 used. 63412980 avail Mem 
--
top - 13:32:58 up 104 days,  5:15,  0 users,  load average: 0.00, 0.12, 0.28
Tasks: 402 total,   1 running, 401 sleeping,   0 stopped,   0 zombie
%Cpu(s):  0.0 us,  0.0 sy,  0.0 ni,100.0 id,  0.0 wa,  0.0 hi,  0.0 si,  0.0 st
KiB Mem : 65877712 total, 54243944 free,  1233124 used, 10400644 buff/cache
KiB Swap: 33554428 total, 32291132 free,  1263296 used. 63413104 avail Mem 
--
top - 13:33:04 up 104 days,  5:15,  0 users,  load average: 0.00, 0.11, 0.28
Tasks: 398 total,   1 running, 397 sleeping,   0 stopped,   0 zombie
%Cpu(s):  0.0 us,  0.0 sy,  0.0 ni, 99.9 id,  0.0 wa,  0.0 hi,  0.0 si,  0.0 st
KiB Mem : 65877712 total, 54244744 free,  1232324 used, 10400644 buff/cache
KiB Swap: 33554428 total, 32291132 free,  1263296 used. 63413904 avail Mem 
--
top - 13:33:09 up 104 days,  5:15,  0 users,  load average: 0.00, 0.11, 0.28
Tasks: 398 total,   1 running, 397 sleeping,   0 stopped,   0 zombie
%Cpu(s):  0.0 us,  0.0 sy,  0.0 ni,100.0 id,  0.0 wa,  0.0 hi,  0.0 si,  0.0 st
KiB Mem : 65877712 total, 54244744 free,  1232324 used, 10400644 buff/cache
KiB Swap: 33554428 total, 32291132 free,  1263296 used. 63413904 avail Mem 
--
top - 13:33:14 up 104 days,  5:15,  0 users,  load average: 0.00, 0.11, 0.28
Tasks: 398 total,   1 running, 397 sleeping,   0 stopped,   0 zombie
%Cpu(s):  0.0 us,  0.0 sy,  0.0 ni,100.0 id,  0.0 wa,  0.0 hi,  0.0 si,  0.0 st
KiB Mem : 65877712 total, 54244744 free,  1232324 used, 10400644 buff/cache
KiB Swap: 33554428 total, 32291132 free,  1263296 used. 63413904 avail Mem 
--
top - 13:33:19 up 104 days,  5:15,  0 users,  load average: 0.00, 0.11, 0.27
Tasks: 398 total,   2 running, 396 sleeping,   0 stopped,   0 zombie
%Cpu(s):  0.0 us,  0.0 sy,  0.0 ni,100.0 id,  0.0 wa,  0.0 hi,  0.0 si,  0.0 st
KiB Mem : 65877712 total, 54244744 free,  1232324 used, 10400644 buff/cache
KiB Swap: 33554428 total, 32291132 free,  1263296 used. 63413904 avail Mem 
--
top - 13:33:24 up 104 days,  5:15,  0 users,  load average: 0.00, 0.11, 0.27
Tasks: 398 total,   1 running, 397 sleeping,   0 stopped,   0 zombie
%Cpu(s):  0.0 us,  0.0 sy,  0.0 ni,100.0 id,  0.0 wa,  0.0 hi,  0.0 si,  0.0 st
KiB Mem : 65877712 total, 54244744 free,  1232324 used, 10400644 buff/cache
KiB Swap: 33554428 total, 32291132 free,  1263296 used. 63413904 avail Mem 
--
top - 13:33:29 up 104 days,  5:15,  0 users,  load average: 0.00, 0.10, 0.27
Tasks: 398 total,   1 running, 397 sleeping,   0 stopped,   0 zombie
%Cpu(s):  0.0 us,  0.0 sy,  0.0 ni,100.0 id,  0.0 wa,  0.0 hi,  0.0 si,  0.0 st
KiB Mem : 65877712 total, 54244744 free,  1232324 used, 10400644 buff/cache
KiB Swap: 33554428 total, 32291132 free,  1263296 used. 63413904 avail Mem 
--
top - 13:33:34 up 104 days,  5:15,  0 users,  load average: 0.00, 0.10, 0.27
Tasks: 398 total,   1 running, 397 sleeping,   0 stopped,   0 zombie
%Cpu(s):  0.0 us,  0.0 sy,  0.0 ni,100.0 id,  0.0 wa,  0.0 hi,  0.0 si,  0.0 st
KiB Mem : 65877712 total, 54244668 free,  1232400 used, 10400644 buff/cache
KiB Swap: 33554428 total, 32291132 free,  1263296 used. 63413828 avail Mem 
--
top - 13:33:39 up 104 days,  5:15,  0 users,  load average: 0.00, 0.10, 0.27
Tasks: 398 total,   1 running, 397 sleeping,   0 stopped,   0 zombie
%Cpu(s):  0.0 us,  0.0 sy,  0.0 ni,100.0 id,  0.0 wa,  0.0 hi,  0.0 si,  0.0 st
KiB Mem : 65877712 total, 54244668 free,  1232400 used, 10400644 buff/cache
KiB Swap: 33554428 total, 32291132 free,  1263296 used. 63413828 avail Mem 
--
top - 13:33:44 up 104 days,  5:15,  0 users,  load average: 0.00, 0.10, 0.27
Tasks: 397 total,   1 running, 396 sleeping,   0 stopped,   0 zombie
%Cpu(s):  0.0 us,  0.0 sy,  0.0 ni,100.0 id,  0.0 wa,  0.0 hi,  0.0 si,  0.0 st
KiB Mem : 65877712 total, 54244668 free,  1232400 used, 10400644 buff/cache
KiB Swap: 33554428 total, 32291132 free,  1263296 used. 63413828 avail Mem 
--
top - 13:33:49 up 104 days,  5:15,  0 users,  load average: 0.00, 0.10, 0.27
Tasks: 397 total,   1 running, 396 sleeping,   0 stopped,   0 zombie
%Cpu(s):  0.0 us,  0.0 sy,  0.0 ni,100.0 id,  0.0 wa,  0.0 hi,  0.0 si,  0.0 st
KiB Mem : 65877712 total, 54244220 free,  1232848 used, 10400644 buff/cache
KiB Swap: 33554428 total, 32291132 free,  1263296 used. 63413380 avail Mem 
--
top - 13:33:54 up 104 days,  5:16,  0 users,  load average: 0.00, 0.10, 0.26
Tasks: 397 total,   1 running, 396 sleeping,   0 stopped,   0 zombie
%Cpu(s):  0.0 us,  0.0 sy,  0.0 ni, 99.9 id,  0.0 wa,  0.0 hi,  0.0 si,  0.0 st
KiB Mem : 65877712 total, 54243696 free,  1233372 used, 10400644 buff/cache
KiB Swap: 33554428 total, 32291132 free,  1263296 used. 63412856 avail Mem 
--
top - 13:33:59 up 104 days,  5:16,  0 users,  load average: 0.00, 0.10, 0.26
Tasks: 397 total,   1 running, 396 sleeping,   0 stopped,   0 zombie
%Cpu(s):  0.0 us,  0.0 sy,  0.0 ni,100.0 id,  0.0 wa,  0.0 hi,  0.0 si,  0.0 st
KiB Mem : 65877712 total, 54244568 free,  1232500 used, 10400644 buff/cache
KiB Swap: 33554428 total, 32291132 free,  1263296 used. 63413728 avail Mem 
--
top - 13:34:04 up 104 days,  5:16,  0 users,  load average: 0.00, 0.09, 0.26
Tasks: 398 total,   1 running, 397 sleeping,   0 stopped,   0 zombie
%Cpu(s):  0.4 us,  0.2 sy,  0.0 ni, 99.0 id,  0.3 wa,  0.0 hi,  0.0 si,  0.0 st
KiB Mem : 65877712 total, 54243716 free,  1233348 used, 10400648 buff/cache
KiB Swap: 33554428 total, 32291132 free,  1263296 used. 63412880 avail Mem 
--
top - 13:34:09 up 104 days,  5:16,  0 users,  load average: 0.00, 0.09, 0.26
Tasks: 398 total,   1 running, 397 sleeping,   0 stopped,   0 zombie
%Cpu(s):  0.0 us,  0.0 sy,  0.0 ni, 99.9 id,  0.0 wa,  0.0 hi,  0.0 si,  0.0 st
KiB Mem : 65877712 total, 54235192 free,  1241872 used, 10400648 buff/cache
KiB Swap: 33554428 total, 32291132 free,  1263296 used. 63404356 avail Mem 
--
top - 13:34:14 up 104 days,  5:16,  0 users,  load average: 0.00, 0.09, 0.26
Tasks: 398 total,   1 running, 397 sleeping,   0 stopped,   0 zombie
%Cpu(s):  0.0 us,  0.0 sy,  0.0 ni,100.0 id,  0.0 wa,  0.0 hi,  0.0 si,  0.0 st
KiB Mem : 65877712 total, 54234200 free,  1242864 used, 10400648 buff/cache
KiB Swap: 33554428 total, 32291132 free,  1263296 used. 63403364 avail Mem 
--
top - 13:34:19 up 104 days,  5:16,  0 users,  load average: 0.00, 0.09, 0.26
Tasks: 398 total,   1 running, 397 sleeping,   0 stopped,   0 zombie
%Cpu(s):  1.5 us,  0.1 sy,  0.0 ni, 98.4 id,  0.0 wa,  0.0 hi,  0.0 si,  0.0 st
KiB Mem : 65877712 total, 54175648 free,  1301408 used, 10400656 buff/cache
KiB Swap: 33554428 total, 32291132 free,  1263296 used. 63344816 avail Mem 
--
top - 13:34:24 up 104 days,  5:16,  0 users,  load average: 0.00, 0.09, 0.25
Tasks: 398 total,   1 running, 397 sleeping,   0 stopped,   0 zombie
%Cpu(s):  0.0 us,  0.0 sy,  0.0 ni,100.0 id,  0.0 wa,  0.0 hi,  0.0 si,  0.0 st
KiB Mem : 65877712 total, 54182500 free,  1294556 used, 10400656 buff/cache
KiB Swap: 33554428 total, 32291132 free,  1263296 used. 63351668 avail Mem 
--
top - 13:34:29 up 104 days,  5:16,  0 users,  load average: 0.00, 0.09, 0.25
Tasks: 398 total,   1 running, 397 sleeping,   0 stopped,   0 zombie
%Cpu(s):  0.0 us,  0.0 sy,  0.0 ni,100.0 id,  0.0 wa,  0.0 hi,  0.0 si,  0.0 st
KiB Mem : 65877712 total, 54183168 free,  1293888 used, 10400656 buff/cache
KiB Swap: 33554428 total, 32291132 free,  1263296 used. 63352336 avail Mem 
--
top - 13:34:34 up 104 days,  5:16,  0 users,  load average: 0.00, 0.08, 0.25
Tasks: 398 total,   1 running, 397 sleeping,   0 stopped,   0 zombie
%Cpu(s):  0.0 us,  0.0 sy,  0.0 ni, 99.9 id,  0.0 wa,  0.0 hi,  0.0 si,  0.0 st
KiB Mem : 65877712 total, 54181644 free,  1295412 used, 10400656 buff/cache
KiB Swap: 33554428 total, 32291132 free,  1263296 used. 63350812 avail Mem 
--
top - 13:34:39 up 104 days,  5:16,  0 users,  load average: 0.00, 0.08, 0.25
Tasks: 398 total,   1 running, 397 sleeping,   0 stopped,   0 zombie
%Cpu(s):  0.0 us,  0.0 sy,  0.0 ni,100.0 id,  0.0 wa,  0.0 hi,  0.0 si,  0.0 st
KiB Mem : 65877712 total, 54181272 free,  1295784 used, 10400656 buff/cache
KiB Swap: 33554428 total, 32291132 free,  1263296 used. 63350440 avail Mem 
--
top - 13:34:44 up 104 days,  5:16,  0 users,  load average: 0.00, 0.08, 0.25
Tasks: 398 total,   1 running, 397 sleeping,   0 stopped,   0 zombie
%Cpu(s):  0.0 us,  0.0 sy,  0.0 ni,100.0 id,  0.0 wa,  0.0 hi,  0.0 si,  0.0 st
KiB Mem : 65877712 total, 54181272 free,  1295784 used, 10400656 buff/cache
KiB Swap: 33554428 total, 32291132 free,  1263296 used. 63350440 avail Mem 
--
top - 13:34:49 up 104 days,  5:16,  0 users,  load average: 0.00, 0.08, 0.25
Tasks: 398 total,   1 running, 397 sleeping,   0 stopped,   0 zombie
%Cpu(s):  0.0 us,  0.0 sy,  0.0 ni,100.0 id,  0.0 wa,  0.0 hi,  0.0 si,  0.0 st
KiB Mem : 65877712 total, 54180836 free,  1296220 used, 10400656 buff/cache
KiB Swap: 33554428 total, 32291132 free,  1263296 used. 63350004 avail Mem 
--
top - 13:34:54 up 104 days,  5:17,  0 users,  load average: 0.00, 0.08, 0.25
Tasks: 398 total,   1 running, 397 sleeping,   0 stopped,   0 zombie
%Cpu(s):  0.0 us,  0.0 sy,  0.0 ni, 99.9 id,  0.1 wa,  0.0 hi,  0.0 si,  0.0 st
KiB Mem : 65877712 total, 54179640 free,  1297416 used, 10400656 buff/cache
KiB Swap: 33554428 total, 32291132 free,  1263296 used. 63348808 avail Mem 
--
top - 13:34:59 up 104 days,  5:17,  0 users,  load average: 0.00, 0.08, 0.24
Tasks: 395 total,   1 running, 394 sleeping,   0 stopped,   0 zombie
%Cpu(s):  0.0 us,  0.0 sy,  0.0 ni,100.0 id,  0.0 wa,  0.0 hi,  0.0 si,  0.0 st
KiB Mem : 65877712 total, 54180076 free,  1296980 used, 10400656 buff/cache
KiB Swap: 33554428 total, 32291132 free,  1263296 used. 63349244 avail Mem 
--
top - 13:35:04 up 104 days,  5:17,  0 users,  load average: 0.00, 0.08, 0.24
Tasks: 395 total,   1 running, 394 sleeping,   0 stopped,   0 zombie
%Cpu(s):  0.0 us,  0.0 sy,  0.0 ni, 99.9 id,  0.0 wa,  0.0 hi,  0.0 si,  0.0 st
KiB Mem : 65877712 total, 54178560 free,  1298496 used, 10400656 buff/cache
KiB Swap: 33554428 total, 32291132 free,  1263296 used. 63347728 avail Mem 
--
top - 13:35:09 up 104 days,  5:17,  0 users,  load average: 0.00, 0.07, 0.24
Tasks: 395 total,   1 running, 394 sleeping,   0 stopped,   0 zombie
%Cpu(s):  0.0 us,  0.0 sy,  0.0 ni,100.0 id,  0.0 wa,  0.0 hi,  0.0 si,  0.0 st
KiB Mem : 65877712 total, 54178560 free,  1298496 used, 10400656 buff/cache
KiB Swap: 33554428 total, 32291132 free,  1263296 used. 63347728 avail Mem 
--
top - 13:35:14 up 104 days,  5:17,  0 users,  load average: 0.00, 0.07, 0.24
Tasks: 395 total,   1 running, 394 sleeping,   0 stopped,   0 zombie
%Cpu(s):  0.0 us,  0.0 sy,  0.0 ni,100.0 id,  0.0 wa,  0.0 hi,  0.0 si,  0.0 st
KiB Mem : 65877712 total, 54178064 free,  1298992 used, 10400656 buff/cache
KiB Swap: 33554428 total, 32291132 free,  1263296 used. 63347232 avail Mem 
--
top - 13:35:19 up 104 days,  5:17,  0 users,  load average: 0.00, 0.07, 0.24
Tasks: 395 total,   1 running, 394 sleeping,   0 stopped,   0 zombie
%Cpu(s):  0.0 us,  0.0 sy,  0.0 ni,100.0 id,  0.0 wa,  0.0 hi,  0.0 si,  0.0 st
KiB Mem : 65877712 total, 54178500 free,  1298556 used, 10400656 buff/cache
KiB Swap: 33554428 total, 32291132 free,  1263296 used. 63347668 avail Mem 
--
top - 13:35:24 up 104 days,  5:17,  0 users,  load average: 0.00, 0.07, 0.24
Tasks: 395 total,   1 running, 394 sleeping,   0 stopped,   0 zombie
%Cpu(s):  0.0 us,  0.0 sy,  0.0 ni,100.0 id,  0.0 wa,  0.0 hi,  0.0 si,  0.0 st
KiB Mem : 65877712 total, 54178500 free,  1298556 used, 10400656 buff/cache
KiB Swap: 33554428 total, 32291132 free,  1263296 used. 63347668 avail Mem 
--
top - 13:35:29 up 104 days,  5:17,  0 users,  load average: 0.08, 0.09, 0.24
Tasks: 395 total,   1 running, 394 sleeping,   0 stopped,   0 zombie
%Cpu(s):  0.0 us,  0.0 sy,  0.0 ni,100.0 id,  0.0 wa,  0.0 hi,  0.0 si,  0.0 st
KiB Mem : 65877712 total, 54178004 free,  1299052 used, 10400656 buff/cache
KiB Swap: 33554428 total, 32291132 free,  1263296 used. 63347172 avail Mem 
--
top - 13:35:34 up 104 days,  5:17,  0 users,  load average: 0.08, 0.09, 0.24
Tasks: 395 total,   1 running, 394 sleeping,   0 stopped,   0 zombie
%Cpu(s):  0.0 us,  0.0 sy,  0.0 ni,100.0 id,  0.0 wa,  0.0 hi,  0.0 si,  0.0 st
KiB Mem : 65877712 total, 54179244 free,  1297812 used, 10400656 buff/cache
KiB Swap: 33554428 total, 32291132 free,  1263296 used. 63348412 avail Mem 
--
top - 13:35:39 up 104 days,  5:17,  0 users,  load average: 0.07, 0.08, 0.24
Tasks: 395 total,   1 running, 394 sleeping,   0 stopped,   0 zombie
%Cpu(s):  0.0 us,  0.0 sy,  0.0 ni,100.0 id,  0.0 wa,  0.0 hi,  0.0 si,  0.0 st
KiB Mem : 65877712 total, 54178796 free,  1298260 used, 10400656 buff/cache
KiB Swap: 33554428 total, 32291132 free,  1263296 used. 63347964 avail Mem 
--
top - 13:35:44 up 104 days,  5:17,  0 users,  load average: 0.06, 0.08, 0.24
Tasks: 395 total,   1 running, 394 sleeping,   0 stopped,   0 zombie
%Cpu(s):  0.0 us,  0.0 sy,  0.0 ni,100.0 id,  0.0 wa,  0.0 hi,  0.0 si,  0.0 st
KiB Mem : 65877712 total, 54178796 free,  1298260 used, 10400656 buff/cache
KiB Swap: 33554428 total, 32291132 free,  1263296 used. 63347964 avail Mem 
--
top - 13:35:49 up 104 days,  5:17,  0 users,  load average: 0.06, 0.08, 0.24
Tasks: 395 total,   1 running, 394 sleeping,   0 stopped,   0 zombie
%Cpu(s):  0.0 us,  0.0 sy,  0.0 ni,100.0 id,  0.0 wa,  0.0 hi,  0.0 si,  0.0 st
KiB Mem : 65877712 total, 54176812 free,  1300244 used, 10400656 buff/cache
KiB Swap: 33554428 total, 32291132 free,  1263296 used. 63345980 avail Mem 
--
top - 13:35:54 up 104 days,  5:18,  0 users,  load average: 0.05, 0.08, 0.23
Tasks: 394 total,   2 running, 392 sleeping,   0 stopped,   0 zombie
%Cpu(s):  0.0 us,  0.0 sy,  0.0 ni, 99.9 id,  0.0 wa,  0.0 hi,  0.0 si,  0.0 st
KiB Mem : 65877712 total, 54174004 free,  1303052 used, 10400656 buff/cache
KiB Swap: 33554428 total, 32291132 free,  1263296 used. 63343172 avail Mem 
--
top - 13:35:59 up 104 days,  5:18,  0 users,  load average: 0.05, 0.08, 0.23
Tasks: 394 total,   1 running, 393 sleeping,   0 stopped,   0 zombie
%Cpu(s):  0.0 us,  0.0 sy,  0.0 ni,100.0 id,  0.0 wa,  0.0 hi,  0.0 si,  0.0 st
KiB Mem : 65877712 total, 54169524 free,  1307532 used, 10400656 buff/cache
KiB Swap: 33554428 total, 32291132 free,  1263296 used. 63338692 avail Mem 
--
top - 13:36:04 up 104 days,  5:18,  0 users,  load average: 0.05, 0.08, 0.23
Tasks: 398 total,   1 running, 397 sleeping,   0 stopped,   0 zombie
%Cpu(s):  1.8 us,  0.2 sy,  0.0 ni, 97.6 id,  0.3 wa,  0.0 hi,  0.0 si,  0.0 st
KiB Mem : 65877712 total, 54147408 free,  1329640 used, 10400664 buff/cache
KiB Swap: 33554428 total, 32291132 free,  1263296 used. 63316584 avail Mem 
--
top - 13:36:09 up 104 days,  5:18,  0 users,  load average: 0.04, 0.08, 0.23
Tasks: 398 total,   1 running, 397 sleeping,   0 stopped,   0 zombie
%Cpu(s):  0.0 us,  0.0 sy,  0.0 ni,100.0 id,  0.0 wa,  0.0 hi,  0.0 si,  0.0 st
KiB Mem : 65877712 total, 54142212 free,  1334828 used, 10400672 buff/cache
KiB Swap: 33554428 total, 32291132 free,  1263296 used. 63311392 avail Mem 
--
top - 13:36:14 up 104 days,  5:18,  0 users,  load average: 0.04, 0.07, 0.23
Tasks: 398 total,   1 running, 397 sleeping,   0 stopped,   0 zombie
%Cpu(s):  0.0 us,  0.0 sy,  0.0 ni, 99.9 id,  0.0 wa,  0.0 hi,  0.0 si,  0.0 st
KiB Mem : 65877712 total, 54143344 free,  1333696 used, 10400672 buff/cache
KiB Swap: 33554428 total, 32291132 free,  1263296 used. 63312524 avail Mem 
--
top - 13:36:19 up 104 days,  5:18,  0 users,  load average: 0.04, 0.07, 0.23
Tasks: 398 total,   1 running, 397 sleeping,   0 stopped,   0 zombie
%Cpu(s):  0.0 us,  0.0 sy,  0.0 ni,100.0 id,  0.0 wa,  0.0 hi,  0.0 si,  0.0 st
KiB Mem : 65877712 total, 54141004 free,  1336036 used, 10400672 buff/cache
KiB Swap: 33554428 total, 32291132 free,  1263296 used. 63310184 avail Mem 
--
top - 13:36:24 up 104 days,  5:18,  0 users,  load average: 0.03, 0.07, 0.23
Tasks: 398 total,   1 running, 397 sleeping,   0 stopped,   0 zombie
%Cpu(s):  0.0 us,  0.0 sy,  0.0 ni, 99.9 id,  0.0 wa,  0.0 hi,  0.0 si,  0.0 st
KiB Mem : 65877712 total, 54141004 free,  1336036 used, 10400672 buff/cache
KiB Swap: 33554428 total, 32291132 free,  1263296 used. 63310184 avail Mem 
--
top - 13:36:29 up 104 days,  5:18,  0 users,  load average: 0.03, 0.07, 0.22
Tasks: 398 total,   1 running, 397 sleeping,   0 stopped,   0 zombie
%Cpu(s):  0.0 us,  0.0 sy,  0.0 ni, 99.9 id,  0.0 wa,  0.0 hi,  0.0 si,  0.0 st
KiB Mem : 65877712 total, 54129580 free,  1347460 used, 10400672 buff/cache
KiB Swap: 33554428 total, 32291132 free,  1263296 used. 63298760 avail Mem 
--
top - 13:36:34 up 104 days,  5:18,  0 users,  load average: 0.03, 0.07, 0.22
Tasks: 398 total,   1 running, 397 sleeping,   0 stopped,   0 zombie
%Cpu(s):  0.0 us,  0.0 sy,  0.0 ni, 99.9 id,  0.0 wa,  0.0 hi,  0.0 si,  0.0 st
KiB Mem : 65877712 total, 54129124 free,  1347916 used, 10400672 buff/cache
KiB Swap: 33554428 total, 32291132 free,  1263296 used. 63298304 avail Mem 
--
top - 13:36:39 up 104 days,  5:18,  0 users,  load average: 0.03, 0.07, 0.22
Tasks: 398 total,   1 running, 397 sleeping,   0 stopped,   0 zombie
%Cpu(s):  0.0 us,  0.0 sy,  0.0 ni,100.0 id,  0.0 wa,  0.0 hi,  0.0 si,  0.0 st
KiB Mem : 65877712 total, 54126772 free,  1350268 used, 10400672 buff/cache
KiB Swap: 33554428 total, 32291132 free,  1263296 used. 63295952 avail Mem 
--
top - 13:36:44 up 104 days,  5:18,  0 users,  load average: 0.02, 0.07, 0.22
Tasks: 398 total,   1 running, 397 sleeping,   0 stopped,   0 zombie
%Cpu(s):  0.0 us,  0.0 sy,  0.0 ni,100.0 id,  0.0 wa,  0.0 hi,  0.0 si,  0.0 st
KiB Mem : 65877712 total, 54126772 free,  1350268 used, 10400672 buff/cache
KiB Swap: 33554428 total, 32291132 free,  1263296 used. 63295952 avail Mem 
--
top - 13:36:49 up 104 days,  5:18,  0 users,  load average: 0.02, 0.07, 0.22
Tasks: 398 total,   1 running, 397 sleeping,   0 stopped,   0 zombie
%Cpu(s):  0.0 us,  0.0 sy,  0.0 ni, 99.9 id,  0.0 wa,  0.0 hi,  0.0 si,  0.0 st
KiB Mem : 65877712 total, 54124280 free,  1352760 used, 10400672 buff/cache
KiB Swap: 33554428 total, 32291132 free,  1263296 used. 63293460 avail Mem 
--
top - 13:36:54 up 104 days,  5:19,  0 users,  load average: 0.02, 0.07, 0.22
Tasks: 398 total,   1 running, 397 sleeping,   0 stopped,   0 zombie
%Cpu(s):  0.0 us,  0.0 sy,  0.0 ni, 99.9 id,  0.0 wa,  0.0 hi,  0.0 si,  0.0 st
KiB Mem : 65877712 total, 54123692 free,  1353348 used, 10400672 buff/cache
KiB Swap: 33554428 total, 32291132 free,  1263296 used. 63292872 avail Mem 
--
top - 13:36:59 up 104 days,  5:19,  0 users,  load average: 0.02, 0.06, 0.22
Tasks: 398 total,   1 running, 397 sleeping,   0 stopped,   0 zombie
%Cpu(s):  0.0 us,  0.0 sy,  0.0 ni, 99.9 id,  0.0 wa,  0.0 hi,  0.0 si,  0.0 st
KiB Mem : 65877712 total, 54123608 free,  1353432 used, 10400672 buff/cache
KiB Swap: 33554428 total, 32291132 free,  1263296 used. 63292788 avail Mem 
--
top - 13:37:04 up 104 days,  5:19,  0 users,  load average: 0.02, 0.06, 0.22
Tasks: 397 total,   1 running, 396 sleeping,   0 stopped,   0 zombie
%Cpu(s):  0.0 us,  0.0 sy,  0.0 ni, 99.9 id,  0.0 wa,  0.0 hi,  0.0 si,  0.0 st
KiB Mem : 65877712 total, 54123472 free,  1353568 used, 10400672 buff/cache
KiB Swap: 33554428 total, 32291132 free,  1263296 used. 63292652 avail Mem 
--
top - 13:37:09 up 104 days,  5:19,  0 users,  load average: 0.02, 0.06, 0.22
Tasks: 396 total,   1 running, 395 sleeping,   0 stopped,   0 zombie
%Cpu(s):  0.0 us,  0.0 sy,  0.0 ni,100.0 id,  0.0 wa,  0.0 hi,  0.0 si,  0.0 st
KiB Mem : 65877712 total, 54122228 free,  1354812 used, 10400672 buff/cache
KiB Swap: 33554428 total, 32291132 free,  1263296 used. 63291408 avail Mem 
--
top - 13:37:14 up 104 days,  5:19,  0 users,  load average: 0.01, 0.06, 0.22
Tasks: 396 total,   1 running, 395 sleeping,   0 stopped,   0 zombie
%Cpu(s):  0.0 us,  0.0 sy,  0.0 ni,100.0 id,  0.0 wa,  0.0 hi,  0.0 si,  0.0 st
KiB Mem : 65877712 total, 54121732 free,  1355308 used, 10400672 buff/cache
KiB Swap: 33554428 total, 32291132 free,  1263296 used. 63290912 avail Mem 
--
top - 13:37:20 up 104 days,  5:19,  0 users,  load average: 0.01, 0.06, 0.21
Tasks: 396 total,   1 running, 395 sleeping,   0 stopped,   0 zombie
%Cpu(s):  0.0 us,  0.0 sy,  0.0 ni,100.0 id,  0.0 wa,  0.0 hi,  0.0 si,  0.0 st
KiB Mem : 65877712 total, 54121440 free,  1355600 used, 10400672 buff/cache
KiB Swap: 33554428 total, 32291132 free,  1263296 used. 63290620 avail Mem 
--
top - 13:37:25 up 104 days,  5:19,  0 users,  load average: 0.01, 0.06, 0.21
Tasks: 396 total,   1 running, 395 sleeping,   0 stopped,   0 zombie
%Cpu(s):  0.0 us,  0.0 sy,  0.0 ni,100.0 id,  0.0 wa,  0.0 hi,  0.0 si,  0.0 st
KiB Mem : 65877712 total, 54121372 free,  1355668 used, 10400672 buff/cache
KiB Swap: 33554428 total, 32291132 free,  1263296 used. 63290552 avail Mem 
--
top - 13:37:30 up 104 days,  5:19,  0 users,  load average: 0.01, 0.06, 0.21
Tasks: 396 total,   1 running, 395 sleeping,   0 stopped,   0 zombie
%Cpu(s):  0.0 us,  0.0 sy,  0.0 ni, 99.9 id,  0.0 wa,  0.0 hi,  0.0 si,  0.0 st
KiB Mem : 65877712 total, 54120984 free,  1356056 used, 10400672 buff/cache
KiB Swap: 33554428 total, 32291132 free,  1263296 used. 63290164 avail Mem 
--
top - 13:37:35 up 104 days,  5:19,  0 users,  load average: 0.01, 0.06, 0.21
Tasks: 396 total,   1 running, 395 sleeping,   0 stopped,   0 zombie
%Cpu(s):  0.0 us,  0.0 sy,  0.0 ni,100.0 id,  0.0 wa,  0.0 hi,  0.0 si,  0.0 st
KiB Mem : 65877712 total, 54119420 free,  1357620 used, 10400672 buff/cache
KiB Swap: 33554428 total, 32291132 free,  1263296 used. 63288600 avail Mem 
--
top - 13:37:40 up 104 days,  5:19,  0 users,  load average: 0.01, 0.06, 0.21
Tasks: 396 total,   2 running, 394 sleeping,   0 stopped,   0 zombie
%Cpu(s):  0.3 us,  0.3 sy,  0.0 ni, 99.4 id,  0.0 wa,  0.0 hi,  0.0 si,  0.0 st
KiB Mem : 65877712 total, 53448428 free,  2028612 used, 10400672 buff/cache
KiB Swap: 33554428 total, 32291132 free,  1263296 used. 62617608 avail Mem 
--
top - 13:37:45 up 104 days,  5:19,  0 users,  load average: 0.01, 0.06, 0.21
Tasks: 396 total,   2 running, 394 sleeping,   0 stopped,   0 zombie
%Cpu(s):  0.2 us,  0.1 sy,  0.0 ni, 99.6 id,  0.0 wa,  0.0 hi,  0.0 si,  0.0 st
KiB Mem : 65877712 total, 53316128 free,  2160912 used, 10400672 buff/cache
KiB Swap: 33554428 total, 32291132 free,  1263296 used. 62485308 avail Mem 
--
top - 13:37:50 up 104 days,  5:19,  0 users,  load average: 0.01, 0.05, 0.21
Tasks: 396 total,   1 running, 395 sleeping,   0 stopped,   0 zombie
%Cpu(s):  0.0 us,  0.0 sy,  0.0 ni, 99.9 id,  0.0 wa,  0.0 hi,  0.0 si,  0.0 st
KiB Mem : 65877712 total, 53300664 free,  2176376 used, 10400672 buff/cache
KiB Swap: 33554428 total, 32291132 free,  1263296 used. 62469844 avail Mem 
--
top - 13:37:55 up 104 days,  5:20,  0 users,  load average: 0.17, 0.09, 0.22
Tasks: 396 total,   1 running, 395 sleeping,   0 stopped,   0 zombie
%Cpu(s):  5.4 us,  0.5 sy,  0.0 ni, 94.1 id,  0.0 wa,  0.0 hi,  0.0 si,  0.0 st
KiB Mem : 65877712 total, 50358504 free,  5118528 used, 10400680 buff/cache
KiB Swap: 33554428 total, 32291132 free,  1263296 used. 59527692 avail Mem 
--
top - 13:38:00 up 104 days,  5:20,  0 users,  load average: 0.31, 0.12, 0.23
Tasks: 405 total,   1 running, 404 sleeping,   0 stopped,   0 zombie
%Cpu(s):  6.5 us,  0.1 sy,  0.0 ni, 93.3 id,  0.1 wa,  0.0 hi,  0.0 si,  0.0 st
KiB Mem : 65877712 total, 50342452 free,  5134580 used, 10400680 buff/cache
KiB Swap: 33554428 total, 32291132 free,  1263296 used. 59511640 avail Mem 
--
top - 13:38:05 up 104 days,  5:20,  0 users,  load average: 0.37, 0.13, 0.23
Tasks: 400 total,   1 running, 399 sleeping,   0 stopped,   0 zombie
%Cpu(s):  5.2 us,  0.1 sy,  0.0 ni, 94.4 id,  0.3 wa,  0.0 hi,  0.0 si,  0.0 st
KiB Mem : 65877712 total, 51432544 free,  4044488 used, 10400680 buff/cache
KiB Swap: 33554428 total, 32291132 free,  1263296 used. 60601732 avail Mem 
--
top - 13:38:10 up 104 days,  5:20,  0 users,  load average: 0.42, 0.15, 0.24
Tasks: 400 total,   1 running, 399 sleeping,   0 stopped,   0 zombie
%Cpu(s):  1.3 us,  0.1 sy,  0.0 ni, 98.5 id,  0.0 wa,  0.0 hi,  0.0 si,  0.0 st
KiB Mem : 65877712 total, 53732208 free,  1744824 used, 10400680 buff/cache
KiB Swap: 33554428 total, 32291132 free,  1263296 used. 62901396 avail Mem 
--
top - 13:38:15 up 104 days,  5:20,  0 users,  load average: 0.39, 0.14, 0.23
Tasks: 400 total,   1 running, 399 sleeping,   0 stopped,   0 zombie
%Cpu(s):  0.0 us,  0.0 sy,  0.0 ni,100.0 id,  0.0 wa,  0.0 hi,  0.0 si,  0.0 st
KiB Mem : 65877712 total, 53737376 free,  1739652 used, 10400684 buff/cache
KiB Swap: 33554428 total, 32291132 free,  1263296 used. 62906568 avail Mem 
--
top - 13:38:20 up 104 days,  5:20,  0 users,  load average: 0.35, 0.14, 0.23
Tasks: 400 total,   1 running, 399 sleeping,   0 stopped,   0 zombie
%Cpu(s):  0.0 us,  0.0 sy,  0.0 ni,100.0 id,  0.0 wa,  0.0 hi,  0.0 si,  0.0 st
KiB Mem : 65877712 total, 53737020 free,  1740000 used, 10400692 buff/cache
KiB Swap: 33554428 total, 32291132 free,  1263296 used. 62906216 avail Mem 
--
top - 13:38:25 up 104 days,  5:20,  0 users,  load average: 0.33, 0.14, 0.23
Tasks: 400 total,   1 running, 399 sleeping,   0 stopped,   0 zombie
%Cpu(s):  0.0 us,  0.0 sy,  0.0 ni,100.0 id,  0.0 wa,  0.0 hi,  0.0 si,  0.0 st
KiB Mem : 65877712 total, 53736976 free,  1740044 used, 10400692 buff/cache
KiB Swap: 33554428 total, 32291132 free,  1263296 used. 62906172 avail Mem 
--
top - 13:38:30 up 104 days,  5:20,  0 users,  load average: 0.30, 0.14, 0.23
Tasks: 400 total,   1 running, 399 sleeping,   0 stopped,   0 zombie
%Cpu(s):  0.0 us,  0.0 sy,  0.0 ni, 99.9 id,  0.0 wa,  0.0 hi,  0.0 si,  0.0 st
KiB Mem : 65877712 total, 53736984 free,  1740036 used, 10400692 buff/cache
KiB Swap: 33554428 total, 32291132 free,  1263296 used. 62906180 avail Mem 
--
top - 13:38:35 up 104 days,  5:20,  0 users,  load average: 0.28, 0.14, 0.23
Tasks: 400 total,   1 running, 399 sleeping,   0 stopped,   0 zombie
%Cpu(s):  0.0 us,  0.0 sy,  0.0 ni, 99.9 id,  0.0 wa,  0.0 hi,  0.0 si,  0.0 st
KiB Mem : 65877712 total, 53736768 free,  1740252 used, 10400692 buff/cache
KiB Swap: 33554428 total, 32291132 free,  1263296 used. 62905964 avail Mem 
--
top - 13:38:40 up 104 days,  5:20,  0 users,  load average: 0.25, 0.13, 0.23
Tasks: 400 total,   1 running, 399 sleeping,   0 stopped,   0 zombie
%Cpu(s):  0.0 us,  0.0 sy,  0.0 ni, 99.9 id,  0.0 wa,  0.0 hi,  0.0 si,  0.0 st
KiB Mem : 65877712 total, 53736768 free,  1740252 used, 10400692 buff/cache
KiB Swap: 33554428 total, 32291132 free,  1263296 used. 62905964 avail Mem 
--
top - 13:38:45 up 104 days,  5:20,  0 users,  load average: 0.23, 0.13, 0.23
Tasks: 400 total,   1 running, 399 sleeping,   0 stopped,   0 zombie
%Cpu(s):  0.0 us,  0.0 sy,  0.0 ni,100.0 id,  0.0 wa,  0.0 hi,  0.0 si,  0.0 st
KiB Mem : 65877712 total, 53736272 free,  1740748 used, 10400692 buff/cache
KiB Swap: 33554428 total, 32291132 free,  1263296 used. 62905468 avail Mem 
--
top - 13:38:50 up 104 days,  5:20,  0 users,  load average: 0.22, 0.13, 0.22
Tasks: 400 total,   2 running, 398 sleeping,   0 stopped,   0 zombie
%Cpu(s):  0.0 us,  0.0 sy,  0.0 ni,100.0 id,  0.0 wa,  0.0 hi,  0.0 si,  0.0 st
KiB Mem : 65877712 total, 53737156 free,  1739864 used, 10400692 buff/cache
KiB Swap: 33554428 total, 32291132 free,  1263296 used. 62906352 avail Mem 
--
top - 13:38:55 up 104 days,  5:21,  0 users,  load average: 0.20, 0.13, 0.22
Tasks: 400 total,   1 running, 399 sleeping,   0 stopped,   0 zombie
%Cpu(s):  0.0 us,  0.0 sy,  0.0 ni, 99.9 id,  0.0 wa,  0.0 hi,  0.0 si,  0.0 st
KiB Mem : 65877712 total, 53737296 free,  1739724 used, 10400692 buff/cache
KiB Swap: 33554428 total, 32291132 free,  1263296 used. 62906492 avail Mem 
--
top - 13:39:00 up 104 days,  5:21,  0 users,  load average: 0.18, 0.12, 0.22
Tasks: 400 total,   1 running, 399 sleeping,   0 stopped,   0 zombie
%Cpu(s):  0.0 us,  0.0 sy,  0.0 ni, 99.9 id,  0.0 wa,  0.0 hi,  0.0 si,  0.0 st
KiB Mem : 65877712 total, 53736848 free,  1740172 used, 10400692 buff/cache
KiB Swap: 33554428 total, 32291132 free,  1263296 used. 62906044 avail Mem 
--
top - 13:39:05 up 104 days,  5:21,  0 users,  load average: 0.17, 0.12, 0.22
Tasks: 399 total,   1 running, 398 sleeping,   0 stopped,   0 zombie
%Cpu(s):  0.0 us,  0.0 sy,  0.0 ni,100.0 id,  0.0 wa,  0.0 hi,  0.0 si,  0.0 st
KiB Mem : 65877712 total, 53736276 free,  1740744 used, 10400692 buff/cache
KiB Swap: 33554428 total, 32291132 free,  1263296 used. 62905472 avail Mem 
--
top - 13:39:10 up 104 days,  5:21,  0 users,  load average: 0.15, 0.12, 0.22
Tasks: 396 total,   1 running, 395 sleeping,   0 stopped,   0 zombie
%Cpu(s):  0.0 us,  0.0 sy,  0.0 ni,100.0 id,  0.0 wa,  0.0 hi,  0.0 si,  0.0 st
KiB Mem : 65877712 total, 53736276 free,  1740744 used, 10400692 buff/cache
KiB Swap: 33554428 total, 32291132 free,  1263296 used. 62905472 avail Mem 
--
top - 13:39:15 up 104 days,  5:21,  0 users,  load average: 0.14, 0.12, 0.22
Tasks: 396 total,   1 running, 395 sleeping,   0 stopped,   0 zombie
%Cpu(s):  0.0 us,  0.0 sy,  0.0 ni,100.0 id,  0.0 wa,  0.0 hi,  0.0 si,  0.0 st
KiB Mem : 65877712 total, 53736276 free,  1740744 used, 10400692 buff/cache
KiB Swap: 33554428 total, 32291132 free,  1263296 used. 62905472 avail Mem 
--
top - 13:39:20 up 104 days,  5:21,  0 users,  load average: 0.13, 0.12, 0.22
Tasks: 396 total,   1 running, 395 sleeping,   0 stopped,   0 zombie
%Cpu(s):  0.2 us,  0.1 sy,  0.0 ni, 99.7 id,  0.0 wa,  0.0 hi,  0.0 si,  0.0 st
KiB Mem : 65877712 total, 53604180 free,  1872840 used, 10400692 buff/cache
KiB Swap: 33554428 total, 32291132 free,  1263296 used. 62773376 avail Mem 
--
top - 13:39:25 up 104 days,  5:21,  0 users,  load average: 0.12, 0.11, 0.22
Tasks: 396 total,   1 running, 395 sleeping,   0 stopped,   0 zombie
%Cpu(s):  0.3 us,  0.2 sy,  0.0 ni, 99.5 id,  0.0 wa,  0.0 hi,  0.0 si,  0.0 st
KiB Mem : 65877712 total, 53292520 free,  2184500 used, 10400692 buff/cache
KiB Swap: 33554428 total, 32291132 free,  1263296 used. 62461716 avail Mem 
--
top - 13:39:30 up 104 days,  5:21,  0 users,  load average: 0.11, 0.11, 0.22
Tasks: 396 total,   1 running, 395 sleeping,   0 stopped,   0 zombie
%Cpu(s):  0.2 us,  0.2 sy,  0.0 ni, 99.5 id,  0.0 wa,  0.0 hi,  0.0 si,  0.0 st
KiB Mem : 65877712 total, 52888704 free,  2588316 used, 10400692 buff/cache
KiB Swap: 33554428 total, 32291132 free,  1263296 used. 62057900 avail Mem 
--
top - 13:39:35 up 104 days,  5:21,  0 users,  load average: 0.10, 0.11, 0.22
Tasks: 396 total,   1 running, 395 sleeping,   0 stopped,   0 zombie
%Cpu(s):  0.0 us,  0.0 sy,  0.0 ni, 99.9 id,  0.0 wa,  0.0 hi,  0.0 si,  0.0 st
KiB Mem : 65877712 total, 52879428 free,  2597592 used, 10400692 buff/cache
KiB Swap: 33554428 total, 32291132 free,  1263296 used. 62048624 avail Mem 
--
top - 13:39:40 up 104 days,  5:21,  0 users,  load average: 0.33, 0.16, 0.23
Tasks: 396 total,   2 running, 394 sleeping,   0 stopped,   0 zombie
%Cpu(s):  6.2 us,  0.9 sy,  0.0 ni, 92.9 id,  0.0 wa,  0.0 hi,  0.0 si,  0.0 st
KiB Mem : 65877712 total, 48420216 free,  7056800 used, 10400696 buff/cache
KiB Swap: 33554428 total, 32291132 free,  1263296 used. 57589416 avail Mem 
--
top - 13:39:45 up 104 days,  5:21,  0 users,  load average: 0.39, 0.17, 0.24
Tasks: 396 total,   2 running, 394 sleeping,   0 stopped,   0 zombie
%Cpu(s):  9.3 us,  0.1 sy,  0.0 ni, 90.6 id,  0.0 wa,  0.0 hi,  0.0 si,  0.0 st
KiB Mem : 65877712 total, 48418456 free,  7058560 used, 10400696 buff/cache
KiB Swap: 33554428 total, 32291132 free,  1263296 used. 57587656 avail Mem 
--
top - 13:39:50 up 104 days,  5:21,  0 users,  load average: 0.52, 0.20, 0.24
Tasks: 396 total,   1 running, 395 sleeping,   0 stopped,   0 zombie
%Cpu(s):  7.5 us,  0.1 sy,  0.0 ni, 92.4 id,  0.0 wa,  0.0 hi,  0.0 si,  0.0 st
KiB Mem : 65877712 total, 49315260 free,  6161756 used, 10400696 buff/cache
KiB Swap: 33554428 total, 32291132 free,  1263296 used. 58484460 avail Mem 
--
top - 13:39:55 up 104 days,  5:22,  0 users,  load average: 0.55, 0.22, 0.25
Tasks: 396 total,   1 running, 395 sleeping,   0 stopped,   0 zombie
%Cpu(s):  2.7 us,  0.2 sy,  0.0 ni, 97.1 id,  0.0 wa,  0.0 hi,  0.0 si,  0.0 st
KiB Mem : 65877712 total, 53208288 free,  2268728 used, 10400696 buff/cache
KiB Swap: 33554428 total, 32291132 free,  1263296 used. 62377488 avail Mem 
