Job id: 4751324
Worker ip: 10.149.0.30
Master ip: 10.149.0.60
--
top - 13:21:50 up 104 days,  5:05,  0 users,  load average: 0.00, 0.01, 0.07
Tasks: 398 total,   1 running, 397 sleeping,   0 stopped,   0 zombie
%Cpu(s):  1.4 us,  3.8 sy,  0.0 ni, 94.6 id,  0.0 wa,  0.0 hi,  0.2 si,  0.0 st
KiB Mem : 65877712 total, 58244484 free,  1112240 used,  6520988 buff/cache
KiB Swap: 33554428 total, 32339528 free,  1214900 used. 63608348 avail Mem 
--
top - 13:21:55 up 104 days,  5:05,  0 users,  load average: 0.00, 0.01, 0.07
Tasks: 400 total,   1 running, 399 sleeping,   0 stopped,   0 zombie
%Cpu(s):  1.7 us,  0.5 sy,  0.0 ni, 97.8 id,  0.0 wa,  0.0 hi,  0.0 si,  0.0 st
KiB Mem : 65877712 total, 58227332 free,  1122652 used,  6527728 buff/cache
KiB Swap: 33554428 total, 32339528 free,  1214900 used. 63597376 avail Mem 
--
top - 13:22:00 up 104 days,  5:05,  0 users,  load average: 0.00, 0.01, 0.07
Tasks: 407 total,   3 running, 404 sleeping,   0 stopped,   0 zombie
%Cpu(s):  0.3 us,  0.2 sy,  0.0 ni, 99.3 id,  0.2 wa,  0.0 hi,  0.0 si,  0.0 st
KiB Mem : 65877712 total, 58221792 free,  1128380 used,  6527540 buff/cache
KiB Swap: 33554428 total, 32339528 free,  1214900 used. 63592184 avail Mem 
--
top - 13:22:05 up 104 days,  5:05,  0 users,  load average: 0.00, 0.01, 0.07
Tasks: 401 total,   1 running, 400 sleeping,   0 stopped,   0 zombie
%Cpu(s):  0.1 us,  0.0 sy,  0.0 ni, 99.5 id,  0.4 wa,  0.0 hi,  0.0 si,  0.0 st
KiB Mem : 65877712 total, 58223392 free,  1126780 used,  6527540 buff/cache
KiB Swap: 33554428 total, 32339528 free,  1214900 used. 63593784 avail Mem 
--
top - 13:22:10 up 104 days,  5:05,  0 users,  load average: 0.00, 0.01, 0.07
Tasks: 402 total,   1 running, 401 sleeping,   0 stopped,   0 zombie
%Cpu(s):  0.0 us,  0.0 sy,  0.0 ni, 99.9 id,  0.0 wa,  0.0 hi,  0.0 si,  0.0 st
KiB Mem : 65877712 total, 58224636 free,  1125500 used,  6527576 buff/cache
KiB Swap: 33554428 total, 32339528 free,  1214900 used. 63595060 avail Mem 
--
top - 13:22:15 up 104 days,  5:05,  0 users,  load average: 0.00, 0.01, 0.07
Tasks: 402 total,   1 running, 401 sleeping,   0 stopped,   0 zombie
%Cpu(s):  0.0 us,  0.0 sy,  0.0 ni,100.0 id,  0.0 wa,  0.0 hi,  0.0 si,  0.0 st
KiB Mem : 65877712 total, 58225500 free,  1124636 used,  6527576 buff/cache
KiB Swap: 33554428 total, 32339528 free,  1214900 used. 63595924 avail Mem 
--
top - 13:22:20 up 104 days,  5:05,  0 users,  load average: 0.00, 0.01, 0.07
Tasks: 402 total,   1 running, 401 sleeping,   0 stopped,   0 zombie
%Cpu(s):  0.0 us,  0.0 sy,  0.0 ni,100.0 id,  0.0 wa,  0.0 hi,  0.0 si,  0.0 st
KiB Mem : 65877712 total, 58220888 free,  1129248 used,  6527576 buff/cache
KiB Swap: 33554428 total, 32339528 free,  1214900 used. 63591312 avail Mem 
--
top - 13:22:25 up 104 days,  5:05,  0 users,  load average: 0.00, 0.01, 0.07
Tasks: 402 total,   1 running, 401 sleeping,   0 stopped,   0 zombie
%Cpu(s):  0.0 us,  0.0 sy,  0.0 ni,100.0 id,  0.0 wa,  0.0 hi,  0.0 si,  0.0 st
KiB Mem : 65877712 total, 58220888 free,  1129248 used,  6527576 buff/cache
KiB Swap: 33554428 total, 32339528 free,  1214900 used. 63591312 avail Mem 
--
top - 13:22:30 up 104 days,  5:05,  0 users,  load average: 0.00, 0.01, 0.06
Tasks: 402 total,   1 running, 401 sleeping,   0 stopped,   0 zombie
%Cpu(s):  0.0 us,  0.0 sy,  0.0 ni,100.0 id,  0.0 wa,  0.0 hi,  0.0 si,  0.0 st
KiB Mem : 65877712 total, 58221840 free,  1128296 used,  6527576 buff/cache
KiB Swap: 33554428 total, 32339528 free,  1214900 used. 63592264 avail Mem 
--
top - 13:22:35 up 104 days,  5:05,  0 users,  load average: 0.00, 0.01, 0.06
Tasks: 402 total,   1 running, 401 sleeping,   0 stopped,   0 zombie
%Cpu(s):  0.0 us,  0.0 sy,  0.0 ni,100.0 id,  0.0 wa,  0.0 hi,  0.0 si,  0.0 st
KiB Mem : 65877712 total, 58221992 free,  1128144 used,  6527576 buff/cache
KiB Swap: 33554428 total, 32339528 free,  1214900 used. 63592416 avail Mem 
--
top - 13:22:40 up 104 days,  5:06,  0 users,  load average: 0.00, 0.01, 0.06
Tasks: 402 total,   1 running, 401 sleeping,   0 stopped,   0 zombie
%Cpu(s):  0.0 us,  0.0 sy,  0.0 ni, 99.9 id,  0.0 wa,  0.0 hi,  0.0 si,  0.0 st
KiB Mem : 65877712 total, 58221864 free,  1128272 used,  6527576 buff/cache
KiB Swap: 33554428 total, 32339528 free,  1214900 used. 63592288 avail Mem 
--
top - 13:22:45 up 104 days,  5:06,  0 users,  load average: 0.00, 0.01, 0.06
Tasks: 402 total,   1 running, 401 sleeping,   0 stopped,   0 zombie
%Cpu(s):  0.0 us,  0.0 sy,  0.0 ni,100.0 id,  0.0 wa,  0.0 hi,  0.0 si,  0.0 st
KiB Mem : 65877712 total, 58222468 free,  1127664 used,  6527580 buff/cache
KiB Swap: 33554428 total, 32339528 free,  1214900 used. 63592896 avail Mem 
--
top - 13:22:50 up 104 days,  5:06,  0 users,  load average: 0.00, 0.01, 0.06
Tasks: 401 total,   1 running, 400 sleeping,   0 stopped,   0 zombie
%Cpu(s):  0.0 us,  0.0 sy,  0.0 ni,100.0 id,  0.0 wa,  0.0 hi,  0.0 si,  0.0 st
KiB Mem : 65877712 total, 58223384 free,  1126748 used,  6527580 buff/cache
KiB Swap: 33554428 total, 32339528 free,  1214900 used. 63593812 avail Mem 
--
top - 13:22:55 up 104 days,  5:06,  0 users,  load average: 0.00, 0.01, 0.06
Tasks: 401 total,   1 running, 400 sleeping,   0 stopped,   0 zombie
%Cpu(s):  0.0 us,  0.0 sy,  0.0 ni,100.0 id,  0.0 wa,  0.0 hi,  0.0 si,  0.0 st
KiB Mem : 65877712 total, 58222880 free,  1127252 used,  6527580 buff/cache
KiB Swap: 33554428 total, 32339528 free,  1214900 used. 63593308 avail Mem 
--
top - 13:23:00 up 104 days,  5:06,  0 users,  load average: 0.00, 0.01, 0.06
Tasks: 401 total,   1 running, 400 sleeping,   0 stopped,   0 zombie
%Cpu(s):  0.0 us,  0.0 sy,  0.0 ni,100.0 id,  0.0 wa,  0.0 hi,  0.0 si,  0.0 st
KiB Mem : 65877712 total, 58224120 free,  1126012 used,  6527580 buff/cache
KiB Swap: 33554428 total, 32339528 free,  1214900 used. 63594548 avail Mem 
--
top - 13:23:05 up 104 days,  5:06,  0 users,  load average: 0.00, 0.01, 0.06
Tasks: 401 total,   1 running, 400 sleeping,   0 stopped,   0 zombie
%Cpu(s):  0.0 us,  0.0 sy,  0.0 ni,100.0 id,  0.0 wa,  0.0 hi,  0.0 si,  0.0 st
KiB Mem : 65877712 total, 58224120 free,  1126012 used,  6527580 buff/cache
KiB Swap: 33554428 total, 32339528 free,  1214900 used. 63594548 avail Mem 
--
top - 13:23:10 up 104 days,  5:06,  0 users,  load average: 0.00, 0.01, 0.06
Tasks: 401 total,   1 running, 400 sleeping,   0 stopped,   0 zombie
%Cpu(s):  0.0 us,  0.0 sy,  0.0 ni, 99.9 id,  0.0 wa,  0.0 hi,  0.0 si,  0.0 st
KiB Mem : 65877712 total, 58224128 free,  1126004 used,  6527580 buff/cache
KiB Swap: 33554428 total, 32339528 free,  1214900 used. 63594556 avail Mem 
--
top - 13:23:15 up 104 days,  5:06,  0 users,  load average: 0.00, 0.01, 0.06
Tasks: 401 total,   1 running, 400 sleeping,   0 stopped,   0 zombie
%Cpu(s):  0.0 us,  0.0 sy,  0.0 ni,100.0 id,  0.0 wa,  0.0 hi,  0.0 si,  0.0 st
KiB Mem : 65877712 total, 58224636 free,  1125496 used,  6527580 buff/cache
KiB Swap: 33554428 total, 32339528 free,  1214900 used. 63595064 avail Mem 
--
top - 13:23:20 up 104 days,  5:06,  0 users,  load average: 0.00, 0.01, 0.06
Tasks: 401 total,   1 running, 400 sleeping,   0 stopped,   0 zombie
%Cpu(s):  0.0 us,  0.0 sy,  0.0 ni,100.0 id,  0.0 wa,  0.0 hi,  0.0 si,  0.0 st
KiB Mem : 65877712 total, 58225132 free,  1125000 used,  6527580 buff/cache
KiB Swap: 33554428 total, 32339528 free,  1214900 used. 63595560 avail Mem 
--
top - 13:23:25 up 104 days,  5:06,  0 users,  load average: 0.00, 0.01, 0.06
Tasks: 401 total,   1 running, 400 sleeping,   0 stopped,   0 zombie
%Cpu(s):  0.0 us,  0.0 sy,  0.0 ni,100.0 id,  0.0 wa,  0.0 hi,  0.0 si,  0.0 st
KiB Mem : 65877712 total, 58222136 free,  1127996 used,  6527580 buff/cache
KiB Swap: 33554428 total, 32339528 free,  1214900 used. 63592564 avail Mem 
--
top - 13:23:30 up 104 days,  5:06,  0 users,  load average: 0.00, 0.01, 0.06
Tasks: 401 total,   1 running, 400 sleeping,   0 stopped,   0 zombie
%Cpu(s):  0.0 us,  0.0 sy,  0.0 ni,100.0 id,  0.0 wa,  0.0 hi,  0.0 si,  0.0 st
KiB Mem : 65877712 total, 58217092 free,  1133040 used,  6527580 buff/cache
KiB Swap: 33554428 total, 32339528 free,  1214900 used. 63587520 avail Mem 
--
top - 13:23:35 up 104 days,  5:06,  0 users,  load average: 0.00, 0.01, 0.06
Tasks: 401 total,   1 running, 400 sleeping,   0 stopped,   0 zombie
%Cpu(s):  0.0 us,  0.0 sy,  0.0 ni, 99.9 id,  0.0 wa,  0.0 hi,  0.0 si,  0.0 st
KiB Mem : 65877712 total, 58200048 free,  1150084 used,  6527580 buff/cache
KiB Swap: 33554428 total, 32339528 free,  1214900 used. 63570476 avail Mem 
--
top - 13:23:40 up 104 days,  5:07,  0 users,  load average: 0.08, 0.03, 0.06
Tasks: 402 total,   1 running, 401 sleeping,   0 stopped,   0 zombie
%Cpu(s):  3.7 us,  0.5 sy,  0.0 ni, 95.8 id,  0.0 wa,  0.0 hi,  0.0 si,  0.0 st
KiB Mem : 65877712 total, 57050640 free,  2299488 used,  6527584 buff/cache
KiB Swap: 33554428 total, 32339528 free,  1214900 used. 62421072 avail Mem 
--
top - 13:23:45 up 104 days,  5:07,  0 users,  load average: 0.16, 0.05, 0.07
Tasks: 402 total,   1 running, 401 sleeping,   0 stopped,   0 zombie
%Cpu(s):  2.8 us,  0.0 sy,  0.0 ni, 97.1 id,  0.0 wa,  0.0 hi,  0.0 si,  0.0 st
KiB Mem : 65877712 total, 57739772 free,  1610356 used,  6527584 buff/cache
KiB Swap: 33554428 total, 32339528 free,  1214900 used. 63110204 avail Mem 
--
top - 13:23:50 up 104 days,  5:07,  0 users,  load average: 0.14, 0.05, 0.07
Tasks: 402 total,   1 running, 401 sleeping,   0 stopped,   0 zombie
%Cpu(s):  0.0 us,  0.0 sy,  0.0 ni, 99.9 id,  0.0 wa,  0.0 hi,  0.0 si,  0.0 st
KiB Mem : 65877712 total, 58037076 free,  1313052 used,  6527584 buff/cache
KiB Swap: 33554428 total, 32339528 free,  1214900 used. 63407508 avail Mem 
--
top - 13:23:55 up 104 days,  5:07,  0 users,  load average: 0.13, 0.05, 0.07
Tasks: 402 total,   1 running, 401 sleeping,   0 stopped,   0 zombie
%Cpu(s):  0.0 us,  0.0 sy,  0.0 ni,100.0 id,  0.0 wa,  0.0 hi,  0.0 si,  0.0 st
KiB Mem : 65877712 total, 58037076 free,  1313052 used,  6527584 buff/cache
KiB Swap: 33554428 total, 32339528 free,  1214900 used. 63407508 avail Mem 
--
top - 13:24:00 up 104 days,  5:07,  0 users,  load average: 0.12, 0.04, 0.07
Tasks: 405 total,   1 running, 404 sleeping,   0 stopped,   0 zombie
%Cpu(s):  0.4 us,  0.2 sy,  0.0 ni, 98.9 id,  0.5 wa,  0.0 hi,  0.0 si,  0.0 st
KiB Mem : 65877712 total, 58026408 free,  1323720 used,  6527584 buff/cache
KiB Swap: 33554428 total, 32339528 free,  1214900 used. 63396840 avail Mem 
--
top - 13:24:05 up 104 days,  5:07,  0 users,  load average: 0.11, 0.04, 0.07
Tasks: 402 total,   1 running, 401 sleeping,   0 stopped,   0 zombie
%Cpu(s):  0.0 us,  0.0 sy,  0.0 ni, 99.9 id,  0.1 wa,  0.0 hi,  0.0 si,  0.0 st
KiB Mem : 65877712 total, 58029744 free,  1320384 used,  6527584 buff/cache
KiB Swap: 33554428 total, 32339528 free,  1214900 used. 63400176 avail Mem 
--
top - 13:24:10 up 104 days,  5:07,  0 users,  load average: 0.10, 0.04, 0.07
Tasks: 402 total,   1 running, 401 sleeping,   0 stopped,   0 zombie
%Cpu(s):  0.0 us,  0.0 sy,  0.0 ni, 99.9 id,  0.0 wa,  0.0 hi,  0.0 si,  0.0 st
KiB Mem : 65877712 total, 58030796 free,  1319332 used,  6527584 buff/cache
KiB Swap: 33554428 total, 32339528 free,  1214900 used. 63401228 avail Mem 
--
top - 13:24:15 up 104 days,  5:07,  0 users,  load average: 0.09, 0.04, 0.07
Tasks: 402 total,   1 running, 401 sleeping,   0 stopped,   0 zombie
%Cpu(s):  0.0 us,  0.0 sy,  0.0 ni,100.0 id,  0.0 wa,  0.0 hi,  0.0 si,  0.0 st
KiB Mem : 65877712 total, 58031920 free,  1318208 used,  6527584 buff/cache
KiB Swap: 33554428 total, 32339528 free,  1214900 used. 63402352 avail Mem 
--
top - 13:24:20 up 104 days,  5:07,  0 users,  load average: 0.09, 0.04, 0.06
Tasks: 402 total,   1 running, 401 sleeping,   0 stopped,   0 zombie
%Cpu(s):  0.0 us,  0.0 sy,  0.0 ni,100.0 id,  0.0 wa,  0.0 hi,  0.0 si,  0.0 st
KiB Mem : 65877712 total, 58032648 free,  1317480 used,  6527584 buff/cache
KiB Swap: 33554428 total, 32339528 free,  1214900 used. 63403080 avail Mem 
--
top - 13:24:26 up 104 days,  5:07,  0 users,  load average: 0.08, 0.04, 0.06
Tasks: 402 total,   1 running, 401 sleeping,   0 stopped,   0 zombie
%Cpu(s):  0.0 us,  0.0 sy,  0.0 ni,100.0 id,  0.0 wa,  0.0 hi,  0.0 si,  0.0 st
KiB Mem : 65877712 total, 58032772 free,  1317356 used,  6527584 buff/cache
KiB Swap: 33554428 total, 32339528 free,  1214900 used. 63403204 avail Mem 
--
top - 13:24:31 up 104 days,  5:07,  0 users,  load average: 0.07, 0.04, 0.06
Tasks: 402 total,   1 running, 401 sleeping,   0 stopped,   0 zombie
%Cpu(s):  0.0 us,  0.0 sy,  0.0 ni,100.0 id,  0.0 wa,  0.0 hi,  0.0 si,  0.0 st
KiB Mem : 65877712 total, 58033168 free,  1316960 used,  6527584 buff/cache
KiB Swap: 33554428 total, 32339528 free,  1214900 used. 63403600 avail Mem 
--
top - 13:24:36 up 104 days,  5:07,  0 users,  load average: 0.07, 0.04, 0.06
Tasks: 402 total,   1 running, 401 sleeping,   0 stopped,   0 zombie
%Cpu(s):  0.0 us,  0.0 sy,  0.0 ni,100.0 id,  0.0 wa,  0.0 hi,  0.0 si,  0.0 st
KiB Mem : 65877712 total, 58033804 free,  1316324 used,  6527584 buff/cache
KiB Swap: 33554428 total, 32339528 free,  1214900 used. 63404236 avail Mem 
--
top - 13:24:41 up 104 days,  5:08,  0 users,  load average: 0.06, 0.04, 0.06
Tasks: 400 total,   1 running, 399 sleeping,   0 stopped,   0 zombie
%Cpu(s):  0.0 us,  0.0 sy,  0.0 ni, 99.9 id,  0.0 wa,  0.0 hi,  0.0 si,  0.0 st
KiB Mem : 65877712 total, 58034388 free,  1315736 used,  6527588 buff/cache
KiB Swap: 33554428 total, 32339528 free,  1214900 used. 63404824 avail Mem 
--
top - 13:24:46 up 104 days,  5:08,  0 users,  load average: 0.06, 0.04, 0.06
Tasks: 400 total,   1 running, 399 sleeping,   0 stopped,   0 zombie
%Cpu(s):  0.0 us,  0.0 sy,  0.0 ni,100.0 id,  0.0 wa,  0.0 hi,  0.0 si,  0.0 st
KiB Mem : 65877712 total, 58034808 free,  1315316 used,  6527588 buff/cache
KiB Swap: 33554428 total, 32339528 free,  1214900 used. 63405244 avail Mem 
--
top - 13:24:51 up 104 days,  5:08,  0 users,  load average: 0.05, 0.04, 0.06
Tasks: 400 total,   1 running, 399 sleeping,   0 stopped,   0 zombie
%Cpu(s):  0.0 us,  0.0 sy,  0.0 ni,100.0 id,  0.0 wa,  0.0 hi,  0.0 si,  0.0 st
KiB Mem : 65877712 total, 58035360 free,  1314764 used,  6527588 buff/cache
KiB Swap: 33554428 total, 32339528 free,  1214900 used. 63405796 avail Mem 
--
top - 13:24:56 up 104 days,  5:08,  0 users,  load average: 0.05, 0.04, 0.06
Tasks: 400 total,   1 running, 399 sleeping,   0 stopped,   0 zombie
%Cpu(s):  0.0 us,  0.0 sy,  0.0 ni,100.0 id,  0.0 wa,  0.0 hi,  0.0 si,  0.0 st
KiB Mem : 65877712 total, 58036668 free,  1313456 used,  6527588 buff/cache
KiB Swap: 33554428 total, 32339528 free,  1214900 used. 63407104 avail Mem 
--
top - 13:25:01 up 104 days,  5:08,  0 users,  load average: 0.04, 0.04, 0.06
Tasks: 400 total,   1 running, 399 sleeping,   0 stopped,   0 zombie
%Cpu(s):  0.0 us,  0.0 sy,  0.0 ni,100.0 id,  0.0 wa,  0.0 hi,  0.0 si,  0.0 st
KiB Mem : 65877712 total, 58034436 free,  1315688 used,  6527588 buff/cache
KiB Swap: 33554428 total, 32339528 free,  1214900 used. 63404872 avail Mem 
--
top - 13:25:06 up 104 days,  5:08,  0 users,  load average: 0.04, 0.04, 0.06
Tasks: 400 total,   1 running, 399 sleeping,   0 stopped,   0 zombie
%Cpu(s):  0.3 us,  0.2 sy,  0.0 ni, 99.5 id,  0.0 wa,  0.0 hi,  0.0 si,  0.0 st
KiB Mem : 65877712 total, 57693612 free,  1656512 used,  6527588 buff/cache
KiB Swap: 33554428 total, 32339528 free,  1214900 used. 63064048 avail Mem 
--
top - 13:25:11 up 104 days,  5:08,  0 users,  load average: 0.04, 0.04, 0.06
Tasks: 400 total,   1 running, 399 sleeping,   0 stopped,   0 zombie
%Cpu(s):  0.1 us,  0.1 sy,  0.0 ni, 99.8 id,  0.0 wa,  0.0 hi,  0.0 si,  0.0 st
KiB Mem : 65877712 total, 57613744 free,  1736380 used,  6527588 buff/cache
KiB Swap: 33554428 total, 32339528 free,  1214900 used. 62984180 avail Mem 
--
top - 13:25:16 up 104 days,  5:08,  0 users,  load average: 0.04, 0.04, 0.06
Tasks: 400 total,   2 running, 398 sleeping,   0 stopped,   0 zombie
%Cpu(s):  0.3 us,  0.2 sy,  0.0 ni, 99.5 id,  0.0 wa,  0.0 hi,  0.0 si,  0.0 st
KiB Mem : 65877712 total, 57034212 free,  2315912 used,  6527588 buff/cache
KiB Swap: 33554428 total, 32339528 free,  1214900 used. 62404648 avail Mem 
--
top - 13:25:21 up 104 days,  5:08,  0 users,  load average: 0.03, 0.04, 0.06
Tasks: 400 total,   1 running, 399 sleeping,   0 stopped,   0 zombie
%Cpu(s):  0.3 us,  0.2 sy,  0.0 ni, 99.5 id,  0.0 wa,  0.0 hi,  0.0 si,  0.0 st
KiB Mem : 65877712 total, 56664168 free,  2685956 used,  6527588 buff/cache
KiB Swap: 33554428 total, 32339528 free,  1214900 used. 62034604 avail Mem 
--
top - 13:25:26 up 104 days,  5:08,  0 users,  load average: 0.59, 0.15, 0.10
Tasks: 400 total,   2 running, 398 sleeping,   0 stopped,   0 zombie
%Cpu(s): 19.2 us,  1.4 sy,  0.0 ni, 79.5 id,  0.0 wa,  0.0 hi,  0.0 si,  0.0 st
KiB Mem : 65877712 total, 49654388 free,  9695732 used,  6527592 buff/cache
KiB Swap: 33554428 total, 32339528 free,  1214900 used. 55024828 avail Mem 
--
top - 13:25:31 up 104 days,  5:08,  0 users,  load average: 0.94, 0.23, 0.12
Tasks: 400 total,   2 running, 398 sleeping,   0 stopped,   0 zombie
%Cpu(s): 16.6 us,  0.0 sy,  0.0 ni, 83.4 id,  0.0 wa,  0.0 hi,  0.0 si,  0.0 st
KiB Mem : 65877712 total, 51196640 free,  8153480 used,  6527592 buff/cache
KiB Swap: 33554428 total, 32339528 free,  1214900 used. 56567080 avail Mem 
--
top - 13:25:36 up 104 days,  5:08,  0 users,  load average: 1.03, 0.26, 0.13
Tasks: 400 total,   1 running, 399 sleeping,   0 stopped,   0 zombie
%Cpu(s):  7.2 us,  0.0 sy,  0.0 ni, 92.8 id,  0.0 wa,  0.0 hi,  0.0 si,  0.0 st
KiB Mem : 65877712 total, 54184800 free,  5165320 used,  6527592 buff/cache
KiB Swap: 33554428 total, 32339528 free,  1214900 used. 59555240 avail Mem 
--
top - 13:25:41 up 104 days,  5:09,  0 users,  load average: 0.95, 0.26, 0.13
Tasks: 400 total,   1 running, 399 sleeping,   0 stopped,   0 zombie
%Cpu(s):  0.8 us,  0.3 sy,  0.0 ni, 98.9 id,  0.0 wa,  0.0 hi,  0.0 si,  0.0 st
KiB Mem : 65877712 total, 57185252 free,  2164868 used,  6527592 buff/cache
KiB Swap: 33554428 total, 32339528 free,  1214900 used. 62555692 avail Mem 
--
top - 13:25:46 up 104 days,  5:09,  0 users,  load average: 0.87, 0.25, 0.13
Tasks: 400 total,   1 running, 399 sleeping,   0 stopped,   0 zombie
%Cpu(s):  0.0 us,  0.0 sy,  0.0 ni, 99.9 id,  0.0 wa,  0.0 hi,  0.0 si,  0.0 st
KiB Mem : 65877712 total, 57185784 free,  2164336 used,  6527592 buff/cache
KiB Swap: 33554428 total, 32339528 free,  1214900 used. 62556224 avail Mem 
--
top - 13:25:51 up 104 days,  5:09,  0 users,  load average: 0.80, 0.25, 0.13
Tasks: 400 total,   1 running, 399 sleeping,   0 stopped,   0 zombie
%Cpu(s):  0.0 us,  0.0 sy,  0.0 ni,100.0 id,  0.0 wa,  0.0 hi,  0.0 si,  0.0 st
KiB Mem : 65877712 total, 57185768 free,  2164352 used,  6527592 buff/cache
KiB Swap: 33554428 total, 32339528 free,  1214900 used. 62556208 avail Mem 
--
top - 13:25:56 up 104 days,  5:09,  0 users,  load average: 0.74, 0.24, 0.13
Tasks: 400 total,   1 running, 399 sleeping,   0 stopped,   0 zombie
%Cpu(s):  0.0 us,  0.0 sy,  0.0 ni,100.0 id,  0.0 wa,  0.0 hi,  0.0 si,  0.0 st
KiB Mem : 65877712 total, 57185768 free,  2164352 used,  6527592 buff/cache
KiB Swap: 33554428 total, 32339528 free,  1214900 used. 62556208 avail Mem 
--
top - 13:26:01 up 104 days,  5:09,  0 users,  load average: 0.68, 0.24, 0.13
Tasks: 400 total,   1 running, 399 sleeping,   0 stopped,   0 zombie
%Cpu(s):  0.4 us,  0.2 sy,  0.0 ni, 98.7 id,  0.6 wa,  0.0 hi,  0.0 si,  0.0 st
KiB Mem : 65877712 total, 57179180 free,  2170940 used,  6527592 buff/cache
KiB Swap: 33554428 total, 32339528 free,  1214900 used. 62549620 avail Mem 
--
top - 13:26:06 up 104 days,  5:09,  0 users,  load average: 0.62, 0.24, 0.13
Tasks: 401 total,   1 running, 400 sleeping,   0 stopped,   0 zombie
%Cpu(s):  0.0 us,  0.0 sy,  0.0 ni, 97.6 id,  2.3 wa,  0.0 hi,  0.0 si,  0.0 st
KiB Mem : 65877712 total, 57181868 free,  2168244 used,  6527600 buff/cache
KiB Swap: 33554428 total, 32339528 free,  1214900 used. 62552312 avail Mem 
--
top - 13:26:11 up 104 days,  5:09,  0 users,  load average: 1.13, 0.35, 0.17
Tasks: 403 total,   1 running, 402 sleeping,   0 stopped,   0 zombie
%Cpu(s):  0.0 us,  0.0 sy,  0.0 ni, 90.7 id,  9.2 wa,  0.0 hi,  0.0 si,  0.0 st
KiB Mem : 65877712 total, 57182588 free,  2167524 used,  6527600 buff/cache
KiB Swap: 33554428 total, 32339528 free,  1214900 used. 62553032 avail Mem 
--
top - 13:26:16 up 104 days,  5:09,  0 users,  load average: 1.60, 0.46, 0.20
Tasks: 403 total,   1 running, 402 sleeping,   0 stopped,   0 zombie
%Cpu(s):  0.0 us,  0.0 sy,  0.0 ni, 94.0 id,  5.9 wa,  0.0 hi,  0.0 si,  0.0 st
KiB Mem : 65877712 total, 57183712 free,  2166400 used,  6527600 buff/cache
KiB Swap: 33554428 total, 32339528 free,  1214900 used. 62554156 avail Mem 
--
top - 13:26:21 up 104 days,  5:09,  0 users,  load average: 1.47, 0.45, 0.20
Tasks: 403 total,   1 running, 402 sleeping,   0 stopped,   0 zombie
%Cpu(s):  0.0 us,  0.0 sy,  0.0 ni,100.0 id,  0.0 wa,  0.0 hi,  0.0 si,  0.0 st
KiB Mem : 65877712 total, 57184456 free,  2165652 used,  6527604 buff/cache
KiB Swap: 33554428 total, 32339528 free,  1214900 used. 62554904 avail Mem 
--
top - 13:26:26 up 104 days,  5:09,  0 users,  load average: 1.36, 0.44, 0.20
Tasks: 403 total,   1 running, 402 sleeping,   0 stopped,   0 zombie
%Cpu(s):  0.0 us,  0.0 sy,  0.0 ni,100.0 id,  0.0 wa,  0.0 hi,  0.0 si,  0.0 st
KiB Mem : 65877712 total, 57185484 free,  2164624 used,  6527604 buff/cache
KiB Swap: 33554428 total, 32339528 free,  1214900 used. 62555932 avail Mem 
--
top - 13:26:31 up 104 days,  5:09,  0 users,  load average: 1.25, 0.44, 0.20
Tasks: 403 total,   1 running, 402 sleeping,   0 stopped,   0 zombie
%Cpu(s):  0.0 us,  0.0 sy,  0.0 ni,100.0 id,  0.0 wa,  0.0 hi,  0.0 si,  0.0 st
KiB Mem : 65877712 total, 57185492 free,  2164616 used,  6527604 buff/cache
KiB Swap: 33554428 total, 32339528 free,  1214900 used. 62555940 avail Mem 
--
top - 13:26:36 up 104 days,  5:09,  0 users,  load average: 1.15, 0.43, 0.20
Tasks: 403 total,   1 running, 402 sleeping,   0 stopped,   0 zombie
%Cpu(s):  0.0 us,  0.0 sy,  0.0 ni,100.0 id,  0.0 wa,  0.0 hi,  0.0 si,  0.0 st
KiB Mem : 65877712 total, 57185492 free,  2164616 used,  6527604 buff/cache
KiB Swap: 33554428 total, 32339528 free,  1214900 used. 62555940 avail Mem 
--
top - 13:26:41 up 104 days,  5:10,  0 users,  load average: 1.06, 0.42, 0.20
Tasks: 403 total,   1 running, 402 sleeping,   0 stopped,   0 zombie
%Cpu(s):  0.0 us,  0.0 sy,  0.0 ni, 99.9 id,  0.0 wa,  0.0 hi,  0.0 si,  0.0 st
KiB Mem : 65877712 total, 57174836 free,  2175272 used,  6527604 buff/cache
KiB Swap: 33554428 total, 32339528 free,  1214900 used. 62545284 avail Mem 
--
top - 13:26:46 up 104 days,  5:10,  0 users,  load average: 1.13, 0.45, 0.21
Tasks: 403 total,   1 running, 402 sleeping,   0 stopped,   0 zombie
%Cpu(s):  0.5 us,  0.5 sy,  0.0 ni, 99.0 id,  0.0 wa,  0.0 hi,  0.0 si,  0.0 st
KiB Mem : 65877712 total, 56414712 free,  2935396 used,  6527604 buff/cache
KiB Swap: 33554428 total, 32339528 free,  1214900 used. 61785160 avail Mem 
--
top - 13:26:51 up 104 days,  5:10,  0 users,  load average: 1.04, 0.44, 0.21
Tasks: 402 total,   1 running, 401 sleeping,   0 stopped,   0 zombie
%Cpu(s):  0.1 us,  0.1 sy,  0.0 ni, 99.8 id,  0.0 wa,  0.0 hi,  0.0 si,  0.0 st
KiB Mem : 65877712 total, 56353040 free,  2997068 used,  6527604 buff/cache
KiB Swap: 33554428 total, 32339528 free,  1214900 used. 61723488 avail Mem 
--
top - 13:26:56 up 104 days,  5:10,  0 users,  load average: 0.96, 0.43, 0.21
Tasks: 402 total,   1 running, 401 sleeping,   0 stopped,   0 zombie
%Cpu(s):  0.3 us,  0.3 sy,  0.0 ni, 99.4 id,  0.0 wa,  0.0 hi,  0.0 si,  0.0 st
KiB Mem : 65877712 total, 56083124 free,  3266984 used,  6527604 buff/cache
KiB Swap: 33554428 total, 32339528 free,  1214900 used. 61453572 avail Mem 
--
top - 13:27:01 up 104 days,  5:10,  0 users,  load average: 0.88, 0.43, 0.21
Tasks: 402 total,   1 running, 401 sleeping,   0 stopped,   0 zombie
%Cpu(s):  0.3 us,  0.3 sy,  0.0 ni, 99.4 id,  0.0 wa,  0.0 hi,  0.0 si,  0.0 st
KiB Mem : 65877712 total, 55596884 free,  3753224 used,  6527604 buff/cache
KiB Swap: 33554428 total, 32339528 free,  1214900 used. 60967332 avail Mem 
--
top - 13:27:06 up 104 days,  5:10,  0 users,  load average: 1.13, 0.49, 0.23
Tasks: 401 total,   1 running, 400 sleeping,   0 stopped,   0 zombie
%Cpu(s): 12.8 us,  1.3 sy,  0.0 ni, 85.9 id,  0.0 wa,  0.0 hi,  0.0 si,  0.0 st
KiB Mem : 65877712 total, 49102076 free, 10248032 used,  6527604 buff/cache
KiB Swap: 33554428 total, 32339528 free,  1214900 used. 54472524 avail Mem 
--
top - 13:27:11 up 104 days,  5:10,  0 users,  load average: 1.36, 0.54, 0.25
Tasks: 400 total,   1 running, 399 sleeping,   0 stopped,   0 zombie
%Cpu(s): 12.5 us,  0.0 sy,  0.0 ni, 87.4 id,  0.0 wa,  0.0 hi,  0.0 si,  0.0 st
KiB Mem : 65877712 total, 49100828 free, 10249280 used,  6527604 buff/cache
KiB Swap: 33554428 total, 32339528 free,  1214900 used. 54471276 avail Mem 
--
top - 13:27:16 up 104 days,  5:10,  0 users,  load average: 1.41, 0.57, 0.26
Tasks: 400 total,   1 running, 399 sleeping,   0 stopped,   0 zombie
%Cpu(s):  9.6 us,  0.0 sy,  0.0 ni, 90.4 id,  0.0 wa,  0.0 hi,  0.0 si,  0.0 st
KiB Mem : 65877712 total, 51365660 free,  7984444 used,  6527608 buff/cache
KiB Swap: 33554428 total, 32339528 free,  1214900 used. 56736112 avail Mem 
--
top - 13:27:21 up 104 days,  5:10,  0 users,  load average: 1.38, 0.58, 0.26
Tasks: 400 total,   1 running, 399 sleeping,   0 stopped,   0 zombie
%Cpu(s):  4.2 us,  0.0 sy,  0.0 ni, 95.8 id,  0.0 wa,  0.0 hi,  0.0 si,  0.0 st
KiB Mem : 65877712 total, 52851936 free,  6498168 used,  6527608 buff/cache
KiB Swap: 33554428 total, 32339528 free,  1214900 used. 58222388 avail Mem 
--
top - 13:27:26 up 104 days,  5:10,  0 users,  load average: 1.35, 0.58, 0.26
Tasks: 400 total,   1 running, 399 sleeping,   0 stopped,   0 zombie
%Cpu(s):  3.0 us,  0.1 sy,  0.0 ni, 96.9 id,  0.0 wa,  0.0 hi,  0.0 si,  0.0 st
KiB Mem : 65877712 total, 54284572 free,  5065532 used,  6527608 buff/cache
KiB Swap: 33554428 total, 32339528 free,  1214900 used. 59655024 avail Mem 
--
top - 13:27:31 up 104 days,  5:10,  0 users,  load average: 1.24, 0.57, 0.26
Tasks: 400 total,   1 running, 399 sleeping,   0 stopped,   0 zombie
%Cpu(s):  0.8 us,  0.2 sy,  0.0 ni, 99.0 id,  0.0 wa,  0.0 hi,  0.0 si,  0.0 st
KiB Mem : 65877712 total, 56356352 free,  2993752 used,  6527608 buff/cache
KiB Swap: 33554428 total, 32339528 free,  1214900 used. 61726804 avail Mem 
--
top - 13:27:36 up 104 days,  5:10,  0 users,  load average: 1.14, 0.56, 0.26
Tasks: 400 total,   1 running, 399 sleeping,   0 stopped,   0 zombie
%Cpu(s):  0.0 us,  0.0 sy,  0.0 ni, 99.9 id,  0.0 wa,  0.0 hi,  0.0 si,  0.0 st
KiB Mem : 65877712 total, 56356352 free,  2993752 used,  6527608 buff/cache
KiB Swap: 33554428 total, 32339528 free,  1214900 used. 61726804 avail Mem 
--
top - 13:27:41 up 104 days,  5:11,  0 users,  load average: 1.05, 0.55, 0.26
Tasks: 400 total,   1 running, 399 sleeping,   0 stopped,   0 zombie
%Cpu(s):  0.0 us,  0.0 sy,  0.0 ni, 99.8 id,  0.1 wa,  0.0 hi,  0.0 si,  0.0 st
KiB Mem : 65877712 total, 56359524 free,  2990580 used,  6527608 buff/cache
KiB Swap: 33554428 total, 32339528 free,  1214900 used. 61729976 avail Mem 
--
top - 13:27:46 up 104 days,  5:11,  0 users,  load average: 0.97, 0.54, 0.26
Tasks: 400 total,   1 running, 399 sleeping,   0 stopped,   0 zombie
%Cpu(s):  0.0 us,  0.0 sy,  0.0 ni, 99.9 id,  0.0 wa,  0.0 hi,  0.0 si,  0.0 st
KiB Mem : 65877712 total, 56361268 free,  2988836 used,  6527608 buff/cache
KiB Swap: 33554428 total, 32339528 free,  1214900 used. 61731720 avail Mem 
--
top - 13:27:51 up 104 days,  5:11,  0 users,  load average: 0.89, 0.54, 0.26
Tasks: 400 total,   1 running, 399 sleeping,   0 stopped,   0 zombie
%Cpu(s):  0.0 us,  0.0 sy,  0.0 ni, 99.9 id,  0.0 wa,  0.0 hi,  0.0 si,  0.0 st
KiB Mem : 65877712 total, 56362012 free,  2988092 used,  6527608 buff/cache
KiB Swap: 33554428 total, 32339528 free,  1214900 used. 61732464 avail Mem 
--
top - 13:27:56 up 104 days,  5:11,  0 users,  load average: 0.82, 0.53, 0.25
Tasks: 400 total,   1 running, 399 sleeping,   0 stopped,   0 zombie
%Cpu(s):  0.0 us,  0.0 sy,  0.0 ni,100.0 id,  0.0 wa,  0.0 hi,  0.0 si,  0.0 st
KiB Mem : 65877712 total, 56362888 free,  2987216 used,  6527608 buff/cache
KiB Swap: 33554428 total, 32339528 free,  1214900 used. 61733340 avail Mem 
--
top - 13:28:01 up 104 days,  5:11,  0 users,  load average: 0.75, 0.52, 0.25
Tasks: 400 total,   1 running, 399 sleeping,   0 stopped,   0 zombie
%Cpu(s):  0.4 us,  0.2 sy,  0.0 ni, 98.7 id,  0.6 wa,  0.0 hi,  0.0 si,  0.0 st
KiB Mem : 65877712 total, 56357872 free,  2992232 used,  6527608 buff/cache
KiB Swap: 33554428 total, 32339528 free,  1214900 used. 61728324 avail Mem 
--
top - 13:28:06 up 104 days,  5:11,  0 users,  load average: 0.69, 0.51, 0.25
Tasks: 400 total,   1 running, 399 sleeping,   0 stopped,   0 zombie
%Cpu(s):  0.0 us,  0.0 sy,  0.0 ni,100.0 id,  0.0 wa,  0.0 hi,  0.0 si,  0.0 st
KiB Mem : 65877712 total, 56358296 free,  2991808 used,  6527608 buff/cache
KiB Swap: 33554428 total, 32339528 free,  1214900 used. 61728748 avail Mem 
--
top - 13:28:11 up 104 days,  5:11,  0 users,  load average: 0.64, 0.50, 0.25
Tasks: 400 total,   1 running, 399 sleeping,   0 stopped,   0 zombie
%Cpu(s):  0.0 us,  0.0 sy,  0.0 ni, 99.9 id,  0.0 wa,  0.0 hi,  0.0 si,  0.0 st
KiB Mem : 65877712 total, 56359928 free,  2990172 used,  6527612 buff/cache
KiB Swap: 33554428 total, 32339528 free,  1214900 used. 61730384 avail Mem 
--
top - 13:28:16 up 104 days,  5:11,  0 users,  load average: 0.59, 0.49, 0.25
Tasks: 400 total,   2 running, 398 sleeping,   0 stopped,   0 zombie
%Cpu(s):  0.0 us,  0.0 sy,  0.0 ni,100.0 id,  0.0 wa,  0.0 hi,  0.0 si,  0.0 st
KiB Mem : 65877712 total, 56361536 free,  2988564 used,  6527612 buff/cache
KiB Swap: 33554428 total, 32339528 free,  1214900 used. 61731992 avail Mem 
--
top - 13:28:21 up 104 days,  5:11,  0 users,  load average: 0.54, 0.48, 0.25
Tasks: 400 total,   1 running, 399 sleeping,   0 stopped,   0 zombie
%Cpu(s):  0.0 us,  0.0 sy,  0.0 ni,100.0 id,  0.0 wa,  0.0 hi,  0.0 si,  0.0 st
KiB Mem : 65877712 total, 56361816 free,  2988284 used,  6527612 buff/cache
KiB Swap: 33554428 total, 32339528 free,  1214900 used. 61732272 avail Mem 
--
top - 13:28:26 up 104 days,  5:11,  0 users,  load average: 0.50, 0.48, 0.25
Tasks: 400 total,   1 running, 399 sleeping,   0 stopped,   0 zombie
%Cpu(s):  0.1 us,  0.1 sy,  0.0 ni, 99.8 id,  0.0 wa,  0.0 hi,  0.0 si,  0.0 st
KiB Mem : 65877712 total, 56294016 free,  3056084 used,  6527612 buff/cache
KiB Swap: 33554428 total, 32339528 free,  1214900 used. 61664472 avail Mem 
--
top - 13:28:32 up 104 days,  5:11,  0 users,  load average: 0.46, 0.47, 0.24
Tasks: 400 total,   1 running, 399 sleeping,   0 stopped,   0 zombie
%Cpu(s):  0.1 us,  0.1 sy,  0.0 ni, 99.8 id,  0.0 wa,  0.0 hi,  0.0 si,  0.0 st
KiB Mem : 65877712 total, 56167412 free,  3182688 used,  6527612 buff/cache
KiB Swap: 33554428 total, 32339528 free,  1214900 used. 61537868 avail Mem 
--
top - 13:28:37 up 104 days,  5:11,  0 users,  load average: 0.42, 0.46, 0.24
Tasks: 400 total,   1 running, 399 sleeping,   0 stopped,   0 zombie
%Cpu(s):  0.1 us,  0.1 sy,  0.0 ni, 99.8 id,  0.0 wa,  0.0 hi,  0.0 si,  0.0 st
KiB Mem : 65877712 total, 56070088 free,  3280012 used,  6527612 buff/cache
KiB Swap: 33554428 total, 32339528 free,  1214900 used. 61440544 avail Mem 
--
top - 13:28:42 up 104 days,  5:12,  0 users,  load average: 0.39, 0.45, 0.24
Tasks: 400 total,   1 running, 399 sleeping,   0 stopped,   0 zombie
%Cpu(s):  0.3 us,  0.3 sy,  0.0 ni, 99.4 id,  0.0 wa,  0.0 hi,  0.0 si,  0.0 st
KiB Mem : 65877712 total, 55624448 free,  3725652 used,  6527612 buff/cache
KiB Swap: 33554428 total, 32339528 free,  1214900 used. 60994904 avail Mem 
--
top - 13:28:47 up 104 days,  5:12,  0 users,  load average: 2.84, 0.96, 0.41
Tasks: 400 total,   1 running, 399 sleeping,   0 stopped,   0 zombie
%Cpu(s):  8.3 us,  0.7 sy,  0.0 ni, 90.9 id,  0.0 wa,  0.0 hi,  0.0 si,  0.0 st
KiB Mem : 65877712 total, 53506732 free,  5843368 used,  6527612 buff/cache
KiB Swap: 33554428 total, 32339528 free,  1214900 used. 58877188 avail Mem 
--
top - 13:28:52 up 104 days,  5:12,  0 users,  load average: 2.69, 0.96, 0.41
Tasks: 400 total,   1 running, 399 sleeping,   0 stopped,   0 zombie
%Cpu(s):  5.9 us,  0.0 sy,  0.0 ni, 94.0 id,  0.0 wa,  0.0 hi,  0.0 si,  0.0 st
KiB Mem : 65877712 total, 54351512 free,  4998588 used,  6527612 buff/cache
KiB Swap: 33554428 total, 32339528 free,  1214900 used. 59721968 avail Mem 
--
top - 13:28:57 up 104 days,  5:12,  0 users,  load average: 2.56, 0.96, 0.41
Tasks: 400 total,   1 running, 399 sleeping,   0 stopped,   0 zombie
%Cpu(s):  2.7 us,  0.1 sy,  0.0 ni, 97.2 id,  0.0 wa,  0.0 hi,  0.0 si,  0.0 st
KiB Mem : 65877712 total, 55693932 free,  3656168 used,  6527612 buff/cache
KiB Swap: 33554428 total, 32339528 free,  1214900 used. 61064388 avail Mem 
--
top - 13:29:02 up 104 days,  5:12,  0 users,  load average: 2.35, 0.95, 0.41
Tasks: 400 total,   2 running, 398 sleeping,   0 stopped,   0 zombie
%Cpu(s):  0.0 us,  0.1 sy,  0.0 ni, 99.9 id,  0.0 wa,  0.0 hi,  0.0 si,  0.0 st
KiB Mem : 65877712 total, 56012772 free,  3337324 used,  6527616 buff/cache
KiB Swap: 33554428 total, 32339528 free,  1214900 used. 61383228 avail Mem 
--
top - 13:29:07 up 104 days,  5:12,  0 users,  load average: 2.16, 0.93, 0.41
Tasks: 400 total,   1 running, 399 sleeping,   0 stopped,   0 zombie
%Cpu(s):  0.0 us,  0.0 sy,  0.0 ni,100.0 id,  0.0 wa,  0.0 hi,  0.0 si,  0.0 st
KiB Mem : 65877712 total, 56012896 free,  3337200 used,  6527616 buff/cache
KiB Swap: 33554428 total, 32339528 free,  1214900 used. 61383352 avail Mem 
--
top - 13:29:12 up 104 days,  5:12,  0 users,  load average: 1.99, 0.91, 0.41
Tasks: 400 total,   1 running, 399 sleeping,   0 stopped,   0 zombie
%Cpu(s):  0.0 us,  0.0 sy,  0.0 ni, 99.9 id,  0.0 wa,  0.0 hi,  0.0 si,  0.0 st
KiB Mem : 65877712 total, 56013380 free,  3336716 used,  6527616 buff/cache
KiB Swap: 33554428 total, 32339528 free,  1214900 used. 61383836 avail Mem 
--
top - 13:29:17 up 104 days,  5:12,  0 users,  load average: 1.83, 0.90, 0.40
Tasks: 400 total,   1 running, 399 sleeping,   0 stopped,   0 zombie
%Cpu(s):  0.0 us,  0.0 sy,  0.0 ni, 99.9 id,  0.0 wa,  0.0 hi,  0.0 si,  0.0 st
KiB Mem : 65877712 total, 56014504 free,  3335592 used,  6527616 buff/cache
KiB Swap: 33554428 total, 32339528 free,  1214900 used. 61384960 avail Mem 
--
top - 13:29:22 up 104 days,  5:12,  0 users,  load average: 1.68, 0.88, 0.40
Tasks: 400 total,   1 running, 399 sleeping,   0 stopped,   0 zombie
%Cpu(s):  0.0 us,  0.0 sy,  0.0 ni,100.0 id,  0.0 wa,  0.0 hi,  0.0 si,  0.0 st
KiB Mem : 65877712 total, 56011408 free,  3338688 used,  6527616 buff/cache
KiB Swap: 33554428 total, 32339528 free,  1214900 used. 61381864 avail Mem 
--
top - 13:29:27 up 104 days,  5:12,  0 users,  load average: 1.55, 0.87, 0.40
Tasks: 400 total,   1 running, 399 sleeping,   0 stopped,   0 zombie
%Cpu(s):  0.0 us,  0.0 sy,  0.0 ni,100.0 id,  0.0 wa,  0.0 hi,  0.0 si,  0.0 st
KiB Mem : 65877712 total, 56011408 free,  3338688 used,  6527616 buff/cache
KiB Swap: 33554428 total, 32339528 free,  1214900 used. 61381864 avail Mem 
--
top - 13:29:32 up 104 days,  5:12,  0 users,  load average: 1.42, 0.85, 0.40
Tasks: 400 total,   1 running, 399 sleeping,   0 stopped,   0 zombie
%Cpu(s):  0.0 us,  0.0 sy,  0.0 ni,100.0 id,  0.0 wa,  0.0 hi,  0.0 si,  0.0 st
KiB Mem : 65877712 total, 56005944 free,  3344152 used,  6527616 buff/cache
KiB Swap: 33554428 total, 32339528 free,  1214900 used. 61376400 avail Mem 
--
top - 13:29:37 up 104 days,  5:12,  0 users,  load average: 1.31, 0.84, 0.40
Tasks: 400 total,   1 running, 399 sleeping,   0 stopped,   0 zombie
%Cpu(s):  0.0 us,  0.0 sy,  0.0 ni,100.0 id,  0.0 wa,  0.0 hi,  0.0 si,  0.0 st
KiB Mem : 65877712 total, 56006936 free,  3343160 used,  6527616 buff/cache
KiB Swap: 33554428 total, 32339528 free,  1214900 used. 61377392 avail Mem 
--
top - 13:29:42 up 104 days,  5:13,  0 users,  load average: 1.21, 0.83, 0.39
Tasks: 400 total,   1 running, 399 sleeping,   0 stopped,   0 zombie
%Cpu(s):  0.1 us,  0.0 sy,  0.0 ni, 99.9 id,  0.0 wa,  0.0 hi,  0.0 si,  0.0 st
KiB Mem : 65877712 total, 55992048 free,  3358048 used,  6527616 buff/cache
KiB Swap: 33554428 total, 32339528 free,  1214900 used. 61362504 avail Mem 
--
top - 13:29:47 up 104 days,  5:13,  0 users,  load average: 1.11, 0.81, 0.39
Tasks: 400 total,   1 running, 399 sleeping,   0 stopped,   0 zombie
%Cpu(s):  0.0 us,  0.0 sy,  0.0 ni,100.0 id,  0.0 wa,  0.0 hi,  0.0 si,  0.0 st
KiB Mem : 65877712 total, 55993868 free,  3356228 used,  6527616 buff/cache
KiB Swap: 33554428 total, 32339528 free,  1214900 used. 61364324 avail Mem 
--
top - 13:29:52 up 104 days,  5:13,  0 users,  load average: 1.02, 0.80, 0.39
Tasks: 400 total,   1 running, 399 sleeping,   0 stopped,   0 zombie
%Cpu(s):  0.0 us,  0.0 sy,  0.0 ni, 99.9 id,  0.0 wa,  0.0 hi,  0.0 si,  0.0 st
KiB Mem : 65877712 total, 55992316 free,  3357780 used,  6527616 buff/cache
KiB Swap: 33554428 total, 32339528 free,  1214900 used. 61362772 avail Mem 
--
top - 13:29:57 up 104 days,  5:13,  0 users,  load average: 0.94, 0.79, 0.39
Tasks: 400 total,   1 running, 399 sleeping,   0 stopped,   0 zombie
%Cpu(s):  0.0 us,  0.0 sy,  0.0 ni,100.0 id,  0.0 wa,  0.0 hi,  0.0 si,  0.0 st
KiB Mem : 65877712 total, 55992316 free,  3357780 used,  6527616 buff/cache
KiB Swap: 33554428 total, 32339528 free,  1214900 used. 61362772 avail Mem 
--
top - 13:30:02 up 104 days,  5:13,  0 users,  load average: 0.86, 0.77, 0.39
Tasks: 400 total,   1 running, 399 sleeping,   0 stopped,   0 zombie
%Cpu(s):  0.4 us,  0.2 sy,  0.0 ni, 98.7 id,  0.6 wa,  0.0 hi,  0.0 si,  0.0 st
KiB Mem : 65877712 total, 55984240 free,  3365796 used,  6527676 buff/cache
KiB Swap: 33554428 total, 32339528 free,  1214900 used. 61354704 avail Mem 
--
top - 13:30:07 up 104 days,  5:13,  0 users,  load average: 0.79, 0.76, 0.38
Tasks: 400 total,   1 running, 399 sleeping,   0 stopped,   0 zombie
%Cpu(s):  0.0 us,  0.0 sy,  0.0 ni,100.0 id,  0.0 wa,  0.0 hi,  0.0 si,  0.0 st
KiB Mem : 65877712 total, 55985448 free,  3364636 used,  6527628 buff/cache
KiB Swap: 33554428 total, 32339528 free,  1214900 used. 61355920 avail Mem 
--
top - 13:30:12 up 104 days,  5:13,  0 users,  load average: 0.73, 0.75, 0.38
Tasks: 400 total,   1 running, 399 sleeping,   0 stopped,   0 zombie
%Cpu(s):  0.0 us,  0.0 sy,  0.0 ni, 99.9 id,  0.0 wa,  0.0 hi,  0.0 si,  0.0 st
KiB Mem : 65877712 total, 55984880 free,  3365204 used,  6527628 buff/cache
KiB Swap: 33554428 total, 32339528 free,  1214900 used. 61355352 avail Mem 
--
top - 13:30:17 up 104 days,  5:13,  0 users,  load average: 0.67, 0.73, 0.38
Tasks: 400 total,   1 running, 399 sleeping,   0 stopped,   0 zombie
%Cpu(s):  0.1 us,  0.1 sy,  0.0 ni, 99.8 id,  0.0 wa,  0.0 hi,  0.0 si,  0.0 st
KiB Mem : 65877712 total, 55856216 free,  3493868 used,  6527628 buff/cache
KiB Swap: 33554428 total, 32339528 free,  1214900 used. 61226688 avail Mem 
--
top - 13:30:22 up 104 days,  5:13,  0 users,  load average: 1.34, 0.87, 0.43
Tasks: 400 total,   1 running, 399 sleeping,   0 stopped,   0 zombie
%Cpu(s):  0.5 us,  0.5 sy,  0.0 ni, 92.6 id,  6.4 wa,  0.0 hi,  0.0 si,  0.0 st
KiB Mem : 65877712 total, 55223048 free,  4127036 used,  6527628 buff/cache
KiB Swap: 33554428 total, 32339528 free,  1214900 used. 60593520 avail Mem 
--
top - 13:30:27 up 104 days,  5:13,  0 users,  load average: 1.79, 0.97, 0.46
Tasks: 400 total,   1 running, 399 sleeping,   0 stopped,   0 zombie
%Cpu(s):  3.2 us,  0.6 sy,  0.0 ni, 87.0 id,  9.1 wa,  0.0 hi,  0.0 si,  0.0 st
KiB Mem : 65877712 total, 53065048 free,  6285036 used,  6527628 buff/cache
KiB Swap: 33554428 total, 32339528 free,  1214900 used. 58435520 avail Mem 
--
top - 13:30:32 up 104 days,  5:13,  0 users,  load average: 1.73, 0.97, 0.47
Tasks: 400 total,   1 running, 399 sleeping,   0 stopped,   0 zombie
%Cpu(s):  3.1 us,  0.0 sy,  0.0 ni, 93.9 id,  3.0 wa,  0.0 hi,  0.0 si,  0.0 st
KiB Mem : 65877712 total, 53064084 free,  6286000 used,  6527628 buff/cache
KiB Swap: 33554428 total, 32339528 free,  1214900 used. 58434556 avail Mem 
--
top - 13:30:37 up 104 days,  5:13,  0 users,  load average: 1.67, 0.97, 0.47
Tasks: 400 total,   1 running, 399 sleeping,   0 stopped,   0 zombie
%Cpu(s):  3.1 us,  0.0 sy,  0.0 ni, 96.9 id,  0.0 wa,  0.0 hi,  0.0 si,  0.0 st
KiB Mem : 65877712 total, 53063464 free,  6286620 used,  6527628 buff/cache
KiB Swap: 33554428 total, 32339528 free,  1214900 used. 58433936 avail Mem 
--
top - 13:30:42 up 104 days,  5:14,  0 users,  load average: 1.62, 0.97, 0.47
Tasks: 400 total,   1 running, 399 sleeping,   0 stopped,   0 zombie
%Cpu(s):  3.1 us,  0.0 sy,  0.0 ni, 96.8 id,  0.0 wa,  0.0 hi,  0.0 si,  0.0 st
KiB Mem : 65877712 total, 53062976 free,  6287108 used,  6527628 buff/cache
KiB Swap: 33554428 total, 32339528 free,  1214900 used. 58433444 avail Mem 
--
top - 13:30:47 up 104 days,  5:14,  0 users,  load average: 1.57, 0.98, 0.47
Tasks: 400 total,   1 running, 399 sleeping,   0 stopped,   0 zombie
%Cpu(s):  2.0 us,  0.1 sy,  0.0 ni, 97.9 id,  0.0 wa,  0.0 hi,  0.0 si,  0.0 st
KiB Mem : 65877712 total, 55739852 free,  3610232 used,  6527628 buff/cache
KiB Swap: 33554428 total, 32339528 free,  1214900 used. 61110324 avail Mem 
