10.149.0.54
2023/12/26 14:03:08 Master node address: http://10.149.0.55:8000
2023/12/26 14:03:08 Benchmarking worker...
2023/12/26 14:03:09 Worker registered (1888 MCUPS). Waiting for work...
2023/12/26 14:04:50 Got work. Start calculating alignments...
2023/12/26 14:04:50 Calculating 179 queries
2023/12/26 14:05:22 Done calculating alignments.
2023/12/26 14:05:22 Waiting for work...
2023/12/26 14:06:53 Got work. Start calculating alignments...
2023/12/26 14:06:53 Calculating 179 queries
2023/12/26 14:07:15 Done calculating alignments.
2023/12/26 14:07:15 Waiting for work...
2023/12/26 14:08:46 Got work. Start calculating alignments...
2023/12/26 14:08:46 Calculating 179 queries
2023/12/26 14:09:08 Done calculating alignments.
2023/12/26 14:09:08 Waiting for work...
2023/12/26 14:10:37 Got work. Start calculating alignments...
2023/12/26 14:10:37 Calculating 180 queries
2023/12/26 14:10:51 Done calculating alignments.
2023/12/26 14:10:51 Waiting for work...
2023/12/26 14:12:26 Got work. Start calculating alignments...
2023/12/26 14:12:26 Calculating 180 queries
2023/12/26 14:12:47 Done calculating alignments.
2023/12/26 14:12:47 Waiting for work...
slurmstepd: error: *** JOB 4751370 ON node054 CANCELLED AT 2023-12-26T14:12:51 ***
