10.149.0.59
2023/12/26 14:23:05 Master node address: http://10.149.0.62:8000
2023/12/26 14:23:05 Benchmarking worker...
2023/12/26 14:23:06 Worker registered (1817 MCUPS). Waiting for work...
2023/12/26 14:24:48 Got work. Start calculating alignments...
2023/12/26 14:24:48 Calculating 43 queries
2023/12/26 14:24:55 Done calculating alignments.
2023/12/26 14:24:55 Waiting for work...
2023/12/26 14:26:31 Got work. Start calculating alignments...
2023/12/26 14:26:31 Calculating 44 queries
2023/12/26 14:26:34 Done calculating alignments.
2023/12/26 14:26:34 Waiting for work...
2023/12/26 14:28:28 Got work. Start calculating alignments...
2023/12/26 14:28:28 Calculating 44 queries
2023/12/26 14:28:44 Done calculating alignments.
2023/12/26 14:28:44 Waiting for work...
2023/12/26 14:30:23 Got work. Start calculating alignments...
2023/12/26 14:30:23 Calculating 44 queries
2023/12/26 14:30:43 Done calculating alignments.
2023/12/26 14:30:43 Waiting for work...
2023/12/26 14:32:18 Got work. Start calculating alignments...
2023/12/26 14:32:18 Calculating 44 queries
2023/12/26 14:32:30 Done calculating alignments.
2023/12/26 14:32:30 Waiting for work...
slurmstepd: error: *** JOB 4751403 ON node059 CANCELLED AT 2023-12-26T14:32:41 ***
