10.149.0.68
2023/12/26 13:21:51 Master node address: http://10.149.0.60:8000
2023/12/26 13:21:51 Benchmarking worker...
2023/12/26 13:21:52 Worker registered (1834 MCUPS). Waiting for work...
2023/12/26 13:23:42 Got work. Start calculating alignments...
2023/12/26 13:23:42 Calculating 90 queries
2023/12/26 13:24:00 Done calculating alignments.
2023/12/26 13:24:00 Waiting for work...
2023/12/26 13:25:22 Got work. Start calculating alignments...
2023/12/26 13:25:22 Calculating 90 queries
2023/12/26 13:25:43 Done calculating alignments.
2023/12/26 13:25:43 Waiting for work...
2023/12/26 13:26:58 Got work. Start calculating alignments...
2023/12/26 13:26:58 Calculating 90 queries
2023/12/26 13:27:09 Done calculating alignments.
2023/12/26 13:27:09 Waiting for work...
2023/12/26 13:28:46 Got work. Start calculating alignments...
2023/12/26 13:28:46 Calculating 90 queries
2023/12/26 13:29:07 Done calculating alignments.
2023/12/26 13:29:07 Waiting for work...
2023/12/26 13:30:27 Got work. Start calculating alignments...
2023/12/26 13:30:27 Calculating 89 queries
2023/12/26 13:30:42 Done calculating alignments.
2023/12/26 13:30:42 Waiting for work...
slurmstepd: error: *** JOB 4751319 ON node068 CANCELLED AT 2023-12-26T13:30:50 ***
