Job id: 4751413
Worker ip: 10.149.0.40
Master ip: 10.149.0.62
--
top - 14:23:03 up 104 days,  6:06,  0 users,  load average: 0.02, 0.13, 0.16
Tasks: 400 total,   1 running, 399 sleeping,   0 stopped,   0 zombie
%Cpu(s):  1.1 us,  1.9 sy,  0.0 ni, 96.3 id,  0.6 wa,  0.0 hi,  0.2 si,  0.0 st
KiB Mem : 65877712 total, 61463228 free,  1041892 used,  3372592 buff/cache
KiB Swap: 33554428 total, 32457132 free,  1097296 used. 63655748 avail Mem 
--
top - 14:23:08 up 104 days,  6:06,  0 users,  load average: 0.09, 0.15, 0.16
Tasks: 408 total,   1 running, 407 sleeping,   0 stopped,   0 zombie
%Cpu(s):  1.7 us,  0.6 sy,  0.0 ni, 97.5 id,  0.2 wa,  0.0 hi,  0.0 si,  0.0 st
KiB Mem : 65877712 total, 61438996 free,  1059880 used,  3378836 buff/cache
KiB Swap: 33554428 total, 32457132 free,  1097296 used. 63637720 avail Mem 
--
top - 14:23:14 up 104 days,  6:06,  0 users,  load average: 0.09, 0.15, 0.16
Tasks: 408 total,   1 running, 407 sleeping,   0 stopped,   0 zombie
%Cpu(s):  0.0 us,  0.0 sy,  0.0 ni,100.0 id,  0.0 wa,  0.0 hi,  0.0 si,  0.0 st
KiB Mem : 65877712 total, 61439184 free,  1059292 used,  3379236 buff/cache
KiB Swap: 33554428 total, 32457132 free,  1097296 used. 63638240 avail Mem 
--
top - 14:23:19 up 104 days,  6:06,  0 users,  load average: 0.08, 0.14, 0.16
Tasks: 408 total,   1 running, 407 sleeping,   0 stopped,   0 zombie
%Cpu(s):  0.0 us,  0.0 sy,  0.0 ni,100.0 id,  0.0 wa,  0.0 hi,  0.0 si,  0.0 st
KiB Mem : 65877712 total, 61440020 free,  1058456 used,  3379236 buff/cache
KiB Swap: 33554428 total, 32457132 free,  1097296 used. 63639076 avail Mem 
--
top - 14:23:24 up 104 days,  6:06,  0 users,  load average: 0.07, 0.14, 0.16
Tasks: 408 total,   1 running, 407 sleeping,   0 stopped,   0 zombie
%Cpu(s):  0.0 us,  0.0 sy,  0.0 ni, 99.9 id,  0.0 wa,  0.0 hi,  0.0 si,  0.0 st
KiB Mem : 65877712 total, 61438956 free,  1059520 used,  3379236 buff/cache
KiB Swap: 33554428 total, 32457132 free,  1097296 used. 63638020 avail Mem 
--
top - 14:23:29 up 104 days,  6:06,  0 users,  load average: 0.07, 0.14, 0.16
Tasks: 408 total,   1 running, 407 sleeping,   0 stopped,   0 zombie
%Cpu(s):  0.0 us,  0.0 sy,  0.0 ni,100.0 id,  0.0 wa,  0.0 hi,  0.0 si,  0.0 st
KiB Mem : 65877712 total, 61440872 free,  1057604 used,  3379236 buff/cache
KiB Swap: 33554428 total, 32457132 free,  1097296 used. 63639944 avail Mem 
--
top - 14:23:34 up 104 days,  6:06,  0 users,  load average: 0.06, 0.14, 0.16
Tasks: 408 total,   1 running, 407 sleeping,   0 stopped,   0 zombie
%Cpu(s):  0.0 us,  0.0 sy,  0.0 ni,100.0 id,  0.0 wa,  0.0 hi,  0.0 si,  0.0 st
KiB Mem : 65877712 total, 61441492 free,  1056984 used,  3379236 buff/cache
KiB Swap: 33554428 total, 32457132 free,  1097296 used. 63640564 avail Mem 
--
top - 14:23:39 up 104 days,  6:06,  0 users,  load average: 0.06, 0.13, 0.15
Tasks: 408 total,   1 running, 407 sleeping,   0 stopped,   0 zombie
%Cpu(s):  0.0 us,  0.0 sy,  0.0 ni,100.0 id,  0.0 wa,  0.0 hi,  0.0 si,  0.0 st
KiB Mem : 65877712 total, 61442252 free,  1056224 used,  3379236 buff/cache
KiB Swap: 33554428 total, 32457132 free,  1097296 used. 63641324 avail Mem 
--
top - 14:23:44 up 104 days,  6:06,  0 users,  load average: 0.05, 0.13, 0.15
Tasks: 408 total,   1 running, 407 sleeping,   0 stopped,   0 zombie
%Cpu(s):  0.0 us,  0.0 sy,  0.0 ni,100.0 id,  0.0 wa,  0.0 hi,  0.0 si,  0.0 st
KiB Mem : 65877712 total, 61442612 free,  1055864 used,  3379236 buff/cache
KiB Swap: 33554428 total, 32457132 free,  1097296 used. 63641684 avail Mem 
--
top - 14:23:49 up 104 days,  6:07,  0 users,  load average: 0.05, 0.13, 0.15
Tasks: 408 total,   1 running, 407 sleeping,   0 stopped,   0 zombie
%Cpu(s):  0.0 us,  0.0 sy,  0.0 ni, 99.9 id,  0.0 wa,  0.0 hi,  0.0 si,  0.0 st
KiB Mem : 65877712 total, 61442976 free,  1055500 used,  3379236 buff/cache
KiB Swap: 33554428 total, 32457132 free,  1097296 used. 63642048 avail Mem 
--
top - 14:23:54 up 104 days,  6:07,  0 users,  load average: 0.04, 0.13, 0.15
Tasks: 408 total,   1 running, 407 sleeping,   0 stopped,   0 zombie
%Cpu(s):  0.0 us,  0.0 sy,  0.0 ni, 99.9 id,  0.0 wa,  0.0 hi,  0.0 si,  0.0 st
KiB Mem : 65877712 total, 61443824 free,  1054652 used,  3379236 buff/cache
KiB Swap: 33554428 total, 32457132 free,  1097296 used. 63642896 avail Mem 
--
top - 14:23:59 up 104 days,  6:07,  0 users,  load average: 0.04, 0.13, 0.15
Tasks: 408 total,   1 running, 407 sleeping,   0 stopped,   0 zombie
%Cpu(s):  0.0 us,  0.0 sy,  0.0 ni,100.0 id,  0.0 wa,  0.0 hi,  0.0 si,  0.0 st
KiB Mem : 65877712 total, 61444200 free,  1054272 used,  3379240 buff/cache
KiB Swap: 33554428 total, 32457132 free,  1097296 used. 63643272 avail Mem 
--
top - 14:24:04 up 104 days,  6:07,  0 users,  load average: 0.04, 0.12, 0.15
Tasks: 408 total,   1 running, 407 sleeping,   0 stopped,   0 zombie
%Cpu(s):  0.4 us,  0.2 sy,  0.0 ni, 98.7 id,  0.7 wa,  0.0 hi,  0.0 si,  0.0 st
KiB Mem : 65877712 total, 61440508 free,  1057980 used,  3379224 buff/cache
KiB Swap: 33554428 total, 32457132 free,  1097296 used. 63639616 avail Mem 
--
top - 14:24:09 up 104 days,  6:07,  0 users,  load average: 0.04, 0.12, 0.15
Tasks: 408 total,   1 running, 407 sleeping,   0 stopped,   0 zombie
%Cpu(s):  0.0 us,  0.0 sy,  0.0 ni,100.0 id,  0.0 wa,  0.0 hi,  0.0 si,  0.0 st
KiB Mem : 65877712 total, 61442436 free,  1056052 used,  3379224 buff/cache
KiB Swap: 33554428 total, 32457132 free,  1097296 used. 63641544 avail Mem 
--
top - 14:24:14 up 104 days,  6:07,  0 users,  load average: 0.03, 0.12, 0.15
Tasks: 408 total,   1 running, 407 sleeping,   0 stopped,   0 zombie
%Cpu(s):  0.0 us,  0.0 sy,  0.0 ni,100.0 id,  0.0 wa,  0.0 hi,  0.0 si,  0.0 st
KiB Mem : 65877712 total, 61443444 free,  1055044 used,  3379224 buff/cache
KiB Swap: 33554428 total, 32457132 free,  1097296 used. 63642552 avail Mem 
--
top - 14:24:19 up 104 days,  6:07,  0 users,  load average: 0.03, 0.12, 0.15
Tasks: 408 total,   1 running, 407 sleeping,   0 stopped,   0 zombie
%Cpu(s):  0.0 us,  0.0 sy,  0.0 ni,100.0 id,  0.0 wa,  0.0 hi,  0.0 si,  0.0 st
KiB Mem : 65877712 total, 61444460 free,  1054028 used,  3379224 buff/cache
KiB Swap: 33554428 total, 32457132 free,  1097296 used. 63643568 avail Mem 
--
top - 14:24:24 up 104 days,  6:07,  0 users,  load average: 0.03, 0.12, 0.15
Tasks: 408 total,   1 running, 407 sleeping,   0 stopped,   0 zombie
%Cpu(s):  0.0 us,  0.0 sy,  0.0 ni, 99.9 id,  0.0 wa,  0.0 hi,  0.0 si,  0.0 st
KiB Mem : 65877712 total, 61445080 free,  1053408 used,  3379224 buff/cache
KiB Swap: 33554428 total, 32457132 free,  1097296 used. 63644188 avail Mem 
--
top - 14:24:29 up 104 days,  6:07,  0 users,  load average: 0.03, 0.11, 0.14
Tasks: 408 total,   1 running, 407 sleeping,   0 stopped,   0 zombie
%Cpu(s):  0.0 us,  0.0 sy,  0.0 ni,100.0 id,  0.0 wa,  0.0 hi,  0.0 si,  0.0 st
KiB Mem : 65877712 total, 61445592 free,  1052896 used,  3379224 buff/cache
KiB Swap: 33554428 total, 32457132 free,  1097296 used. 63644700 avail Mem 
--
top - 14:24:34 up 104 days,  6:07,  0 users,  load average: 0.02, 0.11, 0.14
Tasks: 408 total,   1 running, 407 sleeping,   0 stopped,   0 zombie
%Cpu(s):  0.1 us,  0.1 sy,  0.0 ni, 99.8 id,  0.0 wa,  0.0 hi,  0.0 si,  0.0 st
KiB Mem : 65877712 total, 61311752 free,  1186736 used,  3379224 buff/cache
KiB Swap: 33554428 total, 32457132 free,  1097296 used. 63510860 avail Mem 
--
top - 14:24:39 up 104 days,  6:07,  0 users,  load average: 0.02, 0.11, 0.14
Tasks: 408 total,   1 running, 407 sleeping,   0 stopped,   0 zombie
%Cpu(s):  0.1 us,  0.1 sy,  0.0 ni, 99.8 id,  0.0 wa,  0.0 hi,  0.0 si,  0.0 st
KiB Mem : 65877712 total, 61075008 free,  1423480 used,  3379224 buff/cache
KiB Swap: 33554428 total, 32457132 free,  1097296 used. 63274116 avail Mem 
--
top - 14:24:44 up 104 days,  6:07,  0 users,  load average: 0.02, 0.11, 0.14
Tasks: 408 total,   1 running, 407 sleeping,   0 stopped,   0 zombie
%Cpu(s):  0.0 us,  0.0 sy,  0.0 ni,100.0 id,  0.0 wa,  0.0 hi,  0.0 si,  0.0 st
KiB Mem : 65877712 total, 61075024 free,  1423464 used,  3379224 buff/cache
KiB Swap: 33554428 total, 32457132 free,  1097296 used. 63274132 avail Mem 
--
top - 14:24:49 up 104 days,  6:08,  0 users,  load average: 0.02, 0.11, 0.14
Tasks: 408 total,   1 running, 407 sleeping,   0 stopped,   0 zombie
%Cpu(s):  0.0 us,  0.0 sy,  0.0 ni,100.0 id,  0.0 wa,  0.0 hi,  0.0 si,  0.0 st
KiB Mem : 65877712 total, 61075116 free,  1423372 used,  3379224 buff/cache
KiB Swap: 33554428 total, 32457132 free,  1097296 used. 63274224 avail Mem 
--
top - 14:24:54 up 104 days,  6:08,  0 users,  load average: 0.02, 0.10, 0.14
Tasks: 410 total,   1 running, 409 sleeping,   0 stopped,   0 zombie
%Cpu(s):  3.0 us,  0.4 sy,  0.0 ni, 96.6 id,  0.0 wa,  0.0 hi,  0.0 si,  0.0 st
KiB Mem : 65877712 total, 60118968 free,  2379516 used,  3379228 buff/cache
KiB Swap: 33554428 total, 32457132 free,  1097296 used. 62318080 avail Mem 
--
top - 14:24:59 up 104 days,  6:08,  0 users,  load average: 0.10, 0.12, 0.14
Tasks: 410 total,   1 running, 409 sleeping,   0 stopped,   0 zombie
%Cpu(s):  3.1 us,  0.0 sy,  0.0 ni, 96.9 id,  0.0 wa,  0.0 hi,  0.0 si,  0.0 st
KiB Mem : 65877712 total, 60118696 free,  2379788 used,  3379228 buff/cache
KiB Swap: 33554428 total, 32457132 free,  1097296 used. 62317808 avail Mem 
--
top - 14:25:04 up 104 days,  6:08,  0 users,  load average: 0.09, 0.12, 0.14
Tasks: 409 total,   1 running, 408 sleeping,   0 stopped,   0 zombie
%Cpu(s):  0.1 us,  0.1 sy,  0.0 ni, 99.8 id,  0.0 wa,  0.0 hi,  0.0 si,  0.0 st
KiB Mem : 65877712 total, 61274660 free,  1223824 used,  3379228 buff/cache
KiB Swap: 33554428 total, 32457132 free,  1097296 used. 63473772 avail Mem 
--
top - 14:25:09 up 104 days,  6:08,  0 users,  load average: 0.08, 0.12, 0.14
Tasks: 409 total,   1 running, 408 sleeping,   0 stopped,   0 zombie
%Cpu(s):  0.0 us,  0.0 sy,  0.0 ni,100.0 id,  0.0 wa,  0.0 hi,  0.0 si,  0.0 st
KiB Mem : 65877712 total, 61275668 free,  1222816 used,  3379228 buff/cache
KiB Swap: 33554428 total, 32457132 free,  1097296 used. 63474780 avail Mem 
--
top - 14:25:14 up 104 days,  6:08,  0 users,  load average: 0.07, 0.11, 0.14
Tasks: 409 total,   1 running, 408 sleeping,   0 stopped,   0 zombie
%Cpu(s):  0.0 us,  0.0 sy,  0.0 ni, 95.5 id,  4.5 wa,  0.0 hi,  0.0 si,  0.0 st
KiB Mem : 65877712 total, 61276772 free,  1221712 used,  3379228 buff/cache
KiB Swap: 33554428 total, 32457132 free,  1097296 used. 63475884 avail Mem 
--
top - 14:25:19 up 104 days,  6:08,  0 users,  load average: 0.63, 0.23, 0.18
Tasks: 409 total,   1 running, 408 sleeping,   0 stopped,   0 zombie
%Cpu(s):  0.0 us,  0.0 sy,  0.0 ni, 90.6 id,  9.3 wa,  0.0 hi,  0.0 si,  0.0 st
KiB Mem : 65877712 total, 61276800 free,  1221684 used,  3379228 buff/cache
KiB Swap: 33554428 total, 32457132 free,  1097296 used. 63475912 avail Mem 
--
top - 14:25:24 up 104 days,  6:08,  0 users,  load average: 1.14, 0.34, 0.21
Tasks: 409 total,   1 running, 408 sleeping,   0 stopped,   0 zombie
%Cpu(s):  0.0 us,  0.0 sy,  0.0 ni, 95.0 id,  4.9 wa,  0.0 hi,  0.0 si,  0.0 st
KiB Mem : 65877712 total, 61276248 free,  1222236 used,  3379228 buff/cache
KiB Swap: 33554428 total, 32457132 free,  1097296 used. 63475360 avail Mem 
--
top - 14:25:29 up 104 days,  6:08,  0 users,  load average: 1.05, 0.33, 0.21
Tasks: 409 total,   1 running, 408 sleeping,   0 stopped,   0 zombie
%Cpu(s):  0.0 us,  0.0 sy,  0.0 ni,100.0 id,  0.0 wa,  0.0 hi,  0.0 si,  0.0 st
KiB Mem : 65877712 total, 61277800 free,  1220684 used,  3379228 buff/cache
KiB Swap: 33554428 total, 32457132 free,  1097296 used. 63476912 avail Mem 
--
top - 14:25:34 up 104 days,  6:08,  0 users,  load average: 0.96, 0.33, 0.21
Tasks: 409 total,   1 running, 408 sleeping,   0 stopped,   0 zombie
%Cpu(s):  0.0 us,  0.0 sy,  0.0 ni,100.0 id,  0.0 wa,  0.0 hi,  0.0 si,  0.0 st
KiB Mem : 65877712 total, 61278172 free,  1220312 used,  3379228 buff/cache
KiB Swap: 33554428 total, 32457132 free,  1097296 used. 63477284 avail Mem 
--
top - 14:25:39 up 104 days,  6:08,  0 users,  load average: 0.89, 0.32, 0.21
Tasks: 409 total,   1 running, 408 sleeping,   0 stopped,   0 zombie
%Cpu(s):  0.0 us,  0.0 sy,  0.0 ni,100.0 id,  0.0 wa,  0.0 hi,  0.0 si,  0.0 st
KiB Mem : 65877712 total, 61278792 free,  1219692 used,  3379228 buff/cache
KiB Swap: 33554428 total, 32457132 free,  1097296 used. 63477904 avail Mem 
--
top - 14:25:44 up 104 days,  6:08,  0 users,  load average: 0.82, 0.32, 0.21
Tasks: 409 total,   1 running, 408 sleeping,   0 stopped,   0 zombie
%Cpu(s):  0.0 us,  0.0 sy,  0.0 ni, 99.9 id,  0.0 wa,  0.0 hi,  0.0 si,  0.0 st
KiB Mem : 65877712 total, 61279184 free,  1219300 used,  3379228 buff/cache
KiB Swap: 33554428 total, 32457132 free,  1097296 used. 63478296 avail Mem 
--
top - 14:25:49 up 104 days,  6:09,  0 users,  load average: 0.75, 0.31, 0.21
Tasks: 409 total,   1 running, 408 sleeping,   0 stopped,   0 zombie
%Cpu(s):  0.0 us,  0.0 sy,  0.0 ni, 99.9 id,  0.0 wa,  0.0 hi,  0.0 si,  0.0 st
KiB Mem : 65877712 total, 61279852 free,  1218628 used,  3379232 buff/cache
KiB Swap: 33554428 total, 32457132 free,  1097296 used. 63478964 avail Mem 
--
top - 14:25:54 up 104 days,  6:09,  0 users,  load average: 0.69, 0.31, 0.21
Tasks: 409 total,   1 running, 408 sleeping,   0 stopped,   0 zombie
%Cpu(s):  0.0 us,  0.0 sy,  0.0 ni,100.0 id,  0.0 wa,  0.0 hi,  0.0 si,  0.0 st
KiB Mem : 65877712 total, 61280044 free,  1218436 used,  3379232 buff/cache
KiB Swap: 33554428 total, 32457132 free,  1097296 used. 63479156 avail Mem 
--
top - 14:25:59 up 104 days,  6:09,  0 users,  load average: 0.64, 0.30, 0.21
Tasks: 409 total,   1 running, 408 sleeping,   0 stopped,   0 zombie
%Cpu(s):  0.0 us,  0.0 sy,  0.0 ni,100.0 id,  0.0 wa,  0.0 hi,  0.0 si,  0.0 st
KiB Mem : 65877712 total, 61280588 free,  1217892 used,  3379232 buff/cache
KiB Swap: 33554428 total, 32457132 free,  1097296 used. 63479700 avail Mem 
--
top - 14:26:04 up 104 days,  6:09,  0 users,  load average: 0.58, 0.30, 0.21
Tasks: 409 total,   1 running, 408 sleeping,   0 stopped,   0 zombie
%Cpu(s):  0.4 us,  0.2 sy,  0.0 ni, 98.7 id,  0.6 wa,  0.0 hi,  0.0 si,  0.0 st
KiB Mem : 65877712 total, 61274024 free,  1224456 used,  3379232 buff/cache
KiB Swap: 33554428 total, 32457132 free,  1097296 used. 63473136 avail Mem 
--
top - 14:26:09 up 104 days,  6:09,  0 users,  load average: 0.54, 0.29, 0.21
Tasks: 409 total,   1 running, 408 sleeping,   0 stopped,   0 zombie
%Cpu(s):  0.0 us,  0.0 sy,  0.0 ni,100.0 id,  0.0 wa,  0.0 hi,  0.0 si,  0.0 st
KiB Mem : 65877712 total, 61277996 free,  1220484 used,  3379232 buff/cache
KiB Swap: 33554428 total, 32457132 free,  1097296 used. 63477108 avail Mem 
--
top - 14:26:14 up 104 days,  6:09,  0 users,  load average: 0.49, 0.29, 0.20
Tasks: 409 total,   1 running, 408 sleeping,   0 stopped,   0 zombie
%Cpu(s):  0.0 us,  0.0 sy,  0.0 ni,100.0 id,  0.0 wa,  0.0 hi,  0.0 si,  0.0 st
KiB Mem : 65877712 total, 61271256 free,  1227224 used,  3379232 buff/cache
KiB Swap: 33554428 total, 32457132 free,  1097296 used. 63470368 avail Mem 
--
top - 14:26:19 up 104 days,  6:09,  0 users,  load average: 0.45, 0.28, 0.20
Tasks: 409 total,   1 running, 408 sleeping,   0 stopped,   0 zombie
%Cpu(s):  0.0 us,  0.0 sy,  0.0 ni, 99.9 id,  0.0 wa,  0.0 hi,  0.0 si,  0.0 st
KiB Mem : 65877712 total, 61249528 free,  1248952 used,  3379232 buff/cache
KiB Swap: 33554428 total, 32457132 free,  1097296 used. 63448640 avail Mem 
--
top - 14:26:24 up 104 days,  6:09,  0 users,  load average: 0.42, 0.28, 0.20
Tasks: 409 total,   1 running, 408 sleeping,   0 stopped,   0 zombie
%Cpu(s):  0.0 us,  0.0 sy,  0.0 ni, 99.9 id,  0.0 wa,  0.0 hi,  0.0 si,  0.0 st
KiB Mem : 65877712 total, 61246832 free,  1251648 used,  3379232 buff/cache
KiB Swap: 33554428 total, 32457132 free,  1097296 used. 63445944 avail Mem 
--
top - 14:26:29 up 104 days,  6:09,  0 users,  load average: 0.38, 0.27, 0.20
Tasks: 409 total,   1 running, 408 sleeping,   0 stopped,   0 zombie
%Cpu(s):  0.0 us,  0.0 sy,  0.0 ni,100.0 id,  0.0 wa,  0.0 hi,  0.0 si,  0.0 st
KiB Mem : 65877712 total, 61247024 free,  1251456 used,  3379232 buff/cache
KiB Swap: 33554428 total, 32457132 free,  1097296 used. 63446136 avail Mem 
--
top - 14:26:34 up 104 days,  6:09,  0 users,  load average: 0.35, 0.27, 0.20
Tasks: 409 total,   1 running, 408 sleeping,   0 stopped,   0 zombie
%Cpu(s):  1.6 us,  0.2 sy,  0.0 ni, 98.1 id,  0.0 wa,  0.0 hi,  0.0 si,  0.0 st
KiB Mem : 65877712 total, 61199348 free,  1299132 used,  3379232 buff/cache
KiB Swap: 33554428 total, 32457132 free,  1097296 used. 63398464 avail Mem 
--
top - 14:26:39 up 104 days,  6:09,  0 users,  load average: 0.33, 0.26, 0.20
Tasks: 409 total,   1 running, 408 sleeping,   0 stopped,   0 zombie
%Cpu(s):  0.0 us,  0.0 sy,  0.0 ni,100.0 id,  0.0 wa,  0.0 hi,  0.0 si,  0.0 st
KiB Mem : 65877712 total, 61212492 free,  1285984 used,  3379236 buff/cache
KiB Swap: 33554428 total, 32457132 free,  1097296 used. 63411608 avail Mem 
--
top - 14:26:44 up 104 days,  6:09,  0 users,  load average: 0.30, 0.26, 0.20
Tasks: 409 total,   1 running, 408 sleeping,   0 stopped,   0 zombie
%Cpu(s):  0.0 us,  0.0 sy,  0.0 ni,100.0 id,  0.0 wa,  0.0 hi,  0.0 si,  0.0 st
KiB Mem : 65877712 total, 61211168 free,  1287308 used,  3379236 buff/cache
KiB Swap: 33554428 total, 32457132 free,  1097296 used. 63410288 avail Mem 
--
top - 14:26:49 up 104 days,  6:10,  0 users,  load average: 0.28, 0.26, 0.20
Tasks: 409 total,   1 running, 408 sleeping,   0 stopped,   0 zombie
%Cpu(s):  0.0 us,  0.0 sy,  0.0 ni, 99.9 id,  0.0 wa,  0.0 hi,  0.0 si,  0.0 st
KiB Mem : 65877712 total, 61212020 free,  1286456 used,  3379236 buff/cache
KiB Swap: 33554428 total, 32457132 free,  1097296 used. 63411140 avail Mem 
--
top - 14:26:54 up 104 days,  6:10,  0 users,  load average: 0.25, 0.25, 0.20
Tasks: 409 total,   1 running, 408 sleeping,   0 stopped,   0 zombie
%Cpu(s):  0.0 us,  0.0 sy,  0.0 ni,100.0 id,  0.0 wa,  0.0 hi,  0.0 si,  0.0 st
KiB Mem : 65877712 total, 61211712 free,  1286764 used,  3379236 buff/cache
KiB Swap: 33554428 total, 32457132 free,  1097296 used. 63410832 avail Mem 
--
top - 14:26:59 up 104 days,  6:10,  0 users,  load average: 0.23, 0.25, 0.20
Tasks: 406 total,   1 running, 405 sleeping,   0 stopped,   0 zombie
%Cpu(s):  0.0 us,  0.0 sy,  0.0 ni,100.0 id,  0.0 wa,  0.0 hi,  0.0 si,  0.0 st
KiB Mem : 65877712 total, 61212216 free,  1286260 used,  3379236 buff/cache
KiB Swap: 33554428 total, 32457132 free,  1097296 used. 63411336 avail Mem 
--
top - 14:27:04 up 104 days,  6:10,  0 users,  load average: 0.21, 0.24, 0.19
Tasks: 406 total,   1 running, 405 sleeping,   0 stopped,   0 zombie
%Cpu(s):  0.0 us,  0.0 sy,  0.0 ni,100.0 id,  0.0 wa,  0.0 hi,  0.0 si,  0.0 st
KiB Mem : 65877712 total, 61213088 free,  1285388 used,  3379236 buff/cache
KiB Swap: 33554428 total, 32457132 free,  1097296 used. 63412208 avail Mem 
--
top - 14:27:09 up 104 days,  6:10,  0 users,  load average: 0.20, 0.24, 0.19
Tasks: 406 total,   2 running, 404 sleeping,   0 stopped,   0 zombie
%Cpu(s):  0.0 us,  0.0 sy,  0.0 ni,100.0 id,  0.0 wa,  0.0 hi,  0.0 si,  0.0 st
KiB Mem : 65877712 total, 61213244 free,  1285232 used,  3379236 buff/cache
KiB Swap: 33554428 total, 32457132 free,  1097296 used. 63412364 avail Mem 
--
top - 14:27:14 up 104 days,  6:10,  0 users,  load average: 0.18, 0.24, 0.19
Tasks: 406 total,   1 running, 405 sleeping,   0 stopped,   0 zombie
%Cpu(s):  0.0 us,  0.0 sy,  0.0 ni,100.0 id,  0.0 wa,  0.0 hi,  0.0 si,  0.0 st
KiB Mem : 65877712 total, 61213888 free,  1284588 used,  3379236 buff/cache
KiB Swap: 33554428 total, 32457132 free,  1097296 used. 63413008 avail Mem 
--
top - 14:27:19 up 104 days,  6:10,  0 users,  load average: 0.17, 0.23, 0.19
Tasks: 406 total,   1 running, 405 sleeping,   0 stopped,   0 zombie
%Cpu(s):  0.0 us,  0.0 sy,  0.0 ni, 99.9 id,  0.0 wa,  0.0 hi,  0.0 si,  0.0 st
KiB Mem : 65877712 total, 61214628 free,  1283848 used,  3379236 buff/cache
KiB Swap: 33554428 total, 32457132 free,  1097296 used. 63413748 avail Mem 
--
top - 14:27:25 up 104 days,  6:10,  0 users,  load average: 0.15, 0.23, 0.19
Tasks: 406 total,   1 running, 405 sleeping,   0 stopped,   0 zombie
%Cpu(s):  0.0 us,  0.0 sy,  0.0 ni, 99.9 id,  0.0 wa,  0.0 hi,  0.0 si,  0.0 st
KiB Mem : 65877712 total, 61213624 free,  1284852 used,  3379236 buff/cache
KiB Swap: 33554428 total, 32457132 free,  1097296 used. 63412744 avail Mem 
--
top - 14:27:30 up 104 days,  6:10,  0 users,  load average: 0.14, 0.22, 0.19
Tasks: 406 total,   1 running, 405 sleeping,   0 stopped,   0 zombie
%Cpu(s):  0.0 us,  0.0 sy,  0.0 ni,100.0 id,  0.0 wa,  0.0 hi,  0.0 si,  0.0 st
KiB Mem : 65877712 total, 61213724 free,  1284752 used,  3379236 buff/cache
KiB Swap: 33554428 total, 32457132 free,  1097296 used. 63412844 avail Mem 
--
top - 14:27:35 up 104 days,  6:10,  0 users,  load average: 0.13, 0.22, 0.19
Tasks: 406 total,   1 running, 405 sleeping,   0 stopped,   0 zombie
%Cpu(s):  0.0 us,  0.0 sy,  0.0 ni, 98.5 id,  1.4 wa,  0.0 hi,  0.0 si,  0.0 st
KiB Mem : 65877712 total, 61214204 free,  1284268 used,  3379240 buff/cache
KiB Swap: 33554428 total, 32457132 free,  1097296 used. 63413324 avail Mem 
--
top - 14:27:40 up 104 days,  6:10,  0 users,  load average: 0.68, 0.33, 0.23
Tasks: 406 total,   1 running, 405 sleeping,   0 stopped,   0 zombie
%Cpu(s):  0.0 us,  0.0 sy,  0.0 ni, 90.9 id,  9.1 wa,  0.0 hi,  0.0 si,  0.0 st
KiB Mem : 65877712 total, 61214304 free,  1284168 used,  3379240 buff/cache
KiB Swap: 33554428 total, 32457132 free,  1097296 used. 63413424 avail Mem 
--
top - 14:27:45 up 104 days,  6:11,  0 users,  load average: 1.19, 0.44, 0.26
Tasks: 406 total,   1 running, 405 sleeping,   0 stopped,   0 zombie
%Cpu(s):  0.0 us,  0.0 sy,  0.0 ni, 93.7 id,  6.3 wa,  0.0 hi,  0.0 si,  0.0 st
KiB Mem : 65877712 total, 61214428 free,  1284044 used,  3379240 buff/cache
KiB Swap: 33554428 total, 32457132 free,  1097296 used. 63413548 avail Mem 
--
top - 14:27:50 up 104 days,  6:11,  0 users,  load average: 1.09, 0.44, 0.26
Tasks: 406 total,   1 running, 405 sleeping,   0 stopped,   0 zombie
%Cpu(s):  0.0 us,  0.0 sy,  0.0 ni, 99.9 id,  0.0 wa,  0.0 hi,  0.0 si,  0.0 st
KiB Mem : 65877712 total, 61214560 free,  1283912 used,  3379240 buff/cache
KiB Swap: 33554428 total, 32457132 free,  1097296 used. 63413680 avail Mem 
--
top - 14:27:55 up 104 days,  6:11,  0 users,  load average: 1.00, 0.43, 0.26
Tasks: 406 total,   1 running, 405 sleeping,   0 stopped,   0 zombie
%Cpu(s):  0.0 us,  0.0 sy,  0.0 ni,100.0 id,  0.0 wa,  0.0 hi,  0.0 si,  0.0 st
KiB Mem : 65877712 total, 61214536 free,  1283936 used,  3379240 buff/cache
KiB Swap: 33554428 total, 32457132 free,  1097296 used. 63413656 avail Mem 
--
top - 14:28:00 up 104 days,  6:11,  0 users,  load average: 0.92, 0.42, 0.26
Tasks: 413 total,   1 running, 412 sleeping,   0 stopped,   0 zombie
%Cpu(s):  0.3 us,  0.1 sy,  0.0 ni, 99.4 id,  0.1 wa,  0.0 hi,  0.0 si,  0.0 st
KiB Mem : 65877712 total, 61202164 free,  1296308 used,  3379240 buff/cache
KiB Swap: 33554428 total, 32457132 free,  1097296 used. 63401284 avail Mem 
--
top - 14:28:05 up 104 days,  6:11,  0 users,  load average: 0.85, 0.41, 0.26
Tasks: 405 total,   1 running, 404 sleeping,   0 stopped,   0 zombie
%Cpu(s):  0.2 us,  0.1 sy,  0.0 ni, 99.3 id,  0.4 wa,  0.0 hi,  0.0 si,  0.0 st
KiB Mem : 65877712 total, 61207688 free,  1290780 used,  3379244 buff/cache
KiB Swap: 33554428 total, 32457132 free,  1097296 used. 63406808 avail Mem 
--
top - 14:28:10 up 104 days,  6:11,  0 users,  load average: 0.78, 0.41, 0.25
Tasks: 400 total,   1 running, 399 sleeping,   0 stopped,   0 zombie
%Cpu(s):  0.0 us,  0.0 sy,  0.0 ni,100.0 id,  0.0 wa,  0.0 hi,  0.0 si,  0.0 st
KiB Mem : 65877712 total, 61205832 free,  1292636 used,  3379244 buff/cache
KiB Swap: 33554428 total, 32457132 free,  1097296 used. 63404956 avail Mem 
--
top - 14:28:15 up 104 days,  6:11,  0 users,  load average: 0.72, 0.40, 0.25
Tasks: 399 total,   1 running, 398 sleeping,   0 stopped,   0 zombie
%Cpu(s):  0.0 us,  0.0 sy,  0.0 ni,100.0 id,  0.0 wa,  0.0 hi,  0.0 si,  0.0 st
KiB Mem : 65877712 total, 61203784 free,  1294684 used,  3379244 buff/cache
KiB Swap: 33554428 total, 32457132 free,  1097296 used. 63402908 avail Mem 
--
top - 14:28:20 up 104 days,  6:11,  0 users,  load average: 0.66, 0.39, 0.25
Tasks: 399 total,   1 running, 398 sleeping,   0 stopped,   0 zombie
%Cpu(s):  0.3 us,  0.2 sy,  0.0 ni, 99.5 id,  0.0 wa,  0.0 hi,  0.0 si,  0.0 st
KiB Mem : 65877712 total, 60840364 free,  1658104 used,  3379244 buff/cache
KiB Swap: 33554428 total, 32457132 free,  1097296 used. 63039488 avail Mem 
--
top - 14:28:25 up 104 days,  6:11,  0 users,  load average: 0.61, 0.39, 0.25
Tasks: 399 total,   1 running, 398 sleeping,   0 stopped,   0 zombie
%Cpu(s):  0.2 us,  0.1 sy,  0.0 ni, 99.6 id,  0.0 wa,  0.0 hi,  0.0 si,  0.0 st
KiB Mem : 65877712 total, 60500644 free,  1997824 used,  3379244 buff/cache
KiB Swap: 33554428 total, 32457132 free,  1097296 used. 62699768 avail Mem 
--
top - 14:28:30 up 104 days,  6:11,  0 users,  load average: 0.56, 0.38, 0.25
Tasks: 399 total,   2 running, 397 sleeping,   0 stopped,   0 zombie
%Cpu(s):  1.8 us,  0.4 sy,  0.0 ni, 97.7 id,  0.0 wa,  0.0 hi,  0.0 si,  0.0 st
KiB Mem : 65877712 total, 58888404 free,  3610060 used,  3379248 buff/cache
KiB Swap: 33554428 total, 32457132 free,  1097296 used. 61085480 avail Mem 
--
top - 14:28:35 up 104 days,  6:11,  0 users,  load average: 0.83, 0.44, 0.27
Tasks: 399 total,   2 running, 397 sleeping,   0 stopped,   0 zombie
%Cpu(s): 12.0 us,  0.5 sy,  0.0 ni, 87.5 id,  0.0 wa,  0.0 hi,  0.0 si,  0.0 st
KiB Mem : 65877712 total, 55437980 free,  7060484 used,  3379248 buff/cache
KiB Swap: 33554428 total, 32457132 free,  1097296 used. 57637104 avail Mem 
--
top - 14:28:40 up 104 days,  6:11,  0 users,  load average: 1.09, 0.50, 0.29
Tasks: 399 total,   2 running, 397 sleeping,   0 stopped,   0 zombie
%Cpu(s): 10.5 us,  0.0 sy,  0.0 ni, 89.4 id,  0.0 wa,  0.0 hi,  0.0 si,  0.0 st
KiB Mem : 65877712 total, 57072792 free,  5425672 used,  3379248 buff/cache
KiB Swap: 33554428 total, 32457132 free,  1097296 used. 59271916 avail Mem 
--
top - 14:28:45 up 104 days,  6:12,  0 users,  load average: 1.08, 0.51, 0.29
Tasks: 399 total,   2 running, 397 sleeping,   0 stopped,   0 zombie
%Cpu(s):  3.6 us,  0.0 sy,  0.0 ni, 96.3 id,  0.0 wa,  0.0 hi,  0.0 si,  0.0 st
KiB Mem : 65877712 total, 58106096 free,  4392368 used,  3379248 buff/cache
KiB Swap: 33554428 total, 32457132 free,  1097296 used. 60305212 avail Mem 
--
top - 14:28:50 up 104 days,  6:12,  0 users,  load average: 1.00, 0.50, 0.29
Tasks: 399 total,   2 running, 397 sleeping,   0 stopped,   0 zombie
%Cpu(s):  0.2 us,  0.2 sy,  0.0 ni, 99.7 id,  0.0 wa,  0.0 hi,  0.0 si,  0.0 st
KiB Mem : 65877712 total, 60638780 free,  1859684 used,  3379248 buff/cache
KiB Swap: 33554428 total, 32457132 free,  1097296 used. 62837904 avail Mem 
--
top - 14:28:55 up 104 days,  6:12,  0 users,  load average: 0.92, 0.49, 0.29
Tasks: 399 total,   1 running, 398 sleeping,   0 stopped,   0 zombie
%Cpu(s):  0.0 us,  0.0 sy,  0.0 ni,100.0 id,  0.0 wa,  0.0 hi,  0.0 si,  0.0 st
KiB Mem : 65877712 total, 60639696 free,  1858768 used,  3379248 buff/cache
KiB Swap: 33554428 total, 32457132 free,  1097296 used. 62838820 avail Mem 
--
top - 14:29:00 up 104 days,  6:12,  0 users,  load average: 0.84, 0.48, 0.29
Tasks: 399 total,   1 running, 398 sleeping,   0 stopped,   0 zombie
%Cpu(s):  0.0 us,  0.0 sy,  0.0 ni,100.0 id,  0.0 wa,  0.0 hi,  0.0 si,  0.0 st
KiB Mem : 65877712 total, 60640340 free,  1858124 used,  3379248 buff/cache
KiB Swap: 33554428 total, 32457132 free,  1097296 used. 62839464 avail Mem 
--
top - 14:29:05 up 104 days,  6:12,  0 users,  load average: 0.77, 0.48, 0.29
Tasks: 399 total,   1 running, 398 sleeping,   0 stopped,   0 zombie
%Cpu(s):  0.0 us,  0.0 sy,  0.0 ni, 99.9 id,  0.0 wa,  0.0 hi,  0.0 si,  0.0 st
KiB Mem : 65877712 total, 60641220 free,  1857244 used,  3379248 buff/cache
KiB Swap: 33554428 total, 32457132 free,  1097296 used. 62840344 avail Mem 
--
top - 14:29:10 up 104 days,  6:12,  0 users,  load average: 0.71, 0.47, 0.29
Tasks: 399 total,   1 running, 398 sleeping,   0 stopped,   0 zombie
%Cpu(s):  0.0 us,  0.0 sy,  0.0 ni,100.0 id,  0.0 wa,  0.0 hi,  0.0 si,  0.0 st
KiB Mem : 65877712 total, 60641588 free,  1856876 used,  3379248 buff/cache
KiB Swap: 33554428 total, 32457132 free,  1097296 used. 62840712 avail Mem 
--
top - 14:29:15 up 104 days,  6:12,  0 users,  load average: 0.66, 0.46, 0.28
Tasks: 399 total,   1 running, 398 sleeping,   0 stopped,   0 zombie
%Cpu(s):  0.0 us,  0.0 sy,  0.0 ni,100.0 id,  0.0 wa,  0.0 hi,  0.0 si,  0.0 st
KiB Mem : 65877712 total, 60641784 free,  1856680 used,  3379248 buff/cache
KiB Swap: 33554428 total, 32457132 free,  1097296 used. 62840908 avail Mem 
--
top - 14:29:20 up 104 days,  6:12,  0 users,  load average: 0.60, 0.45, 0.28
Tasks: 399 total,   1 running, 398 sleeping,   0 stopped,   0 zombie
%Cpu(s):  0.0 us,  0.0 sy,  0.0 ni, 99.9 id,  0.0 wa,  0.0 hi,  0.0 si,  0.0 st
KiB Mem : 65877712 total, 60641996 free,  1856468 used,  3379248 buff/cache
KiB Swap: 33554428 total, 32457132 free,  1097296 used. 62841120 avail Mem 
--
top - 14:29:25 up 104 days,  6:12,  0 users,  load average: 0.55, 0.45, 0.28
Tasks: 399 total,   1 running, 398 sleeping,   0 stopped,   0 zombie
%Cpu(s):  0.0 us,  0.0 sy,  0.0 ni, 99.9 id,  0.0 wa,  0.0 hi,  0.0 si,  0.0 st
KiB Mem : 65877712 total, 60641216 free,  1857244 used,  3379252 buff/cache
KiB Swap: 33554428 total, 32457132 free,  1097296 used. 62840352 avail Mem 
--
top - 14:29:30 up 104 days,  6:12,  0 users,  load average: 0.51, 0.44, 0.28
Tasks: 399 total,   1 running, 398 sleeping,   0 stopped,   0 zombie
%Cpu(s):  0.0 us,  0.0 sy,  0.0 ni, 99.9 id,  0.0 wa,  0.0 hi,  0.0 si,  0.0 st
KiB Mem : 65877712 total, 60641720 free,  1856740 used,  3379252 buff/cache
KiB Swap: 33554428 total, 32457132 free,  1097296 used. 62840856 avail Mem 
--
top - 14:29:35 up 104 days,  6:12,  0 users,  load average: 0.47, 0.43, 0.28
Tasks: 399 total,   1 running, 398 sleeping,   0 stopped,   0 zombie
%Cpu(s):  0.0 us,  0.0 sy,  0.0 ni,100.0 id,  0.0 wa,  0.0 hi,  0.0 si,  0.0 st
KiB Mem : 65877712 total, 60642252 free,  1856208 used,  3379252 buff/cache
KiB Swap: 33554428 total, 32457132 free,  1097296 used. 62841388 avail Mem 
--
top - 14:29:40 up 104 days,  6:12,  0 users,  load average: 0.43, 0.42, 0.28
Tasks: 399 total,   1 running, 398 sleeping,   0 stopped,   0 zombie
%Cpu(s):  0.0 us,  0.0 sy,  0.0 ni,100.0 id,  0.0 wa,  0.0 hi,  0.0 si,  0.0 st
KiB Mem : 65877712 total, 60642396 free,  1856064 used,  3379252 buff/cache
KiB Swap: 33554428 total, 32457132 free,  1097296 used. 62841532 avail Mem 
--
top - 14:29:45 up 104 days,  6:13,  0 users,  load average: 0.40, 0.42, 0.28
Tasks: 399 total,   1 running, 398 sleeping,   0 stopped,   0 zombie
%Cpu(s):  0.0 us,  0.0 sy,  0.0 ni,100.0 id,  0.0 wa,  0.0 hi,  0.0 si,  0.0 st
KiB Mem : 65877712 total, 60642788 free,  1855672 used,  3379252 buff/cache
KiB Swap: 33554428 total, 32457132 free,  1097296 used. 62841924 avail Mem 
--
top - 14:29:50 up 104 days,  6:13,  0 users,  load average: 0.37, 0.41, 0.27
Tasks: 399 total,   1 running, 398 sleeping,   0 stopped,   0 zombie
%Cpu(s):  0.0 us,  0.0 sy,  0.0 ni, 99.9 id,  0.0 wa,  0.0 hi,  0.0 si,  0.0 st
KiB Mem : 65877712 total, 60642980 free,  1855480 used,  3379252 buff/cache
KiB Swap: 33554428 total, 32457132 free,  1097296 used. 62842116 avail Mem 
--
top - 14:29:55 up 104 days,  6:13,  0 users,  load average: 0.34, 0.40, 0.27
Tasks: 397 total,   1 running, 396 sleeping,   0 stopped,   0 zombie
%Cpu(s):  0.0 us,  0.0 sy,  0.0 ni, 99.9 id,  0.0 wa,  0.0 hi,  0.0 si,  0.0 st
KiB Mem : 65877712 total, 60643128 free,  1855332 used,  3379252 buff/cache
KiB Swap: 33554428 total, 32457132 free,  1097296 used. 62842264 avail Mem 
--
top - 14:30:00 up 104 days,  6:13,  0 users,  load average: 0.31, 0.40, 0.27
Tasks: 400 total,   1 running, 399 sleeping,   0 stopped,   0 zombie
%Cpu(s):  0.4 us,  0.2 sy,  0.0 ni, 98.9 id,  0.5 wa,  0.0 hi,  0.0 si,  0.0 st
KiB Mem : 65877712 total, 60630188 free,  1868272 used,  3379252 buff/cache
KiB Swap: 33554428 total, 32457132 free,  1097296 used. 62829324 avail Mem 
--
top - 14:30:05 up 104 days,  6:13,  0 users,  load average: 0.28, 0.39, 0.27
Tasks: 397 total,   1 running, 396 sleeping,   0 stopped,   0 zombie
%Cpu(s):  0.1 us,  0.1 sy,  0.0 ni, 99.6 id,  0.3 wa,  0.0 hi,  0.0 si,  0.0 st
KiB Mem : 65877712 total, 60608568 free,  1889884 used,  3379260 buff/cache
KiB Swap: 33554428 total, 32457132 free,  1097296 used. 62807712 avail Mem 
--
top - 14:30:10 up 104 days,  6:13,  0 users,  load average: 0.26, 0.38, 0.27
Tasks: 397 total,   1 running, 396 sleeping,   0 stopped,   0 zombie
%Cpu(s):  0.0 us,  0.0 sy,  0.0 ni, 99.9 id,  0.0 wa,  0.0 hi,  0.0 si,  0.0 st
KiB Mem : 65877712 total, 60590724 free,  1907728 used,  3379260 buff/cache
KiB Swap: 33554428 total, 32457132 free,  1097296 used. 62789868 avail Mem 
--
top - 14:30:15 up 104 days,  6:13,  0 users,  load average: 0.24, 0.38, 0.27
Tasks: 399 total,   1 running, 398 sleeping,   0 stopped,   0 zombie
%Cpu(s):  0.0 us,  0.0 sy,  0.0 ni, 94.3 id,  5.7 wa,  0.0 hi,  0.0 si,  0.0 st
KiB Mem : 65877712 total, 60587644 free,  1910804 used,  3379264 buff/cache
KiB Swap: 33554428 total, 32457132 free,  1097296 used. 62786788 avail Mem 
--
top - 14:30:20 up 104 days,  6:13,  0 users,  load average: 0.86, 0.50, 0.31
Tasks: 399 total,   1 running, 398 sleeping,   0 stopped,   0 zombie
%Cpu(s):  0.0 us,  0.0 sy,  0.0 ni, 90.6 id,  9.3 wa,  0.0 hi,  0.0 si,  0.0 st
KiB Mem : 65877712 total, 60580616 free,  1917832 used,  3379264 buff/cache
KiB Swap: 33554428 total, 32457132 free,  1097296 used. 62779760 avail Mem 
--
top - 14:30:25 up 104 days,  6:13,  0 users,  load average: 1.67, 0.68, 0.37
Tasks: 399 total,   1 running, 398 sleeping,   0 stopped,   0 zombie
%Cpu(s):  2.3 us,  0.2 sy,  0.0 ni, 95.8 id,  1.7 wa,  0.0 hi,  0.0 si,  0.0 st
KiB Mem : 65877712 total, 60500904 free,  1997544 used,  3379264 buff/cache
KiB Swap: 33554428 total, 32457132 free,  1097296 used. 62700052 avail Mem 
--
top - 14:30:30 up 104 days,  6:13,  0 users,  load average: 1.54, 0.67, 0.36
Tasks: 399 total,   1 running, 398 sleeping,   0 stopped,   0 zombie
%Cpu(s):  0.0 us,  0.0 sy,  0.0 ni,100.0 id,  0.0 wa,  0.0 hi,  0.0 si,  0.0 st
KiB Mem : 65877712 total, 60502124 free,  1996324 used,  3379264 buff/cache
KiB Swap: 33554428 total, 32457132 free,  1097296 used. 62701272 avail Mem 
--
top - 14:30:35 up 104 days,  6:13,  0 users,  load average: 1.42, 0.66, 0.36
Tasks: 399 total,   1 running, 398 sleeping,   0 stopped,   0 zombie
%Cpu(s):  0.0 us,  0.0 sy,  0.0 ni, 99.9 id,  0.0 wa,  0.0 hi,  0.0 si,  0.0 st
KiB Mem : 65877712 total, 60503648 free,  1994800 used,  3379264 buff/cache
KiB Swap: 33554428 total, 32457132 free,  1097296 used. 62702796 avail Mem 
--
top - 14:30:40 up 104 days,  6:13,  0 users,  load average: 1.30, 0.64, 0.36
Tasks: 399 total,   1 running, 398 sleeping,   0 stopped,   0 zombie
%Cpu(s):  0.0 us,  0.0 sy,  0.0 ni,100.0 id,  0.0 wa,  0.0 hi,  0.0 si,  0.0 st
KiB Mem : 65877712 total, 60504656 free,  1993792 used,  3379264 buff/cache
KiB Swap: 33554428 total, 32457132 free,  1097296 used. 62703804 avail Mem 
--
top - 14:30:45 up 104 days,  6:14,  0 users,  load average: 1.20, 0.63, 0.36
Tasks: 399 total,   1 running, 398 sleeping,   0 stopped,   0 zombie
%Cpu(s):  0.0 us,  0.0 sy,  0.0 ni,100.0 id,  0.0 wa,  0.0 hi,  0.0 si,  0.0 st
KiB Mem : 65877712 total, 60506020 free,  1992428 used,  3379264 buff/cache
KiB Swap: 33554428 total, 32457132 free,  1097296 used. 62705168 avail Mem 
--
top - 14:30:50 up 104 days,  6:14,  0 users,  load average: 1.10, 0.62, 0.36
Tasks: 399 total,   1 running, 398 sleeping,   0 stopped,   0 zombie
%Cpu(s):  0.0 us,  0.0 sy,  0.0 ni, 99.9 id,  0.0 wa,  0.0 hi,  0.0 si,  0.0 st
KiB Mem : 65877712 total, 60506380 free,  1992068 used,  3379264 buff/cache
KiB Swap: 33554428 total, 32457132 free,  1097296 used. 62705528 avail Mem 
--
top - 14:30:55 up 104 days,  6:14,  0 users,  load average: 1.01, 0.61, 0.35
Tasks: 399 total,   1 running, 398 sleeping,   0 stopped,   0 zombie
%Cpu(s):  0.0 us,  0.0 sy,  0.0 ni, 99.9 id,  0.0 wa,  0.0 hi,  0.0 si,  0.0 st
KiB Mem : 65877712 total, 60506968 free,  1991480 used,  3379264 buff/cache
KiB Swap: 33554428 total, 32457132 free,  1097296 used. 62706116 avail Mem 
--
top - 14:31:00 up 104 days,  6:14,  0 users,  load average: 0.93, 0.60, 0.35
Tasks: 399 total,   1 running, 398 sleeping,   0 stopped,   0 zombie
%Cpu(s):  0.0 us,  0.0 sy,  0.0 ni,100.0 id,  0.0 wa,  0.0 hi,  0.0 si,  0.0 st
KiB Mem : 65877712 total, 60507752 free,  1990696 used,  3379264 buff/cache
KiB Swap: 33554428 total, 32457132 free,  1097296 used. 62706900 avail Mem 
--
top - 14:31:05 up 104 days,  6:14,  0 users,  load average: 0.86, 0.59, 0.35
Tasks: 399 total,   1 running, 398 sleeping,   0 stopped,   0 zombie
%Cpu(s):  0.0 us,  0.0 sy,  0.0 ni,100.0 id,  0.0 wa,  0.0 hi,  0.0 si,  0.0 st
KiB Mem : 65877712 total, 60508824 free,  1989624 used,  3379264 buff/cache
KiB Swap: 33554428 total, 32457132 free,  1097296 used. 62707972 avail Mem 
--
top - 14:31:10 up 104 days,  6:14,  0 users,  load average: 0.79, 0.58, 0.35
Tasks: 399 total,   1 running, 398 sleeping,   0 stopped,   0 zombie
%Cpu(s):  0.0 us,  0.0 sy,  0.0 ni, 99.9 id,  0.0 wa,  0.0 hi,  0.0 si,  0.0 st
KiB Mem : 65877712 total, 60509056 free,  1989388 used,  3379268 buff/cache
KiB Swap: 33554428 total, 32457132 free,  1097296 used. 62708204 avail Mem 
--
top - 14:31:15 up 104 days,  6:14,  0 users,  load average: 0.73, 0.57, 0.35
Tasks: 399 total,   1 running, 398 sleeping,   0 stopped,   0 zombie
%Cpu(s):  0.0 us,  0.0 sy,  0.0 ni,100.0 id,  0.0 wa,  0.0 hi,  0.0 si,  0.0 st
KiB Mem : 65877712 total, 60509264 free,  1989180 used,  3379268 buff/cache
KiB Swap: 33554428 total, 32457132 free,  1097296 used. 62708412 avail Mem 
--
top - 14:31:20 up 104 days,  6:14,  0 users,  load average: 0.67, 0.56, 0.34
Tasks: 399 total,   1 running, 398 sleeping,   0 stopped,   0 zombie
%Cpu(s):  0.0 us,  0.0 sy,  0.0 ni,100.0 id,  0.0 wa,  0.0 hi,  0.0 si,  0.0 st
KiB Mem : 65877712 total, 60509396 free,  1989048 used,  3379268 buff/cache
KiB Swap: 33554428 total, 32457132 free,  1097296 used. 62708544 avail Mem 
--
top - 14:31:25 up 104 days,  6:14,  0 users,  load average: 0.61, 0.55, 0.34
Tasks: 399 total,   1 running, 398 sleeping,   0 stopped,   0 zombie
%Cpu(s):  0.0 us,  0.0 sy,  0.0 ni, 99.9 id,  0.0 wa,  0.0 hi,  0.0 si,  0.0 st
KiB Mem : 65877712 total, 60509216 free,  1989228 used,  3379268 buff/cache
KiB Swap: 33554428 total, 32457132 free,  1097296 used. 62708364 avail Mem 
--
top - 14:31:30 up 104 days,  6:14,  0 users,  load average: 0.57, 0.55, 0.34
Tasks: 399 total,   1 running, 398 sleeping,   0 stopped,   0 zombie
%Cpu(s):  0.0 us,  0.0 sy,  0.0 ni,100.0 id,  0.0 wa,  0.0 hi,  0.0 si,  0.0 st
KiB Mem : 65877712 total, 60509672 free,  1988772 used,  3379268 buff/cache
KiB Swap: 33554428 total, 32457132 free,  1097296 used. 62708820 avail Mem 
--
top - 14:31:35 up 104 days,  6:14,  0 users,  load average: 0.52, 0.54, 0.34
Tasks: 399 total,   1 running, 398 sleeping,   0 stopped,   0 zombie
%Cpu(s):  0.0 us,  0.0 sy,  0.0 ni,100.0 id,  0.0 wa,  0.0 hi,  0.0 si,  0.0 st
KiB Mem : 65877712 total, 60510296 free,  1988148 used,  3379268 buff/cache
KiB Swap: 33554428 total, 32457132 free,  1097296 used. 62709444 avail Mem 
--
top - 14:31:41 up 104 days,  6:14,  0 users,  load average: 0.48, 0.53, 0.34
Tasks: 399 total,   1 running, 398 sleeping,   0 stopped,   0 zombie
%Cpu(s):  0.0 us,  0.0 sy,  0.0 ni,100.0 id,  0.0 wa,  0.0 hi,  0.0 si,  0.0 st
KiB Mem : 65877712 total, 60510552 free,  1987892 used,  3379268 buff/cache
KiB Swap: 33554428 total, 32457132 free,  1097296 used. 62709700 avail Mem 
--
top - 14:31:46 up 104 days,  6:15,  0 users,  load average: 0.44, 0.52, 0.33
Tasks: 399 total,   1 running, 398 sleeping,   0 stopped,   0 zombie
%Cpu(s):  0.0 us,  0.0 sy,  0.0 ni, 99.9 id,  0.0 wa,  0.0 hi,  0.0 si,  0.0 st
KiB Mem : 65877712 total, 60510956 free,  1987488 used,  3379268 buff/cache
KiB Swap: 33554428 total, 32457132 free,  1097296 used. 62710104 avail Mem 
--
top - 14:31:51 up 104 days,  6:15,  0 users,  load average: 0.41, 0.51, 0.33
Tasks: 399 total,   1 running, 398 sleeping,   0 stopped,   0 zombie
%Cpu(s):  0.0 us,  0.0 sy,  0.0 ni, 99.9 id,  0.0 wa,  0.0 hi,  0.0 si,  0.0 st
KiB Mem : 65877712 total, 60510692 free,  1987752 used,  3379268 buff/cache
KiB Swap: 33554428 total, 32457132 free,  1097296 used. 62709840 avail Mem 
--
top - 14:31:56 up 104 days,  6:15,  0 users,  load average: 0.37, 0.50, 0.33
Tasks: 399 total,   1 running, 398 sleeping,   0 stopped,   0 zombie
%Cpu(s):  0.0 us,  0.0 sy,  0.0 ni,100.0 id,  0.0 wa,  0.0 hi,  0.0 si,  0.0 st
KiB Mem : 65877712 total, 60511016 free,  1987428 used,  3379268 buff/cache
KiB Swap: 33554428 total, 32457132 free,  1097296 used. 62710164 avail Mem 
--
top - 14:32:01 up 104 days,  6:15,  0 users,  load average: 0.34, 0.49, 0.33
Tasks: 399 total,   1 running, 398 sleeping,   0 stopped,   0 zombie
%Cpu(s):  0.8 us,  0.6 sy,  0.0 ni, 97.9 id,  0.7 wa,  0.0 hi,  0.0 si,  0.0 st
KiB Mem : 65877712 total, 59957608 free,  2540836 used,  3379268 buff/cache
KiB Swap: 33554428 total, 32457132 free,  1097296 used. 62156756 avail Mem 
--
top - 14:32:06 up 104 days,  6:15,  0 users,  load average: 0.32, 0.48, 0.33
Tasks: 402 total,   1 running, 401 sleeping,   0 stopped,   0 zombie
%Cpu(s):  0.0 us,  0.1 sy,  0.0 ni, 99.9 id,  0.0 wa,  0.0 hi,  0.0 si,  0.0 st
KiB Mem : 65877712 total, 59795368 free,  2703072 used,  3379272 buff/cache
KiB Swap: 33554428 total, 32457132 free,  1097296 used. 61994520 avail Mem 
--
top - 14:32:11 up 104 days,  6:15,  0 users,  load average: 0.29, 0.48, 0.32
Tasks: 402 total,   1 running, 401 sleeping,   0 stopped,   0 zombie
%Cpu(s):  0.0 us,  0.0 sy,  0.0 ni,100.0 id,  0.0 wa,  0.0 hi,  0.0 si,  0.0 st
KiB Mem : 65877712 total, 59787204 free,  2711236 used,  3379272 buff/cache
KiB Swap: 33554428 total, 32457132 free,  1097296 used. 61986356 avail Mem 
--
top - 14:32:16 up 104 days,  6:15,  0 users,  load average: 0.27, 0.47, 0.32
Tasks: 402 total,   1 running, 401 sleeping,   0 stopped,   0 zombie
%Cpu(s):  0.2 us,  0.1 sy,  0.0 ni, 99.7 id,  0.0 wa,  0.0 hi,  0.0 si,  0.0 st
KiB Mem : 65877712 total, 59665184 free,  2833256 used,  3379272 buff/cache
KiB Swap: 33554428 total, 32457132 free,  1097296 used. 61864336 avail Mem 
--
top - 14:32:21 up 104 days,  6:15,  0 users,  load average: 0.25, 0.46, 0.32
Tasks: 402 total,   1 running, 401 sleeping,   0 stopped,   0 zombie
%Cpu(s):  1.7 us,  0.5 sy,  0.0 ni, 97.7 id,  0.0 wa,  0.0 hi,  0.0 si,  0.0 st
KiB Mem : 65877712 total, 57978808 free,  4519632 used,  3379272 buff/cache
KiB Swap: 33554428 total, 32457132 free,  1097296 used. 60177960 avail Mem 
--
top - 14:32:26 up 104 days,  6:15,  0 users,  load average: 0.55, 0.52, 0.34
Tasks: 402 total,   1 running, 401 sleeping,   0 stopped,   0 zombie
%Cpu(s): 11.1 us,  0.3 sy,  0.0 ni, 88.6 id,  0.0 wa,  0.0 hi,  0.0 si,  0.0 st
KiB Mem : 65877712 total, 57041152 free,  5457288 used,  3379272 buff/cache
KiB Swap: 33554428 total, 32457132 free,  1097296 used. 59240300 avail Mem 
--
top - 14:32:31 up 104 days,  6:15,  0 users,  load average: 0.66, 0.54, 0.35
Tasks: 402 total,   1 running, 401 sleeping,   0 stopped,   0 zombie
%Cpu(s):  5.1 us,  0.0 sy,  0.0 ni, 94.9 id,  0.0 wa,  0.0 hi,  0.0 si,  0.0 st
KiB Mem : 65877712 total, 57839676 free,  4658764 used,  3379272 buff/cache
KiB Swap: 33554428 total, 32457132 free,  1097296 used. 60038824 avail Mem 
--
top - 14:32:36 up 104 days,  6:15,  0 users,  load average: 0.69, 0.55, 0.35
Tasks: 402 total,   1 running, 401 sleeping,   0 stopped,   0 zombie
%Cpu(s):  3.1 us,  0.0 sy,  0.0 ni, 96.9 id,  0.0 wa,  0.0 hi,  0.0 si,  0.0 st
KiB Mem : 65877712 total, 57840344 free,  4658096 used,  3379272 buff/cache
KiB Swap: 33554428 total, 32457132 free,  1097296 used. 60039496 avail Mem 
--
top - 14:32:41 up 104 days,  6:15,  0 users,  load average: 0.71, 0.56, 0.36
Tasks: 402 total,   1 running, 401 sleeping,   0 stopped,   0 zombie
%Cpu(s):  0.1 us,  0.1 sy,  0.0 ni, 99.8 id,  0.0 wa,  0.0 hi,  0.0 si,  0.0 st
KiB Mem : 65877712 total, 60113960 free,  2384480 used,  3379272 buff/cache
KiB Swap: 33554428 total, 32457132 free,  1097296 used. 62313116 avail Mem 
