10.149.0.31
2023/12/27 14:41:20 Master node address: http://10.149.0.54:8000
2023/12/27 14:41:20 Benchmarking worker...
2023/12/27 14:41:21 Worker registered (1862 MCUPS). Waiting for work...
2023/12/27 14:41:59 Got work. Start calculating alignments...
2023/12/27 14:41:59 Calculating 1008 queries
2023/12/27 14:42:02 Done calculating alignments.
2023/12/27 14:42:02 Waiting for work...
2023/12/27 14:42:12 Got work. Start calculating alignments...
2023/12/27 14:42:12 Calculating 1008 queries
2023/12/27 14:42:15 Done calculating alignments.
2023/12/27 14:42:15 Waiting for work...
2023/12/27 14:42:24 Got work. Start calculating alignments...
2023/12/27 14:42:24 Calculating 1006 queries
2023/12/27 14:42:28 Done calculating alignments.
2023/12/27 14:42:28 Waiting for work...
2023/12/27 14:42:37 Got work. Start calculating alignments...
2023/12/27 14:42:37 Calculating 1008 queries
2023/12/27 14:42:40 Done calculating alignments.
2023/12/27 14:42:40 Waiting for work...
2023/12/27 14:42:51 Got work. Start calculating alignments...
2023/12/27 14:42:51 Calculating 1008 queries
2023/12/27 14:42:55 Done calculating alignments.
2023/12/27 14:42:55 Waiting for work...
slurmstepd: error: *** JOB 4753589 ON node031 CANCELLED AT 2023-12-27T14:42:56 ***
