Job id: 4753651
Worker ip: 10.149.0.31
Master ip: 10.149.0.56
--
top - 14:51:41 up 105 days,  6:35,  0 users,  load average: 0.02, 0.48, 0.52
Tasks: 397 total,   1 running, 396 sleeping,   0 stopped,   0 zombie
%Cpu(s):  2.4 us,  4.1 sy,  0.0 ni, 93.3 id,  0.0 wa,  0.0 hi,  0.2 si,  0.0 st
KiB Mem : 65877712 total, 56778500 free,  1107316 used,  7991896 buff/cache
KiB Swap: 33554428 total, 32348760 free,  1205668 used. 63604492 avail Mem 
--
top - 14:51:46 up 105 days,  6:35,  0 users,  load average: 0.09, 0.49, 0.53
Tasks: 398 total,   1 running, 397 sleeping,   0 stopped,   0 zombie
%Cpu(s):  1.7 us,  0.4 sy,  0.0 ni, 97.9 id,  0.0 wa,  0.0 hi,  0.0 si,  0.0 st
KiB Mem : 65877712 total, 56761876 free,  1117240 used,  7998596 buff/cache
KiB Swap: 33554428 total, 32348780 free,  1205648 used. 63594492 avail Mem 
--
top - 14:51:51 up 105 days,  6:35,  0 users,  load average: 0.09, 0.48, 0.52
Tasks: 398 total,   1 running, 397 sleeping,   0 stopped,   0 zombie
%Cpu(s):  0.0 us,  0.0 sy,  0.0 ni,100.0 id,  0.0 wa,  0.0 hi,  0.0 si,  0.0 st
KiB Mem : 65877712 total, 56762680 free,  1116424 used,  7998608 buff/cache
KiB Swap: 33554428 total, 32348780 free,  1205648 used. 63595296 avail Mem 
--
top - 14:51:56 up 105 days,  6:35,  0 users,  load average: 0.08, 0.48, 0.52
Tasks: 398 total,   1 running, 397 sleeping,   0 stopped,   0 zombie
%Cpu(s):  0.0 us,  0.0 sy,  0.0 ni,100.0 id,  0.0 wa,  0.0 hi,  0.0 si,  0.0 st
KiB Mem : 65877712 total, 56763156 free,  1115948 used,  7998608 buff/cache
KiB Swap: 33554428 total, 32348780 free,  1205648 used. 63595772 avail Mem 
--
top - 14:52:01 up 105 days,  6:35,  0 users,  load average: 0.07, 0.47, 0.52
Tasks: 399 total,   1 running, 398 sleeping,   0 stopped,   0 zombie
%Cpu(s):  0.4 us,  0.2 sy,  0.0 ni, 98.8 id,  0.6 wa,  0.0 hi,  0.0 si,  0.0 st
KiB Mem : 65877712 total, 56754368 free,  1124736 used,  7998608 buff/cache
KiB Swap: 33554428 total, 32348780 free,  1205648 used. 63586984 avail Mem 
--
top - 14:52:06 up 105 days,  6:35,  0 users,  load average: 0.07, 0.46, 0.52
Tasks: 399 total,   2 running, 397 sleeping,   0 stopped,   0 zombie
%Cpu(s):  0.0 us,  0.0 sy,  0.0 ni,100.0 id,  0.0 wa,  0.0 hi,  0.0 si,  0.0 st
KiB Mem : 65877712 total, 56757944 free,  1121160 used,  7998608 buff/cache
KiB Swap: 33554428 total, 32348780 free,  1205648 used. 63590560 avail Mem 
--
top - 14:52:11 up 105 days,  6:35,  0 users,  load average: 0.06, 0.45, 0.51
Tasks: 399 total,   1 running, 398 sleeping,   0 stopped,   0 zombie
%Cpu(s):  0.0 us,  0.0 sy,  0.0 ni,100.0 id,  0.0 wa,  0.0 hi,  0.0 si,  0.0 st
KiB Mem : 65877712 total, 56758544 free,  1120560 used,  7998608 buff/cache
KiB Swap: 33554428 total, 32348780 free,  1205648 used. 63591160 avail Mem 
--
top - 14:52:16 up 105 days,  6:35,  0 users,  load average: 0.06, 0.45, 0.51
Tasks: 399 total,   1 running, 398 sleeping,   0 stopped,   0 zombie
%Cpu(s):  0.1 us,  0.0 sy,  0.0 ni, 99.9 id,  0.0 wa,  0.0 hi,  0.0 si,  0.0 st
KiB Mem : 65877712 total, 56740716 free,  1138388 used,  7998608 buff/cache
KiB Swap: 33554428 total, 32348780 free,  1205648 used. 63573332 avail Mem 
--
top - 14:52:21 up 105 days,  6:35,  0 users,  load average: 0.05, 0.44, 0.51
Tasks: 399 total,   2 running, 397 sleeping,   0 stopped,   0 zombie
%Cpu(s):  6.2 us,  0.3 sy,  0.0 ni, 93.4 id,  0.0 wa,  0.0 hi,  0.0 si,  0.0 st
KiB Mem : 65877712 total, 56458492 free,  1420612 used,  7998608 buff/cache
KiB Swap: 33554428 total, 32348780 free,  1205648 used. 63290612 avail Mem 
--
top - 14:52:26 up 105 days,  6:35,  0 users,  load average: 2.21, 0.88, 0.65
Tasks: 399 total,   1 running, 398 sleeping,   0 stopped,   0 zombie
%Cpu(s): 48.8 us,  0.3 sy,  0.0 ni, 50.8 id,  0.0 wa,  0.0 hi,  0.0 si,  0.0 st
KiB Mem : 65877712 total, 56395872 free,  1483232 used,  7998608 buff/cache
KiB Swap: 33554428 total, 32348780 free,  1205648 used. 63228488 avail Mem 
--
top - 14:52:31 up 105 days,  6:35,  0 users,  load average: 2.03, 0.86, 0.64
Tasks: 399 total,   1 running, 398 sleeping,   0 stopped,   0 zombie
%Cpu(s):  0.1 us,  0.1 sy,  0.0 ni, 99.8 id,  0.0 wa,  0.0 hi,  0.0 si,  0.0 st
KiB Mem : 65877712 total, 56341448 free,  1537656 used,  7998608 buff/cache
KiB Swap: 33554428 total, 32348780 free,  1205648 used. 63174064 avail Mem 
--
top - 14:52:36 up 105 days,  6:35,  0 users,  load average: 1.87, 0.85, 0.64
Tasks: 399 total,   1 running, 398 sleeping,   0 stopped,   0 zombie
%Cpu(s): 53.9 us,  0.6 sy,  0.0 ni, 45.6 id,  0.0 wa,  0.0 hi,  0.0 si,  0.0 st
KiB Mem : 65877712 total, 56184800 free,  1694300 used,  7998612 buff/cache
KiB Swap: 33554428 total, 32348780 free,  1205648 used. 63017420 avail Mem 
--
top - 14:52:41 up 105 days,  6:36,  0 users,  load average: 1.72, 0.84, 0.64
Tasks: 399 total,   1 running, 398 sleeping,   0 stopped,   0 zombie
%Cpu(s):  0.1 us,  0.0 sy,  0.0 ni, 99.9 id,  0.0 wa,  0.0 hi,  0.0 si,  0.0 st
KiB Mem : 65877712 total, 56247140 free,  1631960 used,  7998612 buff/cache
KiB Swap: 33554428 total, 32348780 free,  1205648 used. 63079760 avail Mem 
--
top - 14:52:46 up 105 days,  6:36,  0 users,  load average: 1.58, 0.82, 0.63
Tasks: 399 total,   2 running, 397 sleeping,   0 stopped,   0 zombie
%Cpu(s):  3.3 us,  0.3 sy,  0.0 ni, 96.5 id,  0.0 wa,  0.0 hi,  0.0 si,  0.0 st
KiB Mem : 65877712 total, 56163088 free,  1716012 used,  7998612 buff/cache
KiB Swap: 33554428 total, 32348780 free,  1205648 used. 62995708 avail Mem 
--
top - 14:52:51 up 105 days,  6:36,  0 users,  load average: 3.78, 1.29, 0.79
Tasks: 399 total,   1 running, 398 sleeping,   0 stopped,   0 zombie
%Cpu(s): 49.6 us,  0.5 sy,  0.0 ni, 49.9 id,  0.0 wa,  0.0 hi,  0.0 si,  0.0 st
KiB Mem : 65877712 total, 56144592 free,  1734508 used,  7998612 buff/cache
KiB Swap: 33554428 total, 32348780 free,  1205648 used. 62977212 avail Mem 
--
top - 14:52:56 up 105 days,  6:36,  0 users,  load average: 3.48, 1.27, 0.78
Tasks: 400 total,   1 running, 399 sleeping,   0 stopped,   0 zombie
%Cpu(s):  0.1 us,  0.1 sy,  0.0 ni, 99.8 id,  0.0 wa,  0.0 hi,  0.0 si,  0.0 st
KiB Mem : 65877712 total, 56095264 free,  1783836 used,  7998612 buff/cache
KiB Swap: 33554428 total, 32348780 free,  1205648 used. 62927884 avail Mem 
--
top - 14:53:01 up 105 days,  6:36,  0 users,  load average: 3.20, 1.25, 0.78
Tasks: 400 total,   2 running, 398 sleeping,   0 stopped,   0 zombie
%Cpu(s): 34.9 us,  0.7 sy,  0.0 ni, 64.4 id,  0.0 wa,  0.0 hi,  0.0 si,  0.0 st
KiB Mem : 65877712 total, 55980776 free,  1898324 used,  7998612 buff/cache
KiB Swap: 33554428 total, 32348780 free,  1205648 used. 62813396 avail Mem 
--
top - 14:53:06 up 105 days,  6:36,  0 users,  load average: 3.58, 1.36, 0.82
Tasks: 400 total,   1 running, 399 sleeping,   0 stopped,   0 zombie
%Cpu(s): 19.5 us,  0.1 sy,  0.0 ni, 80.4 id,  0.0 wa,  0.0 hi,  0.0 si,  0.0 st
KiB Mem : 65877712 total, 56040904 free,  1838196 used,  7998612 buff/cache
KiB Swap: 33554428 total, 32348780 free,  1205648 used. 62873524 avail Mem 
--
top - 14:53:11 up 105 days,  6:36,  0 users,  load average: 3.30, 1.34, 0.81
Tasks: 400 total,   1 running, 399 sleeping,   0 stopped,   0 zombie
%Cpu(s):  0.1 us,  0.1 sy,  0.0 ni, 99.7 id,  0.0 wa,  0.0 hi,  0.0 si,  0.0 st
KiB Mem : 65877712 total, 55971752 free,  1907348 used,  7998612 buff/cache
KiB Swap: 33554428 total, 32348780 free,  1205648 used. 62804372 avail Mem 
--
top - 14:53:16 up 105 days,  6:36,  0 users,  load average: 3.03, 1.32, 0.81
Tasks: 400 total,   3 running, 397 sleeping,   0 stopped,   0 zombie
%Cpu(s): 52.9 us,  0.3 sy,  0.0 ni, 46.8 id,  0.0 wa,  0.0 hi,  0.0 si,  0.0 st
KiB Mem : 65877712 total, 55845656 free,  2033444 used,  7998612 buff/cache
KiB Swap: 33554428 total, 32348780 free,  1205648 used. 62678276 avail Mem 
