Job id: 4753612
Worker ip: 10.149.0.44
Master ip: 10.149.0.56
--
top - 14:42:59 up 105 days,  6:26,  0 users,  load average: 0.17, 0.25, 0.20
Tasks: 402 total,   1 running, 401 sleeping,   0 stopped,   0 zombie
%Cpu(s):  0.4 us,  1.3 sy,  0.0 ni, 98.4 id,  0.0 wa,  0.0 hi,  0.0 si,  0.0 st
KiB Mem : 65877712 total, 58473288 free,  1061500 used,  6342924 buff/cache
KiB Swap: 33554428 total, 32473608 free,  1080820 used. 63618616 avail Mem 
--
top - 14:43:04 up 105 days,  6:26,  0 users,  load average: 0.16, 0.25, 0.20
Tasks: 408 total,   1 running, 407 sleeping,   0 stopped,   0 zombie
%Cpu(s):  1.9 us,  0.7 sy,  0.0 ni, 97.2 id,  0.3 wa,  0.0 hi,  0.0 si,  0.0 st
KiB Mem : 65877712 total, 58441984 free,  1086092 used,  6349636 buff/cache
KiB Swap: 33554428 total, 32473608 free,  1080820 used. 63593880 avail Mem 
--
top - 14:43:09 up 105 days,  6:26,  0 users,  load average: 0.15, 0.24, 0.20
Tasks: 408 total,   1 running, 407 sleeping,   0 stopped,   0 zombie
%Cpu(s):  0.0 us,  0.0 sy,  0.0 ni,100.0 id,  0.0 wa,  0.0 hi,  0.0 si,  0.0 st
KiB Mem : 65877712 total, 58442364 free,  1085712 used,  6349636 buff/cache
KiB Swap: 33554428 total, 32473608 free,  1080820 used. 63594260 avail Mem 
--
top - 14:43:14 up 105 days,  6:26,  0 users,  load average: 0.13, 0.24, 0.20
Tasks: 409 total,   1 running, 408 sleeping,   0 stopped,   0 zombie
%Cpu(s):  0.0 us,  0.0 sy,  0.0 ni,100.0 id,  0.0 wa,  0.0 hi,  0.0 si,  0.0 st
KiB Mem : 65877712 total, 58443380 free,  1084696 used,  6349636 buff/cache
KiB Swap: 33554428 total, 32473608 free,  1080820 used. 63595280 avail Mem 
--
top - 14:43:19 up 105 days,  6:26,  0 users,  load average: 0.12, 0.23, 0.20
Tasks: 409 total,   1 running, 408 sleeping,   0 stopped,   0 zombie
%Cpu(s):  0.0 us,  0.0 sy,  0.0 ni,100.0 id,  0.0 wa,  0.0 hi,  0.0 si,  0.0 st
KiB Mem : 65877712 total, 58444372 free,  1083704 used,  6349636 buff/cache
KiB Swap: 33554428 total, 32473608 free,  1080820 used. 63596272 avail Mem 
--
top - 14:43:24 up 105 days,  6:26,  0 users,  load average: 0.11, 0.23, 0.20
Tasks: 410 total,   1 running, 409 sleeping,   0 stopped,   0 zombie
%Cpu(s):  0.0 us,  0.0 sy,  0.0 ni,100.0 id,  0.0 wa,  0.0 hi,  0.0 si,  0.0 st
KiB Mem : 65877712 total, 58444040 free,  1084036 used,  6349636 buff/cache
KiB Swap: 33554428 total, 32473608 free,  1080820 used. 63595940 avail Mem 
--
top - 14:43:29 up 105 days,  6:26,  0 users,  load average: 0.10, 0.23, 0.20
Tasks: 410 total,   1 running, 409 sleeping,   0 stopped,   0 zombie
%Cpu(s):  0.0 us,  0.0 sy,  0.0 ni,100.0 id,  0.0 wa,  0.0 hi,  0.0 si,  0.0 st
KiB Mem : 65877712 total, 58444904 free,  1083172 used,  6349636 buff/cache
KiB Swap: 33554428 total, 32473608 free,  1080820 used. 63596804 avail Mem 
--
top - 14:43:34 up 105 days,  6:26,  0 users,  load average: 0.10, 0.22, 0.20
Tasks: 409 total,   2 running, 407 sleeping,   0 stopped,   0 zombie
%Cpu(s):  0.0 us,  0.0 sy,  0.0 ni,100.0 id,  0.0 wa,  0.0 hi,  0.0 si,  0.0 st
KiB Mem : 65877712 total, 58441524 free,  1086552 used,  6349636 buff/cache
KiB Swap: 33554428 total, 32473608 free,  1080820 used. 63593424 avail Mem 
--
top - 14:43:39 up 105 days,  6:26,  0 users,  load average: 0.09, 0.22, 0.20
Tasks: 409 total,   1 running, 408 sleeping,   0 stopped,   0 zombie
%Cpu(s):  0.1 us,  0.0 sy,  0.0 ni, 99.9 id,  0.0 wa,  0.0 hi,  0.0 si,  0.0 st
KiB Mem : 65877712 total, 58402184 free,  1125892 used,  6349636 buff/cache
KiB Swap: 33554428 total, 32473608 free,  1080820 used. 63554084 avail Mem 
--
top - 14:43:44 up 105 days,  6:26,  0 users,  load average: 0.08, 0.22, 0.20
Tasks: 409 total,   1 running, 408 sleeping,   0 stopped,   0 zombie
%Cpu(s): 25.4 us,  0.4 sy,  0.0 ni, 74.2 id,  0.0 wa,  0.0 hi,  0.0 si,  0.0 st
KiB Mem : 65877712 total, 58068260 free,  1459816 used,  6349636 buff/cache
KiB Swap: 33554428 total, 32473608 free,  1080820 used. 63220208 avail Mem 
--
top - 14:43:49 up 105 days,  6:26,  0 users,  load average: 0.08, 0.21, 0.19
Tasks: 409 total,   1 running, 408 sleeping,   0 stopped,   0 zombie
%Cpu(s):  0.1 us,  0.0 sy,  0.0 ni, 99.9 id,  0.0 wa,  0.0 hi,  0.0 si,  0.0 st
KiB Mem : 65877712 total, 58112504 free,  1415572 used,  6349636 buff/cache
KiB Swap: 33554428 total, 32473608 free,  1080820 used. 63264452 avail Mem 
--
top - 14:43:54 up 105 days,  6:26,  0 users,  load average: 0.07, 0.21, 0.19
Tasks: 409 total,   2 running, 407 sleeping,   0 stopped,   0 zombie
%Cpu(s):  5.3 us,  0.3 sy,  0.0 ni, 94.4 id,  0.0 wa,  0.0 hi,  0.0 si,  0.0 st
KiB Mem : 65877712 total, 58045908 free,  1482164 used,  6349640 buff/cache
KiB Swap: 33554428 total, 32473608 free,  1080820 used. 63197864 avail Mem 
--
top - 14:43:59 up 105 days,  6:27,  0 users,  load average: 0.06, 0.20, 0.19
Tasks: 409 total,   1 running, 408 sleeping,   0 stopped,   0 zombie
%Cpu(s): 20.5 us,  0.3 sy,  0.0 ni, 79.2 id,  0.0 wa,  0.0 hi,  0.0 si,  0.0 st
KiB Mem : 65877712 total, 58060688 free,  1467384 used,  6349640 buff/cache
KiB Swap: 33554428 total, 32473608 free,  1080820 used. 63212644 avail Mem 
--
top - 14:44:04 up 105 days,  6:27,  0 users,  load average: 0.06, 0.20, 0.19
Tasks: 409 total,   1 running, 408 sleeping,   0 stopped,   0 zombie
%Cpu(s):  0.4 us,  0.2 sy,  0.0 ni, 98.7 id,  0.6 wa,  0.0 hi,  0.0 si,  0.0 st
KiB Mem : 65877712 total, 58019936 free,  1508136 used,  6349640 buff/cache
KiB Swap: 33554428 total, 32473608 free,  1080820 used. 63171892 avail Mem 
--
top - 14:44:09 up 105 days,  6:27,  0 users,  load average: 2.38, 0.68, 0.35
Tasks: 409 total,   2 running, 407 sleeping,   0 stopped,   0 zombie
%Cpu(s): 26.0 us,  0.2 sy,  0.0 ni, 73.7 id,  0.0 wa,  0.0 hi,  0.0 si,  0.0 st
KiB Mem : 65877712 total, 57945564 free,  1582508 used,  6349640 buff/cache
KiB Swap: 33554428 total, 32473608 free,  1080820 used. 63097520 avail Mem 
--
top - 14:44:14 up 105 days,  6:27,  0 users,  load average: 2.75, 0.78, 0.38
Tasks: 410 total,   1 running, 409 sleeping,   0 stopped,   0 zombie
%Cpu(s):  1.0 us,  0.0 sy,  0.0 ni, 89.2 id,  9.8 wa,  0.0 hi,  0.0 si,  0.0 st
KiB Mem : 65877712 total, 58001760 free,  1526312 used,  6349640 buff/cache
KiB Swap: 33554428 total, 32473608 free,  1080820 used. 63153716 avail Mem 
--
top - 14:44:19 up 105 days,  6:27,  0 users,  load average: 3.09, 0.89, 0.42
Tasks: 410 total,   1 running, 409 sleeping,   0 stopped,   0 zombie
%Cpu(s):  0.1 us,  0.1 sy,  0.0 ni, 87.4 id, 12.5 wa,  0.0 hi,  0.0 si,  0.0 st
KiB Mem : 65877712 total, 57966220 free,  1561852 used,  6349640 buff/cache
KiB Swap: 33554428 total, 32473608 free,  1080820 used. 63118176 avail Mem 
--
top - 14:44:24 up 105 days,  6:27,  0 users,  load average: 2.84, 0.87, 0.41
Tasks: 410 total,   1 running, 409 sleeping,   0 stopped,   0 zombie
%Cpu(s): 25.6 us,  0.2 sy,  0.0 ni, 74.0 id,  0.2 wa,  0.0 hi,  0.0 si,  0.0 st
KiB Mem : 65877712 total, 57889484 free,  1638588 used,  6349640 buff/cache
KiB Swap: 33554428 total, 32473608 free,  1080820 used. 63041436 avail Mem 
--
top - 14:44:29 up 105 days,  6:27,  0 users,  load average: 2.61, 0.86, 0.41
Tasks: 410 total,   1 running, 409 sleeping,   0 stopped,   0 zombie
%Cpu(s):  0.1 us,  0.0 sy,  0.0 ni, 99.9 id,  0.0 wa,  0.0 hi,  0.0 si,  0.0 st
KiB Mem : 65877712 total, 57931952 free,  1596120 used,  6349640 buff/cache
KiB Swap: 33554428 total, 32473608 free,  1080820 used. 63083904 avail Mem 
--
top - 14:44:34 up 105 days,  6:27,  0 users,  load average: 2.40, 0.84, 0.41
Tasks: 410 total,   1 running, 409 sleeping,   0 stopped,   0 zombie
%Cpu(s):  0.1 us,  0.1 sy,  0.0 ni, 99.9 id,  0.0 wa,  0.0 hi,  0.0 si,  0.0 st
KiB Mem : 65877712 total, 57897592 free,  1630480 used,  6349640 buff/cache
KiB Swap: 33554428 total, 32473608 free,  1080820 used. 63049544 avail Mem 
--
top - 14:44:39 up 105 days,  6:27,  0 users,  load average: 2.21, 0.83, 0.41
Tasks: 410 total,   1 running, 409 sleeping,   0 stopped,   0 zombie
%Cpu(s): 26.6 us,  0.4 sy,  0.0 ni, 73.0 id,  0.0 wa,  0.0 hi,  0.0 si,  0.0 st
KiB Mem : 65877712 total, 57823564 free,  1704508 used,  6349640 buff/cache
KiB Swap: 33554428 total, 32473608 free,  1080820 used. 62975520 avail Mem 
