10.149.0.62
2023/12/27 14:53:22 Master node address: http://10.149.0.59:8000
2023/12/27 14:53:22 Benchmarking worker...
2023/12/27 14:53:23 Worker registered (1835 MCUPS). Waiting for work...
2023/12/27 14:54:03 Got work. Start calculating alignments...
2023/12/27 14:54:03 Calculating 505 queries
2023/12/27 14:54:06 Done calculating alignments.
2023/12/27 14:54:06 Waiting for work...
2023/12/27 14:54:16 Got work. Start calculating alignments...
2023/12/27 14:54:16 Calculating 503 queries
2023/12/27 14:54:18 Done calculating alignments.
2023/12/27 14:54:18 Waiting for work...
2023/12/27 14:54:30 Got work. Start calculating alignments...
2023/12/27 14:54:30 Calculating 505 queries
2023/12/27 14:54:32 Done calculating alignments.
2023/12/27 14:54:32 Waiting for work...
2023/12/27 14:54:44 Got work. Start calculating alignments...
2023/12/27 14:54:44 Calculating 504 queries
2023/12/27 14:54:47 Done calculating alignments.
2023/12/27 14:54:47 Waiting for work...
2023/12/27 14:54:57 Got work. Start calculating alignments...
2023/12/27 14:54:57 Calculating 503 queries
2023/12/27 14:55:00 Done calculating alignments.
2023/12/27 14:55:00 Waiting for work...
slurmstepd: error: *** JOB 4753658 ON node062 CANCELLED AT 2023-12-27T14:55:00 ***
