Job id: 4753599
Worker ip: 10.149.0.60
Master ip: 10.149.0.56
--
top - 14:42:59 up 105 days,  6:26,  0 users,  load average: 2.18, 8.11, 5.33
Tasks: 397 total,   1 running, 396 sleeping,   0 stopped,   0 zombie
%Cpu(s):  1.9 us,  3.2 sy,  0.0 ni, 94.8 id,  0.0 wa,  0.0 hi,  0.2 si,  0.0 st
KiB Mem : 65877692 total, 52460176 free,  1265136 used, 12152380 buff/cache
KiB Swap: 33554428 total, 31907272 free,  1647156 used. 63422876 avail Mem 
--
top - 14:43:04 up 105 days,  6:26,  0 users,  load average: 2.01, 7.97, 5.30
Tasks: 398 total,   1 running, 397 sleeping,   0 stopped,   0 zombie
%Cpu(s):  1.7 us,  0.4 sy,  0.0 ni, 97.8 id,  0.0 wa,  0.0 hi,  0.0 si,  0.0 st
KiB Mem : 65877692 total, 52440212 free,  1278340 used, 12159140 buff/cache
KiB Swap: 33554428 total, 31907272 free,  1647156 used. 63409560 avail Mem 
--
top - 14:43:09 up 105 days,  6:27,  0 users,  load average: 1.85, 7.84, 5.27
Tasks: 398 total,   1 running, 397 sleeping,   0 stopped,   0 zombie
%Cpu(s):  0.0 us,  0.0 sy,  0.0 ni,100.0 id,  0.0 wa,  0.0 hi,  0.0 si,  0.0 st
KiB Mem : 65877692 total, 52440336 free,  1278216 used, 12159140 buff/cache
KiB Swap: 33554428 total, 31907272 free,  1647156 used. 63409684 avail Mem 
--
top - 14:43:14 up 105 days,  6:27,  0 users,  load average: 1.70, 7.71, 5.24
Tasks: 398 total,   1 running, 397 sleeping,   0 stopped,   0 zombie
%Cpu(s):  0.0 us,  0.0 sy,  0.0 ni,100.0 id,  0.0 wa,  0.0 hi,  0.0 si,  0.0 st
KiB Mem : 65877692 total, 52440804 free,  1277748 used, 12159140 buff/cache
KiB Swap: 33554428 total, 31907272 free,  1647156 used. 63410152 avail Mem 
--
top - 14:43:19 up 105 days,  6:27,  0 users,  load average: 1.56, 7.58, 5.21
Tasks: 398 total,   1 running, 397 sleeping,   0 stopped,   0 zombie
%Cpu(s):  0.0 us,  0.0 sy,  0.0 ni,100.0 id,  0.0 wa,  0.0 hi,  0.0 si,  0.0 st
KiB Mem : 65877692 total, 52441332 free,  1277220 used, 12159140 buff/cache
KiB Swap: 33554428 total, 31907272 free,  1647156 used. 63410680 avail Mem 
--
top - 14:43:24 up 105 days,  6:27,  0 users,  load average: 1.44, 7.45, 5.18
Tasks: 397 total,   1 running, 396 sleeping,   0 stopped,   0 zombie
%Cpu(s):  0.0 us,  0.0 sy,  0.0 ni, 99.9 id,  0.0 wa,  0.0 hi,  0.0 si,  0.0 st
KiB Mem : 65877692 total, 52440924 free,  1277628 used, 12159140 buff/cache
KiB Swap: 33554428 total, 31907272 free,  1647156 used. 63410272 avail Mem 
--
top - 14:43:29 up 105 days,  6:27,  0 users,  load average: 1.32, 7.33, 5.16
Tasks: 397 total,   1 running, 396 sleeping,   0 stopped,   0 zombie
%Cpu(s):  0.0 us,  0.0 sy,  0.0 ni,100.0 id,  0.0 wa,  0.0 hi,  0.0 si,  0.0 st
KiB Mem : 65877692 total, 52440924 free,  1277628 used, 12159140 buff/cache
KiB Swap: 33554428 total, 31907272 free,  1647156 used. 63410272 avail Mem 
--
top - 14:43:34 up 105 days,  6:27,  0 users,  load average: 1.22, 7.21, 5.13
Tasks: 397 total,   1 running, 396 sleeping,   0 stopped,   0 zombie
%Cpu(s):  0.0 us,  0.0 sy,  0.0 ni,100.0 id,  0.0 wa,  0.0 hi,  0.0 si,  0.0 st
KiB Mem : 65877692 total, 52436488 free,  1282064 used, 12159140 buff/cache
KiB Swap: 33554428 total, 31907272 free,  1647156 used. 63405836 avail Mem 
--
top - 14:43:39 up 105 days,  6:27,  0 users,  load average: 1.12, 7.09, 5.10
Tasks: 396 total,   1 running, 395 sleeping,   0 stopped,   0 zombie
%Cpu(s):  0.1 us,  0.1 sy,  0.0 ni, 99.8 id,  0.0 wa,  0.0 hi,  0.0 si,  0.0 st
KiB Mem : 65877692 total, 52398664 free,  1319888 used, 12159140 buff/cache
KiB Swap: 33554428 total, 31907272 free,  1647156 used. 63368012 avail Mem 
--
top - 14:43:44 up 105 days,  6:27,  0 users,  load average: 3.51, 7.49, 5.24
Tasks: 396 total,   1 running, 395 sleeping,   0 stopped,   0 zombie
%Cpu(s): 28.6 us,  0.4 sy,  0.0 ni, 70.9 id,  0.0 wa,  0.0 hi,  0.0 si,  0.0 st
KiB Mem : 65877692 total, 52066092 free,  1652460 used, 12159140 buff/cache
KiB Swap: 33554428 total, 31907272 free,  1647156 used. 63035440 avail Mem 
--
top - 14:43:49 up 105 days,  6:27,  0 users,  load average: 3.23, 7.36, 5.21
Tasks: 396 total,   2 running, 394 sleeping,   0 stopped,   0 zombie
%Cpu(s):  0.1 us,  0.0 sy,  0.0 ni, 99.9 id,  0.0 wa,  0.0 hi,  0.0 si,  0.0 st
KiB Mem : 65877692 total, 52108020 free,  1610532 used, 12159140 buff/cache
KiB Swap: 33554428 total, 31907272 free,  1647156 used. 63077368 avail Mem 
--
top - 14:43:54 up 105 days,  6:27,  0 users,  load average: 2.97, 7.24, 5.18
Tasks: 396 total,   2 running, 394 sleeping,   0 stopped,   0 zombie
%Cpu(s):  0.1 us,  0.1 sy,  0.0 ni, 99.8 id,  0.0 wa,  0.0 hi,  0.0 si,  0.0 st
KiB Mem : 65877692 total, 52070704 free,  1647848 used, 12159140 buff/cache
KiB Swap: 33554428 total, 31907272 free,  1647156 used. 63040052 avail Mem 
--
top - 14:43:59 up 105 days,  6:27,  0 users,  load average: 2.73, 7.12, 5.16
Tasks: 396 total,   1 running, 395 sleeping,   0 stopped,   0 zombie
%Cpu(s): 27.5 us,  0.3 sy,  0.0 ni, 72.2 id,  0.0 wa,  0.0 hi,  0.0 si,  0.0 st
KiB Mem : 65877692 total, 52068628 free,  1649920 used, 12159144 buff/cache
KiB Swap: 33554428 total, 31907272 free,  1647156 used. 63037980 avail Mem 
--
top - 14:44:04 up 105 days,  6:27,  0 users,  load average: 2.52, 7.00, 5.13
Tasks: 396 total,   2 running, 394 sleeping,   0 stopped,   0 zombie
%Cpu(s):  0.5 us,  0.2 sy,  0.0 ni, 94.3 id,  5.0 wa,  0.0 hi,  0.0 si,  0.0 st
KiB Mem : 65877692 total, 52028676 free,  1689856 used, 12159160 buff/cache
KiB Swap: 33554428 total, 31907272 free,  1647156 used. 62998036 avail Mem 
--
top - 14:44:09 up 105 days,  6:28,  0 users,  load average: 2.87, 7.00, 5.14
Tasks: 400 total,   2 running, 398 sleeping,   0 stopped,   0 zombie
%Cpu(s): 22.6 us,  0.3 sy,  0.0 ni, 67.4 id,  9.7 wa,  0.0 hi,  0.0 si,  0.0 st
KiB Mem : 65877692 total, 51950284 free,  1768248 used, 12159160 buff/cache
KiB Swap: 33554428 total, 31907272 free,  1647156 used. 62919644 avail Mem 
--
top - 14:44:14 up 105 days,  6:28,  0 users,  load average: 3.20, 7.00, 5.15
Tasks: 400 total,   1 running, 399 sleeping,   0 stopped,   0 zombie
%Cpu(s):  4.7 us,  0.0 sy,  0.0 ni, 90.3 id,  4.9 wa,  0.0 hi,  0.0 si,  0.0 st
KiB Mem : 65877692 total, 52000588 free,  1717944 used, 12159160 buff/cache
KiB Swap: 33554428 total, 31907272 free,  1647156 used. 62969948 avail Mem 
--
top - 14:44:19 up 105 days,  6:28,  0 users,  load average: 2.95, 6.89, 5.12
Tasks: 400 total,   1 running, 399 sleeping,   0 stopped,   0 zombie
%Cpu(s):  0.1 us,  0.1 sy,  0.0 ni, 99.8 id,  0.0 wa,  0.0 hi,  0.0 si,  0.0 st
KiB Mem : 65877692 total, 51965524 free,  1753008 used, 12159160 buff/cache
KiB Swap: 33554428 total, 31907272 free,  1647156 used. 62934884 avail Mem 
--
top - 14:44:24 up 105 days,  6:28,  0 users,  load average: 2.71, 6.77, 5.09
Tasks: 400 total,   1 running, 399 sleeping,   0 stopped,   0 zombie
%Cpu(s): 28.4 us,  0.3 sy,  0.0 ni, 71.3 id,  0.0 wa,  0.0 hi,  0.0 si,  0.0 st
KiB Mem : 65877692 total, 51882556 free,  1835976 used, 12159160 buff/cache
KiB Swap: 33554428 total, 31907272 free,  1647156 used. 62851916 avail Mem 
--
top - 14:44:29 up 105 days,  6:28,  0 users,  load average: 2.49, 6.66, 5.07
Tasks: 400 total,   1 running, 399 sleeping,   0 stopped,   0 zombie
%Cpu(s):  0.1 us,  0.0 sy,  0.0 ni, 99.9 id,  0.0 wa,  0.0 hi,  0.0 si,  0.0 st
KiB Mem : 65877692 total, 51925884 free,  1792648 used, 12159160 buff/cache
KiB Swap: 33554428 total, 31907272 free,  1647156 used. 62895244 avail Mem 
--
top - 14:44:34 up 105 days,  6:28,  0 users,  load average: 2.29, 6.55, 5.04
Tasks: 400 total,   1 running, 399 sleeping,   0 stopped,   0 zombie
%Cpu(s):  0.1 us,  0.1 sy,  0.0 ni, 99.9 id,  0.0 wa,  0.0 hi,  0.0 si,  0.0 st
KiB Mem : 65877692 total, 51886196 free,  1832336 used, 12159160 buff/cache
KiB Swap: 33554428 total, 31907272 free,  1647156 used. 62855556 avail Mem 
--
top - 14:44:39 up 105 days,  6:28,  0 users,  load average: 4.59, 6.95, 5.18
Tasks: 399 total,   1 running, 398 sleeping,   0 stopped,   0 zombie
%Cpu(s): 25.4 us,  0.5 sy,  0.0 ni, 74.1 id,  0.0 wa,  0.0 hi,  0.0 si,  0.0 st
KiB Mem : 65877692 total, 51852720 free,  1865812 used, 12159160 buff/cache
KiB Swap: 33554428 total, 31907272 free,  1647156 used. 62822080 avail Mem 
