Job id: 4753557
Master ip: 10.149.0.59
--
top - 14:34:29 up 105 days,  6:18,  0 users,  load average: 0.26, 0.24, 0.19
Tasks: 405 total,   2 running, 403 sleeping,   0 stopped,   0 zombie
%Cpu(s):  1.9 us,  0.9 sy,  0.0 ni, 97.2 id,  0.0 wa,  0.0 hi,  0.0 si,  0.0 st
KiB Mem : 65877692 total, 49034692 free,  1193536 used, 15649464 buff/cache
KiB Swap: 33554428 total, 32369800 free,  1184628 used. 63462436 avail Mem 
--
top - 14:34:34 up 105 days,  6:18,  0 users,  load average: 0.32, 0.25, 0.20
Tasks: 404 total,   1 running, 403 sleeping,   0 stopped,   0 zombie
%Cpu(s):  0.8 us,  0.1 sy,  0.0 ni, 99.1 id,  0.0 wa,  0.0 hi,  0.0 si,  0.0 st
KiB Mem : 65877692 total, 49011636 free,  1216584 used, 15649472 buff/cache
KiB Swap: 33554428 total, 32369800 free,  1184628 used. 63439388 avail Mem 
--
top - 14:34:39 up 105 days,  6:18,  0 users,  load average: 0.30, 0.25, 0.20
Tasks: 404 total,   2 running, 402 sleeping,   0 stopped,   0 zombie
%Cpu(s):  0.0 us,  0.0 sy,  0.0 ni,100.0 id,  0.0 wa,  0.0 hi,  0.0 si,  0.0 st
KiB Mem : 65877692 total, 49012512 free,  1215708 used, 15649472 buff/cache
KiB Swap: 33554428 total, 32369800 free,  1184628 used. 63440264 avail Mem 
--
top - 14:34:44 up 105 days,  6:18,  0 users,  load average: 0.27, 0.25, 0.20
Tasks: 404 total,   1 running, 403 sleeping,   0 stopped,   0 zombie
%Cpu(s):  1.5 us,  0.1 sy,  0.0 ni, 98.3 id,  0.0 wa,  0.0 hi,  0.0 si,  0.0 st
KiB Mem : 65877692 total, 48827892 free,  1400328 used, 15649472 buff/cache
KiB Swap: 33554428 total, 32369800 free,  1184628 used. 63255644 avail Mem 
--
top - 14:34:49 up 105 days,  6:18,  0 users,  load average: 0.25, 0.24, 0.19
Tasks: 404 total,   1 running, 403 sleeping,   0 stopped,   0 zombie
%Cpu(s):  0.0 us,  0.0 sy,  0.0 ni,100.0 id,  0.0 wa,  0.0 hi,  0.0 si,  0.0 st
KiB Mem : 65877692 total, 48827936 free,  1400284 used, 15649472 buff/cache
KiB Swap: 33554428 total, 32369800 free,  1184628 used. 63255688 avail Mem 
--
top - 14:34:54 up 105 days,  6:18,  0 users,  load average: 0.23, 0.24, 0.19
Tasks: 404 total,   1 running, 403 sleeping,   0 stopped,   0 zombie
%Cpu(s):  0.3 us,  0.0 sy,  0.0 ni, 99.6 id,  0.0 wa,  0.0 hi,  0.0 si,  0.0 st
KiB Mem : 65877692 total, 48828428 free,  1399792 used, 15649472 buff/cache
KiB Swap: 33554428 total, 32369800 free,  1184628 used. 63256180 avail Mem 
--
top - 14:34:59 up 105 days,  6:18,  0 users,  load average: 0.21, 0.23, 0.19
Tasks: 402 total,   1 running, 401 sleeping,   0 stopped,   0 zombie
%Cpu(s):  0.1 us,  0.0 sy,  0.0 ni, 99.9 id,  0.0 wa,  0.0 hi,  0.0 si,  0.0 st
KiB Mem : 65877692 total, 48828632 free,  1399588 used, 15649472 buff/cache
KiB Swap: 33554428 total, 32369800 free,  1184628 used. 63256384 avail Mem 
--
top - 14:35:04 up 105 days,  6:18,  0 users,  load average: 0.19, 0.23, 0.19
Tasks: 402 total,   2 running, 400 sleeping,   0 stopped,   0 zombie
%Cpu(s):  0.5 us,  0.0 sy,  0.0 ni, 99.4 id,  0.0 wa,  0.0 hi,  0.0 si,  0.0 st
KiB Mem : 65877692 total, 48827860 free,  1400360 used, 15649472 buff/cache
KiB Swap: 33554428 total, 32369800 free,  1184628 used. 63255612 avail Mem 
--
top - 14:35:09 up 105 days,  6:19,  0 users,  load average: 0.18, 0.23, 0.19
Tasks: 402 total,   2 running, 400 sleeping,   0 stopped,   0 zombie
%Cpu(s):  1.0 us,  0.0 sy,  0.0 ni, 98.9 id,  0.0 wa,  0.0 hi,  0.0 si,  0.0 st
KiB Mem : 65877692 total, 48826380 free,  1401840 used, 15649472 buff/cache
KiB Swap: 33554428 total, 32369800 free,  1184628 used. 63254132 avail Mem 
--
top - 14:35:14 up 105 days,  6:19,  0 users,  load average: 0.16, 0.22, 0.19
Tasks: 402 total,   1 running, 401 sleeping,   0 stopped,   0 zombie
%Cpu(s):  1.5 us,  0.1 sy,  0.0 ni, 98.3 id,  0.0 wa,  0.0 hi,  0.0 si,  0.0 st
KiB Mem : 65877692 total, 48720276 free,  1507944 used, 15649472 buff/cache
KiB Swap: 33554428 total, 32369800 free,  1184628 used. 63148028 avail Mem 
--
top - 14:35:19 up 105 days,  6:19,  0 users,  load average: 0.15, 0.22, 0.19
Tasks: 402 total,   1 running, 401 sleeping,   0 stopped,   0 zombie
%Cpu(s):  0.0 us,  0.0 sy,  0.0 ni,100.0 id,  0.0 wa,  0.0 hi,  0.0 si,  0.0 st
KiB Mem : 65877692 total, 48720512 free,  1507708 used, 15649472 buff/cache
KiB Swap: 33554428 total, 32369800 free,  1184628 used. 63148264 avail Mem 
--
top - 14:35:24 up 105 days,  6:19,  0 users,  load average: 0.14, 0.21, 0.19
Tasks: 401 total,   1 running, 400 sleeping,   0 stopped,   0 zombie
%Cpu(s):  0.2 us,  0.0 sy,  0.0 ni, 99.8 id,  0.0 wa,  0.0 hi,  0.0 si,  0.0 st
KiB Mem : 65877692 total, 48720452 free,  1507764 used, 15649476 buff/cache
KiB Swap: 33554428 total, 32369800 free,  1184628 used. 63148204 avail Mem 
--
top - 14:35:29 up 105 days,  6:19,  0 users,  load average: 0.13, 0.21, 0.19
Tasks: 401 total,   1 running, 400 sleeping,   0 stopped,   0 zombie
%Cpu(s):  0.3 us,  0.0 sy,  0.0 ni, 99.7 id,  0.0 wa,  0.0 hi,  0.0 si,  0.0 st
KiB Mem : 65877692 total, 48720412 free,  1507804 used, 15649476 buff/cache
KiB Swap: 33554428 total, 32369800 free,  1184628 used. 63148164 avail Mem 
--
top - 14:35:34 up 105 days,  6:19,  0 users,  load average: 0.12, 0.21, 0.19
Tasks: 401 total,   1 running, 400 sleeping,   0 stopped,   0 zombie
%Cpu(s):  0.4 us,  0.0 sy,  0.0 ni, 99.5 id,  0.0 wa,  0.0 hi,  0.0 si,  0.0 st
KiB Mem : 65877692 total, 48720688 free,  1507528 used, 15649476 buff/cache
KiB Swap: 33554428 total, 32369800 free,  1184628 used. 63148440 avail Mem 
--
top - 14:35:39 up 105 days,  6:19,  0 users,  load average: 0.11, 0.20, 0.18
Tasks: 401 total,   2 running, 399 sleeping,   0 stopped,   0 zombie
%Cpu(s):  1.0 us,  0.0 sy,  0.0 ni, 99.0 id,  0.0 wa,  0.0 hi,  0.0 si,  0.0 st
KiB Mem : 65877692 total, 48719808 free,  1508408 used, 15649476 buff/cache
KiB Swap: 33554428 total, 32369800 free,  1184628 used. 63147560 avail Mem 
--
top - 14:35:44 up 105 days,  6:19,  0 users,  load average: 0.18, 0.22, 0.19
Tasks: 401 total,   2 running, 399 sleeping,   0 stopped,   0 zombie
%Cpu(s):  1.6 us,  0.1 sy,  0.0 ni, 98.3 id,  0.0 wa,  0.0 hi,  0.0 si,  0.0 st
KiB Mem : 65877692 total, 48611380 free,  1616836 used, 15649476 buff/cache
KiB Swap: 33554428 total, 32369800 free,  1184628 used. 63039132 avail Mem 
--
top - 14:35:49 up 105 days,  6:19,  0 users,  load average: 0.17, 0.21, 0.19
Tasks: 401 total,   1 running, 400 sleeping,   0 stopped,   0 zombie
%Cpu(s):  0.5 us,  0.0 sy,  0.0 ni, 99.5 id,  0.0 wa,  0.0 hi,  0.0 si,  0.0 st
KiB Mem : 65877692 total, 48612104 free,  1616112 used, 15649476 buff/cache
KiB Swap: 33554428 total, 32369800 free,  1184628 used. 63039856 avail Mem 
--
top - 14:35:54 up 105 days,  6:19,  0 users,  load average: 0.15, 0.21, 0.19
Tasks: 401 total,   1 running, 400 sleeping,   0 stopped,   0 zombie
%Cpu(s):  0.1 us,  0.0 sy,  0.0 ni, 99.9 id,  0.0 wa,  0.0 hi,  0.0 si,  0.0 st
KiB Mem : 65877692 total, 48612104 free,  1616112 used, 15649476 buff/cache
KiB Swap: 33554428 total, 32369800 free,  1184628 used. 63039856 avail Mem 
--
top - 14:35:59 up 105 days,  6:19,  0 users,  load average: 0.14, 0.21, 0.19
Tasks: 401 total,   1 running, 400 sleeping,   0 stopped,   0 zombie
%Cpu(s):  0.3 us,  0.0 sy,  0.0 ni, 99.7 id,  0.0 wa,  0.0 hi,  0.0 si,  0.0 st
KiB Mem : 65877692 total, 48612308 free,  1615908 used, 15649476 buff/cache
KiB Swap: 33554428 total, 32369800 free,  1184628 used. 63040060 avail Mem 
--
top - 14:36:04 up 105 days,  6:19,  0 users,  load average: 0.13, 0.20, 0.19
Tasks: 401 total,   1 running, 400 sleeping,   0 stopped,   0 zombie
%Cpu(s):  0.7 us,  0.2 sy,  0.0 ni, 98.8 id,  0.4 wa,  0.0 hi,  0.0 si,  0.0 st
KiB Mem : 65877692 total, 48606868 free,  1621348 used, 15649476 buff/cache
KiB Swap: 33554428 total, 32369800 free,  1184628 used. 63034624 avail Mem 
--
top - 14:36:09 up 105 days,  6:20,  0 users,  load average: 0.12, 0.20, 0.18
Tasks: 401 total,   1 running, 400 sleeping,   0 stopped,   0 zombie
%Cpu(s):  0.7 us,  0.0 sy,  0.0 ni, 99.2 id,  0.0 wa,  0.0 hi,  0.0 si,  0.0 st
KiB Mem : 65877692 total, 48606988 free,  1621228 used, 15649476 buff/cache
KiB Swap: 33554428 total, 32369800 free,  1184628 used. 63034744 avail Mem 
--
top - 14:36:14 up 105 days,  6:20,  0 users,  load average: 0.11, 0.20, 0.18
Tasks: 401 total,   1 running, 400 sleeping,   0 stopped,   0 zombie
%Cpu(s):  1.1 us,  0.0 sy,  0.0 ni, 98.8 id,  0.0 wa,  0.0 hi,  0.0 si,  0.0 st
KiB Mem : 65877692 total, 48603048 free,  1625168 used, 15649476 buff/cache
KiB Swap: 33554428 total, 32369800 free,  1184628 used. 63030804 avail Mem 
--
top - 14:36:19 up 105 days,  6:20,  0 users,  load average: 0.10, 0.19, 0.18
Tasks: 401 total,   1 running, 400 sleeping,   0 stopped,   0 zombie
%Cpu(s):  1.5 us,  0.1 sy,  0.0 ni, 98.4 id,  0.0 wa,  0.0 hi,  0.0 si,  0.0 st
KiB Mem : 65877692 total, 48499744 free,  1728468 used, 15649480 buff/cache
KiB Swap: 33554428 total, 32369800 free,  1184628 used. 62927500 avail Mem 
--
top - 14:36:24 up 105 days,  6:20,  0 users,  load average: 0.09, 0.19, 0.18
Tasks: 401 total,   1 running, 400 sleeping,   0 stopped,   0 zombie
%Cpu(s):  0.0 us,  0.0 sy,  0.0 ni,100.0 id,  0.0 wa,  0.0 hi,  0.0 si,  0.0 st
KiB Mem : 65877692 total, 48499744 free,  1728468 used, 15649480 buff/cache
KiB Swap: 33554428 total, 32369800 free,  1184628 used. 62927500 avail Mem 
--
top - 14:36:29 up 105 days,  6:20,  0 users,  load average: 0.09, 0.19, 0.18
Tasks: 401 total,   1 running, 400 sleeping,   0 stopped,   0 zombie
%Cpu(s):  0.3 us,  0.0 sy,  0.0 ni, 99.7 id,  0.0 wa,  0.0 hi,  0.0 si,  0.0 st
KiB Mem : 65877692 total, 48499868 free,  1728344 used, 15649480 buff/cache
KiB Swap: 33554428 total, 32369800 free,  1184628 used. 62927624 avail Mem 
--
top - 14:36:34 up 105 days,  6:20,  0 users,  load average: 0.08, 0.18, 0.18
Tasks: 401 total,   1 running, 400 sleeping,   0 stopped,   0 zombie
%Cpu(s):  0.2 us,  0.0 sy,  0.0 ni, 99.7 id,  0.0 wa,  0.0 hi,  0.0 si,  0.0 st
KiB Mem : 65877692 total, 48500404 free,  1727808 used, 15649480 buff/cache
KiB Swap: 33554428 total, 32369800 free,  1184628 used. 62928160 avail Mem 
--
top - 14:36:39 up 105 days,  6:20,  0 users,  load average: 0.07, 0.18, 0.18
Tasks: 401 total,   1 running, 400 sleeping,   0 stopped,   0 zombie
%Cpu(s):  0.5 us,  0.0 sy,  0.0 ni, 99.4 id,  0.1 wa,  0.0 hi,  0.0 si,  0.0 st
KiB Mem : 65877692 total, 48500504 free,  1727708 used, 15649480 buff/cache
KiB Swap: 33554428 total, 32369800 free,  1184628 used. 62928260 avail Mem 
--
top - 14:36:44 up 105 days,  6:20,  0 users,  load average: 0.07, 0.18, 0.18
Tasks: 401 total,   2 running, 399 sleeping,   0 stopped,   0 zombie
%Cpu(s):  0.9 us,  0.0 sy,  0.0 ni, 99.1 id,  0.0 wa,  0.0 hi,  0.0 si,  0.0 st
KiB Mem : 65877692 total, 48500472 free,  1727740 used, 15649480 buff/cache
KiB Swap: 33554428 total, 32369800 free,  1184628 used. 62928228 avail Mem 
--
top - 14:36:49 up 105 days,  6:20,  0 users,  load average: 0.06, 0.18, 0.18
Tasks: 401 total,   2 running, 399 sleeping,   0 stopped,   0 zombie
%Cpu(s):  1.5 us,  0.1 sy,  0.0 ni, 98.4 id,  0.0 wa,  0.0 hi,  0.0 si,  0.0 st
KiB Mem : 65877692 total, 48391600 free,  1836612 used, 15649480 buff/cache
KiB Swap: 33554428 total, 32369800 free,  1184628 used. 62819356 avail Mem 
--
top - 14:36:54 up 105 days,  6:20,  0 users,  load average: 0.14, 0.19, 0.18
Tasks: 401 total,   1 running, 400 sleeping,   0 stopped,   0 zombie
%Cpu(s):  0.6 us,  0.0 sy,  0.0 ni, 99.3 id,  0.0 wa,  0.0 hi,  0.0 si,  0.0 st
KiB Mem : 65877692 total, 48391740 free,  1836472 used, 15649480 buff/cache
KiB Swap: 33554428 total, 32369800 free,  1184628 used. 62819496 avail Mem 
--
top - 14:36:59 up 105 days,  6:20,  0 users,  load average: 0.13, 0.19, 0.18
Tasks: 401 total,   1 running, 400 sleeping,   0 stopped,   0 zombie
%Cpu(s):  0.1 us,  0.0 sy,  0.0 ni, 99.9 id,  0.0 wa,  0.0 hi,  0.0 si,  0.0 st
KiB Mem : 65877692 total, 48392748 free,  1835464 used, 15649480 buff/cache
KiB Swap: 33554428 total, 32369800 free,  1184628 used. 62820504 avail Mem 
--
top - 14:37:04 up 105 days,  6:20,  0 users,  load average: 0.12, 0.18, 0.18
Tasks: 401 total,   1 running, 400 sleeping,   0 stopped,   0 zombie
%Cpu(s):  0.3 us,  0.0 sy,  0.0 ni, 99.6 id,  0.0 wa,  0.0 hi,  0.0 si,  0.0 st
KiB Mem : 65877692 total, 48391904 free,  1836308 used, 15649480 buff/cache
KiB Swap: 33554428 total, 32369800 free,  1184628 used. 62819664 avail Mem 
--
top - 14:37:09 up 105 days,  6:21,  0 users,  load average: 0.19, 0.20, 0.18
Tasks: 401 total,   2 running, 399 sleeping,   0 stopped,   0 zombie
%Cpu(s):  0.3 us,  0.0 sy,  0.0 ni, 99.7 id,  0.0 wa,  0.0 hi,  0.0 si,  0.0 st
KiB Mem : 65877692 total, 48391948 free,  1836264 used, 15649480 buff/cache
KiB Swap: 33554428 total, 32369800 free,  1184628 used. 62819708 avail Mem 
--
top - 14:37:14 up 105 days,  6:21,  0 users,  load average: 0.25, 0.21, 0.19
Tasks: 398 total,   1 running, 397 sleeping,   0 stopped,   0 zombie
%Cpu(s):  0.5 us,  0.0 sy,  0.0 ni, 99.5 id,  0.0 wa,  0.0 hi,  0.0 si,  0.0 st
KiB Mem : 65877692 total, 48392488 free,  1835720 used, 15649484 buff/cache
KiB Swap: 33554428 total, 32369800 free,  1184628 used. 62820248 avail Mem 
