Job id: 4755663
Worker ip: 10.149.0.55
Master ip: 10.149.0.60
--
top - 14:51:14 up 112 days,  6:33,  0 users,  load average: 0.01, 0.13, 0.18
Tasks: 397 total,   1 running, 396 sleeping,   0 stopped,   0 zombie
%Cpu(s): 13.5 us,  7.3 sy,  0.0 ni, 79.0 id,  0.0 wa,  0.0 hi,  0.2 si,  0.0 st
KiB Mem : 65877712 total, 50708616 free,  1131516 used, 14037580 buff/cache
KiB Swap: 33554428 total, 32323136 free,  1231292 used. 63506808 avail Mem 
--
top - 14:51:19 up 112 days,  6:33,  0 users,  load average: 0.01, 0.13, 0.17
Tasks: 398 total,   1 running, 397 sleeping,   0 stopped,   0 zombie
%Cpu(s):  1.3 us,  0.2 sy,  0.0 ni, 98.5 id,  0.0 wa,  0.0 hi,  0.0 si,  0.0 st
KiB Mem : 65877712 total, 50700488 free,  1132956 used, 14044268 buff/cache
KiB Swap: 33554428 total, 32323136 free,  1231292 used. 63505300 avail Mem 
--
top - 14:51:24 up 112 days,  6:33,  0 users,  load average: 0.01, 0.12, 0.17
Tasks: 398 total,   1 running, 397 sleeping,   0 stopped,   0 zombie
%Cpu(s):  0.0 us,  0.0 sy,  0.0 ni, 99.9 id,  0.0 wa,  0.0 hi,  0.0 si,  0.0 st
KiB Mem : 65877712 total, 50701088 free,  1132356 used, 14044268 buff/cache
KiB Swap: 33554428 total, 32323136 free,  1231292 used. 63505900 avail Mem 
--
top - 14:51:29 up 112 days,  6:33,  0 users,  load average: 0.01, 0.12, 0.17
Tasks: 398 total,   1 running, 397 sleeping,   0 stopped,   0 zombie
%Cpu(s):  0.0 us,  0.0 sy,  0.0 ni,100.0 id,  0.0 wa,  0.0 hi,  0.0 si,  0.0 st
KiB Mem : 65877712 total, 50702528 free,  1130916 used, 14044268 buff/cache
KiB Swap: 33554428 total, 32323136 free,  1231292 used. 63507340 avail Mem 
--
top - 14:51:34 up 112 days,  6:33,  0 users,  load average: 0.01, 0.12, 0.17
Tasks: 396 total,   1 running, 395 sleeping,   0 stopped,   0 zombie
%Cpu(s):  0.0 us,  0.0 sy,  0.0 ni, 99.9 id,  0.0 wa,  0.0 hi,  0.0 si,  0.0 st
KiB Mem : 65877712 total, 50704004 free,  1129440 used, 14044268 buff/cache
KiB Swap: 33554428 total, 32323136 free,  1231292 used. 63508816 avail Mem 
--
top - 14:51:39 up 112 days,  6:33,  0 users,  load average: 0.01, 0.12, 0.17
Tasks: 396 total,   1 running, 395 sleeping,   0 stopped,   0 zombie
%Cpu(s):  0.0 us,  0.0 sy,  0.0 ni,100.0 id,  0.0 wa,  0.0 hi,  0.0 si,  0.0 st
KiB Mem : 65877712 total, 50705040 free,  1128404 used, 14044268 buff/cache
KiB Swap: 33554428 total, 32323136 free,  1231292 used. 63509852 avail Mem 
--
top - 14:51:44 up 112 days,  6:34,  0 users,  load average: 0.01, 0.12, 0.17
Tasks: 396 total,   1 running, 395 sleeping,   0 stopped,   0 zombie
%Cpu(s):  0.0 us,  0.0 sy,  0.0 ni, 99.9 id,  0.0 wa,  0.0 hi,  0.0 si,  0.0 st
KiB Mem : 65877712 total, 50705880 free,  1127564 used, 14044268 buff/cache
KiB Swap: 33554428 total, 32323136 free,  1231292 used. 63510692 avail Mem 
--
top - 14:51:49 up 112 days,  6:34,  0 users,  load average: 0.01, 0.11, 0.17
Tasks: 394 total,   1 running, 393 sleeping,   0 stopped,   0 zombie
%Cpu(s):  0.0 us,  0.0 sy,  0.0 ni, 99.9 id,  0.0 wa,  0.0 hi,  0.0 si,  0.0 st
KiB Mem : 65877712 total, 50706784 free,  1126660 used, 14044268 buff/cache
KiB Swap: 33554428 total, 32323136 free,  1231292 used. 63511596 avail Mem 
