Job id: 4755690
Worker ip: 10.149.0.68
Master ip: 10.149.0.60
--
top - 14:52:15 up 112 days,  6:34,  0 users,  load average: 0.04, 0.07, 0.10
Tasks: 403 total,   1 running, 402 sleeping,   0 stopped,   0 zombie
%Cpu(s):  5.2 us,  6.1 sy,  0.0 ni, 88.6 id,  0.0 wa,  0.0 hi,  0.2 si,  0.0 st
KiB Mem : 65877692 total, 50697032 free,  1162868 used, 14017792 buff/cache
KiB Swap: 33554428 total, 32275836 free,  1278592 used. 63436272 avail Mem 
--
top - 14:52:20 up 112 days,  6:34,  0 users,  load average: 0.12, 0.08, 0.11
Tasks: 406 total,   1 running, 405 sleeping,   0 stopped,   0 zombie
%Cpu(s):  1.5 us,  0.3 sy,  0.0 ni, 93.6 id,  4.5 wa,  0.0 hi,  0.0 si,  0.0 st
KiB Mem : 65877692 total, 50673736 free,  1179396 used, 14024560 buff/cache
KiB Swap: 33554428 total, 32275836 free,  1278592 used. 63419640 avail Mem 
--
top - 14:52:25 up 112 days,  6:34,  0 users,  load average: 0.67, 0.20, 0.14
Tasks: 406 total,   1 running, 405 sleeping,   0 stopped,   0 zombie
%Cpu(s):  0.0 us,  0.0 sy,  0.0 ni, 90.7 id,  9.3 wa,  0.0 hi,  0.0 si,  0.0 st
KiB Mem : 65877692 total, 50674852 free,  1178280 used, 14024560 buff/cache
KiB Swap: 33554428 total, 32275836 free,  1278592 used. 63420756 avail Mem 
--
top - 14:52:30 up 112 days,  6:34,  0 users,  load average: 1.17, 0.31, 0.18
Tasks: 406 total,   1 running, 405 sleeping,   0 stopped,   0 zombie
%Cpu(s):  0.0 us,  0.0 sy,  0.0 ni, 95.5 id,  4.5 wa,  0.0 hi,  0.0 si,  0.0 st
KiB Mem : 65877692 total, 50676324 free,  1176808 used, 14024560 buff/cache
KiB Swap: 33554428 total, 32275836 free,  1278592 used. 63422228 avail Mem 
--
top - 14:52:35 up 112 days,  6:34,  0 users,  load average: 1.08, 0.31, 0.18
Tasks: 406 total,   1 running, 405 sleeping,   0 stopped,   0 zombie
%Cpu(s):  0.0 us,  0.0 sy,  0.0 ni,100.0 id,  0.0 wa,  0.0 hi,  0.0 si,  0.0 st
KiB Mem : 65877692 total, 50677620 free,  1175512 used, 14024560 buff/cache
KiB Swap: 33554428 total, 32275836 free,  1278592 used. 63423524 avail Mem 
--
top - 14:52:40 up 112 days,  6:34,  0 users,  load average: 0.99, 0.30, 0.18
Tasks: 406 total,   1 running, 405 sleeping,   0 stopped,   0 zombie
%Cpu(s):  0.0 us,  0.0 sy,  0.0 ni,100.0 id,  0.0 wa,  0.0 hi,  0.0 si,  0.0 st
KiB Mem : 65877692 total, 50678636 free,  1174496 used, 14024560 buff/cache
KiB Swap: 33554428 total, 32275836 free,  1278592 used. 63424540 avail Mem 
--
top - 14:52:45 up 112 days,  6:34,  0 users,  load average: 0.91, 0.30, 0.18
Tasks: 406 total,   1 running, 405 sleeping,   0 stopped,   0 zombie
%Cpu(s):  0.1 us,  0.0 sy,  0.0 ni, 99.9 id,  0.0 wa,  0.0 hi,  0.0 si,  0.0 st
KiB Mem : 65877692 total, 50678532 free,  1174600 used, 14024560 buff/cache
KiB Swap: 33554428 total, 32275836 free,  1278592 used. 63424436 avail Mem 
--
top - 14:52:50 up 112 days,  6:34,  0 users,  load average: 0.84, 0.29, 0.18
Tasks: 405 total,   1 running, 404 sleeping,   0 stopped,   0 zombie
%Cpu(s):  0.0 us,  0.0 sy,  0.0 ni, 99.9 id,  0.0 wa,  0.0 hi,  0.0 si,  0.0 st
KiB Mem : 65877692 total, 50670496 free,  1182636 used, 14024560 buff/cache
KiB Swap: 33554428 total, 32275836 free,  1278592 used. 63416400 avail Mem 
