10.149.0.60
[INFO] [24-01-03 14:51:13] [master.settings] Settings: {'work_package_cleaning_interval': 5, 'worker_cleaning_interval': 5, 'worker_timeout': 10, 'scheduler_type': 'proportional', 'work_package_time_split_in_seconds': 180, 'enable_job_deletion': True, 'verify_work': False}
[INFO] [24-01-03 14:51:13] [uvicorn.error] Started server process [2654]
[INFO] [24-01-03 14:51:13] [uvicorn.error] Waiting for application startup.
[INFO] [24-01-03 14:51:13] [uvicorn.error] Application startup complete.
[INFO] [24-01-03 14:51:13] [uvicorn.error] Uvicorn running on http://0.0.0.0:8000 (Press CTRL+C to quit)
[INFO] [24-01-03 14:51:15] [master.worker.worker_collector] Registering worker with resources 1860 MCUPS
[INFO] [24-01-03 14:51:15] [master.worker.worker_collector] Number of registered workers: 1
[INFO] [24-01-03 14:51:15] [master.worker.worker_collector] Registering worker with resources 1889 MCUPS
[INFO] [24-01-03 14:51:15] [master.worker.worker_collector] Number of registered workers: 2
[INFO] [24-01-03 14:51:16] [master.worker.worker_collector] Registering worker with resources 1832 MCUPS
[INFO] [24-01-03 14:51:16] [master.worker.worker_collector] Number of registered workers: 3
[INFO] [24-01-03 14:51:16] [master.worker.worker_collector] Registering worker with resources 1850 MCUPS
[INFO] [24-01-03 14:51:16] [master.worker.worker_collector] Number of registered workers: 4
[INFO] [24-01-03 14:51:17] [master.worker.worker_collector] Registering worker with resources 1810 MCUPS
[INFO] [24-01-03 14:51:17] [master.worker.worker_collector] Number of registered workers: 5
[INFO] [24-01-03 14:51:17] [master.worker.worker_collector] Registering worker with resources 1826 MCUPS
[INFO] [24-01-03 14:51:17] [master.worker.worker_collector] Number of registered workers: 6
[INFO] [24-01-03 14:51:17] [master.worker.worker_collector] Registering worker with resources 1893 MCUPS
[INFO] [24-01-03 14:51:17] [master.worker.worker_collector] Number of registered workers: 7
[INFO] [24-01-03 14:51:17] [master.worker.worker_collector] Registering worker with resources 1810 MCUPS
[INFO] [24-01-03 14:51:17] [master.worker.worker_collector] Number of registered workers: 8
[INFO] [24-01-03 14:51:46] [master.job_queue.job_queue] Adding job to queue. Job has 1 queries
[INFO] [24-01-03 14:51:46] [master.work_package.work_package_collector] Created work package for worker with 1 queries
[INFO] [24-01-03 14:51:47] [master.work_package.work_package_collector] Work package a6f3dfed-9a95-45a5-8183-9a7533711f0f is done
[INFO] [24-01-03 14:51:47] [master.work_package.work_package_collector] Work package a6f3dfed-9a95-45a5-8183-9a7533711f0f is done
[INFO] [24-01-03 14:51:48] [master.job_queue.job_queue] Adding job to queue. Job has 1 queries
[INFO] [24-01-03 14:51:48] [master.work_package.work_package_collector] Created work package for worker with 1 queries
[INFO] [24-01-03 14:51:48] [master.work_package.work_package_collector] Work package f5fbc2d1-9a09-49ba-ace3-5c8715adebc6 is done
[INFO] [24-01-03 14:51:48] [master.work_package.work_package_collector] Work package f5fbc2d1-9a09-49ba-ace3-5c8715adebc6 is done
[INFO] [24-01-03 14:51:49] [master.job_queue.job_queue] Adding job to queue. Job has 1 queries
[INFO] [24-01-03 14:51:49] [master.work_package.work_package_collector] Created work package for worker with 1 queries
[INFO] [24-01-03 14:51:49] [master.work_package.work_package_collector] Work package b3f597ab-c2f5-4a58-85c6-99f109699446 is done
[INFO] [24-01-03 14:51:49] [master.work_package.work_package_collector] Work package b3f597ab-c2f5-4a58-85c6-99f109699446 is done
[INFO] [24-01-03 14:51:50] [master.job_queue.job_queue] Adding job to queue. Job has 1 queries
[INFO] [24-01-03 14:51:50] [master.work_package.work_package_collector] Created work package for worker with 1 queries
[INFO] [24-01-03 14:51:50] [master.work_package.work_package_collector] Work package 5c444e39-5398-4994-bad4-ab121f1c7501 is done
[INFO] [24-01-03 14:51:50] [master.work_package.work_package_collector] Work package 5c444e39-5398-4994-bad4-ab121f1c7501 is done
[INFO] [24-01-03 14:51:51] [master.job_queue.job_queue] Adding job to queue. Job has 1 queries
[INFO] [24-01-03 14:51:51] [master.work_package.work_package_collector] Created work package for worker with 1 queries
[INFO] [24-01-03 14:51:51] [master.work_package.work_package_collector] Work package 425a5318-2b7d-4765-b632-fc405469b38f is done
[INFO] [24-01-03 14:51:51] [master.work_package.work_package_collector] Work package 425a5318-2b7d-4765-b632-fc405469b38f is done
slurmstepd: error: *** JOB 4755658 ON node060 CANCELLED AT 2024-01-03T14:51:51 ***
[INFO] [24-01-03 14:51:51] [uvicorn.error] Shutting down
