Job id: 4755666
Worker ip: 10.149.0.64
Master ip: 10.149.0.60
--
top - 14:51:14 up 112 days,  6:33,  0 users,  load average: 0.02, 0.09, 0.08
Tasks: 396 total,   1 running, 395 sleeping,   0 stopped,   0 zombie
%Cpu(s):  3.2 us,  5.0 sy,  0.0 ni, 91.6 id,  0.0 wa,  0.0 hi,  0.2 si,  0.0 st
KiB Mem : 65877712 total, 57947864 free,  1141548 used,  6788300 buff/cache
KiB Swap: 33554428 total, 32363552 free,  1190876 used. 63463084 avail Mem 
--
top - 14:51:19 up 112 days,  6:33,  0 users,  load average: 0.01, 0.09, 0.08
Tasks: 397 total,   1 running, 396 sleeping,   0 stopped,   0 zombie
%Cpu(s):  1.6 us,  0.4 sy,  0.0 ni, 98.0 id,  0.0 wa,  0.0 hi,  0.0 si,  0.0 st
KiB Mem : 65877712 total, 57929672 free,  1153004 used,  6795036 buff/cache
KiB Swap: 33554428 total, 32363552 free,  1190876 used. 63451536 avail Mem 
--
top - 14:51:24 up 112 days,  6:33,  0 users,  load average: 0.01, 0.08, 0.08
Tasks: 397 total,   1 running, 396 sleeping,   0 stopped,   0 zombie
%Cpu(s):  0.0 us,  0.0 sy,  0.0 ni, 99.9 id,  0.0 wa,  0.0 hi,  0.0 si,  0.0 st
KiB Mem : 65877712 total, 57931148 free,  1151528 used,  6795036 buff/cache
KiB Swap: 33554428 total, 32363552 free,  1190876 used. 63453012 avail Mem 
--
top - 14:51:29 up 112 days,  6:33,  0 users,  load average: 0.01, 0.08, 0.08
Tasks: 396 total,   1 running, 395 sleeping,   0 stopped,   0 zombie
%Cpu(s):  0.0 us,  0.0 sy,  0.0 ni,100.0 id,  0.0 wa,  0.0 hi,  0.0 si,  0.0 st
KiB Mem : 65877712 total, 57932264 free,  1150412 used,  6795036 buff/cache
KiB Swap: 33554428 total, 32363552 free,  1190876 used. 63454128 avail Mem 
--
top - 14:51:34 up 112 days,  6:33,  0 users,  load average: 0.01, 0.08, 0.08
Tasks: 397 total,   1 running, 396 sleeping,   0 stopped,   0 zombie
%Cpu(s):  0.0 us,  0.0 sy,  0.0 ni, 99.9 id,  0.0 wa,  0.0 hi,  0.0 si,  0.0 st
KiB Mem : 65877712 total, 57930872 free,  1151804 used,  6795036 buff/cache
KiB Swap: 33554428 total, 32363552 free,  1190876 used. 63452736 avail Mem 
--
top - 14:51:39 up 112 days,  6:33,  0 users,  load average: 0.01, 0.08, 0.08
Tasks: 397 total,   1 running, 396 sleeping,   0 stopped,   0 zombie
%Cpu(s):  0.0 us,  0.0 sy,  0.0 ni,100.0 id,  0.0 wa,  0.0 hi,  0.0 si,  0.0 st
KiB Mem : 65877712 total, 57932688 free,  1149988 used,  6795036 buff/cache
KiB Swap: 33554428 total, 32363552 free,  1190876 used. 63454552 avail Mem 
--
top - 14:51:44 up 112 days,  6:34,  0 users,  load average: 0.01, 0.08, 0.08
Tasks: 398 total,   1 running, 397 sleeping,   0 stopped,   0 zombie
%Cpu(s):  0.0 us,  0.0 sy,  0.0 ni,100.0 id,  0.0 wa,  0.0 hi,  0.0 si,  0.0 st
KiB Mem : 65877712 total, 57933160 free,  1149516 used,  6795036 buff/cache
KiB Swap: 33554428 total, 32363552 free,  1190876 used. 63455024 avail Mem 
--
top - 14:51:49 up 112 days,  6:34,  0 users,  load average: 0.01, 0.08, 0.08
Tasks: 399 total,   1 running, 398 sleeping,   0 stopped,   0 zombie
%Cpu(s):  0.0 us,  0.0 sy,  0.0 ni, 99.9 id,  0.0 wa,  0.0 hi,  0.0 si,  0.0 st
KiB Mem : 65877712 total, 57933632 free,  1149044 used,  6795036 buff/cache
KiB Swap: 33554428 total, 32363552 free,  1190876 used. 63455496 avail Mem 
