Job id: 4755660
Worker ip: 10.149.0.62
Master ip: 10.149.0.60
--
top - 14:51:13 up 112 days,  6:33,  0 users,  load average: 0.05, 0.24, 0.22
Tasks: 392 total,   1 running, 391 sleeping,   0 stopped,   0 zombie
%Cpu(s):  2.8 us,  5.8 sy,  0.0 ni, 91.2 id,  0.0 wa,  0.0 hi,  0.2 si,  0.0 st
KiB Mem : 65877712 total, 52625800 free,  1153088 used, 12098824 buff/cache
KiB Swap: 33554428 total, 32232984 free,  1321444 used. 63432196 avail Mem 
--
top - 14:51:18 up 112 days,  6:33,  0 users,  load average: 0.04, 0.24, 0.22
Tasks: 393 total,   1 running, 392 sleeping,   0 stopped,   0 zombie
%Cpu(s):  1.7 us,  0.4 sy,  0.0 ni, 98.0 id,  0.0 wa,  0.0 hi,  0.0 si,  0.0 st
KiB Mem : 65877712 total, 52607036 free,  1165128 used, 12105548 buff/cache
KiB Swap: 33554428 total, 32232984 free,  1321444 used. 63420068 avail Mem 
--
top - 14:51:23 up 112 days,  6:33,  0 users,  load average: 0.04, 0.23, 0.22
Tasks: 393 total,   1 running, 392 sleeping,   0 stopped,   0 zombie
%Cpu(s):  0.0 us,  0.0 sy,  0.0 ni,100.0 id,  0.0 wa,  0.0 hi,  0.0 si,  0.0 st
KiB Mem : 65877712 total, 52608384 free,  1163780 used, 12105548 buff/cache
KiB Swap: 33554428 total, 32232984 free,  1321444 used. 63421416 avail Mem 
--
top - 14:51:28 up 112 days,  6:33,  0 users,  load average: 0.04, 0.23, 0.22
Tasks: 393 total,   1 running, 392 sleeping,   0 stopped,   0 zombie
%Cpu(s):  0.0 us,  0.0 sy,  0.0 ni,100.0 id,  0.0 wa,  0.0 hi,  0.0 si,  0.0 st
KiB Mem : 65877712 total, 52609864 free,  1162300 used, 12105548 buff/cache
KiB Swap: 33554428 total, 32232984 free,  1321444 used. 63422896 avail Mem 
--
top - 14:51:33 up 112 days,  6:33,  0 users,  load average: 0.03, 0.23, 0.22
Tasks: 393 total,   1 running, 392 sleeping,   0 stopped,   0 zombie
%Cpu(s):  0.0 us,  0.0 sy,  0.0 ni,100.0 id,  0.0 wa,  0.0 hi,  0.0 si,  0.0 st
KiB Mem : 65877712 total, 52610640 free,  1161524 used, 12105548 buff/cache
KiB Swap: 33554428 total, 32232984 free,  1321444 used. 63423672 avail Mem 
--
top - 14:51:38 up 112 days,  6:33,  0 users,  load average: 0.03, 0.22, 0.22
Tasks: 394 total,   1 running, 393 sleeping,   0 stopped,   0 zombie
%Cpu(s):  0.0 us,  0.0 sy,  0.0 ni, 99.9 id,  0.0 wa,  0.0 hi,  0.0 si,  0.0 st
KiB Mem : 65877712 total, 52611560 free,  1160604 used, 12105548 buff/cache
KiB Swap: 33554428 total, 32232984 free,  1321444 used. 63424592 avail Mem 
--
top - 14:51:43 up 112 days,  6:34,  0 users,  load average: 0.03, 0.22, 0.22
Tasks: 394 total,   1 running, 393 sleeping,   0 stopped,   0 zombie
%Cpu(s):  0.0 us,  0.0 sy,  0.0 ni,100.0 id,  0.0 wa,  0.0 hi,  0.0 si,  0.0 st
KiB Mem : 65877712 total, 52612548 free,  1159616 used, 12105548 buff/cache
KiB Swap: 33554428 total, 32232984 free,  1321444 used. 63425580 avail Mem 
--
top - 14:51:48 up 112 days,  6:34,  0 users,  load average: 0.03, 0.21, 0.22
Tasks: 394 total,   1 running, 393 sleeping,   0 stopped,   0 zombie
%Cpu(s):  0.0 us,  0.0 sy,  0.0 ni, 99.9 id,  0.0 wa,  0.0 hi,  0.0 si,  0.0 st
KiB Mem : 65877712 total, 52613072 free,  1159092 used, 12105548 buff/cache
KiB Swap: 33554428 total, 32232984 free,  1321444 used. 63426104 avail Mem 
