Job id: 4755634
Worker ip: 10.149.0.59
Master ip: 10.149.0.68
--
top - 14:50:12 up 112 days,  6:34,  0 users,  load average: 0.00, 0.07, 0.13
Tasks: 404 total,   1 running, 403 sleeping,   0 stopped,   0 zombie
%Cpu(s):  3.0 us,  5.2 sy,  0.0 ni, 91.5 id,  0.0 wa,  0.0 hi,  0.4 si,  0.0 st
KiB Mem : 65877692 total, 48534460 free,  1207092 used, 16136140 buff/cache
KiB Swap: 33554428 total, 32379716 free,  1174712 used. 63344052 avail Mem 
--
top - 14:50:17 up 112 days,  6:34,  0 users,  load average: 0.00, 0.07, 0.13
Tasks: 405 total,   1 running, 404 sleeping,   0 stopped,   0 zombie
%Cpu(s):  1.6 us,  0.4 sy,  0.0 ni, 98.0 id,  0.0 wa,  0.0 hi,  0.0 si,  0.0 st
KiB Mem : 65877692 total, 48516564 free,  1218220 used, 16142908 buff/cache
KiB Swap: 33554428 total, 32379716 free,  1174712 used. 63332808 avail Mem 
--
top - 14:50:22 up 112 days,  6:34,  0 users,  load average: 0.00, 0.07, 0.13
Tasks: 403 total,   1 running, 402 sleeping,   0 stopped,   0 zombie
%Cpu(s):  0.1 us,  0.0 sy,  0.0 ni, 99.8 id,  0.0 wa,  0.0 hi,  0.0 si,  0.0 st
KiB Mem : 65877692 total, 48497648 free,  1237136 used, 16142908 buff/cache
KiB Swap: 33554428 total, 32379716 free,  1174712 used. 63313892 avail Mem 
