Job id: 4755662
Worker ip: 10.149.0.68
Master ip: 10.149.0.60
--
top - 14:51:14 up 112 days,  6:33,  0 users,  load average: 0.10, 0.08, 0.11
Tasks: 399 total,   1 running, 398 sleeping,   0 stopped,   0 zombie
%Cpu(s):  3.4 us,  5.6 sy,  0.0 ni, 90.5 id,  0.0 wa,  0.0 hi,  0.6 si,  0.0 st
KiB Mem : 65877692 total, 50713772 free,  1159496 used, 14004424 buff/cache
KiB Swap: 33554428 total, 32275836 free,  1278592 used. 63439784 avail Mem 
--
top - 14:51:19 up 112 days,  6:33,  0 users,  load average: 0.10, 0.08, 0.11
Tasks: 401 total,   1 running, 400 sleeping,   0 stopped,   0 zombie
%Cpu(s):  1.6 us,  0.4 sy,  0.0 ni, 98.0 id,  0.0 wa,  0.0 hi,  0.0 si,  0.0 st
KiB Mem : 65877692 total, 50697312 free,  1169276 used, 14011104 buff/cache
KiB Swap: 33554428 total, 32275836 free,  1278592 used. 63429932 avail Mem 
--
top - 14:51:24 up 112 days,  6:33,  0 users,  load average: 0.09, 0.08, 0.11
Tasks: 402 total,   1 running, 401 sleeping,   0 stopped,   0 zombie
%Cpu(s):  0.0 us,  0.0 sy,  0.0 ni,100.0 id,  0.0 wa,  0.0 hi,  0.0 si,  0.0 st
KiB Mem : 65877692 total, 50698244 free,  1168344 used, 14011104 buff/cache
KiB Swap: 33554428 total, 32275836 free,  1278592 used. 63430864 avail Mem 
--
top - 14:51:29 up 112 days,  6:33,  0 users,  load average: 0.08, 0.08, 0.11
Tasks: 401 total,   1 running, 400 sleeping,   0 stopped,   0 zombie
%Cpu(s):  0.0 us,  0.0 sy,  0.0 ni,100.0 id,  0.0 wa,  0.0 hi,  0.0 si,  0.0 st
KiB Mem : 65877692 total, 50698880 free,  1167708 used, 14011104 buff/cache
KiB Swap: 33554428 total, 32275836 free,  1278592 used. 63431500 avail Mem 
--
top - 14:51:34 up 112 days,  6:33,  0 users,  load average: 0.07, 0.08, 0.10
Tasks: 402 total,   1 running, 401 sleeping,   0 stopped,   0 zombie
%Cpu(s):  0.0 us,  0.0 sy,  0.0 ni, 99.9 id,  0.0 wa,  0.0 hi,  0.0 si,  0.0 st
KiB Mem : 65877692 total, 50699996 free,  1166592 used, 14011104 buff/cache
KiB Swap: 33554428 total, 32275836 free,  1278592 used. 63432616 avail Mem 
--
top - 14:51:39 up 112 days,  6:33,  0 users,  load average: 0.07, 0.08, 0.10
Tasks: 402 total,   1 running, 401 sleeping,   0 stopped,   0 zombie
%Cpu(s):  0.0 us,  0.0 sy,  0.0 ni,100.0 id,  0.0 wa,  0.0 hi,  0.0 si,  0.0 st
KiB Mem : 65877692 total, 50700548 free,  1166040 used, 14011104 buff/cache
KiB Swap: 33554428 total, 32275836 free,  1278592 used. 63433168 avail Mem 
--
top - 14:51:44 up 112 days,  6:33,  0 users,  load average: 0.06, 0.08, 0.10
Tasks: 401 total,   1 running, 400 sleeping,   0 stopped,   0 zombie
%Cpu(s):  0.0 us,  0.0 sy,  0.0 ni, 99.9 id,  0.0 wa,  0.0 hi,  0.0 si,  0.0 st
KiB Mem : 65877692 total, 50699120 free,  1167468 used, 14011104 buff/cache
KiB Swap: 33554428 total, 32275836 free,  1278592 used. 63431740 avail Mem 
--
top - 14:51:49 up 112 days,  6:33,  0 users,  load average: 0.06, 0.07, 0.10
Tasks: 401 total,   1 running, 400 sleeping,   0 stopped,   0 zombie
%Cpu(s):  0.0 us,  0.0 sy,  0.0 ni, 99.9 id,  0.0 wa,  0.0 hi,  0.0 si,  0.0 st
KiB Mem : 65877692 total, 50699988 free,  1166600 used, 14011104 buff/cache
KiB Swap: 33554428 total, 32275836 free,  1278592 used. 63432608 avail Mem 
